[0.123s] Invoking command in '/home/zyme/ros_ws/Autoware_sim_test/build/tier4_state_rviz_plugin': AMENT_PREFIX_PATH=/home/zyme/ros_ws/Autoware_sim_test/install/autoware_auto_vehicle_msgs:/home/zyme/ros_ws/Autoware_sim_test/install/tier4_control_msgs:/home/zyme/ros_ws/Autoware_sim_test/install/autoware_cmake:/home/zyme/ros_ws/Autoware_sim_test/install/autoware_auto_planning_msgs:/home/zyme/ros_ws/Autoware_sim_test/install/tier4_planning_msgs:/home/zyme/ros_ws/Autoware_sim_test/install/tier4_external_api_msgs:/home/zyme/ros_ws/Autoware_sim_test/install/autoware_lint_common:/home/zyme/ros_ws/Autoware_sim_test/install/autoware_common_msgs:/home/zyme/ros_ws/Autoware_sim_test/install/autoware_auto_system_msgs:/home/zyme/ros_ws/Autoware_sim_test/install/autoware_auto_mapping_msgs:/home/zyme/ros_ws/Autoware_sim_test/install/autoware_auto_geometry_msgs:/home/zyme/ros_ws/Autoware_sim_test/install/autoware_adapi_v1_msgs:${AMENT_PREFIX_PATH} CMAKE_PREFIX_PATH=/home/zyme/ros_ws/Autoware_sim_test/install/autoware_auto_vehicle_msgs:/home/zyme/ros_ws/Autoware_sim_test/install/tier4_control_msgs:/home/zyme/ros_ws/Autoware_sim_test/install/autoware_cmake:/home/zyme/ros_ws/Autoware_sim_test/install/autoware_auto_planning_msgs:/home/zyme/ros_ws/Autoware_sim_test/install/tier4_planning_msgs:/home/zyme/ros_ws/Autoware_sim_test/install/tier4_external_api_msgs:/home/zyme/ros_ws/Autoware_sim_test/install/autoware_lint_common:/home/zyme/ros_ws/Autoware_sim_test/install/autoware_common_msgs:/home/zyme/ros_ws/Autoware_sim_test/install/autoware_auto_system_msgs:/home/zyme/ros_ws/Autoware_sim_test/install/autoware_auto_mapping_msgs:/home/zyme/ros_ws/Autoware_sim_test/install/autoware_auto_geometry_msgs:/home/zyme/ros_ws/Autoware_sim_test/install/autoware_adapi_v1_msgs:/opt/ros/humble LD_LIBRARY_PATH=/home/zyme/ros_ws/Autoware_sim_test/install/autoware_auto_vehicle_msgs/lib:/home/zyme/ros_ws/Autoware_sim_test/install/tier4_control_msgs/lib:/home/zyme/ros_ws/Autoware_sim_test/install/autoware_auto_planning_msgs/lib:/home/zyme/ros_ws/Autoware_sim_test/install/tier4_planning_msgs/lib:/home/zyme/ros_ws/Autoware_sim_test/install/tier4_external_api_msgs/lib:/home/zyme/ros_ws/Autoware_sim_test/install/autoware_common_msgs/lib:/home/zyme/ros_ws/Autoware_sim_test/install/autoware_auto_system_msgs/lib:/home/zyme/ros_ws/Autoware_sim_test/install/autoware_auto_mapping_msgs/lib:/home/zyme/ros_ws/Autoware_sim_test/install/autoware_auto_geometry_msgs/lib:/home/zyme/ros_ws/Autoware_sim_test/install/autoware_adapi_v1_msgs/lib:${LD_LIBRARY_PATH} PYTHONPATH=/home/zyme/ros_ws/Autoware_sim_test/install/autoware_auto_vehicle_msgs/local/lib/python3.10/dist-packages:/home/zyme/ros_ws/Autoware_sim_test/install/tier4_control_msgs/local/lib/python3.10/dist-packages:/home/zyme/ros_ws/Autoware_sim_test/install/autoware_auto_planning_msgs/local/lib/python3.10/dist-packages:/home/zyme/ros_ws/Autoware_sim_test/install/tier4_planning_msgs/local/lib/python3.10/dist-packages:/home/zyme/ros_ws/Autoware_sim_test/install/tier4_external_api_msgs/local/lib/python3.10/dist-packages:/home/zyme/ros_ws/Autoware_sim_test/install/autoware_common_msgs/local/lib/python3.10/dist-packages:/home/zyme/ros_ws/Autoware_sim_test/install/autoware_auto_system_msgs/local/lib/python3.10/dist-packages:/home/zyme/ros_ws/Autoware_sim_test/install/autoware_auto_mapping_msgs/local/lib/python3.10/dist-packages:/home/zyme/ros_ws/Autoware_sim_test/install/autoware_auto_geometry_msgs/local/lib/python3.10/dist-packages:/home/zyme/ros_ws/Autoware_sim_test/install/autoware_adapi_v1_msgs/local/lib/python3.10/dist-packages:${PYTHONPATH} /usr/bin/cmake /home/zyme/ros_ws/Autoware_sim_test/src/autoware/src/universe/autoware.universe/common/tier4_state_rviz_plugin -DCMAKE_BUILD_TYPE=Release -DCMAKE_CXX_FLAGS=-w -DAMENT_CMAKE_SYMLINK_INSTALL=1 -DCMAKE_INSTALL_PREFIX=/home/zyme/ros_ws/Autoware_sim_test/install/tier4_state_rviz_plugin
[0.217s] -- The C compiler identification is GNU 11.4.0
[0.308s] -- The CXX compiler identification is GNU 11.4.0
[0.323s] -- Detecting C compiler ABI info
[0.431s] -- Detecting C compiler ABI info - done
[0.447s] -- Check for working C compiler: /usr/bin/cc - skipped
[0.448s] -- Detecting C compile features
[0.449s] -- Detecting C compile features - done
[0.454s] -- Detecting CXX compiler ABI info
[0.593s] -- Detecting CXX compiler ABI info - done
[0.606s] -- Check for working CXX compiler: /usr/bin/c++ - skipped
[0.606s] -- Detecting CXX compile features
[0.607s] -- Detecting CXX compile features - done
[0.609s] -- Found autoware_cmake: 0.1.0 (/home/zyme/ros_ws/Autoware_sim_test/install/autoware_cmake/share/autoware_cmake/cmake)
[0.943s] -- Found Python3: /usr/bin/python3 (found version "3.10.12") found components: Interpreter 
[1.025s] -- Override CMake install command with custom implementation using symlinks instead of copying resources
[1.208s] -- Found rosidl_generator_c: 3.1.5 (/opt/ros/humble/share/rosidl_generator_c/cmake)
[1.216s] -- Found rosidl_adapter: 3.1.5 (/opt/ros/humble/share/rosidl_adapter/cmake)
[1.228s] -- Found rosidl_generator_cpp: 3.1.5 (/opt/ros/humble/share/rosidl_generator_cpp/cmake)
[1.247s] -- Using all available rosidl_typesupport_c: rosidl_typesupport_fastrtps_c;rosidl_typesupport_introspection_c
[1.276s] -- Using all available rosidl_typesupport_cpp: rosidl_typesupport_fastrtps_cpp;rosidl_typesupport_introspection_cpp
[3.270s] -- Found rmw_implementation_cmake: 6.1.1 (/opt/ros/humble/share/rmw_implementation_cmake/cmake)
[3.274s] -- Found rmw_cyclonedds_cpp: 1.3.4 (/opt/ros/humble/share/rmw_cyclonedds_cpp/cmake)
[3.315s] -- Using RMW implementation 'rmw_cyclonedds_cpp' as default
[3.329s] -- Looking for pthread.h
[3.405s] -- Looking for pthread.h - found
[3.405s] -- Performing Test CMAKE_HAVE_LIBC_PTHREAD
[3.483s] -- Performing Test CMAKE_HAVE_LIBC_PTHREAD - Success
[3.484s] -- Found Threads: TRUE  
[3.654s] -- Setting OGRE_DIR to: '/opt/ros/humble/share/rviz_ogre_vendor/cmake/../../../opt/rviz_ogre_vendor/lib/OGRE/cmake'
[3.656s] -- Found OGRE
[3.656s] --   static     : OFF
[3.656s] --   components : HLMS;MeshLodGenerator;Overlay;Paging;Property;RTShaderSystem;Terrain;Volume
[3.656s] --   plugins    : Plugin_BSPSceneManager;Plugin_OctreeSceneManager;Plugin_PCZSceneManager;Plugin_ParticleFX;RenderSystem_GL;RenderSystem_GL3Plus;Codec_STBI
[3.656s] --   media      : /opt/ros/humble/opt/rviz_ogre_vendor/share/OGRE/Media
[3.656s] -- OGRE_LIBRARIES: OgreHLMS;OgreMeshLodGenerator;OgreOverlay;OgrePaging;OgreProperty;OgreRTShaderSystem;OgreTerrain;OgreVolume;OgreMain
[3.656s] -- OGRE_LIBRARY_DIRS: /opt/ros/humble/opt/rviz_ogre_vendor/lib
[3.656s] -- OGRE_PLUGINS: Plugin_BSPSceneManager;Plugin_OctreeSceneManager;Plugin_PCZSceneManager;Plugin_ParticleFX;RenderSystem_GL;RenderSystem_GL3Plus;Codec_STBI
[3.656s] -- OGRE_PLUGIN_DIR: /opt/ros/humble/opt/rviz_ogre_vendor/lib/OGRE
[3.657s] -- rviz_ogre_vendor::OgreOverlay for IMPORTED_LOCATION_RELEASE: /opt/ros/humble/opt/rviz_ogre_vendor/lib/libOgreOverlay.so
[3.657s] -- rviz_ogre_vendor::OgreOverlay for IMPORTED_LOCATION_DEBUG: /opt/ros/humble/opt/rviz_ogre_vendor/lib/libOgreOverlay.so
[3.657s] -- rviz_ogre_vendor::OgreMain for IMPORTED_LOCATION_RELEASE: /opt/ros/humble/opt/rviz_ogre_vendor/lib/libOgreMain.so
[3.657s] -- rviz_ogre_vendor::OgreMain for IMPORTED_LOCATION_DEBUG: /opt/ros/humble/opt/rviz_ogre_vendor/lib/libOgreMain.so
[3.682s] -- Found ZLIB: /usr/lib/x86_64-linux-gnu/libz.so (found version "1.2.11") 
[3.687s] -- Found OpenGL: /usr/lib/x86_64-linux-gnu/libOpenGL.so   
[3.797s] -- Found X11: /usr/include   
[3.798s] -- Looking for XOpenDisplay in /usr/lib/x86_64-linux-gnu/libX11.so;/usr/lib/x86_64-linux-gnu/libXext.so
[3.880s] -- Looking for XOpenDisplay in /usr/lib/x86_64-linux-gnu/libX11.so;/usr/lib/x86_64-linux-gnu/libXext.so - found
[3.880s] -- Looking for gethostbyname
[3.957s] -- Looking for gethostbyname - found
[3.957s] -- Looking for connect
[4.034s] -- Looking for connect - found
[4.034s] -- Looking for remove
[4.111s] -- Looking for remove - found
[4.111s] -- Looking for shmat
[4.187s] -- Looking for shmat - found
[4.187s] -- Looking for IceConnectionNumber in ICE
[4.266s] -- Looking for IceConnectionNumber in ICE - found
[4.269s] -- rviz_ogre_vendor::RenderSystem_GL for IMPORTED_LOCATION_RELEASE: _render_system_gl_static_library_abs-NOTFOUND
[4.269s] -- rviz_ogre_vendor::RenderSystem_GL for IMPORTED_LOCATION_DEBUG: _render_system_gl_static_library_abs-NOTFOUND
[4.402s] -- library: /usr/lib/x86_64-linux-gnu/libcurl.so
[4.667s] -- Found Eigen3: TRUE (found version "3.4.0") 
[4.668s] -- Ensuring Eigen3 include directory is part of orocos-kdl CMake target
[5.704s] -- Found ament_lint_auto: 0.12.10 (/opt/ros/humble/share/ament_lint_auto/cmake)
[5.732s] -- Added test 'copyright' to check source files copyright and LICENSE
[5.734s] -- Added test 'cppcheck' to perform static code analysis on C / C++ code
[5.734s] -- Configured cppcheck include dirs: 
[5.734s] -- Configured cppcheck exclude dirs and/or files: 
[5.735s] -- Added test 'lint_cmake' to check CMake code style
[5.736s] -- Added test 'xmllint' to check XML markup files
[5.739s] -- Configuring done
[5.790s] -- Generating done
[5.793s] -- Build files have been written to: /home/zyme/ros_ws/Autoware_sim_test/build/tier4_state_rviz_plugin
[5.807s] Invoked command in '/home/zyme/ros_ws/Autoware_sim_test/build/tier4_state_rviz_plugin' returned '0': AMENT_PREFIX_PATH=/home/zyme/ros_ws/Autoware_sim_test/install/autoware_auto_vehicle_msgs:/home/zyme/ros_ws/Autoware_sim_test/install/tier4_control_msgs:/home/zyme/ros_ws/Autoware_sim_test/install/autoware_cmake:/home/zyme/ros_ws/Autoware_sim_test/install/autoware_auto_planning_msgs:/home/zyme/ros_ws/Autoware_sim_test/install/tier4_planning_msgs:/home/zyme/ros_ws/Autoware_sim_test/install/tier4_external_api_msgs:/home/zyme/ros_ws/Autoware_sim_test/install/autoware_lint_common:/home/zyme/ros_ws/Autoware_sim_test/install/autoware_common_msgs:/home/zyme/ros_ws/Autoware_sim_test/install/autoware_auto_system_msgs:/home/zyme/ros_ws/Autoware_sim_test/install/autoware_auto_mapping_msgs:/home/zyme/ros_ws/Autoware_sim_test/install/autoware_auto_geometry_msgs:/home/zyme/ros_ws/Autoware_sim_test/install/autoware_adapi_v1_msgs:${AMENT_PREFIX_PATH} CMAKE_PREFIX_PATH=/home/zyme/ros_ws/Autoware_sim_test/install/autoware_auto_vehicle_msgs:/home/zyme/ros_ws/Autoware_sim_test/install/tier4_control_msgs:/home/zyme/ros_ws/Autoware_sim_test/install/autoware_cmake:/home/zyme/ros_ws/Autoware_sim_test/install/autoware_auto_planning_msgs:/home/zyme/ros_ws/Autoware_sim_test/install/tier4_planning_msgs:/home/zyme/ros_ws/Autoware_sim_test/install/tier4_external_api_msgs:/home/zyme/ros_ws/Autoware_sim_test/install/autoware_lint_common:/home/zyme/ros_ws/Autoware_sim_test/install/autoware_common_msgs:/home/zyme/ros_ws/Autoware_sim_test/install/autoware_auto_system_msgs:/home/zyme/ros_ws/Autoware_sim_test/install/autoware_auto_mapping_msgs:/home/zyme/ros_ws/Autoware_sim_test/install/autoware_auto_geometry_msgs:/home/zyme/ros_ws/Autoware_sim_test/install/autoware_adapi_v1_msgs:/opt/ros/humble LD_LIBRARY_PATH=/home/zyme/ros_ws/Autoware_sim_test/install/autoware_auto_vehicle_msgs/lib:/home/zyme/ros_ws/Autoware_sim_test/install/tier4_control_msgs/lib:/home/zyme/ros_ws/Autoware_sim_test/install/autoware_auto_planning_msgs/lib:/home/zyme/ros_ws/Autoware_sim_test/install/tier4_planning_msgs/lib:/home/zyme/ros_ws/Autoware_sim_test/install/tier4_external_api_msgs/lib:/home/zyme/ros_ws/Autoware_sim_test/install/autoware_common_msgs/lib:/home/zyme/ros_ws/Autoware_sim_test/install/autoware_auto_system_msgs/lib:/home/zyme/ros_ws/Autoware_sim_test/install/autoware_auto_mapping_msgs/lib:/home/zyme/ros_ws/Autoware_sim_test/install/autoware_auto_geometry_msgs/lib:/home/zyme/ros_ws/Autoware_sim_test/install/autoware_adapi_v1_msgs/lib:${LD_LIBRARY_PATH} PYTHONPATH=/home/zyme/ros_ws/Autoware_sim_test/install/autoware_auto_vehicle_msgs/local/lib/python3.10/dist-packages:/home/zyme/ros_ws/Autoware_sim_test/install/tier4_control_msgs/local/lib/python3.10/dist-packages:/home/zyme/ros_ws/Autoware_sim_test/install/autoware_auto_planning_msgs/local/lib/python3.10/dist-packages:/home/zyme/ros_ws/Autoware_sim_test/install/tier4_planning_msgs/local/lib/python3.10/dist-packages:/home/zyme/ros_ws/Autoware_sim_test/install/tier4_external_api_msgs/local/lib/python3.10/dist-packages:/home/zyme/ros_ws/Autoware_sim_test/install/autoware_common_msgs/local/lib/python3.10/dist-packages:/home/zyme/ros_ws/Autoware_sim_test/install/autoware_auto_system_msgs/local/lib/python3.10/dist-packages:/home/zyme/ros_ws/Autoware_sim_test/install/autoware_auto_mapping_msgs/local/lib/python3.10/dist-packages:/home/zyme/ros_ws/Autoware_sim_test/install/autoware_auto_geometry_msgs/local/lib/python3.10/dist-packages:/home/zyme/ros_ws/Autoware_sim_test/install/autoware_adapi_v1_msgs/local/lib/python3.10/dist-packages:${PYTHONPATH} /usr/bin/cmake /home/zyme/ros_ws/Autoware_sim_test/src/autoware/src/universe/autoware.universe/common/tier4_state_rviz_plugin -DCMAKE_BUILD_TYPE=Release -DCMAKE_CXX_FLAGS=-w -DAMENT_CMAKE_SYMLINK_INSTALL=1 -DCMAKE_INSTALL_PREFIX=/home/zyme/ros_ws/Autoware_sim_test/install/tier4_state_rviz_plugin
[5.809s] Invoking command in '/home/zyme/ros_ws/Autoware_sim_test/build/tier4_state_rviz_plugin': AMENT_PREFIX_PATH=/home/zyme/ros_ws/Autoware_sim_test/install/autoware_auto_vehicle_msgs:/home/zyme/ros_ws/Autoware_sim_test/install/tier4_control_msgs:/home/zyme/ros_ws/Autoware_sim_test/install/autoware_cmake:/home/zyme/ros_ws/Autoware_sim_test/install/autoware_auto_planning_msgs:/home/zyme/ros_ws/Autoware_sim_test/install/tier4_planning_msgs:/home/zyme/ros_ws/Autoware_sim_test/install/tier4_external_api_msgs:/home/zyme/ros_ws/Autoware_sim_test/install/autoware_lint_common:/home/zyme/ros_ws/Autoware_sim_test/install/autoware_common_msgs:/home/zyme/ros_ws/Autoware_sim_test/install/autoware_auto_system_msgs:/home/zyme/ros_ws/Autoware_sim_test/install/autoware_auto_mapping_msgs:/home/zyme/ros_ws/Autoware_sim_test/install/autoware_auto_geometry_msgs:/home/zyme/ros_ws/Autoware_sim_test/install/autoware_adapi_v1_msgs:${AMENT_PREFIX_PATH} CMAKE_PREFIX_PATH=/home/zyme/ros_ws/Autoware_sim_test/install/autoware_auto_vehicle_msgs:/home/zyme/ros_ws/Autoware_sim_test/install/tier4_control_msgs:/home/zyme/ros_ws/Autoware_sim_test/install/autoware_cmake:/home/zyme/ros_ws/Autoware_sim_test/install/autoware_auto_planning_msgs:/home/zyme/ros_ws/Autoware_sim_test/install/tier4_planning_msgs:/home/zyme/ros_ws/Autoware_sim_test/install/tier4_external_api_msgs:/home/zyme/ros_ws/Autoware_sim_test/install/autoware_lint_common:/home/zyme/ros_ws/Autoware_sim_test/install/autoware_common_msgs:/home/zyme/ros_ws/Autoware_sim_test/install/autoware_auto_system_msgs:/home/zyme/ros_ws/Autoware_sim_test/install/autoware_auto_mapping_msgs:/home/zyme/ros_ws/Autoware_sim_test/install/autoware_auto_geometry_msgs:/home/zyme/ros_ws/Autoware_sim_test/install/autoware_adapi_v1_msgs:/opt/ros/humble LD_LIBRARY_PATH=/home/zyme/ros_ws/Autoware_sim_test/install/autoware_auto_vehicle_msgs/lib:/home/zyme/ros_ws/Autoware_sim_test/install/tier4_control_msgs/lib:/home/zyme/ros_ws/Autoware_sim_test/install/autoware_auto_planning_msgs/lib:/home/zyme/ros_ws/Autoware_sim_test/install/tier4_planning_msgs/lib:/home/zyme/ros_ws/Autoware_sim_test/install/tier4_external_api_msgs/lib:/home/zyme/ros_ws/Autoware_sim_test/install/autoware_common_msgs/lib:/home/zyme/ros_ws/Autoware_sim_test/install/autoware_auto_system_msgs/lib:/home/zyme/ros_ws/Autoware_sim_test/install/autoware_auto_mapping_msgs/lib:/home/zyme/ros_ws/Autoware_sim_test/install/autoware_auto_geometry_msgs/lib:/home/zyme/ros_ws/Autoware_sim_test/install/autoware_adapi_v1_msgs/lib:${LD_LIBRARY_PATH} PYTHONPATH=/home/zyme/ros_ws/Autoware_sim_test/install/autoware_auto_vehicle_msgs/local/lib/python3.10/dist-packages:/home/zyme/ros_ws/Autoware_sim_test/install/tier4_control_msgs/local/lib/python3.10/dist-packages:/home/zyme/ros_ws/Autoware_sim_test/install/autoware_auto_planning_msgs/local/lib/python3.10/dist-packages:/home/zyme/ros_ws/Autoware_sim_test/install/tier4_planning_msgs/local/lib/python3.10/dist-packages:/home/zyme/ros_ws/Autoware_sim_test/install/tier4_external_api_msgs/local/lib/python3.10/dist-packages:/home/zyme/ros_ws/Autoware_sim_test/install/autoware_common_msgs/local/lib/python3.10/dist-packages:/home/zyme/ros_ws/Autoware_sim_test/install/autoware_auto_system_msgs/local/lib/python3.10/dist-packages:/home/zyme/ros_ws/Autoware_sim_test/install/autoware_auto_mapping_msgs/local/lib/python3.10/dist-packages:/home/zyme/ros_ws/Autoware_sim_test/install/autoware_auto_geometry_msgs/local/lib/python3.10/dist-packages:/home/zyme/ros_ws/Autoware_sim_test/install/autoware_adapi_v1_msgs/local/lib/python3.10/dist-packages:${PYTHONPATH} /usr/bin/cmake --build /home/zyme/ros_ws/Autoware_sim_test/build/tier4_state_rviz_plugin -- -j12 -l12
[5.871s] [ 20%] [34m[1mAutomatic MOC for target tier4_state_rviz_plugin[0m
[6.392s] [ 20%] Built target tier4_state_rviz_plugin_autogen
[6.417s] [ 60%] [32mBuilding CXX object CMakeFiles/tier4_state_rviz_plugin.dir/src/autoware_state_panel.cpp.o[0m
[6.417s] [ 60%] [32mBuilding CXX object CMakeFiles/tier4_state_rviz_plugin.dir/tier4_state_rviz_plugin_autogen/mocs_compilation.cpp.o[0m
[6.417s] [ 80%] [32mBuilding CXX object CMakeFiles/tier4_state_rviz_plugin.dir/src/velocity_steering_factors_panel.cpp.o[0m
[45.264s] [100%] [32m[1mLinking CXX shared library libtier4_state_rviz_plugin.so[0m
[47.302s] [100%] Built target tier4_state_rviz_plugin
[47.317s] Invoked command in '/home/zyme/ros_ws/Autoware_sim_test/build/tier4_state_rviz_plugin' returned '0': AMENT_PREFIX_PATH=/home/zyme/ros_ws/Autoware_sim_test/install/autoware_auto_vehicle_msgs:/home/zyme/ros_ws/Autoware_sim_test/install/tier4_control_msgs:/home/zyme/ros_ws/Autoware_sim_test/install/autoware_cmake:/home/zyme/ros_ws/Autoware_sim_test/install/autoware_auto_planning_msgs:/home/zyme/ros_ws/Autoware_sim_test/install/tier4_planning_msgs:/home/zyme/ros_ws/Autoware_sim_test/install/tier4_external_api_msgs:/home/zyme/ros_ws/Autoware_sim_test/install/autoware_lint_common:/home/zyme/ros_ws/Autoware_sim_test/install/autoware_common_msgs:/home/zyme/ros_ws/Autoware_sim_test/install/autoware_auto_system_msgs:/home/zyme/ros_ws/Autoware_sim_test/install/autoware_auto_mapping_msgs:/home/zyme/ros_ws/Autoware_sim_test/install/autoware_auto_geometry_msgs:/home/zyme/ros_ws/Autoware_sim_test/install/autoware_adapi_v1_msgs:${AMENT_PREFIX_PATH} CMAKE_PREFIX_PATH=/home/zyme/ros_ws/Autoware_sim_test/install/autoware_auto_vehicle_msgs:/home/zyme/ros_ws/Autoware_sim_test/install/tier4_control_msgs:/home/zyme/ros_ws/Autoware_sim_test/install/autoware_cmake:/home/zyme/ros_ws/Autoware_sim_test/install/autoware_auto_planning_msgs:/home/zyme/ros_ws/Autoware_sim_test/install/tier4_planning_msgs:/home/zyme/ros_ws/Autoware_sim_test/install/tier4_external_api_msgs:/home/zyme/ros_ws/Autoware_sim_test/install/autoware_lint_common:/home/zyme/ros_ws/Autoware_sim_test/install/autoware_common_msgs:/home/zyme/ros_ws/Autoware_sim_test/install/autoware_auto_system_msgs:/home/zyme/ros_ws/Autoware_sim_test/install/autoware_auto_mapping_msgs:/home/zyme/ros_ws/Autoware_sim_test/install/autoware_auto_geometry_msgs:/home/zyme/ros_ws/Autoware_sim_test/install/autoware_adapi_v1_msgs:/opt/ros/humble LD_LIBRARY_PATH=/home/zyme/ros_ws/Autoware_sim_test/install/autoware_auto_vehicle_msgs/lib:/home/zyme/ros_ws/Autoware_sim_test/install/tier4_control_msgs/lib:/home/zyme/ros_ws/Autoware_sim_test/install/autoware_auto_planning_msgs/lib:/home/zyme/ros_ws/Autoware_sim_test/install/tier4_planning_msgs/lib:/home/zyme/ros_ws/Autoware_sim_test/install/tier4_external_api_msgs/lib:/home/zyme/ros_ws/Autoware_sim_test/install/autoware_common_msgs/lib:/home/zyme/ros_ws/Autoware_sim_test/install/autoware_auto_system_msgs/lib:/home/zyme/ros_ws/Autoware_sim_test/install/autoware_auto_mapping_msgs/lib:/home/zyme/ros_ws/Autoware_sim_test/install/autoware_auto_geometry_msgs/lib:/home/zyme/ros_ws/Autoware_sim_test/install/autoware_adapi_v1_msgs/lib:${LD_LIBRARY_PATH} PYTHONPATH=/home/zyme/ros_ws/Autoware_sim_test/install/autoware_auto_vehicle_msgs/local/lib/python3.10/dist-packages:/home/zyme/ros_ws/Autoware_sim_test/install/tier4_control_msgs/local/lib/python3.10/dist-packages:/home/zyme/ros_ws/Autoware_sim_test/install/autoware_auto_planning_msgs/local/lib/python3.10/dist-packages:/home/zyme/ros_ws/Autoware_sim_test/install/tier4_planning_msgs/local/lib/python3.10/dist-packages:/home/zyme/ros_ws/Autoware_sim_test/install/tier4_external_api_msgs/local/lib/python3.10/dist-packages:/home/zyme/ros_ws/Autoware_sim_test/install/autoware_common_msgs/local/lib/python3.10/dist-packages:/home/zyme/ros_ws/Autoware_sim_test/install/autoware_auto_system_msgs/local/lib/python3.10/dist-packages:/home/zyme/ros_ws/Autoware_sim_test/install/autoware_auto_mapping_msgs/local/lib/python3.10/dist-packages:/home/zyme/ros_ws/Autoware_sim_test/install/autoware_auto_geometry_msgs/local/lib/python3.10/dist-packages:/home/zyme/ros_ws/Autoware_sim_test/install/autoware_adapi_v1_msgs/local/lib/python3.10/dist-packages:${PYTHONPATH} /usr/bin/cmake --build /home/zyme/ros_ws/Autoware_sim_test/build/tier4_state_rviz_plugin -- -j12 -l12
[47.349s] Invoking command in '/home/zyme/ros_ws/Autoware_sim_test/build/tier4_state_rviz_plugin': AMENT_PREFIX_PATH=/home/zyme/ros_ws/Autoware_sim_test/install/autoware_auto_vehicle_msgs:/home/zyme/ros_ws/Autoware_sim_test/install/tier4_control_msgs:/home/zyme/ros_ws/Autoware_sim_test/install/autoware_cmake:/home/zyme/ros_ws/Autoware_sim_test/install/autoware_auto_planning_msgs:/home/zyme/ros_ws/Autoware_sim_test/install/tier4_planning_msgs:/home/zyme/ros_ws/Autoware_sim_test/install/tier4_external_api_msgs:/home/zyme/ros_ws/Autoware_sim_test/install/autoware_lint_common:/home/zyme/ros_ws/Autoware_sim_test/install/autoware_common_msgs:/home/zyme/ros_ws/Autoware_sim_test/install/autoware_auto_system_msgs:/home/zyme/ros_ws/Autoware_sim_test/install/autoware_auto_mapping_msgs:/home/zyme/ros_ws/Autoware_sim_test/install/autoware_auto_geometry_msgs:/home/zyme/ros_ws/Autoware_sim_test/install/autoware_adapi_v1_msgs:${AMENT_PREFIX_PATH} CMAKE_PREFIX_PATH=/home/zyme/ros_ws/Autoware_sim_test/install/autoware_auto_vehicle_msgs:/home/zyme/ros_ws/Autoware_sim_test/install/tier4_control_msgs:/home/zyme/ros_ws/Autoware_sim_test/install/autoware_cmake:/home/zyme/ros_ws/Autoware_sim_test/install/autoware_auto_planning_msgs:/home/zyme/ros_ws/Autoware_sim_test/install/tier4_planning_msgs:/home/zyme/ros_ws/Autoware_sim_test/install/tier4_external_api_msgs:/home/zyme/ros_ws/Autoware_sim_test/install/autoware_lint_common:/home/zyme/ros_ws/Autoware_sim_test/install/autoware_common_msgs:/home/zyme/ros_ws/Autoware_sim_test/install/autoware_auto_system_msgs:/home/zyme/ros_ws/Autoware_sim_test/install/autoware_auto_mapping_msgs:/home/zyme/ros_ws/Autoware_sim_test/install/autoware_auto_geometry_msgs:/home/zyme/ros_ws/Autoware_sim_test/install/autoware_adapi_v1_msgs:/opt/ros/humble LD_LIBRARY_PATH=/home/zyme/ros_ws/Autoware_sim_test/install/autoware_auto_vehicle_msgs/lib:/home/zyme/ros_ws/Autoware_sim_test/install/tier4_control_msgs/lib:/home/zyme/ros_ws/Autoware_sim_test/install/autoware_auto_planning_msgs/lib:/home/zyme/ros_ws/Autoware_sim_test/install/tier4_planning_msgs/lib:/home/zyme/ros_ws/Autoware_sim_test/install/tier4_external_api_msgs/lib:/home/zyme/ros_ws/Autoware_sim_test/install/autoware_common_msgs/lib:/home/zyme/ros_ws/Autoware_sim_test/install/autoware_auto_system_msgs/lib:/home/zyme/ros_ws/Autoware_sim_test/install/autoware_auto_mapping_msgs/lib:/home/zyme/ros_ws/Autoware_sim_test/install/autoware_auto_geometry_msgs/lib:/home/zyme/ros_ws/Autoware_sim_test/install/autoware_adapi_v1_msgs/lib:${LD_LIBRARY_PATH} PYTHONPATH=/home/zyme/ros_ws/Autoware_sim_test/install/autoware_auto_vehicle_msgs/local/lib/python3.10/dist-packages:/home/zyme/ros_ws/Autoware_sim_test/install/tier4_control_msgs/local/lib/python3.10/dist-packages:/home/zyme/ros_ws/Autoware_sim_test/install/autoware_auto_planning_msgs/local/lib/python3.10/dist-packages:/home/zyme/ros_ws/Autoware_sim_test/install/tier4_planning_msgs/local/lib/python3.10/dist-packages:/home/zyme/ros_ws/Autoware_sim_test/install/tier4_external_api_msgs/local/lib/python3.10/dist-packages:/home/zyme/ros_ws/Autoware_sim_test/install/autoware_common_msgs/local/lib/python3.10/dist-packages:/home/zyme/ros_ws/Autoware_sim_test/install/autoware_auto_system_msgs/local/lib/python3.10/dist-packages:/home/zyme/ros_ws/Autoware_sim_test/install/autoware_auto_mapping_msgs/local/lib/python3.10/dist-packages:/home/zyme/ros_ws/Autoware_sim_test/install/autoware_auto_geometry_msgs/local/lib/python3.10/dist-packages:/home/zyme/ros_ws/Autoware_sim_test/install/autoware_adapi_v1_msgs/local/lib/python3.10/dist-packages:${PYTHONPATH} /usr/bin/cmake --install /home/zyme/ros_ws/Autoware_sim_test/build/tier4_state_rviz_plugin
[47.356s] -- Install configuration: "Release"
[47.356s] -- Execute custom install script
[47.357s] -- Symlinking: /home/zyme/ros_ws/Autoware_sim_test/install/tier4_state_rviz_plugin/share/tier4_state_rviz_plugin/plugins/plugin_description.xml
[47.366s] -- Symlinking: /home/zyme/ros_ws/Autoware_sim_test/install/tier4_state_rviz_plugin/share/tier4_state_rviz_plugin/environment/library_path.sh
[47.377s] -- Symlinking: /home/zyme/ros_ws/Autoware_sim_test/install/tier4_state_rviz_plugin/share/tier4_state_rviz_plugin/environment/library_path.dsv
[47.388s] -- Symlinking: /home/zyme/ros_ws/Autoware_sim_test/install/tier4_state_rviz_plugin/lib/libtier4_state_rviz_plugin.so
[47.398s] -- Symlinking: /home/zyme/ros_ws/Autoware_sim_test/install/tier4_state_rviz_plugin/share/tier4_state_rviz_plugin/icons/classes/AutowareStatePanel.png
[47.407s] -- Symlinking: /home/zyme/ros_ws/Autoware_sim_test/install/tier4_state_rviz_plugin/share/tier4_state_rviz_plugin/icons/classes/VelocitySteeringFactorsPanel.png
[47.418s] -- Up-to-date symlink: /home/zyme/ros_ws/Autoware_sim_test/install/tier4_state_rviz_plugin/share/tier4_state_rviz_plugin/plugins/plugin_description.xml
[47.418s] -- Symlinking: /home/zyme/ros_ws/Autoware_sim_test/install/tier4_state_rviz_plugin/share/ament_index/resource_index/package_run_dependencies/tier4_state_rviz_plugin
[47.428s] -- Symlinking: /home/zyme/ros_ws/Autoware_sim_test/install/tier4_state_rviz_plugin/share/ament_index/resource_index/parent_prefix_path/tier4_state_rviz_plugin
[47.437s] -- Symlinking: /home/zyme/ros_ws/Autoware_sim_test/install/tier4_state_rviz_plugin/share/tier4_state_rviz_plugin/environment/ament_prefix_path.sh
[47.447s] -- Symlinking: /home/zyme/ros_ws/Autoware_sim_test/install/tier4_state_rviz_plugin/share/tier4_state_rviz_plugin/environment/ament_prefix_path.dsv
[47.457s] -- Symlinking: /home/zyme/ros_ws/Autoware_sim_test/install/tier4_state_rviz_plugin/share/tier4_state_rviz_plugin/environment/path.sh
[47.467s] -- Symlinking: /home/zyme/ros_ws/Autoware_sim_test/install/tier4_state_rviz_plugin/share/tier4_state_rviz_plugin/environment/path.dsv
[47.477s] -- Symlinking: /home/zyme/ros_ws/Autoware_sim_test/install/tier4_state_rviz_plugin/share/tier4_state_rviz_plugin/local_setup.bash
[47.487s] -- Symlinking: /home/zyme/ros_ws/Autoware_sim_test/install/tier4_state_rviz_plugin/share/tier4_state_rviz_plugin/local_setup.sh
[47.496s] -- Symlinking: /home/zyme/ros_ws/Autoware_sim_test/install/tier4_state_rviz_plugin/share/tier4_state_rviz_plugin/local_setup.zsh
[47.506s] -- Symlinking: /home/zyme/ros_ws/Autoware_sim_test/install/tier4_state_rviz_plugin/share/tier4_state_rviz_plugin/local_setup.dsv
[47.516s] -- Symlinking: /home/zyme/ros_ws/Autoware_sim_test/install/tier4_state_rviz_plugin/share/tier4_state_rviz_plugin/package.dsv
[47.526s] -- Symlinking: /home/zyme/ros_ws/Autoware_sim_test/install/tier4_state_rviz_plugin/share/ament_index/resource_index/packages/tier4_state_rviz_plugin
[47.535s] -- Symlinking: /home/zyme/ros_ws/Autoware_sim_test/install/tier4_state_rviz_plugin/share/ament_index/resource_index/rviz_common__pluginlib__plugin/tier4_state_rviz_plugin
[47.546s] -- Symlinking: /home/zyme/ros_ws/Autoware_sim_test/install/tier4_state_rviz_plugin/share/tier4_state_rviz_plugin/cmake/ament_cmake_export_dependencies-extras.cmake
[47.556s] -- Symlinking: /home/zyme/ros_ws/Autoware_sim_test/install/tier4_state_rviz_plugin/share/tier4_state_rviz_plugin/cmake/ament_cmake_export_libraries-extras.cmake
[47.565s] -- Symlinking: /home/zyme/ros_ws/Autoware_sim_test/install/tier4_state_rviz_plugin/share/tier4_state_rviz_plugin/cmake/tier4_state_rviz_pluginConfig.cmake
[47.575s] -- Symlinking: /home/zyme/ros_ws/Autoware_sim_test/install/tier4_state_rviz_plugin/share/tier4_state_rviz_plugin/cmake/tier4_state_rviz_pluginConfig-version.cmake
[47.586s] -- Symlinking: /home/zyme/ros_ws/Autoware_sim_test/install/tier4_state_rviz_plugin/share/tier4_state_rviz_plugin/package.xml
[47.597s] Invoked command in '/home/zyme/ros_ws/Autoware_sim_test/build/tier4_state_rviz_plugin' returned '0': AMENT_PREFIX_PATH=/home/zyme/ros_ws/Autoware_sim_test/install/autoware_auto_vehicle_msgs:/home/zyme/ros_ws/Autoware_sim_test/install/tier4_control_msgs:/home/zyme/ros_ws/Autoware_sim_test/install/autoware_cmake:/home/zyme/ros_ws/Autoware_sim_test/install/autoware_auto_planning_msgs:/home/zyme/ros_ws/Autoware_sim_test/install/tier4_planning_msgs:/home/zyme/ros_ws/Autoware_sim_test/install/tier4_external_api_msgs:/home/zyme/ros_ws/Autoware_sim_test/install/autoware_lint_common:/home/zyme/ros_ws/Autoware_sim_test/install/autoware_common_msgs:/home/zyme/ros_ws/Autoware_sim_test/install/autoware_auto_system_msgs:/home/zyme/ros_ws/Autoware_sim_test/install/autoware_auto_mapping_msgs:/home/zyme/ros_ws/Autoware_sim_test/install/autoware_auto_geometry_msgs:/home/zyme/ros_ws/Autoware_sim_test/install/autoware_adapi_v1_msgs:${AMENT_PREFIX_PATH} CMAKE_PREFIX_PATH=/home/zyme/ros_ws/Autoware_sim_test/install/autoware_auto_vehicle_msgs:/home/zyme/ros_ws/Autoware_sim_test/install/tier4_control_msgs:/home/zyme/ros_ws/Autoware_sim_test/install/autoware_cmake:/home/zyme/ros_ws/Autoware_sim_test/install/autoware_auto_planning_msgs:/home/zyme/ros_ws/Autoware_sim_test/install/tier4_planning_msgs:/home/zyme/ros_ws/Autoware_sim_test/install/tier4_external_api_msgs:/home/zyme/ros_ws/Autoware_sim_test/install/autoware_lint_common:/home/zyme/ros_ws/Autoware_sim_test/install/autoware_common_msgs:/home/zyme/ros_ws/Autoware_sim_test/install/autoware_auto_system_msgs:/home/zyme/ros_ws/Autoware_sim_test/install/autoware_auto_mapping_msgs:/home/zyme/ros_ws/Autoware_sim_test/install/autoware_auto_geometry_msgs:/home/zyme/ros_ws/Autoware_sim_test/install/autoware_adapi_v1_msgs:/opt/ros/humble LD_LIBRARY_PATH=/home/zyme/ros_ws/Autoware_sim_test/install/autoware_auto_vehicle_msgs/lib:/home/zyme/ros_ws/Autoware_sim_test/install/tier4_control_msgs/lib:/home/zyme/ros_ws/Autoware_sim_test/install/autoware_auto_planning_msgs/lib:/home/zyme/ros_ws/Autoware_sim_test/install/tier4_planning_msgs/lib:/home/zyme/ros_ws/Autoware_sim_test/install/tier4_external_api_msgs/lib:/home/zyme/ros_ws/Autoware_sim_test/install/autoware_common_msgs/lib:/home/zyme/ros_ws/Autoware_sim_test/install/autoware_auto_system_msgs/lib:/home/zyme/ros_ws/Autoware_sim_test/install/autoware_auto_mapping_msgs/lib:/home/zyme/ros_ws/Autoware_sim_test/install/autoware_auto_geometry_msgs/lib:/home/zyme/ros_ws/Autoware_sim_test/install/autoware_adapi_v1_msgs/lib:${LD_LIBRARY_PATH} PYTHONPATH=/home/zyme/ros_ws/Autoware_sim_test/install/autoware_auto_vehicle_msgs/local/lib/python3.10/dist-packages:/home/zyme/ros_ws/Autoware_sim_test/install/tier4_control_msgs/local/lib/python3.10/dist-packages:/home/zyme/ros_ws/Autoware_sim_test/install/autoware_auto_planning_msgs/local/lib/python3.10/dist-packages:/home/zyme/ros_ws/Autoware_sim_test/install/tier4_planning_msgs/local/lib/python3.10/dist-packages:/home/zyme/ros_ws/Autoware_sim_test/install/tier4_external_api_msgs/local/lib/python3.10/dist-packages:/home/zyme/ros_ws/Autoware_sim_test/install/autoware_common_msgs/local/lib/python3.10/dist-packages:/home/zyme/ros_ws/Autoware_sim_test/install/autoware_auto_system_msgs/local/lib/python3.10/dist-packages:/home/zyme/ros_ws/Autoware_sim_test/install/autoware_auto_mapping_msgs/local/lib/python3.10/dist-packages:/home/zyme/ros_ws/Autoware_sim_test/install/autoware_auto_geometry_msgs/local/lib/python3.10/dist-packages:/home/zyme/ros_ws/Autoware_sim_test/install/autoware_adapi_v1_msgs/local/lib/python3.10/dist-packages:${PYTHONPATH} /usr/bin/cmake --install /home/zyme/ros_ws/Autoware_sim_test/build/tier4_state_rviz_plugin
