[0.057s] Invoking command in '/home/zyme/ros_ws/Autoware_sim_test/build/autoware_planning_msgs': CMAKE_PREFIX_PATH=/opt/ros/humble /usr/bin/cmake --build /home/zyme/ros_ws/Autoware_sim_test/build/autoware_planning_msgs -- -j12 -l12
[0.106s] [  0%] Built target autoware_planning_msgs__cpp
[0.109s] [ 12%] Built target autoware_planning_msgs__rosidl_generator_c
[0.116s] [ 12%] Built target ament_cmake_python_symlink_autoware_planning_msgs
[0.142s] [ 47%] Built target autoware_planning_msgs__rosidl_typesupport_c
[0.143s] [ 54%] Built target autoware_planning_msgs__rosidl_typesupport_fastrtps_c
[0.143s] [ 54%] Built target autoware_planning_msgs__rosidl_typesupport_introspection_c
[0.143s] [ 59%] Built target autoware_planning_msgs__rosidl_typesupport_cpp
[0.144s] [ 70%] Built target autoware_planning_msgs__rosidl_typesupport_fastrtps_cpp
[0.146s] [ 82%] Built target autoware_planning_msgs__rosidl_typesupport_introspection_cpp
[0.166s] [ 82%] Built target autoware_planning_msgs
[0.187s] [ 83%] Built target autoware_planning_msgs__py
[0.211s] [ 94%] Built target autoware_planning_msgs__rosidl_generator_py
[0.235s] [100%] Built target autoware_planning_msgs__rosidl_typesupport_fastrtps_c__pyext
[0.235s] [100%] Built target autoware_planning_msgs__rosidl_typesupport_introspection_c__pyext
[0.235s] [100%] Built target autoware_planning_msgs__rosidl_typesupport_c__pyext
[0.389s] running egg_info
[0.390s] writing autoware_planning_msgs.egg-info/PKG-INFO
[0.390s] writing dependency_links to autoware_planning_msgs.egg-info/dependency_links.txt
[0.390s] writing top-level names to autoware_planning_msgs.egg-info/top_level.txt
[0.392s] reading manifest file 'autoware_planning_msgs.egg-info/SOURCES.txt'
[0.393s] writing manifest file 'autoware_planning_msgs.egg-info/SOURCES.txt'
[0.415s] [100%] Built target ament_cmake_python_build_autoware_planning_msgs_egg
[0.429s] Invoked command in '/home/zyme/ros_ws/Autoware_sim_test/build/autoware_planning_msgs' returned '0': CMAKE_PREFIX_PATH=/opt/ros/humble /usr/bin/cmake --build /home/zyme/ros_ws/Autoware_sim_test/build/autoware_planning_msgs -- -j12 -l12
[0.648s] Invoking command in '/home/zyme/ros_ws/Autoware_sim_test/build/autoware_planning_msgs': CMAKE_PREFIX_PATH=/opt/ros/humble /usr/bin/cmake --install /home/zyme/ros_ws/Autoware_sim_test/build/autoware_planning_msgs
[0.655s] -- Install configuration: "Release"
[0.656s] -- Execute custom install script
[0.656s] -- Up-to-date symlink: /home/zyme/ros_ws/Autoware_sim_test/install/autoware_planning_msgs/share/ament_index/resource_index/rosidl_interfaces/autoware_planning_msgs
[0.657s] -- Up-to-date symlink: /home/zyme/ros_ws/Autoware_sim_test/install/autoware_planning_msgs/include/autoware_planning_msgs/autoware_planning_msgs/msg/detail/lanelet_primitive__functions.h
[0.657s] -- Up-to-date symlink: /home/zyme/ros_ws/Autoware_sim_test/install/autoware_planning_msgs/include/autoware_planning_msgs/autoware_planning_msgs/msg/detail/lanelet_primitive__struct.h
[0.657s] -- Up-to-date symlink: /home/zyme/ros_ws/Autoware_sim_test/install/autoware_planning_msgs/include/autoware_planning_msgs/autoware_planning_msgs/msg/detail/lanelet_primitive__type_support.h
[0.657s] -- Up-to-date symlink: /home/zyme/ros_ws/Autoware_sim_test/install/autoware_planning_msgs/include/autoware_planning_msgs/autoware_planning_msgs/msg/detail/lanelet_route__functions.h
[0.657s] -- Up-to-date symlink: /home/zyme/ros_ws/Autoware_sim_test/install/autoware_planning_msgs/include/autoware_planning_msgs/autoware_planning_msgs/msg/detail/lanelet_route__struct.h
[0.658s] -- Up-to-date symlink: /home/zyme/ros_ws/Autoware_sim_test/install/autoware_planning_msgs/include/autoware_planning_msgs/autoware_planning_msgs/msg/detail/lanelet_route__type_support.h
[0.658s] -- Up-to-date symlink: /home/zyme/ros_ws/Autoware_sim_test/install/autoware_planning_msgs/include/autoware_planning_msgs/autoware_planning_msgs/msg/detail/lanelet_segment__functions.h
[0.658s] -- Up-to-date symlink: /home/zyme/ros_ws/Autoware_sim_test/install/autoware_planning_msgs/include/autoware_planning_msgs/autoware_planning_msgs/msg/detail/lanelet_segment__struct.h
[0.658s] -- Up-to-date symlink: /home/zyme/ros_ws/Autoware_sim_test/install/autoware_planning_msgs/include/autoware_planning_msgs/autoware_planning_msgs/msg/detail/lanelet_segment__type_support.h
[0.658s] -- Up-to-date symlink: /home/zyme/ros_ws/Autoware_sim_test/install/autoware_planning_msgs/include/autoware_planning_msgs/autoware_planning_msgs/msg/detail/path__functions.h
[0.658s] -- Up-to-date symlink: /home/zyme/ros_ws/Autoware_sim_test/install/autoware_planning_msgs/include/autoware_planning_msgs/autoware_planning_msgs/msg/detail/path__struct.h
[0.658s] -- Up-to-date symlink: /home/zyme/ros_ws/Autoware_sim_test/install/autoware_planning_msgs/include/autoware_planning_msgs/autoware_planning_msgs/msg/detail/path__type_support.h
[0.659s] -- Up-to-date symlink: /home/zyme/ros_ws/Autoware_sim_test/install/autoware_planning_msgs/include/autoware_planning_msgs/autoware_planning_msgs/msg/detail/path_point__functions.h
[0.659s] -- Up-to-date symlink: /home/zyme/ros_ws/Autoware_sim_test/install/autoware_planning_msgs/include/autoware_planning_msgs/autoware_planning_msgs/msg/detail/path_point__struct.h
[0.659s] -- Up-to-date symlink: /home/zyme/ros_ws/Autoware_sim_test/install/autoware_planning_msgs/include/autoware_planning_msgs/autoware_planning_msgs/msg/detail/path_point__type_support.h
[0.659s] -- Up-to-date symlink: /home/zyme/ros_ws/Autoware_sim_test/install/autoware_planning_msgs/include/autoware_planning_msgs/autoware_planning_msgs/msg/detail/path_point_with_lane_id__functions.h
[0.659s] -- Up-to-date symlink: /home/zyme/ros_ws/Autoware_sim_test/install/autoware_planning_msgs/include/autoware_planning_msgs/autoware_planning_msgs/msg/detail/path_point_with_lane_id__struct.h
[0.659s] -- Up-to-date symlink: /home/zyme/ros_ws/Autoware_sim_test/install/autoware_planning_msgs/include/autoware_planning_msgs/autoware_planning_msgs/msg/detail/path_point_with_lane_id__type_support.h
[0.659s] -- Up-to-date symlink: /home/zyme/ros_ws/Autoware_sim_test/install/autoware_planning_msgs/include/autoware_planning_msgs/autoware_planning_msgs/msg/detail/path_with_lane_id__functions.h
[0.659s] -- Up-to-date symlink: /home/zyme/ros_ws/Autoware_sim_test/install/autoware_planning_msgs/include/autoware_planning_msgs/autoware_planning_msgs/msg/detail/path_with_lane_id__struct.h
[0.659s] -- Up-to-date symlink: /home/zyme/ros_ws/Autoware_sim_test/install/autoware_planning_msgs/include/autoware_planning_msgs/autoware_planning_msgs/msg/detail/path_with_lane_id__type_support.h
[0.659s] -- Up-to-date symlink: /home/zyme/ros_ws/Autoware_sim_test/install/autoware_planning_msgs/include/autoware_planning_msgs/autoware_planning_msgs/msg/detail/pose_with_uuid_stamped__functions.h
[0.660s] -- Up-to-date symlink: /home/zyme/ros_ws/Autoware_sim_test/install/autoware_planning_msgs/include/autoware_planning_msgs/autoware_planning_msgs/msg/detail/pose_with_uuid_stamped__struct.h
[0.660s] -- Up-to-date symlink: /home/zyme/ros_ws/Autoware_sim_test/install/autoware_planning_msgs/include/autoware_planning_msgs/autoware_planning_msgs/msg/detail/pose_with_uuid_stamped__type_support.h
[0.660s] -- Up-to-date symlink: /home/zyme/ros_ws/Autoware_sim_test/install/autoware_planning_msgs/include/autoware_planning_msgs/autoware_planning_msgs/msg/detail/trajectory__functions.h
[0.660s] -- Up-to-date symlink: /home/zyme/ros_ws/Autoware_sim_test/install/autoware_planning_msgs/include/autoware_planning_msgs/autoware_planning_msgs/msg/detail/trajectory__struct.h
[0.660s] -- Up-to-date symlink: /home/zyme/ros_ws/Autoware_sim_test/install/autoware_planning_msgs/include/autoware_planning_msgs/autoware_planning_msgs/msg/detail/trajectory__type_support.h
[0.660s] -- Up-to-date symlink: /home/zyme/ros_ws/Autoware_sim_test/install/autoware_planning_msgs/include/autoware_planning_msgs/autoware_planning_msgs/msg/detail/trajectory_point__functions.h
[0.660s] -- Up-to-date symlink: /home/zyme/ros_ws/Autoware_sim_test/install/autoware_planning_msgs/include/autoware_planning_msgs/autoware_planning_msgs/msg/detail/trajectory_point__struct.h
[0.660s] -- Up-to-date symlink: /home/zyme/ros_ws/Autoware_sim_test/install/autoware_planning_msgs/include/autoware_planning_msgs/autoware_planning_msgs/msg/detail/trajectory_point__type_support.h
[0.661s] -- Up-to-date symlink: /home/zyme/ros_ws/Autoware_sim_test/install/autoware_planning_msgs/include/autoware_planning_msgs/autoware_planning_msgs/msg/lanelet_primitive.h
[0.661s] -- Up-to-date symlink: /home/zyme/ros_ws/Autoware_sim_test/install/autoware_planning_msgs/include/autoware_planning_msgs/autoware_planning_msgs/msg/lanelet_route.h
[0.661s] -- Up-to-date symlink: /home/zyme/ros_ws/Autoware_sim_test/install/autoware_planning_msgs/include/autoware_planning_msgs/autoware_planning_msgs/msg/lanelet_segment.h
[0.661s] -- Up-to-date symlink: /home/zyme/ros_ws/Autoware_sim_test/install/autoware_planning_msgs/include/autoware_planning_msgs/autoware_planning_msgs/msg/path.h
[0.661s] -- Up-to-date symlink: /home/zyme/ros_ws/Autoware_sim_test/install/autoware_planning_msgs/include/autoware_planning_msgs/autoware_planning_msgs/msg/path_point.h
[0.661s] -- Up-to-date symlink: /home/zyme/ros_ws/Autoware_sim_test/install/autoware_planning_msgs/include/autoware_planning_msgs/autoware_planning_msgs/msg/path_point_with_lane_id.h
[0.661s] -- Up-to-date symlink: /home/zyme/ros_ws/Autoware_sim_test/install/autoware_planning_msgs/include/autoware_planning_msgs/autoware_planning_msgs/msg/path_with_lane_id.h
[0.661s] -- Up-to-date symlink: /home/zyme/ros_ws/Autoware_sim_test/install/autoware_planning_msgs/include/autoware_planning_msgs/autoware_planning_msgs/msg/pose_with_uuid_stamped.h
[0.661s] -- Up-to-date symlink: /home/zyme/ros_ws/Autoware_sim_test/install/autoware_planning_msgs/include/autoware_planning_msgs/autoware_planning_msgs/msg/rosidl_generator_c__visibility_control.h
[0.662s] -- Up-to-date symlink: /home/zyme/ros_ws/Autoware_sim_test/install/autoware_planning_msgs/include/autoware_planning_msgs/autoware_planning_msgs/msg/trajectory.h
[0.662s] -- Up-to-date symlink: /home/zyme/ros_ws/Autoware_sim_test/install/autoware_planning_msgs/include/autoware_planning_msgs/autoware_planning_msgs/msg/trajectory_point.h
[0.662s] -- Up-to-date symlink: /home/zyme/ros_ws/Autoware_sim_test/install/autoware_planning_msgs/share/autoware_planning_msgs/environment/library_path.sh
[0.662s] -- Up-to-date symlink: /home/zyme/ros_ws/Autoware_sim_test/install/autoware_planning_msgs/share/autoware_planning_msgs/environment/library_path.dsv
[0.662s] -- Up-to-date symlink: /home/zyme/ros_ws/Autoware_sim_test/install/autoware_planning_msgs/include/autoware_planning_msgs/autoware_planning_msgs/msg/detail/lanelet_primitive__rosidl_typesupport_fastrtps_c.h
[0.663s] -- Up-to-date symlink: /home/zyme/ros_ws/Autoware_sim_test/install/autoware_planning_msgs/include/autoware_planning_msgs/autoware_planning_msgs/msg/detail/lanelet_route__rosidl_typesupport_fastrtps_c.h
[0.663s] -- Up-to-date symlink: /home/zyme/ros_ws/Autoware_sim_test/install/autoware_planning_msgs/include/autoware_planning_msgs/autoware_planning_msgs/msg/detail/lanelet_segment__rosidl_typesupport_fastrtps_c.h
[0.663s] -- Up-to-date symlink: /home/zyme/ros_ws/Autoware_sim_test/install/autoware_planning_msgs/include/autoware_planning_msgs/autoware_planning_msgs/msg/detail/path__rosidl_typesupport_fastrtps_c.h
[0.663s] -- Up-to-date symlink: /home/zyme/ros_ws/Autoware_sim_test/install/autoware_planning_msgs/include/autoware_planning_msgs/autoware_planning_msgs/msg/detail/path_point__rosidl_typesupport_fastrtps_c.h
[0.663s] -- Up-to-date symlink: /home/zyme/ros_ws/Autoware_sim_test/install/autoware_planning_msgs/include/autoware_planning_msgs/autoware_planning_msgs/msg/detail/path_point_with_lane_id__rosidl_typesupport_fastrtps_c.h
[0.663s] -- Up-to-date symlink: /home/zyme/ros_ws/Autoware_sim_test/install/autoware_planning_msgs/include/autoware_planning_msgs/autoware_planning_msgs/msg/detail/path_with_lane_id__rosidl_typesupport_fastrtps_c.h
[0.663s] -- Up-to-date symlink: /home/zyme/ros_ws/Autoware_sim_test/install/autoware_planning_msgs/include/autoware_planning_msgs/autoware_planning_msgs/msg/detail/pose_with_uuid_stamped__rosidl_typesupport_fastrtps_c.h
[0.663s] -- Up-to-date symlink: /home/zyme/ros_ws/Autoware_sim_test/install/autoware_planning_msgs/include/autoware_planning_msgs/autoware_planning_msgs/msg/detail/trajectory__rosidl_typesupport_fastrtps_c.h
[0.664s] -- Up-to-date symlink: /home/zyme/ros_ws/Autoware_sim_test/install/autoware_planning_msgs/include/autoware_planning_msgs/autoware_planning_msgs/msg/detail/trajectory_point__rosidl_typesupport_fastrtps_c.h
[0.664s] -- Up-to-date symlink: /home/zyme/ros_ws/Autoware_sim_test/install/autoware_planning_msgs/include/autoware_planning_msgs/autoware_planning_msgs/msg/rosidl_typesupport_fastrtps_c__visibility_control.h
[0.664s] -- Up-to-date symlink: /home/zyme/ros_ws/Autoware_sim_test/install/autoware_planning_msgs/include/autoware_planning_msgs/autoware_planning_msgs/msg/detail/lanelet_primitive__rosidl_typesupport_introspection_c.h
[0.664s] -- Up-to-date symlink: /home/zyme/ros_ws/Autoware_sim_test/install/autoware_planning_msgs/include/autoware_planning_msgs/autoware_planning_msgs/msg/detail/lanelet_route__rosidl_typesupport_introspection_c.h
[0.664s] -- Up-to-date symlink: /home/zyme/ros_ws/Autoware_sim_test/install/autoware_planning_msgs/include/autoware_planning_msgs/autoware_planning_msgs/msg/detail/lanelet_segment__rosidl_typesupport_introspection_c.h
[0.664s] -- Up-to-date symlink: /home/zyme/ros_ws/Autoware_sim_test/install/autoware_planning_msgs/include/autoware_planning_msgs/autoware_planning_msgs/msg/detail/path__rosidl_typesupport_introspection_c.h
[0.665s] -- Up-to-date symlink: /home/zyme/ros_ws/Autoware_sim_test/install/autoware_planning_msgs/include/autoware_planning_msgs/autoware_planning_msgs/msg/detail/path_point__rosidl_typesupport_introspection_c.h
[0.665s] -- Up-to-date symlink: /home/zyme/ros_ws/Autoware_sim_test/install/autoware_planning_msgs/include/autoware_planning_msgs/autoware_planning_msgs/msg/detail/path_point_with_lane_id__rosidl_typesupport_introspection_c.h
[0.665s] -- Up-to-date symlink: /home/zyme/ros_ws/Autoware_sim_test/install/autoware_planning_msgs/include/autoware_planning_msgs/autoware_planning_msgs/msg/detail/path_with_lane_id__rosidl_typesupport_introspection_c.h
[0.665s] -- Up-to-date symlink: /home/zyme/ros_ws/Autoware_sim_test/install/autoware_planning_msgs/include/autoware_planning_msgs/autoware_planning_msgs/msg/detail/pose_with_uuid_stamped__rosidl_typesupport_introspection_c.h
[0.665s] -- Up-to-date symlink: /home/zyme/ros_ws/Autoware_sim_test/install/autoware_planning_msgs/include/autoware_planning_msgs/autoware_planning_msgs/msg/detail/trajectory__rosidl_typesupport_introspection_c.h
[0.665s] -- Up-to-date symlink: /home/zyme/ros_ws/Autoware_sim_test/install/autoware_planning_msgs/include/autoware_planning_msgs/autoware_planning_msgs/msg/detail/trajectory_point__rosidl_typesupport_introspection_c.h
[0.665s] -- Up-to-date symlink: /home/zyme/ros_ws/Autoware_sim_test/install/autoware_planning_msgs/include/autoware_planning_msgs/autoware_planning_msgs/msg/rosidl_typesupport_introspection_c__visibility_control.h
[0.666s] -- Up-to-date symlink: /home/zyme/ros_ws/Autoware_sim_test/install/autoware_planning_msgs/include/autoware_planning_msgs/autoware_planning_msgs/msg/detail/lanelet_primitive__builder.hpp
[0.666s] -- Up-to-date symlink: /home/zyme/ros_ws/Autoware_sim_test/install/autoware_planning_msgs/include/autoware_planning_msgs/autoware_planning_msgs/msg/detail/lanelet_primitive__struct.hpp
[0.666s] -- Up-to-date symlink: /home/zyme/ros_ws/Autoware_sim_test/install/autoware_planning_msgs/include/autoware_planning_msgs/autoware_planning_msgs/msg/detail/lanelet_primitive__traits.hpp
[0.666s] -- Up-to-date symlink: /home/zyme/ros_ws/Autoware_sim_test/install/autoware_planning_msgs/include/autoware_planning_msgs/autoware_planning_msgs/msg/detail/lanelet_route__builder.hpp
[0.666s] -- Up-to-date symlink: /home/zyme/ros_ws/Autoware_sim_test/install/autoware_planning_msgs/include/autoware_planning_msgs/autoware_planning_msgs/msg/detail/lanelet_route__struct.hpp
[0.666s] -- Up-to-date symlink: /home/zyme/ros_ws/Autoware_sim_test/install/autoware_planning_msgs/include/autoware_planning_msgs/autoware_planning_msgs/msg/detail/lanelet_route__traits.hpp
[0.667s] -- Up-to-date symlink: /home/zyme/ros_ws/Autoware_sim_test/install/autoware_planning_msgs/include/autoware_planning_msgs/autoware_planning_msgs/msg/detail/lanelet_segment__builder.hpp
[0.667s] -- Up-to-date symlink: /home/zyme/ros_ws/Autoware_sim_test/install/autoware_planning_msgs/include/autoware_planning_msgs/autoware_planning_msgs/msg/detail/lanelet_segment__struct.hpp
[0.667s] -- Up-to-date symlink: /home/zyme/ros_ws/Autoware_sim_test/install/autoware_planning_msgs/include/autoware_planning_msgs/autoware_planning_msgs/msg/detail/lanelet_segment__traits.hpp
[0.667s] -- Up-to-date symlink: /home/zyme/ros_ws/Autoware_sim_test/install/autoware_planning_msgs/include/autoware_planning_msgs/autoware_planning_msgs/msg/detail/path__builder.hpp
[0.667s] -- Up-to-date symlink: /home/zyme/ros_ws/Autoware_sim_test/install/autoware_planning_msgs/include/autoware_planning_msgs/autoware_planning_msgs/msg/detail/path__struct.hpp
[0.667s] -- Up-to-date symlink: /home/zyme/ros_ws/Autoware_sim_test/install/autoware_planning_msgs/include/autoware_planning_msgs/autoware_planning_msgs/msg/detail/path__traits.hpp
[0.667s] -- Up-to-date symlink: /home/zyme/ros_ws/Autoware_sim_test/install/autoware_planning_msgs/include/autoware_planning_msgs/autoware_planning_msgs/msg/detail/path_point__builder.hpp
[0.668s] -- Up-to-date symlink: /home/zyme/ros_ws/Autoware_sim_test/install/autoware_planning_msgs/include/autoware_planning_msgs/autoware_planning_msgs/msg/detail/path_point__struct.hpp
[0.668s] -- Up-to-date symlink: /home/zyme/ros_ws/Autoware_sim_test/install/autoware_planning_msgs/include/autoware_planning_msgs/autoware_planning_msgs/msg/detail/path_point__traits.hpp
[0.668s] -- Up-to-date symlink: /home/zyme/ros_ws/Autoware_sim_test/install/autoware_planning_msgs/include/autoware_planning_msgs/autoware_planning_msgs/msg/detail/path_point_with_lane_id__builder.hpp
[0.668s] -- Up-to-date symlink: /home/zyme/ros_ws/Autoware_sim_test/install/autoware_planning_msgs/include/autoware_planning_msgs/autoware_planning_msgs/msg/detail/path_point_with_lane_id__struct.hpp
[0.668s] -- Up-to-date symlink: /home/zyme/ros_ws/Autoware_sim_test/install/autoware_planning_msgs/include/autoware_planning_msgs/autoware_planning_msgs/msg/detail/path_point_with_lane_id__traits.hpp
[0.668s] -- Up-to-date symlink: /home/zyme/ros_ws/Autoware_sim_test/install/autoware_planning_msgs/include/autoware_planning_msgs/autoware_planning_msgs/msg/detail/path_with_lane_id__builder.hpp
[0.668s] -- Up-to-date symlink: /home/zyme/ros_ws/Autoware_sim_test/install/autoware_planning_msgs/include/autoware_planning_msgs/autoware_planning_msgs/msg/detail/path_with_lane_id__struct.hpp
[0.669s] -- Up-to-date symlink: /home/zyme/ros_ws/Autoware_sim_test/install/autoware_planning_msgs/include/autoware_planning_msgs/autoware_planning_msgs/msg/detail/path_with_lane_id__traits.hpp
[0.669s] -- Up-to-date symlink: /home/zyme/ros_ws/Autoware_sim_test/install/autoware_planning_msgs/include/autoware_planning_msgs/autoware_planning_msgs/msg/detail/pose_with_uuid_stamped__builder.hpp
[0.669s] -- Up-to-date symlink: /home/zyme/ros_ws/Autoware_sim_test/install/autoware_planning_msgs/include/autoware_planning_msgs/autoware_planning_msgs/msg/detail/pose_with_uuid_stamped__struct.hpp
[0.669s] -- Up-to-date symlink: /home/zyme/ros_ws/Autoware_sim_test/install/autoware_planning_msgs/include/autoware_planning_msgs/autoware_planning_msgs/msg/detail/pose_with_uuid_stamped__traits.hpp
[0.669s] -- Up-to-date symlink: /home/zyme/ros_ws/Autoware_sim_test/install/autoware_planning_msgs/include/autoware_planning_msgs/autoware_planning_msgs/msg/detail/trajectory__builder.hpp
[0.669s] -- Up-to-date symlink: /home/zyme/ros_ws/Autoware_sim_test/install/autoware_planning_msgs/include/autoware_planning_msgs/autoware_planning_msgs/msg/detail/trajectory__struct.hpp
[0.669s] -- Up-to-date symlink: /home/zyme/ros_ws/Autoware_sim_test/install/autoware_planning_msgs/include/autoware_planning_msgs/autoware_planning_msgs/msg/detail/trajectory__traits.hpp
[0.669s] -- Up-to-date symlink: /home/zyme/ros_ws/Autoware_sim_test/install/autoware_planning_msgs/include/autoware_planning_msgs/autoware_planning_msgs/msg/detail/trajectory_point__builder.hpp
[0.669s] -- Up-to-date symlink: /home/zyme/ros_ws/Autoware_sim_test/install/autoware_planning_msgs/include/autoware_planning_msgs/autoware_planning_msgs/msg/detail/trajectory_point__struct.hpp
[0.670s] -- Up-to-date symlink: /home/zyme/ros_ws/Autoware_sim_test/install/autoware_planning_msgs/include/autoware_planning_msgs/autoware_planning_msgs/msg/detail/trajectory_point__traits.hpp
[0.670s] -- Up-to-date symlink: /home/zyme/ros_ws/Autoware_sim_test/install/autoware_planning_msgs/include/autoware_planning_msgs/autoware_planning_msgs/msg/lanelet_primitive.hpp
[0.670s] -- Up-to-date symlink: /home/zyme/ros_ws/Autoware_sim_test/install/autoware_planning_msgs/include/autoware_planning_msgs/autoware_planning_msgs/msg/lanelet_route.hpp
[0.670s] -- Up-to-date symlink: /home/zyme/ros_ws/Autoware_sim_test/install/autoware_planning_msgs/include/autoware_planning_msgs/autoware_planning_msgs/msg/lanelet_segment.hpp
[0.670s] -- Up-to-date symlink: /home/zyme/ros_ws/Autoware_sim_test/install/autoware_planning_msgs/include/autoware_planning_msgs/autoware_planning_msgs/msg/path.hpp
[0.670s] -- Up-to-date symlink: /home/zyme/ros_ws/Autoware_sim_test/install/autoware_planning_msgs/include/autoware_planning_msgs/autoware_planning_msgs/msg/path_point.hpp
[0.670s] -- Up-to-date symlink: /home/zyme/ros_ws/Autoware_sim_test/install/autoware_planning_msgs/include/autoware_planning_msgs/autoware_planning_msgs/msg/path_point_with_lane_id.hpp
[0.670s] -- Up-to-date symlink: /home/zyme/ros_ws/Autoware_sim_test/install/autoware_planning_msgs/include/autoware_planning_msgs/autoware_planning_msgs/msg/path_with_lane_id.hpp
[0.670s] -- Up-to-date symlink: /home/zyme/ros_ws/Autoware_sim_test/install/autoware_planning_msgs/include/autoware_planning_msgs/autoware_planning_msgs/msg/pose_with_uuid_stamped.hpp
[0.671s] -- Up-to-date symlink: /home/zyme/ros_ws/Autoware_sim_test/install/autoware_planning_msgs/include/autoware_planning_msgs/autoware_planning_msgs/msg/trajectory.hpp
[0.671s] -- Up-to-date symlink: /home/zyme/ros_ws/Autoware_sim_test/install/autoware_planning_msgs/include/autoware_planning_msgs/autoware_planning_msgs/msg/trajectory_point.hpp
[0.671s] -- Up-to-date symlink: /home/zyme/ros_ws/Autoware_sim_test/install/autoware_planning_msgs/include/autoware_planning_msgs/autoware_planning_msgs/msg/detail/lanelet_primitive__rosidl_typesupport_fastrtps_cpp.hpp
[0.671s] -- Up-to-date symlink: /home/zyme/ros_ws/Autoware_sim_test/install/autoware_planning_msgs/include/autoware_planning_msgs/autoware_planning_msgs/msg/detail/lanelet_route__rosidl_typesupport_fastrtps_cpp.hpp
[0.672s] -- Up-to-date symlink: /home/zyme/ros_ws/Autoware_sim_test/install/autoware_planning_msgs/include/autoware_planning_msgs/autoware_planning_msgs/msg/detail/lanelet_segment__rosidl_typesupport_fastrtps_cpp.hpp
[0.672s] -- Up-to-date symlink: /home/zyme/ros_ws/Autoware_sim_test/install/autoware_planning_msgs/include/autoware_planning_msgs/autoware_planning_msgs/msg/detail/path__rosidl_typesupport_fastrtps_cpp.hpp
[0.672s] -- Up-to-date symlink: /home/zyme/ros_ws/Autoware_sim_test/install/autoware_planning_msgs/include/autoware_planning_msgs/autoware_planning_msgs/msg/detail/path_point__rosidl_typesupport_fastrtps_cpp.hpp
[0.672s] -- Up-to-date symlink: /home/zyme/ros_ws/Autoware_sim_test/install/autoware_planning_msgs/include/autoware_planning_msgs/autoware_planning_msgs/msg/detail/path_point_with_lane_id__rosidl_typesupport_fastrtps_cpp.hpp
[0.672s] -- Up-to-date symlink: /home/zyme/ros_ws/Autoware_sim_test/install/autoware_planning_msgs/include/autoware_planning_msgs/autoware_planning_msgs/msg/detail/path_with_lane_id__rosidl_typesupport_fastrtps_cpp.hpp
[0.672s] -- Up-to-date symlink: /home/zyme/ros_ws/Autoware_sim_test/install/autoware_planning_msgs/include/autoware_planning_msgs/autoware_planning_msgs/msg/detail/pose_with_uuid_stamped__rosidl_typesupport_fastrtps_cpp.hpp
[0.672s] -- Up-to-date symlink: /home/zyme/ros_ws/Autoware_sim_test/install/autoware_planning_msgs/include/autoware_planning_msgs/autoware_planning_msgs/msg/detail/trajectory__rosidl_typesupport_fastrtps_cpp.hpp
[0.672s] -- Up-to-date symlink: /home/zyme/ros_ws/Autoware_sim_test/install/autoware_planning_msgs/include/autoware_planning_msgs/autoware_planning_msgs/msg/detail/trajectory_point__rosidl_typesupport_fastrtps_cpp.hpp
[0.673s] -- Up-to-date symlink: /home/zyme/ros_ws/Autoware_sim_test/install/autoware_planning_msgs/include/autoware_planning_msgs/autoware_planning_msgs/msg/rosidl_typesupport_fastrtps_cpp__visibility_control.h
[0.673s] -- Up-to-date symlink: /home/zyme/ros_ws/Autoware_sim_test/install/autoware_planning_msgs/include/autoware_planning_msgs/autoware_planning_msgs/msg/detail/lanelet_primitive__rosidl_typesupport_introspection_cpp.hpp
[0.673s] -- Up-to-date symlink: /home/zyme/ros_ws/Autoware_sim_test/install/autoware_planning_msgs/include/autoware_planning_msgs/autoware_planning_msgs/msg/detail/lanelet_route__rosidl_typesupport_introspection_cpp.hpp
[0.673s] -- Up-to-date symlink: /home/zyme/ros_ws/Autoware_sim_test/install/autoware_planning_msgs/include/autoware_planning_msgs/autoware_planning_msgs/msg/detail/lanelet_segment__rosidl_typesupport_introspection_cpp.hpp
[0.673s] -- Up-to-date symlink: /home/zyme/ros_ws/Autoware_sim_test/install/autoware_planning_msgs/include/autoware_planning_msgs/autoware_planning_msgs/msg/detail/path__rosidl_typesupport_introspection_cpp.hpp
[0.673s] -- Up-to-date symlink: /home/zyme/ros_ws/Autoware_sim_test/install/autoware_planning_msgs/include/autoware_planning_msgs/autoware_planning_msgs/msg/detail/path_point__rosidl_typesupport_introspection_cpp.hpp
[0.674s] -- Up-to-date symlink: /home/zyme/ros_ws/Autoware_sim_test/install/autoware_planning_msgs/include/autoware_planning_msgs/autoware_planning_msgs/msg/detail/path_point_with_lane_id__rosidl_typesupport_introspection_cpp.hpp
[0.674s] -- Up-to-date symlink: /home/zyme/ros_ws/Autoware_sim_test/install/autoware_planning_msgs/include/autoware_planning_msgs/autoware_planning_msgs/msg/detail/path_with_lane_id__rosidl_typesupport_introspection_cpp.hpp
[0.674s] -- Up-to-date symlink: /home/zyme/ros_ws/Autoware_sim_test/install/autoware_planning_msgs/include/autoware_planning_msgs/autoware_planning_msgs/msg/detail/pose_with_uuid_stamped__rosidl_typesupport_introspection_cpp.hpp
[0.674s] -- Up-to-date symlink: /home/zyme/ros_ws/Autoware_sim_test/install/autoware_planning_msgs/include/autoware_planning_msgs/autoware_planning_msgs/msg/detail/trajectory__rosidl_typesupport_introspection_cpp.hpp
[0.674s] -- Up-to-date symlink: /home/zyme/ros_ws/Autoware_sim_test/install/autoware_planning_msgs/include/autoware_planning_msgs/autoware_planning_msgs/msg/detail/trajectory_point__rosidl_typesupport_introspection_cpp.hpp
[0.674s] -- Up-to-date symlink: /home/zyme/ros_ws/Autoware_sim_test/install/autoware_planning_msgs/share/autoware_planning_msgs/environment/pythonpath.sh
[0.674s] -- Up-to-date symlink: /home/zyme/ros_ws/Autoware_sim_test/install/autoware_planning_msgs/share/autoware_planning_msgs/environment/pythonpath.dsv
[0.675s] -- Up-to-date symlink: /home/zyme/ros_ws/Autoware_sim_test/install/autoware_planning_msgs/local/lib/python3.10/dist-packages/autoware_planning_msgs-0.0.0-py3.10.egg-info/PKG-INFO
[0.675s] -- Up-to-date symlink: /home/zyme/ros_ws/Autoware_sim_test/install/autoware_planning_msgs/local/lib/python3.10/dist-packages/autoware_planning_msgs-0.0.0-py3.10.egg-info/SOURCES.txt
[0.675s] -- Up-to-date symlink: /home/zyme/ros_ws/Autoware_sim_test/install/autoware_planning_msgs/local/lib/python3.10/dist-packages/autoware_planning_msgs-0.0.0-py3.10.egg-info/dependency_links.txt
[0.675s] -- Up-to-date symlink: /home/zyme/ros_ws/Autoware_sim_test/install/autoware_planning_msgs/local/lib/python3.10/dist-packages/autoware_planning_msgs-0.0.0-py3.10.egg-info/top_level.txt
[0.676s] -- Up-to-date symlink: /home/zyme/ros_ws/Autoware_sim_test/install/autoware_planning_msgs/local/lib/python3.10/dist-packages/autoware_planning_msgs/__init__.py
[0.676s] -- Up-to-date symlink: /home/zyme/ros_ws/Autoware_sim_test/install/autoware_planning_msgs/local/lib/python3.10/dist-packages/autoware_planning_msgs/_autoware_planning_msgs_s.ep.rosidl_typesupport_c.c
[0.676s] -- Up-to-date symlink: /home/zyme/ros_ws/Autoware_sim_test/install/autoware_planning_msgs/local/lib/python3.10/dist-packages/autoware_planning_msgs/_autoware_planning_msgs_s.ep.rosidl_typesupport_fastrtps_c.c
[0.676s] -- Up-to-date symlink: /home/zyme/ros_ws/Autoware_sim_test/install/autoware_planning_msgs/local/lib/python3.10/dist-packages/autoware_planning_msgs/_autoware_planning_msgs_s.ep.rosidl_typesupport_introspection_c.c
[0.677s] -- Up-to-date symlink: /home/zyme/ros_ws/Autoware_sim_test/install/autoware_planning_msgs/local/lib/python3.10/dist-packages/autoware_planning_msgs/autoware_planning_msgs_s__rosidl_typesupport_c.cpython-310-x86_64-linux-gnu.so
[0.677s] -- Up-to-date symlink: /home/zyme/ros_ws/Autoware_sim_test/install/autoware_planning_msgs/local/lib/python3.10/dist-packages/autoware_planning_msgs/autoware_planning_msgs_s__rosidl_typesupport_fastrtps_c.cpython-310-x86_64-linux-gnu.so
[0.677s] -- Up-to-date symlink: /home/zyme/ros_ws/Autoware_sim_test/install/autoware_planning_msgs/local/lib/python3.10/dist-packages/autoware_planning_msgs/autoware_planning_msgs_s__rosidl_typesupport_introspection_c.cpython-310-x86_64-linux-gnu.so
[0.677s] -- Up-to-date symlink: /home/zyme/ros_ws/Autoware_sim_test/install/autoware_planning_msgs/local/lib/python3.10/dist-packages/autoware_planning_msgs/libautoware_planning_msgs__rosidl_generator_py.so
[0.677s] -- Up-to-date symlink: /home/zyme/ros_ws/Autoware_sim_test/install/autoware_planning_msgs/local/lib/python3.10/dist-packages/autoware_planning_msgs/msg/__init__.py
[0.677s] -- Up-to-date symlink: /home/zyme/ros_ws/Autoware_sim_test/install/autoware_planning_msgs/local/lib/python3.10/dist-packages/autoware_planning_msgs/msg/_lanelet_primitive.py
[0.677s] -- Up-to-date symlink: /home/zyme/ros_ws/Autoware_sim_test/install/autoware_planning_msgs/local/lib/python3.10/dist-packages/autoware_planning_msgs/msg/_lanelet_primitive_s.c
[0.677s] -- Up-to-date symlink: /home/zyme/ros_ws/Autoware_sim_test/install/autoware_planning_msgs/local/lib/python3.10/dist-packages/autoware_planning_msgs/msg/_lanelet_route.py
[0.678s] -- Up-to-date symlink: /home/zyme/ros_ws/Autoware_sim_test/install/autoware_planning_msgs/local/lib/python3.10/dist-packages/autoware_planning_msgs/msg/_lanelet_route_s.c
[0.678s] -- Up-to-date symlink: /home/zyme/ros_ws/Autoware_sim_test/install/autoware_planning_msgs/local/lib/python3.10/dist-packages/autoware_planning_msgs/msg/_lanelet_segment.py
[0.678s] -- Up-to-date symlink: /home/zyme/ros_ws/Autoware_sim_test/install/autoware_planning_msgs/local/lib/python3.10/dist-packages/autoware_planning_msgs/msg/_lanelet_segment_s.c
[0.678s] -- Up-to-date symlink: /home/zyme/ros_ws/Autoware_sim_test/install/autoware_planning_msgs/local/lib/python3.10/dist-packages/autoware_planning_msgs/msg/_path.py
[0.678s] -- Up-to-date symlink: /home/zyme/ros_ws/Autoware_sim_test/install/autoware_planning_msgs/local/lib/python3.10/dist-packages/autoware_planning_msgs/msg/_path_point.py
[0.678s] -- Up-to-date symlink: /home/zyme/ros_ws/Autoware_sim_test/install/autoware_planning_msgs/local/lib/python3.10/dist-packages/autoware_planning_msgs/msg/_path_point_s.c
[0.678s] -- Up-to-date symlink: /home/zyme/ros_ws/Autoware_sim_test/install/autoware_planning_msgs/local/lib/python3.10/dist-packages/autoware_planning_msgs/msg/_path_point_with_lane_id.py
[0.678s] -- Up-to-date symlink: /home/zyme/ros_ws/Autoware_sim_test/install/autoware_planning_msgs/local/lib/python3.10/dist-packages/autoware_planning_msgs/msg/_path_point_with_lane_id_s.c
[0.678s] -- Up-to-date symlink: /home/zyme/ros_ws/Autoware_sim_test/install/autoware_planning_msgs/local/lib/python3.10/dist-packages/autoware_planning_msgs/msg/_path_s.c
[0.679s] -- Up-to-date symlink: /home/zyme/ros_ws/Autoware_sim_test/install/autoware_planning_msgs/local/lib/python3.10/dist-packages/autoware_planning_msgs/msg/_path_with_lane_id.py
[0.679s] -- Up-to-date symlink: /home/zyme/ros_ws/Autoware_sim_test/install/autoware_planning_msgs/local/lib/python3.10/dist-packages/autoware_planning_msgs/msg/_path_with_lane_id_s.c
[0.679s] -- Up-to-date symlink: /home/zyme/ros_ws/Autoware_sim_test/install/autoware_planning_msgs/local/lib/python3.10/dist-packages/autoware_planning_msgs/msg/_pose_with_uuid_stamped.py
[0.679s] -- Up-to-date symlink: /home/zyme/ros_ws/Autoware_sim_test/install/autoware_planning_msgs/local/lib/python3.10/dist-packages/autoware_planning_msgs/msg/_pose_with_uuid_stamped_s.c
[0.679s] -- Up-to-date symlink: /home/zyme/ros_ws/Autoware_sim_test/install/autoware_planning_msgs/local/lib/python3.10/dist-packages/autoware_planning_msgs/msg/_trajectory.py
[0.679s] -- Up-to-date symlink: /home/zyme/ros_ws/Autoware_sim_test/install/autoware_planning_msgs/local/lib/python3.10/dist-packages/autoware_planning_msgs/msg/_trajectory_point.py
[0.679s] -- Up-to-date symlink: /home/zyme/ros_ws/Autoware_sim_test/install/autoware_planning_msgs/local/lib/python3.10/dist-packages/autoware_planning_msgs/msg/_trajectory_point_s.c
[0.679s] -- Up-to-date symlink: /home/zyme/ros_ws/Autoware_sim_test/install/autoware_planning_msgs/local/lib/python3.10/dist-packages/autoware_planning_msgs/msg/_trajectory_s.c
[0.679s] -- Up-to-date symlink: /home/zyme/ros_ws/Autoware_sim_test/install/autoware_planning_msgs/local/lib/python3.10/dist-packages/autoware_planning_msgs/autoware_planning_msgs_s__rosidl_typesupport_fastrtps_c.cpython-310-x86_64-linux-gnu.so
[0.680s] -- Up-to-date symlink: /home/zyme/ros_ws/Autoware_sim_test/install/autoware_planning_msgs/local/lib/python3.10/dist-packages/autoware_planning_msgs/autoware_planning_msgs_s__rosidl_typesupport_introspection_c.cpython-310-x86_64-linux-gnu.so
[0.680s] -- Up-to-date symlink: /home/zyme/ros_ws/Autoware_sim_test/install/autoware_planning_msgs/local/lib/python3.10/dist-packages/autoware_planning_msgs/autoware_planning_msgs_s__rosidl_typesupport_c.cpython-310-x86_64-linux-gnu.so
[0.680s] -- Up-to-date symlink: /home/zyme/ros_ws/Autoware_sim_test/install/autoware_planning_msgs/share/autoware_planning_msgs/msg/LaneletPrimitive.idl
[0.680s] -- Up-to-date symlink: /home/zyme/ros_ws/Autoware_sim_test/install/autoware_planning_msgs/share/autoware_planning_msgs/msg/LaneletRoute.idl
[0.680s] -- Up-to-date symlink: /home/zyme/ros_ws/Autoware_sim_test/install/autoware_planning_msgs/share/autoware_planning_msgs/msg/LaneletSegment.idl
[0.681s] -- Up-to-date symlink: /home/zyme/ros_ws/Autoware_sim_test/install/autoware_planning_msgs/share/autoware_planning_msgs/msg/PoseWithUuidStamped.idl
[0.681s] -- Up-to-date symlink: /home/zyme/ros_ws/Autoware_sim_test/install/autoware_planning_msgs/share/autoware_planning_msgs/msg/Trajectory.idl
[0.681s] -- Up-to-date symlink: /home/zyme/ros_ws/Autoware_sim_test/install/autoware_planning_msgs/share/autoware_planning_msgs/msg/TrajectoryPoint.idl
[0.681s] -- Up-to-date symlink: /home/zyme/ros_ws/Autoware_sim_test/install/autoware_planning_msgs/share/autoware_planning_msgs/msg/Path.idl
[0.681s] -- Up-to-date symlink: /home/zyme/ros_ws/Autoware_sim_test/install/autoware_planning_msgs/share/autoware_planning_msgs/msg/PathPoint.idl
[0.681s] -- Up-to-date symlink: /home/zyme/ros_ws/Autoware_sim_test/install/autoware_planning_msgs/share/autoware_planning_msgs/msg/PathWithLaneId.idl
[0.681s] -- Up-to-date symlink: /home/zyme/ros_ws/Autoware_sim_test/install/autoware_planning_msgs/share/autoware_planning_msgs/msg/PathPointWithLaneId.idl
[0.682s] -- Up-to-date symlink: /home/zyme/ros_ws/Autoware_sim_test/install/autoware_planning_msgs/share/autoware_planning_msgs/msg/LaneletPrimitive.msg
[0.682s] -- Up-to-date symlink: /home/zyme/ros_ws/Autoware_sim_test/install/autoware_planning_msgs/share/autoware_planning_msgs/msg/LaneletRoute.msg
[0.682s] -- Up-to-date symlink: /home/zyme/ros_ws/Autoware_sim_test/install/autoware_planning_msgs/share/autoware_planning_msgs/msg/LaneletSegment.msg
[0.682s] -- Up-to-date symlink: /home/zyme/ros_ws/Autoware_sim_test/install/autoware_planning_msgs/share/autoware_planning_msgs/msg/PoseWithUuidStamped.msg
[0.682s] -- Up-to-date symlink: /home/zyme/ros_ws/Autoware_sim_test/install/autoware_planning_msgs/share/autoware_planning_msgs/msg/Trajectory.msg
[0.682s] -- Up-to-date symlink: /home/zyme/ros_ws/Autoware_sim_test/install/autoware_planning_msgs/share/autoware_planning_msgs/msg/TrajectoryPoint.msg
[0.682s] -- Up-to-date symlink: /home/zyme/ros_ws/Autoware_sim_test/install/autoware_planning_msgs/share/autoware_planning_msgs/msg/Path.msg
[0.683s] -- Up-to-date symlink: /home/zyme/ros_ws/Autoware_sim_test/install/autoware_planning_msgs/share/autoware_planning_msgs/msg/PathPoint.msg
[0.683s] -- Up-to-date symlink: /home/zyme/ros_ws/Autoware_sim_test/install/autoware_planning_msgs/share/autoware_planning_msgs/msg/PathWithLaneId.msg
[0.683s] -- Up-to-date symlink: /home/zyme/ros_ws/Autoware_sim_test/install/autoware_planning_msgs/share/autoware_planning_msgs/msg/PathPointWithLaneId.msg
[0.683s] -- Up-to-date symlink: /home/zyme/ros_ws/Autoware_sim_test/install/autoware_planning_msgs/share/ament_index/resource_index/package_run_dependencies/autoware_planning_msgs
[0.683s] -- Up-to-date symlink: /home/zyme/ros_ws/Autoware_sim_test/install/autoware_planning_msgs/share/ament_index/resource_index/parent_prefix_path/autoware_planning_msgs
[0.684s] -- Up-to-date symlink: /home/zyme/ros_ws/Autoware_sim_test/install/autoware_planning_msgs/share/autoware_planning_msgs/environment/ament_prefix_path.sh
[0.684s] -- Up-to-date symlink: /home/zyme/ros_ws/Autoware_sim_test/install/autoware_planning_msgs/share/autoware_planning_msgs/environment/ament_prefix_path.dsv
[0.684s] -- Up-to-date symlink: /home/zyme/ros_ws/Autoware_sim_test/install/autoware_planning_msgs/share/autoware_planning_msgs/environment/path.sh
[0.684s] -- Up-to-date symlink: /home/zyme/ros_ws/Autoware_sim_test/install/autoware_planning_msgs/share/autoware_planning_msgs/environment/path.dsv
[0.684s] -- Up-to-date symlink: /home/zyme/ros_ws/Autoware_sim_test/install/autoware_planning_msgs/share/autoware_planning_msgs/local_setup.bash
[0.684s] -- Up-to-date symlink: /home/zyme/ros_ws/Autoware_sim_test/install/autoware_planning_msgs/share/autoware_planning_msgs/local_setup.sh
[0.684s] -- Up-to-date symlink: /home/zyme/ros_ws/Autoware_sim_test/install/autoware_planning_msgs/share/autoware_planning_msgs/local_setup.zsh
[0.685s] -- Up-to-date symlink: /home/zyme/ros_ws/Autoware_sim_test/install/autoware_planning_msgs/share/autoware_planning_msgs/local_setup.dsv
[0.685s] -- Symlinking: /home/zyme/ros_ws/Autoware_sim_test/install/autoware_planning_msgs/share/autoware_planning_msgs/package.dsv
[0.693s] -- Up-to-date symlink: /home/zyme/ros_ws/Autoware_sim_test/install/autoware_planning_msgs/share/ament_index/resource_index/packages/autoware_planning_msgs
[0.693s] -- Up-to-date symlink: /home/zyme/ros_ws/Autoware_sim_test/install/autoware_planning_msgs/share/autoware_planning_msgs/cmake/rosidl_cmake-extras.cmake
[0.693s] -- Up-to-date symlink: /home/zyme/ros_ws/Autoware_sim_test/install/autoware_planning_msgs/share/autoware_planning_msgs/cmake/ament_cmake_export_dependencies-extras.cmake
[0.694s] -- Up-to-date symlink: /home/zyme/ros_ws/Autoware_sim_test/install/autoware_planning_msgs/share/autoware_planning_msgs/cmake/ament_cmake_export_include_directories-extras.cmake
[0.694s] -- Up-to-date symlink: /home/zyme/ros_ws/Autoware_sim_test/install/autoware_planning_msgs/share/autoware_planning_msgs/cmake/ament_cmake_export_libraries-extras.cmake
[0.694s] -- Up-to-date symlink: /home/zyme/ros_ws/Autoware_sim_test/install/autoware_planning_msgs/share/autoware_planning_msgs/cmake/ament_cmake_export_targets-extras.cmake
[0.694s] -- Up-to-date symlink: /home/zyme/ros_ws/Autoware_sim_test/install/autoware_planning_msgs/share/autoware_planning_msgs/cmake/rosidl_cmake_export_typesupport_targets-extras.cmake
[0.694s] -- Up-to-date symlink: /home/zyme/ros_ws/Autoware_sim_test/install/autoware_planning_msgs/share/autoware_planning_msgs/cmake/rosidl_cmake_export_typesupport_libraries-extras.cmake
[0.694s] -- Up-to-date symlink: /home/zyme/ros_ws/Autoware_sim_test/install/autoware_planning_msgs/share/autoware_planning_msgs/cmake/autoware_planning_msgsConfig.cmake
[0.694s] -- Up-to-date symlink: /home/zyme/ros_ws/Autoware_sim_test/install/autoware_planning_msgs/share/autoware_planning_msgs/cmake/autoware_planning_msgsConfig-version.cmake
[0.694s] -- Up-to-date symlink: /home/zyme/ros_ws/Autoware_sim_test/install/autoware_planning_msgs/share/autoware_planning_msgs/package.xml
[0.695s] -- Up-to-date: /home/zyme/ros_ws/Autoware_sim_test/install/autoware_planning_msgs/lib/libautoware_planning_msgs__rosidl_generator_c.so
[0.695s] -- Up-to-date: /home/zyme/ros_ws/Autoware_sim_test/install/autoware_planning_msgs/lib/libautoware_planning_msgs__rosidl_typesupport_fastrtps_c.so
[0.695s] -- Up-to-date: /home/zyme/ros_ws/Autoware_sim_test/install/autoware_planning_msgs/lib/libautoware_planning_msgs__rosidl_typesupport_introspection_c.so
[0.696s] -- Up-to-date: /home/zyme/ros_ws/Autoware_sim_test/install/autoware_planning_msgs/lib/libautoware_planning_msgs__rosidl_typesupport_c.so
[0.696s] -- Up-to-date: /home/zyme/ros_ws/Autoware_sim_test/install/autoware_planning_msgs/lib/libautoware_planning_msgs__rosidl_typesupport_fastrtps_cpp.so
[0.696s] -- Up-to-date: /home/zyme/ros_ws/Autoware_sim_test/install/autoware_planning_msgs/lib/libautoware_planning_msgs__rosidl_typesupport_introspection_cpp.so
[0.697s] -- Up-to-date: /home/zyme/ros_ws/Autoware_sim_test/install/autoware_planning_msgs/lib/libautoware_planning_msgs__rosidl_typesupport_cpp.so
[0.725s] Listing '/home/zyme/ros_ws/Autoware_sim_test/install/autoware_planning_msgs/local/lib/python3.10/dist-packages/autoware_planning_msgs'...
[0.725s] Listing '/home/zyme/ros_ws/Autoware_sim_test/install/autoware_planning_msgs/local/lib/python3.10/dist-packages/autoware_planning_msgs/msg'...
[0.729s] -- Up-to-date: /home/zyme/ros_ws/Autoware_sim_test/install/autoware_planning_msgs/lib/libautoware_planning_msgs__rosidl_generator_py.so
[0.729s] -- Up-to-date: /home/zyme/ros_ws/Autoware_sim_test/install/autoware_planning_msgs/share/autoware_planning_msgs/cmake/export_autoware_planning_msgs__rosidl_generator_cExport.cmake
[0.729s] -- Up-to-date: /home/zyme/ros_ws/Autoware_sim_test/install/autoware_planning_msgs/share/autoware_planning_msgs/cmake/export_autoware_planning_msgs__rosidl_generator_cExport-release.cmake
[0.730s] -- Up-to-date: /home/zyme/ros_ws/Autoware_sim_test/install/autoware_planning_msgs/share/autoware_planning_msgs/cmake/export_autoware_planning_msgs__rosidl_typesupport_fastrtps_cExport.cmake
[0.730s] -- Up-to-date: /home/zyme/ros_ws/Autoware_sim_test/install/autoware_planning_msgs/share/autoware_planning_msgs/cmake/export_autoware_planning_msgs__rosidl_typesupport_fastrtps_cExport-release.cmake
[0.730s] -- Up-to-date: /home/zyme/ros_ws/Autoware_sim_test/install/autoware_planning_msgs/share/autoware_planning_msgs/cmake/autoware_planning_msgs__rosidl_typesupport_introspection_cExport.cmake
[0.730s] -- Up-to-date: /home/zyme/ros_ws/Autoware_sim_test/install/autoware_planning_msgs/share/autoware_planning_msgs/cmake/autoware_planning_msgs__rosidl_typesupport_introspection_cExport-release.cmake
[0.730s] -- Up-to-date: /home/zyme/ros_ws/Autoware_sim_test/install/autoware_planning_msgs/share/autoware_planning_msgs/cmake/autoware_planning_msgs__rosidl_typesupport_cExport.cmake
[0.730s] -- Up-to-date: /home/zyme/ros_ws/Autoware_sim_test/install/autoware_planning_msgs/share/autoware_planning_msgs/cmake/autoware_planning_msgs__rosidl_typesupport_cExport-release.cmake
[0.730s] -- Up-to-date: /home/zyme/ros_ws/Autoware_sim_test/install/autoware_planning_msgs/share/autoware_planning_msgs/cmake/export_autoware_planning_msgs__rosidl_generator_cppExport.cmake
[0.730s] -- Up-to-date: /home/zyme/ros_ws/Autoware_sim_test/install/autoware_planning_msgs/share/autoware_planning_msgs/cmake/export_autoware_planning_msgs__rosidl_typesupport_fastrtps_cppExport.cmake
[0.731s] -- Up-to-date: /home/zyme/ros_ws/Autoware_sim_test/install/autoware_planning_msgs/share/autoware_planning_msgs/cmake/export_autoware_planning_msgs__rosidl_typesupport_fastrtps_cppExport-release.cmake
[0.731s] -- Up-to-date: /home/zyme/ros_ws/Autoware_sim_test/install/autoware_planning_msgs/share/autoware_planning_msgs/cmake/autoware_planning_msgs__rosidl_typesupport_introspection_cppExport.cmake
[0.731s] -- Up-to-date: /home/zyme/ros_ws/Autoware_sim_test/install/autoware_planning_msgs/share/autoware_planning_msgs/cmake/autoware_planning_msgs__rosidl_typesupport_introspection_cppExport-release.cmake
[0.731s] -- Up-to-date: /home/zyme/ros_ws/Autoware_sim_test/install/autoware_planning_msgs/share/autoware_planning_msgs/cmake/autoware_planning_msgs__rosidl_typesupport_cppExport.cmake
[0.731s] -- Up-to-date: /home/zyme/ros_ws/Autoware_sim_test/install/autoware_planning_msgs/share/autoware_planning_msgs/cmake/autoware_planning_msgs__rosidl_typesupport_cppExport-release.cmake
[0.731s] -- Up-to-date: /home/zyme/ros_ws/Autoware_sim_test/install/autoware_planning_msgs/share/autoware_planning_msgs/cmake/export_autoware_planning_msgs__rosidl_generator_pyExport.cmake
[0.731s] -- Up-to-date: /home/zyme/ros_ws/Autoware_sim_test/install/autoware_planning_msgs/share/autoware_planning_msgs/cmake/export_autoware_planning_msgs__rosidl_generator_pyExport-release.cmake
[0.732s] Invoked command in '/home/zyme/ros_ws/Autoware_sim_test/build/autoware_planning_msgs' returned '0': CMAKE_PREFIX_PATH=/opt/ros/humble /usr/bin/cmake --install /home/zyme/ros_ws/Autoware_sim_test/build/autoware_planning_msgs
