[0.080s] Invoking command in '/home/zyme/ros_ws/Autoware_sim_test/build/yabloc_pose_initializer': AMENT_PREFIX_PATH=/home/zyme/ros_ws/Autoware_sim_test/install/yabloc_common:/home/zyme/ros_ws/Autoware_sim_test/install/lanelet2_extension:/home/zyme/ros_ws/Autoware_sim_test/install/signal_processing:/home/zyme/ros_ws/Autoware_sim_test/install/autoware_utils:/home/zyme/ros_ws/Autoware_sim_test/install/autoware_cmake:/home/zyme/ros_ws/Autoware_sim_test/install/autoware_auto_planning_msgs:/home/zyme/ros_ws/Autoware_sim_test/install/tier4_localization_msgs:/home/zyme/ros_ws/Autoware_sim_test/install/autoware_planning_msgs:/home/zyme/ros_ws/Autoware_sim_test/install/autoware_lint_common:/home/zyme/ros_ws/Autoware_sim_test/install/autoware_auto_mapping_msgs:/home/zyme/ros_ws/Autoware_sim_test/install/autoware_auto_geometry_msgs:${AMENT_PREFIX_PATH} CMAKE_PREFIX_PATH=/home/zyme/ros_ws/Autoware_sim_test/install/yabloc_common:/home/zyme/ros_ws/Autoware_sim_test/install/lanelet2_extension:/home/zyme/ros_ws/Autoware_sim_test/install/signal_processing:/home/zyme/ros_ws/Autoware_sim_test/install/autoware_utils:/home/zyme/ros_ws/Autoware_sim_test/install/autoware_cmake:/home/zyme/ros_ws/Autoware_sim_test/install/autoware_auto_planning_msgs:/home/zyme/ros_ws/Autoware_sim_test/install/tier4_localization_msgs:/home/zyme/ros_ws/Autoware_sim_test/install/autoware_planning_msgs:/home/zyme/ros_ws/Autoware_sim_test/install/autoware_lint_common:/home/zyme/ros_ws/Autoware_sim_test/install/autoware_auto_mapping_msgs:/home/zyme/ros_ws/Autoware_sim_test/install/autoware_auto_geometry_msgs:/opt/ros/humble LD_LIBRARY_PATH=/home/zyme/ros_ws/Autoware_sim_test/install/yabloc_common/lib:/home/zyme/ros_ws/Autoware_sim_test/install/lanelet2_extension/lib:/home/zyme/ros_ws/Autoware_sim_test/install/signal_processing/lib:/home/zyme/ros_ws/Autoware_sim_test/install/autoware_utils/lib:/home/zyme/ros_ws/Autoware_sim_test/install/autoware_auto_planning_msgs/lib:/home/zyme/ros_ws/Autoware_sim_test/install/tier4_localization_msgs/lib:/home/zyme/ros_ws/Autoware_sim_test/install/autoware_planning_msgs/lib:/home/zyme/ros_ws/Autoware_sim_test/install/autoware_auto_mapping_msgs/lib:/home/zyme/ros_ws/Autoware_sim_test/install/autoware_auto_geometry_msgs/lib:${LD_LIBRARY_PATH} PYTHONPATH=/home/zyme/ros_ws/Autoware_sim_test/install/autoware_auto_planning_msgs/local/lib/python3.10/dist-packages:/home/zyme/ros_ws/Autoware_sim_test/install/tier4_localization_msgs/local/lib/python3.10/dist-packages:/home/zyme/ros_ws/Autoware_sim_test/install/autoware_planning_msgs/local/lib/python3.10/dist-packages:/home/zyme/ros_ws/Autoware_sim_test/install/autoware_auto_mapping_msgs/local/lib/python3.10/dist-packages:/home/zyme/ros_ws/Autoware_sim_test/install/autoware_auto_geometry_msgs/local/lib/python3.10/dist-packages:${PYTHONPATH} /usr/bin/cmake /home/zyme/ros_ws/Autoware_sim_test/src/autoware/src/universe/autoware.universe/localization/yabloc/yabloc_pose_initializer -DCMAKE_BUILD_TYPE=Release -DCMAKE_CXX_FLAGS=-w -DAMENT_CMAKE_SYMLINK_INSTALL=1 -DCMAKE_INSTALL_PREFIX=/home/zyme/ros_ws/Autoware_sim_test/install/yabloc_pose_initializer
[0.135s] -- The C compiler identification is GNU 11.4.0
[0.192s] -- The CXX compiler identification is GNU 11.4.0
[0.199s] -- Detecting C compiler ABI info
[0.273s] -- Detecting C compiler ABI info - done
[0.281s] -- Check for working C compiler: /usr/bin/cc - skipped
[0.281s] -- Detecting C compile features
[0.282s] -- Detecting C compile features - done
[0.285s] -- Detecting CXX compiler ABI info
[0.363s] -- Detecting CXX compiler ABI info - done
[0.371s] -- Check for working CXX compiler: /usr/bin/c++ - skipped
[0.371s] -- Detecting CXX compile features
[0.371s] -- Detecting CXX compile features - done
[0.373s] -- Found autoware_cmake: 0.1.0 (/home/zyme/ros_ws/Autoware_sim_test/install/autoware_cmake/share/autoware_cmake/cmake)
[0.522s] -- Found Python3: /usr/bin/python3 (found version "3.10.12") found components: Interpreter 
[0.578s] -- Override CMake install command with custom implementation using symlinks instead of copying resources
[0.731s] -- Found rosidl_generator_c: 3.1.5 (/opt/ros/humble/share/rosidl_generator_c/cmake)
[0.738s] -- Found rosidl_adapter: 3.1.5 (/opt/ros/humble/share/rosidl_adapter/cmake)
[0.749s] -- Found rosidl_generator_cpp: 3.1.5 (/opt/ros/humble/share/rosidl_generator_cpp/cmake)
[0.765s] -- Using all available rosidl_typesupport_c: rosidl_typesupport_fastrtps_c;rosidl_typesupport_introspection_c
[0.787s] -- Using all available rosidl_typesupport_cpp: rosidl_typesupport_fastrtps_cpp;rosidl_typesupport_introspection_cpp
[1.766s] -- Found rmw_implementation_cmake: 6.1.1 (/opt/ros/humble/share/rmw_implementation_cmake/cmake)
[1.771s] -- Found rmw_cyclonedds_cpp: 1.3.4 (/opt/ros/humble/share/rmw_cyclonedds_cpp/cmake)
[1.811s] -- Using RMW implementation 'rmw_cyclonedds_cpp' as default
[1.824s] -- Looking for pthread.h
[1.900s] -- Looking for pthread.h - found
[1.901s] -- Performing Test CMAKE_HAVE_LIBC_PTHREAD
[1.977s] -- Performing Test CMAKE_HAVE_LIBC_PTHREAD - Success
[1.978s] -- Found Threads: TRUE  
[2.145s] -- Found mrt_cmake_modules: 1.0.9 (/opt/ros/humble/share/mrt_cmake_modules/cmake)
[2.245s] -- Found Boost: /usr/lib/x86_64-linux-gnu/cmake/Boost-1.74.0/BoostConfig.cmake (found version "1.74.0") found components: wserialization thread random serialization log_setup prg_exec_monitor wave system chrono filesystem locale timer date_time regex graph program_options unit_test_framework log atomic iostreams 
[2.499s] -- Found OpenMP_C: -fopenmp (found version "4.5") 
[2.592s] -- Found OpenMP_CXX: -fopenmp (found version "4.5") 
[2.592s] -- Found OpenMP: TRUE (found version "4.5")  
[2.609s] -- Found pugixml: /usr/lib/x86_64-linux-gnu/libpugixml.so  
[2.634s] -- Found PkgConfig: /usr/bin/pkg-config (found version "0.29.2") 
[2.635s] -- Found GeographicLib: /usr/lib/x86_64-linux-gnu/libGeographic.so  
[2.730s] -- Found eigen3_cmake_module: 0.1.1 (/opt/ros/humble/share/eigen3_cmake_module/cmake)
[2.731s] -- Found Eigen3: TRUE (found version "3.4.0") 
[2.732s] -- Ensuring Eigen3 include directory is part of orocos-kdl CMake target
[3.352s] -- Checking for module 'eigen3'
[3.365s] --   Found eigen3, version 3.4.0
[3.399s] -- Found Eigen: /usr/include/eigen3 (Required is at least version "3.1") 
[3.399s] -- Eigen found (include: /usr/include/eigen3, version: 3.4.0)
[3.422s] -- Checking for module 'flann'
[3.436s] --   Found flann, version 1.9.1
[3.477s] -- Found FLANN: /usr/lib/x86_64-linux-gnu/libflann_cpp.so  
[4.448s] -- Checking for module 'libusb-1.0'
[4.463s] --   Found libusb-1.0, version 1.0.25
[4.502s] -- Found libusb: /usr/lib/x86_64-linux-gnu/libusb-1.0.so  
[4.503s] -- OpenNI found (version: 1.5.4.0, include: /usr/include/ni, lib: /usr/lib/libOpenNI.so;libusb::libusb)
[4.563s] -- OpenNI2 found (version: 2.2.0.33, include: /usr/include/openni2, lib: /usr/lib/x86_64-linux-gnu/libOpenNI2.so;libusb::libusb)
[4.711s] -- Eigen found (include: /usr/include/eigen3, version: 3.4.0)
[4.717s] -- OpenNI found (version: 1.5.4.0, include: /usr/include/ni, lib: /usr/lib/libOpenNI.so;libusb::libusb)
[4.723s] -- OpenNI2 found (version: 2.2.0.33, include: /usr/include/openni2, lib: /usr/lib/x86_64-linux-gnu/libOpenNI2.so;libusb::libusb)
[4.864s] -- Found Qhull version 8.0.2
[5.009s] -- OpenNI found (version: 1.5.4.0, include: /usr/include/ni, lib: /usr/lib/libOpenNI.so;libusb::libusb)
[5.148s] -- Found PCL_COMMON: /usr/lib/x86_64-linux-gnu/libpcl_common.so  
[5.149s] -- Found PCL_KDTREE: /usr/lib/x86_64-linux-gnu/libpcl_kdtree.so  
[5.150s] -- Found PCL_OCTREE: /usr/lib/x86_64-linux-gnu/libpcl_octree.so  
[5.150s] -- Found PCL_SEARCH: /usr/lib/x86_64-linux-gnu/libpcl_search.so  
[5.151s] -- Found PCL_SAMPLE_CONSENSUS: /usr/lib/x86_64-linux-gnu/libpcl_sample_consensus.so  
[5.152s] -- Found PCL_FILTERS: /usr/lib/x86_64-linux-gnu/libpcl_filters.so  
[5.152s] -- Found PCL_2D: /usr/include/pcl-1.12  
[5.153s] -- Found PCL_GEOMETRY: /usr/include/pcl-1.12  
[5.153s] -- Found PCL_IO: /usr/lib/x86_64-linux-gnu/libpcl_io.so  
[5.154s] -- Found PCL_FEATURES: /usr/lib/x86_64-linux-gnu/libpcl_features.so  
[5.155s] -- Found PCL_ML: /usr/lib/x86_64-linux-gnu/libpcl_ml.so  
[5.156s] -- Found PCL_SEGMENTATION: /usr/lib/x86_64-linux-gnu/libpcl_segmentation.so  
[5.157s] -- Found PCL_VISUALIZATION: /usr/lib/x86_64-linux-gnu/libpcl_visualization.so  
[5.158s] -- Found PCL_SURFACE: /usr/lib/x86_64-linux-gnu/libpcl_surface.so  
[5.159s] -- Found PCL_REGISTRATION: /usr/lib/x86_64-linux-gnu/libpcl_registration.so  
[5.160s] -- Found PCL_KEYPOINTS: /usr/lib/x86_64-linux-gnu/libpcl_keypoints.so  
[5.161s] -- Found PCL_TRACKING: /usr/lib/x86_64-linux-gnu/libpcl_tracking.so  
[5.161s] -- Found PCL_RECOGNITION: /usr/lib/x86_64-linux-gnu/libpcl_recognition.so  
[5.162s] -- Found PCL_STEREO: /usr/lib/x86_64-linux-gnu/libpcl_stereo.so  
[5.163s] -- Found PCL_APPS: /usr/lib/x86_64-linux-gnu/libpcl_apps.so  
[5.164s] -- Found PCL_IN_HAND_SCANNER: /usr/include/pcl-1.12  
[5.164s] -- Found PCL_MODELER: /usr/include/pcl-1.12  
[5.165s] -- Found PCL_POINT_CLOUD_EDITOR: /usr/include/pcl-1.12  
[5.165s] -- Found PCL_OUTOFCORE: /usr/lib/x86_64-linux-gnu/libpcl_outofcore.so  
[5.166s] -- Found PCL_PEOPLE: /usr/lib/x86_64-linux-gnu/libpcl_people.so  
[6.364s] -- Found ament_lint_auto: 0.12.10 (/opt/ros/humble/share/ament_lint_auto/cmake)
[6.379s] [33mCMake Warning (dev) at CMakeLists.txt:12 (find_package):
[6.379s]   Policy CMP0074 is not set: find_package uses <PackageName>_ROOT variables.
[6.379s]   Run "cmake --help-policy CMP0074" for policy details.  Use the cmake_policy
[6.379s]   command to set the policy and suppress this warning.
[6.379s] 
[6.379s]   CMake variable PCL_ROOT is set to:
[6.379s] 
[6.379s]     /usr
[6.380s] 
[6.380s]   For compatibility, CMake is ignoring the variable.
[6.380s] This warning is for project developers.  Use -Wno-dev to suppress it.
[6.380s] [0m
[6.388s] -- Found Eigen3: TRUE (found suitable version "3.4.0", minimum required is "3.4.0") 
[8.691s] -- Added test 'copyright' to check source files copyright and LICENSE
[8.694s] -- Added test 'cppcheck' to perform static code analysis on C / C++ code
[8.695s] -- Configured cppcheck include dirs: /home/zyme/ros_ws/Autoware_sim_test/src/autoware/src/universe/autoware.universe/localization/yabloc/yabloc_pose_initializer/include
[8.695s] -- Configured cppcheck exclude dirs and/or files: 
[8.696s] -- Added test 'lint_cmake' to check CMake code style
[8.697s] -- Added test 'xmllint' to check XML markup files
[8.700s] -- Configuring done
[8.802s] -- Generating done
[8.805s] -- Build files have been written to: /home/zyme/ros_ws/Autoware_sim_test/build/yabloc_pose_initializer
[8.824s] Invoked command in '/home/zyme/ros_ws/Autoware_sim_test/build/yabloc_pose_initializer' returned '0': AMENT_PREFIX_PATH=/home/zyme/ros_ws/Autoware_sim_test/install/yabloc_common:/home/zyme/ros_ws/Autoware_sim_test/install/lanelet2_extension:/home/zyme/ros_ws/Autoware_sim_test/install/signal_processing:/home/zyme/ros_ws/Autoware_sim_test/install/autoware_utils:/home/zyme/ros_ws/Autoware_sim_test/install/autoware_cmake:/home/zyme/ros_ws/Autoware_sim_test/install/autoware_auto_planning_msgs:/home/zyme/ros_ws/Autoware_sim_test/install/tier4_localization_msgs:/home/zyme/ros_ws/Autoware_sim_test/install/autoware_planning_msgs:/home/zyme/ros_ws/Autoware_sim_test/install/autoware_lint_common:/home/zyme/ros_ws/Autoware_sim_test/install/autoware_auto_mapping_msgs:/home/zyme/ros_ws/Autoware_sim_test/install/autoware_auto_geometry_msgs:${AMENT_PREFIX_PATH} CMAKE_PREFIX_PATH=/home/zyme/ros_ws/Autoware_sim_test/install/yabloc_common:/home/zyme/ros_ws/Autoware_sim_test/install/lanelet2_extension:/home/zyme/ros_ws/Autoware_sim_test/install/signal_processing:/home/zyme/ros_ws/Autoware_sim_test/install/autoware_utils:/home/zyme/ros_ws/Autoware_sim_test/install/autoware_cmake:/home/zyme/ros_ws/Autoware_sim_test/install/autoware_auto_planning_msgs:/home/zyme/ros_ws/Autoware_sim_test/install/tier4_localization_msgs:/home/zyme/ros_ws/Autoware_sim_test/install/autoware_planning_msgs:/home/zyme/ros_ws/Autoware_sim_test/install/autoware_lint_common:/home/zyme/ros_ws/Autoware_sim_test/install/autoware_auto_mapping_msgs:/home/zyme/ros_ws/Autoware_sim_test/install/autoware_auto_geometry_msgs:/opt/ros/humble LD_LIBRARY_PATH=/home/zyme/ros_ws/Autoware_sim_test/install/yabloc_common/lib:/home/zyme/ros_ws/Autoware_sim_test/install/lanelet2_extension/lib:/home/zyme/ros_ws/Autoware_sim_test/install/signal_processing/lib:/home/zyme/ros_ws/Autoware_sim_test/install/autoware_utils/lib:/home/zyme/ros_ws/Autoware_sim_test/install/autoware_auto_planning_msgs/lib:/home/zyme/ros_ws/Autoware_sim_test/install/tier4_localization_msgs/lib:/home/zyme/ros_ws/Autoware_sim_test/install/autoware_planning_msgs/lib:/home/zyme/ros_ws/Autoware_sim_test/install/autoware_auto_mapping_msgs/lib:/home/zyme/ros_ws/Autoware_sim_test/install/autoware_auto_geometry_msgs/lib:${LD_LIBRARY_PATH} PYTHONPATH=/home/zyme/ros_ws/Autoware_sim_test/install/autoware_auto_planning_msgs/local/lib/python3.10/dist-packages:/home/zyme/ros_ws/Autoware_sim_test/install/tier4_localization_msgs/local/lib/python3.10/dist-packages:/home/zyme/ros_ws/Autoware_sim_test/install/autoware_planning_msgs/local/lib/python3.10/dist-packages:/home/zyme/ros_ws/Autoware_sim_test/install/autoware_auto_mapping_msgs/local/lib/python3.10/dist-packages:/home/zyme/ros_ws/Autoware_sim_test/install/autoware_auto_geometry_msgs/local/lib/python3.10/dist-packages:${PYTHONPATH} /usr/bin/cmake /home/zyme/ros_ws/Autoware_sim_test/src/autoware/src/universe/autoware.universe/localization/yabloc/yabloc_pose_initializer -DCMAKE_BUILD_TYPE=Release -DCMAKE_CXX_FLAGS=-w -DAMENT_CMAKE_SYMLINK_INSTALL=1 -DCMAKE_INSTALL_PREFIX=/home/zyme/ros_ws/Autoware_sim_test/install/yabloc_pose_initializer
[8.826s] Invoking command in '/home/zyme/ros_ws/Autoware_sim_test/build/yabloc_pose_initializer': AMENT_PREFIX_PATH=/home/zyme/ros_ws/Autoware_sim_test/install/yabloc_common:/home/zyme/ros_ws/Autoware_sim_test/install/lanelet2_extension:/home/zyme/ros_ws/Autoware_sim_test/install/signal_processing:/home/zyme/ros_ws/Autoware_sim_test/install/autoware_utils:/home/zyme/ros_ws/Autoware_sim_test/install/autoware_cmake:/home/zyme/ros_ws/Autoware_sim_test/install/autoware_auto_planning_msgs:/home/zyme/ros_ws/Autoware_sim_test/install/tier4_localization_msgs:/home/zyme/ros_ws/Autoware_sim_test/install/autoware_planning_msgs:/home/zyme/ros_ws/Autoware_sim_test/install/autoware_lint_common:/home/zyme/ros_ws/Autoware_sim_test/install/autoware_auto_mapping_msgs:/home/zyme/ros_ws/Autoware_sim_test/install/autoware_auto_geometry_msgs:${AMENT_PREFIX_PATH} CMAKE_PREFIX_PATH=/home/zyme/ros_ws/Autoware_sim_test/install/yabloc_common:/home/zyme/ros_ws/Autoware_sim_test/install/lanelet2_extension:/home/zyme/ros_ws/Autoware_sim_test/install/signal_processing:/home/zyme/ros_ws/Autoware_sim_test/install/autoware_utils:/home/zyme/ros_ws/Autoware_sim_test/install/autoware_cmake:/home/zyme/ros_ws/Autoware_sim_test/install/autoware_auto_planning_msgs:/home/zyme/ros_ws/Autoware_sim_test/install/tier4_localization_msgs:/home/zyme/ros_ws/Autoware_sim_test/install/autoware_planning_msgs:/home/zyme/ros_ws/Autoware_sim_test/install/autoware_lint_common:/home/zyme/ros_ws/Autoware_sim_test/install/autoware_auto_mapping_msgs:/home/zyme/ros_ws/Autoware_sim_test/install/autoware_auto_geometry_msgs:/opt/ros/humble LD_LIBRARY_PATH=/home/zyme/ros_ws/Autoware_sim_test/install/yabloc_common/lib:/home/zyme/ros_ws/Autoware_sim_test/install/lanelet2_extension/lib:/home/zyme/ros_ws/Autoware_sim_test/install/signal_processing/lib:/home/zyme/ros_ws/Autoware_sim_test/install/autoware_utils/lib:/home/zyme/ros_ws/Autoware_sim_test/install/autoware_auto_planning_msgs/lib:/home/zyme/ros_ws/Autoware_sim_test/install/tier4_localization_msgs/lib:/home/zyme/ros_ws/Autoware_sim_test/install/autoware_planning_msgs/lib:/home/zyme/ros_ws/Autoware_sim_test/install/autoware_auto_mapping_msgs/lib:/home/zyme/ros_ws/Autoware_sim_test/install/autoware_auto_geometry_msgs/lib:${LD_LIBRARY_PATH} PYTHONPATH=/home/zyme/ros_ws/Autoware_sim_test/install/autoware_auto_planning_msgs/local/lib/python3.10/dist-packages:/home/zyme/ros_ws/Autoware_sim_test/install/tier4_localization_msgs/local/lib/python3.10/dist-packages:/home/zyme/ros_ws/Autoware_sim_test/install/autoware_planning_msgs/local/lib/python3.10/dist-packages:/home/zyme/ros_ws/Autoware_sim_test/install/autoware_auto_mapping_msgs/local/lib/python3.10/dist-packages:/home/zyme/ros_ws/Autoware_sim_test/install/autoware_auto_geometry_msgs/local/lib/python3.10/dist-packages:${PYTHONPATH} /usr/bin/cmake --build /home/zyme/ros_ws/Autoware_sim_test/build/yabloc_pose_initializer -- -j12 -l12
[8.886s] [ 42%] [32mBuilding CXX object CMakeFiles/camera_pose_initializer_node.dir/src/camera/projector_module.cpp.o[0m
[8.887s] [ 42%] [32mBuilding CXX object CMakeFiles/camera_pose_initializer_node.dir/src/camera/lane_image.cpp.o[0m
[8.887s] [ 42%] [32mBuilding CXX object CMakeFiles/camera_pose_initializer_node.dir/src/camera/marker_module.cpp.o[0m
[8.887s] [ 57%] [32mBuilding CXX object CMakeFiles/camera_pose_initializer_node.dir/src/camera/semantic_segmentation.cpp.o[0m
[8.887s] [ 71%] [32mBuilding CXX object CMakeFiles/camera_pose_initializer_node.dir/src/camera/camera_pose_initializer_core.cpp.o[0m
[8.888s] [ 85%] [32mBuilding CXX object CMakeFiles/camera_pose_initializer_node.dir/src/camera/camera_pose_initializer_node.cpp.o[0m
[28.555s] [100%] [32m[1mLinking CXX executable camera_pose_initializer_node[0m
[29.402s] [100%] Built target camera_pose_initializer_node
[29.413s] Invoked command in '/home/zyme/ros_ws/Autoware_sim_test/build/yabloc_pose_initializer' returned '0': AMENT_PREFIX_PATH=/home/zyme/ros_ws/Autoware_sim_test/install/yabloc_common:/home/zyme/ros_ws/Autoware_sim_test/install/lanelet2_extension:/home/zyme/ros_ws/Autoware_sim_test/install/signal_processing:/home/zyme/ros_ws/Autoware_sim_test/install/autoware_utils:/home/zyme/ros_ws/Autoware_sim_test/install/autoware_cmake:/home/zyme/ros_ws/Autoware_sim_test/install/autoware_auto_planning_msgs:/home/zyme/ros_ws/Autoware_sim_test/install/tier4_localization_msgs:/home/zyme/ros_ws/Autoware_sim_test/install/autoware_planning_msgs:/home/zyme/ros_ws/Autoware_sim_test/install/autoware_lint_common:/home/zyme/ros_ws/Autoware_sim_test/install/autoware_auto_mapping_msgs:/home/zyme/ros_ws/Autoware_sim_test/install/autoware_auto_geometry_msgs:${AMENT_PREFIX_PATH} CMAKE_PREFIX_PATH=/home/zyme/ros_ws/Autoware_sim_test/install/yabloc_common:/home/zyme/ros_ws/Autoware_sim_test/install/lanelet2_extension:/home/zyme/ros_ws/Autoware_sim_test/install/signal_processing:/home/zyme/ros_ws/Autoware_sim_test/install/autoware_utils:/home/zyme/ros_ws/Autoware_sim_test/install/autoware_cmake:/home/zyme/ros_ws/Autoware_sim_test/install/autoware_auto_planning_msgs:/home/zyme/ros_ws/Autoware_sim_test/install/tier4_localization_msgs:/home/zyme/ros_ws/Autoware_sim_test/install/autoware_planning_msgs:/home/zyme/ros_ws/Autoware_sim_test/install/autoware_lint_common:/home/zyme/ros_ws/Autoware_sim_test/install/autoware_auto_mapping_msgs:/home/zyme/ros_ws/Autoware_sim_test/install/autoware_auto_geometry_msgs:/opt/ros/humble LD_LIBRARY_PATH=/home/zyme/ros_ws/Autoware_sim_test/install/yabloc_common/lib:/home/zyme/ros_ws/Autoware_sim_test/install/lanelet2_extension/lib:/home/zyme/ros_ws/Autoware_sim_test/install/signal_processing/lib:/home/zyme/ros_ws/Autoware_sim_test/install/autoware_utils/lib:/home/zyme/ros_ws/Autoware_sim_test/install/autoware_auto_planning_msgs/lib:/home/zyme/ros_ws/Autoware_sim_test/install/tier4_localization_msgs/lib:/home/zyme/ros_ws/Autoware_sim_test/install/autoware_planning_msgs/lib:/home/zyme/ros_ws/Autoware_sim_test/install/autoware_auto_mapping_msgs/lib:/home/zyme/ros_ws/Autoware_sim_test/install/autoware_auto_geometry_msgs/lib:${LD_LIBRARY_PATH} PYTHONPATH=/home/zyme/ros_ws/Autoware_sim_test/install/autoware_auto_planning_msgs/local/lib/python3.10/dist-packages:/home/zyme/ros_ws/Autoware_sim_test/install/tier4_localization_msgs/local/lib/python3.10/dist-packages:/home/zyme/ros_ws/Autoware_sim_test/install/autoware_planning_msgs/local/lib/python3.10/dist-packages:/home/zyme/ros_ws/Autoware_sim_test/install/autoware_auto_mapping_msgs/local/lib/python3.10/dist-packages:/home/zyme/ros_ws/Autoware_sim_test/install/autoware_auto_geometry_msgs/local/lib/python3.10/dist-packages:${PYTHONPATH} /usr/bin/cmake --build /home/zyme/ros_ws/Autoware_sim_test/build/yabloc_pose_initializer -- -j12 -l12
[29.451s] Invoking command in '/home/zyme/ros_ws/Autoware_sim_test/build/yabloc_pose_initializer': AMENT_PREFIX_PATH=/home/zyme/ros_ws/Autoware_sim_test/install/yabloc_common:/home/zyme/ros_ws/Autoware_sim_test/install/lanelet2_extension:/home/zyme/ros_ws/Autoware_sim_test/install/signal_processing:/home/zyme/ros_ws/Autoware_sim_test/install/autoware_utils:/home/zyme/ros_ws/Autoware_sim_test/install/autoware_cmake:/home/zyme/ros_ws/Autoware_sim_test/install/autoware_auto_planning_msgs:/home/zyme/ros_ws/Autoware_sim_test/install/tier4_localization_msgs:/home/zyme/ros_ws/Autoware_sim_test/install/autoware_planning_msgs:/home/zyme/ros_ws/Autoware_sim_test/install/autoware_lint_common:/home/zyme/ros_ws/Autoware_sim_test/install/autoware_auto_mapping_msgs:/home/zyme/ros_ws/Autoware_sim_test/install/autoware_auto_geometry_msgs:${AMENT_PREFIX_PATH} CMAKE_PREFIX_PATH=/home/zyme/ros_ws/Autoware_sim_test/install/yabloc_common:/home/zyme/ros_ws/Autoware_sim_test/install/lanelet2_extension:/home/zyme/ros_ws/Autoware_sim_test/install/signal_processing:/home/zyme/ros_ws/Autoware_sim_test/install/autoware_utils:/home/zyme/ros_ws/Autoware_sim_test/install/autoware_cmake:/home/zyme/ros_ws/Autoware_sim_test/install/autoware_auto_planning_msgs:/home/zyme/ros_ws/Autoware_sim_test/install/tier4_localization_msgs:/home/zyme/ros_ws/Autoware_sim_test/install/autoware_planning_msgs:/home/zyme/ros_ws/Autoware_sim_test/install/autoware_lint_common:/home/zyme/ros_ws/Autoware_sim_test/install/autoware_auto_mapping_msgs:/home/zyme/ros_ws/Autoware_sim_test/install/autoware_auto_geometry_msgs:/opt/ros/humble LD_LIBRARY_PATH=/home/zyme/ros_ws/Autoware_sim_test/install/yabloc_common/lib:/home/zyme/ros_ws/Autoware_sim_test/install/lanelet2_extension/lib:/home/zyme/ros_ws/Autoware_sim_test/install/signal_processing/lib:/home/zyme/ros_ws/Autoware_sim_test/install/autoware_utils/lib:/home/zyme/ros_ws/Autoware_sim_test/install/autoware_auto_planning_msgs/lib:/home/zyme/ros_ws/Autoware_sim_test/install/tier4_localization_msgs/lib:/home/zyme/ros_ws/Autoware_sim_test/install/autoware_planning_msgs/lib:/home/zyme/ros_ws/Autoware_sim_test/install/autoware_auto_mapping_msgs/lib:/home/zyme/ros_ws/Autoware_sim_test/install/autoware_auto_geometry_msgs/lib:${LD_LIBRARY_PATH} PYTHONPATH=/home/zyme/ros_ws/Autoware_sim_test/install/autoware_auto_planning_msgs/local/lib/python3.10/dist-packages:/home/zyme/ros_ws/Autoware_sim_test/install/tier4_localization_msgs/local/lib/python3.10/dist-packages:/home/zyme/ros_ws/Autoware_sim_test/install/autoware_planning_msgs/local/lib/python3.10/dist-packages:/home/zyme/ros_ws/Autoware_sim_test/install/autoware_auto_mapping_msgs/local/lib/python3.10/dist-packages:/home/zyme/ros_ws/Autoware_sim_test/install/autoware_auto_geometry_msgs/local/lib/python3.10/dist-packages:${PYTHONPATH} /usr/bin/cmake --install /home/zyme/ros_ws/Autoware_sim_test/build/yabloc_pose_initializer
[29.460s] -- Install configuration: "Release"
[29.461s] -- Execute custom install script
[29.461s] -- Symlinking: /home/zyme/ros_ws/Autoware_sim_test/install/yabloc_pose_initializer/include/yabloc_pose_initializer/camera/camera_pose_initializer.hpp
[29.472s] -- Symlinking: /home/zyme/ros_ws/Autoware_sim_test/install/yabloc_pose_initializer/include/yabloc_pose_initializer/camera/lane_image.hpp
[29.482s] -- Symlinking: /home/zyme/ros_ws/Autoware_sim_test/install/yabloc_pose_initializer/include/yabloc_pose_initializer/camera/marker_module.hpp
[29.492s] -- Symlinking: /home/zyme/ros_ws/Autoware_sim_test/install/yabloc_pose_initializer/include/yabloc_pose_initializer/camera/projector_module.hpp
[29.502s] -- Symlinking: /home/zyme/ros_ws/Autoware_sim_test/install/yabloc_pose_initializer/include/yabloc_pose_initializer/camera/semantic_segmentation.hpp
[29.512s] -- Symlinking: /home/zyme/ros_ws/Autoware_sim_test/install/yabloc_pose_initializer/lib/yabloc_pose_initializer/camera_pose_initializer_node
[29.522s] -- Symlinking: /home/zyme/ros_ws/Autoware_sim_test/install/yabloc_pose_initializer/share/yabloc_pose_initializer/config/camera_pose_initializer.param.yaml
[29.532s] -- Symlinking: /home/zyme/ros_ws/Autoware_sim_test/install/yabloc_pose_initializer/share/yabloc_pose_initializer/launch/yabloc_pose_initializer.launch.xml
[29.542s] -- Symlinking: /home/zyme/ros_ws/Autoware_sim_test/install/yabloc_pose_initializer/share/ament_index/resource_index/package_run_dependencies/yabloc_pose_initializer
[29.552s] -- Symlinking: /home/zyme/ros_ws/Autoware_sim_test/install/yabloc_pose_initializer/share/ament_index/resource_index/parent_prefix_path/yabloc_pose_initializer
[29.561s] -- Symlinking: /home/zyme/ros_ws/Autoware_sim_test/install/yabloc_pose_initializer/share/yabloc_pose_initializer/environment/ament_prefix_path.sh
[29.570s] -- Symlinking: /home/zyme/ros_ws/Autoware_sim_test/install/yabloc_pose_initializer/share/yabloc_pose_initializer/environment/ament_prefix_path.dsv
[29.579s] -- Symlinking: /home/zyme/ros_ws/Autoware_sim_test/install/yabloc_pose_initializer/share/yabloc_pose_initializer/environment/path.sh
[29.589s] -- Symlinking: /home/zyme/ros_ws/Autoware_sim_test/install/yabloc_pose_initializer/share/yabloc_pose_initializer/environment/path.dsv
[29.598s] -- Symlinking: /home/zyme/ros_ws/Autoware_sim_test/install/yabloc_pose_initializer/share/yabloc_pose_initializer/local_setup.bash
[29.607s] -- Symlinking: /home/zyme/ros_ws/Autoware_sim_test/install/yabloc_pose_initializer/share/yabloc_pose_initializer/local_setup.sh
[29.617s] -- Symlinking: /home/zyme/ros_ws/Autoware_sim_test/install/yabloc_pose_initializer/share/yabloc_pose_initializer/local_setup.zsh
[29.626s] -- Symlinking: /home/zyme/ros_ws/Autoware_sim_test/install/yabloc_pose_initializer/share/yabloc_pose_initializer/local_setup.dsv
[29.635s] -- Symlinking: /home/zyme/ros_ws/Autoware_sim_test/install/yabloc_pose_initializer/share/yabloc_pose_initializer/package.dsv
[29.643s] -- Symlinking: /home/zyme/ros_ws/Autoware_sim_test/install/yabloc_pose_initializer/share/ament_index/resource_index/packages/yabloc_pose_initializer
[29.652s] -- Symlinking: /home/zyme/ros_ws/Autoware_sim_test/install/yabloc_pose_initializer/share/yabloc_pose_initializer/cmake/ament_cmake_export_dependencies-extras.cmake
[29.661s] -- Symlinking: /home/zyme/ros_ws/Autoware_sim_test/install/yabloc_pose_initializer/share/yabloc_pose_initializer/cmake/ament_cmake_export_include_directories-extras.cmake
[29.670s] -- Symlinking: /home/zyme/ros_ws/Autoware_sim_test/install/yabloc_pose_initializer/share/yabloc_pose_initializer/cmake/yabloc_pose_initializerConfig.cmake
[29.679s] -- Symlinking: /home/zyme/ros_ws/Autoware_sim_test/install/yabloc_pose_initializer/share/yabloc_pose_initializer/cmake/yabloc_pose_initializerConfig-version.cmake
[29.688s] -- Symlinking: /home/zyme/ros_ws/Autoware_sim_test/install/yabloc_pose_initializer/share/yabloc_pose_initializer/package.xml
[29.698s] Invoked command in '/home/zyme/ros_ws/Autoware_sim_test/build/yabloc_pose_initializer' returned '0': AMENT_PREFIX_PATH=/home/zyme/ros_ws/Autoware_sim_test/install/yabloc_common:/home/zyme/ros_ws/Autoware_sim_test/install/lanelet2_extension:/home/zyme/ros_ws/Autoware_sim_test/install/signal_processing:/home/zyme/ros_ws/Autoware_sim_test/install/autoware_utils:/home/zyme/ros_ws/Autoware_sim_test/install/autoware_cmake:/home/zyme/ros_ws/Autoware_sim_test/install/autoware_auto_planning_msgs:/home/zyme/ros_ws/Autoware_sim_test/install/tier4_localization_msgs:/home/zyme/ros_ws/Autoware_sim_test/install/autoware_planning_msgs:/home/zyme/ros_ws/Autoware_sim_test/install/autoware_lint_common:/home/zyme/ros_ws/Autoware_sim_test/install/autoware_auto_mapping_msgs:/home/zyme/ros_ws/Autoware_sim_test/install/autoware_auto_geometry_msgs:${AMENT_PREFIX_PATH} CMAKE_PREFIX_PATH=/home/zyme/ros_ws/Autoware_sim_test/install/yabloc_common:/home/zyme/ros_ws/Autoware_sim_test/install/lanelet2_extension:/home/zyme/ros_ws/Autoware_sim_test/install/signal_processing:/home/zyme/ros_ws/Autoware_sim_test/install/autoware_utils:/home/zyme/ros_ws/Autoware_sim_test/install/autoware_cmake:/home/zyme/ros_ws/Autoware_sim_test/install/autoware_auto_planning_msgs:/home/zyme/ros_ws/Autoware_sim_test/install/tier4_localization_msgs:/home/zyme/ros_ws/Autoware_sim_test/install/autoware_planning_msgs:/home/zyme/ros_ws/Autoware_sim_test/install/autoware_lint_common:/home/zyme/ros_ws/Autoware_sim_test/install/autoware_auto_mapping_msgs:/home/zyme/ros_ws/Autoware_sim_test/install/autoware_auto_geometry_msgs:/opt/ros/humble LD_LIBRARY_PATH=/home/zyme/ros_ws/Autoware_sim_test/install/yabloc_common/lib:/home/zyme/ros_ws/Autoware_sim_test/install/lanelet2_extension/lib:/home/zyme/ros_ws/Autoware_sim_test/install/signal_processing/lib:/home/zyme/ros_ws/Autoware_sim_test/install/autoware_utils/lib:/home/zyme/ros_ws/Autoware_sim_test/install/autoware_auto_planning_msgs/lib:/home/zyme/ros_ws/Autoware_sim_test/install/tier4_localization_msgs/lib:/home/zyme/ros_ws/Autoware_sim_test/install/autoware_planning_msgs/lib:/home/zyme/ros_ws/Autoware_sim_test/install/autoware_auto_mapping_msgs/lib:/home/zyme/ros_ws/Autoware_sim_test/install/autoware_auto_geometry_msgs/lib:${LD_LIBRARY_PATH} PYTHONPATH=/home/zyme/ros_ws/Autoware_sim_test/install/autoware_auto_planning_msgs/local/lib/python3.10/dist-packages:/home/zyme/ros_ws/Autoware_sim_test/install/tier4_localization_msgs/local/lib/python3.10/dist-packages:/home/zyme/ros_ws/Autoware_sim_test/install/autoware_planning_msgs/local/lib/python3.10/dist-packages:/home/zyme/ros_ws/Autoware_sim_test/install/autoware_auto_mapping_msgs/local/lib/python3.10/dist-packages:/home/zyme/ros_ws/Autoware_sim_test/install/autoware_auto_geometry_msgs/local/lib/python3.10/dist-packages:${PYTHONPATH} /usr/bin/cmake --install /home/zyme/ros_ws/Autoware_sim_test/build/yabloc_pose_initializer
