[0.057s] Invoking command in '/home/zyme/ros_ws/Autoware_sim_test/build/autoware_system_msgs': CMAKE_PREFIX_PATH=/opt/ros/humble /usr/bin/cmake --build /home/zyme/ros_ws/Autoware_sim_test/build/autoware_system_msgs -- -j12 -l12
[0.108s] [  2%] Built target autoware_system_msgs__cpp
[0.108s] [ 12%] Built target autoware_system_msgs__rosidl_generator_c
[0.118s] [ 12%] Built target ament_cmake_python_symlink_autoware_system_msgs
[0.139s] [ 23%] Built target autoware_system_msgs__rosidl_typesupport_fastrtps_cpp
[0.139s] [ 34%] Built target autoware_system_msgs__rosidl_typesupport_cpp
[0.141s] [ 44%] Built target autoware_system_msgs__rosidl_typesupport_introspection_cpp
[0.147s] [ 55%] Built target autoware_system_msgs__rosidl_typesupport_c
[0.147s] [ 65%] Built target autoware_system_msgs__rosidl_typesupport_fastrtps_c
[0.148s] [ 76%] Built target autoware_system_msgs__rosidl_typesupport_introspection_c
[0.169s] [ 76%] Built target autoware_system_msgs
[0.190s] [ 78%] Built target autoware_system_msgs__py
[0.213s] [ 87%] Built target autoware_system_msgs__rosidl_generator_py
[0.237s] [ 97%] Built target autoware_system_msgs__rosidl_typesupport_c__pyext
[0.237s] [ 97%] Built target autoware_system_msgs__rosidl_typesupport_fastrtps_c__pyext
[0.237s] [100%] Built target autoware_system_msgs__rosidl_typesupport_introspection_c__pyext
[0.378s] running egg_info
[0.379s] writing autoware_system_msgs.egg-info/PKG-INFO
[0.379s] writing dependency_links to autoware_system_msgs.egg-info/dependency_links.txt
[0.380s] writing top-level names to autoware_system_msgs.egg-info/top_level.txt
[0.381s] reading manifest file 'autoware_system_msgs.egg-info/SOURCES.txt'
[0.382s] writing manifest file 'autoware_system_msgs.egg-info/SOURCES.txt'
[0.406s] [100%] Built target ament_cmake_python_build_autoware_system_msgs_egg
[0.417s] Invoked command in '/home/zyme/ros_ws/Autoware_sim_test/build/autoware_system_msgs' returned '0': CMAKE_PREFIX_PATH=/opt/ros/humble /usr/bin/cmake --build /home/zyme/ros_ws/Autoware_sim_test/build/autoware_system_msgs -- -j12 -l12
[0.514s] Invoking command in '/home/zyme/ros_ws/Autoware_sim_test/build/autoware_system_msgs': CMAKE_PREFIX_PATH=/opt/ros/humble /usr/bin/cmake --install /home/zyme/ros_ws/Autoware_sim_test/build/autoware_system_msgs
[0.526s] -- Install configuration: "Release"
[0.527s] -- Execute custom install script
[0.528s] -- Up-to-date symlink: /home/zyme/ros_ws/Autoware_sim_test/install/autoware_system_msgs/share/ament_index/resource_index/rosidl_interfaces/autoware_system_msgs
[0.529s] -- Up-to-date symlink: /home/zyme/ros_ws/Autoware_sim_test/install/autoware_system_msgs/include/autoware_system_msgs/autoware_system_msgs/msg/autoware_state.h
[0.529s] -- Up-to-date symlink: /home/zyme/ros_ws/Autoware_sim_test/install/autoware_system_msgs/include/autoware_system_msgs/autoware_system_msgs/msg/detail/autoware_state__functions.h
[0.529s] -- Up-to-date symlink: /home/zyme/ros_ws/Autoware_sim_test/install/autoware_system_msgs/include/autoware_system_msgs/autoware_system_msgs/msg/detail/autoware_state__struct.h
[0.529s] -- Up-to-date symlink: /home/zyme/ros_ws/Autoware_sim_test/install/autoware_system_msgs/include/autoware_system_msgs/autoware_system_msgs/msg/detail/autoware_state__type_support.h
[0.530s] -- Up-to-date symlink: /home/zyme/ros_ws/Autoware_sim_test/install/autoware_system_msgs/include/autoware_system_msgs/autoware_system_msgs/msg/detail/hazard_status__functions.h
[0.530s] -- Up-to-date symlink: /home/zyme/ros_ws/Autoware_sim_test/install/autoware_system_msgs/include/autoware_system_msgs/autoware_system_msgs/msg/detail/hazard_status__struct.h
[0.530s] -- Up-to-date symlink: /home/zyme/ros_ws/Autoware_sim_test/install/autoware_system_msgs/include/autoware_system_msgs/autoware_system_msgs/msg/detail/hazard_status__type_support.h
[0.531s] -- Up-to-date symlink: /home/zyme/ros_ws/Autoware_sim_test/install/autoware_system_msgs/include/autoware_system_msgs/autoware_system_msgs/msg/detail/hazard_status_stamped__functions.h
[0.531s] -- Up-to-date symlink: /home/zyme/ros_ws/Autoware_sim_test/install/autoware_system_msgs/include/autoware_system_msgs/autoware_system_msgs/msg/detail/hazard_status_stamped__struct.h
[0.531s] -- Up-to-date symlink: /home/zyme/ros_ws/Autoware_sim_test/install/autoware_system_msgs/include/autoware_system_msgs/autoware_system_msgs/msg/detail/hazard_status_stamped__type_support.h
[0.532s] -- Up-to-date symlink: /home/zyme/ros_ws/Autoware_sim_test/install/autoware_system_msgs/include/autoware_system_msgs/autoware_system_msgs/msg/hazard_status.h
[0.532s] -- Up-to-date symlink: /home/zyme/ros_ws/Autoware_sim_test/install/autoware_system_msgs/include/autoware_system_msgs/autoware_system_msgs/msg/hazard_status_stamped.h
[0.532s] -- Up-to-date symlink: /home/zyme/ros_ws/Autoware_sim_test/install/autoware_system_msgs/include/autoware_system_msgs/autoware_system_msgs/msg/rosidl_generator_c__visibility_control.h
[0.533s] -- Up-to-date symlink: /home/zyme/ros_ws/Autoware_sim_test/install/autoware_system_msgs/share/autoware_system_msgs/environment/library_path.sh
[0.533s] -- Up-to-date symlink: /home/zyme/ros_ws/Autoware_sim_test/install/autoware_system_msgs/share/autoware_system_msgs/environment/library_path.dsv
[0.534s] -- Up-to-date symlink: /home/zyme/ros_ws/Autoware_sim_test/install/autoware_system_msgs/include/autoware_system_msgs/autoware_system_msgs/msg/detail/autoware_state__rosidl_typesupport_fastrtps_c.h
[0.535s] -- Up-to-date symlink: /home/zyme/ros_ws/Autoware_sim_test/install/autoware_system_msgs/include/autoware_system_msgs/autoware_system_msgs/msg/detail/hazard_status__rosidl_typesupport_fastrtps_c.h
[0.535s] -- Up-to-date symlink: /home/zyme/ros_ws/Autoware_sim_test/install/autoware_system_msgs/include/autoware_system_msgs/autoware_system_msgs/msg/detail/hazard_status_stamped__rosidl_typesupport_fastrtps_c.h
[0.535s] -- Up-to-date symlink: /home/zyme/ros_ws/Autoware_sim_test/install/autoware_system_msgs/include/autoware_system_msgs/autoware_system_msgs/msg/rosidl_typesupport_fastrtps_c__visibility_control.h
[0.536s] -- Up-to-date symlink: /home/zyme/ros_ws/Autoware_sim_test/install/autoware_system_msgs/include/autoware_system_msgs/autoware_system_msgs/msg/detail/autoware_state__rosidl_typesupport_introspection_c.h
[0.536s] -- Up-to-date symlink: /home/zyme/ros_ws/Autoware_sim_test/install/autoware_system_msgs/include/autoware_system_msgs/autoware_system_msgs/msg/detail/hazard_status__rosidl_typesupport_introspection_c.h
[0.536s] -- Up-to-date symlink: /home/zyme/ros_ws/Autoware_sim_test/install/autoware_system_msgs/include/autoware_system_msgs/autoware_system_msgs/msg/detail/hazard_status_stamped__rosidl_typesupport_introspection_c.h
[0.537s] -- Up-to-date symlink: /home/zyme/ros_ws/Autoware_sim_test/install/autoware_system_msgs/include/autoware_system_msgs/autoware_system_msgs/msg/rosidl_typesupport_introspection_c__visibility_control.h
[0.538s] -- Up-to-date symlink: /home/zyme/ros_ws/Autoware_sim_test/install/autoware_system_msgs/include/autoware_system_msgs/autoware_system_msgs/msg/autoware_state.hpp
[0.538s] -- Up-to-date symlink: /home/zyme/ros_ws/Autoware_sim_test/install/autoware_system_msgs/include/autoware_system_msgs/autoware_system_msgs/msg/detail/autoware_state__builder.hpp
[0.538s] -- Up-to-date symlink: /home/zyme/ros_ws/Autoware_sim_test/install/autoware_system_msgs/include/autoware_system_msgs/autoware_system_msgs/msg/detail/autoware_state__struct.hpp
[0.539s] -- Up-to-date symlink: /home/zyme/ros_ws/Autoware_sim_test/install/autoware_system_msgs/include/autoware_system_msgs/autoware_system_msgs/msg/detail/autoware_state__traits.hpp
[0.539s] -- Up-to-date symlink: /home/zyme/ros_ws/Autoware_sim_test/install/autoware_system_msgs/include/autoware_system_msgs/autoware_system_msgs/msg/detail/hazard_status__builder.hpp
[0.539s] -- Up-to-date symlink: /home/zyme/ros_ws/Autoware_sim_test/install/autoware_system_msgs/include/autoware_system_msgs/autoware_system_msgs/msg/detail/hazard_status__struct.hpp
[0.539s] -- Up-to-date symlink: /home/zyme/ros_ws/Autoware_sim_test/install/autoware_system_msgs/include/autoware_system_msgs/autoware_system_msgs/msg/detail/hazard_status__traits.hpp
[0.540s] -- Up-to-date symlink: /home/zyme/ros_ws/Autoware_sim_test/install/autoware_system_msgs/include/autoware_system_msgs/autoware_system_msgs/msg/detail/hazard_status_stamped__builder.hpp
[0.540s] -- Up-to-date symlink: /home/zyme/ros_ws/Autoware_sim_test/install/autoware_system_msgs/include/autoware_system_msgs/autoware_system_msgs/msg/detail/hazard_status_stamped__struct.hpp
[0.540s] -- Up-to-date symlink: /home/zyme/ros_ws/Autoware_sim_test/install/autoware_system_msgs/include/autoware_system_msgs/autoware_system_msgs/msg/detail/hazard_status_stamped__traits.hpp
[0.540s] -- Up-to-date symlink: /home/zyme/ros_ws/Autoware_sim_test/install/autoware_system_msgs/include/autoware_system_msgs/autoware_system_msgs/msg/hazard_status.hpp
[0.541s] -- Up-to-date symlink: /home/zyme/ros_ws/Autoware_sim_test/install/autoware_system_msgs/include/autoware_system_msgs/autoware_system_msgs/msg/hazard_status_stamped.hpp
[0.542s] -- Up-to-date symlink: /home/zyme/ros_ws/Autoware_sim_test/install/autoware_system_msgs/include/autoware_system_msgs/autoware_system_msgs/msg/detail/autoware_state__rosidl_typesupport_fastrtps_cpp.hpp
[0.542s] -- Up-to-date symlink: /home/zyme/ros_ws/Autoware_sim_test/install/autoware_system_msgs/include/autoware_system_msgs/autoware_system_msgs/msg/detail/hazard_status__rosidl_typesupport_fastrtps_cpp.hpp
[0.542s] -- Up-to-date symlink: /home/zyme/ros_ws/Autoware_sim_test/install/autoware_system_msgs/include/autoware_system_msgs/autoware_system_msgs/msg/detail/hazard_status_stamped__rosidl_typesupport_fastrtps_cpp.hpp
[0.543s] -- Up-to-date symlink: /home/zyme/ros_ws/Autoware_sim_test/install/autoware_system_msgs/include/autoware_system_msgs/autoware_system_msgs/msg/rosidl_typesupport_fastrtps_cpp__visibility_control.h
[0.543s] -- Up-to-date symlink: /home/zyme/ros_ws/Autoware_sim_test/install/autoware_system_msgs/include/autoware_system_msgs/autoware_system_msgs/msg/detail/autoware_state__rosidl_typesupport_introspection_cpp.hpp
[0.544s] -- Up-to-date symlink: /home/zyme/ros_ws/Autoware_sim_test/install/autoware_system_msgs/include/autoware_system_msgs/autoware_system_msgs/msg/detail/hazard_status__rosidl_typesupport_introspection_cpp.hpp
[0.544s] -- Up-to-date symlink: /home/zyme/ros_ws/Autoware_sim_test/install/autoware_system_msgs/include/autoware_system_msgs/autoware_system_msgs/msg/detail/hazard_status_stamped__rosidl_typesupport_introspection_cpp.hpp
[0.544s] -- Up-to-date symlink: /home/zyme/ros_ws/Autoware_sim_test/install/autoware_system_msgs/share/autoware_system_msgs/environment/pythonpath.sh
[0.544s] -- Up-to-date symlink: /home/zyme/ros_ws/Autoware_sim_test/install/autoware_system_msgs/share/autoware_system_msgs/environment/pythonpath.dsv
[0.545s] -- Up-to-date symlink: /home/zyme/ros_ws/Autoware_sim_test/install/autoware_system_msgs/local/lib/python3.10/dist-packages/autoware_system_msgs-0.0.0-py3.10.egg-info/PKG-INFO
[0.545s] -- Up-to-date symlink: /home/zyme/ros_ws/Autoware_sim_test/install/autoware_system_msgs/local/lib/python3.10/dist-packages/autoware_system_msgs-0.0.0-py3.10.egg-info/SOURCES.txt
[0.545s] -- Up-to-date symlink: /home/zyme/ros_ws/Autoware_sim_test/install/autoware_system_msgs/local/lib/python3.10/dist-packages/autoware_system_msgs-0.0.0-py3.10.egg-info/dependency_links.txt
[0.546s] -- Up-to-date symlink: /home/zyme/ros_ws/Autoware_sim_test/install/autoware_system_msgs/local/lib/python3.10/dist-packages/autoware_system_msgs-0.0.0-py3.10.egg-info/top_level.txt
[0.546s] -- Up-to-date symlink: /home/zyme/ros_ws/Autoware_sim_test/install/autoware_system_msgs/local/lib/python3.10/dist-packages/autoware_system_msgs/__init__.py
[0.547s] -- Up-to-date symlink: /home/zyme/ros_ws/Autoware_sim_test/install/autoware_system_msgs/local/lib/python3.10/dist-packages/autoware_system_msgs/_autoware_system_msgs_s.ep.rosidl_typesupport_c.c
[0.547s] -- Up-to-date symlink: /home/zyme/ros_ws/Autoware_sim_test/install/autoware_system_msgs/local/lib/python3.10/dist-packages/autoware_system_msgs/_autoware_system_msgs_s.ep.rosidl_typesupport_fastrtps_c.c
[0.547s] -- Up-to-date symlink: /home/zyme/ros_ws/Autoware_sim_test/install/autoware_system_msgs/local/lib/python3.10/dist-packages/autoware_system_msgs/_autoware_system_msgs_s.ep.rosidl_typesupport_introspection_c.c
[0.547s] -- Up-to-date symlink: /home/zyme/ros_ws/Autoware_sim_test/install/autoware_system_msgs/local/lib/python3.10/dist-packages/autoware_system_msgs/autoware_system_msgs_s__rosidl_typesupport_c.cpython-310-x86_64-linux-gnu.so
[0.547s] -- Up-to-date symlink: /home/zyme/ros_ws/Autoware_sim_test/install/autoware_system_msgs/local/lib/python3.10/dist-packages/autoware_system_msgs/autoware_system_msgs_s__rosidl_typesupport_fastrtps_c.cpython-310-x86_64-linux-gnu.so
[0.547s] -- Up-to-date symlink: /home/zyme/ros_ws/Autoware_sim_test/install/autoware_system_msgs/local/lib/python3.10/dist-packages/autoware_system_msgs/autoware_system_msgs_s__rosidl_typesupport_introspection_c.cpython-310-x86_64-linux-gnu.so
[0.547s] -- Up-to-date symlink: /home/zyme/ros_ws/Autoware_sim_test/install/autoware_system_msgs/local/lib/python3.10/dist-packages/autoware_system_msgs/libautoware_system_msgs__rosidl_generator_py.so
[0.548s] -- Up-to-date symlink: /home/zyme/ros_ws/Autoware_sim_test/install/autoware_system_msgs/local/lib/python3.10/dist-packages/autoware_system_msgs/msg/__init__.py
[0.548s] -- Up-to-date symlink: /home/zyme/ros_ws/Autoware_sim_test/install/autoware_system_msgs/local/lib/python3.10/dist-packages/autoware_system_msgs/msg/_autoware_state.py
[0.548s] -- Up-to-date symlink: /home/zyme/ros_ws/Autoware_sim_test/install/autoware_system_msgs/local/lib/python3.10/dist-packages/autoware_system_msgs/msg/_autoware_state_s.c
[0.548s] -- Up-to-date symlink: /home/zyme/ros_ws/Autoware_sim_test/install/autoware_system_msgs/local/lib/python3.10/dist-packages/autoware_system_msgs/msg/_hazard_status.py
[0.548s] -- Up-to-date symlink: /home/zyme/ros_ws/Autoware_sim_test/install/autoware_system_msgs/local/lib/python3.10/dist-packages/autoware_system_msgs/msg/_hazard_status_s.c
[0.548s] -- Up-to-date symlink: /home/zyme/ros_ws/Autoware_sim_test/install/autoware_system_msgs/local/lib/python3.10/dist-packages/autoware_system_msgs/msg/_hazard_status_stamped.py
[0.548s] -- Up-to-date symlink: /home/zyme/ros_ws/Autoware_sim_test/install/autoware_system_msgs/local/lib/python3.10/dist-packages/autoware_system_msgs/msg/_hazard_status_stamped_s.c
[0.549s] -- Up-to-date symlink: /home/zyme/ros_ws/Autoware_sim_test/install/autoware_system_msgs/local/lib/python3.10/dist-packages/autoware_system_msgs/autoware_system_msgs_s__rosidl_typesupport_fastrtps_c.cpython-310-x86_64-linux-gnu.so
[0.549s] -- Up-to-date symlink: /home/zyme/ros_ws/Autoware_sim_test/install/autoware_system_msgs/local/lib/python3.10/dist-packages/autoware_system_msgs/autoware_system_msgs_s__rosidl_typesupport_introspection_c.cpython-310-x86_64-linux-gnu.so
[0.550s] -- Up-to-date symlink: /home/zyme/ros_ws/Autoware_sim_test/install/autoware_system_msgs/local/lib/python3.10/dist-packages/autoware_system_msgs/autoware_system_msgs_s__rosidl_typesupport_c.cpython-310-x86_64-linux-gnu.so
[0.550s] -- Up-to-date symlink: /home/zyme/ros_ws/Autoware_sim_test/install/autoware_system_msgs/share/autoware_system_msgs/msg/AutowareState.idl
[0.550s] -- Up-to-date symlink: /home/zyme/ros_ws/Autoware_sim_test/install/autoware_system_msgs/share/autoware_system_msgs/msg/HazardStatus.idl
[0.550s] -- Up-to-date symlink: /home/zyme/ros_ws/Autoware_sim_test/install/autoware_system_msgs/share/autoware_system_msgs/msg/HazardStatusStamped.idl
[0.550s] -- Up-to-date symlink: /home/zyme/ros_ws/Autoware_sim_test/install/autoware_system_msgs/share/autoware_system_msgs/msg/AutowareState.msg
[0.550s] -- Up-to-date symlink: /home/zyme/ros_ws/Autoware_sim_test/install/autoware_system_msgs/share/autoware_system_msgs/msg/HazardStatus.msg
[0.551s] -- Up-to-date symlink: /home/zyme/ros_ws/Autoware_sim_test/install/autoware_system_msgs/share/autoware_system_msgs/msg/HazardStatusStamped.msg
[0.551s] -- Up-to-date symlink: /home/zyme/ros_ws/Autoware_sim_test/install/autoware_system_msgs/share/ament_index/resource_index/package_run_dependencies/autoware_system_msgs
[0.551s] -- Up-to-date symlink: /home/zyme/ros_ws/Autoware_sim_test/install/autoware_system_msgs/share/ament_index/resource_index/parent_prefix_path/autoware_system_msgs
[0.552s] -- Up-to-date symlink: /home/zyme/ros_ws/Autoware_sim_test/install/autoware_system_msgs/share/autoware_system_msgs/environment/ament_prefix_path.sh
[0.552s] -- Up-to-date symlink: /home/zyme/ros_ws/Autoware_sim_test/install/autoware_system_msgs/share/autoware_system_msgs/environment/ament_prefix_path.dsv
[0.552s] -- Up-to-date symlink: /home/zyme/ros_ws/Autoware_sim_test/install/autoware_system_msgs/share/autoware_system_msgs/environment/path.sh
[0.552s] -- Up-to-date symlink: /home/zyme/ros_ws/Autoware_sim_test/install/autoware_system_msgs/share/autoware_system_msgs/environment/path.dsv
[0.552s] -- Up-to-date symlink: /home/zyme/ros_ws/Autoware_sim_test/install/autoware_system_msgs/share/autoware_system_msgs/local_setup.bash
[0.552s] -- Up-to-date symlink: /home/zyme/ros_ws/Autoware_sim_test/install/autoware_system_msgs/share/autoware_system_msgs/local_setup.sh
[0.552s] -- Up-to-date symlink: /home/zyme/ros_ws/Autoware_sim_test/install/autoware_system_msgs/share/autoware_system_msgs/local_setup.zsh
[0.553s] -- Up-to-date symlink: /home/zyme/ros_ws/Autoware_sim_test/install/autoware_system_msgs/share/autoware_system_msgs/local_setup.dsv
[0.553s] -- Symlinking: /home/zyme/ros_ws/Autoware_sim_test/install/autoware_system_msgs/share/autoware_system_msgs/package.dsv
[0.561s] -- Up-to-date symlink: /home/zyme/ros_ws/Autoware_sim_test/install/autoware_system_msgs/share/ament_index/resource_index/packages/autoware_system_msgs
[0.562s] -- Up-to-date symlink: /home/zyme/ros_ws/Autoware_sim_test/install/autoware_system_msgs/share/autoware_system_msgs/cmake/rosidl_cmake-extras.cmake
[0.562s] -- Up-to-date symlink: /home/zyme/ros_ws/Autoware_sim_test/install/autoware_system_msgs/share/autoware_system_msgs/cmake/ament_cmake_export_dependencies-extras.cmake
[0.562s] -- Up-to-date symlink: /home/zyme/ros_ws/Autoware_sim_test/install/autoware_system_msgs/share/autoware_system_msgs/cmake/ament_cmake_export_include_directories-extras.cmake
[0.562s] -- Up-to-date symlink: /home/zyme/ros_ws/Autoware_sim_test/install/autoware_system_msgs/share/autoware_system_msgs/cmake/ament_cmake_export_libraries-extras.cmake
[0.562s] -- Up-to-date symlink: /home/zyme/ros_ws/Autoware_sim_test/install/autoware_system_msgs/share/autoware_system_msgs/cmake/ament_cmake_export_targets-extras.cmake
[0.563s] -- Up-to-date symlink: /home/zyme/ros_ws/Autoware_sim_test/install/autoware_system_msgs/share/autoware_system_msgs/cmake/rosidl_cmake_export_typesupport_targets-extras.cmake
[0.563s] -- Up-to-date symlink: /home/zyme/ros_ws/Autoware_sim_test/install/autoware_system_msgs/share/autoware_system_msgs/cmake/rosidl_cmake_export_typesupport_libraries-extras.cmake
[0.563s] -- Up-to-date symlink: /home/zyme/ros_ws/Autoware_sim_test/install/autoware_system_msgs/share/autoware_system_msgs/cmake/autoware_system_msgsConfig.cmake
[0.563s] -- Up-to-date symlink: /home/zyme/ros_ws/Autoware_sim_test/install/autoware_system_msgs/share/autoware_system_msgs/cmake/autoware_system_msgsConfig-version.cmake
[0.563s] -- Up-to-date symlink: /home/zyme/ros_ws/Autoware_sim_test/install/autoware_system_msgs/share/autoware_system_msgs/package.xml
[0.563s] -- Up-to-date: /home/zyme/ros_ws/Autoware_sim_test/install/autoware_system_msgs/lib/libautoware_system_msgs__rosidl_generator_c.so
[0.564s] -- Up-to-date: /home/zyme/ros_ws/Autoware_sim_test/install/autoware_system_msgs/lib/libautoware_system_msgs__rosidl_typesupport_fastrtps_c.so
[0.565s] -- Up-to-date: /home/zyme/ros_ws/Autoware_sim_test/install/autoware_system_msgs/lib/libautoware_system_msgs__rosidl_typesupport_introspection_c.so
[0.565s] -- Up-to-date: /home/zyme/ros_ws/Autoware_sim_test/install/autoware_system_msgs/lib/libautoware_system_msgs__rosidl_typesupport_c.so
[0.565s] -- Up-to-date: /home/zyme/ros_ws/Autoware_sim_test/install/autoware_system_msgs/lib/libautoware_system_msgs__rosidl_typesupport_fastrtps_cpp.so
[0.566s] -- Up-to-date: /home/zyme/ros_ws/Autoware_sim_test/install/autoware_system_msgs/lib/libautoware_system_msgs__rosidl_typesupport_introspection_cpp.so
[0.566s] -- Up-to-date: /home/zyme/ros_ws/Autoware_sim_test/install/autoware_system_msgs/lib/libautoware_system_msgs__rosidl_typesupport_cpp.so
[0.595s] Listing '/home/zyme/ros_ws/Autoware_sim_test/install/autoware_system_msgs/local/lib/python3.10/dist-packages/autoware_system_msgs'...
[0.595s] Listing '/home/zyme/ros_ws/Autoware_sim_test/install/autoware_system_msgs/local/lib/python3.10/dist-packages/autoware_system_msgs/msg'...
[0.598s] -- Up-to-date: /home/zyme/ros_ws/Autoware_sim_test/install/autoware_system_msgs/lib/libautoware_system_msgs__rosidl_generator_py.so
[0.599s] -- Up-to-date: /home/zyme/ros_ws/Autoware_sim_test/install/autoware_system_msgs/share/autoware_system_msgs/cmake/export_autoware_system_msgs__rosidl_generator_cExport.cmake
[0.599s] -- Up-to-date: /home/zyme/ros_ws/Autoware_sim_test/install/autoware_system_msgs/share/autoware_system_msgs/cmake/export_autoware_system_msgs__rosidl_generator_cExport-release.cmake
[0.599s] -- Up-to-date: /home/zyme/ros_ws/Autoware_sim_test/install/autoware_system_msgs/share/autoware_system_msgs/cmake/export_autoware_system_msgs__rosidl_typesupport_fastrtps_cExport.cmake
[0.599s] -- Up-to-date: /home/zyme/ros_ws/Autoware_sim_test/install/autoware_system_msgs/share/autoware_system_msgs/cmake/export_autoware_system_msgs__rosidl_typesupport_fastrtps_cExport-release.cmake
[0.600s] -- Up-to-date: /home/zyme/ros_ws/Autoware_sim_test/install/autoware_system_msgs/share/autoware_system_msgs/cmake/autoware_system_msgs__rosidl_typesupport_introspection_cExport.cmake
[0.600s] -- Up-to-date: /home/zyme/ros_ws/Autoware_sim_test/install/autoware_system_msgs/share/autoware_system_msgs/cmake/autoware_system_msgs__rosidl_typesupport_introspection_cExport-release.cmake
[0.600s] -- Up-to-date: /home/zyme/ros_ws/Autoware_sim_test/install/autoware_system_msgs/share/autoware_system_msgs/cmake/autoware_system_msgs__rosidl_typesupport_cExport.cmake
[0.600s] -- Up-to-date: /home/zyme/ros_ws/Autoware_sim_test/install/autoware_system_msgs/share/autoware_system_msgs/cmake/autoware_system_msgs__rosidl_typesupport_cExport-release.cmake
[0.600s] -- Up-to-date: /home/zyme/ros_ws/Autoware_sim_test/install/autoware_system_msgs/share/autoware_system_msgs/cmake/export_autoware_system_msgs__rosidl_generator_cppExport.cmake
[0.601s] -- Up-to-date: /home/zyme/ros_ws/Autoware_sim_test/install/autoware_system_msgs/share/autoware_system_msgs/cmake/export_autoware_system_msgs__rosidl_typesupport_fastrtps_cppExport.cmake
[0.601s] -- Up-to-date: /home/zyme/ros_ws/Autoware_sim_test/install/autoware_system_msgs/share/autoware_system_msgs/cmake/export_autoware_system_msgs__rosidl_typesupport_fastrtps_cppExport-release.cmake
[0.601s] -- Up-to-date: /home/zyme/ros_ws/Autoware_sim_test/install/autoware_system_msgs/share/autoware_system_msgs/cmake/autoware_system_msgs__rosidl_typesupport_introspection_cppExport.cmake
[0.601s] -- Up-to-date: /home/zyme/ros_ws/Autoware_sim_test/install/autoware_system_msgs/share/autoware_system_msgs/cmake/autoware_system_msgs__rosidl_typesupport_introspection_cppExport-release.cmake
[0.601s] -- Up-to-date: /home/zyme/ros_ws/Autoware_sim_test/install/autoware_system_msgs/share/autoware_system_msgs/cmake/autoware_system_msgs__rosidl_typesupport_cppExport.cmake
[0.601s] -- Up-to-date: /home/zyme/ros_ws/Autoware_sim_test/install/autoware_system_msgs/share/autoware_system_msgs/cmake/autoware_system_msgs__rosidl_typesupport_cppExport-release.cmake
[0.602s] -- Up-to-date: /home/zyme/ros_ws/Autoware_sim_test/install/autoware_system_msgs/share/autoware_system_msgs/cmake/export_autoware_system_msgs__rosidl_generator_pyExport.cmake
[0.602s] -- Up-to-date: /home/zyme/ros_ws/Autoware_sim_test/install/autoware_system_msgs/share/autoware_system_msgs/cmake/export_autoware_system_msgs__rosidl_generator_pyExport-release.cmake
[0.604s] Invoked command in '/home/zyme/ros_ws/Autoware_sim_test/build/autoware_system_msgs' returned '0': CMAKE_PREFIX_PATH=/opt/ros/humble /usr/bin/cmake --install /home/zyme/ros_ws/Autoware_sim_test/build/autoware_system_msgs
