[0.055s] Invoking command in '/home/zyme/ros_ws/Autoware_sim_test/build/rtklib_msgs': CMAKE_PREFIX_PATH=/opt/ros/humble /usr/bin/cmake --build /home/zyme/ros_ws/Autoware_sim_test/build/rtklib_msgs -- -j12 -l12
[0.100s] [  3%] Built target rtklib_msgs__cpp
[0.101s] [ 12%] Built target rtklib_msgs__rosidl_generator_c
[0.109s] [ 12%] Built target ament_cmake_python_symlink_rtklib_msgs
[0.126s] [ 32%] Built target rtklib_msgs__rosidl_typesupport_introspection_cpp
[0.127s] [ 32%] Built target rtklib_msgs__rosidl_typesupport_fastrtps_cpp
[0.132s] [ 41%] Built target rtklib_msgs__rosidl_typesupport_cpp
[0.137s] [ 51%] Built target rtklib_msgs__rosidl_typesupport_c
[0.138s] [ 70%] Built target rtklib_msgs__rosidl_typesupport_introspection_c
[0.138s] [ 70%] Built target rtklib_msgs__rosidl_typesupport_fastrtps_c
[0.158s] [ 70%] Built target rtklib_msgs
[0.178s] [ 74%] Built target rtklib_msgs__py
[0.199s] [ 80%] Built target rtklib_msgs__rosidl_generator_py
[0.221s] [ 93%] Built target rtklib_msgs__rosidl_typesupport_c__pyext
[0.221s] [ 93%] Built target rtklib_msgs__rosidl_typesupport_fastrtps_c__pyext
[0.222s] [100%] Built target rtklib_msgs__rosidl_typesupport_introspection_c__pyext
[0.372s] running egg_info
[0.373s] writing rtklib_msgs.egg-info/PKG-INFO
[0.373s] writing dependency_links to rtklib_msgs.egg-info/dependency_links.txt
[0.373s] writing top-level names to rtklib_msgs.egg-info/top_level.txt
[0.375s] reading manifest file 'rtklib_msgs.egg-info/SOURCES.txt'
[0.376s] writing manifest file 'rtklib_msgs.egg-info/SOURCES.txt'
[0.398s] [100%] Built target ament_cmake_python_build_rtklib_msgs_egg
[0.408s] Invoked command in '/home/zyme/ros_ws/Autoware_sim_test/build/rtklib_msgs' returned '0': CMAKE_PREFIX_PATH=/opt/ros/humble /usr/bin/cmake --build /home/zyme/ros_ws/Autoware_sim_test/build/rtklib_msgs -- -j12 -l12
[0.470s] Invoking command in '/home/zyme/ros_ws/Autoware_sim_test/build/rtklib_msgs': CMAKE_PREFIX_PATH=/opt/ros/humble /usr/bin/cmake --install /home/zyme/ros_ws/Autoware_sim_test/build/rtklib_msgs
[0.477s] -- Install configuration: "Release"
[0.478s] -- Execute custom install script
[0.478s] -- Up-to-date symlink: /home/zyme/ros_ws/Autoware_sim_test/install/rtklib_msgs/share/ament_index/resource_index/rosidl_interfaces/rtklib_msgs
[0.478s] -- Up-to-date symlink: /home/zyme/ros_ws/Autoware_sim_test/install/rtklib_msgs/include/rtklib_msgs/rtklib_msgs/msg/detail/rtklib_nav__functions.h
[0.478s] -- Up-to-date symlink: /home/zyme/ros_ws/Autoware_sim_test/install/rtklib_msgs/include/rtklib_msgs/rtklib_msgs/msg/detail/rtklib_nav__struct.h
[0.479s] -- Up-to-date symlink: /home/zyme/ros_ws/Autoware_sim_test/install/rtklib_msgs/include/rtklib_msgs/rtklib_msgs/msg/detail/rtklib_nav__type_support.h
[0.479s] -- Up-to-date symlink: /home/zyme/ros_ws/Autoware_sim_test/install/rtklib_msgs/include/rtklib_msgs/rtklib_msgs/msg/rosidl_generator_c__visibility_control.h
[0.479s] -- Up-to-date symlink: /home/zyme/ros_ws/Autoware_sim_test/install/rtklib_msgs/include/rtklib_msgs/rtklib_msgs/msg/rtklib_nav.h
[0.479s] -- Up-to-date symlink: /home/zyme/ros_ws/Autoware_sim_test/install/rtklib_msgs/share/rtklib_msgs/environment/library_path.sh
[0.479s] -- Up-to-date symlink: /home/zyme/ros_ws/Autoware_sim_test/install/rtklib_msgs/share/rtklib_msgs/environment/library_path.dsv
[0.479s] -- Up-to-date symlink: /home/zyme/ros_ws/Autoware_sim_test/install/rtklib_msgs/include/rtklib_msgs/rtklib_msgs/msg/detail/rtklib_nav__rosidl_typesupport_fastrtps_c.h
[0.480s] -- Up-to-date symlink: /home/zyme/ros_ws/Autoware_sim_test/install/rtklib_msgs/include/rtklib_msgs/rtklib_msgs/msg/rosidl_typesupport_fastrtps_c__visibility_control.h
[0.480s] -- Up-to-date symlink: /home/zyme/ros_ws/Autoware_sim_test/install/rtklib_msgs/include/rtklib_msgs/rtklib_msgs/msg/detail/rtklib_nav__rosidl_typesupport_introspection_c.h
[0.480s] -- Up-to-date symlink: /home/zyme/ros_ws/Autoware_sim_test/install/rtklib_msgs/include/rtklib_msgs/rtklib_msgs/msg/rosidl_typesupport_introspection_c__visibility_control.h
[0.480s] -- Up-to-date symlink: /home/zyme/ros_ws/Autoware_sim_test/install/rtklib_msgs/include/rtklib_msgs/rtklib_msgs/msg/detail/rtklib_nav__builder.hpp
[0.481s] -- Up-to-date symlink: /home/zyme/ros_ws/Autoware_sim_test/install/rtklib_msgs/include/rtklib_msgs/rtklib_msgs/msg/detail/rtklib_nav__struct.hpp
[0.481s] -- Up-to-date symlink: /home/zyme/ros_ws/Autoware_sim_test/install/rtklib_msgs/include/rtklib_msgs/rtklib_msgs/msg/detail/rtklib_nav__traits.hpp
[0.481s] -- Up-to-date symlink: /home/zyme/ros_ws/Autoware_sim_test/install/rtklib_msgs/include/rtklib_msgs/rtklib_msgs/msg/rtklib_nav.hpp
[0.481s] -- Up-to-date symlink: /home/zyme/ros_ws/Autoware_sim_test/install/rtklib_msgs/include/rtklib_msgs/rtklib_msgs/msg/detail/rtklib_nav__rosidl_typesupport_fastrtps_cpp.hpp
[0.481s] -- Up-to-date symlink: /home/zyme/ros_ws/Autoware_sim_test/install/rtklib_msgs/include/rtklib_msgs/rtklib_msgs/msg/rosidl_typesupport_fastrtps_cpp__visibility_control.h
[0.482s] -- Up-to-date symlink: /home/zyme/ros_ws/Autoware_sim_test/install/rtklib_msgs/include/rtklib_msgs/rtklib_msgs/msg/detail/rtklib_nav__rosidl_typesupport_introspection_cpp.hpp
[0.482s] -- Up-to-date symlink: /home/zyme/ros_ws/Autoware_sim_test/install/rtklib_msgs/share/rtklib_msgs/environment/pythonpath.sh
[0.482s] -- Up-to-date symlink: /home/zyme/ros_ws/Autoware_sim_test/install/rtklib_msgs/share/rtklib_msgs/environment/pythonpath.dsv
[0.482s] -- Up-to-date symlink: /home/zyme/ros_ws/Autoware_sim_test/install/rtklib_msgs/local/lib/python3.10/dist-packages/rtklib_msgs-0.0.0-py3.10.egg-info/PKG-INFO
[0.482s] -- Up-to-date symlink: /home/zyme/ros_ws/Autoware_sim_test/install/rtklib_msgs/local/lib/python3.10/dist-packages/rtklib_msgs-0.0.0-py3.10.egg-info/SOURCES.txt
[0.483s] -- Up-to-date symlink: /home/zyme/ros_ws/Autoware_sim_test/install/rtklib_msgs/local/lib/python3.10/dist-packages/rtklib_msgs-0.0.0-py3.10.egg-info/dependency_links.txt
[0.483s] -- Up-to-date symlink: /home/zyme/ros_ws/Autoware_sim_test/install/rtklib_msgs/local/lib/python3.10/dist-packages/rtklib_msgs-0.0.0-py3.10.egg-info/top_level.txt
[0.483s] -- Up-to-date symlink: /home/zyme/ros_ws/Autoware_sim_test/install/rtklib_msgs/local/lib/python3.10/dist-packages/rtklib_msgs/__init__.py
[0.483s] -- Up-to-date symlink: /home/zyme/ros_ws/Autoware_sim_test/install/rtklib_msgs/local/lib/python3.10/dist-packages/rtklib_msgs/_rtklib_msgs_s.ep.rosidl_typesupport_c.c
[0.484s] -- Up-to-date symlink: /home/zyme/ros_ws/Autoware_sim_test/install/rtklib_msgs/local/lib/python3.10/dist-packages/rtklib_msgs/_rtklib_msgs_s.ep.rosidl_typesupport_fastrtps_c.c
[0.484s] -- Up-to-date symlink: /home/zyme/ros_ws/Autoware_sim_test/install/rtklib_msgs/local/lib/python3.10/dist-packages/rtklib_msgs/_rtklib_msgs_s.ep.rosidl_typesupport_introspection_c.c
[0.484s] -- Up-to-date symlink: /home/zyme/ros_ws/Autoware_sim_test/install/rtklib_msgs/local/lib/python3.10/dist-packages/rtklib_msgs/librtklib_msgs__rosidl_generator_py.so
[0.484s] -- Up-to-date symlink: /home/zyme/ros_ws/Autoware_sim_test/install/rtklib_msgs/local/lib/python3.10/dist-packages/rtklib_msgs/msg/__init__.py
[0.484s] -- Up-to-date symlink: /home/zyme/ros_ws/Autoware_sim_test/install/rtklib_msgs/local/lib/python3.10/dist-packages/rtklib_msgs/msg/_rtklib_nav.py
[0.484s] -- Up-to-date symlink: /home/zyme/ros_ws/Autoware_sim_test/install/rtklib_msgs/local/lib/python3.10/dist-packages/rtklib_msgs/msg/_rtklib_nav_s.c
[0.484s] -- Up-to-date symlink: /home/zyme/ros_ws/Autoware_sim_test/install/rtklib_msgs/local/lib/python3.10/dist-packages/rtklib_msgs/rtklib_msgs_s__rosidl_typesupport_c.cpython-310-x86_64-linux-gnu.so
[0.484s] -- Up-to-date symlink: /home/zyme/ros_ws/Autoware_sim_test/install/rtklib_msgs/local/lib/python3.10/dist-packages/rtklib_msgs/rtklib_msgs_s__rosidl_typesupport_fastrtps_c.cpython-310-x86_64-linux-gnu.so
[0.485s] -- Up-to-date symlink: /home/zyme/ros_ws/Autoware_sim_test/install/rtklib_msgs/local/lib/python3.10/dist-packages/rtklib_msgs/rtklib_msgs_s__rosidl_typesupport_introspection_c.cpython-310-x86_64-linux-gnu.so
[0.485s] -- Up-to-date symlink: /home/zyme/ros_ws/Autoware_sim_test/install/rtklib_msgs/local/lib/python3.10/dist-packages/rtklib_msgs/rtklib_msgs_s__rosidl_typesupport_fastrtps_c.cpython-310-x86_64-linux-gnu.so
[0.485s] -- Up-to-date symlink: /home/zyme/ros_ws/Autoware_sim_test/install/rtklib_msgs/local/lib/python3.10/dist-packages/rtklib_msgs/rtklib_msgs_s__rosidl_typesupport_introspection_c.cpython-310-x86_64-linux-gnu.so
[0.485s] -- Up-to-date symlink: /home/zyme/ros_ws/Autoware_sim_test/install/rtklib_msgs/local/lib/python3.10/dist-packages/rtklib_msgs/rtklib_msgs_s__rosidl_typesupport_c.cpython-310-x86_64-linux-gnu.so
[0.486s] -- Up-to-date symlink: /home/zyme/ros_ws/Autoware_sim_test/install/rtklib_msgs/share/rtklib_msgs/msg/RtklibNav.idl
[0.486s] -- Up-to-date symlink: /home/zyme/ros_ws/Autoware_sim_test/install/rtklib_msgs/share/rtklib_msgs/msg/RtklibNav.msg
[0.486s] -- Up-to-date symlink: /home/zyme/ros_ws/Autoware_sim_test/install/rtklib_msgs/share/ament_index/resource_index/package_run_dependencies/rtklib_msgs
[0.486s] -- Up-to-date symlink: /home/zyme/ros_ws/Autoware_sim_test/install/rtklib_msgs/share/ament_index/resource_index/parent_prefix_path/rtklib_msgs
[0.486s] -- Up-to-date symlink: /home/zyme/ros_ws/Autoware_sim_test/install/rtklib_msgs/share/rtklib_msgs/environment/ament_prefix_path.sh
[0.487s] -- Up-to-date symlink: /home/zyme/ros_ws/Autoware_sim_test/install/rtklib_msgs/share/rtklib_msgs/environment/ament_prefix_path.dsv
[0.487s] -- Up-to-date symlink: /home/zyme/ros_ws/Autoware_sim_test/install/rtklib_msgs/share/rtklib_msgs/environment/path.sh
[0.487s] -- Up-to-date symlink: /home/zyme/ros_ws/Autoware_sim_test/install/rtklib_msgs/share/rtklib_msgs/environment/path.dsv
[0.487s] -- Up-to-date symlink: /home/zyme/ros_ws/Autoware_sim_test/install/rtklib_msgs/share/rtklib_msgs/local_setup.bash
[0.487s] -- Up-to-date symlink: /home/zyme/ros_ws/Autoware_sim_test/install/rtklib_msgs/share/rtklib_msgs/local_setup.sh
[0.487s] -- Up-to-date symlink: /home/zyme/ros_ws/Autoware_sim_test/install/rtklib_msgs/share/rtklib_msgs/local_setup.zsh
[0.488s] -- Up-to-date symlink: /home/zyme/ros_ws/Autoware_sim_test/install/rtklib_msgs/share/rtklib_msgs/local_setup.dsv
[0.488s] -- Symlinking: /home/zyme/ros_ws/Autoware_sim_test/install/rtklib_msgs/share/rtklib_msgs/package.dsv
[0.497s] -- Up-to-date symlink: /home/zyme/ros_ws/Autoware_sim_test/install/rtklib_msgs/share/ament_index/resource_index/packages/rtklib_msgs
[0.497s] -- Up-to-date symlink: /home/zyme/ros_ws/Autoware_sim_test/install/rtklib_msgs/share/rtklib_msgs/cmake/rosidl_cmake-extras.cmake
[0.498s] -- Up-to-date symlink: /home/zyme/ros_ws/Autoware_sim_test/install/rtklib_msgs/share/rtklib_msgs/cmake/ament_cmake_export_dependencies-extras.cmake
[0.498s] -- Up-to-date symlink: /home/zyme/ros_ws/Autoware_sim_test/install/rtklib_msgs/share/rtklib_msgs/cmake/ament_cmake_export_include_directories-extras.cmake
[0.498s] -- Up-to-date symlink: /home/zyme/ros_ws/Autoware_sim_test/install/rtklib_msgs/share/rtklib_msgs/cmake/ament_cmake_export_libraries-extras.cmake
[0.498s] -- Up-to-date symlink: /home/zyme/ros_ws/Autoware_sim_test/install/rtklib_msgs/share/rtklib_msgs/cmake/ament_cmake_export_targets-extras.cmake
[0.498s] -- Up-to-date symlink: /home/zyme/ros_ws/Autoware_sim_test/install/rtklib_msgs/share/rtklib_msgs/cmake/rosidl_cmake_export_typesupport_targets-extras.cmake
[0.498s] -- Up-to-date symlink: /home/zyme/ros_ws/Autoware_sim_test/install/rtklib_msgs/share/rtklib_msgs/cmake/rosidl_cmake_export_typesupport_libraries-extras.cmake
[0.498s] -- Up-to-date symlink: /home/zyme/ros_ws/Autoware_sim_test/install/rtklib_msgs/share/rtklib_msgs/cmake/rtklib_msgsConfig.cmake
[0.498s] -- Up-to-date symlink: /home/zyme/ros_ws/Autoware_sim_test/install/rtklib_msgs/share/rtklib_msgs/cmake/rtklib_msgsConfig-version.cmake
[0.499s] -- Up-to-date symlink: /home/zyme/ros_ws/Autoware_sim_test/install/rtklib_msgs/share/rtklib_msgs/package.xml
[0.499s] -- Up-to-date: /home/zyme/ros_ws/Autoware_sim_test/install/rtklib_msgs/lib/librtklib_msgs__rosidl_generator_c.so
[0.499s] -- Up-to-date: /home/zyme/ros_ws/Autoware_sim_test/install/rtklib_msgs/lib/librtklib_msgs__rosidl_typesupport_fastrtps_c.so
[0.500s] -- Up-to-date: /home/zyme/ros_ws/Autoware_sim_test/install/rtklib_msgs/lib/librtklib_msgs__rosidl_typesupport_introspection_c.so
[0.500s] -- Up-to-date: /home/zyme/ros_ws/Autoware_sim_test/install/rtklib_msgs/lib/librtklib_msgs__rosidl_typesupport_c.so
[0.500s] -- Up-to-date: /home/zyme/ros_ws/Autoware_sim_test/install/rtklib_msgs/lib/librtklib_msgs__rosidl_typesupport_fastrtps_cpp.so
[0.501s] -- Up-to-date: /home/zyme/ros_ws/Autoware_sim_test/install/rtklib_msgs/lib/librtklib_msgs__rosidl_typesupport_introspection_cpp.so
[0.501s] -- Up-to-date: /home/zyme/ros_ws/Autoware_sim_test/install/rtklib_msgs/lib/librtklib_msgs__rosidl_typesupport_cpp.so
[0.532s] Listing '/home/zyme/ros_ws/Autoware_sim_test/install/rtklib_msgs/local/lib/python3.10/dist-packages/rtklib_msgs'...
[0.532s] Listing '/home/zyme/ros_ws/Autoware_sim_test/install/rtklib_msgs/local/lib/python3.10/dist-packages/rtklib_msgs/msg'...
[0.535s] -- Up-to-date: /home/zyme/ros_ws/Autoware_sim_test/install/rtklib_msgs/lib/librtklib_msgs__rosidl_generator_py.so
[0.536s] -- Up-to-date: /home/zyme/ros_ws/Autoware_sim_test/install/rtklib_msgs/share/rtklib_msgs/cmake/export_rtklib_msgs__rosidl_generator_cExport.cmake
[0.536s] -- Up-to-date: /home/zyme/ros_ws/Autoware_sim_test/install/rtklib_msgs/share/rtklib_msgs/cmake/export_rtklib_msgs__rosidl_generator_cExport-release.cmake
[0.536s] -- Up-to-date: /home/zyme/ros_ws/Autoware_sim_test/install/rtklib_msgs/share/rtklib_msgs/cmake/export_rtklib_msgs__rosidl_typesupport_fastrtps_cExport.cmake
[0.536s] -- Up-to-date: /home/zyme/ros_ws/Autoware_sim_test/install/rtklib_msgs/share/rtklib_msgs/cmake/export_rtklib_msgs__rosidl_typesupport_fastrtps_cExport-release.cmake
[0.536s] -- Up-to-date: /home/zyme/ros_ws/Autoware_sim_test/install/rtklib_msgs/share/rtklib_msgs/cmake/rtklib_msgs__rosidl_typesupport_introspection_cExport.cmake
[0.536s] -- Up-to-date: /home/zyme/ros_ws/Autoware_sim_test/install/rtklib_msgs/share/rtklib_msgs/cmake/rtklib_msgs__rosidl_typesupport_introspection_cExport-release.cmake
[0.536s] -- Up-to-date: /home/zyme/ros_ws/Autoware_sim_test/install/rtklib_msgs/share/rtklib_msgs/cmake/rtklib_msgs__rosidl_typesupport_cExport.cmake
[0.536s] -- Up-to-date: /home/zyme/ros_ws/Autoware_sim_test/install/rtklib_msgs/share/rtklib_msgs/cmake/rtklib_msgs__rosidl_typesupport_cExport-release.cmake
[0.536s] -- Up-to-date: /home/zyme/ros_ws/Autoware_sim_test/install/rtklib_msgs/share/rtklib_msgs/cmake/export_rtklib_msgs__rosidl_generator_cppExport.cmake
[0.536s] -- Up-to-date: /home/zyme/ros_ws/Autoware_sim_test/install/rtklib_msgs/share/rtklib_msgs/cmake/export_rtklib_msgs__rosidl_typesupport_fastrtps_cppExport.cmake
[0.536s] -- Up-to-date: /home/zyme/ros_ws/Autoware_sim_test/install/rtklib_msgs/share/rtklib_msgs/cmake/export_rtklib_msgs__rosidl_typesupport_fastrtps_cppExport-release.cmake
[0.536s] -- Up-to-date: /home/zyme/ros_ws/Autoware_sim_test/install/rtklib_msgs/share/rtklib_msgs/cmake/rtklib_msgs__rosidl_typesupport_introspection_cppExport.cmake
[0.537s] -- Up-to-date: /home/zyme/ros_ws/Autoware_sim_test/install/rtklib_msgs/share/rtklib_msgs/cmake/rtklib_msgs__rosidl_typesupport_introspection_cppExport-release.cmake
[0.537s] -- Up-to-date: /home/zyme/ros_ws/Autoware_sim_test/install/rtklib_msgs/share/rtklib_msgs/cmake/rtklib_msgs__rosidl_typesupport_cppExport.cmake
[0.537s] -- Up-to-date: /home/zyme/ros_ws/Autoware_sim_test/install/rtklib_msgs/share/rtklib_msgs/cmake/rtklib_msgs__rosidl_typesupport_cppExport-release.cmake
[0.537s] -- Up-to-date: /home/zyme/ros_ws/Autoware_sim_test/install/rtklib_msgs/share/rtklib_msgs/cmake/export_rtklib_msgs__rosidl_generator_pyExport.cmake
[0.537s] -- Up-to-date: /home/zyme/ros_ws/Autoware_sim_test/install/rtklib_msgs/share/rtklib_msgs/cmake/export_rtklib_msgs__rosidl_generator_pyExport-release.cmake
[0.539s] Invoked command in '/home/zyme/ros_ws/Autoware_sim_test/build/rtklib_msgs' returned '0': CMAKE_PREFIX_PATH=/opt/ros/humble /usr/bin/cmake --install /home/zyme/ros_ws/Autoware_sim_test/build/rtklib_msgs
