[0.058s] Invoking command in '/home/zyme/ros_ws/Autoware_sim_test/build/autoware_sensing_msgs': CMAKE_PREFIX_PATH=/opt/ros/humble /usr/bin/cmake --build /home/zyme/ros_ws/Autoware_sim_test/build/autoware_sensing_msgs -- -j12 -l12
[0.105s] [  2%] Built target autoware_sensing_msgs__cpp
[0.106s] [ 12%] Built target autoware_sensing_msgs__rosidl_generator_c
[0.116s] [ 12%] Built target ament_cmake_python_symlink_autoware_sensing_msgs
[0.134s] [ 23%] Built target autoware_sensing_msgs__rosidl_typesupport_cpp
[0.135s] [ 43%] Built target autoware_sensing_msgs__rosidl_typesupport_c
[0.135s] [ 43%] Built target autoware_sensing_msgs__rosidl_typesupport_fastrtps_cpp
[0.138s] [ 61%] Built target autoware_sensing_msgs__rosidl_typesupport_introspection_cpp
[0.138s] [ 64%] Built target autoware_sensing_msgs__rosidl_typesupport_introspection_c
[0.139s] [ 74%] Built target autoware_sensing_msgs__rosidl_typesupport_fastrtps_c
[0.158s] [ 74%] Built target autoware_sensing_msgs
[0.178s] [ 76%] Built target autoware_sensing_msgs__py
[0.199s] [ 84%] Built target autoware_sensing_msgs__rosidl_generator_py
[0.222s] [100%] Built target autoware_sensing_msgs__rosidl_typesupport_c__pyext
[0.222s] [100%] Built target autoware_sensing_msgs__rosidl_typesupport_introspection_c__pyext
[0.222s] [100%] Built target autoware_sensing_msgs__rosidl_typesupport_fastrtps_c__pyext
[0.378s] running egg_info
[0.379s] writing autoware_sensing_msgs.egg-info/PKG-INFO
[0.379s] writing dependency_links to autoware_sensing_msgs.egg-info/dependency_links.txt
[0.379s] writing top-level names to autoware_sensing_msgs.egg-info/top_level.txt
[0.381s] reading manifest file 'autoware_sensing_msgs.egg-info/SOURCES.txt'
[0.382s] writing manifest file 'autoware_sensing_msgs.egg-info/SOURCES.txt'
[0.404s] [100%] Built target ament_cmake_python_build_autoware_sensing_msgs_egg
[0.416s] Invoked command in '/home/zyme/ros_ws/Autoware_sim_test/build/autoware_sensing_msgs' returned '0': CMAKE_PREFIX_PATH=/opt/ros/humble /usr/bin/cmake --build /home/zyme/ros_ws/Autoware_sim_test/build/autoware_sensing_msgs -- -j12 -l12
[0.494s] Invoking command in '/home/zyme/ros_ws/Autoware_sim_test/build/autoware_sensing_msgs': CMAKE_PREFIX_PATH=/opt/ros/humble /usr/bin/cmake --install /home/zyme/ros_ws/Autoware_sim_test/build/autoware_sensing_msgs
[0.500s] -- Install configuration: "Release"
[0.501s] -- Execute custom install script
[0.501s] -- Up-to-date symlink: /home/zyme/ros_ws/Autoware_sim_test/install/autoware_sensing_msgs/share/ament_index/resource_index/rosidl_interfaces/autoware_sensing_msgs
[0.502s] -- Up-to-date symlink: /home/zyme/ros_ws/Autoware_sim_test/install/autoware_sensing_msgs/include/autoware_sensing_msgs/autoware_sensing_msgs/msg/detail/gnss_ins_orientation__functions.h
[0.502s] -- Up-to-date symlink: /home/zyme/ros_ws/Autoware_sim_test/install/autoware_sensing_msgs/include/autoware_sensing_msgs/autoware_sensing_msgs/msg/detail/gnss_ins_orientation__struct.h
[0.502s] -- Up-to-date symlink: /home/zyme/ros_ws/Autoware_sim_test/install/autoware_sensing_msgs/include/autoware_sensing_msgs/autoware_sensing_msgs/msg/detail/gnss_ins_orientation__type_support.h
[0.502s] -- Up-to-date symlink: /home/zyme/ros_ws/Autoware_sim_test/install/autoware_sensing_msgs/include/autoware_sensing_msgs/autoware_sensing_msgs/msg/detail/gnss_ins_orientation_stamped__functions.h
[0.502s] -- Up-to-date symlink: /home/zyme/ros_ws/Autoware_sim_test/install/autoware_sensing_msgs/include/autoware_sensing_msgs/autoware_sensing_msgs/msg/detail/gnss_ins_orientation_stamped__struct.h
[0.502s] -- Up-to-date symlink: /home/zyme/ros_ws/Autoware_sim_test/install/autoware_sensing_msgs/include/autoware_sensing_msgs/autoware_sensing_msgs/msg/detail/gnss_ins_orientation_stamped__type_support.h
[0.503s] -- Up-to-date symlink: /home/zyme/ros_ws/Autoware_sim_test/install/autoware_sensing_msgs/include/autoware_sensing_msgs/autoware_sensing_msgs/msg/gnss_ins_orientation.h
[0.503s] -- Up-to-date symlink: /home/zyme/ros_ws/Autoware_sim_test/install/autoware_sensing_msgs/include/autoware_sensing_msgs/autoware_sensing_msgs/msg/gnss_ins_orientation_stamped.h
[0.503s] -- Up-to-date symlink: /home/zyme/ros_ws/Autoware_sim_test/install/autoware_sensing_msgs/include/autoware_sensing_msgs/autoware_sensing_msgs/msg/rosidl_generator_c__visibility_control.h
[0.503s] -- Up-to-date symlink: /home/zyme/ros_ws/Autoware_sim_test/install/autoware_sensing_msgs/share/autoware_sensing_msgs/environment/library_path.sh
[0.503s] -- Up-to-date symlink: /home/zyme/ros_ws/Autoware_sim_test/install/autoware_sensing_msgs/share/autoware_sensing_msgs/environment/library_path.dsv
[0.503s] -- Up-to-date symlink: /home/zyme/ros_ws/Autoware_sim_test/install/autoware_sensing_msgs/include/autoware_sensing_msgs/autoware_sensing_msgs/msg/detail/gnss_ins_orientation__rosidl_typesupport_fastrtps_c.h
[0.503s] -- Up-to-date symlink: /home/zyme/ros_ws/Autoware_sim_test/install/autoware_sensing_msgs/include/autoware_sensing_msgs/autoware_sensing_msgs/msg/detail/gnss_ins_orientation_stamped__rosidl_typesupport_fastrtps_c.h
[0.504s] -- Up-to-date symlink: /home/zyme/ros_ws/Autoware_sim_test/install/autoware_sensing_msgs/include/autoware_sensing_msgs/autoware_sensing_msgs/msg/rosidl_typesupport_fastrtps_c__visibility_control.h
[0.504s] -- Up-to-date symlink: /home/zyme/ros_ws/Autoware_sim_test/install/autoware_sensing_msgs/include/autoware_sensing_msgs/autoware_sensing_msgs/msg/detail/gnss_ins_orientation__builder.hpp
[0.504s] -- Up-to-date symlink: /home/zyme/ros_ws/Autoware_sim_test/install/autoware_sensing_msgs/include/autoware_sensing_msgs/autoware_sensing_msgs/msg/detail/gnss_ins_orientation__struct.hpp
[0.504s] -- Up-to-date symlink: /home/zyme/ros_ws/Autoware_sim_test/install/autoware_sensing_msgs/include/autoware_sensing_msgs/autoware_sensing_msgs/msg/detail/gnss_ins_orientation__traits.hpp
[0.504s] -- Up-to-date symlink: /home/zyme/ros_ws/Autoware_sim_test/install/autoware_sensing_msgs/include/autoware_sensing_msgs/autoware_sensing_msgs/msg/detail/gnss_ins_orientation_stamped__builder.hpp
[0.505s] -- Up-to-date symlink: /home/zyme/ros_ws/Autoware_sim_test/install/autoware_sensing_msgs/include/autoware_sensing_msgs/autoware_sensing_msgs/msg/detail/gnss_ins_orientation_stamped__struct.hpp
[0.505s] -- Up-to-date symlink: /home/zyme/ros_ws/Autoware_sim_test/install/autoware_sensing_msgs/include/autoware_sensing_msgs/autoware_sensing_msgs/msg/detail/gnss_ins_orientation_stamped__traits.hpp
[0.505s] -- Up-to-date symlink: /home/zyme/ros_ws/Autoware_sim_test/install/autoware_sensing_msgs/include/autoware_sensing_msgs/autoware_sensing_msgs/msg/gnss_ins_orientation.hpp
[0.505s] -- Up-to-date symlink: /home/zyme/ros_ws/Autoware_sim_test/install/autoware_sensing_msgs/include/autoware_sensing_msgs/autoware_sensing_msgs/msg/gnss_ins_orientation_stamped.hpp
[0.506s] -- Up-to-date symlink: /home/zyme/ros_ws/Autoware_sim_test/install/autoware_sensing_msgs/include/autoware_sensing_msgs/autoware_sensing_msgs/msg/detail/gnss_ins_orientation__rosidl_typesupport_fastrtps_cpp.hpp
[0.506s] -- Up-to-date symlink: /home/zyme/ros_ws/Autoware_sim_test/install/autoware_sensing_msgs/include/autoware_sensing_msgs/autoware_sensing_msgs/msg/detail/gnss_ins_orientation_stamped__rosidl_typesupport_fastrtps_cpp.hpp
[0.506s] -- Up-to-date symlink: /home/zyme/ros_ws/Autoware_sim_test/install/autoware_sensing_msgs/include/autoware_sensing_msgs/autoware_sensing_msgs/msg/rosidl_typesupport_fastrtps_cpp__visibility_control.h
[0.506s] -- Up-to-date symlink: /home/zyme/ros_ws/Autoware_sim_test/install/autoware_sensing_msgs/include/autoware_sensing_msgs/autoware_sensing_msgs/msg/detail/gnss_ins_orientation__rosidl_typesupport_introspection_c.h
[0.506s] -- Up-to-date symlink: /home/zyme/ros_ws/Autoware_sim_test/install/autoware_sensing_msgs/include/autoware_sensing_msgs/autoware_sensing_msgs/msg/detail/gnss_ins_orientation_stamped__rosidl_typesupport_introspection_c.h
[0.507s] -- Up-to-date symlink: /home/zyme/ros_ws/Autoware_sim_test/install/autoware_sensing_msgs/include/autoware_sensing_msgs/autoware_sensing_msgs/msg/rosidl_typesupport_introspection_c__visibility_control.h
[0.507s] -- Up-to-date symlink: /home/zyme/ros_ws/Autoware_sim_test/install/autoware_sensing_msgs/include/autoware_sensing_msgs/autoware_sensing_msgs/msg/detail/gnss_ins_orientation__rosidl_typesupport_introspection_cpp.hpp
[0.507s] -- Up-to-date symlink: /home/zyme/ros_ws/Autoware_sim_test/install/autoware_sensing_msgs/include/autoware_sensing_msgs/autoware_sensing_msgs/msg/detail/gnss_ins_orientation_stamped__rosidl_typesupport_introspection_cpp.hpp
[0.507s] -- Up-to-date symlink: /home/zyme/ros_ws/Autoware_sim_test/install/autoware_sensing_msgs/share/autoware_sensing_msgs/environment/pythonpath.sh
[0.507s] -- Up-to-date symlink: /home/zyme/ros_ws/Autoware_sim_test/install/autoware_sensing_msgs/share/autoware_sensing_msgs/environment/pythonpath.dsv
[0.508s] -- Up-to-date symlink: /home/zyme/ros_ws/Autoware_sim_test/install/autoware_sensing_msgs/local/lib/python3.10/dist-packages/autoware_sensing_msgs-1.0.0-py3.10.egg-info/PKG-INFO
[0.508s] -- Up-to-date symlink: /home/zyme/ros_ws/Autoware_sim_test/install/autoware_sensing_msgs/local/lib/python3.10/dist-packages/autoware_sensing_msgs-1.0.0-py3.10.egg-info/SOURCES.txt
[0.508s] -- Up-to-date symlink: /home/zyme/ros_ws/Autoware_sim_test/install/autoware_sensing_msgs/local/lib/python3.10/dist-packages/autoware_sensing_msgs-1.0.0-py3.10.egg-info/dependency_links.txt
[0.508s] -- Up-to-date symlink: /home/zyme/ros_ws/Autoware_sim_test/install/autoware_sensing_msgs/local/lib/python3.10/dist-packages/autoware_sensing_msgs-1.0.0-py3.10.egg-info/top_level.txt
[0.508s] -- Up-to-date symlink: /home/zyme/ros_ws/Autoware_sim_test/install/autoware_sensing_msgs/local/lib/python3.10/dist-packages/autoware_sensing_msgs/__init__.py
[0.509s] -- Up-to-date symlink: /home/zyme/ros_ws/Autoware_sim_test/install/autoware_sensing_msgs/local/lib/python3.10/dist-packages/autoware_sensing_msgs/_autoware_sensing_msgs_s.ep.rosidl_typesupport_c.c
[0.509s] -- Up-to-date symlink: /home/zyme/ros_ws/Autoware_sim_test/install/autoware_sensing_msgs/local/lib/python3.10/dist-packages/autoware_sensing_msgs/_autoware_sensing_msgs_s.ep.rosidl_typesupport_fastrtps_c.c
[0.509s] -- Up-to-date symlink: /home/zyme/ros_ws/Autoware_sim_test/install/autoware_sensing_msgs/local/lib/python3.10/dist-packages/autoware_sensing_msgs/_autoware_sensing_msgs_s.ep.rosidl_typesupport_introspection_c.c
[0.509s] -- Up-to-date symlink: /home/zyme/ros_ws/Autoware_sim_test/install/autoware_sensing_msgs/local/lib/python3.10/dist-packages/autoware_sensing_msgs/autoware_sensing_msgs_s__rosidl_typesupport_c.cpython-310-x86_64-linux-gnu.so
[0.509s] -- Up-to-date symlink: /home/zyme/ros_ws/Autoware_sim_test/install/autoware_sensing_msgs/local/lib/python3.10/dist-packages/autoware_sensing_msgs/autoware_sensing_msgs_s__rosidl_typesupport_fastrtps_c.cpython-310-x86_64-linux-gnu.so
[0.510s] -- Up-to-date symlink: /home/zyme/ros_ws/Autoware_sim_test/install/autoware_sensing_msgs/local/lib/python3.10/dist-packages/autoware_sensing_msgs/autoware_sensing_msgs_s__rosidl_typesupport_introspection_c.cpython-310-x86_64-linux-gnu.so
[0.510s] -- Up-to-date symlink: /home/zyme/ros_ws/Autoware_sim_test/install/autoware_sensing_msgs/local/lib/python3.10/dist-packages/autoware_sensing_msgs/libautoware_sensing_msgs__rosidl_generator_py.so
[0.510s] -- Up-to-date symlink: /home/zyme/ros_ws/Autoware_sim_test/install/autoware_sensing_msgs/local/lib/python3.10/dist-packages/autoware_sensing_msgs/msg/__init__.py
[0.510s] -- Up-to-date symlink: /home/zyme/ros_ws/Autoware_sim_test/install/autoware_sensing_msgs/local/lib/python3.10/dist-packages/autoware_sensing_msgs/msg/_gnss_ins_orientation.py
[0.510s] -- Up-to-date symlink: /home/zyme/ros_ws/Autoware_sim_test/install/autoware_sensing_msgs/local/lib/python3.10/dist-packages/autoware_sensing_msgs/msg/_gnss_ins_orientation_s.c
[0.510s] -- Up-to-date symlink: /home/zyme/ros_ws/Autoware_sim_test/install/autoware_sensing_msgs/local/lib/python3.10/dist-packages/autoware_sensing_msgs/msg/_gnss_ins_orientation_stamped.py
[0.510s] -- Up-to-date symlink: /home/zyme/ros_ws/Autoware_sim_test/install/autoware_sensing_msgs/local/lib/python3.10/dist-packages/autoware_sensing_msgs/msg/_gnss_ins_orientation_stamped_s.c
[0.510s] -- Up-to-date symlink: /home/zyme/ros_ws/Autoware_sim_test/install/autoware_sensing_msgs/local/lib/python3.10/dist-packages/autoware_sensing_msgs/autoware_sensing_msgs_s__rosidl_typesupport_fastrtps_c.cpython-310-x86_64-linux-gnu.so
[0.511s] -- Up-to-date symlink: /home/zyme/ros_ws/Autoware_sim_test/install/autoware_sensing_msgs/local/lib/python3.10/dist-packages/autoware_sensing_msgs/autoware_sensing_msgs_s__rosidl_typesupport_introspection_c.cpython-310-x86_64-linux-gnu.so
[0.511s] -- Up-to-date symlink: /home/zyme/ros_ws/Autoware_sim_test/install/autoware_sensing_msgs/local/lib/python3.10/dist-packages/autoware_sensing_msgs/autoware_sensing_msgs_s__rosidl_typesupport_c.cpython-310-x86_64-linux-gnu.so
[0.511s] -- Up-to-date symlink: /home/zyme/ros_ws/Autoware_sim_test/install/autoware_sensing_msgs/share/autoware_sensing_msgs/msg/GnssInsOrientation.idl
[0.511s] -- Up-to-date symlink: /home/zyme/ros_ws/Autoware_sim_test/install/autoware_sensing_msgs/share/autoware_sensing_msgs/msg/GnssInsOrientationStamped.idl
[0.512s] -- Up-to-date symlink: /home/zyme/ros_ws/Autoware_sim_test/install/autoware_sensing_msgs/share/autoware_sensing_msgs/msg/GnssInsOrientation.msg
[0.512s] -- Up-to-date symlink: /home/zyme/ros_ws/Autoware_sim_test/install/autoware_sensing_msgs/share/autoware_sensing_msgs/msg/GnssInsOrientationStamped.msg
[0.512s] -- Up-to-date symlink: /home/zyme/ros_ws/Autoware_sim_test/install/autoware_sensing_msgs/share/ament_index/resource_index/package_run_dependencies/autoware_sensing_msgs
[0.512s] -- Up-to-date symlink: /home/zyme/ros_ws/Autoware_sim_test/install/autoware_sensing_msgs/share/ament_index/resource_index/parent_prefix_path/autoware_sensing_msgs
[0.513s] -- Up-to-date symlink: /home/zyme/ros_ws/Autoware_sim_test/install/autoware_sensing_msgs/share/autoware_sensing_msgs/environment/ament_prefix_path.sh
[0.513s] -- Up-to-date symlink: /home/zyme/ros_ws/Autoware_sim_test/install/autoware_sensing_msgs/share/autoware_sensing_msgs/environment/ament_prefix_path.dsv
[0.513s] -- Up-to-date symlink: /home/zyme/ros_ws/Autoware_sim_test/install/autoware_sensing_msgs/share/autoware_sensing_msgs/environment/path.sh
[0.513s] -- Up-to-date symlink: /home/zyme/ros_ws/Autoware_sim_test/install/autoware_sensing_msgs/share/autoware_sensing_msgs/environment/path.dsv
[0.513s] -- Up-to-date symlink: /home/zyme/ros_ws/Autoware_sim_test/install/autoware_sensing_msgs/share/autoware_sensing_msgs/local_setup.bash
[0.513s] -- Up-to-date symlink: /home/zyme/ros_ws/Autoware_sim_test/install/autoware_sensing_msgs/share/autoware_sensing_msgs/local_setup.sh
[0.513s] -- Up-to-date symlink: /home/zyme/ros_ws/Autoware_sim_test/install/autoware_sensing_msgs/share/autoware_sensing_msgs/local_setup.zsh
[0.514s] -- Up-to-date symlink: /home/zyme/ros_ws/Autoware_sim_test/install/autoware_sensing_msgs/share/autoware_sensing_msgs/local_setup.dsv
[0.514s] -- Symlinking: /home/zyme/ros_ws/Autoware_sim_test/install/autoware_sensing_msgs/share/autoware_sensing_msgs/package.dsv
[0.522s] -- Up-to-date symlink: /home/zyme/ros_ws/Autoware_sim_test/install/autoware_sensing_msgs/share/ament_index/resource_index/packages/autoware_sensing_msgs
[0.522s] -- Up-to-date symlink: /home/zyme/ros_ws/Autoware_sim_test/install/autoware_sensing_msgs/share/autoware_sensing_msgs/cmake/rosidl_cmake-extras.cmake
[0.523s] -- Up-to-date symlink: /home/zyme/ros_ws/Autoware_sim_test/install/autoware_sensing_msgs/share/autoware_sensing_msgs/cmake/ament_cmake_export_dependencies-extras.cmake
[0.523s] -- Up-to-date symlink: /home/zyme/ros_ws/Autoware_sim_test/install/autoware_sensing_msgs/share/autoware_sensing_msgs/cmake/ament_cmake_export_include_directories-extras.cmake
[0.523s] -- Up-to-date symlink: /home/zyme/ros_ws/Autoware_sim_test/install/autoware_sensing_msgs/share/autoware_sensing_msgs/cmake/ament_cmake_export_libraries-extras.cmake
[0.523s] -- Up-to-date symlink: /home/zyme/ros_ws/Autoware_sim_test/install/autoware_sensing_msgs/share/autoware_sensing_msgs/cmake/ament_cmake_export_targets-extras.cmake
[0.523s] -- Up-to-date symlink: /home/zyme/ros_ws/Autoware_sim_test/install/autoware_sensing_msgs/share/autoware_sensing_msgs/cmake/rosidl_cmake_export_typesupport_targets-extras.cmake
[0.523s] -- Up-to-date symlink: /home/zyme/ros_ws/Autoware_sim_test/install/autoware_sensing_msgs/share/autoware_sensing_msgs/cmake/rosidl_cmake_export_typesupport_libraries-extras.cmake
[0.524s] -- Up-to-date symlink: /home/zyme/ros_ws/Autoware_sim_test/install/autoware_sensing_msgs/share/autoware_sensing_msgs/cmake/autoware_sensing_msgsConfig.cmake
[0.524s] -- Up-to-date symlink: /home/zyme/ros_ws/Autoware_sim_test/install/autoware_sensing_msgs/share/autoware_sensing_msgs/cmake/autoware_sensing_msgsConfig-version.cmake
[0.524s] -- Up-to-date symlink: /home/zyme/ros_ws/Autoware_sim_test/install/autoware_sensing_msgs/share/autoware_sensing_msgs/package.xml
[0.524s] -- Up-to-date: /home/zyme/ros_ws/Autoware_sim_test/install/autoware_sensing_msgs/lib/libautoware_sensing_msgs__rosidl_generator_c.so
[0.524s] -- Up-to-date: /home/zyme/ros_ws/Autoware_sim_test/install/autoware_sensing_msgs/lib/libautoware_sensing_msgs__rosidl_typesupport_fastrtps_c.so
[0.525s] -- Up-to-date: /home/zyme/ros_ws/Autoware_sim_test/install/autoware_sensing_msgs/lib/libautoware_sensing_msgs__rosidl_typesupport_fastrtps_cpp.so
[0.525s] -- Up-to-date: /home/zyme/ros_ws/Autoware_sim_test/install/autoware_sensing_msgs/lib/libautoware_sensing_msgs__rosidl_typesupport_introspection_c.so
[0.526s] -- Up-to-date: /home/zyme/ros_ws/Autoware_sim_test/install/autoware_sensing_msgs/lib/libautoware_sensing_msgs__rosidl_typesupport_c.so
[0.526s] -- Up-to-date: /home/zyme/ros_ws/Autoware_sim_test/install/autoware_sensing_msgs/lib/libautoware_sensing_msgs__rosidl_typesupport_introspection_cpp.so
[0.526s] -- Up-to-date: /home/zyme/ros_ws/Autoware_sim_test/install/autoware_sensing_msgs/lib/libautoware_sensing_msgs__rosidl_typesupport_cpp.so
[0.554s] Listing '/home/zyme/ros_ws/Autoware_sim_test/install/autoware_sensing_msgs/local/lib/python3.10/dist-packages/autoware_sensing_msgs'...
[0.554s] Listing '/home/zyme/ros_ws/Autoware_sim_test/install/autoware_sensing_msgs/local/lib/python3.10/dist-packages/autoware_sensing_msgs/msg'...
[0.557s] -- Up-to-date: /home/zyme/ros_ws/Autoware_sim_test/install/autoware_sensing_msgs/lib/libautoware_sensing_msgs__rosidl_generator_py.so
[0.558s] -- Up-to-date: /home/zyme/ros_ws/Autoware_sim_test/install/autoware_sensing_msgs/share/autoware_sensing_msgs/cmake/export_autoware_sensing_msgs__rosidl_generator_cExport.cmake
[0.558s] -- Up-to-date: /home/zyme/ros_ws/Autoware_sim_test/install/autoware_sensing_msgs/share/autoware_sensing_msgs/cmake/export_autoware_sensing_msgs__rosidl_generator_cExport-release.cmake
[0.558s] -- Up-to-date: /home/zyme/ros_ws/Autoware_sim_test/install/autoware_sensing_msgs/share/autoware_sensing_msgs/cmake/export_autoware_sensing_msgs__rosidl_typesupport_fastrtps_cExport.cmake
[0.558s] -- Up-to-date: /home/zyme/ros_ws/Autoware_sim_test/install/autoware_sensing_msgs/share/autoware_sensing_msgs/cmake/export_autoware_sensing_msgs__rosidl_typesupport_fastrtps_cExport-release.cmake
[0.558s] -- Up-to-date: /home/zyme/ros_ws/Autoware_sim_test/install/autoware_sensing_msgs/share/autoware_sensing_msgs/cmake/export_autoware_sensing_msgs__rosidl_generator_cppExport.cmake
[0.558s] -- Up-to-date: /home/zyme/ros_ws/Autoware_sim_test/install/autoware_sensing_msgs/share/autoware_sensing_msgs/cmake/export_autoware_sensing_msgs__rosidl_typesupport_fastrtps_cppExport.cmake
[0.558s] -- Up-to-date: /home/zyme/ros_ws/Autoware_sim_test/install/autoware_sensing_msgs/share/autoware_sensing_msgs/cmake/export_autoware_sensing_msgs__rosidl_typesupport_fastrtps_cppExport-release.cmake
[0.558s] -- Up-to-date: /home/zyme/ros_ws/Autoware_sim_test/install/autoware_sensing_msgs/share/autoware_sensing_msgs/cmake/autoware_sensing_msgs__rosidl_typesupport_introspection_cExport.cmake
[0.558s] -- Up-to-date: /home/zyme/ros_ws/Autoware_sim_test/install/autoware_sensing_msgs/share/autoware_sensing_msgs/cmake/autoware_sensing_msgs__rosidl_typesupport_introspection_cExport-release.cmake
[0.559s] -- Up-to-date: /home/zyme/ros_ws/Autoware_sim_test/install/autoware_sensing_msgs/share/autoware_sensing_msgs/cmake/autoware_sensing_msgs__rosidl_typesupport_cExport.cmake
[0.559s] -- Up-to-date: /home/zyme/ros_ws/Autoware_sim_test/install/autoware_sensing_msgs/share/autoware_sensing_msgs/cmake/autoware_sensing_msgs__rosidl_typesupport_cExport-release.cmake
[0.559s] -- Up-to-date: /home/zyme/ros_ws/Autoware_sim_test/install/autoware_sensing_msgs/share/autoware_sensing_msgs/cmake/autoware_sensing_msgs__rosidl_typesupport_introspection_cppExport.cmake
[0.559s] -- Up-to-date: /home/zyme/ros_ws/Autoware_sim_test/install/autoware_sensing_msgs/share/autoware_sensing_msgs/cmake/autoware_sensing_msgs__rosidl_typesupport_introspection_cppExport-release.cmake
[0.559s] -- Up-to-date: /home/zyme/ros_ws/Autoware_sim_test/install/autoware_sensing_msgs/share/autoware_sensing_msgs/cmake/autoware_sensing_msgs__rosidl_typesupport_cppExport.cmake
[0.559s] -- Up-to-date: /home/zyme/ros_ws/Autoware_sim_test/install/autoware_sensing_msgs/share/autoware_sensing_msgs/cmake/autoware_sensing_msgs__rosidl_typesupport_cppExport-release.cmake
[0.559s] -- Up-to-date: /home/zyme/ros_ws/Autoware_sim_test/install/autoware_sensing_msgs/share/autoware_sensing_msgs/cmake/export_autoware_sensing_msgs__rosidl_generator_pyExport.cmake
[0.559s] -- Up-to-date: /home/zyme/ros_ws/Autoware_sim_test/install/autoware_sensing_msgs/share/autoware_sensing_msgs/cmake/export_autoware_sensing_msgs__rosidl_generator_pyExport-release.cmake
[0.561s] Invoked command in '/home/zyme/ros_ws/Autoware_sim_test/build/autoware_sensing_msgs' returned '0': CMAKE_PREFIX_PATH=/opt/ros/humble /usr/bin/cmake --install /home/zyme/ros_ws/Autoware_sim_test/build/autoware_sensing_msgs
