[0.063s] Invoking command in '/home/zyme/ros_ws/Autoware_sim_test/build/tier4_vehicle_msgs': AMENT_PREFIX_PATH=/home/zyme/ros_ws/Autoware_sim_test/install/tier4_control_msgs:/home/zyme/ros_ws/Autoware_sim_test/install/autoware_common_msgs:${AMENT_PREFIX_PATH} CMAKE_PREFIX_PATH=/home/zyme/ros_ws/Autoware_sim_test/install/tier4_control_msgs:/home/zyme/ros_ws/Autoware_sim_test/install/autoware_common_msgs:/opt/ros/humble LD_LIBRARY_PATH=/home/zyme/ros_ws/Autoware_sim_test/install/tier4_control_msgs/lib:/home/zyme/ros_ws/Autoware_sim_test/install/autoware_common_msgs/lib:${LD_LIBRARY_PATH} PYTHONPATH=/home/zyme/ros_ws/Autoware_sim_test/install/tier4_control_msgs/local/lib/python3.10/dist-packages:/home/zyme/ros_ws/Autoware_sim_test/install/autoware_common_msgs/local/lib/python3.10/dist-packages:${PYTHONPATH} /usr/bin/cmake --build /home/zyme/ros_ws/Autoware_sim_test/build/tier4_vehicle_msgs -- -j12 -l12
[0.123s] [  0%] Built target tier4_vehicle_msgs__cpp
[0.130s] [ 12%] Built target tier4_vehicle_msgs__rosidl_generator_c
[0.131s] [ 12%] Built target ament_cmake_python_symlink_tier4_vehicle_msgs
[0.164s] [ 24%] Built target tier4_vehicle_msgs__rosidl_typesupport_cpp
[0.167s] [ 36%] Built target tier4_vehicle_msgs__rosidl_typesupport_c
[0.169s] [ 48%] Built target tier4_vehicle_msgs__rosidl_typesupport_introspection_cpp
[0.175s] [ 70%] Built target tier4_vehicle_msgs__rosidl_typesupport_fastrtps_cpp
[0.175s] [ 71%] Built target tier4_vehicle_msgs__rosidl_typesupport_introspection_c
[0.180s] [ 83%] Built target tier4_vehicle_msgs__rosidl_typesupport_fastrtps_c
[0.201s] [ 83%] Built target tier4_vehicle_msgs
[0.224s] [ 84%] Built target tier4_vehicle_msgs__py
[0.254s] [ 95%] Built target tier4_vehicle_msgs__rosidl_generator_py
[0.283s] [ 97%] Built target tier4_vehicle_msgs__rosidl_typesupport_fastrtps_c__pyext
[0.283s] [100%] Built target tier4_vehicle_msgs__rosidl_typesupport_c__pyext
[0.283s] [100%] Built target tier4_vehicle_msgs__rosidl_typesupport_introspection_c__pyext
[0.411s] running egg_info
[0.411s] writing tier4_vehicle_msgs.egg-info/PKG-INFO
[0.412s] writing dependency_links to tier4_vehicle_msgs.egg-info/dependency_links.txt
[0.412s] writing top-level names to tier4_vehicle_msgs.egg-info/top_level.txt
[0.414s] reading manifest file 'tier4_vehicle_msgs.egg-info/SOURCES.txt'
[0.415s] writing manifest file 'tier4_vehicle_msgs.egg-info/SOURCES.txt'
[0.439s] [100%] Built target ament_cmake_python_build_tier4_vehicle_msgs_egg
[0.452s] Invoked command in '/home/zyme/ros_ws/Autoware_sim_test/build/tier4_vehicle_msgs' returned '0': AMENT_PREFIX_PATH=/home/zyme/ros_ws/Autoware_sim_test/install/tier4_control_msgs:/home/zyme/ros_ws/Autoware_sim_test/install/autoware_common_msgs:${AMENT_PREFIX_PATH} CMAKE_PREFIX_PATH=/home/zyme/ros_ws/Autoware_sim_test/install/tier4_control_msgs:/home/zyme/ros_ws/Autoware_sim_test/install/autoware_common_msgs:/opt/ros/humble LD_LIBRARY_PATH=/home/zyme/ros_ws/Autoware_sim_test/install/tier4_control_msgs/lib:/home/zyme/ros_ws/Autoware_sim_test/install/autoware_common_msgs/lib:${LD_LIBRARY_PATH} PYTHONPATH=/home/zyme/ros_ws/Autoware_sim_test/install/tier4_control_msgs/local/lib/python3.10/dist-packages:/home/zyme/ros_ws/Autoware_sim_test/install/autoware_common_msgs/local/lib/python3.10/dist-packages:${PYTHONPATH} /usr/bin/cmake --build /home/zyme/ros_ws/Autoware_sim_test/build/tier4_vehicle_msgs -- -j12 -l12
[1.247s] Invoking command in '/home/zyme/ros_ws/Autoware_sim_test/build/tier4_vehicle_msgs': AMENT_PREFIX_PATH=/home/zyme/ros_ws/Autoware_sim_test/install/tier4_control_msgs:/home/zyme/ros_ws/Autoware_sim_test/install/autoware_common_msgs:${AMENT_PREFIX_PATH} CMAKE_PREFIX_PATH=/home/zyme/ros_ws/Autoware_sim_test/install/tier4_control_msgs:/home/zyme/ros_ws/Autoware_sim_test/install/autoware_common_msgs:/opt/ros/humble LD_LIBRARY_PATH=/home/zyme/ros_ws/Autoware_sim_test/install/tier4_control_msgs/lib:/home/zyme/ros_ws/Autoware_sim_test/install/autoware_common_msgs/lib:${LD_LIBRARY_PATH} PYTHONPATH=/home/zyme/ros_ws/Autoware_sim_test/install/tier4_control_msgs/local/lib/python3.10/dist-packages:/home/zyme/ros_ws/Autoware_sim_test/install/autoware_common_msgs/local/lib/python3.10/dist-packages:${PYTHONPATH} /usr/bin/cmake --install /home/zyme/ros_ws/Autoware_sim_test/build/tier4_vehicle_msgs
[1.269s] -- Install configuration: "Release"
[1.272s] -- Execute custom install script
[1.272s] -- Up-to-date symlink: /home/zyme/ros_ws/Autoware_sim_test/install/tier4_vehicle_msgs/share/ament_index/resource_index/rosidl_interfaces/tier4_vehicle_msgs
[1.274s] -- Up-to-date symlink: /home/zyme/ros_ws/Autoware_sim_test/install/tier4_vehicle_msgs/include/tier4_vehicle_msgs/tier4_vehicle_msgs/msg/actuation_command.h
[1.274s] -- Up-to-date symlink: /home/zyme/ros_ws/Autoware_sim_test/install/tier4_vehicle_msgs/include/tier4_vehicle_msgs/tier4_vehicle_msgs/msg/actuation_command_stamped.h
[1.274s] -- Up-to-date symlink: /home/zyme/ros_ws/Autoware_sim_test/install/tier4_vehicle_msgs/include/tier4_vehicle_msgs/tier4_vehicle_msgs/msg/actuation_status.h
[1.275s] -- Up-to-date symlink: /home/zyme/ros_ws/Autoware_sim_test/install/tier4_vehicle_msgs/include/tier4_vehicle_msgs/tier4_vehicle_msgs/msg/actuation_status_stamped.h
[1.275s] -- Up-to-date symlink: /home/zyme/ros_ws/Autoware_sim_test/install/tier4_vehicle_msgs/include/tier4_vehicle_msgs/tier4_vehicle_msgs/msg/battery_status.h
[1.275s] -- Up-to-date symlink: /home/zyme/ros_ws/Autoware_sim_test/install/tier4_vehicle_msgs/include/tier4_vehicle_msgs/tier4_vehicle_msgs/msg/detail/actuation_command__functions.h
[1.276s] -- Up-to-date symlink: /home/zyme/ros_ws/Autoware_sim_test/install/tier4_vehicle_msgs/include/tier4_vehicle_msgs/tier4_vehicle_msgs/msg/detail/actuation_command__struct.h
[1.276s] -- Up-to-date symlink: /home/zyme/ros_ws/Autoware_sim_test/install/tier4_vehicle_msgs/include/tier4_vehicle_msgs/tier4_vehicle_msgs/msg/detail/actuation_command__type_support.h
[1.276s] -- Up-to-date symlink: /home/zyme/ros_ws/Autoware_sim_test/install/tier4_vehicle_msgs/include/tier4_vehicle_msgs/tier4_vehicle_msgs/msg/detail/actuation_command_stamped__functions.h
[1.277s] -- Up-to-date symlink: /home/zyme/ros_ws/Autoware_sim_test/install/tier4_vehicle_msgs/include/tier4_vehicle_msgs/tier4_vehicle_msgs/msg/detail/actuation_command_stamped__struct.h
[1.277s] -- Up-to-date symlink: /home/zyme/ros_ws/Autoware_sim_test/install/tier4_vehicle_msgs/include/tier4_vehicle_msgs/tier4_vehicle_msgs/msg/detail/actuation_command_stamped__type_support.h
[1.277s] -- Up-to-date symlink: /home/zyme/ros_ws/Autoware_sim_test/install/tier4_vehicle_msgs/include/tier4_vehicle_msgs/tier4_vehicle_msgs/msg/detail/actuation_status__functions.h
[1.277s] -- Up-to-date symlink: /home/zyme/ros_ws/Autoware_sim_test/install/tier4_vehicle_msgs/include/tier4_vehicle_msgs/tier4_vehicle_msgs/msg/detail/actuation_status__struct.h
[1.278s] -- Up-to-date symlink: /home/zyme/ros_ws/Autoware_sim_test/install/tier4_vehicle_msgs/include/tier4_vehicle_msgs/tier4_vehicle_msgs/msg/detail/actuation_status__type_support.h
[1.278s] -- Up-to-date symlink: /home/zyme/ros_ws/Autoware_sim_test/install/tier4_vehicle_msgs/include/tier4_vehicle_msgs/tier4_vehicle_msgs/msg/detail/actuation_status_stamped__functions.h
[1.278s] -- Up-to-date symlink: /home/zyme/ros_ws/Autoware_sim_test/install/tier4_vehicle_msgs/include/tier4_vehicle_msgs/tier4_vehicle_msgs/msg/detail/actuation_status_stamped__struct.h
[1.278s] -- Up-to-date symlink: /home/zyme/ros_ws/Autoware_sim_test/install/tier4_vehicle_msgs/include/tier4_vehicle_msgs/tier4_vehicle_msgs/msg/detail/actuation_status_stamped__type_support.h
[1.279s] -- Up-to-date symlink: /home/zyme/ros_ws/Autoware_sim_test/install/tier4_vehicle_msgs/include/tier4_vehicle_msgs/tier4_vehicle_msgs/msg/detail/battery_status__functions.h
[1.279s] -- Up-to-date symlink: /home/zyme/ros_ws/Autoware_sim_test/install/tier4_vehicle_msgs/include/tier4_vehicle_msgs/tier4_vehicle_msgs/msg/detail/battery_status__struct.h
[1.279s] -- Up-to-date symlink: /home/zyme/ros_ws/Autoware_sim_test/install/tier4_vehicle_msgs/include/tier4_vehicle_msgs/tier4_vehicle_msgs/msg/detail/battery_status__type_support.h
[1.279s] -- Up-to-date symlink: /home/zyme/ros_ws/Autoware_sim_test/install/tier4_vehicle_msgs/include/tier4_vehicle_msgs/tier4_vehicle_msgs/msg/detail/shift__functions.h
[1.279s] -- Up-to-date symlink: /home/zyme/ros_ws/Autoware_sim_test/install/tier4_vehicle_msgs/include/tier4_vehicle_msgs/tier4_vehicle_msgs/msg/detail/shift__struct.h
[1.280s] -- Up-to-date symlink: /home/zyme/ros_ws/Autoware_sim_test/install/tier4_vehicle_msgs/include/tier4_vehicle_msgs/tier4_vehicle_msgs/msg/detail/shift__type_support.h
[1.280s] -- Up-to-date symlink: /home/zyme/ros_ws/Autoware_sim_test/install/tier4_vehicle_msgs/include/tier4_vehicle_msgs/tier4_vehicle_msgs/msg/detail/shift_stamped__functions.h
[1.280s] -- Up-to-date symlink: /home/zyme/ros_ws/Autoware_sim_test/install/tier4_vehicle_msgs/include/tier4_vehicle_msgs/tier4_vehicle_msgs/msg/detail/shift_stamped__struct.h
[1.281s] -- Up-to-date symlink: /home/zyme/ros_ws/Autoware_sim_test/install/tier4_vehicle_msgs/include/tier4_vehicle_msgs/tier4_vehicle_msgs/msg/detail/shift_stamped__type_support.h
[1.281s] -- Up-to-date symlink: /home/zyme/ros_ws/Autoware_sim_test/install/tier4_vehicle_msgs/include/tier4_vehicle_msgs/tier4_vehicle_msgs/msg/detail/steering__functions.h
[1.281s] -- Up-to-date symlink: /home/zyme/ros_ws/Autoware_sim_test/install/tier4_vehicle_msgs/include/tier4_vehicle_msgs/tier4_vehicle_msgs/msg/detail/steering__struct.h
[1.281s] -- Up-to-date symlink: /home/zyme/ros_ws/Autoware_sim_test/install/tier4_vehicle_msgs/include/tier4_vehicle_msgs/tier4_vehicle_msgs/msg/detail/steering__type_support.h
[1.281s] -- Up-to-date symlink: /home/zyme/ros_ws/Autoware_sim_test/install/tier4_vehicle_msgs/include/tier4_vehicle_msgs/tier4_vehicle_msgs/msg/detail/steering_wheel_status_stamped__functions.h
[1.281s] -- Up-to-date symlink: /home/zyme/ros_ws/Autoware_sim_test/install/tier4_vehicle_msgs/include/tier4_vehicle_msgs/tier4_vehicle_msgs/msg/detail/steering_wheel_status_stamped__struct.h
[1.282s] -- Up-to-date symlink: /home/zyme/ros_ws/Autoware_sim_test/install/tier4_vehicle_msgs/include/tier4_vehicle_msgs/tier4_vehicle_msgs/msg/detail/steering_wheel_status_stamped__type_support.h
[1.282s] -- Up-to-date symlink: /home/zyme/ros_ws/Autoware_sim_test/install/tier4_vehicle_msgs/include/tier4_vehicle_msgs/tier4_vehicle_msgs/msg/detail/turn_signal__functions.h
[1.282s] -- Up-to-date symlink: /home/zyme/ros_ws/Autoware_sim_test/install/tier4_vehicle_msgs/include/tier4_vehicle_msgs/tier4_vehicle_msgs/msg/detail/turn_signal__struct.h
[1.282s] -- Up-to-date symlink: /home/zyme/ros_ws/Autoware_sim_test/install/tier4_vehicle_msgs/include/tier4_vehicle_msgs/tier4_vehicle_msgs/msg/detail/turn_signal__type_support.h
[1.282s] -- Up-to-date symlink: /home/zyme/ros_ws/Autoware_sim_test/install/tier4_vehicle_msgs/include/tier4_vehicle_msgs/tier4_vehicle_msgs/msg/detail/vehicle_emergency_stamped__functions.h
[1.283s] -- Up-to-date symlink: /home/zyme/ros_ws/Autoware_sim_test/install/tier4_vehicle_msgs/include/tier4_vehicle_msgs/tier4_vehicle_msgs/msg/detail/vehicle_emergency_stamped__struct.h
[1.283s] -- Up-to-date symlink: /home/zyme/ros_ws/Autoware_sim_test/install/tier4_vehicle_msgs/include/tier4_vehicle_msgs/tier4_vehicle_msgs/msg/detail/vehicle_emergency_stamped__type_support.h
[1.283s] -- Up-to-date symlink: /home/zyme/ros_ws/Autoware_sim_test/install/tier4_vehicle_msgs/include/tier4_vehicle_msgs/tier4_vehicle_msgs/msg/rosidl_generator_c__visibility_control.h
[1.283s] -- Up-to-date symlink: /home/zyme/ros_ws/Autoware_sim_test/install/tier4_vehicle_msgs/include/tier4_vehicle_msgs/tier4_vehicle_msgs/msg/shift.h
[1.283s] -- Up-to-date symlink: /home/zyme/ros_ws/Autoware_sim_test/install/tier4_vehicle_msgs/include/tier4_vehicle_msgs/tier4_vehicle_msgs/msg/shift_stamped.h
[1.283s] -- Up-to-date symlink: /home/zyme/ros_ws/Autoware_sim_test/install/tier4_vehicle_msgs/include/tier4_vehicle_msgs/tier4_vehicle_msgs/msg/steering.h
[1.283s] -- Up-to-date symlink: /home/zyme/ros_ws/Autoware_sim_test/install/tier4_vehicle_msgs/include/tier4_vehicle_msgs/tier4_vehicle_msgs/msg/steering_wheel_status_stamped.h
[1.284s] -- Up-to-date symlink: /home/zyme/ros_ws/Autoware_sim_test/install/tier4_vehicle_msgs/include/tier4_vehicle_msgs/tier4_vehicle_msgs/msg/turn_signal.h
[1.284s] -- Up-to-date symlink: /home/zyme/ros_ws/Autoware_sim_test/install/tier4_vehicle_msgs/include/tier4_vehicle_msgs/tier4_vehicle_msgs/msg/vehicle_emergency_stamped.h
[1.284s] -- Up-to-date symlink: /home/zyme/ros_ws/Autoware_sim_test/install/tier4_vehicle_msgs/include/tier4_vehicle_msgs/tier4_vehicle_msgs/srv/detail/update_accel_brake_map__functions.h
[1.284s] -- Up-to-date symlink: /home/zyme/ros_ws/Autoware_sim_test/install/tier4_vehicle_msgs/include/tier4_vehicle_msgs/tier4_vehicle_msgs/srv/detail/update_accel_brake_map__struct.h
[1.284s] -- Up-to-date symlink: /home/zyme/ros_ws/Autoware_sim_test/install/tier4_vehicle_msgs/include/tier4_vehicle_msgs/tier4_vehicle_msgs/srv/detail/update_accel_brake_map__type_support.h
[1.285s] -- Up-to-date symlink: /home/zyme/ros_ws/Autoware_sim_test/install/tier4_vehicle_msgs/include/tier4_vehicle_msgs/tier4_vehicle_msgs/srv/update_accel_brake_map.h
[1.285s] -- Up-to-date symlink: /home/zyme/ros_ws/Autoware_sim_test/install/tier4_vehicle_msgs/share/tier4_vehicle_msgs/environment/library_path.sh
[1.285s] -- Up-to-date symlink: /home/zyme/ros_ws/Autoware_sim_test/install/tier4_vehicle_msgs/share/tier4_vehicle_msgs/environment/library_path.dsv
[1.286s] -- Up-to-date symlink: /home/zyme/ros_ws/Autoware_sim_test/install/tier4_vehicle_msgs/include/tier4_vehicle_msgs/tier4_vehicle_msgs/msg/detail/actuation_command__rosidl_typesupport_fastrtps_c.h
[1.287s] -- Up-to-date symlink: /home/zyme/ros_ws/Autoware_sim_test/install/tier4_vehicle_msgs/include/tier4_vehicle_msgs/tier4_vehicle_msgs/msg/detail/actuation_command_stamped__rosidl_typesupport_fastrtps_c.h
[1.287s] -- Up-to-date symlink: /home/zyme/ros_ws/Autoware_sim_test/install/tier4_vehicle_msgs/include/tier4_vehicle_msgs/tier4_vehicle_msgs/msg/detail/actuation_status__rosidl_typesupport_fastrtps_c.h
[1.287s] -- Up-to-date symlink: /home/zyme/ros_ws/Autoware_sim_test/install/tier4_vehicle_msgs/include/tier4_vehicle_msgs/tier4_vehicle_msgs/msg/detail/actuation_status_stamped__rosidl_typesupport_fastrtps_c.h
[1.287s] -- Up-to-date symlink: /home/zyme/ros_ws/Autoware_sim_test/install/tier4_vehicle_msgs/include/tier4_vehicle_msgs/tier4_vehicle_msgs/msg/detail/battery_status__rosidl_typesupport_fastrtps_c.h
[1.287s] -- Up-to-date symlink: /home/zyme/ros_ws/Autoware_sim_test/install/tier4_vehicle_msgs/include/tier4_vehicle_msgs/tier4_vehicle_msgs/msg/detail/shift__rosidl_typesupport_fastrtps_c.h
[1.287s] -- Up-to-date symlink: /home/zyme/ros_ws/Autoware_sim_test/install/tier4_vehicle_msgs/include/tier4_vehicle_msgs/tier4_vehicle_msgs/msg/detail/shift_stamped__rosidl_typesupport_fastrtps_c.h
[1.287s] -- Up-to-date symlink: /home/zyme/ros_ws/Autoware_sim_test/install/tier4_vehicle_msgs/include/tier4_vehicle_msgs/tier4_vehicle_msgs/msg/detail/steering__rosidl_typesupport_fastrtps_c.h
[1.288s] -- Up-to-date symlink: /home/zyme/ros_ws/Autoware_sim_test/install/tier4_vehicle_msgs/include/tier4_vehicle_msgs/tier4_vehicle_msgs/msg/detail/steering_wheel_status_stamped__rosidl_typesupport_fastrtps_c.h
[1.288s] -- Up-to-date symlink: /home/zyme/ros_ws/Autoware_sim_test/install/tier4_vehicle_msgs/include/tier4_vehicle_msgs/tier4_vehicle_msgs/msg/detail/turn_signal__rosidl_typesupport_fastrtps_c.h
[1.288s] -- Up-to-date symlink: /home/zyme/ros_ws/Autoware_sim_test/install/tier4_vehicle_msgs/include/tier4_vehicle_msgs/tier4_vehicle_msgs/msg/detail/vehicle_emergency_stamped__rosidl_typesupport_fastrtps_c.h
[1.288s] -- Up-to-date symlink: /home/zyme/ros_ws/Autoware_sim_test/install/tier4_vehicle_msgs/include/tier4_vehicle_msgs/tier4_vehicle_msgs/msg/rosidl_typesupport_fastrtps_c__visibility_control.h
[1.288s] -- Up-to-date symlink: /home/zyme/ros_ws/Autoware_sim_test/install/tier4_vehicle_msgs/include/tier4_vehicle_msgs/tier4_vehicle_msgs/srv/detail/update_accel_brake_map__rosidl_typesupport_fastrtps_c.h
[1.289s] -- Up-to-date symlink: /home/zyme/ros_ws/Autoware_sim_test/install/tier4_vehicle_msgs/include/tier4_vehicle_msgs/tier4_vehicle_msgs/msg/detail/actuation_command__rosidl_typesupport_introspection_c.h
[1.289s] -- Up-to-date symlink: /home/zyme/ros_ws/Autoware_sim_test/install/tier4_vehicle_msgs/include/tier4_vehicle_msgs/tier4_vehicle_msgs/msg/detail/actuation_command_stamped__rosidl_typesupport_introspection_c.h
[1.289s] -- Up-to-date symlink: /home/zyme/ros_ws/Autoware_sim_test/install/tier4_vehicle_msgs/include/tier4_vehicle_msgs/tier4_vehicle_msgs/msg/detail/actuation_status__rosidl_typesupport_introspection_c.h
[1.289s] -- Up-to-date symlink: /home/zyme/ros_ws/Autoware_sim_test/install/tier4_vehicle_msgs/include/tier4_vehicle_msgs/tier4_vehicle_msgs/msg/detail/actuation_status_stamped__rosidl_typesupport_introspection_c.h
[1.289s] -- Up-to-date symlink: /home/zyme/ros_ws/Autoware_sim_test/install/tier4_vehicle_msgs/include/tier4_vehicle_msgs/tier4_vehicle_msgs/msg/detail/battery_status__rosidl_typesupport_introspection_c.h
[1.290s] -- Up-to-date symlink: /home/zyme/ros_ws/Autoware_sim_test/install/tier4_vehicle_msgs/include/tier4_vehicle_msgs/tier4_vehicle_msgs/msg/detail/shift__rosidl_typesupport_introspection_c.h
[1.290s] -- Up-to-date symlink: /home/zyme/ros_ws/Autoware_sim_test/install/tier4_vehicle_msgs/include/tier4_vehicle_msgs/tier4_vehicle_msgs/msg/detail/shift_stamped__rosidl_typesupport_introspection_c.h
[1.290s] -- Up-to-date symlink: /home/zyme/ros_ws/Autoware_sim_test/install/tier4_vehicle_msgs/include/tier4_vehicle_msgs/tier4_vehicle_msgs/msg/detail/steering__rosidl_typesupport_introspection_c.h
[1.290s] -- Up-to-date symlink: /home/zyme/ros_ws/Autoware_sim_test/install/tier4_vehicle_msgs/include/tier4_vehicle_msgs/tier4_vehicle_msgs/msg/detail/steering_wheel_status_stamped__rosidl_typesupport_introspection_c.h
[1.291s] -- Up-to-date symlink: /home/zyme/ros_ws/Autoware_sim_test/install/tier4_vehicle_msgs/include/tier4_vehicle_msgs/tier4_vehicle_msgs/msg/detail/turn_signal__rosidl_typesupport_introspection_c.h
[1.291s] -- Up-to-date symlink: /home/zyme/ros_ws/Autoware_sim_test/install/tier4_vehicle_msgs/include/tier4_vehicle_msgs/tier4_vehicle_msgs/msg/detail/vehicle_emergency_stamped__rosidl_typesupport_introspection_c.h
[1.291s] -- Up-to-date symlink: /home/zyme/ros_ws/Autoware_sim_test/install/tier4_vehicle_msgs/include/tier4_vehicle_msgs/tier4_vehicle_msgs/msg/rosidl_typesupport_introspection_c__visibility_control.h
[1.291s] -- Up-to-date symlink: /home/zyme/ros_ws/Autoware_sim_test/install/tier4_vehicle_msgs/include/tier4_vehicle_msgs/tier4_vehicle_msgs/srv/detail/update_accel_brake_map__rosidl_typesupport_introspection_c.h
[1.292s] -- Up-to-date symlink: /home/zyme/ros_ws/Autoware_sim_test/install/tier4_vehicle_msgs/include/tier4_vehicle_msgs/tier4_vehicle_msgs/msg/actuation_command.hpp
[1.292s] -- Up-to-date symlink: /home/zyme/ros_ws/Autoware_sim_test/install/tier4_vehicle_msgs/include/tier4_vehicle_msgs/tier4_vehicle_msgs/msg/actuation_command_stamped.hpp
[1.292s] -- Up-to-date symlink: /home/zyme/ros_ws/Autoware_sim_test/install/tier4_vehicle_msgs/include/tier4_vehicle_msgs/tier4_vehicle_msgs/msg/actuation_status.hpp
[1.292s] -- Up-to-date symlink: /home/zyme/ros_ws/Autoware_sim_test/install/tier4_vehicle_msgs/include/tier4_vehicle_msgs/tier4_vehicle_msgs/msg/actuation_status_stamped.hpp
[1.293s] -- Up-to-date symlink: /home/zyme/ros_ws/Autoware_sim_test/install/tier4_vehicle_msgs/include/tier4_vehicle_msgs/tier4_vehicle_msgs/msg/battery_status.hpp
[1.293s] -- Up-to-date symlink: /home/zyme/ros_ws/Autoware_sim_test/install/tier4_vehicle_msgs/include/tier4_vehicle_msgs/tier4_vehicle_msgs/msg/detail/actuation_command__builder.hpp
[1.293s] -- Up-to-date symlink: /home/zyme/ros_ws/Autoware_sim_test/install/tier4_vehicle_msgs/include/tier4_vehicle_msgs/tier4_vehicle_msgs/msg/detail/actuation_command__struct.hpp
[1.293s] -- Up-to-date symlink: /home/zyme/ros_ws/Autoware_sim_test/install/tier4_vehicle_msgs/include/tier4_vehicle_msgs/tier4_vehicle_msgs/msg/detail/actuation_command__traits.hpp
[1.293s] -- Up-to-date symlink: /home/zyme/ros_ws/Autoware_sim_test/install/tier4_vehicle_msgs/include/tier4_vehicle_msgs/tier4_vehicle_msgs/msg/detail/actuation_command_stamped__builder.hpp
[1.293s] -- Up-to-date symlink: /home/zyme/ros_ws/Autoware_sim_test/install/tier4_vehicle_msgs/include/tier4_vehicle_msgs/tier4_vehicle_msgs/msg/detail/actuation_command_stamped__struct.hpp
[1.294s] -- Up-to-date symlink: /home/zyme/ros_ws/Autoware_sim_test/install/tier4_vehicle_msgs/include/tier4_vehicle_msgs/tier4_vehicle_msgs/msg/detail/actuation_command_stamped__traits.hpp
[1.294s] -- Up-to-date symlink: /home/zyme/ros_ws/Autoware_sim_test/install/tier4_vehicle_msgs/include/tier4_vehicle_msgs/tier4_vehicle_msgs/msg/detail/actuation_status__builder.hpp
[1.294s] -- Up-to-date symlink: /home/zyme/ros_ws/Autoware_sim_test/install/tier4_vehicle_msgs/include/tier4_vehicle_msgs/tier4_vehicle_msgs/msg/detail/actuation_status__struct.hpp
[1.294s] -- Up-to-date symlink: /home/zyme/ros_ws/Autoware_sim_test/install/tier4_vehicle_msgs/include/tier4_vehicle_msgs/tier4_vehicle_msgs/msg/detail/actuation_status__traits.hpp
[1.294s] -- Up-to-date symlink: /home/zyme/ros_ws/Autoware_sim_test/install/tier4_vehicle_msgs/include/tier4_vehicle_msgs/tier4_vehicle_msgs/msg/detail/actuation_status_stamped__builder.hpp
[1.295s] -- Up-to-date symlink: /home/zyme/ros_ws/Autoware_sim_test/install/tier4_vehicle_msgs/include/tier4_vehicle_msgs/tier4_vehicle_msgs/msg/detail/actuation_status_stamped__struct.hpp
[1.295s] -- Up-to-date symlink: /home/zyme/ros_ws/Autoware_sim_test/install/tier4_vehicle_msgs/include/tier4_vehicle_msgs/tier4_vehicle_msgs/msg/detail/actuation_status_stamped__traits.hpp
[1.295s] -- Up-to-date symlink: /home/zyme/ros_ws/Autoware_sim_test/install/tier4_vehicle_msgs/include/tier4_vehicle_msgs/tier4_vehicle_msgs/msg/detail/battery_status__builder.hpp
[1.295s] -- Up-to-date symlink: /home/zyme/ros_ws/Autoware_sim_test/install/tier4_vehicle_msgs/include/tier4_vehicle_msgs/tier4_vehicle_msgs/msg/detail/battery_status__struct.hpp
[1.295s] -- Up-to-date symlink: /home/zyme/ros_ws/Autoware_sim_test/install/tier4_vehicle_msgs/include/tier4_vehicle_msgs/tier4_vehicle_msgs/msg/detail/battery_status__traits.hpp
[1.295s] -- Up-to-date symlink: /home/zyme/ros_ws/Autoware_sim_test/install/tier4_vehicle_msgs/include/tier4_vehicle_msgs/tier4_vehicle_msgs/msg/detail/shift__builder.hpp
[1.296s] -- Up-to-date symlink: /home/zyme/ros_ws/Autoware_sim_test/install/tier4_vehicle_msgs/include/tier4_vehicle_msgs/tier4_vehicle_msgs/msg/detail/shift__struct.hpp
[1.296s] -- Up-to-date symlink: /home/zyme/ros_ws/Autoware_sim_test/install/tier4_vehicle_msgs/include/tier4_vehicle_msgs/tier4_vehicle_msgs/msg/detail/shift__traits.hpp
[1.296s] -- Up-to-date symlink: /home/zyme/ros_ws/Autoware_sim_test/install/tier4_vehicle_msgs/include/tier4_vehicle_msgs/tier4_vehicle_msgs/msg/detail/shift_stamped__builder.hpp
[1.296s] -- Up-to-date symlink: /home/zyme/ros_ws/Autoware_sim_test/install/tier4_vehicle_msgs/include/tier4_vehicle_msgs/tier4_vehicle_msgs/msg/detail/shift_stamped__struct.hpp
[1.296s] -- Up-to-date symlink: /home/zyme/ros_ws/Autoware_sim_test/install/tier4_vehicle_msgs/include/tier4_vehicle_msgs/tier4_vehicle_msgs/msg/detail/shift_stamped__traits.hpp
[1.296s] -- Up-to-date symlink: /home/zyme/ros_ws/Autoware_sim_test/install/tier4_vehicle_msgs/include/tier4_vehicle_msgs/tier4_vehicle_msgs/msg/detail/steering__builder.hpp
[1.297s] -- Up-to-date symlink: /home/zyme/ros_ws/Autoware_sim_test/install/tier4_vehicle_msgs/include/tier4_vehicle_msgs/tier4_vehicle_msgs/msg/detail/steering__struct.hpp
[1.297s] -- Up-to-date symlink: /home/zyme/ros_ws/Autoware_sim_test/install/tier4_vehicle_msgs/include/tier4_vehicle_msgs/tier4_vehicle_msgs/msg/detail/steering__traits.hpp
[1.297s] -- Up-to-date symlink: /home/zyme/ros_ws/Autoware_sim_test/install/tier4_vehicle_msgs/include/tier4_vehicle_msgs/tier4_vehicle_msgs/msg/detail/steering_wheel_status_stamped__builder.hpp
[1.297s] -- Up-to-date symlink: /home/zyme/ros_ws/Autoware_sim_test/install/tier4_vehicle_msgs/include/tier4_vehicle_msgs/tier4_vehicle_msgs/msg/detail/steering_wheel_status_stamped__struct.hpp
[1.297s] -- Up-to-date symlink: /home/zyme/ros_ws/Autoware_sim_test/install/tier4_vehicle_msgs/include/tier4_vehicle_msgs/tier4_vehicle_msgs/msg/detail/steering_wheel_status_stamped__traits.hpp
[1.297s] -- Up-to-date symlink: /home/zyme/ros_ws/Autoware_sim_test/install/tier4_vehicle_msgs/include/tier4_vehicle_msgs/tier4_vehicle_msgs/msg/detail/turn_signal__builder.hpp
[1.298s] -- Up-to-date symlink: /home/zyme/ros_ws/Autoware_sim_test/install/tier4_vehicle_msgs/include/tier4_vehicle_msgs/tier4_vehicle_msgs/msg/detail/turn_signal__struct.hpp
[1.298s] -- Up-to-date symlink: /home/zyme/ros_ws/Autoware_sim_test/install/tier4_vehicle_msgs/include/tier4_vehicle_msgs/tier4_vehicle_msgs/msg/detail/turn_signal__traits.hpp
[1.298s] -- Up-to-date symlink: /home/zyme/ros_ws/Autoware_sim_test/install/tier4_vehicle_msgs/include/tier4_vehicle_msgs/tier4_vehicle_msgs/msg/detail/vehicle_emergency_stamped__builder.hpp
[1.298s] -- Up-to-date symlink: /home/zyme/ros_ws/Autoware_sim_test/install/tier4_vehicle_msgs/include/tier4_vehicle_msgs/tier4_vehicle_msgs/msg/detail/vehicle_emergency_stamped__struct.hpp
[1.299s] -- Up-to-date symlink: /home/zyme/ros_ws/Autoware_sim_test/install/tier4_vehicle_msgs/include/tier4_vehicle_msgs/tier4_vehicle_msgs/msg/detail/vehicle_emergency_stamped__traits.hpp
[1.299s] -- Up-to-date symlink: /home/zyme/ros_ws/Autoware_sim_test/install/tier4_vehicle_msgs/include/tier4_vehicle_msgs/tier4_vehicle_msgs/msg/shift.hpp
[1.299s] -- Up-to-date symlink: /home/zyme/ros_ws/Autoware_sim_test/install/tier4_vehicle_msgs/include/tier4_vehicle_msgs/tier4_vehicle_msgs/msg/shift_stamped.hpp
[1.299s] -- Up-to-date symlink: /home/zyme/ros_ws/Autoware_sim_test/install/tier4_vehicle_msgs/include/tier4_vehicle_msgs/tier4_vehicle_msgs/msg/steering.hpp
[1.299s] -- Up-to-date symlink: /home/zyme/ros_ws/Autoware_sim_test/install/tier4_vehicle_msgs/include/tier4_vehicle_msgs/tier4_vehicle_msgs/msg/steering_wheel_status_stamped.hpp
[1.299s] -- Up-to-date symlink: /home/zyme/ros_ws/Autoware_sim_test/install/tier4_vehicle_msgs/include/tier4_vehicle_msgs/tier4_vehicle_msgs/msg/turn_signal.hpp
[1.299s] -- Up-to-date symlink: /home/zyme/ros_ws/Autoware_sim_test/install/tier4_vehicle_msgs/include/tier4_vehicle_msgs/tier4_vehicle_msgs/msg/vehicle_emergency_stamped.hpp
[1.300s] -- Up-to-date symlink: /home/zyme/ros_ws/Autoware_sim_test/install/tier4_vehicle_msgs/include/tier4_vehicle_msgs/tier4_vehicle_msgs/srv/detail/update_accel_brake_map__builder.hpp
[1.300s] -- Up-to-date symlink: /home/zyme/ros_ws/Autoware_sim_test/install/tier4_vehicle_msgs/include/tier4_vehicle_msgs/tier4_vehicle_msgs/srv/detail/update_accel_brake_map__struct.hpp
[1.300s] -- Up-to-date symlink: /home/zyme/ros_ws/Autoware_sim_test/install/tier4_vehicle_msgs/include/tier4_vehicle_msgs/tier4_vehicle_msgs/srv/detail/update_accel_brake_map__traits.hpp
[1.300s] -- Up-to-date symlink: /home/zyme/ros_ws/Autoware_sim_test/install/tier4_vehicle_msgs/include/tier4_vehicle_msgs/tier4_vehicle_msgs/srv/update_accel_brake_map.hpp
[1.301s] -- Up-to-date symlink: /home/zyme/ros_ws/Autoware_sim_test/install/tier4_vehicle_msgs/include/tier4_vehicle_msgs/tier4_vehicle_msgs/msg/detail/actuation_command__rosidl_typesupport_fastrtps_cpp.hpp
[1.301s] -- Up-to-date symlink: /home/zyme/ros_ws/Autoware_sim_test/install/tier4_vehicle_msgs/include/tier4_vehicle_msgs/tier4_vehicle_msgs/msg/detail/actuation_command_stamped__rosidl_typesupport_fastrtps_cpp.hpp
[1.301s] -- Up-to-date symlink: /home/zyme/ros_ws/Autoware_sim_test/install/tier4_vehicle_msgs/include/tier4_vehicle_msgs/tier4_vehicle_msgs/msg/detail/actuation_status__rosidl_typesupport_fastrtps_cpp.hpp
[1.301s] -- Up-to-date symlink: /home/zyme/ros_ws/Autoware_sim_test/install/tier4_vehicle_msgs/include/tier4_vehicle_msgs/tier4_vehicle_msgs/msg/detail/actuation_status_stamped__rosidl_typesupport_fastrtps_cpp.hpp
[1.302s] -- Up-to-date symlink: /home/zyme/ros_ws/Autoware_sim_test/install/tier4_vehicle_msgs/include/tier4_vehicle_msgs/tier4_vehicle_msgs/msg/detail/battery_status__rosidl_typesupport_fastrtps_cpp.hpp
[1.302s] -- Up-to-date symlink: /home/zyme/ros_ws/Autoware_sim_test/install/tier4_vehicle_msgs/include/tier4_vehicle_msgs/tier4_vehicle_msgs/msg/detail/shift__rosidl_typesupport_fastrtps_cpp.hpp
[1.302s] -- Up-to-date symlink: /home/zyme/ros_ws/Autoware_sim_test/install/tier4_vehicle_msgs/include/tier4_vehicle_msgs/tier4_vehicle_msgs/msg/detail/shift_stamped__rosidl_typesupport_fastrtps_cpp.hpp
[1.302s] -- Up-to-date symlink: /home/zyme/ros_ws/Autoware_sim_test/install/tier4_vehicle_msgs/include/tier4_vehicle_msgs/tier4_vehicle_msgs/msg/detail/steering__rosidl_typesupport_fastrtps_cpp.hpp
[1.302s] -- Up-to-date symlink: /home/zyme/ros_ws/Autoware_sim_test/install/tier4_vehicle_msgs/include/tier4_vehicle_msgs/tier4_vehicle_msgs/msg/detail/steering_wheel_status_stamped__rosidl_typesupport_fastrtps_cpp.hpp
[1.302s] -- Up-to-date symlink: /home/zyme/ros_ws/Autoware_sim_test/install/tier4_vehicle_msgs/include/tier4_vehicle_msgs/tier4_vehicle_msgs/msg/detail/turn_signal__rosidl_typesupport_fastrtps_cpp.hpp
[1.303s] -- Up-to-date symlink: /home/zyme/ros_ws/Autoware_sim_test/install/tier4_vehicle_msgs/include/tier4_vehicle_msgs/tier4_vehicle_msgs/msg/detail/vehicle_emergency_stamped__rosidl_typesupport_fastrtps_cpp.hpp
[1.303s] -- Up-to-date symlink: /home/zyme/ros_ws/Autoware_sim_test/install/tier4_vehicle_msgs/include/tier4_vehicle_msgs/tier4_vehicle_msgs/msg/rosidl_typesupport_fastrtps_cpp__visibility_control.h
[1.303s] -- Up-to-date symlink: /home/zyme/ros_ws/Autoware_sim_test/install/tier4_vehicle_msgs/include/tier4_vehicle_msgs/tier4_vehicle_msgs/srv/detail/update_accel_brake_map__rosidl_typesupport_fastrtps_cpp.hpp
[1.303s] -- Up-to-date symlink: /home/zyme/ros_ws/Autoware_sim_test/install/tier4_vehicle_msgs/include/tier4_vehicle_msgs/tier4_vehicle_msgs/msg/detail/actuation_command__rosidl_typesupport_introspection_cpp.hpp
[1.304s] -- Up-to-date symlink: /home/zyme/ros_ws/Autoware_sim_test/install/tier4_vehicle_msgs/include/tier4_vehicle_msgs/tier4_vehicle_msgs/msg/detail/actuation_command_stamped__rosidl_typesupport_introspection_cpp.hpp
[1.304s] -- Up-to-date symlink: /home/zyme/ros_ws/Autoware_sim_test/install/tier4_vehicle_msgs/include/tier4_vehicle_msgs/tier4_vehicle_msgs/msg/detail/actuation_status__rosidl_typesupport_introspection_cpp.hpp
[1.304s] -- Up-to-date symlink: /home/zyme/ros_ws/Autoware_sim_test/install/tier4_vehicle_msgs/include/tier4_vehicle_msgs/tier4_vehicle_msgs/msg/detail/actuation_status_stamped__rosidl_typesupport_introspection_cpp.hpp
[1.304s] -- Up-to-date symlink: /home/zyme/ros_ws/Autoware_sim_test/install/tier4_vehicle_msgs/include/tier4_vehicle_msgs/tier4_vehicle_msgs/msg/detail/battery_status__rosidl_typesupport_introspection_cpp.hpp
[1.304s] -- Up-to-date symlink: /home/zyme/ros_ws/Autoware_sim_test/install/tier4_vehicle_msgs/include/tier4_vehicle_msgs/tier4_vehicle_msgs/msg/detail/shift__rosidl_typesupport_introspection_cpp.hpp
[1.305s] -- Up-to-date symlink: /home/zyme/ros_ws/Autoware_sim_test/install/tier4_vehicle_msgs/include/tier4_vehicle_msgs/tier4_vehicle_msgs/msg/detail/shift_stamped__rosidl_typesupport_introspection_cpp.hpp
[1.305s] -- Up-to-date symlink: /home/zyme/ros_ws/Autoware_sim_test/install/tier4_vehicle_msgs/include/tier4_vehicle_msgs/tier4_vehicle_msgs/msg/detail/steering__rosidl_typesupport_introspection_cpp.hpp
[1.305s] -- Up-to-date symlink: /home/zyme/ros_ws/Autoware_sim_test/install/tier4_vehicle_msgs/include/tier4_vehicle_msgs/tier4_vehicle_msgs/msg/detail/steering_wheel_status_stamped__rosidl_typesupport_introspection_cpp.hpp
[1.305s] -- Up-to-date symlink: /home/zyme/ros_ws/Autoware_sim_test/install/tier4_vehicle_msgs/include/tier4_vehicle_msgs/tier4_vehicle_msgs/msg/detail/turn_signal__rosidl_typesupport_introspection_cpp.hpp
[1.305s] -- Up-to-date symlink: /home/zyme/ros_ws/Autoware_sim_test/install/tier4_vehicle_msgs/include/tier4_vehicle_msgs/tier4_vehicle_msgs/msg/detail/vehicle_emergency_stamped__rosidl_typesupport_introspection_cpp.hpp
[1.306s] -- Up-to-date symlink: /home/zyme/ros_ws/Autoware_sim_test/install/tier4_vehicle_msgs/include/tier4_vehicle_msgs/tier4_vehicle_msgs/srv/detail/update_accel_brake_map__rosidl_typesupport_introspection_cpp.hpp
[1.306s] -- Up-to-date symlink: /home/zyme/ros_ws/Autoware_sim_test/install/tier4_vehicle_msgs/share/tier4_vehicle_msgs/environment/pythonpath.sh
[1.306s] -- Up-to-date symlink: /home/zyme/ros_ws/Autoware_sim_test/install/tier4_vehicle_msgs/share/tier4_vehicle_msgs/environment/pythonpath.dsv
[1.307s] -- Up-to-date symlink: /home/zyme/ros_ws/Autoware_sim_test/install/tier4_vehicle_msgs/local/lib/python3.10/dist-packages/tier4_vehicle_msgs-0.1.0-py3.10.egg-info/PKG-INFO
[1.307s] -- Up-to-date symlink: /home/zyme/ros_ws/Autoware_sim_test/install/tier4_vehicle_msgs/local/lib/python3.10/dist-packages/tier4_vehicle_msgs-0.1.0-py3.10.egg-info/SOURCES.txt
[1.307s] -- Up-to-date symlink: /home/zyme/ros_ws/Autoware_sim_test/install/tier4_vehicle_msgs/local/lib/python3.10/dist-packages/tier4_vehicle_msgs-0.1.0-py3.10.egg-info/dependency_links.txt
[1.307s] -- Up-to-date symlink: /home/zyme/ros_ws/Autoware_sim_test/install/tier4_vehicle_msgs/local/lib/python3.10/dist-packages/tier4_vehicle_msgs-0.1.0-py3.10.egg-info/top_level.txt
[1.308s] -- Up-to-date symlink: /home/zyme/ros_ws/Autoware_sim_test/install/tier4_vehicle_msgs/local/lib/python3.10/dist-packages/tier4_vehicle_msgs/__init__.py
[1.308s] -- Up-to-date symlink: /home/zyme/ros_ws/Autoware_sim_test/install/tier4_vehicle_msgs/local/lib/python3.10/dist-packages/tier4_vehicle_msgs/_tier4_vehicle_msgs_s.ep.rosidl_typesupport_c.c
[1.309s] -- Up-to-date symlink: /home/zyme/ros_ws/Autoware_sim_test/install/tier4_vehicle_msgs/local/lib/python3.10/dist-packages/tier4_vehicle_msgs/_tier4_vehicle_msgs_s.ep.rosidl_typesupport_fastrtps_c.c
[1.309s] -- Up-to-date symlink: /home/zyme/ros_ws/Autoware_sim_test/install/tier4_vehicle_msgs/local/lib/python3.10/dist-packages/tier4_vehicle_msgs/_tier4_vehicle_msgs_s.ep.rosidl_typesupport_introspection_c.c
[1.309s] -- Up-to-date symlink: /home/zyme/ros_ws/Autoware_sim_test/install/tier4_vehicle_msgs/local/lib/python3.10/dist-packages/tier4_vehicle_msgs/libtier4_vehicle_msgs__rosidl_generator_py.so
[1.309s] -- Up-to-date symlink: /home/zyme/ros_ws/Autoware_sim_test/install/tier4_vehicle_msgs/local/lib/python3.10/dist-packages/tier4_vehicle_msgs/msg/__init__.py
[1.309s] -- Up-to-date symlink: /home/zyme/ros_ws/Autoware_sim_test/install/tier4_vehicle_msgs/local/lib/python3.10/dist-packages/tier4_vehicle_msgs/msg/_actuation_command.py
[1.309s] -- Up-to-date symlink: /home/zyme/ros_ws/Autoware_sim_test/install/tier4_vehicle_msgs/local/lib/python3.10/dist-packages/tier4_vehicle_msgs/msg/_actuation_command_s.c
[1.309s] -- Up-to-date symlink: /home/zyme/ros_ws/Autoware_sim_test/install/tier4_vehicle_msgs/local/lib/python3.10/dist-packages/tier4_vehicle_msgs/msg/_actuation_command_stamped.py
[1.310s] -- Up-to-date symlink: /home/zyme/ros_ws/Autoware_sim_test/install/tier4_vehicle_msgs/local/lib/python3.10/dist-packages/tier4_vehicle_msgs/msg/_actuation_command_stamped_s.c
[1.310s] -- Up-to-date symlink: /home/zyme/ros_ws/Autoware_sim_test/install/tier4_vehicle_msgs/local/lib/python3.10/dist-packages/tier4_vehicle_msgs/msg/_actuation_status.py
[1.310s] -- Up-to-date symlink: /home/zyme/ros_ws/Autoware_sim_test/install/tier4_vehicle_msgs/local/lib/python3.10/dist-packages/tier4_vehicle_msgs/msg/_actuation_status_s.c
[1.310s] -- Up-to-date symlink: /home/zyme/ros_ws/Autoware_sim_test/install/tier4_vehicle_msgs/local/lib/python3.10/dist-packages/tier4_vehicle_msgs/msg/_actuation_status_stamped.py
[1.311s] -- Up-to-date symlink: /home/zyme/ros_ws/Autoware_sim_test/install/tier4_vehicle_msgs/local/lib/python3.10/dist-packages/tier4_vehicle_msgs/msg/_actuation_status_stamped_s.c
[1.311s] -- Up-to-date symlink: /home/zyme/ros_ws/Autoware_sim_test/install/tier4_vehicle_msgs/local/lib/python3.10/dist-packages/tier4_vehicle_msgs/msg/_battery_status.py
[1.311s] -- Up-to-date symlink: /home/zyme/ros_ws/Autoware_sim_test/install/tier4_vehicle_msgs/local/lib/python3.10/dist-packages/tier4_vehicle_msgs/msg/_battery_status_s.c
[1.311s] -- Up-to-date symlink: /home/zyme/ros_ws/Autoware_sim_test/install/tier4_vehicle_msgs/local/lib/python3.10/dist-packages/tier4_vehicle_msgs/msg/_shift.py
[1.311s] -- Up-to-date symlink: /home/zyme/ros_ws/Autoware_sim_test/install/tier4_vehicle_msgs/local/lib/python3.10/dist-packages/tier4_vehicle_msgs/msg/_shift_s.c
[1.312s] -- Up-to-date symlink: /home/zyme/ros_ws/Autoware_sim_test/install/tier4_vehicle_msgs/local/lib/python3.10/dist-packages/tier4_vehicle_msgs/msg/_shift_stamped.py
[1.312s] -- Up-to-date symlink: /home/zyme/ros_ws/Autoware_sim_test/install/tier4_vehicle_msgs/local/lib/python3.10/dist-packages/tier4_vehicle_msgs/msg/_shift_stamped_s.c
[1.312s] -- Up-to-date symlink: /home/zyme/ros_ws/Autoware_sim_test/install/tier4_vehicle_msgs/local/lib/python3.10/dist-packages/tier4_vehicle_msgs/msg/_steering.py
[1.312s] -- Up-to-date symlink: /home/zyme/ros_ws/Autoware_sim_test/install/tier4_vehicle_msgs/local/lib/python3.10/dist-packages/tier4_vehicle_msgs/msg/_steering_s.c
[1.313s] -- Up-to-date symlink: /home/zyme/ros_ws/Autoware_sim_test/install/tier4_vehicle_msgs/local/lib/python3.10/dist-packages/tier4_vehicle_msgs/msg/_steering_wheel_status_stamped.py
[1.313s] -- Up-to-date symlink: /home/zyme/ros_ws/Autoware_sim_test/install/tier4_vehicle_msgs/local/lib/python3.10/dist-packages/tier4_vehicle_msgs/msg/_steering_wheel_status_stamped_s.c
[1.313s] -- Up-to-date symlink: /home/zyme/ros_ws/Autoware_sim_test/install/tier4_vehicle_msgs/local/lib/python3.10/dist-packages/tier4_vehicle_msgs/msg/_turn_signal.py
[1.313s] -- Up-to-date symlink: /home/zyme/ros_ws/Autoware_sim_test/install/tier4_vehicle_msgs/local/lib/python3.10/dist-packages/tier4_vehicle_msgs/msg/_turn_signal_s.c
[1.313s] -- Up-to-date symlink: /home/zyme/ros_ws/Autoware_sim_test/install/tier4_vehicle_msgs/local/lib/python3.10/dist-packages/tier4_vehicle_msgs/msg/_vehicle_emergency_stamped.py
[1.314s] -- Up-to-date symlink: /home/zyme/ros_ws/Autoware_sim_test/install/tier4_vehicle_msgs/local/lib/python3.10/dist-packages/tier4_vehicle_msgs/msg/_vehicle_emergency_stamped_s.c
[1.314s] -- Up-to-date symlink: /home/zyme/ros_ws/Autoware_sim_test/install/tier4_vehicle_msgs/local/lib/python3.10/dist-packages/tier4_vehicle_msgs/srv/__init__.py
[1.314s] -- Up-to-date symlink: /home/zyme/ros_ws/Autoware_sim_test/install/tier4_vehicle_msgs/local/lib/python3.10/dist-packages/tier4_vehicle_msgs/srv/_update_accel_brake_map.py
[1.314s] -- Up-to-date symlink: /home/zyme/ros_ws/Autoware_sim_test/install/tier4_vehicle_msgs/local/lib/python3.10/dist-packages/tier4_vehicle_msgs/srv/_update_accel_brake_map_s.c
[1.314s] -- Up-to-date symlink: /home/zyme/ros_ws/Autoware_sim_test/install/tier4_vehicle_msgs/local/lib/python3.10/dist-packages/tier4_vehicle_msgs/tier4_vehicle_msgs_s__rosidl_typesupport_c.cpython-310-x86_64-linux-gnu.so
[1.315s] -- Up-to-date symlink: /home/zyme/ros_ws/Autoware_sim_test/install/tier4_vehicle_msgs/local/lib/python3.10/dist-packages/tier4_vehicle_msgs/tier4_vehicle_msgs_s__rosidl_typesupport_fastrtps_c.cpython-310-x86_64-linux-gnu.so
[1.315s] -- Up-to-date symlink: /home/zyme/ros_ws/Autoware_sim_test/install/tier4_vehicle_msgs/local/lib/python3.10/dist-packages/tier4_vehicle_msgs/tier4_vehicle_msgs_s__rosidl_typesupport_introspection_c.cpython-310-x86_64-linux-gnu.so
[1.315s] -- Up-to-date symlink: /home/zyme/ros_ws/Autoware_sim_test/install/tier4_vehicle_msgs/local/lib/python3.10/dist-packages/tier4_vehicle_msgs/tier4_vehicle_msgs_s__rosidl_typesupport_fastrtps_c.cpython-310-x86_64-linux-gnu.so
[1.316s] -- Up-to-date symlink: /home/zyme/ros_ws/Autoware_sim_test/install/tier4_vehicle_msgs/local/lib/python3.10/dist-packages/tier4_vehicle_msgs/tier4_vehicle_msgs_s__rosidl_typesupport_introspection_c.cpython-310-x86_64-linux-gnu.so
[1.316s] -- Up-to-date symlink: /home/zyme/ros_ws/Autoware_sim_test/install/tier4_vehicle_msgs/local/lib/python3.10/dist-packages/tier4_vehicle_msgs/tier4_vehicle_msgs_s__rosidl_typesupport_c.cpython-310-x86_64-linux-gnu.so
[1.316s] -- Up-to-date symlink: /home/zyme/ros_ws/Autoware_sim_test/install/tier4_vehicle_msgs/share/tier4_vehicle_msgs/msg/ActuationCommand.idl
[1.317s] -- Up-to-date symlink: /home/zyme/ros_ws/Autoware_sim_test/install/tier4_vehicle_msgs/share/tier4_vehicle_msgs/msg/ActuationCommandStamped.idl
[1.317s] -- Up-to-date symlink: /home/zyme/ros_ws/Autoware_sim_test/install/tier4_vehicle_msgs/share/tier4_vehicle_msgs/msg/ActuationStatus.idl
[1.317s] -- Up-to-date symlink: /home/zyme/ros_ws/Autoware_sim_test/install/tier4_vehicle_msgs/share/tier4_vehicle_msgs/msg/ActuationStatusStamped.idl
[1.317s] -- Up-to-date symlink: /home/zyme/ros_ws/Autoware_sim_test/install/tier4_vehicle_msgs/share/tier4_vehicle_msgs/msg/BatteryStatus.idl
[1.317s] -- Up-to-date symlink: /home/zyme/ros_ws/Autoware_sim_test/install/tier4_vehicle_msgs/share/tier4_vehicle_msgs/msg/Shift.idl
[1.318s] -- Up-to-date symlink: /home/zyme/ros_ws/Autoware_sim_test/install/tier4_vehicle_msgs/share/tier4_vehicle_msgs/msg/ShiftStamped.idl
[1.318s] -- Up-to-date symlink: /home/zyme/ros_ws/Autoware_sim_test/install/tier4_vehicle_msgs/share/tier4_vehicle_msgs/msg/TurnSignal.idl
[1.318s] -- Up-to-date symlink: /home/zyme/ros_ws/Autoware_sim_test/install/tier4_vehicle_msgs/share/tier4_vehicle_msgs/msg/Steering.idl
[1.318s] -- Up-to-date symlink: /home/zyme/ros_ws/Autoware_sim_test/install/tier4_vehicle_msgs/share/tier4_vehicle_msgs/msg/SteeringWheelStatusStamped.idl
[1.319s] -- Up-to-date symlink: /home/zyme/ros_ws/Autoware_sim_test/install/tier4_vehicle_msgs/share/tier4_vehicle_msgs/msg/VehicleEmergencyStamped.idl
[1.319s] -- Up-to-date symlink: /home/zyme/ros_ws/Autoware_sim_test/install/tier4_vehicle_msgs/share/tier4_vehicle_msgs/srv/UpdateAccelBrakeMap.idl
[1.319s] -- Up-to-date symlink: /home/zyme/ros_ws/Autoware_sim_test/install/tier4_vehicle_msgs/share/tier4_vehicle_msgs/msg/ActuationCommand.msg
[1.319s] -- Up-to-date symlink: /home/zyme/ros_ws/Autoware_sim_test/install/tier4_vehicle_msgs/share/tier4_vehicle_msgs/msg/ActuationCommandStamped.msg
[1.320s] -- Up-to-date symlink: /home/zyme/ros_ws/Autoware_sim_test/install/tier4_vehicle_msgs/share/tier4_vehicle_msgs/msg/ActuationStatus.msg
[1.320s] -- Up-to-date symlink: /home/zyme/ros_ws/Autoware_sim_test/install/tier4_vehicle_msgs/share/tier4_vehicle_msgs/msg/ActuationStatusStamped.msg
[1.320s] -- Up-to-date symlink: /home/zyme/ros_ws/Autoware_sim_test/install/tier4_vehicle_msgs/share/tier4_vehicle_msgs/msg/BatteryStatus.msg
[1.320s] -- Up-to-date symlink: /home/zyme/ros_ws/Autoware_sim_test/install/tier4_vehicle_msgs/share/tier4_vehicle_msgs/msg/Shift.msg
[1.320s] -- Up-to-date symlink: /home/zyme/ros_ws/Autoware_sim_test/install/tier4_vehicle_msgs/share/tier4_vehicle_msgs/msg/ShiftStamped.msg
[1.321s] -- Up-to-date symlink: /home/zyme/ros_ws/Autoware_sim_test/install/tier4_vehicle_msgs/share/tier4_vehicle_msgs/msg/TurnSignal.msg
[1.321s] -- Up-to-date symlink: /home/zyme/ros_ws/Autoware_sim_test/install/tier4_vehicle_msgs/share/tier4_vehicle_msgs/msg/Steering.msg
[1.321s] -- Up-to-date symlink: /home/zyme/ros_ws/Autoware_sim_test/install/tier4_vehicle_msgs/share/tier4_vehicle_msgs/msg/SteeringWheelStatusStamped.msg
[1.321s] -- Up-to-date symlink: /home/zyme/ros_ws/Autoware_sim_test/install/tier4_vehicle_msgs/share/tier4_vehicle_msgs/msg/VehicleEmergencyStamped.msg
[1.322s] -- Up-to-date symlink: /home/zyme/ros_ws/Autoware_sim_test/install/tier4_vehicle_msgs/share/tier4_vehicle_msgs/srv/UpdateAccelBrakeMap.srv
[1.322s] -- Up-to-date symlink: /home/zyme/ros_ws/Autoware_sim_test/install/tier4_vehicle_msgs/share/tier4_vehicle_msgs/srv/UpdateAccelBrakeMap_Request.msg
[1.322s] -- Up-to-date symlink: /home/zyme/ros_ws/Autoware_sim_test/install/tier4_vehicle_msgs/share/tier4_vehicle_msgs/srv/UpdateAccelBrakeMap_Response.msg
[1.323s] -- Up-to-date symlink: /home/zyme/ros_ws/Autoware_sim_test/install/tier4_vehicle_msgs/share/ament_index/resource_index/package_run_dependencies/tier4_vehicle_msgs
[1.323s] -- Up-to-date symlink: /home/zyme/ros_ws/Autoware_sim_test/install/tier4_vehicle_msgs/share/ament_index/resource_index/parent_prefix_path/tier4_vehicle_msgs
[1.323s] -- Up-to-date symlink: /home/zyme/ros_ws/Autoware_sim_test/install/tier4_vehicle_msgs/share/tier4_vehicle_msgs/environment/ament_prefix_path.sh
[1.323s] -- Up-to-date symlink: /home/zyme/ros_ws/Autoware_sim_test/install/tier4_vehicle_msgs/share/tier4_vehicle_msgs/environment/ament_prefix_path.dsv
[1.323s] -- Up-to-date symlink: /home/zyme/ros_ws/Autoware_sim_test/install/tier4_vehicle_msgs/share/tier4_vehicle_msgs/environment/path.sh
[1.324s] -- Up-to-date symlink: /home/zyme/ros_ws/Autoware_sim_test/install/tier4_vehicle_msgs/share/tier4_vehicle_msgs/environment/path.dsv
[1.324s] -- Up-to-date symlink: /home/zyme/ros_ws/Autoware_sim_test/install/tier4_vehicle_msgs/share/tier4_vehicle_msgs/local_setup.bash
[1.324s] -- Up-to-date symlink: /home/zyme/ros_ws/Autoware_sim_test/install/tier4_vehicle_msgs/share/tier4_vehicle_msgs/local_setup.sh
[1.324s] -- Up-to-date symlink: /home/zyme/ros_ws/Autoware_sim_test/install/tier4_vehicle_msgs/share/tier4_vehicle_msgs/local_setup.zsh
[1.324s] -- Up-to-date symlink: /home/zyme/ros_ws/Autoware_sim_test/install/tier4_vehicle_msgs/share/tier4_vehicle_msgs/local_setup.dsv
[1.324s] -- Symlinking: /home/zyme/ros_ws/Autoware_sim_test/install/tier4_vehicle_msgs/share/tier4_vehicle_msgs/package.dsv
[1.333s] -- Up-to-date symlink: /home/zyme/ros_ws/Autoware_sim_test/install/tier4_vehicle_msgs/share/ament_index/resource_index/packages/tier4_vehicle_msgs
[1.333s] -- Up-to-date symlink: /home/zyme/ros_ws/Autoware_sim_test/install/tier4_vehicle_msgs/share/tier4_vehicle_msgs/cmake/rosidl_cmake-extras.cmake
[1.333s] -- Up-to-date symlink: /home/zyme/ros_ws/Autoware_sim_test/install/tier4_vehicle_msgs/share/tier4_vehicle_msgs/cmake/ament_cmake_export_dependencies-extras.cmake
[1.334s] -- Up-to-date symlink: /home/zyme/ros_ws/Autoware_sim_test/install/tier4_vehicle_msgs/share/tier4_vehicle_msgs/cmake/ament_cmake_export_include_directories-extras.cmake
[1.334s] -- Up-to-date symlink: /home/zyme/ros_ws/Autoware_sim_test/install/tier4_vehicle_msgs/share/tier4_vehicle_msgs/cmake/ament_cmake_export_libraries-extras.cmake
[1.334s] -- Up-to-date symlink: /home/zyme/ros_ws/Autoware_sim_test/install/tier4_vehicle_msgs/share/tier4_vehicle_msgs/cmake/ament_cmake_export_targets-extras.cmake
[1.334s] -- Up-to-date symlink: /home/zyme/ros_ws/Autoware_sim_test/install/tier4_vehicle_msgs/share/tier4_vehicle_msgs/cmake/rosidl_cmake_export_typesupport_targets-extras.cmake
[1.334s] -- Up-to-date symlink: /home/zyme/ros_ws/Autoware_sim_test/install/tier4_vehicle_msgs/share/tier4_vehicle_msgs/cmake/rosidl_cmake_export_typesupport_libraries-extras.cmake
[1.335s] -- Up-to-date symlink: /home/zyme/ros_ws/Autoware_sim_test/install/tier4_vehicle_msgs/share/tier4_vehicle_msgs/cmake/tier4_vehicle_msgsConfig.cmake
[1.335s] -- Up-to-date symlink: /home/zyme/ros_ws/Autoware_sim_test/install/tier4_vehicle_msgs/share/tier4_vehicle_msgs/cmake/tier4_vehicle_msgsConfig-version.cmake
[1.335s] -- Up-to-date symlink: /home/zyme/ros_ws/Autoware_sim_test/install/tier4_vehicle_msgs/share/tier4_vehicle_msgs/package.xml
[1.336s] -- Up-to-date: /home/zyme/ros_ws/Autoware_sim_test/install/tier4_vehicle_msgs/lib/libtier4_vehicle_msgs__rosidl_generator_c.so
[1.337s] -- Up-to-date: /home/zyme/ros_ws/Autoware_sim_test/install/tier4_vehicle_msgs/lib/libtier4_vehicle_msgs__rosidl_typesupport_fastrtps_c.so
[1.337s] -- Up-to-date: /home/zyme/ros_ws/Autoware_sim_test/install/tier4_vehicle_msgs/lib/libtier4_vehicle_msgs__rosidl_typesupport_introspection_c.so
[1.338s] -- Up-to-date: /home/zyme/ros_ws/Autoware_sim_test/install/tier4_vehicle_msgs/lib/libtier4_vehicle_msgs__rosidl_typesupport_c.so
[1.339s] -- Up-to-date: /home/zyme/ros_ws/Autoware_sim_test/install/tier4_vehicle_msgs/lib/libtier4_vehicle_msgs__rosidl_typesupport_fastrtps_cpp.so
[1.340s] -- Up-to-date: /home/zyme/ros_ws/Autoware_sim_test/install/tier4_vehicle_msgs/lib/libtier4_vehicle_msgs__rosidl_typesupport_introspection_cpp.so
[1.340s] -- Up-to-date: /home/zyme/ros_ws/Autoware_sim_test/install/tier4_vehicle_msgs/lib/libtier4_vehicle_msgs__rosidl_typesupport_cpp.so
[1.373s] Listing '/home/zyme/ros_ws/Autoware_sim_test/install/tier4_vehicle_msgs/local/lib/python3.10/dist-packages/tier4_vehicle_msgs'...
[1.373s] Listing '/home/zyme/ros_ws/Autoware_sim_test/install/tier4_vehicle_msgs/local/lib/python3.10/dist-packages/tier4_vehicle_msgs/msg'...
[1.373s] Listing '/home/zyme/ros_ws/Autoware_sim_test/install/tier4_vehicle_msgs/local/lib/python3.10/dist-packages/tier4_vehicle_msgs/srv'...
[1.377s] -- Up-to-date: /home/zyme/ros_ws/Autoware_sim_test/install/tier4_vehicle_msgs/lib/libtier4_vehicle_msgs__rosidl_generator_py.so
[1.378s] -- Up-to-date: /home/zyme/ros_ws/Autoware_sim_test/install/tier4_vehicle_msgs/share/tier4_vehicle_msgs/cmake/export_tier4_vehicle_msgs__rosidl_generator_cExport.cmake
[1.378s] -- Up-to-date: /home/zyme/ros_ws/Autoware_sim_test/install/tier4_vehicle_msgs/share/tier4_vehicle_msgs/cmake/export_tier4_vehicle_msgs__rosidl_generator_cExport-release.cmake
[1.378s] -- Up-to-date: /home/zyme/ros_ws/Autoware_sim_test/install/tier4_vehicle_msgs/share/tier4_vehicle_msgs/cmake/export_tier4_vehicle_msgs__rosidl_typesupport_fastrtps_cExport.cmake
[1.378s] -- Up-to-date: /home/zyme/ros_ws/Autoware_sim_test/install/tier4_vehicle_msgs/share/tier4_vehicle_msgs/cmake/export_tier4_vehicle_msgs__rosidl_typesupport_fastrtps_cExport-release.cmake
[1.378s] -- Up-to-date: /home/zyme/ros_ws/Autoware_sim_test/install/tier4_vehicle_msgs/share/tier4_vehicle_msgs/cmake/tier4_vehicle_msgs__rosidl_typesupport_introspection_cExport.cmake
[1.379s] -- Up-to-date: /home/zyme/ros_ws/Autoware_sim_test/install/tier4_vehicle_msgs/share/tier4_vehicle_msgs/cmake/tier4_vehicle_msgs__rosidl_typesupport_introspection_cExport-release.cmake
[1.379s] -- Up-to-date: /home/zyme/ros_ws/Autoware_sim_test/install/tier4_vehicle_msgs/share/tier4_vehicle_msgs/cmake/tier4_vehicle_msgs__rosidl_typesupport_cExport.cmake
[1.379s] -- Up-to-date: /home/zyme/ros_ws/Autoware_sim_test/install/tier4_vehicle_msgs/share/tier4_vehicle_msgs/cmake/tier4_vehicle_msgs__rosidl_typesupport_cExport-release.cmake
[1.379s] -- Up-to-date: /home/zyme/ros_ws/Autoware_sim_test/install/tier4_vehicle_msgs/share/tier4_vehicle_msgs/cmake/export_tier4_vehicle_msgs__rosidl_generator_cppExport.cmake
[1.380s] -- Up-to-date: /home/zyme/ros_ws/Autoware_sim_test/install/tier4_vehicle_msgs/share/tier4_vehicle_msgs/cmake/export_tier4_vehicle_msgs__rosidl_typesupport_fastrtps_cppExport.cmake
[1.380s] -- Up-to-date: /home/zyme/ros_ws/Autoware_sim_test/install/tier4_vehicle_msgs/share/tier4_vehicle_msgs/cmake/export_tier4_vehicle_msgs__rosidl_typesupport_fastrtps_cppExport-release.cmake
[1.380s] -- Up-to-date: /home/zyme/ros_ws/Autoware_sim_test/install/tier4_vehicle_msgs/share/tier4_vehicle_msgs/cmake/tier4_vehicle_msgs__rosidl_typesupport_introspection_cppExport.cmake
[1.380s] -- Up-to-date: /home/zyme/ros_ws/Autoware_sim_test/install/tier4_vehicle_msgs/share/tier4_vehicle_msgs/cmake/tier4_vehicle_msgs__rosidl_typesupport_introspection_cppExport-release.cmake
[1.380s] -- Up-to-date: /home/zyme/ros_ws/Autoware_sim_test/install/tier4_vehicle_msgs/share/tier4_vehicle_msgs/cmake/tier4_vehicle_msgs__rosidl_typesupport_cppExport.cmake
[1.381s] -- Up-to-date: /home/zyme/ros_ws/Autoware_sim_test/install/tier4_vehicle_msgs/share/tier4_vehicle_msgs/cmake/tier4_vehicle_msgs__rosidl_typesupport_cppExport-release.cmake
[1.381s] -- Up-to-date: /home/zyme/ros_ws/Autoware_sim_test/install/tier4_vehicle_msgs/share/tier4_vehicle_msgs/cmake/export_tier4_vehicle_msgs__rosidl_generator_pyExport.cmake
[1.381s] -- Up-to-date: /home/zyme/ros_ws/Autoware_sim_test/install/tier4_vehicle_msgs/share/tier4_vehicle_msgs/cmake/export_tier4_vehicle_msgs__rosidl_generator_pyExport-release.cmake
[1.383s] Invoked command in '/home/zyme/ros_ws/Autoware_sim_test/build/tier4_vehicle_msgs' returned '0': AMENT_PREFIX_PATH=/home/zyme/ros_ws/Autoware_sim_test/install/tier4_control_msgs:/home/zyme/ros_ws/Autoware_sim_test/install/autoware_common_msgs:${AMENT_PREFIX_PATH} CMAKE_PREFIX_PATH=/home/zyme/ros_ws/Autoware_sim_test/install/tier4_control_msgs:/home/zyme/ros_ws/Autoware_sim_test/install/autoware_common_msgs:/opt/ros/humble LD_LIBRARY_PATH=/home/zyme/ros_ws/Autoware_sim_test/install/tier4_control_msgs/lib:/home/zyme/ros_ws/Autoware_sim_test/install/autoware_common_msgs/lib:${LD_LIBRARY_PATH} PYTHONPATH=/home/zyme/ros_ws/Autoware_sim_test/install/tier4_control_msgs/local/lib/python3.10/dist-packages:/home/zyme/ros_ws/Autoware_sim_test/install/autoware_common_msgs/local/lib/python3.10/dist-packages:${PYTHONPATH} /usr/bin/cmake --install /home/zyme/ros_ws/Autoware_sim_test/build/tier4_vehicle_msgs
