[0.056s] Invoking command in '/home/zyme/ros_ws/Autoware_sim_test/build/autoware_system_msgs': CMAKE_PREFIX_PATH=/opt/ros/humble /usr/bin/cmake --build /home/zyme/ros_ws/Autoware_sim_test/build/autoware_system_msgs -- -j12 -l12
[0.111s] [  2%] Built target autoware_system_msgs__cpp
[0.113s] [ 12%] Built target autoware_system_msgs__rosidl_generator_c
[0.120s] [ 12%] Built target ament_cmake_python_symlink_autoware_system_msgs
[0.142s] [ 23%] Built target autoware_system_msgs__rosidl_typesupport_introspection_c
[0.142s] [ 34%] Built target autoware_system_msgs__rosidl_typesupport_introspection_cpp
[0.144s] [ 44%] Built target autoware_system_msgs__rosidl_typesupport_c
[0.145s] [ 55%] Built target autoware_system_msgs__rosidl_typesupport_cpp
[0.146s] [ 65%] Built target autoware_system_msgs__rosidl_typesupport_fastrtps_cpp
[0.146s] [ 76%] Built target autoware_system_msgs__rosidl_typesupport_fastrtps_c
[0.167s] [ 76%] Built target autoware_system_msgs
[0.188s] [ 78%] Built target autoware_system_msgs__py
[0.212s] [ 87%] Built target autoware_system_msgs__rosidl_generator_py
[0.237s] [ 91%] Built target autoware_system_msgs__rosidl_typesupport_c__pyext
[0.238s] [ 97%] Built target autoware_system_msgs__rosidl_typesupport_introspection_c__pyext
[0.238s] [100%] Built target autoware_system_msgs__rosidl_typesupport_fastrtps_c__pyext
[0.379s] running egg_info
[0.380s] writing autoware_system_msgs.egg-info/PKG-INFO
[0.380s] writing dependency_links to autoware_system_msgs.egg-info/dependency_links.txt
[0.380s] writing top-level names to autoware_system_msgs.egg-info/top_level.txt
[0.382s] reading manifest file 'autoware_system_msgs.egg-info/SOURCES.txt'
[0.383s] writing manifest file 'autoware_system_msgs.egg-info/SOURCES.txt'
[0.405s] [100%] Built target ament_cmake_python_build_autoware_system_msgs_egg
[0.416s] Invoked command in '/home/zyme/ros_ws/Autoware_sim_test/build/autoware_system_msgs' returned '0': CMAKE_PREFIX_PATH=/opt/ros/humble /usr/bin/cmake --build /home/zyme/ros_ws/Autoware_sim_test/build/autoware_system_msgs -- -j12 -l12
[0.598s] Invoking command in '/home/zyme/ros_ws/Autoware_sim_test/build/autoware_system_msgs': CMAKE_PREFIX_PATH=/opt/ros/humble /usr/bin/cmake --install /home/zyme/ros_ws/Autoware_sim_test/build/autoware_system_msgs
[0.620s] -- Install configuration: "Release"
[0.622s] -- Execute custom install script
[0.623s] -- Up-to-date symlink: /home/zyme/ros_ws/Autoware_sim_test/install/autoware_system_msgs/share/ament_index/resource_index/rosidl_interfaces/autoware_system_msgs
[0.624s] -- Up-to-date symlink: /home/zyme/ros_ws/Autoware_sim_test/install/autoware_system_msgs/include/autoware_system_msgs/autoware_system_msgs/msg/autoware_state.h
[0.624s] -- Up-to-date symlink: /home/zyme/ros_ws/Autoware_sim_test/install/autoware_system_msgs/include/autoware_system_msgs/autoware_system_msgs/msg/detail/autoware_state__functions.h
[0.624s] -- Up-to-date symlink: /home/zyme/ros_ws/Autoware_sim_test/install/autoware_system_msgs/include/autoware_system_msgs/autoware_system_msgs/msg/detail/autoware_state__struct.h
[0.625s] -- Up-to-date symlink: /home/zyme/ros_ws/Autoware_sim_test/install/autoware_system_msgs/include/autoware_system_msgs/autoware_system_msgs/msg/detail/autoware_state__type_support.h
[0.625s] -- Up-to-date symlink: /home/zyme/ros_ws/Autoware_sim_test/install/autoware_system_msgs/include/autoware_system_msgs/autoware_system_msgs/msg/detail/hazard_status__functions.h
[0.625s] -- Up-to-date symlink: /home/zyme/ros_ws/Autoware_sim_test/install/autoware_system_msgs/include/autoware_system_msgs/autoware_system_msgs/msg/detail/hazard_status__struct.h
[0.625s] -- Up-to-date symlink: /home/zyme/ros_ws/Autoware_sim_test/install/autoware_system_msgs/include/autoware_system_msgs/autoware_system_msgs/msg/detail/hazard_status__type_support.h
[0.626s] -- Up-to-date symlink: /home/zyme/ros_ws/Autoware_sim_test/install/autoware_system_msgs/include/autoware_system_msgs/autoware_system_msgs/msg/detail/hazard_status_stamped__functions.h
[0.626s] -- Up-to-date symlink: /home/zyme/ros_ws/Autoware_sim_test/install/autoware_system_msgs/include/autoware_system_msgs/autoware_system_msgs/msg/detail/hazard_status_stamped__struct.h
[0.626s] -- Up-to-date symlink: /home/zyme/ros_ws/Autoware_sim_test/install/autoware_system_msgs/include/autoware_system_msgs/autoware_system_msgs/msg/detail/hazard_status_stamped__type_support.h
[0.626s] -- Up-to-date symlink: /home/zyme/ros_ws/Autoware_sim_test/install/autoware_system_msgs/include/autoware_system_msgs/autoware_system_msgs/msg/hazard_status.h
[0.627s] -- Up-to-date symlink: /home/zyme/ros_ws/Autoware_sim_test/install/autoware_system_msgs/include/autoware_system_msgs/autoware_system_msgs/msg/hazard_status_stamped.h
[0.627s] -- Up-to-date symlink: /home/zyme/ros_ws/Autoware_sim_test/install/autoware_system_msgs/include/autoware_system_msgs/autoware_system_msgs/msg/rosidl_generator_c__visibility_control.h
[0.628s] -- Up-to-date symlink: /home/zyme/ros_ws/Autoware_sim_test/install/autoware_system_msgs/share/autoware_system_msgs/environment/library_path.sh
[0.628s] -- Up-to-date symlink: /home/zyme/ros_ws/Autoware_sim_test/install/autoware_system_msgs/share/autoware_system_msgs/environment/library_path.dsv
[0.629s] -- Up-to-date symlink: /home/zyme/ros_ws/Autoware_sim_test/install/autoware_system_msgs/include/autoware_system_msgs/autoware_system_msgs/msg/detail/autoware_state__rosidl_typesupport_fastrtps_c.h
[0.629s] -- Up-to-date symlink: /home/zyme/ros_ws/Autoware_sim_test/install/autoware_system_msgs/include/autoware_system_msgs/autoware_system_msgs/msg/detail/hazard_status__rosidl_typesupport_fastrtps_c.h
[0.629s] -- Up-to-date symlink: /home/zyme/ros_ws/Autoware_sim_test/install/autoware_system_msgs/include/autoware_system_msgs/autoware_system_msgs/msg/detail/hazard_status_stamped__rosidl_typesupport_fastrtps_c.h
[0.629s] -- Up-to-date symlink: /home/zyme/ros_ws/Autoware_sim_test/install/autoware_system_msgs/include/autoware_system_msgs/autoware_system_msgs/msg/rosidl_typesupport_fastrtps_c__visibility_control.h
[0.630s] -- Up-to-date symlink: /home/zyme/ros_ws/Autoware_sim_test/install/autoware_system_msgs/include/autoware_system_msgs/autoware_system_msgs/msg/detail/autoware_state__rosidl_typesupport_introspection_c.h
[0.630s] -- Up-to-date symlink: /home/zyme/ros_ws/Autoware_sim_test/install/autoware_system_msgs/include/autoware_system_msgs/autoware_system_msgs/msg/detail/hazard_status__rosidl_typesupport_introspection_c.h
[0.630s] -- Up-to-date symlink: /home/zyme/ros_ws/Autoware_sim_test/install/autoware_system_msgs/include/autoware_system_msgs/autoware_system_msgs/msg/detail/hazard_status_stamped__rosidl_typesupport_introspection_c.h
[0.631s] -- Up-to-date symlink: /home/zyme/ros_ws/Autoware_sim_test/install/autoware_system_msgs/include/autoware_system_msgs/autoware_system_msgs/msg/rosidl_typesupport_introspection_c__visibility_control.h
[0.631s] -- Up-to-date symlink: /home/zyme/ros_ws/Autoware_sim_test/install/autoware_system_msgs/include/autoware_system_msgs/autoware_system_msgs/msg/autoware_state.hpp
[0.632s] -- Up-to-date symlink: /home/zyme/ros_ws/Autoware_sim_test/install/autoware_system_msgs/include/autoware_system_msgs/autoware_system_msgs/msg/detail/autoware_state__builder.hpp
[0.632s] -- Up-to-date symlink: /home/zyme/ros_ws/Autoware_sim_test/install/autoware_system_msgs/include/autoware_system_msgs/autoware_system_msgs/msg/detail/autoware_state__struct.hpp
[0.632s] -- Up-to-date symlink: /home/zyme/ros_ws/Autoware_sim_test/install/autoware_system_msgs/include/autoware_system_msgs/autoware_system_msgs/msg/detail/autoware_state__traits.hpp
[0.632s] -- Up-to-date symlink: /home/zyme/ros_ws/Autoware_sim_test/install/autoware_system_msgs/include/autoware_system_msgs/autoware_system_msgs/msg/detail/hazard_status__builder.hpp
[0.633s] -- Up-to-date symlink: /home/zyme/ros_ws/Autoware_sim_test/install/autoware_system_msgs/include/autoware_system_msgs/autoware_system_msgs/msg/detail/hazard_status__struct.hpp
[0.633s] -- Up-to-date symlink: /home/zyme/ros_ws/Autoware_sim_test/install/autoware_system_msgs/include/autoware_system_msgs/autoware_system_msgs/msg/detail/hazard_status__traits.hpp
[0.633s] -- Up-to-date symlink: /home/zyme/ros_ws/Autoware_sim_test/install/autoware_system_msgs/include/autoware_system_msgs/autoware_system_msgs/msg/detail/hazard_status_stamped__builder.hpp
[0.634s] -- Up-to-date symlink: /home/zyme/ros_ws/Autoware_sim_test/install/autoware_system_msgs/include/autoware_system_msgs/autoware_system_msgs/msg/detail/hazard_status_stamped__struct.hpp
[0.635s] -- Up-to-date symlink: /home/zyme/ros_ws/Autoware_sim_test/install/autoware_system_msgs/include/autoware_system_msgs/autoware_system_msgs/msg/detail/hazard_status_stamped__traits.hpp
[0.635s] -- Up-to-date symlink: /home/zyme/ros_ws/Autoware_sim_test/install/autoware_system_msgs/include/autoware_system_msgs/autoware_system_msgs/msg/hazard_status.hpp
[0.635s] -- Up-to-date symlink: /home/zyme/ros_ws/Autoware_sim_test/install/autoware_system_msgs/include/autoware_system_msgs/autoware_system_msgs/msg/hazard_status_stamped.hpp
[0.636s] -- Up-to-date symlink: /home/zyme/ros_ws/Autoware_sim_test/install/autoware_system_msgs/include/autoware_system_msgs/autoware_system_msgs/msg/detail/autoware_state__rosidl_typesupport_fastrtps_cpp.hpp
[0.636s] -- Up-to-date symlink: /home/zyme/ros_ws/Autoware_sim_test/install/autoware_system_msgs/include/autoware_system_msgs/autoware_system_msgs/msg/detail/hazard_status__rosidl_typesupport_fastrtps_cpp.hpp
[0.636s] -- Up-to-date symlink: /home/zyme/ros_ws/Autoware_sim_test/install/autoware_system_msgs/include/autoware_system_msgs/autoware_system_msgs/msg/detail/hazard_status_stamped__rosidl_typesupport_fastrtps_cpp.hpp
[0.637s] -- Up-to-date symlink: /home/zyme/ros_ws/Autoware_sim_test/install/autoware_system_msgs/include/autoware_system_msgs/autoware_system_msgs/msg/rosidl_typesupport_fastrtps_cpp__visibility_control.h
[0.637s] -- Up-to-date symlink: /home/zyme/ros_ws/Autoware_sim_test/install/autoware_system_msgs/include/autoware_system_msgs/autoware_system_msgs/msg/detail/autoware_state__rosidl_typesupport_introspection_cpp.hpp
[0.638s] -- Up-to-date symlink: /home/zyme/ros_ws/Autoware_sim_test/install/autoware_system_msgs/include/autoware_system_msgs/autoware_system_msgs/msg/detail/hazard_status__rosidl_typesupport_introspection_cpp.hpp
[0.638s] -- Up-to-date symlink: /home/zyme/ros_ws/Autoware_sim_test/install/autoware_system_msgs/include/autoware_system_msgs/autoware_system_msgs/msg/detail/hazard_status_stamped__rosidl_typesupport_introspection_cpp.hpp
[0.638s] -- Up-to-date symlink: /home/zyme/ros_ws/Autoware_sim_test/install/autoware_system_msgs/share/autoware_system_msgs/environment/pythonpath.sh
[0.638s] -- Up-to-date symlink: /home/zyme/ros_ws/Autoware_sim_test/install/autoware_system_msgs/share/autoware_system_msgs/environment/pythonpath.dsv
[0.640s] -- Up-to-date symlink: /home/zyme/ros_ws/Autoware_sim_test/install/autoware_system_msgs/local/lib/python3.10/dist-packages/autoware_system_msgs-0.0.0-py3.10.egg-info/PKG-INFO
[0.640s] -- Up-to-date symlink: /home/zyme/ros_ws/Autoware_sim_test/install/autoware_system_msgs/local/lib/python3.10/dist-packages/autoware_system_msgs-0.0.0-py3.10.egg-info/SOURCES.txt
[0.640s] -- Up-to-date symlink: /home/zyme/ros_ws/Autoware_sim_test/install/autoware_system_msgs/local/lib/python3.10/dist-packages/autoware_system_msgs-0.0.0-py3.10.egg-info/dependency_links.txt
[0.640s] -- Up-to-date symlink: /home/zyme/ros_ws/Autoware_sim_test/install/autoware_system_msgs/local/lib/python3.10/dist-packages/autoware_system_msgs-0.0.0-py3.10.egg-info/top_level.txt
[0.641s] -- Up-to-date symlink: /home/zyme/ros_ws/Autoware_sim_test/install/autoware_system_msgs/local/lib/python3.10/dist-packages/autoware_system_msgs/__init__.py
[0.642s] -- Up-to-date symlink: /home/zyme/ros_ws/Autoware_sim_test/install/autoware_system_msgs/local/lib/python3.10/dist-packages/autoware_system_msgs/_autoware_system_msgs_s.ep.rosidl_typesupport_c.c
[0.642s] -- Up-to-date symlink: /home/zyme/ros_ws/Autoware_sim_test/install/autoware_system_msgs/local/lib/python3.10/dist-packages/autoware_system_msgs/_autoware_system_msgs_s.ep.rosidl_typesupport_fastrtps_c.c
[0.642s] -- Up-to-date symlink: /home/zyme/ros_ws/Autoware_sim_test/install/autoware_system_msgs/local/lib/python3.10/dist-packages/autoware_system_msgs/_autoware_system_msgs_s.ep.rosidl_typesupport_introspection_c.c
[0.642s] -- Up-to-date symlink: /home/zyme/ros_ws/Autoware_sim_test/install/autoware_system_msgs/local/lib/python3.10/dist-packages/autoware_system_msgs/autoware_system_msgs_s__rosidl_typesupport_c.cpython-310-x86_64-linux-gnu.so
[0.643s] -- Up-to-date symlink: /home/zyme/ros_ws/Autoware_sim_test/install/autoware_system_msgs/local/lib/python3.10/dist-packages/autoware_system_msgs/autoware_system_msgs_s__rosidl_typesupport_fastrtps_c.cpython-310-x86_64-linux-gnu.so
[0.643s] -- Up-to-date symlink: /home/zyme/ros_ws/Autoware_sim_test/install/autoware_system_msgs/local/lib/python3.10/dist-packages/autoware_system_msgs/autoware_system_msgs_s__rosidl_typesupport_introspection_c.cpython-310-x86_64-linux-gnu.so
[0.643s] -- Up-to-date symlink: /home/zyme/ros_ws/Autoware_sim_test/install/autoware_system_msgs/local/lib/python3.10/dist-packages/autoware_system_msgs/libautoware_system_msgs__rosidl_generator_py.so
[0.644s] -- Up-to-date symlink: /home/zyme/ros_ws/Autoware_sim_test/install/autoware_system_msgs/local/lib/python3.10/dist-packages/autoware_system_msgs/msg/__init__.py
[0.644s] -- Up-to-date symlink: /home/zyme/ros_ws/Autoware_sim_test/install/autoware_system_msgs/local/lib/python3.10/dist-packages/autoware_system_msgs/msg/_autoware_state.py
[0.644s] -- Up-to-date symlink: /home/zyme/ros_ws/Autoware_sim_test/install/autoware_system_msgs/local/lib/python3.10/dist-packages/autoware_system_msgs/msg/_autoware_state_s.c
[0.645s] -- Up-to-date symlink: /home/zyme/ros_ws/Autoware_sim_test/install/autoware_system_msgs/local/lib/python3.10/dist-packages/autoware_system_msgs/msg/_hazard_status.py
[0.645s] -- Up-to-date symlink: /home/zyme/ros_ws/Autoware_sim_test/install/autoware_system_msgs/local/lib/python3.10/dist-packages/autoware_system_msgs/msg/_hazard_status_s.c
[0.645s] -- Up-to-date symlink: /home/zyme/ros_ws/Autoware_sim_test/install/autoware_system_msgs/local/lib/python3.10/dist-packages/autoware_system_msgs/msg/_hazard_status_stamped.py
[0.645s] -- Up-to-date symlink: /home/zyme/ros_ws/Autoware_sim_test/install/autoware_system_msgs/local/lib/python3.10/dist-packages/autoware_system_msgs/msg/_hazard_status_stamped_s.c
[0.646s] -- Up-to-date symlink: /home/zyme/ros_ws/Autoware_sim_test/install/autoware_system_msgs/local/lib/python3.10/dist-packages/autoware_system_msgs/autoware_system_msgs_s__rosidl_typesupport_fastrtps_c.cpython-310-x86_64-linux-gnu.so
[0.646s] -- Up-to-date symlink: /home/zyme/ros_ws/Autoware_sim_test/install/autoware_system_msgs/local/lib/python3.10/dist-packages/autoware_system_msgs/autoware_system_msgs_s__rosidl_typesupport_introspection_c.cpython-310-x86_64-linux-gnu.so
[0.647s] -- Up-to-date symlink: /home/zyme/ros_ws/Autoware_sim_test/install/autoware_system_msgs/local/lib/python3.10/dist-packages/autoware_system_msgs/autoware_system_msgs_s__rosidl_typesupport_c.cpython-310-x86_64-linux-gnu.so
[0.647s] -- Up-to-date symlink: /home/zyme/ros_ws/Autoware_sim_test/install/autoware_system_msgs/share/autoware_system_msgs/msg/AutowareState.idl
[0.647s] -- Up-to-date symlink: /home/zyme/ros_ws/Autoware_sim_test/install/autoware_system_msgs/share/autoware_system_msgs/msg/HazardStatus.idl
[0.648s] -- Up-to-date symlink: /home/zyme/ros_ws/Autoware_sim_test/install/autoware_system_msgs/share/autoware_system_msgs/msg/HazardStatusStamped.idl
[0.648s] -- Up-to-date symlink: /home/zyme/ros_ws/Autoware_sim_test/install/autoware_system_msgs/share/autoware_system_msgs/msg/AutowareState.msg
[0.648s] -- Up-to-date symlink: /home/zyme/ros_ws/Autoware_sim_test/install/autoware_system_msgs/share/autoware_system_msgs/msg/HazardStatus.msg
[0.649s] -- Up-to-date symlink: /home/zyme/ros_ws/Autoware_sim_test/install/autoware_system_msgs/share/autoware_system_msgs/msg/HazardStatusStamped.msg
[0.649s] -- Up-to-date symlink: /home/zyme/ros_ws/Autoware_sim_test/install/autoware_system_msgs/share/ament_index/resource_index/package_run_dependencies/autoware_system_msgs
[0.650s] -- Up-to-date symlink: /home/zyme/ros_ws/Autoware_sim_test/install/autoware_system_msgs/share/ament_index/resource_index/parent_prefix_path/autoware_system_msgs
[0.650s] -- Up-to-date symlink: /home/zyme/ros_ws/Autoware_sim_test/install/autoware_system_msgs/share/autoware_system_msgs/environment/ament_prefix_path.sh
[0.650s] -- Up-to-date symlink: /home/zyme/ros_ws/Autoware_sim_test/install/autoware_system_msgs/share/autoware_system_msgs/environment/ament_prefix_path.dsv
[0.651s] -- Up-to-date symlink: /home/zyme/ros_ws/Autoware_sim_test/install/autoware_system_msgs/share/autoware_system_msgs/environment/path.sh
[0.651s] -- Up-to-date symlink: /home/zyme/ros_ws/Autoware_sim_test/install/autoware_system_msgs/share/autoware_system_msgs/environment/path.dsv
[0.652s] -- Up-to-date symlink: /home/zyme/ros_ws/Autoware_sim_test/install/autoware_system_msgs/share/autoware_system_msgs/local_setup.bash
[0.652s] -- Up-to-date symlink: /home/zyme/ros_ws/Autoware_sim_test/install/autoware_system_msgs/share/autoware_system_msgs/local_setup.sh
[0.652s] -- Up-to-date symlink: /home/zyme/ros_ws/Autoware_sim_test/install/autoware_system_msgs/share/autoware_system_msgs/local_setup.zsh
[0.653s] -- Up-to-date symlink: /home/zyme/ros_ws/Autoware_sim_test/install/autoware_system_msgs/share/autoware_system_msgs/local_setup.dsv
[0.653s] -- Symlinking: /home/zyme/ros_ws/Autoware_sim_test/install/autoware_system_msgs/share/autoware_system_msgs/package.dsv
[0.661s] -- Up-to-date symlink: /home/zyme/ros_ws/Autoware_sim_test/install/autoware_system_msgs/share/ament_index/resource_index/packages/autoware_system_msgs
[0.662s] -- Up-to-date symlink: /home/zyme/ros_ws/Autoware_sim_test/install/autoware_system_msgs/share/autoware_system_msgs/cmake/rosidl_cmake-extras.cmake
[0.662s] -- Up-to-date symlink: /home/zyme/ros_ws/Autoware_sim_test/install/autoware_system_msgs/share/autoware_system_msgs/cmake/ament_cmake_export_dependencies-extras.cmake
[0.662s] -- Up-to-date symlink: /home/zyme/ros_ws/Autoware_sim_test/install/autoware_system_msgs/share/autoware_system_msgs/cmake/ament_cmake_export_include_directories-extras.cmake
[0.662s] -- Up-to-date symlink: /home/zyme/ros_ws/Autoware_sim_test/install/autoware_system_msgs/share/autoware_system_msgs/cmake/ament_cmake_export_libraries-extras.cmake
[0.663s] -- Up-to-date symlink: /home/zyme/ros_ws/Autoware_sim_test/install/autoware_system_msgs/share/autoware_system_msgs/cmake/ament_cmake_export_targets-extras.cmake
[0.663s] -- Up-to-date symlink: /home/zyme/ros_ws/Autoware_sim_test/install/autoware_system_msgs/share/autoware_system_msgs/cmake/rosidl_cmake_export_typesupport_targets-extras.cmake
[0.663s] -- Up-to-date symlink: /home/zyme/ros_ws/Autoware_sim_test/install/autoware_system_msgs/share/autoware_system_msgs/cmake/rosidl_cmake_export_typesupport_libraries-extras.cmake
[0.663s] -- Up-to-date symlink: /home/zyme/ros_ws/Autoware_sim_test/install/autoware_system_msgs/share/autoware_system_msgs/cmake/autoware_system_msgsConfig.cmake
[0.664s] -- Up-to-date symlink: /home/zyme/ros_ws/Autoware_sim_test/install/autoware_system_msgs/share/autoware_system_msgs/cmake/autoware_system_msgsConfig-version.cmake
[0.664s] -- Up-to-date symlink: /home/zyme/ros_ws/Autoware_sim_test/install/autoware_system_msgs/share/autoware_system_msgs/package.xml
[0.665s] -- Up-to-date: /home/zyme/ros_ws/Autoware_sim_test/install/autoware_system_msgs/lib/libautoware_system_msgs__rosidl_generator_c.so
[0.665s] -- Up-to-date: /home/zyme/ros_ws/Autoware_sim_test/install/autoware_system_msgs/lib/libautoware_system_msgs__rosidl_typesupport_fastrtps_c.so
[0.666s] -- Up-to-date: /home/zyme/ros_ws/Autoware_sim_test/install/autoware_system_msgs/lib/libautoware_system_msgs__rosidl_typesupport_introspection_c.so
[0.667s] -- Up-to-date: /home/zyme/ros_ws/Autoware_sim_test/install/autoware_system_msgs/lib/libautoware_system_msgs__rosidl_typesupport_c.so
[0.668s] -- Up-to-date: /home/zyme/ros_ws/Autoware_sim_test/install/autoware_system_msgs/lib/libautoware_system_msgs__rosidl_typesupport_fastrtps_cpp.so
[0.668s] -- Up-to-date: /home/zyme/ros_ws/Autoware_sim_test/install/autoware_system_msgs/lib/libautoware_system_msgs__rosidl_typesupport_introspection_cpp.so
[0.669s] -- Up-to-date: /home/zyme/ros_ws/Autoware_sim_test/install/autoware_system_msgs/lib/libautoware_system_msgs__rosidl_typesupport_cpp.so
[0.697s] Listing '/home/zyme/ros_ws/Autoware_sim_test/install/autoware_system_msgs/local/lib/python3.10/dist-packages/autoware_system_msgs'...
[0.697s] Listing '/home/zyme/ros_ws/Autoware_sim_test/install/autoware_system_msgs/local/lib/python3.10/dist-packages/autoware_system_msgs/msg'...
[0.701s] -- Up-to-date: /home/zyme/ros_ws/Autoware_sim_test/install/autoware_system_msgs/lib/libautoware_system_msgs__rosidl_generator_py.so
[0.702s] -- Up-to-date: /home/zyme/ros_ws/Autoware_sim_test/install/autoware_system_msgs/share/autoware_system_msgs/cmake/export_autoware_system_msgs__rosidl_generator_cExport.cmake
[0.702s] -- Up-to-date: /home/zyme/ros_ws/Autoware_sim_test/install/autoware_system_msgs/share/autoware_system_msgs/cmake/export_autoware_system_msgs__rosidl_generator_cExport-release.cmake
[0.702s] -- Up-to-date: /home/zyme/ros_ws/Autoware_sim_test/install/autoware_system_msgs/share/autoware_system_msgs/cmake/export_autoware_system_msgs__rosidl_typesupport_fastrtps_cExport.cmake
[0.702s] -- Up-to-date: /home/zyme/ros_ws/Autoware_sim_test/install/autoware_system_msgs/share/autoware_system_msgs/cmake/export_autoware_system_msgs__rosidl_typesupport_fastrtps_cExport-release.cmake
[0.703s] -- Up-to-date: /home/zyme/ros_ws/Autoware_sim_test/install/autoware_system_msgs/share/autoware_system_msgs/cmake/autoware_system_msgs__rosidl_typesupport_introspection_cExport.cmake
[0.703s] -- Up-to-date: /home/zyme/ros_ws/Autoware_sim_test/install/autoware_system_msgs/share/autoware_system_msgs/cmake/autoware_system_msgs__rosidl_typesupport_introspection_cExport-release.cmake
[0.703s] -- Up-to-date: /home/zyme/ros_ws/Autoware_sim_test/install/autoware_system_msgs/share/autoware_system_msgs/cmake/autoware_system_msgs__rosidl_typesupport_cExport.cmake
[0.703s] -- Up-to-date: /home/zyme/ros_ws/Autoware_sim_test/install/autoware_system_msgs/share/autoware_system_msgs/cmake/autoware_system_msgs__rosidl_typesupport_cExport-release.cmake
[0.703s] -- Up-to-date: /home/zyme/ros_ws/Autoware_sim_test/install/autoware_system_msgs/share/autoware_system_msgs/cmake/export_autoware_system_msgs__rosidl_generator_cppExport.cmake
[0.704s] -- Up-to-date: /home/zyme/ros_ws/Autoware_sim_test/install/autoware_system_msgs/share/autoware_system_msgs/cmake/export_autoware_system_msgs__rosidl_typesupport_fastrtps_cppExport.cmake
[0.704s] -- Up-to-date: /home/zyme/ros_ws/Autoware_sim_test/install/autoware_system_msgs/share/autoware_system_msgs/cmake/export_autoware_system_msgs__rosidl_typesupport_fastrtps_cppExport-release.cmake
[0.704s] -- Up-to-date: /home/zyme/ros_ws/Autoware_sim_test/install/autoware_system_msgs/share/autoware_system_msgs/cmake/autoware_system_msgs__rosidl_typesupport_introspection_cppExport.cmake
[0.704s] -- Up-to-date: /home/zyme/ros_ws/Autoware_sim_test/install/autoware_system_msgs/share/autoware_system_msgs/cmake/autoware_system_msgs__rosidl_typesupport_introspection_cppExport-release.cmake
[0.704s] -- Up-to-date: /home/zyme/ros_ws/Autoware_sim_test/install/autoware_system_msgs/share/autoware_system_msgs/cmake/autoware_system_msgs__rosidl_typesupport_cppExport.cmake
[0.704s] -- Up-to-date: /home/zyme/ros_ws/Autoware_sim_test/install/autoware_system_msgs/share/autoware_system_msgs/cmake/autoware_system_msgs__rosidl_typesupport_cppExport-release.cmake
[0.704s] -- Up-to-date: /home/zyme/ros_ws/Autoware_sim_test/install/autoware_system_msgs/share/autoware_system_msgs/cmake/export_autoware_system_msgs__rosidl_generator_pyExport.cmake
[0.704s] -- Up-to-date: /home/zyme/ros_ws/Autoware_sim_test/install/autoware_system_msgs/share/autoware_system_msgs/cmake/export_autoware_system_msgs__rosidl_generator_pyExport-release.cmake
[0.707s] Invoked command in '/home/zyme/ros_ws/Autoware_sim_test/build/autoware_system_msgs' returned '0': CMAKE_PREFIX_PATH=/opt/ros/humble /usr/bin/cmake --install /home/zyme/ros_ws/Autoware_sim_test/build/autoware_system_msgs
