[0.072s] Invoking command in '/home/zyme/ros_ws/Autoware_sim_test/build/autoware_auto_control_msgs': CMAKE_PREFIX_PATH=/opt/ros/humble /usr/bin/cmake --build /home/zyme/ros_ws/Autoware_sim_test/build/autoware_auto_control_msgs -- -j12 -l12
[0.127s] [  3%] Built target autoware_auto_control_msgs__cpp
[0.127s] [ 12%] Built target autoware_auto_control_msgs__rosidl_generator_c
[0.147s] [ 12%] Built target ament_cmake_python_symlink_autoware_auto_control_msgs
[0.168s] [ 23%] Built target autoware_auto_control_msgs__rosidl_typesupport_introspection_c
[0.169s] [ 43%] Built target autoware_auto_control_msgs__rosidl_typesupport_c
[0.170s] [ 45%] Built target autoware_auto_control_msgs__rosidl_typesupport_cpp
[0.173s] [ 56%] Built target autoware_auto_control_msgs__rosidl_typesupport_fastrtps_c
[0.177s] [ 67%] Built target autoware_auto_control_msgs__rosidl_typesupport_fastrtps_cpp
[0.178s] [ 78%] Built target autoware_auto_control_msgs__rosidl_typesupport_introspection_cpp
[0.205s] [ 78%] Built target autoware_auto_control_msgs
[0.230s] [ 80%] Built target autoware_auto_control_msgs__py
[0.258s] [ 89%] Built target autoware_auto_control_msgs__rosidl_generator_py
[0.288s] [100%] Built target autoware_auto_control_msgs__rosidl_typesupport_introspection_c__pyext
[0.289s] [100%] Built target autoware_auto_control_msgs__rosidl_typesupport_fastrtps_c__pyext
[0.289s] [100%] Built target autoware_auto_control_msgs__rosidl_typesupport_c__pyext
[0.484s] running egg_info
[0.484s] writing autoware_auto_control_msgs.egg-info/PKG-INFO
[0.485s] writing dependency_links to autoware_auto_control_msgs.egg-info/dependency_links.txt
[0.485s] writing top-level names to autoware_auto_control_msgs.egg-info/top_level.txt
[0.488s] reading manifest file 'autoware_auto_control_msgs.egg-info/SOURCES.txt'
[0.490s] writing manifest file 'autoware_auto_control_msgs.egg-info/SOURCES.txt'
[0.526s] [100%] Built target ament_cmake_python_build_autoware_auto_control_msgs_egg
[0.541s] Invoked command in '/home/zyme/ros_ws/Autoware_sim_test/build/autoware_auto_control_msgs' returned '0': CMAKE_PREFIX_PATH=/opt/ros/humble /usr/bin/cmake --build /home/zyme/ros_ws/Autoware_sim_test/build/autoware_auto_control_msgs -- -j12 -l12
[0.677s] Invoking command in '/home/zyme/ros_ws/Autoware_sim_test/build/autoware_auto_control_msgs': CMAKE_PREFIX_PATH=/opt/ros/humble /usr/bin/cmake --install /home/zyme/ros_ws/Autoware_sim_test/build/autoware_auto_control_msgs
[0.685s] -- Install configuration: "Release"
[0.686s] -- Execute custom install script
[0.686s] -- Up-to-date symlink: /home/zyme/ros_ws/Autoware_sim_test/install/autoware_auto_control_msgs/share/ament_index/resource_index/rosidl_interfaces/autoware_auto_control_msgs
[0.687s] -- Up-to-date symlink: /home/zyme/ros_ws/Autoware_sim_test/install/autoware_auto_control_msgs/include/autoware_auto_control_msgs/autoware_auto_control_msgs/msg/ackermann_control_command.h
[0.687s] -- Up-to-date symlink: /home/zyme/ros_ws/Autoware_sim_test/install/autoware_auto_control_msgs/include/autoware_auto_control_msgs/autoware_auto_control_msgs/msg/ackermann_lateral_command.h
[0.687s] -- Up-to-date symlink: /home/zyme/ros_ws/Autoware_sim_test/install/autoware_auto_control_msgs/include/autoware_auto_control_msgs/autoware_auto_control_msgs/msg/detail/ackermann_control_command__functions.h
[0.688s] -- Up-to-date symlink: /home/zyme/ros_ws/Autoware_sim_test/install/autoware_auto_control_msgs/include/autoware_auto_control_msgs/autoware_auto_control_msgs/msg/detail/ackermann_control_command__struct.h
[0.688s] -- Up-to-date symlink: /home/zyme/ros_ws/Autoware_sim_test/install/autoware_auto_control_msgs/include/autoware_auto_control_msgs/autoware_auto_control_msgs/msg/detail/ackermann_control_command__type_support.h
[0.688s] -- Up-to-date symlink: /home/zyme/ros_ws/Autoware_sim_test/install/autoware_auto_control_msgs/include/autoware_auto_control_msgs/autoware_auto_control_msgs/msg/detail/ackermann_lateral_command__functions.h
[0.688s] -- Up-to-date symlink: /home/zyme/ros_ws/Autoware_sim_test/install/autoware_auto_control_msgs/include/autoware_auto_control_msgs/autoware_auto_control_msgs/msg/detail/ackermann_lateral_command__struct.h
[0.688s] -- Up-to-date symlink: /home/zyme/ros_ws/Autoware_sim_test/install/autoware_auto_control_msgs/include/autoware_auto_control_msgs/autoware_auto_control_msgs/msg/detail/ackermann_lateral_command__type_support.h
[0.688s] -- Up-to-date symlink: /home/zyme/ros_ws/Autoware_sim_test/install/autoware_auto_control_msgs/include/autoware_auto_control_msgs/autoware_auto_control_msgs/msg/detail/high_level_control_command__functions.h
[0.688s] -- Up-to-date symlink: /home/zyme/ros_ws/Autoware_sim_test/install/autoware_auto_control_msgs/include/autoware_auto_control_msgs/autoware_auto_control_msgs/msg/detail/high_level_control_command__struct.h
[0.689s] -- Up-to-date symlink: /home/zyme/ros_ws/Autoware_sim_test/install/autoware_auto_control_msgs/include/autoware_auto_control_msgs/autoware_auto_control_msgs/msg/detail/high_level_control_command__type_support.h
[0.689s] -- Up-to-date symlink: /home/zyme/ros_ws/Autoware_sim_test/install/autoware_auto_control_msgs/include/autoware_auto_control_msgs/autoware_auto_control_msgs/msg/detail/longitudinal_command__functions.h
[0.689s] -- Up-to-date symlink: /home/zyme/ros_ws/Autoware_sim_test/install/autoware_auto_control_msgs/include/autoware_auto_control_msgs/autoware_auto_control_msgs/msg/detail/longitudinal_command__struct.h
[0.689s] -- Up-to-date symlink: /home/zyme/ros_ws/Autoware_sim_test/install/autoware_auto_control_msgs/include/autoware_auto_control_msgs/autoware_auto_control_msgs/msg/detail/longitudinal_command__type_support.h
[0.689s] -- Up-to-date symlink: /home/zyme/ros_ws/Autoware_sim_test/install/autoware_auto_control_msgs/include/autoware_auto_control_msgs/autoware_auto_control_msgs/msg/high_level_control_command.h
[0.690s] -- Up-to-date symlink: /home/zyme/ros_ws/Autoware_sim_test/install/autoware_auto_control_msgs/include/autoware_auto_control_msgs/autoware_auto_control_msgs/msg/longitudinal_command.h
[0.690s] -- Up-to-date symlink: /home/zyme/ros_ws/Autoware_sim_test/install/autoware_auto_control_msgs/include/autoware_auto_control_msgs/autoware_auto_control_msgs/msg/rosidl_generator_c__visibility_control.h
[0.690s] -- Up-to-date symlink: /home/zyme/ros_ws/Autoware_sim_test/install/autoware_auto_control_msgs/share/autoware_auto_control_msgs/environment/library_path.sh
[0.690s] -- Up-to-date symlink: /home/zyme/ros_ws/Autoware_sim_test/install/autoware_auto_control_msgs/share/autoware_auto_control_msgs/environment/library_path.dsv
[0.691s] -- Up-to-date symlink: /home/zyme/ros_ws/Autoware_sim_test/install/autoware_auto_control_msgs/include/autoware_auto_control_msgs/autoware_auto_control_msgs/msg/detail/ackermann_control_command__rosidl_typesupport_fastrtps_c.h
[0.691s] -- Up-to-date symlink: /home/zyme/ros_ws/Autoware_sim_test/install/autoware_auto_control_msgs/include/autoware_auto_control_msgs/autoware_auto_control_msgs/msg/detail/ackermann_lateral_command__rosidl_typesupport_fastrtps_c.h
[0.691s] -- Up-to-date symlink: /home/zyme/ros_ws/Autoware_sim_test/install/autoware_auto_control_msgs/include/autoware_auto_control_msgs/autoware_auto_control_msgs/msg/detail/high_level_control_command__rosidl_typesupport_fastrtps_c.h
[0.691s] -- Up-to-date symlink: /home/zyme/ros_ws/Autoware_sim_test/install/autoware_auto_control_msgs/include/autoware_auto_control_msgs/autoware_auto_control_msgs/msg/detail/longitudinal_command__rosidl_typesupport_fastrtps_c.h
[0.691s] -- Up-to-date symlink: /home/zyme/ros_ws/Autoware_sim_test/install/autoware_auto_control_msgs/include/autoware_auto_control_msgs/autoware_auto_control_msgs/msg/rosidl_typesupport_fastrtps_c__visibility_control.h
[0.692s] -- Up-to-date symlink: /home/zyme/ros_ws/Autoware_sim_test/install/autoware_auto_control_msgs/include/autoware_auto_control_msgs/autoware_auto_control_msgs/msg/detail/ackermann_control_command__rosidl_typesupport_introspection_c.h
[0.692s] -- Up-to-date symlink: /home/zyme/ros_ws/Autoware_sim_test/install/autoware_auto_control_msgs/include/autoware_auto_control_msgs/autoware_auto_control_msgs/msg/detail/ackermann_lateral_command__rosidl_typesupport_introspection_c.h
[0.692s] -- Up-to-date symlink: /home/zyme/ros_ws/Autoware_sim_test/install/autoware_auto_control_msgs/include/autoware_auto_control_msgs/autoware_auto_control_msgs/msg/detail/high_level_control_command__rosidl_typesupport_introspection_c.h
[0.692s] -- Up-to-date symlink: /home/zyme/ros_ws/Autoware_sim_test/install/autoware_auto_control_msgs/include/autoware_auto_control_msgs/autoware_auto_control_msgs/msg/detail/longitudinal_command__rosidl_typesupport_introspection_c.h
[0.692s] -- Up-to-date symlink: /home/zyme/ros_ws/Autoware_sim_test/install/autoware_auto_control_msgs/include/autoware_auto_control_msgs/autoware_auto_control_msgs/msg/rosidl_typesupport_introspection_c__visibility_control.h
[0.693s] -- Up-to-date symlink: /home/zyme/ros_ws/Autoware_sim_test/install/autoware_auto_control_msgs/include/autoware_auto_control_msgs/autoware_auto_control_msgs/msg/ackermann_control_command.hpp
[0.693s] -- Up-to-date symlink: /home/zyme/ros_ws/Autoware_sim_test/install/autoware_auto_control_msgs/include/autoware_auto_control_msgs/autoware_auto_control_msgs/msg/ackermann_lateral_command.hpp
[0.693s] -- Up-to-date symlink: /home/zyme/ros_ws/Autoware_sim_test/install/autoware_auto_control_msgs/include/autoware_auto_control_msgs/autoware_auto_control_msgs/msg/detail/ackermann_control_command__builder.hpp
[0.693s] -- Up-to-date symlink: /home/zyme/ros_ws/Autoware_sim_test/install/autoware_auto_control_msgs/include/autoware_auto_control_msgs/autoware_auto_control_msgs/msg/detail/ackermann_control_command__struct.hpp
[0.693s] -- Up-to-date symlink: /home/zyme/ros_ws/Autoware_sim_test/install/autoware_auto_control_msgs/include/autoware_auto_control_msgs/autoware_auto_control_msgs/msg/detail/ackermann_control_command__traits.hpp
[0.694s] -- Up-to-date symlink: /home/zyme/ros_ws/Autoware_sim_test/install/autoware_auto_control_msgs/include/autoware_auto_control_msgs/autoware_auto_control_msgs/msg/detail/ackermann_lateral_command__builder.hpp
[0.694s] -- Up-to-date symlink: /home/zyme/ros_ws/Autoware_sim_test/install/autoware_auto_control_msgs/include/autoware_auto_control_msgs/autoware_auto_control_msgs/msg/detail/ackermann_lateral_command__struct.hpp
[0.694s] -- Up-to-date symlink: /home/zyme/ros_ws/Autoware_sim_test/install/autoware_auto_control_msgs/include/autoware_auto_control_msgs/autoware_auto_control_msgs/msg/detail/ackermann_lateral_command__traits.hpp
[0.694s] -- Up-to-date symlink: /home/zyme/ros_ws/Autoware_sim_test/install/autoware_auto_control_msgs/include/autoware_auto_control_msgs/autoware_auto_control_msgs/msg/detail/high_level_control_command__builder.hpp
[0.695s] -- Up-to-date symlink: /home/zyme/ros_ws/Autoware_sim_test/install/autoware_auto_control_msgs/include/autoware_auto_control_msgs/autoware_auto_control_msgs/msg/detail/high_level_control_command__struct.hpp
[0.695s] -- Up-to-date symlink: /home/zyme/ros_ws/Autoware_sim_test/install/autoware_auto_control_msgs/include/autoware_auto_control_msgs/autoware_auto_control_msgs/msg/detail/high_level_control_command__traits.hpp
[0.695s] -- Up-to-date symlink: /home/zyme/ros_ws/Autoware_sim_test/install/autoware_auto_control_msgs/include/autoware_auto_control_msgs/autoware_auto_control_msgs/msg/detail/longitudinal_command__builder.hpp
[0.695s] -- Up-to-date symlink: /home/zyme/ros_ws/Autoware_sim_test/install/autoware_auto_control_msgs/include/autoware_auto_control_msgs/autoware_auto_control_msgs/msg/detail/longitudinal_command__struct.hpp
[0.695s] -- Up-to-date symlink: /home/zyme/ros_ws/Autoware_sim_test/install/autoware_auto_control_msgs/include/autoware_auto_control_msgs/autoware_auto_control_msgs/msg/detail/longitudinal_command__traits.hpp
[0.695s] -- Up-to-date symlink: /home/zyme/ros_ws/Autoware_sim_test/install/autoware_auto_control_msgs/include/autoware_auto_control_msgs/autoware_auto_control_msgs/msg/high_level_control_command.hpp
[0.696s] -- Up-to-date symlink: /home/zyme/ros_ws/Autoware_sim_test/install/autoware_auto_control_msgs/include/autoware_auto_control_msgs/autoware_auto_control_msgs/msg/longitudinal_command.hpp
[0.696s] -- Up-to-date symlink: /home/zyme/ros_ws/Autoware_sim_test/install/autoware_auto_control_msgs/include/autoware_auto_control_msgs/autoware_auto_control_msgs/msg/detail/ackermann_control_command__rosidl_typesupport_fastrtps_cpp.hpp
[0.697s] -- Up-to-date symlink: /home/zyme/ros_ws/Autoware_sim_test/install/autoware_auto_control_msgs/include/autoware_auto_control_msgs/autoware_auto_control_msgs/msg/detail/ackermann_lateral_command__rosidl_typesupport_fastrtps_cpp.hpp
[0.697s] -- Up-to-date symlink: /home/zyme/ros_ws/Autoware_sim_test/install/autoware_auto_control_msgs/include/autoware_auto_control_msgs/autoware_auto_control_msgs/msg/detail/high_level_control_command__rosidl_typesupport_fastrtps_cpp.hpp
[0.697s] -- Up-to-date symlink: /home/zyme/ros_ws/Autoware_sim_test/install/autoware_auto_control_msgs/include/autoware_auto_control_msgs/autoware_auto_control_msgs/msg/detail/longitudinal_command__rosidl_typesupport_fastrtps_cpp.hpp
[0.697s] -- Up-to-date symlink: /home/zyme/ros_ws/Autoware_sim_test/install/autoware_auto_control_msgs/include/autoware_auto_control_msgs/autoware_auto_control_msgs/msg/rosidl_typesupport_fastrtps_cpp__visibility_control.h
[0.697s] -- Up-to-date symlink: /home/zyme/ros_ws/Autoware_sim_test/install/autoware_auto_control_msgs/include/autoware_auto_control_msgs/autoware_auto_control_msgs/msg/detail/ackermann_control_command__rosidl_typesupport_introspection_cpp.hpp
[0.698s] -- Up-to-date symlink: /home/zyme/ros_ws/Autoware_sim_test/install/autoware_auto_control_msgs/include/autoware_auto_control_msgs/autoware_auto_control_msgs/msg/detail/ackermann_lateral_command__rosidl_typesupport_introspection_cpp.hpp
[0.698s] -- Up-to-date symlink: /home/zyme/ros_ws/Autoware_sim_test/install/autoware_auto_control_msgs/include/autoware_auto_control_msgs/autoware_auto_control_msgs/msg/detail/high_level_control_command__rosidl_typesupport_introspection_cpp.hpp
[0.698s] -- Up-to-date symlink: /home/zyme/ros_ws/Autoware_sim_test/install/autoware_auto_control_msgs/include/autoware_auto_control_msgs/autoware_auto_control_msgs/msg/detail/longitudinal_command__rosidl_typesupport_introspection_cpp.hpp
[0.698s] -- Up-to-date symlink: /home/zyme/ros_ws/Autoware_sim_test/install/autoware_auto_control_msgs/share/autoware_auto_control_msgs/environment/pythonpath.sh
[0.698s] -- Up-to-date symlink: /home/zyme/ros_ws/Autoware_sim_test/install/autoware_auto_control_msgs/share/autoware_auto_control_msgs/environment/pythonpath.dsv
[0.699s] -- Up-to-date symlink: /home/zyme/ros_ws/Autoware_sim_test/install/autoware_auto_control_msgs/local/lib/python3.10/dist-packages/autoware_auto_control_msgs-1.0.0-py3.10.egg-info/PKG-INFO
[0.699s] -- Up-to-date symlink: /home/zyme/ros_ws/Autoware_sim_test/install/autoware_auto_control_msgs/local/lib/python3.10/dist-packages/autoware_auto_control_msgs-1.0.0-py3.10.egg-info/SOURCES.txt
[0.699s] -- Up-to-date symlink: /home/zyme/ros_ws/Autoware_sim_test/install/autoware_auto_control_msgs/local/lib/python3.10/dist-packages/autoware_auto_control_msgs-1.0.0-py3.10.egg-info/dependency_links.txt
[0.699s] -- Up-to-date symlink: /home/zyme/ros_ws/Autoware_sim_test/install/autoware_auto_control_msgs/local/lib/python3.10/dist-packages/autoware_auto_control_msgs-1.0.0-py3.10.egg-info/top_level.txt
[0.700s] -- Up-to-date symlink: /home/zyme/ros_ws/Autoware_sim_test/install/autoware_auto_control_msgs/local/lib/python3.10/dist-packages/autoware_auto_control_msgs/__init__.py
[0.700s] -- Up-to-date symlink: /home/zyme/ros_ws/Autoware_sim_test/install/autoware_auto_control_msgs/local/lib/python3.10/dist-packages/autoware_auto_control_msgs/_autoware_auto_control_msgs_s.ep.rosidl_typesupport_c.c
[0.700s] -- Up-to-date symlink: /home/zyme/ros_ws/Autoware_sim_test/install/autoware_auto_control_msgs/local/lib/python3.10/dist-packages/autoware_auto_control_msgs/_autoware_auto_control_msgs_s.ep.rosidl_typesupport_fastrtps_c.c
[0.700s] -- Up-to-date symlink: /home/zyme/ros_ws/Autoware_sim_test/install/autoware_auto_control_msgs/local/lib/python3.10/dist-packages/autoware_auto_control_msgs/_autoware_auto_control_msgs_s.ep.rosidl_typesupport_introspection_c.c
[0.701s] -- Up-to-date symlink: /home/zyme/ros_ws/Autoware_sim_test/install/autoware_auto_control_msgs/local/lib/python3.10/dist-packages/autoware_auto_control_msgs/autoware_auto_control_msgs_s__rosidl_typesupport_c.cpython-310-x86_64-linux-gnu.so
[0.701s] -- Up-to-date symlink: /home/zyme/ros_ws/Autoware_sim_test/install/autoware_auto_control_msgs/local/lib/python3.10/dist-packages/autoware_auto_control_msgs/autoware_auto_control_msgs_s__rosidl_typesupport_fastrtps_c.cpython-310-x86_64-linux-gnu.so
[0.701s] -- Up-to-date symlink: /home/zyme/ros_ws/Autoware_sim_test/install/autoware_auto_control_msgs/local/lib/python3.10/dist-packages/autoware_auto_control_msgs/autoware_auto_control_msgs_s__rosidl_typesupport_introspection_c.cpython-310-x86_64-linux-gnu.so
[0.701s] -- Up-to-date symlink: /home/zyme/ros_ws/Autoware_sim_test/install/autoware_auto_control_msgs/local/lib/python3.10/dist-packages/autoware_auto_control_msgs/libautoware_auto_control_msgs__rosidl_generator_py.so
[0.701s] -- Up-to-date symlink: /home/zyme/ros_ws/Autoware_sim_test/install/autoware_auto_control_msgs/local/lib/python3.10/dist-packages/autoware_auto_control_msgs/msg/__init__.py
[0.701s] -- Up-to-date symlink: /home/zyme/ros_ws/Autoware_sim_test/install/autoware_auto_control_msgs/local/lib/python3.10/dist-packages/autoware_auto_control_msgs/msg/_ackermann_control_command.py
[0.701s] -- Up-to-date symlink: /home/zyme/ros_ws/Autoware_sim_test/install/autoware_auto_control_msgs/local/lib/python3.10/dist-packages/autoware_auto_control_msgs/msg/_ackermann_control_command_s.c
[0.701s] -- Up-to-date symlink: /home/zyme/ros_ws/Autoware_sim_test/install/autoware_auto_control_msgs/local/lib/python3.10/dist-packages/autoware_auto_control_msgs/msg/_ackermann_lateral_command.py
[0.702s] -- Up-to-date symlink: /home/zyme/ros_ws/Autoware_sim_test/install/autoware_auto_control_msgs/local/lib/python3.10/dist-packages/autoware_auto_control_msgs/msg/_ackermann_lateral_command_s.c
[0.702s] -- Up-to-date symlink: /home/zyme/ros_ws/Autoware_sim_test/install/autoware_auto_control_msgs/local/lib/python3.10/dist-packages/autoware_auto_control_msgs/msg/_high_level_control_command.py
[0.703s] -- Up-to-date symlink: /home/zyme/ros_ws/Autoware_sim_test/install/autoware_auto_control_msgs/local/lib/python3.10/dist-packages/autoware_auto_control_msgs/msg/_high_level_control_command_s.c
[0.703s] -- Up-to-date symlink: /home/zyme/ros_ws/Autoware_sim_test/install/autoware_auto_control_msgs/local/lib/python3.10/dist-packages/autoware_auto_control_msgs/msg/_longitudinal_command.py
[0.704s] -- Up-to-date symlink: /home/zyme/ros_ws/Autoware_sim_test/install/autoware_auto_control_msgs/local/lib/python3.10/dist-packages/autoware_auto_control_msgs/msg/_longitudinal_command_s.c
[0.704s] -- Up-to-date symlink: /home/zyme/ros_ws/Autoware_sim_test/install/autoware_auto_control_msgs/local/lib/python3.10/dist-packages/autoware_auto_control_msgs/autoware_auto_control_msgs_s__rosidl_typesupport_fastrtps_c.cpython-310-x86_64-linux-gnu.so
[0.705s] -- Up-to-date symlink: /home/zyme/ros_ws/Autoware_sim_test/install/autoware_auto_control_msgs/local/lib/python3.10/dist-packages/autoware_auto_control_msgs/autoware_auto_control_msgs_s__rosidl_typesupport_introspection_c.cpython-310-x86_64-linux-gnu.so
[0.705s] -- Up-to-date symlink: /home/zyme/ros_ws/Autoware_sim_test/install/autoware_auto_control_msgs/local/lib/python3.10/dist-packages/autoware_auto_control_msgs/autoware_auto_control_msgs_s__rosidl_typesupport_c.cpython-310-x86_64-linux-gnu.so
[0.705s] -- Up-to-date symlink: /home/zyme/ros_ws/Autoware_sim_test/install/autoware_auto_control_msgs/share/autoware_auto_control_msgs/msg/AckermannControlCommand.idl
[0.705s] -- Up-to-date symlink: /home/zyme/ros_ws/Autoware_sim_test/install/autoware_auto_control_msgs/share/autoware_auto_control_msgs/msg/AckermannLateralCommand.idl
[0.705s] -- Up-to-date symlink: /home/zyme/ros_ws/Autoware_sim_test/install/autoware_auto_control_msgs/share/autoware_auto_control_msgs/msg/HighLevelControlCommand.idl
[0.706s] -- Up-to-date symlink: /home/zyme/ros_ws/Autoware_sim_test/install/autoware_auto_control_msgs/share/autoware_auto_control_msgs/msg/LongitudinalCommand.idl
[0.706s] -- Up-to-date symlink: /home/zyme/ros_ws/Autoware_sim_test/install/autoware_auto_control_msgs/share/ament_index/resource_index/package_run_dependencies/autoware_auto_control_msgs
[0.707s] -- Up-to-date symlink: /home/zyme/ros_ws/Autoware_sim_test/install/autoware_auto_control_msgs/share/ament_index/resource_index/parent_prefix_path/autoware_auto_control_msgs
[0.707s] -- Up-to-date symlink: /home/zyme/ros_ws/Autoware_sim_test/install/autoware_auto_control_msgs/share/autoware_auto_control_msgs/environment/ament_prefix_path.sh
[0.707s] -- Up-to-date symlink: /home/zyme/ros_ws/Autoware_sim_test/install/autoware_auto_control_msgs/share/autoware_auto_control_msgs/environment/ament_prefix_path.dsv
[0.707s] -- Up-to-date symlink: /home/zyme/ros_ws/Autoware_sim_test/install/autoware_auto_control_msgs/share/autoware_auto_control_msgs/environment/path.sh
[0.707s] -- Up-to-date symlink: /home/zyme/ros_ws/Autoware_sim_test/install/autoware_auto_control_msgs/share/autoware_auto_control_msgs/environment/path.dsv
[0.708s] -- Up-to-date symlink: /home/zyme/ros_ws/Autoware_sim_test/install/autoware_auto_control_msgs/share/autoware_auto_control_msgs/local_setup.bash
[0.708s] -- Up-to-date symlink: /home/zyme/ros_ws/Autoware_sim_test/install/autoware_auto_control_msgs/share/autoware_auto_control_msgs/local_setup.sh
[0.708s] -- Up-to-date symlink: /home/zyme/ros_ws/Autoware_sim_test/install/autoware_auto_control_msgs/share/autoware_auto_control_msgs/local_setup.zsh
[0.709s] -- Up-to-date symlink: /home/zyme/ros_ws/Autoware_sim_test/install/autoware_auto_control_msgs/share/autoware_auto_control_msgs/local_setup.dsv
[0.709s] -- Symlinking: /home/zyme/ros_ws/Autoware_sim_test/install/autoware_auto_control_msgs/share/autoware_auto_control_msgs/package.dsv
[0.718s] -- Up-to-date symlink: /home/zyme/ros_ws/Autoware_sim_test/install/autoware_auto_control_msgs/share/ament_index/resource_index/packages/autoware_auto_control_msgs
[0.718s] -- Up-to-date symlink: /home/zyme/ros_ws/Autoware_sim_test/install/autoware_auto_control_msgs/share/autoware_auto_control_msgs/cmake/rosidl_cmake-extras.cmake
[0.718s] -- Up-to-date symlink: /home/zyme/ros_ws/Autoware_sim_test/install/autoware_auto_control_msgs/share/autoware_auto_control_msgs/cmake/ament_cmake_export_dependencies-extras.cmake
[0.719s] -- Up-to-date symlink: /home/zyme/ros_ws/Autoware_sim_test/install/autoware_auto_control_msgs/share/autoware_auto_control_msgs/cmake/ament_cmake_export_include_directories-extras.cmake
[0.719s] -- Up-to-date symlink: /home/zyme/ros_ws/Autoware_sim_test/install/autoware_auto_control_msgs/share/autoware_auto_control_msgs/cmake/ament_cmake_export_libraries-extras.cmake
[0.719s] -- Up-to-date symlink: /home/zyme/ros_ws/Autoware_sim_test/install/autoware_auto_control_msgs/share/autoware_auto_control_msgs/cmake/ament_cmake_export_targets-extras.cmake
[0.719s] -- Up-to-date symlink: /home/zyme/ros_ws/Autoware_sim_test/install/autoware_auto_control_msgs/share/autoware_auto_control_msgs/cmake/rosidl_cmake_export_typesupport_targets-extras.cmake
[0.720s] -- Up-to-date symlink: /home/zyme/ros_ws/Autoware_sim_test/install/autoware_auto_control_msgs/share/autoware_auto_control_msgs/cmake/rosidl_cmake_export_typesupport_libraries-extras.cmake
[0.720s] -- Up-to-date symlink: /home/zyme/ros_ws/Autoware_sim_test/install/autoware_auto_control_msgs/share/autoware_auto_control_msgs/cmake/autoware_auto_control_msgsConfig.cmake
[0.720s] -- Up-to-date symlink: /home/zyme/ros_ws/Autoware_sim_test/install/autoware_auto_control_msgs/share/autoware_auto_control_msgs/cmake/autoware_auto_control_msgsConfig-version.cmake
[0.721s] -- Up-to-date symlink: /home/zyme/ros_ws/Autoware_sim_test/install/autoware_auto_control_msgs/share/autoware_auto_control_msgs/package.xml
[0.721s] -- Up-to-date: /home/zyme/ros_ws/Autoware_sim_test/install/autoware_auto_control_msgs/lib/libautoware_auto_control_msgs__rosidl_generator_c.so
[0.722s] -- Up-to-date: /home/zyme/ros_ws/Autoware_sim_test/install/autoware_auto_control_msgs/lib/libautoware_auto_control_msgs__rosidl_typesupport_fastrtps_c.so
[0.722s] -- Up-to-date: /home/zyme/ros_ws/Autoware_sim_test/install/autoware_auto_control_msgs/lib/libautoware_auto_control_msgs__rosidl_typesupport_introspection_c.so
[0.723s] -- Up-to-date: /home/zyme/ros_ws/Autoware_sim_test/install/autoware_auto_control_msgs/lib/libautoware_auto_control_msgs__rosidl_typesupport_c.so
[0.723s] -- Up-to-date: /home/zyme/ros_ws/Autoware_sim_test/install/autoware_auto_control_msgs/lib/libautoware_auto_control_msgs__rosidl_typesupport_fastrtps_cpp.so
[0.724s] -- Up-to-date: /home/zyme/ros_ws/Autoware_sim_test/install/autoware_auto_control_msgs/lib/libautoware_auto_control_msgs__rosidl_typesupport_introspection_cpp.so
[0.724s] -- Up-to-date: /home/zyme/ros_ws/Autoware_sim_test/install/autoware_auto_control_msgs/lib/libautoware_auto_control_msgs__rosidl_typesupport_cpp.so
[0.758s] Listing '/home/zyme/ros_ws/Autoware_sim_test/install/autoware_auto_control_msgs/local/lib/python3.10/dist-packages/autoware_auto_control_msgs'...
[0.758s] Listing '/home/zyme/ros_ws/Autoware_sim_test/install/autoware_auto_control_msgs/local/lib/python3.10/dist-packages/autoware_auto_control_msgs/msg'...
[0.763s] -- Up-to-date: /home/zyme/ros_ws/Autoware_sim_test/install/autoware_auto_control_msgs/lib/libautoware_auto_control_msgs__rosidl_generator_py.so
[0.763s] -- Up-to-date: /home/zyme/ros_ws/Autoware_sim_test/install/autoware_auto_control_msgs/share/autoware_auto_control_msgs/cmake/export_autoware_auto_control_msgs__rosidl_generator_cExport.cmake
[0.764s] -- Up-to-date: /home/zyme/ros_ws/Autoware_sim_test/install/autoware_auto_control_msgs/share/autoware_auto_control_msgs/cmake/export_autoware_auto_control_msgs__rosidl_generator_cExport-release.cmake
[0.764s] -- Up-to-date: /home/zyme/ros_ws/Autoware_sim_test/install/autoware_auto_control_msgs/share/autoware_auto_control_msgs/cmake/export_autoware_auto_control_msgs__rosidl_typesupport_fastrtps_cExport.cmake
[0.764s] -- Up-to-date: /home/zyme/ros_ws/Autoware_sim_test/install/autoware_auto_control_msgs/share/autoware_auto_control_msgs/cmake/export_autoware_auto_control_msgs__rosidl_typesupport_fastrtps_cExport-release.cmake
[0.764s] -- Up-to-date: /home/zyme/ros_ws/Autoware_sim_test/install/autoware_auto_control_msgs/share/autoware_auto_control_msgs/cmake/autoware_auto_control_msgs__rosidl_typesupport_introspection_cExport.cmake
[0.764s] -- Up-to-date: /home/zyme/ros_ws/Autoware_sim_test/install/autoware_auto_control_msgs/share/autoware_auto_control_msgs/cmake/autoware_auto_control_msgs__rosidl_typesupport_introspection_cExport-release.cmake
[0.764s] -- Up-to-date: /home/zyme/ros_ws/Autoware_sim_test/install/autoware_auto_control_msgs/share/autoware_auto_control_msgs/cmake/autoware_auto_control_msgs__rosidl_typesupport_cExport.cmake
[0.764s] -- Up-to-date: /home/zyme/ros_ws/Autoware_sim_test/install/autoware_auto_control_msgs/share/autoware_auto_control_msgs/cmake/autoware_auto_control_msgs__rosidl_typesupport_cExport-release.cmake
[0.764s] -- Up-to-date: /home/zyme/ros_ws/Autoware_sim_test/install/autoware_auto_control_msgs/share/autoware_auto_control_msgs/cmake/export_autoware_auto_control_msgs__rosidl_generator_cppExport.cmake
[0.764s] -- Up-to-date: /home/zyme/ros_ws/Autoware_sim_test/install/autoware_auto_control_msgs/share/autoware_auto_control_msgs/cmake/export_autoware_auto_control_msgs__rosidl_typesupport_fastrtps_cppExport.cmake
[0.765s] -- Up-to-date: /home/zyme/ros_ws/Autoware_sim_test/install/autoware_auto_control_msgs/share/autoware_auto_control_msgs/cmake/export_autoware_auto_control_msgs__rosidl_typesupport_fastrtps_cppExport-release.cmake
[0.765s] -- Up-to-date: /home/zyme/ros_ws/Autoware_sim_test/install/autoware_auto_control_msgs/share/autoware_auto_control_msgs/cmake/autoware_auto_control_msgs__rosidl_typesupport_introspection_cppExport.cmake
[0.765s] -- Up-to-date: /home/zyme/ros_ws/Autoware_sim_test/install/autoware_auto_control_msgs/share/autoware_auto_control_msgs/cmake/autoware_auto_control_msgs__rosidl_typesupport_introspection_cppExport-release.cmake
[0.765s] -- Up-to-date: /home/zyme/ros_ws/Autoware_sim_test/install/autoware_auto_control_msgs/share/autoware_auto_control_msgs/cmake/autoware_auto_control_msgs__rosidl_typesupport_cppExport.cmake
[0.765s] -- Up-to-date: /home/zyme/ros_ws/Autoware_sim_test/install/autoware_auto_control_msgs/share/autoware_auto_control_msgs/cmake/autoware_auto_control_msgs__rosidl_typesupport_cppExport-release.cmake
[0.765s] -- Up-to-date: /home/zyme/ros_ws/Autoware_sim_test/install/autoware_auto_control_msgs/share/autoware_auto_control_msgs/cmake/export_autoware_auto_control_msgs__rosidl_generator_pyExport.cmake
[0.765s] -- Up-to-date: /home/zyme/ros_ws/Autoware_sim_test/install/autoware_auto_control_msgs/share/autoware_auto_control_msgs/cmake/export_autoware_auto_control_msgs__rosidl_generator_pyExport-release.cmake
[0.767s] Invoked command in '/home/zyme/ros_ws/Autoware_sim_test/build/autoware_auto_control_msgs' returned '0': CMAKE_PREFIX_PATH=/opt/ros/humble /usr/bin/cmake --install /home/zyme/ros_ws/Autoware_sim_test/build/autoware_auto_control_msgs
