[0.061s] Invoking command in '/home/zyme/ros_ws/Autoware_sim_test/build/autoware_external_api_msgs': AMENT_PREFIX_PATH=/home/zyme/ros_ws/Autoware_sim_test/install/tier4_external_api_msgs:/home/zyme/ros_ws/Autoware_sim_test/install/autoware_lint_common:${AMENT_PREFIX_PATH} CMAKE_PREFIX_PATH=/home/zyme/ros_ws/Autoware_sim_test/install/tier4_external_api_msgs:/home/zyme/ros_ws/Autoware_sim_test/install/autoware_lint_common:/opt/ros/humble LD_LIBRARY_PATH=/home/zyme/ros_ws/Autoware_sim_test/install/tier4_external_api_msgs/lib:${LD_LIBRARY_PATH} PYTHONPATH=/home/zyme/ros_ws/Autoware_sim_test/install/tier4_external_api_msgs/local/lib/python3.10/dist-packages:${PYTHONPATH} /usr/bin/cmake --build /home/zyme/ros_ws/Autoware_sim_test/build/autoware_external_api_msgs -- -j12 -l12
[0.118s] [  2%] Built target autoware_external_api_msgs__cpp
[0.119s] [ 12%] Built target autoware_external_api_msgs__rosidl_generator_c
[0.132s] [ 12%] Built target ament_cmake_python_symlink_autoware_external_api_msgs
[0.162s] [ 23%] Built target autoware_external_api_msgs__rosidl_typesupport_introspection_c
[0.166s] [ 33%] Built target autoware_external_api_msgs__rosidl_typesupport_fastrtps_cpp
[0.169s] [ 43%] Built target autoware_external_api_msgs__rosidl_typesupport_c
[0.171s] [ 53%] Built target autoware_external_api_msgs__rosidl_typesupport_cpp
[0.173s] [ 64%] Built target autoware_external_api_msgs__rosidl_typesupport_introspection_cpp
[0.176s] [ 74%] Built target autoware_external_api_msgs__rosidl_typesupport_fastrtps_c
[0.199s] [ 74%] Built target autoware_external_api_msgs
[0.228s] [ 76%] Built target autoware_external_api_msgs__py
[0.257s] [ 84%] Built target autoware_external_api_msgs__rosidl_generator_py
[0.293s] [ 94%] Built target autoware_external_api_msgs__rosidl_typesupport_introspection_c__pyext
[0.293s] [ 94%] Built target autoware_external_api_msgs__rosidl_typesupport_fastrtps_c__pyext
[0.297s] [100%] Built target autoware_external_api_msgs__rosidl_typesupport_c__pyext
[0.465s] running egg_info
[0.466s] writing autoware_external_api_msgs.egg-info/PKG-INFO
[0.466s] writing dependency_links to autoware_external_api_msgs.egg-info/dependency_links.txt
[0.466s] writing top-level names to autoware_external_api_msgs.egg-info/top_level.txt
[0.469s] reading manifest file 'autoware_external_api_msgs.egg-info/SOURCES.txt'
[0.470s] writing manifest file 'autoware_external_api_msgs.egg-info/SOURCES.txt'
[0.502s] [100%] Built target ament_cmake_python_build_autoware_external_api_msgs_egg
[0.514s] Invoked command in '/home/zyme/ros_ws/Autoware_sim_test/build/autoware_external_api_msgs' returned '0': AMENT_PREFIX_PATH=/home/zyme/ros_ws/Autoware_sim_test/install/tier4_external_api_msgs:/home/zyme/ros_ws/Autoware_sim_test/install/autoware_lint_common:${AMENT_PREFIX_PATH} CMAKE_PREFIX_PATH=/home/zyme/ros_ws/Autoware_sim_test/install/tier4_external_api_msgs:/home/zyme/ros_ws/Autoware_sim_test/install/autoware_lint_common:/opt/ros/humble LD_LIBRARY_PATH=/home/zyme/ros_ws/Autoware_sim_test/install/tier4_external_api_msgs/lib:${LD_LIBRARY_PATH} PYTHONPATH=/home/zyme/ros_ws/Autoware_sim_test/install/tier4_external_api_msgs/local/lib/python3.10/dist-packages:${PYTHONPATH} /usr/bin/cmake --build /home/zyme/ros_ws/Autoware_sim_test/build/autoware_external_api_msgs -- -j12 -l12
[0.606s] Invoking command in '/home/zyme/ros_ws/Autoware_sim_test/build/autoware_external_api_msgs': AMENT_PREFIX_PATH=/home/zyme/ros_ws/Autoware_sim_test/install/tier4_external_api_msgs:/home/zyme/ros_ws/Autoware_sim_test/install/autoware_lint_common:${AMENT_PREFIX_PATH} CMAKE_PREFIX_PATH=/home/zyme/ros_ws/Autoware_sim_test/install/tier4_external_api_msgs:/home/zyme/ros_ws/Autoware_sim_test/install/autoware_lint_common:/opt/ros/humble LD_LIBRARY_PATH=/home/zyme/ros_ws/Autoware_sim_test/install/tier4_external_api_msgs/lib:${LD_LIBRARY_PATH} PYTHONPATH=/home/zyme/ros_ws/Autoware_sim_test/install/tier4_external_api_msgs/local/lib/python3.10/dist-packages:${PYTHONPATH} /usr/bin/cmake --install /home/zyme/ros_ws/Autoware_sim_test/build/autoware_external_api_msgs
[0.617s] -- Install configuration: "Release"
[0.617s] -- Execute custom install script
[0.618s] -- Up-to-date symlink: /home/zyme/ros_ws/Autoware_sim_test/install/autoware_external_api_msgs/share/ament_index/resource_index/rosidl_interfaces/autoware_external_api_msgs
[0.619s] -- Up-to-date symlink: /home/zyme/ros_ws/Autoware_sim_test/install/autoware_external_api_msgs/include/autoware_external_api_msgs/autoware_external_api_msgs/msg/detail/response_status__functions.h
[0.619s] -- Up-to-date symlink: /home/zyme/ros_ws/Autoware_sim_test/install/autoware_external_api_msgs/include/autoware_external_api_msgs/autoware_external_api_msgs/msg/detail/response_status__struct.h
[0.619s] -- Up-to-date symlink: /home/zyme/ros_ws/Autoware_sim_test/install/autoware_external_api_msgs/include/autoware_external_api_msgs/autoware_external_api_msgs/msg/detail/response_status__type_support.h
[0.619s] -- Up-to-date symlink: /home/zyme/ros_ws/Autoware_sim_test/install/autoware_external_api_msgs/include/autoware_external_api_msgs/autoware_external_api_msgs/msg/response_status.h
[0.620s] -- Up-to-date symlink: /home/zyme/ros_ws/Autoware_sim_test/install/autoware_external_api_msgs/include/autoware_external_api_msgs/autoware_external_api_msgs/msg/rosidl_generator_c__visibility_control.h
[0.620s] -- Up-to-date symlink: /home/zyme/ros_ws/Autoware_sim_test/install/autoware_external_api_msgs/include/autoware_external_api_msgs/autoware_external_api_msgs/srv/detail/get_version__functions.h
[0.620s] -- Up-to-date symlink: /home/zyme/ros_ws/Autoware_sim_test/install/autoware_external_api_msgs/include/autoware_external_api_msgs/autoware_external_api_msgs/srv/detail/get_version__struct.h
[0.620s] -- Up-to-date symlink: /home/zyme/ros_ws/Autoware_sim_test/install/autoware_external_api_msgs/include/autoware_external_api_msgs/autoware_external_api_msgs/srv/detail/get_version__type_support.h
[0.620s] -- Up-to-date symlink: /home/zyme/ros_ws/Autoware_sim_test/install/autoware_external_api_msgs/include/autoware_external_api_msgs/autoware_external_api_msgs/srv/get_version.h
[0.621s] -- Up-to-date symlink: /home/zyme/ros_ws/Autoware_sim_test/install/autoware_external_api_msgs/share/autoware_external_api_msgs/environment/library_path.sh
[0.621s] -- Up-to-date symlink: /home/zyme/ros_ws/Autoware_sim_test/install/autoware_external_api_msgs/share/autoware_external_api_msgs/environment/library_path.dsv
[0.622s] -- Up-to-date symlink: /home/zyme/ros_ws/Autoware_sim_test/install/autoware_external_api_msgs/include/autoware_external_api_msgs/autoware_external_api_msgs/msg/detail/response_status__rosidl_typesupport_fastrtps_c.h
[0.622s] -- Up-to-date symlink: /home/zyme/ros_ws/Autoware_sim_test/install/autoware_external_api_msgs/include/autoware_external_api_msgs/autoware_external_api_msgs/msg/rosidl_typesupport_fastrtps_c__visibility_control.h
[0.622s] -- Up-to-date symlink: /home/zyme/ros_ws/Autoware_sim_test/install/autoware_external_api_msgs/include/autoware_external_api_msgs/autoware_external_api_msgs/srv/detail/get_version__rosidl_typesupport_fastrtps_c.h
[0.623s] -- Up-to-date symlink: /home/zyme/ros_ws/Autoware_sim_test/install/autoware_external_api_msgs/include/autoware_external_api_msgs/autoware_external_api_msgs/msg/detail/response_status__builder.hpp
[0.623s] -- Up-to-date symlink: /home/zyme/ros_ws/Autoware_sim_test/install/autoware_external_api_msgs/include/autoware_external_api_msgs/autoware_external_api_msgs/msg/detail/response_status__struct.hpp
[0.623s] -- Up-to-date symlink: /home/zyme/ros_ws/Autoware_sim_test/install/autoware_external_api_msgs/include/autoware_external_api_msgs/autoware_external_api_msgs/msg/detail/response_status__traits.hpp
[0.623s] -- Up-to-date symlink: /home/zyme/ros_ws/Autoware_sim_test/install/autoware_external_api_msgs/include/autoware_external_api_msgs/autoware_external_api_msgs/msg/response_status.hpp
[0.623s] -- Up-to-date symlink: /home/zyme/ros_ws/Autoware_sim_test/install/autoware_external_api_msgs/include/autoware_external_api_msgs/autoware_external_api_msgs/srv/detail/get_version__builder.hpp
[0.624s] -- Up-to-date symlink: /home/zyme/ros_ws/Autoware_sim_test/install/autoware_external_api_msgs/include/autoware_external_api_msgs/autoware_external_api_msgs/srv/detail/get_version__struct.hpp
[0.624s] -- Up-to-date symlink: /home/zyme/ros_ws/Autoware_sim_test/install/autoware_external_api_msgs/include/autoware_external_api_msgs/autoware_external_api_msgs/srv/detail/get_version__traits.hpp
[0.624s] -- Up-to-date symlink: /home/zyme/ros_ws/Autoware_sim_test/install/autoware_external_api_msgs/include/autoware_external_api_msgs/autoware_external_api_msgs/srv/get_version.hpp
[0.625s] -- Up-to-date symlink: /home/zyme/ros_ws/Autoware_sim_test/install/autoware_external_api_msgs/include/autoware_external_api_msgs/autoware_external_api_msgs/msg/detail/response_status__rosidl_typesupport_fastrtps_cpp.hpp
[0.625s] -- Up-to-date symlink: /home/zyme/ros_ws/Autoware_sim_test/install/autoware_external_api_msgs/include/autoware_external_api_msgs/autoware_external_api_msgs/msg/rosidl_typesupport_fastrtps_cpp__visibility_control.h
[0.625s] -- Up-to-date symlink: /home/zyme/ros_ws/Autoware_sim_test/install/autoware_external_api_msgs/include/autoware_external_api_msgs/autoware_external_api_msgs/srv/detail/get_version__rosidl_typesupport_fastrtps_cpp.hpp
[0.626s] -- Up-to-date symlink: /home/zyme/ros_ws/Autoware_sim_test/install/autoware_external_api_msgs/include/autoware_external_api_msgs/autoware_external_api_msgs/msg/detail/response_status__rosidl_typesupport_introspection_c.h
[0.626s] -- Up-to-date symlink: /home/zyme/ros_ws/Autoware_sim_test/install/autoware_external_api_msgs/include/autoware_external_api_msgs/autoware_external_api_msgs/msg/rosidl_typesupport_introspection_c__visibility_control.h
[0.626s] -- Up-to-date symlink: /home/zyme/ros_ws/Autoware_sim_test/install/autoware_external_api_msgs/include/autoware_external_api_msgs/autoware_external_api_msgs/srv/detail/get_version__rosidl_typesupport_introspection_c.h
[0.627s] -- Up-to-date symlink: /home/zyme/ros_ws/Autoware_sim_test/install/autoware_external_api_msgs/include/autoware_external_api_msgs/autoware_external_api_msgs/msg/detail/response_status__rosidl_typesupport_introspection_cpp.hpp
[0.627s] -- Up-to-date symlink: /home/zyme/ros_ws/Autoware_sim_test/install/autoware_external_api_msgs/include/autoware_external_api_msgs/autoware_external_api_msgs/srv/detail/get_version__rosidl_typesupport_introspection_cpp.hpp
[0.627s] -- Up-to-date symlink: /home/zyme/ros_ws/Autoware_sim_test/install/autoware_external_api_msgs/share/autoware_external_api_msgs/environment/pythonpath.sh
[0.627s] -- Up-to-date symlink: /home/zyme/ros_ws/Autoware_sim_test/install/autoware_external_api_msgs/share/autoware_external_api_msgs/environment/pythonpath.dsv
[0.628s] -- Up-to-date symlink: /home/zyme/ros_ws/Autoware_sim_test/install/autoware_external_api_msgs/local/lib/python3.10/dist-packages/autoware_external_api_msgs-0.0.0-py3.10.egg-info/PKG-INFO
[0.628s] -- Up-to-date symlink: /home/zyme/ros_ws/Autoware_sim_test/install/autoware_external_api_msgs/local/lib/python3.10/dist-packages/autoware_external_api_msgs-0.0.0-py3.10.egg-info/SOURCES.txt
[0.628s] -- Up-to-date symlink: /home/zyme/ros_ws/Autoware_sim_test/install/autoware_external_api_msgs/local/lib/python3.10/dist-packages/autoware_external_api_msgs-0.0.0-py3.10.egg-info/dependency_links.txt
[0.628s] -- Up-to-date symlink: /home/zyme/ros_ws/Autoware_sim_test/install/autoware_external_api_msgs/local/lib/python3.10/dist-packages/autoware_external_api_msgs-0.0.0-py3.10.egg-info/top_level.txt
[0.629s] -- Up-to-date symlink: /home/zyme/ros_ws/Autoware_sim_test/install/autoware_external_api_msgs/local/lib/python3.10/dist-packages/autoware_external_api_msgs/__init__.py
[0.630s] -- Up-to-date symlink: /home/zyme/ros_ws/Autoware_sim_test/install/autoware_external_api_msgs/local/lib/python3.10/dist-packages/autoware_external_api_msgs/_autoware_external_api_msgs_s.ep.rosidl_typesupport_c.c
[0.630s] -- Up-to-date symlink: /home/zyme/ros_ws/Autoware_sim_test/install/autoware_external_api_msgs/local/lib/python3.10/dist-packages/autoware_external_api_msgs/_autoware_external_api_msgs_s.ep.rosidl_typesupport_fastrtps_c.c
[0.630s] -- Up-to-date symlink: /home/zyme/ros_ws/Autoware_sim_test/install/autoware_external_api_msgs/local/lib/python3.10/dist-packages/autoware_external_api_msgs/_autoware_external_api_msgs_s.ep.rosidl_typesupport_introspection_c.c
[0.630s] -- Up-to-date symlink: /home/zyme/ros_ws/Autoware_sim_test/install/autoware_external_api_msgs/local/lib/python3.10/dist-packages/autoware_external_api_msgs/autoware_external_api_msgs_s__rosidl_typesupport_c.cpython-310-x86_64-linux-gnu.so
[0.630s] -- Up-to-date symlink: /home/zyme/ros_ws/Autoware_sim_test/install/autoware_external_api_msgs/local/lib/python3.10/dist-packages/autoware_external_api_msgs/autoware_external_api_msgs_s__rosidl_typesupport_fastrtps_c.cpython-310-x86_64-linux-gnu.so
[0.630s] -- Up-to-date symlink: /home/zyme/ros_ws/Autoware_sim_test/install/autoware_external_api_msgs/local/lib/python3.10/dist-packages/autoware_external_api_msgs/autoware_external_api_msgs_s__rosidl_typesupport_introspection_c.cpython-310-x86_64-linux-gnu.so
[0.631s] -- Up-to-date symlink: /home/zyme/ros_ws/Autoware_sim_test/install/autoware_external_api_msgs/local/lib/python3.10/dist-packages/autoware_external_api_msgs/libautoware_external_api_msgs__rosidl_generator_py.so
[0.631s] -- Up-to-date symlink: /home/zyme/ros_ws/Autoware_sim_test/install/autoware_external_api_msgs/local/lib/python3.10/dist-packages/autoware_external_api_msgs/msg/__init__.py
[0.631s] -- Up-to-date symlink: /home/zyme/ros_ws/Autoware_sim_test/install/autoware_external_api_msgs/local/lib/python3.10/dist-packages/autoware_external_api_msgs/msg/_response_status.py
[0.631s] -- Up-to-date symlink: /home/zyme/ros_ws/Autoware_sim_test/install/autoware_external_api_msgs/local/lib/python3.10/dist-packages/autoware_external_api_msgs/msg/_response_status_s.c
[0.632s] -- Up-to-date symlink: /home/zyme/ros_ws/Autoware_sim_test/install/autoware_external_api_msgs/local/lib/python3.10/dist-packages/autoware_external_api_msgs/srv/__init__.py
[0.632s] -- Up-to-date symlink: /home/zyme/ros_ws/Autoware_sim_test/install/autoware_external_api_msgs/local/lib/python3.10/dist-packages/autoware_external_api_msgs/srv/_get_version.py
[0.632s] -- Up-to-date symlink: /home/zyme/ros_ws/Autoware_sim_test/install/autoware_external_api_msgs/local/lib/python3.10/dist-packages/autoware_external_api_msgs/srv/_get_version_s.c
[0.632s] -- Up-to-date symlink: /home/zyme/ros_ws/Autoware_sim_test/install/autoware_external_api_msgs/local/lib/python3.10/dist-packages/autoware_external_api_msgs/autoware_external_api_msgs_s__rosidl_typesupport_fastrtps_c.cpython-310-x86_64-linux-gnu.so
[0.633s] -- Up-to-date symlink: /home/zyme/ros_ws/Autoware_sim_test/install/autoware_external_api_msgs/local/lib/python3.10/dist-packages/autoware_external_api_msgs/autoware_external_api_msgs_s__rosidl_typesupport_introspection_c.cpython-310-x86_64-linux-gnu.so
[0.633s] -- Up-to-date symlink: /home/zyme/ros_ws/Autoware_sim_test/install/autoware_external_api_msgs/local/lib/python3.10/dist-packages/autoware_external_api_msgs/autoware_external_api_msgs_s__rosidl_typesupport_c.cpython-310-x86_64-linux-gnu.so
[0.634s] -- Up-to-date symlink: /home/zyme/ros_ws/Autoware_sim_test/install/autoware_external_api_msgs/share/autoware_external_api_msgs/msg/ResponseStatus.idl
[0.634s] -- Up-to-date symlink: /home/zyme/ros_ws/Autoware_sim_test/install/autoware_external_api_msgs/share/autoware_external_api_msgs/srv/GetVersion.idl
[0.634s] -- Up-to-date symlink: /home/zyme/ros_ws/Autoware_sim_test/install/autoware_external_api_msgs/share/autoware_external_api_msgs/msg/ResponseStatus.msg
[0.635s] -- Up-to-date symlink: /home/zyme/ros_ws/Autoware_sim_test/install/autoware_external_api_msgs/share/autoware_external_api_msgs/srv/GetVersion.srv
[0.635s] -- Up-to-date symlink: /home/zyme/ros_ws/Autoware_sim_test/install/autoware_external_api_msgs/share/autoware_external_api_msgs/srv/GetVersion_Request.msg
[0.635s] -- Up-to-date symlink: /home/zyme/ros_ws/Autoware_sim_test/install/autoware_external_api_msgs/share/autoware_external_api_msgs/srv/GetVersion_Response.msg
[0.636s] -- Up-to-date symlink: /home/zyme/ros_ws/Autoware_sim_test/install/autoware_external_api_msgs/share/ament_index/resource_index/package_run_dependencies/autoware_external_api_msgs
[0.636s] -- Up-to-date symlink: /home/zyme/ros_ws/Autoware_sim_test/install/autoware_external_api_msgs/share/ament_index/resource_index/parent_prefix_path/autoware_external_api_msgs
[0.636s] -- Up-to-date symlink: /home/zyme/ros_ws/Autoware_sim_test/install/autoware_external_api_msgs/share/autoware_external_api_msgs/environment/ament_prefix_path.sh
[0.636s] -- Up-to-date symlink: /home/zyme/ros_ws/Autoware_sim_test/install/autoware_external_api_msgs/share/autoware_external_api_msgs/environment/ament_prefix_path.dsv
[0.636s] -- Up-to-date symlink: /home/zyme/ros_ws/Autoware_sim_test/install/autoware_external_api_msgs/share/autoware_external_api_msgs/environment/path.sh
[0.637s] -- Up-to-date symlink: /home/zyme/ros_ws/Autoware_sim_test/install/autoware_external_api_msgs/share/autoware_external_api_msgs/environment/path.dsv
[0.637s] -- Up-to-date symlink: /home/zyme/ros_ws/Autoware_sim_test/install/autoware_external_api_msgs/share/autoware_external_api_msgs/local_setup.bash
[0.637s] -- Up-to-date symlink: /home/zyme/ros_ws/Autoware_sim_test/install/autoware_external_api_msgs/share/autoware_external_api_msgs/local_setup.sh
[0.637s] -- Up-to-date symlink: /home/zyme/ros_ws/Autoware_sim_test/install/autoware_external_api_msgs/share/autoware_external_api_msgs/local_setup.zsh
[0.638s] -- Up-to-date symlink: /home/zyme/ros_ws/Autoware_sim_test/install/autoware_external_api_msgs/share/autoware_external_api_msgs/local_setup.dsv
[0.638s] -- Symlinking: /home/zyme/ros_ws/Autoware_sim_test/install/autoware_external_api_msgs/share/autoware_external_api_msgs/package.dsv
[0.648s] -- Up-to-date symlink: /home/zyme/ros_ws/Autoware_sim_test/install/autoware_external_api_msgs/share/ament_index/resource_index/packages/autoware_external_api_msgs
[0.648s] -- Up-to-date symlink: /home/zyme/ros_ws/Autoware_sim_test/install/autoware_external_api_msgs/share/autoware_external_api_msgs/cmake/rosidl_cmake-extras.cmake
[0.648s] -- Up-to-date symlink: /home/zyme/ros_ws/Autoware_sim_test/install/autoware_external_api_msgs/share/autoware_external_api_msgs/cmake/ament_cmake_export_dependencies-extras.cmake
[0.648s] -- Up-to-date symlink: /home/zyme/ros_ws/Autoware_sim_test/install/autoware_external_api_msgs/share/autoware_external_api_msgs/cmake/ament_cmake_export_include_directories-extras.cmake
[0.648s] -- Up-to-date symlink: /home/zyme/ros_ws/Autoware_sim_test/install/autoware_external_api_msgs/share/autoware_external_api_msgs/cmake/ament_cmake_export_libraries-extras.cmake
[0.648s] -- Up-to-date symlink: /home/zyme/ros_ws/Autoware_sim_test/install/autoware_external_api_msgs/share/autoware_external_api_msgs/cmake/ament_cmake_export_targets-extras.cmake
[0.648s] -- Up-to-date symlink: /home/zyme/ros_ws/Autoware_sim_test/install/autoware_external_api_msgs/share/autoware_external_api_msgs/cmake/rosidl_cmake_export_typesupport_targets-extras.cmake
[0.649s] -- Up-to-date symlink: /home/zyme/ros_ws/Autoware_sim_test/install/autoware_external_api_msgs/share/autoware_external_api_msgs/cmake/rosidl_cmake_export_typesupport_libraries-extras.cmake
[0.649s] -- Up-to-date symlink: /home/zyme/ros_ws/Autoware_sim_test/install/autoware_external_api_msgs/share/autoware_external_api_msgs/cmake/autoware_external_api_msgsConfig.cmake
[0.649s] -- Up-to-date symlink: /home/zyme/ros_ws/Autoware_sim_test/install/autoware_external_api_msgs/share/autoware_external_api_msgs/cmake/autoware_external_api_msgsConfig-version.cmake
[0.649s] -- Up-to-date symlink: /home/zyme/ros_ws/Autoware_sim_test/install/autoware_external_api_msgs/share/autoware_external_api_msgs/package.xml
[0.649s] -- Up-to-date: /home/zyme/ros_ws/Autoware_sim_test/install/autoware_external_api_msgs/lib/libautoware_external_api_msgs__rosidl_generator_c.so
[0.650s] -- Up-to-date: /home/zyme/ros_ws/Autoware_sim_test/install/autoware_external_api_msgs/lib/libautoware_external_api_msgs__rosidl_typesupport_fastrtps_c.so
[0.650s] -- Up-to-date: /home/zyme/ros_ws/Autoware_sim_test/install/autoware_external_api_msgs/lib/libautoware_external_api_msgs__rosidl_typesupport_fastrtps_cpp.so
[0.650s] -- Up-to-date: /home/zyme/ros_ws/Autoware_sim_test/install/autoware_external_api_msgs/lib/libautoware_external_api_msgs__rosidl_typesupport_introspection_c.so
[0.651s] -- Up-to-date: /home/zyme/ros_ws/Autoware_sim_test/install/autoware_external_api_msgs/lib/libautoware_external_api_msgs__rosidl_typesupport_c.so
[0.651s] -- Up-to-date: /home/zyme/ros_ws/Autoware_sim_test/install/autoware_external_api_msgs/lib/libautoware_external_api_msgs__rosidl_typesupport_introspection_cpp.so
[0.651s] -- Up-to-date: /home/zyme/ros_ws/Autoware_sim_test/install/autoware_external_api_msgs/lib/libautoware_external_api_msgs__rosidl_typesupport_cpp.so
[0.683s] Listing '/home/zyme/ros_ws/Autoware_sim_test/install/autoware_external_api_msgs/local/lib/python3.10/dist-packages/autoware_external_api_msgs'...
[0.683s] Listing '/home/zyme/ros_ws/Autoware_sim_test/install/autoware_external_api_msgs/local/lib/python3.10/dist-packages/autoware_external_api_msgs/msg'...
[0.683s] Listing '/home/zyme/ros_ws/Autoware_sim_test/install/autoware_external_api_msgs/local/lib/python3.10/dist-packages/autoware_external_api_msgs/srv'...
[0.689s] -- Up-to-date: /home/zyme/ros_ws/Autoware_sim_test/install/autoware_external_api_msgs/lib/libautoware_external_api_msgs__rosidl_generator_py.so
[0.689s] -- Up-to-date: /home/zyme/ros_ws/Autoware_sim_test/install/autoware_external_api_msgs/share/autoware_external_api_msgs/cmake/export_autoware_external_api_msgs__rosidl_generator_cExport.cmake
[0.689s] -- Up-to-date: /home/zyme/ros_ws/Autoware_sim_test/install/autoware_external_api_msgs/share/autoware_external_api_msgs/cmake/export_autoware_external_api_msgs__rosidl_generator_cExport-release.cmake
[0.689s] -- Up-to-date: /home/zyme/ros_ws/Autoware_sim_test/install/autoware_external_api_msgs/share/autoware_external_api_msgs/cmake/export_autoware_external_api_msgs__rosidl_typesupport_fastrtps_cExport.cmake
[0.689s] -- Up-to-date: /home/zyme/ros_ws/Autoware_sim_test/install/autoware_external_api_msgs/share/autoware_external_api_msgs/cmake/export_autoware_external_api_msgs__rosidl_typesupport_fastrtps_cExport-release.cmake
[0.689s] -- Up-to-date: /home/zyme/ros_ws/Autoware_sim_test/install/autoware_external_api_msgs/share/autoware_external_api_msgs/cmake/export_autoware_external_api_msgs__rosidl_generator_cppExport.cmake
[0.689s] -- Up-to-date: /home/zyme/ros_ws/Autoware_sim_test/install/autoware_external_api_msgs/share/autoware_external_api_msgs/cmake/export_autoware_external_api_msgs__rosidl_typesupport_fastrtps_cppExport.cmake
[0.690s] -- Up-to-date: /home/zyme/ros_ws/Autoware_sim_test/install/autoware_external_api_msgs/share/autoware_external_api_msgs/cmake/export_autoware_external_api_msgs__rosidl_typesupport_fastrtps_cppExport-release.cmake
[0.690s] -- Up-to-date: /home/zyme/ros_ws/Autoware_sim_test/install/autoware_external_api_msgs/share/autoware_external_api_msgs/cmake/autoware_external_api_msgs__rosidl_typesupport_introspection_cExport.cmake
[0.690s] -- Up-to-date: /home/zyme/ros_ws/Autoware_sim_test/install/autoware_external_api_msgs/share/autoware_external_api_msgs/cmake/autoware_external_api_msgs__rosidl_typesupport_introspection_cExport-release.cmake
[0.690s] -- Up-to-date: /home/zyme/ros_ws/Autoware_sim_test/install/autoware_external_api_msgs/share/autoware_external_api_msgs/cmake/autoware_external_api_msgs__rosidl_typesupport_cExport.cmake
[0.690s] -- Up-to-date: /home/zyme/ros_ws/Autoware_sim_test/install/autoware_external_api_msgs/share/autoware_external_api_msgs/cmake/autoware_external_api_msgs__rosidl_typesupport_cExport-release.cmake
[0.690s] -- Up-to-date: /home/zyme/ros_ws/Autoware_sim_test/install/autoware_external_api_msgs/share/autoware_external_api_msgs/cmake/autoware_external_api_msgs__rosidl_typesupport_introspection_cppExport.cmake
[0.690s] -- Up-to-date: /home/zyme/ros_ws/Autoware_sim_test/install/autoware_external_api_msgs/share/autoware_external_api_msgs/cmake/autoware_external_api_msgs__rosidl_typesupport_introspection_cppExport-release.cmake
[0.691s] -- Up-to-date: /home/zyme/ros_ws/Autoware_sim_test/install/autoware_external_api_msgs/share/autoware_external_api_msgs/cmake/autoware_external_api_msgs__rosidl_typesupport_cppExport.cmake
[0.691s] -- Up-to-date: /home/zyme/ros_ws/Autoware_sim_test/install/autoware_external_api_msgs/share/autoware_external_api_msgs/cmake/autoware_external_api_msgs__rosidl_typesupport_cppExport-release.cmake
[0.691s] -- Up-to-date: /home/zyme/ros_ws/Autoware_sim_test/install/autoware_external_api_msgs/share/autoware_external_api_msgs/cmake/export_autoware_external_api_msgs__rosidl_generator_pyExport.cmake
[0.691s] -- Up-to-date: /home/zyme/ros_ws/Autoware_sim_test/install/autoware_external_api_msgs/share/autoware_external_api_msgs/cmake/export_autoware_external_api_msgs__rosidl_generator_pyExport-release.cmake
[0.693s] Invoked command in '/home/zyme/ros_ws/Autoware_sim_test/build/autoware_external_api_msgs' returned '0': AMENT_PREFIX_PATH=/home/zyme/ros_ws/Autoware_sim_test/install/tier4_external_api_msgs:/home/zyme/ros_ws/Autoware_sim_test/install/autoware_lint_common:${AMENT_PREFIX_PATH} CMAKE_PREFIX_PATH=/home/zyme/ros_ws/Autoware_sim_test/install/tier4_external_api_msgs:/home/zyme/ros_ws/Autoware_sim_test/install/autoware_lint_common:/opt/ros/humble LD_LIBRARY_PATH=/home/zyme/ros_ws/Autoware_sim_test/install/tier4_external_api_msgs/lib:${LD_LIBRARY_PATH} PYTHONPATH=/home/zyme/ros_ws/Autoware_sim_test/install/tier4_external_api_msgs/local/lib/python3.10/dist-packages:${PYTHONPATH} /usr/bin/cmake --install /home/zyme/ros_ws/Autoware_sim_test/build/autoware_external_api_msgs
