[0.070s] Invoking command in '/home/zyme/ros_ws/Autoware_sim_test/build/nebula_hw_interfaces': AMENT_PREFIX_PATH=/home/zyme/ros_ws/Autoware_sim_test/install/boost_udp_driver:/home/zyme/ros_ws/Autoware_sim_test/install/robosense_msgs:/home/zyme/ros_ws/Autoware_sim_test/install/pandar_msgs:/home/zyme/ros_ws/Autoware_sim_test/install/nebula_common:/home/zyme/ros_ws/Autoware_sim_test/install/boost_tcp_driver:/home/zyme/ros_ws/Autoware_sim_test/install/boost_io_context:${AMENT_PREFIX_PATH} CMAKE_PREFIX_PATH=/home/zyme/ros_ws/Autoware_sim_test/install/boost_udp_driver:/home/zyme/ros_ws/Autoware_sim_test/install/robosense_msgs:/home/zyme/ros_ws/Autoware_sim_test/install/pandar_msgs:/home/zyme/ros_ws/Autoware_sim_test/install/nebula_common:/home/zyme/ros_ws/Autoware_sim_test/install/boost_tcp_driver:/home/zyme/ros_ws/Autoware_sim_test/install/boost_io_context:/opt/ros/humble LD_LIBRARY_PATH=/home/zyme/ros_ws/Autoware_sim_test/install/boost_udp_driver/lib:/home/zyme/ros_ws/Autoware_sim_test/install/robosense_msgs/lib:/home/zyme/ros_ws/Autoware_sim_test/install/pandar_msgs/lib:/home/zyme/ros_ws/Autoware_sim_test/install/nebula_common/lib:/home/zyme/ros_ws/Autoware_sim_test/install/boost_tcp_driver/lib:/home/zyme/ros_ws/Autoware_sim_test/install/boost_io_context/lib:${LD_LIBRARY_PATH} PYTHONPATH=/home/zyme/ros_ws/Autoware_sim_test/install/robosense_msgs/local/lib/python3.10/dist-packages:/home/zyme/ros_ws/Autoware_sim_test/install/pandar_msgs/local/lib/python3.10/dist-packages:${PYTHONPATH} /usr/bin/cmake --build /home/zyme/ros_ws/Autoware_sim_test/build/nebula_hw_interfaces -- -j12 -l12
[0.150s] [ 33%] Built target nebula_hw_interfaces_hesai
[0.191s] [ 66%] Built target nebula_hw_interfaces_velodyne
[0.228s] [100%] Built target nebula_hw_interfaces_robosense
[0.239s] Invoked command in '/home/zyme/ros_ws/Autoware_sim_test/build/nebula_hw_interfaces' returned '0': AMENT_PREFIX_PATH=/home/zyme/ros_ws/Autoware_sim_test/install/boost_udp_driver:/home/zyme/ros_ws/Autoware_sim_test/install/robosense_msgs:/home/zyme/ros_ws/Autoware_sim_test/install/pandar_msgs:/home/zyme/ros_ws/Autoware_sim_test/install/nebula_common:/home/zyme/ros_ws/Autoware_sim_test/install/boost_tcp_driver:/home/zyme/ros_ws/Autoware_sim_test/install/boost_io_context:${AMENT_PREFIX_PATH} CMAKE_PREFIX_PATH=/home/zyme/ros_ws/Autoware_sim_test/install/boost_udp_driver:/home/zyme/ros_ws/Autoware_sim_test/install/robosense_msgs:/home/zyme/ros_ws/Autoware_sim_test/install/pandar_msgs:/home/zyme/ros_ws/Autoware_sim_test/install/nebula_common:/home/zyme/ros_ws/Autoware_sim_test/install/boost_tcp_driver:/home/zyme/ros_ws/Autoware_sim_test/install/boost_io_context:/opt/ros/humble LD_LIBRARY_PATH=/home/zyme/ros_ws/Autoware_sim_test/install/boost_udp_driver/lib:/home/zyme/ros_ws/Autoware_sim_test/install/robosense_msgs/lib:/home/zyme/ros_ws/Autoware_sim_test/install/pandar_msgs/lib:/home/zyme/ros_ws/Autoware_sim_test/install/nebula_common/lib:/home/zyme/ros_ws/Autoware_sim_test/install/boost_tcp_driver/lib:/home/zyme/ros_ws/Autoware_sim_test/install/boost_io_context/lib:${LD_LIBRARY_PATH} PYTHONPATH=/home/zyme/ros_ws/Autoware_sim_test/install/robosense_msgs/local/lib/python3.10/dist-packages:/home/zyme/ros_ws/Autoware_sim_test/install/pandar_msgs/local/lib/python3.10/dist-packages:${PYTHONPATH} /usr/bin/cmake --build /home/zyme/ros_ws/Autoware_sim_test/build/nebula_hw_interfaces -- -j12 -l12
[0.270s] Invoking command in '/home/zyme/ros_ws/Autoware_sim_test/build/nebula_hw_interfaces': AMENT_PREFIX_PATH=/home/zyme/ros_ws/Autoware_sim_test/install/boost_udp_driver:/home/zyme/ros_ws/Autoware_sim_test/install/robosense_msgs:/home/zyme/ros_ws/Autoware_sim_test/install/pandar_msgs:/home/zyme/ros_ws/Autoware_sim_test/install/nebula_common:/home/zyme/ros_ws/Autoware_sim_test/install/boost_tcp_driver:/home/zyme/ros_ws/Autoware_sim_test/install/boost_io_context:${AMENT_PREFIX_PATH} CMAKE_PREFIX_PATH=/home/zyme/ros_ws/Autoware_sim_test/install/boost_udp_driver:/home/zyme/ros_ws/Autoware_sim_test/install/robosense_msgs:/home/zyme/ros_ws/Autoware_sim_test/install/pandar_msgs:/home/zyme/ros_ws/Autoware_sim_test/install/nebula_common:/home/zyme/ros_ws/Autoware_sim_test/install/boost_tcp_driver:/home/zyme/ros_ws/Autoware_sim_test/install/boost_io_context:/opt/ros/humble LD_LIBRARY_PATH=/home/zyme/ros_ws/Autoware_sim_test/install/boost_udp_driver/lib:/home/zyme/ros_ws/Autoware_sim_test/install/robosense_msgs/lib:/home/zyme/ros_ws/Autoware_sim_test/install/pandar_msgs/lib:/home/zyme/ros_ws/Autoware_sim_test/install/nebula_common/lib:/home/zyme/ros_ws/Autoware_sim_test/install/boost_tcp_driver/lib:/home/zyme/ros_ws/Autoware_sim_test/install/boost_io_context/lib:${LD_LIBRARY_PATH} PYTHONPATH=/home/zyme/ros_ws/Autoware_sim_test/install/robosense_msgs/local/lib/python3.10/dist-packages:/home/zyme/ros_ws/Autoware_sim_test/install/pandar_msgs/local/lib/python3.10/dist-packages:${PYTHONPATH} /usr/bin/cmake --install /home/zyme/ros_ws/Autoware_sim_test/build/nebula_hw_interfaces
[0.277s] -- Install configuration: "Release"
[0.278s] -- Execute custom install script
[0.279s] -- Up-to-date symlink: /home/zyme/ros_ws/Autoware_sim_test/install/nebula_hw_interfaces/include/nebula_hw_interfaces/nebula_hw_interfaces_common/nebula_hw_interface_base.hpp
[0.279s] -- Up-to-date symlink: /home/zyme/ros_ws/Autoware_sim_test/install/nebula_hw_interfaces/include/nebula_hw_interfaces/nebula_hw_interfaces_hesai/hesai_cmd_response.hpp
[0.280s] -- Up-to-date symlink: /home/zyme/ros_ws/Autoware_sim_test/install/nebula_hw_interfaces/include/nebula_hw_interfaces/nebula_hw_interfaces_hesai/hesai_hw_interface.hpp
[0.280s] -- Up-to-date symlink: /home/zyme/ros_ws/Autoware_sim_test/install/nebula_hw_interfaces/include/nebula_hw_interfaces/nebula_hw_interfaces_robosense/robosense_hw_interface.hpp
[0.280s] -- Up-to-date symlink: /home/zyme/ros_ws/Autoware_sim_test/install/nebula_hw_interfaces/include/nebula_hw_interfaces/nebula_hw_interfaces_velodyne/velodyne_hw_interface.hpp
[0.281s] -- Up-to-date symlink: /home/zyme/ros_ws/Autoware_sim_test/install/nebula_hw_interfaces/share/nebula_hw_interfaces/environment/library_path.sh
[0.281s] -- Up-to-date symlink: /home/zyme/ros_ws/Autoware_sim_test/install/nebula_hw_interfaces/share/nebula_hw_interfaces/environment/library_path.dsv
[0.282s] -- Up-to-date symlink: /home/zyme/ros_ws/Autoware_sim_test/install/nebula_hw_interfaces/lib/libnebula_hw_interfaces_hesai.so
[0.282s] -- Up-to-date symlink: /home/zyme/ros_ws/Autoware_sim_test/install/nebula_hw_interfaces/lib/libnebula_hw_interfaces_velodyne.so
[0.282s] -- Up-to-date symlink: /home/zyme/ros_ws/Autoware_sim_test/install/nebula_hw_interfaces/lib/libnebula_hw_interfaces_robosense.so
[0.283s] -- Up-to-date symlink: /home/zyme/ros_ws/Autoware_sim_test/install/nebula_hw_interfaces/share/ament_index/resource_index/package_run_dependencies/nebula_hw_interfaces
[0.283s] -- Up-to-date symlink: /home/zyme/ros_ws/Autoware_sim_test/install/nebula_hw_interfaces/share/ament_index/resource_index/parent_prefix_path/nebula_hw_interfaces
[0.284s] -- Up-to-date symlink: /home/zyme/ros_ws/Autoware_sim_test/install/nebula_hw_interfaces/share/nebula_hw_interfaces/environment/ament_prefix_path.sh
[0.284s] -- Up-to-date symlink: /home/zyme/ros_ws/Autoware_sim_test/install/nebula_hw_interfaces/share/nebula_hw_interfaces/environment/ament_prefix_path.dsv
[0.284s] -- Up-to-date symlink: /home/zyme/ros_ws/Autoware_sim_test/install/nebula_hw_interfaces/share/nebula_hw_interfaces/environment/path.sh
[0.284s] -- Up-to-date symlink: /home/zyme/ros_ws/Autoware_sim_test/install/nebula_hw_interfaces/share/nebula_hw_interfaces/environment/path.dsv
[0.285s] -- Up-to-date symlink: /home/zyme/ros_ws/Autoware_sim_test/install/nebula_hw_interfaces/share/nebula_hw_interfaces/local_setup.bash
[0.285s] -- Up-to-date symlink: /home/zyme/ros_ws/Autoware_sim_test/install/nebula_hw_interfaces/share/nebula_hw_interfaces/local_setup.sh
[0.285s] -- Up-to-date symlink: /home/zyme/ros_ws/Autoware_sim_test/install/nebula_hw_interfaces/share/nebula_hw_interfaces/local_setup.zsh
[0.286s] -- Up-to-date symlink: /home/zyme/ros_ws/Autoware_sim_test/install/nebula_hw_interfaces/share/nebula_hw_interfaces/local_setup.dsv
[0.286s] -- Symlinking: /home/zyme/ros_ws/Autoware_sim_test/install/nebula_hw_interfaces/share/nebula_hw_interfaces/package.dsv
[0.295s] -- Up-to-date symlink: /home/zyme/ros_ws/Autoware_sim_test/install/nebula_hw_interfaces/share/ament_index/resource_index/packages/nebula_hw_interfaces
[0.295s] -- Up-to-date symlink: /home/zyme/ros_ws/Autoware_sim_test/install/nebula_hw_interfaces/share/nebula_hw_interfaces/cmake/ament_cmake_export_dependencies-extras.cmake
[0.295s] -- Up-to-date symlink: /home/zyme/ros_ws/Autoware_sim_test/install/nebula_hw_interfaces/share/nebula_hw_interfaces/cmake/ament_cmake_export_include_directories-extras.cmake
[0.296s] -- Up-to-date symlink: /home/zyme/ros_ws/Autoware_sim_test/install/nebula_hw_interfaces/share/nebula_hw_interfaces/cmake/ament_cmake_export_libraries-extras.cmake
[0.296s] -- Up-to-date symlink: /home/zyme/ros_ws/Autoware_sim_test/install/nebula_hw_interfaces/share/nebula_hw_interfaces/cmake/nebula_hw_interfacesConfig.cmake
[0.296s] -- Up-to-date symlink: /home/zyme/ros_ws/Autoware_sim_test/install/nebula_hw_interfaces/share/nebula_hw_interfaces/cmake/nebula_hw_interfacesConfig-version.cmake
[0.296s] -- Up-to-date symlink: /home/zyme/ros_ws/Autoware_sim_test/install/nebula_hw_interfaces/share/nebula_hw_interfaces/package.xml
[0.298s] Invoked command in '/home/zyme/ros_ws/Autoware_sim_test/build/nebula_hw_interfaces' returned '0': AMENT_PREFIX_PATH=/home/zyme/ros_ws/Autoware_sim_test/install/boost_udp_driver:/home/zyme/ros_ws/Autoware_sim_test/install/robosense_msgs:/home/zyme/ros_ws/Autoware_sim_test/install/pandar_msgs:/home/zyme/ros_ws/Autoware_sim_test/install/nebula_common:/home/zyme/ros_ws/Autoware_sim_test/install/boost_tcp_driver:/home/zyme/ros_ws/Autoware_sim_test/install/boost_io_context:${AMENT_PREFIX_PATH} CMAKE_PREFIX_PATH=/home/zyme/ros_ws/Autoware_sim_test/install/boost_udp_driver:/home/zyme/ros_ws/Autoware_sim_test/install/robosense_msgs:/home/zyme/ros_ws/Autoware_sim_test/install/pandar_msgs:/home/zyme/ros_ws/Autoware_sim_test/install/nebula_common:/home/zyme/ros_ws/Autoware_sim_test/install/boost_tcp_driver:/home/zyme/ros_ws/Autoware_sim_test/install/boost_io_context:/opt/ros/humble LD_LIBRARY_PATH=/home/zyme/ros_ws/Autoware_sim_test/install/boost_udp_driver/lib:/home/zyme/ros_ws/Autoware_sim_test/install/robosense_msgs/lib:/home/zyme/ros_ws/Autoware_sim_test/install/pandar_msgs/lib:/home/zyme/ros_ws/Autoware_sim_test/install/nebula_common/lib:/home/zyme/ros_ws/Autoware_sim_test/install/boost_tcp_driver/lib:/home/zyme/ros_ws/Autoware_sim_test/install/boost_io_context/lib:${LD_LIBRARY_PATH} PYTHONPATH=/home/zyme/ros_ws/Autoware_sim_test/install/robosense_msgs/local/lib/python3.10/dist-packages:/home/zyme/ros_ws/Autoware_sim_test/install/pandar_msgs/local/lib/python3.10/dist-packages:${PYTHONPATH} /usr/bin/cmake --install /home/zyme/ros_ws/Autoware_sim_test/build/nebula_hw_interfaces
