[0.061s] Invoking command in '/home/zyme/ros_ws/Autoware_sim_test/build/autoware_auto_planning_msgs': AMENT_PREFIX_PATH=/home/zyme/ros_ws/Autoware_sim_test/install/autoware_auto_mapping_msgs:/home/zyme/ros_ws/Autoware_sim_test/install/autoware_auto_geometry_msgs:${AMENT_PREFIX_PATH} CMAKE_PREFIX_PATH=/home/zyme/ros_ws/Autoware_sim_test/install/autoware_auto_mapping_msgs:/home/zyme/ros_ws/Autoware_sim_test/install/autoware_auto_geometry_msgs:/opt/ros/humble LD_LIBRARY_PATH=/home/zyme/ros_ws/Autoware_sim_test/install/autoware_auto_mapping_msgs/lib:/home/zyme/ros_ws/Autoware_sim_test/install/autoware_auto_geometry_msgs/lib:${LD_LIBRARY_PATH} PYTHONPATH=/home/zyme/ros_ws/Autoware_sim_test/install/autoware_auto_mapping_msgs/local/lib/python3.10/dist-packages:/home/zyme/ros_ws/Autoware_sim_test/install/autoware_auto_geometry_msgs/local/lib/python3.10/dist-packages:${PYTHONPATH} /usr/bin/cmake --build /home/zyme/ros_ws/Autoware_sim_test/build/autoware_auto_planning_msgs -- -j12 -l12
[0.114s] [  0%] Built target autoware_auto_planning_msgs__cpp
[0.118s] [ 12%] Built target autoware_auto_planning_msgs__rosidl_generator_c
[0.122s] [ 12%] Built target ament_cmake_python_symlink_autoware_auto_planning_msgs
[0.150s] [ 29%] Built target autoware_auto_planning_msgs__rosidl_typesupport_cpp
[0.151s] [ 36%] Built target autoware_auto_planning_msgs__rosidl_typesupport_introspection_cpp
[0.154s] [ 48%] Built target autoware_auto_planning_msgs__rosidl_typesupport_c
[0.155s] [ 60%] Built target autoware_auto_planning_msgs__rosidl_typesupport_introspection_c
[0.158s] [ 72%] Built target autoware_auto_planning_msgs__rosidl_typesupport_fastrtps_cpp
[0.164s] [ 84%] Built target autoware_auto_planning_msgs__rosidl_typesupport_fastrtps_c
[0.185s] [ 84%] Built target autoware_auto_planning_msgs
[0.206s] [ 85%] Built target autoware_auto_planning_msgs__py
[0.233s] [ 96%] Built target autoware_auto_planning_msgs__rosidl_generator_py
[0.256s] [100%] Built target autoware_auto_planning_msgs__rosidl_typesupport_c__pyext
[0.256s] [100%] Built target autoware_auto_planning_msgs__rosidl_typesupport_introspection_c__pyext
[0.256s] [100%] Built target autoware_auto_planning_msgs__rosidl_typesupport_fastrtps_c__pyext
[0.400s] running egg_info
[0.401s] writing autoware_auto_planning_msgs.egg-info/PKG-INFO
[0.401s] writing dependency_links to autoware_auto_planning_msgs.egg-info/dependency_links.txt
[0.401s] writing top-level names to autoware_auto_planning_msgs.egg-info/top_level.txt
[0.404s] reading manifest file 'autoware_auto_planning_msgs.egg-info/SOURCES.txt'
[0.404s] writing manifest file 'autoware_auto_planning_msgs.egg-info/SOURCES.txt'
[0.426s] [100%] Built target ament_cmake_python_build_autoware_auto_planning_msgs_egg
[0.438s] Invoked command in '/home/zyme/ros_ws/Autoware_sim_test/build/autoware_auto_planning_msgs' returned '0': AMENT_PREFIX_PATH=/home/zyme/ros_ws/Autoware_sim_test/install/autoware_auto_mapping_msgs:/home/zyme/ros_ws/Autoware_sim_test/install/autoware_auto_geometry_msgs:${AMENT_PREFIX_PATH} CMAKE_PREFIX_PATH=/home/zyme/ros_ws/Autoware_sim_test/install/autoware_auto_mapping_msgs:/home/zyme/ros_ws/Autoware_sim_test/install/autoware_auto_geometry_msgs:/opt/ros/humble LD_LIBRARY_PATH=/home/zyme/ros_ws/Autoware_sim_test/install/autoware_auto_mapping_msgs/lib:/home/zyme/ros_ws/Autoware_sim_test/install/autoware_auto_geometry_msgs/lib:${LD_LIBRARY_PATH} PYTHONPATH=/home/zyme/ros_ws/Autoware_sim_test/install/autoware_auto_mapping_msgs/local/lib/python3.10/dist-packages:/home/zyme/ros_ws/Autoware_sim_test/install/autoware_auto_geometry_msgs/local/lib/python3.10/dist-packages:${PYTHONPATH} /usr/bin/cmake --build /home/zyme/ros_ws/Autoware_sim_test/build/autoware_auto_planning_msgs -- -j12 -l12
[1.246s] Invoking command in '/home/zyme/ros_ws/Autoware_sim_test/build/autoware_auto_planning_msgs': AMENT_PREFIX_PATH=/home/zyme/ros_ws/Autoware_sim_test/install/autoware_auto_mapping_msgs:/home/zyme/ros_ws/Autoware_sim_test/install/autoware_auto_geometry_msgs:${AMENT_PREFIX_PATH} CMAKE_PREFIX_PATH=/home/zyme/ros_ws/Autoware_sim_test/install/autoware_auto_mapping_msgs:/home/zyme/ros_ws/Autoware_sim_test/install/autoware_auto_geometry_msgs:/opt/ros/humble LD_LIBRARY_PATH=/home/zyme/ros_ws/Autoware_sim_test/install/autoware_auto_mapping_msgs/lib:/home/zyme/ros_ws/Autoware_sim_test/install/autoware_auto_geometry_msgs/lib:${LD_LIBRARY_PATH} PYTHONPATH=/home/zyme/ros_ws/Autoware_sim_test/install/autoware_auto_mapping_msgs/local/lib/python3.10/dist-packages:/home/zyme/ros_ws/Autoware_sim_test/install/autoware_auto_geometry_msgs/local/lib/python3.10/dist-packages:${PYTHONPATH} /usr/bin/cmake --install /home/zyme/ros_ws/Autoware_sim_test/build/autoware_auto_planning_msgs
[1.270s] -- Install configuration: "Release"
[1.272s] -- Execute custom install script
[1.273s] -- Up-to-date symlink: /home/zyme/ros_ws/Autoware_sim_test/install/autoware_auto_planning_msgs/share/ament_index/resource_index/rosidl_interfaces/autoware_auto_planning_msgs
[1.275s] -- Up-to-date symlink: /home/zyme/ros_ws/Autoware_sim_test/install/autoware_auto_planning_msgs/include/autoware_auto_planning_msgs/autoware_auto_planning_msgs/action/detail/plan_trajectory__functions.h
[1.276s] -- Up-to-date symlink: /home/zyme/ros_ws/Autoware_sim_test/install/autoware_auto_planning_msgs/include/autoware_auto_planning_msgs/autoware_auto_planning_msgs/action/detail/plan_trajectory__struct.h
[1.276s] -- Up-to-date symlink: /home/zyme/ros_ws/Autoware_sim_test/install/autoware_auto_planning_msgs/include/autoware_auto_planning_msgs/autoware_auto_planning_msgs/action/detail/plan_trajectory__type_support.h
[1.276s] -- Up-to-date symlink: /home/zyme/ros_ws/Autoware_sim_test/install/autoware_auto_planning_msgs/include/autoware_auto_planning_msgs/autoware_auto_planning_msgs/action/detail/planner_costmap__functions.h
[1.277s] -- Up-to-date symlink: /home/zyme/ros_ws/Autoware_sim_test/install/autoware_auto_planning_msgs/include/autoware_auto_planning_msgs/autoware_auto_planning_msgs/action/detail/planner_costmap__struct.h
[1.277s] -- Up-to-date symlink: /home/zyme/ros_ws/Autoware_sim_test/install/autoware_auto_planning_msgs/include/autoware_auto_planning_msgs/autoware_auto_planning_msgs/action/detail/planner_costmap__type_support.h
[1.277s] -- Up-to-date symlink: /home/zyme/ros_ws/Autoware_sim_test/install/autoware_auto_planning_msgs/include/autoware_auto_planning_msgs/autoware_auto_planning_msgs/action/detail/record_trajectory__functions.h
[1.278s] -- Up-to-date symlink: /home/zyme/ros_ws/Autoware_sim_test/install/autoware_auto_planning_msgs/include/autoware_auto_planning_msgs/autoware_auto_planning_msgs/action/detail/record_trajectory__struct.h
[1.278s] -- Up-to-date symlink: /home/zyme/ros_ws/Autoware_sim_test/install/autoware_auto_planning_msgs/include/autoware_auto_planning_msgs/autoware_auto_planning_msgs/action/detail/record_trajectory__type_support.h
[1.279s] -- Up-to-date symlink: /home/zyme/ros_ws/Autoware_sim_test/install/autoware_auto_planning_msgs/include/autoware_auto_planning_msgs/autoware_auto_planning_msgs/action/detail/replay_trajectory__functions.h
[1.279s] -- Up-to-date symlink: /home/zyme/ros_ws/Autoware_sim_test/install/autoware_auto_planning_msgs/include/autoware_auto_planning_msgs/autoware_auto_planning_msgs/action/detail/replay_trajectory__struct.h
[1.279s] -- Up-to-date symlink: /home/zyme/ros_ws/Autoware_sim_test/install/autoware_auto_planning_msgs/include/autoware_auto_planning_msgs/autoware_auto_planning_msgs/action/detail/replay_trajectory__type_support.h
[1.280s] -- Up-to-date symlink: /home/zyme/ros_ws/Autoware_sim_test/install/autoware_auto_planning_msgs/include/autoware_auto_planning_msgs/autoware_auto_planning_msgs/action/plan_trajectory.h
[1.280s] -- Up-to-date symlink: /home/zyme/ros_ws/Autoware_sim_test/install/autoware_auto_planning_msgs/include/autoware_auto_planning_msgs/autoware_auto_planning_msgs/action/planner_costmap.h
[1.281s] -- Up-to-date symlink: /home/zyme/ros_ws/Autoware_sim_test/install/autoware_auto_planning_msgs/include/autoware_auto_planning_msgs/autoware_auto_planning_msgs/action/record_trajectory.h
[1.281s] -- Up-to-date symlink: /home/zyme/ros_ws/Autoware_sim_test/install/autoware_auto_planning_msgs/include/autoware_auto_planning_msgs/autoware_auto_planning_msgs/action/replay_trajectory.h
[1.281s] -- Up-to-date symlink: /home/zyme/ros_ws/Autoware_sim_test/install/autoware_auto_planning_msgs/include/autoware_auto_planning_msgs/autoware_auto_planning_msgs/msg/detail/had_map_route__functions.h
[1.281s] -- Up-to-date symlink: /home/zyme/ros_ws/Autoware_sim_test/install/autoware_auto_planning_msgs/include/autoware_auto_planning_msgs/autoware_auto_planning_msgs/msg/detail/had_map_route__struct.h
[1.282s] -- Up-to-date symlink: /home/zyme/ros_ws/Autoware_sim_test/install/autoware_auto_planning_msgs/include/autoware_auto_planning_msgs/autoware_auto_planning_msgs/msg/detail/had_map_route__type_support.h
[1.282s] -- Up-to-date symlink: /home/zyme/ros_ws/Autoware_sim_test/install/autoware_auto_planning_msgs/include/autoware_auto_planning_msgs/autoware_auto_planning_msgs/msg/detail/order_movement__functions.h
[1.282s] -- Up-to-date symlink: /home/zyme/ros_ws/Autoware_sim_test/install/autoware_auto_planning_msgs/include/autoware_auto_planning_msgs/autoware_auto_planning_msgs/msg/detail/order_movement__struct.h
[1.283s] -- Up-to-date symlink: /home/zyme/ros_ws/Autoware_sim_test/install/autoware_auto_planning_msgs/include/autoware_auto_planning_msgs/autoware_auto_planning_msgs/msg/detail/order_movement__type_support.h
[1.283s] -- Up-to-date symlink: /home/zyme/ros_ws/Autoware_sim_test/install/autoware_auto_planning_msgs/include/autoware_auto_planning_msgs/autoware_auto_planning_msgs/msg/detail/path__functions.h
[1.283s] -- Up-to-date symlink: /home/zyme/ros_ws/Autoware_sim_test/install/autoware_auto_planning_msgs/include/autoware_auto_planning_msgs/autoware_auto_planning_msgs/msg/detail/path__struct.h
[1.284s] -- Up-to-date symlink: /home/zyme/ros_ws/Autoware_sim_test/install/autoware_auto_planning_msgs/include/autoware_auto_planning_msgs/autoware_auto_planning_msgs/msg/detail/path__type_support.h
[1.284s] -- Up-to-date symlink: /home/zyme/ros_ws/Autoware_sim_test/install/autoware_auto_planning_msgs/include/autoware_auto_planning_msgs/autoware_auto_planning_msgs/msg/detail/path_point__functions.h
[1.284s] -- Up-to-date symlink: /home/zyme/ros_ws/Autoware_sim_test/install/autoware_auto_planning_msgs/include/autoware_auto_planning_msgs/autoware_auto_planning_msgs/msg/detail/path_point__struct.h
[1.285s] -- Up-to-date symlink: /home/zyme/ros_ws/Autoware_sim_test/install/autoware_auto_planning_msgs/include/autoware_auto_planning_msgs/autoware_auto_planning_msgs/msg/detail/path_point__type_support.h
[1.285s] -- Up-to-date symlink: /home/zyme/ros_ws/Autoware_sim_test/install/autoware_auto_planning_msgs/include/autoware_auto_planning_msgs/autoware_auto_planning_msgs/msg/detail/path_point_with_lane_id__functions.h
[1.285s] -- Up-to-date symlink: /home/zyme/ros_ws/Autoware_sim_test/install/autoware_auto_planning_msgs/include/autoware_auto_planning_msgs/autoware_auto_planning_msgs/msg/detail/path_point_with_lane_id__struct.h
[1.285s] -- Up-to-date symlink: /home/zyme/ros_ws/Autoware_sim_test/install/autoware_auto_planning_msgs/include/autoware_auto_planning_msgs/autoware_auto_planning_msgs/msg/detail/path_point_with_lane_id__type_support.h
[1.286s] -- Up-to-date symlink: /home/zyme/ros_ws/Autoware_sim_test/install/autoware_auto_planning_msgs/include/autoware_auto_planning_msgs/autoware_auto_planning_msgs/msg/detail/path_with_lane_id__functions.h
[1.286s] -- Up-to-date symlink: /home/zyme/ros_ws/Autoware_sim_test/install/autoware_auto_planning_msgs/include/autoware_auto_planning_msgs/autoware_auto_planning_msgs/msg/detail/path_with_lane_id__struct.h
[1.286s] -- Up-to-date symlink: /home/zyme/ros_ws/Autoware_sim_test/install/autoware_auto_planning_msgs/include/autoware_auto_planning_msgs/autoware_auto_planning_msgs/msg/detail/path_with_lane_id__type_support.h
[1.286s] -- Up-to-date symlink: /home/zyme/ros_ws/Autoware_sim_test/install/autoware_auto_planning_msgs/include/autoware_auto_planning_msgs/autoware_auto_planning_msgs/msg/detail/route__functions.h
[1.287s] -- Up-to-date symlink: /home/zyme/ros_ws/Autoware_sim_test/install/autoware_auto_planning_msgs/include/autoware_auto_planning_msgs/autoware_auto_planning_msgs/msg/detail/route__struct.h
[1.287s] -- Up-to-date symlink: /home/zyme/ros_ws/Autoware_sim_test/install/autoware_auto_planning_msgs/include/autoware_auto_planning_msgs/autoware_auto_planning_msgs/msg/detail/route__type_support.h
[1.287s] -- Up-to-date symlink: /home/zyme/ros_ws/Autoware_sim_test/install/autoware_auto_planning_msgs/include/autoware_auto_planning_msgs/autoware_auto_planning_msgs/msg/detail/trajectory__functions.h
[1.287s] -- Up-to-date symlink: /home/zyme/ros_ws/Autoware_sim_test/install/autoware_auto_planning_msgs/include/autoware_auto_planning_msgs/autoware_auto_planning_msgs/msg/detail/trajectory__struct.h
[1.288s] -- Up-to-date symlink: /home/zyme/ros_ws/Autoware_sim_test/install/autoware_auto_planning_msgs/include/autoware_auto_planning_msgs/autoware_auto_planning_msgs/msg/detail/trajectory__type_support.h
[1.288s] -- Up-to-date symlink: /home/zyme/ros_ws/Autoware_sim_test/install/autoware_auto_planning_msgs/include/autoware_auto_planning_msgs/autoware_auto_planning_msgs/msg/detail/trajectory_point__functions.h
[1.288s] -- Up-to-date symlink: /home/zyme/ros_ws/Autoware_sim_test/install/autoware_auto_planning_msgs/include/autoware_auto_planning_msgs/autoware_auto_planning_msgs/msg/detail/trajectory_point__struct.h
[1.289s] -- Up-to-date symlink: /home/zyme/ros_ws/Autoware_sim_test/install/autoware_auto_planning_msgs/include/autoware_auto_planning_msgs/autoware_auto_planning_msgs/msg/detail/trajectory_point__type_support.h
[1.289s] -- Up-to-date symlink: /home/zyme/ros_ws/Autoware_sim_test/install/autoware_auto_planning_msgs/include/autoware_auto_planning_msgs/autoware_auto_planning_msgs/msg/had_map_route.h
[1.289s] -- Up-to-date symlink: /home/zyme/ros_ws/Autoware_sim_test/install/autoware_auto_planning_msgs/include/autoware_auto_planning_msgs/autoware_auto_planning_msgs/msg/order_movement.h
[1.289s] -- Up-to-date symlink: /home/zyme/ros_ws/Autoware_sim_test/install/autoware_auto_planning_msgs/include/autoware_auto_planning_msgs/autoware_auto_planning_msgs/msg/path.h
[1.289s] -- Up-to-date symlink: /home/zyme/ros_ws/Autoware_sim_test/install/autoware_auto_planning_msgs/include/autoware_auto_planning_msgs/autoware_auto_planning_msgs/msg/path_point.h
[1.290s] -- Up-to-date symlink: /home/zyme/ros_ws/Autoware_sim_test/install/autoware_auto_planning_msgs/include/autoware_auto_planning_msgs/autoware_auto_planning_msgs/msg/path_point_with_lane_id.h
[1.290s] -- Up-to-date symlink: /home/zyme/ros_ws/Autoware_sim_test/install/autoware_auto_planning_msgs/include/autoware_auto_planning_msgs/autoware_auto_planning_msgs/msg/path_with_lane_id.h
[1.290s] -- Up-to-date symlink: /home/zyme/ros_ws/Autoware_sim_test/install/autoware_auto_planning_msgs/include/autoware_auto_planning_msgs/autoware_auto_planning_msgs/msg/rosidl_generator_c__visibility_control.h
[1.290s] -- Up-to-date symlink: /home/zyme/ros_ws/Autoware_sim_test/install/autoware_auto_planning_msgs/include/autoware_auto_planning_msgs/autoware_auto_planning_msgs/msg/route.h
[1.290s] -- Up-to-date symlink: /home/zyme/ros_ws/Autoware_sim_test/install/autoware_auto_planning_msgs/include/autoware_auto_planning_msgs/autoware_auto_planning_msgs/msg/trajectory.h
[1.291s] -- Up-to-date symlink: /home/zyme/ros_ws/Autoware_sim_test/install/autoware_auto_planning_msgs/include/autoware_auto_planning_msgs/autoware_auto_planning_msgs/msg/trajectory_point.h
[1.291s] -- Up-to-date symlink: /home/zyme/ros_ws/Autoware_sim_test/install/autoware_auto_planning_msgs/include/autoware_auto_planning_msgs/autoware_auto_planning_msgs/srv/detail/modify_trajectory__functions.h
[1.291s] -- Up-to-date symlink: /home/zyme/ros_ws/Autoware_sim_test/install/autoware_auto_planning_msgs/include/autoware_auto_planning_msgs/autoware_auto_planning_msgs/srv/detail/modify_trajectory__struct.h
[1.291s] -- Up-to-date symlink: /home/zyme/ros_ws/Autoware_sim_test/install/autoware_auto_planning_msgs/include/autoware_auto_planning_msgs/autoware_auto_planning_msgs/srv/detail/modify_trajectory__type_support.h
[1.292s] -- Up-to-date symlink: /home/zyme/ros_ws/Autoware_sim_test/install/autoware_auto_planning_msgs/include/autoware_auto_planning_msgs/autoware_auto_planning_msgs/srv/modify_trajectory.h
[1.292s] -- Up-to-date symlink: /home/zyme/ros_ws/Autoware_sim_test/install/autoware_auto_planning_msgs/share/autoware_auto_planning_msgs/environment/library_path.sh
[1.292s] -- Up-to-date symlink: /home/zyme/ros_ws/Autoware_sim_test/install/autoware_auto_planning_msgs/share/autoware_auto_planning_msgs/environment/library_path.dsv
[1.294s] -- Up-to-date symlink: /home/zyme/ros_ws/Autoware_sim_test/install/autoware_auto_planning_msgs/include/autoware_auto_planning_msgs/autoware_auto_planning_msgs/action/detail/plan_trajectory__rosidl_typesupport_fastrtps_c.h
[1.294s] -- Up-to-date symlink: /home/zyme/ros_ws/Autoware_sim_test/install/autoware_auto_planning_msgs/include/autoware_auto_planning_msgs/autoware_auto_planning_msgs/action/detail/planner_costmap__rosidl_typesupport_fastrtps_c.h
[1.294s] -- Up-to-date symlink: /home/zyme/ros_ws/Autoware_sim_test/install/autoware_auto_planning_msgs/include/autoware_auto_planning_msgs/autoware_auto_planning_msgs/action/detail/record_trajectory__rosidl_typesupport_fastrtps_c.h
[1.295s] -- Up-to-date symlink: /home/zyme/ros_ws/Autoware_sim_test/install/autoware_auto_planning_msgs/include/autoware_auto_planning_msgs/autoware_auto_planning_msgs/action/detail/replay_trajectory__rosidl_typesupport_fastrtps_c.h
[1.295s] -- Up-to-date symlink: /home/zyme/ros_ws/Autoware_sim_test/install/autoware_auto_planning_msgs/include/autoware_auto_planning_msgs/autoware_auto_planning_msgs/msg/detail/had_map_route__rosidl_typesupport_fastrtps_c.h
[1.295s] -- Up-to-date symlink: /home/zyme/ros_ws/Autoware_sim_test/install/autoware_auto_planning_msgs/include/autoware_auto_planning_msgs/autoware_auto_planning_msgs/msg/detail/order_movement__rosidl_typesupport_fastrtps_c.h
[1.295s] -- Up-to-date symlink: /home/zyme/ros_ws/Autoware_sim_test/install/autoware_auto_planning_msgs/include/autoware_auto_planning_msgs/autoware_auto_planning_msgs/msg/detail/path__rosidl_typesupport_fastrtps_c.h
[1.295s] -- Up-to-date symlink: /home/zyme/ros_ws/Autoware_sim_test/install/autoware_auto_planning_msgs/include/autoware_auto_planning_msgs/autoware_auto_planning_msgs/msg/detail/path_point__rosidl_typesupport_fastrtps_c.h
[1.296s] -- Up-to-date symlink: /home/zyme/ros_ws/Autoware_sim_test/install/autoware_auto_planning_msgs/include/autoware_auto_planning_msgs/autoware_auto_planning_msgs/msg/detail/path_point_with_lane_id__rosidl_typesupport_fastrtps_c.h
[1.296s] -- Up-to-date symlink: /home/zyme/ros_ws/Autoware_sim_test/install/autoware_auto_planning_msgs/include/autoware_auto_planning_msgs/autoware_auto_planning_msgs/msg/detail/path_with_lane_id__rosidl_typesupport_fastrtps_c.h
[1.296s] -- Up-to-date symlink: /home/zyme/ros_ws/Autoware_sim_test/install/autoware_auto_planning_msgs/include/autoware_auto_planning_msgs/autoware_auto_planning_msgs/msg/detail/route__rosidl_typesupport_fastrtps_c.h
[1.296s] -- Up-to-date symlink: /home/zyme/ros_ws/Autoware_sim_test/install/autoware_auto_planning_msgs/include/autoware_auto_planning_msgs/autoware_auto_planning_msgs/msg/detail/trajectory__rosidl_typesupport_fastrtps_c.h
[1.296s] -- Up-to-date symlink: /home/zyme/ros_ws/Autoware_sim_test/install/autoware_auto_planning_msgs/include/autoware_auto_planning_msgs/autoware_auto_planning_msgs/msg/detail/trajectory_point__rosidl_typesupport_fastrtps_c.h
[1.297s] -- Up-to-date symlink: /home/zyme/ros_ws/Autoware_sim_test/install/autoware_auto_planning_msgs/include/autoware_auto_planning_msgs/autoware_auto_planning_msgs/msg/rosidl_typesupport_fastrtps_c__visibility_control.h
[1.297s] -- Up-to-date symlink: /home/zyme/ros_ws/Autoware_sim_test/install/autoware_auto_planning_msgs/include/autoware_auto_planning_msgs/autoware_auto_planning_msgs/srv/detail/modify_trajectory__rosidl_typesupport_fastrtps_c.h
[1.298s] -- Up-to-date symlink: /home/zyme/ros_ws/Autoware_sim_test/install/autoware_auto_planning_msgs/include/autoware_auto_planning_msgs/autoware_auto_planning_msgs/action/detail/plan_trajectory__rosidl_typesupport_introspection_c.h
[1.298s] -- Up-to-date symlink: /home/zyme/ros_ws/Autoware_sim_test/install/autoware_auto_planning_msgs/include/autoware_auto_planning_msgs/autoware_auto_planning_msgs/action/detail/planner_costmap__rosidl_typesupport_introspection_c.h
[1.298s] -- Up-to-date symlink: /home/zyme/ros_ws/Autoware_sim_test/install/autoware_auto_planning_msgs/include/autoware_auto_planning_msgs/autoware_auto_planning_msgs/action/detail/record_trajectory__rosidl_typesupport_introspection_c.h
[1.298s] -- Up-to-date symlink: /home/zyme/ros_ws/Autoware_sim_test/install/autoware_auto_planning_msgs/include/autoware_auto_planning_msgs/autoware_auto_planning_msgs/action/detail/replay_trajectory__rosidl_typesupport_introspection_c.h
[1.299s] -- Up-to-date symlink: /home/zyme/ros_ws/Autoware_sim_test/install/autoware_auto_planning_msgs/include/autoware_auto_planning_msgs/autoware_auto_planning_msgs/msg/detail/had_map_route__rosidl_typesupport_introspection_c.h
[1.299s] -- Up-to-date symlink: /home/zyme/ros_ws/Autoware_sim_test/install/autoware_auto_planning_msgs/include/autoware_auto_planning_msgs/autoware_auto_planning_msgs/msg/detail/order_movement__rosidl_typesupport_introspection_c.h
[1.299s] -- Up-to-date symlink: /home/zyme/ros_ws/Autoware_sim_test/install/autoware_auto_planning_msgs/include/autoware_auto_planning_msgs/autoware_auto_planning_msgs/msg/detail/path__rosidl_typesupport_introspection_c.h
[1.299s] -- Up-to-date symlink: /home/zyme/ros_ws/Autoware_sim_test/install/autoware_auto_planning_msgs/include/autoware_auto_planning_msgs/autoware_auto_planning_msgs/msg/detail/path_point__rosidl_typesupport_introspection_c.h
[1.299s] -- Up-to-date symlink: /home/zyme/ros_ws/Autoware_sim_test/install/autoware_auto_planning_msgs/include/autoware_auto_planning_msgs/autoware_auto_planning_msgs/msg/detail/path_point_with_lane_id__rosidl_typesupport_introspection_c.h
[1.300s] -- Up-to-date symlink: /home/zyme/ros_ws/Autoware_sim_test/install/autoware_auto_planning_msgs/include/autoware_auto_planning_msgs/autoware_auto_planning_msgs/msg/detail/path_with_lane_id__rosidl_typesupport_introspection_c.h
[1.300s] -- Up-to-date symlink: /home/zyme/ros_ws/Autoware_sim_test/install/autoware_auto_planning_msgs/include/autoware_auto_planning_msgs/autoware_auto_planning_msgs/msg/detail/route__rosidl_typesupport_introspection_c.h
[1.300s] -- Up-to-date symlink: /home/zyme/ros_ws/Autoware_sim_test/install/autoware_auto_planning_msgs/include/autoware_auto_planning_msgs/autoware_auto_planning_msgs/msg/detail/trajectory__rosidl_typesupport_introspection_c.h
[1.300s] -- Up-to-date symlink: /home/zyme/ros_ws/Autoware_sim_test/install/autoware_auto_planning_msgs/include/autoware_auto_planning_msgs/autoware_auto_planning_msgs/msg/detail/trajectory_point__rosidl_typesupport_introspection_c.h
[1.301s] -- Up-to-date symlink: /home/zyme/ros_ws/Autoware_sim_test/install/autoware_auto_planning_msgs/include/autoware_auto_planning_msgs/autoware_auto_planning_msgs/msg/rosidl_typesupport_introspection_c__visibility_control.h
[1.301s] -- Up-to-date symlink: /home/zyme/ros_ws/Autoware_sim_test/install/autoware_auto_planning_msgs/include/autoware_auto_planning_msgs/autoware_auto_planning_msgs/srv/detail/modify_trajectory__rosidl_typesupport_introspection_c.h
[1.302s] -- Up-to-date symlink: /home/zyme/ros_ws/Autoware_sim_test/install/autoware_auto_planning_msgs/include/autoware_auto_planning_msgs/autoware_auto_planning_msgs/action/detail/plan_trajectory__builder.hpp
[1.302s] -- Up-to-date symlink: /home/zyme/ros_ws/Autoware_sim_test/install/autoware_auto_planning_msgs/include/autoware_auto_planning_msgs/autoware_auto_planning_msgs/action/detail/plan_trajectory__struct.hpp
[1.302s] -- Up-to-date symlink: /home/zyme/ros_ws/Autoware_sim_test/install/autoware_auto_planning_msgs/include/autoware_auto_planning_msgs/autoware_auto_planning_msgs/action/detail/plan_trajectory__traits.hpp
[1.303s] -- Up-to-date symlink: /home/zyme/ros_ws/Autoware_sim_test/install/autoware_auto_planning_msgs/include/autoware_auto_planning_msgs/autoware_auto_planning_msgs/action/detail/planner_costmap__builder.hpp
[1.303s] -- Up-to-date symlink: /home/zyme/ros_ws/Autoware_sim_test/install/autoware_auto_planning_msgs/include/autoware_auto_planning_msgs/autoware_auto_planning_msgs/action/detail/planner_costmap__struct.hpp
[1.303s] -- Up-to-date symlink: /home/zyme/ros_ws/Autoware_sim_test/install/autoware_auto_planning_msgs/include/autoware_auto_planning_msgs/autoware_auto_planning_msgs/action/detail/planner_costmap__traits.hpp
[1.303s] -- Up-to-date symlink: /home/zyme/ros_ws/Autoware_sim_test/install/autoware_auto_planning_msgs/include/autoware_auto_planning_msgs/autoware_auto_planning_msgs/action/detail/record_trajectory__builder.hpp
[1.303s] -- Up-to-date symlink: /home/zyme/ros_ws/Autoware_sim_test/install/autoware_auto_planning_msgs/include/autoware_auto_planning_msgs/autoware_auto_planning_msgs/action/detail/record_trajectory__struct.hpp
[1.304s] -- Up-to-date symlink: /home/zyme/ros_ws/Autoware_sim_test/install/autoware_auto_planning_msgs/include/autoware_auto_planning_msgs/autoware_auto_planning_msgs/action/detail/record_trajectory__traits.hpp
[1.304s] -- Up-to-date symlink: /home/zyme/ros_ws/Autoware_sim_test/install/autoware_auto_planning_msgs/include/autoware_auto_planning_msgs/autoware_auto_planning_msgs/action/detail/replay_trajectory__builder.hpp
[1.304s] -- Up-to-date symlink: /home/zyme/ros_ws/Autoware_sim_test/install/autoware_auto_planning_msgs/include/autoware_auto_planning_msgs/autoware_auto_planning_msgs/action/detail/replay_trajectory__struct.hpp
[1.304s] -- Up-to-date symlink: /home/zyme/ros_ws/Autoware_sim_test/install/autoware_auto_planning_msgs/include/autoware_auto_planning_msgs/autoware_auto_planning_msgs/action/detail/replay_trajectory__traits.hpp
[1.304s] -- Up-to-date symlink: /home/zyme/ros_ws/Autoware_sim_test/install/autoware_auto_planning_msgs/include/autoware_auto_planning_msgs/autoware_auto_planning_msgs/action/plan_trajectory.hpp
[1.304s] -- Up-to-date symlink: /home/zyme/ros_ws/Autoware_sim_test/install/autoware_auto_planning_msgs/include/autoware_auto_planning_msgs/autoware_auto_planning_msgs/action/planner_costmap.hpp
[1.305s] -- Up-to-date symlink: /home/zyme/ros_ws/Autoware_sim_test/install/autoware_auto_planning_msgs/include/autoware_auto_planning_msgs/autoware_auto_planning_msgs/action/record_trajectory.hpp
[1.305s] -- Up-to-date symlink: /home/zyme/ros_ws/Autoware_sim_test/install/autoware_auto_planning_msgs/include/autoware_auto_planning_msgs/autoware_auto_planning_msgs/action/replay_trajectory.hpp
[1.305s] -- Up-to-date symlink: /home/zyme/ros_ws/Autoware_sim_test/install/autoware_auto_planning_msgs/include/autoware_auto_planning_msgs/autoware_auto_planning_msgs/msg/detail/had_map_route__builder.hpp
[1.305s] -- Up-to-date symlink: /home/zyme/ros_ws/Autoware_sim_test/install/autoware_auto_planning_msgs/include/autoware_auto_planning_msgs/autoware_auto_planning_msgs/msg/detail/had_map_route__struct.hpp
[1.305s] -- Up-to-date symlink: /home/zyme/ros_ws/Autoware_sim_test/install/autoware_auto_planning_msgs/include/autoware_auto_planning_msgs/autoware_auto_planning_msgs/msg/detail/had_map_route__traits.hpp
[1.305s] -- Up-to-date symlink: /home/zyme/ros_ws/Autoware_sim_test/install/autoware_auto_planning_msgs/include/autoware_auto_planning_msgs/autoware_auto_planning_msgs/msg/detail/order_movement__builder.hpp
[1.306s] -- Up-to-date symlink: /home/zyme/ros_ws/Autoware_sim_test/install/autoware_auto_planning_msgs/include/autoware_auto_planning_msgs/autoware_auto_planning_msgs/msg/detail/order_movement__struct.hpp
[1.306s] -- Up-to-date symlink: /home/zyme/ros_ws/Autoware_sim_test/install/autoware_auto_planning_msgs/include/autoware_auto_planning_msgs/autoware_auto_planning_msgs/msg/detail/order_movement__traits.hpp
[1.306s] -- Up-to-date symlink: /home/zyme/ros_ws/Autoware_sim_test/install/autoware_auto_planning_msgs/include/autoware_auto_planning_msgs/autoware_auto_planning_msgs/msg/detail/path__builder.hpp
[1.306s] -- Up-to-date symlink: /home/zyme/ros_ws/Autoware_sim_test/install/autoware_auto_planning_msgs/include/autoware_auto_planning_msgs/autoware_auto_planning_msgs/msg/detail/path__struct.hpp
[1.306s] -- Up-to-date symlink: /home/zyme/ros_ws/Autoware_sim_test/install/autoware_auto_planning_msgs/include/autoware_auto_planning_msgs/autoware_auto_planning_msgs/msg/detail/path__traits.hpp
[1.307s] -- Up-to-date symlink: /home/zyme/ros_ws/Autoware_sim_test/install/autoware_auto_planning_msgs/include/autoware_auto_planning_msgs/autoware_auto_planning_msgs/msg/detail/path_point__builder.hpp
[1.307s] -- Up-to-date symlink: /home/zyme/ros_ws/Autoware_sim_test/install/autoware_auto_planning_msgs/include/autoware_auto_planning_msgs/autoware_auto_planning_msgs/msg/detail/path_point__struct.hpp
[1.307s] -- Up-to-date symlink: /home/zyme/ros_ws/Autoware_sim_test/install/autoware_auto_planning_msgs/include/autoware_auto_planning_msgs/autoware_auto_planning_msgs/msg/detail/path_point__traits.hpp
[1.307s] -- Up-to-date symlink: /home/zyme/ros_ws/Autoware_sim_test/install/autoware_auto_planning_msgs/include/autoware_auto_planning_msgs/autoware_auto_planning_msgs/msg/detail/path_point_with_lane_id__builder.hpp
[1.307s] -- Up-to-date symlink: /home/zyme/ros_ws/Autoware_sim_test/install/autoware_auto_planning_msgs/include/autoware_auto_planning_msgs/autoware_auto_planning_msgs/msg/detail/path_point_with_lane_id__struct.hpp
[1.307s] -- Up-to-date symlink: /home/zyme/ros_ws/Autoware_sim_test/install/autoware_auto_planning_msgs/include/autoware_auto_planning_msgs/autoware_auto_planning_msgs/msg/detail/path_point_with_lane_id__traits.hpp
[1.308s] -- Up-to-date symlink: /home/zyme/ros_ws/Autoware_sim_test/install/autoware_auto_planning_msgs/include/autoware_auto_planning_msgs/autoware_auto_planning_msgs/msg/detail/path_with_lane_id__builder.hpp
[1.308s] -- Up-to-date symlink: /home/zyme/ros_ws/Autoware_sim_test/install/autoware_auto_planning_msgs/include/autoware_auto_planning_msgs/autoware_auto_planning_msgs/msg/detail/path_with_lane_id__struct.hpp
[1.308s] -- Up-to-date symlink: /home/zyme/ros_ws/Autoware_sim_test/install/autoware_auto_planning_msgs/include/autoware_auto_planning_msgs/autoware_auto_planning_msgs/msg/detail/path_with_lane_id__traits.hpp
[1.308s] -- Up-to-date symlink: /home/zyme/ros_ws/Autoware_sim_test/install/autoware_auto_planning_msgs/include/autoware_auto_planning_msgs/autoware_auto_planning_msgs/msg/detail/route__builder.hpp
[1.308s] -- Up-to-date symlink: /home/zyme/ros_ws/Autoware_sim_test/install/autoware_auto_planning_msgs/include/autoware_auto_planning_msgs/autoware_auto_planning_msgs/msg/detail/route__struct.hpp
[1.308s] -- Up-to-date symlink: /home/zyme/ros_ws/Autoware_sim_test/install/autoware_auto_planning_msgs/include/autoware_auto_planning_msgs/autoware_auto_planning_msgs/msg/detail/route__traits.hpp
[1.309s] -- Up-to-date symlink: /home/zyme/ros_ws/Autoware_sim_test/install/autoware_auto_planning_msgs/include/autoware_auto_planning_msgs/autoware_auto_planning_msgs/msg/detail/trajectory__builder.hpp
[1.309s] -- Up-to-date symlink: /home/zyme/ros_ws/Autoware_sim_test/install/autoware_auto_planning_msgs/include/autoware_auto_planning_msgs/autoware_auto_planning_msgs/msg/detail/trajectory__struct.hpp
[1.309s] -- Up-to-date symlink: /home/zyme/ros_ws/Autoware_sim_test/install/autoware_auto_planning_msgs/include/autoware_auto_planning_msgs/autoware_auto_planning_msgs/msg/detail/trajectory__traits.hpp
[1.309s] -- Up-to-date symlink: /home/zyme/ros_ws/Autoware_sim_test/install/autoware_auto_planning_msgs/include/autoware_auto_planning_msgs/autoware_auto_planning_msgs/msg/detail/trajectory_point__builder.hpp
[1.309s] -- Up-to-date symlink: /home/zyme/ros_ws/Autoware_sim_test/install/autoware_auto_planning_msgs/include/autoware_auto_planning_msgs/autoware_auto_planning_msgs/msg/detail/trajectory_point__struct.hpp
[1.309s] -- Up-to-date symlink: /home/zyme/ros_ws/Autoware_sim_test/install/autoware_auto_planning_msgs/include/autoware_auto_planning_msgs/autoware_auto_planning_msgs/msg/detail/trajectory_point__traits.hpp
[1.310s] -- Up-to-date symlink: /home/zyme/ros_ws/Autoware_sim_test/install/autoware_auto_planning_msgs/include/autoware_auto_planning_msgs/autoware_auto_planning_msgs/msg/had_map_route.hpp
[1.310s] -- Up-to-date symlink: /home/zyme/ros_ws/Autoware_sim_test/install/autoware_auto_planning_msgs/include/autoware_auto_planning_msgs/autoware_auto_planning_msgs/msg/order_movement.hpp
[1.310s] -- Up-to-date symlink: /home/zyme/ros_ws/Autoware_sim_test/install/autoware_auto_planning_msgs/include/autoware_auto_planning_msgs/autoware_auto_planning_msgs/msg/path.hpp
[1.310s] -- Up-to-date symlink: /home/zyme/ros_ws/Autoware_sim_test/install/autoware_auto_planning_msgs/include/autoware_auto_planning_msgs/autoware_auto_planning_msgs/msg/path_point.hpp
[1.310s] -- Up-to-date symlink: /home/zyme/ros_ws/Autoware_sim_test/install/autoware_auto_planning_msgs/include/autoware_auto_planning_msgs/autoware_auto_planning_msgs/msg/path_point_with_lane_id.hpp
[1.310s] -- Up-to-date symlink: /home/zyme/ros_ws/Autoware_sim_test/install/autoware_auto_planning_msgs/include/autoware_auto_planning_msgs/autoware_auto_planning_msgs/msg/path_with_lane_id.hpp
[1.311s] -- Up-to-date symlink: /home/zyme/ros_ws/Autoware_sim_test/install/autoware_auto_planning_msgs/include/autoware_auto_planning_msgs/autoware_auto_planning_msgs/msg/route.hpp
[1.311s] -- Up-to-date symlink: /home/zyme/ros_ws/Autoware_sim_test/install/autoware_auto_planning_msgs/include/autoware_auto_planning_msgs/autoware_auto_planning_msgs/msg/trajectory.hpp
[1.311s] -- Up-to-date symlink: /home/zyme/ros_ws/Autoware_sim_test/install/autoware_auto_planning_msgs/include/autoware_auto_planning_msgs/autoware_auto_planning_msgs/msg/trajectory_point.hpp
[1.311s] -- Up-to-date symlink: /home/zyme/ros_ws/Autoware_sim_test/install/autoware_auto_planning_msgs/include/autoware_auto_planning_msgs/autoware_auto_planning_msgs/srv/detail/modify_trajectory__builder.hpp
[1.311s] -- Up-to-date symlink: /home/zyme/ros_ws/Autoware_sim_test/install/autoware_auto_planning_msgs/include/autoware_auto_planning_msgs/autoware_auto_planning_msgs/srv/detail/modify_trajectory__struct.hpp
[1.311s] -- Up-to-date symlink: /home/zyme/ros_ws/Autoware_sim_test/install/autoware_auto_planning_msgs/include/autoware_auto_planning_msgs/autoware_auto_planning_msgs/srv/detail/modify_trajectory__traits.hpp
[1.311s] -- Up-to-date symlink: /home/zyme/ros_ws/Autoware_sim_test/install/autoware_auto_planning_msgs/include/autoware_auto_planning_msgs/autoware_auto_planning_msgs/srv/modify_trajectory.hpp
[1.313s] -- Up-to-date symlink: /home/zyme/ros_ws/Autoware_sim_test/install/autoware_auto_planning_msgs/include/autoware_auto_planning_msgs/autoware_auto_planning_msgs/action/detail/plan_trajectory__rosidl_typesupport_fastrtps_cpp.hpp
[1.313s] -- Up-to-date symlink: /home/zyme/ros_ws/Autoware_sim_test/install/autoware_auto_planning_msgs/include/autoware_auto_planning_msgs/autoware_auto_planning_msgs/action/detail/planner_costmap__rosidl_typesupport_fastrtps_cpp.hpp
[1.313s] -- Up-to-date symlink: /home/zyme/ros_ws/Autoware_sim_test/install/autoware_auto_planning_msgs/include/autoware_auto_planning_msgs/autoware_auto_planning_msgs/action/detail/record_trajectory__rosidl_typesupport_fastrtps_cpp.hpp
[1.313s] -- Up-to-date symlink: /home/zyme/ros_ws/Autoware_sim_test/install/autoware_auto_planning_msgs/include/autoware_auto_planning_msgs/autoware_auto_planning_msgs/action/detail/replay_trajectory__rosidl_typesupport_fastrtps_cpp.hpp
[1.313s] -- Up-to-date symlink: /home/zyme/ros_ws/Autoware_sim_test/install/autoware_auto_planning_msgs/include/autoware_auto_planning_msgs/autoware_auto_planning_msgs/msg/detail/had_map_route__rosidl_typesupport_fastrtps_cpp.hpp
[1.313s] -- Up-to-date symlink: /home/zyme/ros_ws/Autoware_sim_test/install/autoware_auto_planning_msgs/include/autoware_auto_planning_msgs/autoware_auto_planning_msgs/msg/detail/order_movement__rosidl_typesupport_fastrtps_cpp.hpp
[1.313s] -- Up-to-date symlink: /home/zyme/ros_ws/Autoware_sim_test/install/autoware_auto_planning_msgs/include/autoware_auto_planning_msgs/autoware_auto_planning_msgs/msg/detail/path__rosidl_typesupport_fastrtps_cpp.hpp
[1.314s] -- Up-to-date symlink: /home/zyme/ros_ws/Autoware_sim_test/install/autoware_auto_planning_msgs/include/autoware_auto_planning_msgs/autoware_auto_planning_msgs/msg/detail/path_point__rosidl_typesupport_fastrtps_cpp.hpp
[1.314s] -- Up-to-date symlink: /home/zyme/ros_ws/Autoware_sim_test/install/autoware_auto_planning_msgs/include/autoware_auto_planning_msgs/autoware_auto_planning_msgs/msg/detail/path_point_with_lane_id__rosidl_typesupport_fastrtps_cpp.hpp
[1.314s] -- Up-to-date symlink: /home/zyme/ros_ws/Autoware_sim_test/install/autoware_auto_planning_msgs/include/autoware_auto_planning_msgs/autoware_auto_planning_msgs/msg/detail/path_with_lane_id__rosidl_typesupport_fastrtps_cpp.hpp
[1.314s] -- Up-to-date symlink: /home/zyme/ros_ws/Autoware_sim_test/install/autoware_auto_planning_msgs/include/autoware_auto_planning_msgs/autoware_auto_planning_msgs/msg/detail/route__rosidl_typesupport_fastrtps_cpp.hpp
[1.314s] -- Up-to-date symlink: /home/zyme/ros_ws/Autoware_sim_test/install/autoware_auto_planning_msgs/include/autoware_auto_planning_msgs/autoware_auto_planning_msgs/msg/detail/trajectory__rosidl_typesupport_fastrtps_cpp.hpp
[1.314s] -- Up-to-date symlink: /home/zyme/ros_ws/Autoware_sim_test/install/autoware_auto_planning_msgs/include/autoware_auto_planning_msgs/autoware_auto_planning_msgs/msg/detail/trajectory_point__rosidl_typesupport_fastrtps_cpp.hpp
[1.315s] -- Up-to-date symlink: /home/zyme/ros_ws/Autoware_sim_test/install/autoware_auto_planning_msgs/include/autoware_auto_planning_msgs/autoware_auto_planning_msgs/msg/rosidl_typesupport_fastrtps_cpp__visibility_control.h
[1.315s] -- Up-to-date symlink: /home/zyme/ros_ws/Autoware_sim_test/install/autoware_auto_planning_msgs/include/autoware_auto_planning_msgs/autoware_auto_planning_msgs/srv/detail/modify_trajectory__rosidl_typesupport_fastrtps_cpp.hpp
[1.315s] -- Up-to-date symlink: /home/zyme/ros_ws/Autoware_sim_test/install/autoware_auto_planning_msgs/include/autoware_auto_planning_msgs/autoware_auto_planning_msgs/action/detail/plan_trajectory__rosidl_typesupport_introspection_cpp.hpp
[1.316s] -- Up-to-date symlink: /home/zyme/ros_ws/Autoware_sim_test/install/autoware_auto_planning_msgs/include/autoware_auto_planning_msgs/autoware_auto_planning_msgs/action/detail/planner_costmap__rosidl_typesupport_introspection_cpp.hpp
[1.316s] -- Up-to-date symlink: /home/zyme/ros_ws/Autoware_sim_test/install/autoware_auto_planning_msgs/include/autoware_auto_planning_msgs/autoware_auto_planning_msgs/action/detail/record_trajectory__rosidl_typesupport_introspection_cpp.hpp
[1.316s] -- Up-to-date symlink: /home/zyme/ros_ws/Autoware_sim_test/install/autoware_auto_planning_msgs/include/autoware_auto_planning_msgs/autoware_auto_planning_msgs/action/detail/replay_trajectory__rosidl_typesupport_introspection_cpp.hpp
[1.316s] -- Up-to-date symlink: /home/zyme/ros_ws/Autoware_sim_test/install/autoware_auto_planning_msgs/include/autoware_auto_planning_msgs/autoware_auto_planning_msgs/msg/detail/had_map_route__rosidl_typesupport_introspection_cpp.hpp
[1.317s] -- Up-to-date symlink: /home/zyme/ros_ws/Autoware_sim_test/install/autoware_auto_planning_msgs/include/autoware_auto_planning_msgs/autoware_auto_planning_msgs/msg/detail/order_movement__rosidl_typesupport_introspection_cpp.hpp
[1.317s] -- Up-to-date symlink: /home/zyme/ros_ws/Autoware_sim_test/install/autoware_auto_planning_msgs/include/autoware_auto_planning_msgs/autoware_auto_planning_msgs/msg/detail/path__rosidl_typesupport_introspection_cpp.hpp
[1.317s] -- Up-to-date symlink: /home/zyme/ros_ws/Autoware_sim_test/install/autoware_auto_planning_msgs/include/autoware_auto_planning_msgs/autoware_auto_planning_msgs/msg/detail/path_point__rosidl_typesupport_introspection_cpp.hpp
[1.317s] -- Up-to-date symlink: /home/zyme/ros_ws/Autoware_sim_test/install/autoware_auto_planning_msgs/include/autoware_auto_planning_msgs/autoware_auto_planning_msgs/msg/detail/path_point_with_lane_id__rosidl_typesupport_introspection_cpp.hpp
[1.317s] -- Up-to-date symlink: /home/zyme/ros_ws/Autoware_sim_test/install/autoware_auto_planning_msgs/include/autoware_auto_planning_msgs/autoware_auto_planning_msgs/msg/detail/path_with_lane_id__rosidl_typesupport_introspection_cpp.hpp
[1.317s] -- Up-to-date symlink: /home/zyme/ros_ws/Autoware_sim_test/install/autoware_auto_planning_msgs/include/autoware_auto_planning_msgs/autoware_auto_planning_msgs/msg/detail/route__rosidl_typesupport_introspection_cpp.hpp
[1.318s] -- Up-to-date symlink: /home/zyme/ros_ws/Autoware_sim_test/install/autoware_auto_planning_msgs/include/autoware_auto_planning_msgs/autoware_auto_planning_msgs/msg/detail/trajectory__rosidl_typesupport_introspection_cpp.hpp
[1.318s] -- Up-to-date symlink: /home/zyme/ros_ws/Autoware_sim_test/install/autoware_auto_planning_msgs/include/autoware_auto_planning_msgs/autoware_auto_planning_msgs/msg/detail/trajectory_point__rosidl_typesupport_introspection_cpp.hpp
[1.318s] -- Up-to-date symlink: /home/zyme/ros_ws/Autoware_sim_test/install/autoware_auto_planning_msgs/include/autoware_auto_planning_msgs/autoware_auto_planning_msgs/srv/detail/modify_trajectory__rosidl_typesupport_introspection_cpp.hpp
[1.318s] -- Up-to-date symlink: /home/zyme/ros_ws/Autoware_sim_test/install/autoware_auto_planning_msgs/share/autoware_auto_planning_msgs/environment/pythonpath.sh
[1.318s] -- Up-to-date symlink: /home/zyme/ros_ws/Autoware_sim_test/install/autoware_auto_planning_msgs/share/autoware_auto_planning_msgs/environment/pythonpath.dsv
[1.319s] -- Up-to-date symlink: /home/zyme/ros_ws/Autoware_sim_test/install/autoware_auto_planning_msgs/local/lib/python3.10/dist-packages/autoware_auto_planning_msgs-1.0.0-py3.10.egg-info/PKG-INFO
[1.319s] -- Up-to-date symlink: /home/zyme/ros_ws/Autoware_sim_test/install/autoware_auto_planning_msgs/local/lib/python3.10/dist-packages/autoware_auto_planning_msgs-1.0.0-py3.10.egg-info/SOURCES.txt
[1.319s] -- Up-to-date symlink: /home/zyme/ros_ws/Autoware_sim_test/install/autoware_auto_planning_msgs/local/lib/python3.10/dist-packages/autoware_auto_planning_msgs-1.0.0-py3.10.egg-info/dependency_links.txt
[1.319s] -- Up-to-date symlink: /home/zyme/ros_ws/Autoware_sim_test/install/autoware_auto_planning_msgs/local/lib/python3.10/dist-packages/autoware_auto_planning_msgs-1.0.0-py3.10.egg-info/top_level.txt
[1.321s] -- Up-to-date symlink: /home/zyme/ros_ws/Autoware_sim_test/install/autoware_auto_planning_msgs/local/lib/python3.10/dist-packages/autoware_auto_planning_msgs/__init__.py
[1.321s] -- Up-to-date symlink: /home/zyme/ros_ws/Autoware_sim_test/install/autoware_auto_planning_msgs/local/lib/python3.10/dist-packages/autoware_auto_planning_msgs/_autoware_auto_planning_msgs_s.ep.rosidl_typesupport_c.c
[1.321s] -- Up-to-date symlink: /home/zyme/ros_ws/Autoware_sim_test/install/autoware_auto_planning_msgs/local/lib/python3.10/dist-packages/autoware_auto_planning_msgs/_autoware_auto_planning_msgs_s.ep.rosidl_typesupport_fastrtps_c.c
[1.322s] -- Up-to-date symlink: /home/zyme/ros_ws/Autoware_sim_test/install/autoware_auto_planning_msgs/local/lib/python3.10/dist-packages/autoware_auto_planning_msgs/_autoware_auto_planning_msgs_s.ep.rosidl_typesupport_introspection_c.c
[1.322s] -- Up-to-date symlink: /home/zyme/ros_ws/Autoware_sim_test/install/autoware_auto_planning_msgs/local/lib/python3.10/dist-packages/autoware_auto_planning_msgs/action/__init__.py
[1.322s] -- Up-to-date symlink: /home/zyme/ros_ws/Autoware_sim_test/install/autoware_auto_planning_msgs/local/lib/python3.10/dist-packages/autoware_auto_planning_msgs/action/_plan_trajectory.py
[1.322s] -- Up-to-date symlink: /home/zyme/ros_ws/Autoware_sim_test/install/autoware_auto_planning_msgs/local/lib/python3.10/dist-packages/autoware_auto_planning_msgs/action/_plan_trajectory_s.c
[1.322s] -- Up-to-date symlink: /home/zyme/ros_ws/Autoware_sim_test/install/autoware_auto_planning_msgs/local/lib/python3.10/dist-packages/autoware_auto_planning_msgs/action/_planner_costmap.py
[1.322s] -- Up-to-date symlink: /home/zyme/ros_ws/Autoware_sim_test/install/autoware_auto_planning_msgs/local/lib/python3.10/dist-packages/autoware_auto_planning_msgs/action/_planner_costmap_s.c
[1.323s] -- Up-to-date symlink: /home/zyme/ros_ws/Autoware_sim_test/install/autoware_auto_planning_msgs/local/lib/python3.10/dist-packages/autoware_auto_planning_msgs/action/_record_trajectory.py
[1.323s] -- Up-to-date symlink: /home/zyme/ros_ws/Autoware_sim_test/install/autoware_auto_planning_msgs/local/lib/python3.10/dist-packages/autoware_auto_planning_msgs/action/_record_trajectory_s.c
[1.323s] -- Up-to-date symlink: /home/zyme/ros_ws/Autoware_sim_test/install/autoware_auto_planning_msgs/local/lib/python3.10/dist-packages/autoware_auto_planning_msgs/action/_replay_trajectory.py
[1.323s] -- Up-to-date symlink: /home/zyme/ros_ws/Autoware_sim_test/install/autoware_auto_planning_msgs/local/lib/python3.10/dist-packages/autoware_auto_planning_msgs/action/_replay_trajectory_s.c
[1.323s] -- Up-to-date symlink: /home/zyme/ros_ws/Autoware_sim_test/install/autoware_auto_planning_msgs/local/lib/python3.10/dist-packages/autoware_auto_planning_msgs/autoware_auto_planning_msgs_s__rosidl_typesupport_c.cpython-310-x86_64-linux-gnu.so
[1.323s] -- Up-to-date symlink: /home/zyme/ros_ws/Autoware_sim_test/install/autoware_auto_planning_msgs/local/lib/python3.10/dist-packages/autoware_auto_planning_msgs/autoware_auto_planning_msgs_s__rosidl_typesupport_fastrtps_c.cpython-310-x86_64-linux-gnu.so
[1.324s] -- Up-to-date symlink: /home/zyme/ros_ws/Autoware_sim_test/install/autoware_auto_planning_msgs/local/lib/python3.10/dist-packages/autoware_auto_planning_msgs/autoware_auto_planning_msgs_s__rosidl_typesupport_introspection_c.cpython-310-x86_64-linux-gnu.so
[1.324s] -- Up-to-date symlink: /home/zyme/ros_ws/Autoware_sim_test/install/autoware_auto_planning_msgs/local/lib/python3.10/dist-packages/autoware_auto_planning_msgs/libautoware_auto_planning_msgs__rosidl_generator_py.so
[1.324s] -- Up-to-date symlink: /home/zyme/ros_ws/Autoware_sim_test/install/autoware_auto_planning_msgs/local/lib/python3.10/dist-packages/autoware_auto_planning_msgs/msg/__init__.py
[1.324s] -- Up-to-date symlink: /home/zyme/ros_ws/Autoware_sim_test/install/autoware_auto_planning_msgs/local/lib/python3.10/dist-packages/autoware_auto_planning_msgs/msg/_had_map_route.py
[1.324s] -- Up-to-date symlink: /home/zyme/ros_ws/Autoware_sim_test/install/autoware_auto_planning_msgs/local/lib/python3.10/dist-packages/autoware_auto_planning_msgs/msg/_had_map_route_s.c
[1.325s] -- Up-to-date symlink: /home/zyme/ros_ws/Autoware_sim_test/install/autoware_auto_planning_msgs/local/lib/python3.10/dist-packages/autoware_auto_planning_msgs/msg/_order_movement.py
[1.325s] -- Up-to-date symlink: /home/zyme/ros_ws/Autoware_sim_test/install/autoware_auto_planning_msgs/local/lib/python3.10/dist-packages/autoware_auto_planning_msgs/msg/_order_movement_s.c
[1.325s] -- Up-to-date symlink: /home/zyme/ros_ws/Autoware_sim_test/install/autoware_auto_planning_msgs/local/lib/python3.10/dist-packages/autoware_auto_planning_msgs/msg/_path.py
[1.325s] -- Up-to-date symlink: /home/zyme/ros_ws/Autoware_sim_test/install/autoware_auto_planning_msgs/local/lib/python3.10/dist-packages/autoware_auto_planning_msgs/msg/_path_point.py
[1.326s] -- Up-to-date symlink: /home/zyme/ros_ws/Autoware_sim_test/install/autoware_auto_planning_msgs/local/lib/python3.10/dist-packages/autoware_auto_planning_msgs/msg/_path_point_s.c
[1.326s] -- Up-to-date symlink: /home/zyme/ros_ws/Autoware_sim_test/install/autoware_auto_planning_msgs/local/lib/python3.10/dist-packages/autoware_auto_planning_msgs/msg/_path_point_with_lane_id.py
[1.326s] -- Up-to-date symlink: /home/zyme/ros_ws/Autoware_sim_test/install/autoware_auto_planning_msgs/local/lib/python3.10/dist-packages/autoware_auto_planning_msgs/msg/_path_point_with_lane_id_s.c
[1.326s] -- Up-to-date symlink: /home/zyme/ros_ws/Autoware_sim_test/install/autoware_auto_planning_msgs/local/lib/python3.10/dist-packages/autoware_auto_planning_msgs/msg/_path_s.c
[1.326s] -- Up-to-date symlink: /home/zyme/ros_ws/Autoware_sim_test/install/autoware_auto_planning_msgs/local/lib/python3.10/dist-packages/autoware_auto_planning_msgs/msg/_path_with_lane_id.py
[1.327s] -- Up-to-date symlink: /home/zyme/ros_ws/Autoware_sim_test/install/autoware_auto_planning_msgs/local/lib/python3.10/dist-packages/autoware_auto_planning_msgs/msg/_path_with_lane_id_s.c
[1.327s] -- Up-to-date symlink: /home/zyme/ros_ws/Autoware_sim_test/install/autoware_auto_planning_msgs/local/lib/python3.10/dist-packages/autoware_auto_planning_msgs/msg/_route.py
[1.327s] -- Up-to-date symlink: /home/zyme/ros_ws/Autoware_sim_test/install/autoware_auto_planning_msgs/local/lib/python3.10/dist-packages/autoware_auto_planning_msgs/msg/_route_s.c
[1.327s] -- Up-to-date symlink: /home/zyme/ros_ws/Autoware_sim_test/install/autoware_auto_planning_msgs/local/lib/python3.10/dist-packages/autoware_auto_planning_msgs/msg/_trajectory.py
[1.327s] -- Up-to-date symlink: /home/zyme/ros_ws/Autoware_sim_test/install/autoware_auto_planning_msgs/local/lib/python3.10/dist-packages/autoware_auto_planning_msgs/msg/_trajectory_point.py
[1.327s] -- Up-to-date symlink: /home/zyme/ros_ws/Autoware_sim_test/install/autoware_auto_planning_msgs/local/lib/python3.10/dist-packages/autoware_auto_planning_msgs/msg/_trajectory_point_s.c
[1.328s] -- Up-to-date symlink: /home/zyme/ros_ws/Autoware_sim_test/install/autoware_auto_planning_msgs/local/lib/python3.10/dist-packages/autoware_auto_planning_msgs/msg/_trajectory_s.c
[1.328s] -- Up-to-date symlink: /home/zyme/ros_ws/Autoware_sim_test/install/autoware_auto_planning_msgs/local/lib/python3.10/dist-packages/autoware_auto_planning_msgs/srv/__init__.py
[1.328s] -- Up-to-date symlink: /home/zyme/ros_ws/Autoware_sim_test/install/autoware_auto_planning_msgs/local/lib/python3.10/dist-packages/autoware_auto_planning_msgs/srv/_modify_trajectory.py
[1.328s] -- Up-to-date symlink: /home/zyme/ros_ws/Autoware_sim_test/install/autoware_auto_planning_msgs/local/lib/python3.10/dist-packages/autoware_auto_planning_msgs/srv/_modify_trajectory_s.c
[1.329s] -- Up-to-date symlink: /home/zyme/ros_ws/Autoware_sim_test/install/autoware_auto_planning_msgs/local/lib/python3.10/dist-packages/autoware_auto_planning_msgs/autoware_auto_planning_msgs_s__rosidl_typesupport_fastrtps_c.cpython-310-x86_64-linux-gnu.so
[1.329s] -- Up-to-date symlink: /home/zyme/ros_ws/Autoware_sim_test/install/autoware_auto_planning_msgs/local/lib/python3.10/dist-packages/autoware_auto_planning_msgs/autoware_auto_planning_msgs_s__rosidl_typesupport_introspection_c.cpython-310-x86_64-linux-gnu.so
[1.329s] -- Up-to-date symlink: /home/zyme/ros_ws/Autoware_sim_test/install/autoware_auto_planning_msgs/local/lib/python3.10/dist-packages/autoware_auto_planning_msgs/autoware_auto_planning_msgs_s__rosidl_typesupport_c.cpython-310-x86_64-linux-gnu.so
[1.330s] -- Up-to-date symlink: /home/zyme/ros_ws/Autoware_sim_test/install/autoware_auto_planning_msgs/share/autoware_auto_planning_msgs/action/PlannerCostmap.idl
[1.330s] -- Up-to-date symlink: /home/zyme/ros_ws/Autoware_sim_test/install/autoware_auto_planning_msgs/share/autoware_auto_planning_msgs/action/PlanTrajectory.idl
[1.330s] -- Up-to-date symlink: /home/zyme/ros_ws/Autoware_sim_test/install/autoware_auto_planning_msgs/share/autoware_auto_planning_msgs/action/RecordTrajectory.idl
[1.330s] -- Up-to-date symlink: /home/zyme/ros_ws/Autoware_sim_test/install/autoware_auto_planning_msgs/share/autoware_auto_planning_msgs/action/ReplayTrajectory.idl
[1.331s] -- Up-to-date symlink: /home/zyme/ros_ws/Autoware_sim_test/install/autoware_auto_planning_msgs/share/autoware_auto_planning_msgs/msg/HADMapRoute.idl
[1.331s] -- Up-to-date symlink: /home/zyme/ros_ws/Autoware_sim_test/install/autoware_auto_planning_msgs/share/autoware_auto_planning_msgs/msg/OrderMovement.idl
[1.331s] -- Up-to-date symlink: /home/zyme/ros_ws/Autoware_sim_test/install/autoware_auto_planning_msgs/share/autoware_auto_planning_msgs/msg/Route.idl
[1.331s] -- Up-to-date symlink: /home/zyme/ros_ws/Autoware_sim_test/install/autoware_auto_planning_msgs/share/autoware_auto_planning_msgs/msg/Trajectory.idl
[1.332s] -- Up-to-date symlink: /home/zyme/ros_ws/Autoware_sim_test/install/autoware_auto_planning_msgs/share/autoware_auto_planning_msgs/msg/TrajectoryPoint.idl
[1.332s] -- Up-to-date symlink: /home/zyme/ros_ws/Autoware_sim_test/install/autoware_auto_planning_msgs/share/autoware_auto_planning_msgs/msg/Path.idl
[1.332s] -- Up-to-date symlink: /home/zyme/ros_ws/Autoware_sim_test/install/autoware_auto_planning_msgs/share/autoware_auto_planning_msgs/msg/PathPoint.idl
[1.332s] -- Up-to-date symlink: /home/zyme/ros_ws/Autoware_sim_test/install/autoware_auto_planning_msgs/share/autoware_auto_planning_msgs/msg/PathWithLaneId.idl
[1.333s] -- Up-to-date symlink: /home/zyme/ros_ws/Autoware_sim_test/install/autoware_auto_planning_msgs/share/autoware_auto_planning_msgs/msg/PathPointWithLaneId.idl
[1.333s] -- Up-to-date symlink: /home/zyme/ros_ws/Autoware_sim_test/install/autoware_auto_planning_msgs/share/autoware_auto_planning_msgs/srv/ModifyTrajectory.idl
[1.333s] -- Up-to-date symlink: /home/zyme/ros_ws/Autoware_sim_test/install/autoware_auto_planning_msgs/share/ament_index/resource_index/package_run_dependencies/autoware_auto_planning_msgs
[1.334s] -- Up-to-date symlink: /home/zyme/ros_ws/Autoware_sim_test/install/autoware_auto_planning_msgs/share/ament_index/resource_index/parent_prefix_path/autoware_auto_planning_msgs
[1.334s] -- Up-to-date symlink: /home/zyme/ros_ws/Autoware_sim_test/install/autoware_auto_planning_msgs/share/autoware_auto_planning_msgs/environment/ament_prefix_path.sh
[1.334s] -- Up-to-date symlink: /home/zyme/ros_ws/Autoware_sim_test/install/autoware_auto_planning_msgs/share/autoware_auto_planning_msgs/environment/ament_prefix_path.dsv
[1.334s] -- Up-to-date symlink: /home/zyme/ros_ws/Autoware_sim_test/install/autoware_auto_planning_msgs/share/autoware_auto_planning_msgs/environment/path.sh
[1.334s] -- Up-to-date symlink: /home/zyme/ros_ws/Autoware_sim_test/install/autoware_auto_planning_msgs/share/autoware_auto_planning_msgs/environment/path.dsv
[1.335s] -- Up-to-date symlink: /home/zyme/ros_ws/Autoware_sim_test/install/autoware_auto_planning_msgs/share/autoware_auto_planning_msgs/local_setup.bash
[1.335s] -- Up-to-date symlink: /home/zyme/ros_ws/Autoware_sim_test/install/autoware_auto_planning_msgs/share/autoware_auto_planning_msgs/local_setup.sh
[1.335s] -- Up-to-date symlink: /home/zyme/ros_ws/Autoware_sim_test/install/autoware_auto_planning_msgs/share/autoware_auto_planning_msgs/local_setup.zsh
[1.335s] -- Up-to-date symlink: /home/zyme/ros_ws/Autoware_sim_test/install/autoware_auto_planning_msgs/share/autoware_auto_planning_msgs/local_setup.dsv
[1.335s] -- Symlinking: /home/zyme/ros_ws/Autoware_sim_test/install/autoware_auto_planning_msgs/share/autoware_auto_planning_msgs/package.dsv
[1.345s] -- Up-to-date symlink: /home/zyme/ros_ws/Autoware_sim_test/install/autoware_auto_planning_msgs/share/ament_index/resource_index/packages/autoware_auto_planning_msgs
[1.345s] -- Up-to-date symlink: /home/zyme/ros_ws/Autoware_sim_test/install/autoware_auto_planning_msgs/share/autoware_auto_planning_msgs/cmake/rosidl_cmake-extras.cmake
[1.345s] -- Up-to-date symlink: /home/zyme/ros_ws/Autoware_sim_test/install/autoware_auto_planning_msgs/share/autoware_auto_planning_msgs/cmake/ament_cmake_export_dependencies-extras.cmake
[1.345s] -- Up-to-date symlink: /home/zyme/ros_ws/Autoware_sim_test/install/autoware_auto_planning_msgs/share/autoware_auto_planning_msgs/cmake/ament_cmake_export_include_directories-extras.cmake
[1.345s] -- Up-to-date symlink: /home/zyme/ros_ws/Autoware_sim_test/install/autoware_auto_planning_msgs/share/autoware_auto_planning_msgs/cmake/ament_cmake_export_libraries-extras.cmake
[1.346s] -- Up-to-date symlink: /home/zyme/ros_ws/Autoware_sim_test/install/autoware_auto_planning_msgs/share/autoware_auto_planning_msgs/cmake/ament_cmake_export_targets-extras.cmake
[1.346s] -- Up-to-date symlink: /home/zyme/ros_ws/Autoware_sim_test/install/autoware_auto_planning_msgs/share/autoware_auto_planning_msgs/cmake/rosidl_cmake_export_typesupport_targets-extras.cmake
[1.346s] -- Up-to-date symlink: /home/zyme/ros_ws/Autoware_sim_test/install/autoware_auto_planning_msgs/share/autoware_auto_planning_msgs/cmake/rosidl_cmake_export_typesupport_libraries-extras.cmake
[1.346s] -- Up-to-date symlink: /home/zyme/ros_ws/Autoware_sim_test/install/autoware_auto_planning_msgs/share/autoware_auto_planning_msgs/cmake/autoware_auto_planning_msgsConfig.cmake
[1.346s] -- Up-to-date symlink: /home/zyme/ros_ws/Autoware_sim_test/install/autoware_auto_planning_msgs/share/autoware_auto_planning_msgs/cmake/autoware_auto_planning_msgsConfig-version.cmake
[1.347s] -- Up-to-date symlink: /home/zyme/ros_ws/Autoware_sim_test/install/autoware_auto_planning_msgs/share/autoware_auto_planning_msgs/package.xml
[1.347s] -- Up-to-date: /home/zyme/ros_ws/Autoware_sim_test/install/autoware_auto_planning_msgs/lib/libautoware_auto_planning_msgs__rosidl_generator_c.so
[1.347s] -- Up-to-date: /home/zyme/ros_ws/Autoware_sim_test/install/autoware_auto_planning_msgs/lib/libautoware_auto_planning_msgs__rosidl_typesupport_fastrtps_c.so
[1.348s] -- Up-to-date: /home/zyme/ros_ws/Autoware_sim_test/install/autoware_auto_planning_msgs/lib/libautoware_auto_planning_msgs__rosidl_typesupport_introspection_c.so
[1.348s] -- Up-to-date: /home/zyme/ros_ws/Autoware_sim_test/install/autoware_auto_planning_msgs/lib/libautoware_auto_planning_msgs__rosidl_typesupport_c.so
[1.349s] -- Up-to-date: /home/zyme/ros_ws/Autoware_sim_test/install/autoware_auto_planning_msgs/lib/libautoware_auto_planning_msgs__rosidl_typesupport_fastrtps_cpp.so
[1.349s] -- Up-to-date: /home/zyme/ros_ws/Autoware_sim_test/install/autoware_auto_planning_msgs/lib/libautoware_auto_planning_msgs__rosidl_typesupport_introspection_cpp.so
[1.350s] -- Up-to-date: /home/zyme/ros_ws/Autoware_sim_test/install/autoware_auto_planning_msgs/lib/libautoware_auto_planning_msgs__rosidl_typesupport_cpp.so
[1.379s] Listing '/home/zyme/ros_ws/Autoware_sim_test/install/autoware_auto_planning_msgs/local/lib/python3.10/dist-packages/autoware_auto_planning_msgs'...
[1.379s] Listing '/home/zyme/ros_ws/Autoware_sim_test/install/autoware_auto_planning_msgs/local/lib/python3.10/dist-packages/autoware_auto_planning_msgs/action'...
[1.380s] Listing '/home/zyme/ros_ws/Autoware_sim_test/install/autoware_auto_planning_msgs/local/lib/python3.10/dist-packages/autoware_auto_planning_msgs/msg'...
[1.380s] Listing '/home/zyme/ros_ws/Autoware_sim_test/install/autoware_auto_planning_msgs/local/lib/python3.10/dist-packages/autoware_auto_planning_msgs/srv'...
[1.383s] -- Up-to-date: /home/zyme/ros_ws/Autoware_sim_test/install/autoware_auto_planning_msgs/lib/libautoware_auto_planning_msgs__rosidl_generator_py.so
[1.384s] -- Up-to-date: /home/zyme/ros_ws/Autoware_sim_test/install/autoware_auto_planning_msgs/share/autoware_auto_planning_msgs/cmake/export_autoware_auto_planning_msgs__rosidl_generator_cExport.cmake
[1.384s] -- Up-to-date: /home/zyme/ros_ws/Autoware_sim_test/install/autoware_auto_planning_msgs/share/autoware_auto_planning_msgs/cmake/export_autoware_auto_planning_msgs__rosidl_generator_cExport-release.cmake
[1.384s] -- Up-to-date: /home/zyme/ros_ws/Autoware_sim_test/install/autoware_auto_planning_msgs/share/autoware_auto_planning_msgs/cmake/export_autoware_auto_planning_msgs__rosidl_typesupport_fastrtps_cExport.cmake
[1.384s] -- Up-to-date: /home/zyme/ros_ws/Autoware_sim_test/install/autoware_auto_planning_msgs/share/autoware_auto_planning_msgs/cmake/export_autoware_auto_planning_msgs__rosidl_typesupport_fastrtps_cExport-release.cmake
[1.384s] -- Up-to-date: /home/zyme/ros_ws/Autoware_sim_test/install/autoware_auto_planning_msgs/share/autoware_auto_planning_msgs/cmake/autoware_auto_planning_msgs__rosidl_typesupport_introspection_cExport.cmake
[1.384s] -- Up-to-date: /home/zyme/ros_ws/Autoware_sim_test/install/autoware_auto_planning_msgs/share/autoware_auto_planning_msgs/cmake/autoware_auto_planning_msgs__rosidl_typesupport_introspection_cExport-release.cmake
[1.384s] -- Up-to-date: /home/zyme/ros_ws/Autoware_sim_test/install/autoware_auto_planning_msgs/share/autoware_auto_planning_msgs/cmake/autoware_auto_planning_msgs__rosidl_typesupport_cExport.cmake
[1.384s] -- Up-to-date: /home/zyme/ros_ws/Autoware_sim_test/install/autoware_auto_planning_msgs/share/autoware_auto_planning_msgs/cmake/autoware_auto_planning_msgs__rosidl_typesupport_cExport-release.cmake
[1.384s] -- Up-to-date: /home/zyme/ros_ws/Autoware_sim_test/install/autoware_auto_planning_msgs/share/autoware_auto_planning_msgs/cmake/export_autoware_auto_planning_msgs__rosidl_generator_cppExport.cmake
[1.385s] -- Up-to-date: /home/zyme/ros_ws/Autoware_sim_test/install/autoware_auto_planning_msgs/share/autoware_auto_planning_msgs/cmake/export_autoware_auto_planning_msgs__rosidl_typesupport_fastrtps_cppExport.cmake
[1.385s] -- Up-to-date: /home/zyme/ros_ws/Autoware_sim_test/install/autoware_auto_planning_msgs/share/autoware_auto_planning_msgs/cmake/export_autoware_auto_planning_msgs__rosidl_typesupport_fastrtps_cppExport-release.cmake
[1.385s] -- Up-to-date: /home/zyme/ros_ws/Autoware_sim_test/install/autoware_auto_planning_msgs/share/autoware_auto_planning_msgs/cmake/autoware_auto_planning_msgs__rosidl_typesupport_introspection_cppExport.cmake
[1.385s] -- Up-to-date: /home/zyme/ros_ws/Autoware_sim_test/install/autoware_auto_planning_msgs/share/autoware_auto_planning_msgs/cmake/autoware_auto_planning_msgs__rosidl_typesupport_introspection_cppExport-release.cmake
[1.385s] -- Up-to-date: /home/zyme/ros_ws/Autoware_sim_test/install/autoware_auto_planning_msgs/share/autoware_auto_planning_msgs/cmake/autoware_auto_planning_msgs__rosidl_typesupport_cppExport.cmake
[1.385s] -- Up-to-date: /home/zyme/ros_ws/Autoware_sim_test/install/autoware_auto_planning_msgs/share/autoware_auto_planning_msgs/cmake/autoware_auto_planning_msgs__rosidl_typesupport_cppExport-release.cmake
[1.385s] -- Up-to-date: /home/zyme/ros_ws/Autoware_sim_test/install/autoware_auto_planning_msgs/share/autoware_auto_planning_msgs/cmake/export_autoware_auto_planning_msgs__rosidl_generator_pyExport.cmake
[1.385s] -- Up-to-date: /home/zyme/ros_ws/Autoware_sim_test/install/autoware_auto_planning_msgs/share/autoware_auto_planning_msgs/cmake/export_autoware_auto_planning_msgs__rosidl_generator_pyExport-release.cmake
[1.387s] Invoked command in '/home/zyme/ros_ws/Autoware_sim_test/build/autoware_auto_planning_msgs' returned '0': AMENT_PREFIX_PATH=/home/zyme/ros_ws/Autoware_sim_test/install/autoware_auto_mapping_msgs:/home/zyme/ros_ws/Autoware_sim_test/install/autoware_auto_geometry_msgs:${AMENT_PREFIX_PATH} CMAKE_PREFIX_PATH=/home/zyme/ros_ws/Autoware_sim_test/install/autoware_auto_mapping_msgs:/home/zyme/ros_ws/Autoware_sim_test/install/autoware_auto_geometry_msgs:/opt/ros/humble LD_LIBRARY_PATH=/home/zyme/ros_ws/Autoware_sim_test/install/autoware_auto_mapping_msgs/lib:/home/zyme/ros_ws/Autoware_sim_test/install/autoware_auto_geometry_msgs/lib:${LD_LIBRARY_PATH} PYTHONPATH=/home/zyme/ros_ws/Autoware_sim_test/install/autoware_auto_mapping_msgs/local/lib/python3.10/dist-packages:/home/zyme/ros_ws/Autoware_sim_test/install/autoware_auto_geometry_msgs/local/lib/python3.10/dist-packages:${PYTHONPATH} /usr/bin/cmake --install /home/zyme/ros_ws/Autoware_sim_test/build/autoware_auto_planning_msgs
