-- The C compiler identification is GNU 11.4.0
-- The CXX compiler identification is GNU 11.4.0
-- Detecting C compiler ABI info
-- Detecting C compiler ABI info - done
-- Check for working C compiler: /usr/bin/cc - skipped
-- Detecting C compile features
-- Detecting C compile features - done
-- Detecting CXX compiler ABI info
-- Detecting CXX compiler ABI info - done
-- Check for working CXX compiler: /usr/bin/c++ - skipped
-- Detecting CXX compile features
-- Detecting CXX compile features - done
-- Found autoware_cmake: 0.1.0 (/home/zyme/ros_ws/Autoware_sim_test/install/autoware_cmake/share/autoware_cmake/cmake)
-- Found Python3: /usr/bin/python3 (found version "3.10.12") found components: Interpreter 
-- Override CMake install command with custom implementation using symlinks instead of copying resources
-- Found ament_lint_auto: 0.12.10 (/opt/ros/humble/share/ament_lint_auto/cmake)
-- Found OpenCV: /usr (found version "4.5.4") 
[31mCMake Error at CMakeLists.txt:37 (find_package):
  Could not find a package configuration file provided by "tvm_runtime" with
  any of the following names:

    tvm_runtimeConfig.cmake
    tvm_runtime-config.cmake

  Add the installation prefix of "tvm_runtime" to CMAKE_PREFIX_PATH or set
  "tvm_runtime_DIR" to a directory containing one of the above files.  If
  "tvm_runtime" provides a separate development package or SDK, be sure it
  has been installed.

[0m
-- Configuring incomplete, errors occurred!
See also "/home/zyme/ros_ws/Autoware_sim_test/build/tvm_utility/CMakeFiles/CMakeOutput.log".
