[0.080s] Invoking command in '/home/zyme/ros_ws/Autoware_sim_test/build/planning_evaluator': AMENT_PREFIX_PATH=/home/zyme/ros_ws/Autoware_sim_test/install/motion_utils:/home/zyme/ros_ws/Autoware_sim_test/install/interpolation:/home/zyme/ros_ws/Autoware_sim_test/install/tier4_autoware_utils:/home/zyme/ros_ws/Autoware_sim_test/install/autoware_auto_vehicle_msgs:/home/zyme/ros_ws/Autoware_sim_test/install/autoware_cmake:/home/zyme/ros_ws/Autoware_sim_test/install/autoware_auto_planning_msgs:/home/zyme/ros_ws/Autoware_sim_test/install/autoware_auto_perception_msgs:/home/zyme/ros_ws/Autoware_sim_test/install/tier4_debug_msgs:/home/zyme/ros_ws/Autoware_sim_test/install/autoware_planning_msgs:/home/zyme/ros_ws/Autoware_sim_test/install/autoware_lint_common:/home/zyme/ros_ws/Autoware_sim_test/install/autoware_auto_mapping_msgs:/home/zyme/ros_ws/Autoware_sim_test/install/autoware_auto_geometry_msgs:${AMENT_PREFIX_PATH} CMAKE_PREFIX_PATH=/home/zyme/ros_ws/Autoware_sim_test/install/motion_utils:/home/zyme/ros_ws/Autoware_sim_test/install/interpolation:/home/zyme/ros_ws/Autoware_sim_test/install/tier4_autoware_utils:/home/zyme/ros_ws/Autoware_sim_test/install/autoware_auto_vehicle_msgs:/home/zyme/ros_ws/Autoware_sim_test/install/autoware_cmake:/home/zyme/ros_ws/Autoware_sim_test/install/autoware_auto_planning_msgs:/home/zyme/ros_ws/Autoware_sim_test/install/autoware_auto_perception_msgs:/home/zyme/ros_ws/Autoware_sim_test/install/tier4_debug_msgs:/home/zyme/ros_ws/Autoware_sim_test/install/autoware_planning_msgs:/home/zyme/ros_ws/Autoware_sim_test/install/autoware_lint_common:/home/zyme/ros_ws/Autoware_sim_test/install/autoware_auto_mapping_msgs:/home/zyme/ros_ws/Autoware_sim_test/install/autoware_auto_geometry_msgs:/opt/ros/humble LD_LIBRARY_PATH=/home/zyme/ros_ws/Autoware_sim_test/install/motion_utils/lib:/home/zyme/ros_ws/Autoware_sim_test/install/interpolation/lib:/home/zyme/ros_ws/Autoware_sim_test/install/tier4_autoware_utils/lib:/home/zyme/ros_ws/Autoware_sim_test/install/autoware_auto_vehicle_msgs/lib:/home/zyme/ros_ws/Autoware_sim_test/install/autoware_auto_planning_msgs/lib:/home/zyme/ros_ws/Autoware_sim_test/install/autoware_auto_perception_msgs/lib:/home/zyme/ros_ws/Autoware_sim_test/install/tier4_debug_msgs/lib:/home/zyme/ros_ws/Autoware_sim_test/install/autoware_planning_msgs/lib:/home/zyme/ros_ws/Autoware_sim_test/install/autoware_auto_mapping_msgs/lib:/home/zyme/ros_ws/Autoware_sim_test/install/autoware_auto_geometry_msgs/lib:${LD_LIBRARY_PATH} PYTHONPATH=/home/zyme/ros_ws/Autoware_sim_test/install/autoware_auto_vehicle_msgs/local/lib/python3.10/dist-packages:/home/zyme/ros_ws/Autoware_sim_test/install/autoware_auto_planning_msgs/local/lib/python3.10/dist-packages:/home/zyme/ros_ws/Autoware_sim_test/install/autoware_auto_perception_msgs/local/lib/python3.10/dist-packages:/home/zyme/ros_ws/Autoware_sim_test/install/tier4_debug_msgs/local/lib/python3.10/dist-packages:/home/zyme/ros_ws/Autoware_sim_test/install/autoware_planning_msgs/local/lib/python3.10/dist-packages:/home/zyme/ros_ws/Autoware_sim_test/install/autoware_auto_mapping_msgs/local/lib/python3.10/dist-packages:/home/zyme/ros_ws/Autoware_sim_test/install/autoware_auto_geometry_msgs/local/lib/python3.10/dist-packages:${PYTHONPATH} /usr/bin/cmake /home/zyme/ros_ws/Autoware_sim_test/src/autoware/src/universe/autoware.universe/evaluator/planning_evaluator -DCMAKE_BUILD_TYPE=Release -DCMAKE_CXX_FLAGS=-w -DAMENT_CMAKE_SYMLINK_INSTALL=1 -DCMAKE_INSTALL_PREFIX=/home/zyme/ros_ws/Autoware_sim_test/install/planning_evaluator
[0.136s] -- The C compiler identification is GNU 11.4.0
[0.193s] -- The CXX compiler identification is GNU 11.4.0
[0.201s] -- Detecting C compiler ABI info
[0.275s] -- Detecting C compiler ABI info - done
[0.282s] -- Check for working C compiler: /usr/bin/cc - skipped
[0.282s] -- Detecting C compile features
[0.282s] -- Detecting C compile features - done
[0.285s] -- Detecting CXX compiler ABI info
[0.365s] -- Detecting CXX compiler ABI info - done
[0.376s] -- Check for working CXX compiler: /usr/bin/c++ - skipped
[0.376s] -- Detecting CXX compile features
[0.376s] -- Detecting CXX compile features - done
[0.378s] -- Found autoware_cmake: 0.1.0 (/home/zyme/ros_ws/Autoware_sim_test/install/autoware_cmake/share/autoware_cmake/cmake)
[0.538s] -- Found Python3: /usr/bin/python3 (found version "3.10.12") found components: Interpreter 
[0.596s] -- Override CMake install command with custom implementation using symlinks instead of copying resources
[0.761s] -- Found rosidl_generator_c: 3.1.5 (/opt/ros/humble/share/rosidl_generator_c/cmake)
[0.768s] -- Found rosidl_adapter: 3.1.5 (/opt/ros/humble/share/rosidl_adapter/cmake)
[0.779s] -- Found rosidl_generator_cpp: 3.1.5 (/opt/ros/humble/share/rosidl_generator_cpp/cmake)
[0.794s] -- Using all available rosidl_typesupport_c: rosidl_typesupport_fastrtps_c;rosidl_typesupport_introspection_c
[0.818s] -- Using all available rosidl_typesupport_cpp: rosidl_typesupport_fastrtps_cpp;rosidl_typesupport_introspection_cpp
[2.369s] -- Found rmw_implementation_cmake: 6.1.1 (/opt/ros/humble/share/rmw_implementation_cmake/cmake)
[2.374s] -- Found rmw_cyclonedds_cpp: 1.3.4 (/opt/ros/humble/share/rmw_cyclonedds_cpp/cmake)
[2.412s] -- Using RMW implementation 'rmw_cyclonedds_cpp' as default
[2.425s] -- Looking for pthread.h
[2.498s] -- Looking for pthread.h - found
[2.498s] -- Performing Test CMAKE_HAVE_LIBC_PTHREAD
[2.574s] -- Performing Test CMAKE_HAVE_LIBC_PTHREAD - Success
[2.575s] -- Found Threads: TRUE  
[3.089s] -- Found eigen3_cmake_module: 0.1.1 (/opt/ros/humble/share/eigen3_cmake_module/cmake)
[3.090s] -- Found Eigen3: TRUE (found version "3.4.0") 
[3.091s] -- Ensuring Eigen3 include directory is part of orocos-kdl CMake target
[3.416s] -- Checking for module 'eigen3'
[3.430s] --   Found eigen3, version 3.4.0
[3.463s] -- Found Eigen: /usr/include/eigen3 (Required is at least version "3.1") 
[3.463s] -- Eigen found (include: /usr/include/eigen3, version: 3.4.0)
[3.513s] -- Checking for module 'flann'
[3.528s] --   Found flann, version 1.9.1
[3.576s] -- Found FLANN: /usr/lib/x86_64-linux-gnu/libflann_cpp.so  
[3.576s] -- FLANN found (include: /usr/include, lib: /usr/lib/x86_64-linux-gnu/libflann_cpp.so)
[4.623s] -- Checking for module 'libusb-1.0'
[4.640s] --   Found libusb-1.0, version 1.0.25
[4.687s] -- Found libusb: /usr/lib/x86_64-linux-gnu/libusb-1.0.so  
[4.689s] -- OpenNI found (version: 1.5.4.0, include: /usr/include/ni, lib: /usr/lib/libOpenNI.so;libusb::libusb)
[4.791s] -- OpenNI2 found (version: 2.2.0.33, include: /usr/include/openni2, lib: /usr/lib/x86_64-linux-gnu/libOpenNI2.so;libusb::libusb)
[4.952s] -- Eigen found (include: /usr/include/eigen3, version: 3.4.0)
[4.958s] -- OpenNI found (version: 1.5.4.0, include: /usr/include/ni, lib: /usr/lib/libOpenNI.so;libusb::libusb)
[4.964s] -- OpenNI2 found (version: 2.2.0.33, include: /usr/include/openni2, lib: /usr/lib/x86_64-linux-gnu/libOpenNI2.so;libusb::libusb)
[5.104s] -- Found Qhull version 8.0.2
[5.246s] -- OpenNI found (version: 1.5.4.0, include: /usr/include/ni, lib: /usr/lib/libOpenNI.so;libusb::libusb)
[5.384s] -- Found PCL_COMMON: /usr/lib/x86_64-linux-gnu/libpcl_common.so  
[5.384s] -- Found PCL_KDTREE: /usr/lib/x86_64-linux-gnu/libpcl_kdtree.so  
[5.385s] -- Found PCL_OCTREE: /usr/lib/x86_64-linux-gnu/libpcl_octree.so  
[5.386s] -- Found PCL_SEARCH: /usr/lib/x86_64-linux-gnu/libpcl_search.so  
[5.387s] -- Found PCL_SAMPLE_CONSENSUS: /usr/lib/x86_64-linux-gnu/libpcl_sample_consensus.so  
[5.388s] -- Found PCL_FILTERS: /usr/lib/x86_64-linux-gnu/libpcl_filters.so  
[5.388s] -- Found PCL_2D: /usr/include/pcl-1.12  
[5.388s] -- Found PCL_GEOMETRY: /usr/include/pcl-1.12  
[5.389s] -- Found PCL_IO: /usr/lib/x86_64-linux-gnu/libpcl_io.so  
[5.390s] -- Found PCL_FEATURES: /usr/lib/x86_64-linux-gnu/libpcl_features.so  
[5.391s] -- Found PCL_ML: /usr/lib/x86_64-linux-gnu/libpcl_ml.so  
[5.392s] -- Found PCL_SEGMENTATION: /usr/lib/x86_64-linux-gnu/libpcl_segmentation.so  
[5.393s] -- Found PCL_VISUALIZATION: /usr/lib/x86_64-linux-gnu/libpcl_visualization.so  
[5.394s] -- Found PCL_SURFACE: /usr/lib/x86_64-linux-gnu/libpcl_surface.so  
[5.394s] -- Found PCL_REGISTRATION: /usr/lib/x86_64-linux-gnu/libpcl_registration.so  
[5.395s] -- Found PCL_KEYPOINTS: /usr/lib/x86_64-linux-gnu/libpcl_keypoints.so  
[5.396s] -- Found PCL_TRACKING: /usr/lib/x86_64-linux-gnu/libpcl_tracking.so  
[5.397s] -- Found PCL_RECOGNITION: /usr/lib/x86_64-linux-gnu/libpcl_recognition.so  
[5.398s] -- Found PCL_STEREO: /usr/lib/x86_64-linux-gnu/libpcl_stereo.so  
[5.399s] -- Found PCL_APPS: /usr/lib/x86_64-linux-gnu/libpcl_apps.so  
[5.399s] -- Found PCL_IN_HAND_SCANNER: /usr/include/pcl-1.12  
[5.400s] -- Found PCL_MODELER: /usr/include/pcl-1.12  
[5.400s] -- Found PCL_POINT_CLOUD_EDITOR: /usr/include/pcl-1.12  
[5.401s] -- Found PCL_OUTOFCORE: /usr/lib/x86_64-linux-gnu/libpcl_outofcore.so  
[5.402s] -- Found PCL_PEOPLE: /usr/lib/x86_64-linux-gnu/libpcl_people.so  
[8.910s] -- Found ament_lint_auto: 0.12.10 (/opt/ros/humble/share/ament_lint_auto/cmake)
[14.000s] -- Found gtest sources under '/opt/ros/humble/src/gtest_vendor': C++ tests using 'Google Test' will be built
[14.013s] -- Added test 'copyright' to check source files copyright and LICENSE
[14.017s] -- Added test 'cppcheck' to perform static code analysis on C / C++ code
[14.017s] -- Configured cppcheck include dirs: /home/zyme/ros_ws/Autoware_sim_test/src/autoware/src/universe/autoware.universe/evaluator/planning_evaluator/include
[14.018s] -- Configured cppcheck exclude dirs and/or files: 
[14.019s] -- Added test 'lint_cmake' to check CMake code style
[14.020s] -- Added test 'xmllint' to check XML markup files
[14.024s] -- Configuring done
[14.189s] -- Generating done
[14.193s] -- Build files have been written to: /home/zyme/ros_ws/Autoware_sim_test/build/planning_evaluator
[14.212s] Invoked command in '/home/zyme/ros_ws/Autoware_sim_test/build/planning_evaluator' returned '0': AMENT_PREFIX_PATH=/home/zyme/ros_ws/Autoware_sim_test/install/motion_utils:/home/zyme/ros_ws/Autoware_sim_test/install/interpolation:/home/zyme/ros_ws/Autoware_sim_test/install/tier4_autoware_utils:/home/zyme/ros_ws/Autoware_sim_test/install/autoware_auto_vehicle_msgs:/home/zyme/ros_ws/Autoware_sim_test/install/autoware_cmake:/home/zyme/ros_ws/Autoware_sim_test/install/autoware_auto_planning_msgs:/home/zyme/ros_ws/Autoware_sim_test/install/autoware_auto_perception_msgs:/home/zyme/ros_ws/Autoware_sim_test/install/tier4_debug_msgs:/home/zyme/ros_ws/Autoware_sim_test/install/autoware_planning_msgs:/home/zyme/ros_ws/Autoware_sim_test/install/autoware_lint_common:/home/zyme/ros_ws/Autoware_sim_test/install/autoware_auto_mapping_msgs:/home/zyme/ros_ws/Autoware_sim_test/install/autoware_auto_geometry_msgs:${AMENT_PREFIX_PATH} CMAKE_PREFIX_PATH=/home/zyme/ros_ws/Autoware_sim_test/install/motion_utils:/home/zyme/ros_ws/Autoware_sim_test/install/interpolation:/home/zyme/ros_ws/Autoware_sim_test/install/tier4_autoware_utils:/home/zyme/ros_ws/Autoware_sim_test/install/autoware_auto_vehicle_msgs:/home/zyme/ros_ws/Autoware_sim_test/install/autoware_cmake:/home/zyme/ros_ws/Autoware_sim_test/install/autoware_auto_planning_msgs:/home/zyme/ros_ws/Autoware_sim_test/install/autoware_auto_perception_msgs:/home/zyme/ros_ws/Autoware_sim_test/install/tier4_debug_msgs:/home/zyme/ros_ws/Autoware_sim_test/install/autoware_planning_msgs:/home/zyme/ros_ws/Autoware_sim_test/install/autoware_lint_common:/home/zyme/ros_ws/Autoware_sim_test/install/autoware_auto_mapping_msgs:/home/zyme/ros_ws/Autoware_sim_test/install/autoware_auto_geometry_msgs:/opt/ros/humble LD_LIBRARY_PATH=/home/zyme/ros_ws/Autoware_sim_test/install/motion_utils/lib:/home/zyme/ros_ws/Autoware_sim_test/install/interpolation/lib:/home/zyme/ros_ws/Autoware_sim_test/install/tier4_autoware_utils/lib:/home/zyme/ros_ws/Autoware_sim_test/install/autoware_auto_vehicle_msgs/lib:/home/zyme/ros_ws/Autoware_sim_test/install/autoware_auto_planning_msgs/lib:/home/zyme/ros_ws/Autoware_sim_test/install/autoware_auto_perception_msgs/lib:/home/zyme/ros_ws/Autoware_sim_test/install/tier4_debug_msgs/lib:/home/zyme/ros_ws/Autoware_sim_test/install/autoware_planning_msgs/lib:/home/zyme/ros_ws/Autoware_sim_test/install/autoware_auto_mapping_msgs/lib:/home/zyme/ros_ws/Autoware_sim_test/install/autoware_auto_geometry_msgs/lib:${LD_LIBRARY_PATH} PYTHONPATH=/home/zyme/ros_ws/Autoware_sim_test/install/autoware_auto_vehicle_msgs/local/lib/python3.10/dist-packages:/home/zyme/ros_ws/Autoware_sim_test/install/autoware_auto_planning_msgs/local/lib/python3.10/dist-packages:/home/zyme/ros_ws/Autoware_sim_test/install/autoware_auto_perception_msgs/local/lib/python3.10/dist-packages:/home/zyme/ros_ws/Autoware_sim_test/install/tier4_debug_msgs/local/lib/python3.10/dist-packages:/home/zyme/ros_ws/Autoware_sim_test/install/autoware_planning_msgs/local/lib/python3.10/dist-packages:/home/zyme/ros_ws/Autoware_sim_test/install/autoware_auto_mapping_msgs/local/lib/python3.10/dist-packages:/home/zyme/ros_ws/Autoware_sim_test/install/autoware_auto_geometry_msgs/local/lib/python3.10/dist-packages:${PYTHONPATH} /usr/bin/cmake /home/zyme/ros_ws/Autoware_sim_test/src/autoware/src/universe/autoware.universe/evaluator/planning_evaluator -DCMAKE_BUILD_TYPE=Release -DCMAKE_CXX_FLAGS=-w -DAMENT_CMAKE_SYMLINK_INSTALL=1 -DCMAKE_INSTALL_PREFIX=/home/zyme/ros_ws/Autoware_sim_test/install/planning_evaluator
[14.214s] Invoking command in '/home/zyme/ros_ws/Autoware_sim_test/build/planning_evaluator': AMENT_PREFIX_PATH=/home/zyme/ros_ws/Autoware_sim_test/install/motion_utils:/home/zyme/ros_ws/Autoware_sim_test/install/interpolation:/home/zyme/ros_ws/Autoware_sim_test/install/tier4_autoware_utils:/home/zyme/ros_ws/Autoware_sim_test/install/autoware_auto_vehicle_msgs:/home/zyme/ros_ws/Autoware_sim_test/install/autoware_cmake:/home/zyme/ros_ws/Autoware_sim_test/install/autoware_auto_planning_msgs:/home/zyme/ros_ws/Autoware_sim_test/install/autoware_auto_perception_msgs:/home/zyme/ros_ws/Autoware_sim_test/install/tier4_debug_msgs:/home/zyme/ros_ws/Autoware_sim_test/install/autoware_planning_msgs:/home/zyme/ros_ws/Autoware_sim_test/install/autoware_lint_common:/home/zyme/ros_ws/Autoware_sim_test/install/autoware_auto_mapping_msgs:/home/zyme/ros_ws/Autoware_sim_test/install/autoware_auto_geometry_msgs:${AMENT_PREFIX_PATH} CMAKE_PREFIX_PATH=/home/zyme/ros_ws/Autoware_sim_test/install/motion_utils:/home/zyme/ros_ws/Autoware_sim_test/install/interpolation:/home/zyme/ros_ws/Autoware_sim_test/install/tier4_autoware_utils:/home/zyme/ros_ws/Autoware_sim_test/install/autoware_auto_vehicle_msgs:/home/zyme/ros_ws/Autoware_sim_test/install/autoware_cmake:/home/zyme/ros_ws/Autoware_sim_test/install/autoware_auto_planning_msgs:/home/zyme/ros_ws/Autoware_sim_test/install/autoware_auto_perception_msgs:/home/zyme/ros_ws/Autoware_sim_test/install/tier4_debug_msgs:/home/zyme/ros_ws/Autoware_sim_test/install/autoware_planning_msgs:/home/zyme/ros_ws/Autoware_sim_test/install/autoware_lint_common:/home/zyme/ros_ws/Autoware_sim_test/install/autoware_auto_mapping_msgs:/home/zyme/ros_ws/Autoware_sim_test/install/autoware_auto_geometry_msgs:/opt/ros/humble LD_LIBRARY_PATH=/home/zyme/ros_ws/Autoware_sim_test/install/motion_utils/lib:/home/zyme/ros_ws/Autoware_sim_test/install/interpolation/lib:/home/zyme/ros_ws/Autoware_sim_test/install/tier4_autoware_utils/lib:/home/zyme/ros_ws/Autoware_sim_test/install/autoware_auto_vehicle_msgs/lib:/home/zyme/ros_ws/Autoware_sim_test/install/autoware_auto_planning_msgs/lib:/home/zyme/ros_ws/Autoware_sim_test/install/autoware_auto_perception_msgs/lib:/home/zyme/ros_ws/Autoware_sim_test/install/tier4_debug_msgs/lib:/home/zyme/ros_ws/Autoware_sim_test/install/autoware_planning_msgs/lib:/home/zyme/ros_ws/Autoware_sim_test/install/autoware_auto_mapping_msgs/lib:/home/zyme/ros_ws/Autoware_sim_test/install/autoware_auto_geometry_msgs/lib:${LD_LIBRARY_PATH} PYTHONPATH=/home/zyme/ros_ws/Autoware_sim_test/install/autoware_auto_vehicle_msgs/local/lib/python3.10/dist-packages:/home/zyme/ros_ws/Autoware_sim_test/install/autoware_auto_planning_msgs/local/lib/python3.10/dist-packages:/home/zyme/ros_ws/Autoware_sim_test/install/autoware_auto_perception_msgs/local/lib/python3.10/dist-packages:/home/zyme/ros_ws/Autoware_sim_test/install/tier4_debug_msgs/local/lib/python3.10/dist-packages:/home/zyme/ros_ws/Autoware_sim_test/install/autoware_planning_msgs/local/lib/python3.10/dist-packages:/home/zyme/ros_ws/Autoware_sim_test/install/autoware_auto_mapping_msgs/local/lib/python3.10/dist-packages:/home/zyme/ros_ws/Autoware_sim_test/install/autoware_auto_geometry_msgs/local/lib/python3.10/dist-packages:${PYTHONPATH} /usr/bin/cmake --build /home/zyme/ros_ws/Autoware_sim_test/build/planning_evaluator -- -j12 -l12
[14.283s] [  5%] [32mBuilding CXX object CMakeFiles/planning_evaluator.dir/rclcpp_components/node_main_planning_evaluator.cpp.o[0m
[14.284s] [ 21%] [32mBuilding CXX object CMakeFiles/motion_evaluator.dir/rclcpp_components/node_main_motion_evaluator.cpp.o[0m
[14.284s] [ 21%] [32mBuilding CXX object gtest/CMakeFiles/gtest_main.dir/src/gtest_main.cc.o[0m
[14.284s] [ 15%] [32mBuilding CXX object gtest/CMakeFiles/gtest.dir/src/gtest-all.cc.o[0m
[14.285s] [ 26%] [32mBuilding CXX object CMakeFiles/planning_evaluator_node.dir/src/metrics_calculator.cpp.o[0m
[14.285s] [ 31%] [32mBuilding CXX object CMakeFiles/planning_evaluator_node.dir/src/planning_evaluator_node.cpp.o[0m
[14.285s] [ 36%] [32mBuilding CXX object CMakeFiles/planning_evaluator_node.dir/src/motion_evaluator_node.cpp.o[0m
[14.285s] [ 42%] [32mBuilding CXX object CMakeFiles/planning_evaluator_node.dir/src/metrics/deviation_metrics.cpp.o[0m
[14.286s] [ 47%] [32mBuilding CXX object CMakeFiles/planning_evaluator_node.dir/src/metrics/obstacle_metrics.cpp.o[0m
[14.286s] [ 52%] [32mBuilding CXX object CMakeFiles/planning_evaluator_node.dir/src/metrics/stability_metrics.cpp.o[0m
[14.288s] [ 57%] [32mBuilding CXX object CMakeFiles/planning_evaluator_node.dir/src/metrics/trajectory_metrics.cpp.o[0m
[14.288s] [ 63%] [32mBuilding CXX object CMakeFiles/planning_evaluator_node.dir/src/metrics/metrics_utils.cpp.o[0m
[16.733s] [ 68%] [32m[1mLinking CXX static library libgtest_main.a[0m
[16.809s] [ 68%] Built target gtest_main
[22.221s] [ 73%] [32m[1mLinking CXX executable planning_evaluator[0m
[22.462s] [ 78%] [32m[1mLinking CXX executable motion_evaluator[0m
[22.511s] [ 78%] Built target planning_evaluator
[22.750s] [ 78%] Built target motion_evaluator
[27.650s] [ 84%] [32m[1mLinking CXX static library libgtest.a[0m
[27.696s] [ 84%] Built target gtest
[43.228s] [ 89%] [32m[1mLinking CXX shared library libplanning_evaluator_node.so[0m
[43.791s] [ 89%] Built target planning_evaluator_node
[43.814s] [ 94%] [32mBuilding CXX object CMakeFiles/test_planning_evaluator.dir/test/test_planning_evaluator_node.cpp.o[0m
[58.750s] [100%] [32m[1mLinking CXX executable test_planning_evaluator[0m
[59.266s] [100%] Built target test_planning_evaluator
[59.278s] Invoked command in '/home/zyme/ros_ws/Autoware_sim_test/build/planning_evaluator' returned '0': AMENT_PREFIX_PATH=/home/zyme/ros_ws/Autoware_sim_test/install/motion_utils:/home/zyme/ros_ws/Autoware_sim_test/install/interpolation:/home/zyme/ros_ws/Autoware_sim_test/install/tier4_autoware_utils:/home/zyme/ros_ws/Autoware_sim_test/install/autoware_auto_vehicle_msgs:/home/zyme/ros_ws/Autoware_sim_test/install/autoware_cmake:/home/zyme/ros_ws/Autoware_sim_test/install/autoware_auto_planning_msgs:/home/zyme/ros_ws/Autoware_sim_test/install/autoware_auto_perception_msgs:/home/zyme/ros_ws/Autoware_sim_test/install/tier4_debug_msgs:/home/zyme/ros_ws/Autoware_sim_test/install/autoware_planning_msgs:/home/zyme/ros_ws/Autoware_sim_test/install/autoware_lint_common:/home/zyme/ros_ws/Autoware_sim_test/install/autoware_auto_mapping_msgs:/home/zyme/ros_ws/Autoware_sim_test/install/autoware_auto_geometry_msgs:${AMENT_PREFIX_PATH} CMAKE_PREFIX_PATH=/home/zyme/ros_ws/Autoware_sim_test/install/motion_utils:/home/zyme/ros_ws/Autoware_sim_test/install/interpolation:/home/zyme/ros_ws/Autoware_sim_test/install/tier4_autoware_utils:/home/zyme/ros_ws/Autoware_sim_test/install/autoware_auto_vehicle_msgs:/home/zyme/ros_ws/Autoware_sim_test/install/autoware_cmake:/home/zyme/ros_ws/Autoware_sim_test/install/autoware_auto_planning_msgs:/home/zyme/ros_ws/Autoware_sim_test/install/autoware_auto_perception_msgs:/home/zyme/ros_ws/Autoware_sim_test/install/tier4_debug_msgs:/home/zyme/ros_ws/Autoware_sim_test/install/autoware_planning_msgs:/home/zyme/ros_ws/Autoware_sim_test/install/autoware_lint_common:/home/zyme/ros_ws/Autoware_sim_test/install/autoware_auto_mapping_msgs:/home/zyme/ros_ws/Autoware_sim_test/install/autoware_auto_geometry_msgs:/opt/ros/humble LD_LIBRARY_PATH=/home/zyme/ros_ws/Autoware_sim_test/install/motion_utils/lib:/home/zyme/ros_ws/Autoware_sim_test/install/interpolation/lib:/home/zyme/ros_ws/Autoware_sim_test/install/tier4_autoware_utils/lib:/home/zyme/ros_ws/Autoware_sim_test/install/autoware_auto_vehicle_msgs/lib:/home/zyme/ros_ws/Autoware_sim_test/install/autoware_auto_planning_msgs/lib:/home/zyme/ros_ws/Autoware_sim_test/install/autoware_auto_perception_msgs/lib:/home/zyme/ros_ws/Autoware_sim_test/install/tier4_debug_msgs/lib:/home/zyme/ros_ws/Autoware_sim_test/install/autoware_planning_msgs/lib:/home/zyme/ros_ws/Autoware_sim_test/install/autoware_auto_mapping_msgs/lib:/home/zyme/ros_ws/Autoware_sim_test/install/autoware_auto_geometry_msgs/lib:${LD_LIBRARY_PATH} PYTHONPATH=/home/zyme/ros_ws/Autoware_sim_test/install/autoware_auto_vehicle_msgs/local/lib/python3.10/dist-packages:/home/zyme/ros_ws/Autoware_sim_test/install/autoware_auto_planning_msgs/local/lib/python3.10/dist-packages:/home/zyme/ros_ws/Autoware_sim_test/install/autoware_auto_perception_msgs/local/lib/python3.10/dist-packages:/home/zyme/ros_ws/Autoware_sim_test/install/tier4_debug_msgs/local/lib/python3.10/dist-packages:/home/zyme/ros_ws/Autoware_sim_test/install/autoware_planning_msgs/local/lib/python3.10/dist-packages:/home/zyme/ros_ws/Autoware_sim_test/install/autoware_auto_mapping_msgs/local/lib/python3.10/dist-packages:/home/zyme/ros_ws/Autoware_sim_test/install/autoware_auto_geometry_msgs/local/lib/python3.10/dist-packages:${PYTHONPATH} /usr/bin/cmake --build /home/zyme/ros_ws/Autoware_sim_test/build/planning_evaluator -- -j12 -l12
[59.333s] Invoking command in '/home/zyme/ros_ws/Autoware_sim_test/build/planning_evaluator': AMENT_PREFIX_PATH=/home/zyme/ros_ws/Autoware_sim_test/install/motion_utils:/home/zyme/ros_ws/Autoware_sim_test/install/interpolation:/home/zyme/ros_ws/Autoware_sim_test/install/tier4_autoware_utils:/home/zyme/ros_ws/Autoware_sim_test/install/autoware_auto_vehicle_msgs:/home/zyme/ros_ws/Autoware_sim_test/install/autoware_cmake:/home/zyme/ros_ws/Autoware_sim_test/install/autoware_auto_planning_msgs:/home/zyme/ros_ws/Autoware_sim_test/install/autoware_auto_perception_msgs:/home/zyme/ros_ws/Autoware_sim_test/install/tier4_debug_msgs:/home/zyme/ros_ws/Autoware_sim_test/install/autoware_planning_msgs:/home/zyme/ros_ws/Autoware_sim_test/install/autoware_lint_common:/home/zyme/ros_ws/Autoware_sim_test/install/autoware_auto_mapping_msgs:/home/zyme/ros_ws/Autoware_sim_test/install/autoware_auto_geometry_msgs:${AMENT_PREFIX_PATH} CMAKE_PREFIX_PATH=/home/zyme/ros_ws/Autoware_sim_test/install/motion_utils:/home/zyme/ros_ws/Autoware_sim_test/install/interpolation:/home/zyme/ros_ws/Autoware_sim_test/install/tier4_autoware_utils:/home/zyme/ros_ws/Autoware_sim_test/install/autoware_auto_vehicle_msgs:/home/zyme/ros_ws/Autoware_sim_test/install/autoware_cmake:/home/zyme/ros_ws/Autoware_sim_test/install/autoware_auto_planning_msgs:/home/zyme/ros_ws/Autoware_sim_test/install/autoware_auto_perception_msgs:/home/zyme/ros_ws/Autoware_sim_test/install/tier4_debug_msgs:/home/zyme/ros_ws/Autoware_sim_test/install/autoware_planning_msgs:/home/zyme/ros_ws/Autoware_sim_test/install/autoware_lint_common:/home/zyme/ros_ws/Autoware_sim_test/install/autoware_auto_mapping_msgs:/home/zyme/ros_ws/Autoware_sim_test/install/autoware_auto_geometry_msgs:/opt/ros/humble LD_LIBRARY_PATH=/home/zyme/ros_ws/Autoware_sim_test/install/motion_utils/lib:/home/zyme/ros_ws/Autoware_sim_test/install/interpolation/lib:/home/zyme/ros_ws/Autoware_sim_test/install/tier4_autoware_utils/lib:/home/zyme/ros_ws/Autoware_sim_test/install/autoware_auto_vehicle_msgs/lib:/home/zyme/ros_ws/Autoware_sim_test/install/autoware_auto_planning_msgs/lib:/home/zyme/ros_ws/Autoware_sim_test/install/autoware_auto_perception_msgs/lib:/home/zyme/ros_ws/Autoware_sim_test/install/tier4_debug_msgs/lib:/home/zyme/ros_ws/Autoware_sim_test/install/autoware_planning_msgs/lib:/home/zyme/ros_ws/Autoware_sim_test/install/autoware_auto_mapping_msgs/lib:/home/zyme/ros_ws/Autoware_sim_test/install/autoware_auto_geometry_msgs/lib:${LD_LIBRARY_PATH} PYTHONPATH=/home/zyme/ros_ws/Autoware_sim_test/install/autoware_auto_vehicle_msgs/local/lib/python3.10/dist-packages:/home/zyme/ros_ws/Autoware_sim_test/install/autoware_auto_planning_msgs/local/lib/python3.10/dist-packages:/home/zyme/ros_ws/Autoware_sim_test/install/autoware_auto_perception_msgs/local/lib/python3.10/dist-packages:/home/zyme/ros_ws/Autoware_sim_test/install/tier4_debug_msgs/local/lib/python3.10/dist-packages:/home/zyme/ros_ws/Autoware_sim_test/install/autoware_planning_msgs/local/lib/python3.10/dist-packages:/home/zyme/ros_ws/Autoware_sim_test/install/autoware_auto_mapping_msgs/local/lib/python3.10/dist-packages:/home/zyme/ros_ws/Autoware_sim_test/install/autoware_auto_geometry_msgs/local/lib/python3.10/dist-packages:${PYTHONPATH} /usr/bin/cmake --install /home/zyme/ros_ws/Autoware_sim_test/build/planning_evaluator
[59.340s] -- Install configuration: "Release"
[59.340s] -- Execute custom install script
[59.341s] -- Symlinking: /home/zyme/ros_ws/Autoware_sim_test/install/planning_evaluator/lib/planning_evaluator/planning_evaluator
[59.350s] -- Symlinking: /home/zyme/ros_ws/Autoware_sim_test/install/planning_evaluator/lib/planning_evaluator/motion_evaluator
[59.360s] -- Symlinking: /home/zyme/ros_ws/Autoware_sim_test/install/planning_evaluator/include/planning_evaluator/metrics/deviation_metrics.hpp
[59.369s] -- Symlinking: /home/zyme/ros_ws/Autoware_sim_test/install/planning_evaluator/include/planning_evaluator/metrics/metric.hpp
[59.378s] -- Symlinking: /home/zyme/ros_ws/Autoware_sim_test/install/planning_evaluator/include/planning_evaluator/metrics/metrics_utils.hpp
[59.387s] -- Symlinking: /home/zyme/ros_ws/Autoware_sim_test/install/planning_evaluator/include/planning_evaluator/metrics/obstacle_metrics.hpp
[59.396s] -- Symlinking: /home/zyme/ros_ws/Autoware_sim_test/install/planning_evaluator/include/planning_evaluator/metrics/stability_metrics.hpp
[59.405s] -- Symlinking: /home/zyme/ros_ws/Autoware_sim_test/install/planning_evaluator/include/planning_evaluator/metrics/trajectory_metrics.hpp
[59.414s] -- Symlinking: /home/zyme/ros_ws/Autoware_sim_test/install/planning_evaluator/include/planning_evaluator/metrics_calculator.hpp
[59.422s] -- Symlinking: /home/zyme/ros_ws/Autoware_sim_test/install/planning_evaluator/include/planning_evaluator/motion_evaluator_node.hpp
[59.431s] -- Symlinking: /home/zyme/ros_ws/Autoware_sim_test/install/planning_evaluator/include/planning_evaluator/parameters.hpp
[59.440s] -- Symlinking: /home/zyme/ros_ws/Autoware_sim_test/install/planning_evaluator/include/planning_evaluator/planning_evaluator_node.hpp
[59.449s] -- Symlinking: /home/zyme/ros_ws/Autoware_sim_test/install/planning_evaluator/include/planning_evaluator/stat.hpp
[59.458s] -- Symlinking: /home/zyme/ros_ws/Autoware_sim_test/install/planning_evaluator/share/planning_evaluator/environment/library_path.sh
[59.466s] -- Symlinking: /home/zyme/ros_ws/Autoware_sim_test/install/planning_evaluator/share/planning_evaluator/environment/library_path.dsv
[59.475s] -- Symlinking: /home/zyme/ros_ws/Autoware_sim_test/install/planning_evaluator/lib/libplanning_evaluator_node.so
[59.484s] -- Symlinking: /home/zyme/ros_ws/Autoware_sim_test/install/planning_evaluator/share/planning_evaluator/param/planning_evaluator.defaults.yaml
[59.493s] -- Symlinking: /home/zyme/ros_ws/Autoware_sim_test/install/planning_evaluator/share/planning_evaluator/launch/motion_evaluator.launch.xml
[59.502s] -- Symlinking: /home/zyme/ros_ws/Autoware_sim_test/install/planning_evaluator/share/planning_evaluator/launch/planning_evaluator.launch.xml
[59.511s] -- Symlinking: /home/zyme/ros_ws/Autoware_sim_test/install/planning_evaluator/share/ament_index/resource_index/package_run_dependencies/planning_evaluator
[59.520s] -- Symlinking: /home/zyme/ros_ws/Autoware_sim_test/install/planning_evaluator/share/ament_index/resource_index/parent_prefix_path/planning_evaluator
[59.529s] -- Symlinking: /home/zyme/ros_ws/Autoware_sim_test/install/planning_evaluator/share/planning_evaluator/environment/ament_prefix_path.sh
[59.538s] -- Symlinking: /home/zyme/ros_ws/Autoware_sim_test/install/planning_evaluator/share/planning_evaluator/environment/ament_prefix_path.dsv
[59.546s] -- Symlinking: /home/zyme/ros_ws/Autoware_sim_test/install/planning_evaluator/share/planning_evaluator/environment/path.sh
[59.555s] -- Symlinking: /home/zyme/ros_ws/Autoware_sim_test/install/planning_evaluator/share/planning_evaluator/environment/path.dsv
[59.565s] -- Symlinking: /home/zyme/ros_ws/Autoware_sim_test/install/planning_evaluator/share/planning_evaluator/local_setup.bash
[59.573s] -- Symlinking: /home/zyme/ros_ws/Autoware_sim_test/install/planning_evaluator/share/planning_evaluator/local_setup.sh
[59.582s] -- Symlinking: /home/zyme/ros_ws/Autoware_sim_test/install/planning_evaluator/share/planning_evaluator/local_setup.zsh
[59.591s] -- Symlinking: /home/zyme/ros_ws/Autoware_sim_test/install/planning_evaluator/share/planning_evaluator/local_setup.dsv
[59.600s] -- Symlinking: /home/zyme/ros_ws/Autoware_sim_test/install/planning_evaluator/share/planning_evaluator/package.dsv
[59.609s] -- Symlinking: /home/zyme/ros_ws/Autoware_sim_test/install/planning_evaluator/share/ament_index/resource_index/packages/planning_evaluator
[59.617s] -- Symlinking: /home/zyme/ros_ws/Autoware_sim_test/install/planning_evaluator/share/ament_index/resource_index/rclcpp_components/planning_evaluator
[59.626s] -- Symlinking: /home/zyme/ros_ws/Autoware_sim_test/install/planning_evaluator/share/planning_evaluator/cmake/ament_cmake_export_dependencies-extras.cmake
[59.635s] -- Symlinking: /home/zyme/ros_ws/Autoware_sim_test/install/planning_evaluator/share/planning_evaluator/cmake/ament_cmake_export_include_directories-extras.cmake
[59.644s] -- Symlinking: /home/zyme/ros_ws/Autoware_sim_test/install/planning_evaluator/share/planning_evaluator/cmake/ament_cmake_export_libraries-extras.cmake
[59.653s] -- Symlinking: /home/zyme/ros_ws/Autoware_sim_test/install/planning_evaluator/share/planning_evaluator/cmake/planning_evaluatorConfig.cmake
[59.661s] -- Symlinking: /home/zyme/ros_ws/Autoware_sim_test/install/planning_evaluator/share/planning_evaluator/cmake/planning_evaluatorConfig-version.cmake
[59.670s] -- Symlinking: /home/zyme/ros_ws/Autoware_sim_test/install/planning_evaluator/share/planning_evaluator/package.xml
[59.680s] Invoked command in '/home/zyme/ros_ws/Autoware_sim_test/build/planning_evaluator' returned '0': AMENT_PREFIX_PATH=/home/zyme/ros_ws/Autoware_sim_test/install/motion_utils:/home/zyme/ros_ws/Autoware_sim_test/install/interpolation:/home/zyme/ros_ws/Autoware_sim_test/install/tier4_autoware_utils:/home/zyme/ros_ws/Autoware_sim_test/install/autoware_auto_vehicle_msgs:/home/zyme/ros_ws/Autoware_sim_test/install/autoware_cmake:/home/zyme/ros_ws/Autoware_sim_test/install/autoware_auto_planning_msgs:/home/zyme/ros_ws/Autoware_sim_test/install/autoware_auto_perception_msgs:/home/zyme/ros_ws/Autoware_sim_test/install/tier4_debug_msgs:/home/zyme/ros_ws/Autoware_sim_test/install/autoware_planning_msgs:/home/zyme/ros_ws/Autoware_sim_test/install/autoware_lint_common:/home/zyme/ros_ws/Autoware_sim_test/install/autoware_auto_mapping_msgs:/home/zyme/ros_ws/Autoware_sim_test/install/autoware_auto_geometry_msgs:${AMENT_PREFIX_PATH} CMAKE_PREFIX_PATH=/home/zyme/ros_ws/Autoware_sim_test/install/motion_utils:/home/zyme/ros_ws/Autoware_sim_test/install/interpolation:/home/zyme/ros_ws/Autoware_sim_test/install/tier4_autoware_utils:/home/zyme/ros_ws/Autoware_sim_test/install/autoware_auto_vehicle_msgs:/home/zyme/ros_ws/Autoware_sim_test/install/autoware_cmake:/home/zyme/ros_ws/Autoware_sim_test/install/autoware_auto_planning_msgs:/home/zyme/ros_ws/Autoware_sim_test/install/autoware_auto_perception_msgs:/home/zyme/ros_ws/Autoware_sim_test/install/tier4_debug_msgs:/home/zyme/ros_ws/Autoware_sim_test/install/autoware_planning_msgs:/home/zyme/ros_ws/Autoware_sim_test/install/autoware_lint_common:/home/zyme/ros_ws/Autoware_sim_test/install/autoware_auto_mapping_msgs:/home/zyme/ros_ws/Autoware_sim_test/install/autoware_auto_geometry_msgs:/opt/ros/humble LD_LIBRARY_PATH=/home/zyme/ros_ws/Autoware_sim_test/install/motion_utils/lib:/home/zyme/ros_ws/Autoware_sim_test/install/interpolation/lib:/home/zyme/ros_ws/Autoware_sim_test/install/tier4_autoware_utils/lib:/home/zyme/ros_ws/Autoware_sim_test/install/autoware_auto_vehicle_msgs/lib:/home/zyme/ros_ws/Autoware_sim_test/install/autoware_auto_planning_msgs/lib:/home/zyme/ros_ws/Autoware_sim_test/install/autoware_auto_perception_msgs/lib:/home/zyme/ros_ws/Autoware_sim_test/install/tier4_debug_msgs/lib:/home/zyme/ros_ws/Autoware_sim_test/install/autoware_planning_msgs/lib:/home/zyme/ros_ws/Autoware_sim_test/install/autoware_auto_mapping_msgs/lib:/home/zyme/ros_ws/Autoware_sim_test/install/autoware_auto_geometry_msgs/lib:${LD_LIBRARY_PATH} PYTHONPATH=/home/zyme/ros_ws/Autoware_sim_test/install/autoware_auto_vehicle_msgs/local/lib/python3.10/dist-packages:/home/zyme/ros_ws/Autoware_sim_test/install/autoware_auto_planning_msgs/local/lib/python3.10/dist-packages:/home/zyme/ros_ws/Autoware_sim_test/install/autoware_auto_perception_msgs/local/lib/python3.10/dist-packages:/home/zyme/ros_ws/Autoware_sim_test/install/tier4_debug_msgs/local/lib/python3.10/dist-packages:/home/zyme/ros_ws/Autoware_sim_test/install/autoware_planning_msgs/local/lib/python3.10/dist-packages:/home/zyme/ros_ws/Autoware_sim_test/install/autoware_auto_mapping_msgs/local/lib/python3.10/dist-packages:/home/zyme/ros_ws/Autoware_sim_test/install/autoware_auto_geometry_msgs/local/lib/python3.10/dist-packages:${PYTHONPATH} /usr/bin/cmake --install /home/zyme/ros_ws/Autoware_sim_test/build/planning_evaluator
