-- Found autoware_cmake: 0.1.0 (/home/zyme/ros_ws/Autoware_sim_test/install/autoware_cmake/share/autoware_cmake/cmake)
-- Override CMake install command with custom implementation using symlinks instead of copying resources
-- Found rosidl_generator_c: 3.1.5 (/opt/ros/humble/share/rosidl_generator_c/cmake)
-- Found rosidl_adapter: 3.1.5 (/opt/ros/humble/share/rosidl_adapter/cmake)
-- Found rosidl_generator_cpp: 3.1.5 (/opt/ros/humble/share/rosidl_generator_cpp/cmake)
-- Using all available rosidl_typesupport_c: rosidl_typesupport_fastrtps_c;rosidl_typesupport_introspection_c
-- Using all available rosidl_typesupport_cpp: rosidl_typesupport_fastrtps_cpp;rosidl_typesupport_introspection_cpp
-- Found rmw_implementation_cmake: 6.1.1 (/opt/ros/humble/share/rmw_implementation_cmake/cmake)
-- Found rmw_cyclonedds_cpp: 1.3.4 (/opt/ros/humble/share/rmw_cyclonedds_cpp/cmake)
-- Using RMW implementation 'rmw_cyclonedds_cpp' as default
-- Found eigen3_cmake_module: 0.1.1 (/opt/ros/humble/share/eigen3_cmake_module/cmake)
-- Ensuring Eigen3 include directory is part of orocos-kdl CMake target
-- Eigen found (include: /usr/include/eigen3, version: 3.4.0)
-- FLANN found (include: /usr/include, lib: /usr/lib/x86_64-linux-gnu/libflann_cpp.so)
-- OpenNI found (version: 1.5.4.0, include: /usr/include/ni, lib: /usr/lib/libOpenNI.so;libusb::libusb)
-- OpenNI2 found (version: 2.2.0.33, include: /usr/include/openni2, lib: /usr/lib/x86_64-linux-gnu/libOpenNI2.so;libusb::libusb)
-- Eigen found (include: /usr/include/eigen3, version: 3.4.0)
-- OpenNI found (version: 1.5.4.0, include: /usr/include/ni, lib: /usr/lib/libOpenNI.so;libusb::libusb)
-- OpenNI2 found (version: 2.2.0.33, include: /usr/include/openni2, lib: /usr/lib/x86_64-linux-gnu/libOpenNI2.so;libusb::libusb)
-- Found Qhull version 8.0.2
-- OpenNI found (version: 1.5.4.0, include: /usr/include/ni, lib: /usr/lib/libOpenNI.so;libusb::libusb)
-- Found mrt_cmake_modules: 1.0.9 (/opt/ros/humble/share/mrt_cmake_modules/cmake)
-- Found Boost: /usr/lib/x86_64-linux-gnu/cmake/Boost-1.74.0/BoostConfig.cmake (found version "1.74.0") found components: wserialization thread random serialization log_setup prg_exec_monitor wave system chrono filesystem locale timer date_time regex graph program_options unit_test_framework log atomic iostreams 
-- Found ament_lint_auto: 0.12.10 (/opt/ros/humble/share/ament_lint_auto/cmake)
-- Found Boost: /usr/lib/x86_64-linux-gnu/cmake/Boost-1.74.0/BoostConfig.cmake (found version "1.74.0")  
-- Using header-only CGAL
-- Targetting Unix Makefiles
-- Using /usr/bin/c++ compiler.
-- Found Boost: /usr/lib/x86_64-linux-gnu/cmake/Boost-1.74.0/BoostConfig.cmake (found suitable version "1.74.0", minimum required is "1.48")  
-- Boost include dirs: /usr/include
-- Boost libraries:    
-- Using gcc version 4 or later. Adding -frounding-math
-- Added test 'copyright' to check source files copyright and LICENSE
-- Added test 'cppcheck' to perform static code analysis on C / C++ code
-- Configured cppcheck include dirs: /home/zyme/ros_ws/Autoware_sim_test/src/autoware/src/universe/autoware.universe/sensing/pointcloud_preprocessor/include;$<BUILD_INTERFACE:/home/zyme/ros_ws/Autoware_sim_test/src/autoware/src/universe/autoware.universe/sensing/pointcloud_preprocessor/include>
-- Configured cppcheck exclude dirs and/or files: 
-- Added test 'lint_cmake' to check CMake code style
-- Added test 'xmllint' to check XML markup files
-- Configuring done
-- Generating done
-- Build files have been written to: /home/zyme/ros_ws/Autoware_sim_test/build/pointcloud_preprocessor
[  1%] [32mBuilding CXX object CMakeFiles/concatenate_pointclouds_node.dir/rclcpp_components/node_main_concatenate_pointclouds_node.cpp.o[0m
[  6%] [32mBuilding CXX object CMakeFiles/pointcloud_preprocessor_filter_base.dir/src/filter.cpp.o[0m
[  6%] [32mBuilding CXX object CMakeFiles/time_synchronizer_node.dir/rclcpp_components/node_main_time_synchronizer_node.cpp.o[0m
[  6%] [32mBuilding CXX object CMakeFiles/crop_box_filter_node.dir/rclcpp_components/node_main_crop_box_filter_node.cpp.o[0m
[  7%] [32mBuilding CXX object CMakeFiles/faster_voxel_grid_downsample_filter.dir/src/downsample_filter/faster_voxel_grid_downsample_filter.cpp.o[0m
[  9%] [32mBuilding CXX object CMakeFiles/voxel_grid_downsample_filter_node.dir/rclcpp_components/node_main_voxel_grid_downsample_filter_node.cpp.o[0m
[ 10%] [32mBuilding CXX object CMakeFiles/approximate_downsample_filter_node.dir/rclcpp_components/node_main_approximate_downsample_filter_node.cpp.o[0m
[ 12%] [32mBuilding CXX object CMakeFiles/voxel_grid_outlier_filter_node.dir/rclcpp_components/node_main_voxel_grid_outlier_filter_node.cpp.o[0m
[ 14%] [32mBuilding CXX object CMakeFiles/random_downsample_filter_node.dir/rclcpp_components/node_main_random_downsample_filter_node.cpp.o[0m
[ 15%] [32mBuilding CXX object CMakeFiles/radius_search_2d_outlier_filter_node.dir/rclcpp_components/node_main_radius_search_2d_outlier_filter_node.cpp.o[0m
[ 17%] [32mBuilding CXX object CMakeFiles/ring_outlier_filter_node.dir/rclcpp_components/node_main_ring_outlier_filter_node.cpp.o[0m
[ 18%] [32mBuilding CXX object CMakeFiles/concatenate_data_node.dir/rclcpp_components/node_main_concatenate_data_node.cpp.o[0m
[ 23%] [32m[1mLinking CXX executable voxel_grid_outlier_filter_node[0m
[ 23%] [32m[1mLinking CXX executable concatenate_pointclouds_node[0m
[ 23%] [32m[1mLinking CXX executable crop_box_filter_node[0m
[ 26%] [32m[1mLinking CXX executable ring_outlier_filter_node[0m
[ 26%] [32m[1mLinking CXX executable approximate_downsample_filter_node[0m
[ 28%] [32m[1mLinking CXX executable random_downsample_filter_node[0m
[ 29%] [32m[1mLinking CXX executable radius_search_2d_outlier_filter_node[0m
[ 31%] [32m[1mLinking CXX executable concatenate_data_node[0m
[ 31%] Built target ring_outlier_filter_node
[ 31%] Built target concatenate_pointclouds_node
[ 31%] Built target random_downsample_filter_node
[ 32%] [32m[1mLinking CXX executable time_synchronizer_node[0m
[ 32%] Built target voxel_grid_outlier_filter_node
[ 32%] Built target radius_search_2d_outlier_filter_node
[ 32%] Built target approximate_downsample_filter_node
[ 34%] [32m[1mLinking CXX executable voxel_grid_downsample_filter_node[0m
[ 34%] Built target crop_box_filter_node
[ 34%] Built target concatenate_data_node
[ 35%] [32mBuilding CXX object CMakeFiles/dual_return_outlier_filter_node.dir/rclcpp_components/node_main_dual_return_outlier_filter_node.cpp.o[0m
[ 37%] [32mBuilding CXX object CMakeFiles/passthrough_filter_node.dir/rclcpp_components/node_main_passthrough_filter_node.cpp.o[0m
[ 39%] [32mBuilding CXX object CMakeFiles/pointcloud_accumulator_node.dir/rclcpp_components/node_main_pointcloud_accumulator_node.cpp.o[0m
[ 40%] [32mBuilding CXX object CMakeFiles/passthrough_filter_uint16_node.dir/rclcpp_components/node_main_passthrough_filter_uint16_node.cpp.o[0m
[ 42%] [32mBuilding CXX object CMakeFiles/distortion_corrector_node.dir/rclcpp_components/node_main_distortion_corrector_node.cpp.o[0m
[ 43%] [32mBuilding CXX object CMakeFiles/blockage_diag_node.dir/rclcpp_components/node_main_blockage_diag_node.cpp.o[0m
[ 45%] [32mBuilding CXX object CMakeFiles/polygon_remover_node.dir/rclcpp_components/node_main_polygon_remover_node.cpp.o[0m
[ 46%] [32mBuilding CXX object CMakeFiles/vector_map_filter_node.dir/rclcpp_components/node_main_vector_map_filter_node.cpp.o[0m
[ 46%] Built target time_synchronizer_node
[ 46%] Built target voxel_grid_downsample_filter_node
[ 48%] [32mBuilding CXX object CMakeFiles/vector_map_inside_area_filter_node.dir/rclcpp_components/node_main_vector_map_inside_area_filter_node.cpp.o[0m
[ 50%] [32m[1mLinking CXX executable dual_return_outlier_filter_node[0m
[ 51%] [32m[1mLinking CXX executable blockage_diag_node[0m
[ 53%] [32m[1mLinking CXX executable distortion_corrector_node[0m
[ 54%] [32m[1mLinking CXX executable vector_map_filter_node[0m
[ 56%] [32m[1mLinking CXX executable passthrough_filter_node[0m
[ 57%] [32m[1mLinking CXX executable passthrough_filter_uint16_node[0m
[ 59%] [32m[1mLinking CXX executable pointcloud_accumulator_node[0m
[ 60%] [32m[1mLinking CXX executable polygon_remover_node[0m
[ 62%] [32m[1mLinking CXX executable vector_map_inside_area_filter_node[0m
[ 62%] Built target dual_return_outlier_filter_node
[ 62%] Built target blockage_diag_node
[ 62%] Built target distortion_corrector_node
[ 62%] Built target vector_map_filter_node
[ 62%] Built target pointcloud_accumulator_node
[ 62%] Built target passthrough_filter_node
[ 62%] Built target passthrough_filter_uint16_node
[ 62%] Built target vector_map_inside_area_filter_node
[ 62%] Built target polygon_remover_node
[ 64%] [32m[1mLinking CXX shared library libfaster_voxel_grid_downsample_filter.so[0m
[ 64%] Built target faster_voxel_grid_downsample_filter
[ 65%] [32m[1mLinking CXX shared library libpointcloud_preprocessor_filter_base.so[0m
[ 65%] Built target pointcloud_preprocessor_filter_base
[ 67%] [32mBuilding CXX object CMakeFiles/pointcloud_preprocessor_filter.dir/src/utility/utilities.cpp.o[0m
[ 70%] [32mBuilding CXX object CMakeFiles/pointcloud_preprocessor_filter.dir/src/concatenate_data/concatenate_and_time_sync_nodelet.cpp.o[0m
[ 70%] [32mBuilding CXX object CMakeFiles/pointcloud_preprocessor_filter.dir/src/downsample_filter/voxel_grid_downsample_filter_nodelet.cpp.o[0m
[ 71%] [32mBuilding CXX object CMakeFiles/pointcloud_preprocessor_filter.dir/src/time_synchronizer/time_synchronizer_nodelet.cpp.o[0m
[ 73%] [32mBuilding CXX object CMakeFiles/pointcloud_preprocessor_filter.dir/src/crop_box_filter/crop_box_filter_nodelet.cpp.o[0m
[ 76%] [32mBuilding CXX object CMakeFiles/pointcloud_preprocessor_filter.dir/src/downsample_filter/random_downsample_filter_nodelet.cpp.o[0m
[ 76%] [32mBuilding CXX object CMakeFiles/pointcloud_preprocessor_filter.dir/src/downsample_filter/approximate_downsample_filter_nodelet.cpp.o[0m
[ 78%] [32mBuilding CXX object CMakeFiles/pointcloud_preprocessor_filter.dir/src/concatenate_data/concatenate_pointclouds.cpp.o[0m
[ 79%] [32mBuilding CXX object CMakeFiles/pointcloud_preprocessor_filter.dir/src/outlier_filter/ring_outlier_filter_nodelet.cpp.o[0m
[ 81%] [32mBuilding CXX object CMakeFiles/pointcloud_preprocessor_filter.dir/src/outlier_filter/voxel_grid_outlier_filter_nodelet.cpp.o[0m
[ 82%] [32mBuilding CXX object CMakeFiles/pointcloud_preprocessor_filter.dir/src/outlier_filter/radius_search_2d_outlier_filter_nodelet.cpp.o[0m
[ 84%] [32mBuilding CXX object CMakeFiles/pointcloud_preprocessor_filter.dir/src/outlier_filter/dual_return_outlier_filter_nodelet.cpp.o[0m
