[0.059s] Invoking command in '/home/zyme/ros_ws/Autoware_sim_test/build/tier4_control_msgs': AMENT_PREFIX_PATH=/home/zyme/ros_ws/Autoware_sim_test/install/autoware_common_msgs:${AMENT_PREFIX_PATH} CMAKE_PREFIX_PATH=/home/zyme/ros_ws/Autoware_sim_test/install/autoware_common_msgs:/opt/ros/humble LD_LIBRARY_PATH=/home/zyme/ros_ws/Autoware_sim_test/install/autoware_common_msgs/lib:${LD_LIBRARY_PATH} PYTHONPATH=/home/zyme/ros_ws/Autoware_sim_test/install/autoware_common_msgs/local/lib/python3.10/dist-packages:${PYTHONPATH} /usr/bin/cmake --build /home/zyme/ros_ws/Autoware_sim_test/build/tier4_control_msgs -- -j12 -l12
[0.121s] [  1%] Built target tier4_control_msgs__cpp
[0.125s] [ 12%] Built target tier4_control_msgs__rosidl_generator_c
[0.132s] [ 12%] Built target ament_cmake_python_symlink_tier4_control_msgs
[0.167s] [ 24%] Built target tier4_control_msgs__rosidl_typesupport_c
[0.168s] [ 35%] Built target tier4_control_msgs__rosidl_typesupport_cpp
[0.170s] [ 47%] Built target tier4_control_msgs__rosidl_typesupport_introspection_c
[0.176s] [ 64%] Built target tier4_control_msgs__rosidl_typesupport_introspection_cpp
[0.176s] [ 75%] Built target tier4_control_msgs__rosidl_typesupport_fastrtps_cpp
[0.176s] [ 81%] Built target tier4_control_msgs__rosidl_typesupport_fastrtps_c
[0.199s] [ 81%] Built target tier4_control_msgs
[0.221s] [ 82%] Built target tier4_control_msgs__py
[0.248s] [ 93%] Built target tier4_control_msgs__rosidl_generator_py
[0.276s] [100%] Built target tier4_control_msgs__rosidl_typesupport_fastrtps_c__pyext
[0.276s] [100%] Built target tier4_control_msgs__rosidl_typesupport_c__pyext
[0.276s] [100%] Built target tier4_control_msgs__rosidl_typesupport_introspection_c__pyext
[0.425s] running egg_info
[0.425s] writing tier4_control_msgs.egg-info/PKG-INFO
[0.425s] writing dependency_links to tier4_control_msgs.egg-info/dependency_links.txt
[0.426s] writing top-level names to tier4_control_msgs.egg-info/top_level.txt
[0.428s] reading manifest file 'tier4_control_msgs.egg-info/SOURCES.txt'
[0.428s] writing manifest file 'tier4_control_msgs.egg-info/SOURCES.txt'
[0.452s] [100%] Built target ament_cmake_python_build_tier4_control_msgs_egg
[0.465s] Invoked command in '/home/zyme/ros_ws/Autoware_sim_test/build/tier4_control_msgs' returned '0': AMENT_PREFIX_PATH=/home/zyme/ros_ws/Autoware_sim_test/install/autoware_common_msgs:${AMENT_PREFIX_PATH} CMAKE_PREFIX_PATH=/home/zyme/ros_ws/Autoware_sim_test/install/autoware_common_msgs:/opt/ros/humble LD_LIBRARY_PATH=/home/zyme/ros_ws/Autoware_sim_test/install/autoware_common_msgs/lib:${LD_LIBRARY_PATH} PYTHONPATH=/home/zyme/ros_ws/Autoware_sim_test/install/autoware_common_msgs/local/lib/python3.10/dist-packages:${PYTHONPATH} /usr/bin/cmake --build /home/zyme/ros_ws/Autoware_sim_test/build/tier4_control_msgs -- -j12 -l12
[0.659s] Invoking command in '/home/zyme/ros_ws/Autoware_sim_test/build/tier4_control_msgs': AMENT_PREFIX_PATH=/home/zyme/ros_ws/Autoware_sim_test/install/autoware_common_msgs:${AMENT_PREFIX_PATH} CMAKE_PREFIX_PATH=/home/zyme/ros_ws/Autoware_sim_test/install/autoware_common_msgs:/opt/ros/humble LD_LIBRARY_PATH=/home/zyme/ros_ws/Autoware_sim_test/install/autoware_common_msgs/lib:${LD_LIBRARY_PATH} PYTHONPATH=/home/zyme/ros_ws/Autoware_sim_test/install/autoware_common_msgs/local/lib/python3.10/dist-packages:${PYTHONPATH} /usr/bin/cmake --install /home/zyme/ros_ws/Autoware_sim_test/build/tier4_control_msgs
[0.670s] -- Install configuration: "Release"
[0.671s] -- Execute custom install script
[0.672s] -- Up-to-date symlink: /home/zyme/ros_ws/Autoware_sim_test/install/tier4_control_msgs/share/ament_index/resource_index/rosidl_interfaces/tier4_control_msgs
[0.674s] -- Up-to-date symlink: /home/zyme/ros_ws/Autoware_sim_test/install/tier4_control_msgs/include/tier4_control_msgs/tier4_control_msgs/msg/detail/external_command_selector_mode__functions.h
[0.674s] -- Up-to-date symlink: /home/zyme/ros_ws/Autoware_sim_test/install/tier4_control_msgs/include/tier4_control_msgs/tier4_control_msgs/msg/detail/external_command_selector_mode__struct.h
[0.674s] -- Up-to-date symlink: /home/zyme/ros_ws/Autoware_sim_test/install/tier4_control_msgs/include/tier4_control_msgs/tier4_control_msgs/msg/detail/external_command_selector_mode__type_support.h
[0.675s] -- Up-to-date symlink: /home/zyme/ros_ws/Autoware_sim_test/install/tier4_control_msgs/include/tier4_control_msgs/tier4_control_msgs/msg/detail/gate_mode__functions.h
[0.675s] -- Up-to-date symlink: /home/zyme/ros_ws/Autoware_sim_test/install/tier4_control_msgs/include/tier4_control_msgs/tier4_control_msgs/msg/detail/gate_mode__struct.h
[0.675s] -- Up-to-date symlink: /home/zyme/ros_ws/Autoware_sim_test/install/tier4_control_msgs/include/tier4_control_msgs/tier4_control_msgs/msg/detail/gate_mode__type_support.h
[0.675s] -- Up-to-date symlink: /home/zyme/ros_ws/Autoware_sim_test/install/tier4_control_msgs/include/tier4_control_msgs/tier4_control_msgs/msg/detail/is_paused__functions.h
[0.676s] -- Up-to-date symlink: /home/zyme/ros_ws/Autoware_sim_test/install/tier4_control_msgs/include/tier4_control_msgs/tier4_control_msgs/msg/detail/is_paused__struct.h
[0.676s] -- Up-to-date symlink: /home/zyme/ros_ws/Autoware_sim_test/install/tier4_control_msgs/include/tier4_control_msgs/tier4_control_msgs/msg/detail/is_paused__type_support.h
[0.676s] -- Up-to-date symlink: /home/zyme/ros_ws/Autoware_sim_test/install/tier4_control_msgs/include/tier4_control_msgs/tier4_control_msgs/msg/detail/is_start_requested__functions.h
[0.676s] -- Up-to-date symlink: /home/zyme/ros_ws/Autoware_sim_test/install/tier4_control_msgs/include/tier4_control_msgs/tier4_control_msgs/msg/detail/is_start_requested__struct.h
[0.676s] -- Up-to-date symlink: /home/zyme/ros_ws/Autoware_sim_test/install/tier4_control_msgs/include/tier4_control_msgs/tier4_control_msgs/msg/detail/is_start_requested__type_support.h
[0.677s] -- Up-to-date symlink: /home/zyme/ros_ws/Autoware_sim_test/install/tier4_control_msgs/include/tier4_control_msgs/tier4_control_msgs/msg/detail/is_stopped__functions.h
[0.677s] -- Up-to-date symlink: /home/zyme/ros_ws/Autoware_sim_test/install/tier4_control_msgs/include/tier4_control_msgs/tier4_control_msgs/msg/detail/is_stopped__struct.h
[0.677s] -- Up-to-date symlink: /home/zyme/ros_ws/Autoware_sim_test/install/tier4_control_msgs/include/tier4_control_msgs/tier4_control_msgs/msg/detail/is_stopped__type_support.h
[0.677s] -- Up-to-date symlink: /home/zyme/ros_ws/Autoware_sim_test/install/tier4_control_msgs/include/tier4_control_msgs/tier4_control_msgs/msg/external_command_selector_mode.h
[0.677s] -- Up-to-date symlink: /home/zyme/ros_ws/Autoware_sim_test/install/tier4_control_msgs/include/tier4_control_msgs/tier4_control_msgs/msg/gate_mode.h
[0.677s] -- Up-to-date symlink: /home/zyme/ros_ws/Autoware_sim_test/install/tier4_control_msgs/include/tier4_control_msgs/tier4_control_msgs/msg/is_paused.h
[0.678s] -- Up-to-date symlink: /home/zyme/ros_ws/Autoware_sim_test/install/tier4_control_msgs/include/tier4_control_msgs/tier4_control_msgs/msg/is_start_requested.h
[0.678s] -- Up-to-date symlink: /home/zyme/ros_ws/Autoware_sim_test/install/tier4_control_msgs/include/tier4_control_msgs/tier4_control_msgs/msg/is_stopped.h
[0.678s] -- Up-to-date symlink: /home/zyme/ros_ws/Autoware_sim_test/install/tier4_control_msgs/include/tier4_control_msgs/tier4_control_msgs/msg/rosidl_generator_c__visibility_control.h
[0.678s] -- Up-to-date symlink: /home/zyme/ros_ws/Autoware_sim_test/install/tier4_control_msgs/include/tier4_control_msgs/tier4_control_msgs/srv/detail/external_command_select__functions.h
[0.679s] -- Up-to-date symlink: /home/zyme/ros_ws/Autoware_sim_test/install/tier4_control_msgs/include/tier4_control_msgs/tier4_control_msgs/srv/detail/external_command_select__struct.h
[0.679s] -- Up-to-date symlink: /home/zyme/ros_ws/Autoware_sim_test/install/tier4_control_msgs/include/tier4_control_msgs/tier4_control_msgs/srv/detail/external_command_select__type_support.h
[0.679s] -- Up-to-date symlink: /home/zyme/ros_ws/Autoware_sim_test/install/tier4_control_msgs/include/tier4_control_msgs/tier4_control_msgs/srv/detail/set_pause__functions.h
[0.679s] -- Up-to-date symlink: /home/zyme/ros_ws/Autoware_sim_test/install/tier4_control_msgs/include/tier4_control_msgs/tier4_control_msgs/srv/detail/set_pause__struct.h
[0.679s] -- Up-to-date symlink: /home/zyme/ros_ws/Autoware_sim_test/install/tier4_control_msgs/include/tier4_control_msgs/tier4_control_msgs/srv/detail/set_pause__type_support.h
[0.679s] -- Up-to-date symlink: /home/zyme/ros_ws/Autoware_sim_test/install/tier4_control_msgs/include/tier4_control_msgs/tier4_control_msgs/srv/detail/set_stop__functions.h
[0.680s] -- Up-to-date symlink: /home/zyme/ros_ws/Autoware_sim_test/install/tier4_control_msgs/include/tier4_control_msgs/tier4_control_msgs/srv/detail/set_stop__struct.h
[0.680s] -- Up-to-date symlink: /home/zyme/ros_ws/Autoware_sim_test/install/tier4_control_msgs/include/tier4_control_msgs/tier4_control_msgs/srv/detail/set_stop__type_support.h
[0.680s] -- Up-to-date symlink: /home/zyme/ros_ws/Autoware_sim_test/install/tier4_control_msgs/include/tier4_control_msgs/tier4_control_msgs/srv/external_command_select.h
[0.680s] -- Up-to-date symlink: /home/zyme/ros_ws/Autoware_sim_test/install/tier4_control_msgs/include/tier4_control_msgs/tier4_control_msgs/srv/set_pause.h
[0.680s] -- Up-to-date symlink: /home/zyme/ros_ws/Autoware_sim_test/install/tier4_control_msgs/include/tier4_control_msgs/tier4_control_msgs/srv/set_stop.h
[0.681s] -- Up-to-date symlink: /home/zyme/ros_ws/Autoware_sim_test/install/tier4_control_msgs/share/tier4_control_msgs/environment/library_path.sh
[0.681s] -- Up-to-date symlink: /home/zyme/ros_ws/Autoware_sim_test/install/tier4_control_msgs/share/tier4_control_msgs/environment/library_path.dsv
[0.682s] -- Up-to-date symlink: /home/zyme/ros_ws/Autoware_sim_test/install/tier4_control_msgs/include/tier4_control_msgs/tier4_control_msgs/msg/detail/external_command_selector_mode__rosidl_typesupport_fastrtps_c.h
[0.682s] -- Up-to-date symlink: /home/zyme/ros_ws/Autoware_sim_test/install/tier4_control_msgs/include/tier4_control_msgs/tier4_control_msgs/msg/detail/gate_mode__rosidl_typesupport_fastrtps_c.h
[0.682s] -- Up-to-date symlink: /home/zyme/ros_ws/Autoware_sim_test/install/tier4_control_msgs/include/tier4_control_msgs/tier4_control_msgs/msg/detail/is_paused__rosidl_typesupport_fastrtps_c.h
[0.682s] -- Up-to-date symlink: /home/zyme/ros_ws/Autoware_sim_test/install/tier4_control_msgs/include/tier4_control_msgs/tier4_control_msgs/msg/detail/is_start_requested__rosidl_typesupport_fastrtps_c.h
[0.683s] -- Up-to-date symlink: /home/zyme/ros_ws/Autoware_sim_test/install/tier4_control_msgs/include/tier4_control_msgs/tier4_control_msgs/msg/detail/is_stopped__rosidl_typesupport_fastrtps_c.h
[0.683s] -- Up-to-date symlink: /home/zyme/ros_ws/Autoware_sim_test/install/tier4_control_msgs/include/tier4_control_msgs/tier4_control_msgs/msg/rosidl_typesupport_fastrtps_c__visibility_control.h
[0.683s] -- Up-to-date symlink: /home/zyme/ros_ws/Autoware_sim_test/install/tier4_control_msgs/include/tier4_control_msgs/tier4_control_msgs/srv/detail/external_command_select__rosidl_typesupport_fastrtps_c.h
[0.683s] -- Up-to-date symlink: /home/zyme/ros_ws/Autoware_sim_test/install/tier4_control_msgs/include/tier4_control_msgs/tier4_control_msgs/srv/detail/set_pause__rosidl_typesupport_fastrtps_c.h
[0.683s] -- Up-to-date symlink: /home/zyme/ros_ws/Autoware_sim_test/install/tier4_control_msgs/include/tier4_control_msgs/tier4_control_msgs/srv/detail/set_stop__rosidl_typesupport_fastrtps_c.h
[0.684s] -- Up-to-date symlink: /home/zyme/ros_ws/Autoware_sim_test/install/tier4_control_msgs/include/tier4_control_msgs/tier4_control_msgs/msg/detail/external_command_selector_mode__rosidl_typesupport_introspection_c.h
[0.684s] -- Up-to-date symlink: /home/zyme/ros_ws/Autoware_sim_test/install/tier4_control_msgs/include/tier4_control_msgs/tier4_control_msgs/msg/detail/gate_mode__rosidl_typesupport_introspection_c.h
[0.684s] -- Up-to-date symlink: /home/zyme/ros_ws/Autoware_sim_test/install/tier4_control_msgs/include/tier4_control_msgs/tier4_control_msgs/msg/detail/is_paused__rosidl_typesupport_introspection_c.h
[0.684s] -- Up-to-date symlink: /home/zyme/ros_ws/Autoware_sim_test/install/tier4_control_msgs/include/tier4_control_msgs/tier4_control_msgs/msg/detail/is_start_requested__rosidl_typesupport_introspection_c.h
[0.684s] -- Up-to-date symlink: /home/zyme/ros_ws/Autoware_sim_test/install/tier4_control_msgs/include/tier4_control_msgs/tier4_control_msgs/msg/detail/is_stopped__rosidl_typesupport_introspection_c.h
[0.685s] -- Up-to-date symlink: /home/zyme/ros_ws/Autoware_sim_test/install/tier4_control_msgs/include/tier4_control_msgs/tier4_control_msgs/msg/rosidl_typesupport_introspection_c__visibility_control.h
[0.685s] -- Up-to-date symlink: /home/zyme/ros_ws/Autoware_sim_test/install/tier4_control_msgs/include/tier4_control_msgs/tier4_control_msgs/srv/detail/external_command_select__rosidl_typesupport_introspection_c.h
[0.685s] -- Up-to-date symlink: /home/zyme/ros_ws/Autoware_sim_test/install/tier4_control_msgs/include/tier4_control_msgs/tier4_control_msgs/srv/detail/set_pause__rosidl_typesupport_introspection_c.h
[0.685s] -- Up-to-date symlink: /home/zyme/ros_ws/Autoware_sim_test/install/tier4_control_msgs/include/tier4_control_msgs/tier4_control_msgs/srv/detail/set_stop__rosidl_typesupport_introspection_c.h
[0.686s] -- Up-to-date symlink: /home/zyme/ros_ws/Autoware_sim_test/install/tier4_control_msgs/include/tier4_control_msgs/tier4_control_msgs/msg/detail/external_command_selector_mode__builder.hpp
[0.686s] -- Up-to-date symlink: /home/zyme/ros_ws/Autoware_sim_test/install/tier4_control_msgs/include/tier4_control_msgs/tier4_control_msgs/msg/detail/external_command_selector_mode__struct.hpp
[0.687s] -- Up-to-date symlink: /home/zyme/ros_ws/Autoware_sim_test/install/tier4_control_msgs/include/tier4_control_msgs/tier4_control_msgs/msg/detail/external_command_selector_mode__traits.hpp
[0.687s] -- Up-to-date symlink: /home/zyme/ros_ws/Autoware_sim_test/install/tier4_control_msgs/include/tier4_control_msgs/tier4_control_msgs/msg/detail/gate_mode__builder.hpp
[0.687s] -- Up-to-date symlink: /home/zyme/ros_ws/Autoware_sim_test/install/tier4_control_msgs/include/tier4_control_msgs/tier4_control_msgs/msg/detail/gate_mode__struct.hpp
[0.687s] -- Up-to-date symlink: /home/zyme/ros_ws/Autoware_sim_test/install/tier4_control_msgs/include/tier4_control_msgs/tier4_control_msgs/msg/detail/gate_mode__traits.hpp
[0.687s] -- Up-to-date symlink: /home/zyme/ros_ws/Autoware_sim_test/install/tier4_control_msgs/include/tier4_control_msgs/tier4_control_msgs/msg/detail/is_paused__builder.hpp
[0.687s] -- Up-to-date symlink: /home/zyme/ros_ws/Autoware_sim_test/install/tier4_control_msgs/include/tier4_control_msgs/tier4_control_msgs/msg/detail/is_paused__struct.hpp
[0.687s] -- Up-to-date symlink: /home/zyme/ros_ws/Autoware_sim_test/install/tier4_control_msgs/include/tier4_control_msgs/tier4_control_msgs/msg/detail/is_paused__traits.hpp
[0.688s] -- Up-to-date symlink: /home/zyme/ros_ws/Autoware_sim_test/install/tier4_control_msgs/include/tier4_control_msgs/tier4_control_msgs/msg/detail/is_start_requested__builder.hpp
[0.688s] -- Up-to-date symlink: /home/zyme/ros_ws/Autoware_sim_test/install/tier4_control_msgs/include/tier4_control_msgs/tier4_control_msgs/msg/detail/is_start_requested__struct.hpp
[0.688s] -- Up-to-date symlink: /home/zyme/ros_ws/Autoware_sim_test/install/tier4_control_msgs/include/tier4_control_msgs/tier4_control_msgs/msg/detail/is_start_requested__traits.hpp
[0.688s] -- Up-to-date symlink: /home/zyme/ros_ws/Autoware_sim_test/install/tier4_control_msgs/include/tier4_control_msgs/tier4_control_msgs/msg/detail/is_stopped__builder.hpp
[0.689s] -- Up-to-date symlink: /home/zyme/ros_ws/Autoware_sim_test/install/tier4_control_msgs/include/tier4_control_msgs/tier4_control_msgs/msg/detail/is_stopped__struct.hpp
[0.689s] -- Up-to-date symlink: /home/zyme/ros_ws/Autoware_sim_test/install/tier4_control_msgs/include/tier4_control_msgs/tier4_control_msgs/msg/detail/is_stopped__traits.hpp
[0.689s] -- Up-to-date symlink: /home/zyme/ros_ws/Autoware_sim_test/install/tier4_control_msgs/include/tier4_control_msgs/tier4_control_msgs/msg/external_command_selector_mode.hpp
[0.689s] -- Up-to-date symlink: /home/zyme/ros_ws/Autoware_sim_test/install/tier4_control_msgs/include/tier4_control_msgs/tier4_control_msgs/msg/gate_mode.hpp
[0.689s] -- Up-to-date symlink: /home/zyme/ros_ws/Autoware_sim_test/install/tier4_control_msgs/include/tier4_control_msgs/tier4_control_msgs/msg/is_paused.hpp
[0.690s] -- Up-to-date symlink: /home/zyme/ros_ws/Autoware_sim_test/install/tier4_control_msgs/include/tier4_control_msgs/tier4_control_msgs/msg/is_start_requested.hpp
[0.690s] -- Up-to-date symlink: /home/zyme/ros_ws/Autoware_sim_test/install/tier4_control_msgs/include/tier4_control_msgs/tier4_control_msgs/msg/is_stopped.hpp
[0.690s] -- Up-to-date symlink: /home/zyme/ros_ws/Autoware_sim_test/install/tier4_control_msgs/include/tier4_control_msgs/tier4_control_msgs/srv/detail/external_command_select__builder.hpp
[0.690s] -- Up-to-date symlink: /home/zyme/ros_ws/Autoware_sim_test/install/tier4_control_msgs/include/tier4_control_msgs/tier4_control_msgs/srv/detail/external_command_select__struct.hpp
[0.690s] -- Up-to-date symlink: /home/zyme/ros_ws/Autoware_sim_test/install/tier4_control_msgs/include/tier4_control_msgs/tier4_control_msgs/srv/detail/external_command_select__traits.hpp
[0.691s] -- Up-to-date symlink: /home/zyme/ros_ws/Autoware_sim_test/install/tier4_control_msgs/include/tier4_control_msgs/tier4_control_msgs/srv/detail/set_pause__builder.hpp
[0.691s] -- Up-to-date symlink: /home/zyme/ros_ws/Autoware_sim_test/install/tier4_control_msgs/include/tier4_control_msgs/tier4_control_msgs/srv/detail/set_pause__struct.hpp
[0.691s] -- Up-to-date symlink: /home/zyme/ros_ws/Autoware_sim_test/install/tier4_control_msgs/include/tier4_control_msgs/tier4_control_msgs/srv/detail/set_pause__traits.hpp
[0.691s] -- Up-to-date symlink: /home/zyme/ros_ws/Autoware_sim_test/install/tier4_control_msgs/include/tier4_control_msgs/tier4_control_msgs/srv/detail/set_stop__builder.hpp
[0.691s] -- Up-to-date symlink: /home/zyme/ros_ws/Autoware_sim_test/install/tier4_control_msgs/include/tier4_control_msgs/tier4_control_msgs/srv/detail/set_stop__struct.hpp
[0.692s] -- Up-to-date symlink: /home/zyme/ros_ws/Autoware_sim_test/install/tier4_control_msgs/include/tier4_control_msgs/tier4_control_msgs/srv/detail/set_stop__traits.hpp
[0.692s] -- Up-to-date symlink: /home/zyme/ros_ws/Autoware_sim_test/install/tier4_control_msgs/include/tier4_control_msgs/tier4_control_msgs/srv/external_command_select.hpp
[0.692s] -- Up-to-date symlink: /home/zyme/ros_ws/Autoware_sim_test/install/tier4_control_msgs/include/tier4_control_msgs/tier4_control_msgs/srv/set_pause.hpp
[0.692s] -- Up-to-date symlink: /home/zyme/ros_ws/Autoware_sim_test/install/tier4_control_msgs/include/tier4_control_msgs/tier4_control_msgs/srv/set_stop.hpp
[0.694s] -- Up-to-date symlink: /home/zyme/ros_ws/Autoware_sim_test/install/tier4_control_msgs/include/tier4_control_msgs/tier4_control_msgs/msg/detail/external_command_selector_mode__rosidl_typesupport_fastrtps_cpp.hpp
[0.694s] -- Up-to-date symlink: /home/zyme/ros_ws/Autoware_sim_test/install/tier4_control_msgs/include/tier4_control_msgs/tier4_control_msgs/msg/detail/gate_mode__rosidl_typesupport_fastrtps_cpp.hpp
[0.694s] -- Up-to-date symlink: /home/zyme/ros_ws/Autoware_sim_test/install/tier4_control_msgs/include/tier4_control_msgs/tier4_control_msgs/msg/detail/is_paused__rosidl_typesupport_fastrtps_cpp.hpp
[0.694s] -- Up-to-date symlink: /home/zyme/ros_ws/Autoware_sim_test/install/tier4_control_msgs/include/tier4_control_msgs/tier4_control_msgs/msg/detail/is_start_requested__rosidl_typesupport_fastrtps_cpp.hpp
[0.695s] -- Up-to-date symlink: /home/zyme/ros_ws/Autoware_sim_test/install/tier4_control_msgs/include/tier4_control_msgs/tier4_control_msgs/msg/detail/is_stopped__rosidl_typesupport_fastrtps_cpp.hpp
[0.695s] -- Up-to-date symlink: /home/zyme/ros_ws/Autoware_sim_test/install/tier4_control_msgs/include/tier4_control_msgs/tier4_control_msgs/msg/rosidl_typesupport_fastrtps_cpp__visibility_control.h
[0.695s] -- Up-to-date symlink: /home/zyme/ros_ws/Autoware_sim_test/install/tier4_control_msgs/include/tier4_control_msgs/tier4_control_msgs/srv/detail/external_command_select__rosidl_typesupport_fastrtps_cpp.hpp
[0.695s] -- Up-to-date symlink: /home/zyme/ros_ws/Autoware_sim_test/install/tier4_control_msgs/include/tier4_control_msgs/tier4_control_msgs/srv/detail/set_pause__rosidl_typesupport_fastrtps_cpp.hpp
[0.696s] -- Up-to-date symlink: /home/zyme/ros_ws/Autoware_sim_test/install/tier4_control_msgs/include/tier4_control_msgs/tier4_control_msgs/srv/detail/set_stop__rosidl_typesupport_fastrtps_cpp.hpp
[0.696s] -- Up-to-date symlink: /home/zyme/ros_ws/Autoware_sim_test/install/tier4_control_msgs/include/tier4_control_msgs/tier4_control_msgs/msg/detail/external_command_selector_mode__rosidl_typesupport_introspection_cpp.hpp
[0.697s] -- Up-to-date symlink: /home/zyme/ros_ws/Autoware_sim_test/install/tier4_control_msgs/include/tier4_control_msgs/tier4_control_msgs/msg/detail/gate_mode__rosidl_typesupport_introspection_cpp.hpp
[0.697s] -- Up-to-date symlink: /home/zyme/ros_ws/Autoware_sim_test/install/tier4_control_msgs/include/tier4_control_msgs/tier4_control_msgs/msg/detail/is_paused__rosidl_typesupport_introspection_cpp.hpp
[0.697s] -- Up-to-date symlink: /home/zyme/ros_ws/Autoware_sim_test/install/tier4_control_msgs/include/tier4_control_msgs/tier4_control_msgs/msg/detail/is_start_requested__rosidl_typesupport_introspection_cpp.hpp
[0.697s] -- Up-to-date symlink: /home/zyme/ros_ws/Autoware_sim_test/install/tier4_control_msgs/include/tier4_control_msgs/tier4_control_msgs/msg/detail/is_stopped__rosidl_typesupport_introspection_cpp.hpp
[0.698s] -- Up-to-date symlink: /home/zyme/ros_ws/Autoware_sim_test/install/tier4_control_msgs/include/tier4_control_msgs/tier4_control_msgs/srv/detail/external_command_select__rosidl_typesupport_introspection_cpp.hpp
[0.698s] -- Up-to-date symlink: /home/zyme/ros_ws/Autoware_sim_test/install/tier4_control_msgs/include/tier4_control_msgs/tier4_control_msgs/srv/detail/set_pause__rosidl_typesupport_introspection_cpp.hpp
[0.698s] -- Up-to-date symlink: /home/zyme/ros_ws/Autoware_sim_test/install/tier4_control_msgs/include/tier4_control_msgs/tier4_control_msgs/srv/detail/set_stop__rosidl_typesupport_introspection_cpp.hpp
[0.698s] -- Up-to-date symlink: /home/zyme/ros_ws/Autoware_sim_test/install/tier4_control_msgs/share/tier4_control_msgs/environment/pythonpath.sh
[0.698s] -- Up-to-date symlink: /home/zyme/ros_ws/Autoware_sim_test/install/tier4_control_msgs/share/tier4_control_msgs/environment/pythonpath.dsv
[0.699s] -- Up-to-date symlink: /home/zyme/ros_ws/Autoware_sim_test/install/tier4_control_msgs/local/lib/python3.10/dist-packages/tier4_control_msgs-0.1.0-py3.10.egg-info/PKG-INFO
[0.699s] -- Up-to-date symlink: /home/zyme/ros_ws/Autoware_sim_test/install/tier4_control_msgs/local/lib/python3.10/dist-packages/tier4_control_msgs-0.1.0-py3.10.egg-info/SOURCES.txt
[0.699s] -- Up-to-date symlink: /home/zyme/ros_ws/Autoware_sim_test/install/tier4_control_msgs/local/lib/python3.10/dist-packages/tier4_control_msgs-0.1.0-py3.10.egg-info/dependency_links.txt
[0.700s] -- Up-to-date symlink: /home/zyme/ros_ws/Autoware_sim_test/install/tier4_control_msgs/local/lib/python3.10/dist-packages/tier4_control_msgs-0.1.0-py3.10.egg-info/top_level.txt
[0.700s] -- Up-to-date symlink: /home/zyme/ros_ws/Autoware_sim_test/install/tier4_control_msgs/local/lib/python3.10/dist-packages/tier4_control_msgs/__init__.py
[0.701s] -- Up-to-date symlink: /home/zyme/ros_ws/Autoware_sim_test/install/tier4_control_msgs/local/lib/python3.10/dist-packages/tier4_control_msgs/_tier4_control_msgs_s.ep.rosidl_typesupport_c.c
[0.701s] -- Up-to-date symlink: /home/zyme/ros_ws/Autoware_sim_test/install/tier4_control_msgs/local/lib/python3.10/dist-packages/tier4_control_msgs/_tier4_control_msgs_s.ep.rosidl_typesupport_fastrtps_c.c
[0.701s] -- Up-to-date symlink: /home/zyme/ros_ws/Autoware_sim_test/install/tier4_control_msgs/local/lib/python3.10/dist-packages/tier4_control_msgs/_tier4_control_msgs_s.ep.rosidl_typesupport_introspection_c.c
[0.701s] -- Up-to-date symlink: /home/zyme/ros_ws/Autoware_sim_test/install/tier4_control_msgs/local/lib/python3.10/dist-packages/tier4_control_msgs/libtier4_control_msgs__rosidl_generator_py.so
[0.701s] -- Up-to-date symlink: /home/zyme/ros_ws/Autoware_sim_test/install/tier4_control_msgs/local/lib/python3.10/dist-packages/tier4_control_msgs/msg/__init__.py
[0.702s] -- Up-to-date symlink: /home/zyme/ros_ws/Autoware_sim_test/install/tier4_control_msgs/local/lib/python3.10/dist-packages/tier4_control_msgs/msg/_external_command_selector_mode.py
[0.702s] -- Up-to-date symlink: /home/zyme/ros_ws/Autoware_sim_test/install/tier4_control_msgs/local/lib/python3.10/dist-packages/tier4_control_msgs/msg/_external_command_selector_mode_s.c
[0.702s] -- Up-to-date symlink: /home/zyme/ros_ws/Autoware_sim_test/install/tier4_control_msgs/local/lib/python3.10/dist-packages/tier4_control_msgs/msg/_gate_mode.py
[0.702s] -- Up-to-date symlink: /home/zyme/ros_ws/Autoware_sim_test/install/tier4_control_msgs/local/lib/python3.10/dist-packages/tier4_control_msgs/msg/_gate_mode_s.c
[0.702s] -- Up-to-date symlink: /home/zyme/ros_ws/Autoware_sim_test/install/tier4_control_msgs/local/lib/python3.10/dist-packages/tier4_control_msgs/msg/_is_paused.py
[0.703s] -- Up-to-date symlink: /home/zyme/ros_ws/Autoware_sim_test/install/tier4_control_msgs/local/lib/python3.10/dist-packages/tier4_control_msgs/msg/_is_paused_s.c
[0.703s] -- Up-to-date symlink: /home/zyme/ros_ws/Autoware_sim_test/install/tier4_control_msgs/local/lib/python3.10/dist-packages/tier4_control_msgs/msg/_is_start_requested.py
[0.703s] -- Up-to-date symlink: /home/zyme/ros_ws/Autoware_sim_test/install/tier4_control_msgs/local/lib/python3.10/dist-packages/tier4_control_msgs/msg/_is_start_requested_s.c
[0.703s] -- Up-to-date symlink: /home/zyme/ros_ws/Autoware_sim_test/install/tier4_control_msgs/local/lib/python3.10/dist-packages/tier4_control_msgs/msg/_is_stopped.py
[0.703s] -- Up-to-date symlink: /home/zyme/ros_ws/Autoware_sim_test/install/tier4_control_msgs/local/lib/python3.10/dist-packages/tier4_control_msgs/msg/_is_stopped_s.c
[0.703s] -- Up-to-date symlink: /home/zyme/ros_ws/Autoware_sim_test/install/tier4_control_msgs/local/lib/python3.10/dist-packages/tier4_control_msgs/srv/__init__.py
[0.704s] -- Up-to-date symlink: /home/zyme/ros_ws/Autoware_sim_test/install/tier4_control_msgs/local/lib/python3.10/dist-packages/tier4_control_msgs/srv/_external_command_select.py
[0.704s] -- Up-to-date symlink: /home/zyme/ros_ws/Autoware_sim_test/install/tier4_control_msgs/local/lib/python3.10/dist-packages/tier4_control_msgs/srv/_external_command_select_s.c
[0.704s] -- Up-to-date symlink: /home/zyme/ros_ws/Autoware_sim_test/install/tier4_control_msgs/local/lib/python3.10/dist-packages/tier4_control_msgs/srv/_set_pause.py
[0.704s] -- Up-to-date symlink: /home/zyme/ros_ws/Autoware_sim_test/install/tier4_control_msgs/local/lib/python3.10/dist-packages/tier4_control_msgs/srv/_set_pause_s.c
[0.704s] -- Up-to-date symlink: /home/zyme/ros_ws/Autoware_sim_test/install/tier4_control_msgs/local/lib/python3.10/dist-packages/tier4_control_msgs/srv/_set_stop.py
[0.705s] -- Up-to-date symlink: /home/zyme/ros_ws/Autoware_sim_test/install/tier4_control_msgs/local/lib/python3.10/dist-packages/tier4_control_msgs/srv/_set_stop_s.c
[0.705s] -- Up-to-date symlink: /home/zyme/ros_ws/Autoware_sim_test/install/tier4_control_msgs/local/lib/python3.10/dist-packages/tier4_control_msgs/tier4_control_msgs_s__rosidl_typesupport_c.cpython-310-x86_64-linux-gnu.so
[0.705s] -- Up-to-date symlink: /home/zyme/ros_ws/Autoware_sim_test/install/tier4_control_msgs/local/lib/python3.10/dist-packages/tier4_control_msgs/tier4_control_msgs_s__rosidl_typesupport_fastrtps_c.cpython-310-x86_64-linux-gnu.so
[0.705s] -- Up-to-date symlink: /home/zyme/ros_ws/Autoware_sim_test/install/tier4_control_msgs/local/lib/python3.10/dist-packages/tier4_control_msgs/tier4_control_msgs_s__rosidl_typesupport_introspection_c.cpython-310-x86_64-linux-gnu.so
[0.706s] -- Up-to-date symlink: /home/zyme/ros_ws/Autoware_sim_test/install/tier4_control_msgs/local/lib/python3.10/dist-packages/tier4_control_msgs/tier4_control_msgs_s__rosidl_typesupport_fastrtps_c.cpython-310-x86_64-linux-gnu.so
[0.706s] -- Up-to-date symlink: /home/zyme/ros_ws/Autoware_sim_test/install/tier4_control_msgs/local/lib/python3.10/dist-packages/tier4_control_msgs/tier4_control_msgs_s__rosidl_typesupport_introspection_c.cpython-310-x86_64-linux-gnu.so
[0.707s] -- Up-to-date symlink: /home/zyme/ros_ws/Autoware_sim_test/install/tier4_control_msgs/local/lib/python3.10/dist-packages/tier4_control_msgs/tier4_control_msgs_s__rosidl_typesupport_c.cpython-310-x86_64-linux-gnu.so
[0.707s] -- Up-to-date symlink: /home/zyme/ros_ws/Autoware_sim_test/install/tier4_control_msgs/share/tier4_control_msgs/msg/GateMode.idl
[0.707s] -- Up-to-date symlink: /home/zyme/ros_ws/Autoware_sim_test/install/tier4_control_msgs/share/tier4_control_msgs/msg/ExternalCommandSelectorMode.idl
[0.708s] -- Up-to-date symlink: /home/zyme/ros_ws/Autoware_sim_test/install/tier4_control_msgs/share/tier4_control_msgs/srv/ExternalCommandSelect.idl
[0.708s] -- Up-to-date symlink: /home/zyme/ros_ws/Autoware_sim_test/install/tier4_control_msgs/share/tier4_control_msgs/msg/IsStartRequested.idl
[0.708s] -- Up-to-date symlink: /home/zyme/ros_ws/Autoware_sim_test/install/tier4_control_msgs/share/tier4_control_msgs/msg/IsPaused.idl
[0.708s] -- Up-to-date symlink: /home/zyme/ros_ws/Autoware_sim_test/install/tier4_control_msgs/share/tier4_control_msgs/srv/SetPause.idl
[0.709s] -- Up-to-date symlink: /home/zyme/ros_ws/Autoware_sim_test/install/tier4_control_msgs/share/tier4_control_msgs/msg/IsStopped.idl
[0.709s] -- Up-to-date symlink: /home/zyme/ros_ws/Autoware_sim_test/install/tier4_control_msgs/share/tier4_control_msgs/srv/SetStop.idl
[0.709s] -- Up-to-date symlink: /home/zyme/ros_ws/Autoware_sim_test/install/tier4_control_msgs/share/tier4_control_msgs/msg/GateMode.msg
[0.709s] -- Up-to-date symlink: /home/zyme/ros_ws/Autoware_sim_test/install/tier4_control_msgs/share/tier4_control_msgs/msg/ExternalCommandSelectorMode.msg
[0.710s] -- Up-to-date symlink: /home/zyme/ros_ws/Autoware_sim_test/install/tier4_control_msgs/share/tier4_control_msgs/srv/ExternalCommandSelect.srv
[0.710s] -- Up-to-date symlink: /home/zyme/ros_ws/Autoware_sim_test/install/tier4_control_msgs/share/tier4_control_msgs/srv/ExternalCommandSelect_Request.msg
[0.710s] -- Up-to-date symlink: /home/zyme/ros_ws/Autoware_sim_test/install/tier4_control_msgs/share/tier4_control_msgs/srv/ExternalCommandSelect_Response.msg
[0.710s] -- Up-to-date symlink: /home/zyme/ros_ws/Autoware_sim_test/install/tier4_control_msgs/share/tier4_control_msgs/msg/IsStartRequested.msg
[0.711s] -- Up-to-date symlink: /home/zyme/ros_ws/Autoware_sim_test/install/tier4_control_msgs/share/tier4_control_msgs/msg/IsPaused.msg
[0.711s] -- Up-to-date symlink: /home/zyme/ros_ws/Autoware_sim_test/install/tier4_control_msgs/share/tier4_control_msgs/srv/SetPause.srv
[0.711s] -- Up-to-date symlink: /home/zyme/ros_ws/Autoware_sim_test/install/tier4_control_msgs/share/tier4_control_msgs/srv/SetPause_Request.msg
[0.711s] -- Up-to-date symlink: /home/zyme/ros_ws/Autoware_sim_test/install/tier4_control_msgs/share/tier4_control_msgs/srv/SetPause_Response.msg
[0.711s] -- Up-to-date symlink: /home/zyme/ros_ws/Autoware_sim_test/install/tier4_control_msgs/share/tier4_control_msgs/msg/IsStopped.msg
[0.712s] -- Up-to-date symlink: /home/zyme/ros_ws/Autoware_sim_test/install/tier4_control_msgs/share/tier4_control_msgs/srv/SetStop.srv
[0.712s] -- Up-to-date symlink: /home/zyme/ros_ws/Autoware_sim_test/install/tier4_control_msgs/share/tier4_control_msgs/srv/SetStop_Request.msg
[0.712s] -- Up-to-date symlink: /home/zyme/ros_ws/Autoware_sim_test/install/tier4_control_msgs/share/tier4_control_msgs/srv/SetStop_Response.msg
[0.712s] -- Up-to-date symlink: /home/zyme/ros_ws/Autoware_sim_test/install/tier4_control_msgs/share/ament_index/resource_index/package_run_dependencies/tier4_control_msgs
[0.713s] -- Up-to-date symlink: /home/zyme/ros_ws/Autoware_sim_test/install/tier4_control_msgs/share/ament_index/resource_index/parent_prefix_path/tier4_control_msgs
[0.713s] -- Up-to-date symlink: /home/zyme/ros_ws/Autoware_sim_test/install/tier4_control_msgs/share/tier4_control_msgs/environment/ament_prefix_path.sh
[0.713s] -- Up-to-date symlink: /home/zyme/ros_ws/Autoware_sim_test/install/tier4_control_msgs/share/tier4_control_msgs/environment/ament_prefix_path.dsv
[0.714s] -- Up-to-date symlink: /home/zyme/ros_ws/Autoware_sim_test/install/tier4_control_msgs/share/tier4_control_msgs/environment/path.sh
[0.714s] -- Up-to-date symlink: /home/zyme/ros_ws/Autoware_sim_test/install/tier4_control_msgs/share/tier4_control_msgs/environment/path.dsv
[0.714s] -- Up-to-date symlink: /home/zyme/ros_ws/Autoware_sim_test/install/tier4_control_msgs/share/tier4_control_msgs/local_setup.bash
[0.714s] -- Up-to-date symlink: /home/zyme/ros_ws/Autoware_sim_test/install/tier4_control_msgs/share/tier4_control_msgs/local_setup.sh
[0.714s] -- Up-to-date symlink: /home/zyme/ros_ws/Autoware_sim_test/install/tier4_control_msgs/share/tier4_control_msgs/local_setup.zsh
[0.715s] -- Up-to-date symlink: /home/zyme/ros_ws/Autoware_sim_test/install/tier4_control_msgs/share/tier4_control_msgs/local_setup.dsv
[0.715s] -- Symlinking: /home/zyme/ros_ws/Autoware_sim_test/install/tier4_control_msgs/share/tier4_control_msgs/package.dsv
[0.724s] -- Up-to-date symlink: /home/zyme/ros_ws/Autoware_sim_test/install/tier4_control_msgs/share/ament_index/resource_index/packages/tier4_control_msgs
[0.724s] -- Up-to-date symlink: /home/zyme/ros_ws/Autoware_sim_test/install/tier4_control_msgs/share/tier4_control_msgs/cmake/rosidl_cmake-extras.cmake
[0.724s] -- Up-to-date symlink: /home/zyme/ros_ws/Autoware_sim_test/install/tier4_control_msgs/share/tier4_control_msgs/cmake/ament_cmake_export_dependencies-extras.cmake
[0.724s] -- Up-to-date symlink: /home/zyme/ros_ws/Autoware_sim_test/install/tier4_control_msgs/share/tier4_control_msgs/cmake/ament_cmake_export_include_directories-extras.cmake
[0.724s] -- Up-to-date symlink: /home/zyme/ros_ws/Autoware_sim_test/install/tier4_control_msgs/share/tier4_control_msgs/cmake/ament_cmake_export_libraries-extras.cmake
[0.725s] -- Up-to-date symlink: /home/zyme/ros_ws/Autoware_sim_test/install/tier4_control_msgs/share/tier4_control_msgs/cmake/ament_cmake_export_targets-extras.cmake
[0.725s] -- Up-to-date symlink: /home/zyme/ros_ws/Autoware_sim_test/install/tier4_control_msgs/share/tier4_control_msgs/cmake/rosidl_cmake_export_typesupport_targets-extras.cmake
[0.725s] -- Up-to-date symlink: /home/zyme/ros_ws/Autoware_sim_test/install/tier4_control_msgs/share/tier4_control_msgs/cmake/rosidl_cmake_export_typesupport_libraries-extras.cmake
[0.725s] -- Up-to-date symlink: /home/zyme/ros_ws/Autoware_sim_test/install/tier4_control_msgs/share/tier4_control_msgs/cmake/tier4_control_msgsConfig.cmake
[0.725s] -- Up-to-date symlink: /home/zyme/ros_ws/Autoware_sim_test/install/tier4_control_msgs/share/tier4_control_msgs/cmake/tier4_control_msgsConfig-version.cmake
[0.725s] -- Up-to-date symlink: /home/zyme/ros_ws/Autoware_sim_test/install/tier4_control_msgs/share/tier4_control_msgs/package.xml
[0.727s] -- Up-to-date: /home/zyme/ros_ws/Autoware_sim_test/install/tier4_control_msgs/lib/libtier4_control_msgs__rosidl_generator_c.so
[0.728s] -- Up-to-date: /home/zyme/ros_ws/Autoware_sim_test/install/tier4_control_msgs/lib/libtier4_control_msgs__rosidl_typesupport_fastrtps_c.so
[0.729s] -- Up-to-date: /home/zyme/ros_ws/Autoware_sim_test/install/tier4_control_msgs/lib/libtier4_control_msgs__rosidl_typesupport_introspection_c.so
[0.729s] -- Up-to-date: /home/zyme/ros_ws/Autoware_sim_test/install/tier4_control_msgs/lib/libtier4_control_msgs__rosidl_typesupport_c.so
[0.730s] -- Up-to-date: /home/zyme/ros_ws/Autoware_sim_test/install/tier4_control_msgs/lib/libtier4_control_msgs__rosidl_typesupport_fastrtps_cpp.so
[0.731s] -- Up-to-date: /home/zyme/ros_ws/Autoware_sim_test/install/tier4_control_msgs/lib/libtier4_control_msgs__rosidl_typesupport_introspection_cpp.so
[0.731s] -- Up-to-date: /home/zyme/ros_ws/Autoware_sim_test/install/tier4_control_msgs/lib/libtier4_control_msgs__rosidl_typesupport_cpp.so
[0.761s] Listing '/home/zyme/ros_ws/Autoware_sim_test/install/tier4_control_msgs/local/lib/python3.10/dist-packages/tier4_control_msgs'...
[0.761s] Listing '/home/zyme/ros_ws/Autoware_sim_test/install/tier4_control_msgs/local/lib/python3.10/dist-packages/tier4_control_msgs/msg'...
[0.761s] Listing '/home/zyme/ros_ws/Autoware_sim_test/install/tier4_control_msgs/local/lib/python3.10/dist-packages/tier4_control_msgs/srv'...
[0.765s] -- Up-to-date: /home/zyme/ros_ws/Autoware_sim_test/install/tier4_control_msgs/lib/libtier4_control_msgs__rosidl_generator_py.so
[0.766s] -- Up-to-date: /home/zyme/ros_ws/Autoware_sim_test/install/tier4_control_msgs/share/tier4_control_msgs/cmake/export_tier4_control_msgs__rosidl_generator_cExport.cmake
[0.766s] -- Up-to-date: /home/zyme/ros_ws/Autoware_sim_test/install/tier4_control_msgs/share/tier4_control_msgs/cmake/export_tier4_control_msgs__rosidl_generator_cExport-release.cmake
[0.766s] -- Up-to-date: /home/zyme/ros_ws/Autoware_sim_test/install/tier4_control_msgs/share/tier4_control_msgs/cmake/export_tier4_control_msgs__rosidl_typesupport_fastrtps_cExport.cmake
[0.766s] -- Up-to-date: /home/zyme/ros_ws/Autoware_sim_test/install/tier4_control_msgs/share/tier4_control_msgs/cmake/export_tier4_control_msgs__rosidl_typesupport_fastrtps_cExport-release.cmake
[0.767s] -- Up-to-date: /home/zyme/ros_ws/Autoware_sim_test/install/tier4_control_msgs/share/tier4_control_msgs/cmake/tier4_control_msgs__rosidl_typesupport_introspection_cExport.cmake
[0.767s] -- Up-to-date: /home/zyme/ros_ws/Autoware_sim_test/install/tier4_control_msgs/share/tier4_control_msgs/cmake/tier4_control_msgs__rosidl_typesupport_introspection_cExport-release.cmake
[0.767s] -- Up-to-date: /home/zyme/ros_ws/Autoware_sim_test/install/tier4_control_msgs/share/tier4_control_msgs/cmake/tier4_control_msgs__rosidl_typesupport_cExport.cmake
[0.767s] -- Up-to-date: /home/zyme/ros_ws/Autoware_sim_test/install/tier4_control_msgs/share/tier4_control_msgs/cmake/tier4_control_msgs__rosidl_typesupport_cExport-release.cmake
[0.767s] -- Up-to-date: /home/zyme/ros_ws/Autoware_sim_test/install/tier4_control_msgs/share/tier4_control_msgs/cmake/export_tier4_control_msgs__rosidl_generator_cppExport.cmake
[0.768s] -- Up-to-date: /home/zyme/ros_ws/Autoware_sim_test/install/tier4_control_msgs/share/tier4_control_msgs/cmake/export_tier4_control_msgs__rosidl_typesupport_fastrtps_cppExport.cmake
[0.768s] -- Up-to-date: /home/zyme/ros_ws/Autoware_sim_test/install/tier4_control_msgs/share/tier4_control_msgs/cmake/export_tier4_control_msgs__rosidl_typesupport_fastrtps_cppExport-release.cmake
[0.768s] -- Up-to-date: /home/zyme/ros_ws/Autoware_sim_test/install/tier4_control_msgs/share/tier4_control_msgs/cmake/tier4_control_msgs__rosidl_typesupport_introspection_cppExport.cmake
[0.768s] -- Up-to-date: /home/zyme/ros_ws/Autoware_sim_test/install/tier4_control_msgs/share/tier4_control_msgs/cmake/tier4_control_msgs__rosidl_typesupport_introspection_cppExport-release.cmake
[0.769s] -- Up-to-date: /home/zyme/ros_ws/Autoware_sim_test/install/tier4_control_msgs/share/tier4_control_msgs/cmake/tier4_control_msgs__rosidl_typesupport_cppExport.cmake
[0.769s] -- Up-to-date: /home/zyme/ros_ws/Autoware_sim_test/install/tier4_control_msgs/share/tier4_control_msgs/cmake/tier4_control_msgs__rosidl_typesupport_cppExport-release.cmake
[0.769s] -- Up-to-date: /home/zyme/ros_ws/Autoware_sim_test/install/tier4_control_msgs/share/tier4_control_msgs/cmake/export_tier4_control_msgs__rosidl_generator_pyExport.cmake
[0.769s] -- Up-to-date: /home/zyme/ros_ws/Autoware_sim_test/install/tier4_control_msgs/share/tier4_control_msgs/cmake/export_tier4_control_msgs__rosidl_generator_pyExport-release.cmake
[0.772s] Invoked command in '/home/zyme/ros_ws/Autoware_sim_test/build/tier4_control_msgs' returned '0': AMENT_PREFIX_PATH=/home/zyme/ros_ws/Autoware_sim_test/install/autoware_common_msgs:${AMENT_PREFIX_PATH} CMAKE_PREFIX_PATH=/home/zyme/ros_ws/Autoware_sim_test/install/autoware_common_msgs:/opt/ros/humble LD_LIBRARY_PATH=/home/zyme/ros_ws/Autoware_sim_test/install/autoware_common_msgs/lib:${LD_LIBRARY_PATH} PYTHONPATH=/home/zyme/ros_ws/Autoware_sim_test/install/autoware_common_msgs/local/lib/python3.10/dist-packages:${PYTHONPATH} /usr/bin/cmake --install /home/zyme/ros_ws/Autoware_sim_test/build/tier4_control_msgs
