[0.093s] Invoking command in '/home/zyme/ros_ws/Autoware_sim_test/build/autoware_adapi_version_msgs': CMAKE_PREFIX_PATH=/opt/ros/humble /usr/bin/cmake --build /home/zyme/ros_ws/Autoware_sim_test/build/autoware_adapi_version_msgs -- -j12 -l12
[0.149s] [  3%] Built target autoware_adapi_version_msgs__cpp
[0.149s] [ 12%] Built target autoware_adapi_version_msgs__rosidl_generator_c
[0.164s] [ 12%] Built target ament_cmake_python_symlink_autoware_adapi_version_msgs
[0.189s] [ 22%] Built target autoware_adapi_version_msgs__rosidl_typesupport_introspection_c
[0.189s] [ 32%] Built target autoware_adapi_version_msgs__rosidl_typesupport_fastrtps_cpp
[0.189s] [ 41%] Built target autoware_adapi_version_msgs__rosidl_typesupport_introspection_cpp
[0.191s] [ 54%] Built target autoware_adapi_version_msgs__rosidl_typesupport_cpp
[0.191s] [ 61%] Built target autoware_adapi_version_msgs__rosidl_typesupport_c
[0.193s] [ 70%] Built target autoware_adapi_version_msgs__rosidl_typesupport_fastrtps_c
[0.217s] [ 70%] Built target autoware_adapi_version_msgs
[0.242s] [ 74%] Built target autoware_adapi_version_msgs__py
[0.267s] [ 80%] Built target autoware_adapi_version_msgs__rosidl_generator_py
[0.297s] [100%] Built target autoware_adapi_version_msgs__rosidl_typesupport_introspection_c__pyext
[0.298s] [100%] Built target autoware_adapi_version_msgs__rosidl_typesupport_fastrtps_c__pyext
[0.298s] [100%] Built target autoware_adapi_version_msgs__rosidl_typesupport_c__pyext
[0.480s] running egg_info
[0.481s] writing autoware_adapi_version_msgs.egg-info/PKG-INFO
[0.481s] writing dependency_links to autoware_adapi_version_msgs.egg-info/dependency_links.txt
[0.481s] writing top-level names to autoware_adapi_version_msgs.egg-info/top_level.txt
[0.484s] reading manifest file 'autoware_adapi_version_msgs.egg-info/SOURCES.txt'
[0.485s] writing manifest file 'autoware_adapi_version_msgs.egg-info/SOURCES.txt'
[0.513s] [100%] Built target ament_cmake_python_build_autoware_adapi_version_msgs_egg
[0.525s] Invoked command in '/home/zyme/ros_ws/Autoware_sim_test/build/autoware_adapi_version_msgs' returned '0': CMAKE_PREFIX_PATH=/opt/ros/humble /usr/bin/cmake --build /home/zyme/ros_ws/Autoware_sim_test/build/autoware_adapi_version_msgs -- -j12 -l12
[0.587s] Invoking command in '/home/zyme/ros_ws/Autoware_sim_test/build/autoware_adapi_version_msgs': CMAKE_PREFIX_PATH=/opt/ros/humble /usr/bin/cmake --install /home/zyme/ros_ws/Autoware_sim_test/build/autoware_adapi_version_msgs
[0.595s] -- Install configuration: "Release"
[0.595s] -- Execute custom install script
[0.596s] -- Up-to-date symlink: /home/zyme/ros_ws/Autoware_sim_test/install/autoware_adapi_version_msgs/share/ament_index/resource_index/rosidl_interfaces/autoware_adapi_version_msgs
[0.596s] -- Up-to-date symlink: /home/zyme/ros_ws/Autoware_sim_test/install/autoware_adapi_version_msgs/include/autoware_adapi_version_msgs/autoware_adapi_version_msgs/msg/rosidl_generator_c__visibility_control.h
[0.596s] -- Up-to-date symlink: /home/zyme/ros_ws/Autoware_sim_test/install/autoware_adapi_version_msgs/include/autoware_adapi_version_msgs/autoware_adapi_version_msgs/srv/detail/interface_version__functions.h
[0.596s] -- Up-to-date symlink: /home/zyme/ros_ws/Autoware_sim_test/install/autoware_adapi_version_msgs/include/autoware_adapi_version_msgs/autoware_adapi_version_msgs/srv/detail/interface_version__struct.h
[0.596s] -- Up-to-date symlink: /home/zyme/ros_ws/Autoware_sim_test/install/autoware_adapi_version_msgs/include/autoware_adapi_version_msgs/autoware_adapi_version_msgs/srv/detail/interface_version__type_support.h
[0.596s] -- Up-to-date symlink: /home/zyme/ros_ws/Autoware_sim_test/install/autoware_adapi_version_msgs/include/autoware_adapi_version_msgs/autoware_adapi_version_msgs/srv/interface_version.h
[0.597s] -- Up-to-date symlink: /home/zyme/ros_ws/Autoware_sim_test/install/autoware_adapi_version_msgs/share/autoware_adapi_version_msgs/environment/library_path.sh
[0.597s] -- Up-to-date symlink: /home/zyme/ros_ws/Autoware_sim_test/install/autoware_adapi_version_msgs/share/autoware_adapi_version_msgs/environment/library_path.dsv
[0.597s] -- Up-to-date symlink: /home/zyme/ros_ws/Autoware_sim_test/install/autoware_adapi_version_msgs/include/autoware_adapi_version_msgs/autoware_adapi_version_msgs/msg/rosidl_typesupport_fastrtps_c__visibility_control.h
[0.597s] -- Up-to-date symlink: /home/zyme/ros_ws/Autoware_sim_test/install/autoware_adapi_version_msgs/include/autoware_adapi_version_msgs/autoware_adapi_version_msgs/srv/detail/interface_version__rosidl_typesupport_fastrtps_c.h
[0.598s] -- Up-to-date symlink: /home/zyme/ros_ws/Autoware_sim_test/install/autoware_adapi_version_msgs/include/autoware_adapi_version_msgs/autoware_adapi_version_msgs/msg/rosidl_typesupport_introspection_c__visibility_control.h
[0.598s] -- Up-to-date symlink: /home/zyme/ros_ws/Autoware_sim_test/install/autoware_adapi_version_msgs/include/autoware_adapi_version_msgs/autoware_adapi_version_msgs/srv/detail/interface_version__rosidl_typesupport_introspection_c.h
[0.598s] -- Up-to-date symlink: /home/zyme/ros_ws/Autoware_sim_test/install/autoware_adapi_version_msgs/include/autoware_adapi_version_msgs/autoware_adapi_version_msgs/srv/detail/interface_version__builder.hpp
[0.598s] -- Up-to-date symlink: /home/zyme/ros_ws/Autoware_sim_test/install/autoware_adapi_version_msgs/include/autoware_adapi_version_msgs/autoware_adapi_version_msgs/srv/detail/interface_version__struct.hpp
[0.599s] -- Up-to-date symlink: /home/zyme/ros_ws/Autoware_sim_test/install/autoware_adapi_version_msgs/include/autoware_adapi_version_msgs/autoware_adapi_version_msgs/srv/detail/interface_version__traits.hpp
[0.599s] -- Up-to-date symlink: /home/zyme/ros_ws/Autoware_sim_test/install/autoware_adapi_version_msgs/include/autoware_adapi_version_msgs/autoware_adapi_version_msgs/srv/interface_version.hpp
[0.599s] -- Up-to-date symlink: /home/zyme/ros_ws/Autoware_sim_test/install/autoware_adapi_version_msgs/include/autoware_adapi_version_msgs/autoware_adapi_version_msgs/msg/rosidl_typesupport_fastrtps_cpp__visibility_control.h
[0.599s] -- Up-to-date symlink: /home/zyme/ros_ws/Autoware_sim_test/install/autoware_adapi_version_msgs/include/autoware_adapi_version_msgs/autoware_adapi_version_msgs/srv/detail/interface_version__rosidl_typesupport_fastrtps_cpp.hpp
[0.600s] -- Up-to-date symlink: /home/zyme/ros_ws/Autoware_sim_test/install/autoware_adapi_version_msgs/include/autoware_adapi_version_msgs/autoware_adapi_version_msgs/srv/detail/interface_version__rosidl_typesupport_introspection_cpp.hpp
[0.600s] -- Up-to-date symlink: /home/zyme/ros_ws/Autoware_sim_test/install/autoware_adapi_version_msgs/share/autoware_adapi_version_msgs/environment/pythonpath.sh
[0.600s] -- Up-to-date symlink: /home/zyme/ros_ws/Autoware_sim_test/install/autoware_adapi_version_msgs/share/autoware_adapi_version_msgs/environment/pythonpath.dsv
[0.600s] -- Up-to-date symlink: /home/zyme/ros_ws/Autoware_sim_test/install/autoware_adapi_version_msgs/local/lib/python3.10/dist-packages/autoware_adapi_version_msgs-0.0.0-py3.10.egg-info/PKG-INFO
[0.600s] -- Up-to-date symlink: /home/zyme/ros_ws/Autoware_sim_test/install/autoware_adapi_version_msgs/local/lib/python3.10/dist-packages/autoware_adapi_version_msgs-0.0.0-py3.10.egg-info/SOURCES.txt
[0.601s] -- Up-to-date symlink: /home/zyme/ros_ws/Autoware_sim_test/install/autoware_adapi_version_msgs/local/lib/python3.10/dist-packages/autoware_adapi_version_msgs-0.0.0-py3.10.egg-info/dependency_links.txt
[0.601s] -- Up-to-date symlink: /home/zyme/ros_ws/Autoware_sim_test/install/autoware_adapi_version_msgs/local/lib/python3.10/dist-packages/autoware_adapi_version_msgs-0.0.0-py3.10.egg-info/top_level.txt
[0.602s] -- Up-to-date symlink: /home/zyme/ros_ws/Autoware_sim_test/install/autoware_adapi_version_msgs/local/lib/python3.10/dist-packages/autoware_adapi_version_msgs/__init__.py
[0.602s] -- Up-to-date symlink: /home/zyme/ros_ws/Autoware_sim_test/install/autoware_adapi_version_msgs/local/lib/python3.10/dist-packages/autoware_adapi_version_msgs/_autoware_adapi_version_msgs_s.ep.rosidl_typesupport_c.c
[0.602s] -- Up-to-date symlink: /home/zyme/ros_ws/Autoware_sim_test/install/autoware_adapi_version_msgs/local/lib/python3.10/dist-packages/autoware_adapi_version_msgs/_autoware_adapi_version_msgs_s.ep.rosidl_typesupport_fastrtps_c.c
[0.602s] -- Up-to-date symlink: /home/zyme/ros_ws/Autoware_sim_test/install/autoware_adapi_version_msgs/local/lib/python3.10/dist-packages/autoware_adapi_version_msgs/_autoware_adapi_version_msgs_s.ep.rosidl_typesupport_introspection_c.c
[0.602s] -- Up-to-date symlink: /home/zyme/ros_ws/Autoware_sim_test/install/autoware_adapi_version_msgs/local/lib/python3.10/dist-packages/autoware_adapi_version_msgs/autoware_adapi_version_msgs_s__rosidl_typesupport_c.cpython-310-x86_64-linux-gnu.so
[0.602s] -- Up-to-date symlink: /home/zyme/ros_ws/Autoware_sim_test/install/autoware_adapi_version_msgs/local/lib/python3.10/dist-packages/autoware_adapi_version_msgs/autoware_adapi_version_msgs_s__rosidl_typesupport_fastrtps_c.cpython-310-x86_64-linux-gnu.so
[0.603s] -- Up-to-date symlink: /home/zyme/ros_ws/Autoware_sim_test/install/autoware_adapi_version_msgs/local/lib/python3.10/dist-packages/autoware_adapi_version_msgs/autoware_adapi_version_msgs_s__rosidl_typesupport_introspection_c.cpython-310-x86_64-linux-gnu.so
[0.603s] -- Up-to-date symlink: /home/zyme/ros_ws/Autoware_sim_test/install/autoware_adapi_version_msgs/local/lib/python3.10/dist-packages/autoware_adapi_version_msgs/libautoware_adapi_version_msgs__rosidl_generator_py.so
[0.603s] -- Up-to-date symlink: /home/zyme/ros_ws/Autoware_sim_test/install/autoware_adapi_version_msgs/local/lib/python3.10/dist-packages/autoware_adapi_version_msgs/srv/__init__.py
[0.603s] -- Up-to-date symlink: /home/zyme/ros_ws/Autoware_sim_test/install/autoware_adapi_version_msgs/local/lib/python3.10/dist-packages/autoware_adapi_version_msgs/srv/_interface_version.py
[0.603s] -- Up-to-date symlink: /home/zyme/ros_ws/Autoware_sim_test/install/autoware_adapi_version_msgs/local/lib/python3.10/dist-packages/autoware_adapi_version_msgs/srv/_interface_version_s.c
[0.603s] -- Up-to-date symlink: /home/zyme/ros_ws/Autoware_sim_test/install/autoware_adapi_version_msgs/local/lib/python3.10/dist-packages/autoware_adapi_version_msgs/autoware_adapi_version_msgs_s__rosidl_typesupport_fastrtps_c.cpython-310-x86_64-linux-gnu.so
[0.604s] -- Up-to-date symlink: /home/zyme/ros_ws/Autoware_sim_test/install/autoware_adapi_version_msgs/local/lib/python3.10/dist-packages/autoware_adapi_version_msgs/autoware_adapi_version_msgs_s__rosidl_typesupport_introspection_c.cpython-310-x86_64-linux-gnu.so
[0.604s] -- Up-to-date symlink: /home/zyme/ros_ws/Autoware_sim_test/install/autoware_adapi_version_msgs/local/lib/python3.10/dist-packages/autoware_adapi_version_msgs/autoware_adapi_version_msgs_s__rosidl_typesupport_c.cpython-310-x86_64-linux-gnu.so
[0.604s] -- Up-to-date symlink: /home/zyme/ros_ws/Autoware_sim_test/install/autoware_adapi_version_msgs/share/autoware_adapi_version_msgs/srv/InterfaceVersion.idl
[0.605s] -- Up-to-date symlink: /home/zyme/ros_ws/Autoware_sim_test/install/autoware_adapi_version_msgs/share/autoware_adapi_version_msgs/srv/InterfaceVersion.srv
[0.605s] -- Up-to-date symlink: /home/zyme/ros_ws/Autoware_sim_test/install/autoware_adapi_version_msgs/share/autoware_adapi_version_msgs/srv/InterfaceVersion_Request.msg
[0.605s] -- Up-to-date symlink: /home/zyme/ros_ws/Autoware_sim_test/install/autoware_adapi_version_msgs/share/autoware_adapi_version_msgs/srv/InterfaceVersion_Response.msg
[0.605s] -- Up-to-date symlink: /home/zyme/ros_ws/Autoware_sim_test/install/autoware_adapi_version_msgs/share/ament_index/resource_index/package_run_dependencies/autoware_adapi_version_msgs
[0.606s] -- Up-to-date symlink: /home/zyme/ros_ws/Autoware_sim_test/install/autoware_adapi_version_msgs/share/ament_index/resource_index/parent_prefix_path/autoware_adapi_version_msgs
[0.606s] -- Up-to-date symlink: /home/zyme/ros_ws/Autoware_sim_test/install/autoware_adapi_version_msgs/share/autoware_adapi_version_msgs/environment/ament_prefix_path.sh
[0.606s] -- Up-to-date symlink: /home/zyme/ros_ws/Autoware_sim_test/install/autoware_adapi_version_msgs/share/autoware_adapi_version_msgs/environment/ament_prefix_path.dsv
[0.606s] -- Up-to-date symlink: /home/zyme/ros_ws/Autoware_sim_test/install/autoware_adapi_version_msgs/share/autoware_adapi_version_msgs/environment/path.sh
[0.606s] -- Up-to-date symlink: /home/zyme/ros_ws/Autoware_sim_test/install/autoware_adapi_version_msgs/share/autoware_adapi_version_msgs/environment/path.dsv
[0.606s] -- Up-to-date symlink: /home/zyme/ros_ws/Autoware_sim_test/install/autoware_adapi_version_msgs/share/autoware_adapi_version_msgs/local_setup.bash
[0.607s] -- Up-to-date symlink: /home/zyme/ros_ws/Autoware_sim_test/install/autoware_adapi_version_msgs/share/autoware_adapi_version_msgs/local_setup.sh
[0.607s] -- Up-to-date symlink: /home/zyme/ros_ws/Autoware_sim_test/install/autoware_adapi_version_msgs/share/autoware_adapi_version_msgs/local_setup.zsh
[0.607s] -- Up-to-date symlink: /home/zyme/ros_ws/Autoware_sim_test/install/autoware_adapi_version_msgs/share/autoware_adapi_version_msgs/local_setup.dsv
[0.607s] -- Symlinking: /home/zyme/ros_ws/Autoware_sim_test/install/autoware_adapi_version_msgs/share/autoware_adapi_version_msgs/package.dsv
[0.616s] -- Up-to-date symlink: /home/zyme/ros_ws/Autoware_sim_test/install/autoware_adapi_version_msgs/share/ament_index/resource_index/packages/autoware_adapi_version_msgs
[0.616s] -- Up-to-date symlink: /home/zyme/ros_ws/Autoware_sim_test/install/autoware_adapi_version_msgs/share/autoware_adapi_version_msgs/cmake/rosidl_cmake-extras.cmake
[0.616s] -- Up-to-date symlink: /home/zyme/ros_ws/Autoware_sim_test/install/autoware_adapi_version_msgs/share/autoware_adapi_version_msgs/cmake/ament_cmake_export_include_directories-extras.cmake
[0.617s] -- Up-to-date symlink: /home/zyme/ros_ws/Autoware_sim_test/install/autoware_adapi_version_msgs/share/autoware_adapi_version_msgs/cmake/ament_cmake_export_libraries-extras.cmake
[0.617s] -- Up-to-date symlink: /home/zyme/ros_ws/Autoware_sim_test/install/autoware_adapi_version_msgs/share/autoware_adapi_version_msgs/cmake/ament_cmake_export_targets-extras.cmake
[0.617s] -- Up-to-date symlink: /home/zyme/ros_ws/Autoware_sim_test/install/autoware_adapi_version_msgs/share/autoware_adapi_version_msgs/cmake/rosidl_cmake_export_typesupport_targets-extras.cmake
[0.617s] -- Up-to-date symlink: /home/zyme/ros_ws/Autoware_sim_test/install/autoware_adapi_version_msgs/share/autoware_adapi_version_msgs/cmake/ament_cmake_export_dependencies-extras.cmake
[0.617s] -- Up-to-date symlink: /home/zyme/ros_ws/Autoware_sim_test/install/autoware_adapi_version_msgs/share/autoware_adapi_version_msgs/cmake/rosidl_cmake_export_typesupport_libraries-extras.cmake
[0.618s] -- Up-to-date symlink: /home/zyme/ros_ws/Autoware_sim_test/install/autoware_adapi_version_msgs/share/autoware_adapi_version_msgs/cmake/autoware_adapi_version_msgsConfig.cmake
[0.618s] -- Up-to-date symlink: /home/zyme/ros_ws/Autoware_sim_test/install/autoware_adapi_version_msgs/share/autoware_adapi_version_msgs/cmake/autoware_adapi_version_msgsConfig-version.cmake
[0.618s] -- Up-to-date symlink: /home/zyme/ros_ws/Autoware_sim_test/install/autoware_adapi_version_msgs/share/autoware_adapi_version_msgs/package.xml
[0.618s] -- Up-to-date: /home/zyme/ros_ws/Autoware_sim_test/install/autoware_adapi_version_msgs/lib/libautoware_adapi_version_msgs__rosidl_generator_c.so
[0.619s] -- Up-to-date: /home/zyme/ros_ws/Autoware_sim_test/install/autoware_adapi_version_msgs/lib/libautoware_adapi_version_msgs__rosidl_typesupport_fastrtps_c.so
[0.619s] -- Up-to-date: /home/zyme/ros_ws/Autoware_sim_test/install/autoware_adapi_version_msgs/lib/libautoware_adapi_version_msgs__rosidl_typesupport_introspection_c.so
[0.619s] -- Up-to-date: /home/zyme/ros_ws/Autoware_sim_test/install/autoware_adapi_version_msgs/lib/libautoware_adapi_version_msgs__rosidl_typesupport_c.so
[0.620s] -- Up-to-date: /home/zyme/ros_ws/Autoware_sim_test/install/autoware_adapi_version_msgs/lib/libautoware_adapi_version_msgs__rosidl_typesupport_fastrtps_cpp.so
[0.620s] -- Up-to-date: /home/zyme/ros_ws/Autoware_sim_test/install/autoware_adapi_version_msgs/lib/libautoware_adapi_version_msgs__rosidl_typesupport_introspection_cpp.so
[0.620s] -- Up-to-date: /home/zyme/ros_ws/Autoware_sim_test/install/autoware_adapi_version_msgs/lib/libautoware_adapi_version_msgs__rosidl_typesupport_cpp.so
[0.652s] Listing '/home/zyme/ros_ws/Autoware_sim_test/install/autoware_adapi_version_msgs/local/lib/python3.10/dist-packages/autoware_adapi_version_msgs'...
[0.652s] Listing '/home/zyme/ros_ws/Autoware_sim_test/install/autoware_adapi_version_msgs/local/lib/python3.10/dist-packages/autoware_adapi_version_msgs/srv'...
[0.657s] -- Up-to-date: /home/zyme/ros_ws/Autoware_sim_test/install/autoware_adapi_version_msgs/lib/libautoware_adapi_version_msgs__rosidl_generator_py.so
[0.657s] -- Up-to-date: /home/zyme/ros_ws/Autoware_sim_test/install/autoware_adapi_version_msgs/share/autoware_adapi_version_msgs/cmake/export_autoware_adapi_version_msgs__rosidl_generator_cExport.cmake
[0.658s] -- Up-to-date: /home/zyme/ros_ws/Autoware_sim_test/install/autoware_adapi_version_msgs/share/autoware_adapi_version_msgs/cmake/export_autoware_adapi_version_msgs__rosidl_generator_cExport-release.cmake
[0.658s] -- Up-to-date: /home/zyme/ros_ws/Autoware_sim_test/install/autoware_adapi_version_msgs/share/autoware_adapi_version_msgs/cmake/export_autoware_adapi_version_msgs__rosidl_typesupport_fastrtps_cExport.cmake
[0.658s] -- Up-to-date: /home/zyme/ros_ws/Autoware_sim_test/install/autoware_adapi_version_msgs/share/autoware_adapi_version_msgs/cmake/export_autoware_adapi_version_msgs__rosidl_typesupport_fastrtps_cExport-release.cmake
[0.658s] -- Up-to-date: /home/zyme/ros_ws/Autoware_sim_test/install/autoware_adapi_version_msgs/share/autoware_adapi_version_msgs/cmake/autoware_adapi_version_msgs__rosidl_typesupport_introspection_cExport.cmake
[0.658s] -- Up-to-date: /home/zyme/ros_ws/Autoware_sim_test/install/autoware_adapi_version_msgs/share/autoware_adapi_version_msgs/cmake/autoware_adapi_version_msgs__rosidl_typesupport_introspection_cExport-release.cmake
[0.659s] -- Up-to-date: /home/zyme/ros_ws/Autoware_sim_test/install/autoware_adapi_version_msgs/share/autoware_adapi_version_msgs/cmake/autoware_adapi_version_msgs__rosidl_typesupport_cExport.cmake
[0.659s] -- Up-to-date: /home/zyme/ros_ws/Autoware_sim_test/install/autoware_adapi_version_msgs/share/autoware_adapi_version_msgs/cmake/autoware_adapi_version_msgs__rosidl_typesupport_cExport-release.cmake
[0.659s] -- Up-to-date: /home/zyme/ros_ws/Autoware_sim_test/install/autoware_adapi_version_msgs/share/autoware_adapi_version_msgs/cmake/export_autoware_adapi_version_msgs__rosidl_generator_cppExport.cmake
[0.659s] -- Up-to-date: /home/zyme/ros_ws/Autoware_sim_test/install/autoware_adapi_version_msgs/share/autoware_adapi_version_msgs/cmake/export_autoware_adapi_version_msgs__rosidl_typesupport_fastrtps_cppExport.cmake
[0.659s] -- Up-to-date: /home/zyme/ros_ws/Autoware_sim_test/install/autoware_adapi_version_msgs/share/autoware_adapi_version_msgs/cmake/export_autoware_adapi_version_msgs__rosidl_typesupport_fastrtps_cppExport-release.cmake
[0.660s] -- Up-to-date: /home/zyme/ros_ws/Autoware_sim_test/install/autoware_adapi_version_msgs/share/autoware_adapi_version_msgs/cmake/autoware_adapi_version_msgs__rosidl_typesupport_introspection_cppExport.cmake
[0.660s] -- Up-to-date: /home/zyme/ros_ws/Autoware_sim_test/install/autoware_adapi_version_msgs/share/autoware_adapi_version_msgs/cmake/autoware_adapi_version_msgs__rosidl_typesupport_introspection_cppExport-release.cmake
[0.660s] -- Up-to-date: /home/zyme/ros_ws/Autoware_sim_test/install/autoware_adapi_version_msgs/share/autoware_adapi_version_msgs/cmake/autoware_adapi_version_msgs__rosidl_typesupport_cppExport.cmake
[0.660s] -- Up-to-date: /home/zyme/ros_ws/Autoware_sim_test/install/autoware_adapi_version_msgs/share/autoware_adapi_version_msgs/cmake/autoware_adapi_version_msgs__rosidl_typesupport_cppExport-release.cmake
[0.660s] -- Up-to-date: /home/zyme/ros_ws/Autoware_sim_test/install/autoware_adapi_version_msgs/share/autoware_adapi_version_msgs/cmake/export_autoware_adapi_version_msgs__rosidl_generator_pyExport.cmake
[0.660s] -- Up-to-date: /home/zyme/ros_ws/Autoware_sim_test/install/autoware_adapi_version_msgs/share/autoware_adapi_version_msgs/cmake/export_autoware_adapi_version_msgs__rosidl_generator_pyExport-release.cmake
[0.663s] Invoked command in '/home/zyme/ros_ws/Autoware_sim_test/build/autoware_adapi_version_msgs' returned '0': CMAKE_PREFIX_PATH=/opt/ros/humble /usr/bin/cmake --install /home/zyme/ros_ws/Autoware_sim_test/build/autoware_adapi_version_msgs
