[0.088s] Invoking command in '/home/zyme/ros_ws/Autoware_sim_test/build/bytetrack': AMENT_PREFIX_PATH=/home/zyme/ros_ws/Autoware_sim_test/install/tier4_perception_msgs:/home/zyme/ros_ws/Autoware_sim_test/install/kalman_filter:/home/zyme/ros_ws/Autoware_sim_test/install/cuda_utils:/home/zyme/ros_ws/Autoware_sim_test/install/autoware_cmake:/home/zyme/ros_ws/Autoware_sim_test/install/autoware_auto_perception_msgs:/home/zyme/ros_ws/Autoware_sim_test/install/tensorrt_common:/home/zyme/ros_ws/Autoware_sim_test/install/autoware_lint_common:/home/zyme/ros_ws/Autoware_sim_test/install/autoware_auto_geometry_msgs:${AMENT_PREFIX_PATH} CMAKE_PREFIX_PATH=/home/zyme/ros_ws/Autoware_sim_test/install/tier4_perception_msgs:/home/zyme/ros_ws/Autoware_sim_test/install/kalman_filter:/home/zyme/ros_ws/Autoware_sim_test/install/cuda_utils:/home/zyme/ros_ws/Autoware_sim_test/install/autoware_cmake:/home/zyme/ros_ws/Autoware_sim_test/install/autoware_auto_perception_msgs:/home/zyme/ros_ws/Autoware_sim_test/install/tensorrt_common:/home/zyme/ros_ws/Autoware_sim_test/install/autoware_lint_common:/home/zyme/ros_ws/Autoware_sim_test/install/autoware_auto_geometry_msgs:/opt/ros/humble LD_LIBRARY_PATH=/home/zyme/ros_ws/Autoware_sim_test/install/tier4_perception_msgs/lib:/home/zyme/ros_ws/Autoware_sim_test/install/kalman_filter/lib:/home/zyme/ros_ws/Autoware_sim_test/install/autoware_auto_perception_msgs/lib:/home/zyme/ros_ws/Autoware_sim_test/install/tensorrt_common/lib:/home/zyme/ros_ws/Autoware_sim_test/install/autoware_auto_geometry_msgs/lib:${LD_LIBRARY_PATH} PYTHONPATH=/home/zyme/ros_ws/Autoware_sim_test/install/tier4_perception_msgs/local/lib/python3.10/dist-packages:/home/zyme/ros_ws/Autoware_sim_test/install/autoware_auto_perception_msgs/local/lib/python3.10/dist-packages:/home/zyme/ros_ws/Autoware_sim_test/install/autoware_auto_geometry_msgs/local/lib/python3.10/dist-packages:${PYTHONPATH} /usr/bin/cmake --build /home/zyme/ros_ws/Autoware_sim_test/build/bytetrack -- -j12 -l12
[0.163s] [ 26%] Built target bytetrack_node_exe
[0.163s] [ 26%] Built target bytetrack_visualizer_node_exe
[0.170s] [ 60%] Built target bytetrack_lib
[0.204s] [ 73%] Built target bytetrack
[0.242s] [ 86%] Built target bytetrack_node
[0.291s] [100%] Built target bytetrack_visualizer
[0.313s] Invoked command in '/home/zyme/ros_ws/Autoware_sim_test/build/bytetrack' returned '0': AMENT_PREFIX_PATH=/home/zyme/ros_ws/Autoware_sim_test/install/tier4_perception_msgs:/home/zyme/ros_ws/Autoware_sim_test/install/kalman_filter:/home/zyme/ros_ws/Autoware_sim_test/install/cuda_utils:/home/zyme/ros_ws/Autoware_sim_test/install/autoware_cmake:/home/zyme/ros_ws/Autoware_sim_test/install/autoware_auto_perception_msgs:/home/zyme/ros_ws/Autoware_sim_test/install/tensorrt_common:/home/zyme/ros_ws/Autoware_sim_test/install/autoware_lint_common:/home/zyme/ros_ws/Autoware_sim_test/install/autoware_auto_geometry_msgs:${AMENT_PREFIX_PATH} CMAKE_PREFIX_PATH=/home/zyme/ros_ws/Autoware_sim_test/install/tier4_perception_msgs:/home/zyme/ros_ws/Autoware_sim_test/install/kalman_filter:/home/zyme/ros_ws/Autoware_sim_test/install/cuda_utils:/home/zyme/ros_ws/Autoware_sim_test/install/autoware_cmake:/home/zyme/ros_ws/Autoware_sim_test/install/autoware_auto_perception_msgs:/home/zyme/ros_ws/Autoware_sim_test/install/tensorrt_common:/home/zyme/ros_ws/Autoware_sim_test/install/autoware_lint_common:/home/zyme/ros_ws/Autoware_sim_test/install/autoware_auto_geometry_msgs:/opt/ros/humble LD_LIBRARY_PATH=/home/zyme/ros_ws/Autoware_sim_test/install/tier4_perception_msgs/lib:/home/zyme/ros_ws/Autoware_sim_test/install/kalman_filter/lib:/home/zyme/ros_ws/Autoware_sim_test/install/autoware_auto_perception_msgs/lib:/home/zyme/ros_ws/Autoware_sim_test/install/tensorrt_common/lib:/home/zyme/ros_ws/Autoware_sim_test/install/autoware_auto_geometry_msgs/lib:${LD_LIBRARY_PATH} PYTHONPATH=/home/zyme/ros_ws/Autoware_sim_test/install/tier4_perception_msgs/local/lib/python3.10/dist-packages:/home/zyme/ros_ws/Autoware_sim_test/install/autoware_auto_perception_msgs/local/lib/python3.10/dist-packages:/home/zyme/ros_ws/Autoware_sim_test/install/autoware_auto_geometry_msgs/local/lib/python3.10/dist-packages:${PYTHONPATH} /usr/bin/cmake --build /home/zyme/ros_ws/Autoware_sim_test/build/bytetrack -- -j12 -l12
[0.369s] Invoking command in '/home/zyme/ros_ws/Autoware_sim_test/build/bytetrack': AMENT_PREFIX_PATH=/home/zyme/ros_ws/Autoware_sim_test/install/tier4_perception_msgs:/home/zyme/ros_ws/Autoware_sim_test/install/kalman_filter:/home/zyme/ros_ws/Autoware_sim_test/install/cuda_utils:/home/zyme/ros_ws/Autoware_sim_test/install/autoware_cmake:/home/zyme/ros_ws/Autoware_sim_test/install/autoware_auto_perception_msgs:/home/zyme/ros_ws/Autoware_sim_test/install/tensorrt_common:/home/zyme/ros_ws/Autoware_sim_test/install/autoware_lint_common:/home/zyme/ros_ws/Autoware_sim_test/install/autoware_auto_geometry_msgs:${AMENT_PREFIX_PATH} CMAKE_PREFIX_PATH=/home/zyme/ros_ws/Autoware_sim_test/install/tier4_perception_msgs:/home/zyme/ros_ws/Autoware_sim_test/install/kalman_filter:/home/zyme/ros_ws/Autoware_sim_test/install/cuda_utils:/home/zyme/ros_ws/Autoware_sim_test/install/autoware_cmake:/home/zyme/ros_ws/Autoware_sim_test/install/autoware_auto_perception_msgs:/home/zyme/ros_ws/Autoware_sim_test/install/tensorrt_common:/home/zyme/ros_ws/Autoware_sim_test/install/autoware_lint_common:/home/zyme/ros_ws/Autoware_sim_test/install/autoware_auto_geometry_msgs:/opt/ros/humble LD_LIBRARY_PATH=/home/zyme/ros_ws/Autoware_sim_test/install/tier4_perception_msgs/lib:/home/zyme/ros_ws/Autoware_sim_test/install/kalman_filter/lib:/home/zyme/ros_ws/Autoware_sim_test/install/autoware_auto_perception_msgs/lib:/home/zyme/ros_ws/Autoware_sim_test/install/tensorrt_common/lib:/home/zyme/ros_ws/Autoware_sim_test/install/autoware_auto_geometry_msgs/lib:${LD_LIBRARY_PATH} PYTHONPATH=/home/zyme/ros_ws/Autoware_sim_test/install/tier4_perception_msgs/local/lib/python3.10/dist-packages:/home/zyme/ros_ws/Autoware_sim_test/install/autoware_auto_perception_msgs/local/lib/python3.10/dist-packages:/home/zyme/ros_ws/Autoware_sim_test/install/autoware_auto_geometry_msgs/local/lib/python3.10/dist-packages:${PYTHONPATH} /usr/bin/cmake --install /home/zyme/ros_ws/Autoware_sim_test/build/bytetrack
[0.381s] -- Install configuration: "Release"
[0.382s] -- Execute custom install script
[0.383s] -- Up-to-date symlink: /home/zyme/ros_ws/Autoware_sim_test/install/bytetrack/lib/bytetrack/bytetrack_node_exe
[0.383s] -- Up-to-date symlink: /home/zyme/ros_ws/Autoware_sim_test/install/bytetrack/lib/bytetrack/bytetrack_visualizer_node_exe
[0.384s] -- Up-to-date symlink: /home/zyme/ros_ws/Autoware_sim_test/install/bytetrack/include/bytetrack/bytetrack.hpp
[0.385s] -- Up-to-date symlink: /home/zyme/ros_ws/Autoware_sim_test/install/bytetrack/include/bytetrack/bytetrack_node.hpp
[0.385s] -- Up-to-date symlink: /home/zyme/ros_ws/Autoware_sim_test/install/bytetrack/include/bytetrack/bytetrack_visualizer_node.hpp
[0.386s] -- Up-to-date symlink: /home/zyme/ros_ws/Autoware_sim_test/install/bytetrack/share/bytetrack/environment/library_path.sh
[0.386s] -- Up-to-date symlink: /home/zyme/ros_ws/Autoware_sim_test/install/bytetrack/share/bytetrack/environment/library_path.dsv
[0.387s] -- Up-to-date symlink: /home/zyme/ros_ws/Autoware_sim_test/install/bytetrack/lib/libbytetrack_lib.so
[0.387s] -- Up-to-date symlink: /home/zyme/ros_ws/Autoware_sim_test/install/bytetrack/lib/libbytetrack.so
[0.388s] -- Up-to-date symlink: /home/zyme/ros_ws/Autoware_sim_test/install/bytetrack/lib/libbytetrack_node.so
[0.388s] -- Up-to-date symlink: /home/zyme/ros_ws/Autoware_sim_test/install/bytetrack/lib/libbytetrack_visualizer.so
[0.389s] -- Up-to-date symlink: /home/zyme/ros_ws/Autoware_sim_test/install/bytetrack/share/bytetrack/launch/bytetrack.launch.xml
[0.390s] -- Up-to-date symlink: /home/zyme/ros_ws/Autoware_sim_test/install/bytetrack/share/bytetrack/config/bytetracker.param.yaml
[0.391s] -- Up-to-date symlink: /home/zyme/ros_ws/Autoware_sim_test/install/bytetrack/share/ament_index/resource_index/package_run_dependencies/bytetrack
[0.392s] -- Up-to-date symlink: /home/zyme/ros_ws/Autoware_sim_test/install/bytetrack/share/ament_index/resource_index/parent_prefix_path/bytetrack
[0.392s] -- Up-to-date symlink: /home/zyme/ros_ws/Autoware_sim_test/install/bytetrack/share/bytetrack/environment/ament_prefix_path.sh
[0.392s] -- Up-to-date symlink: /home/zyme/ros_ws/Autoware_sim_test/install/bytetrack/share/bytetrack/environment/ament_prefix_path.dsv
[0.393s] -- Up-to-date symlink: /home/zyme/ros_ws/Autoware_sim_test/install/bytetrack/share/bytetrack/environment/path.sh
[0.393s] -- Up-to-date symlink: /home/zyme/ros_ws/Autoware_sim_test/install/bytetrack/share/bytetrack/environment/path.dsv
[0.393s] -- Up-to-date symlink: /home/zyme/ros_ws/Autoware_sim_test/install/bytetrack/share/bytetrack/local_setup.bash
[0.394s] -- Up-to-date symlink: /home/zyme/ros_ws/Autoware_sim_test/install/bytetrack/share/bytetrack/local_setup.sh
[0.394s] -- Up-to-date symlink: /home/zyme/ros_ws/Autoware_sim_test/install/bytetrack/share/bytetrack/local_setup.zsh
[0.395s] -- Up-to-date symlink: /home/zyme/ros_ws/Autoware_sim_test/install/bytetrack/share/bytetrack/local_setup.dsv
[0.395s] -- Symlinking: /home/zyme/ros_ws/Autoware_sim_test/install/bytetrack/share/bytetrack/package.dsv
[0.408s] -- Up-to-date symlink: /home/zyme/ros_ws/Autoware_sim_test/install/bytetrack/share/ament_index/resource_index/packages/bytetrack
[0.409s] -- Up-to-date symlink: /home/zyme/ros_ws/Autoware_sim_test/install/bytetrack/share/ament_index/resource_index/rclcpp_components/bytetrack
[0.409s] -- Up-to-date symlink: /home/zyme/ros_ws/Autoware_sim_test/install/bytetrack/share/bytetrack/cmake/ament_cmake_export_dependencies-extras.cmake
[0.409s] -- Up-to-date symlink: /home/zyme/ros_ws/Autoware_sim_test/install/bytetrack/share/bytetrack/cmake/ament_cmake_export_include_directories-extras.cmake
[0.410s] -- Up-to-date symlink: /home/zyme/ros_ws/Autoware_sim_test/install/bytetrack/share/bytetrack/cmake/ament_cmake_export_libraries-extras.cmake
[0.410s] -- Up-to-date symlink: /home/zyme/ros_ws/Autoware_sim_test/install/bytetrack/share/bytetrack/cmake/bytetrackConfig.cmake
[0.411s] -- Up-to-date symlink: /home/zyme/ros_ws/Autoware_sim_test/install/bytetrack/share/bytetrack/cmake/bytetrackConfig-version.cmake
[0.411s] -- Up-to-date symlink: /home/zyme/ros_ws/Autoware_sim_test/install/bytetrack/share/bytetrack/package.xml
[0.414s] Invoked command in '/home/zyme/ros_ws/Autoware_sim_test/build/bytetrack' returned '0': AMENT_PREFIX_PATH=/home/zyme/ros_ws/Autoware_sim_test/install/tier4_perception_msgs:/home/zyme/ros_ws/Autoware_sim_test/install/kalman_filter:/home/zyme/ros_ws/Autoware_sim_test/install/cuda_utils:/home/zyme/ros_ws/Autoware_sim_test/install/autoware_cmake:/home/zyme/ros_ws/Autoware_sim_test/install/autoware_auto_perception_msgs:/home/zyme/ros_ws/Autoware_sim_test/install/tensorrt_common:/home/zyme/ros_ws/Autoware_sim_test/install/autoware_lint_common:/home/zyme/ros_ws/Autoware_sim_test/install/autoware_auto_geometry_msgs:${AMENT_PREFIX_PATH} CMAKE_PREFIX_PATH=/home/zyme/ros_ws/Autoware_sim_test/install/tier4_perception_msgs:/home/zyme/ros_ws/Autoware_sim_test/install/kalman_filter:/home/zyme/ros_ws/Autoware_sim_test/install/cuda_utils:/home/zyme/ros_ws/Autoware_sim_test/install/autoware_cmake:/home/zyme/ros_ws/Autoware_sim_test/install/autoware_auto_perception_msgs:/home/zyme/ros_ws/Autoware_sim_test/install/tensorrt_common:/home/zyme/ros_ws/Autoware_sim_test/install/autoware_lint_common:/home/zyme/ros_ws/Autoware_sim_test/install/autoware_auto_geometry_msgs:/opt/ros/humble LD_LIBRARY_PATH=/home/zyme/ros_ws/Autoware_sim_test/install/tier4_perception_msgs/lib:/home/zyme/ros_ws/Autoware_sim_test/install/kalman_filter/lib:/home/zyme/ros_ws/Autoware_sim_test/install/autoware_auto_perception_msgs/lib:/home/zyme/ros_ws/Autoware_sim_test/install/tensorrt_common/lib:/home/zyme/ros_ws/Autoware_sim_test/install/autoware_auto_geometry_msgs/lib:${LD_LIBRARY_PATH} PYTHONPATH=/home/zyme/ros_ws/Autoware_sim_test/install/tier4_perception_msgs/local/lib/python3.10/dist-packages:/home/zyme/ros_ws/Autoware_sim_test/install/autoware_auto_perception_msgs/local/lib/python3.10/dist-packages:/home/zyme/ros_ws/Autoware_sim_test/install/autoware_auto_geometry_msgs/local/lib/python3.10/dist-packages:${PYTHONPATH} /usr/bin/cmake --install /home/zyme/ros_ws/Autoware_sim_test/build/bytetrack
