[0.052s] Invoking command in '/home/zyme/ros_ws/Autoware_sim_test/build/autoware_auto_system_msgs': CMAKE_PREFIX_PATH=/opt/ros/humble /usr/bin/cmake /home/zyme/ros_ws/Autoware_sim_test/src/autoware/src/core/external/autoware_auto_msgs/autoware_auto_system_msgs -DCMAKE_BUILD_TYPE=Release -DCMAKE_CXX_FLAGS=-w -DAMENT_CMAKE_SYMLINK_INSTALL=1 -DCMAKE_INSTALL_PREFIX=/home/zyme/ros_ws/Autoware_sim_test/install/autoware_auto_system_msgs
[0.101s] -- The C compiler identification is GNU 11.4.0
[0.153s] -- The CXX compiler identification is GNU 11.4.0
[0.159s] -- Detecting C compiler ABI info
[0.220s] -- Detecting C compiler ABI info - done
[0.226s] -- Check for working C compiler: /usr/bin/cc - skipped
[0.226s] -- Detecting C compile features
[0.227s] -- Detecting C compile features - done
[0.229s] -- Detecting CXX compiler ABI info
[0.301s] -- Detecting CXX compiler ABI info - done
[0.308s] -- Check for working CXX compiler: /usr/bin/c++ - skipped
[0.309s] -- Detecting CXX compile features
[0.309s] -- Detecting CXX compile features - done
[0.311s] -- Found ament_cmake_auto: 1.3.8 (/opt/ros/humble/share/ament_cmake_auto/cmake)
[0.446s] -- Found Python3: /usr/bin/python3 (found version "3.10.12") found components: Interpreter 
[0.499s] -- Override CMake install command with custom implementation using symlinks instead of copying resources
[0.578s] -- Using all available rosidl_typesupport_c: rosidl_typesupport_fastrtps_c;rosidl_typesupport_introspection_c
[0.584s] -- Found rosidl_adapter: 3.1.5 (/opt/ros/humble/share/rosidl_adapter/cmake)
[0.621s] -- Using all available rosidl_typesupport_cpp: rosidl_typesupport_fastrtps_cpp;rosidl_typesupport_introspection_cpp
[0.856s] -- Found ament_cmake_cppcheck: 0.12.10 (/opt/ros/humble/share/ament_cmake_cppcheck/cmake)
[0.858s] -- Found ament_cmake_cpplint: 0.12.10 (/opt/ros/humble/share/ament_cmake_cpplint/cmake)
[0.859s] -- Found ament_cmake_uncrustify: 0.12.10 (/opt/ros/humble/share/ament_cmake_uncrustify/cmake)
[0.861s] -- Found ament_cmake_ros: 0.10.0 (/opt/ros/humble/share/ament_cmake_ros/cmake)
[1.068s] -- Using all available rosidl_typesupport_c: rosidl_typesupport_fastrtps_c;rosidl_typesupport_introspection_c
[1.337s] -- Using all available rosidl_typesupport_cpp: rosidl_typesupport_fastrtps_cpp;rosidl_typesupport_introspection_cpp
[1.359s] -- Found PythonInterp: /usr/bin/python3 (found suitable version "3.10.12", minimum required is "3.6") 
[1.360s] -- Found python_cmake_module: 0.10.0 (/opt/ros/humble/share/python_cmake_module/cmake)
[1.384s] -- Found PythonLibs: /usr/lib/x86_64-linux-gnu/libpython3.10.so (found suitable version "3.10.12", minimum required is "3.5") 
[1.384s] -- Using PYTHON_EXECUTABLE: /usr/bin/python3
[1.384s] -- Using PYTHON_INCLUDE_DIRS: /usr/include/python3.10
[1.384s] -- Using PYTHON_LIBRARIES: /usr/lib/x86_64-linux-gnu/libpython3.10.so
[1.403s] -- Found PythonExtra: .so  
[1.453s] -- Found ament_cmake_flake8: 0.12.10 (/opt/ros/humble/share/ament_cmake_flake8/cmake)
[1.454s] -- Found ament_cmake_pep257: 0.12.10 (/opt/ros/humble/share/ament_cmake_pep257/cmake)
[1.457s] -- Found ament_lint_auto: 0.12.10 (/opt/ros/humble/share/ament_lint_auto/cmake)
[1.472s] -- Added test 'copyright' to check source files copyright and LICENSE
[1.472s] -- Added test 'lint_cmake' to check CMake code style
[1.473s] -- Added test 'xmllint' to check XML markup files
[1.476s] -- Configuring done
[1.519s] -- Generating done
[1.522s] -- Build files have been written to: /home/zyme/ros_ws/Autoware_sim_test/build/autoware_auto_system_msgs
[1.529s] Invoked command in '/home/zyme/ros_ws/Autoware_sim_test/build/autoware_auto_system_msgs' returned '0': CMAKE_PREFIX_PATH=/opt/ros/humble /usr/bin/cmake /home/zyme/ros_ws/Autoware_sim_test/src/autoware/src/core/external/autoware_auto_msgs/autoware_auto_system_msgs -DCMAKE_BUILD_TYPE=Release -DCMAKE_CXX_FLAGS=-w -DAMENT_CMAKE_SYMLINK_INSTALL=1 -DCMAKE_INSTALL_PREFIX=/home/zyme/ros_ws/Autoware_sim_test/install/autoware_auto_system_msgs
[1.530s] Invoking command in '/home/zyme/ros_ws/Autoware_sim_test/build/autoware_auto_system_msgs': CMAKE_PREFIX_PATH=/opt/ros/humble /usr/bin/cmake --build /home/zyme/ros_ws/Autoware_sim_test/build/autoware_auto_system_msgs -- -j12 -l12
[1.568s] [  1%] [34m[1mGenerating C code for ROS interfaces[0m
[1.579s] [  2%] [34m[1mGenerating C++ code for ROS interfaces[0m
[1.588s] [  2%] Built target ament_cmake_python_symlink_autoware_auto_system_msgs
[1.854s] running egg_info
[1.854s] creating autoware_auto_system_msgs.egg-info
[1.854s] writing autoware_auto_system_msgs.egg-info/PKG-INFO
[1.855s] writing dependency_links to autoware_auto_system_msgs.egg-info/dependency_links.txt
[1.855s] writing top-level names to autoware_auto_system_msgs.egg-info/top_level.txt
[1.855s] writing manifest file 'autoware_auto_system_msgs.egg-info/SOURCES.txt'
[1.857s] reading manifest file 'autoware_auto_system_msgs.egg-info/SOURCES.txt'
[1.857s] writing manifest file 'autoware_auto_system_msgs.egg-info/SOURCES.txt'
[1.884s] [  2%] Built target ament_cmake_python_build_autoware_auto_system_msgs_egg
[2.408s] [  2%] Built target autoware_auto_system_msgs__cpp
[2.432s] [  3%] [34m[1mGenerating C++ type support dispatch for ROS interfaces[0m
[2.437s] [  5%] [34m[1mGenerating C++ type support for eProsima Fast-RTPS[0m
[2.437s] [  6%] [34m[1mGenerating C++ introspection for ROS interfaces[0m
[2.488s] [  8%] [32mBuilding C object CMakeFiles/autoware_auto_system_msgs__rosidl_generator_c.dir/rosidl_generator_c/autoware_auto_system_msgs/msg/detail/diagnostic_header__functions.c.o[0m
[2.488s] [  8%] [32mBuilding C object CMakeFiles/autoware_auto_system_msgs__rosidl_generator_c.dir/rosidl_generator_c/autoware_auto_system_msgs/msg/detail/control_diagnostic__functions.c.o[0m
[2.492s] [ 10%] [32mBuilding C object CMakeFiles/autoware_auto_system_msgs__rosidl_generator_c.dir/rosidl_generator_c/autoware_auto_system_msgs/msg/detail/autoware_state__functions.c.o[0m
[2.493s] [ 11%] [32mBuilding C object CMakeFiles/autoware_auto_system_msgs__rosidl_generator_c.dir/rosidl_generator_c/autoware_auto_system_msgs/msg/detail/driving_capability__functions.c.o[0m
[2.493s] [ 12%] [32mBuilding C object CMakeFiles/autoware_auto_system_msgs__rosidl_generator_c.dir/rosidl_generator_c/autoware_auto_system_msgs/msg/detail/emergency_state__functions.c.o[0m
[2.493s] [ 13%] [32mBuilding C object CMakeFiles/autoware_auto_system_msgs__rosidl_generator_c.dir/rosidl_generator_c/autoware_auto_system_msgs/msg/detail/hazard_status_stamped__functions.c.o[0m
[2.493s] [ 15%] [32mBuilding C object CMakeFiles/autoware_auto_system_msgs__rosidl_generator_c.dir/rosidl_generator_c/autoware_auto_system_msgs/msg/detail/hazard_status__functions.c.o[0m
[2.697s] [ 16%] [32m[1mLinking C shared library libautoware_auto_system_msgs__rosidl_generator_c.so[0m
[2.738s] [ 16%] Built target autoware_auto_system_msgs__rosidl_generator_c
[2.751s] [ 20%] [34m[1mGenerating C introspection for ROS interfaces[0m
[2.751s] [ 20%] [34m[1mGenerating C type support dispatch for ROS interfaces[0m
[2.751s] [ 20%] [34m[1mGenerating C type support for eProsima Fast-RTPS[0m
[3.382s] [ 22%] [32mBuilding CXX object CMakeFiles/autoware_auto_system_msgs__rosidl_typesupport_cpp.dir/rosidl_typesupport_cpp/autoware_auto_system_msgs/msg/autoware_state__type_support.cpp.o[0m
[3.383s] [ 22%] [32mBuilding CXX object CMakeFiles/autoware_auto_system_msgs__rosidl_typesupport_cpp.dir/rosidl_typesupport_cpp/autoware_auto_system_msgs/msg/control_diagnostic__type_support.cpp.o[0m
[3.383s] [ 25%] [32mBuilding CXX object CMakeFiles/autoware_auto_system_msgs__rosidl_typesupport_cpp.dir/rosidl_typesupport_cpp/autoware_auto_system_msgs/msg/emergency_state__type_support.cpp.o[0m
[3.383s] [ 25%] [32mBuilding CXX object CMakeFiles/autoware_auto_system_msgs__rosidl_typesupport_cpp.dir/rosidl_typesupport_cpp/autoware_auto_system_msgs/msg/diagnostic_header__type_support.cpp.o[0m
[3.383s] [ 26%] [32mBuilding CXX object CMakeFiles/autoware_auto_system_msgs__rosidl_typesupport_cpp.dir/rosidl_typesupport_cpp/autoware_auto_system_msgs/msg/driving_capability__type_support.cpp.o[0m
[3.392s] [ 27%] [32mBuilding CXX object CMakeFiles/autoware_auto_system_msgs__rosidl_typesupport_cpp.dir/rosidl_typesupport_cpp/autoware_auto_system_msgs/msg/hazard_status_stamped__type_support.cpp.o[0m
[3.395s] [ 29%] [32mBuilding CXX object CMakeFiles/autoware_auto_system_msgs__rosidl_typesupport_cpp.dir/rosidl_typesupport_cpp/autoware_auto_system_msgs/msg/hazard_status__type_support.cpp.o[0m
[3.997s] [ 30%] [32mBuilding CXX object CMakeFiles/autoware_auto_system_msgs__rosidl_typesupport_introspection_cpp.dir/rosidl_typesupport_introspection_cpp/autoware_auto_system_msgs/msg/detail/autoware_state__type_support.cpp.o[0m
[4.056s] [ 31%] [32mBuilding CXX object CMakeFiles/autoware_auto_system_msgs__rosidl_typesupport_introspection_cpp.dir/rosidl_typesupport_introspection_cpp/autoware_auto_system_msgs/msg/detail/diagnostic_header__type_support.cpp.o[0m
[4.059s] [ 32%] [32mBuilding CXX object CMakeFiles/autoware_auto_system_msgs__rosidl_typesupport_introspection_cpp.dir/rosidl_typesupport_introspection_cpp/autoware_auto_system_msgs/msg/detail/control_diagnostic__type_support.cpp.o[0m
[4.086s] [ 34%] [32mBuilding CXX object CMakeFiles/autoware_auto_system_msgs__rosidl_typesupport_introspection_cpp.dir/rosidl_typesupport_introspection_cpp/autoware_auto_system_msgs/msg/detail/driving_capability__type_support.cpp.o[0m
[4.100s] [ 35%] [32mBuilding CXX object CMakeFiles/autoware_auto_system_msgs__rosidl_typesupport_introspection_cpp.dir/rosidl_typesupport_introspection_cpp/autoware_auto_system_msgs/msg/detail/emergency_state__type_support.cpp.o[0m
[4.116s] [ 36%] [32mBuilding CXX object CMakeFiles/autoware_auto_system_msgs__rosidl_typesupport_introspection_cpp.dir/rosidl_typesupport_introspection_cpp/autoware_auto_system_msgs/msg/detail/hazard_status__type_support.cpp.o[0m
[4.116s] [ 37%] [32mBuilding CXX object CMakeFiles/autoware_auto_system_msgs__rosidl_typesupport_c.dir/rosidl_typesupport_c/autoware_auto_system_msgs/msg/autoware_state__type_support.cpp.o[0m
[4.122s] [ 39%] [32mBuilding CXX object CMakeFiles/autoware_auto_system_msgs__rosidl_typesupport_introspection_cpp.dir/rosidl_typesupport_introspection_cpp/autoware_auto_system_msgs/msg/detail/hazard_status_stamped__type_support.cpp.o[0m
[4.137s] [ 40%] [32m[1mLinking CXX shared library libautoware_auto_system_msgs__rosidl_typesupport_cpp.so[0m
[4.169s] [ 41%] [32mBuilding CXX object CMakeFiles/autoware_auto_system_msgs__rosidl_typesupport_fastrtps_cpp.dir/rosidl_typesupport_fastrtps_cpp/autoware_auto_system_msgs/msg/detail/dds_fastrtps/autoware_state__type_support.cpp.o[0m
[4.187s] [ 43%] [32mBuilding CXX object CMakeFiles/autoware_auto_system_msgs__rosidl_typesupport_c.dir/rosidl_typesupport_c/autoware_auto_system_msgs/msg/control_diagnostic__type_support.cpp.o[0m
[4.247s] [ 43%] Built target autoware_auto_system_msgs__rosidl_typesupport_cpp
[4.264s] [ 44%] [32mBuilding CXX object CMakeFiles/autoware_auto_system_msgs__rosidl_typesupport_c.dir/rosidl_typesupport_c/autoware_auto_system_msgs/msg/diagnostic_header__type_support.cpp.o[0m
[4.266s] [ 45%] [32mBuilding CXX object CMakeFiles/autoware_auto_system_msgs__rosidl_typesupport_c.dir/rosidl_typesupport_c/autoware_auto_system_msgs/msg/driving_capability__type_support.cpp.o[0m
[4.344s] [ 46%] [32mBuilding CXX object CMakeFiles/autoware_auto_system_msgs__rosidl_typesupport_fastrtps_cpp.dir/rosidl_typesupport_fastrtps_cpp/autoware_auto_system_msgs/msg/detail/dds_fastrtps/control_diagnostic__type_support.cpp.o[0m
[4.344s] [ 48%] [32mBuilding CXX object CMakeFiles/autoware_auto_system_msgs__rosidl_typesupport_c.dir/rosidl_typesupport_c/autoware_auto_system_msgs/msg/emergency_state__type_support.cpp.o[0m
[4.426s] [ 49%] [32mBuilding CXX object CMakeFiles/autoware_auto_system_msgs__rosidl_typesupport_c.dir/rosidl_typesupport_c/autoware_auto_system_msgs/msg/hazard_status__type_support.cpp.o[0m
[4.501s] [ 50%] [32mBuilding C object CMakeFiles/autoware_auto_system_msgs__rosidl_typesupport_introspection_c.dir/rosidl_typesupport_introspection_c/autoware_auto_system_msgs/msg/detail/autoware_state__type_support.c.o[0m
[4.502s] [ 51%] [32mBuilding CXX object CMakeFiles/autoware_auto_system_msgs__rosidl_typesupport_c.dir/rosidl_typesupport_c/autoware_auto_system_msgs/msg/hazard_status_stamped__type_support.cpp.o[0m
[4.565s] [ 53%] [32mBuilding CXX object CMakeFiles/autoware_auto_system_msgs__rosidl_typesupport_fastrtps_c.dir/rosidl_typesupport_fastrtps_c/autoware_auto_system_msgs/msg/detail/autoware_state__type_support_c.cpp.o[0m
[4.591s] [ 54%] [32m[1mLinking CXX shared library libautoware_auto_system_msgs__rosidl_typesupport_c.so[0m
[4.600s] [ 55%] [32mBuilding C object CMakeFiles/autoware_auto_system_msgs__rosidl_typesupport_introspection_c.dir/rosidl_typesupport_introspection_c/autoware_auto_system_msgs/msg/detail/control_diagnostic__type_support.c.o[0m
[4.704s] [ 56%] [32mBuilding C object CMakeFiles/autoware_auto_system_msgs__rosidl_typesupport_introspection_c.dir/rosidl_typesupport_introspection_c/autoware_auto_system_msgs/msg/detail/diagnostic_header__type_support.c.o[0m
[4.705s] [ 56%] Built target autoware_auto_system_msgs__rosidl_typesupport_c
[4.727s] [ 58%] [32mBuilding CXX object CMakeFiles/autoware_auto_system_msgs__rosidl_typesupport_fastrtps_cpp.dir/rosidl_typesupport_fastrtps_cpp/autoware_auto_system_msgs/msg/detail/dds_fastrtps/diagnostic_header__type_support.cpp.o[0m
[4.808s] [ 59%] [32mBuilding C object CMakeFiles/autoware_auto_system_msgs__rosidl_typesupport_introspection_c.dir/rosidl_typesupport_introspection_c/autoware_auto_system_msgs/msg/detail/driving_capability__type_support.c.o[0m
[4.909s] [ 60%] [32mBuilding C object CMakeFiles/autoware_auto_system_msgs__rosidl_typesupport_introspection_c.dir/rosidl_typesupport_introspection_c/autoware_auto_system_msgs/msg/detail/emergency_state__type_support.c.o[0m
[4.966s] [ 62%] [32mBuilding CXX object CMakeFiles/autoware_auto_system_msgs__rosidl_typesupport_fastrtps_cpp.dir/rosidl_typesupport_fastrtps_cpp/autoware_auto_system_msgs/msg/detail/dds_fastrtps/driving_capability__type_support.cpp.o[0m
[5.004s] [ 63%] [32mBuilding C object CMakeFiles/autoware_auto_system_msgs__rosidl_typesupport_introspection_c.dir/rosidl_typesupport_introspection_c/autoware_auto_system_msgs/msg/detail/hazard_status__type_support.c.o[0m
[5.056s] [ 64%] [32mBuilding CXX object CMakeFiles/autoware_auto_system_msgs__rosidl_typesupport_fastrtps_c.dir/rosidl_typesupport_fastrtps_c/autoware_auto_system_msgs/msg/detail/control_diagnostic__type_support_c.cpp.o[0m
[5.076s] [ 65%] [32mBuilding CXX object CMakeFiles/autoware_auto_system_msgs__rosidl_typesupport_fastrtps_cpp.dir/rosidl_typesupport_fastrtps_cpp/autoware_auto_system_msgs/msg/detail/dds_fastrtps/emergency_state__type_support.cpp.o[0m
[5.084s] [ 67%] [32mBuilding C object CMakeFiles/autoware_auto_system_msgs__rosidl_typesupport_introspection_c.dir/rosidl_typesupport_introspection_c/autoware_auto_system_msgs/msg/detail/hazard_status_stamped__type_support.c.o[0m
[5.192s] [ 68%] [32mBuilding CXX object CMakeFiles/autoware_auto_system_msgs__rosidl_typesupport_fastrtps_cpp.dir/rosidl_typesupport_fastrtps_cpp/autoware_auto_system_msgs/msg/detail/dds_fastrtps/hazard_status__type_support.cpp.o[0m
[5.194s] [ 69%] [32m[1mLinking C shared library libautoware_auto_system_msgs__rosidl_typesupport_introspection_c.so[0m
[5.221s] [ 70%] [32mBuilding CXX object CMakeFiles/autoware_auto_system_msgs__rosidl_typesupport_fastrtps_cpp.dir/rosidl_typesupport_fastrtps_cpp/autoware_auto_system_msgs/msg/detail/dds_fastrtps/hazard_status_stamped__type_support.cpp.o[0m
[5.253s] [ 72%] [32mBuilding CXX object CMakeFiles/autoware_auto_system_msgs__rosidl_typesupport_fastrtps_c.dir/rosidl_typesupport_fastrtps_c/autoware_auto_system_msgs/msg/detail/diagnostic_header__type_support_c.cpp.o[0m
[5.279s] [ 72%] Built target autoware_auto_system_msgs__rosidl_typesupport_introspection_c
[5.281s] [ 73%] [32mBuilding CXX object CMakeFiles/autoware_auto_system_msgs__rosidl_typesupport_fastrtps_c.dir/rosidl_typesupport_fastrtps_c/autoware_auto_system_msgs/msg/detail/driving_capability__type_support_c.cpp.o[0m
[5.308s] [ 74%] [32mBuilding CXX object CMakeFiles/autoware_auto_system_msgs__rosidl_typesupport_fastrtps_c.dir/rosidl_typesupport_fastrtps_c/autoware_auto_system_msgs/msg/detail/emergency_state__type_support_c.cpp.o[0m
[5.496s] [ 75%] [32mBuilding CXX object CMakeFiles/autoware_auto_system_msgs__rosidl_typesupport_fastrtps_c.dir/rosidl_typesupport_fastrtps_c/autoware_auto_system_msgs/msg/detail/hazard_status__type_support_c.cpp.o[0m
[5.568s] [ 77%] [32mBuilding CXX object CMakeFiles/autoware_auto_system_msgs__rosidl_typesupport_fastrtps_c.dir/rosidl_typesupport_fastrtps_c/autoware_auto_system_msgs/msg/detail/hazard_status_stamped__type_support_c.cpp.o[0m
[5.801s] [ 78%] [32m[1mLinking CXX shared library libautoware_auto_system_msgs__rosidl_typesupport_introspection_cpp.so[0m
[6.009s] [ 78%] Built target autoware_auto_system_msgs__rosidl_typesupport_introspection_cpp
[6.232s] [ 79%] [32m[1mLinking CXX shared library libautoware_auto_system_msgs__rosidl_typesupport_fastrtps_c.so[0m
[6.292s] [ 81%] [32m[1mLinking CXX shared library libautoware_auto_system_msgs__rosidl_typesupport_fastrtps_cpp.so[0m
[6.312s] [ 81%] Built target autoware_auto_system_msgs__rosidl_typesupport_fastrtps_c
[6.362s] [ 81%] Built target autoware_auto_system_msgs__rosidl_typesupport_fastrtps_cpp
[6.380s] [ 81%] Built target autoware_auto_system_msgs
[6.398s] [ 82%] [34m[1mGenerating Python code for ROS interfaces[0m
[7.729s] [ 82%] Built target autoware_auto_system_msgs__py
[7.750s] [ 87%] [32mBuilding C object CMakeFiles/autoware_auto_system_msgs__rosidl_generator_py.dir/rosidl_generator_py/autoware_auto_system_msgs/msg/_control_diagnostic_s.c.o[0m
[7.751s] [ 87%] [32mBuilding C object CMakeFiles/autoware_auto_system_msgs__rosidl_generator_py.dir/rosidl_generator_py/autoware_auto_system_msgs/msg/_diagnostic_header_s.c.o[0m
[7.751s] [ 87%] [32mBuilding C object CMakeFiles/autoware_auto_system_msgs__rosidl_generator_py.dir/rosidl_generator_py/autoware_auto_system_msgs/msg/_emergency_state_s.c.o[0m
[7.751s] [ 87%] [32mBuilding C object CMakeFiles/autoware_auto_system_msgs__rosidl_generator_py.dir/rosidl_generator_py/autoware_auto_system_msgs/msg/_driving_capability_s.c.o[0m
[7.751s] [ 88%] [32mBuilding C object CMakeFiles/autoware_auto_system_msgs__rosidl_generator_py.dir/rosidl_generator_py/autoware_auto_system_msgs/msg/_hazard_status_s.c.o[0m
[7.753s] [ 89%] [32mBuilding C object CMakeFiles/autoware_auto_system_msgs__rosidl_generator_py.dir/rosidl_generator_py/autoware_auto_system_msgs/msg/_autoware_state_s.c.o[0m
[7.756s] [ 91%] [32mBuilding C object CMakeFiles/autoware_auto_system_msgs__rosidl_generator_py.dir/rosidl_generator_py/autoware_auto_system_msgs/msg/_hazard_status_stamped_s.c.o[0m
[8.007s] [ 92%] [32m[1mLinking C shared library rosidl_generator_py/autoware_auto_system_msgs/libautoware_auto_system_msgs__rosidl_generator_py.so[0m
[8.046s] [ 92%] Built target autoware_auto_system_msgs__rosidl_generator_py
[8.065s] [ 96%] [32mBuilding C object CMakeFiles/autoware_auto_system_msgs__rosidl_typesupport_fastrtps_c__pyext.dir/rosidl_generator_py/autoware_auto_system_msgs/_autoware_auto_system_msgs_s.ep.rosidl_typesupport_fastrtps_c.c.o[0m
[8.066s] [ 96%] [32mBuilding C object CMakeFiles/autoware_auto_system_msgs__rosidl_typesupport_c__pyext.dir/rosidl_generator_py/autoware_auto_system_msgs/_autoware_auto_system_msgs_s.ep.rosidl_typesupport_c.c.o[0m
[8.066s] [ 96%] [32mBuilding C object CMakeFiles/autoware_auto_system_msgs__rosidl_typesupport_introspection_c__pyext.dir/rosidl_generator_py/autoware_auto_system_msgs/_autoware_auto_system_msgs_s.ep.rosidl_typesupport_introspection_c.c.o[0m
[8.242s] [ 98%] [32m[1mLinking C shared library rosidl_generator_py/autoware_auto_system_msgs/autoware_auto_system_msgs_s__rosidl_typesupport_introspection_c.cpython-310-x86_64-linux-gnu.so[0m
[8.242s] [ 98%] [32m[1mLinking C shared library rosidl_generator_py/autoware_auto_system_msgs/autoware_auto_system_msgs_s__rosidl_typesupport_fastrtps_c.cpython-310-x86_64-linux-gnu.so[0m
[8.243s] [100%] [32m[1mLinking C shared library rosidl_generator_py/autoware_auto_system_msgs/autoware_auto_system_msgs_s__rosidl_typesupport_c.cpython-310-x86_64-linux-gnu.so[0m
[8.282s] [100%] Built target autoware_auto_system_msgs__rosidl_typesupport_c__pyext
[8.282s] [100%] Built target autoware_auto_system_msgs__rosidl_typesupport_introspection_c__pyext
[8.282s] [100%] Built target autoware_auto_system_msgs__rosidl_typesupport_fastrtps_c__pyext
[8.293s] Invoked command in '/home/zyme/ros_ws/Autoware_sim_test/build/autoware_auto_system_msgs' returned '0': CMAKE_PREFIX_PATH=/opt/ros/humble /usr/bin/cmake --build /home/zyme/ros_ws/Autoware_sim_test/build/autoware_auto_system_msgs -- -j12 -l12
[8.690s] Invoking command in '/home/zyme/ros_ws/Autoware_sim_test/build/autoware_auto_system_msgs': CMAKE_PREFIX_PATH=/opt/ros/humble /usr/bin/cmake --install /home/zyme/ros_ws/Autoware_sim_test/build/autoware_auto_system_msgs
[8.713s] -- Install configuration: "Release"
[8.714s] -- Execute custom install script
[8.715s] -- Symlinking: /home/zyme/ros_ws/Autoware_sim_test/install/autoware_auto_system_msgs/share/ament_index/resource_index/rosidl_interfaces/autoware_auto_system_msgs
[8.732s] -- Symlinking: /home/zyme/ros_ws/Autoware_sim_test/install/autoware_auto_system_msgs/include/autoware_auto_system_msgs/autoware_auto_system_msgs/msg/autoware_state.h
[8.748s] -- Symlinking: /home/zyme/ros_ws/Autoware_sim_test/install/autoware_auto_system_msgs/include/autoware_auto_system_msgs/autoware_auto_system_msgs/msg/control_diagnostic.h
[8.760s] -- Symlinking: /home/zyme/ros_ws/Autoware_sim_test/install/autoware_auto_system_msgs/include/autoware_auto_system_msgs/autoware_auto_system_msgs/msg/detail/autoware_state__functions.h
[8.770s] -- Symlinking: /home/zyme/ros_ws/Autoware_sim_test/install/autoware_auto_system_msgs/include/autoware_auto_system_msgs/autoware_auto_system_msgs/msg/detail/autoware_state__struct.h
[8.780s] -- Symlinking: /home/zyme/ros_ws/Autoware_sim_test/install/autoware_auto_system_msgs/include/autoware_auto_system_msgs/autoware_auto_system_msgs/msg/detail/autoware_state__type_support.h
[8.789s] -- Symlinking: /home/zyme/ros_ws/Autoware_sim_test/install/autoware_auto_system_msgs/include/autoware_auto_system_msgs/autoware_auto_system_msgs/msg/detail/control_diagnostic__functions.h
[8.799s] -- Symlinking: /home/zyme/ros_ws/Autoware_sim_test/install/autoware_auto_system_msgs/include/autoware_auto_system_msgs/autoware_auto_system_msgs/msg/detail/control_diagnostic__struct.h
[8.809s] -- Symlinking: /home/zyme/ros_ws/Autoware_sim_test/install/autoware_auto_system_msgs/include/autoware_auto_system_msgs/autoware_auto_system_msgs/msg/detail/control_diagnostic__type_support.h
[8.817s] -- Symlinking: /home/zyme/ros_ws/Autoware_sim_test/install/autoware_auto_system_msgs/include/autoware_auto_system_msgs/autoware_auto_system_msgs/msg/detail/diagnostic_header__functions.h
[8.826s] -- Symlinking: /home/zyme/ros_ws/Autoware_sim_test/install/autoware_auto_system_msgs/include/autoware_auto_system_msgs/autoware_auto_system_msgs/msg/detail/diagnostic_header__struct.h
[8.835s] -- Symlinking: /home/zyme/ros_ws/Autoware_sim_test/install/autoware_auto_system_msgs/include/autoware_auto_system_msgs/autoware_auto_system_msgs/msg/detail/diagnostic_header__type_support.h
[8.844s] -- Symlinking: /home/zyme/ros_ws/Autoware_sim_test/install/autoware_auto_system_msgs/include/autoware_auto_system_msgs/autoware_auto_system_msgs/msg/detail/driving_capability__functions.h
[8.852s] -- Symlinking: /home/zyme/ros_ws/Autoware_sim_test/install/autoware_auto_system_msgs/include/autoware_auto_system_msgs/autoware_auto_system_msgs/msg/detail/driving_capability__struct.h
[8.860s] -- Symlinking: /home/zyme/ros_ws/Autoware_sim_test/install/autoware_auto_system_msgs/include/autoware_auto_system_msgs/autoware_auto_system_msgs/msg/detail/driving_capability__type_support.h
[8.868s] -- Symlinking: /home/zyme/ros_ws/Autoware_sim_test/install/autoware_auto_system_msgs/include/autoware_auto_system_msgs/autoware_auto_system_msgs/msg/detail/emergency_state__functions.h
[8.875s] -- Symlinking: /home/zyme/ros_ws/Autoware_sim_test/install/autoware_auto_system_msgs/include/autoware_auto_system_msgs/autoware_auto_system_msgs/msg/detail/emergency_state__struct.h
[8.883s] -- Symlinking: /home/zyme/ros_ws/Autoware_sim_test/install/autoware_auto_system_msgs/include/autoware_auto_system_msgs/autoware_auto_system_msgs/msg/detail/emergency_state__type_support.h
[8.891s] -- Symlinking: /home/zyme/ros_ws/Autoware_sim_test/install/autoware_auto_system_msgs/include/autoware_auto_system_msgs/autoware_auto_system_msgs/msg/detail/hazard_status__functions.h
[8.899s] -- Symlinking: /home/zyme/ros_ws/Autoware_sim_test/install/autoware_auto_system_msgs/include/autoware_auto_system_msgs/autoware_auto_system_msgs/msg/detail/hazard_status__struct.h
[8.906s] -- Symlinking: /home/zyme/ros_ws/Autoware_sim_test/install/autoware_auto_system_msgs/include/autoware_auto_system_msgs/autoware_auto_system_msgs/msg/detail/hazard_status__type_support.h
[8.914s] -- Symlinking: /home/zyme/ros_ws/Autoware_sim_test/install/autoware_auto_system_msgs/include/autoware_auto_system_msgs/autoware_auto_system_msgs/msg/detail/hazard_status_stamped__functions.h
[8.922s] -- Symlinking: /home/zyme/ros_ws/Autoware_sim_test/install/autoware_auto_system_msgs/include/autoware_auto_system_msgs/autoware_auto_system_msgs/msg/detail/hazard_status_stamped__struct.h
[8.930s] -- Symlinking: /home/zyme/ros_ws/Autoware_sim_test/install/autoware_auto_system_msgs/include/autoware_auto_system_msgs/autoware_auto_system_msgs/msg/detail/hazard_status_stamped__type_support.h
[8.937s] -- Symlinking: /home/zyme/ros_ws/Autoware_sim_test/install/autoware_auto_system_msgs/include/autoware_auto_system_msgs/autoware_auto_system_msgs/msg/diagnostic_header.h
[8.945s] -- Symlinking: /home/zyme/ros_ws/Autoware_sim_test/install/autoware_auto_system_msgs/include/autoware_auto_system_msgs/autoware_auto_system_msgs/msg/driving_capability.h
[8.953s] -- Symlinking: /home/zyme/ros_ws/Autoware_sim_test/install/autoware_auto_system_msgs/include/autoware_auto_system_msgs/autoware_auto_system_msgs/msg/emergency_state.h
[8.961s] -- Symlinking: /home/zyme/ros_ws/Autoware_sim_test/install/autoware_auto_system_msgs/include/autoware_auto_system_msgs/autoware_auto_system_msgs/msg/hazard_status.h
[8.969s] -- Symlinking: /home/zyme/ros_ws/Autoware_sim_test/install/autoware_auto_system_msgs/include/autoware_auto_system_msgs/autoware_auto_system_msgs/msg/hazard_status_stamped.h
[8.976s] -- Symlinking: /home/zyme/ros_ws/Autoware_sim_test/install/autoware_auto_system_msgs/include/autoware_auto_system_msgs/autoware_auto_system_msgs/msg/rosidl_generator_c__visibility_control.h
[8.984s] -- Symlinking: /home/zyme/ros_ws/Autoware_sim_test/install/autoware_auto_system_msgs/share/autoware_auto_system_msgs/environment/library_path.sh
[8.992s] -- Symlinking: /home/zyme/ros_ws/Autoware_sim_test/install/autoware_auto_system_msgs/share/autoware_auto_system_msgs/environment/library_path.dsv
[9.000s] -- Symlinking: /home/zyme/ros_ws/Autoware_sim_test/install/autoware_auto_system_msgs/include/autoware_auto_system_msgs/autoware_auto_system_msgs/msg/detail/autoware_state__rosidl_typesupport_fastrtps_c.h
[9.009s] -- Symlinking: /home/zyme/ros_ws/Autoware_sim_test/install/autoware_auto_system_msgs/include/autoware_auto_system_msgs/autoware_auto_system_msgs/msg/detail/control_diagnostic__rosidl_typesupport_fastrtps_c.h
[9.016s] -- Symlinking: /home/zyme/ros_ws/Autoware_sim_test/install/autoware_auto_system_msgs/include/autoware_auto_system_msgs/autoware_auto_system_msgs/msg/detail/diagnostic_header__rosidl_typesupport_fastrtps_c.h
[9.024s] -- Symlinking: /home/zyme/ros_ws/Autoware_sim_test/install/autoware_auto_system_msgs/include/autoware_auto_system_msgs/autoware_auto_system_msgs/msg/detail/driving_capability__rosidl_typesupport_fastrtps_c.h
[9.032s] -- Symlinking: /home/zyme/ros_ws/Autoware_sim_test/install/autoware_auto_system_msgs/include/autoware_auto_system_msgs/autoware_auto_system_msgs/msg/detail/emergency_state__rosidl_typesupport_fastrtps_c.h
[9.040s] -- Symlinking: /home/zyme/ros_ws/Autoware_sim_test/install/autoware_auto_system_msgs/include/autoware_auto_system_msgs/autoware_auto_system_msgs/msg/detail/hazard_status__rosidl_typesupport_fastrtps_c.h
[9.047s] -- Symlinking: /home/zyme/ros_ws/Autoware_sim_test/install/autoware_auto_system_msgs/include/autoware_auto_system_msgs/autoware_auto_system_msgs/msg/detail/hazard_status_stamped__rosidl_typesupport_fastrtps_c.h
[9.055s] -- Symlinking: /home/zyme/ros_ws/Autoware_sim_test/install/autoware_auto_system_msgs/include/autoware_auto_system_msgs/autoware_auto_system_msgs/msg/rosidl_typesupport_fastrtps_c__visibility_control.h
[9.063s] -- Symlinking: /home/zyme/ros_ws/Autoware_sim_test/install/autoware_auto_system_msgs/include/autoware_auto_system_msgs/autoware_auto_system_msgs/msg/detail/autoware_state__rosidl_typesupport_introspection_c.h
[9.071s] -- Symlinking: /home/zyme/ros_ws/Autoware_sim_test/install/autoware_auto_system_msgs/include/autoware_auto_system_msgs/autoware_auto_system_msgs/msg/detail/control_diagnostic__rosidl_typesupport_introspection_c.h
[9.078s] -- Symlinking: /home/zyme/ros_ws/Autoware_sim_test/install/autoware_auto_system_msgs/include/autoware_auto_system_msgs/autoware_auto_system_msgs/msg/detail/diagnostic_header__rosidl_typesupport_introspection_c.h
[9.086s] -- Symlinking: /home/zyme/ros_ws/Autoware_sim_test/install/autoware_auto_system_msgs/include/autoware_auto_system_msgs/autoware_auto_system_msgs/msg/detail/driving_capability__rosidl_typesupport_introspection_c.h
[9.094s] -- Symlinking: /home/zyme/ros_ws/Autoware_sim_test/install/autoware_auto_system_msgs/include/autoware_auto_system_msgs/autoware_auto_system_msgs/msg/detail/emergency_state__rosidl_typesupport_introspection_c.h
[9.102s] -- Symlinking: /home/zyme/ros_ws/Autoware_sim_test/install/autoware_auto_system_msgs/include/autoware_auto_system_msgs/autoware_auto_system_msgs/msg/detail/hazard_status__rosidl_typesupport_introspection_c.h
[9.110s] -- Symlinking: /home/zyme/ros_ws/Autoware_sim_test/install/autoware_auto_system_msgs/include/autoware_auto_system_msgs/autoware_auto_system_msgs/msg/detail/hazard_status_stamped__rosidl_typesupport_introspection_c.h
[9.117s] -- Symlinking: /home/zyme/ros_ws/Autoware_sim_test/install/autoware_auto_system_msgs/include/autoware_auto_system_msgs/autoware_auto_system_msgs/msg/rosidl_typesupport_introspection_c__visibility_control.h
[9.126s] -- Symlinking: /home/zyme/ros_ws/Autoware_sim_test/install/autoware_auto_system_msgs/include/autoware_auto_system_msgs/autoware_auto_system_msgs/msg/autoware_state.hpp
[9.133s] -- Symlinking: /home/zyme/ros_ws/Autoware_sim_test/install/autoware_auto_system_msgs/include/autoware_auto_system_msgs/autoware_auto_system_msgs/msg/control_diagnostic.hpp
[9.141s] -- Symlinking: /home/zyme/ros_ws/Autoware_sim_test/install/autoware_auto_system_msgs/include/autoware_auto_system_msgs/autoware_auto_system_msgs/msg/detail/autoware_state__builder.hpp
[9.149s] -- Symlinking: /home/zyme/ros_ws/Autoware_sim_test/install/autoware_auto_system_msgs/include/autoware_auto_system_msgs/autoware_auto_system_msgs/msg/detail/autoware_state__struct.hpp
[9.156s] -- Symlinking: /home/zyme/ros_ws/Autoware_sim_test/install/autoware_auto_system_msgs/include/autoware_auto_system_msgs/autoware_auto_system_msgs/msg/detail/autoware_state__traits.hpp
[9.164s] -- Symlinking: /home/zyme/ros_ws/Autoware_sim_test/install/autoware_auto_system_msgs/include/autoware_auto_system_msgs/autoware_auto_system_msgs/msg/detail/control_diagnostic__builder.hpp
[9.172s] -- Symlinking: /home/zyme/ros_ws/Autoware_sim_test/install/autoware_auto_system_msgs/include/autoware_auto_system_msgs/autoware_auto_system_msgs/msg/detail/control_diagnostic__struct.hpp
[9.179s] -- Symlinking: /home/zyme/ros_ws/Autoware_sim_test/install/autoware_auto_system_msgs/include/autoware_auto_system_msgs/autoware_auto_system_msgs/msg/detail/control_diagnostic__traits.hpp
[9.187s] -- Symlinking: /home/zyme/ros_ws/Autoware_sim_test/install/autoware_auto_system_msgs/include/autoware_auto_system_msgs/autoware_auto_system_msgs/msg/detail/diagnostic_header__builder.hpp
[9.195s] -- Symlinking: /home/zyme/ros_ws/Autoware_sim_test/install/autoware_auto_system_msgs/include/autoware_auto_system_msgs/autoware_auto_system_msgs/msg/detail/diagnostic_header__struct.hpp
[9.203s] -- Symlinking: /home/zyme/ros_ws/Autoware_sim_test/install/autoware_auto_system_msgs/include/autoware_auto_system_msgs/autoware_auto_system_msgs/msg/detail/diagnostic_header__traits.hpp
[9.210s] -- Symlinking: /home/zyme/ros_ws/Autoware_sim_test/install/autoware_auto_system_msgs/include/autoware_auto_system_msgs/autoware_auto_system_msgs/msg/detail/driving_capability__builder.hpp
[9.218s] -- Symlinking: /home/zyme/ros_ws/Autoware_sim_test/install/autoware_auto_system_msgs/include/autoware_auto_system_msgs/autoware_auto_system_msgs/msg/detail/driving_capability__struct.hpp
[9.226s] -- Symlinking: /home/zyme/ros_ws/Autoware_sim_test/install/autoware_auto_system_msgs/include/autoware_auto_system_msgs/autoware_auto_system_msgs/msg/detail/driving_capability__traits.hpp
[9.234s] -- Symlinking: /home/zyme/ros_ws/Autoware_sim_test/install/autoware_auto_system_msgs/include/autoware_auto_system_msgs/autoware_auto_system_msgs/msg/detail/emergency_state__builder.hpp
[9.241s] -- Symlinking: /home/zyme/ros_ws/Autoware_sim_test/install/autoware_auto_system_msgs/include/autoware_auto_system_msgs/autoware_auto_system_msgs/msg/detail/emergency_state__struct.hpp
[9.249s] -- Symlinking: /home/zyme/ros_ws/Autoware_sim_test/install/autoware_auto_system_msgs/include/autoware_auto_system_msgs/autoware_auto_system_msgs/msg/detail/emergency_state__traits.hpp
[9.257s] -- Symlinking: /home/zyme/ros_ws/Autoware_sim_test/install/autoware_auto_system_msgs/include/autoware_auto_system_msgs/autoware_auto_system_msgs/msg/detail/hazard_status__builder.hpp
[9.264s] -- Symlinking: /home/zyme/ros_ws/Autoware_sim_test/install/autoware_auto_system_msgs/include/autoware_auto_system_msgs/autoware_auto_system_msgs/msg/detail/hazard_status__struct.hpp
[9.272s] -- Symlinking: /home/zyme/ros_ws/Autoware_sim_test/install/autoware_auto_system_msgs/include/autoware_auto_system_msgs/autoware_auto_system_msgs/msg/detail/hazard_status__traits.hpp
[9.279s] -- Symlinking: /home/zyme/ros_ws/Autoware_sim_test/install/autoware_auto_system_msgs/include/autoware_auto_system_msgs/autoware_auto_system_msgs/msg/detail/hazard_status_stamped__builder.hpp
[9.287s] -- Symlinking: /home/zyme/ros_ws/Autoware_sim_test/install/autoware_auto_system_msgs/include/autoware_auto_system_msgs/autoware_auto_system_msgs/msg/detail/hazard_status_stamped__struct.hpp
[9.295s] -- Symlinking: /home/zyme/ros_ws/Autoware_sim_test/install/autoware_auto_system_msgs/include/autoware_auto_system_msgs/autoware_auto_system_msgs/msg/detail/hazard_status_stamped__traits.hpp
[9.302s] -- Symlinking: /home/zyme/ros_ws/Autoware_sim_test/install/autoware_auto_system_msgs/include/autoware_auto_system_msgs/autoware_auto_system_msgs/msg/diagnostic_header.hpp
[9.310s] -- Symlinking: /home/zyme/ros_ws/Autoware_sim_test/install/autoware_auto_system_msgs/include/autoware_auto_system_msgs/autoware_auto_system_msgs/msg/driving_capability.hpp
[9.318s] -- Symlinking: /home/zyme/ros_ws/Autoware_sim_test/install/autoware_auto_system_msgs/include/autoware_auto_system_msgs/autoware_auto_system_msgs/msg/emergency_state.hpp
[9.326s] -- Symlinking: /home/zyme/ros_ws/Autoware_sim_test/install/autoware_auto_system_msgs/include/autoware_auto_system_msgs/autoware_auto_system_msgs/msg/hazard_status.hpp
[9.333s] -- Symlinking: /home/zyme/ros_ws/Autoware_sim_test/install/autoware_auto_system_msgs/include/autoware_auto_system_msgs/autoware_auto_system_msgs/msg/hazard_status_stamped.hpp
[9.342s] -- Symlinking: /home/zyme/ros_ws/Autoware_sim_test/install/autoware_auto_system_msgs/include/autoware_auto_system_msgs/autoware_auto_system_msgs/msg/detail/autoware_state__rosidl_typesupport_fastrtps_cpp.hpp
[9.350s] -- Symlinking: /home/zyme/ros_ws/Autoware_sim_test/install/autoware_auto_system_msgs/include/autoware_auto_system_msgs/autoware_auto_system_msgs/msg/detail/control_diagnostic__rosidl_typesupport_fastrtps_cpp.hpp
[9.357s] -- Symlinking: /home/zyme/ros_ws/Autoware_sim_test/install/autoware_auto_system_msgs/include/autoware_auto_system_msgs/autoware_auto_system_msgs/msg/detail/diagnostic_header__rosidl_typesupport_fastrtps_cpp.hpp
[9.365s] -- Symlinking: /home/zyme/ros_ws/Autoware_sim_test/install/autoware_auto_system_msgs/include/autoware_auto_system_msgs/autoware_auto_system_msgs/msg/detail/driving_capability__rosidl_typesupport_fastrtps_cpp.hpp
[9.373s] -- Symlinking: /home/zyme/ros_ws/Autoware_sim_test/install/autoware_auto_system_msgs/include/autoware_auto_system_msgs/autoware_auto_system_msgs/msg/detail/emergency_state__rosidl_typesupport_fastrtps_cpp.hpp
[9.381s] -- Symlinking: /home/zyme/ros_ws/Autoware_sim_test/install/autoware_auto_system_msgs/include/autoware_auto_system_msgs/autoware_auto_system_msgs/msg/detail/hazard_status__rosidl_typesupport_fastrtps_cpp.hpp
[9.389s] -- Symlinking: /home/zyme/ros_ws/Autoware_sim_test/install/autoware_auto_system_msgs/include/autoware_auto_system_msgs/autoware_auto_system_msgs/msg/detail/hazard_status_stamped__rosidl_typesupport_fastrtps_cpp.hpp
[9.397s] -- Symlinking: /home/zyme/ros_ws/Autoware_sim_test/install/autoware_auto_system_msgs/include/autoware_auto_system_msgs/autoware_auto_system_msgs/msg/rosidl_typesupport_fastrtps_cpp__visibility_control.h
[9.405s] -- Symlinking: /home/zyme/ros_ws/Autoware_sim_test/install/autoware_auto_system_msgs/include/autoware_auto_system_msgs/autoware_auto_system_msgs/msg/detail/autoware_state__rosidl_typesupport_introspection_cpp.hpp
[9.413s] -- Symlinking: /home/zyme/ros_ws/Autoware_sim_test/install/autoware_auto_system_msgs/include/autoware_auto_system_msgs/autoware_auto_system_msgs/msg/detail/control_diagnostic__rosidl_typesupport_introspection_cpp.hpp
[9.421s] -- Symlinking: /home/zyme/ros_ws/Autoware_sim_test/install/autoware_auto_system_msgs/include/autoware_auto_system_msgs/autoware_auto_system_msgs/msg/detail/diagnostic_header__rosidl_typesupport_introspection_cpp.hpp
[9.429s] -- Symlinking: /home/zyme/ros_ws/Autoware_sim_test/install/autoware_auto_system_msgs/include/autoware_auto_system_msgs/autoware_auto_system_msgs/msg/detail/driving_capability__rosidl_typesupport_introspection_cpp.hpp
[9.437s] -- Symlinking: /home/zyme/ros_ws/Autoware_sim_test/install/autoware_auto_system_msgs/include/autoware_auto_system_msgs/autoware_auto_system_msgs/msg/detail/emergency_state__rosidl_typesupport_introspection_cpp.hpp
[9.445s] -- Symlinking: /home/zyme/ros_ws/Autoware_sim_test/install/autoware_auto_system_msgs/include/autoware_auto_system_msgs/autoware_auto_system_msgs/msg/detail/hazard_status__rosidl_typesupport_introspection_cpp.hpp
[9.453s] -- Symlinking: /home/zyme/ros_ws/Autoware_sim_test/install/autoware_auto_system_msgs/include/autoware_auto_system_msgs/autoware_auto_system_msgs/msg/detail/hazard_status_stamped__rosidl_typesupport_introspection_cpp.hpp
[9.460s] -- Symlinking: /home/zyme/ros_ws/Autoware_sim_test/install/autoware_auto_system_msgs/share/autoware_auto_system_msgs/environment/pythonpath.sh
[9.468s] -- Symlinking: /home/zyme/ros_ws/Autoware_sim_test/install/autoware_auto_system_msgs/share/autoware_auto_system_msgs/environment/pythonpath.dsv
[9.476s] -- Symlinking: /home/zyme/ros_ws/Autoware_sim_test/install/autoware_auto_system_msgs/local/lib/python3.10/dist-packages/autoware_auto_system_msgs-1.0.0-py3.10.egg-info/PKG-INFO
[9.484s] -- Symlinking: /home/zyme/ros_ws/Autoware_sim_test/install/autoware_auto_system_msgs/local/lib/python3.10/dist-packages/autoware_auto_system_msgs-1.0.0-py3.10.egg-info/SOURCES.txt
[9.492s] -- Symlinking: /home/zyme/ros_ws/Autoware_sim_test/install/autoware_auto_system_msgs/local/lib/python3.10/dist-packages/autoware_auto_system_msgs-1.0.0-py3.10.egg-info/dependency_links.txt
[9.500s] -- Symlinking: /home/zyme/ros_ws/Autoware_sim_test/install/autoware_auto_system_msgs/local/lib/python3.10/dist-packages/autoware_auto_system_msgs-1.0.0-py3.10.egg-info/top_level.txt
[9.509s] -- Symlinking: /home/zyme/ros_ws/Autoware_sim_test/install/autoware_auto_system_msgs/local/lib/python3.10/dist-packages/autoware_auto_system_msgs/__init__.py
[9.517s] -- Symlinking: /home/zyme/ros_ws/Autoware_sim_test/install/autoware_auto_system_msgs/local/lib/python3.10/dist-packages/autoware_auto_system_msgs/_autoware_auto_system_msgs_s.ep.rosidl_typesupport_c.c
[9.525s] -- Symlinking: /home/zyme/ros_ws/Autoware_sim_test/install/autoware_auto_system_msgs/local/lib/python3.10/dist-packages/autoware_auto_system_msgs/_autoware_auto_system_msgs_s.ep.rosidl_typesupport_fastrtps_c.c
[9.532s] -- Symlinking: /home/zyme/ros_ws/Autoware_sim_test/install/autoware_auto_system_msgs/local/lib/python3.10/dist-packages/autoware_auto_system_msgs/_autoware_auto_system_msgs_s.ep.rosidl_typesupport_introspection_c.c
[9.540s] -- Symlinking: /home/zyme/ros_ws/Autoware_sim_test/install/autoware_auto_system_msgs/local/lib/python3.10/dist-packages/autoware_auto_system_msgs/autoware_auto_system_msgs_s__rosidl_typesupport_c.cpython-310-x86_64-linux-gnu.so
[9.548s] -- Symlinking: /home/zyme/ros_ws/Autoware_sim_test/install/autoware_auto_system_msgs/local/lib/python3.10/dist-packages/autoware_auto_system_msgs/autoware_auto_system_msgs_s__rosidl_typesupport_fastrtps_c.cpython-310-x86_64-linux-gnu.so
[9.555s] -- Symlinking: /home/zyme/ros_ws/Autoware_sim_test/install/autoware_auto_system_msgs/local/lib/python3.10/dist-packages/autoware_auto_system_msgs/autoware_auto_system_msgs_s__rosidl_typesupport_introspection_c.cpython-310-x86_64-linux-gnu.so
[9.563s] -- Symlinking: /home/zyme/ros_ws/Autoware_sim_test/install/autoware_auto_system_msgs/local/lib/python3.10/dist-packages/autoware_auto_system_msgs/libautoware_auto_system_msgs__rosidl_generator_py.so
[9.571s] -- Symlinking: /home/zyme/ros_ws/Autoware_sim_test/install/autoware_auto_system_msgs/local/lib/python3.10/dist-packages/autoware_auto_system_msgs/msg/__init__.py
[9.578s] -- Symlinking: /home/zyme/ros_ws/Autoware_sim_test/install/autoware_auto_system_msgs/local/lib/python3.10/dist-packages/autoware_auto_system_msgs/msg/_autoware_state.py
[9.586s] -- Symlinking: /home/zyme/ros_ws/Autoware_sim_test/install/autoware_auto_system_msgs/local/lib/python3.10/dist-packages/autoware_auto_system_msgs/msg/_autoware_state_s.c
[9.594s] -- Symlinking: /home/zyme/ros_ws/Autoware_sim_test/install/autoware_auto_system_msgs/local/lib/python3.10/dist-packages/autoware_auto_system_msgs/msg/_control_diagnostic.py
[9.602s] -- Symlinking: /home/zyme/ros_ws/Autoware_sim_test/install/autoware_auto_system_msgs/local/lib/python3.10/dist-packages/autoware_auto_system_msgs/msg/_control_diagnostic_s.c
[9.611s] -- Symlinking: /home/zyme/ros_ws/Autoware_sim_test/install/autoware_auto_system_msgs/local/lib/python3.10/dist-packages/autoware_auto_system_msgs/msg/_diagnostic_header.py
[9.619s] -- Symlinking: /home/zyme/ros_ws/Autoware_sim_test/install/autoware_auto_system_msgs/local/lib/python3.10/dist-packages/autoware_auto_system_msgs/msg/_diagnostic_header_s.c
[9.627s] -- Symlinking: /home/zyme/ros_ws/Autoware_sim_test/install/autoware_auto_system_msgs/local/lib/python3.10/dist-packages/autoware_auto_system_msgs/msg/_driving_capability.py
[9.635s] -- Symlinking: /home/zyme/ros_ws/Autoware_sim_test/install/autoware_auto_system_msgs/local/lib/python3.10/dist-packages/autoware_auto_system_msgs/msg/_driving_capability_s.c
[9.644s] -- Symlinking: /home/zyme/ros_ws/Autoware_sim_test/install/autoware_auto_system_msgs/local/lib/python3.10/dist-packages/autoware_auto_system_msgs/msg/_emergency_state.py
[9.653s] -- Symlinking: /home/zyme/ros_ws/Autoware_sim_test/install/autoware_auto_system_msgs/local/lib/python3.10/dist-packages/autoware_auto_system_msgs/msg/_emergency_state_s.c
[9.662s] -- Symlinking: /home/zyme/ros_ws/Autoware_sim_test/install/autoware_auto_system_msgs/local/lib/python3.10/dist-packages/autoware_auto_system_msgs/msg/_hazard_status.py
[9.672s] -- Symlinking: /home/zyme/ros_ws/Autoware_sim_test/install/autoware_auto_system_msgs/local/lib/python3.10/dist-packages/autoware_auto_system_msgs/msg/_hazard_status_s.c
[9.681s] -- Symlinking: /home/zyme/ros_ws/Autoware_sim_test/install/autoware_auto_system_msgs/local/lib/python3.10/dist-packages/autoware_auto_system_msgs/msg/_hazard_status_stamped.py
[9.691s] -- Symlinking: /home/zyme/ros_ws/Autoware_sim_test/install/autoware_auto_system_msgs/local/lib/python3.10/dist-packages/autoware_auto_system_msgs/msg/_hazard_status_stamped_s.c
[9.699s] -- Up-to-date symlink: /home/zyme/ros_ws/Autoware_sim_test/install/autoware_auto_system_msgs/local/lib/python3.10/dist-packages/autoware_auto_system_msgs/autoware_auto_system_msgs_s__rosidl_typesupport_fastrtps_c.cpython-310-x86_64-linux-gnu.so
[9.700s] -- Up-to-date symlink: /home/zyme/ros_ws/Autoware_sim_test/install/autoware_auto_system_msgs/local/lib/python3.10/dist-packages/autoware_auto_system_msgs/autoware_auto_system_msgs_s__rosidl_typesupport_introspection_c.cpython-310-x86_64-linux-gnu.so
[9.700s] -- Up-to-date symlink: /home/zyme/ros_ws/Autoware_sim_test/install/autoware_auto_system_msgs/local/lib/python3.10/dist-packages/autoware_auto_system_msgs/autoware_auto_system_msgs_s__rosidl_typesupport_c.cpython-310-x86_64-linux-gnu.so
[9.700s] -- Symlinking: /home/zyme/ros_ws/Autoware_sim_test/install/autoware_auto_system_msgs/share/autoware_auto_system_msgs/msg/AutowareState.idl
[9.709s] -- Symlinking: /home/zyme/ros_ws/Autoware_sim_test/install/autoware_auto_system_msgs/share/autoware_auto_system_msgs/msg/ControlDiagnostic.idl
[9.717s] -- Symlinking: /home/zyme/ros_ws/Autoware_sim_test/install/autoware_auto_system_msgs/share/autoware_auto_system_msgs/msg/DiagnosticHeader.idl
[9.726s] -- Symlinking: /home/zyme/ros_ws/Autoware_sim_test/install/autoware_auto_system_msgs/share/autoware_auto_system_msgs/msg/DrivingCapability.idl
[9.735s] -- Symlinking: /home/zyme/ros_ws/Autoware_sim_test/install/autoware_auto_system_msgs/share/autoware_auto_system_msgs/msg/EmergencyState.idl
[9.744s] -- Symlinking: /home/zyme/ros_ws/Autoware_sim_test/install/autoware_auto_system_msgs/share/autoware_auto_system_msgs/msg/HazardStatus.idl
[9.752s] -- Symlinking: /home/zyme/ros_ws/Autoware_sim_test/install/autoware_auto_system_msgs/share/autoware_auto_system_msgs/msg/HazardStatusStamped.idl
[9.762s] -- Symlinking: /home/zyme/ros_ws/Autoware_sim_test/install/autoware_auto_system_msgs/share/ament_index/resource_index/package_run_dependencies/autoware_auto_system_msgs
[9.770s] -- Symlinking: /home/zyme/ros_ws/Autoware_sim_test/install/autoware_auto_system_msgs/share/ament_index/resource_index/parent_prefix_path/autoware_auto_system_msgs
[9.779s] -- Symlinking: /home/zyme/ros_ws/Autoware_sim_test/install/autoware_auto_system_msgs/share/autoware_auto_system_msgs/environment/ament_prefix_path.sh
[9.788s] -- Symlinking: /home/zyme/ros_ws/Autoware_sim_test/install/autoware_auto_system_msgs/share/autoware_auto_system_msgs/environment/ament_prefix_path.dsv
[9.797s] -- Symlinking: /home/zyme/ros_ws/Autoware_sim_test/install/autoware_auto_system_msgs/share/autoware_auto_system_msgs/environment/path.sh
[9.806s] -- Symlinking: /home/zyme/ros_ws/Autoware_sim_test/install/autoware_auto_system_msgs/share/autoware_auto_system_msgs/environment/path.dsv
[9.815s] -- Symlinking: /home/zyme/ros_ws/Autoware_sim_test/install/autoware_auto_system_msgs/share/autoware_auto_system_msgs/local_setup.bash
[9.825s] -- Symlinking: /home/zyme/ros_ws/Autoware_sim_test/install/autoware_auto_system_msgs/share/autoware_auto_system_msgs/local_setup.sh
[9.834s] -- Symlinking: /home/zyme/ros_ws/Autoware_sim_test/install/autoware_auto_system_msgs/share/autoware_auto_system_msgs/local_setup.zsh
[9.844s] -- Symlinking: /home/zyme/ros_ws/Autoware_sim_test/install/autoware_auto_system_msgs/share/autoware_auto_system_msgs/local_setup.dsv
[9.853s] -- Symlinking: /home/zyme/ros_ws/Autoware_sim_test/install/autoware_auto_system_msgs/share/autoware_auto_system_msgs/package.dsv
[9.861s] -- Symlinking: /home/zyme/ros_ws/Autoware_sim_test/install/autoware_auto_system_msgs/share/ament_index/resource_index/packages/autoware_auto_system_msgs
[9.870s] -- Symlinking: /home/zyme/ros_ws/Autoware_sim_test/install/autoware_auto_system_msgs/share/autoware_auto_system_msgs/cmake/rosidl_cmake-extras.cmake
[9.879s] -- Symlinking: /home/zyme/ros_ws/Autoware_sim_test/install/autoware_auto_system_msgs/share/autoware_auto_system_msgs/cmake/ament_cmake_export_dependencies-extras.cmake
[9.887s] -- Symlinking: /home/zyme/ros_ws/Autoware_sim_test/install/autoware_auto_system_msgs/share/autoware_auto_system_msgs/cmake/ament_cmake_export_include_directories-extras.cmake
[9.895s] -- Symlinking: /home/zyme/ros_ws/Autoware_sim_test/install/autoware_auto_system_msgs/share/autoware_auto_system_msgs/cmake/ament_cmake_export_libraries-extras.cmake
[9.903s] -- Symlinking: /home/zyme/ros_ws/Autoware_sim_test/install/autoware_auto_system_msgs/share/autoware_auto_system_msgs/cmake/ament_cmake_export_targets-extras.cmake
[9.910s] -- Symlinking: /home/zyme/ros_ws/Autoware_sim_test/install/autoware_auto_system_msgs/share/autoware_auto_system_msgs/cmake/rosidl_cmake_export_typesupport_targets-extras.cmake
[9.918s] -- Symlinking: /home/zyme/ros_ws/Autoware_sim_test/install/autoware_auto_system_msgs/share/autoware_auto_system_msgs/cmake/rosidl_cmake_export_typesupport_libraries-extras.cmake
[9.926s] -- Symlinking: /home/zyme/ros_ws/Autoware_sim_test/install/autoware_auto_system_msgs/share/autoware_auto_system_msgs/cmake/autoware_auto_system_msgsConfig.cmake
[9.934s] -- Symlinking: /home/zyme/ros_ws/Autoware_sim_test/install/autoware_auto_system_msgs/share/autoware_auto_system_msgs/cmake/autoware_auto_system_msgsConfig-version.cmake
[9.942s] -- Symlinking: /home/zyme/ros_ws/Autoware_sim_test/install/autoware_auto_system_msgs/share/autoware_auto_system_msgs/package.xml
[9.950s] -- Installing: /home/zyme/ros_ws/Autoware_sim_test/install/autoware_auto_system_msgs/lib/libautoware_auto_system_msgs__rosidl_generator_c.so
[9.950s] -- Set runtime path of "/home/zyme/ros_ws/Autoware_sim_test/install/autoware_auto_system_msgs/lib/libautoware_auto_system_msgs__rosidl_generator_c.so" to ""
[9.951s] -- Installing: /home/zyme/ros_ws/Autoware_sim_test/install/autoware_auto_system_msgs/lib/libautoware_auto_system_msgs__rosidl_typesupport_fastrtps_c.so
[9.951s] -- Set runtime path of "/home/zyme/ros_ws/Autoware_sim_test/install/autoware_auto_system_msgs/lib/libautoware_auto_system_msgs__rosidl_typesupport_fastrtps_c.so" to ""
[9.951s] -- Installing: /home/zyme/ros_ws/Autoware_sim_test/install/autoware_auto_system_msgs/lib/libautoware_auto_system_msgs__rosidl_typesupport_introspection_c.so
[9.951s] -- Set runtime path of "/home/zyme/ros_ws/Autoware_sim_test/install/autoware_auto_system_msgs/lib/libautoware_auto_system_msgs__rosidl_typesupport_introspection_c.so" to ""
[9.951s] -- Installing: /home/zyme/ros_ws/Autoware_sim_test/install/autoware_auto_system_msgs/lib/libautoware_auto_system_msgs__rosidl_typesupport_c.so
[9.952s] -- Set runtime path of "/home/zyme/ros_ws/Autoware_sim_test/install/autoware_auto_system_msgs/lib/libautoware_auto_system_msgs__rosidl_typesupport_c.so" to ""
[9.952s] -- Installing: /home/zyme/ros_ws/Autoware_sim_test/install/autoware_auto_system_msgs/lib/libautoware_auto_system_msgs__rosidl_typesupport_fastrtps_cpp.so
[9.952s] -- Set runtime path of "/home/zyme/ros_ws/Autoware_sim_test/install/autoware_auto_system_msgs/lib/libautoware_auto_system_msgs__rosidl_typesupport_fastrtps_cpp.so" to ""
[9.952s] -- Installing: /home/zyme/ros_ws/Autoware_sim_test/install/autoware_auto_system_msgs/lib/libautoware_auto_system_msgs__rosidl_typesupport_introspection_cpp.so
[9.953s] -- Set runtime path of "/home/zyme/ros_ws/Autoware_sim_test/install/autoware_auto_system_msgs/lib/libautoware_auto_system_msgs__rosidl_typesupport_introspection_cpp.so" to ""
[9.953s] -- Installing: /home/zyme/ros_ws/Autoware_sim_test/install/autoware_auto_system_msgs/lib/libautoware_auto_system_msgs__rosidl_typesupport_cpp.so
[9.953s] -- Set runtime path of "/home/zyme/ros_ws/Autoware_sim_test/install/autoware_auto_system_msgs/lib/libautoware_auto_system_msgs__rosidl_typesupport_cpp.so" to ""
[9.988s] Listing '/home/zyme/ros_ws/Autoware_sim_test/install/autoware_auto_system_msgs/local/lib/python3.10/dist-packages/autoware_auto_system_msgs'...
[9.988s] Compiling '/home/zyme/ros_ws/Autoware_sim_test/install/autoware_auto_system_msgs/local/lib/python3.10/dist-packages/autoware_auto_system_msgs/__init__.py'...
[9.989s] Listing '/home/zyme/ros_ws/Autoware_sim_test/install/autoware_auto_system_msgs/local/lib/python3.10/dist-packages/autoware_auto_system_msgs/msg'...
[9.989s] Compiling '/home/zyme/ros_ws/Autoware_sim_test/install/autoware_auto_system_msgs/local/lib/python3.10/dist-packages/autoware_auto_system_msgs/msg/__init__.py'...
[9.989s] Compiling '/home/zyme/ros_ws/Autoware_sim_test/install/autoware_auto_system_msgs/local/lib/python3.10/dist-packages/autoware_auto_system_msgs/msg/_autoware_state.py'...
[9.989s] Compiling '/home/zyme/ros_ws/Autoware_sim_test/install/autoware_auto_system_msgs/local/lib/python3.10/dist-packages/autoware_auto_system_msgs/msg/_control_diagnostic.py'...
[9.989s] Compiling '/home/zyme/ros_ws/Autoware_sim_test/install/autoware_auto_system_msgs/local/lib/python3.10/dist-packages/autoware_auto_system_msgs/msg/_diagnostic_header.py'...
[9.989s] Compiling '/home/zyme/ros_ws/Autoware_sim_test/install/autoware_auto_system_msgs/local/lib/python3.10/dist-packages/autoware_auto_system_msgs/msg/_driving_capability.py'...
[9.989s] Compiling '/home/zyme/ros_ws/Autoware_sim_test/install/autoware_auto_system_msgs/local/lib/python3.10/dist-packages/autoware_auto_system_msgs/msg/_emergency_state.py'...
[9.989s] Compiling '/home/zyme/ros_ws/Autoware_sim_test/install/autoware_auto_system_msgs/local/lib/python3.10/dist-packages/autoware_auto_system_msgs/msg/_hazard_status.py'...
[9.989s] Compiling '/home/zyme/ros_ws/Autoware_sim_test/install/autoware_auto_system_msgs/local/lib/python3.10/dist-packages/autoware_auto_system_msgs/msg/_hazard_status_stamped.py'...
[9.992s] -- Installing: /home/zyme/ros_ws/Autoware_sim_test/install/autoware_auto_system_msgs/lib/libautoware_auto_system_msgs__rosidl_generator_py.so
[9.993s] -- Set runtime path of "/home/zyme/ros_ws/Autoware_sim_test/install/autoware_auto_system_msgs/lib/libautoware_auto_system_msgs__rosidl_generator_py.so" to ""
[9.993s] -- Installing: /home/zyme/ros_ws/Autoware_sim_test/install/autoware_auto_system_msgs/share/autoware_auto_system_msgs/cmake/export_autoware_auto_system_msgs__rosidl_generator_cExport.cmake
[9.993s] -- Installing: /home/zyme/ros_ws/Autoware_sim_test/install/autoware_auto_system_msgs/share/autoware_auto_system_msgs/cmake/export_autoware_auto_system_msgs__rosidl_generator_cExport-release.cmake
[9.993s] -- Installing: /home/zyme/ros_ws/Autoware_sim_test/install/autoware_auto_system_msgs/share/autoware_auto_system_msgs/cmake/export_autoware_auto_system_msgs__rosidl_typesupport_fastrtps_cExport.cmake
[9.993s] -- Installing: /home/zyme/ros_ws/Autoware_sim_test/install/autoware_auto_system_msgs/share/autoware_auto_system_msgs/cmake/export_autoware_auto_system_msgs__rosidl_typesupport_fastrtps_cExport-release.cmake
[9.993s] -- Installing: /home/zyme/ros_ws/Autoware_sim_test/install/autoware_auto_system_msgs/share/autoware_auto_system_msgs/cmake/autoware_auto_system_msgs__rosidl_typesupport_introspection_cExport.cmake
[9.994s] -- Installing: /home/zyme/ros_ws/Autoware_sim_test/install/autoware_auto_system_msgs/share/autoware_auto_system_msgs/cmake/autoware_auto_system_msgs__rosidl_typesupport_introspection_cExport-release.cmake
[9.994s] -- Installing: /home/zyme/ros_ws/Autoware_sim_test/install/autoware_auto_system_msgs/share/autoware_auto_system_msgs/cmake/autoware_auto_system_msgs__rosidl_typesupport_cExport.cmake
[9.994s] -- Installing: /home/zyme/ros_ws/Autoware_sim_test/install/autoware_auto_system_msgs/share/autoware_auto_system_msgs/cmake/autoware_auto_system_msgs__rosidl_typesupport_cExport-release.cmake
[9.994s] -- Installing: /home/zyme/ros_ws/Autoware_sim_test/install/autoware_auto_system_msgs/share/autoware_auto_system_msgs/cmake/export_autoware_auto_system_msgs__rosidl_generator_cppExport.cmake
[9.994s] -- Installing: /home/zyme/ros_ws/Autoware_sim_test/install/autoware_auto_system_msgs/share/autoware_auto_system_msgs/cmake/export_autoware_auto_system_msgs__rosidl_typesupport_fastrtps_cppExport.cmake
[9.994s] -- Installing: /home/zyme/ros_ws/Autoware_sim_test/install/autoware_auto_system_msgs/share/autoware_auto_system_msgs/cmake/export_autoware_auto_system_msgs__rosidl_typesupport_fastrtps_cppExport-release.cmake
[9.994s] -- Installing: /home/zyme/ros_ws/Autoware_sim_test/install/autoware_auto_system_msgs/share/autoware_auto_system_msgs/cmake/autoware_auto_system_msgs__rosidl_typesupport_introspection_cppExport.cmake
[9.994s] -- Installing: /home/zyme/ros_ws/Autoware_sim_test/install/autoware_auto_system_msgs/share/autoware_auto_system_msgs/cmake/autoware_auto_system_msgs__rosidl_typesupport_introspection_cppExport-release.cmake
[9.995s] -- Installing: /home/zyme/ros_ws/Autoware_sim_test/install/autoware_auto_system_msgs/share/autoware_auto_system_msgs/cmake/autoware_auto_system_msgs__rosidl_typesupport_cppExport.cmake
[9.995s] -- Installing: /home/zyme/ros_ws/Autoware_sim_test/install/autoware_auto_system_msgs/share/autoware_auto_system_msgs/cmake/autoware_auto_system_msgs__rosidl_typesupport_cppExport-release.cmake
[9.995s] -- Installing: /home/zyme/ros_ws/Autoware_sim_test/install/autoware_auto_system_msgs/share/autoware_auto_system_msgs/cmake/export_autoware_auto_system_msgs__rosidl_generator_pyExport.cmake
[9.995s] -- Installing: /home/zyme/ros_ws/Autoware_sim_test/install/autoware_auto_system_msgs/share/autoware_auto_system_msgs/cmake/export_autoware_auto_system_msgs__rosidl_generator_pyExport-release.cmake
[9.997s] Invoked command in '/home/zyme/ros_ws/Autoware_sim_test/build/autoware_auto_system_msgs' returned '0': CMAKE_PREFIX_PATH=/opt/ros/humble /usr/bin/cmake --install /home/zyme/ros_ws/Autoware_sim_test/build/autoware_auto_system_msgs
