[0.057s] Invoking command in '/home/zyme/ros_ws/Autoware_sim_test/build/tier4_rtc_msgs': CMAKE_PREFIX_PATH=/opt/ros/humble /usr/bin/cmake --build /home/zyme/ros_ws/Autoware_sim_test/build/tier4_rtc_msgs -- -j12 -l12
[0.106s] [  0%] Built target tier4_rtc_msgs__cpp
[0.109s] [ 12%] Built target tier4_rtc_msgs__rosidl_generator_c
[0.114s] [ 12%] Built target ament_cmake_python_symlink_tier4_rtc_msgs
[0.139s] [ 24%] Built target tier4_rtc_msgs__rosidl_typesupport_cpp
[0.139s] [ 40%] Built target tier4_rtc_msgs__rosidl_typesupport_introspection_cpp
[0.139s] [ 48%] Built target tier4_rtc_msgs__rosidl_typesupport_introspection_c
[0.141s] [ 60%] Built target tier4_rtc_msgs__rosidl_typesupport_c
[0.145s] [ 71%] Built target tier4_rtc_msgs__rosidl_typesupport_fastrtps_cpp
[0.150s] [ 83%] Built target tier4_rtc_msgs__rosidl_typesupport_fastrtps_c
[0.169s] [ 83%] Built target tier4_rtc_msgs
[0.188s] [ 84%] Built target tier4_rtc_msgs__py
[0.214s] [ 95%] Built target tier4_rtc_msgs__rosidl_generator_py
[0.236s] [ 98%] Built target tier4_rtc_msgs__rosidl_typesupport_c__pyext
[0.236s] [ 98%] Built target tier4_rtc_msgs__rosidl_typesupport_fastrtps_c__pyext
[0.236s] [100%] Built target tier4_rtc_msgs__rosidl_typesupport_introspection_c__pyext
[0.381s] running egg_info
[0.381s] writing tier4_rtc_msgs.egg-info/PKG-INFO
[0.382s] writing dependency_links to tier4_rtc_msgs.egg-info/dependency_links.txt
[0.382s] writing top-level names to tier4_rtc_msgs.egg-info/top_level.txt
[0.384s] reading manifest file 'tier4_rtc_msgs.egg-info/SOURCES.txt'
[0.385s] writing manifest file 'tier4_rtc_msgs.egg-info/SOURCES.txt'
[0.407s] [100%] Built target ament_cmake_python_build_tier4_rtc_msgs_egg
[0.419s] Invoked command in '/home/zyme/ros_ws/Autoware_sim_test/build/tier4_rtc_msgs' returned '0': CMAKE_PREFIX_PATH=/opt/ros/humble /usr/bin/cmake --build /home/zyme/ros_ws/Autoware_sim_test/build/tier4_rtc_msgs -- -j12 -l12
[0.873s] Invoking command in '/home/zyme/ros_ws/Autoware_sim_test/build/tier4_rtc_msgs': CMAKE_PREFIX_PATH=/opt/ros/humble /usr/bin/cmake --install /home/zyme/ros_ws/Autoware_sim_test/build/tier4_rtc_msgs
[0.898s] -- Install configuration: "Release"
[0.900s] -- Execute custom install script
[0.901s] -- Up-to-date symlink: /home/zyme/ros_ws/Autoware_sim_test/install/tier4_rtc_msgs/share/ament_index/resource_index/rosidl_interfaces/tier4_rtc_msgs
[0.903s] -- Up-to-date symlink: /home/zyme/ros_ws/Autoware_sim_test/install/tier4_rtc_msgs/include/tier4_rtc_msgs/tier4_rtc_msgs/msg/auto_mode_status.h
[0.903s] -- Up-to-date symlink: /home/zyme/ros_ws/Autoware_sim_test/install/tier4_rtc_msgs/include/tier4_rtc_msgs/tier4_rtc_msgs/msg/auto_mode_status_array.h
[0.903s] -- Up-to-date symlink: /home/zyme/ros_ws/Autoware_sim_test/install/tier4_rtc_msgs/include/tier4_rtc_msgs/tier4_rtc_msgs/msg/command.h
[0.904s] -- Up-to-date symlink: /home/zyme/ros_ws/Autoware_sim_test/install/tier4_rtc_msgs/include/tier4_rtc_msgs/tier4_rtc_msgs/msg/cooperate_command.h
[0.904s] -- Up-to-date symlink: /home/zyme/ros_ws/Autoware_sim_test/install/tier4_rtc_msgs/include/tier4_rtc_msgs/tier4_rtc_msgs/msg/cooperate_response.h
[0.904s] -- Up-to-date symlink: /home/zyme/ros_ws/Autoware_sim_test/install/tier4_rtc_msgs/include/tier4_rtc_msgs/tier4_rtc_msgs/msg/cooperate_status.h
[0.904s] -- Up-to-date symlink: /home/zyme/ros_ws/Autoware_sim_test/install/tier4_rtc_msgs/include/tier4_rtc_msgs/tier4_rtc_msgs/msg/cooperate_status_array.h
[0.905s] -- Up-to-date symlink: /home/zyme/ros_ws/Autoware_sim_test/install/tier4_rtc_msgs/include/tier4_rtc_msgs/tier4_rtc_msgs/msg/detail/auto_mode_status__functions.h
[0.905s] -- Up-to-date symlink: /home/zyme/ros_ws/Autoware_sim_test/install/tier4_rtc_msgs/include/tier4_rtc_msgs/tier4_rtc_msgs/msg/detail/auto_mode_status__struct.h
[0.905s] -- Up-to-date symlink: /home/zyme/ros_ws/Autoware_sim_test/install/tier4_rtc_msgs/include/tier4_rtc_msgs/tier4_rtc_msgs/msg/detail/auto_mode_status__type_support.h
[0.906s] -- Up-to-date symlink: /home/zyme/ros_ws/Autoware_sim_test/install/tier4_rtc_msgs/include/tier4_rtc_msgs/tier4_rtc_msgs/msg/detail/auto_mode_status_array__functions.h
[0.906s] -- Up-to-date symlink: /home/zyme/ros_ws/Autoware_sim_test/install/tier4_rtc_msgs/include/tier4_rtc_msgs/tier4_rtc_msgs/msg/detail/auto_mode_status_array__struct.h
[0.906s] -- Up-to-date symlink: /home/zyme/ros_ws/Autoware_sim_test/install/tier4_rtc_msgs/include/tier4_rtc_msgs/tier4_rtc_msgs/msg/detail/auto_mode_status_array__type_support.h
[0.907s] -- Up-to-date symlink: /home/zyme/ros_ws/Autoware_sim_test/install/tier4_rtc_msgs/include/tier4_rtc_msgs/tier4_rtc_msgs/msg/detail/command__functions.h
[0.907s] -- Up-to-date symlink: /home/zyme/ros_ws/Autoware_sim_test/install/tier4_rtc_msgs/include/tier4_rtc_msgs/tier4_rtc_msgs/msg/detail/command__struct.h
[0.907s] -- Up-to-date symlink: /home/zyme/ros_ws/Autoware_sim_test/install/tier4_rtc_msgs/include/tier4_rtc_msgs/tier4_rtc_msgs/msg/detail/command__type_support.h
[0.908s] -- Up-to-date symlink: /home/zyme/ros_ws/Autoware_sim_test/install/tier4_rtc_msgs/include/tier4_rtc_msgs/tier4_rtc_msgs/msg/detail/cooperate_command__functions.h
[0.908s] -- Up-to-date symlink: /home/zyme/ros_ws/Autoware_sim_test/install/tier4_rtc_msgs/include/tier4_rtc_msgs/tier4_rtc_msgs/msg/detail/cooperate_command__struct.h
[0.908s] -- Up-to-date symlink: /home/zyme/ros_ws/Autoware_sim_test/install/tier4_rtc_msgs/include/tier4_rtc_msgs/tier4_rtc_msgs/msg/detail/cooperate_command__type_support.h
[0.909s] -- Up-to-date symlink: /home/zyme/ros_ws/Autoware_sim_test/install/tier4_rtc_msgs/include/tier4_rtc_msgs/tier4_rtc_msgs/msg/detail/cooperate_response__functions.h
[0.909s] -- Up-to-date symlink: /home/zyme/ros_ws/Autoware_sim_test/install/tier4_rtc_msgs/include/tier4_rtc_msgs/tier4_rtc_msgs/msg/detail/cooperate_response__struct.h
[0.909s] -- Up-to-date symlink: /home/zyme/ros_ws/Autoware_sim_test/install/tier4_rtc_msgs/include/tier4_rtc_msgs/tier4_rtc_msgs/msg/detail/cooperate_response__type_support.h
[0.909s] -- Up-to-date symlink: /home/zyme/ros_ws/Autoware_sim_test/install/tier4_rtc_msgs/include/tier4_rtc_msgs/tier4_rtc_msgs/msg/detail/cooperate_status__functions.h
[0.910s] -- Up-to-date symlink: /home/zyme/ros_ws/Autoware_sim_test/install/tier4_rtc_msgs/include/tier4_rtc_msgs/tier4_rtc_msgs/msg/detail/cooperate_status__struct.h
[0.910s] -- Up-to-date symlink: /home/zyme/ros_ws/Autoware_sim_test/install/tier4_rtc_msgs/include/tier4_rtc_msgs/tier4_rtc_msgs/msg/detail/cooperate_status__type_support.h
[0.910s] -- Up-to-date symlink: /home/zyme/ros_ws/Autoware_sim_test/install/tier4_rtc_msgs/include/tier4_rtc_msgs/tier4_rtc_msgs/msg/detail/cooperate_status_array__functions.h
[0.911s] -- Up-to-date symlink: /home/zyme/ros_ws/Autoware_sim_test/install/tier4_rtc_msgs/include/tier4_rtc_msgs/tier4_rtc_msgs/msg/detail/cooperate_status_array__struct.h
[0.911s] -- Up-to-date symlink: /home/zyme/ros_ws/Autoware_sim_test/install/tier4_rtc_msgs/include/tier4_rtc_msgs/tier4_rtc_msgs/msg/detail/cooperate_status_array__type_support.h
[0.912s] -- Up-to-date symlink: /home/zyme/ros_ws/Autoware_sim_test/install/tier4_rtc_msgs/include/tier4_rtc_msgs/tier4_rtc_msgs/msg/detail/module__functions.h
[0.912s] -- Up-to-date symlink: /home/zyme/ros_ws/Autoware_sim_test/install/tier4_rtc_msgs/include/tier4_rtc_msgs/tier4_rtc_msgs/msg/detail/module__struct.h
[0.912s] -- Up-to-date symlink: /home/zyme/ros_ws/Autoware_sim_test/install/tier4_rtc_msgs/include/tier4_rtc_msgs/tier4_rtc_msgs/msg/detail/module__type_support.h
[0.912s] -- Up-to-date symlink: /home/zyme/ros_ws/Autoware_sim_test/install/tier4_rtc_msgs/include/tier4_rtc_msgs/tier4_rtc_msgs/msg/module.h
[0.913s] -- Up-to-date symlink: /home/zyme/ros_ws/Autoware_sim_test/install/tier4_rtc_msgs/include/tier4_rtc_msgs/tier4_rtc_msgs/msg/rosidl_generator_c__visibility_control.h
[0.913s] -- Up-to-date symlink: /home/zyme/ros_ws/Autoware_sim_test/install/tier4_rtc_msgs/include/tier4_rtc_msgs/tier4_rtc_msgs/srv/auto_mode.h
[0.913s] -- Up-to-date symlink: /home/zyme/ros_ws/Autoware_sim_test/install/tier4_rtc_msgs/include/tier4_rtc_msgs/tier4_rtc_msgs/srv/auto_mode_with_module.h
[0.913s] -- Up-to-date symlink: /home/zyme/ros_ws/Autoware_sim_test/install/tier4_rtc_msgs/include/tier4_rtc_msgs/tier4_rtc_msgs/srv/cooperate_commands.h
[0.914s] -- Up-to-date symlink: /home/zyme/ros_ws/Autoware_sim_test/install/tier4_rtc_msgs/include/tier4_rtc_msgs/tier4_rtc_msgs/srv/detail/auto_mode__functions.h
[0.914s] -- Up-to-date symlink: /home/zyme/ros_ws/Autoware_sim_test/install/tier4_rtc_msgs/include/tier4_rtc_msgs/tier4_rtc_msgs/srv/detail/auto_mode__struct.h
[0.914s] -- Up-to-date symlink: /home/zyme/ros_ws/Autoware_sim_test/install/tier4_rtc_msgs/include/tier4_rtc_msgs/tier4_rtc_msgs/srv/detail/auto_mode__type_support.h
[0.915s] -- Up-to-date symlink: /home/zyme/ros_ws/Autoware_sim_test/install/tier4_rtc_msgs/include/tier4_rtc_msgs/tier4_rtc_msgs/srv/detail/auto_mode_with_module__functions.h
[0.915s] -- Up-to-date symlink: /home/zyme/ros_ws/Autoware_sim_test/install/tier4_rtc_msgs/include/tier4_rtc_msgs/tier4_rtc_msgs/srv/detail/auto_mode_with_module__struct.h
[0.915s] -- Up-to-date symlink: /home/zyme/ros_ws/Autoware_sim_test/install/tier4_rtc_msgs/include/tier4_rtc_msgs/tier4_rtc_msgs/srv/detail/auto_mode_with_module__type_support.h
[0.916s] -- Up-to-date symlink: /home/zyme/ros_ws/Autoware_sim_test/install/tier4_rtc_msgs/include/tier4_rtc_msgs/tier4_rtc_msgs/srv/detail/cooperate_commands__functions.h
[0.916s] -- Up-to-date symlink: /home/zyme/ros_ws/Autoware_sim_test/install/tier4_rtc_msgs/include/tier4_rtc_msgs/tier4_rtc_msgs/srv/detail/cooperate_commands__struct.h
[0.916s] -- Up-to-date symlink: /home/zyme/ros_ws/Autoware_sim_test/install/tier4_rtc_msgs/include/tier4_rtc_msgs/tier4_rtc_msgs/srv/detail/cooperate_commands__type_support.h
[0.917s] -- Up-to-date symlink: /home/zyme/ros_ws/Autoware_sim_test/install/tier4_rtc_msgs/share/tier4_rtc_msgs/environment/library_path.sh
[0.917s] -- Up-to-date symlink: /home/zyme/ros_ws/Autoware_sim_test/install/tier4_rtc_msgs/share/tier4_rtc_msgs/environment/library_path.dsv
[0.919s] -- Up-to-date symlink: /home/zyme/ros_ws/Autoware_sim_test/install/tier4_rtc_msgs/include/tier4_rtc_msgs/tier4_rtc_msgs/msg/detail/auto_mode_status__rosidl_typesupport_fastrtps_c.h
[0.919s] -- Up-to-date symlink: /home/zyme/ros_ws/Autoware_sim_test/install/tier4_rtc_msgs/include/tier4_rtc_msgs/tier4_rtc_msgs/msg/detail/auto_mode_status_array__rosidl_typesupport_fastrtps_c.h
[0.920s] -- Up-to-date symlink: /home/zyme/ros_ws/Autoware_sim_test/install/tier4_rtc_msgs/include/tier4_rtc_msgs/tier4_rtc_msgs/msg/detail/command__rosidl_typesupport_fastrtps_c.h
[0.920s] -- Up-to-date symlink: /home/zyme/ros_ws/Autoware_sim_test/install/tier4_rtc_msgs/include/tier4_rtc_msgs/tier4_rtc_msgs/msg/detail/cooperate_command__rosidl_typesupport_fastrtps_c.h
[0.921s] -- Up-to-date symlink: /home/zyme/ros_ws/Autoware_sim_test/install/tier4_rtc_msgs/include/tier4_rtc_msgs/tier4_rtc_msgs/msg/detail/cooperate_response__rosidl_typesupport_fastrtps_c.h
[0.921s] -- Up-to-date symlink: /home/zyme/ros_ws/Autoware_sim_test/install/tier4_rtc_msgs/include/tier4_rtc_msgs/tier4_rtc_msgs/msg/detail/cooperate_status__rosidl_typesupport_fastrtps_c.h
[0.921s] -- Up-to-date symlink: /home/zyme/ros_ws/Autoware_sim_test/install/tier4_rtc_msgs/include/tier4_rtc_msgs/tier4_rtc_msgs/msg/detail/cooperate_status_array__rosidl_typesupport_fastrtps_c.h
[0.921s] -- Up-to-date symlink: /home/zyme/ros_ws/Autoware_sim_test/install/tier4_rtc_msgs/include/tier4_rtc_msgs/tier4_rtc_msgs/msg/detail/module__rosidl_typesupport_fastrtps_c.h
[0.921s] -- Up-to-date symlink: /home/zyme/ros_ws/Autoware_sim_test/install/tier4_rtc_msgs/include/tier4_rtc_msgs/tier4_rtc_msgs/msg/rosidl_typesupport_fastrtps_c__visibility_control.h
[0.921s] -- Up-to-date symlink: /home/zyme/ros_ws/Autoware_sim_test/install/tier4_rtc_msgs/include/tier4_rtc_msgs/tier4_rtc_msgs/srv/detail/auto_mode__rosidl_typesupport_fastrtps_c.h
[0.922s] -- Up-to-date symlink: /home/zyme/ros_ws/Autoware_sim_test/install/tier4_rtc_msgs/include/tier4_rtc_msgs/tier4_rtc_msgs/srv/detail/auto_mode_with_module__rosidl_typesupport_fastrtps_c.h
[0.922s] -- Up-to-date symlink: /home/zyme/ros_ws/Autoware_sim_test/install/tier4_rtc_msgs/include/tier4_rtc_msgs/tier4_rtc_msgs/srv/detail/cooperate_commands__rosidl_typesupport_fastrtps_c.h
[0.923s] -- Up-to-date symlink: /home/zyme/ros_ws/Autoware_sim_test/install/tier4_rtc_msgs/include/tier4_rtc_msgs/tier4_rtc_msgs/msg/detail/auto_mode_status__rosidl_typesupport_introspection_c.h
[0.923s] -- Up-to-date symlink: /home/zyme/ros_ws/Autoware_sim_test/install/tier4_rtc_msgs/include/tier4_rtc_msgs/tier4_rtc_msgs/msg/detail/auto_mode_status_array__rosidl_typesupport_introspection_c.h
[0.924s] -- Up-to-date symlink: /home/zyme/ros_ws/Autoware_sim_test/install/tier4_rtc_msgs/include/tier4_rtc_msgs/tier4_rtc_msgs/msg/detail/command__rosidl_typesupport_introspection_c.h
[0.924s] -- Up-to-date symlink: /home/zyme/ros_ws/Autoware_sim_test/install/tier4_rtc_msgs/include/tier4_rtc_msgs/tier4_rtc_msgs/msg/detail/cooperate_command__rosidl_typesupport_introspection_c.h
[0.924s] -- Up-to-date symlink: /home/zyme/ros_ws/Autoware_sim_test/install/tier4_rtc_msgs/include/tier4_rtc_msgs/tier4_rtc_msgs/msg/detail/cooperate_response__rosidl_typesupport_introspection_c.h
[0.924s] -- Up-to-date symlink: /home/zyme/ros_ws/Autoware_sim_test/install/tier4_rtc_msgs/include/tier4_rtc_msgs/tier4_rtc_msgs/msg/detail/cooperate_status__rosidl_typesupport_introspection_c.h
[0.924s] -- Up-to-date symlink: /home/zyme/ros_ws/Autoware_sim_test/install/tier4_rtc_msgs/include/tier4_rtc_msgs/tier4_rtc_msgs/msg/detail/cooperate_status_array__rosidl_typesupport_introspection_c.h
[0.925s] -- Up-to-date symlink: /home/zyme/ros_ws/Autoware_sim_test/install/tier4_rtc_msgs/include/tier4_rtc_msgs/tier4_rtc_msgs/msg/detail/module__rosidl_typesupport_introspection_c.h
[0.925s] -- Up-to-date symlink: /home/zyme/ros_ws/Autoware_sim_test/install/tier4_rtc_msgs/include/tier4_rtc_msgs/tier4_rtc_msgs/msg/rosidl_typesupport_introspection_c__visibility_control.h
[0.925s] -- Up-to-date symlink: /home/zyme/ros_ws/Autoware_sim_test/install/tier4_rtc_msgs/include/tier4_rtc_msgs/tier4_rtc_msgs/srv/detail/auto_mode__rosidl_typesupport_introspection_c.h
[0.925s] -- Up-to-date symlink: /home/zyme/ros_ws/Autoware_sim_test/install/tier4_rtc_msgs/include/tier4_rtc_msgs/tier4_rtc_msgs/srv/detail/auto_mode_with_module__rosidl_typesupport_introspection_c.h
[0.926s] -- Up-to-date symlink: /home/zyme/ros_ws/Autoware_sim_test/install/tier4_rtc_msgs/include/tier4_rtc_msgs/tier4_rtc_msgs/srv/detail/cooperate_commands__rosidl_typesupport_introspection_c.h
[0.927s] -- Up-to-date symlink: /home/zyme/ros_ws/Autoware_sim_test/install/tier4_rtc_msgs/include/tier4_rtc_msgs/tier4_rtc_msgs/msg/auto_mode_status.hpp
[0.927s] -- Up-to-date symlink: /home/zyme/ros_ws/Autoware_sim_test/install/tier4_rtc_msgs/include/tier4_rtc_msgs/tier4_rtc_msgs/msg/auto_mode_status_array.hpp
[0.927s] -- Up-to-date symlink: /home/zyme/ros_ws/Autoware_sim_test/install/tier4_rtc_msgs/include/tier4_rtc_msgs/tier4_rtc_msgs/msg/command.hpp
[0.927s] -- Up-to-date symlink: /home/zyme/ros_ws/Autoware_sim_test/install/tier4_rtc_msgs/include/tier4_rtc_msgs/tier4_rtc_msgs/msg/cooperate_command.hpp
[0.928s] -- Up-to-date symlink: /home/zyme/ros_ws/Autoware_sim_test/install/tier4_rtc_msgs/include/tier4_rtc_msgs/tier4_rtc_msgs/msg/cooperate_response.hpp
[0.928s] -- Up-to-date symlink: /home/zyme/ros_ws/Autoware_sim_test/install/tier4_rtc_msgs/include/tier4_rtc_msgs/tier4_rtc_msgs/msg/cooperate_status.hpp
[0.928s] -- Up-to-date symlink: /home/zyme/ros_ws/Autoware_sim_test/install/tier4_rtc_msgs/include/tier4_rtc_msgs/tier4_rtc_msgs/msg/cooperate_status_array.hpp
[0.928s] -- Up-to-date symlink: /home/zyme/ros_ws/Autoware_sim_test/install/tier4_rtc_msgs/include/tier4_rtc_msgs/tier4_rtc_msgs/msg/detail/auto_mode_status__builder.hpp
[0.928s] -- Up-to-date symlink: /home/zyme/ros_ws/Autoware_sim_test/install/tier4_rtc_msgs/include/tier4_rtc_msgs/tier4_rtc_msgs/msg/detail/auto_mode_status__struct.hpp
[0.929s] -- Up-to-date symlink: /home/zyme/ros_ws/Autoware_sim_test/install/tier4_rtc_msgs/include/tier4_rtc_msgs/tier4_rtc_msgs/msg/detail/auto_mode_status__traits.hpp
[0.929s] -- Up-to-date symlink: /home/zyme/ros_ws/Autoware_sim_test/install/tier4_rtc_msgs/include/tier4_rtc_msgs/tier4_rtc_msgs/msg/detail/auto_mode_status_array__builder.hpp
[0.929s] -- Up-to-date symlink: /home/zyme/ros_ws/Autoware_sim_test/install/tier4_rtc_msgs/include/tier4_rtc_msgs/tier4_rtc_msgs/msg/detail/auto_mode_status_array__struct.hpp
[0.929s] -- Up-to-date symlink: /home/zyme/ros_ws/Autoware_sim_test/install/tier4_rtc_msgs/include/tier4_rtc_msgs/tier4_rtc_msgs/msg/detail/auto_mode_status_array__traits.hpp
[0.929s] -- Up-to-date symlink: /home/zyme/ros_ws/Autoware_sim_test/install/tier4_rtc_msgs/include/tier4_rtc_msgs/tier4_rtc_msgs/msg/detail/command__builder.hpp
[0.930s] -- Up-to-date symlink: /home/zyme/ros_ws/Autoware_sim_test/install/tier4_rtc_msgs/include/tier4_rtc_msgs/tier4_rtc_msgs/msg/detail/command__struct.hpp
[0.930s] -- Up-to-date symlink: /home/zyme/ros_ws/Autoware_sim_test/install/tier4_rtc_msgs/include/tier4_rtc_msgs/tier4_rtc_msgs/msg/detail/command__traits.hpp
[0.930s] -- Up-to-date symlink: /home/zyme/ros_ws/Autoware_sim_test/install/tier4_rtc_msgs/include/tier4_rtc_msgs/tier4_rtc_msgs/msg/detail/cooperate_command__builder.hpp
[0.930s] -- Up-to-date symlink: /home/zyme/ros_ws/Autoware_sim_test/install/tier4_rtc_msgs/include/tier4_rtc_msgs/tier4_rtc_msgs/msg/detail/cooperate_command__struct.hpp
[0.930s] -- Up-to-date symlink: /home/zyme/ros_ws/Autoware_sim_test/install/tier4_rtc_msgs/include/tier4_rtc_msgs/tier4_rtc_msgs/msg/detail/cooperate_command__traits.hpp
[0.931s] -- Up-to-date symlink: /home/zyme/ros_ws/Autoware_sim_test/install/tier4_rtc_msgs/include/tier4_rtc_msgs/tier4_rtc_msgs/msg/detail/cooperate_response__builder.hpp
[0.931s] -- Up-to-date symlink: /home/zyme/ros_ws/Autoware_sim_test/install/tier4_rtc_msgs/include/tier4_rtc_msgs/tier4_rtc_msgs/msg/detail/cooperate_response__struct.hpp
[0.931s] -- Up-to-date symlink: /home/zyme/ros_ws/Autoware_sim_test/install/tier4_rtc_msgs/include/tier4_rtc_msgs/tier4_rtc_msgs/msg/detail/cooperate_response__traits.hpp
[0.931s] -- Up-to-date symlink: /home/zyme/ros_ws/Autoware_sim_test/install/tier4_rtc_msgs/include/tier4_rtc_msgs/tier4_rtc_msgs/msg/detail/cooperate_status__builder.hpp
[0.931s] -- Up-to-date symlink: /home/zyme/ros_ws/Autoware_sim_test/install/tier4_rtc_msgs/include/tier4_rtc_msgs/tier4_rtc_msgs/msg/detail/cooperate_status__struct.hpp
[0.931s] -- Up-to-date symlink: /home/zyme/ros_ws/Autoware_sim_test/install/tier4_rtc_msgs/include/tier4_rtc_msgs/tier4_rtc_msgs/msg/detail/cooperate_status__traits.hpp
[0.932s] -- Up-to-date symlink: /home/zyme/ros_ws/Autoware_sim_test/install/tier4_rtc_msgs/include/tier4_rtc_msgs/tier4_rtc_msgs/msg/detail/cooperate_status_array__builder.hpp
[0.932s] -- Up-to-date symlink: /home/zyme/ros_ws/Autoware_sim_test/install/tier4_rtc_msgs/include/tier4_rtc_msgs/tier4_rtc_msgs/msg/detail/cooperate_status_array__struct.hpp
[0.932s] -- Up-to-date symlink: /home/zyme/ros_ws/Autoware_sim_test/install/tier4_rtc_msgs/include/tier4_rtc_msgs/tier4_rtc_msgs/msg/detail/cooperate_status_array__traits.hpp
[0.932s] -- Up-to-date symlink: /home/zyme/ros_ws/Autoware_sim_test/install/tier4_rtc_msgs/include/tier4_rtc_msgs/tier4_rtc_msgs/msg/detail/module__builder.hpp
[0.932s] -- Up-to-date symlink: /home/zyme/ros_ws/Autoware_sim_test/install/tier4_rtc_msgs/include/tier4_rtc_msgs/tier4_rtc_msgs/msg/detail/module__struct.hpp
[0.932s] -- Up-to-date symlink: /home/zyme/ros_ws/Autoware_sim_test/install/tier4_rtc_msgs/include/tier4_rtc_msgs/tier4_rtc_msgs/msg/detail/module__traits.hpp
[0.933s] -- Up-to-date symlink: /home/zyme/ros_ws/Autoware_sim_test/install/tier4_rtc_msgs/include/tier4_rtc_msgs/tier4_rtc_msgs/msg/module.hpp
[0.933s] -- Up-to-date symlink: /home/zyme/ros_ws/Autoware_sim_test/install/tier4_rtc_msgs/include/tier4_rtc_msgs/tier4_rtc_msgs/srv/auto_mode.hpp
[0.933s] -- Up-to-date symlink: /home/zyme/ros_ws/Autoware_sim_test/install/tier4_rtc_msgs/include/tier4_rtc_msgs/tier4_rtc_msgs/srv/auto_mode_with_module.hpp
[0.933s] -- Up-to-date symlink: /home/zyme/ros_ws/Autoware_sim_test/install/tier4_rtc_msgs/include/tier4_rtc_msgs/tier4_rtc_msgs/srv/cooperate_commands.hpp
[0.933s] -- Up-to-date symlink: /home/zyme/ros_ws/Autoware_sim_test/install/tier4_rtc_msgs/include/tier4_rtc_msgs/tier4_rtc_msgs/srv/detail/auto_mode__builder.hpp
[0.934s] -- Up-to-date symlink: /home/zyme/ros_ws/Autoware_sim_test/install/tier4_rtc_msgs/include/tier4_rtc_msgs/tier4_rtc_msgs/srv/detail/auto_mode__struct.hpp
[0.934s] -- Up-to-date symlink: /home/zyme/ros_ws/Autoware_sim_test/install/tier4_rtc_msgs/include/tier4_rtc_msgs/tier4_rtc_msgs/srv/detail/auto_mode__traits.hpp
[0.934s] -- Up-to-date symlink: /home/zyme/ros_ws/Autoware_sim_test/install/tier4_rtc_msgs/include/tier4_rtc_msgs/tier4_rtc_msgs/srv/detail/auto_mode_with_module__builder.hpp
[0.934s] -- Up-to-date symlink: /home/zyme/ros_ws/Autoware_sim_test/install/tier4_rtc_msgs/include/tier4_rtc_msgs/tier4_rtc_msgs/srv/detail/auto_mode_with_module__struct.hpp
[0.934s] -- Up-to-date symlink: /home/zyme/ros_ws/Autoware_sim_test/install/tier4_rtc_msgs/include/tier4_rtc_msgs/tier4_rtc_msgs/srv/detail/auto_mode_with_module__traits.hpp
[0.934s] -- Up-to-date symlink: /home/zyme/ros_ws/Autoware_sim_test/install/tier4_rtc_msgs/include/tier4_rtc_msgs/tier4_rtc_msgs/srv/detail/cooperate_commands__builder.hpp
[0.935s] -- Up-to-date symlink: /home/zyme/ros_ws/Autoware_sim_test/install/tier4_rtc_msgs/include/tier4_rtc_msgs/tier4_rtc_msgs/srv/detail/cooperate_commands__struct.hpp
[0.935s] -- Up-to-date symlink: /home/zyme/ros_ws/Autoware_sim_test/install/tier4_rtc_msgs/include/tier4_rtc_msgs/tier4_rtc_msgs/srv/detail/cooperate_commands__traits.hpp
[0.936s] -- Up-to-date symlink: /home/zyme/ros_ws/Autoware_sim_test/install/tier4_rtc_msgs/include/tier4_rtc_msgs/tier4_rtc_msgs/msg/detail/auto_mode_status__rosidl_typesupport_fastrtps_cpp.hpp
[0.936s] -- Up-to-date symlink: /home/zyme/ros_ws/Autoware_sim_test/install/tier4_rtc_msgs/include/tier4_rtc_msgs/tier4_rtc_msgs/msg/detail/auto_mode_status_array__rosidl_typesupport_fastrtps_cpp.hpp
[0.936s] -- Up-to-date symlink: /home/zyme/ros_ws/Autoware_sim_test/install/tier4_rtc_msgs/include/tier4_rtc_msgs/tier4_rtc_msgs/msg/detail/command__rosidl_typesupport_fastrtps_cpp.hpp
[0.936s] -- Up-to-date symlink: /home/zyme/ros_ws/Autoware_sim_test/install/tier4_rtc_msgs/include/tier4_rtc_msgs/tier4_rtc_msgs/msg/detail/cooperate_command__rosidl_typesupport_fastrtps_cpp.hpp
[0.936s] -- Up-to-date symlink: /home/zyme/ros_ws/Autoware_sim_test/install/tier4_rtc_msgs/include/tier4_rtc_msgs/tier4_rtc_msgs/msg/detail/cooperate_response__rosidl_typesupport_fastrtps_cpp.hpp
[0.937s] -- Up-to-date symlink: /home/zyme/ros_ws/Autoware_sim_test/install/tier4_rtc_msgs/include/tier4_rtc_msgs/tier4_rtc_msgs/msg/detail/cooperate_status__rosidl_typesupport_fastrtps_cpp.hpp
[0.937s] -- Up-to-date symlink: /home/zyme/ros_ws/Autoware_sim_test/install/tier4_rtc_msgs/include/tier4_rtc_msgs/tier4_rtc_msgs/msg/detail/cooperate_status_array__rosidl_typesupport_fastrtps_cpp.hpp
[0.937s] -- Up-to-date symlink: /home/zyme/ros_ws/Autoware_sim_test/install/tier4_rtc_msgs/include/tier4_rtc_msgs/tier4_rtc_msgs/msg/detail/module__rosidl_typesupport_fastrtps_cpp.hpp
[0.937s] -- Up-to-date symlink: /home/zyme/ros_ws/Autoware_sim_test/install/tier4_rtc_msgs/include/tier4_rtc_msgs/tier4_rtc_msgs/msg/rosidl_typesupport_fastrtps_cpp__visibility_control.h
[0.937s] -- Up-to-date symlink: /home/zyme/ros_ws/Autoware_sim_test/install/tier4_rtc_msgs/include/tier4_rtc_msgs/tier4_rtc_msgs/srv/detail/auto_mode__rosidl_typesupport_fastrtps_cpp.hpp
[0.937s] -- Up-to-date symlink: /home/zyme/ros_ws/Autoware_sim_test/install/tier4_rtc_msgs/include/tier4_rtc_msgs/tier4_rtc_msgs/srv/detail/auto_mode_with_module__rosidl_typesupport_fastrtps_cpp.hpp
[0.937s] -- Up-to-date symlink: /home/zyme/ros_ws/Autoware_sim_test/install/tier4_rtc_msgs/include/tier4_rtc_msgs/tier4_rtc_msgs/srv/detail/cooperate_commands__rosidl_typesupport_fastrtps_cpp.hpp
[0.938s] -- Up-to-date symlink: /home/zyme/ros_ws/Autoware_sim_test/install/tier4_rtc_msgs/include/tier4_rtc_msgs/tier4_rtc_msgs/msg/detail/auto_mode_status__rosidl_typesupport_introspection_cpp.hpp
[0.938s] -- Up-to-date symlink: /home/zyme/ros_ws/Autoware_sim_test/install/tier4_rtc_msgs/include/tier4_rtc_msgs/tier4_rtc_msgs/msg/detail/auto_mode_status_array__rosidl_typesupport_introspection_cpp.hpp
[0.938s] -- Up-to-date symlink: /home/zyme/ros_ws/Autoware_sim_test/install/tier4_rtc_msgs/include/tier4_rtc_msgs/tier4_rtc_msgs/msg/detail/command__rosidl_typesupport_introspection_cpp.hpp
[0.938s] -- Up-to-date symlink: /home/zyme/ros_ws/Autoware_sim_test/install/tier4_rtc_msgs/include/tier4_rtc_msgs/tier4_rtc_msgs/msg/detail/cooperate_command__rosidl_typesupport_introspection_cpp.hpp
[0.939s] -- Up-to-date symlink: /home/zyme/ros_ws/Autoware_sim_test/install/tier4_rtc_msgs/include/tier4_rtc_msgs/tier4_rtc_msgs/msg/detail/cooperate_response__rosidl_typesupport_introspection_cpp.hpp
[0.939s] -- Up-to-date symlink: /home/zyme/ros_ws/Autoware_sim_test/install/tier4_rtc_msgs/include/tier4_rtc_msgs/tier4_rtc_msgs/msg/detail/cooperate_status__rosidl_typesupport_introspection_cpp.hpp
[0.939s] -- Up-to-date symlink: /home/zyme/ros_ws/Autoware_sim_test/install/tier4_rtc_msgs/include/tier4_rtc_msgs/tier4_rtc_msgs/msg/detail/cooperate_status_array__rosidl_typesupport_introspection_cpp.hpp
[0.939s] -- Up-to-date symlink: /home/zyme/ros_ws/Autoware_sim_test/install/tier4_rtc_msgs/include/tier4_rtc_msgs/tier4_rtc_msgs/msg/detail/module__rosidl_typesupport_introspection_cpp.hpp
[0.939s] -- Up-to-date symlink: /home/zyme/ros_ws/Autoware_sim_test/install/tier4_rtc_msgs/include/tier4_rtc_msgs/tier4_rtc_msgs/srv/detail/auto_mode__rosidl_typesupport_introspection_cpp.hpp
[0.939s] -- Up-to-date symlink: /home/zyme/ros_ws/Autoware_sim_test/install/tier4_rtc_msgs/include/tier4_rtc_msgs/tier4_rtc_msgs/srv/detail/auto_mode_with_module__rosidl_typesupport_introspection_cpp.hpp
[0.940s] -- Up-to-date symlink: /home/zyme/ros_ws/Autoware_sim_test/install/tier4_rtc_msgs/include/tier4_rtc_msgs/tier4_rtc_msgs/srv/detail/cooperate_commands__rosidl_typesupport_introspection_cpp.hpp
[0.940s] -- Up-to-date symlink: /home/zyme/ros_ws/Autoware_sim_test/install/tier4_rtc_msgs/share/tier4_rtc_msgs/environment/pythonpath.sh
[0.940s] -- Up-to-date symlink: /home/zyme/ros_ws/Autoware_sim_test/install/tier4_rtc_msgs/share/tier4_rtc_msgs/environment/pythonpath.dsv
[0.940s] -- Up-to-date symlink: /home/zyme/ros_ws/Autoware_sim_test/install/tier4_rtc_msgs/local/lib/python3.10/dist-packages/tier4_rtc_msgs-0.1.0-py3.10.egg-info/PKG-INFO
[0.941s] -- Up-to-date symlink: /home/zyme/ros_ws/Autoware_sim_test/install/tier4_rtc_msgs/local/lib/python3.10/dist-packages/tier4_rtc_msgs-0.1.0-py3.10.egg-info/SOURCES.txt
[0.941s] -- Up-to-date symlink: /home/zyme/ros_ws/Autoware_sim_test/install/tier4_rtc_msgs/local/lib/python3.10/dist-packages/tier4_rtc_msgs-0.1.0-py3.10.egg-info/dependency_links.txt
[0.941s] -- Up-to-date symlink: /home/zyme/ros_ws/Autoware_sim_test/install/tier4_rtc_msgs/local/lib/python3.10/dist-packages/tier4_rtc_msgs-0.1.0-py3.10.egg-info/top_level.txt
[0.942s] -- Up-to-date symlink: /home/zyme/ros_ws/Autoware_sim_test/install/tier4_rtc_msgs/local/lib/python3.10/dist-packages/tier4_rtc_msgs/__init__.py
[0.942s] -- Up-to-date symlink: /home/zyme/ros_ws/Autoware_sim_test/install/tier4_rtc_msgs/local/lib/python3.10/dist-packages/tier4_rtc_msgs/_tier4_rtc_msgs_s.ep.rosidl_typesupport_c.c
[0.942s] -- Up-to-date symlink: /home/zyme/ros_ws/Autoware_sim_test/install/tier4_rtc_msgs/local/lib/python3.10/dist-packages/tier4_rtc_msgs/_tier4_rtc_msgs_s.ep.rosidl_typesupport_fastrtps_c.c
[0.942s] -- Up-to-date symlink: /home/zyme/ros_ws/Autoware_sim_test/install/tier4_rtc_msgs/local/lib/python3.10/dist-packages/tier4_rtc_msgs/_tier4_rtc_msgs_s.ep.rosidl_typesupport_introspection_c.c
[0.942s] -- Up-to-date symlink: /home/zyme/ros_ws/Autoware_sim_test/install/tier4_rtc_msgs/local/lib/python3.10/dist-packages/tier4_rtc_msgs/libtier4_rtc_msgs__rosidl_generator_py.so
[0.942s] -- Up-to-date symlink: /home/zyme/ros_ws/Autoware_sim_test/install/tier4_rtc_msgs/local/lib/python3.10/dist-packages/tier4_rtc_msgs/msg/__init__.py
[0.942s] -- Up-to-date symlink: /home/zyme/ros_ws/Autoware_sim_test/install/tier4_rtc_msgs/local/lib/python3.10/dist-packages/tier4_rtc_msgs/msg/_auto_mode_status.py
[0.943s] -- Up-to-date symlink: /home/zyme/ros_ws/Autoware_sim_test/install/tier4_rtc_msgs/local/lib/python3.10/dist-packages/tier4_rtc_msgs/msg/_auto_mode_status_array.py
[0.943s] -- Up-to-date symlink: /home/zyme/ros_ws/Autoware_sim_test/install/tier4_rtc_msgs/local/lib/python3.10/dist-packages/tier4_rtc_msgs/msg/_auto_mode_status_array_s.c
[0.943s] -- Up-to-date symlink: /home/zyme/ros_ws/Autoware_sim_test/install/tier4_rtc_msgs/local/lib/python3.10/dist-packages/tier4_rtc_msgs/msg/_auto_mode_status_s.c
[0.943s] -- Up-to-date symlink: /home/zyme/ros_ws/Autoware_sim_test/install/tier4_rtc_msgs/local/lib/python3.10/dist-packages/tier4_rtc_msgs/msg/_command.py
[0.943s] -- Up-to-date symlink: /home/zyme/ros_ws/Autoware_sim_test/install/tier4_rtc_msgs/local/lib/python3.10/dist-packages/tier4_rtc_msgs/msg/_command_s.c
[0.943s] -- Up-to-date symlink: /home/zyme/ros_ws/Autoware_sim_test/install/tier4_rtc_msgs/local/lib/python3.10/dist-packages/tier4_rtc_msgs/msg/_cooperate_command.py
[0.943s] -- Up-to-date symlink: /home/zyme/ros_ws/Autoware_sim_test/install/tier4_rtc_msgs/local/lib/python3.10/dist-packages/tier4_rtc_msgs/msg/_cooperate_command_s.c
[0.944s] -- Up-to-date symlink: /home/zyme/ros_ws/Autoware_sim_test/install/tier4_rtc_msgs/local/lib/python3.10/dist-packages/tier4_rtc_msgs/msg/_cooperate_response.py
[0.944s] -- Up-to-date symlink: /home/zyme/ros_ws/Autoware_sim_test/install/tier4_rtc_msgs/local/lib/python3.10/dist-packages/tier4_rtc_msgs/msg/_cooperate_response_s.c
[0.944s] -- Up-to-date symlink: /home/zyme/ros_ws/Autoware_sim_test/install/tier4_rtc_msgs/local/lib/python3.10/dist-packages/tier4_rtc_msgs/msg/_cooperate_status.py
[0.944s] -- Up-to-date symlink: /home/zyme/ros_ws/Autoware_sim_test/install/tier4_rtc_msgs/local/lib/python3.10/dist-packages/tier4_rtc_msgs/msg/_cooperate_status_array.py
[0.944s] -- Up-to-date symlink: /home/zyme/ros_ws/Autoware_sim_test/install/tier4_rtc_msgs/local/lib/python3.10/dist-packages/tier4_rtc_msgs/msg/_cooperate_status_array_s.c
[0.944s] -- Up-to-date symlink: /home/zyme/ros_ws/Autoware_sim_test/install/tier4_rtc_msgs/local/lib/python3.10/dist-packages/tier4_rtc_msgs/msg/_cooperate_status_s.c
[0.944s] -- Up-to-date symlink: /home/zyme/ros_ws/Autoware_sim_test/install/tier4_rtc_msgs/local/lib/python3.10/dist-packages/tier4_rtc_msgs/msg/_module.py
[0.944s] -- Up-to-date symlink: /home/zyme/ros_ws/Autoware_sim_test/install/tier4_rtc_msgs/local/lib/python3.10/dist-packages/tier4_rtc_msgs/msg/_module_s.c
[0.945s] -- Up-to-date symlink: /home/zyme/ros_ws/Autoware_sim_test/install/tier4_rtc_msgs/local/lib/python3.10/dist-packages/tier4_rtc_msgs/srv/__init__.py
[0.945s] -- Up-to-date symlink: /home/zyme/ros_ws/Autoware_sim_test/install/tier4_rtc_msgs/local/lib/python3.10/dist-packages/tier4_rtc_msgs/srv/_auto_mode.py
[0.945s] -- Up-to-date symlink: /home/zyme/ros_ws/Autoware_sim_test/install/tier4_rtc_msgs/local/lib/python3.10/dist-packages/tier4_rtc_msgs/srv/_auto_mode_s.c
[0.945s] -- Up-to-date symlink: /home/zyme/ros_ws/Autoware_sim_test/install/tier4_rtc_msgs/local/lib/python3.10/dist-packages/tier4_rtc_msgs/srv/_auto_mode_with_module.py
[0.945s] -- Up-to-date symlink: /home/zyme/ros_ws/Autoware_sim_test/install/tier4_rtc_msgs/local/lib/python3.10/dist-packages/tier4_rtc_msgs/srv/_auto_mode_with_module_s.c
[0.945s] -- Up-to-date symlink: /home/zyme/ros_ws/Autoware_sim_test/install/tier4_rtc_msgs/local/lib/python3.10/dist-packages/tier4_rtc_msgs/srv/_cooperate_commands.py
[0.945s] -- Up-to-date symlink: /home/zyme/ros_ws/Autoware_sim_test/install/tier4_rtc_msgs/local/lib/python3.10/dist-packages/tier4_rtc_msgs/srv/_cooperate_commands_s.c
[0.946s] -- Up-to-date symlink: /home/zyme/ros_ws/Autoware_sim_test/install/tier4_rtc_msgs/local/lib/python3.10/dist-packages/tier4_rtc_msgs/tier4_rtc_msgs_s__rosidl_typesupport_c.cpython-310-x86_64-linux-gnu.so
[0.946s] -- Up-to-date symlink: /home/zyme/ros_ws/Autoware_sim_test/install/tier4_rtc_msgs/local/lib/python3.10/dist-packages/tier4_rtc_msgs/tier4_rtc_msgs_s__rosidl_typesupport_fastrtps_c.cpython-310-x86_64-linux-gnu.so
[0.946s] -- Up-to-date symlink: /home/zyme/ros_ws/Autoware_sim_test/install/tier4_rtc_msgs/local/lib/python3.10/dist-packages/tier4_rtc_msgs/tier4_rtc_msgs_s__rosidl_typesupport_introspection_c.cpython-310-x86_64-linux-gnu.so
[0.946s] -- Up-to-date symlink: /home/zyme/ros_ws/Autoware_sim_test/install/tier4_rtc_msgs/local/lib/python3.10/dist-packages/tier4_rtc_msgs/tier4_rtc_msgs_s__rosidl_typesupport_fastrtps_c.cpython-310-x86_64-linux-gnu.so
[0.946s] -- Up-to-date symlink: /home/zyme/ros_ws/Autoware_sim_test/install/tier4_rtc_msgs/local/lib/python3.10/dist-packages/tier4_rtc_msgs/tier4_rtc_msgs_s__rosidl_typesupport_introspection_c.cpython-310-x86_64-linux-gnu.so
[0.947s] -- Up-to-date symlink: /home/zyme/ros_ws/Autoware_sim_test/install/tier4_rtc_msgs/local/lib/python3.10/dist-packages/tier4_rtc_msgs/tier4_rtc_msgs_s__rosidl_typesupport_c.cpython-310-x86_64-linux-gnu.so
[0.947s] -- Up-to-date symlink: /home/zyme/ros_ws/Autoware_sim_test/install/tier4_rtc_msgs/share/tier4_rtc_msgs/msg/Command.idl
[0.947s] -- Up-to-date symlink: /home/zyme/ros_ws/Autoware_sim_test/install/tier4_rtc_msgs/share/tier4_rtc_msgs/msg/CooperateCommand.idl
[0.947s] -- Up-to-date symlink: /home/zyme/ros_ws/Autoware_sim_test/install/tier4_rtc_msgs/share/tier4_rtc_msgs/msg/CooperateResponse.idl
[0.948s] -- Up-to-date symlink: /home/zyme/ros_ws/Autoware_sim_test/install/tier4_rtc_msgs/share/tier4_rtc_msgs/msg/CooperateStatus.idl
[0.948s] -- Up-to-date symlink: /home/zyme/ros_ws/Autoware_sim_test/install/tier4_rtc_msgs/share/tier4_rtc_msgs/msg/CooperateStatusArray.idl
[0.948s] -- Up-to-date symlink: /home/zyme/ros_ws/Autoware_sim_test/install/tier4_rtc_msgs/share/tier4_rtc_msgs/msg/AutoModeStatus.idl
[0.948s] -- Up-to-date symlink: /home/zyme/ros_ws/Autoware_sim_test/install/tier4_rtc_msgs/share/tier4_rtc_msgs/msg/AutoModeStatusArray.idl
[0.948s] -- Up-to-date symlink: /home/zyme/ros_ws/Autoware_sim_test/install/tier4_rtc_msgs/share/tier4_rtc_msgs/msg/Module.idl
[0.948s] -- Up-to-date symlink: /home/zyme/ros_ws/Autoware_sim_test/install/tier4_rtc_msgs/share/tier4_rtc_msgs/srv/AutoMode.idl
[0.948s] -- Up-to-date symlink: /home/zyme/ros_ws/Autoware_sim_test/install/tier4_rtc_msgs/share/tier4_rtc_msgs/srv/AutoModeWithModule.idl
[0.949s] -- Up-to-date symlink: /home/zyme/ros_ws/Autoware_sim_test/install/tier4_rtc_msgs/share/tier4_rtc_msgs/srv/CooperateCommands.idl
[0.949s] -- Up-to-date symlink: /home/zyme/ros_ws/Autoware_sim_test/install/tier4_rtc_msgs/share/tier4_rtc_msgs/msg/Command.msg
[0.949s] -- Up-to-date symlink: /home/zyme/ros_ws/Autoware_sim_test/install/tier4_rtc_msgs/share/tier4_rtc_msgs/msg/CooperateCommand.msg
[0.949s] -- Up-to-date symlink: /home/zyme/ros_ws/Autoware_sim_test/install/tier4_rtc_msgs/share/tier4_rtc_msgs/msg/CooperateResponse.msg
[0.949s] -- Up-to-date symlink: /home/zyme/ros_ws/Autoware_sim_test/install/tier4_rtc_msgs/share/tier4_rtc_msgs/msg/CooperateStatus.msg
[0.949s] -- Up-to-date symlink: /home/zyme/ros_ws/Autoware_sim_test/install/tier4_rtc_msgs/share/tier4_rtc_msgs/msg/CooperateStatusArray.msg
[0.949s] -- Up-to-date symlink: /home/zyme/ros_ws/Autoware_sim_test/install/tier4_rtc_msgs/share/tier4_rtc_msgs/msg/AutoModeStatus.msg
[0.950s] -- Up-to-date symlink: /home/zyme/ros_ws/Autoware_sim_test/install/tier4_rtc_msgs/share/tier4_rtc_msgs/msg/AutoModeStatusArray.msg
[0.950s] -- Up-to-date symlink: /home/zyme/ros_ws/Autoware_sim_test/install/tier4_rtc_msgs/share/tier4_rtc_msgs/msg/Module.msg
[0.950s] -- Up-to-date symlink: /home/zyme/ros_ws/Autoware_sim_test/install/tier4_rtc_msgs/share/tier4_rtc_msgs/srv/AutoMode.srv
[0.950s] -- Up-to-date symlink: /home/zyme/ros_ws/Autoware_sim_test/install/tier4_rtc_msgs/share/tier4_rtc_msgs/srv/AutoMode_Request.msg
[0.950s] -- Up-to-date symlink: /home/zyme/ros_ws/Autoware_sim_test/install/tier4_rtc_msgs/share/tier4_rtc_msgs/srv/AutoMode_Response.msg
[0.951s] -- Up-to-date symlink: /home/zyme/ros_ws/Autoware_sim_test/install/tier4_rtc_msgs/share/tier4_rtc_msgs/srv/AutoModeWithModule.srv
[0.951s] -- Up-to-date symlink: /home/zyme/ros_ws/Autoware_sim_test/install/tier4_rtc_msgs/share/tier4_rtc_msgs/srv/AutoModeWithModule_Request.msg
[0.951s] -- Up-to-date symlink: /home/zyme/ros_ws/Autoware_sim_test/install/tier4_rtc_msgs/share/tier4_rtc_msgs/srv/AutoModeWithModule_Response.msg
[0.951s] -- Up-to-date symlink: /home/zyme/ros_ws/Autoware_sim_test/install/tier4_rtc_msgs/share/tier4_rtc_msgs/srv/CooperateCommands.srv
[0.951s] -- Up-to-date symlink: /home/zyme/ros_ws/Autoware_sim_test/install/tier4_rtc_msgs/share/tier4_rtc_msgs/srv/CooperateCommands_Request.msg
[0.951s] -- Up-to-date symlink: /home/zyme/ros_ws/Autoware_sim_test/install/tier4_rtc_msgs/share/tier4_rtc_msgs/srv/CooperateCommands_Response.msg
[0.952s] -- Up-to-date symlink: /home/zyme/ros_ws/Autoware_sim_test/install/tier4_rtc_msgs/share/ament_index/resource_index/package_run_dependencies/tier4_rtc_msgs
[0.952s] -- Up-to-date symlink: /home/zyme/ros_ws/Autoware_sim_test/install/tier4_rtc_msgs/share/ament_index/resource_index/parent_prefix_path/tier4_rtc_msgs
[0.952s] -- Up-to-date symlink: /home/zyme/ros_ws/Autoware_sim_test/install/tier4_rtc_msgs/share/tier4_rtc_msgs/environment/ament_prefix_path.sh
[0.952s] -- Up-to-date symlink: /home/zyme/ros_ws/Autoware_sim_test/install/tier4_rtc_msgs/share/tier4_rtc_msgs/environment/ament_prefix_path.dsv
[0.953s] -- Up-to-date symlink: /home/zyme/ros_ws/Autoware_sim_test/install/tier4_rtc_msgs/share/tier4_rtc_msgs/environment/path.sh
[0.953s] -- Up-to-date symlink: /home/zyme/ros_ws/Autoware_sim_test/install/tier4_rtc_msgs/share/tier4_rtc_msgs/environment/path.dsv
[0.953s] -- Up-to-date symlink: /home/zyme/ros_ws/Autoware_sim_test/install/tier4_rtc_msgs/share/tier4_rtc_msgs/local_setup.bash
[0.953s] -- Up-to-date symlink: /home/zyme/ros_ws/Autoware_sim_test/install/tier4_rtc_msgs/share/tier4_rtc_msgs/local_setup.sh
[0.953s] -- Up-to-date symlink: /home/zyme/ros_ws/Autoware_sim_test/install/tier4_rtc_msgs/share/tier4_rtc_msgs/local_setup.zsh
[0.953s] -- Up-to-date symlink: /home/zyme/ros_ws/Autoware_sim_test/install/tier4_rtc_msgs/share/tier4_rtc_msgs/local_setup.dsv
[0.953s] -- Symlinking: /home/zyme/ros_ws/Autoware_sim_test/install/tier4_rtc_msgs/share/tier4_rtc_msgs/package.dsv
[0.962s] -- Up-to-date symlink: /home/zyme/ros_ws/Autoware_sim_test/install/tier4_rtc_msgs/share/ament_index/resource_index/packages/tier4_rtc_msgs
[0.962s] -- Up-to-date symlink: /home/zyme/ros_ws/Autoware_sim_test/install/tier4_rtc_msgs/share/tier4_rtc_msgs/cmake/rosidl_cmake-extras.cmake
[0.962s] -- Up-to-date symlink: /home/zyme/ros_ws/Autoware_sim_test/install/tier4_rtc_msgs/share/tier4_rtc_msgs/cmake/ament_cmake_export_dependencies-extras.cmake
[0.962s] -- Up-to-date symlink: /home/zyme/ros_ws/Autoware_sim_test/install/tier4_rtc_msgs/share/tier4_rtc_msgs/cmake/ament_cmake_export_include_directories-extras.cmake
[0.963s] -- Up-to-date symlink: /home/zyme/ros_ws/Autoware_sim_test/install/tier4_rtc_msgs/share/tier4_rtc_msgs/cmake/ament_cmake_export_libraries-extras.cmake
[0.963s] -- Up-to-date symlink: /home/zyme/ros_ws/Autoware_sim_test/install/tier4_rtc_msgs/share/tier4_rtc_msgs/cmake/ament_cmake_export_targets-extras.cmake
[0.963s] -- Up-to-date symlink: /home/zyme/ros_ws/Autoware_sim_test/install/tier4_rtc_msgs/share/tier4_rtc_msgs/cmake/rosidl_cmake_export_typesupport_targets-extras.cmake
[0.963s] -- Up-to-date symlink: /home/zyme/ros_ws/Autoware_sim_test/install/tier4_rtc_msgs/share/tier4_rtc_msgs/cmake/rosidl_cmake_export_typesupport_libraries-extras.cmake
[0.963s] -- Up-to-date symlink: /home/zyme/ros_ws/Autoware_sim_test/install/tier4_rtc_msgs/share/tier4_rtc_msgs/cmake/tier4_rtc_msgsConfig.cmake
[0.963s] -- Up-to-date symlink: /home/zyme/ros_ws/Autoware_sim_test/install/tier4_rtc_msgs/share/tier4_rtc_msgs/cmake/tier4_rtc_msgsConfig-version.cmake
[0.964s] -- Up-to-date symlink: /home/zyme/ros_ws/Autoware_sim_test/install/tier4_rtc_msgs/share/tier4_rtc_msgs/package.xml
[0.964s] -- Up-to-date: /home/zyme/ros_ws/Autoware_sim_test/install/tier4_rtc_msgs/lib/libtier4_rtc_msgs__rosidl_generator_c.so
[0.964s] -- Up-to-date: /home/zyme/ros_ws/Autoware_sim_test/install/tier4_rtc_msgs/lib/libtier4_rtc_msgs__rosidl_typesupport_fastrtps_c.so
[0.964s] -- Up-to-date: /home/zyme/ros_ws/Autoware_sim_test/install/tier4_rtc_msgs/lib/libtier4_rtc_msgs__rosidl_typesupport_introspection_c.so
[0.965s] -- Up-to-date: /home/zyme/ros_ws/Autoware_sim_test/install/tier4_rtc_msgs/lib/libtier4_rtc_msgs__rosidl_typesupport_c.so
[0.965s] -- Up-to-date: /home/zyme/ros_ws/Autoware_sim_test/install/tier4_rtc_msgs/lib/libtier4_rtc_msgs__rosidl_typesupport_fastrtps_cpp.so
[0.966s] -- Up-to-date: /home/zyme/ros_ws/Autoware_sim_test/install/tier4_rtc_msgs/lib/libtier4_rtc_msgs__rosidl_typesupport_introspection_cpp.so
[0.966s] -- Up-to-date: /home/zyme/ros_ws/Autoware_sim_test/install/tier4_rtc_msgs/lib/libtier4_rtc_msgs__rosidl_typesupport_cpp.so
[0.994s] Listing '/home/zyme/ros_ws/Autoware_sim_test/install/tier4_rtc_msgs/local/lib/python3.10/dist-packages/tier4_rtc_msgs'...
[0.994s] Listing '/home/zyme/ros_ws/Autoware_sim_test/install/tier4_rtc_msgs/local/lib/python3.10/dist-packages/tier4_rtc_msgs/msg'...
[0.994s] Listing '/home/zyme/ros_ws/Autoware_sim_test/install/tier4_rtc_msgs/local/lib/python3.10/dist-packages/tier4_rtc_msgs/srv'...
[0.998s] -- Up-to-date: /home/zyme/ros_ws/Autoware_sim_test/install/tier4_rtc_msgs/lib/libtier4_rtc_msgs__rosidl_generator_py.so
[0.998s] -- Up-to-date: /home/zyme/ros_ws/Autoware_sim_test/install/tier4_rtc_msgs/share/tier4_rtc_msgs/cmake/export_tier4_rtc_msgs__rosidl_generator_cExport.cmake
[0.998s] -- Up-to-date: /home/zyme/ros_ws/Autoware_sim_test/install/tier4_rtc_msgs/share/tier4_rtc_msgs/cmake/export_tier4_rtc_msgs__rosidl_generator_cExport-release.cmake
[0.999s] -- Up-to-date: /home/zyme/ros_ws/Autoware_sim_test/install/tier4_rtc_msgs/share/tier4_rtc_msgs/cmake/export_tier4_rtc_msgs__rosidl_typesupport_fastrtps_cExport.cmake
[0.999s] -- Up-to-date: /home/zyme/ros_ws/Autoware_sim_test/install/tier4_rtc_msgs/share/tier4_rtc_msgs/cmake/export_tier4_rtc_msgs__rosidl_typesupport_fastrtps_cExport-release.cmake
[0.999s] -- Up-to-date: /home/zyme/ros_ws/Autoware_sim_test/install/tier4_rtc_msgs/share/tier4_rtc_msgs/cmake/tier4_rtc_msgs__rosidl_typesupport_introspection_cExport.cmake
[0.999s] -- Up-to-date: /home/zyme/ros_ws/Autoware_sim_test/install/tier4_rtc_msgs/share/tier4_rtc_msgs/cmake/tier4_rtc_msgs__rosidl_typesupport_introspection_cExport-release.cmake
[0.999s] -- Up-to-date: /home/zyme/ros_ws/Autoware_sim_test/install/tier4_rtc_msgs/share/tier4_rtc_msgs/cmake/tier4_rtc_msgs__rosidl_typesupport_cExport.cmake
[0.999s] -- Up-to-date: /home/zyme/ros_ws/Autoware_sim_test/install/tier4_rtc_msgs/share/tier4_rtc_msgs/cmake/tier4_rtc_msgs__rosidl_typesupport_cExport-release.cmake
[0.999s] -- Up-to-date: /home/zyme/ros_ws/Autoware_sim_test/install/tier4_rtc_msgs/share/tier4_rtc_msgs/cmake/export_tier4_rtc_msgs__rosidl_generator_cppExport.cmake
[0.999s] -- Up-to-date: /home/zyme/ros_ws/Autoware_sim_test/install/tier4_rtc_msgs/share/tier4_rtc_msgs/cmake/export_tier4_rtc_msgs__rosidl_typesupport_fastrtps_cppExport.cmake
[1.000s] -- Up-to-date: /home/zyme/ros_ws/Autoware_sim_test/install/tier4_rtc_msgs/share/tier4_rtc_msgs/cmake/export_tier4_rtc_msgs__rosidl_typesupport_fastrtps_cppExport-release.cmake
[1.000s] -- Up-to-date: /home/zyme/ros_ws/Autoware_sim_test/install/tier4_rtc_msgs/share/tier4_rtc_msgs/cmake/tier4_rtc_msgs__rosidl_typesupport_introspection_cppExport.cmake
[1.000s] -- Up-to-date: /home/zyme/ros_ws/Autoware_sim_test/install/tier4_rtc_msgs/share/tier4_rtc_msgs/cmake/tier4_rtc_msgs__rosidl_typesupport_introspection_cppExport-release.cmake
[1.000s] -- Up-to-date: /home/zyme/ros_ws/Autoware_sim_test/install/tier4_rtc_msgs/share/tier4_rtc_msgs/cmake/tier4_rtc_msgs__rosidl_typesupport_cppExport.cmake
[1.000s] -- Up-to-date: /home/zyme/ros_ws/Autoware_sim_test/install/tier4_rtc_msgs/share/tier4_rtc_msgs/cmake/tier4_rtc_msgs__rosidl_typesupport_cppExport-release.cmake
[1.000s] -- Up-to-date: /home/zyme/ros_ws/Autoware_sim_test/install/tier4_rtc_msgs/share/tier4_rtc_msgs/cmake/export_tier4_rtc_msgs__rosidl_generator_pyExport.cmake
[1.000s] -- Up-to-date: /home/zyme/ros_ws/Autoware_sim_test/install/tier4_rtc_msgs/share/tier4_rtc_msgs/cmake/export_tier4_rtc_msgs__rosidl_generator_pyExport-release.cmake
[1.002s] Invoked command in '/home/zyme/ros_ws/Autoware_sim_test/build/tier4_rtc_msgs' returned '0': CMAKE_PREFIX_PATH=/opt/ros/humble /usr/bin/cmake --install /home/zyme/ros_ws/Autoware_sim_test/build/tier4_rtc_msgs
