[0.129s] Invoking command in '/home/zyme/ros_ws/Autoware_sim_test/build/tensorrt_common': CMAKE_PREFIX_PATH=/opt/ros/humble /usr/bin/cmake /home/zyme/ros_ws/Autoware_sim_test/src/autoware/src/universe/autoware.universe/common/tensorrt_common -DCMAKE_BUILD_TYPE=Release -DCMAKE_CXX_FLAGS=-w -DAMENT_CMAKE_SYMLINK_INSTALL=1 -DCMAKE_INSTALL_PREFIX=/home/zyme/ros_ws/Autoware_sim_test/install/tensorrt_common
[0.149s] -- Found ament_cmake: 1.3.8 (/opt/ros/humble/share/ament_cmake/cmake)
[0.392s] -- Override CMake install command with custom implementation using symlinks instead of copying resources
[0.408s] -- Found cudnn_cmake_module: 0.0.1 (/opt/ros/humble/share/cudnn_cmake_module/cmake)
[0.408s] -- Found rclcpp: 16.0.8 (/opt/ros/humble/share/rclcpp/cmake)
[0.476s] -- Found rosidl_generator_c: 3.1.5 (/opt/ros/humble/share/rosidl_generator_c/cmake)
[0.483s] -- Found rosidl_adapter: 3.1.5 (/opt/ros/humble/share/rosidl_adapter/cmake)
[0.494s] -- Found rosidl_generator_cpp: 3.1.5 (/opt/ros/humble/share/rosidl_generator_cpp/cmake)
[0.523s] -- Using all available rosidl_typesupport_c: rosidl_typesupport_fastrtps_c;rosidl_typesupport_introspection_c
[0.560s] -- Using all available rosidl_typesupport_cpp: rosidl_typesupport_fastrtps_cpp;rosidl_typesupport_introspection_cpp
[0.732s] -- Found rmw_implementation_cmake: 6.1.1 (/opt/ros/humble/share/rmw_implementation_cmake/cmake)
[0.732s] -- Found rmw_cyclonedds_cpp: 1.3.4 (/opt/ros/humble/share/rmw_cyclonedds_cpp/cmake)
[0.813s] -- Using RMW implementation 'rmw_cyclonedds_cpp' as default
[1.255s] -- Found tensorrt_cmake_module: 0.0.3 (/opt/ros/humble/share/tensorrt_cmake_module/cmake)
[1.344s] -- Found TensorRT headers at /usr/include/x86_64-linux-gnu
[1.344s] -- Found TensorRT libs at /usr/lib/x86_64-linux-gnu/libnvinfer.so;/usr/lib/x86_64-linux-gnu/libnvinfer_plugin.so;/usr/lib/x86_64-linux-gnu/libnvparsers.so;/usr/lib/x86_64-linux-gnu/libnvonnxparser.so
[1.345s] -- Found ament_lint_auto: 0.12.10 (/opt/ros/humble/share/ament_lint_auto/cmake)
[1.490s] -- Added test 'cppcheck' to perform static code analysis on C / C++ code
[1.490s] -- Configured cppcheck include dirs: $<BUILD_INTERFACE:/home/zyme/ros_ws/Autoware_sim_test/src/autoware/src/universe/autoware.universe/common/tensorrt_common/include>
[1.490s] -- Configured cppcheck exclude dirs and/or files: 
[1.491s] -- Added test 'cpplint' to check C / C++ code against the Google style
[1.491s] -- Configured cpplint exclude dirs and/or files: 
[1.492s] -- Added test 'lint_cmake' to check CMake code style
[1.493s] -- Added test 'xmllint' to check XML markup files
[1.499s] -- Configuring done
[1.524s] -- Generating done
[1.526s] -- Build files have been written to: /home/zyme/ros_ws/Autoware_sim_test/build/tensorrt_common
[1.542s] Invoked command in '/home/zyme/ros_ws/Autoware_sim_test/build/tensorrt_common' returned '0': CMAKE_PREFIX_PATH=/opt/ros/humble /usr/bin/cmake /home/zyme/ros_ws/Autoware_sim_test/src/autoware/src/universe/autoware.universe/common/tensorrt_common -DCMAKE_BUILD_TYPE=Release -DCMAKE_CXX_FLAGS=-w -DAMENT_CMAKE_SYMLINK_INSTALL=1 -DCMAKE_INSTALL_PREFIX=/home/zyme/ros_ws/Autoware_sim_test/install/tensorrt_common
[1.543s] Invoking command in '/home/zyme/ros_ws/Autoware_sim_test/build/tensorrt_common': CMAKE_PREFIX_PATH=/opt/ros/humble /usr/bin/cmake --build /home/zyme/ros_ws/Autoware_sim_test/build/tensorrt_common -- -j12 -l12
[1.616s] [35m[1mConsolidate compiler generated dependencies of target tensorrt_common[0m
[1.648s] [100%] Built target tensorrt_common
[1.669s] Invoked command in '/home/zyme/ros_ws/Autoware_sim_test/build/tensorrt_common' returned '0': CMAKE_PREFIX_PATH=/opt/ros/humble /usr/bin/cmake --build /home/zyme/ros_ws/Autoware_sim_test/build/tensorrt_common -- -j12 -l12
[1.732s] Invoking command in '/home/zyme/ros_ws/Autoware_sim_test/build/tensorrt_common': CMAKE_PREFIX_PATH=/opt/ros/humble /usr/bin/cmake --install /home/zyme/ros_ws/Autoware_sim_test/build/tensorrt_common
[1.745s] -- Install configuration: "Release"
[1.746s] -- Execute custom install script
[1.746s] -- Up-to-date symlink: /home/zyme/ros_ws/Autoware_sim_test/install/tensorrt_common/include/tensorrt_common/tensorrt_common/logger.hpp
[1.746s] -- Up-to-date symlink: /home/zyme/ros_ws/Autoware_sim_test/install/tensorrt_common/include/tensorrt_common/tensorrt_common/simple_profiler.hpp
[1.747s] -- Up-to-date symlink: /home/zyme/ros_ws/Autoware_sim_test/install/tensorrt_common/include/tensorrt_common/tensorrt_common/tensorrt_common.hpp
[1.747s] -- Up-to-date symlink: /home/zyme/ros_ws/Autoware_sim_test/install/tensorrt_common/share/ament_index/resource_index/package_run_dependencies/tensorrt_common
[1.749s] -- Up-to-date symlink: /home/zyme/ros_ws/Autoware_sim_test/install/tensorrt_common/share/ament_index/resource_index/parent_prefix_path/tensorrt_common
[1.750s] -- Up-to-date symlink: /home/zyme/ros_ws/Autoware_sim_test/install/tensorrt_common/share/tensorrt_common/environment/ament_prefix_path.sh
[1.750s] -- Up-to-date symlink: /home/zyme/ros_ws/Autoware_sim_test/install/tensorrt_common/share/tensorrt_common/environment/ament_prefix_path.dsv
[1.751s] -- Up-to-date symlink: /home/zyme/ros_ws/Autoware_sim_test/install/tensorrt_common/share/tensorrt_common/environment/path.sh
[1.751s] -- Up-to-date symlink: /home/zyme/ros_ws/Autoware_sim_test/install/tensorrt_common/share/tensorrt_common/environment/path.dsv
[1.751s] -- Up-to-date symlink: /home/zyme/ros_ws/Autoware_sim_test/install/tensorrt_common/share/tensorrt_common/local_setup.bash
[1.751s] -- Up-to-date symlink: /home/zyme/ros_ws/Autoware_sim_test/install/tensorrt_common/share/tensorrt_common/local_setup.sh
[1.751s] -- Up-to-date symlink: /home/zyme/ros_ws/Autoware_sim_test/install/tensorrt_common/share/tensorrt_common/local_setup.zsh
[1.752s] -- Up-to-date symlink: /home/zyme/ros_ws/Autoware_sim_test/install/tensorrt_common/share/tensorrt_common/local_setup.dsv
[1.752s] -- Symlinking: /home/zyme/ros_ws/Autoware_sim_test/install/tensorrt_common/share/tensorrt_common/package.dsv
[1.769s] -- Up-to-date symlink: /home/zyme/ros_ws/Autoware_sim_test/install/tensorrt_common/share/ament_index/resource_index/packages/tensorrt_common
[1.770s] -- Up-to-date symlink: /home/zyme/ros_ws/Autoware_sim_test/install/tensorrt_common/share/tensorrt_common/cmake/ament_cmake_export_include_directories-extras.cmake
[1.770s] -- Up-to-date symlink: /home/zyme/ros_ws/Autoware_sim_test/install/tensorrt_common/share/tensorrt_common/cmake/ament_cmake_export_targets-extras.cmake
[1.770s] -- Up-to-date symlink: /home/zyme/ros_ws/Autoware_sim_test/install/tensorrt_common/share/tensorrt_common/cmake/ament_cmake_export_dependencies-extras.cmake
[1.771s] -- Up-to-date symlink: /home/zyme/ros_ws/Autoware_sim_test/install/tensorrt_common/share/tensorrt_common/cmake/tensorrt_commonConfig.cmake
[1.771s] -- Up-to-date symlink: /home/zyme/ros_ws/Autoware_sim_test/install/tensorrt_common/share/tensorrt_common/cmake/tensorrt_commonConfig-version.cmake
[1.771s] -- Up-to-date symlink: /home/zyme/ros_ws/Autoware_sim_test/install/tensorrt_common/share/tensorrt_common/package.xml
[1.772s] -- Up-to-date: /home/zyme/ros_ws/Autoware_sim_test/install/tensorrt_common/lib/libtensorrt_common.so
[1.773s] -- Up-to-date: /home/zyme/ros_ws/Autoware_sim_test/install/tensorrt_common/share/tensorrt_common/cmake/export_tensorrt_commonExport.cmake
[1.773s] -- Up-to-date: /home/zyme/ros_ws/Autoware_sim_test/install/tensorrt_common/share/tensorrt_common/cmake/export_tensorrt_commonExport-release.cmake
[1.793s] Invoked command in '/home/zyme/ros_ws/Autoware_sim_test/build/tensorrt_common' returned '0': CMAKE_PREFIX_PATH=/opt/ros/humble /usr/bin/cmake --install /home/zyme/ros_ws/Autoware_sim_test/build/tensorrt_common
