[0.064s] Invoking command in '/home/zyme/ros_ws/Autoware_sim_test/build/tier4_api_msgs': AMENT_PREFIX_PATH=/home/zyme/ros_ws/Autoware_sim_test/install/tier4_system_msgs:/home/zyme/ros_ws/Autoware_sim_test/install/tier4_planning_msgs:/home/zyme/ros_ws/Autoware_sim_test/install/autoware_common_msgs:${AMENT_PREFIX_PATH} CMAKE_PREFIX_PATH=/home/zyme/ros_ws/Autoware_sim_test/install/tier4_system_msgs:/home/zyme/ros_ws/Autoware_sim_test/install/tier4_planning_msgs:/home/zyme/ros_ws/Autoware_sim_test/install/autoware_common_msgs:/opt/ros/humble LD_LIBRARY_PATH=/home/zyme/ros_ws/Autoware_sim_test/install/tier4_system_msgs/lib:/home/zyme/ros_ws/Autoware_sim_test/install/tier4_planning_msgs/lib:/home/zyme/ros_ws/Autoware_sim_test/install/autoware_common_msgs/lib:${LD_LIBRARY_PATH} PYTHONPATH=/home/zyme/ros_ws/Autoware_sim_test/install/tier4_system_msgs/local/lib/python3.10/dist-packages:/home/zyme/ros_ws/Autoware_sim_test/install/tier4_planning_msgs/local/lib/python3.10/dist-packages:/home/zyme/ros_ws/Autoware_sim_test/install/autoware_common_msgs/local/lib/python3.10/dist-packages:${PYTHONPATH} /usr/bin/cmake --build /home/zyme/ros_ws/Autoware_sim_test/build/tier4_api_msgs -- -j12 -l12
[0.117s] [  0%] Built target tier4_api_msgs__cpp
[0.121s] [ 12%] Built target tier4_api_msgs__rosidl_generator_c
[0.127s] [ 12%] Built target ament_cmake_python_symlink_tier4_api_msgs
[0.154s] [ 24%] Built target tier4_api_msgs__rosidl_typesupport_cpp
[0.155s] [ 36%] Built target tier4_api_msgs__rosidl_typesupport_introspection_cpp
[0.156s] [ 48%] Built target tier4_api_msgs__rosidl_typesupport_c
[0.162s] [ 60%] Built target tier4_api_msgs__rosidl_typesupport_introspection_c
[0.163s] [ 71%] Built target tier4_api_msgs__rosidl_typesupport_fastrtps_cpp
[0.165s] [ 83%] Built target tier4_api_msgs__rosidl_typesupport_fastrtps_c
[0.186s] [ 83%] Built target tier4_api_msgs
[0.208s] [ 84%] Built target tier4_api_msgs__py
[0.235s] [ 95%] Built target tier4_api_msgs__rosidl_generator_py
[0.260s] [ 98%] Built target tier4_api_msgs__rosidl_typesupport_introspection_c__pyext
[0.260s] [ 98%] Built target tier4_api_msgs__rosidl_typesupport_c__pyext
[0.260s] [100%] Built target tier4_api_msgs__rosidl_typesupport_fastrtps_c__pyext
[0.399s] running egg_info
[0.400s] writing tier4_api_msgs.egg-info/PKG-INFO
[0.400s] writing dependency_links to tier4_api_msgs.egg-info/dependency_links.txt
[0.401s] writing top-level names to tier4_api_msgs.egg-info/top_level.txt
[0.403s] reading manifest file 'tier4_api_msgs.egg-info/SOURCES.txt'
[0.403s] writing manifest file 'tier4_api_msgs.egg-info/SOURCES.txt'
[0.427s] [100%] Built target ament_cmake_python_build_tier4_api_msgs_egg
[0.440s] Invoked command in '/home/zyme/ros_ws/Autoware_sim_test/build/tier4_api_msgs' returned '0': AMENT_PREFIX_PATH=/home/zyme/ros_ws/Autoware_sim_test/install/tier4_system_msgs:/home/zyme/ros_ws/Autoware_sim_test/install/tier4_planning_msgs:/home/zyme/ros_ws/Autoware_sim_test/install/autoware_common_msgs:${AMENT_PREFIX_PATH} CMAKE_PREFIX_PATH=/home/zyme/ros_ws/Autoware_sim_test/install/tier4_system_msgs:/home/zyme/ros_ws/Autoware_sim_test/install/tier4_planning_msgs:/home/zyme/ros_ws/Autoware_sim_test/install/autoware_common_msgs:/opt/ros/humble LD_LIBRARY_PATH=/home/zyme/ros_ws/Autoware_sim_test/install/tier4_system_msgs/lib:/home/zyme/ros_ws/Autoware_sim_test/install/tier4_planning_msgs/lib:/home/zyme/ros_ws/Autoware_sim_test/install/autoware_common_msgs/lib:${LD_LIBRARY_PATH} PYTHONPATH=/home/zyme/ros_ws/Autoware_sim_test/install/tier4_system_msgs/local/lib/python3.10/dist-packages:/home/zyme/ros_ws/Autoware_sim_test/install/tier4_planning_msgs/local/lib/python3.10/dist-packages:/home/zyme/ros_ws/Autoware_sim_test/install/autoware_common_msgs/local/lib/python3.10/dist-packages:${PYTHONPATH} /usr/bin/cmake --build /home/zyme/ros_ws/Autoware_sim_test/build/tier4_api_msgs -- -j12 -l12
[0.680s] Invoking command in '/home/zyme/ros_ws/Autoware_sim_test/build/tier4_api_msgs': AMENT_PREFIX_PATH=/home/zyme/ros_ws/Autoware_sim_test/install/tier4_system_msgs:/home/zyme/ros_ws/Autoware_sim_test/install/tier4_planning_msgs:/home/zyme/ros_ws/Autoware_sim_test/install/autoware_common_msgs:${AMENT_PREFIX_PATH} CMAKE_PREFIX_PATH=/home/zyme/ros_ws/Autoware_sim_test/install/tier4_system_msgs:/home/zyme/ros_ws/Autoware_sim_test/install/tier4_planning_msgs:/home/zyme/ros_ws/Autoware_sim_test/install/autoware_common_msgs:/opt/ros/humble LD_LIBRARY_PATH=/home/zyme/ros_ws/Autoware_sim_test/install/tier4_system_msgs/lib:/home/zyme/ros_ws/Autoware_sim_test/install/tier4_planning_msgs/lib:/home/zyme/ros_ws/Autoware_sim_test/install/autoware_common_msgs/lib:${LD_LIBRARY_PATH} PYTHONPATH=/home/zyme/ros_ws/Autoware_sim_test/install/tier4_system_msgs/local/lib/python3.10/dist-packages:/home/zyme/ros_ws/Autoware_sim_test/install/tier4_planning_msgs/local/lib/python3.10/dist-packages:/home/zyme/ros_ws/Autoware_sim_test/install/autoware_common_msgs/local/lib/python3.10/dist-packages:${PYTHONPATH} /usr/bin/cmake --install /home/zyme/ros_ws/Autoware_sim_test/build/tier4_api_msgs
[0.689s] -- Install configuration: "Release"
[0.689s] -- Execute custom install script
[0.690s] -- Up-to-date symlink: /home/zyme/ros_ws/Autoware_sim_test/install/tier4_api_msgs/share/ament_index/resource_index/rosidl_interfaces/tier4_api_msgs
[0.690s] -- Up-to-date symlink: /home/zyme/ros_ws/Autoware_sim_test/install/tier4_api_msgs/include/tier4_api_msgs/tier4_api_msgs/msg/awapi_autoware_status.h
[0.691s] -- Up-to-date symlink: /home/zyme/ros_ws/Autoware_sim_test/install/tier4_api_msgs/include/tier4_api_msgs/tier4_api_msgs/msg/awapi_vehicle_status.h
[0.691s] -- Up-to-date symlink: /home/zyme/ros_ws/Autoware_sim_test/install/tier4_api_msgs/include/tier4_api_msgs/tier4_api_msgs/msg/crosswalk_status.h
[0.691s] -- Up-to-date symlink: /home/zyme/ros_ws/Autoware_sim_test/install/tier4_api_msgs/include/tier4_api_msgs/tier4_api_msgs/msg/detail/awapi_autoware_status__functions.h
[0.691s] -- Up-to-date symlink: /home/zyme/ros_ws/Autoware_sim_test/install/tier4_api_msgs/include/tier4_api_msgs/tier4_api_msgs/msg/detail/awapi_autoware_status__struct.h
[0.691s] -- Up-to-date symlink: /home/zyme/ros_ws/Autoware_sim_test/install/tier4_api_msgs/include/tier4_api_msgs/tier4_api_msgs/msg/detail/awapi_autoware_status__type_support.h
[0.691s] -- Up-to-date symlink: /home/zyme/ros_ws/Autoware_sim_test/install/tier4_api_msgs/include/tier4_api_msgs/tier4_api_msgs/msg/detail/awapi_vehicle_status__functions.h
[0.691s] -- Up-to-date symlink: /home/zyme/ros_ws/Autoware_sim_test/install/tier4_api_msgs/include/tier4_api_msgs/tier4_api_msgs/msg/detail/awapi_vehicle_status__struct.h
[0.691s] -- Up-to-date symlink: /home/zyme/ros_ws/Autoware_sim_test/install/tier4_api_msgs/include/tier4_api_msgs/tier4_api_msgs/msg/detail/awapi_vehicle_status__type_support.h
[0.692s] -- Up-to-date symlink: /home/zyme/ros_ws/Autoware_sim_test/install/tier4_api_msgs/include/tier4_api_msgs/tier4_api_msgs/msg/detail/crosswalk_status__functions.h
[0.692s] -- Up-to-date symlink: /home/zyme/ros_ws/Autoware_sim_test/install/tier4_api_msgs/include/tier4_api_msgs/tier4_api_msgs/msg/detail/crosswalk_status__struct.h
[0.692s] -- Up-to-date symlink: /home/zyme/ros_ws/Autoware_sim_test/install/tier4_api_msgs/include/tier4_api_msgs/tier4_api_msgs/msg/detail/crosswalk_status__type_support.h
[0.692s] -- Up-to-date symlink: /home/zyme/ros_ws/Autoware_sim_test/install/tier4_api_msgs/include/tier4_api_msgs/tier4_api_msgs/msg/detail/door_control_command__functions.h
[0.692s] -- Up-to-date symlink: /home/zyme/ros_ws/Autoware_sim_test/install/tier4_api_msgs/include/tier4_api_msgs/tier4_api_msgs/msg/detail/door_control_command__struct.h
[0.692s] -- Up-to-date symlink: /home/zyme/ros_ws/Autoware_sim_test/install/tier4_api_msgs/include/tier4_api_msgs/tier4_api_msgs/msg/detail/door_control_command__type_support.h
[0.692s] -- Up-to-date symlink: /home/zyme/ros_ws/Autoware_sim_test/install/tier4_api_msgs/include/tier4_api_msgs/tier4_api_msgs/msg/detail/door_status__functions.h
[0.693s] -- Up-to-date symlink: /home/zyme/ros_ws/Autoware_sim_test/install/tier4_api_msgs/include/tier4_api_msgs/tier4_api_msgs/msg/detail/door_status__struct.h
[0.693s] -- Up-to-date symlink: /home/zyme/ros_ws/Autoware_sim_test/install/tier4_api_msgs/include/tier4_api_msgs/tier4_api_msgs/msg/detail/door_status__type_support.h
[0.693s] -- Up-to-date symlink: /home/zyme/ros_ws/Autoware_sim_test/install/tier4_api_msgs/include/tier4_api_msgs/tier4_api_msgs/msg/detail/euler__functions.h
[0.693s] -- Up-to-date symlink: /home/zyme/ros_ws/Autoware_sim_test/install/tier4_api_msgs/include/tier4_api_msgs/tier4_api_msgs/msg/detail/euler__struct.h
[0.693s] -- Up-to-date symlink: /home/zyme/ros_ws/Autoware_sim_test/install/tier4_api_msgs/include/tier4_api_msgs/tier4_api_msgs/msg/detail/euler__type_support.h
[0.693s] -- Up-to-date symlink: /home/zyme/ros_ws/Autoware_sim_test/install/tier4_api_msgs/include/tier4_api_msgs/tier4_api_msgs/msg/detail/intersection_status__functions.h
[0.693s] -- Up-to-date symlink: /home/zyme/ros_ws/Autoware_sim_test/install/tier4_api_msgs/include/tier4_api_msgs/tier4_api_msgs/msg/detail/intersection_status__struct.h
[0.693s] -- Up-to-date symlink: /home/zyme/ros_ws/Autoware_sim_test/install/tier4_api_msgs/include/tier4_api_msgs/tier4_api_msgs/msg/detail/intersection_status__type_support.h
[0.693s] -- Up-to-date symlink: /home/zyme/ros_ws/Autoware_sim_test/install/tier4_api_msgs/include/tier4_api_msgs/tier4_api_msgs/msg/detail/lane_change_status__functions.h
[0.694s] -- Up-to-date symlink: /home/zyme/ros_ws/Autoware_sim_test/install/tier4_api_msgs/include/tier4_api_msgs/tier4_api_msgs/msg/detail/lane_change_status__struct.h
[0.694s] -- Up-to-date symlink: /home/zyme/ros_ws/Autoware_sim_test/install/tier4_api_msgs/include/tier4_api_msgs/tier4_api_msgs/msg/detail/lane_change_status__type_support.h
[0.694s] -- Up-to-date symlink: /home/zyme/ros_ws/Autoware_sim_test/install/tier4_api_msgs/include/tier4_api_msgs/tier4_api_msgs/msg/detail/obstacle_avoidance_status__functions.h
[0.694s] -- Up-to-date symlink: /home/zyme/ros_ws/Autoware_sim_test/install/tier4_api_msgs/include/tier4_api_msgs/tier4_api_msgs/msg/detail/obstacle_avoidance_status__struct.h
[0.694s] -- Up-to-date symlink: /home/zyme/ros_ws/Autoware_sim_test/install/tier4_api_msgs/include/tier4_api_msgs/tier4_api_msgs/msg/detail/obstacle_avoidance_status__type_support.h
[0.694s] -- Up-to-date symlink: /home/zyme/ros_ws/Autoware_sim_test/install/tier4_api_msgs/include/tier4_api_msgs/tier4_api_msgs/msg/detail/stop_command__functions.h
[0.694s] -- Up-to-date symlink: /home/zyme/ros_ws/Autoware_sim_test/install/tier4_api_msgs/include/tier4_api_msgs/tier4_api_msgs/msg/detail/stop_command__struct.h
[0.695s] -- Up-to-date symlink: /home/zyme/ros_ws/Autoware_sim_test/install/tier4_api_msgs/include/tier4_api_msgs/tier4_api_msgs/msg/detail/stop_command__type_support.h
[0.695s] -- Up-to-date symlink: /home/zyme/ros_ws/Autoware_sim_test/install/tier4_api_msgs/include/tier4_api_msgs/tier4_api_msgs/msg/detail/velocity_limit__functions.h
[0.695s] -- Up-to-date symlink: /home/zyme/ros_ws/Autoware_sim_test/install/tier4_api_msgs/include/tier4_api_msgs/tier4_api_msgs/msg/detail/velocity_limit__struct.h
[0.695s] -- Up-to-date symlink: /home/zyme/ros_ws/Autoware_sim_test/install/tier4_api_msgs/include/tier4_api_msgs/tier4_api_msgs/msg/detail/velocity_limit__type_support.h
[0.695s] -- Up-to-date symlink: /home/zyme/ros_ws/Autoware_sim_test/install/tier4_api_msgs/include/tier4_api_msgs/tier4_api_msgs/msg/door_control_command.h
[0.695s] -- Up-to-date symlink: /home/zyme/ros_ws/Autoware_sim_test/install/tier4_api_msgs/include/tier4_api_msgs/tier4_api_msgs/msg/door_status.h
[0.696s] -- Up-to-date symlink: /home/zyme/ros_ws/Autoware_sim_test/install/tier4_api_msgs/include/tier4_api_msgs/tier4_api_msgs/msg/euler.h
[0.696s] -- Up-to-date symlink: /home/zyme/ros_ws/Autoware_sim_test/install/tier4_api_msgs/include/tier4_api_msgs/tier4_api_msgs/msg/intersection_status.h
[0.696s] -- Up-to-date symlink: /home/zyme/ros_ws/Autoware_sim_test/install/tier4_api_msgs/include/tier4_api_msgs/tier4_api_msgs/msg/lane_change_status.h
[0.696s] -- Up-to-date symlink: /home/zyme/ros_ws/Autoware_sim_test/install/tier4_api_msgs/include/tier4_api_msgs/tier4_api_msgs/msg/obstacle_avoidance_status.h
[0.696s] -- Up-to-date symlink: /home/zyme/ros_ws/Autoware_sim_test/install/tier4_api_msgs/include/tier4_api_msgs/tier4_api_msgs/msg/rosidl_generator_c__visibility_control.h
[0.696s] -- Up-to-date symlink: /home/zyme/ros_ws/Autoware_sim_test/install/tier4_api_msgs/include/tier4_api_msgs/tier4_api_msgs/msg/stop_command.h
[0.696s] -- Up-to-date symlink: /home/zyme/ros_ws/Autoware_sim_test/install/tier4_api_msgs/include/tier4_api_msgs/tier4_api_msgs/msg/velocity_limit.h
[0.697s] -- Up-to-date symlink: /home/zyme/ros_ws/Autoware_sim_test/install/tier4_api_msgs/share/tier4_api_msgs/environment/library_path.sh
[0.697s] -- Up-to-date symlink: /home/zyme/ros_ws/Autoware_sim_test/install/tier4_api_msgs/share/tier4_api_msgs/environment/library_path.dsv
[0.697s] -- Up-to-date symlink: /home/zyme/ros_ws/Autoware_sim_test/install/tier4_api_msgs/include/tier4_api_msgs/tier4_api_msgs/msg/detail/awapi_autoware_status__rosidl_typesupport_fastrtps_c.h
[0.698s] -- Up-to-date symlink: /home/zyme/ros_ws/Autoware_sim_test/install/tier4_api_msgs/include/tier4_api_msgs/tier4_api_msgs/msg/detail/awapi_vehicle_status__rosidl_typesupport_fastrtps_c.h
[0.698s] -- Up-to-date symlink: /home/zyme/ros_ws/Autoware_sim_test/install/tier4_api_msgs/include/tier4_api_msgs/tier4_api_msgs/msg/detail/crosswalk_status__rosidl_typesupport_fastrtps_c.h
[0.698s] -- Up-to-date symlink: /home/zyme/ros_ws/Autoware_sim_test/install/tier4_api_msgs/include/tier4_api_msgs/tier4_api_msgs/msg/detail/door_control_command__rosidl_typesupport_fastrtps_c.h
[0.698s] -- Up-to-date symlink: /home/zyme/ros_ws/Autoware_sim_test/install/tier4_api_msgs/include/tier4_api_msgs/tier4_api_msgs/msg/detail/door_status__rosidl_typesupport_fastrtps_c.h
[0.698s] -- Up-to-date symlink: /home/zyme/ros_ws/Autoware_sim_test/install/tier4_api_msgs/include/tier4_api_msgs/tier4_api_msgs/msg/detail/euler__rosidl_typesupport_fastrtps_c.h
[0.698s] -- Up-to-date symlink: /home/zyme/ros_ws/Autoware_sim_test/install/tier4_api_msgs/include/tier4_api_msgs/tier4_api_msgs/msg/detail/intersection_status__rosidl_typesupport_fastrtps_c.h
[0.698s] -- Up-to-date symlink: /home/zyme/ros_ws/Autoware_sim_test/install/tier4_api_msgs/include/tier4_api_msgs/tier4_api_msgs/msg/detail/lane_change_status__rosidl_typesupport_fastrtps_c.h
[0.699s] -- Up-to-date symlink: /home/zyme/ros_ws/Autoware_sim_test/install/tier4_api_msgs/include/tier4_api_msgs/tier4_api_msgs/msg/detail/obstacle_avoidance_status__rosidl_typesupport_fastrtps_c.h
[0.699s] -- Up-to-date symlink: /home/zyme/ros_ws/Autoware_sim_test/install/tier4_api_msgs/include/tier4_api_msgs/tier4_api_msgs/msg/detail/stop_command__rosidl_typesupport_fastrtps_c.h
[0.699s] -- Up-to-date symlink: /home/zyme/ros_ws/Autoware_sim_test/install/tier4_api_msgs/include/tier4_api_msgs/tier4_api_msgs/msg/detail/velocity_limit__rosidl_typesupport_fastrtps_c.h
[0.699s] -- Up-to-date symlink: /home/zyme/ros_ws/Autoware_sim_test/install/tier4_api_msgs/include/tier4_api_msgs/tier4_api_msgs/msg/rosidl_typesupport_fastrtps_c__visibility_control.h
[0.699s] -- Up-to-date symlink: /home/zyme/ros_ws/Autoware_sim_test/install/tier4_api_msgs/include/tier4_api_msgs/tier4_api_msgs/msg/detail/awapi_autoware_status__rosidl_typesupport_introspection_c.h
[0.699s] -- Up-to-date symlink: /home/zyme/ros_ws/Autoware_sim_test/install/tier4_api_msgs/include/tier4_api_msgs/tier4_api_msgs/msg/detail/awapi_vehicle_status__rosidl_typesupport_introspection_c.h
[0.700s] -- Up-to-date symlink: /home/zyme/ros_ws/Autoware_sim_test/install/tier4_api_msgs/include/tier4_api_msgs/tier4_api_msgs/msg/detail/crosswalk_status__rosidl_typesupport_introspection_c.h
[0.700s] -- Up-to-date symlink: /home/zyme/ros_ws/Autoware_sim_test/install/tier4_api_msgs/include/tier4_api_msgs/tier4_api_msgs/msg/detail/door_control_command__rosidl_typesupport_introspection_c.h
[0.700s] -- Up-to-date symlink: /home/zyme/ros_ws/Autoware_sim_test/install/tier4_api_msgs/include/tier4_api_msgs/tier4_api_msgs/msg/detail/door_status__rosidl_typesupport_introspection_c.h
[0.700s] -- Up-to-date symlink: /home/zyme/ros_ws/Autoware_sim_test/install/tier4_api_msgs/include/tier4_api_msgs/tier4_api_msgs/msg/detail/euler__rosidl_typesupport_introspection_c.h
[0.700s] -- Up-to-date symlink: /home/zyme/ros_ws/Autoware_sim_test/install/tier4_api_msgs/include/tier4_api_msgs/tier4_api_msgs/msg/detail/intersection_status__rosidl_typesupport_introspection_c.h
[0.700s] -- Up-to-date symlink: /home/zyme/ros_ws/Autoware_sim_test/install/tier4_api_msgs/include/tier4_api_msgs/tier4_api_msgs/msg/detail/lane_change_status__rosidl_typesupport_introspection_c.h
[0.700s] -- Up-to-date symlink: /home/zyme/ros_ws/Autoware_sim_test/install/tier4_api_msgs/include/tier4_api_msgs/tier4_api_msgs/msg/detail/obstacle_avoidance_status__rosidl_typesupport_introspection_c.h
[0.700s] -- Up-to-date symlink: /home/zyme/ros_ws/Autoware_sim_test/install/tier4_api_msgs/include/tier4_api_msgs/tier4_api_msgs/msg/detail/stop_command__rosidl_typesupport_introspection_c.h
[0.701s] -- Up-to-date symlink: /home/zyme/ros_ws/Autoware_sim_test/install/tier4_api_msgs/include/tier4_api_msgs/tier4_api_msgs/msg/detail/velocity_limit__rosidl_typesupport_introspection_c.h
[0.701s] -- Up-to-date symlink: /home/zyme/ros_ws/Autoware_sim_test/install/tier4_api_msgs/include/tier4_api_msgs/tier4_api_msgs/msg/rosidl_typesupport_introspection_c__visibility_control.h
[0.701s] -- Up-to-date symlink: /home/zyme/ros_ws/Autoware_sim_test/install/tier4_api_msgs/include/tier4_api_msgs/tier4_api_msgs/msg/awapi_autoware_status.hpp
[0.701s] -- Up-to-date symlink: /home/zyme/ros_ws/Autoware_sim_test/install/tier4_api_msgs/include/tier4_api_msgs/tier4_api_msgs/msg/awapi_vehicle_status.hpp
[0.702s] -- Up-to-date symlink: /home/zyme/ros_ws/Autoware_sim_test/install/tier4_api_msgs/include/tier4_api_msgs/tier4_api_msgs/msg/crosswalk_status.hpp
[0.702s] -- Up-to-date symlink: /home/zyme/ros_ws/Autoware_sim_test/install/tier4_api_msgs/include/tier4_api_msgs/tier4_api_msgs/msg/detail/awapi_autoware_status__builder.hpp
[0.702s] -- Up-to-date symlink: /home/zyme/ros_ws/Autoware_sim_test/install/tier4_api_msgs/include/tier4_api_msgs/tier4_api_msgs/msg/detail/awapi_autoware_status__struct.hpp
[0.702s] -- Up-to-date symlink: /home/zyme/ros_ws/Autoware_sim_test/install/tier4_api_msgs/include/tier4_api_msgs/tier4_api_msgs/msg/detail/awapi_autoware_status__traits.hpp
[0.702s] -- Up-to-date symlink: /home/zyme/ros_ws/Autoware_sim_test/install/tier4_api_msgs/include/tier4_api_msgs/tier4_api_msgs/msg/detail/awapi_vehicle_status__builder.hpp
[0.702s] -- Up-to-date symlink: /home/zyme/ros_ws/Autoware_sim_test/install/tier4_api_msgs/include/tier4_api_msgs/tier4_api_msgs/msg/detail/awapi_vehicle_status__struct.hpp
[0.702s] -- Up-to-date symlink: /home/zyme/ros_ws/Autoware_sim_test/install/tier4_api_msgs/include/tier4_api_msgs/tier4_api_msgs/msg/detail/awapi_vehicle_status__traits.hpp
[0.703s] -- Up-to-date symlink: /home/zyme/ros_ws/Autoware_sim_test/install/tier4_api_msgs/include/tier4_api_msgs/tier4_api_msgs/msg/detail/crosswalk_status__builder.hpp
[0.703s] -- Up-to-date symlink: /home/zyme/ros_ws/Autoware_sim_test/install/tier4_api_msgs/include/tier4_api_msgs/tier4_api_msgs/msg/detail/crosswalk_status__struct.hpp
[0.703s] -- Up-to-date symlink: /home/zyme/ros_ws/Autoware_sim_test/install/tier4_api_msgs/include/tier4_api_msgs/tier4_api_msgs/msg/detail/crosswalk_status__traits.hpp
[0.703s] -- Up-to-date symlink: /home/zyme/ros_ws/Autoware_sim_test/install/tier4_api_msgs/include/tier4_api_msgs/tier4_api_msgs/msg/detail/door_control_command__builder.hpp
[0.704s] -- Up-to-date symlink: /home/zyme/ros_ws/Autoware_sim_test/install/tier4_api_msgs/include/tier4_api_msgs/tier4_api_msgs/msg/detail/door_control_command__struct.hpp
[0.704s] -- Up-to-date symlink: /home/zyme/ros_ws/Autoware_sim_test/install/tier4_api_msgs/include/tier4_api_msgs/tier4_api_msgs/msg/detail/door_control_command__traits.hpp
[0.704s] -- Up-to-date symlink: /home/zyme/ros_ws/Autoware_sim_test/install/tier4_api_msgs/include/tier4_api_msgs/tier4_api_msgs/msg/detail/door_status__builder.hpp
[0.704s] -- Up-to-date symlink: /home/zyme/ros_ws/Autoware_sim_test/install/tier4_api_msgs/include/tier4_api_msgs/tier4_api_msgs/msg/detail/door_status__struct.hpp
[0.704s] -- Up-to-date symlink: /home/zyme/ros_ws/Autoware_sim_test/install/tier4_api_msgs/include/tier4_api_msgs/tier4_api_msgs/msg/detail/door_status__traits.hpp
[0.704s] -- Up-to-date symlink: /home/zyme/ros_ws/Autoware_sim_test/install/tier4_api_msgs/include/tier4_api_msgs/tier4_api_msgs/msg/detail/euler__builder.hpp
[0.705s] -- Up-to-date symlink: /home/zyme/ros_ws/Autoware_sim_test/install/tier4_api_msgs/include/tier4_api_msgs/tier4_api_msgs/msg/detail/euler__struct.hpp
[0.705s] -- Up-to-date symlink: /home/zyme/ros_ws/Autoware_sim_test/install/tier4_api_msgs/include/tier4_api_msgs/tier4_api_msgs/msg/detail/euler__traits.hpp
[0.705s] -- Up-to-date symlink: /home/zyme/ros_ws/Autoware_sim_test/install/tier4_api_msgs/include/tier4_api_msgs/tier4_api_msgs/msg/detail/intersection_status__builder.hpp
[0.705s] -- Up-to-date symlink: /home/zyme/ros_ws/Autoware_sim_test/install/tier4_api_msgs/include/tier4_api_msgs/tier4_api_msgs/msg/detail/intersection_status__struct.hpp
[0.705s] -- Up-to-date symlink: /home/zyme/ros_ws/Autoware_sim_test/install/tier4_api_msgs/include/tier4_api_msgs/tier4_api_msgs/msg/detail/intersection_status__traits.hpp
[0.705s] -- Up-to-date symlink: /home/zyme/ros_ws/Autoware_sim_test/install/tier4_api_msgs/include/tier4_api_msgs/tier4_api_msgs/msg/detail/lane_change_status__builder.hpp
[0.705s] -- Up-to-date symlink: /home/zyme/ros_ws/Autoware_sim_test/install/tier4_api_msgs/include/tier4_api_msgs/tier4_api_msgs/msg/detail/lane_change_status__struct.hpp
[0.705s] -- Up-to-date symlink: /home/zyme/ros_ws/Autoware_sim_test/install/tier4_api_msgs/include/tier4_api_msgs/tier4_api_msgs/msg/detail/lane_change_status__traits.hpp
[0.705s] -- Up-to-date symlink: /home/zyme/ros_ws/Autoware_sim_test/install/tier4_api_msgs/include/tier4_api_msgs/tier4_api_msgs/msg/detail/obstacle_avoidance_status__builder.hpp
[0.706s] -- Up-to-date symlink: /home/zyme/ros_ws/Autoware_sim_test/install/tier4_api_msgs/include/tier4_api_msgs/tier4_api_msgs/msg/detail/obstacle_avoidance_status__struct.hpp
[0.706s] -- Up-to-date symlink: /home/zyme/ros_ws/Autoware_sim_test/install/tier4_api_msgs/include/tier4_api_msgs/tier4_api_msgs/msg/detail/obstacle_avoidance_status__traits.hpp
[0.706s] -- Up-to-date symlink: /home/zyme/ros_ws/Autoware_sim_test/install/tier4_api_msgs/include/tier4_api_msgs/tier4_api_msgs/msg/detail/stop_command__builder.hpp
[0.706s] -- Up-to-date symlink: /home/zyme/ros_ws/Autoware_sim_test/install/tier4_api_msgs/include/tier4_api_msgs/tier4_api_msgs/msg/detail/stop_command__struct.hpp
[0.706s] -- Up-to-date symlink: /home/zyme/ros_ws/Autoware_sim_test/install/tier4_api_msgs/include/tier4_api_msgs/tier4_api_msgs/msg/detail/stop_command__traits.hpp
[0.706s] -- Up-to-date symlink: /home/zyme/ros_ws/Autoware_sim_test/install/tier4_api_msgs/include/tier4_api_msgs/tier4_api_msgs/msg/detail/velocity_limit__builder.hpp
[0.706s] -- Up-to-date symlink: /home/zyme/ros_ws/Autoware_sim_test/install/tier4_api_msgs/include/tier4_api_msgs/tier4_api_msgs/msg/detail/velocity_limit__struct.hpp
[0.706s] -- Up-to-date symlink: /home/zyme/ros_ws/Autoware_sim_test/install/tier4_api_msgs/include/tier4_api_msgs/tier4_api_msgs/msg/detail/velocity_limit__traits.hpp
[0.707s] -- Up-to-date symlink: /home/zyme/ros_ws/Autoware_sim_test/install/tier4_api_msgs/include/tier4_api_msgs/tier4_api_msgs/msg/door_control_command.hpp
[0.707s] -- Up-to-date symlink: /home/zyme/ros_ws/Autoware_sim_test/install/tier4_api_msgs/include/tier4_api_msgs/tier4_api_msgs/msg/door_status.hpp
[0.707s] -- Up-to-date symlink: /home/zyme/ros_ws/Autoware_sim_test/install/tier4_api_msgs/include/tier4_api_msgs/tier4_api_msgs/msg/euler.hpp
[0.707s] -- Up-to-date symlink: /home/zyme/ros_ws/Autoware_sim_test/install/tier4_api_msgs/include/tier4_api_msgs/tier4_api_msgs/msg/intersection_status.hpp
[0.707s] -- Up-to-date symlink: /home/zyme/ros_ws/Autoware_sim_test/install/tier4_api_msgs/include/tier4_api_msgs/tier4_api_msgs/msg/lane_change_status.hpp
[0.707s] -- Up-to-date symlink: /home/zyme/ros_ws/Autoware_sim_test/install/tier4_api_msgs/include/tier4_api_msgs/tier4_api_msgs/msg/obstacle_avoidance_status.hpp
[0.707s] -- Up-to-date symlink: /home/zyme/ros_ws/Autoware_sim_test/install/tier4_api_msgs/include/tier4_api_msgs/tier4_api_msgs/msg/stop_command.hpp
[0.707s] -- Up-to-date symlink: /home/zyme/ros_ws/Autoware_sim_test/install/tier4_api_msgs/include/tier4_api_msgs/tier4_api_msgs/msg/velocity_limit.hpp
[0.708s] -- Up-to-date symlink: /home/zyme/ros_ws/Autoware_sim_test/install/tier4_api_msgs/include/tier4_api_msgs/tier4_api_msgs/msg/detail/awapi_autoware_status__rosidl_typesupport_fastrtps_cpp.hpp
[0.708s] -- Up-to-date symlink: /home/zyme/ros_ws/Autoware_sim_test/install/tier4_api_msgs/include/tier4_api_msgs/tier4_api_msgs/msg/detail/awapi_vehicle_status__rosidl_typesupport_fastrtps_cpp.hpp
[0.708s] -- Up-to-date symlink: /home/zyme/ros_ws/Autoware_sim_test/install/tier4_api_msgs/include/tier4_api_msgs/tier4_api_msgs/msg/detail/crosswalk_status__rosidl_typesupport_fastrtps_cpp.hpp
[0.708s] -- Up-to-date symlink: /home/zyme/ros_ws/Autoware_sim_test/install/tier4_api_msgs/include/tier4_api_msgs/tier4_api_msgs/msg/detail/door_control_command__rosidl_typesupport_fastrtps_cpp.hpp
[0.709s] -- Up-to-date symlink: /home/zyme/ros_ws/Autoware_sim_test/install/tier4_api_msgs/include/tier4_api_msgs/tier4_api_msgs/msg/detail/door_status__rosidl_typesupport_fastrtps_cpp.hpp
[0.709s] -- Up-to-date symlink: /home/zyme/ros_ws/Autoware_sim_test/install/tier4_api_msgs/include/tier4_api_msgs/tier4_api_msgs/msg/detail/euler__rosidl_typesupport_fastrtps_cpp.hpp
[0.709s] -- Up-to-date symlink: /home/zyme/ros_ws/Autoware_sim_test/install/tier4_api_msgs/include/tier4_api_msgs/tier4_api_msgs/msg/detail/intersection_status__rosidl_typesupport_fastrtps_cpp.hpp
[0.709s] -- Up-to-date symlink: /home/zyme/ros_ws/Autoware_sim_test/install/tier4_api_msgs/include/tier4_api_msgs/tier4_api_msgs/msg/detail/lane_change_status__rosidl_typesupport_fastrtps_cpp.hpp
[0.709s] -- Up-to-date symlink: /home/zyme/ros_ws/Autoware_sim_test/install/tier4_api_msgs/include/tier4_api_msgs/tier4_api_msgs/msg/detail/obstacle_avoidance_status__rosidl_typesupport_fastrtps_cpp.hpp
[0.709s] -- Up-to-date symlink: /home/zyme/ros_ws/Autoware_sim_test/install/tier4_api_msgs/include/tier4_api_msgs/tier4_api_msgs/msg/detail/stop_command__rosidl_typesupport_fastrtps_cpp.hpp
[0.709s] -- Up-to-date symlink: /home/zyme/ros_ws/Autoware_sim_test/install/tier4_api_msgs/include/tier4_api_msgs/tier4_api_msgs/msg/detail/velocity_limit__rosidl_typesupport_fastrtps_cpp.hpp
[0.709s] -- Up-to-date symlink: /home/zyme/ros_ws/Autoware_sim_test/install/tier4_api_msgs/include/tier4_api_msgs/tier4_api_msgs/msg/rosidl_typesupport_fastrtps_cpp__visibility_control.h
[0.710s] -- Up-to-date symlink: /home/zyme/ros_ws/Autoware_sim_test/install/tier4_api_msgs/include/tier4_api_msgs/tier4_api_msgs/msg/detail/awapi_autoware_status__rosidl_typesupport_introspection_cpp.hpp
[0.710s] -- Up-to-date symlink: /home/zyme/ros_ws/Autoware_sim_test/install/tier4_api_msgs/include/tier4_api_msgs/tier4_api_msgs/msg/detail/awapi_vehicle_status__rosidl_typesupport_introspection_cpp.hpp
[0.710s] -- Up-to-date symlink: /home/zyme/ros_ws/Autoware_sim_test/install/tier4_api_msgs/include/tier4_api_msgs/tier4_api_msgs/msg/detail/crosswalk_status__rosidl_typesupport_introspection_cpp.hpp
[0.710s] -- Up-to-date symlink: /home/zyme/ros_ws/Autoware_sim_test/install/tier4_api_msgs/include/tier4_api_msgs/tier4_api_msgs/msg/detail/door_control_command__rosidl_typesupport_introspection_cpp.hpp
[0.710s] -- Up-to-date symlink: /home/zyme/ros_ws/Autoware_sim_test/install/tier4_api_msgs/include/tier4_api_msgs/tier4_api_msgs/msg/detail/door_status__rosidl_typesupport_introspection_cpp.hpp
[0.710s] -- Up-to-date symlink: /home/zyme/ros_ws/Autoware_sim_test/install/tier4_api_msgs/include/tier4_api_msgs/tier4_api_msgs/msg/detail/euler__rosidl_typesupport_introspection_cpp.hpp
[0.711s] -- Up-to-date symlink: /home/zyme/ros_ws/Autoware_sim_test/install/tier4_api_msgs/include/tier4_api_msgs/tier4_api_msgs/msg/detail/intersection_status__rosidl_typesupport_introspection_cpp.hpp
[0.711s] -- Up-to-date symlink: /home/zyme/ros_ws/Autoware_sim_test/install/tier4_api_msgs/include/tier4_api_msgs/tier4_api_msgs/msg/detail/lane_change_status__rosidl_typesupport_introspection_cpp.hpp
[0.711s] -- Up-to-date symlink: /home/zyme/ros_ws/Autoware_sim_test/install/tier4_api_msgs/include/tier4_api_msgs/tier4_api_msgs/msg/detail/obstacle_avoidance_status__rosidl_typesupport_introspection_cpp.hpp
[0.711s] -- Up-to-date symlink: /home/zyme/ros_ws/Autoware_sim_test/install/tier4_api_msgs/include/tier4_api_msgs/tier4_api_msgs/msg/detail/stop_command__rosidl_typesupport_introspection_cpp.hpp
[0.711s] -- Up-to-date symlink: /home/zyme/ros_ws/Autoware_sim_test/install/tier4_api_msgs/include/tier4_api_msgs/tier4_api_msgs/msg/detail/velocity_limit__rosidl_typesupport_introspection_cpp.hpp
[0.712s] -- Up-to-date symlink: /home/zyme/ros_ws/Autoware_sim_test/install/tier4_api_msgs/share/tier4_api_msgs/environment/pythonpath.sh
[0.712s] -- Up-to-date symlink: /home/zyme/ros_ws/Autoware_sim_test/install/tier4_api_msgs/share/tier4_api_msgs/environment/pythonpath.dsv
[0.712s] -- Up-to-date symlink: /home/zyme/ros_ws/Autoware_sim_test/install/tier4_api_msgs/local/lib/python3.10/dist-packages/tier4_api_msgs-0.1.0-py3.10.egg-info/PKG-INFO
[0.712s] -- Up-to-date symlink: /home/zyme/ros_ws/Autoware_sim_test/install/tier4_api_msgs/local/lib/python3.10/dist-packages/tier4_api_msgs-0.1.0-py3.10.egg-info/SOURCES.txt
[0.712s] -- Up-to-date symlink: /home/zyme/ros_ws/Autoware_sim_test/install/tier4_api_msgs/local/lib/python3.10/dist-packages/tier4_api_msgs-0.1.0-py3.10.egg-info/dependency_links.txt
[0.712s] -- Up-to-date symlink: /home/zyme/ros_ws/Autoware_sim_test/install/tier4_api_msgs/local/lib/python3.10/dist-packages/tier4_api_msgs-0.1.0-py3.10.egg-info/top_level.txt
[0.713s] -- Up-to-date symlink: /home/zyme/ros_ws/Autoware_sim_test/install/tier4_api_msgs/local/lib/python3.10/dist-packages/tier4_api_msgs/__init__.py
[0.713s] -- Up-to-date symlink: /home/zyme/ros_ws/Autoware_sim_test/install/tier4_api_msgs/local/lib/python3.10/dist-packages/tier4_api_msgs/_tier4_api_msgs_s.ep.rosidl_typesupport_c.c
[0.713s] -- Up-to-date symlink: /home/zyme/ros_ws/Autoware_sim_test/install/tier4_api_msgs/local/lib/python3.10/dist-packages/tier4_api_msgs/_tier4_api_msgs_s.ep.rosidl_typesupport_fastrtps_c.c
[0.714s] -- Up-to-date symlink: /home/zyme/ros_ws/Autoware_sim_test/install/tier4_api_msgs/local/lib/python3.10/dist-packages/tier4_api_msgs/_tier4_api_msgs_s.ep.rosidl_typesupport_introspection_c.c
[0.714s] -- Up-to-date symlink: /home/zyme/ros_ws/Autoware_sim_test/install/tier4_api_msgs/local/lib/python3.10/dist-packages/tier4_api_msgs/libtier4_api_msgs__rosidl_generator_py.so
[0.714s] -- Up-to-date symlink: /home/zyme/ros_ws/Autoware_sim_test/install/tier4_api_msgs/local/lib/python3.10/dist-packages/tier4_api_msgs/msg/__init__.py
[0.714s] -- Up-to-date symlink: /home/zyme/ros_ws/Autoware_sim_test/install/tier4_api_msgs/local/lib/python3.10/dist-packages/tier4_api_msgs/msg/_awapi_autoware_status.py
[0.714s] -- Up-to-date symlink: /home/zyme/ros_ws/Autoware_sim_test/install/tier4_api_msgs/local/lib/python3.10/dist-packages/tier4_api_msgs/msg/_awapi_autoware_status_s.c
[0.714s] -- Up-to-date symlink: /home/zyme/ros_ws/Autoware_sim_test/install/tier4_api_msgs/local/lib/python3.10/dist-packages/tier4_api_msgs/msg/_awapi_vehicle_status.py
[0.714s] -- Up-to-date symlink: /home/zyme/ros_ws/Autoware_sim_test/install/tier4_api_msgs/local/lib/python3.10/dist-packages/tier4_api_msgs/msg/_awapi_vehicle_status_s.c
[0.714s] -- Up-to-date symlink: /home/zyme/ros_ws/Autoware_sim_test/install/tier4_api_msgs/local/lib/python3.10/dist-packages/tier4_api_msgs/msg/_crosswalk_status.py
[0.715s] -- Up-to-date symlink: /home/zyme/ros_ws/Autoware_sim_test/install/tier4_api_msgs/local/lib/python3.10/dist-packages/tier4_api_msgs/msg/_crosswalk_status_s.c
[0.715s] -- Up-to-date symlink: /home/zyme/ros_ws/Autoware_sim_test/install/tier4_api_msgs/local/lib/python3.10/dist-packages/tier4_api_msgs/msg/_door_control_command.py
[0.715s] -- Up-to-date symlink: /home/zyme/ros_ws/Autoware_sim_test/install/tier4_api_msgs/local/lib/python3.10/dist-packages/tier4_api_msgs/msg/_door_control_command_s.c
[0.715s] -- Up-to-date symlink: /home/zyme/ros_ws/Autoware_sim_test/install/tier4_api_msgs/local/lib/python3.10/dist-packages/tier4_api_msgs/msg/_door_status.py
[0.715s] -- Up-to-date symlink: /home/zyme/ros_ws/Autoware_sim_test/install/tier4_api_msgs/local/lib/python3.10/dist-packages/tier4_api_msgs/msg/_door_status_s.c
[0.715s] -- Up-to-date symlink: /home/zyme/ros_ws/Autoware_sim_test/install/tier4_api_msgs/local/lib/python3.10/dist-packages/tier4_api_msgs/msg/_euler.py
[0.715s] -- Up-to-date symlink: /home/zyme/ros_ws/Autoware_sim_test/install/tier4_api_msgs/local/lib/python3.10/dist-packages/tier4_api_msgs/msg/_euler_s.c
[0.715s] -- Up-to-date symlink: /home/zyme/ros_ws/Autoware_sim_test/install/tier4_api_msgs/local/lib/python3.10/dist-packages/tier4_api_msgs/msg/_intersection_status.py
[0.716s] -- Up-to-date symlink: /home/zyme/ros_ws/Autoware_sim_test/install/tier4_api_msgs/local/lib/python3.10/dist-packages/tier4_api_msgs/msg/_intersection_status_s.c
[0.716s] -- Up-to-date symlink: /home/zyme/ros_ws/Autoware_sim_test/install/tier4_api_msgs/local/lib/python3.10/dist-packages/tier4_api_msgs/msg/_lane_change_status.py
[0.716s] -- Up-to-date symlink: /home/zyme/ros_ws/Autoware_sim_test/install/tier4_api_msgs/local/lib/python3.10/dist-packages/tier4_api_msgs/msg/_lane_change_status_s.c
[0.716s] -- Up-to-date symlink: /home/zyme/ros_ws/Autoware_sim_test/install/tier4_api_msgs/local/lib/python3.10/dist-packages/tier4_api_msgs/msg/_obstacle_avoidance_status.py
[0.716s] -- Up-to-date symlink: /home/zyme/ros_ws/Autoware_sim_test/install/tier4_api_msgs/local/lib/python3.10/dist-packages/tier4_api_msgs/msg/_obstacle_avoidance_status_s.c
[0.716s] -- Up-to-date symlink: /home/zyme/ros_ws/Autoware_sim_test/install/tier4_api_msgs/local/lib/python3.10/dist-packages/tier4_api_msgs/msg/_stop_command.py
[0.716s] -- Up-to-date symlink: /home/zyme/ros_ws/Autoware_sim_test/install/tier4_api_msgs/local/lib/python3.10/dist-packages/tier4_api_msgs/msg/_stop_command_s.c
[0.716s] -- Up-to-date symlink: /home/zyme/ros_ws/Autoware_sim_test/install/tier4_api_msgs/local/lib/python3.10/dist-packages/tier4_api_msgs/msg/_velocity_limit.py
[0.716s] -- Up-to-date symlink: /home/zyme/ros_ws/Autoware_sim_test/install/tier4_api_msgs/local/lib/python3.10/dist-packages/tier4_api_msgs/msg/_velocity_limit_s.c
[0.717s] -- Up-to-date symlink: /home/zyme/ros_ws/Autoware_sim_test/install/tier4_api_msgs/local/lib/python3.10/dist-packages/tier4_api_msgs/tier4_api_msgs_s__rosidl_typesupport_c.cpython-310-x86_64-linux-gnu.so
[0.717s] -- Up-to-date symlink: /home/zyme/ros_ws/Autoware_sim_test/install/tier4_api_msgs/local/lib/python3.10/dist-packages/tier4_api_msgs/tier4_api_msgs_s__rosidl_typesupport_fastrtps_c.cpython-310-x86_64-linux-gnu.so
[0.717s] -- Up-to-date symlink: /home/zyme/ros_ws/Autoware_sim_test/install/tier4_api_msgs/local/lib/python3.10/dist-packages/tier4_api_msgs/tier4_api_msgs_s__rosidl_typesupport_introspection_c.cpython-310-x86_64-linux-gnu.so
[0.717s] -- Up-to-date symlink: /home/zyme/ros_ws/Autoware_sim_test/install/tier4_api_msgs/local/lib/python3.10/dist-packages/tier4_api_msgs/tier4_api_msgs_s__rosidl_typesupport_fastrtps_c.cpython-310-x86_64-linux-gnu.so
[0.717s] -- Up-to-date symlink: /home/zyme/ros_ws/Autoware_sim_test/install/tier4_api_msgs/local/lib/python3.10/dist-packages/tier4_api_msgs/tier4_api_msgs_s__rosidl_typesupport_introspection_c.cpython-310-x86_64-linux-gnu.so
[0.718s] -- Up-to-date symlink: /home/zyme/ros_ws/Autoware_sim_test/install/tier4_api_msgs/local/lib/python3.10/dist-packages/tier4_api_msgs/tier4_api_msgs_s__rosidl_typesupport_c.cpython-310-x86_64-linux-gnu.so
[0.718s] -- Up-to-date symlink: /home/zyme/ros_ws/Autoware_sim_test/install/tier4_api_msgs/share/tier4_api_msgs/msg/AwapiAutowareStatus.idl
[0.718s] -- Up-to-date symlink: /home/zyme/ros_ws/Autoware_sim_test/install/tier4_api_msgs/share/tier4_api_msgs/msg/AwapiVehicleStatus.idl
[0.718s] -- Up-to-date symlink: /home/zyme/ros_ws/Autoware_sim_test/install/tier4_api_msgs/share/tier4_api_msgs/msg/CrosswalkStatus.idl
[0.718s] -- Up-to-date symlink: /home/zyme/ros_ws/Autoware_sim_test/install/tier4_api_msgs/share/tier4_api_msgs/msg/DoorControlCommand.idl
[0.719s] -- Up-to-date symlink: /home/zyme/ros_ws/Autoware_sim_test/install/tier4_api_msgs/share/tier4_api_msgs/msg/DoorStatus.idl
[0.719s] -- Up-to-date symlink: /home/zyme/ros_ws/Autoware_sim_test/install/tier4_api_msgs/share/tier4_api_msgs/msg/Euler.idl
[0.719s] -- Up-to-date symlink: /home/zyme/ros_ws/Autoware_sim_test/install/tier4_api_msgs/share/tier4_api_msgs/msg/IntersectionStatus.idl
[0.719s] -- Up-to-date symlink: /home/zyme/ros_ws/Autoware_sim_test/install/tier4_api_msgs/share/tier4_api_msgs/msg/LaneChangeStatus.idl
[0.720s] -- Up-to-date symlink: /home/zyme/ros_ws/Autoware_sim_test/install/tier4_api_msgs/share/tier4_api_msgs/msg/ObstacleAvoidanceStatus.idl
[0.720s] -- Up-to-date symlink: /home/zyme/ros_ws/Autoware_sim_test/install/tier4_api_msgs/share/tier4_api_msgs/msg/StopCommand.idl
[0.720s] -- Up-to-date symlink: /home/zyme/ros_ws/Autoware_sim_test/install/tier4_api_msgs/share/tier4_api_msgs/msg/VelocityLimit.idl
[0.720s] -- Up-to-date symlink: /home/zyme/ros_ws/Autoware_sim_test/install/tier4_api_msgs/share/tier4_api_msgs/msg/AwapiAutowareStatus.msg
[0.720s] -- Up-to-date symlink: /home/zyme/ros_ws/Autoware_sim_test/install/tier4_api_msgs/share/tier4_api_msgs/msg/AwapiVehicleStatus.msg
[0.720s] -- Up-to-date symlink: /home/zyme/ros_ws/Autoware_sim_test/install/tier4_api_msgs/share/tier4_api_msgs/msg/CrosswalkStatus.msg
[0.720s] -- Up-to-date symlink: /home/zyme/ros_ws/Autoware_sim_test/install/tier4_api_msgs/share/tier4_api_msgs/msg/DoorControlCommand.msg
[0.721s] -- Up-to-date symlink: /home/zyme/ros_ws/Autoware_sim_test/install/tier4_api_msgs/share/tier4_api_msgs/msg/DoorStatus.msg
[0.721s] -- Up-to-date symlink: /home/zyme/ros_ws/Autoware_sim_test/install/tier4_api_msgs/share/tier4_api_msgs/msg/Euler.msg
[0.721s] -- Up-to-date symlink: /home/zyme/ros_ws/Autoware_sim_test/install/tier4_api_msgs/share/tier4_api_msgs/msg/IntersectionStatus.msg
[0.721s] -- Up-to-date symlink: /home/zyme/ros_ws/Autoware_sim_test/install/tier4_api_msgs/share/tier4_api_msgs/msg/LaneChangeStatus.msg
[0.721s] -- Up-to-date symlink: /home/zyme/ros_ws/Autoware_sim_test/install/tier4_api_msgs/share/tier4_api_msgs/msg/ObstacleAvoidanceStatus.msg
[0.721s] -- Up-to-date symlink: /home/zyme/ros_ws/Autoware_sim_test/install/tier4_api_msgs/share/tier4_api_msgs/msg/StopCommand.msg
[0.722s] -- Up-to-date symlink: /home/zyme/ros_ws/Autoware_sim_test/install/tier4_api_msgs/share/tier4_api_msgs/msg/VelocityLimit.msg
[0.722s] -- Up-to-date symlink: /home/zyme/ros_ws/Autoware_sim_test/install/tier4_api_msgs/share/ament_index/resource_index/package_run_dependencies/tier4_api_msgs
[0.722s] -- Up-to-date symlink: /home/zyme/ros_ws/Autoware_sim_test/install/tier4_api_msgs/share/ament_index/resource_index/parent_prefix_path/tier4_api_msgs
[0.722s] -- Up-to-date symlink: /home/zyme/ros_ws/Autoware_sim_test/install/tier4_api_msgs/share/tier4_api_msgs/environment/ament_prefix_path.sh
[0.722s] -- Up-to-date symlink: /home/zyme/ros_ws/Autoware_sim_test/install/tier4_api_msgs/share/tier4_api_msgs/environment/ament_prefix_path.dsv
[0.723s] -- Up-to-date symlink: /home/zyme/ros_ws/Autoware_sim_test/install/tier4_api_msgs/share/tier4_api_msgs/environment/path.sh
[0.723s] -- Up-to-date symlink: /home/zyme/ros_ws/Autoware_sim_test/install/tier4_api_msgs/share/tier4_api_msgs/environment/path.dsv
[0.723s] -- Up-to-date symlink: /home/zyme/ros_ws/Autoware_sim_test/install/tier4_api_msgs/share/tier4_api_msgs/local_setup.bash
[0.723s] -- Up-to-date symlink: /home/zyme/ros_ws/Autoware_sim_test/install/tier4_api_msgs/share/tier4_api_msgs/local_setup.sh
[0.723s] -- Up-to-date symlink: /home/zyme/ros_ws/Autoware_sim_test/install/tier4_api_msgs/share/tier4_api_msgs/local_setup.zsh
[0.723s] -- Up-to-date symlink: /home/zyme/ros_ws/Autoware_sim_test/install/tier4_api_msgs/share/tier4_api_msgs/local_setup.dsv
[0.724s] -- Symlinking: /home/zyme/ros_ws/Autoware_sim_test/install/tier4_api_msgs/share/tier4_api_msgs/package.dsv
[0.732s] -- Up-to-date symlink: /home/zyme/ros_ws/Autoware_sim_test/install/tier4_api_msgs/share/ament_index/resource_index/packages/tier4_api_msgs
[0.733s] -- Up-to-date symlink: /home/zyme/ros_ws/Autoware_sim_test/install/tier4_api_msgs/share/tier4_api_msgs/cmake/rosidl_cmake-extras.cmake
[0.733s] -- Up-to-date symlink: /home/zyme/ros_ws/Autoware_sim_test/install/tier4_api_msgs/share/tier4_api_msgs/cmake/ament_cmake_export_dependencies-extras.cmake
[0.733s] -- Up-to-date symlink: /home/zyme/ros_ws/Autoware_sim_test/install/tier4_api_msgs/share/tier4_api_msgs/cmake/ament_cmake_export_include_directories-extras.cmake
[0.733s] -- Up-to-date symlink: /home/zyme/ros_ws/Autoware_sim_test/install/tier4_api_msgs/share/tier4_api_msgs/cmake/ament_cmake_export_libraries-extras.cmake
[0.733s] -- Up-to-date symlink: /home/zyme/ros_ws/Autoware_sim_test/install/tier4_api_msgs/share/tier4_api_msgs/cmake/ament_cmake_export_targets-extras.cmake
[0.733s] -- Up-to-date symlink: /home/zyme/ros_ws/Autoware_sim_test/install/tier4_api_msgs/share/tier4_api_msgs/cmake/rosidl_cmake_export_typesupport_targets-extras.cmake
[0.734s] -- Up-to-date symlink: /home/zyme/ros_ws/Autoware_sim_test/install/tier4_api_msgs/share/tier4_api_msgs/cmake/rosidl_cmake_export_typesupport_libraries-extras.cmake
[0.734s] -- Up-to-date symlink: /home/zyme/ros_ws/Autoware_sim_test/install/tier4_api_msgs/share/tier4_api_msgs/cmake/tier4_api_msgsConfig.cmake
[0.734s] -- Up-to-date symlink: /home/zyme/ros_ws/Autoware_sim_test/install/tier4_api_msgs/share/tier4_api_msgs/cmake/tier4_api_msgsConfig-version.cmake
[0.734s] -- Up-to-date symlink: /home/zyme/ros_ws/Autoware_sim_test/install/tier4_api_msgs/share/tier4_api_msgs/package.xml
[0.734s] -- Up-to-date: /home/zyme/ros_ws/Autoware_sim_test/install/tier4_api_msgs/lib/libtier4_api_msgs__rosidl_generator_c.so
[0.735s] -- Up-to-date: /home/zyme/ros_ws/Autoware_sim_test/install/tier4_api_msgs/lib/libtier4_api_msgs__rosidl_typesupport_fastrtps_c.so
[0.735s] -- Up-to-date: /home/zyme/ros_ws/Autoware_sim_test/install/tier4_api_msgs/lib/libtier4_api_msgs__rosidl_typesupport_introspection_c.so
[0.735s] -- Up-to-date: /home/zyme/ros_ws/Autoware_sim_test/install/tier4_api_msgs/lib/libtier4_api_msgs__rosidl_typesupport_c.so
[0.736s] -- Up-to-date: /home/zyme/ros_ws/Autoware_sim_test/install/tier4_api_msgs/lib/libtier4_api_msgs__rosidl_typesupport_fastrtps_cpp.so
[0.736s] -- Up-to-date: /home/zyme/ros_ws/Autoware_sim_test/install/tier4_api_msgs/lib/libtier4_api_msgs__rosidl_typesupport_introspection_cpp.so
[0.737s] -- Up-to-date: /home/zyme/ros_ws/Autoware_sim_test/install/tier4_api_msgs/lib/libtier4_api_msgs__rosidl_typesupport_cpp.so
[0.767s] Listing '/home/zyme/ros_ws/Autoware_sim_test/install/tier4_api_msgs/local/lib/python3.10/dist-packages/tier4_api_msgs'...
[0.767s] Listing '/home/zyme/ros_ws/Autoware_sim_test/install/tier4_api_msgs/local/lib/python3.10/dist-packages/tier4_api_msgs/msg'...
[0.771s] -- Up-to-date: /home/zyme/ros_ws/Autoware_sim_test/install/tier4_api_msgs/lib/libtier4_api_msgs__rosidl_generator_py.so
[0.771s] -- Up-to-date: /home/zyme/ros_ws/Autoware_sim_test/install/tier4_api_msgs/share/tier4_api_msgs/cmake/export_tier4_api_msgs__rosidl_generator_cExport.cmake
[0.771s] -- Up-to-date: /home/zyme/ros_ws/Autoware_sim_test/install/tier4_api_msgs/share/tier4_api_msgs/cmake/export_tier4_api_msgs__rosidl_generator_cExport-release.cmake
[0.771s] -- Up-to-date: /home/zyme/ros_ws/Autoware_sim_test/install/tier4_api_msgs/share/tier4_api_msgs/cmake/export_tier4_api_msgs__rosidl_typesupport_fastrtps_cExport.cmake
[0.771s] -- Up-to-date: /home/zyme/ros_ws/Autoware_sim_test/install/tier4_api_msgs/share/tier4_api_msgs/cmake/export_tier4_api_msgs__rosidl_typesupport_fastrtps_cExport-release.cmake
[0.771s] -- Up-to-date: /home/zyme/ros_ws/Autoware_sim_test/install/tier4_api_msgs/share/tier4_api_msgs/cmake/tier4_api_msgs__rosidl_typesupport_introspection_cExport.cmake
[0.772s] -- Up-to-date: /home/zyme/ros_ws/Autoware_sim_test/install/tier4_api_msgs/share/tier4_api_msgs/cmake/tier4_api_msgs__rosidl_typesupport_introspection_cExport-release.cmake
[0.772s] -- Up-to-date: /home/zyme/ros_ws/Autoware_sim_test/install/tier4_api_msgs/share/tier4_api_msgs/cmake/tier4_api_msgs__rosidl_typesupport_cExport.cmake
[0.772s] -- Up-to-date: /home/zyme/ros_ws/Autoware_sim_test/install/tier4_api_msgs/share/tier4_api_msgs/cmake/tier4_api_msgs__rosidl_typesupport_cExport-release.cmake
[0.772s] -- Up-to-date: /home/zyme/ros_ws/Autoware_sim_test/install/tier4_api_msgs/share/tier4_api_msgs/cmake/export_tier4_api_msgs__rosidl_generator_cppExport.cmake
[0.772s] -- Up-to-date: /home/zyme/ros_ws/Autoware_sim_test/install/tier4_api_msgs/share/tier4_api_msgs/cmake/export_tier4_api_msgs__rosidl_typesupport_fastrtps_cppExport.cmake
[0.772s] -- Up-to-date: /home/zyme/ros_ws/Autoware_sim_test/install/tier4_api_msgs/share/tier4_api_msgs/cmake/export_tier4_api_msgs__rosidl_typesupport_fastrtps_cppExport-release.cmake
[0.772s] -- Up-to-date: /home/zyme/ros_ws/Autoware_sim_test/install/tier4_api_msgs/share/tier4_api_msgs/cmake/tier4_api_msgs__rosidl_typesupport_introspection_cppExport.cmake
[0.772s] -- Up-to-date: /home/zyme/ros_ws/Autoware_sim_test/install/tier4_api_msgs/share/tier4_api_msgs/cmake/tier4_api_msgs__rosidl_typesupport_introspection_cppExport-release.cmake
[0.772s] -- Up-to-date: /home/zyme/ros_ws/Autoware_sim_test/install/tier4_api_msgs/share/tier4_api_msgs/cmake/tier4_api_msgs__rosidl_typesupport_cppExport.cmake
[0.772s] -- Up-to-date: /home/zyme/ros_ws/Autoware_sim_test/install/tier4_api_msgs/share/tier4_api_msgs/cmake/tier4_api_msgs__rosidl_typesupport_cppExport-release.cmake
[0.772s] -- Up-to-date: /home/zyme/ros_ws/Autoware_sim_test/install/tier4_api_msgs/share/tier4_api_msgs/cmake/export_tier4_api_msgs__rosidl_generator_pyExport.cmake
[0.772s] -- Up-to-date: /home/zyme/ros_ws/Autoware_sim_test/install/tier4_api_msgs/share/tier4_api_msgs/cmake/export_tier4_api_msgs__rosidl_generator_pyExport-release.cmake
[0.774s] Invoked command in '/home/zyme/ros_ws/Autoware_sim_test/build/tier4_api_msgs' returned '0': AMENT_PREFIX_PATH=/home/zyme/ros_ws/Autoware_sim_test/install/tier4_system_msgs:/home/zyme/ros_ws/Autoware_sim_test/install/tier4_planning_msgs:/home/zyme/ros_ws/Autoware_sim_test/install/autoware_common_msgs:${AMENT_PREFIX_PATH} CMAKE_PREFIX_PATH=/home/zyme/ros_ws/Autoware_sim_test/install/tier4_system_msgs:/home/zyme/ros_ws/Autoware_sim_test/install/tier4_planning_msgs:/home/zyme/ros_ws/Autoware_sim_test/install/autoware_common_msgs:/opt/ros/humble LD_LIBRARY_PATH=/home/zyme/ros_ws/Autoware_sim_test/install/tier4_system_msgs/lib:/home/zyme/ros_ws/Autoware_sim_test/install/tier4_planning_msgs/lib:/home/zyme/ros_ws/Autoware_sim_test/install/autoware_common_msgs/lib:${LD_LIBRARY_PATH} PYTHONPATH=/home/zyme/ros_ws/Autoware_sim_test/install/tier4_system_msgs/local/lib/python3.10/dist-packages:/home/zyme/ros_ws/Autoware_sim_test/install/tier4_planning_msgs/local/lib/python3.10/dist-packages:/home/zyme/ros_ws/Autoware_sim_test/install/autoware_common_msgs/local/lib/python3.10/dist-packages:${PYTHONPATH} /usr/bin/cmake --install /home/zyme/ros_ws/Autoware_sim_test/build/tier4_api_msgs
