[0.081s] Invoking command in '/home/zyme/ros_ws/Autoware_sim_test/build/planning_debug_tools': AMENT_PREFIX_PATH=/home/zyme/ros_ws/Autoware_sim_test/install/motion_utils:/home/zyme/ros_ws/Autoware_sim_test/install/interpolation:/home/zyme/ros_ws/Autoware_sim_test/install/tier4_autoware_utils:/home/zyme/ros_ws/Autoware_sim_test/install/autoware_auto_vehicle_msgs:/home/zyme/ros_ws/Autoware_sim_test/install/autoware_cmake:/home/zyme/ros_ws/Autoware_sim_test/install/autoware_auto_planning_msgs:/home/zyme/ros_ws/Autoware_sim_test/install/autoware_auto_perception_msgs:/home/zyme/ros_ws/Autoware_sim_test/install/tier4_planning_msgs:/home/zyme/ros_ws/Autoware_sim_test/install/tier4_debug_msgs:/home/zyme/ros_ws/Autoware_sim_test/install/autoware_lint_common:/home/zyme/ros_ws/Autoware_sim_test/install/autoware_auto_mapping_msgs:/home/zyme/ros_ws/Autoware_sim_test/install/autoware_auto_geometry_msgs:${AMENT_PREFIX_PATH} CMAKE_PREFIX_PATH=/home/zyme/ros_ws/Autoware_sim_test/install/motion_utils:/home/zyme/ros_ws/Autoware_sim_test/install/interpolation:/home/zyme/ros_ws/Autoware_sim_test/install/tier4_autoware_utils:/home/zyme/ros_ws/Autoware_sim_test/install/autoware_auto_vehicle_msgs:/home/zyme/ros_ws/Autoware_sim_test/install/autoware_cmake:/home/zyme/ros_ws/Autoware_sim_test/install/autoware_auto_planning_msgs:/home/zyme/ros_ws/Autoware_sim_test/install/autoware_auto_perception_msgs:/home/zyme/ros_ws/Autoware_sim_test/install/tier4_planning_msgs:/home/zyme/ros_ws/Autoware_sim_test/install/tier4_debug_msgs:/home/zyme/ros_ws/Autoware_sim_test/install/autoware_lint_common:/home/zyme/ros_ws/Autoware_sim_test/install/autoware_auto_mapping_msgs:/home/zyme/ros_ws/Autoware_sim_test/install/autoware_auto_geometry_msgs:/opt/ros/humble LD_LIBRARY_PATH=/home/zyme/ros_ws/Autoware_sim_test/install/motion_utils/lib:/home/zyme/ros_ws/Autoware_sim_test/install/interpolation/lib:/home/zyme/ros_ws/Autoware_sim_test/install/tier4_autoware_utils/lib:/home/zyme/ros_ws/Autoware_sim_test/install/autoware_auto_vehicle_msgs/lib:/home/zyme/ros_ws/Autoware_sim_test/install/autoware_auto_planning_msgs/lib:/home/zyme/ros_ws/Autoware_sim_test/install/autoware_auto_perception_msgs/lib:/home/zyme/ros_ws/Autoware_sim_test/install/tier4_planning_msgs/lib:/home/zyme/ros_ws/Autoware_sim_test/install/tier4_debug_msgs/lib:/home/zyme/ros_ws/Autoware_sim_test/install/autoware_auto_mapping_msgs/lib:/home/zyme/ros_ws/Autoware_sim_test/install/autoware_auto_geometry_msgs/lib:${LD_LIBRARY_PATH} PYTHONPATH=/home/zyme/ros_ws/Autoware_sim_test/install/autoware_auto_vehicle_msgs/local/lib/python3.10/dist-packages:/home/zyme/ros_ws/Autoware_sim_test/install/autoware_auto_planning_msgs/local/lib/python3.10/dist-packages:/home/zyme/ros_ws/Autoware_sim_test/install/autoware_auto_perception_msgs/local/lib/python3.10/dist-packages:/home/zyme/ros_ws/Autoware_sim_test/install/tier4_planning_msgs/local/lib/python3.10/dist-packages:/home/zyme/ros_ws/Autoware_sim_test/install/tier4_debug_msgs/local/lib/python3.10/dist-packages:/home/zyme/ros_ws/Autoware_sim_test/install/autoware_auto_mapping_msgs/local/lib/python3.10/dist-packages:/home/zyme/ros_ws/Autoware_sim_test/install/autoware_auto_geometry_msgs/local/lib/python3.10/dist-packages:${PYTHONPATH} /usr/bin/cmake --build /home/zyme/ros_ws/Autoware_sim_test/build/planning_debug_tools -- -j12 -l12
[0.138s] [35m[1mConsolidate compiler generated dependencies of target planning_debug_tools__rosidl_generator_c[0m
[0.139s] [35m[1mConsolidate compiler generated dependencies of target trajectory_analyzer_exe[0m
[0.139s] [35m[1mConsolidate compiler generated dependencies of target stop_reason_visualizer_exe[0m
[0.149s] [  2%] Built target planning_debug_tools__cpp
[0.152s] [ 10%] Built target planning_debug_tools__rosidl_generator_c
[0.162s] [ 15%] Built target stop_reason_visualizer_exe
[0.162s] [ 15%] Built target ament_cmake_python_symlink_planning_debug_tools
[0.162s] [ 20%] Built target trajectory_analyzer_exe
[0.170s] [35m[1mConsolidate compiler generated dependencies of target planning_debug_tools__rosidl_typesupport_introspection_cpp[0m
[0.170s] [35m[1mConsolidate compiler generated dependencies of target planning_debug_tools__rosidl_typesupport_cpp[0m
[0.171s] [35m[1mConsolidate compiler generated dependencies of target planning_debug_tools__rosidl_typesupport_c[0m
[0.172s] [35m[1mConsolidate compiler generated dependencies of target planning_debug_tools__rosidl_typesupport_fastrtps_cpp[0m
[0.174s] [35m[1mConsolidate compiler generated dependencies of target planning_debug_tools__rosidl_typesupport_fastrtps_c[0m
[0.174s] [35m[1mConsolidate compiler generated dependencies of target planning_debug_tools__rosidl_typesupport_introspection_c[0m
[0.188s] [ 28%] Built target planning_debug_tools__rosidl_typesupport_introspection_cpp
[0.189s] [ 35%] Built target planning_debug_tools__rosidl_typesupport_c
[0.190s] [ 51%] Built target planning_debug_tools__rosidl_typesupport_cpp
[0.190s] [ 51%] Built target planning_debug_tools__rosidl_typesupport_fastrtps_cpp
[0.191s] [ 58%] Built target planning_debug_tools__rosidl_typesupport_introspection_c
[0.192s] [ 66%] Built target planning_debug_tools__rosidl_typesupport_fastrtps_c
[0.206s] [35m[1mConsolidate compiler generated dependencies of target trajectory_analyzer_node[0m
[0.216s] [ 66%] Built target planning_debug_tools
[0.236s] [ 71%] Built target trajectory_analyzer_node
[0.240s] [ 74%] Built target planning_debug_tools__py
[0.250s] [35m[1mConsolidate compiler generated dependencies of target stop_reason_visualizer_node[0m
[0.254s] [35m[1mConsolidate compiler generated dependencies of target planning_debug_tools__rosidl_generator_py[0m
[0.268s] [ 79%] Built target planning_debug_tools__rosidl_generator_py
[0.269s] [ 84%] Built target stop_reason_visualizer_node
[0.282s] [35m[1mConsolidate compiler generated dependencies of target planning_debug_tools__rosidl_typesupport_introspection_c__pyext[0m
[0.282s] [35m[1mConsolidate compiler generated dependencies of target planning_debug_tools__rosidl_typesupport_fastrtps_c__pyext[0m
[0.282s] [35m[1mConsolidate compiler generated dependencies of target planning_debug_tools__rosidl_typesupport_c__pyext[0m
[0.297s] [100%] Built target planning_debug_tools__rosidl_typesupport_introspection_c__pyext
[0.297s] [100%] Built target planning_debug_tools__rosidl_typesupport_fastrtps_c__pyext
[0.297s] [100%] Built target planning_debug_tools__rosidl_typesupport_c__pyext
[0.443s] running egg_info
[0.444s] writing planning_debug_tools.egg-info/PKG-INFO
[0.444s] writing dependency_links to planning_debug_tools.egg-info/dependency_links.txt
[0.445s] writing top-level names to planning_debug_tools.egg-info/top_level.txt
[0.447s] reading manifest file 'planning_debug_tools.egg-info/SOURCES.txt'
[0.447s] writing manifest file 'planning_debug_tools.egg-info/SOURCES.txt'
[0.470s] [100%] Built target ament_cmake_python_build_planning_debug_tools_egg
[0.482s] Invoked command in '/home/zyme/ros_ws/Autoware_sim_test/build/planning_debug_tools' returned '0': AMENT_PREFIX_PATH=/home/zyme/ros_ws/Autoware_sim_test/install/motion_utils:/home/zyme/ros_ws/Autoware_sim_test/install/interpolation:/home/zyme/ros_ws/Autoware_sim_test/install/tier4_autoware_utils:/home/zyme/ros_ws/Autoware_sim_test/install/autoware_auto_vehicle_msgs:/home/zyme/ros_ws/Autoware_sim_test/install/autoware_cmake:/home/zyme/ros_ws/Autoware_sim_test/install/autoware_auto_planning_msgs:/home/zyme/ros_ws/Autoware_sim_test/install/autoware_auto_perception_msgs:/home/zyme/ros_ws/Autoware_sim_test/install/tier4_planning_msgs:/home/zyme/ros_ws/Autoware_sim_test/install/tier4_debug_msgs:/home/zyme/ros_ws/Autoware_sim_test/install/autoware_lint_common:/home/zyme/ros_ws/Autoware_sim_test/install/autoware_auto_mapping_msgs:/home/zyme/ros_ws/Autoware_sim_test/install/autoware_auto_geometry_msgs:${AMENT_PREFIX_PATH} CMAKE_PREFIX_PATH=/home/zyme/ros_ws/Autoware_sim_test/install/motion_utils:/home/zyme/ros_ws/Autoware_sim_test/install/interpolation:/home/zyme/ros_ws/Autoware_sim_test/install/tier4_autoware_utils:/home/zyme/ros_ws/Autoware_sim_test/install/autoware_auto_vehicle_msgs:/home/zyme/ros_ws/Autoware_sim_test/install/autoware_cmake:/home/zyme/ros_ws/Autoware_sim_test/install/autoware_auto_planning_msgs:/home/zyme/ros_ws/Autoware_sim_test/install/autoware_auto_perception_msgs:/home/zyme/ros_ws/Autoware_sim_test/install/tier4_planning_msgs:/home/zyme/ros_ws/Autoware_sim_test/install/tier4_debug_msgs:/home/zyme/ros_ws/Autoware_sim_test/install/autoware_lint_common:/home/zyme/ros_ws/Autoware_sim_test/install/autoware_auto_mapping_msgs:/home/zyme/ros_ws/Autoware_sim_test/install/autoware_auto_geometry_msgs:/opt/ros/humble LD_LIBRARY_PATH=/home/zyme/ros_ws/Autoware_sim_test/install/motion_utils/lib:/home/zyme/ros_ws/Autoware_sim_test/install/interpolation/lib:/home/zyme/ros_ws/Autoware_sim_test/install/tier4_autoware_utils/lib:/home/zyme/ros_ws/Autoware_sim_test/install/autoware_auto_vehicle_msgs/lib:/home/zyme/ros_ws/Autoware_sim_test/install/autoware_auto_planning_msgs/lib:/home/zyme/ros_ws/Autoware_sim_test/install/autoware_auto_perception_msgs/lib:/home/zyme/ros_ws/Autoware_sim_test/install/tier4_planning_msgs/lib:/home/zyme/ros_ws/Autoware_sim_test/install/tier4_debug_msgs/lib:/home/zyme/ros_ws/Autoware_sim_test/install/autoware_auto_mapping_msgs/lib:/home/zyme/ros_ws/Autoware_sim_test/install/autoware_auto_geometry_msgs/lib:${LD_LIBRARY_PATH} PYTHONPATH=/home/zyme/ros_ws/Autoware_sim_test/install/autoware_auto_vehicle_msgs/local/lib/python3.10/dist-packages:/home/zyme/ros_ws/Autoware_sim_test/install/autoware_auto_planning_msgs/local/lib/python3.10/dist-packages:/home/zyme/ros_ws/Autoware_sim_test/install/autoware_auto_perception_msgs/local/lib/python3.10/dist-packages:/home/zyme/ros_ws/Autoware_sim_test/install/tier4_planning_msgs/local/lib/python3.10/dist-packages:/home/zyme/ros_ws/Autoware_sim_test/install/tier4_debug_msgs/local/lib/python3.10/dist-packages:/home/zyme/ros_ws/Autoware_sim_test/install/autoware_auto_mapping_msgs/local/lib/python3.10/dist-packages:/home/zyme/ros_ws/Autoware_sim_test/install/autoware_auto_geometry_msgs/local/lib/python3.10/dist-packages:${PYTHONPATH} /usr/bin/cmake --build /home/zyme/ros_ws/Autoware_sim_test/build/planning_debug_tools -- -j12 -l12
[0.555s] Invoking command in '/home/zyme/ros_ws/Autoware_sim_test/build/planning_debug_tools': AMENT_PREFIX_PATH=/home/zyme/ros_ws/Autoware_sim_test/install/motion_utils:/home/zyme/ros_ws/Autoware_sim_test/install/interpolation:/home/zyme/ros_ws/Autoware_sim_test/install/tier4_autoware_utils:/home/zyme/ros_ws/Autoware_sim_test/install/autoware_auto_vehicle_msgs:/home/zyme/ros_ws/Autoware_sim_test/install/autoware_cmake:/home/zyme/ros_ws/Autoware_sim_test/install/autoware_auto_planning_msgs:/home/zyme/ros_ws/Autoware_sim_test/install/autoware_auto_perception_msgs:/home/zyme/ros_ws/Autoware_sim_test/install/tier4_planning_msgs:/home/zyme/ros_ws/Autoware_sim_test/install/tier4_debug_msgs:/home/zyme/ros_ws/Autoware_sim_test/install/autoware_lint_common:/home/zyme/ros_ws/Autoware_sim_test/install/autoware_auto_mapping_msgs:/home/zyme/ros_ws/Autoware_sim_test/install/autoware_auto_geometry_msgs:${AMENT_PREFIX_PATH} CMAKE_PREFIX_PATH=/home/zyme/ros_ws/Autoware_sim_test/install/motion_utils:/home/zyme/ros_ws/Autoware_sim_test/install/interpolation:/home/zyme/ros_ws/Autoware_sim_test/install/tier4_autoware_utils:/home/zyme/ros_ws/Autoware_sim_test/install/autoware_auto_vehicle_msgs:/home/zyme/ros_ws/Autoware_sim_test/install/autoware_cmake:/home/zyme/ros_ws/Autoware_sim_test/install/autoware_auto_planning_msgs:/home/zyme/ros_ws/Autoware_sim_test/install/autoware_auto_perception_msgs:/home/zyme/ros_ws/Autoware_sim_test/install/tier4_planning_msgs:/home/zyme/ros_ws/Autoware_sim_test/install/tier4_debug_msgs:/home/zyme/ros_ws/Autoware_sim_test/install/autoware_lint_common:/home/zyme/ros_ws/Autoware_sim_test/install/autoware_auto_mapping_msgs:/home/zyme/ros_ws/Autoware_sim_test/install/autoware_auto_geometry_msgs:/opt/ros/humble LD_LIBRARY_PATH=/home/zyme/ros_ws/Autoware_sim_test/install/motion_utils/lib:/home/zyme/ros_ws/Autoware_sim_test/install/interpolation/lib:/home/zyme/ros_ws/Autoware_sim_test/install/tier4_autoware_utils/lib:/home/zyme/ros_ws/Autoware_sim_test/install/autoware_auto_vehicle_msgs/lib:/home/zyme/ros_ws/Autoware_sim_test/install/autoware_auto_planning_msgs/lib:/home/zyme/ros_ws/Autoware_sim_test/install/autoware_auto_perception_msgs/lib:/home/zyme/ros_ws/Autoware_sim_test/install/tier4_planning_msgs/lib:/home/zyme/ros_ws/Autoware_sim_test/install/tier4_debug_msgs/lib:/home/zyme/ros_ws/Autoware_sim_test/install/autoware_auto_mapping_msgs/lib:/home/zyme/ros_ws/Autoware_sim_test/install/autoware_auto_geometry_msgs/lib:${LD_LIBRARY_PATH} PYTHONPATH=/home/zyme/ros_ws/Autoware_sim_test/install/autoware_auto_vehicle_msgs/local/lib/python3.10/dist-packages:/home/zyme/ros_ws/Autoware_sim_test/install/autoware_auto_planning_msgs/local/lib/python3.10/dist-packages:/home/zyme/ros_ws/Autoware_sim_test/install/autoware_auto_perception_msgs/local/lib/python3.10/dist-packages:/home/zyme/ros_ws/Autoware_sim_test/install/tier4_planning_msgs/local/lib/python3.10/dist-packages:/home/zyme/ros_ws/Autoware_sim_test/install/tier4_debug_msgs/local/lib/python3.10/dist-packages:/home/zyme/ros_ws/Autoware_sim_test/install/autoware_auto_mapping_msgs/local/lib/python3.10/dist-packages:/home/zyme/ros_ws/Autoware_sim_test/install/autoware_auto_geometry_msgs/local/lib/python3.10/dist-packages:${PYTHONPATH} /usr/bin/cmake --install /home/zyme/ros_ws/Autoware_sim_test/build/planning_debug_tools
[0.564s] -- Install configuration: "Release"
[0.564s] -- Execute custom install script
[0.565s] -- Up-to-date symlink: /home/zyme/ros_ws/Autoware_sim_test/install/planning_debug_tools/share/ament_index/resource_index/rosidl_interfaces/planning_debug_tools
[0.567s] -- Up-to-date symlink: /home/zyme/ros_ws/Autoware_sim_test/install/planning_debug_tools/include/planning_debug_tools/planning_debug_tools/msg/detail/trajectory_debug_info__functions.h
[0.567s] -- Up-to-date symlink: /home/zyme/ros_ws/Autoware_sim_test/install/planning_debug_tools/include/planning_debug_tools/planning_debug_tools/msg/detail/trajectory_debug_info__struct.h
[0.567s] -- Up-to-date symlink: /home/zyme/ros_ws/Autoware_sim_test/install/planning_debug_tools/include/planning_debug_tools/planning_debug_tools/msg/detail/trajectory_debug_info__type_support.h
[0.567s] -- Up-to-date symlink: /home/zyme/ros_ws/Autoware_sim_test/install/planning_debug_tools/include/planning_debug_tools/planning_debug_tools/msg/rosidl_generator_c__visibility_control.h
[0.568s] -- Up-to-date symlink: /home/zyme/ros_ws/Autoware_sim_test/install/planning_debug_tools/include/planning_debug_tools/planning_debug_tools/msg/trajectory_debug_info.h
[0.568s] -- Up-to-date symlink: /home/zyme/ros_ws/Autoware_sim_test/install/planning_debug_tools/share/planning_debug_tools/environment/library_path.sh
[0.568s] -- Up-to-date symlink: /home/zyme/ros_ws/Autoware_sim_test/install/planning_debug_tools/share/planning_debug_tools/environment/library_path.dsv
[0.569s] -- Up-to-date symlink: /home/zyme/ros_ws/Autoware_sim_test/install/planning_debug_tools/include/planning_debug_tools/planning_debug_tools/msg/detail/trajectory_debug_info__rosidl_typesupport_fastrtps_c.h
[0.569s] -- Up-to-date symlink: /home/zyme/ros_ws/Autoware_sim_test/install/planning_debug_tools/include/planning_debug_tools/planning_debug_tools/msg/rosidl_typesupport_fastrtps_c__visibility_control.h
[0.570s] -- Up-to-date symlink: /home/zyme/ros_ws/Autoware_sim_test/install/planning_debug_tools/include/planning_debug_tools/planning_debug_tools/msg/detail/trajectory_debug_info__rosidl_typesupport_introspection_c.h
[0.570s] -- Up-to-date symlink: /home/zyme/ros_ws/Autoware_sim_test/install/planning_debug_tools/include/planning_debug_tools/planning_debug_tools/msg/rosidl_typesupport_introspection_c__visibility_control.h
[0.570s] -- Up-to-date symlink: /home/zyme/ros_ws/Autoware_sim_test/install/planning_debug_tools/include/planning_debug_tools/planning_debug_tools/msg/detail/trajectory_debug_info__builder.hpp
[0.570s] -- Up-to-date symlink: /home/zyme/ros_ws/Autoware_sim_test/install/planning_debug_tools/include/planning_debug_tools/planning_debug_tools/msg/detail/trajectory_debug_info__struct.hpp
[0.571s] -- Up-to-date symlink: /home/zyme/ros_ws/Autoware_sim_test/install/planning_debug_tools/include/planning_debug_tools/planning_debug_tools/msg/detail/trajectory_debug_info__traits.hpp
[0.571s] -- Up-to-date symlink: /home/zyme/ros_ws/Autoware_sim_test/install/planning_debug_tools/include/planning_debug_tools/planning_debug_tools/msg/trajectory_debug_info.hpp
[0.571s] -- Up-to-date symlink: /home/zyme/ros_ws/Autoware_sim_test/install/planning_debug_tools/include/planning_debug_tools/planning_debug_tools/msg/detail/trajectory_debug_info__rosidl_typesupport_fastrtps_cpp.hpp
[0.571s] -- Up-to-date symlink: /home/zyme/ros_ws/Autoware_sim_test/install/planning_debug_tools/include/planning_debug_tools/planning_debug_tools/msg/rosidl_typesupport_fastrtps_cpp__visibility_control.h
[0.572s] -- Up-to-date symlink: /home/zyme/ros_ws/Autoware_sim_test/install/planning_debug_tools/include/planning_debug_tools/planning_debug_tools/msg/detail/trajectory_debug_info__rosidl_typesupport_introspection_cpp.hpp
[0.572s] -- Up-to-date symlink: /home/zyme/ros_ws/Autoware_sim_test/install/planning_debug_tools/share/planning_debug_tools/environment/pythonpath.sh
[0.572s] -- Up-to-date symlink: /home/zyme/ros_ws/Autoware_sim_test/install/planning_debug_tools/share/planning_debug_tools/environment/pythonpath.dsv
[0.573s] -- Up-to-date symlink: /home/zyme/ros_ws/Autoware_sim_test/install/planning_debug_tools/local/lib/python3.10/dist-packages/planning_debug_tools-0.1.0-py3.10.egg-info/PKG-INFO
[0.573s] -- Up-to-date symlink: /home/zyme/ros_ws/Autoware_sim_test/install/planning_debug_tools/local/lib/python3.10/dist-packages/planning_debug_tools-0.1.0-py3.10.egg-info/SOURCES.txt
[0.574s] -- Up-to-date symlink: /home/zyme/ros_ws/Autoware_sim_test/install/planning_debug_tools/local/lib/python3.10/dist-packages/planning_debug_tools-0.1.0-py3.10.egg-info/dependency_links.txt
[0.574s] -- Up-to-date symlink: /home/zyme/ros_ws/Autoware_sim_test/install/planning_debug_tools/local/lib/python3.10/dist-packages/planning_debug_tools-0.1.0-py3.10.egg-info/top_level.txt
[0.574s] -- Up-to-date symlink: /home/zyme/ros_ws/Autoware_sim_test/install/planning_debug_tools/local/lib/python3.10/dist-packages/planning_debug_tools/__init__.py
[0.575s] -- Up-to-date symlink: /home/zyme/ros_ws/Autoware_sim_test/install/planning_debug_tools/local/lib/python3.10/dist-packages/planning_debug_tools/_planning_debug_tools_s.ep.rosidl_typesupport_c.c
[0.575s] -- Up-to-date symlink: /home/zyme/ros_ws/Autoware_sim_test/install/planning_debug_tools/local/lib/python3.10/dist-packages/planning_debug_tools/_planning_debug_tools_s.ep.rosidl_typesupport_fastrtps_c.c
[0.575s] -- Up-to-date symlink: /home/zyme/ros_ws/Autoware_sim_test/install/planning_debug_tools/local/lib/python3.10/dist-packages/planning_debug_tools/_planning_debug_tools_s.ep.rosidl_typesupport_introspection_c.c
[0.575s] -- Up-to-date symlink: /home/zyme/ros_ws/Autoware_sim_test/install/planning_debug_tools/local/lib/python3.10/dist-packages/planning_debug_tools/libplanning_debug_tools__rosidl_generator_py.so
[0.575s] -- Up-to-date symlink: /home/zyme/ros_ws/Autoware_sim_test/install/planning_debug_tools/local/lib/python3.10/dist-packages/planning_debug_tools/msg/__init__.py
[0.575s] -- Up-to-date symlink: /home/zyme/ros_ws/Autoware_sim_test/install/planning_debug_tools/local/lib/python3.10/dist-packages/planning_debug_tools/msg/_trajectory_debug_info.py
[0.575s] -- Up-to-date symlink: /home/zyme/ros_ws/Autoware_sim_test/install/planning_debug_tools/local/lib/python3.10/dist-packages/planning_debug_tools/msg/_trajectory_debug_info_s.c
[0.575s] -- Up-to-date symlink: /home/zyme/ros_ws/Autoware_sim_test/install/planning_debug_tools/local/lib/python3.10/dist-packages/planning_debug_tools/planning_debug_tools_s__rosidl_typesupport_c.cpython-310-x86_64-linux-gnu.so
[0.576s] -- Up-to-date symlink: /home/zyme/ros_ws/Autoware_sim_test/install/planning_debug_tools/local/lib/python3.10/dist-packages/planning_debug_tools/planning_debug_tools_s__rosidl_typesupport_fastrtps_c.cpython-310-x86_64-linux-gnu.so
[0.576s] -- Up-to-date symlink: /home/zyme/ros_ws/Autoware_sim_test/install/planning_debug_tools/local/lib/python3.10/dist-packages/planning_debug_tools/planning_debug_tools_s__rosidl_typesupport_introspection_c.cpython-310-x86_64-linux-gnu.so
[0.576s] -- Up-to-date symlink: /home/zyme/ros_ws/Autoware_sim_test/install/planning_debug_tools/local/lib/python3.10/dist-packages/planning_debug_tools/planning_debug_tools_s__rosidl_typesupport_fastrtps_c.cpython-310-x86_64-linux-gnu.so
[0.577s] -- Up-to-date symlink: /home/zyme/ros_ws/Autoware_sim_test/install/planning_debug_tools/local/lib/python3.10/dist-packages/planning_debug_tools/planning_debug_tools_s__rosidl_typesupport_introspection_c.cpython-310-x86_64-linux-gnu.so
[0.577s] -- Up-to-date symlink: /home/zyme/ros_ws/Autoware_sim_test/install/planning_debug_tools/local/lib/python3.10/dist-packages/planning_debug_tools/planning_debug_tools_s__rosidl_typesupport_c.cpython-310-x86_64-linux-gnu.so
[0.578s] -- Up-to-date symlink: /home/zyme/ros_ws/Autoware_sim_test/install/planning_debug_tools/share/planning_debug_tools/msg/TrajectoryDebugInfo.idl
[0.578s] -- Up-to-date symlink: /home/zyme/ros_ws/Autoware_sim_test/install/planning_debug_tools/share/planning_debug_tools/msg/TrajectoryDebugInfo.msg
[0.578s] -- Up-to-date symlink: /home/zyme/ros_ws/Autoware_sim_test/install/planning_debug_tools/lib/planning_debug_tools/trajectory_analyzer_exe
[0.579s] -- Up-to-date symlink: /home/zyme/ros_ws/Autoware_sim_test/install/planning_debug_tools/lib/planning_debug_tools/stop_reason_visualizer_exe
[0.579s] -- Up-to-date symlink: /home/zyme/ros_ws/Autoware_sim_test/install/planning_debug_tools/include/planning_debug_tools/trajectory_analyzer.hpp
[0.579s] -- Up-to-date symlink: /home/zyme/ros_ws/Autoware_sim_test/install/planning_debug_tools/include/planning_debug_tools/util.hpp
[0.579s] -- Up-to-date symlink: /home/zyme/ros_ws/Autoware_sim_test/install/planning_debug_tools/lib/libtrajectory_analyzer_node.so
[0.580s] -- Up-to-date symlink: /home/zyme/ros_ws/Autoware_sim_test/install/planning_debug_tools/lib/libstop_reason_visualizer_node.so
[0.580s] -- Up-to-date symlink: /home/zyme/ros_ws/Autoware_sim_test/install/planning_debug_tools/share/planning_debug_tools/launch/behavior_velocity_analyzer.launch.xml
[0.580s] -- Up-to-date symlink: /home/zyme/ros_ws/Autoware_sim_test/install/planning_debug_tools/share/planning_debug_tools/launch/stop_reason_visualizer.launch.xml
[0.581s] -- Up-to-date symlink: /home/zyme/ros_ws/Autoware_sim_test/install/planning_debug_tools/share/planning_debug_tools/launch/trajectory_analyzer.launch.xml
[0.581s] -- Up-to-date symlink: /home/zyme/ros_ws/Autoware_sim_test/install/planning_debug_tools/share/ament_index/resource_index/package_run_dependencies/planning_debug_tools
[0.581s] -- Up-to-date symlink: /home/zyme/ros_ws/Autoware_sim_test/install/planning_debug_tools/share/ament_index/resource_index/parent_prefix_path/planning_debug_tools
[0.581s] -- Up-to-date symlink: /home/zyme/ros_ws/Autoware_sim_test/install/planning_debug_tools/share/planning_debug_tools/environment/ament_prefix_path.sh
[0.581s] -- Up-to-date symlink: /home/zyme/ros_ws/Autoware_sim_test/install/planning_debug_tools/share/planning_debug_tools/environment/ament_prefix_path.dsv
[0.582s] -- Up-to-date symlink: /home/zyme/ros_ws/Autoware_sim_test/install/planning_debug_tools/share/planning_debug_tools/environment/path.sh
[0.582s] -- Up-to-date symlink: /home/zyme/ros_ws/Autoware_sim_test/install/planning_debug_tools/share/planning_debug_tools/environment/path.dsv
[0.582s] -- Up-to-date symlink: /home/zyme/ros_ws/Autoware_sim_test/install/planning_debug_tools/share/planning_debug_tools/local_setup.bash
[0.582s] -- Up-to-date symlink: /home/zyme/ros_ws/Autoware_sim_test/install/planning_debug_tools/share/planning_debug_tools/local_setup.sh
[0.582s] -- Up-to-date symlink: /home/zyme/ros_ws/Autoware_sim_test/install/planning_debug_tools/share/planning_debug_tools/local_setup.zsh
[0.583s] -- Up-to-date symlink: /home/zyme/ros_ws/Autoware_sim_test/install/planning_debug_tools/share/planning_debug_tools/local_setup.dsv
[0.583s] -- Symlinking: /home/zyme/ros_ws/Autoware_sim_test/install/planning_debug_tools/share/planning_debug_tools/package.dsv
[0.592s] -- Up-to-date symlink: /home/zyme/ros_ws/Autoware_sim_test/install/planning_debug_tools/share/ament_index/resource_index/packages/planning_debug_tools
[0.592s] -- Up-to-date symlink: /home/zyme/ros_ws/Autoware_sim_test/install/planning_debug_tools/share/ament_index/resource_index/rclcpp_components/planning_debug_tools
[0.593s] -- Up-to-date symlink: /home/zyme/ros_ws/Autoware_sim_test/install/planning_debug_tools/share/planning_debug_tools/cmake/rosidl_cmake-extras.cmake
[0.593s] -- Up-to-date symlink: /home/zyme/ros_ws/Autoware_sim_test/install/planning_debug_tools/share/planning_debug_tools/cmake/ament_cmake_export_dependencies-extras.cmake
[0.593s] -- Up-to-date symlink: /home/zyme/ros_ws/Autoware_sim_test/install/planning_debug_tools/share/planning_debug_tools/cmake/ament_cmake_export_include_directories-extras.cmake
[0.593s] -- Up-to-date symlink: /home/zyme/ros_ws/Autoware_sim_test/install/planning_debug_tools/share/planning_debug_tools/cmake/ament_cmake_export_libraries-extras.cmake
[0.593s] -- Up-to-date symlink: /home/zyme/ros_ws/Autoware_sim_test/install/planning_debug_tools/share/planning_debug_tools/cmake/ament_cmake_export_targets-extras.cmake
[0.594s] -- Up-to-date symlink: /home/zyme/ros_ws/Autoware_sim_test/install/planning_debug_tools/share/planning_debug_tools/cmake/rosidl_cmake_export_typesupport_targets-extras.cmake
[0.594s] -- Up-to-date symlink: /home/zyme/ros_ws/Autoware_sim_test/install/planning_debug_tools/share/planning_debug_tools/cmake/rosidl_cmake_export_typesupport_libraries-extras.cmake
[0.594s] -- Up-to-date symlink: /home/zyme/ros_ws/Autoware_sim_test/install/planning_debug_tools/share/planning_debug_tools/cmake/planning_debug_toolsConfig.cmake
[0.594s] -- Up-to-date symlink: /home/zyme/ros_ws/Autoware_sim_test/install/planning_debug_tools/share/planning_debug_tools/cmake/planning_debug_toolsConfig-version.cmake
[0.594s] -- Up-to-date symlink: /home/zyme/ros_ws/Autoware_sim_test/install/planning_debug_tools/share/planning_debug_tools/package.xml
[0.595s] -- Up-to-date symlink: /home/zyme/ros_ws/Autoware_sim_test/install/planning_debug_tools/lib/planning_debug_tools/processing_time_checker.py
[0.595s] -- Up-to-date symlink: /home/zyme/ros_ws/Autoware_sim_test/install/planning_debug_tools/lib/planning_debug_tools/trajectory_visualizer.py
[0.595s] -- Up-to-date symlink: /home/zyme/ros_ws/Autoware_sim_test/install/planning_debug_tools/lib/planning_debug_tools/closest_velocity_checker.py
[0.595s] -- Up-to-date symlink: /home/zyme/ros_ws/Autoware_sim_test/install/planning_debug_tools/lib/planning_debug_tools/perception_reproducer.py
[0.596s] -- Up-to-date symlink: /home/zyme/ros_ws/Autoware_sim_test/install/planning_debug_tools/lib/planning_debug_tools/perception_replayer.py
[0.596s] -- Up-to-date symlink: /home/zyme/ros_ws/Autoware_sim_test/install/planning_debug_tools/lib/planning_debug_tools/update_logger_level.sh
[0.597s] -- Up-to-date: /home/zyme/ros_ws/Autoware_sim_test/install/planning_debug_tools/lib/libplanning_debug_tools__rosidl_generator_c.so
[0.597s] -- Up-to-date: /home/zyme/ros_ws/Autoware_sim_test/install/planning_debug_tools/lib/libplanning_debug_tools__rosidl_typesupport_fastrtps_c.so
[0.598s] -- Up-to-date: /home/zyme/ros_ws/Autoware_sim_test/install/planning_debug_tools/lib/libplanning_debug_tools__rosidl_typesupport_introspection_c.so
[0.598s] -- Up-to-date: /home/zyme/ros_ws/Autoware_sim_test/install/planning_debug_tools/lib/libplanning_debug_tools__rosidl_typesupport_c.so
[0.599s] -- Up-to-date: /home/zyme/ros_ws/Autoware_sim_test/install/planning_debug_tools/lib/libplanning_debug_tools__rosidl_typesupport_fastrtps_cpp.so
[0.600s] -- Up-to-date: /home/zyme/ros_ws/Autoware_sim_test/install/planning_debug_tools/lib/libplanning_debug_tools__rosidl_typesupport_introspection_cpp.so
[0.600s] -- Up-to-date: /home/zyme/ros_ws/Autoware_sim_test/install/planning_debug_tools/lib/libplanning_debug_tools__rosidl_typesupport_cpp.so
[0.632s] Listing '/home/zyme/ros_ws/Autoware_sim_test/install/planning_debug_tools/local/lib/python3.10/dist-packages/planning_debug_tools'...
[0.632s] Listing '/home/zyme/ros_ws/Autoware_sim_test/install/planning_debug_tools/local/lib/python3.10/dist-packages/planning_debug_tools/msg'...
[0.636s] -- Up-to-date: /home/zyme/ros_ws/Autoware_sim_test/install/planning_debug_tools/lib/libplanning_debug_tools__rosidl_generator_py.so
[0.637s] -- Up-to-date: /home/zyme/ros_ws/Autoware_sim_test/install/planning_debug_tools/share/planning_debug_tools/cmake/export_planning_debug_tools__rosidl_generator_cExport.cmake
[0.637s] -- Up-to-date: /home/zyme/ros_ws/Autoware_sim_test/install/planning_debug_tools/share/planning_debug_tools/cmake/export_planning_debug_tools__rosidl_generator_cExport-release.cmake
[0.637s] -- Up-to-date: /home/zyme/ros_ws/Autoware_sim_test/install/planning_debug_tools/share/planning_debug_tools/cmake/export_planning_debug_tools__rosidl_typesupport_fastrtps_cExport.cmake
[0.637s] -- Up-to-date: /home/zyme/ros_ws/Autoware_sim_test/install/planning_debug_tools/share/planning_debug_tools/cmake/export_planning_debug_tools__rosidl_typesupport_fastrtps_cExport-release.cmake
[0.637s] -- Up-to-date: /home/zyme/ros_ws/Autoware_sim_test/install/planning_debug_tools/share/planning_debug_tools/cmake/planning_debug_tools__rosidl_typesupport_introspection_cExport.cmake
[0.637s] -- Up-to-date: /home/zyme/ros_ws/Autoware_sim_test/install/planning_debug_tools/share/planning_debug_tools/cmake/planning_debug_tools__rosidl_typesupport_introspection_cExport-release.cmake
[0.638s] -- Up-to-date: /home/zyme/ros_ws/Autoware_sim_test/install/planning_debug_tools/share/planning_debug_tools/cmake/planning_debug_tools__rosidl_typesupport_cExport.cmake
[0.638s] -- Up-to-date: /home/zyme/ros_ws/Autoware_sim_test/install/planning_debug_tools/share/planning_debug_tools/cmake/planning_debug_tools__rosidl_typesupport_cExport-release.cmake
[0.638s] -- Up-to-date: /home/zyme/ros_ws/Autoware_sim_test/install/planning_debug_tools/share/planning_debug_tools/cmake/export_planning_debug_tools__rosidl_generator_cppExport.cmake
[0.638s] -- Up-to-date: /home/zyme/ros_ws/Autoware_sim_test/install/planning_debug_tools/share/planning_debug_tools/cmake/export_planning_debug_tools__rosidl_typesupport_fastrtps_cppExport.cmake
[0.639s] -- Up-to-date: /home/zyme/ros_ws/Autoware_sim_test/install/planning_debug_tools/share/planning_debug_tools/cmake/export_planning_debug_tools__rosidl_typesupport_fastrtps_cppExport-release.cmake
[0.639s] -- Up-to-date: /home/zyme/ros_ws/Autoware_sim_test/install/planning_debug_tools/share/planning_debug_tools/cmake/planning_debug_tools__rosidl_typesupport_introspection_cppExport.cmake
[0.639s] -- Up-to-date: /home/zyme/ros_ws/Autoware_sim_test/install/planning_debug_tools/share/planning_debug_tools/cmake/planning_debug_tools__rosidl_typesupport_introspection_cppExport-release.cmake
[0.639s] -- Up-to-date: /home/zyme/ros_ws/Autoware_sim_test/install/planning_debug_tools/share/planning_debug_tools/cmake/planning_debug_tools__rosidl_typesupport_cppExport.cmake
[0.639s] -- Up-to-date: /home/zyme/ros_ws/Autoware_sim_test/install/planning_debug_tools/share/planning_debug_tools/cmake/planning_debug_tools__rosidl_typesupport_cppExport-release.cmake
[0.640s] -- Up-to-date: /home/zyme/ros_ws/Autoware_sim_test/install/planning_debug_tools/share/planning_debug_tools/cmake/export_planning_debug_tools__rosidl_generator_pyExport.cmake
[0.640s] -- Up-to-date: /home/zyme/ros_ws/Autoware_sim_test/install/planning_debug_tools/share/planning_debug_tools/cmake/export_planning_debug_tools__rosidl_generator_pyExport-release.cmake
[0.642s] Invoked command in '/home/zyme/ros_ws/Autoware_sim_test/build/planning_debug_tools' returned '0': AMENT_PREFIX_PATH=/home/zyme/ros_ws/Autoware_sim_test/install/motion_utils:/home/zyme/ros_ws/Autoware_sim_test/install/interpolation:/home/zyme/ros_ws/Autoware_sim_test/install/tier4_autoware_utils:/home/zyme/ros_ws/Autoware_sim_test/install/autoware_auto_vehicle_msgs:/home/zyme/ros_ws/Autoware_sim_test/install/autoware_cmake:/home/zyme/ros_ws/Autoware_sim_test/install/autoware_auto_planning_msgs:/home/zyme/ros_ws/Autoware_sim_test/install/autoware_auto_perception_msgs:/home/zyme/ros_ws/Autoware_sim_test/install/tier4_planning_msgs:/home/zyme/ros_ws/Autoware_sim_test/install/tier4_debug_msgs:/home/zyme/ros_ws/Autoware_sim_test/install/autoware_lint_common:/home/zyme/ros_ws/Autoware_sim_test/install/autoware_auto_mapping_msgs:/home/zyme/ros_ws/Autoware_sim_test/install/autoware_auto_geometry_msgs:${AMENT_PREFIX_PATH} CMAKE_PREFIX_PATH=/home/zyme/ros_ws/Autoware_sim_test/install/motion_utils:/home/zyme/ros_ws/Autoware_sim_test/install/interpolation:/home/zyme/ros_ws/Autoware_sim_test/install/tier4_autoware_utils:/home/zyme/ros_ws/Autoware_sim_test/install/autoware_auto_vehicle_msgs:/home/zyme/ros_ws/Autoware_sim_test/install/autoware_cmake:/home/zyme/ros_ws/Autoware_sim_test/install/autoware_auto_planning_msgs:/home/zyme/ros_ws/Autoware_sim_test/install/autoware_auto_perception_msgs:/home/zyme/ros_ws/Autoware_sim_test/install/tier4_planning_msgs:/home/zyme/ros_ws/Autoware_sim_test/install/tier4_debug_msgs:/home/zyme/ros_ws/Autoware_sim_test/install/autoware_lint_common:/home/zyme/ros_ws/Autoware_sim_test/install/autoware_auto_mapping_msgs:/home/zyme/ros_ws/Autoware_sim_test/install/autoware_auto_geometry_msgs:/opt/ros/humble LD_LIBRARY_PATH=/home/zyme/ros_ws/Autoware_sim_test/install/motion_utils/lib:/home/zyme/ros_ws/Autoware_sim_test/install/interpolation/lib:/home/zyme/ros_ws/Autoware_sim_test/install/tier4_autoware_utils/lib:/home/zyme/ros_ws/Autoware_sim_test/install/autoware_auto_vehicle_msgs/lib:/home/zyme/ros_ws/Autoware_sim_test/install/autoware_auto_planning_msgs/lib:/home/zyme/ros_ws/Autoware_sim_test/install/autoware_auto_perception_msgs/lib:/home/zyme/ros_ws/Autoware_sim_test/install/tier4_planning_msgs/lib:/home/zyme/ros_ws/Autoware_sim_test/install/tier4_debug_msgs/lib:/home/zyme/ros_ws/Autoware_sim_test/install/autoware_auto_mapping_msgs/lib:/home/zyme/ros_ws/Autoware_sim_test/install/autoware_auto_geometry_msgs/lib:${LD_LIBRARY_PATH} PYTHONPATH=/home/zyme/ros_ws/Autoware_sim_test/install/autoware_auto_vehicle_msgs/local/lib/python3.10/dist-packages:/home/zyme/ros_ws/Autoware_sim_test/install/autoware_auto_planning_msgs/local/lib/python3.10/dist-packages:/home/zyme/ros_ws/Autoware_sim_test/install/autoware_auto_perception_msgs/local/lib/python3.10/dist-packages:/home/zyme/ros_ws/Autoware_sim_test/install/tier4_planning_msgs/local/lib/python3.10/dist-packages:/home/zyme/ros_ws/Autoware_sim_test/install/tier4_debug_msgs/local/lib/python3.10/dist-packages:/home/zyme/ros_ws/Autoware_sim_test/install/autoware_auto_mapping_msgs/local/lib/python3.10/dist-packages:/home/zyme/ros_ws/Autoware_sim_test/install/autoware_auto_geometry_msgs/local/lib/python3.10/dist-packages:${PYTHONPATH} /usr/bin/cmake --install /home/zyme/ros_ws/Autoware_sim_test/build/planning_debug_tools
