-- The C compiler identification is GNU 11.4.0
-- The CXX compiler identification is GNU 11.4.0
-- Detecting C compiler ABI info
-- Detecting C compiler ABI info - done
-- Check for working C compiler: /usr/bin/cc - skipped
-- Detecting C compile features
-- Detecting C compile features - done
-- Detecting CXX compiler ABI info
-- Detecting CXX compiler ABI info - done
-- Check for working CXX compiler: /usr/bin/c++ - skipped
-- Detecting CXX compile features
-- Detecting CXX compile features - done
-- Found autoware_cmake: 0.1.0 (/home/zyme/ros_ws/Autoware_sim_test/install/autoware_cmake/share/autoware_cmake/cmake)
-- Found Python3: /usr/bin/python3 (found version "3.10.12") found components: Interpreter 
-- Override CMake install command with custom implementation using symlinks instead of copying resources
-- Found rosidl_generator_c: 3.1.5 (/opt/ros/humble/share/rosidl_generator_c/cmake)
-- Found rosidl_adapter: 3.1.5 (/opt/ros/humble/share/rosidl_adapter/cmake)
-- Found rosidl_generator_cpp: 3.1.5 (/opt/ros/humble/share/rosidl_generator_cpp/cmake)
-- Using all available rosidl_typesupport_c: rosidl_typesupport_fastrtps_c;rosidl_typesupport_introspection_c
-- Using all available rosidl_typesupport_cpp: rosidl_typesupport_fastrtps_cpp;rosidl_typesupport_introspection_cpp
-- Found rmw_implementation_cmake: 6.1.1 (/opt/ros/humble/share/rmw_implementation_cmake/cmake)
-- Found rmw_cyclonedds_cpp: 1.3.4 (/opt/ros/humble/share/rmw_cyclonedds_cpp/cmake)
-- Using RMW implementation 'rmw_cyclonedds_cpp' as default
-- Looking for pthread.h
-- Looking for pthread.h - found
-- Performing Test CMAKE_HAVE_LIBC_PTHREAD
-- Performing Test CMAKE_HAVE_LIBC_PTHREAD - Success
-- Found Threads: TRUE  
-- Found eigen3_cmake_module: 0.1.1 (/opt/ros/humble/share/eigen3_cmake_module/cmake)
-- Found Eigen3: TRUE (found version "3.4.0") 
-- Ensuring Eigen3 include directory is part of orocos-kdl CMake target
-- Checking for module 'eigen3'
--   Found eigen3, version 3.4.0
-- Found Eigen: /usr/include/eigen3 (Required is at least version "3.1") 
-- Eigen found (include: /usr/include/eigen3, version: 3.4.0)
-- Checking for module 'flann'
--   Found flann, version 1.9.1
-- Found FLANN: /usr/lib/x86_64-linux-gnu/libflann_cpp.so  
-- FLANN found (include: /usr/include, lib: /usr/lib/x86_64-linux-gnu/libflann_cpp.so)
-- Checking for module 'libusb-1.0'
--   Found libusb-1.0, version 1.0.25
-- Found libusb: /usr/lib/x86_64-linux-gnu/libusb-1.0.so  
-- OpenNI found (version: 1.5.4.0, include: /usr/include/ni, lib: /usr/lib/libOpenNI.so;libusb::libusb)
-- OpenNI2 found (version: 2.2.0.33, include: /usr/include/openni2, lib: /usr/lib/x86_64-linux-gnu/libOpenNI2.so;libusb::libusb)
-- Eigen found (include: /usr/include/eigen3, version: 3.4.0)
-- OpenNI found (version: 1.5.4.0, include: /usr/include/ni, lib: /usr/lib/libOpenNI.so;libusb::libusb)
-- OpenNI2 found (version: 2.2.0.33, include: /usr/include/openni2, lib: /usr/lib/x86_64-linux-gnu/libOpenNI2.so;libusb::libusb)
-- Found Qhull version 8.0.2
-- OpenNI found (version: 1.5.4.0, include: /usr/include/ni, lib: /usr/lib/libOpenNI.so;libusb::libusb)
-- Found PCL_COMMON: /usr/lib/x86_64-linux-gnu/libpcl_common.so  
-- Found PCL_KDTREE: /usr/lib/x86_64-linux-gnu/libpcl_kdtree.so  
-- Found PCL_OCTREE: /usr/lib/x86_64-linux-gnu/libpcl_octree.so  
-- Found PCL_SEARCH: /usr/lib/x86_64-linux-gnu/libpcl_search.so  
-- Found PCL_SAMPLE_CONSENSUS: /usr/lib/x86_64-linux-gnu/libpcl_sample_consensus.so  
-- Found PCL_FILTERS: /usr/lib/x86_64-linux-gnu/libpcl_filters.so  
-- Found PCL_2D: /usr/include/pcl-1.12  
-- Found PCL_GEOMETRY: /usr/include/pcl-1.12  
-- Found PCL_IO: /usr/lib/x86_64-linux-gnu/libpcl_io.so  
-- Found PCL_FEATURES: /usr/lib/x86_64-linux-gnu/libpcl_features.so  
-- Found PCL_ML: /usr/lib/x86_64-linux-gnu/libpcl_ml.so  
-- Found PCL_SEGMENTATION: /usr/lib/x86_64-linux-gnu/libpcl_segmentation.so  
-- Found PCL_VISUALIZATION: /usr/lib/x86_64-linux-gnu/libpcl_visualization.so  
-- Found PCL_SURFACE: /usr/lib/x86_64-linux-gnu/libpcl_surface.so  
-- Found PCL_REGISTRATION: /usr/lib/x86_64-linux-gnu/libpcl_registration.so  
-- Found PCL_KEYPOINTS: /usr/lib/x86_64-linux-gnu/libpcl_keypoints.so  
-- Found PCL_TRACKING: /usr/lib/x86_64-linux-gnu/libpcl_tracking.so  
-- Found PCL_RECOGNITION: /usr/lib/x86_64-linux-gnu/libpcl_recognition.so  
-- Found PCL_STEREO: /usr/lib/x86_64-linux-gnu/libpcl_stereo.so  
-- Found PCL_APPS: /usr/lib/x86_64-linux-gnu/libpcl_apps.so  
-- Found PCL_IN_HAND_SCANNER: /usr/include/pcl-1.12  
-- Found PCL_MODELER: /usr/include/pcl-1.12  
-- Found PCL_POINT_CLOUD_EDITOR: /usr/include/pcl-1.12  
-- Found PCL_OUTOFCORE: /usr/lib/x86_64-linux-gnu/libpcl_outofcore.so  
-- Found PCL_PEOPLE: /usr/lib/x86_64-linux-gnu/libpcl_people.so  
-- Found ament_lint_auto: 0.12.10 (/opt/ros/humble/share/ament_lint_auto/cmake)
-- Found OpenCV: /usr (found version "4.5.4") 
-- Added test 'copyright' to check source files copyright and LICENSE
-- Added test 'cppcheck' to perform static code analysis on C / C++ code
-- Configured cppcheck include dirs: /home/zyme/ros_ws/Autoware_sim_test/src/autoware/src/universe/autoware.universe/perception/shape_estimation/include;$<BUILD_INTERFACE:/home/zyme/ros_ws/Autoware_sim_test/src/autoware/src/universe/autoware.universe/perception/shape_estimation/include>;/home/zyme/ros_ws/Autoware_sim_test/src/autoware/src/universe/autoware.universe/perception/shape_estimation/src
-- Configured cppcheck exclude dirs and/or files: 
-- Added test 'lint_cmake' to check CMake code style
-- Added test 'xmllint' to check XML markup files
-- Configuring done
-- Generating done
-- Build files have been written to: /home/zyme/ros_ws/Autoware_sim_test/build/shape_estimation
[  5%] [32mBuilding CXX object CMakeFiles/shape_estimation.dir/rclcpp_components/node_main_shape_estimation.cpp.o[0m
[ 17%] [32mBuilding CXX object CMakeFiles/shape_estimation_lib.dir/lib/shape_estimator.cpp.o[0m
[ 17%] [32mBuilding CXX object CMakeFiles/shape_estimation_lib.dir/lib/model/bounding_box.cpp.o[0m
[ 23%] [32m[1mLinking CXX executable shape_estimation[0m
[ 23%] Built target shape_estimation
[ 29%] [32mBuilding CXX object CMakeFiles/shape_estimation_lib.dir/lib/model/convex_hull.cpp.o[0m
[ 35%] [32mBuilding CXX object CMakeFiles/shape_estimation_lib.dir/lib/model/cylinder.cpp.o[0m
[ 41%] [32mBuilding CXX object CMakeFiles/shape_estimation_lib.dir/lib/filter/car_filter.cpp.o[0m
[ 47%] [32mBuilding CXX object CMakeFiles/shape_estimation_lib.dir/lib/filter/bus_filter.cpp.o[0m
[ 52%] [32mBuilding CXX object CMakeFiles/shape_estimation_lib.dir/lib/filter/truck_filter.cpp.o[0m
[ 58%] [32mBuilding CXX object CMakeFiles/shape_estimation_lib.dir/lib/filter/trailer_filter.cpp.o[0m
[ 64%] [32mBuilding CXX object CMakeFiles/shape_estimation_lib.dir/lib/filter/no_filter.cpp.o[0m
[ 70%] [32mBuilding CXX object CMakeFiles/shape_estimation_lib.dir/lib/filter/utils.cpp.o[0m
[ 76%] [32mBuilding CXX object CMakeFiles/shape_estimation_lib.dir/lib/corrector/no_corrector.cpp.o[0m
[ 82%] [32mBuilding CXX object CMakeFiles/shape_estimation_lib.dir/lib/corrector/utils.cpp.o[0m
[ 88%] [32m[1mLinking CXX shared library libshape_estimation_lib.so[0m
[ 88%] Built target shape_estimation_lib
[ 94%] [32mBuilding CXX object CMakeFiles/shape_estimation_node.dir/src/node.cpp.o[0m
[100%] [32m[1mLinking CXX shared library libshape_estimation_node.so[0m
[100%] Built target shape_estimation_node
-- Install configuration: "Release"
-- Execute custom install script
-- Symlinking: /home/zyme/ros_ws/Autoware_sim_test/install/shape_estimation/lib/shape_estimation/shape_estimation
-- Symlinking: /home/zyme/ros_ws/Autoware_sim_test/install/shape_estimation/include/shape_estimation/corrector/bicycle_corrector.hpp
-- Symlinking: /home/zyme/ros_ws/Autoware_sim_test/install/shape_estimation/include/shape_estimation/corrector/bus_corrector.hpp
-- Symlinking: /home/zyme/ros_ws/Autoware_sim_test/install/shape_estimation/include/shape_estimation/corrector/car_corrector.hpp
-- Symlinking: /home/zyme/ros_ws/Autoware_sim_test/install/shape_estimation/include/shape_estimation/corrector/corrector.hpp
-- Symlinking: /home/zyme/ros_ws/Autoware_sim_test/install/shape_estimation/include/shape_estimation/corrector/corrector_interface.hpp
-- Symlinking: /home/zyme/ros_ws/Autoware_sim_test/install/shape_estimation/include/shape_estimation/corrector/no_corrector.hpp
-- Symlinking: /home/zyme/ros_ws/Autoware_sim_test/install/shape_estimation/include/shape_estimation/corrector/reference_shape_size_corrector.hpp
-- Symlinking: /home/zyme/ros_ws/Autoware_sim_test/install/shape_estimation/include/shape_estimation/corrector/trailer_corrector.hpp
-- Symlinking: /home/zyme/ros_ws/Autoware_sim_test/install/shape_estimation/include/shape_estimation/corrector/truck_corrector.hpp
-- Symlinking: /home/zyme/ros_ws/Autoware_sim_test/install/shape_estimation/include/shape_estimation/corrector/utils.hpp
-- Symlinking: /home/zyme/ros_ws/Autoware_sim_test/install/shape_estimation/include/shape_estimation/corrector/vehicle_corrector.hpp
-- Symlinking: /home/zyme/ros_ws/Autoware_sim_test/install/shape_estimation/include/shape_estimation/filter/bus_filter.hpp
-- Symlinking: /home/zyme/ros_ws/Autoware_sim_test/install/shape_estimation/include/shape_estimation/filter/car_filter.hpp
-- Symlinking: /home/zyme/ros_ws/Autoware_sim_test/install/shape_estimation/include/shape_estimation/filter/filter.hpp
-- Symlinking: /home/zyme/ros_ws/Autoware_sim_test/install/shape_estimation/include/shape_estimation/filter/filter_interface.hpp
-- Symlinking: /home/zyme/ros_ws/Autoware_sim_test/install/shape_estimation/include/shape_estimation/filter/no_filter.hpp
-- Symlinking: /home/zyme/ros_ws/Autoware_sim_test/install/shape_estimation/include/shape_estimation/filter/trailer_filter.hpp
-- Symlinking: /home/zyme/ros_ws/Autoware_sim_test/install/shape_estimation/include/shape_estimation/filter/truck_filter.hpp
-- Symlinking: /home/zyme/ros_ws/Autoware_sim_test/install/shape_estimation/include/shape_estimation/filter/utils.hpp
-- Symlinking: /home/zyme/ros_ws/Autoware_sim_test/install/shape_estimation/include/shape_estimation/model/bounding_box.hpp
-- Symlinking: /home/zyme/ros_ws/Autoware_sim_test/install/shape_estimation/include/shape_estimation/model/convex_hull.hpp
-- Symlinking: /home/zyme/ros_ws/Autoware_sim_test/install/shape_estimation/include/shape_estimation/model/cylinder.hpp
-- Symlinking: /home/zyme/ros_ws/Autoware_sim_test/install/shape_estimation/include/shape_estimation/model/model.hpp
-- Symlinking: /home/zyme/ros_ws/Autoware_sim_test/install/shape_estimation/include/shape_estimation/model/model_interface.hpp
-- Symlinking: /home/zyme/ros_ws/Autoware_sim_test/install/shape_estimation/include/shape_estimation/shape_estimator.hpp
-- Symlinking: /home/zyme/ros_ws/Autoware_sim_test/install/shape_estimation/share/shape_estimation/environment/library_path.sh
-- Symlinking: /home/zyme/ros_ws/Autoware_sim_test/install/shape_estimation/share/shape_estimation/environment/library_path.dsv
-- Symlinking: /home/zyme/ros_ws/Autoware_sim_test/install/shape_estimation/lib/libshape_estimation_lib.so
-- Symlinking: /home/zyme/ros_ws/Autoware_sim_test/install/shape_estimation/lib/libshape_estimation_node.so
-- Symlinking: /home/zyme/ros_ws/Autoware_sim_test/install/shape_estimation/share/shape_estimation/launch/shape_estimation.launch.xml
-- Symlinking: /home/zyme/ros_ws/Autoware_sim_test/install/shape_estimation/share/ament_index/resource_index/package_run_dependencies/shape_estimation
-- Symlinking: /home/zyme/ros_ws/Autoware_sim_test/install/shape_estimation/share/ament_index/resource_index/parent_prefix_path/shape_estimation
-- Symlinking: /home/zyme/ros_ws/Autoware_sim_test/install/shape_estimation/share/shape_estimation/environment/ament_prefix_path.sh
-- Symlinking: /home/zyme/ros_ws/Autoware_sim_test/install/shape_estimation/share/shape_estimation/environment/ament_prefix_path.dsv
-- Symlinking: /home/zyme/ros_ws/Autoware_sim_test/install/shape_estimation/share/shape_estimation/environment/path.sh
-- Symlinking: /home/zyme/ros_ws/Autoware_sim_test/install/shape_estimation/share/shape_estimation/environment/path.dsv
-- Symlinking: /home/zyme/ros_ws/Autoware_sim_test/install/shape_estimation/share/shape_estimation/local_setup.bash
-- Symlinking: /home/zyme/ros_ws/Autoware_sim_test/install/shape_estimation/share/shape_estimation/local_setup.sh
-- Symlinking: /home/zyme/ros_ws/Autoware_sim_test/install/shape_estimation/share/shape_estimation/local_setup.zsh
-- Symlinking: /home/zyme/ros_ws/Autoware_sim_test/install/shape_estimation/share/shape_estimation/local_setup.dsv
-- Symlinking: /home/zyme/ros_ws/Autoware_sim_test/install/shape_estimation/share/shape_estimation/package.dsv
-- Symlinking: /home/zyme/ros_ws/Autoware_sim_test/install/shape_estimation/share/ament_index/resource_index/packages/shape_estimation
-- Symlinking: /home/zyme/ros_ws/Autoware_sim_test/install/shape_estimation/share/ament_index/resource_index/rclcpp_components/shape_estimation
-- Symlinking: /home/zyme/ros_ws/Autoware_sim_test/install/shape_estimation/share/shape_estimation/cmake/ament_cmake_export_dependencies-extras.cmake
-- Symlinking: /home/zyme/ros_ws/Autoware_sim_test/install/shape_estimation/share/shape_estimation/cmake/ament_cmake_export_include_directories-extras.cmake
-- Symlinking: /home/zyme/ros_ws/Autoware_sim_test/install/shape_estimation/share/shape_estimation/cmake/ament_cmake_export_libraries-extras.cmake
-- Symlinking: /home/zyme/ros_ws/Autoware_sim_test/install/shape_estimation/share/shape_estimation/cmake/shape_estimationConfig.cmake
-- Symlinking: /home/zyme/ros_ws/Autoware_sim_test/install/shape_estimation/share/shape_estimation/cmake/shape_estimationConfig-version.cmake
-- Symlinking: /home/zyme/ros_ws/Autoware_sim_test/install/shape_estimation/share/shape_estimation/package.xml
