[0.062s] Invoking command in '/home/zyme/ros_ws/Autoware_sim_test/build/eagleye_geo_pose_fusion': AMENT_PREFIX_PATH=/home/zyme/ros_ws/Autoware_sim_test/install/eagleye_msgs:/home/zyme/ros_ws/Autoware_sim_test/install/rtklib_msgs:${AMENT_PREFIX_PATH} CMAKE_PREFIX_PATH=/home/zyme/ros_ws/Autoware_sim_test/install/eagleye_msgs:/home/zyme/ros_ws/Autoware_sim_test/install/rtklib_msgs:/opt/ros/humble LD_LIBRARY_PATH=/home/zyme/ros_ws/Autoware_sim_test/install/eagleye_msgs/lib:/home/zyme/ros_ws/Autoware_sim_test/install/rtklib_msgs/lib:${LD_LIBRARY_PATH} PYTHONPATH=/home/zyme/ros_ws/Autoware_sim_test/install/eagleye_msgs/local/lib/python3.10/dist-packages:/home/zyme/ros_ws/Autoware_sim_test/install/rtklib_msgs/local/lib/python3.10/dist-packages:${PYTHONPATH} /usr/bin/cmake --build /home/zyme/ros_ws/Autoware_sim_test/build/eagleye_geo_pose_fusion -- -j12 -l12
[0.119s] [100%] Built target geo_pose_fusion
[0.131s] Invoked command in '/home/zyme/ros_ws/Autoware_sim_test/build/eagleye_geo_pose_fusion' returned '0': AMENT_PREFIX_PATH=/home/zyme/ros_ws/Autoware_sim_test/install/eagleye_msgs:/home/zyme/ros_ws/Autoware_sim_test/install/rtklib_msgs:${AMENT_PREFIX_PATH} CMAKE_PREFIX_PATH=/home/zyme/ros_ws/Autoware_sim_test/install/eagleye_msgs:/home/zyme/ros_ws/Autoware_sim_test/install/rtklib_msgs:/opt/ros/humble LD_LIBRARY_PATH=/home/zyme/ros_ws/Autoware_sim_test/install/eagleye_msgs/lib:/home/zyme/ros_ws/Autoware_sim_test/install/rtklib_msgs/lib:${LD_LIBRARY_PATH} PYTHONPATH=/home/zyme/ros_ws/Autoware_sim_test/install/eagleye_msgs/local/lib/python3.10/dist-packages:/home/zyme/ros_ws/Autoware_sim_test/install/rtklib_msgs/local/lib/python3.10/dist-packages:${PYTHONPATH} /usr/bin/cmake --build /home/zyme/ros_ws/Autoware_sim_test/build/eagleye_geo_pose_fusion -- -j12 -l12
[0.163s] Invoking command in '/home/zyme/ros_ws/Autoware_sim_test/build/eagleye_geo_pose_fusion': AMENT_PREFIX_PATH=/home/zyme/ros_ws/Autoware_sim_test/install/eagleye_msgs:/home/zyme/ros_ws/Autoware_sim_test/install/rtklib_msgs:${AMENT_PREFIX_PATH} CMAKE_PREFIX_PATH=/home/zyme/ros_ws/Autoware_sim_test/install/eagleye_msgs:/home/zyme/ros_ws/Autoware_sim_test/install/rtklib_msgs:/opt/ros/humble LD_LIBRARY_PATH=/home/zyme/ros_ws/Autoware_sim_test/install/eagleye_msgs/lib:/home/zyme/ros_ws/Autoware_sim_test/install/rtklib_msgs/lib:${LD_LIBRARY_PATH} PYTHONPATH=/home/zyme/ros_ws/Autoware_sim_test/install/eagleye_msgs/local/lib/python3.10/dist-packages:/home/zyme/ros_ws/Autoware_sim_test/install/rtklib_msgs/local/lib/python3.10/dist-packages:${PYTHONPATH} /usr/bin/cmake --install /home/zyme/ros_ws/Autoware_sim_test/build/eagleye_geo_pose_fusion
[0.177s] -- Install configuration: "Release"
[0.178s] -- Execute custom install script
[0.179s] -- Up-to-date symlink: /home/zyme/ros_ws/Autoware_sim_test/install/eagleye_geo_pose_fusion/share/eagleye_geo_pose_fusion/launch/geo_pose_fusion.launch.xml
[0.180s] -- Up-to-date symlink: /home/zyme/ros_ws/Autoware_sim_test/install/eagleye_geo_pose_fusion/lib/eagleye_geo_pose_fusion/geo_pose_fusion
[0.180s] -- Up-to-date symlink: /home/zyme/ros_ws/Autoware_sim_test/install/eagleye_geo_pose_fusion/share/ament_index/resource_index/package_run_dependencies/eagleye_geo_pose_fusion
[0.181s] -- Up-to-date symlink: /home/zyme/ros_ws/Autoware_sim_test/install/eagleye_geo_pose_fusion/share/ament_index/resource_index/parent_prefix_path/eagleye_geo_pose_fusion
[0.181s] -- Up-to-date symlink: /home/zyme/ros_ws/Autoware_sim_test/install/eagleye_geo_pose_fusion/share/eagleye_geo_pose_fusion/environment/ament_prefix_path.sh
[0.181s] -- Up-to-date symlink: /home/zyme/ros_ws/Autoware_sim_test/install/eagleye_geo_pose_fusion/share/eagleye_geo_pose_fusion/environment/ament_prefix_path.dsv
[0.182s] -- Up-to-date symlink: /home/zyme/ros_ws/Autoware_sim_test/install/eagleye_geo_pose_fusion/share/eagleye_geo_pose_fusion/environment/path.sh
[0.182s] -- Up-to-date symlink: /home/zyme/ros_ws/Autoware_sim_test/install/eagleye_geo_pose_fusion/share/eagleye_geo_pose_fusion/environment/path.dsv
[0.182s] -- Up-to-date symlink: /home/zyme/ros_ws/Autoware_sim_test/install/eagleye_geo_pose_fusion/share/eagleye_geo_pose_fusion/local_setup.bash
[0.183s] -- Up-to-date symlink: /home/zyme/ros_ws/Autoware_sim_test/install/eagleye_geo_pose_fusion/share/eagleye_geo_pose_fusion/local_setup.sh
[0.183s] -- Up-to-date symlink: /home/zyme/ros_ws/Autoware_sim_test/install/eagleye_geo_pose_fusion/share/eagleye_geo_pose_fusion/local_setup.zsh
[0.183s] -- Up-to-date symlink: /home/zyme/ros_ws/Autoware_sim_test/install/eagleye_geo_pose_fusion/share/eagleye_geo_pose_fusion/local_setup.dsv
[0.184s] -- Symlinking: /home/zyme/ros_ws/Autoware_sim_test/install/eagleye_geo_pose_fusion/share/eagleye_geo_pose_fusion/package.dsv
[0.192s] -- Up-to-date symlink: /home/zyme/ros_ws/Autoware_sim_test/install/eagleye_geo_pose_fusion/share/ament_index/resource_index/packages/eagleye_geo_pose_fusion
[0.192s] -- Up-to-date symlink: /home/zyme/ros_ws/Autoware_sim_test/install/eagleye_geo_pose_fusion/share/eagleye_geo_pose_fusion/cmake/ament_cmake_export_dependencies-extras.cmake
[0.192s] -- Up-to-date symlink: /home/zyme/ros_ws/Autoware_sim_test/install/eagleye_geo_pose_fusion/share/eagleye_geo_pose_fusion/cmake/eagleye_geo_pose_fusionConfig.cmake
[0.192s] -- Up-to-date symlink: /home/zyme/ros_ws/Autoware_sim_test/install/eagleye_geo_pose_fusion/share/eagleye_geo_pose_fusion/cmake/eagleye_geo_pose_fusionConfig-version.cmake
[0.193s] -- Up-to-date symlink: /home/zyme/ros_ws/Autoware_sim_test/install/eagleye_geo_pose_fusion/share/eagleye_geo_pose_fusion/package.xml
[0.195s] Invoked command in '/home/zyme/ros_ws/Autoware_sim_test/build/eagleye_geo_pose_fusion' returned '0': AMENT_PREFIX_PATH=/home/zyme/ros_ws/Autoware_sim_test/install/eagleye_msgs:/home/zyme/ros_ws/Autoware_sim_test/install/rtklib_msgs:${AMENT_PREFIX_PATH} CMAKE_PREFIX_PATH=/home/zyme/ros_ws/Autoware_sim_test/install/eagleye_msgs:/home/zyme/ros_ws/Autoware_sim_test/install/rtklib_msgs:/opt/ros/humble LD_LIBRARY_PATH=/home/zyme/ros_ws/Autoware_sim_test/install/eagleye_msgs/lib:/home/zyme/ros_ws/Autoware_sim_test/install/rtklib_msgs/lib:${LD_LIBRARY_PATH} PYTHONPATH=/home/zyme/ros_ws/Autoware_sim_test/install/eagleye_msgs/local/lib/python3.10/dist-packages:/home/zyme/ros_ws/Autoware_sim_test/install/rtklib_msgs/local/lib/python3.10/dist-packages:${PYTHONPATH} /usr/bin/cmake --install /home/zyme/ros_ws/Autoware_sim_test/build/eagleye_geo_pose_fusion
