[0.061s] Invoking command in '/home/zyme/ros_ws/Autoware_sim_test/build/topic_state_monitor': AMENT_PREFIX_PATH=/home/zyme/ros_ws/Autoware_sim_test/install/autoware_cmake:/home/zyme/ros_ws/Autoware_sim_test/install/autoware_lint_common:${AMENT_PREFIX_PATH} CMAKE_PREFIX_PATH=/home/zyme/ros_ws/Autoware_sim_test/install/autoware_cmake:/home/zyme/ros_ws/Autoware_sim_test/install/autoware_lint_common:/opt/ros/humble /usr/bin/cmake /home/zyme/ros_ws/Autoware_sim_test/src/autoware/src/universe/autoware.universe/system/topic_state_monitor -DCMAKE_BUILD_TYPE=Release -DCMAKE_CXX_FLAGS=-w -DAMENT_CMAKE_SYMLINK_INSTALL=1 -DCMAKE_INSTALL_PREFIX=/home/zyme/ros_ws/Autoware_sim_test/install/topic_state_monitor
[0.112s] -- The C compiler identification is GNU 11.4.0
[0.168s] -- The CXX compiler identification is GNU 11.4.0
[0.176s] -- Detecting C compiler ABI info
[0.248s] -- Detecting C compiler ABI info - done
[0.256s] -- Check for working C compiler: /usr/bin/cc - skipped
[0.256s] -- Detecting C compile features
[0.256s] -- Detecting C compile features - done
[0.259s] -- Detecting CXX compiler ABI info
[0.343s] -- Detecting CXX compiler ABI info - done
[0.355s] -- Check for working CXX compiler: /usr/bin/c++ - skipped
[0.355s] -- Detecting CXX compile features
[0.356s] -- Detecting CXX compile features - done
[0.357s] -- Found autoware_cmake: 0.1.0 (/home/zyme/ros_ws/Autoware_sim_test/install/autoware_cmake/share/autoware_cmake/cmake)
[0.524s] -- Found Python3: /usr/bin/python3 (found version "3.10.12") found components: Interpreter 
[0.585s] -- Override CMake install command with custom implementation using symlinks instead of copying resources
[0.720s] -- Found rosidl_generator_c: 3.1.5 (/opt/ros/humble/share/rosidl_generator_c/cmake)
[0.725s] -- Found rosidl_adapter: 3.1.5 (/opt/ros/humble/share/rosidl_adapter/cmake)
[0.734s] -- Found rosidl_generator_cpp: 3.1.5 (/opt/ros/humble/share/rosidl_generator_cpp/cmake)
[0.749s] -- Using all available rosidl_typesupport_c: rosidl_typesupport_fastrtps_c;rosidl_typesupport_introspection_c
[0.771s] -- Using all available rosidl_typesupport_cpp: rosidl_typesupport_fastrtps_cpp;rosidl_typesupport_introspection_cpp
[0.984s] -- Found rmw_implementation_cmake: 6.1.1 (/opt/ros/humble/share/rmw_implementation_cmake/cmake)
[0.988s] -- Found rmw_cyclonedds_cpp: 1.3.4 (/opt/ros/humble/share/rmw_cyclonedds_cpp/cmake)
[1.025s] -- Using RMW implementation 'rmw_cyclonedds_cpp' as default
[1.035s] -- Looking for pthread.h
[1.106s] -- Looking for pthread.h - found
[1.106s] -- Performing Test CMAKE_HAVE_LIBC_PTHREAD
[1.177s] -- Performing Test CMAKE_HAVE_LIBC_PTHREAD - Success
[1.178s] -- Found Threads: TRUE  
[1.754s] -- Found ament_lint_auto: 0.12.10 (/opt/ros/humble/share/ament_lint_auto/cmake)
[1.775s] -- Added test 'copyright' to check source files copyright and LICENSE
[1.778s] -- Added test 'cppcheck' to perform static code analysis on C / C++ code
[1.778s] -- Configured cppcheck include dirs: /home/zyme/ros_ws/Autoware_sim_test/src/autoware/src/universe/autoware.universe/system/topic_state_monitor/include
[1.778s] -- Configured cppcheck exclude dirs and/or files: 
[1.779s] -- Added test 'lint_cmake' to check CMake code style
[1.779s] -- Added test 'xmllint' to check XML markup files
[1.783s] -- Configuring done
[1.802s] -- Generating done
[1.805s] -- Build files have been written to: /home/zyme/ros_ws/Autoware_sim_test/build/topic_state_monitor
[1.814s] Invoked command in '/home/zyme/ros_ws/Autoware_sim_test/build/topic_state_monitor' returned '0': AMENT_PREFIX_PATH=/home/zyme/ros_ws/Autoware_sim_test/install/autoware_cmake:/home/zyme/ros_ws/Autoware_sim_test/install/autoware_lint_common:${AMENT_PREFIX_PATH} CMAKE_PREFIX_PATH=/home/zyme/ros_ws/Autoware_sim_test/install/autoware_cmake:/home/zyme/ros_ws/Autoware_sim_test/install/autoware_lint_common:/opt/ros/humble /usr/bin/cmake /home/zyme/ros_ws/Autoware_sim_test/src/autoware/src/universe/autoware.universe/system/topic_state_monitor -DCMAKE_BUILD_TYPE=Release -DCMAKE_CXX_FLAGS=-w -DAMENT_CMAKE_SYMLINK_INSTALL=1 -DCMAKE_INSTALL_PREFIX=/home/zyme/ros_ws/Autoware_sim_test/install/topic_state_monitor
[1.816s] Invoking command in '/home/zyme/ros_ws/Autoware_sim_test/build/topic_state_monitor': AMENT_PREFIX_PATH=/home/zyme/ros_ws/Autoware_sim_test/install/autoware_cmake:/home/zyme/ros_ws/Autoware_sim_test/install/autoware_lint_common:${AMENT_PREFIX_PATH} CMAKE_PREFIX_PATH=/home/zyme/ros_ws/Autoware_sim_test/install/autoware_cmake:/home/zyme/ros_ws/Autoware_sim_test/install/autoware_lint_common:/opt/ros/humble /usr/bin/cmake --build /home/zyme/ros_ws/Autoware_sim_test/build/topic_state_monitor -- -j12 -l12
[1.874s] [ 60%] [32mBuilding CXX object CMakeFiles/topic_state_monitor.dir/src/topic_state_monitor/topic_state_monitor.cpp.o[0m
[1.874s] [ 60%] [32mBuilding CXX object CMakeFiles/topic_state_monitor_node.dir/rclcpp_components/node_main_topic_state_monitor_node.cpp.o[0m
[1.874s] [ 60%] [32mBuilding CXX object CMakeFiles/topic_state_monitor.dir/src/topic_state_monitor_core.cpp.o[0m
[6.680s] [ 80%] [32m[1mLinking CXX executable topic_state_monitor_node[0m
[6.819s] [ 80%] Built target topic_state_monitor_node
[17.971s] [100%] [32m[1mLinking CXX shared library libtopic_state_monitor.so[0m
[18.160s] [100%] Built target topic_state_monitor
[18.173s] Invoked command in '/home/zyme/ros_ws/Autoware_sim_test/build/topic_state_monitor' returned '0': AMENT_PREFIX_PATH=/home/zyme/ros_ws/Autoware_sim_test/install/autoware_cmake:/home/zyme/ros_ws/Autoware_sim_test/install/autoware_lint_common:${AMENT_PREFIX_PATH} CMAKE_PREFIX_PATH=/home/zyme/ros_ws/Autoware_sim_test/install/autoware_cmake:/home/zyme/ros_ws/Autoware_sim_test/install/autoware_lint_common:/opt/ros/humble /usr/bin/cmake --build /home/zyme/ros_ws/Autoware_sim_test/build/topic_state_monitor -- -j12 -l12
[18.208s] Invoking command in '/home/zyme/ros_ws/Autoware_sim_test/build/topic_state_monitor': AMENT_PREFIX_PATH=/home/zyme/ros_ws/Autoware_sim_test/install/autoware_cmake:/home/zyme/ros_ws/Autoware_sim_test/install/autoware_lint_common:${AMENT_PREFIX_PATH} CMAKE_PREFIX_PATH=/home/zyme/ros_ws/Autoware_sim_test/install/autoware_cmake:/home/zyme/ros_ws/Autoware_sim_test/install/autoware_lint_common:/opt/ros/humble /usr/bin/cmake --install /home/zyme/ros_ws/Autoware_sim_test/build/topic_state_monitor
[18.218s] -- Install configuration: "Release"
[18.219s] -- Execute custom install script
[18.219s] -- Symlinking: /home/zyme/ros_ws/Autoware_sim_test/install/topic_state_monitor/lib/topic_state_monitor/topic_state_monitor_node
[18.229s] -- Symlinking: /home/zyme/ros_ws/Autoware_sim_test/install/topic_state_monitor/include/topic_state_monitor/topic_state_monitor.hpp
[18.239s] -- Symlinking: /home/zyme/ros_ws/Autoware_sim_test/install/topic_state_monitor/include/topic_state_monitor/topic_state_monitor_core.hpp
[18.251s] -- Symlinking: /home/zyme/ros_ws/Autoware_sim_test/install/topic_state_monitor/share/topic_state_monitor/environment/library_path.sh
[18.260s] -- Symlinking: /home/zyme/ros_ws/Autoware_sim_test/install/topic_state_monitor/share/topic_state_monitor/environment/library_path.dsv
[18.272s] -- Symlinking: /home/zyme/ros_ws/Autoware_sim_test/install/topic_state_monitor/lib/libtopic_state_monitor.so
[18.283s] -- Symlinking: /home/zyme/ros_ws/Autoware_sim_test/install/topic_state_monitor/share/topic_state_monitor/launch/topic_state_monitor.launch.xml
[18.293s] -- Symlinking: /home/zyme/ros_ws/Autoware_sim_test/install/topic_state_monitor/share/topic_state_monitor/launch/topic_state_monitor_tf.launch.xml
[18.304s] -- Symlinking: /home/zyme/ros_ws/Autoware_sim_test/install/topic_state_monitor/share/ament_index/resource_index/package_run_dependencies/topic_state_monitor
[18.315s] -- Symlinking: /home/zyme/ros_ws/Autoware_sim_test/install/topic_state_monitor/share/ament_index/resource_index/parent_prefix_path/topic_state_monitor
[18.325s] -- Symlinking: /home/zyme/ros_ws/Autoware_sim_test/install/topic_state_monitor/share/topic_state_monitor/environment/ament_prefix_path.sh
[18.336s] -- Symlinking: /home/zyme/ros_ws/Autoware_sim_test/install/topic_state_monitor/share/topic_state_monitor/environment/ament_prefix_path.dsv
[18.345s] -- Symlinking: /home/zyme/ros_ws/Autoware_sim_test/install/topic_state_monitor/share/topic_state_monitor/environment/path.sh
[18.356s] -- Symlinking: /home/zyme/ros_ws/Autoware_sim_test/install/topic_state_monitor/share/topic_state_monitor/environment/path.dsv
[18.367s] -- Symlinking: /home/zyme/ros_ws/Autoware_sim_test/install/topic_state_monitor/share/topic_state_monitor/local_setup.bash
[18.376s] -- Symlinking: /home/zyme/ros_ws/Autoware_sim_test/install/topic_state_monitor/share/topic_state_monitor/local_setup.sh
[18.387s] -- Symlinking: /home/zyme/ros_ws/Autoware_sim_test/install/topic_state_monitor/share/topic_state_monitor/local_setup.zsh
[18.397s] -- Symlinking: /home/zyme/ros_ws/Autoware_sim_test/install/topic_state_monitor/share/topic_state_monitor/local_setup.dsv
[18.408s] -- Symlinking: /home/zyme/ros_ws/Autoware_sim_test/install/topic_state_monitor/share/topic_state_monitor/package.dsv
[18.418s] -- Symlinking: /home/zyme/ros_ws/Autoware_sim_test/install/topic_state_monitor/share/ament_index/resource_index/packages/topic_state_monitor
[18.429s] -- Symlinking: /home/zyme/ros_ws/Autoware_sim_test/install/topic_state_monitor/share/ament_index/resource_index/rclcpp_components/topic_state_monitor
[18.439s] -- Symlinking: /home/zyme/ros_ws/Autoware_sim_test/install/topic_state_monitor/share/topic_state_monitor/cmake/ament_cmake_export_dependencies-extras.cmake
[18.450s] -- Symlinking: /home/zyme/ros_ws/Autoware_sim_test/install/topic_state_monitor/share/topic_state_monitor/cmake/ament_cmake_export_include_directories-extras.cmake
[18.459s] -- Symlinking: /home/zyme/ros_ws/Autoware_sim_test/install/topic_state_monitor/share/topic_state_monitor/cmake/ament_cmake_export_libraries-extras.cmake
[18.471s] -- Symlinking: /home/zyme/ros_ws/Autoware_sim_test/install/topic_state_monitor/share/topic_state_monitor/cmake/topic_state_monitorConfig.cmake
[18.482s] -- Symlinking: /home/zyme/ros_ws/Autoware_sim_test/install/topic_state_monitor/share/topic_state_monitor/cmake/topic_state_monitorConfig-version.cmake
[18.492s] -- Symlinking: /home/zyme/ros_ws/Autoware_sim_test/install/topic_state_monitor/share/topic_state_monitor/package.xml
[18.505s] Invoked command in '/home/zyme/ros_ws/Autoware_sim_test/build/topic_state_monitor' returned '0': AMENT_PREFIX_PATH=/home/zyme/ros_ws/Autoware_sim_test/install/autoware_cmake:/home/zyme/ros_ws/Autoware_sim_test/install/autoware_lint_common:${AMENT_PREFIX_PATH} CMAKE_PREFIX_PATH=/home/zyme/ros_ws/Autoware_sim_test/install/autoware_cmake:/home/zyme/ros_ws/Autoware_sim_test/install/autoware_lint_common:/opt/ros/humble /usr/bin/cmake --install /home/zyme/ros_ws/Autoware_sim_test/build/topic_state_monitor
