[0.055s] Invoking command in '/home/zyme/ros_ws/Autoware_sim_test/build/robosense_msgs': CMAKE_PREFIX_PATH=/opt/ros/humble /usr/bin/cmake --build /home/zyme/ros_ws/Autoware_sim_test/build/robosense_msgs -- -j12 -l12
[0.108s] [  2%] Built target robosense_msgs__cpp
[0.110s] [ 12%] Built target robosense_msgs__rosidl_generator_c
[0.118s] [ 12%] Built target ament_cmake_python_symlink_robosense_msgs
[0.140s] [ 34%] Built target robosense_msgs__rosidl_typesupport_c
[0.140s] [ 34%] Built target robosense_msgs__rosidl_typesupport_introspection_c
[0.141s] [ 44%] Built target robosense_msgs__rosidl_typesupport_introspection_cpp
[0.142s] [ 55%] Built target robosense_msgs__rosidl_typesupport_cpp
[0.144s] [ 65%] Built target robosense_msgs__rosidl_typesupport_fastrtps_c
[0.145s] [ 76%] Built target robosense_msgs__rosidl_typesupport_fastrtps_cpp
[0.166s] [ 76%] Built target robosense_msgs
[0.187s] [ 78%] Built target robosense_msgs__py
[0.210s] [ 87%] Built target robosense_msgs__rosidl_generator_py
[0.234s] [100%] Built target robosense_msgs__rosidl_typesupport_introspection_c__pyext
[0.235s] [100%] Built target robosense_msgs__rosidl_typesupport_fastrtps_c__pyext
[0.235s] [100%] Built target robosense_msgs__rosidl_typesupport_c__pyext
[0.375s] running egg_info
[0.376s] writing robosense_msgs.egg-info/PKG-INFO
[0.376s] writing dependency_links to robosense_msgs.egg-info/dependency_links.txt
[0.376s] writing top-level names to robosense_msgs.egg-info/top_level.txt
[0.378s] reading manifest file 'robosense_msgs.egg-info/SOURCES.txt'
[0.379s] writing manifest file 'robosense_msgs.egg-info/SOURCES.txt'
[0.401s] [100%] Built target ament_cmake_python_build_robosense_msgs_egg
[0.412s] Invoked command in '/home/zyme/ros_ws/Autoware_sim_test/build/robosense_msgs' returned '0': CMAKE_PREFIX_PATH=/opt/ros/humble /usr/bin/cmake --build /home/zyme/ros_ws/Autoware_sim_test/build/robosense_msgs -- -j12 -l12
[0.509s] Invoking command in '/home/zyme/ros_ws/Autoware_sim_test/build/robosense_msgs': CMAKE_PREFIX_PATH=/opt/ros/humble /usr/bin/cmake --install /home/zyme/ros_ws/Autoware_sim_test/build/robosense_msgs
[0.516s] -- Install configuration: "Release"
[0.517s] -- Execute custom install script
[0.518s] -- Up-to-date symlink: /home/zyme/ros_ws/Autoware_sim_test/install/robosense_msgs/share/ament_index/resource_index/rosidl_interfaces/robosense_msgs
[0.519s] -- Up-to-date symlink: /home/zyme/ros_ws/Autoware_sim_test/install/robosense_msgs/include/robosense_msgs/robosense_msgs/msg/detail/robosense_info_packet__functions.h
[0.520s] -- Up-to-date symlink: /home/zyme/ros_ws/Autoware_sim_test/install/robosense_msgs/include/robosense_msgs/robosense_msgs/msg/detail/robosense_info_packet__struct.h
[0.520s] -- Up-to-date symlink: /home/zyme/ros_ws/Autoware_sim_test/install/robosense_msgs/include/robosense_msgs/robosense_msgs/msg/detail/robosense_info_packet__type_support.h
[0.520s] -- Up-to-date symlink: /home/zyme/ros_ws/Autoware_sim_test/install/robosense_msgs/include/robosense_msgs/robosense_msgs/msg/detail/robosense_packet__functions.h
[0.520s] -- Up-to-date symlink: /home/zyme/ros_ws/Autoware_sim_test/install/robosense_msgs/include/robosense_msgs/robosense_msgs/msg/detail/robosense_packet__struct.h
[0.521s] -- Up-to-date symlink: /home/zyme/ros_ws/Autoware_sim_test/install/robosense_msgs/include/robosense_msgs/robosense_msgs/msg/detail/robosense_packet__type_support.h
[0.521s] -- Up-to-date symlink: /home/zyme/ros_ws/Autoware_sim_test/install/robosense_msgs/include/robosense_msgs/robosense_msgs/msg/detail/robosense_scan__functions.h
[0.521s] -- Up-to-date symlink: /home/zyme/ros_ws/Autoware_sim_test/install/robosense_msgs/include/robosense_msgs/robosense_msgs/msg/detail/robosense_scan__struct.h
[0.521s] -- Up-to-date symlink: /home/zyme/ros_ws/Autoware_sim_test/install/robosense_msgs/include/robosense_msgs/robosense_msgs/msg/detail/robosense_scan__type_support.h
[0.522s] -- Up-to-date symlink: /home/zyme/ros_ws/Autoware_sim_test/install/robosense_msgs/include/robosense_msgs/robosense_msgs/msg/robosense_info_packet.h
[0.522s] -- Up-to-date symlink: /home/zyme/ros_ws/Autoware_sim_test/install/robosense_msgs/include/robosense_msgs/robosense_msgs/msg/robosense_packet.h
[0.522s] -- Up-to-date symlink: /home/zyme/ros_ws/Autoware_sim_test/install/robosense_msgs/include/robosense_msgs/robosense_msgs/msg/robosense_scan.h
[0.522s] -- Up-to-date symlink: /home/zyme/ros_ws/Autoware_sim_test/install/robosense_msgs/include/robosense_msgs/robosense_msgs/msg/rosidl_generator_c__visibility_control.h
[0.523s] -- Up-to-date symlink: /home/zyme/ros_ws/Autoware_sim_test/install/robosense_msgs/share/robosense_msgs/environment/library_path.sh
[0.523s] -- Up-to-date symlink: /home/zyme/ros_ws/Autoware_sim_test/install/robosense_msgs/share/robosense_msgs/environment/library_path.dsv
[0.523s] -- Up-to-date symlink: /home/zyme/ros_ws/Autoware_sim_test/install/robosense_msgs/include/robosense_msgs/robosense_msgs/msg/detail/robosense_info_packet__rosidl_typesupport_fastrtps_c.h
[0.524s] -- Up-to-date symlink: /home/zyme/ros_ws/Autoware_sim_test/install/robosense_msgs/include/robosense_msgs/robosense_msgs/msg/detail/robosense_packet__rosidl_typesupport_fastrtps_c.h
[0.524s] -- Up-to-date symlink: /home/zyme/ros_ws/Autoware_sim_test/install/robosense_msgs/include/robosense_msgs/robosense_msgs/msg/detail/robosense_scan__rosidl_typesupport_fastrtps_c.h
[0.524s] -- Up-to-date symlink: /home/zyme/ros_ws/Autoware_sim_test/install/robosense_msgs/include/robosense_msgs/robosense_msgs/msg/rosidl_typesupport_fastrtps_c__visibility_control.h
[0.524s] -- Up-to-date symlink: /home/zyme/ros_ws/Autoware_sim_test/install/robosense_msgs/include/robosense_msgs/robosense_msgs/msg/detail/robosense_info_packet__builder.hpp
[0.524s] -- Up-to-date symlink: /home/zyme/ros_ws/Autoware_sim_test/install/robosense_msgs/include/robosense_msgs/robosense_msgs/msg/detail/robosense_info_packet__struct.hpp
[0.525s] -- Up-to-date symlink: /home/zyme/ros_ws/Autoware_sim_test/install/robosense_msgs/include/robosense_msgs/robosense_msgs/msg/detail/robosense_info_packet__traits.hpp
[0.525s] -- Up-to-date symlink: /home/zyme/ros_ws/Autoware_sim_test/install/robosense_msgs/include/robosense_msgs/robosense_msgs/msg/detail/robosense_packet__builder.hpp
[0.525s] -- Up-to-date symlink: /home/zyme/ros_ws/Autoware_sim_test/install/robosense_msgs/include/robosense_msgs/robosense_msgs/msg/detail/robosense_packet__struct.hpp
[0.525s] -- Up-to-date symlink: /home/zyme/ros_ws/Autoware_sim_test/install/robosense_msgs/include/robosense_msgs/robosense_msgs/msg/detail/robosense_packet__traits.hpp
[0.525s] -- Up-to-date symlink: /home/zyme/ros_ws/Autoware_sim_test/install/robosense_msgs/include/robosense_msgs/robosense_msgs/msg/detail/robosense_scan__builder.hpp
[0.525s] -- Up-to-date symlink: /home/zyme/ros_ws/Autoware_sim_test/install/robosense_msgs/include/robosense_msgs/robosense_msgs/msg/detail/robosense_scan__struct.hpp
[0.526s] -- Up-to-date symlink: /home/zyme/ros_ws/Autoware_sim_test/install/robosense_msgs/include/robosense_msgs/robosense_msgs/msg/detail/robosense_scan__traits.hpp
[0.526s] -- Up-to-date symlink: /home/zyme/ros_ws/Autoware_sim_test/install/robosense_msgs/include/robosense_msgs/robosense_msgs/msg/robosense_info_packet.hpp
[0.526s] -- Up-to-date symlink: /home/zyme/ros_ws/Autoware_sim_test/install/robosense_msgs/include/robosense_msgs/robosense_msgs/msg/robosense_packet.hpp
[0.526s] -- Up-to-date symlink: /home/zyme/ros_ws/Autoware_sim_test/install/robosense_msgs/include/robosense_msgs/robosense_msgs/msg/robosense_scan.hpp
[0.527s] -- Up-to-date symlink: /home/zyme/ros_ws/Autoware_sim_test/install/robosense_msgs/include/robosense_msgs/robosense_msgs/msg/detail/robosense_info_packet__rosidl_typesupport_fastrtps_cpp.hpp
[0.527s] -- Up-to-date symlink: /home/zyme/ros_ws/Autoware_sim_test/install/robosense_msgs/include/robosense_msgs/robosense_msgs/msg/detail/robosense_packet__rosidl_typesupport_fastrtps_cpp.hpp
[0.527s] -- Up-to-date symlink: /home/zyme/ros_ws/Autoware_sim_test/install/robosense_msgs/include/robosense_msgs/robosense_msgs/msg/detail/robosense_scan__rosidl_typesupport_fastrtps_cpp.hpp
[0.527s] -- Up-to-date symlink: /home/zyme/ros_ws/Autoware_sim_test/install/robosense_msgs/include/robosense_msgs/robosense_msgs/msg/rosidl_typesupport_fastrtps_cpp__visibility_control.h
[0.528s] -- Up-to-date symlink: /home/zyme/ros_ws/Autoware_sim_test/install/robosense_msgs/include/robosense_msgs/robosense_msgs/msg/detail/robosense_info_packet__rosidl_typesupport_introspection_c.h
[0.528s] -- Up-to-date symlink: /home/zyme/ros_ws/Autoware_sim_test/install/robosense_msgs/include/robosense_msgs/robosense_msgs/msg/detail/robosense_packet__rosidl_typesupport_introspection_c.h
[0.528s] -- Up-to-date symlink: /home/zyme/ros_ws/Autoware_sim_test/install/robosense_msgs/include/robosense_msgs/robosense_msgs/msg/detail/robosense_scan__rosidl_typesupport_introspection_c.h
[0.529s] -- Up-to-date symlink: /home/zyme/ros_ws/Autoware_sim_test/install/robosense_msgs/include/robosense_msgs/robosense_msgs/msg/rosidl_typesupport_introspection_c__visibility_control.h
[0.529s] -- Up-to-date symlink: /home/zyme/ros_ws/Autoware_sim_test/install/robosense_msgs/include/robosense_msgs/robosense_msgs/msg/detail/robosense_info_packet__rosidl_typesupport_introspection_cpp.hpp
[0.529s] -- Up-to-date symlink: /home/zyme/ros_ws/Autoware_sim_test/install/robosense_msgs/include/robosense_msgs/robosense_msgs/msg/detail/robosense_packet__rosidl_typesupport_introspection_cpp.hpp
[0.529s] -- Up-to-date symlink: /home/zyme/ros_ws/Autoware_sim_test/install/robosense_msgs/include/robosense_msgs/robosense_msgs/msg/detail/robosense_scan__rosidl_typesupport_introspection_cpp.hpp
[0.530s] -- Up-to-date symlink: /home/zyme/ros_ws/Autoware_sim_test/install/robosense_msgs/share/robosense_msgs/environment/pythonpath.sh
[0.530s] -- Up-to-date symlink: /home/zyme/ros_ws/Autoware_sim_test/install/robosense_msgs/share/robosense_msgs/environment/pythonpath.dsv
[0.530s] -- Up-to-date symlink: /home/zyme/ros_ws/Autoware_sim_test/install/robosense_msgs/local/lib/python3.10/dist-packages/robosense_msgs-0.0.0-py3.10.egg-info/PKG-INFO
[0.530s] -- Up-to-date symlink: /home/zyme/ros_ws/Autoware_sim_test/install/robosense_msgs/local/lib/python3.10/dist-packages/robosense_msgs-0.0.0-py3.10.egg-info/SOURCES.txt
[0.531s] -- Up-to-date symlink: /home/zyme/ros_ws/Autoware_sim_test/install/robosense_msgs/local/lib/python3.10/dist-packages/robosense_msgs-0.0.0-py3.10.egg-info/dependency_links.txt
[0.531s] -- Up-to-date symlink: /home/zyme/ros_ws/Autoware_sim_test/install/robosense_msgs/local/lib/python3.10/dist-packages/robosense_msgs-0.0.0-py3.10.egg-info/top_level.txt
[0.531s] -- Up-to-date symlink: /home/zyme/ros_ws/Autoware_sim_test/install/robosense_msgs/local/lib/python3.10/dist-packages/robosense_msgs/__init__.py
[0.532s] -- Up-to-date symlink: /home/zyme/ros_ws/Autoware_sim_test/install/robosense_msgs/local/lib/python3.10/dist-packages/robosense_msgs/_robosense_msgs_s.ep.rosidl_typesupport_c.c
[0.532s] -- Up-to-date symlink: /home/zyme/ros_ws/Autoware_sim_test/install/robosense_msgs/local/lib/python3.10/dist-packages/robosense_msgs/_robosense_msgs_s.ep.rosidl_typesupport_fastrtps_c.c
[0.532s] -- Up-to-date symlink: /home/zyme/ros_ws/Autoware_sim_test/install/robosense_msgs/local/lib/python3.10/dist-packages/robosense_msgs/_robosense_msgs_s.ep.rosidl_typesupport_introspection_c.c
[0.532s] -- Up-to-date symlink: /home/zyme/ros_ws/Autoware_sim_test/install/robosense_msgs/local/lib/python3.10/dist-packages/robosense_msgs/librobosense_msgs__rosidl_generator_py.so
[0.532s] -- Up-to-date symlink: /home/zyme/ros_ws/Autoware_sim_test/install/robosense_msgs/local/lib/python3.10/dist-packages/robosense_msgs/msg/__init__.py
[0.533s] -- Up-to-date symlink: /home/zyme/ros_ws/Autoware_sim_test/install/robosense_msgs/local/lib/python3.10/dist-packages/robosense_msgs/msg/_robosense_info_packet.py
[0.533s] -- Up-to-date symlink: /home/zyme/ros_ws/Autoware_sim_test/install/robosense_msgs/local/lib/python3.10/dist-packages/robosense_msgs/msg/_robosense_info_packet_s.c
[0.533s] -- Up-to-date symlink: /home/zyme/ros_ws/Autoware_sim_test/install/robosense_msgs/local/lib/python3.10/dist-packages/robosense_msgs/msg/_robosense_packet.py
[0.533s] -- Up-to-date symlink: /home/zyme/ros_ws/Autoware_sim_test/install/robosense_msgs/local/lib/python3.10/dist-packages/robosense_msgs/msg/_robosense_packet_s.c
[0.533s] -- Up-to-date symlink: /home/zyme/ros_ws/Autoware_sim_test/install/robosense_msgs/local/lib/python3.10/dist-packages/robosense_msgs/msg/_robosense_scan.py
[0.534s] -- Up-to-date symlink: /home/zyme/ros_ws/Autoware_sim_test/install/robosense_msgs/local/lib/python3.10/dist-packages/robosense_msgs/msg/_robosense_scan_s.c
[0.534s] -- Up-to-date symlink: /home/zyme/ros_ws/Autoware_sim_test/install/robosense_msgs/local/lib/python3.10/dist-packages/robosense_msgs/robosense_msgs_s__rosidl_typesupport_c.cpython-310-x86_64-linux-gnu.so
[0.534s] -- Up-to-date symlink: /home/zyme/ros_ws/Autoware_sim_test/install/robosense_msgs/local/lib/python3.10/dist-packages/robosense_msgs/robosense_msgs_s__rosidl_typesupport_fastrtps_c.cpython-310-x86_64-linux-gnu.so
[0.534s] -- Up-to-date symlink: /home/zyme/ros_ws/Autoware_sim_test/install/robosense_msgs/local/lib/python3.10/dist-packages/robosense_msgs/robosense_msgs_s__rosidl_typesupport_introspection_c.cpython-310-x86_64-linux-gnu.so
[0.535s] -- Up-to-date symlink: /home/zyme/ros_ws/Autoware_sim_test/install/robosense_msgs/local/lib/python3.10/dist-packages/robosense_msgs/robosense_msgs_s__rosidl_typesupport_fastrtps_c.cpython-310-x86_64-linux-gnu.so
[0.535s] -- Up-to-date symlink: /home/zyme/ros_ws/Autoware_sim_test/install/robosense_msgs/local/lib/python3.10/dist-packages/robosense_msgs/robosense_msgs_s__rosidl_typesupport_introspection_c.cpython-310-x86_64-linux-gnu.so
[0.535s] -- Up-to-date symlink: /home/zyme/ros_ws/Autoware_sim_test/install/robosense_msgs/local/lib/python3.10/dist-packages/robosense_msgs/robosense_msgs_s__rosidl_typesupport_c.cpython-310-x86_64-linux-gnu.so
[0.536s] -- Up-to-date symlink: /home/zyme/ros_ws/Autoware_sim_test/install/robosense_msgs/share/robosense_msgs/msg/RobosensePacket.idl
[0.536s] -- Up-to-date symlink: /home/zyme/ros_ws/Autoware_sim_test/install/robosense_msgs/share/robosense_msgs/msg/RobosenseInfoPacket.idl
[0.536s] -- Up-to-date symlink: /home/zyme/ros_ws/Autoware_sim_test/install/robosense_msgs/share/robosense_msgs/msg/RobosenseScan.idl
[0.536s] -- Up-to-date symlink: /home/zyme/ros_ws/Autoware_sim_test/install/robosense_msgs/share/robosense_msgs/msg/RobosensePacket.msg
[0.537s] -- Up-to-date symlink: /home/zyme/ros_ws/Autoware_sim_test/install/robosense_msgs/share/robosense_msgs/msg/RobosenseInfoPacket.msg
[0.537s] -- Up-to-date symlink: /home/zyme/ros_ws/Autoware_sim_test/install/robosense_msgs/share/robosense_msgs/msg/RobosenseScan.msg
[0.537s] -- Up-to-date symlink: /home/zyme/ros_ws/Autoware_sim_test/install/robosense_msgs/share/ament_index/resource_index/package_run_dependencies/robosense_msgs
[0.537s] -- Up-to-date symlink: /home/zyme/ros_ws/Autoware_sim_test/install/robosense_msgs/share/ament_index/resource_index/parent_prefix_path/robosense_msgs
[0.538s] -- Up-to-date symlink: /home/zyme/ros_ws/Autoware_sim_test/install/robosense_msgs/share/robosense_msgs/environment/ament_prefix_path.sh
[0.538s] -- Up-to-date symlink: /home/zyme/ros_ws/Autoware_sim_test/install/robosense_msgs/share/robosense_msgs/environment/ament_prefix_path.dsv
[0.538s] -- Up-to-date symlink: /home/zyme/ros_ws/Autoware_sim_test/install/robosense_msgs/share/robosense_msgs/environment/path.sh
[0.538s] -- Up-to-date symlink: /home/zyme/ros_ws/Autoware_sim_test/install/robosense_msgs/share/robosense_msgs/environment/path.dsv
[0.539s] -- Up-to-date symlink: /home/zyme/ros_ws/Autoware_sim_test/install/robosense_msgs/share/robosense_msgs/local_setup.bash
[0.539s] -- Up-to-date symlink: /home/zyme/ros_ws/Autoware_sim_test/install/robosense_msgs/share/robosense_msgs/local_setup.sh
[0.539s] -- Up-to-date symlink: /home/zyme/ros_ws/Autoware_sim_test/install/robosense_msgs/share/robosense_msgs/local_setup.zsh
[0.539s] -- Up-to-date symlink: /home/zyme/ros_ws/Autoware_sim_test/install/robosense_msgs/share/robosense_msgs/local_setup.dsv
[0.540s] -- Symlinking: /home/zyme/ros_ws/Autoware_sim_test/install/robosense_msgs/share/robosense_msgs/package.dsv
[0.548s] -- Up-to-date symlink: /home/zyme/ros_ws/Autoware_sim_test/install/robosense_msgs/share/ament_index/resource_index/packages/robosense_msgs
[0.548s] -- Up-to-date symlink: /home/zyme/ros_ws/Autoware_sim_test/install/robosense_msgs/share/robosense_msgs/cmake/rosidl_cmake-extras.cmake
[0.548s] -- Up-to-date symlink: /home/zyme/ros_ws/Autoware_sim_test/install/robosense_msgs/share/robosense_msgs/cmake/ament_cmake_export_dependencies-extras.cmake
[0.549s] -- Up-to-date symlink: /home/zyme/ros_ws/Autoware_sim_test/install/robosense_msgs/share/robosense_msgs/cmake/ament_cmake_export_include_directories-extras.cmake
[0.549s] -- Up-to-date symlink: /home/zyme/ros_ws/Autoware_sim_test/install/robosense_msgs/share/robosense_msgs/cmake/ament_cmake_export_libraries-extras.cmake
[0.549s] -- Up-to-date symlink: /home/zyme/ros_ws/Autoware_sim_test/install/robosense_msgs/share/robosense_msgs/cmake/ament_cmake_export_targets-extras.cmake
[0.549s] -- Up-to-date symlink: /home/zyme/ros_ws/Autoware_sim_test/install/robosense_msgs/share/robosense_msgs/cmake/rosidl_cmake_export_typesupport_targets-extras.cmake
[0.549s] -- Up-to-date symlink: /home/zyme/ros_ws/Autoware_sim_test/install/robosense_msgs/share/robosense_msgs/cmake/rosidl_cmake_export_typesupport_libraries-extras.cmake
[0.550s] -- Up-to-date symlink: /home/zyme/ros_ws/Autoware_sim_test/install/robosense_msgs/share/robosense_msgs/cmake/robosense_msgsConfig.cmake
[0.550s] -- Up-to-date symlink: /home/zyme/ros_ws/Autoware_sim_test/install/robosense_msgs/share/robosense_msgs/cmake/robosense_msgsConfig-version.cmake
[0.550s] -- Up-to-date symlink: /home/zyme/ros_ws/Autoware_sim_test/install/robosense_msgs/share/robosense_msgs/package.xml
[0.551s] -- Up-to-date: /home/zyme/ros_ws/Autoware_sim_test/install/robosense_msgs/lib/librobosense_msgs__rosidl_generator_c.so
[0.552s] -- Up-to-date: /home/zyme/ros_ws/Autoware_sim_test/install/robosense_msgs/lib/librobosense_msgs__rosidl_typesupport_fastrtps_c.so
[0.552s] -- Up-to-date: /home/zyme/ros_ws/Autoware_sim_test/install/robosense_msgs/lib/librobosense_msgs__rosidl_typesupport_fastrtps_cpp.so
[0.553s] -- Up-to-date: /home/zyme/ros_ws/Autoware_sim_test/install/robosense_msgs/lib/librobosense_msgs__rosidl_typesupport_introspection_c.so
[0.554s] -- Up-to-date: /home/zyme/ros_ws/Autoware_sim_test/install/robosense_msgs/lib/librobosense_msgs__rosidl_typesupport_c.so
[0.554s] -- Up-to-date: /home/zyme/ros_ws/Autoware_sim_test/install/robosense_msgs/lib/librobosense_msgs__rosidl_typesupport_introspection_cpp.so
[0.555s] -- Up-to-date: /home/zyme/ros_ws/Autoware_sim_test/install/robosense_msgs/lib/librobosense_msgs__rosidl_typesupport_cpp.so
[0.583s] Listing '/home/zyme/ros_ws/Autoware_sim_test/install/robosense_msgs/local/lib/python3.10/dist-packages/robosense_msgs'...
[0.583s] Listing '/home/zyme/ros_ws/Autoware_sim_test/install/robosense_msgs/local/lib/python3.10/dist-packages/robosense_msgs/msg'...
[0.587s] -- Up-to-date: /home/zyme/ros_ws/Autoware_sim_test/install/robosense_msgs/lib/librobosense_msgs__rosidl_generator_py.so
[0.588s] -- Up-to-date: /home/zyme/ros_ws/Autoware_sim_test/install/robosense_msgs/share/robosense_msgs/cmake/export_robosense_msgs__rosidl_generator_cExport.cmake
[0.588s] -- Up-to-date: /home/zyme/ros_ws/Autoware_sim_test/install/robosense_msgs/share/robosense_msgs/cmake/export_robosense_msgs__rosidl_generator_cExport-release.cmake
[0.589s] -- Up-to-date: /home/zyme/ros_ws/Autoware_sim_test/install/robosense_msgs/share/robosense_msgs/cmake/export_robosense_msgs__rosidl_typesupport_fastrtps_cExport.cmake
[0.589s] -- Up-to-date: /home/zyme/ros_ws/Autoware_sim_test/install/robosense_msgs/share/robosense_msgs/cmake/export_robosense_msgs__rosidl_typesupport_fastrtps_cExport-release.cmake
[0.589s] -- Up-to-date: /home/zyme/ros_ws/Autoware_sim_test/install/robosense_msgs/share/robosense_msgs/cmake/export_robosense_msgs__rosidl_generator_cppExport.cmake
[0.589s] -- Up-to-date: /home/zyme/ros_ws/Autoware_sim_test/install/robosense_msgs/share/robosense_msgs/cmake/export_robosense_msgs__rosidl_typesupport_fastrtps_cppExport.cmake
[0.589s] -- Up-to-date: /home/zyme/ros_ws/Autoware_sim_test/install/robosense_msgs/share/robosense_msgs/cmake/export_robosense_msgs__rosidl_typesupport_fastrtps_cppExport-release.cmake
[0.590s] -- Up-to-date: /home/zyme/ros_ws/Autoware_sim_test/install/robosense_msgs/share/robosense_msgs/cmake/robosense_msgs__rosidl_typesupport_introspection_cExport.cmake
[0.590s] -- Up-to-date: /home/zyme/ros_ws/Autoware_sim_test/install/robosense_msgs/share/robosense_msgs/cmake/robosense_msgs__rosidl_typesupport_introspection_cExport-release.cmake
[0.590s] -- Up-to-date: /home/zyme/ros_ws/Autoware_sim_test/install/robosense_msgs/share/robosense_msgs/cmake/robosense_msgs__rosidl_typesupport_cExport.cmake
[0.590s] -- Up-to-date: /home/zyme/ros_ws/Autoware_sim_test/install/robosense_msgs/share/robosense_msgs/cmake/robosense_msgs__rosidl_typesupport_cExport-release.cmake
[0.590s] -- Up-to-date: /home/zyme/ros_ws/Autoware_sim_test/install/robosense_msgs/share/robosense_msgs/cmake/robosense_msgs__rosidl_typesupport_introspection_cppExport.cmake
[0.590s] -- Up-to-date: /home/zyme/ros_ws/Autoware_sim_test/install/robosense_msgs/share/robosense_msgs/cmake/robosense_msgs__rosidl_typesupport_introspection_cppExport-release.cmake
[0.590s] -- Up-to-date: /home/zyme/ros_ws/Autoware_sim_test/install/robosense_msgs/share/robosense_msgs/cmake/robosense_msgs__rosidl_typesupport_cppExport.cmake
[0.591s] -- Up-to-date: /home/zyme/ros_ws/Autoware_sim_test/install/robosense_msgs/share/robosense_msgs/cmake/robosense_msgs__rosidl_typesupport_cppExport-release.cmake
[0.591s] -- Up-to-date: /home/zyme/ros_ws/Autoware_sim_test/install/robosense_msgs/share/robosense_msgs/cmake/export_robosense_msgs__rosidl_generator_pyExport.cmake
[0.591s] -- Up-to-date: /home/zyme/ros_ws/Autoware_sim_test/install/robosense_msgs/share/robosense_msgs/cmake/export_robosense_msgs__rosidl_generator_pyExport-release.cmake
[0.593s] Invoked command in '/home/zyme/ros_ws/Autoware_sim_test/build/robosense_msgs' returned '0': CMAKE_PREFIX_PATH=/opt/ros/humble /usr/bin/cmake --install /home/zyme/ros_ws/Autoware_sim_test/build/robosense_msgs
