[0.801s] Invoking command in '/home/zyme/ros_ws/Autoware_sim_test/build/autoware_ad_api_specs': AMENT_PREFIX_PATH=/home/zyme/ros_ws/Autoware_sim_test/install/autoware_cmake:/home/zyme/ros_ws/Autoware_sim_test/install/autoware_lint_common:${AMENT_PREFIX_PATH} CMAKE_PREFIX_PATH=/home/zyme/ros_ws/Autoware_sim_test/install/autoware_cmake:/home/zyme/ros_ws/Autoware_sim_test/install/autoware_lint_common:/opt/ros/humble /usr/bin/cmake /home/zyme/ros_ws/Autoware_sim_test/src/autoware/src/universe/autoware.universe/common/autoware_ad_api_specs -DCMAKE_INSTALL_PREFIX=/home/zyme/ros_ws/Autoware_sim_test/install/autoware_ad_api_specs
[0.851s] -- Found autoware_cmake: 0.1.0 (/home/zyme/ros_ws/Autoware_sim_test/install/autoware_cmake/share/autoware_cmake/cmake)
[1.237s] -- Override CMake install command with custom implementation using symlinks instead of copying resources
[1.389s] -- Found ament_lint_auto: 0.12.10 (/opt/ros/humble/share/ament_lint_auto/cmake)
[1.406s] -- Added test 'copyright' to check source files copyright and LICENSE
[1.409s] -- Added test 'cppcheck' to perform static code analysis on C / C++ code
[1.409s] -- Configured cppcheck include dirs: 
[1.409s] -- Configured cppcheck exclude dirs and/or files: 
[1.410s] -- Added test 'lint_cmake' to check CMake code style
[1.410s] -- Added test 'xmllint' to check XML markup files
[1.414s] -- Configuring done
[1.423s] -- Generating done
[1.424s] -- Build files have been written to: /home/zyme/ros_ws/Autoware_sim_test/build/autoware_ad_api_specs
[1.807s] Invoked command in '/home/zyme/ros_ws/Autoware_sim_test/build/autoware_ad_api_specs' returned '0': AMENT_PREFIX_PATH=/home/zyme/ros_ws/Autoware_sim_test/install/autoware_cmake:/home/zyme/ros_ws/Autoware_sim_test/install/autoware_lint_common:${AMENT_PREFIX_PATH} CMAKE_PREFIX_PATH=/home/zyme/ros_ws/Autoware_sim_test/install/autoware_cmake:/home/zyme/ros_ws/Autoware_sim_test/install/autoware_lint_common:/opt/ros/humble /usr/bin/cmake /home/zyme/ros_ws/Autoware_sim_test/src/autoware/src/universe/autoware.universe/common/autoware_ad_api_specs -DCMAKE_INSTALL_PREFIX=/home/zyme/ros_ws/Autoware_sim_test/install/autoware_ad_api_specs
[1.808s] Invoking command in '/home/zyme/ros_ws/Autoware_sim_test/build/autoware_ad_api_specs': AMENT_PREFIX_PATH=/home/zyme/ros_ws/Autoware_sim_test/install/autoware_cmake:/home/zyme/ros_ws/Autoware_sim_test/install/autoware_lint_common:${AMENT_PREFIX_PATH} CMAKE_PREFIX_PATH=/home/zyme/ros_ws/Autoware_sim_test/install/autoware_cmake:/home/zyme/ros_ws/Autoware_sim_test/install/autoware_lint_common:/opt/ros/humble /usr/bin/cmake --build /home/zyme/ros_ws/Autoware_sim_test/build/autoware_ad_api_specs -- -j12 -l12
[2.031s] Invoked command in '/home/zyme/ros_ws/Autoware_sim_test/build/autoware_ad_api_specs' returned '0': AMENT_PREFIX_PATH=/home/zyme/ros_ws/Autoware_sim_test/install/autoware_cmake:/home/zyme/ros_ws/Autoware_sim_test/install/autoware_lint_common:${AMENT_PREFIX_PATH} CMAKE_PREFIX_PATH=/home/zyme/ros_ws/Autoware_sim_test/install/autoware_cmake:/home/zyme/ros_ws/Autoware_sim_test/install/autoware_lint_common:/opt/ros/humble /usr/bin/cmake --build /home/zyme/ros_ws/Autoware_sim_test/build/autoware_ad_api_specs -- -j12 -l12
[2.862s] Invoking command in '/home/zyme/ros_ws/Autoware_sim_test/build/autoware_ad_api_specs': AMENT_PREFIX_PATH=/home/zyme/ros_ws/Autoware_sim_test/install/autoware_cmake:/home/zyme/ros_ws/Autoware_sim_test/install/autoware_lint_common:${AMENT_PREFIX_PATH} CMAKE_PREFIX_PATH=/home/zyme/ros_ws/Autoware_sim_test/install/autoware_cmake:/home/zyme/ros_ws/Autoware_sim_test/install/autoware_lint_common:/opt/ros/humble /usr/bin/cmake --install /home/zyme/ros_ws/Autoware_sim_test/build/autoware_ad_api_specs
[2.877s] -- Install configuration: "Release"
[2.877s] -- Execute custom install script
[2.877s] -- Up-to-date symlink: /home/zyme/ros_ws/Autoware_sim_test/install/autoware_ad_api_specs/include/autoware_ad_api_specs/fail_safe.hpp
[2.878s] -- Up-to-date symlink: /home/zyme/ros_ws/Autoware_sim_test/install/autoware_ad_api_specs/include/autoware_ad_api_specs/interface.hpp
[2.878s] -- Up-to-date symlink: /home/zyme/ros_ws/Autoware_sim_test/install/autoware_ad_api_specs/include/autoware_ad_api_specs/localization.hpp
[2.881s] -- Up-to-date symlink: /home/zyme/ros_ws/Autoware_sim_test/install/autoware_ad_api_specs/include/autoware_ad_api_specs/motion.hpp
[2.882s] -- Up-to-date symlink: /home/zyme/ros_ws/Autoware_sim_test/install/autoware_ad_api_specs/include/autoware_ad_api_specs/operation_mode.hpp
[2.882s] -- Up-to-date symlink: /home/zyme/ros_ws/Autoware_sim_test/install/autoware_ad_api_specs/include/autoware_ad_api_specs/perception.hpp
[2.882s] -- Up-to-date symlink: /home/zyme/ros_ws/Autoware_sim_test/install/autoware_ad_api_specs/include/autoware_ad_api_specs/planning.hpp
[2.882s] -- Up-to-date symlink: /home/zyme/ros_ws/Autoware_sim_test/install/autoware_ad_api_specs/include/autoware_ad_api_specs/routing.hpp
[2.885s] -- Up-to-date symlink: /home/zyme/ros_ws/Autoware_sim_test/install/autoware_ad_api_specs/include/autoware_ad_api_specs/vehicle.hpp
[2.886s] -- Up-to-date symlink: /home/zyme/ros_ws/Autoware_sim_test/install/autoware_ad_api_specs/share/ament_index/resource_index/package_run_dependencies/autoware_ad_api_specs
[2.886s] -- Up-to-date symlink: /home/zyme/ros_ws/Autoware_sim_test/install/autoware_ad_api_specs/share/ament_index/resource_index/parent_prefix_path/autoware_ad_api_specs
[2.886s] -- Up-to-date symlink: /home/zyme/ros_ws/Autoware_sim_test/install/autoware_ad_api_specs/share/autoware_ad_api_specs/environment/ament_prefix_path.sh
[2.896s] -- Up-to-date symlink: /home/zyme/ros_ws/Autoware_sim_test/install/autoware_ad_api_specs/share/autoware_ad_api_specs/environment/ament_prefix_path.dsv
[2.896s] -- Up-to-date symlink: /home/zyme/ros_ws/Autoware_sim_test/install/autoware_ad_api_specs/share/autoware_ad_api_specs/environment/path.sh
[2.900s] -- Up-to-date symlink: /home/zyme/ros_ws/Autoware_sim_test/install/autoware_ad_api_specs/share/autoware_ad_api_specs/environment/path.dsv
[2.900s] -- Up-to-date symlink: /home/zyme/ros_ws/Autoware_sim_test/install/autoware_ad_api_specs/share/autoware_ad_api_specs/local_setup.bash
[2.900s] -- Up-to-date symlink: /home/zyme/ros_ws/Autoware_sim_test/install/autoware_ad_api_specs/share/autoware_ad_api_specs/local_setup.sh
[2.900s] -- Up-to-date symlink: /home/zyme/ros_ws/Autoware_sim_test/install/autoware_ad_api_specs/share/autoware_ad_api_specs/local_setup.zsh
[2.900s] -- Up-to-date symlink: /home/zyme/ros_ws/Autoware_sim_test/install/autoware_ad_api_specs/share/autoware_ad_api_specs/local_setup.dsv
[2.901s] -- Symlinking: /home/zyme/ros_ws/Autoware_sim_test/install/autoware_ad_api_specs/share/autoware_ad_api_specs/package.dsv
[2.918s] -- Up-to-date symlink: /home/zyme/ros_ws/Autoware_sim_test/install/autoware_ad_api_specs/share/ament_index/resource_index/packages/autoware_ad_api_specs
[2.925s] -- Up-to-date symlink: /home/zyme/ros_ws/Autoware_sim_test/install/autoware_ad_api_specs/share/autoware_ad_api_specs/cmake/ament_cmake_export_include_directories-extras.cmake
[2.925s] -- Up-to-date symlink: /home/zyme/ros_ws/Autoware_sim_test/install/autoware_ad_api_specs/share/autoware_ad_api_specs/cmake/autoware_ad_api_specsConfig.cmake
[2.926s] -- Up-to-date symlink: /home/zyme/ros_ws/Autoware_sim_test/install/autoware_ad_api_specs/share/autoware_ad_api_specs/cmake/autoware_ad_api_specsConfig-version.cmake
[2.926s] -- Up-to-date symlink: /home/zyme/ros_ws/Autoware_sim_test/install/autoware_ad_api_specs/share/autoware_ad_api_specs/package.xml
[3.344s] Invoked command in '/home/zyme/ros_ws/Autoware_sim_test/build/autoware_ad_api_specs' returned '0': AMENT_PREFIX_PATH=/home/zyme/ros_ws/Autoware_sim_test/install/autoware_cmake:/home/zyme/ros_ws/Autoware_sim_test/install/autoware_lint_common:${AMENT_PREFIX_PATH} CMAKE_PREFIX_PATH=/home/zyme/ros_ws/Autoware_sim_test/install/autoware_cmake:/home/zyme/ros_ws/Autoware_sim_test/install/autoware_lint_common:/opt/ros/humble /usr/bin/cmake --install /home/zyme/ros_ws/Autoware_sim_test/build/autoware_ad_api_specs
