[0.053s] Invoking command in '/home/zyme/ros_ws/Autoware_sim_test/build/autoware_localization_msgs': CMAKE_PREFIX_PATH=/opt/ros/humble /usr/bin/cmake /home/zyme/ros_ws/Autoware_sim_test/src/autoware/src/core/autoware_msgs/autoware_localization_msgs -DCMAKE_BUILD_TYPE=Release -DCMAKE_CXX_FLAGS=-w -DAMENT_CMAKE_SYMLINK_INSTALL=1 -DCMAKE_INSTALL_PREFIX=/home/zyme/ros_ws/Autoware_sim_test/install/autoware_localization_msgs
[0.102s] -- The C compiler identification is GNU 11.4.0
[0.151s] -- The CXX compiler identification is GNU 11.4.0
[0.158s] -- Detecting C compiler ABI info
[0.221s] -- Detecting C compiler ABI info - done
[0.229s] -- Check for working C compiler: /usr/bin/cc - skipped
[0.229s] -- Detecting C compile features
[0.229s] -- Detecting C compile features - done
[0.232s] -- Detecting CXX compiler ABI info
[0.332s] -- Detecting CXX compiler ABI info - done
[0.340s] -- Check for working CXX compiler: /usr/bin/c++ - skipped
[0.340s] -- Detecting CXX compile features
[0.340s] -- Detecting CXX compile features - done
[0.342s] -- Found ament_cmake_auto: 1.3.8 (/opt/ros/humble/share/ament_cmake_auto/cmake)
[0.478s] -- Found Python3: /usr/bin/python3 (found version "3.10.12") found components: Interpreter 
[0.531s] -- Override CMake install command with custom implementation using symlinks instead of copying resources
[0.643s] -- Found rosidl_generator_c: 3.1.5 (/opt/ros/humble/share/rosidl_generator_c/cmake)
[0.647s] -- Found rosidl_adapter: 3.1.5 (/opt/ros/humble/share/rosidl_adapter/cmake)
[0.655s] -- Found rosidl_generator_cpp: 3.1.5 (/opt/ros/humble/share/rosidl_generator_cpp/cmake)
[0.667s] -- Using all available rosidl_typesupport_c: rosidl_typesupport_fastrtps_c;rosidl_typesupport_introspection_c
[0.686s] -- Using all available rosidl_typesupport_cpp: rosidl_typesupport_fastrtps_cpp;rosidl_typesupport_introspection_cpp
[1.008s] -- Found ament_cmake_cppcheck: 0.12.10 (/opt/ros/humble/share/ament_cmake_cppcheck/cmake)
[1.010s] -- Found ament_cmake_cpplint: 0.12.10 (/opt/ros/humble/share/ament_cmake_cpplint/cmake)
[1.011s] -- Found ament_cmake_uncrustify: 0.12.10 (/opt/ros/humble/share/ament_cmake_uncrustify/cmake)
[1.013s] -- Found ament_cmake_ros: 0.10.0 (/opt/ros/humble/share/ament_cmake_ros/cmake)
[1.393s] -- Using all available rosidl_typesupport_c: rosidl_typesupport_fastrtps_c;rosidl_typesupport_introspection_c
[1.542s] -- Using all available rosidl_typesupport_cpp: rosidl_typesupport_fastrtps_cpp;rosidl_typesupport_introspection_cpp
[1.564s] -- Found PythonInterp: /usr/bin/python3 (found suitable version "3.10.12", minimum required is "3.6") 
[1.565s] -- Found python_cmake_module: 0.10.0 (/opt/ros/humble/share/python_cmake_module/cmake)
[1.589s] -- Found PythonLibs: /usr/lib/x86_64-linux-gnu/libpython3.10.so (found suitable version "3.10.12", minimum required is "3.5") 
[1.589s] -- Using PYTHON_EXECUTABLE: /usr/bin/python3
[1.589s] -- Using PYTHON_INCLUDE_DIRS: /usr/include/python3.10
[1.589s] -- Using PYTHON_LIBRARIES: /usr/lib/x86_64-linux-gnu/libpython3.10.so
[1.608s] -- Found PythonExtra: .so  
[1.665s] -- Found ament_cmake_flake8: 0.12.10 (/opt/ros/humble/share/ament_cmake_flake8/cmake)
[1.667s] -- Found ament_cmake_pep257: 0.12.10 (/opt/ros/humble/share/ament_cmake_pep257/cmake)
[1.669s] -- Found ament_lint_auto: 0.12.10 (/opt/ros/humble/share/ament_lint_auto/cmake)
[1.683s] -- Added test 'copyright' to check source files copyright and LICENSE
[1.684s] -- Added test 'lint_cmake' to check CMake code style
[1.684s] -- Added test 'xmllint' to check XML markup files
[1.687s] -- Configuring done
[1.721s] -- Generating done
[1.723s] -- Build files have been written to: /home/zyme/ros_ws/Autoware_sim_test/build/autoware_localization_msgs
[1.732s] Invoked command in '/home/zyme/ros_ws/Autoware_sim_test/build/autoware_localization_msgs' returned '0': CMAKE_PREFIX_PATH=/opt/ros/humble /usr/bin/cmake /home/zyme/ros_ws/Autoware_sim_test/src/autoware/src/core/autoware_msgs/autoware_localization_msgs -DCMAKE_BUILD_TYPE=Release -DCMAKE_CXX_FLAGS=-w -DAMENT_CMAKE_SYMLINK_INSTALL=1 -DCMAKE_INSTALL_PREFIX=/home/zyme/ros_ws/Autoware_sim_test/install/autoware_localization_msgs
[1.733s] Invoking command in '/home/zyme/ros_ws/Autoware_sim_test/build/autoware_localization_msgs': CMAKE_PREFIX_PATH=/opt/ros/humble /usr/bin/cmake --build /home/zyme/ros_ws/Autoware_sim_test/build/autoware_localization_msgs -- -j12 -l12
[1.768s] [  3%] [34m[1mGenerating C code for ROS interfaces[0m
[1.777s] [  6%] [34m[1mGenerating C++ code for ROS interfaces[0m
[1.786s] [  6%] Built target ament_cmake_python_symlink_autoware_localization_msgs
[2.041s] running egg_info
[2.041s] creating autoware_localization_msgs.egg-info
[2.042s] writing autoware_localization_msgs.egg-info/PKG-INFO
[2.042s] writing dependency_links to autoware_localization_msgs.egg-info/dependency_links.txt
[2.042s] writing top-level names to autoware_localization_msgs.egg-info/top_level.txt
[2.042s] writing manifest file 'autoware_localization_msgs.egg-info/SOURCES.txt'
[2.044s] reading manifest file 'autoware_localization_msgs.egg-info/SOURCES.txt'
[2.045s] writing manifest file 'autoware_localization_msgs.egg-info/SOURCES.txt'
[2.073s] [  6%] Built target autoware_localization_msgs__cpp
[2.079s] [  9%] [32mBuilding C object CMakeFiles/autoware_localization_msgs__rosidl_generator_c.dir/rosidl_generator_c/autoware_localization_msgs/msg/detail/kinematic_state__functions.c.o[0m
[2.082s] [  9%] Built target ament_cmake_python_build_autoware_localization_msgs_egg
[2.084s] [ 12%] [34m[1mGenerating C++ type support dispatch for ROS interfaces[0m
[2.085s] [ 16%] [34m[1mGenerating C++ type support for eProsima Fast-RTPS[0m
[2.085s] [ 19%] [34m[1mGenerating C++ introspection for ROS interfaces[0m
[2.183s] [ 22%] [32m[1mLinking C shared library libautoware_localization_msgs__rosidl_generator_c.so[0m
[2.223s] [ 22%] Built target autoware_localization_msgs__rosidl_generator_c
[2.235s] [ 32%] [34m[1mGenerating C introspection for ROS interfaces[0m
[2.235s] [ 32%] [34m[1mGenerating C type support for eProsima Fast-RTPS[0m
[2.235s] [ 32%] [34m[1mGenerating C type support dispatch for ROS interfaces[0m
[2.408s] [ 35%] [32mBuilding CXX object CMakeFiles/autoware_localization_msgs__rosidl_typesupport_cpp.dir/rosidl_typesupport_cpp/autoware_localization_msgs/msg/kinematic_state__type_support.cpp.o[0m
[2.431s] [ 38%] [32mBuilding CXX object CMakeFiles/autoware_localization_msgs__rosidl_typesupport_introspection_cpp.dir/rosidl_typesupport_introspection_cpp/autoware_localization_msgs/msg/detail/kinematic_state__type_support.cpp.o[0m
[2.443s] [ 41%] [32mBuilding CXX object CMakeFiles/autoware_localization_msgs__rosidl_typesupport_fastrtps_cpp.dir/rosidl_typesupport_fastrtps_cpp/autoware_localization_msgs/msg/detail/dds_fastrtps/kinematic_state__type_support.cpp.o[0m
[2.594s] [ 45%] [32mBuilding CXX object CMakeFiles/autoware_localization_msgs__rosidl_typesupport_c.dir/rosidl_typesupport_c/autoware_localization_msgs/msg/kinematic_state__type_support.cpp.o[0m
[2.626s] [ 48%] [32mBuilding C object CMakeFiles/autoware_localization_msgs__rosidl_typesupport_introspection_c.dir/rosidl_typesupport_introspection_c/autoware_localization_msgs/msg/detail/kinematic_state__type_support.c.o[0m
[2.629s] [ 51%] [32mBuilding CXX object CMakeFiles/autoware_localization_msgs__rosidl_typesupport_fastrtps_c.dir/rosidl_typesupport_fastrtps_c/autoware_localization_msgs/msg/detail/kinematic_state__type_support_c.cpp.o[0m
[2.640s] [ 54%] [32m[1mLinking CXX shared library libautoware_localization_msgs__rosidl_typesupport_c.so[0m
[2.687s] [ 58%] [32m[1mLinking C shared library libautoware_localization_msgs__rosidl_typesupport_introspection_c.so[0m
[2.698s] [ 58%] Built target autoware_localization_msgs__rosidl_typesupport_c
[2.726s] [ 58%] Built target autoware_localization_msgs__rosidl_typesupport_introspection_c
[2.768s] [ 61%] [32m[1mLinking CXX shared library libautoware_localization_msgs__rosidl_typesupport_cpp.so[0m
[2.811s] [ 61%] Built target autoware_localization_msgs__rosidl_typesupport_cpp
[2.921s] [ 64%] [32m[1mLinking CXX shared library libautoware_localization_msgs__rosidl_typesupport_introspection_cpp.so[0m
[2.954s] [ 67%] [32m[1mLinking CXX shared library libautoware_localization_msgs__rosidl_typesupport_fastrtps_cpp.so[0m
[2.989s] [ 67%] Built target autoware_localization_msgs__rosidl_typesupport_introspection_cpp
[3.037s] [ 67%] Built target autoware_localization_msgs__rosidl_typesupport_fastrtps_cpp
[3.042s] [ 70%] [32m[1mLinking CXX shared library libautoware_localization_msgs__rosidl_typesupport_fastrtps_c.so[0m
[3.111s] [ 70%] Built target autoware_localization_msgs__rosidl_typesupport_fastrtps_c
[3.130s] [ 70%] Built target autoware_localization_msgs
[3.149s] [ 74%] [34m[1mGenerating Python code for ROS interfaces[0m
[3.517s] [ 74%] Built target autoware_localization_msgs__py
[3.535s] [ 77%] [32mBuilding C object CMakeFiles/autoware_localization_msgs__rosidl_generator_py.dir/rosidl_generator_py/autoware_localization_msgs/msg/_kinematic_state_s.c.o[0m
[3.656s] [ 80%] [32m[1mLinking C shared library rosidl_generator_py/autoware_localization_msgs/libautoware_localization_msgs__rosidl_generator_py.so[0m
[3.694s] [ 80%] Built target autoware_localization_msgs__rosidl_generator_py
[3.714s] [ 90%] [32mBuilding C object CMakeFiles/autoware_localization_msgs__rosidl_typesupport_introspection_c__pyext.dir/rosidl_generator_py/autoware_localization_msgs/_autoware_localization_msgs_s.ep.rosidl_typesupport_introspection_c.c.o[0m
[3.715s] [ 90%] [32mBuilding C object CMakeFiles/autoware_localization_msgs__rosidl_typesupport_fastrtps_c__pyext.dir/rosidl_generator_py/autoware_localization_msgs/_autoware_localization_msgs_s.ep.rosidl_typesupport_fastrtps_c.c.o[0m
[3.715s] [ 90%] [32mBuilding C object CMakeFiles/autoware_localization_msgs__rosidl_typesupport_c__pyext.dir/rosidl_generator_py/autoware_localization_msgs/_autoware_localization_msgs_s.ep.rosidl_typesupport_c.c.o[0m
[3.837s] [100%] [32m[1mLinking C shared library rosidl_generator_py/autoware_localization_msgs/autoware_localization_msgs_s__rosidl_typesupport_c.cpython-310-x86_64-linux-gnu.so[0m
[3.837s] [100%] [32m[1mLinking C shared library rosidl_generator_py/autoware_localization_msgs/autoware_localization_msgs_s__rosidl_typesupport_fastrtps_c.cpython-310-x86_64-linux-gnu.so[0m
[3.837s] [100%] [32m[1mLinking C shared library rosidl_generator_py/autoware_localization_msgs/autoware_localization_msgs_s__rosidl_typesupport_introspection_c.cpython-310-x86_64-linux-gnu.so[0m
[3.877s] [100%] Built target autoware_localization_msgs__rosidl_typesupport_introspection_c__pyext
[3.877s] [100%] Built target autoware_localization_msgs__rosidl_typesupport_c__pyext
[3.877s] [100%] Built target autoware_localization_msgs__rosidl_typesupport_fastrtps_c__pyext
[3.888s] Invoked command in '/home/zyme/ros_ws/Autoware_sim_test/build/autoware_localization_msgs' returned '0': CMAKE_PREFIX_PATH=/opt/ros/humble /usr/bin/cmake --build /home/zyme/ros_ws/Autoware_sim_test/build/autoware_localization_msgs -- -j12 -l12
[3.944s] Invoking command in '/home/zyme/ros_ws/Autoware_sim_test/build/autoware_localization_msgs': CMAKE_PREFIX_PATH=/opt/ros/humble /usr/bin/cmake --install /home/zyme/ros_ws/Autoware_sim_test/build/autoware_localization_msgs
[3.951s] -- Install configuration: "Release"
[3.951s] -- Execute custom install script
[3.951s] -- Symlinking: /home/zyme/ros_ws/Autoware_sim_test/install/autoware_localization_msgs/share/ament_index/resource_index/rosidl_interfaces/autoware_localization_msgs
[3.960s] -- Symlinking: /home/zyme/ros_ws/Autoware_sim_test/install/autoware_localization_msgs/include/autoware_localization_msgs/autoware_localization_msgs/msg/detail/kinematic_state__functions.h
[3.968s] -- Symlinking: /home/zyme/ros_ws/Autoware_sim_test/install/autoware_localization_msgs/include/autoware_localization_msgs/autoware_localization_msgs/msg/detail/kinematic_state__struct.h
[3.978s] -- Symlinking: /home/zyme/ros_ws/Autoware_sim_test/install/autoware_localization_msgs/include/autoware_localization_msgs/autoware_localization_msgs/msg/detail/kinematic_state__type_support.h
[3.987s] -- Symlinking: /home/zyme/ros_ws/Autoware_sim_test/install/autoware_localization_msgs/include/autoware_localization_msgs/autoware_localization_msgs/msg/kinematic_state.h
[3.997s] -- Symlinking: /home/zyme/ros_ws/Autoware_sim_test/install/autoware_localization_msgs/include/autoware_localization_msgs/autoware_localization_msgs/msg/rosidl_generator_c__visibility_control.h
[4.006s] -- Symlinking: /home/zyme/ros_ws/Autoware_sim_test/install/autoware_localization_msgs/share/autoware_localization_msgs/environment/library_path.sh
[4.016s] -- Symlinking: /home/zyme/ros_ws/Autoware_sim_test/install/autoware_localization_msgs/share/autoware_localization_msgs/environment/library_path.dsv
[4.026s] -- Symlinking: /home/zyme/ros_ws/Autoware_sim_test/install/autoware_localization_msgs/include/autoware_localization_msgs/autoware_localization_msgs/msg/detail/kinematic_state__rosidl_typesupport_fastrtps_c.h
[4.036s] -- Symlinking: /home/zyme/ros_ws/Autoware_sim_test/install/autoware_localization_msgs/include/autoware_localization_msgs/autoware_localization_msgs/msg/rosidl_typesupport_fastrtps_c__visibility_control.h
[4.046s] -- Symlinking: /home/zyme/ros_ws/Autoware_sim_test/install/autoware_localization_msgs/include/autoware_localization_msgs/autoware_localization_msgs/msg/detail/kinematic_state__builder.hpp
[4.055s] -- Symlinking: /home/zyme/ros_ws/Autoware_sim_test/install/autoware_localization_msgs/include/autoware_localization_msgs/autoware_localization_msgs/msg/detail/kinematic_state__struct.hpp
[4.065s] -- Symlinking: /home/zyme/ros_ws/Autoware_sim_test/install/autoware_localization_msgs/include/autoware_localization_msgs/autoware_localization_msgs/msg/detail/kinematic_state__traits.hpp
[4.075s] -- Symlinking: /home/zyme/ros_ws/Autoware_sim_test/install/autoware_localization_msgs/include/autoware_localization_msgs/autoware_localization_msgs/msg/kinematic_state.hpp
[4.085s] -- Symlinking: /home/zyme/ros_ws/Autoware_sim_test/install/autoware_localization_msgs/include/autoware_localization_msgs/autoware_localization_msgs/msg/detail/kinematic_state__rosidl_typesupport_fastrtps_cpp.hpp
[4.095s] -- Symlinking: /home/zyme/ros_ws/Autoware_sim_test/install/autoware_localization_msgs/include/autoware_localization_msgs/autoware_localization_msgs/msg/rosidl_typesupport_fastrtps_cpp__visibility_control.h
[4.105s] -- Symlinking: /home/zyme/ros_ws/Autoware_sim_test/install/autoware_localization_msgs/include/autoware_localization_msgs/autoware_localization_msgs/msg/detail/kinematic_state__rosidl_typesupport_introspection_c.h
[4.113s] -- Symlinking: /home/zyme/ros_ws/Autoware_sim_test/install/autoware_localization_msgs/include/autoware_localization_msgs/autoware_localization_msgs/msg/rosidl_typesupport_introspection_c__visibility_control.h
[4.121s] -- Symlinking: /home/zyme/ros_ws/Autoware_sim_test/install/autoware_localization_msgs/include/autoware_localization_msgs/autoware_localization_msgs/msg/detail/kinematic_state__rosidl_typesupport_introspection_cpp.hpp
[4.129s] -- Symlinking: /home/zyme/ros_ws/Autoware_sim_test/install/autoware_localization_msgs/share/autoware_localization_msgs/environment/pythonpath.sh
[4.137s] -- Symlinking: /home/zyme/ros_ws/Autoware_sim_test/install/autoware_localization_msgs/share/autoware_localization_msgs/environment/pythonpath.dsv
[4.145s] -- Symlinking: /home/zyme/ros_ws/Autoware_sim_test/install/autoware_localization_msgs/local/lib/python3.10/dist-packages/autoware_localization_msgs-1.0.0-py3.10.egg-info/PKG-INFO
[4.152s] -- Symlinking: /home/zyme/ros_ws/Autoware_sim_test/install/autoware_localization_msgs/local/lib/python3.10/dist-packages/autoware_localization_msgs-1.0.0-py3.10.egg-info/SOURCES.txt
[4.160s] -- Symlinking: /home/zyme/ros_ws/Autoware_sim_test/install/autoware_localization_msgs/local/lib/python3.10/dist-packages/autoware_localization_msgs-1.0.0-py3.10.egg-info/dependency_links.txt
[4.169s] -- Symlinking: /home/zyme/ros_ws/Autoware_sim_test/install/autoware_localization_msgs/local/lib/python3.10/dist-packages/autoware_localization_msgs-1.0.0-py3.10.egg-info/top_level.txt
[4.177s] -- Symlinking: /home/zyme/ros_ws/Autoware_sim_test/install/autoware_localization_msgs/local/lib/python3.10/dist-packages/autoware_localization_msgs/__init__.py
[4.185s] -- Symlinking: /home/zyme/ros_ws/Autoware_sim_test/install/autoware_localization_msgs/local/lib/python3.10/dist-packages/autoware_localization_msgs/_autoware_localization_msgs_s.ep.rosidl_typesupport_c.c
[4.193s] -- Symlinking: /home/zyme/ros_ws/Autoware_sim_test/install/autoware_localization_msgs/local/lib/python3.10/dist-packages/autoware_localization_msgs/_autoware_localization_msgs_s.ep.rosidl_typesupport_fastrtps_c.c
[4.200s] -- Symlinking: /home/zyme/ros_ws/Autoware_sim_test/install/autoware_localization_msgs/local/lib/python3.10/dist-packages/autoware_localization_msgs/_autoware_localization_msgs_s.ep.rosidl_typesupport_introspection_c.c
[4.208s] -- Symlinking: /home/zyme/ros_ws/Autoware_sim_test/install/autoware_localization_msgs/local/lib/python3.10/dist-packages/autoware_localization_msgs/autoware_localization_msgs_s__rosidl_typesupport_c.cpython-310-x86_64-linux-gnu.so
[4.216s] -- Symlinking: /home/zyme/ros_ws/Autoware_sim_test/install/autoware_localization_msgs/local/lib/python3.10/dist-packages/autoware_localization_msgs/autoware_localization_msgs_s__rosidl_typesupport_fastrtps_c.cpython-310-x86_64-linux-gnu.so
[4.224s] -- Symlinking: /home/zyme/ros_ws/Autoware_sim_test/install/autoware_localization_msgs/local/lib/python3.10/dist-packages/autoware_localization_msgs/autoware_localization_msgs_s__rosidl_typesupport_introspection_c.cpython-310-x86_64-linux-gnu.so
[4.232s] -- Symlinking: /home/zyme/ros_ws/Autoware_sim_test/install/autoware_localization_msgs/local/lib/python3.10/dist-packages/autoware_localization_msgs/libautoware_localization_msgs__rosidl_generator_py.so
[4.240s] -- Symlinking: /home/zyme/ros_ws/Autoware_sim_test/install/autoware_localization_msgs/local/lib/python3.10/dist-packages/autoware_localization_msgs/msg/__init__.py
[4.247s] -- Symlinking: /home/zyme/ros_ws/Autoware_sim_test/install/autoware_localization_msgs/local/lib/python3.10/dist-packages/autoware_localization_msgs/msg/_kinematic_state.py
[4.255s] -- Symlinking: /home/zyme/ros_ws/Autoware_sim_test/install/autoware_localization_msgs/local/lib/python3.10/dist-packages/autoware_localization_msgs/msg/_kinematic_state_s.c
[4.263s] -- Up-to-date symlink: /home/zyme/ros_ws/Autoware_sim_test/install/autoware_localization_msgs/local/lib/python3.10/dist-packages/autoware_localization_msgs/autoware_localization_msgs_s__rosidl_typesupport_fastrtps_c.cpython-310-x86_64-linux-gnu.so
[4.263s] -- Up-to-date symlink: /home/zyme/ros_ws/Autoware_sim_test/install/autoware_localization_msgs/local/lib/python3.10/dist-packages/autoware_localization_msgs/autoware_localization_msgs_s__rosidl_typesupport_introspection_c.cpython-310-x86_64-linux-gnu.so
[4.263s] -- Up-to-date symlink: /home/zyme/ros_ws/Autoware_sim_test/install/autoware_localization_msgs/local/lib/python3.10/dist-packages/autoware_localization_msgs/autoware_localization_msgs_s__rosidl_typesupport_c.cpython-310-x86_64-linux-gnu.so
[4.263s] -- Symlinking: /home/zyme/ros_ws/Autoware_sim_test/install/autoware_localization_msgs/share/autoware_localization_msgs/msg/KinematicState.idl
[4.271s] -- Symlinking: /home/zyme/ros_ws/Autoware_sim_test/install/autoware_localization_msgs/share/autoware_localization_msgs/msg/KinematicState.msg
[4.279s] -- Symlinking: /home/zyme/ros_ws/Autoware_sim_test/install/autoware_localization_msgs/share/ament_index/resource_index/package_run_dependencies/autoware_localization_msgs
[4.287s] -- Symlinking: /home/zyme/ros_ws/Autoware_sim_test/install/autoware_localization_msgs/share/ament_index/resource_index/parent_prefix_path/autoware_localization_msgs
[4.295s] -- Symlinking: /home/zyme/ros_ws/Autoware_sim_test/install/autoware_localization_msgs/share/autoware_localization_msgs/environment/ament_prefix_path.sh
[4.303s] -- Symlinking: /home/zyme/ros_ws/Autoware_sim_test/install/autoware_localization_msgs/share/autoware_localization_msgs/environment/ament_prefix_path.dsv
[4.311s] -- Symlinking: /home/zyme/ros_ws/Autoware_sim_test/install/autoware_localization_msgs/share/autoware_localization_msgs/environment/path.sh
[4.319s] -- Symlinking: /home/zyme/ros_ws/Autoware_sim_test/install/autoware_localization_msgs/share/autoware_localization_msgs/environment/path.dsv
[4.326s] -- Symlinking: /home/zyme/ros_ws/Autoware_sim_test/install/autoware_localization_msgs/share/autoware_localization_msgs/local_setup.bash
[4.334s] -- Symlinking: /home/zyme/ros_ws/Autoware_sim_test/install/autoware_localization_msgs/share/autoware_localization_msgs/local_setup.sh
[4.342s] -- Symlinking: /home/zyme/ros_ws/Autoware_sim_test/install/autoware_localization_msgs/share/autoware_localization_msgs/local_setup.zsh
[4.350s] -- Symlinking: /home/zyme/ros_ws/Autoware_sim_test/install/autoware_localization_msgs/share/autoware_localization_msgs/local_setup.dsv
[4.358s] -- Symlinking: /home/zyme/ros_ws/Autoware_sim_test/install/autoware_localization_msgs/share/autoware_localization_msgs/package.dsv
[4.366s] -- Symlinking: /home/zyme/ros_ws/Autoware_sim_test/install/autoware_localization_msgs/share/ament_index/resource_index/packages/autoware_localization_msgs
[4.373s] -- Symlinking: /home/zyme/ros_ws/Autoware_sim_test/install/autoware_localization_msgs/share/autoware_localization_msgs/cmake/rosidl_cmake-extras.cmake
[4.381s] -- Symlinking: /home/zyme/ros_ws/Autoware_sim_test/install/autoware_localization_msgs/share/autoware_localization_msgs/cmake/ament_cmake_export_dependencies-extras.cmake
[4.390s] -- Symlinking: /home/zyme/ros_ws/Autoware_sim_test/install/autoware_localization_msgs/share/autoware_localization_msgs/cmake/ament_cmake_export_include_directories-extras.cmake
[4.398s] -- Symlinking: /home/zyme/ros_ws/Autoware_sim_test/install/autoware_localization_msgs/share/autoware_localization_msgs/cmake/ament_cmake_export_libraries-extras.cmake
[4.406s] -- Symlinking: /home/zyme/ros_ws/Autoware_sim_test/install/autoware_localization_msgs/share/autoware_localization_msgs/cmake/ament_cmake_export_targets-extras.cmake
[4.414s] -- Symlinking: /home/zyme/ros_ws/Autoware_sim_test/install/autoware_localization_msgs/share/autoware_localization_msgs/cmake/rosidl_cmake_export_typesupport_targets-extras.cmake
[4.422s] -- Symlinking: /home/zyme/ros_ws/Autoware_sim_test/install/autoware_localization_msgs/share/autoware_localization_msgs/cmake/rosidl_cmake_export_typesupport_libraries-extras.cmake
[4.430s] -- Symlinking: /home/zyme/ros_ws/Autoware_sim_test/install/autoware_localization_msgs/share/autoware_localization_msgs/cmake/autoware_localization_msgsConfig.cmake
[4.438s] -- Symlinking: /home/zyme/ros_ws/Autoware_sim_test/install/autoware_localization_msgs/share/autoware_localization_msgs/cmake/autoware_localization_msgsConfig-version.cmake
[4.446s] -- Symlinking: /home/zyme/ros_ws/Autoware_sim_test/install/autoware_localization_msgs/share/autoware_localization_msgs/package.xml
[4.454s] -- Installing: /home/zyme/ros_ws/Autoware_sim_test/install/autoware_localization_msgs/lib/libautoware_localization_msgs__rosidl_generator_c.so
[4.454s] -- Set runtime path of "/home/zyme/ros_ws/Autoware_sim_test/install/autoware_localization_msgs/lib/libautoware_localization_msgs__rosidl_generator_c.so" to ""
[4.455s] -- Installing: /home/zyme/ros_ws/Autoware_sim_test/install/autoware_localization_msgs/lib/libautoware_localization_msgs__rosidl_typesupport_fastrtps_c.so
[4.455s] -- Set runtime path of "/home/zyme/ros_ws/Autoware_sim_test/install/autoware_localization_msgs/lib/libautoware_localization_msgs__rosidl_typesupport_fastrtps_c.so" to ""
[4.455s] -- Installing: /home/zyme/ros_ws/Autoware_sim_test/install/autoware_localization_msgs/lib/libautoware_localization_msgs__rosidl_typesupport_fastrtps_cpp.so
[4.455s] -- Set runtime path of "/home/zyme/ros_ws/Autoware_sim_test/install/autoware_localization_msgs/lib/libautoware_localization_msgs__rosidl_typesupport_fastrtps_cpp.so" to ""
[4.455s] -- Installing: /home/zyme/ros_ws/Autoware_sim_test/install/autoware_localization_msgs/lib/libautoware_localization_msgs__rosidl_typesupport_introspection_c.so
[4.456s] -- Set runtime path of "/home/zyme/ros_ws/Autoware_sim_test/install/autoware_localization_msgs/lib/libautoware_localization_msgs__rosidl_typesupport_introspection_c.so" to ""
[4.456s] -- Installing: /home/zyme/ros_ws/Autoware_sim_test/install/autoware_localization_msgs/lib/libautoware_localization_msgs__rosidl_typesupport_c.so
[4.456s] -- Set runtime path of "/home/zyme/ros_ws/Autoware_sim_test/install/autoware_localization_msgs/lib/libautoware_localization_msgs__rosidl_typesupport_c.so" to ""
[4.456s] -- Installing: /home/zyme/ros_ws/Autoware_sim_test/install/autoware_localization_msgs/lib/libautoware_localization_msgs__rosidl_typesupport_introspection_cpp.so
[4.457s] -- Set runtime path of "/home/zyme/ros_ws/Autoware_sim_test/install/autoware_localization_msgs/lib/libautoware_localization_msgs__rosidl_typesupport_introspection_cpp.so" to ""
[4.457s] -- Installing: /home/zyme/ros_ws/Autoware_sim_test/install/autoware_localization_msgs/lib/libautoware_localization_msgs__rosidl_typesupport_cpp.so
[4.457s] -- Set runtime path of "/home/zyme/ros_ws/Autoware_sim_test/install/autoware_localization_msgs/lib/libautoware_localization_msgs__rosidl_typesupport_cpp.so" to ""
[4.487s] Listing '/home/zyme/ros_ws/Autoware_sim_test/install/autoware_localization_msgs/local/lib/python3.10/dist-packages/autoware_localization_msgs'...
[4.487s] Compiling '/home/zyme/ros_ws/Autoware_sim_test/install/autoware_localization_msgs/local/lib/python3.10/dist-packages/autoware_localization_msgs/__init__.py'...
[4.487s] Listing '/home/zyme/ros_ws/Autoware_sim_test/install/autoware_localization_msgs/local/lib/python3.10/dist-packages/autoware_localization_msgs/msg'...
[4.487s] Compiling '/home/zyme/ros_ws/Autoware_sim_test/install/autoware_localization_msgs/local/lib/python3.10/dist-packages/autoware_localization_msgs/msg/__init__.py'...
[4.487s] Compiling '/home/zyme/ros_ws/Autoware_sim_test/install/autoware_localization_msgs/local/lib/python3.10/dist-packages/autoware_localization_msgs/msg/_kinematic_state.py'...
[4.491s] -- Installing: /home/zyme/ros_ws/Autoware_sim_test/install/autoware_localization_msgs/lib/libautoware_localization_msgs__rosidl_generator_py.so
[4.492s] -- Set runtime path of "/home/zyme/ros_ws/Autoware_sim_test/install/autoware_localization_msgs/lib/libautoware_localization_msgs__rosidl_generator_py.so" to ""
[4.492s] -- Installing: /home/zyme/ros_ws/Autoware_sim_test/install/autoware_localization_msgs/share/autoware_localization_msgs/cmake/export_autoware_localization_msgs__rosidl_generator_cExport.cmake
[4.492s] -- Installing: /home/zyme/ros_ws/Autoware_sim_test/install/autoware_localization_msgs/share/autoware_localization_msgs/cmake/export_autoware_localization_msgs__rosidl_generator_cExport-release.cmake
[4.492s] -- Installing: /home/zyme/ros_ws/Autoware_sim_test/install/autoware_localization_msgs/share/autoware_localization_msgs/cmake/export_autoware_localization_msgs__rosidl_typesupport_fastrtps_cExport.cmake
[4.492s] -- Installing: /home/zyme/ros_ws/Autoware_sim_test/install/autoware_localization_msgs/share/autoware_localization_msgs/cmake/export_autoware_localization_msgs__rosidl_typesupport_fastrtps_cExport-release.cmake
[4.492s] -- Installing: /home/zyme/ros_ws/Autoware_sim_test/install/autoware_localization_msgs/share/autoware_localization_msgs/cmake/export_autoware_localization_msgs__rosidl_generator_cppExport.cmake
[4.492s] -- Installing: /home/zyme/ros_ws/Autoware_sim_test/install/autoware_localization_msgs/share/autoware_localization_msgs/cmake/export_autoware_localization_msgs__rosidl_typesupport_fastrtps_cppExport.cmake
[4.492s] -- Installing: /home/zyme/ros_ws/Autoware_sim_test/install/autoware_localization_msgs/share/autoware_localization_msgs/cmake/export_autoware_localization_msgs__rosidl_typesupport_fastrtps_cppExport-release.cmake
[4.493s] -- Installing: /home/zyme/ros_ws/Autoware_sim_test/install/autoware_localization_msgs/share/autoware_localization_msgs/cmake/autoware_localization_msgs__rosidl_typesupport_introspection_cExport.cmake
[4.493s] -- Installing: /home/zyme/ros_ws/Autoware_sim_test/install/autoware_localization_msgs/share/autoware_localization_msgs/cmake/autoware_localization_msgs__rosidl_typesupport_introspection_cExport-release.cmake
[4.493s] -- Installing: /home/zyme/ros_ws/Autoware_sim_test/install/autoware_localization_msgs/share/autoware_localization_msgs/cmake/autoware_localization_msgs__rosidl_typesupport_cExport.cmake
[4.493s] -- Installing: /home/zyme/ros_ws/Autoware_sim_test/install/autoware_localization_msgs/share/autoware_localization_msgs/cmake/autoware_localization_msgs__rosidl_typesupport_cExport-release.cmake
[4.493s] -- Installing: /home/zyme/ros_ws/Autoware_sim_test/install/autoware_localization_msgs/share/autoware_localization_msgs/cmake/autoware_localization_msgs__rosidl_typesupport_introspection_cppExport.cmake
[4.493s] -- Installing: /home/zyme/ros_ws/Autoware_sim_test/install/autoware_localization_msgs/share/autoware_localization_msgs/cmake/autoware_localization_msgs__rosidl_typesupport_introspection_cppExport-release.cmake
[4.493s] -- Installing: /home/zyme/ros_ws/Autoware_sim_test/install/autoware_localization_msgs/share/autoware_localization_msgs/cmake/autoware_localization_msgs__rosidl_typesupport_cppExport.cmake
[4.494s] -- Installing: /home/zyme/ros_ws/Autoware_sim_test/install/autoware_localization_msgs/share/autoware_localization_msgs/cmake/autoware_localization_msgs__rosidl_typesupport_cppExport-release.cmake
[4.494s] -- Installing: /home/zyme/ros_ws/Autoware_sim_test/install/autoware_localization_msgs/share/autoware_localization_msgs/cmake/export_autoware_localization_msgs__rosidl_generator_pyExport.cmake
[4.494s] -- Installing: /home/zyme/ros_ws/Autoware_sim_test/install/autoware_localization_msgs/share/autoware_localization_msgs/cmake/export_autoware_localization_msgs__rosidl_generator_pyExport-release.cmake
[4.496s] Invoked command in '/home/zyme/ros_ws/Autoware_sim_test/build/autoware_localization_msgs' returned '0': CMAKE_PREFIX_PATH=/opt/ros/humble /usr/bin/cmake --install /home/zyme/ros_ws/Autoware_sim_test/build/autoware_localization_msgs
