[0.058s] Invoking command in '/home/zyme/ros_ws/Autoware_sim_test/build/autoware_common_msgs': CMAKE_PREFIX_PATH=/opt/ros/humble /usr/bin/cmake --build /home/zyme/ros_ws/Autoware_sim_test/build/autoware_common_msgs
[0.111s] [  3%] Built target autoware_common_msgs__cpp
[0.112s] [ 12%] Built target autoware_common_msgs__rosidl_generator_c
[0.121s] [ 12%] Built target ament_cmake_python_symlink_autoware_common_msgs
[0.134s] [ 22%] Built target autoware_common_msgs__rosidl_typesupport_fastrtps_cpp
[0.135s] [ 32%] Built target autoware_common_msgs__rosidl_typesupport_cpp
[0.146s] [ 41%] Built target autoware_common_msgs__rosidl_typesupport_introspection_cpp
[0.160s] [ 51%] Built target autoware_common_msgs__rosidl_typesupport_fastrtps_c
[0.172s] [ 61%] Built target autoware_common_msgs__rosidl_typesupport_introspection_c
[0.183s] [ 70%] Built target autoware_common_msgs__rosidl_typesupport_c
[0.207s] [ 70%] Built target autoware_common_msgs
[0.227s] [ 74%] Built target autoware_common_msgs__py
[0.252s] [ 80%] Built target autoware_common_msgs__rosidl_generator_py
[0.277s] [ 93%] Built target autoware_common_msgs__rosidl_typesupport_introspection_c__pyext
[0.277s] [ 93%] Built target autoware_common_msgs__rosidl_typesupport_fastrtps_c__pyext
[0.307s] [100%] Built target autoware_common_msgs__rosidl_typesupport_c__pyext
[0.430s] running egg_info
[0.431s] writing autoware_common_msgs.egg-info/PKG-INFO
[0.431s] writing dependency_links to autoware_common_msgs.egg-info/dependency_links.txt
[0.431s] writing top-level names to autoware_common_msgs.egg-info/top_level.txt
[0.433s] reading manifest file 'autoware_common_msgs.egg-info/SOURCES.txt'
[0.434s] writing manifest file 'autoware_common_msgs.egg-info/SOURCES.txt'
[0.458s] [100%] Built target ament_cmake_python_build_autoware_common_msgs_egg
[0.469s] Invoked command in '/home/zyme/ros_ws/Autoware_sim_test/build/autoware_common_msgs' returned '0': CMAKE_PREFIX_PATH=/opt/ros/humble /usr/bin/cmake --build /home/zyme/ros_ws/Autoware_sim_test/build/autoware_common_msgs
[0.530s] Invoking command in '/home/zyme/ros_ws/Autoware_sim_test/build/autoware_common_msgs': CMAKE_PREFIX_PATH=/opt/ros/humble /usr/bin/cmake --install /home/zyme/ros_ws/Autoware_sim_test/build/autoware_common_msgs
[0.537s] -- Install configuration: "Release"
[0.537s] -- Execute custom install script
[0.538s] -- Up-to-date symlink: /home/zyme/ros_ws/Autoware_sim_test/install/autoware_common_msgs/share/ament_index/resource_index/rosidl_interfaces/autoware_common_msgs
[0.538s] -- Up-to-date symlink: /home/zyme/ros_ws/Autoware_sim_test/install/autoware_common_msgs/include/autoware_common_msgs/autoware_common_msgs/msg/detail/response_status__functions.h
[0.538s] -- Up-to-date symlink: /home/zyme/ros_ws/Autoware_sim_test/install/autoware_common_msgs/include/autoware_common_msgs/autoware_common_msgs/msg/detail/response_status__struct.h
[0.538s] -- Up-to-date symlink: /home/zyme/ros_ws/Autoware_sim_test/install/autoware_common_msgs/include/autoware_common_msgs/autoware_common_msgs/msg/detail/response_status__type_support.h
[0.538s] -- Up-to-date symlink: /home/zyme/ros_ws/Autoware_sim_test/install/autoware_common_msgs/include/autoware_common_msgs/autoware_common_msgs/msg/response_status.h
[0.539s] -- Up-to-date symlink: /home/zyme/ros_ws/Autoware_sim_test/install/autoware_common_msgs/include/autoware_common_msgs/autoware_common_msgs/msg/rosidl_generator_c__visibility_control.h
[0.539s] -- Up-to-date symlink: /home/zyme/ros_ws/Autoware_sim_test/install/autoware_common_msgs/share/autoware_common_msgs/environment/library_path.sh
[0.539s] -- Up-to-date symlink: /home/zyme/ros_ws/Autoware_sim_test/install/autoware_common_msgs/share/autoware_common_msgs/environment/library_path.dsv
[0.539s] -- Up-to-date symlink: /home/zyme/ros_ws/Autoware_sim_test/install/autoware_common_msgs/include/autoware_common_msgs/autoware_common_msgs/msg/detail/response_status__rosidl_typesupport_fastrtps_c.h
[0.539s] -- Up-to-date symlink: /home/zyme/ros_ws/Autoware_sim_test/install/autoware_common_msgs/include/autoware_common_msgs/autoware_common_msgs/msg/rosidl_typesupport_fastrtps_c__visibility_control.h
[0.539s] -- Up-to-date symlink: /home/zyme/ros_ws/Autoware_sim_test/install/autoware_common_msgs/include/autoware_common_msgs/autoware_common_msgs/msg/detail/response_status__rosidl_typesupport_introspection_c.h
[0.540s] -- Up-to-date symlink: /home/zyme/ros_ws/Autoware_sim_test/install/autoware_common_msgs/include/autoware_common_msgs/autoware_common_msgs/msg/rosidl_typesupport_introspection_c__visibility_control.h
[0.540s] -- Up-to-date symlink: /home/zyme/ros_ws/Autoware_sim_test/install/autoware_common_msgs/include/autoware_common_msgs/autoware_common_msgs/msg/detail/response_status__builder.hpp
[0.540s] -- Up-to-date symlink: /home/zyme/ros_ws/Autoware_sim_test/install/autoware_common_msgs/include/autoware_common_msgs/autoware_common_msgs/msg/detail/response_status__struct.hpp
[0.540s] -- Up-to-date symlink: /home/zyme/ros_ws/Autoware_sim_test/install/autoware_common_msgs/include/autoware_common_msgs/autoware_common_msgs/msg/detail/response_status__traits.hpp
[0.540s] -- Up-to-date symlink: /home/zyme/ros_ws/Autoware_sim_test/install/autoware_common_msgs/include/autoware_common_msgs/autoware_common_msgs/msg/response_status.hpp
[0.541s] -- Up-to-date symlink: /home/zyme/ros_ws/Autoware_sim_test/install/autoware_common_msgs/include/autoware_common_msgs/autoware_common_msgs/msg/detail/response_status__rosidl_typesupport_fastrtps_cpp.hpp
[0.541s] -- Up-to-date symlink: /home/zyme/ros_ws/Autoware_sim_test/install/autoware_common_msgs/include/autoware_common_msgs/autoware_common_msgs/msg/rosidl_typesupport_fastrtps_cpp__visibility_control.h
[0.542s] -- Up-to-date symlink: /home/zyme/ros_ws/Autoware_sim_test/install/autoware_common_msgs/include/autoware_common_msgs/autoware_common_msgs/msg/detail/response_status__rosidl_typesupport_introspection_cpp.hpp
[0.542s] -- Up-to-date symlink: /home/zyme/ros_ws/Autoware_sim_test/install/autoware_common_msgs/share/autoware_common_msgs/environment/pythonpath.sh
[0.542s] -- Up-to-date symlink: /home/zyme/ros_ws/Autoware_sim_test/install/autoware_common_msgs/share/autoware_common_msgs/environment/pythonpath.dsv
[0.542s] -- Up-to-date symlink: /home/zyme/ros_ws/Autoware_sim_test/install/autoware_common_msgs/local/lib/python3.10/dist-packages/autoware_common_msgs-1.0.0-py3.10.egg-info/PKG-INFO
[0.543s] -- Up-to-date symlink: /home/zyme/ros_ws/Autoware_sim_test/install/autoware_common_msgs/local/lib/python3.10/dist-packages/autoware_common_msgs-1.0.0-py3.10.egg-info/SOURCES.txt
[0.543s] -- Up-to-date symlink: /home/zyme/ros_ws/Autoware_sim_test/install/autoware_common_msgs/local/lib/python3.10/dist-packages/autoware_common_msgs-1.0.0-py3.10.egg-info/dependency_links.txt
[0.543s] -- Up-to-date symlink: /home/zyme/ros_ws/Autoware_sim_test/install/autoware_common_msgs/local/lib/python3.10/dist-packages/autoware_common_msgs-1.0.0-py3.10.egg-info/top_level.txt
[0.543s] -- Up-to-date symlink: /home/zyme/ros_ws/Autoware_sim_test/install/autoware_common_msgs/local/lib/python3.10/dist-packages/autoware_common_msgs/__init__.py
[0.544s] -- Up-to-date symlink: /home/zyme/ros_ws/Autoware_sim_test/install/autoware_common_msgs/local/lib/python3.10/dist-packages/autoware_common_msgs/_autoware_common_msgs_s.ep.rosidl_typesupport_c.c
[0.544s] -- Up-to-date symlink: /home/zyme/ros_ws/Autoware_sim_test/install/autoware_common_msgs/local/lib/python3.10/dist-packages/autoware_common_msgs/_autoware_common_msgs_s.ep.rosidl_typesupport_fastrtps_c.c
[0.544s] -- Up-to-date symlink: /home/zyme/ros_ws/Autoware_sim_test/install/autoware_common_msgs/local/lib/python3.10/dist-packages/autoware_common_msgs/_autoware_common_msgs_s.ep.rosidl_typesupport_introspection_c.c
[0.544s] -- Up-to-date symlink: /home/zyme/ros_ws/Autoware_sim_test/install/autoware_common_msgs/local/lib/python3.10/dist-packages/autoware_common_msgs/autoware_common_msgs_s__rosidl_typesupport_c.cpython-310-x86_64-linux-gnu.so
[0.544s] -- Up-to-date symlink: /home/zyme/ros_ws/Autoware_sim_test/install/autoware_common_msgs/local/lib/python3.10/dist-packages/autoware_common_msgs/autoware_common_msgs_s__rosidl_typesupport_fastrtps_c.cpython-310-x86_64-linux-gnu.so
[0.544s] -- Up-to-date symlink: /home/zyme/ros_ws/Autoware_sim_test/install/autoware_common_msgs/local/lib/python3.10/dist-packages/autoware_common_msgs/autoware_common_msgs_s__rosidl_typesupport_introspection_c.cpython-310-x86_64-linux-gnu.so
[0.544s] -- Up-to-date symlink: /home/zyme/ros_ws/Autoware_sim_test/install/autoware_common_msgs/local/lib/python3.10/dist-packages/autoware_common_msgs/libautoware_common_msgs__rosidl_generator_py.so
[0.544s] -- Up-to-date symlink: /home/zyme/ros_ws/Autoware_sim_test/install/autoware_common_msgs/local/lib/python3.10/dist-packages/autoware_common_msgs/msg/__init__.py
[0.544s] -- Up-to-date symlink: /home/zyme/ros_ws/Autoware_sim_test/install/autoware_common_msgs/local/lib/python3.10/dist-packages/autoware_common_msgs/msg/_response_status.py
[0.544s] -- Up-to-date symlink: /home/zyme/ros_ws/Autoware_sim_test/install/autoware_common_msgs/local/lib/python3.10/dist-packages/autoware_common_msgs/msg/_response_status_s.c
[0.545s] -- Up-to-date symlink: /home/zyme/ros_ws/Autoware_sim_test/install/autoware_common_msgs/local/lib/python3.10/dist-packages/autoware_common_msgs/autoware_common_msgs_s__rosidl_typesupport_fastrtps_c.cpython-310-x86_64-linux-gnu.so
[0.545s] -- Up-to-date symlink: /home/zyme/ros_ws/Autoware_sim_test/install/autoware_common_msgs/local/lib/python3.10/dist-packages/autoware_common_msgs/autoware_common_msgs_s__rosidl_typesupport_introspection_c.cpython-310-x86_64-linux-gnu.so
[0.545s] -- Up-to-date symlink: /home/zyme/ros_ws/Autoware_sim_test/install/autoware_common_msgs/local/lib/python3.10/dist-packages/autoware_common_msgs/autoware_common_msgs_s__rosidl_typesupport_c.cpython-310-x86_64-linux-gnu.so
[0.545s] -- Up-to-date symlink: /home/zyme/ros_ws/Autoware_sim_test/install/autoware_common_msgs/share/autoware_common_msgs/msg/ResponseStatus.idl
[0.545s] -- Up-to-date symlink: /home/zyme/ros_ws/Autoware_sim_test/install/autoware_common_msgs/share/autoware_common_msgs/msg/ResponseStatus.msg
[0.546s] -- Up-to-date symlink: /home/zyme/ros_ws/Autoware_sim_test/install/autoware_common_msgs/share/ament_index/resource_index/package_run_dependencies/autoware_common_msgs
[0.546s] -- Up-to-date symlink: /home/zyme/ros_ws/Autoware_sim_test/install/autoware_common_msgs/share/ament_index/resource_index/parent_prefix_path/autoware_common_msgs
[0.546s] -- Up-to-date symlink: /home/zyme/ros_ws/Autoware_sim_test/install/autoware_common_msgs/share/autoware_common_msgs/environment/ament_prefix_path.sh
[0.546s] -- Up-to-date symlink: /home/zyme/ros_ws/Autoware_sim_test/install/autoware_common_msgs/share/autoware_common_msgs/environment/ament_prefix_path.dsv
[0.547s] -- Up-to-date symlink: /home/zyme/ros_ws/Autoware_sim_test/install/autoware_common_msgs/share/autoware_common_msgs/environment/path.sh
[0.547s] -- Up-to-date symlink: /home/zyme/ros_ws/Autoware_sim_test/install/autoware_common_msgs/share/autoware_common_msgs/environment/path.dsv
[0.547s] -- Up-to-date symlink: /home/zyme/ros_ws/Autoware_sim_test/install/autoware_common_msgs/share/autoware_common_msgs/local_setup.bash
[0.547s] -- Up-to-date symlink: /home/zyme/ros_ws/Autoware_sim_test/install/autoware_common_msgs/share/autoware_common_msgs/local_setup.sh
[0.547s] -- Up-to-date symlink: /home/zyme/ros_ws/Autoware_sim_test/install/autoware_common_msgs/share/autoware_common_msgs/local_setup.zsh
[0.548s] -- Up-to-date symlink: /home/zyme/ros_ws/Autoware_sim_test/install/autoware_common_msgs/share/autoware_common_msgs/local_setup.dsv
[0.548s] -- Symlinking: /home/zyme/ros_ws/Autoware_sim_test/install/autoware_common_msgs/share/autoware_common_msgs/package.dsv
[0.556s] -- Up-to-date symlink: /home/zyme/ros_ws/Autoware_sim_test/install/autoware_common_msgs/share/ament_index/resource_index/packages/autoware_common_msgs
[0.556s] -- Up-to-date symlink: /home/zyme/ros_ws/Autoware_sim_test/install/autoware_common_msgs/share/autoware_common_msgs/cmake/rosidl_cmake-extras.cmake
[0.557s] -- Up-to-date symlink: /home/zyme/ros_ws/Autoware_sim_test/install/autoware_common_msgs/share/autoware_common_msgs/cmake/ament_cmake_export_include_directories-extras.cmake
[0.557s] -- Up-to-date symlink: /home/zyme/ros_ws/Autoware_sim_test/install/autoware_common_msgs/share/autoware_common_msgs/cmake/ament_cmake_export_libraries-extras.cmake
[0.557s] -- Up-to-date symlink: /home/zyme/ros_ws/Autoware_sim_test/install/autoware_common_msgs/share/autoware_common_msgs/cmake/ament_cmake_export_targets-extras.cmake
[0.557s] -- Up-to-date symlink: /home/zyme/ros_ws/Autoware_sim_test/install/autoware_common_msgs/share/autoware_common_msgs/cmake/rosidl_cmake_export_typesupport_targets-extras.cmake
[0.557s] -- Up-to-date symlink: /home/zyme/ros_ws/Autoware_sim_test/install/autoware_common_msgs/share/autoware_common_msgs/cmake/ament_cmake_export_dependencies-extras.cmake
[0.558s] -- Up-to-date symlink: /home/zyme/ros_ws/Autoware_sim_test/install/autoware_common_msgs/share/autoware_common_msgs/cmake/rosidl_cmake_export_typesupport_libraries-extras.cmake
[0.558s] -- Up-to-date symlink: /home/zyme/ros_ws/Autoware_sim_test/install/autoware_common_msgs/share/autoware_common_msgs/cmake/autoware_common_msgsConfig.cmake
[0.558s] -- Up-to-date symlink: /home/zyme/ros_ws/Autoware_sim_test/install/autoware_common_msgs/share/autoware_common_msgs/cmake/autoware_common_msgsConfig-version.cmake
[0.558s] -- Up-to-date symlink: /home/zyme/ros_ws/Autoware_sim_test/install/autoware_common_msgs/share/autoware_common_msgs/package.xml
[0.558s] -- Up-to-date: /home/zyme/ros_ws/Autoware_sim_test/install/autoware_common_msgs/lib/libautoware_common_msgs__rosidl_generator_c.so
[0.559s] -- Up-to-date: /home/zyme/ros_ws/Autoware_sim_test/install/autoware_common_msgs/lib/libautoware_common_msgs__rosidl_typesupport_fastrtps_c.so
[0.559s] -- Up-to-date: /home/zyme/ros_ws/Autoware_sim_test/install/autoware_common_msgs/lib/libautoware_common_msgs__rosidl_typesupport_introspection_c.so
[0.559s] -- Up-to-date: /home/zyme/ros_ws/Autoware_sim_test/install/autoware_common_msgs/lib/libautoware_common_msgs__rosidl_typesupport_c.so
[0.559s] -- Up-to-date: /home/zyme/ros_ws/Autoware_sim_test/install/autoware_common_msgs/lib/libautoware_common_msgs__rosidl_typesupport_fastrtps_cpp.so
[0.560s] -- Up-to-date: /home/zyme/ros_ws/Autoware_sim_test/install/autoware_common_msgs/lib/libautoware_common_msgs__rosidl_typesupport_introspection_cpp.so
[0.560s] -- Up-to-date: /home/zyme/ros_ws/Autoware_sim_test/install/autoware_common_msgs/lib/libautoware_common_msgs__rosidl_typesupport_cpp.so
[0.592s] Listing '/home/zyme/ros_ws/Autoware_sim_test/install/autoware_common_msgs/local/lib/python3.10/dist-packages/autoware_common_msgs'...
[0.592s] Listing '/home/zyme/ros_ws/Autoware_sim_test/install/autoware_common_msgs/local/lib/python3.10/dist-packages/autoware_common_msgs/msg'...
[0.596s] -- Up-to-date: /home/zyme/ros_ws/Autoware_sim_test/install/autoware_common_msgs/lib/libautoware_common_msgs__rosidl_generator_py.so
[0.596s] -- Up-to-date: /home/zyme/ros_ws/Autoware_sim_test/install/autoware_common_msgs/share/autoware_common_msgs/cmake/export_autoware_common_msgs__rosidl_generator_cExport.cmake
[0.596s] -- Up-to-date: /home/zyme/ros_ws/Autoware_sim_test/install/autoware_common_msgs/share/autoware_common_msgs/cmake/export_autoware_common_msgs__rosidl_generator_cExport-release.cmake
[0.596s] -- Up-to-date: /home/zyme/ros_ws/Autoware_sim_test/install/autoware_common_msgs/share/autoware_common_msgs/cmake/export_autoware_common_msgs__rosidl_typesupport_fastrtps_cExport.cmake
[0.596s] -- Up-to-date: /home/zyme/ros_ws/Autoware_sim_test/install/autoware_common_msgs/share/autoware_common_msgs/cmake/export_autoware_common_msgs__rosidl_typesupport_fastrtps_cExport-release.cmake
[0.596s] -- Up-to-date: /home/zyme/ros_ws/Autoware_sim_test/install/autoware_common_msgs/share/autoware_common_msgs/cmake/autoware_common_msgs__rosidl_typesupport_introspection_cExport.cmake
[0.596s] -- Up-to-date: /home/zyme/ros_ws/Autoware_sim_test/install/autoware_common_msgs/share/autoware_common_msgs/cmake/autoware_common_msgs__rosidl_typesupport_introspection_cExport-release.cmake
[0.596s] -- Up-to-date: /home/zyme/ros_ws/Autoware_sim_test/install/autoware_common_msgs/share/autoware_common_msgs/cmake/autoware_common_msgs__rosidl_typesupport_cExport.cmake
[0.597s] -- Up-to-date: /home/zyme/ros_ws/Autoware_sim_test/install/autoware_common_msgs/share/autoware_common_msgs/cmake/autoware_common_msgs__rosidl_typesupport_cExport-release.cmake
[0.597s] -- Up-to-date: /home/zyme/ros_ws/Autoware_sim_test/install/autoware_common_msgs/share/autoware_common_msgs/cmake/export_autoware_common_msgs__rosidl_generator_cppExport.cmake
[0.597s] -- Up-to-date: /home/zyme/ros_ws/Autoware_sim_test/install/autoware_common_msgs/share/autoware_common_msgs/cmake/export_autoware_common_msgs__rosidl_typesupport_fastrtps_cppExport.cmake
[0.597s] -- Up-to-date: /home/zyme/ros_ws/Autoware_sim_test/install/autoware_common_msgs/share/autoware_common_msgs/cmake/export_autoware_common_msgs__rosidl_typesupport_fastrtps_cppExport-release.cmake
[0.597s] -- Up-to-date: /home/zyme/ros_ws/Autoware_sim_test/install/autoware_common_msgs/share/autoware_common_msgs/cmake/autoware_common_msgs__rosidl_typesupport_introspection_cppExport.cmake
[0.597s] -- Up-to-date: /home/zyme/ros_ws/Autoware_sim_test/install/autoware_common_msgs/share/autoware_common_msgs/cmake/autoware_common_msgs__rosidl_typesupport_introspection_cppExport-release.cmake
[0.597s] -- Up-to-date: /home/zyme/ros_ws/Autoware_sim_test/install/autoware_common_msgs/share/autoware_common_msgs/cmake/autoware_common_msgs__rosidl_typesupport_cppExport.cmake
[0.597s] -- Up-to-date: /home/zyme/ros_ws/Autoware_sim_test/install/autoware_common_msgs/share/autoware_common_msgs/cmake/autoware_common_msgs__rosidl_typesupport_cppExport-release.cmake
[0.597s] -- Up-to-date: /home/zyme/ros_ws/Autoware_sim_test/install/autoware_common_msgs/share/autoware_common_msgs/cmake/export_autoware_common_msgs__rosidl_generator_pyExport.cmake
[0.597s] -- Up-to-date: /home/zyme/ros_ws/Autoware_sim_test/install/autoware_common_msgs/share/autoware_common_msgs/cmake/export_autoware_common_msgs__rosidl_generator_pyExport-release.cmake
[0.599s] Invoked command in '/home/zyme/ros_ws/Autoware_sim_test/build/autoware_common_msgs' returned '0': CMAKE_PREFIX_PATH=/opt/ros/humble /usr/bin/cmake --install /home/zyme/ros_ws/Autoware_sim_test/build/autoware_common_msgs
