[0.099s] Invoking command in '/home/zyme/ros_ws/Autoware_sim_test/build/lane_departure_checker': AMENT_PREFIX_PATH=/home/zyme/ros_ws/Autoware_sim_test/install/motion_utils:/home/zyme/ros_ws/Autoware_sim_test/install/vehicle_info_util:/home/zyme/ros_ws/Autoware_sim_test/install/interpolation:/home/zyme/ros_ws/Autoware_sim_test/install/tier4_autoware_utils:/home/zyme/ros_ws/Autoware_sim_test/install/lanelet2_extension:/home/zyme/ros_ws/Autoware_sim_test/install/autoware_utils:/home/zyme/ros_ws/Autoware_sim_test/install/autoware_auto_vehicle_msgs:/home/zyme/ros_ws/Autoware_sim_test/install/autoware_cmake:/home/zyme/ros_ws/Autoware_sim_test/install/autoware_auto_planning_msgs:/home/zyme/ros_ws/Autoware_sim_test/install/autoware_auto_perception_msgs:/home/zyme/ros_ws/Autoware_sim_test/install/tier4_debug_msgs:/home/zyme/ros_ws/Autoware_sim_test/install/autoware_planning_msgs:/home/zyme/ros_ws/Autoware_sim_test/install/autoware_lint_common:/home/zyme/ros_ws/Autoware_sim_test/install/autoware_auto_mapping_msgs:/home/zyme/ros_ws/Autoware_sim_test/install/autoware_auto_geometry_msgs:${AMENT_PREFIX_PATH} CMAKE_PREFIX_PATH=/home/zyme/ros_ws/Autoware_sim_test/install/motion_utils:/home/zyme/ros_ws/Autoware_sim_test/install/vehicle_info_util:/home/zyme/ros_ws/Autoware_sim_test/install/interpolation:/home/zyme/ros_ws/Autoware_sim_test/install/tier4_autoware_utils:/home/zyme/ros_ws/Autoware_sim_test/install/lanelet2_extension:/home/zyme/ros_ws/Autoware_sim_test/install/autoware_utils:/home/zyme/ros_ws/Autoware_sim_test/install/autoware_auto_vehicle_msgs:/home/zyme/ros_ws/Autoware_sim_test/install/autoware_cmake:/home/zyme/ros_ws/Autoware_sim_test/install/autoware_auto_planning_msgs:/home/zyme/ros_ws/Autoware_sim_test/install/autoware_auto_perception_msgs:/home/zyme/ros_ws/Autoware_sim_test/install/tier4_debug_msgs:/home/zyme/ros_ws/Autoware_sim_test/install/autoware_planning_msgs:/home/zyme/ros_ws/Autoware_sim_test/install/autoware_lint_common:/home/zyme/ros_ws/Autoware_sim_test/install/autoware_auto_mapping_msgs:/home/zyme/ros_ws/Autoware_sim_test/install/autoware_auto_geometry_msgs:/opt/ros/humble LD_LIBRARY_PATH=/home/zyme/ros_ws/Autoware_sim_test/install/motion_utils/lib:/home/zyme/ros_ws/Autoware_sim_test/install/vehicle_info_util/lib:/home/zyme/ros_ws/Autoware_sim_test/install/interpolation/lib:/home/zyme/ros_ws/Autoware_sim_test/install/tier4_autoware_utils/lib:/home/zyme/ros_ws/Autoware_sim_test/install/lanelet2_extension/lib:/home/zyme/ros_ws/Autoware_sim_test/install/autoware_utils/lib:/home/zyme/ros_ws/Autoware_sim_test/install/autoware_auto_vehicle_msgs/lib:/home/zyme/ros_ws/Autoware_sim_test/install/autoware_auto_planning_msgs/lib:/home/zyme/ros_ws/Autoware_sim_test/install/autoware_auto_perception_msgs/lib:/home/zyme/ros_ws/Autoware_sim_test/install/tier4_debug_msgs/lib:/home/zyme/ros_ws/Autoware_sim_test/install/autoware_planning_msgs/lib:/home/zyme/ros_ws/Autoware_sim_test/install/autoware_auto_mapping_msgs/lib:/home/zyme/ros_ws/Autoware_sim_test/install/autoware_auto_geometry_msgs/lib:${LD_LIBRARY_PATH} PYTHONPATH=/home/zyme/ros_ws/Autoware_sim_test/install/autoware_auto_vehicle_msgs/local/lib/python3.10/dist-packages:/home/zyme/ros_ws/Autoware_sim_test/install/autoware_auto_planning_msgs/local/lib/python3.10/dist-packages:/home/zyme/ros_ws/Autoware_sim_test/install/autoware_auto_perception_msgs/local/lib/python3.10/dist-packages:/home/zyme/ros_ws/Autoware_sim_test/install/tier4_debug_msgs/local/lib/python3.10/dist-packages:/home/zyme/ros_ws/Autoware_sim_test/install/autoware_planning_msgs/local/lib/python3.10/dist-packages:/home/zyme/ros_ws/Autoware_sim_test/install/autoware_auto_mapping_msgs/local/lib/python3.10/dist-packages:/home/zyme/ros_ws/Autoware_sim_test/install/autoware_auto_geometry_msgs/local/lib/python3.10/dist-packages:${PYTHONPATH} /usr/bin/cmake /home/zyme/ros_ws/Autoware_sim_test/src/autoware/src/universe/autoware.universe/control/lane_departure_checker -DCMAKE_BUILD_TYPE=Release -DCMAKE_CXX_FLAGS=-w -DAMENT_CMAKE_SYMLINK_INSTALL=1 -DCMAKE_INSTALL_PREFIX=/home/zyme/ros_ws/Autoware_sim_test/install/lane_departure_checker
[0.156s] -- The C compiler identification is GNU 11.4.0
[0.216s] -- The CXX compiler identification is GNU 11.4.0
[0.224s] -- Detecting C compiler ABI info
[0.305s] -- Detecting C compiler ABI info - done
[0.313s] -- Check for working C compiler: /usr/bin/cc - skipped
[0.314s] -- Detecting C compile features
[0.314s] -- Detecting C compile features - done
[0.317s] -- Detecting CXX compiler ABI info
[0.412s] -- Detecting CXX compiler ABI info - done
[0.419s] -- Check for working CXX compiler: /usr/bin/c++ - skipped
[0.419s] -- Detecting CXX compile features
[0.420s] -- Detecting CXX compile features - done
[0.421s] -- Found autoware_cmake: 0.1.0 (/home/zyme/ros_ws/Autoware_sim_test/install/autoware_cmake/share/autoware_cmake/cmake)
[0.587s] -- Found Python3: /usr/bin/python3 (found version "3.10.12") found components: Interpreter 
[0.650s] -- Override CMake install command with custom implementation using symlinks instead of copying resources
[0.833s] -- Found rosidl_generator_c: 3.1.5 (/opt/ros/humble/share/rosidl_generator_c/cmake)
[0.842s] -- Found rosidl_adapter: 3.1.5 (/opt/ros/humble/share/rosidl_adapter/cmake)
[0.853s] -- Found rosidl_generator_cpp: 3.1.5 (/opt/ros/humble/share/rosidl_generator_cpp/cmake)
[0.871s] -- Using all available rosidl_typesupport_c: rosidl_typesupport_fastrtps_c;rosidl_typesupport_introspection_c
[0.896s] -- Using all available rosidl_typesupport_cpp: rosidl_typesupport_fastrtps_cpp;rosidl_typesupport_introspection_cpp
[1.948s] -- Found rmw_implementation_cmake: 6.1.1 (/opt/ros/humble/share/rmw_implementation_cmake/cmake)
[1.952s] -- Found rmw_cyclonedds_cpp: 1.3.4 (/opt/ros/humble/share/rmw_cyclonedds_cpp/cmake)
[1.996s] -- Using RMW implementation 'rmw_cyclonedds_cpp' as default
[2.011s] -- Looking for pthread.h
[2.088s] -- Looking for pthread.h - found
[2.088s] -- Performing Test CMAKE_HAVE_LIBC_PTHREAD
[2.169s] -- Performing Test CMAKE_HAVE_LIBC_PTHREAD - Success
[2.170s] -- Found Threads: TRUE  
[2.397s] -- Found mrt_cmake_modules: 1.0.9 (/opt/ros/humble/share/mrt_cmake_modules/cmake)
[2.513s] -- Found Boost: /usr/lib/x86_64-linux-gnu/cmake/Boost-1.74.0/BoostConfig.cmake (found version "1.74.0") found components: wserialization thread random serialization log_setup prg_exec_monitor wave system chrono filesystem locale timer date_time regex graph program_options unit_test_framework log atomic iostreams 
[2.779s] -- Found OpenMP_C: -fopenmp (found version "4.5") 
[2.873s] -- Found OpenMP_CXX: -fopenmp (found version "4.5") 
[2.873s] -- Found OpenMP: TRUE (found version "4.5")  
[2.884s] -- Found pugixml: /usr/lib/x86_64-linux-gnu/libpugixml.so  
[2.907s] -- Found PkgConfig: /usr/bin/pkg-config (found version "0.29.2") 
[2.910s] -- Found GeographicLib: /usr/lib/x86_64-linux-gnu/libGeographic.so  
[3.000s] -- Found eigen3_cmake_module: 0.1.1 (/opt/ros/humble/share/eigen3_cmake_module/cmake)
[3.001s] -- Found Eigen3: TRUE (found version "3.4.0") 
[3.001s] -- Ensuring Eigen3 include directory is part of orocos-kdl CMake target
[4.587s] -- Checking for module 'eigen3'
[4.603s] --   Found eigen3, version 3.4.0
[4.643s] -- Found Eigen: /usr/include/eigen3 (Required is at least version "3.1") 
[4.643s] -- Eigen found (include: /usr/include/eigen3, version: 3.4.0)
[4.671s] -- Checking for module 'flann'
[4.687s] --   Found flann, version 1.9.1
[4.735s] -- Found FLANN: /usr/lib/x86_64-linux-gnu/libflann_cpp.so  
[5.880s] -- Checking for module 'libusb-1.0'
[5.898s] --   Found libusb-1.0, version 1.0.25
[5.951s] -- Found libusb: /usr/lib/x86_64-linux-gnu/libusb-1.0.so  
[5.952s] -- OpenNI found (version: 1.5.4.0, include: /usr/include/ni, lib: /usr/lib/libOpenNI.so;libusb::libusb)
[6.040s] -- OpenNI2 found (version: 2.2.0.33, include: /usr/include/openni2, lib: /usr/lib/x86_64-linux-gnu/libOpenNI2.so;libusb::libusb)
[6.208s] -- Eigen found (include: /usr/include/eigen3, version: 3.4.0)
[6.215s] -- OpenNI found (version: 1.5.4.0, include: /usr/include/ni, lib: /usr/lib/libOpenNI.so;libusb::libusb)
[6.222s] -- OpenNI2 found (version: 2.2.0.33, include: /usr/include/openni2, lib: /usr/lib/x86_64-linux-gnu/libOpenNI2.so;libusb::libusb)
[6.378s] -- Found Qhull version 8.0.2
[6.537s] -- OpenNI found (version: 1.5.4.0, include: /usr/include/ni, lib: /usr/lib/libOpenNI.so;libusb::libusb)
[6.699s] -- Found PCL_COMMON: /usr/lib/x86_64-linux-gnu/libpcl_common.so  
[6.700s] -- Found PCL_KDTREE: /usr/lib/x86_64-linux-gnu/libpcl_kdtree.so  
[6.702s] -- Found PCL_OCTREE: /usr/lib/x86_64-linux-gnu/libpcl_octree.so  
[6.703s] -- Found PCL_SEARCH: /usr/lib/x86_64-linux-gnu/libpcl_search.so  
[6.705s] -- Found PCL_SAMPLE_CONSENSUS: /usr/lib/x86_64-linux-gnu/libpcl_sample_consensus.so  
[6.706s] -- Found PCL_FILTERS: /usr/lib/x86_64-linux-gnu/libpcl_filters.so  
[6.706s] -- Found PCL_2D: /usr/include/pcl-1.12  
[6.706s] -- Found PCL_GEOMETRY: /usr/include/pcl-1.12  
[6.707s] -- Found PCL_IO: /usr/lib/x86_64-linux-gnu/libpcl_io.so  
[6.708s] -- Found PCL_FEATURES: /usr/lib/x86_64-linux-gnu/libpcl_features.so  
[6.709s] -- Found PCL_ML: /usr/lib/x86_64-linux-gnu/libpcl_ml.so  
[6.710s] -- Found PCL_SEGMENTATION: /usr/lib/x86_64-linux-gnu/libpcl_segmentation.so  
[6.711s] -- Found PCL_VISUALIZATION: /usr/lib/x86_64-linux-gnu/libpcl_visualization.so  
[6.712s] -- Found PCL_SURFACE: /usr/lib/x86_64-linux-gnu/libpcl_surface.so  
[6.713s] -- Found PCL_REGISTRATION: /usr/lib/x86_64-linux-gnu/libpcl_registration.so  
[6.714s] -- Found PCL_KEYPOINTS: /usr/lib/x86_64-linux-gnu/libpcl_keypoints.so  
[6.715s] -- Found PCL_TRACKING: /usr/lib/x86_64-linux-gnu/libpcl_tracking.so  
[6.715s] -- Found PCL_RECOGNITION: /usr/lib/x86_64-linux-gnu/libpcl_recognition.so  
[6.716s] -- Found PCL_STEREO: /usr/lib/x86_64-linux-gnu/libpcl_stereo.so  
[6.717s] -- Found PCL_APPS: /usr/lib/x86_64-linux-gnu/libpcl_apps.so  
[6.718s] -- Found PCL_IN_HAND_SCANNER: /usr/include/pcl-1.12  
[6.718s] -- Found PCL_MODELER: /usr/include/pcl-1.12  
[6.719s] -- Found PCL_POINT_CLOUD_EDITOR: /usr/include/pcl-1.12  
[6.720s] -- Found PCL_OUTOFCORE: /usr/lib/x86_64-linux-gnu/libpcl_outofcore.so  
[6.721s] -- Found PCL_PEOPLE: /usr/lib/x86_64-linux-gnu/libpcl_people.so  
[11.803s] -- Found ament_lint_auto: 0.12.10 (/opt/ros/humble/share/ament_lint_auto/cmake)
[22.008s] -- Added test 'copyright' to check source files copyright and LICENSE
[22.012s] -- Added test 'cppcheck' to perform static code analysis on C / C++ code
[22.014s] -- Configured cppcheck include dirs: /home/zyme/ros_ws/Autoware_sim_test/src/autoware/src/universe/autoware.universe/control/lane_departure_checker/include
[22.014s] -- Configured cppcheck exclude dirs and/or files: 
[22.015s] -- Added test 'lint_cmake' to check CMake code style
[22.016s] -- Added test 'xmllint' to check XML markup files
[22.020s] -- Configuring done
[22.139s] -- Generating done
[22.142s] -- Build files have been written to: /home/zyme/ros_ws/Autoware_sim_test/build/lane_departure_checker
[22.167s] Invoked command in '/home/zyme/ros_ws/Autoware_sim_test/build/lane_departure_checker' returned '0': AMENT_PREFIX_PATH=/home/zyme/ros_ws/Autoware_sim_test/install/motion_utils:/home/zyme/ros_ws/Autoware_sim_test/install/vehicle_info_util:/home/zyme/ros_ws/Autoware_sim_test/install/interpolation:/home/zyme/ros_ws/Autoware_sim_test/install/tier4_autoware_utils:/home/zyme/ros_ws/Autoware_sim_test/install/lanelet2_extension:/home/zyme/ros_ws/Autoware_sim_test/install/autoware_utils:/home/zyme/ros_ws/Autoware_sim_test/install/autoware_auto_vehicle_msgs:/home/zyme/ros_ws/Autoware_sim_test/install/autoware_cmake:/home/zyme/ros_ws/Autoware_sim_test/install/autoware_auto_planning_msgs:/home/zyme/ros_ws/Autoware_sim_test/install/autoware_auto_perception_msgs:/home/zyme/ros_ws/Autoware_sim_test/install/tier4_debug_msgs:/home/zyme/ros_ws/Autoware_sim_test/install/autoware_planning_msgs:/home/zyme/ros_ws/Autoware_sim_test/install/autoware_lint_common:/home/zyme/ros_ws/Autoware_sim_test/install/autoware_auto_mapping_msgs:/home/zyme/ros_ws/Autoware_sim_test/install/autoware_auto_geometry_msgs:${AMENT_PREFIX_PATH} CMAKE_PREFIX_PATH=/home/zyme/ros_ws/Autoware_sim_test/install/motion_utils:/home/zyme/ros_ws/Autoware_sim_test/install/vehicle_info_util:/home/zyme/ros_ws/Autoware_sim_test/install/interpolation:/home/zyme/ros_ws/Autoware_sim_test/install/tier4_autoware_utils:/home/zyme/ros_ws/Autoware_sim_test/install/lanelet2_extension:/home/zyme/ros_ws/Autoware_sim_test/install/autoware_utils:/home/zyme/ros_ws/Autoware_sim_test/install/autoware_auto_vehicle_msgs:/home/zyme/ros_ws/Autoware_sim_test/install/autoware_cmake:/home/zyme/ros_ws/Autoware_sim_test/install/autoware_auto_planning_msgs:/home/zyme/ros_ws/Autoware_sim_test/install/autoware_auto_perception_msgs:/home/zyme/ros_ws/Autoware_sim_test/install/tier4_debug_msgs:/home/zyme/ros_ws/Autoware_sim_test/install/autoware_planning_msgs:/home/zyme/ros_ws/Autoware_sim_test/install/autoware_lint_common:/home/zyme/ros_ws/Autoware_sim_test/install/autoware_auto_mapping_msgs:/home/zyme/ros_ws/Autoware_sim_test/install/autoware_auto_geometry_msgs:/opt/ros/humble LD_LIBRARY_PATH=/home/zyme/ros_ws/Autoware_sim_test/install/motion_utils/lib:/home/zyme/ros_ws/Autoware_sim_test/install/vehicle_info_util/lib:/home/zyme/ros_ws/Autoware_sim_test/install/interpolation/lib:/home/zyme/ros_ws/Autoware_sim_test/install/tier4_autoware_utils/lib:/home/zyme/ros_ws/Autoware_sim_test/install/lanelet2_extension/lib:/home/zyme/ros_ws/Autoware_sim_test/install/autoware_utils/lib:/home/zyme/ros_ws/Autoware_sim_test/install/autoware_auto_vehicle_msgs/lib:/home/zyme/ros_ws/Autoware_sim_test/install/autoware_auto_planning_msgs/lib:/home/zyme/ros_ws/Autoware_sim_test/install/autoware_auto_perception_msgs/lib:/home/zyme/ros_ws/Autoware_sim_test/install/tier4_debug_msgs/lib:/home/zyme/ros_ws/Autoware_sim_test/install/autoware_planning_msgs/lib:/home/zyme/ros_ws/Autoware_sim_test/install/autoware_auto_mapping_msgs/lib:/home/zyme/ros_ws/Autoware_sim_test/install/autoware_auto_geometry_msgs/lib:${LD_LIBRARY_PATH} PYTHONPATH=/home/zyme/ros_ws/Autoware_sim_test/install/autoware_auto_vehicle_msgs/local/lib/python3.10/dist-packages:/home/zyme/ros_ws/Autoware_sim_test/install/autoware_auto_planning_msgs/local/lib/python3.10/dist-packages:/home/zyme/ros_ws/Autoware_sim_test/install/autoware_auto_perception_msgs/local/lib/python3.10/dist-packages:/home/zyme/ros_ws/Autoware_sim_test/install/tier4_debug_msgs/local/lib/python3.10/dist-packages:/home/zyme/ros_ws/Autoware_sim_test/install/autoware_planning_msgs/local/lib/python3.10/dist-packages:/home/zyme/ros_ws/Autoware_sim_test/install/autoware_auto_mapping_msgs/local/lib/python3.10/dist-packages:/home/zyme/ros_ws/Autoware_sim_test/install/autoware_auto_geometry_msgs/local/lib/python3.10/dist-packages:${PYTHONPATH} /usr/bin/cmake /home/zyme/ros_ws/Autoware_sim_test/src/autoware/src/universe/autoware.universe/control/lane_departure_checker -DCMAKE_BUILD_TYPE=Release -DCMAKE_CXX_FLAGS=-w -DAMENT_CMAKE_SYMLINK_INSTALL=1 -DCMAKE_INSTALL_PREFIX=/home/zyme/ros_ws/Autoware_sim_test/install/lane_departure_checker
[22.169s] Invoking command in '/home/zyme/ros_ws/Autoware_sim_test/build/lane_departure_checker': AMENT_PREFIX_PATH=/home/zyme/ros_ws/Autoware_sim_test/install/motion_utils:/home/zyme/ros_ws/Autoware_sim_test/install/vehicle_info_util:/home/zyme/ros_ws/Autoware_sim_test/install/interpolation:/home/zyme/ros_ws/Autoware_sim_test/install/tier4_autoware_utils:/home/zyme/ros_ws/Autoware_sim_test/install/lanelet2_extension:/home/zyme/ros_ws/Autoware_sim_test/install/autoware_utils:/home/zyme/ros_ws/Autoware_sim_test/install/autoware_auto_vehicle_msgs:/home/zyme/ros_ws/Autoware_sim_test/install/autoware_cmake:/home/zyme/ros_ws/Autoware_sim_test/install/autoware_auto_planning_msgs:/home/zyme/ros_ws/Autoware_sim_test/install/autoware_auto_perception_msgs:/home/zyme/ros_ws/Autoware_sim_test/install/tier4_debug_msgs:/home/zyme/ros_ws/Autoware_sim_test/install/autoware_planning_msgs:/home/zyme/ros_ws/Autoware_sim_test/install/autoware_lint_common:/home/zyme/ros_ws/Autoware_sim_test/install/autoware_auto_mapping_msgs:/home/zyme/ros_ws/Autoware_sim_test/install/autoware_auto_geometry_msgs:${AMENT_PREFIX_PATH} CMAKE_PREFIX_PATH=/home/zyme/ros_ws/Autoware_sim_test/install/motion_utils:/home/zyme/ros_ws/Autoware_sim_test/install/vehicle_info_util:/home/zyme/ros_ws/Autoware_sim_test/install/interpolation:/home/zyme/ros_ws/Autoware_sim_test/install/tier4_autoware_utils:/home/zyme/ros_ws/Autoware_sim_test/install/lanelet2_extension:/home/zyme/ros_ws/Autoware_sim_test/install/autoware_utils:/home/zyme/ros_ws/Autoware_sim_test/install/autoware_auto_vehicle_msgs:/home/zyme/ros_ws/Autoware_sim_test/install/autoware_cmake:/home/zyme/ros_ws/Autoware_sim_test/install/autoware_auto_planning_msgs:/home/zyme/ros_ws/Autoware_sim_test/install/autoware_auto_perception_msgs:/home/zyme/ros_ws/Autoware_sim_test/install/tier4_debug_msgs:/home/zyme/ros_ws/Autoware_sim_test/install/autoware_planning_msgs:/home/zyme/ros_ws/Autoware_sim_test/install/autoware_lint_common:/home/zyme/ros_ws/Autoware_sim_test/install/autoware_auto_mapping_msgs:/home/zyme/ros_ws/Autoware_sim_test/install/autoware_auto_geometry_msgs:/opt/ros/humble LD_LIBRARY_PATH=/home/zyme/ros_ws/Autoware_sim_test/install/motion_utils/lib:/home/zyme/ros_ws/Autoware_sim_test/install/vehicle_info_util/lib:/home/zyme/ros_ws/Autoware_sim_test/install/interpolation/lib:/home/zyme/ros_ws/Autoware_sim_test/install/tier4_autoware_utils/lib:/home/zyme/ros_ws/Autoware_sim_test/install/lanelet2_extension/lib:/home/zyme/ros_ws/Autoware_sim_test/install/autoware_utils/lib:/home/zyme/ros_ws/Autoware_sim_test/install/autoware_auto_vehicle_msgs/lib:/home/zyme/ros_ws/Autoware_sim_test/install/autoware_auto_planning_msgs/lib:/home/zyme/ros_ws/Autoware_sim_test/install/autoware_auto_perception_msgs/lib:/home/zyme/ros_ws/Autoware_sim_test/install/tier4_debug_msgs/lib:/home/zyme/ros_ws/Autoware_sim_test/install/autoware_planning_msgs/lib:/home/zyme/ros_ws/Autoware_sim_test/install/autoware_auto_mapping_msgs/lib:/home/zyme/ros_ws/Autoware_sim_test/install/autoware_auto_geometry_msgs/lib:${LD_LIBRARY_PATH} PYTHONPATH=/home/zyme/ros_ws/Autoware_sim_test/install/autoware_auto_vehicle_msgs/local/lib/python3.10/dist-packages:/home/zyme/ros_ws/Autoware_sim_test/install/autoware_auto_planning_msgs/local/lib/python3.10/dist-packages:/home/zyme/ros_ws/Autoware_sim_test/install/autoware_auto_perception_msgs/local/lib/python3.10/dist-packages:/home/zyme/ros_ws/Autoware_sim_test/install/tier4_debug_msgs/local/lib/python3.10/dist-packages:/home/zyme/ros_ws/Autoware_sim_test/install/autoware_planning_msgs/local/lib/python3.10/dist-packages:/home/zyme/ros_ws/Autoware_sim_test/install/autoware_auto_mapping_msgs/local/lib/python3.10/dist-packages:/home/zyme/ros_ws/Autoware_sim_test/install/autoware_auto_geometry_msgs/local/lib/python3.10/dist-packages:${PYTHONPATH} /usr/bin/cmake --build /home/zyme/ros_ws/Autoware_sim_test/build/lane_departure_checker -- -j12 -l12
[22.233s] [ 20%] [32mBuilding CXX object CMakeFiles/lane_departure_checker_node.dir/rclcpp_components/node_main_lane_departure_checker_node.cpp.o[0m
[22.234s] [ 60%] [32mBuilding CXX object CMakeFiles/lane_departure_checker.dir/src/lane_departure_checker_node/lane_departure_checker.cpp.o[0m
[22.234s] [ 60%] [32mBuilding CXX object CMakeFiles/lane_departure_checker.dir/src/lane_departure_checker_node/lane_departure_checker_node.cpp.o[0m
[26.116s] [ 80%] [32m[1mLinking CXX executable lane_departure_checker_node[0m
[26.250s] [ 80%] Built target lane_departure_checker_node
[56.103s] [100%] [32m[1mLinking CXX shared library liblane_departure_checker.so[0m
[56.974s] [100%] Built target lane_departure_checker
[56.990s] Invoked command in '/home/zyme/ros_ws/Autoware_sim_test/build/lane_departure_checker' returned '0': AMENT_PREFIX_PATH=/home/zyme/ros_ws/Autoware_sim_test/install/motion_utils:/home/zyme/ros_ws/Autoware_sim_test/install/vehicle_info_util:/home/zyme/ros_ws/Autoware_sim_test/install/interpolation:/home/zyme/ros_ws/Autoware_sim_test/install/tier4_autoware_utils:/home/zyme/ros_ws/Autoware_sim_test/install/lanelet2_extension:/home/zyme/ros_ws/Autoware_sim_test/install/autoware_utils:/home/zyme/ros_ws/Autoware_sim_test/install/autoware_auto_vehicle_msgs:/home/zyme/ros_ws/Autoware_sim_test/install/autoware_cmake:/home/zyme/ros_ws/Autoware_sim_test/install/autoware_auto_planning_msgs:/home/zyme/ros_ws/Autoware_sim_test/install/autoware_auto_perception_msgs:/home/zyme/ros_ws/Autoware_sim_test/install/tier4_debug_msgs:/home/zyme/ros_ws/Autoware_sim_test/install/autoware_planning_msgs:/home/zyme/ros_ws/Autoware_sim_test/install/autoware_lint_common:/home/zyme/ros_ws/Autoware_sim_test/install/autoware_auto_mapping_msgs:/home/zyme/ros_ws/Autoware_sim_test/install/autoware_auto_geometry_msgs:${AMENT_PREFIX_PATH} CMAKE_PREFIX_PATH=/home/zyme/ros_ws/Autoware_sim_test/install/motion_utils:/home/zyme/ros_ws/Autoware_sim_test/install/vehicle_info_util:/home/zyme/ros_ws/Autoware_sim_test/install/interpolation:/home/zyme/ros_ws/Autoware_sim_test/install/tier4_autoware_utils:/home/zyme/ros_ws/Autoware_sim_test/install/lanelet2_extension:/home/zyme/ros_ws/Autoware_sim_test/install/autoware_utils:/home/zyme/ros_ws/Autoware_sim_test/install/autoware_auto_vehicle_msgs:/home/zyme/ros_ws/Autoware_sim_test/install/autoware_cmake:/home/zyme/ros_ws/Autoware_sim_test/install/autoware_auto_planning_msgs:/home/zyme/ros_ws/Autoware_sim_test/install/autoware_auto_perception_msgs:/home/zyme/ros_ws/Autoware_sim_test/install/tier4_debug_msgs:/home/zyme/ros_ws/Autoware_sim_test/install/autoware_planning_msgs:/home/zyme/ros_ws/Autoware_sim_test/install/autoware_lint_common:/home/zyme/ros_ws/Autoware_sim_test/install/autoware_auto_mapping_msgs:/home/zyme/ros_ws/Autoware_sim_test/install/autoware_auto_geometry_msgs:/opt/ros/humble LD_LIBRARY_PATH=/home/zyme/ros_ws/Autoware_sim_test/install/motion_utils/lib:/home/zyme/ros_ws/Autoware_sim_test/install/vehicle_info_util/lib:/home/zyme/ros_ws/Autoware_sim_test/install/interpolation/lib:/home/zyme/ros_ws/Autoware_sim_test/install/tier4_autoware_utils/lib:/home/zyme/ros_ws/Autoware_sim_test/install/lanelet2_extension/lib:/home/zyme/ros_ws/Autoware_sim_test/install/autoware_utils/lib:/home/zyme/ros_ws/Autoware_sim_test/install/autoware_auto_vehicle_msgs/lib:/home/zyme/ros_ws/Autoware_sim_test/install/autoware_auto_planning_msgs/lib:/home/zyme/ros_ws/Autoware_sim_test/install/autoware_auto_perception_msgs/lib:/home/zyme/ros_ws/Autoware_sim_test/install/tier4_debug_msgs/lib:/home/zyme/ros_ws/Autoware_sim_test/install/autoware_planning_msgs/lib:/home/zyme/ros_ws/Autoware_sim_test/install/autoware_auto_mapping_msgs/lib:/home/zyme/ros_ws/Autoware_sim_test/install/autoware_auto_geometry_msgs/lib:${LD_LIBRARY_PATH} PYTHONPATH=/home/zyme/ros_ws/Autoware_sim_test/install/autoware_auto_vehicle_msgs/local/lib/python3.10/dist-packages:/home/zyme/ros_ws/Autoware_sim_test/install/autoware_auto_planning_msgs/local/lib/python3.10/dist-packages:/home/zyme/ros_ws/Autoware_sim_test/install/autoware_auto_perception_msgs/local/lib/python3.10/dist-packages:/home/zyme/ros_ws/Autoware_sim_test/install/tier4_debug_msgs/local/lib/python3.10/dist-packages:/home/zyme/ros_ws/Autoware_sim_test/install/autoware_planning_msgs/local/lib/python3.10/dist-packages:/home/zyme/ros_ws/Autoware_sim_test/install/autoware_auto_mapping_msgs/local/lib/python3.10/dist-packages:/home/zyme/ros_ws/Autoware_sim_test/install/autoware_auto_geometry_msgs/local/lib/python3.10/dist-packages:${PYTHONPATH} /usr/bin/cmake --build /home/zyme/ros_ws/Autoware_sim_test/build/lane_departure_checker -- -j12 -l12
[57.024s] Invoking command in '/home/zyme/ros_ws/Autoware_sim_test/build/lane_departure_checker': AMENT_PREFIX_PATH=/home/zyme/ros_ws/Autoware_sim_test/install/motion_utils:/home/zyme/ros_ws/Autoware_sim_test/install/vehicle_info_util:/home/zyme/ros_ws/Autoware_sim_test/install/interpolation:/home/zyme/ros_ws/Autoware_sim_test/install/tier4_autoware_utils:/home/zyme/ros_ws/Autoware_sim_test/install/lanelet2_extension:/home/zyme/ros_ws/Autoware_sim_test/install/autoware_utils:/home/zyme/ros_ws/Autoware_sim_test/install/autoware_auto_vehicle_msgs:/home/zyme/ros_ws/Autoware_sim_test/install/autoware_cmake:/home/zyme/ros_ws/Autoware_sim_test/install/autoware_auto_planning_msgs:/home/zyme/ros_ws/Autoware_sim_test/install/autoware_auto_perception_msgs:/home/zyme/ros_ws/Autoware_sim_test/install/tier4_debug_msgs:/home/zyme/ros_ws/Autoware_sim_test/install/autoware_planning_msgs:/home/zyme/ros_ws/Autoware_sim_test/install/autoware_lint_common:/home/zyme/ros_ws/Autoware_sim_test/install/autoware_auto_mapping_msgs:/home/zyme/ros_ws/Autoware_sim_test/install/autoware_auto_geometry_msgs:${AMENT_PREFIX_PATH} CMAKE_PREFIX_PATH=/home/zyme/ros_ws/Autoware_sim_test/install/motion_utils:/home/zyme/ros_ws/Autoware_sim_test/install/vehicle_info_util:/home/zyme/ros_ws/Autoware_sim_test/install/interpolation:/home/zyme/ros_ws/Autoware_sim_test/install/tier4_autoware_utils:/home/zyme/ros_ws/Autoware_sim_test/install/lanelet2_extension:/home/zyme/ros_ws/Autoware_sim_test/install/autoware_utils:/home/zyme/ros_ws/Autoware_sim_test/install/autoware_auto_vehicle_msgs:/home/zyme/ros_ws/Autoware_sim_test/install/autoware_cmake:/home/zyme/ros_ws/Autoware_sim_test/install/autoware_auto_planning_msgs:/home/zyme/ros_ws/Autoware_sim_test/install/autoware_auto_perception_msgs:/home/zyme/ros_ws/Autoware_sim_test/install/tier4_debug_msgs:/home/zyme/ros_ws/Autoware_sim_test/install/autoware_planning_msgs:/home/zyme/ros_ws/Autoware_sim_test/install/autoware_lint_common:/home/zyme/ros_ws/Autoware_sim_test/install/autoware_auto_mapping_msgs:/home/zyme/ros_ws/Autoware_sim_test/install/autoware_auto_geometry_msgs:/opt/ros/humble LD_LIBRARY_PATH=/home/zyme/ros_ws/Autoware_sim_test/install/motion_utils/lib:/home/zyme/ros_ws/Autoware_sim_test/install/vehicle_info_util/lib:/home/zyme/ros_ws/Autoware_sim_test/install/interpolation/lib:/home/zyme/ros_ws/Autoware_sim_test/install/tier4_autoware_utils/lib:/home/zyme/ros_ws/Autoware_sim_test/install/lanelet2_extension/lib:/home/zyme/ros_ws/Autoware_sim_test/install/autoware_utils/lib:/home/zyme/ros_ws/Autoware_sim_test/install/autoware_auto_vehicle_msgs/lib:/home/zyme/ros_ws/Autoware_sim_test/install/autoware_auto_planning_msgs/lib:/home/zyme/ros_ws/Autoware_sim_test/install/autoware_auto_perception_msgs/lib:/home/zyme/ros_ws/Autoware_sim_test/install/tier4_debug_msgs/lib:/home/zyme/ros_ws/Autoware_sim_test/install/autoware_planning_msgs/lib:/home/zyme/ros_ws/Autoware_sim_test/install/autoware_auto_mapping_msgs/lib:/home/zyme/ros_ws/Autoware_sim_test/install/autoware_auto_geometry_msgs/lib:${LD_LIBRARY_PATH} PYTHONPATH=/home/zyme/ros_ws/Autoware_sim_test/install/autoware_auto_vehicle_msgs/local/lib/python3.10/dist-packages:/home/zyme/ros_ws/Autoware_sim_test/install/autoware_auto_planning_msgs/local/lib/python3.10/dist-packages:/home/zyme/ros_ws/Autoware_sim_test/install/autoware_auto_perception_msgs/local/lib/python3.10/dist-packages:/home/zyme/ros_ws/Autoware_sim_test/install/tier4_debug_msgs/local/lib/python3.10/dist-packages:/home/zyme/ros_ws/Autoware_sim_test/install/autoware_planning_msgs/local/lib/python3.10/dist-packages:/home/zyme/ros_ws/Autoware_sim_test/install/autoware_auto_mapping_msgs/local/lib/python3.10/dist-packages:/home/zyme/ros_ws/Autoware_sim_test/install/autoware_auto_geometry_msgs/local/lib/python3.10/dist-packages:${PYTHONPATH} /usr/bin/cmake --install /home/zyme/ros_ws/Autoware_sim_test/build/lane_departure_checker
[57.032s] -- Install configuration: "Release"
[57.033s] -- Execute custom install script
[57.033s] -- Symlinking: /home/zyme/ros_ws/Autoware_sim_test/install/lane_departure_checker/lib/lane_departure_checker/lane_departure_checker_node
[57.045s] -- Symlinking: /home/zyme/ros_ws/Autoware_sim_test/install/lane_departure_checker/include/lane_departure_checker/lane_departure_checker.hpp
[57.056s] -- Symlinking: /home/zyme/ros_ws/Autoware_sim_test/install/lane_departure_checker/include/lane_departure_checker/lane_departure_checker_node.hpp
[57.066s] -- Symlinking: /home/zyme/ros_ws/Autoware_sim_test/install/lane_departure_checker/include/lane_departure_checker/util/create_vehicle_footprint.hpp
[57.077s] -- Symlinking: /home/zyme/ros_ws/Autoware_sim_test/install/lane_departure_checker/share/lane_departure_checker/environment/library_path.sh
[57.088s] -- Symlinking: /home/zyme/ros_ws/Autoware_sim_test/install/lane_departure_checker/share/lane_departure_checker/environment/library_path.dsv
[57.099s] -- Symlinking: /home/zyme/ros_ws/Autoware_sim_test/install/lane_departure_checker/lib/liblane_departure_checker.so
[57.110s] -- Symlinking: /home/zyme/ros_ws/Autoware_sim_test/install/lane_departure_checker/share/lane_departure_checker/launch/lane_departure_checker.launch.xml
[57.123s] -- Symlinking: /home/zyme/ros_ws/Autoware_sim_test/install/lane_departure_checker/share/lane_departure_checker/config/lane_departure_checker.param.yaml
[57.133s] -- Symlinking: /home/zyme/ros_ws/Autoware_sim_test/install/lane_departure_checker/share/ament_index/resource_index/package_run_dependencies/lane_departure_checker
[57.143s] -- Symlinking: /home/zyme/ros_ws/Autoware_sim_test/install/lane_departure_checker/share/ament_index/resource_index/parent_prefix_path/lane_departure_checker
[57.153s] -- Symlinking: /home/zyme/ros_ws/Autoware_sim_test/install/lane_departure_checker/share/lane_departure_checker/environment/ament_prefix_path.sh
[57.164s] -- Symlinking: /home/zyme/ros_ws/Autoware_sim_test/install/lane_departure_checker/share/lane_departure_checker/environment/ament_prefix_path.dsv
[57.175s] -- Symlinking: /home/zyme/ros_ws/Autoware_sim_test/install/lane_departure_checker/share/lane_departure_checker/environment/path.sh
[57.185s] -- Symlinking: /home/zyme/ros_ws/Autoware_sim_test/install/lane_departure_checker/share/lane_departure_checker/environment/path.dsv
[57.196s] -- Symlinking: /home/zyme/ros_ws/Autoware_sim_test/install/lane_departure_checker/share/lane_departure_checker/local_setup.bash
[57.207s] -- Symlinking: /home/zyme/ros_ws/Autoware_sim_test/install/lane_departure_checker/share/lane_departure_checker/local_setup.sh
[57.219s] -- Symlinking: /home/zyme/ros_ws/Autoware_sim_test/install/lane_departure_checker/share/lane_departure_checker/local_setup.zsh
[57.231s] -- Symlinking: /home/zyme/ros_ws/Autoware_sim_test/install/lane_departure_checker/share/lane_departure_checker/local_setup.dsv
[57.242s] -- Symlinking: /home/zyme/ros_ws/Autoware_sim_test/install/lane_departure_checker/share/lane_departure_checker/package.dsv
[57.252s] -- Symlinking: /home/zyme/ros_ws/Autoware_sim_test/install/lane_departure_checker/share/ament_index/resource_index/packages/lane_departure_checker
[57.263s] -- Symlinking: /home/zyme/ros_ws/Autoware_sim_test/install/lane_departure_checker/share/ament_index/resource_index/rclcpp_components/lane_departure_checker
[57.275s] -- Symlinking: /home/zyme/ros_ws/Autoware_sim_test/install/lane_departure_checker/share/lane_departure_checker/cmake/ament_cmake_export_dependencies-extras.cmake
[57.287s] -- Symlinking: /home/zyme/ros_ws/Autoware_sim_test/install/lane_departure_checker/share/lane_departure_checker/cmake/ament_cmake_export_include_directories-extras.cmake
[57.298s] -- Symlinking: /home/zyme/ros_ws/Autoware_sim_test/install/lane_departure_checker/share/lane_departure_checker/cmake/ament_cmake_export_libraries-extras.cmake
[57.308s] -- Symlinking: /home/zyme/ros_ws/Autoware_sim_test/install/lane_departure_checker/share/lane_departure_checker/cmake/lane_departure_checkerConfig.cmake
[57.319s] -- Symlinking: /home/zyme/ros_ws/Autoware_sim_test/install/lane_departure_checker/share/lane_departure_checker/cmake/lane_departure_checkerConfig-version.cmake
[57.329s] -- Symlinking: /home/zyme/ros_ws/Autoware_sim_test/install/lane_departure_checker/share/lane_departure_checker/package.xml
[57.342s] Invoked command in '/home/zyme/ros_ws/Autoware_sim_test/build/lane_departure_checker' returned '0': AMENT_PREFIX_PATH=/home/zyme/ros_ws/Autoware_sim_test/install/motion_utils:/home/zyme/ros_ws/Autoware_sim_test/install/vehicle_info_util:/home/zyme/ros_ws/Autoware_sim_test/install/interpolation:/home/zyme/ros_ws/Autoware_sim_test/install/tier4_autoware_utils:/home/zyme/ros_ws/Autoware_sim_test/install/lanelet2_extension:/home/zyme/ros_ws/Autoware_sim_test/install/autoware_utils:/home/zyme/ros_ws/Autoware_sim_test/install/autoware_auto_vehicle_msgs:/home/zyme/ros_ws/Autoware_sim_test/install/autoware_cmake:/home/zyme/ros_ws/Autoware_sim_test/install/autoware_auto_planning_msgs:/home/zyme/ros_ws/Autoware_sim_test/install/autoware_auto_perception_msgs:/home/zyme/ros_ws/Autoware_sim_test/install/tier4_debug_msgs:/home/zyme/ros_ws/Autoware_sim_test/install/autoware_planning_msgs:/home/zyme/ros_ws/Autoware_sim_test/install/autoware_lint_common:/home/zyme/ros_ws/Autoware_sim_test/install/autoware_auto_mapping_msgs:/home/zyme/ros_ws/Autoware_sim_test/install/autoware_auto_geometry_msgs:${AMENT_PREFIX_PATH} CMAKE_PREFIX_PATH=/home/zyme/ros_ws/Autoware_sim_test/install/motion_utils:/home/zyme/ros_ws/Autoware_sim_test/install/vehicle_info_util:/home/zyme/ros_ws/Autoware_sim_test/install/interpolation:/home/zyme/ros_ws/Autoware_sim_test/install/tier4_autoware_utils:/home/zyme/ros_ws/Autoware_sim_test/install/lanelet2_extension:/home/zyme/ros_ws/Autoware_sim_test/install/autoware_utils:/home/zyme/ros_ws/Autoware_sim_test/install/autoware_auto_vehicle_msgs:/home/zyme/ros_ws/Autoware_sim_test/install/autoware_cmake:/home/zyme/ros_ws/Autoware_sim_test/install/autoware_auto_planning_msgs:/home/zyme/ros_ws/Autoware_sim_test/install/autoware_auto_perception_msgs:/home/zyme/ros_ws/Autoware_sim_test/install/tier4_debug_msgs:/home/zyme/ros_ws/Autoware_sim_test/install/autoware_planning_msgs:/home/zyme/ros_ws/Autoware_sim_test/install/autoware_lint_common:/home/zyme/ros_ws/Autoware_sim_test/install/autoware_auto_mapping_msgs:/home/zyme/ros_ws/Autoware_sim_test/install/autoware_auto_geometry_msgs:/opt/ros/humble LD_LIBRARY_PATH=/home/zyme/ros_ws/Autoware_sim_test/install/motion_utils/lib:/home/zyme/ros_ws/Autoware_sim_test/install/vehicle_info_util/lib:/home/zyme/ros_ws/Autoware_sim_test/install/interpolation/lib:/home/zyme/ros_ws/Autoware_sim_test/install/tier4_autoware_utils/lib:/home/zyme/ros_ws/Autoware_sim_test/install/lanelet2_extension/lib:/home/zyme/ros_ws/Autoware_sim_test/install/autoware_utils/lib:/home/zyme/ros_ws/Autoware_sim_test/install/autoware_auto_vehicle_msgs/lib:/home/zyme/ros_ws/Autoware_sim_test/install/autoware_auto_planning_msgs/lib:/home/zyme/ros_ws/Autoware_sim_test/install/autoware_auto_perception_msgs/lib:/home/zyme/ros_ws/Autoware_sim_test/install/tier4_debug_msgs/lib:/home/zyme/ros_ws/Autoware_sim_test/install/autoware_planning_msgs/lib:/home/zyme/ros_ws/Autoware_sim_test/install/autoware_auto_mapping_msgs/lib:/home/zyme/ros_ws/Autoware_sim_test/install/autoware_auto_geometry_msgs/lib:${LD_LIBRARY_PATH} PYTHONPATH=/home/zyme/ros_ws/Autoware_sim_test/install/autoware_auto_vehicle_msgs/local/lib/python3.10/dist-packages:/home/zyme/ros_ws/Autoware_sim_test/install/autoware_auto_planning_msgs/local/lib/python3.10/dist-packages:/home/zyme/ros_ws/Autoware_sim_test/install/autoware_auto_perception_msgs/local/lib/python3.10/dist-packages:/home/zyme/ros_ws/Autoware_sim_test/install/tier4_debug_msgs/local/lib/python3.10/dist-packages:/home/zyme/ros_ws/Autoware_sim_test/install/autoware_planning_msgs/local/lib/python3.10/dist-packages:/home/zyme/ros_ws/Autoware_sim_test/install/autoware_auto_mapping_msgs/local/lib/python3.10/dist-packages:/home/zyme/ros_ws/Autoware_sim_test/install/autoware_auto_geometry_msgs/local/lib/python3.10/dist-packages:${PYTHONPATH} /usr/bin/cmake --install /home/zyme/ros_ws/Autoware_sim_test/build/lane_departure_checker
