-- The C compiler identification is GNU 11.4.0
-- The CXX compiler identification is GNU 11.4.0
-- Detecting C compiler ABI info
-- Detecting C compiler ABI info - done
-- Check for working C compiler: /usr/bin/cc - skipped
-- Detecting C compile features
-- Detecting C compile features - done
-- Detecting CXX compiler ABI info
-- Detecting CXX compiler ABI info - done
-- Check for working CXX compiler: /usr/bin/c++ - skipped
-- Detecting CXX compile features
-- Detecting CXX compile features - done
-- Found autoware_cmake: 0.1.0 (/home/zyme/ros_ws/Autoware_sim_test/install/autoware_cmake/share/autoware_cmake/cmake)
-- Found Python3: /usr/bin/python3 (found version "3.10.12") found components: Interpreter 
-- Override CMake install command with custom implementation using symlinks instead of copying resources
-- Looking for pthread.h
-- Looking for pthread.h - found
-- Performing Test CMAKE_HAVE_LIBC_PTHREAD
-- Performing Test CMAKE_HAVE_LIBC_PTHREAD - Success
-- Found Threads: TRUE  
-- Found rosidl_generator_c: 3.1.5 (/opt/ros/humble/share/rosidl_generator_c/cmake)
-- Found rosidl_adapter: 3.1.5 (/opt/ros/humble/share/rosidl_adapter/cmake)
-- Found rosidl_generator_cpp: 3.1.5 (/opt/ros/humble/share/rosidl_generator_cpp/cmake)
-- Using all available rosidl_typesupport_c: rosidl_typesupport_fastrtps_c;rosidl_typesupport_introspection_c
-- Using all available rosidl_typesupport_cpp: rosidl_typesupport_fastrtps_cpp;rosidl_typesupport_introspection_cpp
-- Found rmw_implementation_cmake: 6.1.1 (/opt/ros/humble/share/rmw_implementation_cmake/cmake)
-- Found rmw_cyclonedds_cpp: 1.3.4 (/opt/ros/humble/share/rmw_cyclonedds_cpp/cmake)
-- Using RMW implementation 'rmw_cyclonedds_cpp' as default
-- Found TensorRT headers at /usr/include/x86_64-linux-gnu
-- Found TensorRT libs at /usr/lib/x86_64-linux-gnu/libnvinfer.so;/usr/lib/x86_64-linux-gnu/libnvinfer_plugin.so;/usr/lib/x86_64-linux-gnu/libnvparsers.so;/usr/lib/x86_64-linux-gnu/libnvonnxparser.so
-- Found ament_lint_auto: 0.12.10 (/opt/ros/humble/share/ament_lint_auto/cmake)
-- Found CUDA: /usr/local/cuda (found version "12.3") 
-- Found CUDNN: /usr/lib/x86_64-linux-gnu/libcudnn.so (found version "8.9.5") 
[33mCMake Warning (dev) at CMakeLists.txt:11 (find_package):
  Policy CMP0074 is not set: find_package uses <PackageName>_ROOT variables.
  Run "cmake --help-policy CMP0074" for policy details.  Use the cmake_policy
  command to set the policy and suppress this warning.

  CMake variable TENSORRT_ROOT is set to:

    /usr

  For compatibility, CMake is ignoring the variable.
This warning is for project developers.  Use -Wno-dev to suppress it.
[0m
-- Found TensorRT headers at /usr/include/x86_64-linux-gnu
-- Found TensorRT libs at /usr/lib/x86_64-linux-gnu/libnvinfer.so;/usr/lib/x86_64-linux-gnu/libnvinfer_plugin.so;/usr/lib/x86_64-linux-gnu/libnvparsers.so;/usr/lib/x86_64-linux-gnu/libnvonnxparser.so
-- Found TENSORRT: /usr/include/x86_64-linux-gnu (found version "8.6.1") 
-- Found OpenCV: /usr (found version "4.5.4") 
-- Added test 'copyright' to check source files copyright and LICENSE
-- Added test 'cppcheck' to perform static code analysis on C / C++ code
-- Configured cppcheck include dirs: /home/zyme/ros_ws/Autoware_sim_test/src/autoware/src/universe/autoware.universe/perception/tensorrt_classifier/include;$<BUILD_INTERFACE:/home/zyme/ros_ws/Autoware_sim_test/src/autoware/src/universe/autoware.universe/perception/tensorrt_classifier/include>
-- Configured cppcheck exclude dirs and/or files: 
-- Added test 'lint_cmake' to check CMake code style
-- Added test 'xmllint' to check XML markup files
-- Configuring done
-- Generating done
-- Build files have been written to: /home/zyme/ros_ws/Autoware_sim_test/build/tensorrt_classifier
[ 50%] [32mBuilding CXX object CMakeFiles/tensorrt_classifier.dir/src/tensorrt_classifier.cpp.o[0m
[100%] [32m[1mLinking CXX shared library libtensorrt_classifier.so[0m
[100%] Built target tensorrt_classifier
-- Install configuration: "Release"
-- Execute custom install script
-- Symlinking: /home/zyme/ros_ws/Autoware_sim_test/install/tensorrt_classifier/include/tensorrt_classifier/calibrator.hpp
-- Symlinking: /home/zyme/ros_ws/Autoware_sim_test/install/tensorrt_classifier/include/tensorrt_classifier/preprocess.h
-- Symlinking: /home/zyme/ros_ws/Autoware_sim_test/install/tensorrt_classifier/include/tensorrt_classifier/tensorrt_classifier.hpp
-- Symlinking: /home/zyme/ros_ws/Autoware_sim_test/install/tensorrt_classifier/share/tensorrt_classifier/environment/library_path.sh
-- Symlinking: /home/zyme/ros_ws/Autoware_sim_test/install/tensorrt_classifier/share/tensorrt_classifier/environment/library_path.dsv
-- Symlinking: /home/zyme/ros_ws/Autoware_sim_test/install/tensorrt_classifier/lib/libtensorrt_classifier.so
-- Up-to-date symlink: /home/zyme/ros_ws/Autoware_sim_test/install/tensorrt_classifier/lib/libtensorrt_classifier.so
-- Symlinking: /home/zyme/ros_ws/Autoware_sim_test/install/tensorrt_classifier/share/ament_index/resource_index/package_run_dependencies/tensorrt_classifier
-- Symlinking: /home/zyme/ros_ws/Autoware_sim_test/install/tensorrt_classifier/share/ament_index/resource_index/parent_prefix_path/tensorrt_classifier
-- Symlinking: /home/zyme/ros_ws/Autoware_sim_test/install/tensorrt_classifier/share/tensorrt_classifier/environment/ament_prefix_path.sh
-- Symlinking: /home/zyme/ros_ws/Autoware_sim_test/install/tensorrt_classifier/share/tensorrt_classifier/environment/ament_prefix_path.dsv
-- Symlinking: /home/zyme/ros_ws/Autoware_sim_test/install/tensorrt_classifier/share/tensorrt_classifier/environment/path.sh
-- Symlinking: /home/zyme/ros_ws/Autoware_sim_test/install/tensorrt_classifier/share/tensorrt_classifier/environment/path.dsv
-- Symlinking: /home/zyme/ros_ws/Autoware_sim_test/install/tensorrt_classifier/share/tensorrt_classifier/local_setup.bash
-- Symlinking: /home/zyme/ros_ws/Autoware_sim_test/install/tensorrt_classifier/share/tensorrt_classifier/local_setup.sh
-- Symlinking: /home/zyme/ros_ws/Autoware_sim_test/install/tensorrt_classifier/share/tensorrt_classifier/local_setup.zsh
-- Symlinking: /home/zyme/ros_ws/Autoware_sim_test/install/tensorrt_classifier/share/tensorrt_classifier/local_setup.dsv
-- Symlinking: /home/zyme/ros_ws/Autoware_sim_test/install/tensorrt_classifier/share/tensorrt_classifier/package.dsv
-- Symlinking: /home/zyme/ros_ws/Autoware_sim_test/install/tensorrt_classifier/share/ament_index/resource_index/packages/tensorrt_classifier
-- Symlinking: /home/zyme/ros_ws/Autoware_sim_test/install/tensorrt_classifier/share/tensorrt_classifier/cmake/ament_cmake_export_include_directories-extras.cmake
-- Symlinking: /home/zyme/ros_ws/Autoware_sim_test/install/tensorrt_classifier/share/tensorrt_classifier/cmake/ament_cmake_export_dependencies-extras.cmake
-- Symlinking: /home/zyme/ros_ws/Autoware_sim_test/install/tensorrt_classifier/share/tensorrt_classifier/cmake/ament_cmake_export_libraries-extras.cmake
-- Symlinking: /home/zyme/ros_ws/Autoware_sim_test/install/tensorrt_classifier/share/tensorrt_classifier/cmake/tensorrt_classifierConfig.cmake
-- Symlinking: /home/zyme/ros_ws/Autoware_sim_test/install/tensorrt_classifier/share/tensorrt_classifier/cmake/tensorrt_classifierConfig-version.cmake
-- Symlinking: /home/zyme/ros_ws/Autoware_sim_test/install/tensorrt_classifier/share/tensorrt_classifier/package.xml
