[0.060s] Invoking command in '/home/zyme/ros_ws/Autoware_sim_test/build/autoware_auto_mapping_msgs': CMAKE_PREFIX_PATH=/opt/ros/humble /usr/bin/cmake --build /home/zyme/ros_ws/Autoware_sim_test/build/autoware_auto_mapping_msgs -- -j12 -l12
[0.118s] [  1%] Built target autoware_auto_mapping_msgs__cpp
[0.123s] [ 12%] Built target autoware_auto_mapping_msgs__rosidl_generator_c
[0.131s] [ 12%] Built target ament_cmake_python_symlink_autoware_auto_mapping_msgs
[0.158s] [ 34%] Built target autoware_auto_mapping_msgs__rosidl_typesupport_cpp
[0.159s] [ 34%] Built target autoware_auto_mapping_msgs__rosidl_typesupport_introspection_cpp
[0.164s] [ 56%] Built target autoware_auto_mapping_msgs__rosidl_typesupport_c
[0.165s] [ 56%] Built target autoware_auto_mapping_msgs__rosidl_typesupport_fastrtps_cpp
[0.167s] [ 67%] Built target autoware_auto_mapping_msgs__rosidl_typesupport_introspection_c
[0.169s] [ 78%] Built target autoware_auto_mapping_msgs__rosidl_typesupport_fastrtps_c
[0.193s] [ 78%] Built target autoware_auto_mapping_msgs
[0.218s] [ 80%] Built target autoware_auto_mapping_msgs__py
[0.250s] [ 89%] Built target autoware_auto_mapping_msgs__rosidl_generator_py
[0.280s] [ 92%] Built target autoware_auto_mapping_msgs__rosidl_typesupport_fastrtps_c__pyext
[0.283s] [100%] Built target autoware_auto_mapping_msgs__rosidl_typesupport_introspection_c__pyext
[0.283s] [100%] Built target autoware_auto_mapping_msgs__rosidl_typesupport_c__pyext
[0.465s] running egg_info
[0.467s] writing autoware_auto_mapping_msgs.egg-info/PKG-INFO
[0.467s] writing dependency_links to autoware_auto_mapping_msgs.egg-info/dependency_links.txt
[0.467s] writing top-level names to autoware_auto_mapping_msgs.egg-info/top_level.txt
[0.470s] reading manifest file 'autoware_auto_mapping_msgs.egg-info/SOURCES.txt'
[0.471s] writing manifest file 'autoware_auto_mapping_msgs.egg-info/SOURCES.txt'
[0.512s] [100%] Built target ament_cmake_python_build_autoware_auto_mapping_msgs_egg
[0.525s] Invoked command in '/home/zyme/ros_ws/Autoware_sim_test/build/autoware_auto_mapping_msgs' returned '0': CMAKE_PREFIX_PATH=/opt/ros/humble /usr/bin/cmake --build /home/zyme/ros_ws/Autoware_sim_test/build/autoware_auto_mapping_msgs -- -j12 -l12
[0.672s] Invoking command in '/home/zyme/ros_ws/Autoware_sim_test/build/autoware_auto_mapping_msgs': CMAKE_PREFIX_PATH=/opt/ros/humble /usr/bin/cmake --install /home/zyme/ros_ws/Autoware_sim_test/build/autoware_auto_mapping_msgs
[0.681s] -- Install configuration: "Release"
[0.682s] -- Execute custom install script
[0.682s] -- Up-to-date symlink: /home/zyme/ros_ws/Autoware_sim_test/install/autoware_auto_mapping_msgs/share/ament_index/resource_index/rosidl_interfaces/autoware_auto_mapping_msgs
[0.683s] -- Up-to-date symlink: /home/zyme/ros_ws/Autoware_sim_test/install/autoware_auto_mapping_msgs/include/autoware_auto_mapping_msgs/autoware_auto_mapping_msgs/msg/detail/had_map_bin__functions.h
[0.683s] -- Up-to-date symlink: /home/zyme/ros_ws/Autoware_sim_test/install/autoware_auto_mapping_msgs/include/autoware_auto_mapping_msgs/autoware_auto_mapping_msgs/msg/detail/had_map_bin__struct.h
[0.683s] -- Up-to-date symlink: /home/zyme/ros_ws/Autoware_sim_test/install/autoware_auto_mapping_msgs/include/autoware_auto_mapping_msgs/autoware_auto_mapping_msgs/msg/detail/had_map_bin__type_support.h
[0.683s] -- Up-to-date symlink: /home/zyme/ros_ws/Autoware_sim_test/install/autoware_auto_mapping_msgs/include/autoware_auto_mapping_msgs/autoware_auto_mapping_msgs/msg/detail/had_map_segment__functions.h
[0.684s] -- Up-to-date symlink: /home/zyme/ros_ws/Autoware_sim_test/install/autoware_auto_mapping_msgs/include/autoware_auto_mapping_msgs/autoware_auto_mapping_msgs/msg/detail/had_map_segment__struct.h
[0.684s] -- Up-to-date symlink: /home/zyme/ros_ws/Autoware_sim_test/install/autoware_auto_mapping_msgs/include/autoware_auto_mapping_msgs/autoware_auto_mapping_msgs/msg/detail/had_map_segment__type_support.h
[0.684s] -- Up-to-date symlink: /home/zyme/ros_ws/Autoware_sim_test/install/autoware_auto_mapping_msgs/include/autoware_auto_mapping_msgs/autoware_auto_mapping_msgs/msg/detail/map_primitive__functions.h
[0.684s] -- Up-to-date symlink: /home/zyme/ros_ws/Autoware_sim_test/install/autoware_auto_mapping_msgs/include/autoware_auto_mapping_msgs/autoware_auto_mapping_msgs/msg/detail/map_primitive__struct.h
[0.685s] -- Up-to-date symlink: /home/zyme/ros_ws/Autoware_sim_test/install/autoware_auto_mapping_msgs/include/autoware_auto_mapping_msgs/autoware_auto_mapping_msgs/msg/detail/map_primitive__type_support.h
[0.685s] -- Up-to-date symlink: /home/zyme/ros_ws/Autoware_sim_test/install/autoware_auto_mapping_msgs/include/autoware_auto_mapping_msgs/autoware_auto_mapping_msgs/msg/had_map_bin.h
[0.685s] -- Up-to-date symlink: /home/zyme/ros_ws/Autoware_sim_test/install/autoware_auto_mapping_msgs/include/autoware_auto_mapping_msgs/autoware_auto_mapping_msgs/msg/had_map_segment.h
[0.685s] -- Up-to-date symlink: /home/zyme/ros_ws/Autoware_sim_test/install/autoware_auto_mapping_msgs/include/autoware_auto_mapping_msgs/autoware_auto_mapping_msgs/msg/map_primitive.h
[0.686s] -- Up-to-date symlink: /home/zyme/ros_ws/Autoware_sim_test/install/autoware_auto_mapping_msgs/include/autoware_auto_mapping_msgs/autoware_auto_mapping_msgs/msg/rosidl_generator_c__visibility_control.h
[0.686s] -- Up-to-date symlink: /home/zyme/ros_ws/Autoware_sim_test/install/autoware_auto_mapping_msgs/include/autoware_auto_mapping_msgs/autoware_auto_mapping_msgs/srv/detail/had_map_service__functions.h
[0.686s] -- Up-to-date symlink: /home/zyme/ros_ws/Autoware_sim_test/install/autoware_auto_mapping_msgs/include/autoware_auto_mapping_msgs/autoware_auto_mapping_msgs/srv/detail/had_map_service__struct.h
[0.686s] -- Up-to-date symlink: /home/zyme/ros_ws/Autoware_sim_test/install/autoware_auto_mapping_msgs/include/autoware_auto_mapping_msgs/autoware_auto_mapping_msgs/srv/detail/had_map_service__type_support.h
[0.687s] -- Up-to-date symlink: /home/zyme/ros_ws/Autoware_sim_test/install/autoware_auto_mapping_msgs/include/autoware_auto_mapping_msgs/autoware_auto_mapping_msgs/srv/had_map_service.h
[0.687s] -- Up-to-date symlink: /home/zyme/ros_ws/Autoware_sim_test/install/autoware_auto_mapping_msgs/share/autoware_auto_mapping_msgs/environment/library_path.sh
[0.688s] -- Up-to-date symlink: /home/zyme/ros_ws/Autoware_sim_test/install/autoware_auto_mapping_msgs/share/autoware_auto_mapping_msgs/environment/library_path.dsv
[0.689s] -- Up-to-date symlink: /home/zyme/ros_ws/Autoware_sim_test/install/autoware_auto_mapping_msgs/include/autoware_auto_mapping_msgs/autoware_auto_mapping_msgs/msg/detail/had_map_bin__rosidl_typesupport_fastrtps_c.h
[0.689s] -- Up-to-date symlink: /home/zyme/ros_ws/Autoware_sim_test/install/autoware_auto_mapping_msgs/include/autoware_auto_mapping_msgs/autoware_auto_mapping_msgs/msg/detail/had_map_segment__rosidl_typesupport_fastrtps_c.h
[0.689s] -- Up-to-date symlink: /home/zyme/ros_ws/Autoware_sim_test/install/autoware_auto_mapping_msgs/include/autoware_auto_mapping_msgs/autoware_auto_mapping_msgs/msg/detail/map_primitive__rosidl_typesupport_fastrtps_c.h
[0.689s] -- Up-to-date symlink: /home/zyme/ros_ws/Autoware_sim_test/install/autoware_auto_mapping_msgs/include/autoware_auto_mapping_msgs/autoware_auto_mapping_msgs/msg/rosidl_typesupport_fastrtps_c__visibility_control.h
[0.690s] -- Up-to-date symlink: /home/zyme/ros_ws/Autoware_sim_test/install/autoware_auto_mapping_msgs/include/autoware_auto_mapping_msgs/autoware_auto_mapping_msgs/srv/detail/had_map_service__rosidl_typesupport_fastrtps_c.h
[0.690s] -- Up-to-date symlink: /home/zyme/ros_ws/Autoware_sim_test/install/autoware_auto_mapping_msgs/include/autoware_auto_mapping_msgs/autoware_auto_mapping_msgs/msg/detail/had_map_bin__rosidl_typesupport_introspection_c.h
[0.691s] -- Up-to-date symlink: /home/zyme/ros_ws/Autoware_sim_test/install/autoware_auto_mapping_msgs/include/autoware_auto_mapping_msgs/autoware_auto_mapping_msgs/msg/detail/had_map_segment__rosidl_typesupport_introspection_c.h
[0.691s] -- Up-to-date symlink: /home/zyme/ros_ws/Autoware_sim_test/install/autoware_auto_mapping_msgs/include/autoware_auto_mapping_msgs/autoware_auto_mapping_msgs/msg/detail/map_primitive__rosidl_typesupport_introspection_c.h
[0.691s] -- Up-to-date symlink: /home/zyme/ros_ws/Autoware_sim_test/install/autoware_auto_mapping_msgs/include/autoware_auto_mapping_msgs/autoware_auto_mapping_msgs/msg/rosidl_typesupport_introspection_c__visibility_control.h
[0.692s] -- Up-to-date symlink: /home/zyme/ros_ws/Autoware_sim_test/install/autoware_auto_mapping_msgs/include/autoware_auto_mapping_msgs/autoware_auto_mapping_msgs/srv/detail/had_map_service__rosidl_typesupport_introspection_c.h
[0.692s] -- Up-to-date symlink: /home/zyme/ros_ws/Autoware_sim_test/install/autoware_auto_mapping_msgs/include/autoware_auto_mapping_msgs/autoware_auto_mapping_msgs/msg/detail/had_map_bin__builder.hpp
[0.693s] -- Up-to-date symlink: /home/zyme/ros_ws/Autoware_sim_test/install/autoware_auto_mapping_msgs/include/autoware_auto_mapping_msgs/autoware_auto_mapping_msgs/msg/detail/had_map_bin__struct.hpp
[0.693s] -- Up-to-date symlink: /home/zyme/ros_ws/Autoware_sim_test/install/autoware_auto_mapping_msgs/include/autoware_auto_mapping_msgs/autoware_auto_mapping_msgs/msg/detail/had_map_bin__traits.hpp
[0.693s] -- Up-to-date symlink: /home/zyme/ros_ws/Autoware_sim_test/install/autoware_auto_mapping_msgs/include/autoware_auto_mapping_msgs/autoware_auto_mapping_msgs/msg/detail/had_map_segment__builder.hpp
[0.694s] -- Up-to-date symlink: /home/zyme/ros_ws/Autoware_sim_test/install/autoware_auto_mapping_msgs/include/autoware_auto_mapping_msgs/autoware_auto_mapping_msgs/msg/detail/had_map_segment__struct.hpp
[0.694s] -- Up-to-date symlink: /home/zyme/ros_ws/Autoware_sim_test/install/autoware_auto_mapping_msgs/include/autoware_auto_mapping_msgs/autoware_auto_mapping_msgs/msg/detail/had_map_segment__traits.hpp
[0.695s] -- Up-to-date symlink: /home/zyme/ros_ws/Autoware_sim_test/install/autoware_auto_mapping_msgs/include/autoware_auto_mapping_msgs/autoware_auto_mapping_msgs/msg/detail/map_primitive__builder.hpp
[0.695s] -- Up-to-date symlink: /home/zyme/ros_ws/Autoware_sim_test/install/autoware_auto_mapping_msgs/include/autoware_auto_mapping_msgs/autoware_auto_mapping_msgs/msg/detail/map_primitive__struct.hpp
[0.696s] -- Up-to-date symlink: /home/zyme/ros_ws/Autoware_sim_test/install/autoware_auto_mapping_msgs/include/autoware_auto_mapping_msgs/autoware_auto_mapping_msgs/msg/detail/map_primitive__traits.hpp
[0.696s] -- Up-to-date symlink: /home/zyme/ros_ws/Autoware_sim_test/install/autoware_auto_mapping_msgs/include/autoware_auto_mapping_msgs/autoware_auto_mapping_msgs/msg/had_map_bin.hpp
[0.696s] -- Up-to-date symlink: /home/zyme/ros_ws/Autoware_sim_test/install/autoware_auto_mapping_msgs/include/autoware_auto_mapping_msgs/autoware_auto_mapping_msgs/msg/had_map_segment.hpp
[0.697s] -- Up-to-date symlink: /home/zyme/ros_ws/Autoware_sim_test/install/autoware_auto_mapping_msgs/include/autoware_auto_mapping_msgs/autoware_auto_mapping_msgs/msg/map_primitive.hpp
[0.697s] -- Up-to-date symlink: /home/zyme/ros_ws/Autoware_sim_test/install/autoware_auto_mapping_msgs/include/autoware_auto_mapping_msgs/autoware_auto_mapping_msgs/srv/detail/had_map_service__builder.hpp
[0.697s] -- Up-to-date symlink: /home/zyme/ros_ws/Autoware_sim_test/install/autoware_auto_mapping_msgs/include/autoware_auto_mapping_msgs/autoware_auto_mapping_msgs/srv/detail/had_map_service__struct.hpp
[0.698s] -- Up-to-date symlink: /home/zyme/ros_ws/Autoware_sim_test/install/autoware_auto_mapping_msgs/include/autoware_auto_mapping_msgs/autoware_auto_mapping_msgs/srv/detail/had_map_service__traits.hpp
[0.698s] -- Up-to-date symlink: /home/zyme/ros_ws/Autoware_sim_test/install/autoware_auto_mapping_msgs/include/autoware_auto_mapping_msgs/autoware_auto_mapping_msgs/srv/had_map_service.hpp
[0.700s] -- Up-to-date symlink: /home/zyme/ros_ws/Autoware_sim_test/install/autoware_auto_mapping_msgs/include/autoware_auto_mapping_msgs/autoware_auto_mapping_msgs/msg/detail/had_map_bin__rosidl_typesupport_fastrtps_cpp.hpp
[0.700s] -- Up-to-date symlink: /home/zyme/ros_ws/Autoware_sim_test/install/autoware_auto_mapping_msgs/include/autoware_auto_mapping_msgs/autoware_auto_mapping_msgs/msg/detail/had_map_segment__rosidl_typesupport_fastrtps_cpp.hpp
[0.700s] -- Up-to-date symlink: /home/zyme/ros_ws/Autoware_sim_test/install/autoware_auto_mapping_msgs/include/autoware_auto_mapping_msgs/autoware_auto_mapping_msgs/msg/detail/map_primitive__rosidl_typesupport_fastrtps_cpp.hpp
[0.701s] -- Up-to-date symlink: /home/zyme/ros_ws/Autoware_sim_test/install/autoware_auto_mapping_msgs/include/autoware_auto_mapping_msgs/autoware_auto_mapping_msgs/msg/rosidl_typesupport_fastrtps_cpp__visibility_control.h
[0.701s] -- Up-to-date symlink: /home/zyme/ros_ws/Autoware_sim_test/install/autoware_auto_mapping_msgs/include/autoware_auto_mapping_msgs/autoware_auto_mapping_msgs/srv/detail/had_map_service__rosidl_typesupport_fastrtps_cpp.hpp
[0.702s] -- Up-to-date symlink: /home/zyme/ros_ws/Autoware_sim_test/install/autoware_auto_mapping_msgs/include/autoware_auto_mapping_msgs/autoware_auto_mapping_msgs/msg/detail/had_map_bin__rosidl_typesupport_introspection_cpp.hpp
[0.702s] -- Up-to-date symlink: /home/zyme/ros_ws/Autoware_sim_test/install/autoware_auto_mapping_msgs/include/autoware_auto_mapping_msgs/autoware_auto_mapping_msgs/msg/detail/had_map_segment__rosidl_typesupport_introspection_cpp.hpp
[0.703s] -- Up-to-date symlink: /home/zyme/ros_ws/Autoware_sim_test/install/autoware_auto_mapping_msgs/include/autoware_auto_mapping_msgs/autoware_auto_mapping_msgs/msg/detail/map_primitive__rosidl_typesupport_introspection_cpp.hpp
[0.703s] -- Up-to-date symlink: /home/zyme/ros_ws/Autoware_sim_test/install/autoware_auto_mapping_msgs/include/autoware_auto_mapping_msgs/autoware_auto_mapping_msgs/srv/detail/had_map_service__rosidl_typesupport_introspection_cpp.hpp
[0.704s] -- Up-to-date symlink: /home/zyme/ros_ws/Autoware_sim_test/install/autoware_auto_mapping_msgs/share/autoware_auto_mapping_msgs/environment/pythonpath.sh
[0.705s] -- Up-to-date symlink: /home/zyme/ros_ws/Autoware_sim_test/install/autoware_auto_mapping_msgs/share/autoware_auto_mapping_msgs/environment/pythonpath.dsv
[0.705s] -- Up-to-date symlink: /home/zyme/ros_ws/Autoware_sim_test/install/autoware_auto_mapping_msgs/local/lib/python3.10/dist-packages/autoware_auto_mapping_msgs-1.0.0-py3.10.egg-info/PKG-INFO
[0.705s] -- Up-to-date symlink: /home/zyme/ros_ws/Autoware_sim_test/install/autoware_auto_mapping_msgs/local/lib/python3.10/dist-packages/autoware_auto_mapping_msgs-1.0.0-py3.10.egg-info/SOURCES.txt
[0.706s] -- Up-to-date symlink: /home/zyme/ros_ws/Autoware_sim_test/install/autoware_auto_mapping_msgs/local/lib/python3.10/dist-packages/autoware_auto_mapping_msgs-1.0.0-py3.10.egg-info/dependency_links.txt
[0.706s] -- Up-to-date symlink: /home/zyme/ros_ws/Autoware_sim_test/install/autoware_auto_mapping_msgs/local/lib/python3.10/dist-packages/autoware_auto_mapping_msgs-1.0.0-py3.10.egg-info/top_level.txt
[0.707s] -- Up-to-date symlink: /home/zyme/ros_ws/Autoware_sim_test/install/autoware_auto_mapping_msgs/local/lib/python3.10/dist-packages/autoware_auto_mapping_msgs/__init__.py
[0.708s] -- Up-to-date symlink: /home/zyme/ros_ws/Autoware_sim_test/install/autoware_auto_mapping_msgs/local/lib/python3.10/dist-packages/autoware_auto_mapping_msgs/_autoware_auto_mapping_msgs_s.ep.rosidl_typesupport_c.c
[0.708s] -- Up-to-date symlink: /home/zyme/ros_ws/Autoware_sim_test/install/autoware_auto_mapping_msgs/local/lib/python3.10/dist-packages/autoware_auto_mapping_msgs/_autoware_auto_mapping_msgs_s.ep.rosidl_typesupport_fastrtps_c.c
[0.708s] -- Up-to-date symlink: /home/zyme/ros_ws/Autoware_sim_test/install/autoware_auto_mapping_msgs/local/lib/python3.10/dist-packages/autoware_auto_mapping_msgs/_autoware_auto_mapping_msgs_s.ep.rosidl_typesupport_introspection_c.c
[0.709s] -- Up-to-date symlink: /home/zyme/ros_ws/Autoware_sim_test/install/autoware_auto_mapping_msgs/local/lib/python3.10/dist-packages/autoware_auto_mapping_msgs/autoware_auto_mapping_msgs_s__rosidl_typesupport_c.cpython-310-x86_64-linux-gnu.so
[0.709s] -- Up-to-date symlink: /home/zyme/ros_ws/Autoware_sim_test/install/autoware_auto_mapping_msgs/local/lib/python3.10/dist-packages/autoware_auto_mapping_msgs/autoware_auto_mapping_msgs_s__rosidl_typesupport_fastrtps_c.cpython-310-x86_64-linux-gnu.so
[0.709s] -- Up-to-date symlink: /home/zyme/ros_ws/Autoware_sim_test/install/autoware_auto_mapping_msgs/local/lib/python3.10/dist-packages/autoware_auto_mapping_msgs/autoware_auto_mapping_msgs_s__rosidl_typesupport_introspection_c.cpython-310-x86_64-linux-gnu.so
[0.709s] -- Up-to-date symlink: /home/zyme/ros_ws/Autoware_sim_test/install/autoware_auto_mapping_msgs/local/lib/python3.10/dist-packages/autoware_auto_mapping_msgs/libautoware_auto_mapping_msgs__rosidl_generator_py.so
[0.710s] -- Up-to-date symlink: /home/zyme/ros_ws/Autoware_sim_test/install/autoware_auto_mapping_msgs/local/lib/python3.10/dist-packages/autoware_auto_mapping_msgs/msg/__init__.py
[0.710s] -- Up-to-date symlink: /home/zyme/ros_ws/Autoware_sim_test/install/autoware_auto_mapping_msgs/local/lib/python3.10/dist-packages/autoware_auto_mapping_msgs/msg/_had_map_bin.py
[0.710s] -- Up-to-date symlink: /home/zyme/ros_ws/Autoware_sim_test/install/autoware_auto_mapping_msgs/local/lib/python3.10/dist-packages/autoware_auto_mapping_msgs/msg/_had_map_bin_s.c
[0.710s] -- Up-to-date symlink: /home/zyme/ros_ws/Autoware_sim_test/install/autoware_auto_mapping_msgs/local/lib/python3.10/dist-packages/autoware_auto_mapping_msgs/msg/_had_map_segment.py
[0.711s] -- Up-to-date symlink: /home/zyme/ros_ws/Autoware_sim_test/install/autoware_auto_mapping_msgs/local/lib/python3.10/dist-packages/autoware_auto_mapping_msgs/msg/_had_map_segment_s.c
[0.711s] -- Up-to-date symlink: /home/zyme/ros_ws/Autoware_sim_test/install/autoware_auto_mapping_msgs/local/lib/python3.10/dist-packages/autoware_auto_mapping_msgs/msg/_map_primitive.py
[0.712s] -- Up-to-date symlink: /home/zyme/ros_ws/Autoware_sim_test/install/autoware_auto_mapping_msgs/local/lib/python3.10/dist-packages/autoware_auto_mapping_msgs/msg/_map_primitive_s.c
[0.712s] -- Up-to-date symlink: /home/zyme/ros_ws/Autoware_sim_test/install/autoware_auto_mapping_msgs/local/lib/python3.10/dist-packages/autoware_auto_mapping_msgs/srv/__init__.py
[0.712s] -- Up-to-date symlink: /home/zyme/ros_ws/Autoware_sim_test/install/autoware_auto_mapping_msgs/local/lib/python3.10/dist-packages/autoware_auto_mapping_msgs/srv/_had_map_service.py
[0.712s] -- Up-to-date symlink: /home/zyme/ros_ws/Autoware_sim_test/install/autoware_auto_mapping_msgs/local/lib/python3.10/dist-packages/autoware_auto_mapping_msgs/srv/_had_map_service_s.c
[0.713s] -- Up-to-date symlink: /home/zyme/ros_ws/Autoware_sim_test/install/autoware_auto_mapping_msgs/local/lib/python3.10/dist-packages/autoware_auto_mapping_msgs/autoware_auto_mapping_msgs_s__rosidl_typesupport_fastrtps_c.cpython-310-x86_64-linux-gnu.so
[0.713s] -- Up-to-date symlink: /home/zyme/ros_ws/Autoware_sim_test/install/autoware_auto_mapping_msgs/local/lib/python3.10/dist-packages/autoware_auto_mapping_msgs/autoware_auto_mapping_msgs_s__rosidl_typesupport_introspection_c.cpython-310-x86_64-linux-gnu.so
[0.714s] -- Up-to-date symlink: /home/zyme/ros_ws/Autoware_sim_test/install/autoware_auto_mapping_msgs/local/lib/python3.10/dist-packages/autoware_auto_mapping_msgs/autoware_auto_mapping_msgs_s__rosidl_typesupport_c.cpython-310-x86_64-linux-gnu.so
[0.714s] -- Up-to-date symlink: /home/zyme/ros_ws/Autoware_sim_test/install/autoware_auto_mapping_msgs/share/autoware_auto_mapping_msgs/msg/HADMapBin.idl
[0.714s] -- Up-to-date symlink: /home/zyme/ros_ws/Autoware_sim_test/install/autoware_auto_mapping_msgs/share/autoware_auto_mapping_msgs/msg/HADMapSegment.idl
[0.715s] -- Up-to-date symlink: /home/zyme/ros_ws/Autoware_sim_test/install/autoware_auto_mapping_msgs/share/autoware_auto_mapping_msgs/msg/MapPrimitive.idl
[0.716s] -- Up-to-date symlink: /home/zyme/ros_ws/Autoware_sim_test/install/autoware_auto_mapping_msgs/share/autoware_auto_mapping_msgs/srv/HADMapService.idl
[0.716s] -- Up-to-date symlink: /home/zyme/ros_ws/Autoware_sim_test/install/autoware_auto_mapping_msgs/share/ament_index/resource_index/package_run_dependencies/autoware_auto_mapping_msgs
[0.717s] -- Up-to-date symlink: /home/zyme/ros_ws/Autoware_sim_test/install/autoware_auto_mapping_msgs/share/ament_index/resource_index/parent_prefix_path/autoware_auto_mapping_msgs
[0.717s] -- Up-to-date symlink: /home/zyme/ros_ws/Autoware_sim_test/install/autoware_auto_mapping_msgs/share/autoware_auto_mapping_msgs/environment/ament_prefix_path.sh
[0.717s] -- Up-to-date symlink: /home/zyme/ros_ws/Autoware_sim_test/install/autoware_auto_mapping_msgs/share/autoware_auto_mapping_msgs/environment/ament_prefix_path.dsv
[0.718s] -- Up-to-date symlink: /home/zyme/ros_ws/Autoware_sim_test/install/autoware_auto_mapping_msgs/share/autoware_auto_mapping_msgs/environment/path.sh
[0.718s] -- Up-to-date symlink: /home/zyme/ros_ws/Autoware_sim_test/install/autoware_auto_mapping_msgs/share/autoware_auto_mapping_msgs/environment/path.dsv
[0.718s] -- Up-to-date symlink: /home/zyme/ros_ws/Autoware_sim_test/install/autoware_auto_mapping_msgs/share/autoware_auto_mapping_msgs/local_setup.bash
[0.718s] -- Up-to-date symlink: /home/zyme/ros_ws/Autoware_sim_test/install/autoware_auto_mapping_msgs/share/autoware_auto_mapping_msgs/local_setup.sh
[0.719s] -- Up-to-date symlink: /home/zyme/ros_ws/Autoware_sim_test/install/autoware_auto_mapping_msgs/share/autoware_auto_mapping_msgs/local_setup.zsh
[0.719s] -- Up-to-date symlink: /home/zyme/ros_ws/Autoware_sim_test/install/autoware_auto_mapping_msgs/share/autoware_auto_mapping_msgs/local_setup.dsv
[0.719s] -- Symlinking: /home/zyme/ros_ws/Autoware_sim_test/install/autoware_auto_mapping_msgs/share/autoware_auto_mapping_msgs/package.dsv
[0.730s] -- Up-to-date symlink: /home/zyme/ros_ws/Autoware_sim_test/install/autoware_auto_mapping_msgs/share/ament_index/resource_index/packages/autoware_auto_mapping_msgs
[0.730s] -- Up-to-date symlink: /home/zyme/ros_ws/Autoware_sim_test/install/autoware_auto_mapping_msgs/share/autoware_auto_mapping_msgs/cmake/rosidl_cmake-extras.cmake
[0.730s] -- Up-to-date symlink: /home/zyme/ros_ws/Autoware_sim_test/install/autoware_auto_mapping_msgs/share/autoware_auto_mapping_msgs/cmake/ament_cmake_export_dependencies-extras.cmake
[0.731s] -- Up-to-date symlink: /home/zyme/ros_ws/Autoware_sim_test/install/autoware_auto_mapping_msgs/share/autoware_auto_mapping_msgs/cmake/ament_cmake_export_include_directories-extras.cmake
[0.731s] -- Up-to-date symlink: /home/zyme/ros_ws/Autoware_sim_test/install/autoware_auto_mapping_msgs/share/autoware_auto_mapping_msgs/cmake/ament_cmake_export_libraries-extras.cmake
[0.731s] -- Up-to-date symlink: /home/zyme/ros_ws/Autoware_sim_test/install/autoware_auto_mapping_msgs/share/autoware_auto_mapping_msgs/cmake/ament_cmake_export_targets-extras.cmake
[0.732s] -- Up-to-date symlink: /home/zyme/ros_ws/Autoware_sim_test/install/autoware_auto_mapping_msgs/share/autoware_auto_mapping_msgs/cmake/rosidl_cmake_export_typesupport_targets-extras.cmake
[0.732s] -- Up-to-date symlink: /home/zyme/ros_ws/Autoware_sim_test/install/autoware_auto_mapping_msgs/share/autoware_auto_mapping_msgs/cmake/rosidl_cmake_export_typesupport_libraries-extras.cmake
[0.732s] -- Up-to-date symlink: /home/zyme/ros_ws/Autoware_sim_test/install/autoware_auto_mapping_msgs/share/autoware_auto_mapping_msgs/cmake/autoware_auto_mapping_msgsConfig.cmake
[0.733s] -- Up-to-date symlink: /home/zyme/ros_ws/Autoware_sim_test/install/autoware_auto_mapping_msgs/share/autoware_auto_mapping_msgs/cmake/autoware_auto_mapping_msgsConfig-version.cmake
[0.733s] -- Up-to-date symlink: /home/zyme/ros_ws/Autoware_sim_test/install/autoware_auto_mapping_msgs/share/autoware_auto_mapping_msgs/package.xml
[0.734s] -- Up-to-date: /home/zyme/ros_ws/Autoware_sim_test/install/autoware_auto_mapping_msgs/lib/libautoware_auto_mapping_msgs__rosidl_generator_c.so
[0.735s] -- Up-to-date: /home/zyme/ros_ws/Autoware_sim_test/install/autoware_auto_mapping_msgs/lib/libautoware_auto_mapping_msgs__rosidl_typesupport_fastrtps_c.so
[0.735s] -- Up-to-date: /home/zyme/ros_ws/Autoware_sim_test/install/autoware_auto_mapping_msgs/lib/libautoware_auto_mapping_msgs__rosidl_typesupport_introspection_c.so
[0.736s] -- Up-to-date: /home/zyme/ros_ws/Autoware_sim_test/install/autoware_auto_mapping_msgs/lib/libautoware_auto_mapping_msgs__rosidl_typesupport_c.so
[0.737s] -- Up-to-date: /home/zyme/ros_ws/Autoware_sim_test/install/autoware_auto_mapping_msgs/lib/libautoware_auto_mapping_msgs__rosidl_typesupport_fastrtps_cpp.so
[0.738s] -- Up-to-date: /home/zyme/ros_ws/Autoware_sim_test/install/autoware_auto_mapping_msgs/lib/libautoware_auto_mapping_msgs__rosidl_typesupport_introspection_cpp.so
[0.739s] -- Up-to-date: /home/zyme/ros_ws/Autoware_sim_test/install/autoware_auto_mapping_msgs/lib/libautoware_auto_mapping_msgs__rosidl_typesupport_cpp.so
[0.783s] Listing '/home/zyme/ros_ws/Autoware_sim_test/install/autoware_auto_mapping_msgs/local/lib/python3.10/dist-packages/autoware_auto_mapping_msgs'...
[0.784s] Listing '/home/zyme/ros_ws/Autoware_sim_test/install/autoware_auto_mapping_msgs/local/lib/python3.10/dist-packages/autoware_auto_mapping_msgs/msg'...
[0.784s] Listing '/home/zyme/ros_ws/Autoware_sim_test/install/autoware_auto_mapping_msgs/local/lib/python3.10/dist-packages/autoware_auto_mapping_msgs/srv'...
[0.790s] -- Up-to-date: /home/zyme/ros_ws/Autoware_sim_test/install/autoware_auto_mapping_msgs/lib/libautoware_auto_mapping_msgs__rosidl_generator_py.so
[0.790s] -- Up-to-date: /home/zyme/ros_ws/Autoware_sim_test/install/autoware_auto_mapping_msgs/share/autoware_auto_mapping_msgs/cmake/export_autoware_auto_mapping_msgs__rosidl_generator_cExport.cmake
[0.791s] -- Up-to-date: /home/zyme/ros_ws/Autoware_sim_test/install/autoware_auto_mapping_msgs/share/autoware_auto_mapping_msgs/cmake/export_autoware_auto_mapping_msgs__rosidl_generator_cExport-release.cmake
[0.791s] -- Up-to-date: /home/zyme/ros_ws/Autoware_sim_test/install/autoware_auto_mapping_msgs/share/autoware_auto_mapping_msgs/cmake/export_autoware_auto_mapping_msgs__rosidl_typesupport_fastrtps_cExport.cmake
[0.791s] -- Up-to-date: /home/zyme/ros_ws/Autoware_sim_test/install/autoware_auto_mapping_msgs/share/autoware_auto_mapping_msgs/cmake/export_autoware_auto_mapping_msgs__rosidl_typesupport_fastrtps_cExport-release.cmake
[0.792s] -- Up-to-date: /home/zyme/ros_ws/Autoware_sim_test/install/autoware_auto_mapping_msgs/share/autoware_auto_mapping_msgs/cmake/autoware_auto_mapping_msgs__rosidl_typesupport_introspection_cExport.cmake
[0.792s] -- Up-to-date: /home/zyme/ros_ws/Autoware_sim_test/install/autoware_auto_mapping_msgs/share/autoware_auto_mapping_msgs/cmake/autoware_auto_mapping_msgs__rosidl_typesupport_introspection_cExport-release.cmake
[0.792s] -- Up-to-date: /home/zyme/ros_ws/Autoware_sim_test/install/autoware_auto_mapping_msgs/share/autoware_auto_mapping_msgs/cmake/autoware_auto_mapping_msgs__rosidl_typesupport_cExport.cmake
[0.792s] -- Up-to-date: /home/zyme/ros_ws/Autoware_sim_test/install/autoware_auto_mapping_msgs/share/autoware_auto_mapping_msgs/cmake/autoware_auto_mapping_msgs__rosidl_typesupport_cExport-release.cmake
[0.792s] -- Up-to-date: /home/zyme/ros_ws/Autoware_sim_test/install/autoware_auto_mapping_msgs/share/autoware_auto_mapping_msgs/cmake/export_autoware_auto_mapping_msgs__rosidl_generator_cppExport.cmake
[0.793s] -- Up-to-date: /home/zyme/ros_ws/Autoware_sim_test/install/autoware_auto_mapping_msgs/share/autoware_auto_mapping_msgs/cmake/export_autoware_auto_mapping_msgs__rosidl_typesupport_fastrtps_cppExport.cmake
[0.793s] -- Up-to-date: /home/zyme/ros_ws/Autoware_sim_test/install/autoware_auto_mapping_msgs/share/autoware_auto_mapping_msgs/cmake/export_autoware_auto_mapping_msgs__rosidl_typesupport_fastrtps_cppExport-release.cmake
[0.793s] -- Up-to-date: /home/zyme/ros_ws/Autoware_sim_test/install/autoware_auto_mapping_msgs/share/autoware_auto_mapping_msgs/cmake/autoware_auto_mapping_msgs__rosidl_typesupport_introspection_cppExport.cmake
[0.794s] -- Up-to-date: /home/zyme/ros_ws/Autoware_sim_test/install/autoware_auto_mapping_msgs/share/autoware_auto_mapping_msgs/cmake/autoware_auto_mapping_msgs__rosidl_typesupport_introspection_cppExport-release.cmake
[0.794s] -- Up-to-date: /home/zyme/ros_ws/Autoware_sim_test/install/autoware_auto_mapping_msgs/share/autoware_auto_mapping_msgs/cmake/autoware_auto_mapping_msgs__rosidl_typesupport_cppExport.cmake
[0.794s] -- Up-to-date: /home/zyme/ros_ws/Autoware_sim_test/install/autoware_auto_mapping_msgs/share/autoware_auto_mapping_msgs/cmake/autoware_auto_mapping_msgs__rosidl_typesupport_cppExport-release.cmake
[0.794s] -- Up-to-date: /home/zyme/ros_ws/Autoware_sim_test/install/autoware_auto_mapping_msgs/share/autoware_auto_mapping_msgs/cmake/export_autoware_auto_mapping_msgs__rosidl_generator_pyExport.cmake
[0.794s] -- Up-to-date: /home/zyme/ros_ws/Autoware_sim_test/install/autoware_auto_mapping_msgs/share/autoware_auto_mapping_msgs/cmake/export_autoware_auto_mapping_msgs__rosidl_generator_pyExport-release.cmake
[0.798s] Invoked command in '/home/zyme/ros_ws/Autoware_sim_test/build/autoware_auto_mapping_msgs' returned '0': CMAKE_PREFIX_PATH=/opt/ros/humble /usr/bin/cmake --install /home/zyme/ros_ws/Autoware_sim_test/build/autoware_auto_mapping_msgs
