[0.058s] Invoking command in '/home/zyme/ros_ws/Autoware_sim_test/build/bag_time_manager_rviz_plugin': AMENT_PREFIX_PATH=/home/zyme/ros_ws/Autoware_sim_test/install/autoware_cmake:/home/zyme/ros_ws/Autoware_sim_test/install/autoware_lint_common:${AMENT_PREFIX_PATH} CMAKE_PREFIX_PATH=/home/zyme/ros_ws/Autoware_sim_test/install/autoware_cmake:/home/zyme/ros_ws/Autoware_sim_test/install/autoware_lint_common:/opt/ros/humble /usr/bin/cmake --build /home/zyme/ros_ws/Autoware_sim_test/build/bag_time_manager_rviz_plugin -- -j12 -l12
[0.107s] [ 25%] [34m[1mAutomatic MOC for target bag_time_manager_rviz_plugin[0m
[0.129s] [ 25%] Built target bag_time_manager_rviz_plugin_autogen
[0.158s] [100%] Built target bag_time_manager_rviz_plugin
[0.169s] Invoked command in '/home/zyme/ros_ws/Autoware_sim_test/build/bag_time_manager_rviz_plugin' returned '0': AMENT_PREFIX_PATH=/home/zyme/ros_ws/Autoware_sim_test/install/autoware_cmake:/home/zyme/ros_ws/Autoware_sim_test/install/autoware_lint_common:${AMENT_PREFIX_PATH} CMAKE_PREFIX_PATH=/home/zyme/ros_ws/Autoware_sim_test/install/autoware_cmake:/home/zyme/ros_ws/Autoware_sim_test/install/autoware_lint_common:/opt/ros/humble /usr/bin/cmake --build /home/zyme/ros_ws/Autoware_sim_test/build/bag_time_manager_rviz_plugin -- -j12 -l12
[0.196s] Invoking command in '/home/zyme/ros_ws/Autoware_sim_test/build/bag_time_manager_rviz_plugin': AMENT_PREFIX_PATH=/home/zyme/ros_ws/Autoware_sim_test/install/autoware_cmake:/home/zyme/ros_ws/Autoware_sim_test/install/autoware_lint_common:${AMENT_PREFIX_PATH} CMAKE_PREFIX_PATH=/home/zyme/ros_ws/Autoware_sim_test/install/autoware_cmake:/home/zyme/ros_ws/Autoware_sim_test/install/autoware_lint_common:/opt/ros/humble /usr/bin/cmake --install /home/zyme/ros_ws/Autoware_sim_test/build/bag_time_manager_rviz_plugin
[0.203s] -- Install configuration: "Release"
[0.204s] -- Execute custom install script
[0.204s] -- Up-to-date symlink: /home/zyme/ros_ws/Autoware_sim_test/install/bag_time_manager_rviz_plugin/share/bag_time_manager_rviz_plugin/plugins/plugin_description.xml
[0.204s] -- Up-to-date symlink: /home/zyme/ros_ws/Autoware_sim_test/install/bag_time_manager_rviz_plugin/share/bag_time_manager_rviz_plugin/environment/library_path.sh
[0.204s] -- Up-to-date symlink: /home/zyme/ros_ws/Autoware_sim_test/install/bag_time_manager_rviz_plugin/share/bag_time_manager_rviz_plugin/environment/library_path.dsv
[0.204s] -- Up-to-date symlink: /home/zyme/ros_ws/Autoware_sim_test/install/bag_time_manager_rviz_plugin/lib/libbag_time_manager_rviz_plugin.so
[0.205s] -- Up-to-date symlink: /home/zyme/ros_ws/Autoware_sim_test/install/bag_time_manager_rviz_plugin/share/bag_time_manager_rviz_plugin/icons/classes/BagTimeManagerPanel.png
[0.205s] -- Up-to-date symlink: /home/zyme/ros_ws/Autoware_sim_test/install/bag_time_manager_rviz_plugin/share/bag_time_manager_rviz_plugin/plugins/plugin_description.xml
[0.205s] -- Up-to-date symlink: /home/zyme/ros_ws/Autoware_sim_test/install/bag_time_manager_rviz_plugin/share/ament_index/resource_index/package_run_dependencies/bag_time_manager_rviz_plugin
[0.206s] -- Up-to-date symlink: /home/zyme/ros_ws/Autoware_sim_test/install/bag_time_manager_rviz_plugin/share/ament_index/resource_index/parent_prefix_path/bag_time_manager_rviz_plugin
[0.206s] -- Up-to-date symlink: /home/zyme/ros_ws/Autoware_sim_test/install/bag_time_manager_rviz_plugin/share/bag_time_manager_rviz_plugin/environment/ament_prefix_path.sh
[0.206s] -- Up-to-date symlink: /home/zyme/ros_ws/Autoware_sim_test/install/bag_time_manager_rviz_plugin/share/bag_time_manager_rviz_plugin/environment/ament_prefix_path.dsv
[0.206s] -- Up-to-date symlink: /home/zyme/ros_ws/Autoware_sim_test/install/bag_time_manager_rviz_plugin/share/bag_time_manager_rviz_plugin/environment/path.sh
[0.206s] -- Up-to-date symlink: /home/zyme/ros_ws/Autoware_sim_test/install/bag_time_manager_rviz_plugin/share/bag_time_manager_rviz_plugin/environment/path.dsv
[0.207s] -- Up-to-date symlink: /home/zyme/ros_ws/Autoware_sim_test/install/bag_time_manager_rviz_plugin/share/bag_time_manager_rviz_plugin/local_setup.bash
[0.207s] -- Up-to-date symlink: /home/zyme/ros_ws/Autoware_sim_test/install/bag_time_manager_rviz_plugin/share/bag_time_manager_rviz_plugin/local_setup.sh
[0.207s] -- Up-to-date symlink: /home/zyme/ros_ws/Autoware_sim_test/install/bag_time_manager_rviz_plugin/share/bag_time_manager_rviz_plugin/local_setup.zsh
[0.207s] -- Up-to-date symlink: /home/zyme/ros_ws/Autoware_sim_test/install/bag_time_manager_rviz_plugin/share/bag_time_manager_rviz_plugin/local_setup.dsv
[0.207s] -- Symlinking: /home/zyme/ros_ws/Autoware_sim_test/install/bag_time_manager_rviz_plugin/share/bag_time_manager_rviz_plugin/package.dsv
[0.216s] -- Up-to-date symlink: /home/zyme/ros_ws/Autoware_sim_test/install/bag_time_manager_rviz_plugin/share/ament_index/resource_index/packages/bag_time_manager_rviz_plugin
[0.216s] -- Up-to-date symlink: /home/zyme/ros_ws/Autoware_sim_test/install/bag_time_manager_rviz_plugin/share/ament_index/resource_index/rviz_common__pluginlib__plugin/bag_time_manager_rviz_plugin
[0.216s] -- Up-to-date symlink: /home/zyme/ros_ws/Autoware_sim_test/install/bag_time_manager_rviz_plugin/share/bag_time_manager_rviz_plugin/cmake/ament_cmake_export_dependencies-extras.cmake
[0.217s] -- Up-to-date symlink: /home/zyme/ros_ws/Autoware_sim_test/install/bag_time_manager_rviz_plugin/share/bag_time_manager_rviz_plugin/cmake/ament_cmake_export_libraries-extras.cmake
[0.217s] -- Up-to-date symlink: /home/zyme/ros_ws/Autoware_sim_test/install/bag_time_manager_rviz_plugin/share/bag_time_manager_rviz_plugin/cmake/bag_time_manager_rviz_pluginConfig.cmake
[0.217s] -- Up-to-date symlink: /home/zyme/ros_ws/Autoware_sim_test/install/bag_time_manager_rviz_plugin/share/bag_time_manager_rviz_plugin/cmake/bag_time_manager_rviz_pluginConfig-version.cmake
[0.217s] -- Up-to-date symlink: /home/zyme/ros_ws/Autoware_sim_test/install/bag_time_manager_rviz_plugin/share/bag_time_manager_rviz_plugin/package.xml
[0.219s] Invoked command in '/home/zyme/ros_ws/Autoware_sim_test/build/bag_time_manager_rviz_plugin' returned '0': AMENT_PREFIX_PATH=/home/zyme/ros_ws/Autoware_sim_test/install/autoware_cmake:/home/zyme/ros_ws/Autoware_sim_test/install/autoware_lint_common:${AMENT_PREFIX_PATH} CMAKE_PREFIX_PATH=/home/zyme/ros_ws/Autoware_sim_test/install/autoware_cmake:/home/zyme/ros_ws/Autoware_sim_test/install/autoware_lint_common:/opt/ros/humble /usr/bin/cmake --install /home/zyme/ros_ws/Autoware_sim_test/build/bag_time_manager_rviz_plugin
