[0.080s] Invoking command in '/home/zyme/ros_ws/Autoware_sim_test/build/tier4_vehicle_rviz_plugin': AMENT_PREFIX_PATH=/home/zyme/ros_ws/Autoware_sim_test/install/tier4_autoware_utils:/home/zyme/ros_ws/Autoware_sim_test/install/autoware_auto_vehicle_msgs:/home/zyme/ros_ws/Autoware_sim_test/install/autoware_cmake:/home/zyme/ros_ws/Autoware_sim_test/install/autoware_auto_planning_msgs:/home/zyme/ros_ws/Autoware_sim_test/install/autoware_auto_perception_msgs:/home/zyme/ros_ws/Autoware_sim_test/install/tier4_debug_msgs:/home/zyme/ros_ws/Autoware_sim_test/install/autoware_lint_common:/home/zyme/ros_ws/Autoware_sim_test/install/autoware_auto_mapping_msgs:/home/zyme/ros_ws/Autoware_sim_test/install/autoware_auto_geometry_msgs:${AMENT_PREFIX_PATH} CMAKE_PREFIX_PATH=/home/zyme/ros_ws/Autoware_sim_test/install/tier4_autoware_utils:/home/zyme/ros_ws/Autoware_sim_test/install/autoware_auto_vehicle_msgs:/home/zyme/ros_ws/Autoware_sim_test/install/autoware_cmake:/home/zyme/ros_ws/Autoware_sim_test/install/autoware_auto_planning_msgs:/home/zyme/ros_ws/Autoware_sim_test/install/autoware_auto_perception_msgs:/home/zyme/ros_ws/Autoware_sim_test/install/tier4_debug_msgs:/home/zyme/ros_ws/Autoware_sim_test/install/autoware_lint_common:/home/zyme/ros_ws/Autoware_sim_test/install/autoware_auto_mapping_msgs:/home/zyme/ros_ws/Autoware_sim_test/install/autoware_auto_geometry_msgs:/opt/ros/humble LD_LIBRARY_PATH=/home/zyme/ros_ws/Autoware_sim_test/install/tier4_autoware_utils/lib:/home/zyme/ros_ws/Autoware_sim_test/install/autoware_auto_vehicle_msgs/lib:/home/zyme/ros_ws/Autoware_sim_test/install/autoware_auto_planning_msgs/lib:/home/zyme/ros_ws/Autoware_sim_test/install/autoware_auto_perception_msgs/lib:/home/zyme/ros_ws/Autoware_sim_test/install/tier4_debug_msgs/lib:/home/zyme/ros_ws/Autoware_sim_test/install/autoware_auto_mapping_msgs/lib:/home/zyme/ros_ws/Autoware_sim_test/install/autoware_auto_geometry_msgs/lib:${LD_LIBRARY_PATH} PYTHONPATH=/home/zyme/ros_ws/Autoware_sim_test/install/autoware_auto_vehicle_msgs/local/lib/python3.10/dist-packages:/home/zyme/ros_ws/Autoware_sim_test/install/autoware_auto_planning_msgs/local/lib/python3.10/dist-packages:/home/zyme/ros_ws/Autoware_sim_test/install/autoware_auto_perception_msgs/local/lib/python3.10/dist-packages:/home/zyme/ros_ws/Autoware_sim_test/install/tier4_debug_msgs/local/lib/python3.10/dist-packages:/home/zyme/ros_ws/Autoware_sim_test/install/autoware_auto_mapping_msgs/local/lib/python3.10/dist-packages:/home/zyme/ros_ws/Autoware_sim_test/install/autoware_auto_geometry_msgs/local/lib/python3.10/dist-packages:${PYTHONPATH} /usr/bin/cmake /home/zyme/ros_ws/Autoware_sim_test/src/autoware/src/universe/autoware.universe/common/tier4_vehicle_rviz_plugin -DCMAKE_BUILD_TYPE=Release -DCMAKE_CXX_FLAGS=-w -DAMENT_CMAKE_SYMLINK_INSTALL=1 -DCMAKE_INSTALL_PREFIX=/home/zyme/ros_ws/Autoware_sim_test/install/tier4_vehicle_rviz_plugin
[0.137s] -- The C compiler identification is GNU 11.4.0
[0.194s] -- The CXX compiler identification is GNU 11.4.0
[0.201s] -- Detecting C compiler ABI info
[0.277s] -- Detecting C compiler ABI info - done
[0.285s] -- Check for working C compiler: /usr/bin/cc - skipped
[0.285s] -- Detecting C compile features
[0.286s] -- Detecting C compile features - done
[0.288s] -- Detecting CXX compiler ABI info
[0.375s] -- Detecting CXX compiler ABI info - done
[0.383s] -- Check for working CXX compiler: /usr/bin/c++ - skipped
[0.384s] -- Detecting CXX compile features
[0.384s] -- Detecting CXX compile features - done
[0.385s] -- Found autoware_cmake: 0.1.0 (/home/zyme/ros_ws/Autoware_sim_test/install/autoware_cmake/share/autoware_cmake/cmake)
[0.557s] -- Found Python3: /usr/bin/python3 (found version "3.10.12") found components: Interpreter 
[0.622s] -- Override CMake install command with custom implementation using symlinks instead of copying resources
[0.799s] -- Found rosidl_generator_c: 3.1.5 (/opt/ros/humble/share/rosidl_generator_c/cmake)
[0.808s] -- Found rosidl_adapter: 3.1.5 (/opt/ros/humble/share/rosidl_adapter/cmake)
[0.820s] -- Found rosidl_generator_cpp: 3.1.5 (/opt/ros/humble/share/rosidl_generator_cpp/cmake)
[0.840s] -- Using all available rosidl_typesupport_c: rosidl_typesupport_fastrtps_c;rosidl_typesupport_introspection_c
[0.869s] -- Using all available rosidl_typesupport_cpp: rosidl_typesupport_fastrtps_cpp;rosidl_typesupport_introspection_cpp
[2.305s] -- Setting OGRE_DIR to: '/opt/ros/humble/share/rviz_ogre_vendor/cmake/../../../opt/rviz_ogre_vendor/lib/OGRE/cmake'
[2.306s] -- Found OGRE
[2.306s] --   static     : OFF
[2.306s] --   components : HLMS;MeshLodGenerator;Overlay;Paging;Property;RTShaderSystem;Terrain;Volume
[2.306s] --   plugins    : Plugin_BSPSceneManager;Plugin_OctreeSceneManager;Plugin_PCZSceneManager;Plugin_ParticleFX;RenderSystem_GL;RenderSystem_GL3Plus;Codec_STBI
[2.306s] --   media      : /opt/ros/humble/opt/rviz_ogre_vendor/share/OGRE/Media
[2.306s] -- OGRE_LIBRARIES: OgreHLMS;OgreMeshLodGenerator;OgreOverlay;OgrePaging;OgreProperty;OgreRTShaderSystem;OgreTerrain;OgreVolume;OgreMain
[2.306s] -- OGRE_LIBRARY_DIRS: /opt/ros/humble/opt/rviz_ogre_vendor/lib
[2.306s] -- OGRE_PLUGINS: Plugin_BSPSceneManager;Plugin_OctreeSceneManager;Plugin_PCZSceneManager;Plugin_ParticleFX;RenderSystem_GL;RenderSystem_GL3Plus;Codec_STBI
[2.307s] -- OGRE_PLUGIN_DIR: /opt/ros/humble/opt/rviz_ogre_vendor/lib/OGRE
[2.307s] -- rviz_ogre_vendor::OgreOverlay for IMPORTED_LOCATION_RELEASE: /opt/ros/humble/opt/rviz_ogre_vendor/lib/libOgreOverlay.so
[2.307s] -- rviz_ogre_vendor::OgreOverlay for IMPORTED_LOCATION_DEBUG: /opt/ros/humble/opt/rviz_ogre_vendor/lib/libOgreOverlay.so
[2.307s] -- rviz_ogre_vendor::OgreMain for IMPORTED_LOCATION_RELEASE: /opt/ros/humble/opt/rviz_ogre_vendor/lib/libOgreMain.so
[2.307s] -- rviz_ogre_vendor::OgreMain for IMPORTED_LOCATION_DEBUG: /opt/ros/humble/opt/rviz_ogre_vendor/lib/libOgreMain.so
[2.335s] -- Found ZLIB: /usr/lib/x86_64-linux-gnu/libz.so (found version "1.2.11") 
[2.340s] -- Found OpenGL: /usr/lib/x86_64-linux-gnu/libOpenGL.so   
[2.451s] -- Found X11: /usr/include   
[2.452s] -- Looking for XOpenDisplay in /usr/lib/x86_64-linux-gnu/libX11.so;/usr/lib/x86_64-linux-gnu/libXext.so
[2.538s] -- Looking for XOpenDisplay in /usr/lib/x86_64-linux-gnu/libX11.so;/usr/lib/x86_64-linux-gnu/libXext.so - found
[2.538s] -- Looking for gethostbyname
[2.614s] -- Looking for gethostbyname - found
[2.614s] -- Looking for connect
[2.692s] -- Looking for connect - found
[2.693s] -- Looking for remove
[2.780s] -- Looking for remove - found
[2.780s] -- Looking for shmat
[2.869s] -- Looking for shmat - found
[2.869s] -- Looking for IceConnectionNumber in ICE
[2.958s] -- Looking for IceConnectionNumber in ICE - found
[2.961s] -- rviz_ogre_vendor::RenderSystem_GL for IMPORTED_LOCATION_RELEASE: _render_system_gl_static_library_abs-NOTFOUND
[2.961s] -- rviz_ogre_vendor::RenderSystem_GL for IMPORTED_LOCATION_DEBUG: _render_system_gl_static_library_abs-NOTFOUND
[3.075s] -- library: /usr/lib/x86_64-linux-gnu/libcurl.so
[3.200s] -- Found rmw_implementation_cmake: 6.1.1 (/opt/ros/humble/share/rmw_implementation_cmake/cmake)
[3.204s] -- Found rmw_cyclonedds_cpp: 1.3.4 (/opt/ros/humble/share/rmw_cyclonedds_cpp/cmake)
[3.248s] -- Using RMW implementation 'rmw_cyclonedds_cpp' as default
[3.264s] -- Looking for pthread.h
[3.347s] -- Looking for pthread.h - found
[3.347s] -- Performing Test CMAKE_HAVE_LIBC_PTHREAD
[3.439s] -- Performing Test CMAKE_HAVE_LIBC_PTHREAD - Success
[3.440s] -- Found Threads: TRUE  
[3.752s] -- Found Eigen3: TRUE (found version "3.4.0") 
[3.752s] -- Ensuring Eigen3 include directory is part of orocos-kdl CMake target
[5.467s] -- Checking for module 'eigen3'
[5.484s] --   Found eigen3, version 3.4.0
[5.527s] -- Found Eigen: /usr/include/eigen3 (Required is at least version "3.1") 
[5.527s] -- Eigen found (include: /usr/include/eigen3, version: 3.4.0)
[5.580s] -- Checking for module 'flann'
[5.597s] --   Found flann, version 1.9.1
[5.645s] -- Found FLANN: /usr/lib/x86_64-linux-gnu/libflann_cpp.so  
[5.646s] -- FLANN found (include: /usr/include, lib: /usr/lib/x86_64-linux-gnu/libflann_cpp.so)
[6.122s] -- Checking for module 'libusb-1.0'
[6.145s] --   Found libusb-1.0, version 1.0.25
[6.198s] -- Found libusb: /usr/lib/x86_64-linux-gnu/libusb-1.0.so  
[6.199s] -- OpenNI found (version: 1.5.4.0, include: /usr/include/ni, lib: /usr/lib/libOpenNI.so;libusb::libusb)
[6.283s] -- OpenNI2 found (version: 2.2.0.33, include: /usr/include/openni2, lib: /usr/lib/x86_64-linux-gnu/libOpenNI2.so;libusb::libusb)
[6.477s] -- Eigen found (include: /usr/include/eigen3, version: 3.4.0)
[6.483s] -- OpenNI found (version: 1.5.4.0, include: /usr/include/ni, lib: /usr/lib/libOpenNI.so;libusb::libusb)
[6.492s] -- OpenNI2 found (version: 2.2.0.33, include: /usr/include/openni2, lib: /usr/lib/x86_64-linux-gnu/libOpenNI2.so;libusb::libusb)
[6.670s] -- Found Qhull version 8.0.2
[6.840s] -- OpenNI found (version: 1.5.4.0, include: /usr/include/ni, lib: /usr/lib/libOpenNI.so;libusb::libusb)
[7.005s] -- Found PCL_COMMON: /usr/lib/x86_64-linux-gnu/libpcl_common.so  
[7.006s] -- Found PCL_KDTREE: /usr/lib/x86_64-linux-gnu/libpcl_kdtree.so  
[7.007s] -- Found PCL_OCTREE: /usr/lib/x86_64-linux-gnu/libpcl_octree.so  
[7.008s] -- Found PCL_SEARCH: /usr/lib/x86_64-linux-gnu/libpcl_search.so  
[7.009s] -- Found PCL_SAMPLE_CONSENSUS: /usr/lib/x86_64-linux-gnu/libpcl_sample_consensus.so  
[7.010s] -- Found PCL_FILTERS: /usr/lib/x86_64-linux-gnu/libpcl_filters.so  
[7.011s] -- Found PCL_2D: /usr/include/pcl-1.12  
[7.011s] -- Found PCL_GEOMETRY: /usr/include/pcl-1.12  
[7.012s] -- Found PCL_IO: /usr/lib/x86_64-linux-gnu/libpcl_io.so  
[7.013s] -- Found PCL_FEATURES: /usr/lib/x86_64-linux-gnu/libpcl_features.so  
[7.014s] -- Found PCL_ML: /usr/lib/x86_64-linux-gnu/libpcl_ml.so  
[7.015s] -- Found PCL_SEGMENTATION: /usr/lib/x86_64-linux-gnu/libpcl_segmentation.so  
[7.016s] -- Found PCL_VISUALIZATION: /usr/lib/x86_64-linux-gnu/libpcl_visualization.so  
[7.017s] -- Found PCL_SURFACE: /usr/lib/x86_64-linux-gnu/libpcl_surface.so  
[7.018s] -- Found PCL_REGISTRATION: /usr/lib/x86_64-linux-gnu/libpcl_registration.so  
[7.019s] -- Found PCL_KEYPOINTS: /usr/lib/x86_64-linux-gnu/libpcl_keypoints.so  
[7.020s] -- Found PCL_TRACKING: /usr/lib/x86_64-linux-gnu/libpcl_tracking.so  
[7.021s] -- Found PCL_RECOGNITION: /usr/lib/x86_64-linux-gnu/libpcl_recognition.so  
[7.022s] -- Found PCL_STEREO: /usr/lib/x86_64-linux-gnu/libpcl_stereo.so  
[7.024s] -- Found PCL_APPS: /usr/lib/x86_64-linux-gnu/libpcl_apps.so  
[7.025s] -- Found PCL_IN_HAND_SCANNER: /usr/include/pcl-1.12  
[7.025s] -- Found PCL_MODELER: /usr/include/pcl-1.12  
[7.025s] -- Found PCL_POINT_CLOUD_EDITOR: /usr/include/pcl-1.12  
[7.027s] -- Found PCL_OUTOFCORE: /usr/lib/x86_64-linux-gnu/libpcl_outofcore.so  
[7.029s] -- Found PCL_PEOPLE: /usr/lib/x86_64-linux-gnu/libpcl_people.so  
[7.272s] -- Found ament_lint_auto: 0.12.10 (/opt/ros/humble/share/ament_lint_auto/cmake)
[8.434s] -- Added test 'copyright' to check source files copyright and LICENSE
[8.437s] -- Added test 'cppcheck' to perform static code analysis on C / C++ code
[8.437s] -- Configured cppcheck include dirs: 
[8.438s] -- Configured cppcheck exclude dirs and/or files: 
[8.439s] -- Added test 'lint_cmake' to check CMake code style
[8.439s] -- Added test 'xmllint' to check XML markup files
[8.443s] -- Configuring done
[8.579s] -- Generating done
[8.584s] -- Build files have been written to: /home/zyme/ros_ws/Autoware_sim_test/build/tier4_vehicle_rviz_plugin
[8.609s] Invoked command in '/home/zyme/ros_ws/Autoware_sim_test/build/tier4_vehicle_rviz_plugin' returned '0': AMENT_PREFIX_PATH=/home/zyme/ros_ws/Autoware_sim_test/install/tier4_autoware_utils:/home/zyme/ros_ws/Autoware_sim_test/install/autoware_auto_vehicle_msgs:/home/zyme/ros_ws/Autoware_sim_test/install/autoware_cmake:/home/zyme/ros_ws/Autoware_sim_test/install/autoware_auto_planning_msgs:/home/zyme/ros_ws/Autoware_sim_test/install/autoware_auto_perception_msgs:/home/zyme/ros_ws/Autoware_sim_test/install/tier4_debug_msgs:/home/zyme/ros_ws/Autoware_sim_test/install/autoware_lint_common:/home/zyme/ros_ws/Autoware_sim_test/install/autoware_auto_mapping_msgs:/home/zyme/ros_ws/Autoware_sim_test/install/autoware_auto_geometry_msgs:${AMENT_PREFIX_PATH} CMAKE_PREFIX_PATH=/home/zyme/ros_ws/Autoware_sim_test/install/tier4_autoware_utils:/home/zyme/ros_ws/Autoware_sim_test/install/autoware_auto_vehicle_msgs:/home/zyme/ros_ws/Autoware_sim_test/install/autoware_cmake:/home/zyme/ros_ws/Autoware_sim_test/install/autoware_auto_planning_msgs:/home/zyme/ros_ws/Autoware_sim_test/install/autoware_auto_perception_msgs:/home/zyme/ros_ws/Autoware_sim_test/install/tier4_debug_msgs:/home/zyme/ros_ws/Autoware_sim_test/install/autoware_lint_common:/home/zyme/ros_ws/Autoware_sim_test/install/autoware_auto_mapping_msgs:/home/zyme/ros_ws/Autoware_sim_test/install/autoware_auto_geometry_msgs:/opt/ros/humble LD_LIBRARY_PATH=/home/zyme/ros_ws/Autoware_sim_test/install/tier4_autoware_utils/lib:/home/zyme/ros_ws/Autoware_sim_test/install/autoware_auto_vehicle_msgs/lib:/home/zyme/ros_ws/Autoware_sim_test/install/autoware_auto_planning_msgs/lib:/home/zyme/ros_ws/Autoware_sim_test/install/autoware_auto_perception_msgs/lib:/home/zyme/ros_ws/Autoware_sim_test/install/tier4_debug_msgs/lib:/home/zyme/ros_ws/Autoware_sim_test/install/autoware_auto_mapping_msgs/lib:/home/zyme/ros_ws/Autoware_sim_test/install/autoware_auto_geometry_msgs/lib:${LD_LIBRARY_PATH} PYTHONPATH=/home/zyme/ros_ws/Autoware_sim_test/install/autoware_auto_vehicle_msgs/local/lib/python3.10/dist-packages:/home/zyme/ros_ws/Autoware_sim_test/install/autoware_auto_planning_msgs/local/lib/python3.10/dist-packages:/home/zyme/ros_ws/Autoware_sim_test/install/autoware_auto_perception_msgs/local/lib/python3.10/dist-packages:/home/zyme/ros_ws/Autoware_sim_test/install/tier4_debug_msgs/local/lib/python3.10/dist-packages:/home/zyme/ros_ws/Autoware_sim_test/install/autoware_auto_mapping_msgs/local/lib/python3.10/dist-packages:/home/zyme/ros_ws/Autoware_sim_test/install/autoware_auto_geometry_msgs/local/lib/python3.10/dist-packages:${PYTHONPATH} /usr/bin/cmake /home/zyme/ros_ws/Autoware_sim_test/src/autoware/src/universe/autoware.universe/common/tier4_vehicle_rviz_plugin -DCMAKE_BUILD_TYPE=Release -DCMAKE_CXX_FLAGS=-w -DAMENT_CMAKE_SYMLINK_INSTALL=1 -DCMAKE_INSTALL_PREFIX=/home/zyme/ros_ws/Autoware_sim_test/install/tier4_vehicle_rviz_plugin
[8.611s] Invoking command in '/home/zyme/ros_ws/Autoware_sim_test/build/tier4_vehicle_rviz_plugin': AMENT_PREFIX_PATH=/home/zyme/ros_ws/Autoware_sim_test/install/tier4_autoware_utils:/home/zyme/ros_ws/Autoware_sim_test/install/autoware_auto_vehicle_msgs:/home/zyme/ros_ws/Autoware_sim_test/install/autoware_cmake:/home/zyme/ros_ws/Autoware_sim_test/install/autoware_auto_planning_msgs:/home/zyme/ros_ws/Autoware_sim_test/install/autoware_auto_perception_msgs:/home/zyme/ros_ws/Autoware_sim_test/install/tier4_debug_msgs:/home/zyme/ros_ws/Autoware_sim_test/install/autoware_lint_common:/home/zyme/ros_ws/Autoware_sim_test/install/autoware_auto_mapping_msgs:/home/zyme/ros_ws/Autoware_sim_test/install/autoware_auto_geometry_msgs:${AMENT_PREFIX_PATH} CMAKE_PREFIX_PATH=/home/zyme/ros_ws/Autoware_sim_test/install/tier4_autoware_utils:/home/zyme/ros_ws/Autoware_sim_test/install/autoware_auto_vehicle_msgs:/home/zyme/ros_ws/Autoware_sim_test/install/autoware_cmake:/home/zyme/ros_ws/Autoware_sim_test/install/autoware_auto_planning_msgs:/home/zyme/ros_ws/Autoware_sim_test/install/autoware_auto_perception_msgs:/home/zyme/ros_ws/Autoware_sim_test/install/tier4_debug_msgs:/home/zyme/ros_ws/Autoware_sim_test/install/autoware_lint_common:/home/zyme/ros_ws/Autoware_sim_test/install/autoware_auto_mapping_msgs:/home/zyme/ros_ws/Autoware_sim_test/install/autoware_auto_geometry_msgs:/opt/ros/humble LD_LIBRARY_PATH=/home/zyme/ros_ws/Autoware_sim_test/install/tier4_autoware_utils/lib:/home/zyme/ros_ws/Autoware_sim_test/install/autoware_auto_vehicle_msgs/lib:/home/zyme/ros_ws/Autoware_sim_test/install/autoware_auto_planning_msgs/lib:/home/zyme/ros_ws/Autoware_sim_test/install/autoware_auto_perception_msgs/lib:/home/zyme/ros_ws/Autoware_sim_test/install/tier4_debug_msgs/lib:/home/zyme/ros_ws/Autoware_sim_test/install/autoware_auto_mapping_msgs/lib:/home/zyme/ros_ws/Autoware_sim_test/install/autoware_auto_geometry_msgs/lib:${LD_LIBRARY_PATH} PYTHONPATH=/home/zyme/ros_ws/Autoware_sim_test/install/autoware_auto_vehicle_msgs/local/lib/python3.10/dist-packages:/home/zyme/ros_ws/Autoware_sim_test/install/autoware_auto_planning_msgs/local/lib/python3.10/dist-packages:/home/zyme/ros_ws/Autoware_sim_test/install/autoware_auto_perception_msgs/local/lib/python3.10/dist-packages:/home/zyme/ros_ws/Autoware_sim_test/install/tier4_debug_msgs/local/lib/python3.10/dist-packages:/home/zyme/ros_ws/Autoware_sim_test/install/autoware_auto_mapping_msgs/local/lib/python3.10/dist-packages:/home/zyme/ros_ws/Autoware_sim_test/install/autoware_auto_geometry_msgs/local/lib/python3.10/dist-packages:${PYTHONPATH} /usr/bin/cmake --build /home/zyme/ros_ws/Autoware_sim_test/build/tier4_vehicle_rviz_plugin
[8.691s] [ 11%] [34m[1mAutomatic MOC for target tier4_vehicle_rviz_plugin[0m
[9.271s] [ 11%] Built target tier4_vehicle_rviz_plugin_autogen
[9.300s] [ 44%] [32mBuilding CXX object CMakeFiles/tier4_vehicle_rviz_plugin.dir/src/tools/console_meter.cpp.o[0m
[9.300s] [ 44%] [32mBuilding CXX object CMakeFiles/tier4_vehicle_rviz_plugin.dir/src/tools/turn_signal.cpp.o[0m
[9.300s] [ 44%] [32mBuilding CXX object CMakeFiles/tier4_vehicle_rviz_plugin.dir/tier4_vehicle_rviz_plugin_autogen/mocs_compilation.cpp.o[0m
[23.905s] [ 55%] [32mBuilding CXX object CMakeFiles/tier4_vehicle_rviz_plugin.dir/src/tools/steering_angle.cpp.o[0m
[24.263s] [ 66%] [32mBuilding CXX object CMakeFiles/tier4_vehicle_rviz_plugin.dir/src/tools/jsk_overlay_utils.cpp.o[0m
[29.929s] [ 77%] [32mBuilding CXX object CMakeFiles/tier4_vehicle_rviz_plugin.dir/src/tools/velocity_history.cpp.o[0m
[35.304s] [ 88%] [32mBuilding CXX object CMakeFiles/tier4_vehicle_rviz_plugin.dir/src/tools/acceleration_meter.cpp.o[0m
[49.411s] [100%] [32m[1mLinking CXX shared library libtier4_vehicle_rviz_plugin.so[0m
[50.723s] [100%] Built target tier4_vehicle_rviz_plugin
[50.734s] Invoked command in '/home/zyme/ros_ws/Autoware_sim_test/build/tier4_vehicle_rviz_plugin' returned '0': AMENT_PREFIX_PATH=/home/zyme/ros_ws/Autoware_sim_test/install/tier4_autoware_utils:/home/zyme/ros_ws/Autoware_sim_test/install/autoware_auto_vehicle_msgs:/home/zyme/ros_ws/Autoware_sim_test/install/autoware_cmake:/home/zyme/ros_ws/Autoware_sim_test/install/autoware_auto_planning_msgs:/home/zyme/ros_ws/Autoware_sim_test/install/autoware_auto_perception_msgs:/home/zyme/ros_ws/Autoware_sim_test/install/tier4_debug_msgs:/home/zyme/ros_ws/Autoware_sim_test/install/autoware_lint_common:/home/zyme/ros_ws/Autoware_sim_test/install/autoware_auto_mapping_msgs:/home/zyme/ros_ws/Autoware_sim_test/install/autoware_auto_geometry_msgs:${AMENT_PREFIX_PATH} CMAKE_PREFIX_PATH=/home/zyme/ros_ws/Autoware_sim_test/install/tier4_autoware_utils:/home/zyme/ros_ws/Autoware_sim_test/install/autoware_auto_vehicle_msgs:/home/zyme/ros_ws/Autoware_sim_test/install/autoware_cmake:/home/zyme/ros_ws/Autoware_sim_test/install/autoware_auto_planning_msgs:/home/zyme/ros_ws/Autoware_sim_test/install/autoware_auto_perception_msgs:/home/zyme/ros_ws/Autoware_sim_test/install/tier4_debug_msgs:/home/zyme/ros_ws/Autoware_sim_test/install/autoware_lint_common:/home/zyme/ros_ws/Autoware_sim_test/install/autoware_auto_mapping_msgs:/home/zyme/ros_ws/Autoware_sim_test/install/autoware_auto_geometry_msgs:/opt/ros/humble LD_LIBRARY_PATH=/home/zyme/ros_ws/Autoware_sim_test/install/tier4_autoware_utils/lib:/home/zyme/ros_ws/Autoware_sim_test/install/autoware_auto_vehicle_msgs/lib:/home/zyme/ros_ws/Autoware_sim_test/install/autoware_auto_planning_msgs/lib:/home/zyme/ros_ws/Autoware_sim_test/install/autoware_auto_perception_msgs/lib:/home/zyme/ros_ws/Autoware_sim_test/install/tier4_debug_msgs/lib:/home/zyme/ros_ws/Autoware_sim_test/install/autoware_auto_mapping_msgs/lib:/home/zyme/ros_ws/Autoware_sim_test/install/autoware_auto_geometry_msgs/lib:${LD_LIBRARY_PATH} PYTHONPATH=/home/zyme/ros_ws/Autoware_sim_test/install/autoware_auto_vehicle_msgs/local/lib/python3.10/dist-packages:/home/zyme/ros_ws/Autoware_sim_test/install/autoware_auto_planning_msgs/local/lib/python3.10/dist-packages:/home/zyme/ros_ws/Autoware_sim_test/install/autoware_auto_perception_msgs/local/lib/python3.10/dist-packages:/home/zyme/ros_ws/Autoware_sim_test/install/tier4_debug_msgs/local/lib/python3.10/dist-packages:/home/zyme/ros_ws/Autoware_sim_test/install/autoware_auto_mapping_msgs/local/lib/python3.10/dist-packages:/home/zyme/ros_ws/Autoware_sim_test/install/autoware_auto_geometry_msgs/local/lib/python3.10/dist-packages:${PYTHONPATH} /usr/bin/cmake --build /home/zyme/ros_ws/Autoware_sim_test/build/tier4_vehicle_rviz_plugin
[50.775s] Invoking command in '/home/zyme/ros_ws/Autoware_sim_test/build/tier4_vehicle_rviz_plugin': AMENT_PREFIX_PATH=/home/zyme/ros_ws/Autoware_sim_test/install/tier4_autoware_utils:/home/zyme/ros_ws/Autoware_sim_test/install/autoware_auto_vehicle_msgs:/home/zyme/ros_ws/Autoware_sim_test/install/autoware_cmake:/home/zyme/ros_ws/Autoware_sim_test/install/autoware_auto_planning_msgs:/home/zyme/ros_ws/Autoware_sim_test/install/autoware_auto_perception_msgs:/home/zyme/ros_ws/Autoware_sim_test/install/tier4_debug_msgs:/home/zyme/ros_ws/Autoware_sim_test/install/autoware_lint_common:/home/zyme/ros_ws/Autoware_sim_test/install/autoware_auto_mapping_msgs:/home/zyme/ros_ws/Autoware_sim_test/install/autoware_auto_geometry_msgs:${AMENT_PREFIX_PATH} CMAKE_PREFIX_PATH=/home/zyme/ros_ws/Autoware_sim_test/install/tier4_autoware_utils:/home/zyme/ros_ws/Autoware_sim_test/install/autoware_auto_vehicle_msgs:/home/zyme/ros_ws/Autoware_sim_test/install/autoware_cmake:/home/zyme/ros_ws/Autoware_sim_test/install/autoware_auto_planning_msgs:/home/zyme/ros_ws/Autoware_sim_test/install/autoware_auto_perception_msgs:/home/zyme/ros_ws/Autoware_sim_test/install/tier4_debug_msgs:/home/zyme/ros_ws/Autoware_sim_test/install/autoware_lint_common:/home/zyme/ros_ws/Autoware_sim_test/install/autoware_auto_mapping_msgs:/home/zyme/ros_ws/Autoware_sim_test/install/autoware_auto_geometry_msgs:/opt/ros/humble LD_LIBRARY_PATH=/home/zyme/ros_ws/Autoware_sim_test/install/tier4_autoware_utils/lib:/home/zyme/ros_ws/Autoware_sim_test/install/autoware_auto_vehicle_msgs/lib:/home/zyme/ros_ws/Autoware_sim_test/install/autoware_auto_planning_msgs/lib:/home/zyme/ros_ws/Autoware_sim_test/install/autoware_auto_perception_msgs/lib:/home/zyme/ros_ws/Autoware_sim_test/install/tier4_debug_msgs/lib:/home/zyme/ros_ws/Autoware_sim_test/install/autoware_auto_mapping_msgs/lib:/home/zyme/ros_ws/Autoware_sim_test/install/autoware_auto_geometry_msgs/lib:${LD_LIBRARY_PATH} PYTHONPATH=/home/zyme/ros_ws/Autoware_sim_test/install/autoware_auto_vehicle_msgs/local/lib/python3.10/dist-packages:/home/zyme/ros_ws/Autoware_sim_test/install/autoware_auto_planning_msgs/local/lib/python3.10/dist-packages:/home/zyme/ros_ws/Autoware_sim_test/install/autoware_auto_perception_msgs/local/lib/python3.10/dist-packages:/home/zyme/ros_ws/Autoware_sim_test/install/tier4_debug_msgs/local/lib/python3.10/dist-packages:/home/zyme/ros_ws/Autoware_sim_test/install/autoware_auto_mapping_msgs/local/lib/python3.10/dist-packages:/home/zyme/ros_ws/Autoware_sim_test/install/autoware_auto_geometry_msgs/local/lib/python3.10/dist-packages:${PYTHONPATH} /usr/bin/cmake --install /home/zyme/ros_ws/Autoware_sim_test/build/tier4_vehicle_rviz_plugin
[50.783s] -- Install configuration: "Release"
[50.784s] -- Execute custom install script
[50.784s] -- Symlinking: /home/zyme/ros_ws/Autoware_sim_test/install/tier4_vehicle_rviz_plugin/share/tier4_vehicle_rviz_plugin/plugins/plugin_description.xml
[50.794s] -- Symlinking: /home/zyme/ros_ws/Autoware_sim_test/install/tier4_vehicle_rviz_plugin/share/tier4_vehicle_rviz_plugin/environment/library_path.sh
[50.803s] -- Symlinking: /home/zyme/ros_ws/Autoware_sim_test/install/tier4_vehicle_rviz_plugin/share/tier4_vehicle_rviz_plugin/environment/library_path.dsv
[50.813s] -- Symlinking: /home/zyme/ros_ws/Autoware_sim_test/install/tier4_vehicle_rviz_plugin/lib/libtier4_vehicle_rviz_plugin.so
[50.823s] -- Symlinking: /home/zyme/ros_ws/Autoware_sim_test/install/tier4_vehicle_rviz_plugin/share/tier4_vehicle_rviz_plugin/icons/classes/AccelerationMeter.png
[50.833s] -- Symlinking: /home/zyme/ros_ws/Autoware_sim_test/install/tier4_vehicle_rviz_plugin/share/tier4_vehicle_rviz_plugin/icons/classes/ConsoleMeter.png
[50.843s] -- Symlinking: /home/zyme/ros_ws/Autoware_sim_test/install/tier4_vehicle_rviz_plugin/share/tier4_vehicle_rviz_plugin/icons/classes/SteeringAngle.png
[50.854s] -- Symlinking: /home/zyme/ros_ws/Autoware_sim_test/install/tier4_vehicle_rviz_plugin/share/tier4_vehicle_rviz_plugin/icons/classes/TurnSignal.png
[50.864s] -- Symlinking: /home/zyme/ros_ws/Autoware_sim_test/install/tier4_vehicle_rviz_plugin/share/tier4_vehicle_rviz_plugin/icons/classes/VelocityHistory.png
[50.874s] -- Symlinking: /home/zyme/ros_ws/Autoware_sim_test/install/tier4_vehicle_rviz_plugin/share/tier4_vehicle_rviz_plugin/images/handle.png
[50.884s] -- Symlinking: /home/zyme/ros_ws/Autoware_sim_test/install/tier4_vehicle_rviz_plugin/share/tier4_vehicle_rviz_plugin/images/select_add.png
[50.893s] -- Symlinking: /home/zyme/ros_ws/Autoware_sim_test/install/tier4_vehicle_rviz_plugin/share/tier4_vehicle_rviz_plugin/images/select_topic_name.png
[50.903s] -- Symlinking: /home/zyme/ros_ws/Autoware_sim_test/install/tier4_vehicle_rviz_plugin/share/tier4_vehicle_rviz_plugin/images/select_vehicle_plugin.png
[50.912s] -- Up-to-date symlink: /home/zyme/ros_ws/Autoware_sim_test/install/tier4_vehicle_rviz_plugin/share/tier4_vehicle_rviz_plugin/plugins/plugin_description.xml
[50.913s] -- Symlinking: /home/zyme/ros_ws/Autoware_sim_test/install/tier4_vehicle_rviz_plugin/share/ament_index/resource_index/package_run_dependencies/tier4_vehicle_rviz_plugin
[50.922s] -- Symlinking: /home/zyme/ros_ws/Autoware_sim_test/install/tier4_vehicle_rviz_plugin/share/ament_index/resource_index/parent_prefix_path/tier4_vehicle_rviz_plugin
[50.932s] -- Symlinking: /home/zyme/ros_ws/Autoware_sim_test/install/tier4_vehicle_rviz_plugin/share/tier4_vehicle_rviz_plugin/environment/ament_prefix_path.sh
[50.941s] -- Symlinking: /home/zyme/ros_ws/Autoware_sim_test/install/tier4_vehicle_rviz_plugin/share/tier4_vehicle_rviz_plugin/environment/ament_prefix_path.dsv
[50.949s] -- Symlinking: /home/zyme/ros_ws/Autoware_sim_test/install/tier4_vehicle_rviz_plugin/share/tier4_vehicle_rviz_plugin/environment/path.sh
[50.958s] -- Symlinking: /home/zyme/ros_ws/Autoware_sim_test/install/tier4_vehicle_rviz_plugin/share/tier4_vehicle_rviz_plugin/environment/path.dsv
[50.968s] -- Symlinking: /home/zyme/ros_ws/Autoware_sim_test/install/tier4_vehicle_rviz_plugin/share/tier4_vehicle_rviz_plugin/local_setup.bash
[50.977s] -- Symlinking: /home/zyme/ros_ws/Autoware_sim_test/install/tier4_vehicle_rviz_plugin/share/tier4_vehicle_rviz_plugin/local_setup.sh
[50.986s] -- Symlinking: /home/zyme/ros_ws/Autoware_sim_test/install/tier4_vehicle_rviz_plugin/share/tier4_vehicle_rviz_plugin/local_setup.zsh
[50.995s] -- Symlinking: /home/zyme/ros_ws/Autoware_sim_test/install/tier4_vehicle_rviz_plugin/share/tier4_vehicle_rviz_plugin/local_setup.dsv
[51.005s] -- Symlinking: /home/zyme/ros_ws/Autoware_sim_test/install/tier4_vehicle_rviz_plugin/share/tier4_vehicle_rviz_plugin/package.dsv
[51.015s] -- Symlinking: /home/zyme/ros_ws/Autoware_sim_test/install/tier4_vehicle_rviz_plugin/share/ament_index/resource_index/packages/tier4_vehicle_rviz_plugin
[51.024s] -- Symlinking: /home/zyme/ros_ws/Autoware_sim_test/install/tier4_vehicle_rviz_plugin/share/ament_index/resource_index/rviz_common__pluginlib__plugin/tier4_vehicle_rviz_plugin
[51.033s] -- Symlinking: /home/zyme/ros_ws/Autoware_sim_test/install/tier4_vehicle_rviz_plugin/share/tier4_vehicle_rviz_plugin/cmake/ament_cmake_export_dependencies-extras.cmake
[51.042s] -- Symlinking: /home/zyme/ros_ws/Autoware_sim_test/install/tier4_vehicle_rviz_plugin/share/tier4_vehicle_rviz_plugin/cmake/ament_cmake_export_libraries-extras.cmake
[51.052s] -- Symlinking: /home/zyme/ros_ws/Autoware_sim_test/install/tier4_vehicle_rviz_plugin/share/tier4_vehicle_rviz_plugin/cmake/tier4_vehicle_rviz_pluginConfig.cmake
[51.061s] -- Symlinking: /home/zyme/ros_ws/Autoware_sim_test/install/tier4_vehicle_rviz_plugin/share/tier4_vehicle_rviz_plugin/cmake/tier4_vehicle_rviz_pluginConfig-version.cmake
[51.070s] -- Symlinking: /home/zyme/ros_ws/Autoware_sim_test/install/tier4_vehicle_rviz_plugin/share/tier4_vehicle_rviz_plugin/package.xml
[51.081s] Invoked command in '/home/zyme/ros_ws/Autoware_sim_test/build/tier4_vehicle_rviz_plugin' returned '0': AMENT_PREFIX_PATH=/home/zyme/ros_ws/Autoware_sim_test/install/tier4_autoware_utils:/home/zyme/ros_ws/Autoware_sim_test/install/autoware_auto_vehicle_msgs:/home/zyme/ros_ws/Autoware_sim_test/install/autoware_cmake:/home/zyme/ros_ws/Autoware_sim_test/install/autoware_auto_planning_msgs:/home/zyme/ros_ws/Autoware_sim_test/install/autoware_auto_perception_msgs:/home/zyme/ros_ws/Autoware_sim_test/install/tier4_debug_msgs:/home/zyme/ros_ws/Autoware_sim_test/install/autoware_lint_common:/home/zyme/ros_ws/Autoware_sim_test/install/autoware_auto_mapping_msgs:/home/zyme/ros_ws/Autoware_sim_test/install/autoware_auto_geometry_msgs:${AMENT_PREFIX_PATH} CMAKE_PREFIX_PATH=/home/zyme/ros_ws/Autoware_sim_test/install/tier4_autoware_utils:/home/zyme/ros_ws/Autoware_sim_test/install/autoware_auto_vehicle_msgs:/home/zyme/ros_ws/Autoware_sim_test/install/autoware_cmake:/home/zyme/ros_ws/Autoware_sim_test/install/autoware_auto_planning_msgs:/home/zyme/ros_ws/Autoware_sim_test/install/autoware_auto_perception_msgs:/home/zyme/ros_ws/Autoware_sim_test/install/tier4_debug_msgs:/home/zyme/ros_ws/Autoware_sim_test/install/autoware_lint_common:/home/zyme/ros_ws/Autoware_sim_test/install/autoware_auto_mapping_msgs:/home/zyme/ros_ws/Autoware_sim_test/install/autoware_auto_geometry_msgs:/opt/ros/humble LD_LIBRARY_PATH=/home/zyme/ros_ws/Autoware_sim_test/install/tier4_autoware_utils/lib:/home/zyme/ros_ws/Autoware_sim_test/install/autoware_auto_vehicle_msgs/lib:/home/zyme/ros_ws/Autoware_sim_test/install/autoware_auto_planning_msgs/lib:/home/zyme/ros_ws/Autoware_sim_test/install/autoware_auto_perception_msgs/lib:/home/zyme/ros_ws/Autoware_sim_test/install/tier4_debug_msgs/lib:/home/zyme/ros_ws/Autoware_sim_test/install/autoware_auto_mapping_msgs/lib:/home/zyme/ros_ws/Autoware_sim_test/install/autoware_auto_geometry_msgs/lib:${LD_LIBRARY_PATH} PYTHONPATH=/home/zyme/ros_ws/Autoware_sim_test/install/autoware_auto_vehicle_msgs/local/lib/python3.10/dist-packages:/home/zyme/ros_ws/Autoware_sim_test/install/autoware_auto_planning_msgs/local/lib/python3.10/dist-packages:/home/zyme/ros_ws/Autoware_sim_test/install/autoware_auto_perception_msgs/local/lib/python3.10/dist-packages:/home/zyme/ros_ws/Autoware_sim_test/install/tier4_debug_msgs/local/lib/python3.10/dist-packages:/home/zyme/ros_ws/Autoware_sim_test/install/autoware_auto_mapping_msgs/local/lib/python3.10/dist-packages:/home/zyme/ros_ws/Autoware_sim_test/install/autoware_auto_geometry_msgs/local/lib/python3.10/dist-packages:${PYTHONPATH} /usr/bin/cmake --install /home/zyme/ros_ws/Autoware_sim_test/build/tier4_vehicle_rviz_plugin
