[0.078s] Invoking command in '/home/zyme/ros_ws/Autoware_sim_test/build/system_monitor': AMENT_PREFIX_PATH=/home/zyme/ros_ws/Autoware_sim_test/install/tier4_autoware_utils:/home/zyme/ros_ws/Autoware_sim_test/install/autoware_auto_vehicle_msgs:/home/zyme/ros_ws/Autoware_sim_test/install/autoware_cmake:/home/zyme/ros_ws/Autoware_sim_test/install/autoware_auto_planning_msgs:/home/zyme/ros_ws/Autoware_sim_test/install/autoware_auto_perception_msgs:/home/zyme/ros_ws/Autoware_sim_test/install/tier4_external_api_msgs:/home/zyme/ros_ws/Autoware_sim_test/install/tier4_debug_msgs:/home/zyme/ros_ws/Autoware_sim_test/install/autoware_lint_common:/home/zyme/ros_ws/Autoware_sim_test/install/autoware_auto_mapping_msgs:/home/zyme/ros_ws/Autoware_sim_test/install/autoware_auto_geometry_msgs:${AMENT_PREFIX_PATH} CMAKE_PREFIX_PATH=/home/zyme/ros_ws/Autoware_sim_test/install/tier4_autoware_utils:/home/zyme/ros_ws/Autoware_sim_test/install/autoware_auto_vehicle_msgs:/home/zyme/ros_ws/Autoware_sim_test/install/autoware_cmake:/home/zyme/ros_ws/Autoware_sim_test/install/autoware_auto_planning_msgs:/home/zyme/ros_ws/Autoware_sim_test/install/autoware_auto_perception_msgs:/home/zyme/ros_ws/Autoware_sim_test/install/tier4_external_api_msgs:/home/zyme/ros_ws/Autoware_sim_test/install/tier4_debug_msgs:/home/zyme/ros_ws/Autoware_sim_test/install/autoware_lint_common:/home/zyme/ros_ws/Autoware_sim_test/install/autoware_auto_mapping_msgs:/home/zyme/ros_ws/Autoware_sim_test/install/autoware_auto_geometry_msgs:/opt/ros/humble LD_LIBRARY_PATH=/home/zyme/ros_ws/Autoware_sim_test/install/tier4_autoware_utils/lib:/home/zyme/ros_ws/Autoware_sim_test/install/autoware_auto_vehicle_msgs/lib:/home/zyme/ros_ws/Autoware_sim_test/install/autoware_auto_planning_msgs/lib:/home/zyme/ros_ws/Autoware_sim_test/install/autoware_auto_perception_msgs/lib:/home/zyme/ros_ws/Autoware_sim_test/install/tier4_external_api_msgs/lib:/home/zyme/ros_ws/Autoware_sim_test/install/tier4_debug_msgs/lib:/home/zyme/ros_ws/Autoware_sim_test/install/autoware_auto_mapping_msgs/lib:/home/zyme/ros_ws/Autoware_sim_test/install/autoware_auto_geometry_msgs/lib:${LD_LIBRARY_PATH} PYTHONPATH=/home/zyme/ros_ws/Autoware_sim_test/install/autoware_auto_vehicle_msgs/local/lib/python3.10/dist-packages:/home/zyme/ros_ws/Autoware_sim_test/install/autoware_auto_planning_msgs/local/lib/python3.10/dist-packages:/home/zyme/ros_ws/Autoware_sim_test/install/autoware_auto_perception_msgs/local/lib/python3.10/dist-packages:/home/zyme/ros_ws/Autoware_sim_test/install/tier4_external_api_msgs/local/lib/python3.10/dist-packages:/home/zyme/ros_ws/Autoware_sim_test/install/tier4_debug_msgs/local/lib/python3.10/dist-packages:/home/zyme/ros_ws/Autoware_sim_test/install/autoware_auto_mapping_msgs/local/lib/python3.10/dist-packages:/home/zyme/ros_ws/Autoware_sim_test/install/autoware_auto_geometry_msgs/local/lib/python3.10/dist-packages:${PYTHONPATH} /usr/bin/cmake /home/zyme/ros_ws/Autoware_sim_test/src/autoware/src/universe/autoware.universe/system/system_monitor -DCMAKE_BUILD_TYPE=Release -DCMAKE_CXX_FLAGS=-w -DAMENT_CMAKE_SYMLINK_INSTALL=1 -DCMAKE_INSTALL_PREFIX=/home/zyme/ros_ws/Autoware_sim_test/install/system_monitor
[0.091s] -- Found autoware_cmake: 0.1.0 (/home/zyme/ros_ws/Autoware_sim_test/install/autoware_cmake/share/autoware_cmake/cmake)
[0.208s] -- Override CMake install command with custom implementation using symlinks instead of copying resources
[0.304s] -- Found rosidl_generator_c: 3.1.5 (/opt/ros/humble/share/rosidl_generator_c/cmake)
[0.307s] -- Found rosidl_adapter: 3.1.5 (/opt/ros/humble/share/rosidl_adapter/cmake)
[0.313s] -- Found rosidl_generator_cpp: 3.1.5 (/opt/ros/humble/share/rosidl_generator_cpp/cmake)
[0.323s] -- Using all available rosidl_typesupport_c: rosidl_typesupport_fastrtps_c;rosidl_typesupport_introspection_c
[0.339s] -- Using all available rosidl_typesupport_cpp: rosidl_typesupport_fastrtps_cpp;rosidl_typesupport_introspection_cpp
[0.505s] -- Found rmw_implementation_cmake: 6.1.1 (/opt/ros/humble/share/rmw_implementation_cmake/cmake)
[0.507s] -- Found rmw_cyclonedds_cpp: 1.3.4 (/opt/ros/humble/share/rmw_cyclonedds_cpp/cmake)
[0.536s] -- Using RMW implementation 'rmw_cyclonedds_cpp' as default
[2.300s] -- Found eigen3_cmake_module: 0.1.1 (/opt/ros/humble/share/eigen3_cmake_module/cmake)
[2.301s] -- Ensuring Eigen3 include directory is part of orocos-kdl CMake target
[2.549s] -- Eigen found (include: /usr/include/eigen3, version: 3.4.0)
[2.584s] -- FLANN found (include: /usr/include, lib: /usr/lib/x86_64-linux-gnu/libflann_cpp.so)
[2.886s] -- OpenNI found (version: 1.5.4.0, include: /usr/include/ni, lib: /usr/lib/libOpenNI.so;libusb::libusb)
[2.892s] -- OpenNI2 found (version: 2.2.0.33, include: /usr/include/openni2, lib: /usr/lib/x86_64-linux-gnu/libOpenNI2.so;libusb::libusb)
[3.056s] -- Eigen found (include: /usr/include/eigen3, version: 3.4.0)
[3.064s] -- OpenNI found (version: 1.5.4.0, include: /usr/include/ni, lib: /usr/lib/libOpenNI.so;libusb::libusb)
[3.070s] -- OpenNI2 found (version: 2.2.0.33, include: /usr/include/openni2, lib: /usr/lib/x86_64-linux-gnu/libOpenNI2.so;libusb::libusb)
[3.218s] -- Found Qhull version 8.0.2
[3.366s] -- OpenNI found (version: 1.5.4.0, include: /usr/include/ni, lib: /usr/lib/libOpenNI.so;libusb::libusb)
[3.946s] -- Found ament_lint_auto: 0.12.10 (/opt/ros/humble/share/ament_lint_auto/cmake)
[3.954s] -- NVML include dir: /usr/local/cuda/include
[3.954s] -- NVML library : /usr/lib/x86_64-linux-gnu/libnvidia-ml.so
[3.954s] -- HOST_SYSTEM_VERSION: 6.6.10-76060610-generic
[3.954s] -- SYSTEM_PROCESSOR: x86_64
[3.954s] -- CPU PLATFORM: intel
[3.954s] -- GPU PLATFORM: nvml
[16.982s] -- Found Boost: /usr/lib/x86_64-linux-gnu/cmake/Boost-1.74.0/BoostConfig.cmake (found version "1.74.0") found components: serialization thread filesystem regex 
[17.003s] -- Added test 'copyright' to check source files copyright and LICENSE
[17.017s] -- Added test 'cppcheck' to perform static code analysis on C / C++ code
[17.020s] -- Configured cppcheck include dirs: /home/zyme/ros_ws/Autoware_sim_test/src/autoware/src/universe/autoware.universe/system/system_monitor/include
[17.020s] -- Configured cppcheck exclude dirs and/or files: 
[17.023s] -- Added test 'lint_cmake' to check CMake code style
[17.025s] -- Added test 'xmllint' to check XML markup files
[17.029s] -- Configuring done
[18.411s] -- Generating done
[18.415s] -- Build files have been written to: /home/zyme/ros_ws/Autoware_sim_test/build/system_monitor
[18.434s] Invoked command in '/home/zyme/ros_ws/Autoware_sim_test/build/system_monitor' returned '0': AMENT_PREFIX_PATH=/home/zyme/ros_ws/Autoware_sim_test/install/tier4_autoware_utils:/home/zyme/ros_ws/Autoware_sim_test/install/autoware_auto_vehicle_msgs:/home/zyme/ros_ws/Autoware_sim_test/install/autoware_cmake:/home/zyme/ros_ws/Autoware_sim_test/install/autoware_auto_planning_msgs:/home/zyme/ros_ws/Autoware_sim_test/install/autoware_auto_perception_msgs:/home/zyme/ros_ws/Autoware_sim_test/install/tier4_external_api_msgs:/home/zyme/ros_ws/Autoware_sim_test/install/tier4_debug_msgs:/home/zyme/ros_ws/Autoware_sim_test/install/autoware_lint_common:/home/zyme/ros_ws/Autoware_sim_test/install/autoware_auto_mapping_msgs:/home/zyme/ros_ws/Autoware_sim_test/install/autoware_auto_geometry_msgs:${AMENT_PREFIX_PATH} CMAKE_PREFIX_PATH=/home/zyme/ros_ws/Autoware_sim_test/install/tier4_autoware_utils:/home/zyme/ros_ws/Autoware_sim_test/install/autoware_auto_vehicle_msgs:/home/zyme/ros_ws/Autoware_sim_test/install/autoware_cmake:/home/zyme/ros_ws/Autoware_sim_test/install/autoware_auto_planning_msgs:/home/zyme/ros_ws/Autoware_sim_test/install/autoware_auto_perception_msgs:/home/zyme/ros_ws/Autoware_sim_test/install/tier4_external_api_msgs:/home/zyme/ros_ws/Autoware_sim_test/install/tier4_debug_msgs:/home/zyme/ros_ws/Autoware_sim_test/install/autoware_lint_common:/home/zyme/ros_ws/Autoware_sim_test/install/autoware_auto_mapping_msgs:/home/zyme/ros_ws/Autoware_sim_test/install/autoware_auto_geometry_msgs:/opt/ros/humble LD_LIBRARY_PATH=/home/zyme/ros_ws/Autoware_sim_test/install/tier4_autoware_utils/lib:/home/zyme/ros_ws/Autoware_sim_test/install/autoware_auto_vehicle_msgs/lib:/home/zyme/ros_ws/Autoware_sim_test/install/autoware_auto_planning_msgs/lib:/home/zyme/ros_ws/Autoware_sim_test/install/autoware_auto_perception_msgs/lib:/home/zyme/ros_ws/Autoware_sim_test/install/tier4_external_api_msgs/lib:/home/zyme/ros_ws/Autoware_sim_test/install/tier4_debug_msgs/lib:/home/zyme/ros_ws/Autoware_sim_test/install/autoware_auto_mapping_msgs/lib:/home/zyme/ros_ws/Autoware_sim_test/install/autoware_auto_geometry_msgs/lib:${LD_LIBRARY_PATH} PYTHONPATH=/home/zyme/ros_ws/Autoware_sim_test/install/autoware_auto_vehicle_msgs/local/lib/python3.10/dist-packages:/home/zyme/ros_ws/Autoware_sim_test/install/autoware_auto_planning_msgs/local/lib/python3.10/dist-packages:/home/zyme/ros_ws/Autoware_sim_test/install/autoware_auto_perception_msgs/local/lib/python3.10/dist-packages:/home/zyme/ros_ws/Autoware_sim_test/install/tier4_external_api_msgs/local/lib/python3.10/dist-packages:/home/zyme/ros_ws/Autoware_sim_test/install/tier4_debug_msgs/local/lib/python3.10/dist-packages:/home/zyme/ros_ws/Autoware_sim_test/install/autoware_auto_mapping_msgs/local/lib/python3.10/dist-packages:/home/zyme/ros_ws/Autoware_sim_test/install/autoware_auto_geometry_msgs/local/lib/python3.10/dist-packages:${PYTHONPATH} /usr/bin/cmake /home/zyme/ros_ws/Autoware_sim_test/src/autoware/src/universe/autoware.universe/system/system_monitor -DCMAKE_BUILD_TYPE=Release -DCMAKE_CXX_FLAGS=-w -DAMENT_CMAKE_SYMLINK_INSTALL=1 -DCMAKE_INSTALL_PREFIX=/home/zyme/ros_ws/Autoware_sim_test/install/system_monitor
[18.436s] Invoking command in '/home/zyme/ros_ws/Autoware_sim_test/build/system_monitor': AMENT_PREFIX_PATH=/home/zyme/ros_ws/Autoware_sim_test/install/tier4_autoware_utils:/home/zyme/ros_ws/Autoware_sim_test/install/autoware_auto_vehicle_msgs:/home/zyme/ros_ws/Autoware_sim_test/install/autoware_cmake:/home/zyme/ros_ws/Autoware_sim_test/install/autoware_auto_planning_msgs:/home/zyme/ros_ws/Autoware_sim_test/install/autoware_auto_perception_msgs:/home/zyme/ros_ws/Autoware_sim_test/install/tier4_external_api_msgs:/home/zyme/ros_ws/Autoware_sim_test/install/tier4_debug_msgs:/home/zyme/ros_ws/Autoware_sim_test/install/autoware_lint_common:/home/zyme/ros_ws/Autoware_sim_test/install/autoware_auto_mapping_msgs:/home/zyme/ros_ws/Autoware_sim_test/install/autoware_auto_geometry_msgs:${AMENT_PREFIX_PATH} CMAKE_PREFIX_PATH=/home/zyme/ros_ws/Autoware_sim_test/install/tier4_autoware_utils:/home/zyme/ros_ws/Autoware_sim_test/install/autoware_auto_vehicle_msgs:/home/zyme/ros_ws/Autoware_sim_test/install/autoware_cmake:/home/zyme/ros_ws/Autoware_sim_test/install/autoware_auto_planning_msgs:/home/zyme/ros_ws/Autoware_sim_test/install/autoware_auto_perception_msgs:/home/zyme/ros_ws/Autoware_sim_test/install/tier4_external_api_msgs:/home/zyme/ros_ws/Autoware_sim_test/install/tier4_debug_msgs:/home/zyme/ros_ws/Autoware_sim_test/install/autoware_lint_common:/home/zyme/ros_ws/Autoware_sim_test/install/autoware_auto_mapping_msgs:/home/zyme/ros_ws/Autoware_sim_test/install/autoware_auto_geometry_msgs:/opt/ros/humble LD_LIBRARY_PATH=/home/zyme/ros_ws/Autoware_sim_test/install/tier4_autoware_utils/lib:/home/zyme/ros_ws/Autoware_sim_test/install/autoware_auto_vehicle_msgs/lib:/home/zyme/ros_ws/Autoware_sim_test/install/autoware_auto_planning_msgs/lib:/home/zyme/ros_ws/Autoware_sim_test/install/autoware_auto_perception_msgs/lib:/home/zyme/ros_ws/Autoware_sim_test/install/tier4_external_api_msgs/lib:/home/zyme/ros_ws/Autoware_sim_test/install/tier4_debug_msgs/lib:/home/zyme/ros_ws/Autoware_sim_test/install/autoware_auto_mapping_msgs/lib:/home/zyme/ros_ws/Autoware_sim_test/install/autoware_auto_geometry_msgs/lib:${LD_LIBRARY_PATH} PYTHONPATH=/home/zyme/ros_ws/Autoware_sim_test/install/autoware_auto_vehicle_msgs/local/lib/python3.10/dist-packages:/home/zyme/ros_ws/Autoware_sim_test/install/autoware_auto_planning_msgs/local/lib/python3.10/dist-packages:/home/zyme/ros_ws/Autoware_sim_test/install/autoware_auto_perception_msgs/local/lib/python3.10/dist-packages:/home/zyme/ros_ws/Autoware_sim_test/install/tier4_external_api_msgs/local/lib/python3.10/dist-packages:/home/zyme/ros_ws/Autoware_sim_test/install/tier4_debug_msgs/local/lib/python3.10/dist-packages:/home/zyme/ros_ws/Autoware_sim_test/install/autoware_auto_mapping_msgs/local/lib/python3.10/dist-packages:/home/zyme/ros_ws/Autoware_sim_test/install/autoware_auto_geometry_msgs/local/lib/python3.10/dist-packages:${PYTHONPATH} /usr/bin/cmake --build /home/zyme/ros_ws/Autoware_sim_test/build/system_monitor
[18.495s] [  4%] [32mBuilding CXX object CMakeFiles/cpu_monitor.dir/rclcpp_components/node_main_cpu_monitor.cpp.o[0m
[18.495s] [  4%] [32mBuilding CXX object CMakeFiles/hdd_monitor.dir/rclcpp_components/node_main_hdd_monitor.cpp.o[0m
[18.495s] [  7%] [32mBuilding CXX object CMakeFiles/cpu_monitor_lib.dir/src/cpu_monitor/cpu_monitor_base.cpp.o[0m
[22.118s] [  9%] [32m[1mLinking CXX executable hdd_monitor[0m
[22.126s] [ 11%] [32m[1mLinking CXX executable cpu_monitor[0m
[22.275s] [ 11%] Built target hdd_monitor
[22.283s] [ 11%] Built target cpu_monitor
[22.302s] [ 14%] [32mBuilding CXX object CMakeFiles/mem_monitor.dir/rclcpp_components/node_main_mem_monitor.cpp.o[0m
[22.309s] [ 16%] [32mBuilding CXX object CMakeFiles/net_monitor.dir/rclcpp_components/node_main_net_monitor.cpp.o[0m
[25.524s] In file included from [01m[K/usr/include/boost/bind.hpp:30[m[K,
[25.524s]                  from [01m[K/usr/include/boost/property_tree/json_parser/detail/parser.hpp:7[m[K,
[25.524s]                  from [01m[K/usr/include/boost/property_tree/json_parser/detail/read.hpp:13[m[K,
[25.524s]                  from [01m[K/usr/include/boost/property_tree/json_parser.hpp:16[m[K,
[25.524s]                  from [01m[K/home/zyme/ros_ws/Autoware_sim_test/src/autoware/src/universe/autoware.universe/system/system_monitor/src/cpu_monitor/cpu_monitor_base.cpp:26[m[K:
[25.524s] [01m[K/usr/include/boost/bind.hpp:36:1:[m[K [01;36m[Knote: [m[K‘[01m[K#pragma message: The practice of declaring the Bind placeholders (_1, _2, ...) in the global namespace is deprecated. Please use <boost/bind/bind.hpp> + using namespace boost::placeholders, or define BOOST_BIND_GLOBAL_PLACEHOLDERS to retain the current behavior.[m[K’
[25.524s]    36 | [01;36m[KBOOST_PRAGMA_MESSAGE[m[K(
[25.524s]       | [01;36m[K^~~~~~~~~~~~~~~~~~~~[m[K
[26.140s] [ 19%] [32m[1mLinking CXX executable net_monitor[0m
[26.175s] [ 21%] [32m[1mLinking CXX executable mem_monitor[0m
[26.291s] [ 21%] Built target net_monitor
[26.319s] [ 23%] [32mBuilding CXX object CMakeFiles/ntp_monitor.dir/rclcpp_components/node_main_ntp_monitor.cpp.o[0m
[26.326s] [ 23%] Built target mem_monitor
[26.352s] [ 26%] [32mBuilding CXX object CMakeFiles/process_monitor.dir/rclcpp_components/node_main_process_monitor.cpp.o[0m
[30.095s] [ 28%] [32m[1mLinking CXX executable ntp_monitor[0m
[30.136s] [ 30%] [32m[1mLinking CXX executable process_monitor[0m
[30.250s] [ 30%] Built target ntp_monitor
[30.278s] [ 33%] [32mBuilding CXX object CMakeFiles/gpu_monitor.dir/rclcpp_components/node_main_gpu_monitor.cpp.o[0m
[30.286s] [ 33%] Built target process_monitor
[30.314s] [ 35%] [32mBuilding CXX object CMakeFiles/voltage_monitor.dir/rclcpp_components/node_main_voltage_monitor.cpp.o[0m
[34.167s] [ 38%] [32m[1mLinking CXX executable gpu_monitor[0m
[34.213s] [ 40%] [32m[1mLinking CXX executable voltage_monitor[0m
[34.318s] [ 40%] Built target gpu_monitor
[34.330s] [ 42%] [32mBuilding CXX object CMakeFiles/cpu_monitor_lib.dir/src/cpu_monitor/intel_cpu_monitor.cpp.o[0m
[34.362s] [ 42%] Built target voltage_monitor
[45.420s] [ 45%] [32m[1mLinking CXX shared library libcpu_monitor_lib.so[0m
[45.896s] [ 45%] Built target cpu_monitor_lib
[45.922s] [ 47%] [32mBuilding CXX object CMakeFiles/hdd_monitor_lib.dir/src/hdd_monitor/hdd_monitor.cpp.o[0m
[62.484s] [ 50%] [32m[1mLinking CXX shared library libhdd_monitor_lib.so[0m
[62.936s] [ 50%] Built target hdd_monitor_lib
[62.961s] [ 52%] [32mBuilding CXX object CMakeFiles/mem_monitor_lib.dir/src/mem_monitor/mem_monitor.cpp.o[0m
[75.130s] [ 54%] [32m[1mLinking CXX shared library libmem_monitor_lib.so[0m
[75.626s] [ 54%] Built target mem_monitor_lib
[75.652s] [ 59%] [32mBuilding CXX object CMakeFiles/net_monitor_lib.dir/src/net_monitor/net_monitor.cpp.o[0m
[75.652s] [ 59%] [32mBuilding CXX object CMakeFiles/net_monitor_lib.dir/src/net_monitor/nl80211.cpp.o[0m
[92.134s] [ 61%] [32m[1mLinking CXX shared library libnet_monitor_lib.so[0m
[92.678s] [ 61%] Built target net_monitor_lib
[92.702s] [ 64%] [32mBuilding CXX object CMakeFiles/ntp_monitor_lib.dir/src/ntp_monitor/ntp_monitor.cpp.o[0m
[107.646s] [ 66%] [32m[1mLinking CXX shared library libntp_monitor_lib.so[0m
[108.190s] [ 66%] Built target ntp_monitor_lib
[108.216s] [ 69%] [32mBuilding CXX object CMakeFiles/process_monitor_lib.dir/src/process_monitor/process_monitor.cpp.o[0m
[125.795s] [ 71%] [32m[1mLinking CXX shared library libprocess_monitor_lib.so[0m
[126.368s] [ 71%] Built target process_monitor_lib
[126.394s] [ 76%] [32mBuilding CXX object CMakeFiles/gpu_monitor_lib.dir/src/gpu_monitor/nvml_gpu_monitor.cpp.o[0m
[126.394s] [ 76%] [32mBuilding CXX object CMakeFiles/gpu_monitor_lib.dir/src/gpu_monitor/gpu_monitor_base.cpp.o[0m
[134.041s] [ 78%] [32m[1mLinking CXX shared library libgpu_monitor_lib.so[0m
[134.576s] [ 78%] Built target gpu_monitor_lib
[134.601s] [ 80%] [32mBuilding CXX object CMakeFiles/voltage_monitor_lib.dir/src/voltage_monitor/voltage_monitor.cpp.o[0m
[148.921s] [ 83%] [32m[1mLinking CXX shared library libvoltage_monitor_lib.so[0m
[149.471s] [ 83%] Built target voltage_monitor_lib
[149.498s] [ 90%] [32mBuilding CXX object CMakeFiles/traffic_reader.dir/reader/traffic_reader/traffic_reader_main.cpp.o[0m
[149.498s] [ 90%] [32mBuilding CXX object CMakeFiles/msr_reader.dir/reader/msr_reader/msr_reader.cpp.o[0m
[149.499s] [ 90%] [32mBuilding CXX object CMakeFiles/hdd_reader.dir/reader/hdd_reader/hdd_reader.cpp.o[0m
[152.994s] [ 92%] [32mBuilding CXX object CMakeFiles/traffic_reader.dir/reader/traffic_reader/traffic_reader_service.cpp.o[0m
[156.045s] [ 95%] [32m[1mLinking CXX executable msr_reader[0m
[158.424s] [ 97%] [32m[1mLinking CXX executable hdd_reader[0m
[163.307s] [100%] [32m[1mLinking CXX executable traffic_reader[0m
[174.148s] [100%] Built target traffic_reader
[184.125s] [100%] Built target msr_reader
[185.466s] [100%] Built target hdd_reader
[185.480s] Invoked command in '/home/zyme/ros_ws/Autoware_sim_test/build/system_monitor' returned '0': AMENT_PREFIX_PATH=/home/zyme/ros_ws/Autoware_sim_test/install/tier4_autoware_utils:/home/zyme/ros_ws/Autoware_sim_test/install/autoware_auto_vehicle_msgs:/home/zyme/ros_ws/Autoware_sim_test/install/autoware_cmake:/home/zyme/ros_ws/Autoware_sim_test/install/autoware_auto_planning_msgs:/home/zyme/ros_ws/Autoware_sim_test/install/autoware_auto_perception_msgs:/home/zyme/ros_ws/Autoware_sim_test/install/tier4_external_api_msgs:/home/zyme/ros_ws/Autoware_sim_test/install/tier4_debug_msgs:/home/zyme/ros_ws/Autoware_sim_test/install/autoware_lint_common:/home/zyme/ros_ws/Autoware_sim_test/install/autoware_auto_mapping_msgs:/home/zyme/ros_ws/Autoware_sim_test/install/autoware_auto_geometry_msgs:${AMENT_PREFIX_PATH} CMAKE_PREFIX_PATH=/home/zyme/ros_ws/Autoware_sim_test/install/tier4_autoware_utils:/home/zyme/ros_ws/Autoware_sim_test/install/autoware_auto_vehicle_msgs:/home/zyme/ros_ws/Autoware_sim_test/install/autoware_cmake:/home/zyme/ros_ws/Autoware_sim_test/install/autoware_auto_planning_msgs:/home/zyme/ros_ws/Autoware_sim_test/install/autoware_auto_perception_msgs:/home/zyme/ros_ws/Autoware_sim_test/install/tier4_external_api_msgs:/home/zyme/ros_ws/Autoware_sim_test/install/tier4_debug_msgs:/home/zyme/ros_ws/Autoware_sim_test/install/autoware_lint_common:/home/zyme/ros_ws/Autoware_sim_test/install/autoware_auto_mapping_msgs:/home/zyme/ros_ws/Autoware_sim_test/install/autoware_auto_geometry_msgs:/opt/ros/humble LD_LIBRARY_PATH=/home/zyme/ros_ws/Autoware_sim_test/install/tier4_autoware_utils/lib:/home/zyme/ros_ws/Autoware_sim_test/install/autoware_auto_vehicle_msgs/lib:/home/zyme/ros_ws/Autoware_sim_test/install/autoware_auto_planning_msgs/lib:/home/zyme/ros_ws/Autoware_sim_test/install/autoware_auto_perception_msgs/lib:/home/zyme/ros_ws/Autoware_sim_test/install/tier4_external_api_msgs/lib:/home/zyme/ros_ws/Autoware_sim_test/install/tier4_debug_msgs/lib:/home/zyme/ros_ws/Autoware_sim_test/install/autoware_auto_mapping_msgs/lib:/home/zyme/ros_ws/Autoware_sim_test/install/autoware_auto_geometry_msgs/lib:${LD_LIBRARY_PATH} PYTHONPATH=/home/zyme/ros_ws/Autoware_sim_test/install/autoware_auto_vehicle_msgs/local/lib/python3.10/dist-packages:/home/zyme/ros_ws/Autoware_sim_test/install/autoware_auto_planning_msgs/local/lib/python3.10/dist-packages:/home/zyme/ros_ws/Autoware_sim_test/install/autoware_auto_perception_msgs/local/lib/python3.10/dist-packages:/home/zyme/ros_ws/Autoware_sim_test/install/tier4_external_api_msgs/local/lib/python3.10/dist-packages:/home/zyme/ros_ws/Autoware_sim_test/install/tier4_debug_msgs/local/lib/python3.10/dist-packages:/home/zyme/ros_ws/Autoware_sim_test/install/autoware_auto_mapping_msgs/local/lib/python3.10/dist-packages:/home/zyme/ros_ws/Autoware_sim_test/install/autoware_auto_geometry_msgs/local/lib/python3.10/dist-packages:${PYTHONPATH} /usr/bin/cmake --build /home/zyme/ros_ws/Autoware_sim_test/build/system_monitor
[185.617s] Invoking command in '/home/zyme/ros_ws/Autoware_sim_test/build/system_monitor': AMENT_PREFIX_PATH=/home/zyme/ros_ws/Autoware_sim_test/install/tier4_autoware_utils:/home/zyme/ros_ws/Autoware_sim_test/install/autoware_auto_vehicle_msgs:/home/zyme/ros_ws/Autoware_sim_test/install/autoware_cmake:/home/zyme/ros_ws/Autoware_sim_test/install/autoware_auto_planning_msgs:/home/zyme/ros_ws/Autoware_sim_test/install/autoware_auto_perception_msgs:/home/zyme/ros_ws/Autoware_sim_test/install/tier4_external_api_msgs:/home/zyme/ros_ws/Autoware_sim_test/install/tier4_debug_msgs:/home/zyme/ros_ws/Autoware_sim_test/install/autoware_lint_common:/home/zyme/ros_ws/Autoware_sim_test/install/autoware_auto_mapping_msgs:/home/zyme/ros_ws/Autoware_sim_test/install/autoware_auto_geometry_msgs:${AMENT_PREFIX_PATH} CMAKE_PREFIX_PATH=/home/zyme/ros_ws/Autoware_sim_test/install/tier4_autoware_utils:/home/zyme/ros_ws/Autoware_sim_test/install/autoware_auto_vehicle_msgs:/home/zyme/ros_ws/Autoware_sim_test/install/autoware_cmake:/home/zyme/ros_ws/Autoware_sim_test/install/autoware_auto_planning_msgs:/home/zyme/ros_ws/Autoware_sim_test/install/autoware_auto_perception_msgs:/home/zyme/ros_ws/Autoware_sim_test/install/tier4_external_api_msgs:/home/zyme/ros_ws/Autoware_sim_test/install/tier4_debug_msgs:/home/zyme/ros_ws/Autoware_sim_test/install/autoware_lint_common:/home/zyme/ros_ws/Autoware_sim_test/install/autoware_auto_mapping_msgs:/home/zyme/ros_ws/Autoware_sim_test/install/autoware_auto_geometry_msgs:/opt/ros/humble LD_LIBRARY_PATH=/home/zyme/ros_ws/Autoware_sim_test/install/tier4_autoware_utils/lib:/home/zyme/ros_ws/Autoware_sim_test/install/autoware_auto_vehicle_msgs/lib:/home/zyme/ros_ws/Autoware_sim_test/install/autoware_auto_planning_msgs/lib:/home/zyme/ros_ws/Autoware_sim_test/install/autoware_auto_perception_msgs/lib:/home/zyme/ros_ws/Autoware_sim_test/install/tier4_external_api_msgs/lib:/home/zyme/ros_ws/Autoware_sim_test/install/tier4_debug_msgs/lib:/home/zyme/ros_ws/Autoware_sim_test/install/autoware_auto_mapping_msgs/lib:/home/zyme/ros_ws/Autoware_sim_test/install/autoware_auto_geometry_msgs/lib:${LD_LIBRARY_PATH} PYTHONPATH=/home/zyme/ros_ws/Autoware_sim_test/install/autoware_auto_vehicle_msgs/local/lib/python3.10/dist-packages:/home/zyme/ros_ws/Autoware_sim_test/install/autoware_auto_planning_msgs/local/lib/python3.10/dist-packages:/home/zyme/ros_ws/Autoware_sim_test/install/autoware_auto_perception_msgs/local/lib/python3.10/dist-packages:/home/zyme/ros_ws/Autoware_sim_test/install/tier4_external_api_msgs/local/lib/python3.10/dist-packages:/home/zyme/ros_ws/Autoware_sim_test/install/tier4_debug_msgs/local/lib/python3.10/dist-packages:/home/zyme/ros_ws/Autoware_sim_test/install/autoware_auto_mapping_msgs/local/lib/python3.10/dist-packages:/home/zyme/ros_ws/Autoware_sim_test/install/autoware_auto_geometry_msgs/local/lib/python3.10/dist-packages:${PYTHONPATH} /usr/bin/cmake --install /home/zyme/ros_ws/Autoware_sim_test/build/system_monitor
[185.632s] -- Install configuration: "Release"
[185.632s] -- Execute custom install script
[185.633s] -- Symlinking: /home/zyme/ros_ws/Autoware_sim_test/install/system_monitor/lib/system_monitor/cpu_monitor
[185.652s] -- Symlinking: /home/zyme/ros_ws/Autoware_sim_test/install/system_monitor/lib/system_monitor/hdd_monitor
[185.670s] -- Symlinking: /home/zyme/ros_ws/Autoware_sim_test/install/system_monitor/lib/system_monitor/mem_monitor
[185.689s] -- Symlinking: /home/zyme/ros_ws/Autoware_sim_test/install/system_monitor/lib/system_monitor/net_monitor
[185.707s] -- Symlinking: /home/zyme/ros_ws/Autoware_sim_test/install/system_monitor/lib/system_monitor/ntp_monitor
[185.726s] -- Symlinking: /home/zyme/ros_ws/Autoware_sim_test/install/system_monitor/lib/system_monitor/process_monitor
[185.744s] -- Symlinking: /home/zyme/ros_ws/Autoware_sim_test/install/system_monitor/lib/system_monitor/gpu_monitor
[185.761s] -- Symlinking: /home/zyme/ros_ws/Autoware_sim_test/install/system_monitor/lib/system_monitor/voltage_monitor
[185.773s] -- Symlinking: /home/zyme/ros_ws/Autoware_sim_test/install/system_monitor/include/hdd_reader/hdd_reader.hpp
[185.782s] -- Symlinking: /home/zyme/ros_ws/Autoware_sim_test/install/system_monitor/include/msr_reader/msr_reader.hpp
[185.792s] -- Symlinking: /home/zyme/ros_ws/Autoware_sim_test/install/system_monitor/include/system_monitor/cpu_monitor/arm_cpu_monitor.hpp
[185.801s] -- Symlinking: /home/zyme/ros_ws/Autoware_sim_test/install/system_monitor/include/system_monitor/cpu_monitor/cpu_monitor_base.hpp
[185.810s] -- Symlinking: /home/zyme/ros_ws/Autoware_sim_test/install/system_monitor/include/system_monitor/cpu_monitor/intel_cpu_monitor.hpp
[185.819s] -- Symlinking: /home/zyme/ros_ws/Autoware_sim_test/install/system_monitor/include/system_monitor/cpu_monitor/raspi_cpu_monitor.hpp
[185.829s] -- Symlinking: /home/zyme/ros_ws/Autoware_sim_test/install/system_monitor/include/system_monitor/cpu_monitor/tegra_cpu_monitor.hpp
[185.838s] -- Symlinking: /home/zyme/ros_ws/Autoware_sim_test/install/system_monitor/include/system_monitor/cpu_monitor/unknown_cpu_monitor.hpp
[185.847s] -- Symlinking: /home/zyme/ros_ws/Autoware_sim_test/install/system_monitor/include/system_monitor/gpu_monitor/gpu_monitor_base.hpp
[185.856s] -- Symlinking: /home/zyme/ros_ws/Autoware_sim_test/install/system_monitor/include/system_monitor/gpu_monitor/nvml_gpu_monitor.hpp
[185.865s] -- Symlinking: /home/zyme/ros_ws/Autoware_sim_test/install/system_monitor/include/system_monitor/gpu_monitor/tegra_gpu_monitor.hpp
[185.875s] -- Symlinking: /home/zyme/ros_ws/Autoware_sim_test/install/system_monitor/include/system_monitor/gpu_monitor/unknown_gpu_monitor.hpp
[185.884s] -- Symlinking: /home/zyme/ros_ws/Autoware_sim_test/install/system_monitor/include/system_monitor/hdd_monitor/hdd_monitor.hpp
[185.894s] -- Symlinking: /home/zyme/ros_ws/Autoware_sim_test/install/system_monitor/include/system_monitor/mem_monitor/mem_monitor.hpp
[185.903s] -- Symlinking: /home/zyme/ros_ws/Autoware_sim_test/install/system_monitor/include/system_monitor/net_monitor/net_monitor.hpp
[185.912s] -- Symlinking: /home/zyme/ros_ws/Autoware_sim_test/install/system_monitor/include/system_monitor/net_monitor/nl80211.hpp
[185.922s] -- Symlinking: /home/zyme/ros_ws/Autoware_sim_test/install/system_monitor/include/system_monitor/ntp_monitor/ntp_monitor.hpp
[185.932s] -- Symlinking: /home/zyme/ros_ws/Autoware_sim_test/install/system_monitor/include/system_monitor/process_monitor/diag_task.hpp
[185.942s] -- Symlinking: /home/zyme/ros_ws/Autoware_sim_test/install/system_monitor/include/system_monitor/process_monitor/process_monitor.hpp
[185.950s] -- Symlinking: /home/zyme/ros_ws/Autoware_sim_test/install/system_monitor/include/system_monitor/system_monitor_utility.hpp
[185.960s] -- Symlinking: /home/zyme/ros_ws/Autoware_sim_test/install/system_monitor/include/system_monitor/voltage_monitor/voltage_monitor.hpp
[185.969s] -- Symlinking: /home/zyme/ros_ws/Autoware_sim_test/install/system_monitor/include/traffic_reader/traffic_reader_common.hpp
[185.979s] -- Symlinking: /home/zyme/ros_ws/Autoware_sim_test/install/system_monitor/include/traffic_reader/traffic_reader_service.hpp
[185.989s] -- Symlinking: /home/zyme/ros_ws/Autoware_sim_test/install/system_monitor/share/system_monitor/environment/library_path.sh
[185.999s] -- Symlinking: /home/zyme/ros_ws/Autoware_sim_test/install/system_monitor/share/system_monitor/environment/library_path.dsv
[186.008s] -- Symlinking: /home/zyme/ros_ws/Autoware_sim_test/install/system_monitor/lib/libcpu_monitor_lib.so
[186.017s] -- Symlinking: /home/zyme/ros_ws/Autoware_sim_test/install/system_monitor/lib/libhdd_monitor_lib.so
[186.026s] -- Symlinking: /home/zyme/ros_ws/Autoware_sim_test/install/system_monitor/lib/libmem_monitor_lib.so
[186.036s] -- Symlinking: /home/zyme/ros_ws/Autoware_sim_test/install/system_monitor/lib/libnet_monitor_lib.so
[186.045s] -- Symlinking: /home/zyme/ros_ws/Autoware_sim_test/install/system_monitor/lib/libntp_monitor_lib.so
[186.054s] -- Symlinking: /home/zyme/ros_ws/Autoware_sim_test/install/system_monitor/lib/libprocess_monitor_lib.so
[186.064s] -- Symlinking: /home/zyme/ros_ws/Autoware_sim_test/install/system_monitor/lib/libgpu_monitor_lib.so
[186.073s] -- Symlinking: /home/zyme/ros_ws/Autoware_sim_test/install/system_monitor/lib/libvoltage_monitor_lib.so
[186.083s] -- Symlinking: /home/zyme/ros_ws/Autoware_sim_test/install/system_monitor/lib/system_monitor/msr_reader
[186.092s] -- Symlinking: /home/zyme/ros_ws/Autoware_sim_test/install/system_monitor/lib/system_monitor/hdd_reader
[186.101s] -- Symlinking: /home/zyme/ros_ws/Autoware_sim_test/install/system_monitor/lib/system_monitor/traffic_reader
[186.111s] -- Symlinking: /home/zyme/ros_ws/Autoware_sim_test/install/system_monitor/share/system_monitor/launch/system_monitor.launch.xml
[186.120s] -- Symlinking: /home/zyme/ros_ws/Autoware_sim_test/install/system_monitor/share/system_monitor/config/cpu_monitor.param.yaml
[186.130s] -- Symlinking: /home/zyme/ros_ws/Autoware_sim_test/install/system_monitor/share/system_monitor/config/gpu_monitor.param.yaml
[186.139s] -- Symlinking: /home/zyme/ros_ws/Autoware_sim_test/install/system_monitor/share/system_monitor/config/hdd_monitor.param.yaml
[186.148s] -- Symlinking: /home/zyme/ros_ws/Autoware_sim_test/install/system_monitor/share/system_monitor/config/mem_monitor.param.yaml
[186.157s] -- Symlinking: /home/zyme/ros_ws/Autoware_sim_test/install/system_monitor/share/system_monitor/config/net_monitor.param.yaml
[186.167s] -- Symlinking: /home/zyme/ros_ws/Autoware_sim_test/install/system_monitor/share/system_monitor/config/ntp_monitor.param.yaml
[186.176s] -- Symlinking: /home/zyme/ros_ws/Autoware_sim_test/install/system_monitor/share/system_monitor/config/process_monitor.param.yaml
[186.185s] -- Symlinking: /home/zyme/ros_ws/Autoware_sim_test/install/system_monitor/share/system_monitor/config/voltage_monitor.param.yaml
[186.194s] -- Symlinking: /home/zyme/ros_ws/Autoware_sim_test/install/system_monitor/share/ament_index/resource_index/package_run_dependencies/system_monitor
[186.204s] -- Symlinking: /home/zyme/ros_ws/Autoware_sim_test/install/system_monitor/share/ament_index/resource_index/parent_prefix_path/system_monitor
[186.213s] -- Symlinking: /home/zyme/ros_ws/Autoware_sim_test/install/system_monitor/share/system_monitor/environment/ament_prefix_path.sh
[186.223s] -- Symlinking: /home/zyme/ros_ws/Autoware_sim_test/install/system_monitor/share/system_monitor/environment/ament_prefix_path.dsv
[186.233s] -- Symlinking: /home/zyme/ros_ws/Autoware_sim_test/install/system_monitor/share/system_monitor/environment/path.sh
[186.244s] -- Symlinking: /home/zyme/ros_ws/Autoware_sim_test/install/system_monitor/share/system_monitor/environment/path.dsv
[186.253s] -- Symlinking: /home/zyme/ros_ws/Autoware_sim_test/install/system_monitor/share/system_monitor/local_setup.bash
[186.263s] -- Symlinking: /home/zyme/ros_ws/Autoware_sim_test/install/system_monitor/share/system_monitor/local_setup.sh
[186.272s] -- Symlinking: /home/zyme/ros_ws/Autoware_sim_test/install/system_monitor/share/system_monitor/local_setup.zsh
[186.282s] -- Symlinking: /home/zyme/ros_ws/Autoware_sim_test/install/system_monitor/share/system_monitor/local_setup.dsv
[186.291s] -- Symlinking: /home/zyme/ros_ws/Autoware_sim_test/install/system_monitor/share/system_monitor/package.dsv
[186.301s] -- Symlinking: /home/zyme/ros_ws/Autoware_sim_test/install/system_monitor/share/ament_index/resource_index/packages/system_monitor
[186.310s] -- Symlinking: /home/zyme/ros_ws/Autoware_sim_test/install/system_monitor/share/ament_index/resource_index/rclcpp_components/system_monitor
[186.320s] -- Symlinking: /home/zyme/ros_ws/Autoware_sim_test/install/system_monitor/share/system_monitor/cmake/ament_cmake_export_dependencies-extras.cmake
[186.329s] -- Symlinking: /home/zyme/ros_ws/Autoware_sim_test/install/system_monitor/share/system_monitor/cmake/ament_cmake_export_include_directories-extras.cmake
[186.339s] -- Symlinking: /home/zyme/ros_ws/Autoware_sim_test/install/system_monitor/share/system_monitor/cmake/ament_cmake_export_libraries-extras.cmake
[186.348s] -- Symlinking: /home/zyme/ros_ws/Autoware_sim_test/install/system_monitor/share/system_monitor/cmake/system_monitorConfig.cmake
[186.358s] -- Symlinking: /home/zyme/ros_ws/Autoware_sim_test/install/system_monitor/share/system_monitor/cmake/system_monitorConfig-version.cmake
[186.367s] -- Symlinking: /home/zyme/ros_ws/Autoware_sim_test/install/system_monitor/share/system_monitor/package.xml
[186.379s] Invoked command in '/home/zyme/ros_ws/Autoware_sim_test/build/system_monitor' returned '0': AMENT_PREFIX_PATH=/home/zyme/ros_ws/Autoware_sim_test/install/tier4_autoware_utils:/home/zyme/ros_ws/Autoware_sim_test/install/autoware_auto_vehicle_msgs:/home/zyme/ros_ws/Autoware_sim_test/install/autoware_cmake:/home/zyme/ros_ws/Autoware_sim_test/install/autoware_auto_planning_msgs:/home/zyme/ros_ws/Autoware_sim_test/install/autoware_auto_perception_msgs:/home/zyme/ros_ws/Autoware_sim_test/install/tier4_external_api_msgs:/home/zyme/ros_ws/Autoware_sim_test/install/tier4_debug_msgs:/home/zyme/ros_ws/Autoware_sim_test/install/autoware_lint_common:/home/zyme/ros_ws/Autoware_sim_test/install/autoware_auto_mapping_msgs:/home/zyme/ros_ws/Autoware_sim_test/install/autoware_auto_geometry_msgs:${AMENT_PREFIX_PATH} CMAKE_PREFIX_PATH=/home/zyme/ros_ws/Autoware_sim_test/install/tier4_autoware_utils:/home/zyme/ros_ws/Autoware_sim_test/install/autoware_auto_vehicle_msgs:/home/zyme/ros_ws/Autoware_sim_test/install/autoware_cmake:/home/zyme/ros_ws/Autoware_sim_test/install/autoware_auto_planning_msgs:/home/zyme/ros_ws/Autoware_sim_test/install/autoware_auto_perception_msgs:/home/zyme/ros_ws/Autoware_sim_test/install/tier4_external_api_msgs:/home/zyme/ros_ws/Autoware_sim_test/install/tier4_debug_msgs:/home/zyme/ros_ws/Autoware_sim_test/install/autoware_lint_common:/home/zyme/ros_ws/Autoware_sim_test/install/autoware_auto_mapping_msgs:/home/zyme/ros_ws/Autoware_sim_test/install/autoware_auto_geometry_msgs:/opt/ros/humble LD_LIBRARY_PATH=/home/zyme/ros_ws/Autoware_sim_test/install/tier4_autoware_utils/lib:/home/zyme/ros_ws/Autoware_sim_test/install/autoware_auto_vehicle_msgs/lib:/home/zyme/ros_ws/Autoware_sim_test/install/autoware_auto_planning_msgs/lib:/home/zyme/ros_ws/Autoware_sim_test/install/autoware_auto_perception_msgs/lib:/home/zyme/ros_ws/Autoware_sim_test/install/tier4_external_api_msgs/lib:/home/zyme/ros_ws/Autoware_sim_test/install/tier4_debug_msgs/lib:/home/zyme/ros_ws/Autoware_sim_test/install/autoware_auto_mapping_msgs/lib:/home/zyme/ros_ws/Autoware_sim_test/install/autoware_auto_geometry_msgs/lib:${LD_LIBRARY_PATH} PYTHONPATH=/home/zyme/ros_ws/Autoware_sim_test/install/autoware_auto_vehicle_msgs/local/lib/python3.10/dist-packages:/home/zyme/ros_ws/Autoware_sim_test/install/autoware_auto_planning_msgs/local/lib/python3.10/dist-packages:/home/zyme/ros_ws/Autoware_sim_test/install/autoware_auto_perception_msgs/local/lib/python3.10/dist-packages:/home/zyme/ros_ws/Autoware_sim_test/install/tier4_external_api_msgs/local/lib/python3.10/dist-packages:/home/zyme/ros_ws/Autoware_sim_test/install/tier4_debug_msgs/local/lib/python3.10/dist-packages:/home/zyme/ros_ws/Autoware_sim_test/install/autoware_auto_mapping_msgs/local/lib/python3.10/dist-packages:/home/zyme/ros_ws/Autoware_sim_test/install/autoware_auto_geometry_msgs/local/lib/python3.10/dist-packages:${PYTHONPATH} /usr/bin/cmake --install /home/zyme/ros_ws/Autoware_sim_test/build/system_monitor
