[0.583s] Invoking command in '/home/zyme/ros_ws/Autoware_sim_test/build/signal_processing': AMENT_PREFIX_PATH=/home/zyme/ros_ws/Autoware_sim_test/install/autoware_cmake:/home/zyme/ros_ws/Autoware_sim_test/install/autoware_lint_common:${AMENT_PREFIX_PATH} CMAKE_PREFIX_PATH=/home/zyme/ros_ws/Autoware_sim_test/install/autoware_cmake:/home/zyme/ros_ws/Autoware_sim_test/install/autoware_lint_common:/opt/ros/humble /usr/bin/cmake /home/zyme/ros_ws/Autoware_sim_test/src/autoware/src/universe/autoware.universe/common/signal_processing -DCMAKE_INSTALL_PREFIX=/home/zyme/ros_ws/Autoware_sim_test/install/signal_processing
[0.624s] -- Found autoware_cmake: 0.1.0 (/home/zyme/ros_ws/Autoware_sim_test/install/autoware_cmake/share/autoware_cmake/cmake)
[1.006s] -- Override CMake install command with custom implementation using symlinks instead of copying resources
[1.218s] -- Found rosidl_generator_c: 3.1.5 (/opt/ros/humble/share/rosidl_generator_c/cmake)
[1.228s] -- Found rosidl_adapter: 3.1.5 (/opt/ros/humble/share/rosidl_adapter/cmake)
[1.241s] -- Found rosidl_generator_cpp: 3.1.5 (/opt/ros/humble/share/rosidl_generator_cpp/cmake)
[1.275s] -- Using all available rosidl_typesupport_c: rosidl_typesupport_fastrtps_c;rosidl_typesupport_introspection_c
[1.312s] -- Using all available rosidl_typesupport_cpp: rosidl_typesupport_fastrtps_cpp;rosidl_typesupport_introspection_cpp
[1.757s] -- Found rmw_implementation_cmake: 6.1.1 (/opt/ros/humble/share/rmw_implementation_cmake/cmake)
[1.757s] -- Found rmw_cyclonedds_cpp: 1.3.4 (/opt/ros/humble/share/rmw_cyclonedds_cpp/cmake)
[1.838s] -- Using RMW implementation 'rmw_cyclonedds_cpp' as default
[2.201s] -- Found ament_lint_auto: 0.12.10 (/opt/ros/humble/share/ament_lint_auto/cmake)
[2.220s] -- Found gtest sources under '/opt/ros/humble/src/gtest_vendor': C++ tests using 'Google Test' will be built
[2.239s] -- Added test 'copyright' to check source files copyright and LICENSE
[2.246s] -- Added test 'cppcheck' to perform static code analysis on C / C++ code
[2.246s] -- Configured cppcheck include dirs: /home/zyme/ros_ws/Autoware_sim_test/src/autoware/src/universe/autoware.universe/common/signal_processing/include;/home/zyme/ros_ws/Autoware_sim_test/src/autoware/src/universe/autoware.universe/common/signal_processing/test/include
[2.246s] -- Configured cppcheck exclude dirs and/or files: 
[2.246s] -- Added test 'lint_cmake' to check CMake code style
[2.248s] -- Added test 'xmllint' to check XML markup files
[2.257s] -- Configuring done
[2.315s] -- Generating done
[2.320s] -- Build files have been written to: /home/zyme/ros_ws/Autoware_sim_test/build/signal_processing
[2.903s] Invoked command in '/home/zyme/ros_ws/Autoware_sim_test/build/signal_processing' returned '0': AMENT_PREFIX_PATH=/home/zyme/ros_ws/Autoware_sim_test/install/autoware_cmake:/home/zyme/ros_ws/Autoware_sim_test/install/autoware_lint_common:${AMENT_PREFIX_PATH} CMAKE_PREFIX_PATH=/home/zyme/ros_ws/Autoware_sim_test/install/autoware_cmake:/home/zyme/ros_ws/Autoware_sim_test/install/autoware_lint_common:/opt/ros/humble /usr/bin/cmake /home/zyme/ros_ws/Autoware_sim_test/src/autoware/src/universe/autoware.universe/common/signal_processing -DCMAKE_INSTALL_PREFIX=/home/zyme/ros_ws/Autoware_sim_test/install/signal_processing
[2.911s] Invoking command in '/home/zyme/ros_ws/Autoware_sim_test/build/signal_processing': AMENT_PREFIX_PATH=/home/zyme/ros_ws/Autoware_sim_test/install/autoware_cmake:/home/zyme/ros_ws/Autoware_sim_test/install/autoware_lint_common:${AMENT_PREFIX_PATH} CMAKE_PREFIX_PATH=/home/zyme/ros_ws/Autoware_sim_test/install/autoware_cmake:/home/zyme/ros_ws/Autoware_sim_test/install/autoware_lint_common:/opt/ros/humble /usr/bin/cmake --build /home/zyme/ros_ws/Autoware_sim_test/build/signal_processing -- -j12 -l12
[3.359s] [35m[1mConsolidate compiler generated dependencies of target gtest_main[0m
[3.359s] [ 16%] Built target gtest_main
[3.359s] [35m[1mConsolidate compiler generated dependencies of target gtest[0m
[3.359s] [35m[1mConsolidate compiler generated dependencies of target lowpass_filters[0m
[3.359s] [ 33%] Built target gtest
[3.359s] [ 66%] Built target lowpass_filters
[3.359s] [35m[1mConsolidate compiler generated dependencies of target test_signal_processing[0m
[3.359s] [100%] Built target test_signal_processing
[3.610s] Invoked command in '/home/zyme/ros_ws/Autoware_sim_test/build/signal_processing' returned '0': AMENT_PREFIX_PATH=/home/zyme/ros_ws/Autoware_sim_test/install/autoware_cmake:/home/zyme/ros_ws/Autoware_sim_test/install/autoware_lint_common:${AMENT_PREFIX_PATH} CMAKE_PREFIX_PATH=/home/zyme/ros_ws/Autoware_sim_test/install/autoware_cmake:/home/zyme/ros_ws/Autoware_sim_test/install/autoware_lint_common:/opt/ros/humble /usr/bin/cmake --build /home/zyme/ros_ws/Autoware_sim_test/build/signal_processing -- -j12 -l12
[4.384s] Invoking command in '/home/zyme/ros_ws/Autoware_sim_test/build/signal_processing': AMENT_PREFIX_PATH=/home/zyme/ros_ws/Autoware_sim_test/install/autoware_cmake:/home/zyme/ros_ws/Autoware_sim_test/install/autoware_lint_common:${AMENT_PREFIX_PATH} CMAKE_PREFIX_PATH=/home/zyme/ros_ws/Autoware_sim_test/install/autoware_cmake:/home/zyme/ros_ws/Autoware_sim_test/install/autoware_lint_common:/opt/ros/humble /usr/bin/cmake --install /home/zyme/ros_ws/Autoware_sim_test/build/signal_processing
[4.589s] -- Install configuration: "Release"
[4.589s] -- Execute custom install script
[4.589s] -- Up-to-date symlink: /home/zyme/ros_ws/Autoware_sim_test/install/signal_processing/include/signal_processing/butterworth.hpp
[4.590s] -- Up-to-date symlink: /home/zyme/ros_ws/Autoware_sim_test/install/signal_processing/include/signal_processing/lowpass_filter.hpp
[4.590s] -- Up-to-date symlink: /home/zyme/ros_ws/Autoware_sim_test/install/signal_processing/include/signal_processing/lowpass_filter_1d.hpp
[4.590s] -- Up-to-date symlink: /home/zyme/ros_ws/Autoware_sim_test/install/signal_processing/share/signal_processing/environment/library_path.sh
[4.590s] -- Up-to-date symlink: /home/zyme/ros_ws/Autoware_sim_test/install/signal_processing/share/signal_processing/environment/library_path.dsv
[4.590s] -- Up-to-date symlink: /home/zyme/ros_ws/Autoware_sim_test/install/signal_processing/lib/liblowpass_filters.so
[4.590s] -- Up-to-date symlink: /home/zyme/ros_ws/Autoware_sim_test/install/signal_processing/share/ament_index/resource_index/package_run_dependencies/signal_processing
[4.591s] -- Up-to-date symlink: /home/zyme/ros_ws/Autoware_sim_test/install/signal_processing/share/ament_index/resource_index/parent_prefix_path/signal_processing
[4.591s] -- Up-to-date symlink: /home/zyme/ros_ws/Autoware_sim_test/install/signal_processing/share/signal_processing/environment/ament_prefix_path.sh
[4.591s] -- Up-to-date symlink: /home/zyme/ros_ws/Autoware_sim_test/install/signal_processing/share/signal_processing/environment/ament_prefix_path.dsv
[4.591s] -- Up-to-date symlink: /home/zyme/ros_ws/Autoware_sim_test/install/signal_processing/share/signal_processing/environment/path.sh
[4.591s] -- Up-to-date symlink: /home/zyme/ros_ws/Autoware_sim_test/install/signal_processing/share/signal_processing/environment/path.dsv
[4.592s] -- Up-to-date symlink: /home/zyme/ros_ws/Autoware_sim_test/install/signal_processing/share/signal_processing/local_setup.bash
[4.592s] -- Up-to-date symlink: /home/zyme/ros_ws/Autoware_sim_test/install/signal_processing/share/signal_processing/local_setup.sh
[4.592s] -- Up-to-date symlink: /home/zyme/ros_ws/Autoware_sim_test/install/signal_processing/share/signal_processing/local_setup.zsh
[4.593s] -- Up-to-date symlink: /home/zyme/ros_ws/Autoware_sim_test/install/signal_processing/share/signal_processing/local_setup.dsv
[4.593s] -- Symlinking: /home/zyme/ros_ws/Autoware_sim_test/install/signal_processing/share/signal_processing/package.dsv
[4.593s] -- Up-to-date symlink: /home/zyme/ros_ws/Autoware_sim_test/install/signal_processing/share/ament_index/resource_index/packages/signal_processing
[4.593s] -- Up-to-date symlink: /home/zyme/ros_ws/Autoware_sim_test/install/signal_processing/share/signal_processing/cmake/ament_cmake_export_dependencies-extras.cmake
[4.593s] -- Up-to-date symlink: /home/zyme/ros_ws/Autoware_sim_test/install/signal_processing/share/signal_processing/cmake/ament_cmake_export_include_directories-extras.cmake
[4.594s] -- Up-to-date symlink: /home/zyme/ros_ws/Autoware_sim_test/install/signal_processing/share/signal_processing/cmake/ament_cmake_export_libraries-extras.cmake
[4.594s] -- Up-to-date symlink: /home/zyme/ros_ws/Autoware_sim_test/install/signal_processing/share/signal_processing/cmake/signal_processingConfig.cmake
[4.594s] -- Up-to-date symlink: /home/zyme/ros_ws/Autoware_sim_test/install/signal_processing/share/signal_processing/cmake/signal_processingConfig-version.cmake
[4.594s] -- Up-to-date symlink: /home/zyme/ros_ws/Autoware_sim_test/install/signal_processing/share/signal_processing/package.xml
[4.774s] Invoked command in '/home/zyme/ros_ws/Autoware_sim_test/build/signal_processing' returned '0': AMENT_PREFIX_PATH=/home/zyme/ros_ws/Autoware_sim_test/install/autoware_cmake:/home/zyme/ros_ws/Autoware_sim_test/install/autoware_lint_common:${AMENT_PREFIX_PATH} CMAKE_PREFIX_PATH=/home/zyme/ros_ws/Autoware_sim_test/install/autoware_cmake:/home/zyme/ros_ws/Autoware_sim_test/install/autoware_lint_common:/opt/ros/humble /usr/bin/cmake --install /home/zyme/ros_ws/Autoware_sim_test/build/signal_processing
