[0.211s] Invoking command in '/home/zyme/ros_ws/Autoware_sim_test/build/nebula_hw_interfaces': AMENT_PREFIX_PATH=/home/zyme/ros_ws/Autoware_sim_test/install/boost_udp_driver:/home/zyme/ros_ws/Autoware_sim_test/install/robosense_msgs:/home/zyme/ros_ws/Autoware_sim_test/install/pandar_msgs:/home/zyme/ros_ws/Autoware_sim_test/install/nebula_common:/home/zyme/ros_ws/Autoware_sim_test/install/boost_tcp_driver:/home/zyme/ros_ws/Autoware_sim_test/install/boost_io_context:${AMENT_PREFIX_PATH} CMAKE_PREFIX_PATH=/home/zyme/ros_ws/Autoware_sim_test/install/boost_udp_driver:/home/zyme/ros_ws/Autoware_sim_test/install/robosense_msgs:/home/zyme/ros_ws/Autoware_sim_test/install/pandar_msgs:/home/zyme/ros_ws/Autoware_sim_test/install/nebula_common:/home/zyme/ros_ws/Autoware_sim_test/install/boost_tcp_driver:/home/zyme/ros_ws/Autoware_sim_test/install/boost_io_context:/opt/ros/humble LD_LIBRARY_PATH=/home/zyme/ros_ws/Autoware_sim_test/install/boost_udp_driver/lib:/home/zyme/ros_ws/Autoware_sim_test/install/robosense_msgs/lib:/home/zyme/ros_ws/Autoware_sim_test/install/pandar_msgs/lib:/home/zyme/ros_ws/Autoware_sim_test/install/nebula_common/lib:/home/zyme/ros_ws/Autoware_sim_test/install/boost_tcp_driver/lib:/home/zyme/ros_ws/Autoware_sim_test/install/boost_io_context/lib:${LD_LIBRARY_PATH} PYTHONPATH=/home/zyme/ros_ws/Autoware_sim_test/install/robosense_msgs/local/lib/python3.10/dist-packages:/home/zyme/ros_ws/Autoware_sim_test/install/pandar_msgs/local/lib/python3.10/dist-packages:${PYTHONPATH} /usr/bin/cmake /home/zyme/ros_ws/Autoware_sim_test/src/autoware/src/sensor_component/external/nebula/nebula_hw_interfaces -DCMAKE_INSTALL_PREFIX=/home/zyme/ros_ws/Autoware_sim_test/install/nebula_hw_interfaces
[1.988s] -- Found ament_cmake_auto: 1.3.8 (/opt/ros/humble/share/ament_cmake_auto/cmake)
[1.993s] -- Override CMake install command with custom implementation using symlinks instead of copying resources
[1.994s] -- Eigen found (include: /usr/include/eigen3, version: 3.4.0)
[1.994s] -- FLANN found (include: /usr/include, lib: /usr/lib/x86_64-linux-gnu/libflann_cpp.so)
[1.994s] -- OpenNI found (version: 1.5.4.0, include: /usr/include/ni, lib: /usr/lib/libOpenNI.so;libusb::libusb)
[1.994s] -- OpenNI2 found (version: 2.2.0.33, include: /usr/include/openni2, lib: /usr/lib/x86_64-linux-gnu/libOpenNI2.so;libusb::libusb)
[1.994s] -- Eigen found (include: /usr/include/eigen3, version: 3.4.0)
[1.994s] -- OpenNI found (version: 1.5.4.0, include: /usr/include/ni, lib: /usr/lib/libOpenNI.so;libusb::libusb)
[1.995s] -- OpenNI2 found (version: 2.2.0.33, include: /usr/include/openni2, lib: /usr/lib/x86_64-linux-gnu/libOpenNI2.so;libusb::libusb)
[1.996s] [0m** WARNING ** io features related to pcap will be disabled[0m
[2.349s] -- Found Qhull version 8.0.2
[2.795s] -- OpenNI found (version: 1.5.4.0, include: /usr/include/ni, lib: /usr/lib/libOpenNI.so;libusb::libusb)
[3.257s] -- looking for PCL_COMMON
[3.258s] -- looking for PCL_KDTREE
[3.258s] -- looking for PCL_OCTREE
[3.262s] -- looking for PCL_SEARCH
[3.262s] -- looking for PCL_SAMPLE_CONSENSUS
[3.262s] -- looking for PCL_FILTERS
[3.262s] -- looking for PCL_2D
[3.269s] -- looking for PCL_GEOMETRY
[3.270s] -- looking for PCL_IO
[3.270s] -- looking for PCL_FEATURES
[3.271s] -- looking for PCL_ML
[3.271s] -- looking for PCL_SEGMENTATION
[3.272s] -- looking for PCL_VISUALIZATION
[3.272s] -- looking for PCL_SURFACE
[3.274s] -- looking for PCL_REGISTRATION
[3.275s] -- looking for PCL_KEYPOINTS
[3.275s] -- looking for PCL_TRACKING
[3.275s] -- looking for PCL_RECOGNITION
[3.276s] -- looking for PCL_STEREO
[3.278s] -- looking for PCL_APPS
[3.278s] -- looking for PCL_IN_HAND_SCANNER
[3.281s] -- looking for PCL_MODELER
[3.281s] -- looking for PCL_POINT_CLOUD_EDITOR
[3.282s] -- looking for PCL_OUTOFCORE
[3.284s] -- looking for PCL_PEOPLE
[3.298s] -- Found pcl_conversions: 2.4.0 (/opt/ros/humble/share/pcl_conversions/cmake)
[3.351s] -- Found rosidl_generator_c: 3.1.5 (/opt/ros/humble/share/rosidl_generator_c/cmake)
[3.353s] -- Found rosidl_adapter: 3.1.5 (/opt/ros/humble/share/rosidl_adapter/cmake)
[3.373s] -- Found rosidl_generator_cpp: 3.1.5 (/opt/ros/humble/share/rosidl_generator_cpp/cmake)
[3.398s] -- Using all available rosidl_typesupport_c: rosidl_typesupport_fastrtps_c;rosidl_typesupport_introspection_c
[3.439s] -- Using all available rosidl_typesupport_cpp: rosidl_typesupport_fastrtps_cpp;rosidl_typesupport_introspection_cpp
[3.612s] -- Found rmw_implementation_cmake: 6.1.1 (/opt/ros/humble/share/rmw_implementation_cmake/cmake)
[3.616s] -- Found rmw_cyclonedds_cpp: 1.3.4 (/opt/ros/humble/share/rmw_cyclonedds_cpp/cmake)
[3.695s] -- Using RMW implementation 'rmw_cyclonedds_cpp' as default
[4.818s] -- Found robosense_msgs: 0.0.0 (/home/zyme/ros_ws/Autoware_sim_test/install/robosense_msgs/share/robosense_msgs/cmake)
[8.760s] -- Found ament_lint_auto: 0.12.10 (/opt/ros/humble/share/ament_lint_auto/cmake)
[8.773s] -- Configuring done
[8.994s] -- Generating done
[8.999s] -- Build files have been written to: /home/zyme/ros_ws/Autoware_sim_test/build/nebula_hw_interfaces
[9.471s] Invoked command in '/home/zyme/ros_ws/Autoware_sim_test/build/nebula_hw_interfaces' returned '0': AMENT_PREFIX_PATH=/home/zyme/ros_ws/Autoware_sim_test/install/boost_udp_driver:/home/zyme/ros_ws/Autoware_sim_test/install/robosense_msgs:/home/zyme/ros_ws/Autoware_sim_test/install/pandar_msgs:/home/zyme/ros_ws/Autoware_sim_test/install/nebula_common:/home/zyme/ros_ws/Autoware_sim_test/install/boost_tcp_driver:/home/zyme/ros_ws/Autoware_sim_test/install/boost_io_context:${AMENT_PREFIX_PATH} CMAKE_PREFIX_PATH=/home/zyme/ros_ws/Autoware_sim_test/install/boost_udp_driver:/home/zyme/ros_ws/Autoware_sim_test/install/robosense_msgs:/home/zyme/ros_ws/Autoware_sim_test/install/pandar_msgs:/home/zyme/ros_ws/Autoware_sim_test/install/nebula_common:/home/zyme/ros_ws/Autoware_sim_test/install/boost_tcp_driver:/home/zyme/ros_ws/Autoware_sim_test/install/boost_io_context:/opt/ros/humble LD_LIBRARY_PATH=/home/zyme/ros_ws/Autoware_sim_test/install/boost_udp_driver/lib:/home/zyme/ros_ws/Autoware_sim_test/install/robosense_msgs/lib:/home/zyme/ros_ws/Autoware_sim_test/install/pandar_msgs/lib:/home/zyme/ros_ws/Autoware_sim_test/install/nebula_common/lib:/home/zyme/ros_ws/Autoware_sim_test/install/boost_tcp_driver/lib:/home/zyme/ros_ws/Autoware_sim_test/install/boost_io_context/lib:${LD_LIBRARY_PATH} PYTHONPATH=/home/zyme/ros_ws/Autoware_sim_test/install/robosense_msgs/local/lib/python3.10/dist-packages:/home/zyme/ros_ws/Autoware_sim_test/install/pandar_msgs/local/lib/python3.10/dist-packages:${PYTHONPATH} /usr/bin/cmake /home/zyme/ros_ws/Autoware_sim_test/src/autoware/src/sensor_component/external/nebula/nebula_hw_interfaces -DCMAKE_INSTALL_PREFIX=/home/zyme/ros_ws/Autoware_sim_test/install/nebula_hw_interfaces
[9.474s] Invoking command in '/home/zyme/ros_ws/Autoware_sim_test/build/nebula_hw_interfaces': AMENT_PREFIX_PATH=/home/zyme/ros_ws/Autoware_sim_test/install/boost_udp_driver:/home/zyme/ros_ws/Autoware_sim_test/install/robosense_msgs:/home/zyme/ros_ws/Autoware_sim_test/install/pandar_msgs:/home/zyme/ros_ws/Autoware_sim_test/install/nebula_common:/home/zyme/ros_ws/Autoware_sim_test/install/boost_tcp_driver:/home/zyme/ros_ws/Autoware_sim_test/install/boost_io_context:${AMENT_PREFIX_PATH} CMAKE_PREFIX_PATH=/home/zyme/ros_ws/Autoware_sim_test/install/boost_udp_driver:/home/zyme/ros_ws/Autoware_sim_test/install/robosense_msgs:/home/zyme/ros_ws/Autoware_sim_test/install/pandar_msgs:/home/zyme/ros_ws/Autoware_sim_test/install/nebula_common:/home/zyme/ros_ws/Autoware_sim_test/install/boost_tcp_driver:/home/zyme/ros_ws/Autoware_sim_test/install/boost_io_context:/opt/ros/humble LD_LIBRARY_PATH=/home/zyme/ros_ws/Autoware_sim_test/install/boost_udp_driver/lib:/home/zyme/ros_ws/Autoware_sim_test/install/robosense_msgs/lib:/home/zyme/ros_ws/Autoware_sim_test/install/pandar_msgs/lib:/home/zyme/ros_ws/Autoware_sim_test/install/nebula_common/lib:/home/zyme/ros_ws/Autoware_sim_test/install/boost_tcp_driver/lib:/home/zyme/ros_ws/Autoware_sim_test/install/boost_io_context/lib:${LD_LIBRARY_PATH} PYTHONPATH=/home/zyme/ros_ws/Autoware_sim_test/install/robosense_msgs/local/lib/python3.10/dist-packages:/home/zyme/ros_ws/Autoware_sim_test/install/pandar_msgs/local/lib/python3.10/dist-packages:${PYTHONPATH} /usr/bin/cmake --build /home/zyme/ros_ws/Autoware_sim_test/build/nebula_hw_interfaces -- -j12 -l12
[9.592s] [35m[1mConsolidate compiler generated dependencies of target nebula_hw_interfaces_hesai[0m
[9.620s] [ 33%] Built target nebula_hw_interfaces_hesai
[9.654s] [35m[1mConsolidate compiler generated dependencies of target nebula_hw_interfaces_velodyne[0m
[9.749s] [ 66%] Built target nebula_hw_interfaces_velodyne
[9.787s] [35m[1mConsolidate compiler generated dependencies of target nebula_hw_interfaces_robosense[0m
[9.847s] [100%] Built target nebula_hw_interfaces_robosense
[10.186s] Invoked command in '/home/zyme/ros_ws/Autoware_sim_test/build/nebula_hw_interfaces' returned '0': AMENT_PREFIX_PATH=/home/zyme/ros_ws/Autoware_sim_test/install/boost_udp_driver:/home/zyme/ros_ws/Autoware_sim_test/install/robosense_msgs:/home/zyme/ros_ws/Autoware_sim_test/install/pandar_msgs:/home/zyme/ros_ws/Autoware_sim_test/install/nebula_common:/home/zyme/ros_ws/Autoware_sim_test/install/boost_tcp_driver:/home/zyme/ros_ws/Autoware_sim_test/install/boost_io_context:${AMENT_PREFIX_PATH} CMAKE_PREFIX_PATH=/home/zyme/ros_ws/Autoware_sim_test/install/boost_udp_driver:/home/zyme/ros_ws/Autoware_sim_test/install/robosense_msgs:/home/zyme/ros_ws/Autoware_sim_test/install/pandar_msgs:/home/zyme/ros_ws/Autoware_sim_test/install/nebula_common:/home/zyme/ros_ws/Autoware_sim_test/install/boost_tcp_driver:/home/zyme/ros_ws/Autoware_sim_test/install/boost_io_context:/opt/ros/humble LD_LIBRARY_PATH=/home/zyme/ros_ws/Autoware_sim_test/install/boost_udp_driver/lib:/home/zyme/ros_ws/Autoware_sim_test/install/robosense_msgs/lib:/home/zyme/ros_ws/Autoware_sim_test/install/pandar_msgs/lib:/home/zyme/ros_ws/Autoware_sim_test/install/nebula_common/lib:/home/zyme/ros_ws/Autoware_sim_test/install/boost_tcp_driver/lib:/home/zyme/ros_ws/Autoware_sim_test/install/boost_io_context/lib:${LD_LIBRARY_PATH} PYTHONPATH=/home/zyme/ros_ws/Autoware_sim_test/install/robosense_msgs/local/lib/python3.10/dist-packages:/home/zyme/ros_ws/Autoware_sim_test/install/pandar_msgs/local/lib/python3.10/dist-packages:${PYTHONPATH} /usr/bin/cmake --build /home/zyme/ros_ws/Autoware_sim_test/build/nebula_hw_interfaces -- -j12 -l12
[10.494s] Invoking command in '/home/zyme/ros_ws/Autoware_sim_test/build/nebula_hw_interfaces': AMENT_PREFIX_PATH=/home/zyme/ros_ws/Autoware_sim_test/install/boost_udp_driver:/home/zyme/ros_ws/Autoware_sim_test/install/robosense_msgs:/home/zyme/ros_ws/Autoware_sim_test/install/pandar_msgs:/home/zyme/ros_ws/Autoware_sim_test/install/nebula_common:/home/zyme/ros_ws/Autoware_sim_test/install/boost_tcp_driver:/home/zyme/ros_ws/Autoware_sim_test/install/boost_io_context:${AMENT_PREFIX_PATH} CMAKE_PREFIX_PATH=/home/zyme/ros_ws/Autoware_sim_test/install/boost_udp_driver:/home/zyme/ros_ws/Autoware_sim_test/install/robosense_msgs:/home/zyme/ros_ws/Autoware_sim_test/install/pandar_msgs:/home/zyme/ros_ws/Autoware_sim_test/install/nebula_common:/home/zyme/ros_ws/Autoware_sim_test/install/boost_tcp_driver:/home/zyme/ros_ws/Autoware_sim_test/install/boost_io_context:/opt/ros/humble LD_LIBRARY_PATH=/home/zyme/ros_ws/Autoware_sim_test/install/boost_udp_driver/lib:/home/zyme/ros_ws/Autoware_sim_test/install/robosense_msgs/lib:/home/zyme/ros_ws/Autoware_sim_test/install/pandar_msgs/lib:/home/zyme/ros_ws/Autoware_sim_test/install/nebula_common/lib:/home/zyme/ros_ws/Autoware_sim_test/install/boost_tcp_driver/lib:/home/zyme/ros_ws/Autoware_sim_test/install/boost_io_context/lib:${LD_LIBRARY_PATH} PYTHONPATH=/home/zyme/ros_ws/Autoware_sim_test/install/robosense_msgs/local/lib/python3.10/dist-packages:/home/zyme/ros_ws/Autoware_sim_test/install/pandar_msgs/local/lib/python3.10/dist-packages:${PYTHONPATH} /usr/bin/cmake --install /home/zyme/ros_ws/Autoware_sim_test/build/nebula_hw_interfaces
[10.513s] -- Install configuration: "Release"
[10.513s] -- Execute custom install script
[10.516s] -- Up-to-date symlink: /home/zyme/ros_ws/Autoware_sim_test/install/nebula_hw_interfaces/include/nebula_hw_interfaces/nebula_hw_interfaces_common/nebula_hw_interface_base.hpp
[10.522s] -- Up-to-date symlink: /home/zyme/ros_ws/Autoware_sim_test/install/nebula_hw_interfaces/include/nebula_hw_interfaces/nebula_hw_interfaces_hesai/hesai_cmd_response.hpp
[10.526s] -- Up-to-date symlink: /home/zyme/ros_ws/Autoware_sim_test/install/nebula_hw_interfaces/include/nebula_hw_interfaces/nebula_hw_interfaces_hesai/hesai_hw_interface.hpp
[10.528s] -- Up-to-date symlink: /home/zyme/ros_ws/Autoware_sim_test/install/nebula_hw_interfaces/include/nebula_hw_interfaces/nebula_hw_interfaces_robosense/robosense_hw_interface.hpp
[10.528s] -- Up-to-date symlink: /home/zyme/ros_ws/Autoware_sim_test/install/nebula_hw_interfaces/include/nebula_hw_interfaces/nebula_hw_interfaces_velodyne/velodyne_hw_interface.hpp
[10.529s] -- Up-to-date symlink: /home/zyme/ros_ws/Autoware_sim_test/install/nebula_hw_interfaces/share/nebula_hw_interfaces/environment/library_path.sh
[10.530s] -- Up-to-date symlink: /home/zyme/ros_ws/Autoware_sim_test/install/nebula_hw_interfaces/share/nebula_hw_interfaces/environment/library_path.dsv
[10.530s] -- Up-to-date symlink: /home/zyme/ros_ws/Autoware_sim_test/install/nebula_hw_interfaces/lib/libnebula_hw_interfaces_hesai.so
[10.537s] -- Up-to-date symlink: /home/zyme/ros_ws/Autoware_sim_test/install/nebula_hw_interfaces/lib/libnebula_hw_interfaces_velodyne.so
[10.542s] -- Up-to-date symlink: /home/zyme/ros_ws/Autoware_sim_test/install/nebula_hw_interfaces/lib/libnebula_hw_interfaces_robosense.so
[10.543s] -- Up-to-date symlink: /home/zyme/ros_ws/Autoware_sim_test/install/nebula_hw_interfaces/share/ament_index/resource_index/package_run_dependencies/nebula_hw_interfaces
[10.543s] -- Up-to-date symlink: /home/zyme/ros_ws/Autoware_sim_test/install/nebula_hw_interfaces/share/ament_index/resource_index/parent_prefix_path/nebula_hw_interfaces
[10.543s] -- Up-to-date symlink: /home/zyme/ros_ws/Autoware_sim_test/install/nebula_hw_interfaces/share/nebula_hw_interfaces/environment/ament_prefix_path.sh
[10.544s] -- Up-to-date symlink: /home/zyme/ros_ws/Autoware_sim_test/install/nebula_hw_interfaces/share/nebula_hw_interfaces/environment/ament_prefix_path.dsv
[10.544s] -- Up-to-date symlink: /home/zyme/ros_ws/Autoware_sim_test/install/nebula_hw_interfaces/share/nebula_hw_interfaces/environment/path.sh
[10.544s] -- Up-to-date symlink: /home/zyme/ros_ws/Autoware_sim_test/install/nebula_hw_interfaces/share/nebula_hw_interfaces/environment/path.dsv
[10.544s] -- Up-to-date symlink: /home/zyme/ros_ws/Autoware_sim_test/install/nebula_hw_interfaces/share/nebula_hw_interfaces/local_setup.bash
[10.544s] -- Up-to-date symlink: /home/zyme/ros_ws/Autoware_sim_test/install/nebula_hw_interfaces/share/nebula_hw_interfaces/local_setup.sh
[10.545s] -- Up-to-date symlink: /home/zyme/ros_ws/Autoware_sim_test/install/nebula_hw_interfaces/share/nebula_hw_interfaces/local_setup.zsh
[10.545s] -- Up-to-date symlink: /home/zyme/ros_ws/Autoware_sim_test/install/nebula_hw_interfaces/share/nebula_hw_interfaces/local_setup.dsv
[10.545s] -- Symlinking: /home/zyme/ros_ws/Autoware_sim_test/install/nebula_hw_interfaces/share/nebula_hw_interfaces/package.dsv
[10.572s] -- Up-to-date symlink: /home/zyme/ros_ws/Autoware_sim_test/install/nebula_hw_interfaces/share/ament_index/resource_index/packages/nebula_hw_interfaces
[10.572s] -- Up-to-date symlink: /home/zyme/ros_ws/Autoware_sim_test/install/nebula_hw_interfaces/share/nebula_hw_interfaces/cmake/ament_cmake_export_dependencies-extras.cmake
[10.573s] -- Up-to-date symlink: /home/zyme/ros_ws/Autoware_sim_test/install/nebula_hw_interfaces/share/nebula_hw_interfaces/cmake/ament_cmake_export_include_directories-extras.cmake
[10.574s] -- Up-to-date symlink: /home/zyme/ros_ws/Autoware_sim_test/install/nebula_hw_interfaces/share/nebula_hw_interfaces/cmake/ament_cmake_export_libraries-extras.cmake
[10.575s] -- Up-to-date symlink: /home/zyme/ros_ws/Autoware_sim_test/install/nebula_hw_interfaces/share/nebula_hw_interfaces/cmake/nebula_hw_interfacesConfig.cmake
[10.575s] -- Up-to-date symlink: /home/zyme/ros_ws/Autoware_sim_test/install/nebula_hw_interfaces/share/nebula_hw_interfaces/cmake/nebula_hw_interfacesConfig-version.cmake
[10.581s] -- Up-to-date symlink: /home/zyme/ros_ws/Autoware_sim_test/install/nebula_hw_interfaces/share/nebula_hw_interfaces/package.xml
[10.745s] Invoked command in '/home/zyme/ros_ws/Autoware_sim_test/build/nebula_hw_interfaces' returned '0': AMENT_PREFIX_PATH=/home/zyme/ros_ws/Autoware_sim_test/install/boost_udp_driver:/home/zyme/ros_ws/Autoware_sim_test/install/robosense_msgs:/home/zyme/ros_ws/Autoware_sim_test/install/pandar_msgs:/home/zyme/ros_ws/Autoware_sim_test/install/nebula_common:/home/zyme/ros_ws/Autoware_sim_test/install/boost_tcp_driver:/home/zyme/ros_ws/Autoware_sim_test/install/boost_io_context:${AMENT_PREFIX_PATH} CMAKE_PREFIX_PATH=/home/zyme/ros_ws/Autoware_sim_test/install/boost_udp_driver:/home/zyme/ros_ws/Autoware_sim_test/install/robosense_msgs:/home/zyme/ros_ws/Autoware_sim_test/install/pandar_msgs:/home/zyme/ros_ws/Autoware_sim_test/install/nebula_common:/home/zyme/ros_ws/Autoware_sim_test/install/boost_tcp_driver:/home/zyme/ros_ws/Autoware_sim_test/install/boost_io_context:/opt/ros/humble LD_LIBRARY_PATH=/home/zyme/ros_ws/Autoware_sim_test/install/boost_udp_driver/lib:/home/zyme/ros_ws/Autoware_sim_test/install/robosense_msgs/lib:/home/zyme/ros_ws/Autoware_sim_test/install/pandar_msgs/lib:/home/zyme/ros_ws/Autoware_sim_test/install/nebula_common/lib:/home/zyme/ros_ws/Autoware_sim_test/install/boost_tcp_driver/lib:/home/zyme/ros_ws/Autoware_sim_test/install/boost_io_context/lib:${LD_LIBRARY_PATH} PYTHONPATH=/home/zyme/ros_ws/Autoware_sim_test/install/robosense_msgs/local/lib/python3.10/dist-packages:/home/zyme/ros_ws/Autoware_sim_test/install/pandar_msgs/local/lib/python3.10/dist-packages:${PYTHONPATH} /usr/bin/cmake --install /home/zyme/ros_ws/Autoware_sim_test/build/nebula_hw_interfaces
