[0.058s] Invoking command in '/home/zyme/ros_ws/Autoware_sim_test/build/autoware_common_msgs': CMAKE_PREFIX_PATH=/opt/ros/humble /usr/bin/cmake --build /home/zyme/ros_ws/Autoware_sim_test/build/autoware_common_msgs -- -j12 -l12
[0.110s] [  3%] Built target autoware_common_msgs__cpp
[0.110s] [ 12%] Built target autoware_common_msgs__rosidl_generator_c
[0.121s] [ 12%] Built target ament_cmake_python_symlink_autoware_common_msgs
[0.140s] [ 22%] Built target autoware_common_msgs__rosidl_typesupport_cpp
[0.142s] [ 32%] Built target autoware_common_msgs__rosidl_typesupport_c
[0.142s] [ 41%] Built target autoware_common_msgs__rosidl_typesupport_fastrtps_c
[0.142s] [ 51%] Built target autoware_common_msgs__rosidl_typesupport_introspection_c
[0.143s] [ 61%] Built target autoware_common_msgs__rosidl_typesupport_introspection_cpp
[0.143s] [ 70%] Built target autoware_common_msgs__rosidl_typesupport_fastrtps_cpp
[0.165s] [ 70%] Built target autoware_common_msgs
[0.185s] [ 74%] Built target autoware_common_msgs__py
[0.209s] [ 80%] Built target autoware_common_msgs__rosidl_generator_py
[0.233s] [ 93%] Built target autoware_common_msgs__rosidl_typesupport_introspection_c__pyext
[0.233s] [ 93%] Built target autoware_common_msgs__rosidl_typesupport_c__pyext
[0.233s] [100%] Built target autoware_common_msgs__rosidl_typesupport_fastrtps_c__pyext
[0.389s] running egg_info
[0.390s] writing autoware_common_msgs.egg-info/PKG-INFO
[0.390s] writing dependency_links to autoware_common_msgs.egg-info/dependency_links.txt
[0.390s] writing top-level names to autoware_common_msgs.egg-info/top_level.txt
[0.392s] reading manifest file 'autoware_common_msgs.egg-info/SOURCES.txt'
[0.393s] writing manifest file 'autoware_common_msgs.egg-info/SOURCES.txt'
[0.415s] [100%] Built target ament_cmake_python_build_autoware_common_msgs_egg
[0.427s] Invoked command in '/home/zyme/ros_ws/Autoware_sim_test/build/autoware_common_msgs' returned '0': CMAKE_PREFIX_PATH=/opt/ros/humble /usr/bin/cmake --build /home/zyme/ros_ws/Autoware_sim_test/build/autoware_common_msgs -- -j12 -l12
[0.484s] Invoking command in '/home/zyme/ros_ws/Autoware_sim_test/build/autoware_common_msgs': CMAKE_PREFIX_PATH=/opt/ros/humble /usr/bin/cmake --install /home/zyme/ros_ws/Autoware_sim_test/build/autoware_common_msgs
[0.491s] -- Install configuration: "Release"
[0.492s] -- Execute custom install script
[0.492s] -- Up-to-date symlink: /home/zyme/ros_ws/Autoware_sim_test/install/autoware_common_msgs/share/ament_index/resource_index/rosidl_interfaces/autoware_common_msgs
[0.493s] -- Up-to-date symlink: /home/zyme/ros_ws/Autoware_sim_test/install/autoware_common_msgs/include/autoware_common_msgs/autoware_common_msgs/msg/detail/response_status__functions.h
[0.494s] -- Up-to-date symlink: /home/zyme/ros_ws/Autoware_sim_test/install/autoware_common_msgs/include/autoware_common_msgs/autoware_common_msgs/msg/detail/response_status__struct.h
[0.494s] -- Up-to-date symlink: /home/zyme/ros_ws/Autoware_sim_test/install/autoware_common_msgs/include/autoware_common_msgs/autoware_common_msgs/msg/detail/response_status__type_support.h
[0.494s] -- Up-to-date symlink: /home/zyme/ros_ws/Autoware_sim_test/install/autoware_common_msgs/include/autoware_common_msgs/autoware_common_msgs/msg/response_status.h
[0.494s] -- Up-to-date symlink: /home/zyme/ros_ws/Autoware_sim_test/install/autoware_common_msgs/include/autoware_common_msgs/autoware_common_msgs/msg/rosidl_generator_c__visibility_control.h
[0.495s] -- Up-to-date symlink: /home/zyme/ros_ws/Autoware_sim_test/install/autoware_common_msgs/share/autoware_common_msgs/environment/library_path.sh
[0.495s] -- Up-to-date symlink: /home/zyme/ros_ws/Autoware_sim_test/install/autoware_common_msgs/share/autoware_common_msgs/environment/library_path.dsv
[0.495s] -- Up-to-date symlink: /home/zyme/ros_ws/Autoware_sim_test/install/autoware_common_msgs/include/autoware_common_msgs/autoware_common_msgs/msg/detail/response_status__rosidl_typesupport_fastrtps_c.h
[0.496s] -- Up-to-date symlink: /home/zyme/ros_ws/Autoware_sim_test/install/autoware_common_msgs/include/autoware_common_msgs/autoware_common_msgs/msg/rosidl_typesupport_fastrtps_c__visibility_control.h
[0.496s] -- Up-to-date symlink: /home/zyme/ros_ws/Autoware_sim_test/install/autoware_common_msgs/include/autoware_common_msgs/autoware_common_msgs/msg/detail/response_status__rosidl_typesupport_introspection_c.h
[0.496s] -- Up-to-date symlink: /home/zyme/ros_ws/Autoware_sim_test/install/autoware_common_msgs/include/autoware_common_msgs/autoware_common_msgs/msg/rosidl_typesupport_introspection_c__visibility_control.h
[0.497s] -- Up-to-date symlink: /home/zyme/ros_ws/Autoware_sim_test/install/autoware_common_msgs/include/autoware_common_msgs/autoware_common_msgs/msg/detail/response_status__builder.hpp
[0.497s] -- Up-to-date symlink: /home/zyme/ros_ws/Autoware_sim_test/install/autoware_common_msgs/include/autoware_common_msgs/autoware_common_msgs/msg/detail/response_status__struct.hpp
[0.497s] -- Up-to-date symlink: /home/zyme/ros_ws/Autoware_sim_test/install/autoware_common_msgs/include/autoware_common_msgs/autoware_common_msgs/msg/detail/response_status__traits.hpp
[0.497s] -- Up-to-date symlink: /home/zyme/ros_ws/Autoware_sim_test/install/autoware_common_msgs/include/autoware_common_msgs/autoware_common_msgs/msg/response_status.hpp
[0.498s] -- Up-to-date symlink: /home/zyme/ros_ws/Autoware_sim_test/install/autoware_common_msgs/include/autoware_common_msgs/autoware_common_msgs/msg/detail/response_status__rosidl_typesupport_fastrtps_cpp.hpp
[0.498s] -- Up-to-date symlink: /home/zyme/ros_ws/Autoware_sim_test/install/autoware_common_msgs/include/autoware_common_msgs/autoware_common_msgs/msg/rosidl_typesupport_fastrtps_cpp__visibility_control.h
[0.499s] -- Up-to-date symlink: /home/zyme/ros_ws/Autoware_sim_test/install/autoware_common_msgs/include/autoware_common_msgs/autoware_common_msgs/msg/detail/response_status__rosidl_typesupport_introspection_cpp.hpp
[0.499s] -- Up-to-date symlink: /home/zyme/ros_ws/Autoware_sim_test/install/autoware_common_msgs/share/autoware_common_msgs/environment/pythonpath.sh
[0.499s] -- Up-to-date symlink: /home/zyme/ros_ws/Autoware_sim_test/install/autoware_common_msgs/share/autoware_common_msgs/environment/pythonpath.dsv
[0.500s] -- Up-to-date symlink: /home/zyme/ros_ws/Autoware_sim_test/install/autoware_common_msgs/local/lib/python3.10/dist-packages/autoware_common_msgs-1.0.0-py3.10.egg-info/PKG-INFO
[0.500s] -- Up-to-date symlink: /home/zyme/ros_ws/Autoware_sim_test/install/autoware_common_msgs/local/lib/python3.10/dist-packages/autoware_common_msgs-1.0.0-py3.10.egg-info/SOURCES.txt
[0.500s] -- Up-to-date symlink: /home/zyme/ros_ws/Autoware_sim_test/install/autoware_common_msgs/local/lib/python3.10/dist-packages/autoware_common_msgs-1.0.0-py3.10.egg-info/dependency_links.txt
[0.501s] -- Up-to-date symlink: /home/zyme/ros_ws/Autoware_sim_test/install/autoware_common_msgs/local/lib/python3.10/dist-packages/autoware_common_msgs-1.0.0-py3.10.egg-info/top_level.txt
[0.501s] -- Up-to-date symlink: /home/zyme/ros_ws/Autoware_sim_test/install/autoware_common_msgs/local/lib/python3.10/dist-packages/autoware_common_msgs/__init__.py
[0.501s] -- Up-to-date symlink: /home/zyme/ros_ws/Autoware_sim_test/install/autoware_common_msgs/local/lib/python3.10/dist-packages/autoware_common_msgs/_autoware_common_msgs_s.ep.rosidl_typesupport_c.c
[0.501s] -- Up-to-date symlink: /home/zyme/ros_ws/Autoware_sim_test/install/autoware_common_msgs/local/lib/python3.10/dist-packages/autoware_common_msgs/_autoware_common_msgs_s.ep.rosidl_typesupport_fastrtps_c.c
[0.502s] -- Up-to-date symlink: /home/zyme/ros_ws/Autoware_sim_test/install/autoware_common_msgs/local/lib/python3.10/dist-packages/autoware_common_msgs/_autoware_common_msgs_s.ep.rosidl_typesupport_introspection_c.c
[0.502s] -- Up-to-date symlink: /home/zyme/ros_ws/Autoware_sim_test/install/autoware_common_msgs/local/lib/python3.10/dist-packages/autoware_common_msgs/autoware_common_msgs_s__rosidl_typesupport_c.cpython-310-x86_64-linux-gnu.so
[0.502s] -- Up-to-date symlink: /home/zyme/ros_ws/Autoware_sim_test/install/autoware_common_msgs/local/lib/python3.10/dist-packages/autoware_common_msgs/autoware_common_msgs_s__rosidl_typesupport_fastrtps_c.cpython-310-x86_64-linux-gnu.so
[0.502s] -- Up-to-date symlink: /home/zyme/ros_ws/Autoware_sim_test/install/autoware_common_msgs/local/lib/python3.10/dist-packages/autoware_common_msgs/autoware_common_msgs_s__rosidl_typesupport_introspection_c.cpython-310-x86_64-linux-gnu.so
[0.502s] -- Up-to-date symlink: /home/zyme/ros_ws/Autoware_sim_test/install/autoware_common_msgs/local/lib/python3.10/dist-packages/autoware_common_msgs/libautoware_common_msgs__rosidl_generator_py.so
[0.502s] -- Up-to-date symlink: /home/zyme/ros_ws/Autoware_sim_test/install/autoware_common_msgs/local/lib/python3.10/dist-packages/autoware_common_msgs/msg/__init__.py
[0.503s] -- Up-to-date symlink: /home/zyme/ros_ws/Autoware_sim_test/install/autoware_common_msgs/local/lib/python3.10/dist-packages/autoware_common_msgs/msg/_response_status.py
[0.503s] -- Up-to-date symlink: /home/zyme/ros_ws/Autoware_sim_test/install/autoware_common_msgs/local/lib/python3.10/dist-packages/autoware_common_msgs/msg/_response_status_s.c
[0.503s] -- Up-to-date symlink: /home/zyme/ros_ws/Autoware_sim_test/install/autoware_common_msgs/local/lib/python3.10/dist-packages/autoware_common_msgs/autoware_common_msgs_s__rosidl_typesupport_fastrtps_c.cpython-310-x86_64-linux-gnu.so
[0.504s] -- Up-to-date symlink: /home/zyme/ros_ws/Autoware_sim_test/install/autoware_common_msgs/local/lib/python3.10/dist-packages/autoware_common_msgs/autoware_common_msgs_s__rosidl_typesupport_introspection_c.cpython-310-x86_64-linux-gnu.so
[0.504s] -- Up-to-date symlink: /home/zyme/ros_ws/Autoware_sim_test/install/autoware_common_msgs/local/lib/python3.10/dist-packages/autoware_common_msgs/autoware_common_msgs_s__rosidl_typesupport_c.cpython-310-x86_64-linux-gnu.so
[0.504s] -- Up-to-date symlink: /home/zyme/ros_ws/Autoware_sim_test/install/autoware_common_msgs/share/autoware_common_msgs/msg/ResponseStatus.idl
[0.504s] -- Up-to-date symlink: /home/zyme/ros_ws/Autoware_sim_test/install/autoware_common_msgs/share/autoware_common_msgs/msg/ResponseStatus.msg
[0.505s] -- Up-to-date symlink: /home/zyme/ros_ws/Autoware_sim_test/install/autoware_common_msgs/share/ament_index/resource_index/package_run_dependencies/autoware_common_msgs
[0.505s] -- Up-to-date symlink: /home/zyme/ros_ws/Autoware_sim_test/install/autoware_common_msgs/share/ament_index/resource_index/parent_prefix_path/autoware_common_msgs
[0.506s] -- Up-to-date symlink: /home/zyme/ros_ws/Autoware_sim_test/install/autoware_common_msgs/share/autoware_common_msgs/environment/ament_prefix_path.sh
[0.506s] -- Up-to-date symlink: /home/zyme/ros_ws/Autoware_sim_test/install/autoware_common_msgs/share/autoware_common_msgs/environment/ament_prefix_path.dsv
[0.506s] -- Up-to-date symlink: /home/zyme/ros_ws/Autoware_sim_test/install/autoware_common_msgs/share/autoware_common_msgs/environment/path.sh
[0.506s] -- Up-to-date symlink: /home/zyme/ros_ws/Autoware_sim_test/install/autoware_common_msgs/share/autoware_common_msgs/environment/path.dsv
[0.506s] -- Up-to-date symlink: /home/zyme/ros_ws/Autoware_sim_test/install/autoware_common_msgs/share/autoware_common_msgs/local_setup.bash
[0.507s] -- Up-to-date symlink: /home/zyme/ros_ws/Autoware_sim_test/install/autoware_common_msgs/share/autoware_common_msgs/local_setup.sh
[0.507s] -- Up-to-date symlink: /home/zyme/ros_ws/Autoware_sim_test/install/autoware_common_msgs/share/autoware_common_msgs/local_setup.zsh
[0.507s] -- Up-to-date symlink: /home/zyme/ros_ws/Autoware_sim_test/install/autoware_common_msgs/share/autoware_common_msgs/local_setup.dsv
[0.507s] -- Symlinking: /home/zyme/ros_ws/Autoware_sim_test/install/autoware_common_msgs/share/autoware_common_msgs/package.dsv
[0.516s] -- Up-to-date symlink: /home/zyme/ros_ws/Autoware_sim_test/install/autoware_common_msgs/share/ament_index/resource_index/packages/autoware_common_msgs
[0.516s] -- Up-to-date symlink: /home/zyme/ros_ws/Autoware_sim_test/install/autoware_common_msgs/share/autoware_common_msgs/cmake/rosidl_cmake-extras.cmake
[0.516s] -- Up-to-date symlink: /home/zyme/ros_ws/Autoware_sim_test/install/autoware_common_msgs/share/autoware_common_msgs/cmake/ament_cmake_export_include_directories-extras.cmake
[0.516s] -- Up-to-date symlink: /home/zyme/ros_ws/Autoware_sim_test/install/autoware_common_msgs/share/autoware_common_msgs/cmake/ament_cmake_export_libraries-extras.cmake
[0.516s] -- Up-to-date symlink: /home/zyme/ros_ws/Autoware_sim_test/install/autoware_common_msgs/share/autoware_common_msgs/cmake/ament_cmake_export_targets-extras.cmake
[0.516s] -- Up-to-date symlink: /home/zyme/ros_ws/Autoware_sim_test/install/autoware_common_msgs/share/autoware_common_msgs/cmake/rosidl_cmake_export_typesupport_targets-extras.cmake
[0.517s] -- Up-to-date symlink: /home/zyme/ros_ws/Autoware_sim_test/install/autoware_common_msgs/share/autoware_common_msgs/cmake/ament_cmake_export_dependencies-extras.cmake
[0.517s] -- Up-to-date symlink: /home/zyme/ros_ws/Autoware_sim_test/install/autoware_common_msgs/share/autoware_common_msgs/cmake/rosidl_cmake_export_typesupport_libraries-extras.cmake
[0.517s] -- Up-to-date symlink: /home/zyme/ros_ws/Autoware_sim_test/install/autoware_common_msgs/share/autoware_common_msgs/cmake/autoware_common_msgsConfig.cmake
[0.517s] -- Up-to-date symlink: /home/zyme/ros_ws/Autoware_sim_test/install/autoware_common_msgs/share/autoware_common_msgs/cmake/autoware_common_msgsConfig-version.cmake
[0.517s] -- Up-to-date symlink: /home/zyme/ros_ws/Autoware_sim_test/install/autoware_common_msgs/share/autoware_common_msgs/package.xml
[0.518s] -- Up-to-date: /home/zyme/ros_ws/Autoware_sim_test/install/autoware_common_msgs/lib/libautoware_common_msgs__rosidl_generator_c.so
[0.518s] -- Up-to-date: /home/zyme/ros_ws/Autoware_sim_test/install/autoware_common_msgs/lib/libautoware_common_msgs__rosidl_typesupport_fastrtps_c.so
[0.519s] -- Up-to-date: /home/zyme/ros_ws/Autoware_sim_test/install/autoware_common_msgs/lib/libautoware_common_msgs__rosidl_typesupport_introspection_c.so
[0.519s] -- Up-to-date: /home/zyme/ros_ws/Autoware_sim_test/install/autoware_common_msgs/lib/libautoware_common_msgs__rosidl_typesupport_c.so
[0.519s] -- Up-to-date: /home/zyme/ros_ws/Autoware_sim_test/install/autoware_common_msgs/lib/libautoware_common_msgs__rosidl_typesupport_fastrtps_cpp.so
[0.520s] -- Up-to-date: /home/zyme/ros_ws/Autoware_sim_test/install/autoware_common_msgs/lib/libautoware_common_msgs__rosidl_typesupport_introspection_cpp.so
[0.520s] -- Up-to-date: /home/zyme/ros_ws/Autoware_sim_test/install/autoware_common_msgs/lib/libautoware_common_msgs__rosidl_typesupport_cpp.so
[0.548s] Listing '/home/zyme/ros_ws/Autoware_sim_test/install/autoware_common_msgs/local/lib/python3.10/dist-packages/autoware_common_msgs'...
[0.549s] Listing '/home/zyme/ros_ws/Autoware_sim_test/install/autoware_common_msgs/local/lib/python3.10/dist-packages/autoware_common_msgs/msg'...
[0.554s] -- Up-to-date: /home/zyme/ros_ws/Autoware_sim_test/install/autoware_common_msgs/lib/libautoware_common_msgs__rosidl_generator_py.so
[0.554s] -- Up-to-date: /home/zyme/ros_ws/Autoware_sim_test/install/autoware_common_msgs/share/autoware_common_msgs/cmake/export_autoware_common_msgs__rosidl_generator_cExport.cmake
[0.555s] -- Up-to-date: /home/zyme/ros_ws/Autoware_sim_test/install/autoware_common_msgs/share/autoware_common_msgs/cmake/export_autoware_common_msgs__rosidl_generator_cExport-release.cmake
[0.555s] -- Up-to-date: /home/zyme/ros_ws/Autoware_sim_test/install/autoware_common_msgs/share/autoware_common_msgs/cmake/export_autoware_common_msgs__rosidl_typesupport_fastrtps_cExport.cmake
[0.555s] -- Up-to-date: /home/zyme/ros_ws/Autoware_sim_test/install/autoware_common_msgs/share/autoware_common_msgs/cmake/export_autoware_common_msgs__rosidl_typesupport_fastrtps_cExport-release.cmake
[0.555s] -- Up-to-date: /home/zyme/ros_ws/Autoware_sim_test/install/autoware_common_msgs/share/autoware_common_msgs/cmake/autoware_common_msgs__rosidl_typesupport_introspection_cExport.cmake
[0.555s] -- Up-to-date: /home/zyme/ros_ws/Autoware_sim_test/install/autoware_common_msgs/share/autoware_common_msgs/cmake/autoware_common_msgs__rosidl_typesupport_introspection_cExport-release.cmake
[0.555s] -- Up-to-date: /home/zyme/ros_ws/Autoware_sim_test/install/autoware_common_msgs/share/autoware_common_msgs/cmake/autoware_common_msgs__rosidl_typesupport_cExport.cmake
[0.555s] -- Up-to-date: /home/zyme/ros_ws/Autoware_sim_test/install/autoware_common_msgs/share/autoware_common_msgs/cmake/autoware_common_msgs__rosidl_typesupport_cExport-release.cmake
[0.555s] -- Up-to-date: /home/zyme/ros_ws/Autoware_sim_test/install/autoware_common_msgs/share/autoware_common_msgs/cmake/export_autoware_common_msgs__rosidl_generator_cppExport.cmake
[0.556s] -- Up-to-date: /home/zyme/ros_ws/Autoware_sim_test/install/autoware_common_msgs/share/autoware_common_msgs/cmake/export_autoware_common_msgs__rosidl_typesupport_fastrtps_cppExport.cmake
[0.556s] -- Up-to-date: /home/zyme/ros_ws/Autoware_sim_test/install/autoware_common_msgs/share/autoware_common_msgs/cmake/export_autoware_common_msgs__rosidl_typesupport_fastrtps_cppExport-release.cmake
[0.556s] -- Up-to-date: /home/zyme/ros_ws/Autoware_sim_test/install/autoware_common_msgs/share/autoware_common_msgs/cmake/autoware_common_msgs__rosidl_typesupport_introspection_cppExport.cmake
[0.556s] -- Up-to-date: /home/zyme/ros_ws/Autoware_sim_test/install/autoware_common_msgs/share/autoware_common_msgs/cmake/autoware_common_msgs__rosidl_typesupport_introspection_cppExport-release.cmake
[0.556s] -- Up-to-date: /home/zyme/ros_ws/Autoware_sim_test/install/autoware_common_msgs/share/autoware_common_msgs/cmake/autoware_common_msgs__rosidl_typesupport_cppExport.cmake
[0.556s] -- Up-to-date: /home/zyme/ros_ws/Autoware_sim_test/install/autoware_common_msgs/share/autoware_common_msgs/cmake/autoware_common_msgs__rosidl_typesupport_cppExport-release.cmake
[0.556s] -- Up-to-date: /home/zyme/ros_ws/Autoware_sim_test/install/autoware_common_msgs/share/autoware_common_msgs/cmake/export_autoware_common_msgs__rosidl_generator_pyExport.cmake
[0.556s] -- Up-to-date: /home/zyme/ros_ws/Autoware_sim_test/install/autoware_common_msgs/share/autoware_common_msgs/cmake/export_autoware_common_msgs__rosidl_generator_pyExport-release.cmake
[0.558s] Invoked command in '/home/zyme/ros_ws/Autoware_sim_test/build/autoware_common_msgs' returned '0': CMAKE_PREFIX_PATH=/opt/ros/humble /usr/bin/cmake --install /home/zyme/ros_ws/Autoware_sim_test/build/autoware_common_msgs
