[0.053s] Invoking command in '/home/zyme/ros_ws/Autoware_sim_test/build/tier4_localization_msgs': CMAKE_PREFIX_PATH=/opt/ros/humble /usr/bin/cmake /home/zyme/ros_ws/Autoware_sim_test/src/autoware/src/universe/external/tier4_autoware_msgs/tier4_localization_msgs -DCMAKE_BUILD_TYPE=Release -DCMAKE_CXX_FLAGS=-w -DAMENT_CMAKE_SYMLINK_INSTALL=1 -DCMAKE_INSTALL_PREFIX=/home/zyme/ros_ws/Autoware_sim_test/install/tier4_localization_msgs
[0.100s] -- The C compiler identification is GNU 11.4.0
[0.152s] -- The CXX compiler identification is GNU 11.4.0
[0.159s] -- Detecting C compiler ABI info
[0.224s] -- Detecting C compiler ABI info - done
[0.231s] -- Check for working C compiler: /usr/bin/cc - skipped
[0.231s] -- Detecting C compile features
[0.231s] -- Detecting C compile features - done
[0.234s] -- Detecting CXX compiler ABI info
[0.314s] -- Detecting CXX compiler ABI info - done
[0.321s] -- Check for working CXX compiler: /usr/bin/c++ - skipped
[0.321s] -- Detecting CXX compile features
[0.322s] -- Detecting CXX compile features - done
[0.324s] -- Found ament_cmake_auto: 1.3.8 (/opt/ros/humble/share/ament_cmake_auto/cmake)
[0.460s] -- Found Python3: /usr/bin/python3 (found version "3.10.12") found components: Interpreter 
[0.514s] -- Override CMake install command with custom implementation using symlinks instead of copying resources
[0.593s] -- Using all available rosidl_typesupport_c: rosidl_typesupport_fastrtps_c;rosidl_typesupport_introspection_c
[0.598s] -- Found rosidl_adapter: 3.1.5 (/opt/ros/humble/share/rosidl_adapter/cmake)
[0.635s] -- Using all available rosidl_typesupport_cpp: rosidl_typesupport_fastrtps_cpp;rosidl_typesupport_introspection_cpp
[0.971s] -- Found ament_cmake_ros: 0.10.0 (/opt/ros/humble/share/ament_cmake_ros/cmake)
[1.197s] -- Using all available rosidl_typesupport_c: rosidl_typesupport_fastrtps_c;rosidl_typesupport_introspection_c
[1.497s] -- Using all available rosidl_typesupport_cpp: rosidl_typesupport_fastrtps_cpp;rosidl_typesupport_introspection_cpp
[1.518s] -- Found PythonInterp: /usr/bin/python3 (found suitable version "3.10.12", minimum required is "3.6") 
[1.519s] -- Found python_cmake_module: 0.10.0 (/opt/ros/humble/share/python_cmake_module/cmake)
[1.543s] -- Found PythonLibs: /usr/lib/x86_64-linux-gnu/libpython3.10.so (found suitable version "3.10.12", minimum required is "3.5") 
[1.543s] -- Using PYTHON_EXECUTABLE: /usr/bin/python3
[1.543s] -- Using PYTHON_INCLUDE_DIRS: /usr/include/python3.10
[1.543s] -- Using PYTHON_LIBRARIES: /usr/lib/x86_64-linux-gnu/libpython3.10.so
[1.562s] -- Found PythonExtra: .so  
[1.619s] -- Found ament_lint_auto: 0.12.10 (/opt/ros/humble/share/ament_lint_auto/cmake)
[1.638s] -- Added test 'copyright' to check source files copyright and LICENSE
[1.640s] -- Added test 'lint_cmake' to check CMake code style
[1.641s] -- Added test 'xmllint' to check XML markup files
[1.644s] -- Configuring done
[1.677s] -- Generating done
[1.679s] -- Build files have been written to: /home/zyme/ros_ws/Autoware_sim_test/build/tier4_localization_msgs
[1.687s] Invoked command in '/home/zyme/ros_ws/Autoware_sim_test/build/tier4_localization_msgs' returned '0': CMAKE_PREFIX_PATH=/opt/ros/humble /usr/bin/cmake /home/zyme/ros_ws/Autoware_sim_test/src/autoware/src/universe/external/tier4_autoware_msgs/tier4_localization_msgs -DCMAKE_BUILD_TYPE=Release -DCMAKE_CXX_FLAGS=-w -DAMENT_CMAKE_SYMLINK_INSTALL=1 -DCMAKE_INSTALL_PREFIX=/home/zyme/ros_ws/Autoware_sim_test/install/tier4_localization_msgs
[1.688s] Invoking command in '/home/zyme/ros_ws/Autoware_sim_test/build/tier4_localization_msgs': CMAKE_PREFIX_PATH=/opt/ros/humble /usr/bin/cmake --build /home/zyme/ros_ws/Autoware_sim_test/build/tier4_localization_msgs -- -j12 -l12
[1.724s] [  3%] [34m[1mGenerating C code for ROS interfaces[0m
[1.734s] [  6%] [34m[1mGenerating C++ code for ROS interfaces[0m
[1.741s] [  6%] Built target ament_cmake_python_symlink_tier4_localization_msgs
[1.987s] [  9%] [32mBuilding C object CMakeFiles/tier4_localization_msgs__rosidl_generator_c.dir/rosidl_generator_c/tier4_localization_msgs/srv/detail/pose_with_covariance_stamped__functions.c.o[0m
[1.988s] [  9%] Built target tier4_localization_msgs__cpp
[1.995s] running egg_info
[1.995s] creating tier4_localization_msgs.egg-info
[1.996s] writing tier4_localization_msgs.egg-info/PKG-INFO
[1.996s] writing dependency_links to tier4_localization_msgs.egg-info/dependency_links.txt
[1.996s] writing top-level names to tier4_localization_msgs.egg-info/top_level.txt
[1.996s] writing manifest file 'tier4_localization_msgs.egg-info/SOURCES.txt'
[1.999s] reading manifest file 'tier4_localization_msgs.egg-info/SOURCES.txt'
[1.999s] writing manifest file 'tier4_localization_msgs.egg-info/SOURCES.txt'
[2.000s] [ 12%] [34m[1mGenerating C++ introspection for ROS interfaces[0m
[2.000s] [ 19%] [34m[1mGenerating C++ type support for eProsima Fast-RTPS[0m
[2.000s] [ 19%] [34m[1mGenerating C++ type support dispatch for ROS interfaces[0m
[2.034s] [ 19%] Built target ament_cmake_python_build_tier4_localization_msgs_egg
[2.133s] [ 22%] [32m[1mLinking C shared library libtier4_localization_msgs__rosidl_generator_c.so[0m
[2.171s] [ 22%] Built target tier4_localization_msgs__rosidl_generator_c
[2.184s] [ 32%] [34m[1mGenerating C type support dispatch for ROS interfaces[0m
[2.184s] [ 32%] [34m[1mGenerating C introspection for ROS interfaces[0m
[2.184s] [ 32%] [34m[1mGenerating C type support for eProsima Fast-RTPS[0m
[2.267s] [ 35%] [32mBuilding CXX object CMakeFiles/tier4_localization_msgs__rosidl_typesupport_cpp.dir/rosidl_typesupport_cpp/tier4_localization_msgs/srv/pose_with_covariance_stamped__type_support.cpp.o[0m
[2.287s] [ 38%] [32mBuilding CXX object CMakeFiles/tier4_localization_msgs__rosidl_typesupport_introspection_cpp.dir/rosidl_typesupport_introspection_cpp/tier4_localization_msgs/srv/detail/pose_with_covariance_stamped__type_support.cpp.o[0m
[2.307s] [ 41%] [32mBuilding CXX object CMakeFiles/tier4_localization_msgs__rosidl_typesupport_fastrtps_cpp.dir/rosidl_typesupport_fastrtps_cpp/tier4_localization_msgs/srv/detail/dds_fastrtps/pose_with_covariance_stamped__type_support.cpp.o[0m
[2.465s] [ 45%] [32mBuilding CXX object CMakeFiles/tier4_localization_msgs__rosidl_typesupport_c.dir/rosidl_typesupport_c/tier4_localization_msgs/srv/pose_with_covariance_stamped__type_support.cpp.o[0m
[2.511s] [ 51%] [32m[1mLinking CXX shared library libtier4_localization_msgs__rosidl_typesupport_c.so[0m
[2.511s] [ 51%] [32mBuilding C object CMakeFiles/tier4_localization_msgs__rosidl_typesupport_introspection_c.dir/rosidl_typesupport_introspection_c/tier4_localization_msgs/srv/detail/pose_with_covariance_stamped__type_support.c.o[0m
[2.515s] [ 54%] [32mBuilding CXX object CMakeFiles/tier4_localization_msgs__rosidl_typesupport_fastrtps_c.dir/rosidl_typesupport_fastrtps_c/tier4_localization_msgs/srv/detail/pose_with_covariance_stamped__type_support_c.cpp.o[0m
[2.564s] [ 54%] Built target tier4_localization_msgs__rosidl_typesupport_c
[2.572s] [ 58%] [32m[1mLinking C shared library libtier4_localization_msgs__rosidl_typesupport_introspection_c.so[0m
[2.610s] [ 58%] Built target tier4_localization_msgs__rosidl_typesupport_introspection_c
[2.622s] [ 61%] [32m[1mLinking CXX shared library libtier4_localization_msgs__rosidl_typesupport_cpp.so[0m
[2.667s] [ 61%] Built target tier4_localization_msgs__rosidl_typesupport_cpp
[2.785s] [ 64%] [32m[1mLinking CXX shared library libtier4_localization_msgs__rosidl_typesupport_introspection_cpp.so[0m
[2.826s] [ 67%] [32m[1mLinking CXX shared library libtier4_localization_msgs__rosidl_typesupport_fastrtps_cpp.so[0m
[2.856s] [ 67%] Built target tier4_localization_msgs__rosidl_typesupport_introspection_cpp
[2.911s] [ 67%] Built target tier4_localization_msgs__rosidl_typesupport_fastrtps_cpp
[2.924s] [ 70%] [32m[1mLinking CXX shared library libtier4_localization_msgs__rosidl_typesupport_fastrtps_c.so[0m
[2.992s] [ 70%] Built target tier4_localization_msgs__rosidl_typesupport_fastrtps_c
[3.011s] [ 70%] Built target tier4_localization_msgs
[3.030s] [ 74%] [34m[1mGenerating Python code for ROS interfaces[0m
[3.343s] [ 74%] Built target tier4_localization_msgs__py
[3.362s] [ 77%] [32mBuilding C object CMakeFiles/tier4_localization_msgs__rosidl_generator_py.dir/rosidl_generator_py/tier4_localization_msgs/srv/_pose_with_covariance_stamped_s.c.o[0m
[3.488s] [ 80%] [32m[1mLinking C shared library rosidl_generator_py/tier4_localization_msgs/libtier4_localization_msgs__rosidl_generator_py.so[0m
[3.526s] [ 80%] Built target tier4_localization_msgs__rosidl_generator_py
[3.545s] [ 90%] [32mBuilding C object CMakeFiles/tier4_localization_msgs__rosidl_typesupport_fastrtps_c__pyext.dir/rosidl_generator_py/tier4_localization_msgs/_tier4_localization_msgs_s.ep.rosidl_typesupport_fastrtps_c.c.o[0m
[3.545s] [ 90%] [32mBuilding C object CMakeFiles/tier4_localization_msgs__rosidl_typesupport_c__pyext.dir/rosidl_generator_py/tier4_localization_msgs/_tier4_localization_msgs_s.ep.rosidl_typesupport_c.c.o[0m
[3.545s] [ 90%] [32mBuilding C object CMakeFiles/tier4_localization_msgs__rosidl_typesupport_introspection_c__pyext.dir/rosidl_generator_py/tier4_localization_msgs/_tier4_localization_msgs_s.ep.rosidl_typesupport_introspection_c.c.o[0m
[3.686s] [100%] [32m[1mLinking C shared library rosidl_generator_py/tier4_localization_msgs/tier4_localization_msgs_s__rosidl_typesupport_c.cpython-310-x86_64-linux-gnu.so[0m
[3.686s] [100%] [32m[1mLinking C shared library rosidl_generator_py/tier4_localization_msgs/tier4_localization_msgs_s__rosidl_typesupport_fastrtps_c.cpython-310-x86_64-linux-gnu.so[0m
[3.686s] [100%] [32m[1mLinking C shared library rosidl_generator_py/tier4_localization_msgs/tier4_localization_msgs_s__rosidl_typesupport_introspection_c.cpython-310-x86_64-linux-gnu.so[0m
[3.726s] [100%] Built target tier4_localization_msgs__rosidl_typesupport_introspection_c__pyext
[3.726s] [100%] Built target tier4_localization_msgs__rosidl_typesupport_c__pyext
[3.726s] [100%] Built target tier4_localization_msgs__rosidl_typesupport_fastrtps_c__pyext
[3.736s] Invoked command in '/home/zyme/ros_ws/Autoware_sim_test/build/tier4_localization_msgs' returned '0': CMAKE_PREFIX_PATH=/opt/ros/humble /usr/bin/cmake --build /home/zyme/ros_ws/Autoware_sim_test/build/tier4_localization_msgs -- -j12 -l12
[3.794s] Invoking command in '/home/zyme/ros_ws/Autoware_sim_test/build/tier4_localization_msgs': CMAKE_PREFIX_PATH=/opt/ros/humble /usr/bin/cmake --install /home/zyme/ros_ws/Autoware_sim_test/build/tier4_localization_msgs
[3.800s] -- Install configuration: "Release"
[3.801s] -- Execute custom install script
[3.801s] -- Symlinking: /home/zyme/ros_ws/Autoware_sim_test/install/tier4_localization_msgs/share/ament_index/resource_index/rosidl_interfaces/tier4_localization_msgs
[3.810s] -- Symlinking: /home/zyme/ros_ws/Autoware_sim_test/install/tier4_localization_msgs/include/tier4_localization_msgs/tier4_localization_msgs/msg/rosidl_generator_c__visibility_control.h
[3.817s] -- Symlinking: /home/zyme/ros_ws/Autoware_sim_test/install/tier4_localization_msgs/include/tier4_localization_msgs/tier4_localization_msgs/srv/detail/pose_with_covariance_stamped__functions.h
[3.825s] -- Symlinking: /home/zyme/ros_ws/Autoware_sim_test/install/tier4_localization_msgs/include/tier4_localization_msgs/tier4_localization_msgs/srv/detail/pose_with_covariance_stamped__struct.h
[3.833s] -- Symlinking: /home/zyme/ros_ws/Autoware_sim_test/install/tier4_localization_msgs/include/tier4_localization_msgs/tier4_localization_msgs/srv/detail/pose_with_covariance_stamped__type_support.h
[3.840s] -- Symlinking: /home/zyme/ros_ws/Autoware_sim_test/install/tier4_localization_msgs/include/tier4_localization_msgs/tier4_localization_msgs/srv/pose_with_covariance_stamped.h
[3.849s] -- Symlinking: /home/zyme/ros_ws/Autoware_sim_test/install/tier4_localization_msgs/share/tier4_localization_msgs/environment/library_path.sh
[3.856s] -- Symlinking: /home/zyme/ros_ws/Autoware_sim_test/install/tier4_localization_msgs/share/tier4_localization_msgs/environment/library_path.dsv
[3.864s] -- Symlinking: /home/zyme/ros_ws/Autoware_sim_test/install/tier4_localization_msgs/include/tier4_localization_msgs/tier4_localization_msgs/msg/rosidl_typesupport_fastrtps_c__visibility_control.h
[3.872s] -- Symlinking: /home/zyme/ros_ws/Autoware_sim_test/install/tier4_localization_msgs/include/tier4_localization_msgs/tier4_localization_msgs/srv/detail/pose_with_covariance_stamped__rosidl_typesupport_fastrtps_c.h
[3.880s] -- Symlinking: /home/zyme/ros_ws/Autoware_sim_test/install/tier4_localization_msgs/include/tier4_localization_msgs/tier4_localization_msgs/msg/rosidl_typesupport_introspection_c__visibility_control.h
[3.888s] -- Symlinking: /home/zyme/ros_ws/Autoware_sim_test/install/tier4_localization_msgs/include/tier4_localization_msgs/tier4_localization_msgs/srv/detail/pose_with_covariance_stamped__rosidl_typesupport_introspection_c.h
[3.896s] -- Symlinking: /home/zyme/ros_ws/Autoware_sim_test/install/tier4_localization_msgs/include/tier4_localization_msgs/tier4_localization_msgs/srv/detail/pose_with_covariance_stamped__builder.hpp
[3.905s] -- Symlinking: /home/zyme/ros_ws/Autoware_sim_test/install/tier4_localization_msgs/include/tier4_localization_msgs/tier4_localization_msgs/srv/detail/pose_with_covariance_stamped__struct.hpp
[3.913s] -- Symlinking: /home/zyme/ros_ws/Autoware_sim_test/install/tier4_localization_msgs/include/tier4_localization_msgs/tier4_localization_msgs/srv/detail/pose_with_covariance_stamped__traits.hpp
[3.921s] -- Symlinking: /home/zyme/ros_ws/Autoware_sim_test/install/tier4_localization_msgs/include/tier4_localization_msgs/tier4_localization_msgs/srv/pose_with_covariance_stamped.hpp
[3.929s] -- Symlinking: /home/zyme/ros_ws/Autoware_sim_test/install/tier4_localization_msgs/include/tier4_localization_msgs/tier4_localization_msgs/msg/rosidl_typesupport_fastrtps_cpp__visibility_control.h
[3.937s] -- Symlinking: /home/zyme/ros_ws/Autoware_sim_test/install/tier4_localization_msgs/include/tier4_localization_msgs/tier4_localization_msgs/srv/detail/pose_with_covariance_stamped__rosidl_typesupport_fastrtps_cpp.hpp
[3.945s] -- Symlinking: /home/zyme/ros_ws/Autoware_sim_test/install/tier4_localization_msgs/include/tier4_localization_msgs/tier4_localization_msgs/srv/detail/pose_with_covariance_stamped__rosidl_typesupport_introspection_cpp.hpp
[3.952s] -- Symlinking: /home/zyme/ros_ws/Autoware_sim_test/install/tier4_localization_msgs/share/tier4_localization_msgs/environment/pythonpath.sh
[3.960s] -- Symlinking: /home/zyme/ros_ws/Autoware_sim_test/install/tier4_localization_msgs/share/tier4_localization_msgs/environment/pythonpath.dsv
[3.968s] -- Symlinking: /home/zyme/ros_ws/Autoware_sim_test/install/tier4_localization_msgs/local/lib/python3.10/dist-packages/tier4_localization_msgs-0.1.0-py3.10.egg-info/PKG-INFO
[3.976s] -- Symlinking: /home/zyme/ros_ws/Autoware_sim_test/install/tier4_localization_msgs/local/lib/python3.10/dist-packages/tier4_localization_msgs-0.1.0-py3.10.egg-info/SOURCES.txt
[3.984s] -- Symlinking: /home/zyme/ros_ws/Autoware_sim_test/install/tier4_localization_msgs/local/lib/python3.10/dist-packages/tier4_localization_msgs-0.1.0-py3.10.egg-info/dependency_links.txt
[3.992s] -- Symlinking: /home/zyme/ros_ws/Autoware_sim_test/install/tier4_localization_msgs/local/lib/python3.10/dist-packages/tier4_localization_msgs-0.1.0-py3.10.egg-info/top_level.txt
[4.000s] -- Symlinking: /home/zyme/ros_ws/Autoware_sim_test/install/tier4_localization_msgs/local/lib/python3.10/dist-packages/tier4_localization_msgs/__init__.py
[4.008s] -- Symlinking: /home/zyme/ros_ws/Autoware_sim_test/install/tier4_localization_msgs/local/lib/python3.10/dist-packages/tier4_localization_msgs/_tier4_localization_msgs_s.ep.rosidl_typesupport_c.c
[4.016s] -- Symlinking: /home/zyme/ros_ws/Autoware_sim_test/install/tier4_localization_msgs/local/lib/python3.10/dist-packages/tier4_localization_msgs/_tier4_localization_msgs_s.ep.rosidl_typesupport_fastrtps_c.c
[4.024s] -- Symlinking: /home/zyme/ros_ws/Autoware_sim_test/install/tier4_localization_msgs/local/lib/python3.10/dist-packages/tier4_localization_msgs/_tier4_localization_msgs_s.ep.rosidl_typesupport_introspection_c.c
[4.032s] -- Symlinking: /home/zyme/ros_ws/Autoware_sim_test/install/tier4_localization_msgs/local/lib/python3.10/dist-packages/tier4_localization_msgs/libtier4_localization_msgs__rosidl_generator_py.so
[4.040s] -- Symlinking: /home/zyme/ros_ws/Autoware_sim_test/install/tier4_localization_msgs/local/lib/python3.10/dist-packages/tier4_localization_msgs/srv/__init__.py
[4.047s] -- Symlinking: /home/zyme/ros_ws/Autoware_sim_test/install/tier4_localization_msgs/local/lib/python3.10/dist-packages/tier4_localization_msgs/srv/_pose_with_covariance_stamped.py
[4.055s] -- Symlinking: /home/zyme/ros_ws/Autoware_sim_test/install/tier4_localization_msgs/local/lib/python3.10/dist-packages/tier4_localization_msgs/srv/_pose_with_covariance_stamped_s.c
[4.063s] -- Symlinking: /home/zyme/ros_ws/Autoware_sim_test/install/tier4_localization_msgs/local/lib/python3.10/dist-packages/tier4_localization_msgs/tier4_localization_msgs_s__rosidl_typesupport_c.cpython-310-x86_64-linux-gnu.so
[4.070s] -- Symlinking: /home/zyme/ros_ws/Autoware_sim_test/install/tier4_localization_msgs/local/lib/python3.10/dist-packages/tier4_localization_msgs/tier4_localization_msgs_s__rosidl_typesupport_fastrtps_c.cpython-310-x86_64-linux-gnu.so
[4.078s] -- Symlinking: /home/zyme/ros_ws/Autoware_sim_test/install/tier4_localization_msgs/local/lib/python3.10/dist-packages/tier4_localization_msgs/tier4_localization_msgs_s__rosidl_typesupport_introspection_c.cpython-310-x86_64-linux-gnu.so
[4.086s] -- Up-to-date symlink: /home/zyme/ros_ws/Autoware_sim_test/install/tier4_localization_msgs/local/lib/python3.10/dist-packages/tier4_localization_msgs/tier4_localization_msgs_s__rosidl_typesupport_fastrtps_c.cpython-310-x86_64-linux-gnu.so
[4.086s] -- Up-to-date symlink: /home/zyme/ros_ws/Autoware_sim_test/install/tier4_localization_msgs/local/lib/python3.10/dist-packages/tier4_localization_msgs/tier4_localization_msgs_s__rosidl_typesupport_introspection_c.cpython-310-x86_64-linux-gnu.so
[4.086s] -- Up-to-date symlink: /home/zyme/ros_ws/Autoware_sim_test/install/tier4_localization_msgs/local/lib/python3.10/dist-packages/tier4_localization_msgs/tier4_localization_msgs_s__rosidl_typesupport_c.cpython-310-x86_64-linux-gnu.so
[4.086s] -- Symlinking: /home/zyme/ros_ws/Autoware_sim_test/install/tier4_localization_msgs/share/tier4_localization_msgs/srv/PoseWithCovarianceStamped.idl
[4.094s] -- Symlinking: /home/zyme/ros_ws/Autoware_sim_test/install/tier4_localization_msgs/share/tier4_localization_msgs/srv/PoseWithCovarianceStamped.srv
[4.102s] -- Symlinking: /home/zyme/ros_ws/Autoware_sim_test/install/tier4_localization_msgs/share/tier4_localization_msgs/srv/PoseWithCovarianceStamped_Request.msg
[4.110s] -- Symlinking: /home/zyme/ros_ws/Autoware_sim_test/install/tier4_localization_msgs/share/tier4_localization_msgs/srv/PoseWithCovarianceStamped_Response.msg
[4.117s] -- Symlinking: /home/zyme/ros_ws/Autoware_sim_test/install/tier4_localization_msgs/share/ament_index/resource_index/package_run_dependencies/tier4_localization_msgs
[4.126s] -- Symlinking: /home/zyme/ros_ws/Autoware_sim_test/install/tier4_localization_msgs/share/ament_index/resource_index/parent_prefix_path/tier4_localization_msgs
[4.133s] -- Symlinking: /home/zyme/ros_ws/Autoware_sim_test/install/tier4_localization_msgs/share/tier4_localization_msgs/environment/ament_prefix_path.sh
[4.141s] -- Symlinking: /home/zyme/ros_ws/Autoware_sim_test/install/tier4_localization_msgs/share/tier4_localization_msgs/environment/ament_prefix_path.dsv
[4.149s] -- Symlinking: /home/zyme/ros_ws/Autoware_sim_test/install/tier4_localization_msgs/share/tier4_localization_msgs/environment/path.sh
[4.157s] -- Symlinking: /home/zyme/ros_ws/Autoware_sim_test/install/tier4_localization_msgs/share/tier4_localization_msgs/environment/path.dsv
[4.165s] -- Symlinking: /home/zyme/ros_ws/Autoware_sim_test/install/tier4_localization_msgs/share/tier4_localization_msgs/local_setup.bash
[4.172s] -- Symlinking: /home/zyme/ros_ws/Autoware_sim_test/install/tier4_localization_msgs/share/tier4_localization_msgs/local_setup.sh
[4.181s] -- Symlinking: /home/zyme/ros_ws/Autoware_sim_test/install/tier4_localization_msgs/share/tier4_localization_msgs/local_setup.zsh
[4.189s] -- Symlinking: /home/zyme/ros_ws/Autoware_sim_test/install/tier4_localization_msgs/share/tier4_localization_msgs/local_setup.dsv
[4.197s] -- Symlinking: /home/zyme/ros_ws/Autoware_sim_test/install/tier4_localization_msgs/share/tier4_localization_msgs/package.dsv
[4.205s] -- Symlinking: /home/zyme/ros_ws/Autoware_sim_test/install/tier4_localization_msgs/share/ament_index/resource_index/packages/tier4_localization_msgs
[4.213s] -- Symlinking: /home/zyme/ros_ws/Autoware_sim_test/install/tier4_localization_msgs/share/tier4_localization_msgs/cmake/rosidl_cmake-extras.cmake
[4.220s] -- Symlinking: /home/zyme/ros_ws/Autoware_sim_test/install/tier4_localization_msgs/share/tier4_localization_msgs/cmake/ament_cmake_export_dependencies-extras.cmake
[4.228s] -- Symlinking: /home/zyme/ros_ws/Autoware_sim_test/install/tier4_localization_msgs/share/tier4_localization_msgs/cmake/ament_cmake_export_include_directories-extras.cmake
[4.236s] -- Symlinking: /home/zyme/ros_ws/Autoware_sim_test/install/tier4_localization_msgs/share/tier4_localization_msgs/cmake/ament_cmake_export_libraries-extras.cmake
[4.245s] -- Symlinking: /home/zyme/ros_ws/Autoware_sim_test/install/tier4_localization_msgs/share/tier4_localization_msgs/cmake/ament_cmake_export_targets-extras.cmake
[4.252s] -- Symlinking: /home/zyme/ros_ws/Autoware_sim_test/install/tier4_localization_msgs/share/tier4_localization_msgs/cmake/rosidl_cmake_export_typesupport_targets-extras.cmake
[4.260s] -- Symlinking: /home/zyme/ros_ws/Autoware_sim_test/install/tier4_localization_msgs/share/tier4_localization_msgs/cmake/rosidl_cmake_export_typesupport_libraries-extras.cmake
[4.268s] -- Symlinking: /home/zyme/ros_ws/Autoware_sim_test/install/tier4_localization_msgs/share/tier4_localization_msgs/cmake/tier4_localization_msgsConfig.cmake
[4.276s] -- Symlinking: /home/zyme/ros_ws/Autoware_sim_test/install/tier4_localization_msgs/share/tier4_localization_msgs/cmake/tier4_localization_msgsConfig-version.cmake
[4.284s] -- Symlinking: /home/zyme/ros_ws/Autoware_sim_test/install/tier4_localization_msgs/share/tier4_localization_msgs/package.xml
[4.292s] -- Installing: /home/zyme/ros_ws/Autoware_sim_test/install/tier4_localization_msgs/lib/libtier4_localization_msgs__rosidl_generator_c.so
[4.293s] -- Set runtime path of "/home/zyme/ros_ws/Autoware_sim_test/install/tier4_localization_msgs/lib/libtier4_localization_msgs__rosidl_generator_c.so" to ""
[4.293s] -- Installing: /home/zyme/ros_ws/Autoware_sim_test/install/tier4_localization_msgs/lib/libtier4_localization_msgs__rosidl_typesupport_fastrtps_c.so
[4.293s] -- Set runtime path of "/home/zyme/ros_ws/Autoware_sim_test/install/tier4_localization_msgs/lib/libtier4_localization_msgs__rosidl_typesupport_fastrtps_c.so" to ""
[4.293s] -- Installing: /home/zyme/ros_ws/Autoware_sim_test/install/tier4_localization_msgs/lib/libtier4_localization_msgs__rosidl_typesupport_introspection_c.so
[4.294s] -- Set runtime path of "/home/zyme/ros_ws/Autoware_sim_test/install/tier4_localization_msgs/lib/libtier4_localization_msgs__rosidl_typesupport_introspection_c.so" to ""
[4.294s] -- Installing: /home/zyme/ros_ws/Autoware_sim_test/install/tier4_localization_msgs/lib/libtier4_localization_msgs__rosidl_typesupport_c.so
[4.294s] -- Set runtime path of "/home/zyme/ros_ws/Autoware_sim_test/install/tier4_localization_msgs/lib/libtier4_localization_msgs__rosidl_typesupport_c.so" to ""
[4.294s] -- Installing: /home/zyme/ros_ws/Autoware_sim_test/install/tier4_localization_msgs/lib/libtier4_localization_msgs__rosidl_typesupport_fastrtps_cpp.so
[4.295s] -- Set runtime path of "/home/zyme/ros_ws/Autoware_sim_test/install/tier4_localization_msgs/lib/libtier4_localization_msgs__rosidl_typesupport_fastrtps_cpp.so" to ""
[4.295s] -- Installing: /home/zyme/ros_ws/Autoware_sim_test/install/tier4_localization_msgs/lib/libtier4_localization_msgs__rosidl_typesupport_introspection_cpp.so
[4.295s] -- Set runtime path of "/home/zyme/ros_ws/Autoware_sim_test/install/tier4_localization_msgs/lib/libtier4_localization_msgs__rosidl_typesupport_introspection_cpp.so" to ""
[4.295s] -- Installing: /home/zyme/ros_ws/Autoware_sim_test/install/tier4_localization_msgs/lib/libtier4_localization_msgs__rosidl_typesupport_cpp.so
[4.295s] -- Set runtime path of "/home/zyme/ros_ws/Autoware_sim_test/install/tier4_localization_msgs/lib/libtier4_localization_msgs__rosidl_typesupport_cpp.so" to ""
[4.327s] Listing '/home/zyme/ros_ws/Autoware_sim_test/install/tier4_localization_msgs/local/lib/python3.10/dist-packages/tier4_localization_msgs'...
[4.327s] Compiling '/home/zyme/ros_ws/Autoware_sim_test/install/tier4_localization_msgs/local/lib/python3.10/dist-packages/tier4_localization_msgs/__init__.py'...
[4.327s] Listing '/home/zyme/ros_ws/Autoware_sim_test/install/tier4_localization_msgs/local/lib/python3.10/dist-packages/tier4_localization_msgs/srv'...
[4.327s] Compiling '/home/zyme/ros_ws/Autoware_sim_test/install/tier4_localization_msgs/local/lib/python3.10/dist-packages/tier4_localization_msgs/srv/__init__.py'...
[4.327s] Compiling '/home/zyme/ros_ws/Autoware_sim_test/install/tier4_localization_msgs/local/lib/python3.10/dist-packages/tier4_localization_msgs/srv/_pose_with_covariance_stamped.py'...
[4.331s] -- Installing: /home/zyme/ros_ws/Autoware_sim_test/install/tier4_localization_msgs/lib/libtier4_localization_msgs__rosidl_generator_py.so
[4.331s] -- Set runtime path of "/home/zyme/ros_ws/Autoware_sim_test/install/tier4_localization_msgs/lib/libtier4_localization_msgs__rosidl_generator_py.so" to ""
[4.331s] -- Installing: /home/zyme/ros_ws/Autoware_sim_test/install/tier4_localization_msgs/share/tier4_localization_msgs/cmake/export_tier4_localization_msgs__rosidl_generator_cExport.cmake
[4.331s] -- Installing: /home/zyme/ros_ws/Autoware_sim_test/install/tier4_localization_msgs/share/tier4_localization_msgs/cmake/export_tier4_localization_msgs__rosidl_generator_cExport-release.cmake
[4.332s] -- Installing: /home/zyme/ros_ws/Autoware_sim_test/install/tier4_localization_msgs/share/tier4_localization_msgs/cmake/export_tier4_localization_msgs__rosidl_typesupport_fastrtps_cExport.cmake
[4.332s] -- Installing: /home/zyme/ros_ws/Autoware_sim_test/install/tier4_localization_msgs/share/tier4_localization_msgs/cmake/export_tier4_localization_msgs__rosidl_typesupport_fastrtps_cExport-release.cmake
[4.332s] -- Installing: /home/zyme/ros_ws/Autoware_sim_test/install/tier4_localization_msgs/share/tier4_localization_msgs/cmake/tier4_localization_msgs__rosidl_typesupport_introspection_cExport.cmake
[4.332s] -- Installing: /home/zyme/ros_ws/Autoware_sim_test/install/tier4_localization_msgs/share/tier4_localization_msgs/cmake/tier4_localization_msgs__rosidl_typesupport_introspection_cExport-release.cmake
[4.332s] -- Installing: /home/zyme/ros_ws/Autoware_sim_test/install/tier4_localization_msgs/share/tier4_localization_msgs/cmake/tier4_localization_msgs__rosidl_typesupport_cExport.cmake
[4.332s] -- Installing: /home/zyme/ros_ws/Autoware_sim_test/install/tier4_localization_msgs/share/tier4_localization_msgs/cmake/tier4_localization_msgs__rosidl_typesupport_cExport-release.cmake
[4.332s] -- Installing: /home/zyme/ros_ws/Autoware_sim_test/install/tier4_localization_msgs/share/tier4_localization_msgs/cmake/export_tier4_localization_msgs__rosidl_generator_cppExport.cmake
[4.332s] -- Installing: /home/zyme/ros_ws/Autoware_sim_test/install/tier4_localization_msgs/share/tier4_localization_msgs/cmake/export_tier4_localization_msgs__rosidl_typesupport_fastrtps_cppExport.cmake
[4.333s] -- Installing: /home/zyme/ros_ws/Autoware_sim_test/install/tier4_localization_msgs/share/tier4_localization_msgs/cmake/export_tier4_localization_msgs__rosidl_typesupport_fastrtps_cppExport-release.cmake
[4.333s] -- Installing: /home/zyme/ros_ws/Autoware_sim_test/install/tier4_localization_msgs/share/tier4_localization_msgs/cmake/tier4_localization_msgs__rosidl_typesupport_introspection_cppExport.cmake
[4.333s] -- Installing: /home/zyme/ros_ws/Autoware_sim_test/install/tier4_localization_msgs/share/tier4_localization_msgs/cmake/tier4_localization_msgs__rosidl_typesupport_introspection_cppExport-release.cmake
[4.333s] -- Installing: /home/zyme/ros_ws/Autoware_sim_test/install/tier4_localization_msgs/share/tier4_localization_msgs/cmake/tier4_localization_msgs__rosidl_typesupport_cppExport.cmake
[4.333s] -- Installing: /home/zyme/ros_ws/Autoware_sim_test/install/tier4_localization_msgs/share/tier4_localization_msgs/cmake/tier4_localization_msgs__rosidl_typesupport_cppExport-release.cmake
[4.333s] -- Installing: /home/zyme/ros_ws/Autoware_sim_test/install/tier4_localization_msgs/share/tier4_localization_msgs/cmake/export_tier4_localization_msgs__rosidl_generator_pyExport.cmake
[4.333s] -- Installing: /home/zyme/ros_ws/Autoware_sim_test/install/tier4_localization_msgs/share/tier4_localization_msgs/cmake/export_tier4_localization_msgs__rosidl_generator_pyExport-release.cmake
[4.336s] Invoked command in '/home/zyme/ros_ws/Autoware_sim_test/build/tier4_localization_msgs' returned '0': CMAKE_PREFIX_PATH=/opt/ros/humble /usr/bin/cmake --install /home/zyme/ros_ws/Autoware_sim_test/build/tier4_localization_msgs
