[0.060s] Invoking command in '/home/zyme/ros_ws/Autoware_sim_test/build/autoware_auto_common': AMENT_PREFIX_PATH=/home/zyme/ros_ws/Autoware_sim_test/install/autoware_cmake:/home/zyme/ros_ws/Autoware_sim_test/install/autoware_lint_common:${AMENT_PREFIX_PATH} CMAKE_PREFIX_PATH=/home/zyme/ros_ws/Autoware_sim_test/install/autoware_cmake:/home/zyme/ros_ws/Autoware_sim_test/install/autoware_lint_common:/opt/ros/humble /usr/bin/cmake /home/zyme/ros_ws/Autoware_sim_test/src/autoware/src/universe/autoware.universe/common/autoware_auto_common -DCMAKE_BUILD_TYPE=Release -DCMAKE_CXX_FLAGS=-w -DAMENT_CMAKE_SYMLINK_INSTALL=1 -DCMAKE_INSTALL_PREFIX=/home/zyme/ros_ws/Autoware_sim_test/install/autoware_auto_common
[0.108s] -- The C compiler identification is GNU 11.4.0
[0.158s] -- The CXX compiler identification is GNU 11.4.0
[0.164s] -- Detecting C compiler ABI info
[0.228s] -- Detecting C compiler ABI info - done
[0.235s] -- Check for working C compiler: /usr/bin/cc - skipped
[0.235s] -- Detecting C compile features
[0.235s] -- Detecting C compile features - done
[0.238s] -- Detecting CXX compiler ABI info
[0.310s] -- Detecting CXX compiler ABI info - done
[0.318s] -- Check for working CXX compiler: /usr/bin/c++ - skipped
[0.318s] -- Detecting CXX compile features
[0.318s] -- Detecting CXX compile features - done
[0.319s] -- Found autoware_cmake: 0.1.0 (/home/zyme/ros_ws/Autoware_sim_test/install/autoware_cmake/share/autoware_cmake/cmake)
[0.456s] -- Found Python3: /usr/bin/python3 (found version "3.10.12") found components: Interpreter 
[0.509s] -- Override CMake install command with custom implementation using symlinks instead of copying resources
[0.622s] -- Found rosidl_generator_c: 3.1.5 (/opt/ros/humble/share/rosidl_generator_c/cmake)
[0.627s] -- Found rosidl_adapter: 3.1.5 (/opt/ros/humble/share/rosidl_adapter/cmake)
[0.635s] -- Found rosidl_generator_cpp: 3.1.5 (/opt/ros/humble/share/rosidl_generator_cpp/cmake)
[0.648s] -- Using all available rosidl_typesupport_c: rosidl_typesupport_fastrtps_c;rosidl_typesupport_introspection_c
[0.666s] -- Using all available rosidl_typesupport_cpp: rosidl_typesupport_fastrtps_cpp;rosidl_typesupport_introspection_cpp
[0.694s] -- Found ament_lint_auto: 0.12.10 (/opt/ros/humble/share/ament_lint_auto/cmake)
[0.811s] -- Found gtest sources under '/opt/ros/humble/src/gtest_vendor': C++ tests using 'Google Test' will be built
[0.813s] -- Looking for pthread.h
[0.880s] -- Looking for pthread.h - found
[0.881s] -- Performing Test CMAKE_HAVE_LIBC_PTHREAD
[0.946s] -- Performing Test CMAKE_HAVE_LIBC_PTHREAD - Success
[0.947s] -- Found Threads: TRUE  
[0.953s] -- Added test 'copyright' to check source files copyright and LICENSE
[0.956s] -- Added test 'cppcheck' to perform static code analysis on C / C++ code
[0.956s] -- Configured cppcheck include dirs: /home/zyme/ros_ws/Autoware_sim_test/src/autoware/src/universe/autoware.universe/common/autoware_auto_common/include
[0.956s] -- Configured cppcheck exclude dirs and/or files: 
[0.957s] -- Added test 'lint_cmake' to check CMake code style
[0.957s] -- Added test 'xmllint' to check XML markup files
[0.960s] -- Configuring done
[0.970s] -- Generating done
[0.971s] -- Build files have been written to: /home/zyme/ros_ws/Autoware_sim_test/build/autoware_auto_common
[0.979s] Invoked command in '/home/zyme/ros_ws/Autoware_sim_test/build/autoware_auto_common' returned '0': AMENT_PREFIX_PATH=/home/zyme/ros_ws/Autoware_sim_test/install/autoware_cmake:/home/zyme/ros_ws/Autoware_sim_test/install/autoware_lint_common:${AMENT_PREFIX_PATH} CMAKE_PREFIX_PATH=/home/zyme/ros_ws/Autoware_sim_test/install/autoware_cmake:/home/zyme/ros_ws/Autoware_sim_test/install/autoware_lint_common:/opt/ros/humble /usr/bin/cmake /home/zyme/ros_ws/Autoware_sim_test/src/autoware/src/universe/autoware.universe/common/autoware_auto_common -DCMAKE_BUILD_TYPE=Release -DCMAKE_CXX_FLAGS=-w -DAMENT_CMAKE_SYMLINK_INSTALL=1 -DCMAKE_INSTALL_PREFIX=/home/zyme/ros_ws/Autoware_sim_test/install/autoware_auto_common
[0.980s] Invoking command in '/home/zyme/ros_ws/Autoware_sim_test/build/autoware_auto_common': AMENT_PREFIX_PATH=/home/zyme/ros_ws/Autoware_sim_test/install/autoware_cmake:/home/zyme/ros_ws/Autoware_sim_test/install/autoware_lint_common:${AMENT_PREFIX_PATH} CMAKE_PREFIX_PATH=/home/zyme/ros_ws/Autoware_sim_test/install/autoware_cmake:/home/zyme/ros_ws/Autoware_sim_test/install/autoware_lint_common:/opt/ros/humble /usr/bin/cmake --build /home/zyme/ros_ws/Autoware_sim_test/build/autoware_auto_common -- -j12 -l12
[1.022s] [ 13%] [32mBuilding CXX object gtest/CMakeFiles/gtest.dir/src/gtest-all.cc.o[0m
[1.023s] [ 13%] [32mBuilding CXX object gtest/CMakeFiles/gtest_main.dir/src/gtest_main.cc.o[0m
[1.901s] [ 20%] [32m[1mLinking CXX static library libgtest_main.a[0m
[1.931s] [ 20%] Built target gtest_main
[7.524s] [ 26%] [32m[1mLinking CXX static library libgtest.a[0m
[7.557s] [ 26%] Built target gtest
[7.583s] [ 33%] [32mBuilding CXX object CMakeFiles/test_common_gtest.dir/test/test_bool_comparisons.cpp.o[0m
[7.583s] [ 40%] [32mBuilding CXX object CMakeFiles/test_common_gtest.dir/test/test_template_utils.cpp.o[0m
[7.583s] [ 46%] [32mBuilding CXX object CMakeFiles/test_common_gtest.dir/test/gtest_main.cpp.o[0m
[7.584s] [ 60%] [32mBuilding CXX object CMakeFiles/test_common_gtest.dir/test/test_float_comparisons.cpp.o[0m
[7.584s] [ 60%] [32mBuilding CXX object CMakeFiles/test_common_gtest.dir/test/test_byte_reader.cpp.o[0m
[7.584s] [ 66%] [32mBuilding CXX object CMakeFiles/test_common_gtest.dir/test/test_mahalanobis_distance.cpp.o[0m
[7.585s] [ 73%] [32mBuilding CXX object CMakeFiles/test_common_gtest.dir/test/test_message_field_adapters.cpp.o[0m
[7.585s] [ 80%] [32mBuilding CXX object CMakeFiles/test_common_gtest.dir/test/test_angle_utils.cpp.o[0m
[7.586s] [ 86%] [32mBuilding CXX object CMakeFiles/test_common_gtest.dir/test/test_type_name.cpp.o[0m
[7.586s] [ 93%] [32mBuilding CXX object CMakeFiles/test_common_gtest.dir/test/test_type_traits.cpp.o[0m
[11.976s] [100%] [32m[1mLinking CXX executable test_common_gtest[0m
[12.078s] [100%] Built target test_common_gtest
[12.089s] Invoked command in '/home/zyme/ros_ws/Autoware_sim_test/build/autoware_auto_common' returned '0': AMENT_PREFIX_PATH=/home/zyme/ros_ws/Autoware_sim_test/install/autoware_cmake:/home/zyme/ros_ws/Autoware_sim_test/install/autoware_lint_common:${AMENT_PREFIX_PATH} CMAKE_PREFIX_PATH=/home/zyme/ros_ws/Autoware_sim_test/install/autoware_cmake:/home/zyme/ros_ws/Autoware_sim_test/install/autoware_lint_common:/opt/ros/humble /usr/bin/cmake --build /home/zyme/ros_ws/Autoware_sim_test/build/autoware_auto_common -- -j12 -l12
[12.134s] Invoking command in '/home/zyme/ros_ws/Autoware_sim_test/build/autoware_auto_common': AMENT_PREFIX_PATH=/home/zyme/ros_ws/Autoware_sim_test/install/autoware_cmake:/home/zyme/ros_ws/Autoware_sim_test/install/autoware_lint_common:${AMENT_PREFIX_PATH} CMAKE_PREFIX_PATH=/home/zyme/ros_ws/Autoware_sim_test/install/autoware_cmake:/home/zyme/ros_ws/Autoware_sim_test/install/autoware_lint_common:/opt/ros/humble /usr/bin/cmake --install /home/zyme/ros_ws/Autoware_sim_test/build/autoware_auto_common
[12.140s] -- Install configuration: "Release"
[12.141s] -- Execute custom install script
[12.141s] -- Symlinking: /home/zyme/ros_ws/Autoware_sim_test/install/autoware_auto_common/include/common/type_traits.hpp
[12.150s] -- Symlinking: /home/zyme/ros_ws/Autoware_sim_test/install/autoware_auto_common/include/common/types.hpp
[12.159s] -- Symlinking: /home/zyme/ros_ws/Autoware_sim_test/install/autoware_auto_common/include/common/visibility_control.hpp
[12.168s] -- Symlinking: /home/zyme/ros_ws/Autoware_sim_test/install/autoware_auto_common/include/helper_functions/angle_utils.hpp
[12.178s] -- Symlinking: /home/zyme/ros_ws/Autoware_sim_test/install/autoware_auto_common/include/helper_functions/bool_comparisons.hpp
[12.188s] -- Symlinking: /home/zyme/ros_ws/Autoware_sim_test/install/autoware_auto_common/include/helper_functions/byte_reader.hpp
[12.198s] -- Symlinking: /home/zyme/ros_ws/Autoware_sim_test/install/autoware_auto_common/include/helper_functions/crtp.hpp
[12.207s] -- Symlinking: /home/zyme/ros_ws/Autoware_sim_test/install/autoware_auto_common/include/helper_functions/float_comparisons.hpp
[12.217s] -- Symlinking: /home/zyme/ros_ws/Autoware_sim_test/install/autoware_auto_common/include/helper_functions/mahalanobis_distance.hpp
[12.227s] -- Symlinking: /home/zyme/ros_ws/Autoware_sim_test/install/autoware_auto_common/include/helper_functions/message_adapters.hpp
[12.236s] -- Symlinking: /home/zyme/ros_ws/Autoware_sim_test/install/autoware_auto_common/include/helper_functions/template_utils.hpp
[12.246s] -- Symlinking: /home/zyme/ros_ws/Autoware_sim_test/install/autoware_auto_common/include/helper_functions/type_name.hpp
[12.256s] -- Symlinking: /home/zyme/ros_ws/Autoware_sim_test/install/autoware_auto_common/share/ament_index/resource_index/package_run_dependencies/autoware_auto_common
[12.265s] -- Symlinking: /home/zyme/ros_ws/Autoware_sim_test/install/autoware_auto_common/share/ament_index/resource_index/parent_prefix_path/autoware_auto_common
[12.275s] -- Symlinking: /home/zyme/ros_ws/Autoware_sim_test/install/autoware_auto_common/share/autoware_auto_common/environment/ament_prefix_path.sh
[12.285s] -- Symlinking: /home/zyme/ros_ws/Autoware_sim_test/install/autoware_auto_common/share/autoware_auto_common/environment/ament_prefix_path.dsv
[12.295s] -- Symlinking: /home/zyme/ros_ws/Autoware_sim_test/install/autoware_auto_common/share/autoware_auto_common/environment/path.sh
[12.305s] -- Symlinking: /home/zyme/ros_ws/Autoware_sim_test/install/autoware_auto_common/share/autoware_auto_common/environment/path.dsv
[12.314s] -- Symlinking: /home/zyme/ros_ws/Autoware_sim_test/install/autoware_auto_common/share/autoware_auto_common/local_setup.bash
[12.324s] -- Symlinking: /home/zyme/ros_ws/Autoware_sim_test/install/autoware_auto_common/share/autoware_auto_common/local_setup.sh
[12.334s] -- Symlinking: /home/zyme/ros_ws/Autoware_sim_test/install/autoware_auto_common/share/autoware_auto_common/local_setup.zsh
[12.343s] -- Symlinking: /home/zyme/ros_ws/Autoware_sim_test/install/autoware_auto_common/share/autoware_auto_common/local_setup.dsv
[12.353s] -- Symlinking: /home/zyme/ros_ws/Autoware_sim_test/install/autoware_auto_common/share/autoware_auto_common/package.dsv
[12.363s] -- Symlinking: /home/zyme/ros_ws/Autoware_sim_test/install/autoware_auto_common/share/ament_index/resource_index/packages/autoware_auto_common
[12.372s] -- Symlinking: /home/zyme/ros_ws/Autoware_sim_test/install/autoware_auto_common/share/autoware_auto_common/cmake/ament_cmake_export_dependencies-extras.cmake
[12.382s] -- Symlinking: /home/zyme/ros_ws/Autoware_sim_test/install/autoware_auto_common/share/autoware_auto_common/cmake/ament_cmake_export_include_directories-extras.cmake
[12.392s] -- Symlinking: /home/zyme/ros_ws/Autoware_sim_test/install/autoware_auto_common/share/autoware_auto_common/cmake/autoware_auto_commonConfig.cmake
[12.402s] -- Symlinking: /home/zyme/ros_ws/Autoware_sim_test/install/autoware_auto_common/share/autoware_auto_common/cmake/autoware_auto_commonConfig-version.cmake
[12.412s] -- Symlinking: /home/zyme/ros_ws/Autoware_sim_test/install/autoware_auto_common/share/autoware_auto_common/package.xml
[12.424s] Invoked command in '/home/zyme/ros_ws/Autoware_sim_test/build/autoware_auto_common' returned '0': AMENT_PREFIX_PATH=/home/zyme/ros_ws/Autoware_sim_test/install/autoware_cmake:/home/zyme/ros_ws/Autoware_sim_test/install/autoware_lint_common:${AMENT_PREFIX_PATH} CMAKE_PREFIX_PATH=/home/zyme/ros_ws/Autoware_sim_test/install/autoware_cmake:/home/zyme/ros_ws/Autoware_sim_test/install/autoware_lint_common:/opt/ros/humble /usr/bin/cmake --install /home/zyme/ros_ws/Autoware_sim_test/build/autoware_auto_common
