-- Found autoware_cmake: 0.1.0 (/home/zyme/ros_ws/Autoware_sim_test/install/autoware_cmake/share/autoware_cmake/cmake)
-- Override CMake install command with custom implementation using symlinks instead of copying resources
-- Found rosidl_generator_c: 3.1.5 (/opt/ros/humble/share/rosidl_generator_c/cmake)
-- Found rosidl_adapter: 3.1.5 (/opt/ros/humble/share/rosidl_adapter/cmake)
-- Found rosidl_generator_cpp: 3.1.5 (/opt/ros/humble/share/rosidl_generator_cpp/cmake)
-- Using all available rosidl_typesupport_c: rosidl_typesupport_fastrtps_c;rosidl_typesupport_introspection_c
-- Using all available rosidl_typesupport_cpp: rosidl_typesupport_fastrtps_cpp;rosidl_typesupport_introspection_cpp
-- Found rmw_implementation_cmake: 6.1.1 (/opt/ros/humble/share/rmw_implementation_cmake/cmake)
-- Found rmw_cyclonedds_cpp: 1.3.4 (/opt/ros/humble/share/rmw_cyclonedds_cpp/cmake)
-- Using RMW implementation 'rmw_cyclonedds_cpp' as default
-- Found eigen3_cmake_module: 0.1.1 (/opt/ros/humble/share/eigen3_cmake_module/cmake)
-- Ensuring Eigen3 include directory is part of orocos-kdl CMake target
-- Eigen found (include: /usr/include/eigen3, version: 3.4.0)
-- FLANN found (include: /usr/include, lib: /usr/lib/x86_64-linux-gnu/libflann_cpp.so)
-- OpenNI found (version: 1.5.4.0, include: /usr/include/ni, lib: /usr/lib/libOpenNI.so;libusb::libusb)
-- OpenNI2 found (version: 2.2.0.33, include: /usr/include/openni2, lib: /usr/lib/x86_64-linux-gnu/libOpenNI2.so;libusb::libusb)
-- Eigen found (include: /usr/include/eigen3, version: 3.4.0)
-- OpenNI found (version: 1.5.4.0, include: /usr/include/ni, lib: /usr/lib/libOpenNI.so;libusb::libusb)
-- OpenNI2 found (version: 2.2.0.33, include: /usr/include/openni2, lib: /usr/lib/x86_64-linux-gnu/libOpenNI2.so;libusb::libusb)
-- Found Qhull version 8.0.2
-- OpenNI found (version: 1.5.4.0, include: /usr/include/ni, lib: /usr/lib/libOpenNI.so;libusb::libusb)
-- Found ament_lint_auto: 0.12.10 (/opt/ros/humble/share/ament_lint_auto/cmake)
-- Found gtest sources under '/opt/ros/humble/src/gtest_vendor': C++ tests using 'Google Test' will be built
-- Added test 'copyright' to check source files copyright and LICENSE
-- Added test 'cppcheck' to perform static code analysis on C / C++ code
-- Configured cppcheck include dirs: /home/zyme/ros_ws/Autoware_sim_test/src/autoware/src/universe/autoware.universe/common/interpolation/include
-- Configured cppcheck exclude dirs and/or files: 
-- Added test 'lint_cmake' to check CMake code style
-- Added test 'xmllint' to check XML markup files
-- Configuring done
-- Generating done
-- Build files have been written to: /home/zyme/ros_ws/Autoware_sim_test/build/interpolation
[35m[1mConsolidate compiler generated dependencies of target gtest_main[0m
[35m[1mConsolidate compiler generated dependencies of target gtest[0m
[35m[1mConsolidate compiler generated dependencies of target interpolation[0m
[ 11%] Built target gtest_main
[ 23%] Built target gtest
[ 52%] Built target interpolation
[35m[1mConsolidate compiler generated dependencies of target test_interpolation[0m
[100%] Built target test_interpolation
-- Install configuration: "Release"
-- Execute custom install script
-- Up-to-date symlink: /home/zyme/ros_ws/Autoware_sim_test/install/interpolation/include/interpolation/interpolation_utils.hpp
-- Up-to-date symlink: /home/zyme/ros_ws/Autoware_sim_test/install/interpolation/include/interpolation/linear_interpolation.hpp
-- Up-to-date symlink: /home/zyme/ros_ws/Autoware_sim_test/install/interpolation/include/interpolation/spherical_linear_interpolation.hpp
-- Up-to-date symlink: /home/zyme/ros_ws/Autoware_sim_test/install/interpolation/include/interpolation/spline_interpolation.hpp
-- Up-to-date symlink: /home/zyme/ros_ws/Autoware_sim_test/install/interpolation/include/interpolation/spline_interpolation_points_2d.hpp
-- Up-to-date symlink: /home/zyme/ros_ws/Autoware_sim_test/install/interpolation/include/interpolation/zero_order_hold.hpp
-- Up-to-date symlink: /home/zyme/ros_ws/Autoware_sim_test/install/interpolation/share/interpolation/environment/library_path.sh
-- Up-to-date symlink: /home/zyme/ros_ws/Autoware_sim_test/install/interpolation/share/interpolation/environment/library_path.dsv
-- Up-to-date symlink: /home/zyme/ros_ws/Autoware_sim_test/install/interpolation/lib/libinterpolation.so
-- Up-to-date symlink: /home/zyme/ros_ws/Autoware_sim_test/install/interpolation/share/ament_index/resource_index/package_run_dependencies/interpolation
-- Up-to-date symlink: /home/zyme/ros_ws/Autoware_sim_test/install/interpolation/share/ament_index/resource_index/parent_prefix_path/interpolation
-- Up-to-date symlink: /home/zyme/ros_ws/Autoware_sim_test/install/interpolation/share/interpolation/environment/ament_prefix_path.sh
-- Up-to-date symlink: /home/zyme/ros_ws/Autoware_sim_test/install/interpolation/share/interpolation/environment/ament_prefix_path.dsv
-- Up-to-date symlink: /home/zyme/ros_ws/Autoware_sim_test/install/interpolation/share/interpolation/environment/path.sh
-- Up-to-date symlink: /home/zyme/ros_ws/Autoware_sim_test/install/interpolation/share/interpolation/environment/path.dsv
-- Up-to-date symlink: /home/zyme/ros_ws/Autoware_sim_test/install/interpolation/share/interpolation/local_setup.bash
-- Up-to-date symlink: /home/zyme/ros_ws/Autoware_sim_test/install/interpolation/share/interpolation/local_setup.sh
-- Up-to-date symlink: /home/zyme/ros_ws/Autoware_sim_test/install/interpolation/share/interpolation/local_setup.zsh
-- Up-to-date symlink: /home/zyme/ros_ws/Autoware_sim_test/install/interpolation/share/interpolation/local_setup.dsv
-- Symlinking: /home/zyme/ros_ws/Autoware_sim_test/install/interpolation/share/interpolation/package.dsv
-- Up-to-date symlink: /home/zyme/ros_ws/Autoware_sim_test/install/interpolation/share/ament_index/resource_index/packages/interpolation
-- Up-to-date symlink: /home/zyme/ros_ws/Autoware_sim_test/install/interpolation/share/interpolation/cmake/ament_cmake_export_dependencies-extras.cmake
-- Up-to-date symlink: /home/zyme/ros_ws/Autoware_sim_test/install/interpolation/share/interpolation/cmake/ament_cmake_export_include_directories-extras.cmake
-- Up-to-date symlink: /home/zyme/ros_ws/Autoware_sim_test/install/interpolation/share/interpolation/cmake/ament_cmake_export_libraries-extras.cmake
-- Up-to-date symlink: /home/zyme/ros_ws/Autoware_sim_test/install/interpolation/share/interpolation/cmake/interpolationConfig.cmake
-- Up-to-date symlink: /home/zyme/ros_ws/Autoware_sim_test/install/interpolation/share/interpolation/cmake/interpolationConfig-version.cmake
-- Up-to-date symlink: /home/zyme/ros_ws/Autoware_sim_test/install/interpolation/share/interpolation/package.xml
