[0.195s] Invoking command in '/home/zyme/ros_ws/Autoware_sim_test/build/qp_interface': AMENT_PREFIX_PATH=/home/zyme/ros_ws/Autoware_sim_test/install/autoware_cmake:/home/zyme/ros_ws/Autoware_sim_test/install/autoware_lint_common:${AMENT_PREFIX_PATH} CMAKE_PREFIX_PATH=/home/zyme/ros_ws/Autoware_sim_test/install/autoware_cmake:/home/zyme/ros_ws/Autoware_sim_test/install/autoware_lint_common:/opt/ros/humble /usr/bin/cmake --build /home/zyme/ros_ws/Autoware_sim_test/build/qp_interface
[0.433s] [ 15%] Built target gtest_main
[0.441s] [ 30%] Built target gtest
[0.480s] [ 69%] Built target qp_interface
[0.605s] [100%] Built target test_osqp_interface
[0.652s] Invoked command in '/home/zyme/ros_ws/Autoware_sim_test/build/qp_interface' returned '0': AMENT_PREFIX_PATH=/home/zyme/ros_ws/Autoware_sim_test/install/autoware_cmake:/home/zyme/ros_ws/Autoware_sim_test/install/autoware_lint_common:${AMENT_PREFIX_PATH} CMAKE_PREFIX_PATH=/home/zyme/ros_ws/Autoware_sim_test/install/autoware_cmake:/home/zyme/ros_ws/Autoware_sim_test/install/autoware_lint_common:/opt/ros/humble /usr/bin/cmake --build /home/zyme/ros_ws/Autoware_sim_test/build/qp_interface
[0.854s] Invoking command in '/home/zyme/ros_ws/Autoware_sim_test/build/qp_interface': AMENT_PREFIX_PATH=/home/zyme/ros_ws/Autoware_sim_test/install/autoware_cmake:/home/zyme/ros_ws/Autoware_sim_test/install/autoware_lint_common:${AMENT_PREFIX_PATH} CMAKE_PREFIX_PATH=/home/zyme/ros_ws/Autoware_sim_test/install/autoware_cmake:/home/zyme/ros_ws/Autoware_sim_test/install/autoware_lint_common:/opt/ros/humble /usr/bin/cmake --install /home/zyme/ros_ws/Autoware_sim_test/build/qp_interface
[0.883s] -- Install configuration: "Release"
[0.885s] -- Execute custom install script
[0.887s] -- Up-to-date symlink: /home/zyme/ros_ws/Autoware_sim_test/install/qp_interface/share/qp_interface/environment/library_path.sh
[0.887s] -- Up-to-date symlink: /home/zyme/ros_ws/Autoware_sim_test/install/qp_interface/share/qp_interface/environment/library_path.dsv
[0.889s] -- Up-to-date symlink: /home/zyme/ros_ws/Autoware_sim_test/install/qp_interface/include/qp_interface/osqp_csc_matrix_conv.hpp
[0.890s] -- Up-to-date symlink: /home/zyme/ros_ws/Autoware_sim_test/install/qp_interface/include/qp_interface/osqp_interface.hpp
[0.891s] -- Up-to-date symlink: /home/zyme/ros_ws/Autoware_sim_test/install/qp_interface/include/qp_interface/proxqp_interface.hpp
[0.891s] -- Up-to-date symlink: /home/zyme/ros_ws/Autoware_sim_test/install/qp_interface/include/qp_interface/qp_interface.hpp
[0.893s] -- Up-to-date symlink: /home/zyme/ros_ws/Autoware_sim_test/install/qp_interface/lib/libqp_interface.so
[0.895s] -- Up-to-date symlink: /home/zyme/ros_ws/Autoware_sim_test/install/qp_interface/share/ament_index/resource_index/package_run_dependencies/qp_interface
[0.896s] -- Up-to-date symlink: /home/zyme/ros_ws/Autoware_sim_test/install/qp_interface/share/ament_index/resource_index/parent_prefix_path/qp_interface
[0.897s] -- Up-to-date symlink: /home/zyme/ros_ws/Autoware_sim_test/install/qp_interface/share/qp_interface/environment/ament_prefix_path.sh
[0.898s] -- Up-to-date symlink: /home/zyme/ros_ws/Autoware_sim_test/install/qp_interface/share/qp_interface/environment/ament_prefix_path.dsv
[0.899s] -- Up-to-date symlink: /home/zyme/ros_ws/Autoware_sim_test/install/qp_interface/share/qp_interface/environment/path.sh
[0.900s] -- Up-to-date symlink: /home/zyme/ros_ws/Autoware_sim_test/install/qp_interface/share/qp_interface/environment/path.dsv
[0.901s] -- Up-to-date symlink: /home/zyme/ros_ws/Autoware_sim_test/install/qp_interface/share/qp_interface/local_setup.bash
[0.902s] -- Up-to-date symlink: /home/zyme/ros_ws/Autoware_sim_test/install/qp_interface/share/qp_interface/local_setup.sh
[0.903s] -- Up-to-date symlink: /home/zyme/ros_ws/Autoware_sim_test/install/qp_interface/share/qp_interface/local_setup.zsh
[0.904s] -- Up-to-date symlink: /home/zyme/ros_ws/Autoware_sim_test/install/qp_interface/share/qp_interface/local_setup.dsv
[0.905s] -- Symlinking: /home/zyme/ros_ws/Autoware_sim_test/install/qp_interface/share/qp_interface/package.dsv
[0.954s] -- Up-to-date symlink: /home/zyme/ros_ws/Autoware_sim_test/install/qp_interface/share/ament_index/resource_index/packages/qp_interface
[0.955s] -- Up-to-date symlink: /home/zyme/ros_ws/Autoware_sim_test/install/qp_interface/share/qp_interface/cmake/ament_cmake_export_include_directories-extras.cmake
[0.956s] -- Up-to-date symlink: /home/zyme/ros_ws/Autoware_sim_test/install/qp_interface/share/qp_interface/cmake/ament_cmake_export_libraries-extras.cmake
[0.957s] -- Up-to-date symlink: /home/zyme/ros_ws/Autoware_sim_test/install/qp_interface/share/qp_interface/cmake/ament_cmake_export_dependencies-extras.cmake
[0.958s] -- Up-to-date symlink: /home/zyme/ros_ws/Autoware_sim_test/install/qp_interface/share/qp_interface/cmake/qp_interfaceConfig.cmake
[0.959s] -- Up-to-date symlink: /home/zyme/ros_ws/Autoware_sim_test/install/qp_interface/share/qp_interface/cmake/qp_interfaceConfig-version.cmake
[0.960s] -- Up-to-date symlink: /home/zyme/ros_ws/Autoware_sim_test/install/qp_interface/share/qp_interface/package.xml
[0.971s] Invoked command in '/home/zyme/ros_ws/Autoware_sim_test/build/qp_interface' returned '0': AMENT_PREFIX_PATH=/home/zyme/ros_ws/Autoware_sim_test/install/autoware_cmake:/home/zyme/ros_ws/Autoware_sim_test/install/autoware_lint_common:${AMENT_PREFIX_PATH} CMAKE_PREFIX_PATH=/home/zyme/ros_ws/Autoware_sim_test/install/autoware_cmake:/home/zyme/ros_ws/Autoware_sim_test/install/autoware_lint_common:/opt/ros/humble /usr/bin/cmake --install /home/zyme/ros_ws/Autoware_sim_test/build/qp_interface
