[0.057s] Invoking command in '/home/zyme/ros_ws/Autoware_sim_test/build/osqp_interface': AMENT_PREFIX_PATH=/home/zyme/ros_ws/Autoware_sim_test/install/autoware_cmake:/home/zyme/ros_ws/Autoware_sim_test/install/autoware_lint_common:${AMENT_PREFIX_PATH} CMAKE_PREFIX_PATH=/home/zyme/ros_ws/Autoware_sim_test/install/autoware_cmake:/home/zyme/ros_ws/Autoware_sim_test/install/autoware_lint_common:/opt/ros/humble /usr/bin/cmake --build /home/zyme/ros_ws/Autoware_sim_test/build/osqp_interface -- -j12 -l12
[0.106s] [ 40%] Built target gtest
[0.106s] [ 40%] Built target gtest_main
[0.110s] [ 70%] Built target osqp_interface
[0.135s] [100%] Built target test_osqp_interface
[0.147s] Invoked command in '/home/zyme/ros_ws/Autoware_sim_test/build/osqp_interface' returned '0': AMENT_PREFIX_PATH=/home/zyme/ros_ws/Autoware_sim_test/install/autoware_cmake:/home/zyme/ros_ws/Autoware_sim_test/install/autoware_lint_common:${AMENT_PREFIX_PATH} CMAKE_PREFIX_PATH=/home/zyme/ros_ws/Autoware_sim_test/install/autoware_cmake:/home/zyme/ros_ws/Autoware_sim_test/install/autoware_lint_common:/opt/ros/humble /usr/bin/cmake --build /home/zyme/ros_ws/Autoware_sim_test/build/osqp_interface -- -j12 -l12
[0.179s] Invoking command in '/home/zyme/ros_ws/Autoware_sim_test/build/osqp_interface': AMENT_PREFIX_PATH=/home/zyme/ros_ws/Autoware_sim_test/install/autoware_cmake:/home/zyme/ros_ws/Autoware_sim_test/install/autoware_lint_common:${AMENT_PREFIX_PATH} CMAKE_PREFIX_PATH=/home/zyme/ros_ws/Autoware_sim_test/install/autoware_cmake:/home/zyme/ros_ws/Autoware_sim_test/install/autoware_lint_common:/opt/ros/humble /usr/bin/cmake --install /home/zyme/ros_ws/Autoware_sim_test/build/osqp_interface
[0.186s] -- Install configuration: "Release"
[0.186s] -- Execute custom install script
[0.186s] -- Up-to-date symlink: /home/zyme/ros_ws/Autoware_sim_test/install/osqp_interface/share/osqp_interface/environment/library_path.sh
[0.187s] -- Up-to-date symlink: /home/zyme/ros_ws/Autoware_sim_test/install/osqp_interface/share/osqp_interface/environment/library_path.dsv
[0.187s] -- Up-to-date symlink: /home/zyme/ros_ws/Autoware_sim_test/install/osqp_interface/include/osqp_interface/csc_matrix_conv.hpp
[0.187s] -- Up-to-date symlink: /home/zyme/ros_ws/Autoware_sim_test/install/osqp_interface/include/osqp_interface/osqp_interface.hpp
[0.187s] -- Up-to-date symlink: /home/zyme/ros_ws/Autoware_sim_test/install/osqp_interface/include/osqp_interface/visibility_control.hpp
[0.187s] -- Up-to-date symlink: /home/zyme/ros_ws/Autoware_sim_test/install/osqp_interface/lib/libosqp_interface.so
[0.188s] -- Up-to-date symlink: /home/zyme/ros_ws/Autoware_sim_test/install/osqp_interface/share/ament_index/resource_index/package_run_dependencies/osqp_interface
[0.188s] -- Up-to-date symlink: /home/zyme/ros_ws/Autoware_sim_test/install/osqp_interface/share/ament_index/resource_index/parent_prefix_path/osqp_interface
[0.188s] -- Up-to-date symlink: /home/zyme/ros_ws/Autoware_sim_test/install/osqp_interface/share/osqp_interface/environment/ament_prefix_path.sh
[0.188s] -- Up-to-date symlink: /home/zyme/ros_ws/Autoware_sim_test/install/osqp_interface/share/osqp_interface/environment/ament_prefix_path.dsv
[0.188s] -- Up-to-date symlink: /home/zyme/ros_ws/Autoware_sim_test/install/osqp_interface/share/osqp_interface/environment/path.sh
[0.188s] -- Up-to-date symlink: /home/zyme/ros_ws/Autoware_sim_test/install/osqp_interface/share/osqp_interface/environment/path.dsv
[0.188s] -- Up-to-date symlink: /home/zyme/ros_ws/Autoware_sim_test/install/osqp_interface/share/osqp_interface/local_setup.bash
[0.189s] -- Up-to-date symlink: /home/zyme/ros_ws/Autoware_sim_test/install/osqp_interface/share/osqp_interface/local_setup.sh
[0.189s] -- Up-to-date symlink: /home/zyme/ros_ws/Autoware_sim_test/install/osqp_interface/share/osqp_interface/local_setup.zsh
[0.189s] -- Up-to-date symlink: /home/zyme/ros_ws/Autoware_sim_test/install/osqp_interface/share/osqp_interface/local_setup.dsv
[0.189s] -- Symlinking: /home/zyme/ros_ws/Autoware_sim_test/install/osqp_interface/share/osqp_interface/package.dsv
[0.197s] -- Up-to-date symlink: /home/zyme/ros_ws/Autoware_sim_test/install/osqp_interface/share/ament_index/resource_index/packages/osqp_interface
[0.198s] -- Up-to-date symlink: /home/zyme/ros_ws/Autoware_sim_test/install/osqp_interface/share/osqp_interface/cmake/ament_cmake_export_include_directories-extras.cmake
[0.198s] -- Up-to-date symlink: /home/zyme/ros_ws/Autoware_sim_test/install/osqp_interface/share/osqp_interface/cmake/ament_cmake_export_libraries-extras.cmake
[0.198s] -- Up-to-date symlink: /home/zyme/ros_ws/Autoware_sim_test/install/osqp_interface/share/osqp_interface/cmake/ament_cmake_export_dependencies-extras.cmake
[0.198s] -- Up-to-date symlink: /home/zyme/ros_ws/Autoware_sim_test/install/osqp_interface/share/osqp_interface/cmake/osqp_interfaceConfig.cmake
[0.198s] -- Up-to-date symlink: /home/zyme/ros_ws/Autoware_sim_test/install/osqp_interface/share/osqp_interface/cmake/osqp_interfaceConfig-version.cmake
[0.199s] -- Up-to-date symlink: /home/zyme/ros_ws/Autoware_sim_test/install/osqp_interface/share/osqp_interface/package.xml
[0.201s] Invoked command in '/home/zyme/ros_ws/Autoware_sim_test/build/osqp_interface' returned '0': AMENT_PREFIX_PATH=/home/zyme/ros_ws/Autoware_sim_test/install/autoware_cmake:/home/zyme/ros_ws/Autoware_sim_test/install/autoware_lint_common:${AMENT_PREFIX_PATH} CMAKE_PREFIX_PATH=/home/zyme/ros_ws/Autoware_sim_test/install/autoware_cmake:/home/zyme/ros_ws/Autoware_sim_test/install/autoware_lint_common:/opt/ros/humble /usr/bin/cmake --install /home/zyme/ros_ws/Autoware_sim_test/build/osqp_interface
