[0.063s] Invoking command in '/home/zyme/ros_ws/Autoware_sim_test/build/tier4_simulated_clock_rviz_plugin': AMENT_PREFIX_PATH=/home/zyme/ros_ws/Autoware_sim_test/install/autoware_cmake:/home/zyme/ros_ws/Autoware_sim_test/install/autoware_lint_common:${AMENT_PREFIX_PATH} CMAKE_PREFIX_PATH=/home/zyme/ros_ws/Autoware_sim_test/install/autoware_cmake:/home/zyme/ros_ws/Autoware_sim_test/install/autoware_lint_common:/opt/ros/humble /usr/bin/cmake --build /home/zyme/ros_ws/Autoware_sim_test/build/tier4_simulated_clock_rviz_plugin -- -j12 -l12
[0.110s] [ 25%] [34m[1mAutomatic MOC for target tier4_simulated_clock_rviz_plugin[0m
[0.130s] [ 25%] Built target tier4_simulated_clock_rviz_plugin_autogen
[0.156s] [100%] Built target tier4_simulated_clock_rviz_plugin
[0.168s] Invoked command in '/home/zyme/ros_ws/Autoware_sim_test/build/tier4_simulated_clock_rviz_plugin' returned '0': AMENT_PREFIX_PATH=/home/zyme/ros_ws/Autoware_sim_test/install/autoware_cmake:/home/zyme/ros_ws/Autoware_sim_test/install/autoware_lint_common:${AMENT_PREFIX_PATH} CMAKE_PREFIX_PATH=/home/zyme/ros_ws/Autoware_sim_test/install/autoware_cmake:/home/zyme/ros_ws/Autoware_sim_test/install/autoware_lint_common:/opt/ros/humble /usr/bin/cmake --build /home/zyme/ros_ws/Autoware_sim_test/build/tier4_simulated_clock_rviz_plugin -- -j12 -l12
[0.196s] Invoking command in '/home/zyme/ros_ws/Autoware_sim_test/build/tier4_simulated_clock_rviz_plugin': AMENT_PREFIX_PATH=/home/zyme/ros_ws/Autoware_sim_test/install/autoware_cmake:/home/zyme/ros_ws/Autoware_sim_test/install/autoware_lint_common:${AMENT_PREFIX_PATH} CMAKE_PREFIX_PATH=/home/zyme/ros_ws/Autoware_sim_test/install/autoware_cmake:/home/zyme/ros_ws/Autoware_sim_test/install/autoware_lint_common:/opt/ros/humble /usr/bin/cmake --install /home/zyme/ros_ws/Autoware_sim_test/build/tier4_simulated_clock_rviz_plugin
[0.202s] -- Install configuration: "Release"
[0.203s] -- Execute custom install script
[0.203s] -- Up-to-date symlink: /home/zyme/ros_ws/Autoware_sim_test/install/tier4_simulated_clock_rviz_plugin/share/tier4_simulated_clock_rviz_plugin/plugins/plugin_description.xml
[0.204s] -- Up-to-date symlink: /home/zyme/ros_ws/Autoware_sim_test/install/tier4_simulated_clock_rviz_plugin/share/tier4_simulated_clock_rviz_plugin/environment/library_path.sh
[0.204s] -- Up-to-date symlink: /home/zyme/ros_ws/Autoware_sim_test/install/tier4_simulated_clock_rviz_plugin/share/tier4_simulated_clock_rviz_plugin/environment/library_path.dsv
[0.204s] -- Up-to-date symlink: /home/zyme/ros_ws/Autoware_sim_test/install/tier4_simulated_clock_rviz_plugin/lib/libtier4_simulated_clock_rviz_plugin.so
[0.205s] -- Up-to-date symlink: /home/zyme/ros_ws/Autoware_sim_test/install/tier4_simulated_clock_rviz_plugin/share/tier4_simulated_clock_rviz_plugin/icons/classes/SimulatedClockPanel.png
[0.205s] -- Up-to-date symlink: /home/zyme/ros_ws/Autoware_sim_test/install/tier4_simulated_clock_rviz_plugin/share/tier4_simulated_clock_rviz_plugin/plugins/plugin_description.xml
[0.205s] -- Up-to-date symlink: /home/zyme/ros_ws/Autoware_sim_test/install/tier4_simulated_clock_rviz_plugin/share/ament_index/resource_index/package_run_dependencies/tier4_simulated_clock_rviz_plugin
[0.205s] -- Up-to-date symlink: /home/zyme/ros_ws/Autoware_sim_test/install/tier4_simulated_clock_rviz_plugin/share/ament_index/resource_index/parent_prefix_path/tier4_simulated_clock_rviz_plugin
[0.206s] -- Up-to-date symlink: /home/zyme/ros_ws/Autoware_sim_test/install/tier4_simulated_clock_rviz_plugin/share/tier4_simulated_clock_rviz_plugin/environment/ament_prefix_path.sh
[0.206s] -- Up-to-date symlink: /home/zyme/ros_ws/Autoware_sim_test/install/tier4_simulated_clock_rviz_plugin/share/tier4_simulated_clock_rviz_plugin/environment/ament_prefix_path.dsv
[0.206s] -- Up-to-date symlink: /home/zyme/ros_ws/Autoware_sim_test/install/tier4_simulated_clock_rviz_plugin/share/tier4_simulated_clock_rviz_plugin/environment/path.sh
[0.206s] -- Up-to-date symlink: /home/zyme/ros_ws/Autoware_sim_test/install/tier4_simulated_clock_rviz_plugin/share/tier4_simulated_clock_rviz_plugin/environment/path.dsv
[0.207s] -- Up-to-date symlink: /home/zyme/ros_ws/Autoware_sim_test/install/tier4_simulated_clock_rviz_plugin/share/tier4_simulated_clock_rviz_plugin/local_setup.bash
[0.207s] -- Up-to-date symlink: /home/zyme/ros_ws/Autoware_sim_test/install/tier4_simulated_clock_rviz_plugin/share/tier4_simulated_clock_rviz_plugin/local_setup.sh
[0.207s] -- Up-to-date symlink: /home/zyme/ros_ws/Autoware_sim_test/install/tier4_simulated_clock_rviz_plugin/share/tier4_simulated_clock_rviz_plugin/local_setup.zsh
[0.208s] -- Up-to-date symlink: /home/zyme/ros_ws/Autoware_sim_test/install/tier4_simulated_clock_rviz_plugin/share/tier4_simulated_clock_rviz_plugin/local_setup.dsv
[0.208s] -- Symlinking: /home/zyme/ros_ws/Autoware_sim_test/install/tier4_simulated_clock_rviz_plugin/share/tier4_simulated_clock_rviz_plugin/package.dsv
[0.216s] -- Up-to-date symlink: /home/zyme/ros_ws/Autoware_sim_test/install/tier4_simulated_clock_rviz_plugin/share/ament_index/resource_index/packages/tier4_simulated_clock_rviz_plugin
[0.216s] -- Up-to-date symlink: /home/zyme/ros_ws/Autoware_sim_test/install/tier4_simulated_clock_rviz_plugin/share/ament_index/resource_index/rviz_common__pluginlib__plugin/tier4_simulated_clock_rviz_plugin
[0.217s] -- Up-to-date symlink: /home/zyme/ros_ws/Autoware_sim_test/install/tier4_simulated_clock_rviz_plugin/share/tier4_simulated_clock_rviz_plugin/cmake/ament_cmake_export_dependencies-extras.cmake
[0.217s] -- Up-to-date symlink: /home/zyme/ros_ws/Autoware_sim_test/install/tier4_simulated_clock_rviz_plugin/share/tier4_simulated_clock_rviz_plugin/cmake/ament_cmake_export_libraries-extras.cmake
[0.217s] -- Up-to-date symlink: /home/zyme/ros_ws/Autoware_sim_test/install/tier4_simulated_clock_rviz_plugin/share/tier4_simulated_clock_rviz_plugin/cmake/tier4_simulated_clock_rviz_pluginConfig.cmake
[0.217s] -- Up-to-date symlink: /home/zyme/ros_ws/Autoware_sim_test/install/tier4_simulated_clock_rviz_plugin/share/tier4_simulated_clock_rviz_plugin/cmake/tier4_simulated_clock_rviz_pluginConfig-version.cmake
[0.218s] -- Up-to-date symlink: /home/zyme/ros_ws/Autoware_sim_test/install/tier4_simulated_clock_rviz_plugin/share/tier4_simulated_clock_rviz_plugin/package.xml
[0.220s] Invoked command in '/home/zyme/ros_ws/Autoware_sim_test/build/tier4_simulated_clock_rviz_plugin' returned '0': AMENT_PREFIX_PATH=/home/zyme/ros_ws/Autoware_sim_test/install/autoware_cmake:/home/zyme/ros_ws/Autoware_sim_test/install/autoware_lint_common:${AMENT_PREFIX_PATH} CMAKE_PREFIX_PATH=/home/zyme/ros_ws/Autoware_sim_test/install/autoware_cmake:/home/zyme/ros_ws/Autoware_sim_test/install/autoware_lint_common:/opt/ros/humble /usr/bin/cmake --install /home/zyme/ros_ws/Autoware_sim_test/build/tier4_simulated_clock_rviz_plugin
