[0.058s] Invoking command in '/home/zyme/ros_ws/Autoware_sim_test/build/autoware_auto_geometry_msgs': CMAKE_PREFIX_PATH=/opt/ros/humble /usr/bin/cmake --build /home/zyme/ros_ws/Autoware_sim_test/build/autoware_auto_geometry_msgs -- -j12 -l12
[0.105s] [  2%] Built target autoware_auto_geometry_msgs__cpp
[0.106s] [ 12%] Built target autoware_auto_geometry_msgs__rosidl_generator_c
[0.114s] [ 12%] Built target ament_cmake_python_symlink_autoware_auto_geometry_msgs
[0.131s] [ 34%] Built target autoware_auto_geometry_msgs__rosidl_typesupport_fastrtps_cpp
[0.131s] [ 34%] Built target autoware_auto_geometry_msgs__rosidl_typesupport_cpp
[0.131s] [ 44%] Built target autoware_auto_geometry_msgs__rosidl_typesupport_introspection_cpp
[0.140s] [ 55%] Built target autoware_auto_geometry_msgs__rosidl_typesupport_c
[0.143s] [ 65%] Built target autoware_auto_geometry_msgs__rosidl_typesupport_introspection_c
[0.144s] [ 76%] Built target autoware_auto_geometry_msgs__rosidl_typesupport_fastrtps_c
[0.164s] [ 76%] Built target autoware_auto_geometry_msgs
[0.184s] [ 78%] Built target autoware_auto_geometry_msgs__py
[0.206s] [ 87%] Built target autoware_auto_geometry_msgs__rosidl_generator_py
[0.228s] [ 95%] Built target autoware_auto_geometry_msgs__rosidl_typesupport_introspection_c__pyext
[0.228s] [ 95%] Built target autoware_auto_geometry_msgs__rosidl_typesupport_fastrtps_c__pyext
[0.228s] [100%] Built target autoware_auto_geometry_msgs__rosidl_typesupport_c__pyext
[0.371s] running egg_info
[0.372s] writing autoware_auto_geometry_msgs.egg-info/PKG-INFO
[0.372s] writing dependency_links to autoware_auto_geometry_msgs.egg-info/dependency_links.txt
[0.372s] writing top-level names to autoware_auto_geometry_msgs.egg-info/top_level.txt
[0.374s] reading manifest file 'autoware_auto_geometry_msgs.egg-info/SOURCES.txt'
[0.375s] writing manifest file 'autoware_auto_geometry_msgs.egg-info/SOURCES.txt'
[0.398s] [100%] Built target ament_cmake_python_build_autoware_auto_geometry_msgs_egg
[0.409s] Invoked command in '/home/zyme/ros_ws/Autoware_sim_test/build/autoware_auto_geometry_msgs' returned '0': CMAKE_PREFIX_PATH=/opt/ros/humble /usr/bin/cmake --build /home/zyme/ros_ws/Autoware_sim_test/build/autoware_auto_geometry_msgs -- -j12 -l12
[0.505s] Invoking command in '/home/zyme/ros_ws/Autoware_sim_test/build/autoware_auto_geometry_msgs': CMAKE_PREFIX_PATH=/opt/ros/humble /usr/bin/cmake --install /home/zyme/ros_ws/Autoware_sim_test/build/autoware_auto_geometry_msgs
[0.512s] -- Install configuration: "Release"
[0.512s] -- Execute custom install script
[0.513s] -- Up-to-date symlink: /home/zyme/ros_ws/Autoware_sim_test/install/autoware_auto_geometry_msgs/share/ament_index/resource_index/rosidl_interfaces/autoware_auto_geometry_msgs
[0.513s] -- Up-to-date symlink: /home/zyme/ros_ws/Autoware_sim_test/install/autoware_auto_geometry_msgs/include/autoware_auto_geometry_msgs/autoware_auto_geometry_msgs/msg/complex32.h
[0.513s] -- Up-to-date symlink: /home/zyme/ros_ws/Autoware_sim_test/install/autoware_auto_geometry_msgs/include/autoware_auto_geometry_msgs/autoware_auto_geometry_msgs/msg/detail/complex32__functions.h
[0.513s] -- Up-to-date symlink: /home/zyme/ros_ws/Autoware_sim_test/install/autoware_auto_geometry_msgs/include/autoware_auto_geometry_msgs/autoware_auto_geometry_msgs/msg/detail/complex32__struct.h
[0.513s] -- Up-to-date symlink: /home/zyme/ros_ws/Autoware_sim_test/install/autoware_auto_geometry_msgs/include/autoware_auto_geometry_msgs/autoware_auto_geometry_msgs/msg/detail/complex32__type_support.h
[0.513s] -- Up-to-date symlink: /home/zyme/ros_ws/Autoware_sim_test/install/autoware_auto_geometry_msgs/include/autoware_auto_geometry_msgs/autoware_auto_geometry_msgs/msg/detail/quaternion32__functions.h
[0.514s] -- Up-to-date symlink: /home/zyme/ros_ws/Autoware_sim_test/install/autoware_auto_geometry_msgs/include/autoware_auto_geometry_msgs/autoware_auto_geometry_msgs/msg/detail/quaternion32__struct.h
[0.514s] -- Up-to-date symlink: /home/zyme/ros_ws/Autoware_sim_test/install/autoware_auto_geometry_msgs/include/autoware_auto_geometry_msgs/autoware_auto_geometry_msgs/msg/detail/quaternion32__type_support.h
[0.514s] -- Up-to-date symlink: /home/zyme/ros_ws/Autoware_sim_test/install/autoware_auto_geometry_msgs/include/autoware_auto_geometry_msgs/autoware_auto_geometry_msgs/msg/detail/relative_position_with_covariance_stamped__functions.h
[0.514s] -- Up-to-date symlink: /home/zyme/ros_ws/Autoware_sim_test/install/autoware_auto_geometry_msgs/include/autoware_auto_geometry_msgs/autoware_auto_geometry_msgs/msg/detail/relative_position_with_covariance_stamped__struct.h
[0.514s] -- Up-to-date symlink: /home/zyme/ros_ws/Autoware_sim_test/install/autoware_auto_geometry_msgs/include/autoware_auto_geometry_msgs/autoware_auto_geometry_msgs/msg/detail/relative_position_with_covariance_stamped__type_support.h
[0.514s] -- Up-to-date symlink: /home/zyme/ros_ws/Autoware_sim_test/install/autoware_auto_geometry_msgs/include/autoware_auto_geometry_msgs/autoware_auto_geometry_msgs/msg/quaternion32.h
[0.514s] -- Up-to-date symlink: /home/zyme/ros_ws/Autoware_sim_test/install/autoware_auto_geometry_msgs/include/autoware_auto_geometry_msgs/autoware_auto_geometry_msgs/msg/relative_position_with_covariance_stamped.h
[0.514s] -- Up-to-date symlink: /home/zyme/ros_ws/Autoware_sim_test/install/autoware_auto_geometry_msgs/include/autoware_auto_geometry_msgs/autoware_auto_geometry_msgs/msg/rosidl_generator_c__visibility_control.h
[0.514s] -- Up-to-date symlink: /home/zyme/ros_ws/Autoware_sim_test/install/autoware_auto_geometry_msgs/share/autoware_auto_geometry_msgs/environment/library_path.sh
[0.515s] -- Up-to-date symlink: /home/zyme/ros_ws/Autoware_sim_test/install/autoware_auto_geometry_msgs/share/autoware_auto_geometry_msgs/environment/library_path.dsv
[0.515s] -- Up-to-date symlink: /home/zyme/ros_ws/Autoware_sim_test/install/autoware_auto_geometry_msgs/include/autoware_auto_geometry_msgs/autoware_auto_geometry_msgs/msg/detail/complex32__rosidl_typesupport_fastrtps_c.h
[0.515s] -- Up-to-date symlink: /home/zyme/ros_ws/Autoware_sim_test/install/autoware_auto_geometry_msgs/include/autoware_auto_geometry_msgs/autoware_auto_geometry_msgs/msg/detail/quaternion32__rosidl_typesupport_fastrtps_c.h
[0.515s] -- Up-to-date symlink: /home/zyme/ros_ws/Autoware_sim_test/install/autoware_auto_geometry_msgs/include/autoware_auto_geometry_msgs/autoware_auto_geometry_msgs/msg/detail/relative_position_with_covariance_stamped__rosidl_typesupport_fastrtps_c.h
[0.515s] -- Up-to-date symlink: /home/zyme/ros_ws/Autoware_sim_test/install/autoware_auto_geometry_msgs/include/autoware_auto_geometry_msgs/autoware_auto_geometry_msgs/msg/rosidl_typesupport_fastrtps_c__visibility_control.h
[0.516s] -- Up-to-date symlink: /home/zyme/ros_ws/Autoware_sim_test/install/autoware_auto_geometry_msgs/include/autoware_auto_geometry_msgs/autoware_auto_geometry_msgs/msg/detail/complex32__rosidl_typesupport_introspection_c.h
[0.516s] -- Up-to-date symlink: /home/zyme/ros_ws/Autoware_sim_test/install/autoware_auto_geometry_msgs/include/autoware_auto_geometry_msgs/autoware_auto_geometry_msgs/msg/detail/quaternion32__rosidl_typesupport_introspection_c.h
[0.516s] -- Up-to-date symlink: /home/zyme/ros_ws/Autoware_sim_test/install/autoware_auto_geometry_msgs/include/autoware_auto_geometry_msgs/autoware_auto_geometry_msgs/msg/detail/relative_position_with_covariance_stamped__rosidl_typesupport_introspection_c.h
[0.516s] -- Up-to-date symlink: /home/zyme/ros_ws/Autoware_sim_test/install/autoware_auto_geometry_msgs/include/autoware_auto_geometry_msgs/autoware_auto_geometry_msgs/msg/rosidl_typesupport_introspection_c__visibility_control.h
[0.516s] -- Up-to-date symlink: /home/zyme/ros_ws/Autoware_sim_test/install/autoware_auto_geometry_msgs/include/autoware_auto_geometry_msgs/autoware_auto_geometry_msgs/msg/complex32.hpp
[0.516s] -- Up-to-date symlink: /home/zyme/ros_ws/Autoware_sim_test/install/autoware_auto_geometry_msgs/include/autoware_auto_geometry_msgs/autoware_auto_geometry_msgs/msg/detail/complex32__builder.hpp
[0.517s] -- Up-to-date symlink: /home/zyme/ros_ws/Autoware_sim_test/install/autoware_auto_geometry_msgs/include/autoware_auto_geometry_msgs/autoware_auto_geometry_msgs/msg/detail/complex32__struct.hpp
[0.517s] -- Up-to-date symlink: /home/zyme/ros_ws/Autoware_sim_test/install/autoware_auto_geometry_msgs/include/autoware_auto_geometry_msgs/autoware_auto_geometry_msgs/msg/detail/complex32__traits.hpp
[0.517s] -- Up-to-date symlink: /home/zyme/ros_ws/Autoware_sim_test/install/autoware_auto_geometry_msgs/include/autoware_auto_geometry_msgs/autoware_auto_geometry_msgs/msg/detail/quaternion32__builder.hpp
[0.517s] -- Up-to-date symlink: /home/zyme/ros_ws/Autoware_sim_test/install/autoware_auto_geometry_msgs/include/autoware_auto_geometry_msgs/autoware_auto_geometry_msgs/msg/detail/quaternion32__struct.hpp
[0.517s] -- Up-to-date symlink: /home/zyme/ros_ws/Autoware_sim_test/install/autoware_auto_geometry_msgs/include/autoware_auto_geometry_msgs/autoware_auto_geometry_msgs/msg/detail/quaternion32__traits.hpp
[0.517s] -- Up-to-date symlink: /home/zyme/ros_ws/Autoware_sim_test/install/autoware_auto_geometry_msgs/include/autoware_auto_geometry_msgs/autoware_auto_geometry_msgs/msg/detail/relative_position_with_covariance_stamped__builder.hpp
[0.517s] -- Up-to-date symlink: /home/zyme/ros_ws/Autoware_sim_test/install/autoware_auto_geometry_msgs/include/autoware_auto_geometry_msgs/autoware_auto_geometry_msgs/msg/detail/relative_position_with_covariance_stamped__struct.hpp
[0.517s] -- Up-to-date symlink: /home/zyme/ros_ws/Autoware_sim_test/install/autoware_auto_geometry_msgs/include/autoware_auto_geometry_msgs/autoware_auto_geometry_msgs/msg/detail/relative_position_with_covariance_stamped__traits.hpp
[0.517s] -- Up-to-date symlink: /home/zyme/ros_ws/Autoware_sim_test/install/autoware_auto_geometry_msgs/include/autoware_auto_geometry_msgs/autoware_auto_geometry_msgs/msg/quaternion32.hpp
[0.518s] -- Up-to-date symlink: /home/zyme/ros_ws/Autoware_sim_test/install/autoware_auto_geometry_msgs/include/autoware_auto_geometry_msgs/autoware_auto_geometry_msgs/msg/relative_position_with_covariance_stamped.hpp
[0.518s] -- Up-to-date symlink: /home/zyme/ros_ws/Autoware_sim_test/install/autoware_auto_geometry_msgs/include/autoware_auto_geometry_msgs/autoware_auto_geometry_msgs/msg/detail/complex32__rosidl_typesupport_fastrtps_cpp.hpp
[0.518s] -- Up-to-date symlink: /home/zyme/ros_ws/Autoware_sim_test/install/autoware_auto_geometry_msgs/include/autoware_auto_geometry_msgs/autoware_auto_geometry_msgs/msg/detail/quaternion32__rosidl_typesupport_fastrtps_cpp.hpp
[0.518s] -- Up-to-date symlink: /home/zyme/ros_ws/Autoware_sim_test/install/autoware_auto_geometry_msgs/include/autoware_auto_geometry_msgs/autoware_auto_geometry_msgs/msg/detail/relative_position_with_covariance_stamped__rosidl_typesupport_fastrtps_cpp.hpp
[0.518s] -- Up-to-date symlink: /home/zyme/ros_ws/Autoware_sim_test/install/autoware_auto_geometry_msgs/include/autoware_auto_geometry_msgs/autoware_auto_geometry_msgs/msg/rosidl_typesupport_fastrtps_cpp__visibility_control.h
[0.519s] -- Up-to-date symlink: /home/zyme/ros_ws/Autoware_sim_test/install/autoware_auto_geometry_msgs/include/autoware_auto_geometry_msgs/autoware_auto_geometry_msgs/msg/detail/complex32__rosidl_typesupport_introspection_cpp.hpp
[0.519s] -- Up-to-date symlink: /home/zyme/ros_ws/Autoware_sim_test/install/autoware_auto_geometry_msgs/include/autoware_auto_geometry_msgs/autoware_auto_geometry_msgs/msg/detail/quaternion32__rosidl_typesupport_introspection_cpp.hpp
[0.519s] -- Up-to-date symlink: /home/zyme/ros_ws/Autoware_sim_test/install/autoware_auto_geometry_msgs/include/autoware_auto_geometry_msgs/autoware_auto_geometry_msgs/msg/detail/relative_position_with_covariance_stamped__rosidl_typesupport_introspection_cpp.hpp
[0.519s] -- Up-to-date symlink: /home/zyme/ros_ws/Autoware_sim_test/install/autoware_auto_geometry_msgs/share/autoware_auto_geometry_msgs/environment/pythonpath.sh
[0.519s] -- Up-to-date symlink: /home/zyme/ros_ws/Autoware_sim_test/install/autoware_auto_geometry_msgs/share/autoware_auto_geometry_msgs/environment/pythonpath.dsv
[0.520s] -- Up-to-date symlink: /home/zyme/ros_ws/Autoware_sim_test/install/autoware_auto_geometry_msgs/local/lib/python3.10/dist-packages/autoware_auto_geometry_msgs-1.0.0-py3.10.egg-info/PKG-INFO
[0.520s] -- Up-to-date symlink: /home/zyme/ros_ws/Autoware_sim_test/install/autoware_auto_geometry_msgs/local/lib/python3.10/dist-packages/autoware_auto_geometry_msgs-1.0.0-py3.10.egg-info/SOURCES.txt
[0.520s] -- Up-to-date symlink: /home/zyme/ros_ws/Autoware_sim_test/install/autoware_auto_geometry_msgs/local/lib/python3.10/dist-packages/autoware_auto_geometry_msgs-1.0.0-py3.10.egg-info/dependency_links.txt
[0.520s] -- Up-to-date symlink: /home/zyme/ros_ws/Autoware_sim_test/install/autoware_auto_geometry_msgs/local/lib/python3.10/dist-packages/autoware_auto_geometry_msgs-1.0.0-py3.10.egg-info/top_level.txt
[0.520s] -- Up-to-date symlink: /home/zyme/ros_ws/Autoware_sim_test/install/autoware_auto_geometry_msgs/local/lib/python3.10/dist-packages/autoware_auto_geometry_msgs/__init__.py
[0.521s] -- Up-to-date symlink: /home/zyme/ros_ws/Autoware_sim_test/install/autoware_auto_geometry_msgs/local/lib/python3.10/dist-packages/autoware_auto_geometry_msgs/_autoware_auto_geometry_msgs_s.ep.rosidl_typesupport_c.c
[0.521s] -- Up-to-date symlink: /home/zyme/ros_ws/Autoware_sim_test/install/autoware_auto_geometry_msgs/local/lib/python3.10/dist-packages/autoware_auto_geometry_msgs/_autoware_auto_geometry_msgs_s.ep.rosidl_typesupport_fastrtps_c.c
[0.521s] -- Up-to-date symlink: /home/zyme/ros_ws/Autoware_sim_test/install/autoware_auto_geometry_msgs/local/lib/python3.10/dist-packages/autoware_auto_geometry_msgs/_autoware_auto_geometry_msgs_s.ep.rosidl_typesupport_introspection_c.c
[0.521s] -- Up-to-date symlink: /home/zyme/ros_ws/Autoware_sim_test/install/autoware_auto_geometry_msgs/local/lib/python3.10/dist-packages/autoware_auto_geometry_msgs/autoware_auto_geometry_msgs_s__rosidl_typesupport_c.cpython-310-x86_64-linux-gnu.so
[0.521s] -- Up-to-date symlink: /home/zyme/ros_ws/Autoware_sim_test/install/autoware_auto_geometry_msgs/local/lib/python3.10/dist-packages/autoware_auto_geometry_msgs/autoware_auto_geometry_msgs_s__rosidl_typesupport_fastrtps_c.cpython-310-x86_64-linux-gnu.so
[0.521s] -- Up-to-date symlink: /home/zyme/ros_ws/Autoware_sim_test/install/autoware_auto_geometry_msgs/local/lib/python3.10/dist-packages/autoware_auto_geometry_msgs/autoware_auto_geometry_msgs_s__rosidl_typesupport_introspection_c.cpython-310-x86_64-linux-gnu.so
[0.521s] -- Up-to-date symlink: /home/zyme/ros_ws/Autoware_sim_test/install/autoware_auto_geometry_msgs/local/lib/python3.10/dist-packages/autoware_auto_geometry_msgs/libautoware_auto_geometry_msgs__rosidl_generator_py.so
[0.521s] -- Up-to-date symlink: /home/zyme/ros_ws/Autoware_sim_test/install/autoware_auto_geometry_msgs/local/lib/python3.10/dist-packages/autoware_auto_geometry_msgs/msg/__init__.py
[0.521s] -- Up-to-date symlink: /home/zyme/ros_ws/Autoware_sim_test/install/autoware_auto_geometry_msgs/local/lib/python3.10/dist-packages/autoware_auto_geometry_msgs/msg/_complex32.py
[0.521s] -- Up-to-date symlink: /home/zyme/ros_ws/Autoware_sim_test/install/autoware_auto_geometry_msgs/local/lib/python3.10/dist-packages/autoware_auto_geometry_msgs/msg/_complex32_s.c
[0.522s] -- Up-to-date symlink: /home/zyme/ros_ws/Autoware_sim_test/install/autoware_auto_geometry_msgs/local/lib/python3.10/dist-packages/autoware_auto_geometry_msgs/msg/_quaternion32.py
[0.522s] -- Up-to-date symlink: /home/zyme/ros_ws/Autoware_sim_test/install/autoware_auto_geometry_msgs/local/lib/python3.10/dist-packages/autoware_auto_geometry_msgs/msg/_quaternion32_s.c
[0.522s] -- Up-to-date symlink: /home/zyme/ros_ws/Autoware_sim_test/install/autoware_auto_geometry_msgs/local/lib/python3.10/dist-packages/autoware_auto_geometry_msgs/msg/_relative_position_with_covariance_stamped.py
[0.522s] -- Up-to-date symlink: /home/zyme/ros_ws/Autoware_sim_test/install/autoware_auto_geometry_msgs/local/lib/python3.10/dist-packages/autoware_auto_geometry_msgs/msg/_relative_position_with_covariance_stamped_s.c
[0.522s] -- Up-to-date symlink: /home/zyme/ros_ws/Autoware_sim_test/install/autoware_auto_geometry_msgs/local/lib/python3.10/dist-packages/autoware_auto_geometry_msgs/autoware_auto_geometry_msgs_s__rosidl_typesupport_fastrtps_c.cpython-310-x86_64-linux-gnu.so
[0.522s] -- Up-to-date symlink: /home/zyme/ros_ws/Autoware_sim_test/install/autoware_auto_geometry_msgs/local/lib/python3.10/dist-packages/autoware_auto_geometry_msgs/autoware_auto_geometry_msgs_s__rosidl_typesupport_introspection_c.cpython-310-x86_64-linux-gnu.so
[0.523s] -- Up-to-date symlink: /home/zyme/ros_ws/Autoware_sim_test/install/autoware_auto_geometry_msgs/local/lib/python3.10/dist-packages/autoware_auto_geometry_msgs/autoware_auto_geometry_msgs_s__rosidl_typesupport_c.cpython-310-x86_64-linux-gnu.so
[0.523s] -- Up-to-date symlink: /home/zyme/ros_ws/Autoware_sim_test/install/autoware_auto_geometry_msgs/share/autoware_auto_geometry_msgs/msg/Complex32.idl
[0.523s] -- Up-to-date symlink: /home/zyme/ros_ws/Autoware_sim_test/install/autoware_auto_geometry_msgs/share/autoware_auto_geometry_msgs/msg/Quaternion32.idl
[0.523s] -- Up-to-date symlink: /home/zyme/ros_ws/Autoware_sim_test/install/autoware_auto_geometry_msgs/share/autoware_auto_geometry_msgs/msg/RelativePositionWithCovarianceStamped.idl
[0.524s] -- Up-to-date symlink: /home/zyme/ros_ws/Autoware_sim_test/install/autoware_auto_geometry_msgs/share/ament_index/resource_index/package_run_dependencies/autoware_auto_geometry_msgs
[0.524s] -- Up-to-date symlink: /home/zyme/ros_ws/Autoware_sim_test/install/autoware_auto_geometry_msgs/share/ament_index/resource_index/parent_prefix_path/autoware_auto_geometry_msgs
[0.524s] -- Up-to-date symlink: /home/zyme/ros_ws/Autoware_sim_test/install/autoware_auto_geometry_msgs/share/autoware_auto_geometry_msgs/environment/ament_prefix_path.sh
[0.524s] -- Up-to-date symlink: /home/zyme/ros_ws/Autoware_sim_test/install/autoware_auto_geometry_msgs/share/autoware_auto_geometry_msgs/environment/ament_prefix_path.dsv
[0.524s] -- Up-to-date symlink: /home/zyme/ros_ws/Autoware_sim_test/install/autoware_auto_geometry_msgs/share/autoware_auto_geometry_msgs/environment/path.sh
[0.524s] -- Up-to-date symlink: /home/zyme/ros_ws/Autoware_sim_test/install/autoware_auto_geometry_msgs/share/autoware_auto_geometry_msgs/environment/path.dsv
[0.524s] -- Up-to-date symlink: /home/zyme/ros_ws/Autoware_sim_test/install/autoware_auto_geometry_msgs/share/autoware_auto_geometry_msgs/local_setup.bash
[0.524s] -- Up-to-date symlink: /home/zyme/ros_ws/Autoware_sim_test/install/autoware_auto_geometry_msgs/share/autoware_auto_geometry_msgs/local_setup.sh
[0.525s] -- Up-to-date symlink: /home/zyme/ros_ws/Autoware_sim_test/install/autoware_auto_geometry_msgs/share/autoware_auto_geometry_msgs/local_setup.zsh
[0.525s] -- Up-to-date symlink: /home/zyme/ros_ws/Autoware_sim_test/install/autoware_auto_geometry_msgs/share/autoware_auto_geometry_msgs/local_setup.dsv
[0.525s] -- Symlinking: /home/zyme/ros_ws/Autoware_sim_test/install/autoware_auto_geometry_msgs/share/autoware_auto_geometry_msgs/package.dsv
[0.533s] -- Up-to-date symlink: /home/zyme/ros_ws/Autoware_sim_test/install/autoware_auto_geometry_msgs/share/ament_index/resource_index/packages/autoware_auto_geometry_msgs
[0.534s] -- Up-to-date symlink: /home/zyme/ros_ws/Autoware_sim_test/install/autoware_auto_geometry_msgs/share/autoware_auto_geometry_msgs/cmake/rosidl_cmake-extras.cmake
[0.534s] -- Up-to-date symlink: /home/zyme/ros_ws/Autoware_sim_test/install/autoware_auto_geometry_msgs/share/autoware_auto_geometry_msgs/cmake/ament_cmake_export_dependencies-extras.cmake
[0.534s] -- Up-to-date symlink: /home/zyme/ros_ws/Autoware_sim_test/install/autoware_auto_geometry_msgs/share/autoware_auto_geometry_msgs/cmake/ament_cmake_export_include_directories-extras.cmake
[0.534s] -- Up-to-date symlink: /home/zyme/ros_ws/Autoware_sim_test/install/autoware_auto_geometry_msgs/share/autoware_auto_geometry_msgs/cmake/ament_cmake_export_libraries-extras.cmake
[0.534s] -- Up-to-date symlink: /home/zyme/ros_ws/Autoware_sim_test/install/autoware_auto_geometry_msgs/share/autoware_auto_geometry_msgs/cmake/ament_cmake_export_targets-extras.cmake
[0.534s] -- Up-to-date symlink: /home/zyme/ros_ws/Autoware_sim_test/install/autoware_auto_geometry_msgs/share/autoware_auto_geometry_msgs/cmake/rosidl_cmake_export_typesupport_targets-extras.cmake
[0.534s] -- Up-to-date symlink: /home/zyme/ros_ws/Autoware_sim_test/install/autoware_auto_geometry_msgs/share/autoware_auto_geometry_msgs/cmake/rosidl_cmake_export_typesupport_libraries-extras.cmake
[0.534s] -- Up-to-date symlink: /home/zyme/ros_ws/Autoware_sim_test/install/autoware_auto_geometry_msgs/share/autoware_auto_geometry_msgs/cmake/autoware_auto_geometry_msgsConfig.cmake
[0.535s] -- Up-to-date symlink: /home/zyme/ros_ws/Autoware_sim_test/install/autoware_auto_geometry_msgs/share/autoware_auto_geometry_msgs/cmake/autoware_auto_geometry_msgsConfig-version.cmake
[0.535s] -- Up-to-date symlink: /home/zyme/ros_ws/Autoware_sim_test/install/autoware_auto_geometry_msgs/share/autoware_auto_geometry_msgs/package.xml
[0.535s] -- Up-to-date: /home/zyme/ros_ws/Autoware_sim_test/install/autoware_auto_geometry_msgs/lib/libautoware_auto_geometry_msgs__rosidl_generator_c.so
[0.535s] -- Up-to-date: /home/zyme/ros_ws/Autoware_sim_test/install/autoware_auto_geometry_msgs/lib/libautoware_auto_geometry_msgs__rosidl_typesupport_fastrtps_c.so
[0.536s] -- Up-to-date: /home/zyme/ros_ws/Autoware_sim_test/install/autoware_auto_geometry_msgs/lib/libautoware_auto_geometry_msgs__rosidl_typesupport_introspection_c.so
[0.536s] -- Up-to-date: /home/zyme/ros_ws/Autoware_sim_test/install/autoware_auto_geometry_msgs/lib/libautoware_auto_geometry_msgs__rosidl_typesupport_c.so
[0.536s] -- Up-to-date: /home/zyme/ros_ws/Autoware_sim_test/install/autoware_auto_geometry_msgs/lib/libautoware_auto_geometry_msgs__rosidl_typesupport_fastrtps_cpp.so
[0.537s] -- Up-to-date: /home/zyme/ros_ws/Autoware_sim_test/install/autoware_auto_geometry_msgs/lib/libautoware_auto_geometry_msgs__rosidl_typesupport_introspection_cpp.so
[0.537s] -- Up-to-date: /home/zyme/ros_ws/Autoware_sim_test/install/autoware_auto_geometry_msgs/lib/libautoware_auto_geometry_msgs__rosidl_typesupport_cpp.so
[0.564s] Listing '/home/zyme/ros_ws/Autoware_sim_test/install/autoware_auto_geometry_msgs/local/lib/python3.10/dist-packages/autoware_auto_geometry_msgs'...
[0.565s] Listing '/home/zyme/ros_ws/Autoware_sim_test/install/autoware_auto_geometry_msgs/local/lib/python3.10/dist-packages/autoware_auto_geometry_msgs/msg'...
[0.568s] -- Up-to-date: /home/zyme/ros_ws/Autoware_sim_test/install/autoware_auto_geometry_msgs/lib/libautoware_auto_geometry_msgs__rosidl_generator_py.so
[0.568s] -- Up-to-date: /home/zyme/ros_ws/Autoware_sim_test/install/autoware_auto_geometry_msgs/share/autoware_auto_geometry_msgs/cmake/export_autoware_auto_geometry_msgs__rosidl_generator_cExport.cmake
[0.569s] -- Up-to-date: /home/zyme/ros_ws/Autoware_sim_test/install/autoware_auto_geometry_msgs/share/autoware_auto_geometry_msgs/cmake/export_autoware_auto_geometry_msgs__rosidl_generator_cExport-release.cmake
[0.569s] -- Up-to-date: /home/zyme/ros_ws/Autoware_sim_test/install/autoware_auto_geometry_msgs/share/autoware_auto_geometry_msgs/cmake/export_autoware_auto_geometry_msgs__rosidl_typesupport_fastrtps_cExport.cmake
[0.569s] -- Up-to-date: /home/zyme/ros_ws/Autoware_sim_test/install/autoware_auto_geometry_msgs/share/autoware_auto_geometry_msgs/cmake/export_autoware_auto_geometry_msgs__rosidl_typesupport_fastrtps_cExport-release.cmake
[0.569s] -- Up-to-date: /home/zyme/ros_ws/Autoware_sim_test/install/autoware_auto_geometry_msgs/share/autoware_auto_geometry_msgs/cmake/autoware_auto_geometry_msgs__rosidl_typesupport_introspection_cExport.cmake
[0.569s] -- Up-to-date: /home/zyme/ros_ws/Autoware_sim_test/install/autoware_auto_geometry_msgs/share/autoware_auto_geometry_msgs/cmake/autoware_auto_geometry_msgs__rosidl_typesupport_introspection_cExport-release.cmake
[0.569s] -- Up-to-date: /home/zyme/ros_ws/Autoware_sim_test/install/autoware_auto_geometry_msgs/share/autoware_auto_geometry_msgs/cmake/autoware_auto_geometry_msgs__rosidl_typesupport_cExport.cmake
[0.569s] -- Up-to-date: /home/zyme/ros_ws/Autoware_sim_test/install/autoware_auto_geometry_msgs/share/autoware_auto_geometry_msgs/cmake/autoware_auto_geometry_msgs__rosidl_typesupport_cExport-release.cmake
[0.569s] -- Up-to-date: /home/zyme/ros_ws/Autoware_sim_test/install/autoware_auto_geometry_msgs/share/autoware_auto_geometry_msgs/cmake/export_autoware_auto_geometry_msgs__rosidl_generator_cppExport.cmake
[0.569s] -- Up-to-date: /home/zyme/ros_ws/Autoware_sim_test/install/autoware_auto_geometry_msgs/share/autoware_auto_geometry_msgs/cmake/export_autoware_auto_geometry_msgs__rosidl_typesupport_fastrtps_cppExport.cmake
[0.569s] -- Up-to-date: /home/zyme/ros_ws/Autoware_sim_test/install/autoware_auto_geometry_msgs/share/autoware_auto_geometry_msgs/cmake/export_autoware_auto_geometry_msgs__rosidl_typesupport_fastrtps_cppExport-release.cmake
[0.569s] -- Up-to-date: /home/zyme/ros_ws/Autoware_sim_test/install/autoware_auto_geometry_msgs/share/autoware_auto_geometry_msgs/cmake/autoware_auto_geometry_msgs__rosidl_typesupport_introspection_cppExport.cmake
[0.569s] -- Up-to-date: /home/zyme/ros_ws/Autoware_sim_test/install/autoware_auto_geometry_msgs/share/autoware_auto_geometry_msgs/cmake/autoware_auto_geometry_msgs__rosidl_typesupport_introspection_cppExport-release.cmake
[0.569s] -- Up-to-date: /home/zyme/ros_ws/Autoware_sim_test/install/autoware_auto_geometry_msgs/share/autoware_auto_geometry_msgs/cmake/autoware_auto_geometry_msgs__rosidl_typesupport_cppExport.cmake
[0.570s] -- Up-to-date: /home/zyme/ros_ws/Autoware_sim_test/install/autoware_auto_geometry_msgs/share/autoware_auto_geometry_msgs/cmake/autoware_auto_geometry_msgs__rosidl_typesupport_cppExport-release.cmake
[0.570s] -- Up-to-date: /home/zyme/ros_ws/Autoware_sim_test/install/autoware_auto_geometry_msgs/share/autoware_auto_geometry_msgs/cmake/export_autoware_auto_geometry_msgs__rosidl_generator_pyExport.cmake
[0.570s] -- Up-to-date: /home/zyme/ros_ws/Autoware_sim_test/install/autoware_auto_geometry_msgs/share/autoware_auto_geometry_msgs/cmake/export_autoware_auto_geometry_msgs__rosidl_generator_pyExport-release.cmake
[0.572s] Invoked command in '/home/zyme/ros_ws/Autoware_sim_test/build/autoware_auto_geometry_msgs' returned '0': CMAKE_PREFIX_PATH=/opt/ros/humble /usr/bin/cmake --install /home/zyme/ros_ws/Autoware_sim_test/build/autoware_auto_geometry_msgs
