[0.144s] Invoking command in '/home/zyme/ros_ws/Autoware_sim_test/build/tier4_vehicle_msgs': AMENT_PREFIX_PATH=/home/zyme/ros_ws/Autoware_sim_test/install/tier4_control_msgs:/home/zyme/ros_ws/Autoware_sim_test/install/autoware_common_msgs:${AMENT_PREFIX_PATH} CMAKE_PREFIX_PATH=/home/zyme/ros_ws/Autoware_sim_test/install/tier4_control_msgs:/home/zyme/ros_ws/Autoware_sim_test/install/autoware_common_msgs:/opt/ros/humble LD_LIBRARY_PATH=/home/zyme/ros_ws/Autoware_sim_test/install/tier4_control_msgs/lib:/home/zyme/ros_ws/Autoware_sim_test/install/autoware_common_msgs/lib:${LD_LIBRARY_PATH} PYTHONPATH=/home/zyme/ros_ws/Autoware_sim_test/install/tier4_control_msgs/local/lib/python3.10/dist-packages:/home/zyme/ros_ws/Autoware_sim_test/install/autoware_common_msgs/local/lib/python3.10/dist-packages:${PYTHONPATH} /usr/bin/cmake --build /home/zyme/ros_ws/Autoware_sim_test/build/tier4_vehicle_msgs -- -j12 -l12
[0.243s] [  0%] Built target tier4_vehicle_msgs__cpp
[0.251s] [ 12%] Built target tier4_vehicle_msgs__rosidl_generator_c
[0.257s] [ 12%] Built target ament_cmake_python_symlink_tier4_vehicle_msgs
[0.301s] [ 24%] Built target tier4_vehicle_msgs__rosidl_typesupport_cpp
[0.303s] [ 36%] Built target tier4_vehicle_msgs__rosidl_typesupport_c
[0.304s] [ 48%] Built target tier4_vehicle_msgs__rosidl_typesupport_introspection_cpp
[0.310s] [ 60%] Built target tier4_vehicle_msgs__rosidl_typesupport_fastrtps_c
[0.312s] [ 71%] Built target tier4_vehicle_msgs__rosidl_typesupport_fastrtps_cpp
[0.313s] [ 83%] Built target tier4_vehicle_msgs__rosidl_typesupport_introspection_c
[0.351s] [ 83%] Built target tier4_vehicle_msgs
[0.389s] [ 84%] Built target tier4_vehicle_msgs__py
[0.439s] [ 95%] Built target tier4_vehicle_msgs__rosidl_generator_py
[0.481s] [ 97%] Built target tier4_vehicle_msgs__rosidl_typesupport_fastrtps_c__pyext
[0.481s] [ 99%] Built target tier4_vehicle_msgs__rosidl_typesupport_introspection_c__pyext
[0.482s] [100%] Built target tier4_vehicle_msgs__rosidl_typesupport_c__pyext
[0.771s] running egg_info
[0.772s] writing tier4_vehicle_msgs.egg-info/PKG-INFO
[0.773s] writing dependency_links to tier4_vehicle_msgs.egg-info/dependency_links.txt
[0.773s] writing top-level names to tier4_vehicle_msgs.egg-info/top_level.txt
[0.777s] reading manifest file 'tier4_vehicle_msgs.egg-info/SOURCES.txt'
[0.779s] writing manifest file 'tier4_vehicle_msgs.egg-info/SOURCES.txt'
[0.818s] [100%] Built target ament_cmake_python_build_tier4_vehicle_msgs_egg
[0.840s] Invoked command in '/home/zyme/ros_ws/Autoware_sim_test/build/tier4_vehicle_msgs' returned '0': AMENT_PREFIX_PATH=/home/zyme/ros_ws/Autoware_sim_test/install/tier4_control_msgs:/home/zyme/ros_ws/Autoware_sim_test/install/autoware_common_msgs:${AMENT_PREFIX_PATH} CMAKE_PREFIX_PATH=/home/zyme/ros_ws/Autoware_sim_test/install/tier4_control_msgs:/home/zyme/ros_ws/Autoware_sim_test/install/autoware_common_msgs:/opt/ros/humble LD_LIBRARY_PATH=/home/zyme/ros_ws/Autoware_sim_test/install/tier4_control_msgs/lib:/home/zyme/ros_ws/Autoware_sim_test/install/autoware_common_msgs/lib:${LD_LIBRARY_PATH} PYTHONPATH=/home/zyme/ros_ws/Autoware_sim_test/install/tier4_control_msgs/local/lib/python3.10/dist-packages:/home/zyme/ros_ws/Autoware_sim_test/install/autoware_common_msgs/local/lib/python3.10/dist-packages:${PYTHONPATH} /usr/bin/cmake --build /home/zyme/ros_ws/Autoware_sim_test/build/tier4_vehicle_msgs -- -j12 -l12
[1.441s] Invoking command in '/home/zyme/ros_ws/Autoware_sim_test/build/tier4_vehicle_msgs': AMENT_PREFIX_PATH=/home/zyme/ros_ws/Autoware_sim_test/install/tier4_control_msgs:/home/zyme/ros_ws/Autoware_sim_test/install/autoware_common_msgs:${AMENT_PREFIX_PATH} CMAKE_PREFIX_PATH=/home/zyme/ros_ws/Autoware_sim_test/install/tier4_control_msgs:/home/zyme/ros_ws/Autoware_sim_test/install/autoware_common_msgs:/opt/ros/humble LD_LIBRARY_PATH=/home/zyme/ros_ws/Autoware_sim_test/install/tier4_control_msgs/lib:/home/zyme/ros_ws/Autoware_sim_test/install/autoware_common_msgs/lib:${LD_LIBRARY_PATH} PYTHONPATH=/home/zyme/ros_ws/Autoware_sim_test/install/tier4_control_msgs/local/lib/python3.10/dist-packages:/home/zyme/ros_ws/Autoware_sim_test/install/autoware_common_msgs/local/lib/python3.10/dist-packages:${PYTHONPATH} /usr/bin/cmake --install /home/zyme/ros_ws/Autoware_sim_test/build/tier4_vehicle_msgs
[1.461s] -- Install configuration: "Release"
[1.462s] -- Execute custom install script
[1.463s] -- Up-to-date symlink: /home/zyme/ros_ws/Autoware_sim_test/install/tier4_vehicle_msgs/share/ament_index/resource_index/rosidl_interfaces/tier4_vehicle_msgs
[1.464s] -- Up-to-date symlink: /home/zyme/ros_ws/Autoware_sim_test/install/tier4_vehicle_msgs/include/tier4_vehicle_msgs/tier4_vehicle_msgs/msg/actuation_command.h
[1.465s] -- Up-to-date symlink: /home/zyme/ros_ws/Autoware_sim_test/install/tier4_vehicle_msgs/include/tier4_vehicle_msgs/tier4_vehicle_msgs/msg/actuation_command_stamped.h
[1.465s] -- Up-to-date symlink: /home/zyme/ros_ws/Autoware_sim_test/install/tier4_vehicle_msgs/include/tier4_vehicle_msgs/tier4_vehicle_msgs/msg/actuation_status.h
[1.465s] -- Up-to-date symlink: /home/zyme/ros_ws/Autoware_sim_test/install/tier4_vehicle_msgs/include/tier4_vehicle_msgs/tier4_vehicle_msgs/msg/actuation_status_stamped.h
[1.466s] -- Up-to-date symlink: /home/zyme/ros_ws/Autoware_sim_test/install/tier4_vehicle_msgs/include/tier4_vehicle_msgs/tier4_vehicle_msgs/msg/battery_status.h
[1.466s] -- Up-to-date symlink: /home/zyme/ros_ws/Autoware_sim_test/install/tier4_vehicle_msgs/include/tier4_vehicle_msgs/tier4_vehicle_msgs/msg/detail/actuation_command__functions.h
[1.467s] -- Up-to-date symlink: /home/zyme/ros_ws/Autoware_sim_test/install/tier4_vehicle_msgs/include/tier4_vehicle_msgs/tier4_vehicle_msgs/msg/detail/actuation_command__struct.h
[1.467s] -- Up-to-date symlink: /home/zyme/ros_ws/Autoware_sim_test/install/tier4_vehicle_msgs/include/tier4_vehicle_msgs/tier4_vehicle_msgs/msg/detail/actuation_command__type_support.h
[1.467s] -- Up-to-date symlink: /home/zyme/ros_ws/Autoware_sim_test/install/tier4_vehicle_msgs/include/tier4_vehicle_msgs/tier4_vehicle_msgs/msg/detail/actuation_command_stamped__functions.h
[1.468s] -- Up-to-date symlink: /home/zyme/ros_ws/Autoware_sim_test/install/tier4_vehicle_msgs/include/tier4_vehicle_msgs/tier4_vehicle_msgs/msg/detail/actuation_command_stamped__struct.h
[1.468s] -- Up-to-date symlink: /home/zyme/ros_ws/Autoware_sim_test/install/tier4_vehicle_msgs/include/tier4_vehicle_msgs/tier4_vehicle_msgs/msg/detail/actuation_command_stamped__type_support.h
[1.469s] -- Up-to-date symlink: /home/zyme/ros_ws/Autoware_sim_test/install/tier4_vehicle_msgs/include/tier4_vehicle_msgs/tier4_vehicle_msgs/msg/detail/actuation_status__functions.h
[1.469s] -- Up-to-date symlink: /home/zyme/ros_ws/Autoware_sim_test/install/tier4_vehicle_msgs/include/tier4_vehicle_msgs/tier4_vehicle_msgs/msg/detail/actuation_status__struct.h
[1.470s] -- Up-to-date symlink: /home/zyme/ros_ws/Autoware_sim_test/install/tier4_vehicle_msgs/include/tier4_vehicle_msgs/tier4_vehicle_msgs/msg/detail/actuation_status__type_support.h
[1.470s] -- Up-to-date symlink: /home/zyme/ros_ws/Autoware_sim_test/install/tier4_vehicle_msgs/include/tier4_vehicle_msgs/tier4_vehicle_msgs/msg/detail/actuation_status_stamped__functions.h
[1.470s] -- Up-to-date symlink: /home/zyme/ros_ws/Autoware_sim_test/install/tier4_vehicle_msgs/include/tier4_vehicle_msgs/tier4_vehicle_msgs/msg/detail/actuation_status_stamped__struct.h
[1.471s] -- Up-to-date symlink: /home/zyme/ros_ws/Autoware_sim_test/install/tier4_vehicle_msgs/include/tier4_vehicle_msgs/tier4_vehicle_msgs/msg/detail/actuation_status_stamped__type_support.h
[1.471s] -- Up-to-date symlink: /home/zyme/ros_ws/Autoware_sim_test/install/tier4_vehicle_msgs/include/tier4_vehicle_msgs/tier4_vehicle_msgs/msg/detail/battery_status__functions.h
[1.472s] -- Up-to-date symlink: /home/zyme/ros_ws/Autoware_sim_test/install/tier4_vehicle_msgs/include/tier4_vehicle_msgs/tier4_vehicle_msgs/msg/detail/battery_status__struct.h
[1.472s] -- Up-to-date symlink: /home/zyme/ros_ws/Autoware_sim_test/install/tier4_vehicle_msgs/include/tier4_vehicle_msgs/tier4_vehicle_msgs/msg/detail/battery_status__type_support.h
[1.473s] -- Up-to-date symlink: /home/zyme/ros_ws/Autoware_sim_test/install/tier4_vehicle_msgs/include/tier4_vehicle_msgs/tier4_vehicle_msgs/msg/detail/shift__functions.h
[1.473s] -- Up-to-date symlink: /home/zyme/ros_ws/Autoware_sim_test/install/tier4_vehicle_msgs/include/tier4_vehicle_msgs/tier4_vehicle_msgs/msg/detail/shift__struct.h
[1.474s] -- Up-to-date symlink: /home/zyme/ros_ws/Autoware_sim_test/install/tier4_vehicle_msgs/include/tier4_vehicle_msgs/tier4_vehicle_msgs/msg/detail/shift__type_support.h
[1.474s] -- Up-to-date symlink: /home/zyme/ros_ws/Autoware_sim_test/install/tier4_vehicle_msgs/include/tier4_vehicle_msgs/tier4_vehicle_msgs/msg/detail/shift_stamped__functions.h
[1.474s] -- Up-to-date symlink: /home/zyme/ros_ws/Autoware_sim_test/install/tier4_vehicle_msgs/include/tier4_vehicle_msgs/tier4_vehicle_msgs/msg/detail/shift_stamped__struct.h
[1.474s] -- Up-to-date symlink: /home/zyme/ros_ws/Autoware_sim_test/install/tier4_vehicle_msgs/include/tier4_vehicle_msgs/tier4_vehicle_msgs/msg/detail/shift_stamped__type_support.h
[1.475s] -- Up-to-date symlink: /home/zyme/ros_ws/Autoware_sim_test/install/tier4_vehicle_msgs/include/tier4_vehicle_msgs/tier4_vehicle_msgs/msg/detail/steering__functions.h
[1.475s] -- Up-to-date symlink: /home/zyme/ros_ws/Autoware_sim_test/install/tier4_vehicle_msgs/include/tier4_vehicle_msgs/tier4_vehicle_msgs/msg/detail/steering__struct.h
[1.475s] -- Up-to-date symlink: /home/zyme/ros_ws/Autoware_sim_test/install/tier4_vehicle_msgs/include/tier4_vehicle_msgs/tier4_vehicle_msgs/msg/detail/steering__type_support.h
[1.476s] -- Up-to-date symlink: /home/zyme/ros_ws/Autoware_sim_test/install/tier4_vehicle_msgs/include/tier4_vehicle_msgs/tier4_vehicle_msgs/msg/detail/steering_wheel_status_stamped__functions.h
[1.476s] -- Up-to-date symlink: /home/zyme/ros_ws/Autoware_sim_test/install/tier4_vehicle_msgs/include/tier4_vehicle_msgs/tier4_vehicle_msgs/msg/detail/steering_wheel_status_stamped__struct.h
[1.476s] -- Up-to-date symlink: /home/zyme/ros_ws/Autoware_sim_test/install/tier4_vehicle_msgs/include/tier4_vehicle_msgs/tier4_vehicle_msgs/msg/detail/steering_wheel_status_stamped__type_support.h
[1.477s] -- Up-to-date symlink: /home/zyme/ros_ws/Autoware_sim_test/install/tier4_vehicle_msgs/include/tier4_vehicle_msgs/tier4_vehicle_msgs/msg/detail/turn_signal__functions.h
[1.477s] -- Up-to-date symlink: /home/zyme/ros_ws/Autoware_sim_test/install/tier4_vehicle_msgs/include/tier4_vehicle_msgs/tier4_vehicle_msgs/msg/detail/turn_signal__struct.h
[1.477s] -- Up-to-date symlink: /home/zyme/ros_ws/Autoware_sim_test/install/tier4_vehicle_msgs/include/tier4_vehicle_msgs/tier4_vehicle_msgs/msg/detail/turn_signal__type_support.h
[1.478s] -- Up-to-date symlink: /home/zyme/ros_ws/Autoware_sim_test/install/tier4_vehicle_msgs/include/tier4_vehicle_msgs/tier4_vehicle_msgs/msg/detail/vehicle_emergency_stamped__functions.h
[1.478s] -- Up-to-date symlink: /home/zyme/ros_ws/Autoware_sim_test/install/tier4_vehicle_msgs/include/tier4_vehicle_msgs/tier4_vehicle_msgs/msg/detail/vehicle_emergency_stamped__struct.h
[1.478s] -- Up-to-date symlink: /home/zyme/ros_ws/Autoware_sim_test/install/tier4_vehicle_msgs/include/tier4_vehicle_msgs/tier4_vehicle_msgs/msg/detail/vehicle_emergency_stamped__type_support.h
[1.478s] -- Up-to-date symlink: /home/zyme/ros_ws/Autoware_sim_test/install/tier4_vehicle_msgs/include/tier4_vehicle_msgs/tier4_vehicle_msgs/msg/rosidl_generator_c__visibility_control.h
[1.479s] -- Up-to-date symlink: /home/zyme/ros_ws/Autoware_sim_test/install/tier4_vehicle_msgs/include/tier4_vehicle_msgs/tier4_vehicle_msgs/msg/shift.h
[1.479s] -- Up-to-date symlink: /home/zyme/ros_ws/Autoware_sim_test/install/tier4_vehicle_msgs/include/tier4_vehicle_msgs/tier4_vehicle_msgs/msg/shift_stamped.h
[1.480s] -- Up-to-date symlink: /home/zyme/ros_ws/Autoware_sim_test/install/tier4_vehicle_msgs/include/tier4_vehicle_msgs/tier4_vehicle_msgs/msg/steering.h
[1.480s] -- Up-to-date symlink: /home/zyme/ros_ws/Autoware_sim_test/install/tier4_vehicle_msgs/include/tier4_vehicle_msgs/tier4_vehicle_msgs/msg/steering_wheel_status_stamped.h
[1.480s] -- Up-to-date symlink: /home/zyme/ros_ws/Autoware_sim_test/install/tier4_vehicle_msgs/include/tier4_vehicle_msgs/tier4_vehicle_msgs/msg/turn_signal.h
[1.480s] -- Up-to-date symlink: /home/zyme/ros_ws/Autoware_sim_test/install/tier4_vehicle_msgs/include/tier4_vehicle_msgs/tier4_vehicle_msgs/msg/vehicle_emergency_stamped.h
[1.481s] -- Up-to-date symlink: /home/zyme/ros_ws/Autoware_sim_test/install/tier4_vehicle_msgs/include/tier4_vehicle_msgs/tier4_vehicle_msgs/srv/detail/update_accel_brake_map__functions.h
[1.481s] -- Up-to-date symlink: /home/zyme/ros_ws/Autoware_sim_test/install/tier4_vehicle_msgs/include/tier4_vehicle_msgs/tier4_vehicle_msgs/srv/detail/update_accel_brake_map__struct.h
[1.481s] -- Up-to-date symlink: /home/zyme/ros_ws/Autoware_sim_test/install/tier4_vehicle_msgs/include/tier4_vehicle_msgs/tier4_vehicle_msgs/srv/detail/update_accel_brake_map__type_support.h
[1.482s] -- Up-to-date symlink: /home/zyme/ros_ws/Autoware_sim_test/install/tier4_vehicle_msgs/include/tier4_vehicle_msgs/tier4_vehicle_msgs/srv/update_accel_brake_map.h
[1.482s] -- Up-to-date symlink: /home/zyme/ros_ws/Autoware_sim_test/install/tier4_vehicle_msgs/share/tier4_vehicle_msgs/environment/library_path.sh
[1.483s] -- Up-to-date symlink: /home/zyme/ros_ws/Autoware_sim_test/install/tier4_vehicle_msgs/share/tier4_vehicle_msgs/environment/library_path.dsv
[1.484s] -- Up-to-date symlink: /home/zyme/ros_ws/Autoware_sim_test/install/tier4_vehicle_msgs/include/tier4_vehicle_msgs/tier4_vehicle_msgs/msg/detail/actuation_command__rosidl_typesupport_fastrtps_c.h
[1.485s] -- Up-to-date symlink: /home/zyme/ros_ws/Autoware_sim_test/install/tier4_vehicle_msgs/include/tier4_vehicle_msgs/tier4_vehicle_msgs/msg/detail/actuation_command_stamped__rosidl_typesupport_fastrtps_c.h
[1.485s] -- Up-to-date symlink: /home/zyme/ros_ws/Autoware_sim_test/install/tier4_vehicle_msgs/include/tier4_vehicle_msgs/tier4_vehicle_msgs/msg/detail/actuation_status__rosidl_typesupport_fastrtps_c.h
[1.485s] -- Up-to-date symlink: /home/zyme/ros_ws/Autoware_sim_test/install/tier4_vehicle_msgs/include/tier4_vehicle_msgs/tier4_vehicle_msgs/msg/detail/actuation_status_stamped__rosidl_typesupport_fastrtps_c.h
[1.486s] -- Up-to-date symlink: /home/zyme/ros_ws/Autoware_sim_test/install/tier4_vehicle_msgs/include/tier4_vehicle_msgs/tier4_vehicle_msgs/msg/detail/battery_status__rosidl_typesupport_fastrtps_c.h
[1.486s] -- Up-to-date symlink: /home/zyme/ros_ws/Autoware_sim_test/install/tier4_vehicle_msgs/include/tier4_vehicle_msgs/tier4_vehicle_msgs/msg/detail/shift__rosidl_typesupport_fastrtps_c.h
[1.486s] -- Up-to-date symlink: /home/zyme/ros_ws/Autoware_sim_test/install/tier4_vehicle_msgs/include/tier4_vehicle_msgs/tier4_vehicle_msgs/msg/detail/shift_stamped__rosidl_typesupport_fastrtps_c.h
[1.487s] -- Up-to-date symlink: /home/zyme/ros_ws/Autoware_sim_test/install/tier4_vehicle_msgs/include/tier4_vehicle_msgs/tier4_vehicle_msgs/msg/detail/steering__rosidl_typesupport_fastrtps_c.h
[1.487s] -- Up-to-date symlink: /home/zyme/ros_ws/Autoware_sim_test/install/tier4_vehicle_msgs/include/tier4_vehicle_msgs/tier4_vehicle_msgs/msg/detail/steering_wheel_status_stamped__rosidl_typesupport_fastrtps_c.h
[1.488s] -- Up-to-date symlink: /home/zyme/ros_ws/Autoware_sim_test/install/tier4_vehicle_msgs/include/tier4_vehicle_msgs/tier4_vehicle_msgs/msg/detail/turn_signal__rosidl_typesupport_fastrtps_c.h
[1.488s] -- Up-to-date symlink: /home/zyme/ros_ws/Autoware_sim_test/install/tier4_vehicle_msgs/include/tier4_vehicle_msgs/tier4_vehicle_msgs/msg/detail/vehicle_emergency_stamped__rosidl_typesupport_fastrtps_c.h
[1.488s] -- Up-to-date symlink: /home/zyme/ros_ws/Autoware_sim_test/install/tier4_vehicle_msgs/include/tier4_vehicle_msgs/tier4_vehicle_msgs/msg/rosidl_typesupport_fastrtps_c__visibility_control.h
[1.489s] -- Up-to-date symlink: /home/zyme/ros_ws/Autoware_sim_test/install/tier4_vehicle_msgs/include/tier4_vehicle_msgs/tier4_vehicle_msgs/srv/detail/update_accel_brake_map__rosidl_typesupport_fastrtps_c.h
[1.490s] -- Up-to-date symlink: /home/zyme/ros_ws/Autoware_sim_test/install/tier4_vehicle_msgs/include/tier4_vehicle_msgs/tier4_vehicle_msgs/msg/detail/actuation_command__rosidl_typesupport_introspection_c.h
[1.490s] -- Up-to-date symlink: /home/zyme/ros_ws/Autoware_sim_test/install/tier4_vehicle_msgs/include/tier4_vehicle_msgs/tier4_vehicle_msgs/msg/detail/actuation_command_stamped__rosidl_typesupport_introspection_c.h
[1.490s] -- Up-to-date symlink: /home/zyme/ros_ws/Autoware_sim_test/install/tier4_vehicle_msgs/include/tier4_vehicle_msgs/tier4_vehicle_msgs/msg/detail/actuation_status__rosidl_typesupport_introspection_c.h
[1.491s] -- Up-to-date symlink: /home/zyme/ros_ws/Autoware_sim_test/install/tier4_vehicle_msgs/include/tier4_vehicle_msgs/tier4_vehicle_msgs/msg/detail/actuation_status_stamped__rosidl_typesupport_introspection_c.h
[1.491s] -- Up-to-date symlink: /home/zyme/ros_ws/Autoware_sim_test/install/tier4_vehicle_msgs/include/tier4_vehicle_msgs/tier4_vehicle_msgs/msg/detail/battery_status__rosidl_typesupport_introspection_c.h
[1.491s] -- Up-to-date symlink: /home/zyme/ros_ws/Autoware_sim_test/install/tier4_vehicle_msgs/include/tier4_vehicle_msgs/tier4_vehicle_msgs/msg/detail/shift__rosidl_typesupport_introspection_c.h
[1.492s] -- Up-to-date symlink: /home/zyme/ros_ws/Autoware_sim_test/install/tier4_vehicle_msgs/include/tier4_vehicle_msgs/tier4_vehicle_msgs/msg/detail/shift_stamped__rosidl_typesupport_introspection_c.h
[1.492s] -- Up-to-date symlink: /home/zyme/ros_ws/Autoware_sim_test/install/tier4_vehicle_msgs/include/tier4_vehicle_msgs/tier4_vehicle_msgs/msg/detail/steering__rosidl_typesupport_introspection_c.h
[1.492s] -- Up-to-date symlink: /home/zyme/ros_ws/Autoware_sim_test/install/tier4_vehicle_msgs/include/tier4_vehicle_msgs/tier4_vehicle_msgs/msg/detail/steering_wheel_status_stamped__rosidl_typesupport_introspection_c.h
[1.493s] -- Up-to-date symlink: /home/zyme/ros_ws/Autoware_sim_test/install/tier4_vehicle_msgs/include/tier4_vehicle_msgs/tier4_vehicle_msgs/msg/detail/turn_signal__rosidl_typesupport_introspection_c.h
[1.493s] -- Up-to-date symlink: /home/zyme/ros_ws/Autoware_sim_test/install/tier4_vehicle_msgs/include/tier4_vehicle_msgs/tier4_vehicle_msgs/msg/detail/vehicle_emergency_stamped__rosidl_typesupport_introspection_c.h
[1.493s] -- Up-to-date symlink: /home/zyme/ros_ws/Autoware_sim_test/install/tier4_vehicle_msgs/include/tier4_vehicle_msgs/tier4_vehicle_msgs/msg/rosidl_typesupport_introspection_c__visibility_control.h
[1.494s] -- Up-to-date symlink: /home/zyme/ros_ws/Autoware_sim_test/install/tier4_vehicle_msgs/include/tier4_vehicle_msgs/tier4_vehicle_msgs/srv/detail/update_accel_brake_map__rosidl_typesupport_introspection_c.h
[1.495s] -- Up-to-date symlink: /home/zyme/ros_ws/Autoware_sim_test/install/tier4_vehicle_msgs/include/tier4_vehicle_msgs/tier4_vehicle_msgs/msg/actuation_command.hpp
[1.495s] -- Up-to-date symlink: /home/zyme/ros_ws/Autoware_sim_test/install/tier4_vehicle_msgs/include/tier4_vehicle_msgs/tier4_vehicle_msgs/msg/actuation_command_stamped.hpp
[1.496s] -- Up-to-date symlink: /home/zyme/ros_ws/Autoware_sim_test/install/tier4_vehicle_msgs/include/tier4_vehicle_msgs/tier4_vehicle_msgs/msg/actuation_status.hpp
[1.496s] -- Up-to-date symlink: /home/zyme/ros_ws/Autoware_sim_test/install/tier4_vehicle_msgs/include/tier4_vehicle_msgs/tier4_vehicle_msgs/msg/actuation_status_stamped.hpp
[1.496s] -- Up-to-date symlink: /home/zyme/ros_ws/Autoware_sim_test/install/tier4_vehicle_msgs/include/tier4_vehicle_msgs/tier4_vehicle_msgs/msg/battery_status.hpp
[1.496s] -- Up-to-date symlink: /home/zyme/ros_ws/Autoware_sim_test/install/tier4_vehicle_msgs/include/tier4_vehicle_msgs/tier4_vehicle_msgs/msg/detail/actuation_command__builder.hpp
[1.497s] -- Up-to-date symlink: /home/zyme/ros_ws/Autoware_sim_test/install/tier4_vehicle_msgs/include/tier4_vehicle_msgs/tier4_vehicle_msgs/msg/detail/actuation_command__struct.hpp
[1.497s] -- Up-to-date symlink: /home/zyme/ros_ws/Autoware_sim_test/install/tier4_vehicle_msgs/include/tier4_vehicle_msgs/tier4_vehicle_msgs/msg/detail/actuation_command__traits.hpp
[1.497s] -- Up-to-date symlink: /home/zyme/ros_ws/Autoware_sim_test/install/tier4_vehicle_msgs/include/tier4_vehicle_msgs/tier4_vehicle_msgs/msg/detail/actuation_command_stamped__builder.hpp
[1.498s] -- Up-to-date symlink: /home/zyme/ros_ws/Autoware_sim_test/install/tier4_vehicle_msgs/include/tier4_vehicle_msgs/tier4_vehicle_msgs/msg/detail/actuation_command_stamped__struct.hpp
[1.498s] -- Up-to-date symlink: /home/zyme/ros_ws/Autoware_sim_test/install/tier4_vehicle_msgs/include/tier4_vehicle_msgs/tier4_vehicle_msgs/msg/detail/actuation_command_stamped__traits.hpp
[1.498s] -- Up-to-date symlink: /home/zyme/ros_ws/Autoware_sim_test/install/tier4_vehicle_msgs/include/tier4_vehicle_msgs/tier4_vehicle_msgs/msg/detail/actuation_status__builder.hpp
[1.498s] -- Up-to-date symlink: /home/zyme/ros_ws/Autoware_sim_test/install/tier4_vehicle_msgs/include/tier4_vehicle_msgs/tier4_vehicle_msgs/msg/detail/actuation_status__struct.hpp
[1.499s] -- Up-to-date symlink: /home/zyme/ros_ws/Autoware_sim_test/install/tier4_vehicle_msgs/include/tier4_vehicle_msgs/tier4_vehicle_msgs/msg/detail/actuation_status__traits.hpp
[1.499s] -- Up-to-date symlink: /home/zyme/ros_ws/Autoware_sim_test/install/tier4_vehicle_msgs/include/tier4_vehicle_msgs/tier4_vehicle_msgs/msg/detail/actuation_status_stamped__builder.hpp
[1.499s] -- Up-to-date symlink: /home/zyme/ros_ws/Autoware_sim_test/install/tier4_vehicle_msgs/include/tier4_vehicle_msgs/tier4_vehicle_msgs/msg/detail/actuation_status_stamped__struct.hpp
[1.500s] -- Up-to-date symlink: /home/zyme/ros_ws/Autoware_sim_test/install/tier4_vehicle_msgs/include/tier4_vehicle_msgs/tier4_vehicle_msgs/msg/detail/actuation_status_stamped__traits.hpp
[1.500s] -- Up-to-date symlink: /home/zyme/ros_ws/Autoware_sim_test/install/tier4_vehicle_msgs/include/tier4_vehicle_msgs/tier4_vehicle_msgs/msg/detail/battery_status__builder.hpp
[1.500s] -- Up-to-date symlink: /home/zyme/ros_ws/Autoware_sim_test/install/tier4_vehicle_msgs/include/tier4_vehicle_msgs/tier4_vehicle_msgs/msg/detail/battery_status__struct.hpp
[1.501s] -- Up-to-date symlink: /home/zyme/ros_ws/Autoware_sim_test/install/tier4_vehicle_msgs/include/tier4_vehicle_msgs/tier4_vehicle_msgs/msg/detail/battery_status__traits.hpp
[1.501s] -- Up-to-date symlink: /home/zyme/ros_ws/Autoware_sim_test/install/tier4_vehicle_msgs/include/tier4_vehicle_msgs/tier4_vehicle_msgs/msg/detail/shift__builder.hpp
[1.501s] -- Up-to-date symlink: /home/zyme/ros_ws/Autoware_sim_test/install/tier4_vehicle_msgs/include/tier4_vehicle_msgs/tier4_vehicle_msgs/msg/detail/shift__struct.hpp
[1.502s] -- Up-to-date symlink: /home/zyme/ros_ws/Autoware_sim_test/install/tier4_vehicle_msgs/include/tier4_vehicle_msgs/tier4_vehicle_msgs/msg/detail/shift__traits.hpp
[1.502s] -- Up-to-date symlink: /home/zyme/ros_ws/Autoware_sim_test/install/tier4_vehicle_msgs/include/tier4_vehicle_msgs/tier4_vehicle_msgs/msg/detail/shift_stamped__builder.hpp
[1.502s] -- Up-to-date symlink: /home/zyme/ros_ws/Autoware_sim_test/install/tier4_vehicle_msgs/include/tier4_vehicle_msgs/tier4_vehicle_msgs/msg/detail/shift_stamped__struct.hpp
[1.503s] -- Up-to-date symlink: /home/zyme/ros_ws/Autoware_sim_test/install/tier4_vehicle_msgs/include/tier4_vehicle_msgs/tier4_vehicle_msgs/msg/detail/shift_stamped__traits.hpp
[1.503s] -- Up-to-date symlink: /home/zyme/ros_ws/Autoware_sim_test/install/tier4_vehicle_msgs/include/tier4_vehicle_msgs/tier4_vehicle_msgs/msg/detail/steering__builder.hpp
[1.503s] -- Up-to-date symlink: /home/zyme/ros_ws/Autoware_sim_test/install/tier4_vehicle_msgs/include/tier4_vehicle_msgs/tier4_vehicle_msgs/msg/detail/steering__struct.hpp
[1.503s] -- Up-to-date symlink: /home/zyme/ros_ws/Autoware_sim_test/install/tier4_vehicle_msgs/include/tier4_vehicle_msgs/tier4_vehicle_msgs/msg/detail/steering__traits.hpp
[1.504s] -- Up-to-date symlink: /home/zyme/ros_ws/Autoware_sim_test/install/tier4_vehicle_msgs/include/tier4_vehicle_msgs/tier4_vehicle_msgs/msg/detail/steering_wheel_status_stamped__builder.hpp
[1.504s] -- Up-to-date symlink: /home/zyme/ros_ws/Autoware_sim_test/install/tier4_vehicle_msgs/include/tier4_vehicle_msgs/tier4_vehicle_msgs/msg/detail/steering_wheel_status_stamped__struct.hpp
[1.504s] -- Up-to-date symlink: /home/zyme/ros_ws/Autoware_sim_test/install/tier4_vehicle_msgs/include/tier4_vehicle_msgs/tier4_vehicle_msgs/msg/detail/steering_wheel_status_stamped__traits.hpp
[1.505s] -- Up-to-date symlink: /home/zyme/ros_ws/Autoware_sim_test/install/tier4_vehicle_msgs/include/tier4_vehicle_msgs/tier4_vehicle_msgs/msg/detail/turn_signal__builder.hpp
[1.505s] -- Up-to-date symlink: /home/zyme/ros_ws/Autoware_sim_test/install/tier4_vehicle_msgs/include/tier4_vehicle_msgs/tier4_vehicle_msgs/msg/detail/turn_signal__struct.hpp
[1.506s] -- Up-to-date symlink: /home/zyme/ros_ws/Autoware_sim_test/install/tier4_vehicle_msgs/include/tier4_vehicle_msgs/tier4_vehicle_msgs/msg/detail/turn_signal__traits.hpp
[1.506s] -- Up-to-date symlink: /home/zyme/ros_ws/Autoware_sim_test/install/tier4_vehicle_msgs/include/tier4_vehicle_msgs/tier4_vehicle_msgs/msg/detail/vehicle_emergency_stamped__builder.hpp
[1.506s] -- Up-to-date symlink: /home/zyme/ros_ws/Autoware_sim_test/install/tier4_vehicle_msgs/include/tier4_vehicle_msgs/tier4_vehicle_msgs/msg/detail/vehicle_emergency_stamped__struct.hpp
[1.507s] -- Up-to-date symlink: /home/zyme/ros_ws/Autoware_sim_test/install/tier4_vehicle_msgs/include/tier4_vehicle_msgs/tier4_vehicle_msgs/msg/detail/vehicle_emergency_stamped__traits.hpp
[1.507s] -- Up-to-date symlink: /home/zyme/ros_ws/Autoware_sim_test/install/tier4_vehicle_msgs/include/tier4_vehicle_msgs/tier4_vehicle_msgs/msg/shift.hpp
[1.507s] -- Up-to-date symlink: /home/zyme/ros_ws/Autoware_sim_test/install/tier4_vehicle_msgs/include/tier4_vehicle_msgs/tier4_vehicle_msgs/msg/shift_stamped.hpp
[1.508s] -- Up-to-date symlink: /home/zyme/ros_ws/Autoware_sim_test/install/tier4_vehicle_msgs/include/tier4_vehicle_msgs/tier4_vehicle_msgs/msg/steering.hpp
[1.508s] -- Up-to-date symlink: /home/zyme/ros_ws/Autoware_sim_test/install/tier4_vehicle_msgs/include/tier4_vehicle_msgs/tier4_vehicle_msgs/msg/steering_wheel_status_stamped.hpp
[1.508s] -- Up-to-date symlink: /home/zyme/ros_ws/Autoware_sim_test/install/tier4_vehicle_msgs/include/tier4_vehicle_msgs/tier4_vehicle_msgs/msg/turn_signal.hpp
[1.508s] -- Up-to-date symlink: /home/zyme/ros_ws/Autoware_sim_test/install/tier4_vehicle_msgs/include/tier4_vehicle_msgs/tier4_vehicle_msgs/msg/vehicle_emergency_stamped.hpp
[1.509s] -- Up-to-date symlink: /home/zyme/ros_ws/Autoware_sim_test/install/tier4_vehicle_msgs/include/tier4_vehicle_msgs/tier4_vehicle_msgs/srv/detail/update_accel_brake_map__builder.hpp
[1.509s] -- Up-to-date symlink: /home/zyme/ros_ws/Autoware_sim_test/install/tier4_vehicle_msgs/include/tier4_vehicle_msgs/tier4_vehicle_msgs/srv/detail/update_accel_brake_map__struct.hpp
[1.509s] -- Up-to-date symlink: /home/zyme/ros_ws/Autoware_sim_test/install/tier4_vehicle_msgs/include/tier4_vehicle_msgs/tier4_vehicle_msgs/srv/detail/update_accel_brake_map__traits.hpp
[1.510s] -- Up-to-date symlink: /home/zyme/ros_ws/Autoware_sim_test/install/tier4_vehicle_msgs/include/tier4_vehicle_msgs/tier4_vehicle_msgs/srv/update_accel_brake_map.hpp
[1.512s] -- Up-to-date symlink: /home/zyme/ros_ws/Autoware_sim_test/install/tier4_vehicle_msgs/include/tier4_vehicle_msgs/tier4_vehicle_msgs/msg/detail/actuation_command__rosidl_typesupport_fastrtps_cpp.hpp
[1.512s] -- Up-to-date symlink: /home/zyme/ros_ws/Autoware_sim_test/install/tier4_vehicle_msgs/include/tier4_vehicle_msgs/tier4_vehicle_msgs/msg/detail/actuation_command_stamped__rosidl_typesupport_fastrtps_cpp.hpp
[1.512s] -- Up-to-date symlink: /home/zyme/ros_ws/Autoware_sim_test/install/tier4_vehicle_msgs/include/tier4_vehicle_msgs/tier4_vehicle_msgs/msg/detail/actuation_status__rosidl_typesupport_fastrtps_cpp.hpp
[1.513s] -- Up-to-date symlink: /home/zyme/ros_ws/Autoware_sim_test/install/tier4_vehicle_msgs/include/tier4_vehicle_msgs/tier4_vehicle_msgs/msg/detail/actuation_status_stamped__rosidl_typesupport_fastrtps_cpp.hpp
[1.513s] -- Up-to-date symlink: /home/zyme/ros_ws/Autoware_sim_test/install/tier4_vehicle_msgs/include/tier4_vehicle_msgs/tier4_vehicle_msgs/msg/detail/battery_status__rosidl_typesupport_fastrtps_cpp.hpp
[1.513s] -- Up-to-date symlink: /home/zyme/ros_ws/Autoware_sim_test/install/tier4_vehicle_msgs/include/tier4_vehicle_msgs/tier4_vehicle_msgs/msg/detail/shift__rosidl_typesupport_fastrtps_cpp.hpp
[1.513s] -- Up-to-date symlink: /home/zyme/ros_ws/Autoware_sim_test/install/tier4_vehicle_msgs/include/tier4_vehicle_msgs/tier4_vehicle_msgs/msg/detail/shift_stamped__rosidl_typesupport_fastrtps_cpp.hpp
[1.514s] -- Up-to-date symlink: /home/zyme/ros_ws/Autoware_sim_test/install/tier4_vehicle_msgs/include/tier4_vehicle_msgs/tier4_vehicle_msgs/msg/detail/steering__rosidl_typesupport_fastrtps_cpp.hpp
[1.514s] -- Up-to-date symlink: /home/zyme/ros_ws/Autoware_sim_test/install/tier4_vehicle_msgs/include/tier4_vehicle_msgs/tier4_vehicle_msgs/msg/detail/steering_wheel_status_stamped__rosidl_typesupport_fastrtps_cpp.hpp
[1.514s] -- Up-to-date symlink: /home/zyme/ros_ws/Autoware_sim_test/install/tier4_vehicle_msgs/include/tier4_vehicle_msgs/tier4_vehicle_msgs/msg/detail/turn_signal__rosidl_typesupport_fastrtps_cpp.hpp
[1.515s] -- Up-to-date symlink: /home/zyme/ros_ws/Autoware_sim_test/install/tier4_vehicle_msgs/include/tier4_vehicle_msgs/tier4_vehicle_msgs/msg/detail/vehicle_emergency_stamped__rosidl_typesupport_fastrtps_cpp.hpp
[1.515s] -- Up-to-date symlink: /home/zyme/ros_ws/Autoware_sim_test/install/tier4_vehicle_msgs/include/tier4_vehicle_msgs/tier4_vehicle_msgs/msg/rosidl_typesupport_fastrtps_cpp__visibility_control.h
[1.515s] -- Up-to-date symlink: /home/zyme/ros_ws/Autoware_sim_test/install/tier4_vehicle_msgs/include/tier4_vehicle_msgs/tier4_vehicle_msgs/srv/detail/update_accel_brake_map__rosidl_typesupport_fastrtps_cpp.hpp
[1.516s] -- Up-to-date symlink: /home/zyme/ros_ws/Autoware_sim_test/install/tier4_vehicle_msgs/include/tier4_vehicle_msgs/tier4_vehicle_msgs/msg/detail/actuation_command__rosidl_typesupport_introspection_cpp.hpp
[1.517s] -- Up-to-date symlink: /home/zyme/ros_ws/Autoware_sim_test/install/tier4_vehicle_msgs/include/tier4_vehicle_msgs/tier4_vehicle_msgs/msg/detail/actuation_command_stamped__rosidl_typesupport_introspection_cpp.hpp
[1.517s] -- Up-to-date symlink: /home/zyme/ros_ws/Autoware_sim_test/install/tier4_vehicle_msgs/include/tier4_vehicle_msgs/tier4_vehicle_msgs/msg/detail/actuation_status__rosidl_typesupport_introspection_cpp.hpp
[1.517s] -- Up-to-date symlink: /home/zyme/ros_ws/Autoware_sim_test/install/tier4_vehicle_msgs/include/tier4_vehicle_msgs/tier4_vehicle_msgs/msg/detail/actuation_status_stamped__rosidl_typesupport_introspection_cpp.hpp
[1.518s] -- Up-to-date symlink: /home/zyme/ros_ws/Autoware_sim_test/install/tier4_vehicle_msgs/include/tier4_vehicle_msgs/tier4_vehicle_msgs/msg/detail/battery_status__rosidl_typesupport_introspection_cpp.hpp
[1.518s] -- Up-to-date symlink: /home/zyme/ros_ws/Autoware_sim_test/install/tier4_vehicle_msgs/include/tier4_vehicle_msgs/tier4_vehicle_msgs/msg/detail/shift__rosidl_typesupport_introspection_cpp.hpp
[1.518s] -- Up-to-date symlink: /home/zyme/ros_ws/Autoware_sim_test/install/tier4_vehicle_msgs/include/tier4_vehicle_msgs/tier4_vehicle_msgs/msg/detail/shift_stamped__rosidl_typesupport_introspection_cpp.hpp
[1.519s] -- Up-to-date symlink: /home/zyme/ros_ws/Autoware_sim_test/install/tier4_vehicle_msgs/include/tier4_vehicle_msgs/tier4_vehicle_msgs/msg/detail/steering__rosidl_typesupport_introspection_cpp.hpp
[1.519s] -- Up-to-date symlink: /home/zyme/ros_ws/Autoware_sim_test/install/tier4_vehicle_msgs/include/tier4_vehicle_msgs/tier4_vehicle_msgs/msg/detail/steering_wheel_status_stamped__rosidl_typesupport_introspection_cpp.hpp
[1.519s] -- Up-to-date symlink: /home/zyme/ros_ws/Autoware_sim_test/install/tier4_vehicle_msgs/include/tier4_vehicle_msgs/tier4_vehicle_msgs/msg/detail/turn_signal__rosidl_typesupport_introspection_cpp.hpp
[1.520s] -- Up-to-date symlink: /home/zyme/ros_ws/Autoware_sim_test/install/tier4_vehicle_msgs/include/tier4_vehicle_msgs/tier4_vehicle_msgs/msg/detail/vehicle_emergency_stamped__rosidl_typesupport_introspection_cpp.hpp
[1.520s] -- Up-to-date symlink: /home/zyme/ros_ws/Autoware_sim_test/install/tier4_vehicle_msgs/include/tier4_vehicle_msgs/tier4_vehicle_msgs/srv/detail/update_accel_brake_map__rosidl_typesupport_introspection_cpp.hpp
[1.520s] -- Up-to-date symlink: /home/zyme/ros_ws/Autoware_sim_test/install/tier4_vehicle_msgs/share/tier4_vehicle_msgs/environment/pythonpath.sh
[1.521s] -- Up-to-date symlink: /home/zyme/ros_ws/Autoware_sim_test/install/tier4_vehicle_msgs/share/tier4_vehicle_msgs/environment/pythonpath.dsv
[1.521s] -- Up-to-date symlink: /home/zyme/ros_ws/Autoware_sim_test/install/tier4_vehicle_msgs/local/lib/python3.10/dist-packages/tier4_vehicle_msgs-0.1.0-py3.10.egg-info/PKG-INFO
[1.522s] -- Up-to-date symlink: /home/zyme/ros_ws/Autoware_sim_test/install/tier4_vehicle_msgs/local/lib/python3.10/dist-packages/tier4_vehicle_msgs-0.1.0-py3.10.egg-info/SOURCES.txt
[1.522s] -- Up-to-date symlink: /home/zyme/ros_ws/Autoware_sim_test/install/tier4_vehicle_msgs/local/lib/python3.10/dist-packages/tier4_vehicle_msgs-0.1.0-py3.10.egg-info/dependency_links.txt
[1.522s] -- Up-to-date symlink: /home/zyme/ros_ws/Autoware_sim_test/install/tier4_vehicle_msgs/local/lib/python3.10/dist-packages/tier4_vehicle_msgs-0.1.0-py3.10.egg-info/top_level.txt
[1.524s] -- Up-to-date symlink: /home/zyme/ros_ws/Autoware_sim_test/install/tier4_vehicle_msgs/local/lib/python3.10/dist-packages/tier4_vehicle_msgs/__init__.py
[1.524s] -- Up-to-date symlink: /home/zyme/ros_ws/Autoware_sim_test/install/tier4_vehicle_msgs/local/lib/python3.10/dist-packages/tier4_vehicle_msgs/_tier4_vehicle_msgs_s.ep.rosidl_typesupport_c.c
[1.525s] -- Up-to-date symlink: /home/zyme/ros_ws/Autoware_sim_test/install/tier4_vehicle_msgs/local/lib/python3.10/dist-packages/tier4_vehicle_msgs/_tier4_vehicle_msgs_s.ep.rosidl_typesupport_fastrtps_c.c
[1.525s] -- Up-to-date symlink: /home/zyme/ros_ws/Autoware_sim_test/install/tier4_vehicle_msgs/local/lib/python3.10/dist-packages/tier4_vehicle_msgs/_tier4_vehicle_msgs_s.ep.rosidl_typesupport_introspection_c.c
[1.525s] -- Up-to-date symlink: /home/zyme/ros_ws/Autoware_sim_test/install/tier4_vehicle_msgs/local/lib/python3.10/dist-packages/tier4_vehicle_msgs/libtier4_vehicle_msgs__rosidl_generator_py.so
[1.525s] -- Up-to-date symlink: /home/zyme/ros_ws/Autoware_sim_test/install/tier4_vehicle_msgs/local/lib/python3.10/dist-packages/tier4_vehicle_msgs/msg/__init__.py
[1.526s] -- Up-to-date symlink: /home/zyme/ros_ws/Autoware_sim_test/install/tier4_vehicle_msgs/local/lib/python3.10/dist-packages/tier4_vehicle_msgs/msg/_actuation_command.py
[1.526s] -- Up-to-date symlink: /home/zyme/ros_ws/Autoware_sim_test/install/tier4_vehicle_msgs/local/lib/python3.10/dist-packages/tier4_vehicle_msgs/msg/_actuation_command_s.c
[1.526s] -- Up-to-date symlink: /home/zyme/ros_ws/Autoware_sim_test/install/tier4_vehicle_msgs/local/lib/python3.10/dist-packages/tier4_vehicle_msgs/msg/_actuation_command_stamped.py
[1.527s] -- Up-to-date symlink: /home/zyme/ros_ws/Autoware_sim_test/install/tier4_vehicle_msgs/local/lib/python3.10/dist-packages/tier4_vehicle_msgs/msg/_actuation_command_stamped_s.c
[1.527s] -- Up-to-date symlink: /home/zyme/ros_ws/Autoware_sim_test/install/tier4_vehicle_msgs/local/lib/python3.10/dist-packages/tier4_vehicle_msgs/msg/_actuation_status.py
[1.527s] -- Up-to-date symlink: /home/zyme/ros_ws/Autoware_sim_test/install/tier4_vehicle_msgs/local/lib/python3.10/dist-packages/tier4_vehicle_msgs/msg/_actuation_status_s.c
[1.527s] -- Up-to-date symlink: /home/zyme/ros_ws/Autoware_sim_test/install/tier4_vehicle_msgs/local/lib/python3.10/dist-packages/tier4_vehicle_msgs/msg/_actuation_status_stamped.py
[1.528s] -- Up-to-date symlink: /home/zyme/ros_ws/Autoware_sim_test/install/tier4_vehicle_msgs/local/lib/python3.10/dist-packages/tier4_vehicle_msgs/msg/_actuation_status_stamped_s.c
[1.528s] -- Up-to-date symlink: /home/zyme/ros_ws/Autoware_sim_test/install/tier4_vehicle_msgs/local/lib/python3.10/dist-packages/tier4_vehicle_msgs/msg/_battery_status.py
[1.528s] -- Up-to-date symlink: /home/zyme/ros_ws/Autoware_sim_test/install/tier4_vehicle_msgs/local/lib/python3.10/dist-packages/tier4_vehicle_msgs/msg/_battery_status_s.c
[1.529s] -- Up-to-date symlink: /home/zyme/ros_ws/Autoware_sim_test/install/tier4_vehicle_msgs/local/lib/python3.10/dist-packages/tier4_vehicle_msgs/msg/_shift.py
[1.529s] -- Up-to-date symlink: /home/zyme/ros_ws/Autoware_sim_test/install/tier4_vehicle_msgs/local/lib/python3.10/dist-packages/tier4_vehicle_msgs/msg/_shift_s.c
[1.529s] -- Up-to-date symlink: /home/zyme/ros_ws/Autoware_sim_test/install/tier4_vehicle_msgs/local/lib/python3.10/dist-packages/tier4_vehicle_msgs/msg/_shift_stamped.py
[1.530s] -- Up-to-date symlink: /home/zyme/ros_ws/Autoware_sim_test/install/tier4_vehicle_msgs/local/lib/python3.10/dist-packages/tier4_vehicle_msgs/msg/_shift_stamped_s.c
[1.530s] -- Up-to-date symlink: /home/zyme/ros_ws/Autoware_sim_test/install/tier4_vehicle_msgs/local/lib/python3.10/dist-packages/tier4_vehicle_msgs/msg/_steering.py
[1.530s] -- Up-to-date symlink: /home/zyme/ros_ws/Autoware_sim_test/install/tier4_vehicle_msgs/local/lib/python3.10/dist-packages/tier4_vehicle_msgs/msg/_steering_s.c
[1.531s] -- Up-to-date symlink: /home/zyme/ros_ws/Autoware_sim_test/install/tier4_vehicle_msgs/local/lib/python3.10/dist-packages/tier4_vehicle_msgs/msg/_steering_wheel_status_stamped.py
[1.531s] -- Up-to-date symlink: /home/zyme/ros_ws/Autoware_sim_test/install/tier4_vehicle_msgs/local/lib/python3.10/dist-packages/tier4_vehicle_msgs/msg/_steering_wheel_status_stamped_s.c
[1.531s] -- Up-to-date symlink: /home/zyme/ros_ws/Autoware_sim_test/install/tier4_vehicle_msgs/local/lib/python3.10/dist-packages/tier4_vehicle_msgs/msg/_turn_signal.py
[1.531s] -- Up-to-date symlink: /home/zyme/ros_ws/Autoware_sim_test/install/tier4_vehicle_msgs/local/lib/python3.10/dist-packages/tier4_vehicle_msgs/msg/_turn_signal_s.c
[1.532s] -- Up-to-date symlink: /home/zyme/ros_ws/Autoware_sim_test/install/tier4_vehicle_msgs/local/lib/python3.10/dist-packages/tier4_vehicle_msgs/msg/_vehicle_emergency_stamped.py
[1.532s] -- Up-to-date symlink: /home/zyme/ros_ws/Autoware_sim_test/install/tier4_vehicle_msgs/local/lib/python3.10/dist-packages/tier4_vehicle_msgs/msg/_vehicle_emergency_stamped_s.c
[1.532s] -- Up-to-date symlink: /home/zyme/ros_ws/Autoware_sim_test/install/tier4_vehicle_msgs/local/lib/python3.10/dist-packages/tier4_vehicle_msgs/srv/__init__.py
[1.532s] -- Up-to-date symlink: /home/zyme/ros_ws/Autoware_sim_test/install/tier4_vehicle_msgs/local/lib/python3.10/dist-packages/tier4_vehicle_msgs/srv/_update_accel_brake_map.py
[1.533s] -- Up-to-date symlink: /home/zyme/ros_ws/Autoware_sim_test/install/tier4_vehicle_msgs/local/lib/python3.10/dist-packages/tier4_vehicle_msgs/srv/_update_accel_brake_map_s.c
[1.533s] -- Up-to-date symlink: /home/zyme/ros_ws/Autoware_sim_test/install/tier4_vehicle_msgs/local/lib/python3.10/dist-packages/tier4_vehicle_msgs/tier4_vehicle_msgs_s__rosidl_typesupport_c.cpython-310-x86_64-linux-gnu.so
[1.534s] -- Up-to-date symlink: /home/zyme/ros_ws/Autoware_sim_test/install/tier4_vehicle_msgs/local/lib/python3.10/dist-packages/tier4_vehicle_msgs/tier4_vehicle_msgs_s__rosidl_typesupport_fastrtps_c.cpython-310-x86_64-linux-gnu.so
[1.534s] -- Up-to-date symlink: /home/zyme/ros_ws/Autoware_sim_test/install/tier4_vehicle_msgs/local/lib/python3.10/dist-packages/tier4_vehicle_msgs/tier4_vehicle_msgs_s__rosidl_typesupport_introspection_c.cpython-310-x86_64-linux-gnu.so
[1.535s] -- Up-to-date symlink: /home/zyme/ros_ws/Autoware_sim_test/install/tier4_vehicle_msgs/local/lib/python3.10/dist-packages/tier4_vehicle_msgs/tier4_vehicle_msgs_s__rosidl_typesupport_fastrtps_c.cpython-310-x86_64-linux-gnu.so
[1.535s] -- Up-to-date symlink: /home/zyme/ros_ws/Autoware_sim_test/install/tier4_vehicle_msgs/local/lib/python3.10/dist-packages/tier4_vehicle_msgs/tier4_vehicle_msgs_s__rosidl_typesupport_introspection_c.cpython-310-x86_64-linux-gnu.so
[1.536s] -- Up-to-date symlink: /home/zyme/ros_ws/Autoware_sim_test/install/tier4_vehicle_msgs/local/lib/python3.10/dist-packages/tier4_vehicle_msgs/tier4_vehicle_msgs_s__rosidl_typesupport_c.cpython-310-x86_64-linux-gnu.so
[1.536s] -- Up-to-date symlink: /home/zyme/ros_ws/Autoware_sim_test/install/tier4_vehicle_msgs/share/tier4_vehicle_msgs/msg/ActuationCommand.idl
[1.537s] -- Up-to-date symlink: /home/zyme/ros_ws/Autoware_sim_test/install/tier4_vehicle_msgs/share/tier4_vehicle_msgs/msg/ActuationCommandStamped.idl
[1.537s] -- Up-to-date symlink: /home/zyme/ros_ws/Autoware_sim_test/install/tier4_vehicle_msgs/share/tier4_vehicle_msgs/msg/ActuationStatus.idl
[1.537s] -- Up-to-date symlink: /home/zyme/ros_ws/Autoware_sim_test/install/tier4_vehicle_msgs/share/tier4_vehicle_msgs/msg/ActuationStatusStamped.idl
[1.538s] -- Up-to-date symlink: /home/zyme/ros_ws/Autoware_sim_test/install/tier4_vehicle_msgs/share/tier4_vehicle_msgs/msg/BatteryStatus.idl
[1.538s] -- Up-to-date symlink: /home/zyme/ros_ws/Autoware_sim_test/install/tier4_vehicle_msgs/share/tier4_vehicle_msgs/msg/Shift.idl
[1.538s] -- Up-to-date symlink: /home/zyme/ros_ws/Autoware_sim_test/install/tier4_vehicle_msgs/share/tier4_vehicle_msgs/msg/ShiftStamped.idl
[1.539s] -- Up-to-date symlink: /home/zyme/ros_ws/Autoware_sim_test/install/tier4_vehicle_msgs/share/tier4_vehicle_msgs/msg/TurnSignal.idl
[1.539s] -- Up-to-date symlink: /home/zyme/ros_ws/Autoware_sim_test/install/tier4_vehicle_msgs/share/tier4_vehicle_msgs/msg/Steering.idl
[1.539s] -- Up-to-date symlink: /home/zyme/ros_ws/Autoware_sim_test/install/tier4_vehicle_msgs/share/tier4_vehicle_msgs/msg/SteeringWheelStatusStamped.idl
[1.540s] -- Up-to-date symlink: /home/zyme/ros_ws/Autoware_sim_test/install/tier4_vehicle_msgs/share/tier4_vehicle_msgs/msg/VehicleEmergencyStamped.idl
[1.540s] -- Up-to-date symlink: /home/zyme/ros_ws/Autoware_sim_test/install/tier4_vehicle_msgs/share/tier4_vehicle_msgs/srv/UpdateAccelBrakeMap.idl
[1.541s] -- Up-to-date symlink: /home/zyme/ros_ws/Autoware_sim_test/install/tier4_vehicle_msgs/share/tier4_vehicle_msgs/msg/ActuationCommand.msg
[1.541s] -- Up-to-date symlink: /home/zyme/ros_ws/Autoware_sim_test/install/tier4_vehicle_msgs/share/tier4_vehicle_msgs/msg/ActuationCommandStamped.msg
[1.541s] -- Up-to-date symlink: /home/zyme/ros_ws/Autoware_sim_test/install/tier4_vehicle_msgs/share/tier4_vehicle_msgs/msg/ActuationStatus.msg
[1.542s] -- Up-to-date symlink: /home/zyme/ros_ws/Autoware_sim_test/install/tier4_vehicle_msgs/share/tier4_vehicle_msgs/msg/ActuationStatusStamped.msg
[1.542s] -- Up-to-date symlink: /home/zyme/ros_ws/Autoware_sim_test/install/tier4_vehicle_msgs/share/tier4_vehicle_msgs/msg/BatteryStatus.msg
[1.543s] -- Up-to-date symlink: /home/zyme/ros_ws/Autoware_sim_test/install/tier4_vehicle_msgs/share/tier4_vehicle_msgs/msg/Shift.msg
[1.543s] -- Up-to-date symlink: /home/zyme/ros_ws/Autoware_sim_test/install/tier4_vehicle_msgs/share/tier4_vehicle_msgs/msg/ShiftStamped.msg
[1.543s] -- Up-to-date symlink: /home/zyme/ros_ws/Autoware_sim_test/install/tier4_vehicle_msgs/share/tier4_vehicle_msgs/msg/TurnSignal.msg
[1.544s] -- Up-to-date symlink: /home/zyme/ros_ws/Autoware_sim_test/install/tier4_vehicle_msgs/share/tier4_vehicle_msgs/msg/Steering.msg
[1.544s] -- Up-to-date symlink: /home/zyme/ros_ws/Autoware_sim_test/install/tier4_vehicle_msgs/share/tier4_vehicle_msgs/msg/SteeringWheelStatusStamped.msg
[1.544s] -- Up-to-date symlink: /home/zyme/ros_ws/Autoware_sim_test/install/tier4_vehicle_msgs/share/tier4_vehicle_msgs/msg/VehicleEmergencyStamped.msg
[1.545s] -- Up-to-date symlink: /home/zyme/ros_ws/Autoware_sim_test/install/tier4_vehicle_msgs/share/tier4_vehicle_msgs/srv/UpdateAccelBrakeMap.srv
[1.545s] -- Up-to-date symlink: /home/zyme/ros_ws/Autoware_sim_test/install/tier4_vehicle_msgs/share/tier4_vehicle_msgs/srv/UpdateAccelBrakeMap_Request.msg
[1.546s] -- Up-to-date symlink: /home/zyme/ros_ws/Autoware_sim_test/install/tier4_vehicle_msgs/share/tier4_vehicle_msgs/srv/UpdateAccelBrakeMap_Response.msg
[1.546s] -- Up-to-date symlink: /home/zyme/ros_ws/Autoware_sim_test/install/tier4_vehicle_msgs/share/ament_index/resource_index/package_run_dependencies/tier4_vehicle_msgs
[1.547s] -- Up-to-date symlink: /home/zyme/ros_ws/Autoware_sim_test/install/tier4_vehicle_msgs/share/ament_index/resource_index/parent_prefix_path/tier4_vehicle_msgs
[1.547s] -- Up-to-date symlink: /home/zyme/ros_ws/Autoware_sim_test/install/tier4_vehicle_msgs/share/tier4_vehicle_msgs/environment/ament_prefix_path.sh
[1.548s] -- Up-to-date symlink: /home/zyme/ros_ws/Autoware_sim_test/install/tier4_vehicle_msgs/share/tier4_vehicle_msgs/environment/ament_prefix_path.dsv
[1.548s] -- Up-to-date symlink: /home/zyme/ros_ws/Autoware_sim_test/install/tier4_vehicle_msgs/share/tier4_vehicle_msgs/environment/path.sh
[1.548s] -- Up-to-date symlink: /home/zyme/ros_ws/Autoware_sim_test/install/tier4_vehicle_msgs/share/tier4_vehicle_msgs/environment/path.dsv
[1.549s] -- Up-to-date symlink: /home/zyme/ros_ws/Autoware_sim_test/install/tier4_vehicle_msgs/share/tier4_vehicle_msgs/local_setup.bash
[1.549s] -- Up-to-date symlink: /home/zyme/ros_ws/Autoware_sim_test/install/tier4_vehicle_msgs/share/tier4_vehicle_msgs/local_setup.sh
[1.549s] -- Up-to-date symlink: /home/zyme/ros_ws/Autoware_sim_test/install/tier4_vehicle_msgs/share/tier4_vehicle_msgs/local_setup.zsh
[1.550s] -- Up-to-date symlink: /home/zyme/ros_ws/Autoware_sim_test/install/tier4_vehicle_msgs/share/tier4_vehicle_msgs/local_setup.dsv
[1.550s] -- Symlinking: /home/zyme/ros_ws/Autoware_sim_test/install/tier4_vehicle_msgs/share/tier4_vehicle_msgs/package.dsv
[1.568s] -- Up-to-date symlink: /home/zyme/ros_ws/Autoware_sim_test/install/tier4_vehicle_msgs/share/ament_index/resource_index/packages/tier4_vehicle_msgs
[1.568s] -- Up-to-date symlink: /home/zyme/ros_ws/Autoware_sim_test/install/tier4_vehicle_msgs/share/tier4_vehicle_msgs/cmake/rosidl_cmake-extras.cmake
[1.568s] -- Up-to-date symlink: /home/zyme/ros_ws/Autoware_sim_test/install/tier4_vehicle_msgs/share/tier4_vehicle_msgs/cmake/ament_cmake_export_dependencies-extras.cmake
[1.569s] -- Up-to-date symlink: /home/zyme/ros_ws/Autoware_sim_test/install/tier4_vehicle_msgs/share/tier4_vehicle_msgs/cmake/ament_cmake_export_include_directories-extras.cmake
[1.569s] -- Up-to-date symlink: /home/zyme/ros_ws/Autoware_sim_test/install/tier4_vehicle_msgs/share/tier4_vehicle_msgs/cmake/ament_cmake_export_libraries-extras.cmake
[1.569s] -- Up-to-date symlink: /home/zyme/ros_ws/Autoware_sim_test/install/tier4_vehicle_msgs/share/tier4_vehicle_msgs/cmake/ament_cmake_export_targets-extras.cmake
[1.570s] -- Up-to-date symlink: /home/zyme/ros_ws/Autoware_sim_test/install/tier4_vehicle_msgs/share/tier4_vehicle_msgs/cmake/rosidl_cmake_export_typesupport_targets-extras.cmake
[1.570s] -- Up-to-date symlink: /home/zyme/ros_ws/Autoware_sim_test/install/tier4_vehicle_msgs/share/tier4_vehicle_msgs/cmake/rosidl_cmake_export_typesupport_libraries-extras.cmake
[1.570s] -- Up-to-date symlink: /home/zyme/ros_ws/Autoware_sim_test/install/tier4_vehicle_msgs/share/tier4_vehicle_msgs/cmake/tier4_vehicle_msgsConfig.cmake
[1.571s] -- Up-to-date symlink: /home/zyme/ros_ws/Autoware_sim_test/install/tier4_vehicle_msgs/share/tier4_vehicle_msgs/cmake/tier4_vehicle_msgsConfig-version.cmake
[1.571s] -- Up-to-date symlink: /home/zyme/ros_ws/Autoware_sim_test/install/tier4_vehicle_msgs/share/tier4_vehicle_msgs/package.xml
[1.572s] -- Up-to-date: /home/zyme/ros_ws/Autoware_sim_test/install/tier4_vehicle_msgs/lib/libtier4_vehicle_msgs__rosidl_generator_c.so
[1.573s] -- Up-to-date: /home/zyme/ros_ws/Autoware_sim_test/install/tier4_vehicle_msgs/lib/libtier4_vehicle_msgs__rosidl_typesupport_fastrtps_c.so
[1.574s] -- Up-to-date: /home/zyme/ros_ws/Autoware_sim_test/install/tier4_vehicle_msgs/lib/libtier4_vehicle_msgs__rosidl_typesupport_introspection_c.so
[1.575s] -- Up-to-date: /home/zyme/ros_ws/Autoware_sim_test/install/tier4_vehicle_msgs/lib/libtier4_vehicle_msgs__rosidl_typesupport_c.so
[1.576s] -- Up-to-date: /home/zyme/ros_ws/Autoware_sim_test/install/tier4_vehicle_msgs/lib/libtier4_vehicle_msgs__rosidl_typesupport_fastrtps_cpp.so
[1.577s] -- Up-to-date: /home/zyme/ros_ws/Autoware_sim_test/install/tier4_vehicle_msgs/lib/libtier4_vehicle_msgs__rosidl_typesupport_introspection_cpp.so
[1.578s] -- Up-to-date: /home/zyme/ros_ws/Autoware_sim_test/install/tier4_vehicle_msgs/lib/libtier4_vehicle_msgs__rosidl_typesupport_cpp.so
[1.642s] Listing '/home/zyme/ros_ws/Autoware_sim_test/install/tier4_vehicle_msgs/local/lib/python3.10/dist-packages/tier4_vehicle_msgs'...
[1.642s] Listing '/home/zyme/ros_ws/Autoware_sim_test/install/tier4_vehicle_msgs/local/lib/python3.10/dist-packages/tier4_vehicle_msgs/msg'...
[1.643s] Listing '/home/zyme/ros_ws/Autoware_sim_test/install/tier4_vehicle_msgs/local/lib/python3.10/dist-packages/tier4_vehicle_msgs/srv'...
[1.650s] -- Up-to-date: /home/zyme/ros_ws/Autoware_sim_test/install/tier4_vehicle_msgs/lib/libtier4_vehicle_msgs__rosidl_generator_py.so
[1.650s] -- Up-to-date: /home/zyme/ros_ws/Autoware_sim_test/install/tier4_vehicle_msgs/share/tier4_vehicle_msgs/cmake/export_tier4_vehicle_msgs__rosidl_generator_cExport.cmake
[1.651s] -- Up-to-date: /home/zyme/ros_ws/Autoware_sim_test/install/tier4_vehicle_msgs/share/tier4_vehicle_msgs/cmake/export_tier4_vehicle_msgs__rosidl_generator_cExport-release.cmake
[1.651s] -- Up-to-date: /home/zyme/ros_ws/Autoware_sim_test/install/tier4_vehicle_msgs/share/tier4_vehicle_msgs/cmake/export_tier4_vehicle_msgs__rosidl_typesupport_fastrtps_cExport.cmake
[1.651s] -- Up-to-date: /home/zyme/ros_ws/Autoware_sim_test/install/tier4_vehicle_msgs/share/tier4_vehicle_msgs/cmake/export_tier4_vehicle_msgs__rosidl_typesupport_fastrtps_cExport-release.cmake
[1.652s] -- Up-to-date: /home/zyme/ros_ws/Autoware_sim_test/install/tier4_vehicle_msgs/share/tier4_vehicle_msgs/cmake/tier4_vehicle_msgs__rosidl_typesupport_introspection_cExport.cmake
[1.652s] -- Up-to-date: /home/zyme/ros_ws/Autoware_sim_test/install/tier4_vehicle_msgs/share/tier4_vehicle_msgs/cmake/tier4_vehicle_msgs__rosidl_typesupport_introspection_cExport-release.cmake
[1.652s] -- Up-to-date: /home/zyme/ros_ws/Autoware_sim_test/install/tier4_vehicle_msgs/share/tier4_vehicle_msgs/cmake/tier4_vehicle_msgs__rosidl_typesupport_cExport.cmake
[1.652s] -- Up-to-date: /home/zyme/ros_ws/Autoware_sim_test/install/tier4_vehicle_msgs/share/tier4_vehicle_msgs/cmake/tier4_vehicle_msgs__rosidl_typesupport_cExport-release.cmake
[1.652s] -- Up-to-date: /home/zyme/ros_ws/Autoware_sim_test/install/tier4_vehicle_msgs/share/tier4_vehicle_msgs/cmake/export_tier4_vehicle_msgs__rosidl_generator_cppExport.cmake
[1.653s] -- Up-to-date: /home/zyme/ros_ws/Autoware_sim_test/install/tier4_vehicle_msgs/share/tier4_vehicle_msgs/cmake/export_tier4_vehicle_msgs__rosidl_typesupport_fastrtps_cppExport.cmake
[1.653s] -- Up-to-date: /home/zyme/ros_ws/Autoware_sim_test/install/tier4_vehicle_msgs/share/tier4_vehicle_msgs/cmake/export_tier4_vehicle_msgs__rosidl_typesupport_fastrtps_cppExport-release.cmake
[1.653s] -- Up-to-date: /home/zyme/ros_ws/Autoware_sim_test/install/tier4_vehicle_msgs/share/tier4_vehicle_msgs/cmake/tier4_vehicle_msgs__rosidl_typesupport_introspection_cppExport.cmake
[1.654s] -- Up-to-date: /home/zyme/ros_ws/Autoware_sim_test/install/tier4_vehicle_msgs/share/tier4_vehicle_msgs/cmake/tier4_vehicle_msgs__rosidl_typesupport_introspection_cppExport-release.cmake
[1.654s] -- Up-to-date: /home/zyme/ros_ws/Autoware_sim_test/install/tier4_vehicle_msgs/share/tier4_vehicle_msgs/cmake/tier4_vehicle_msgs__rosidl_typesupport_cppExport.cmake
[1.654s] -- Up-to-date: /home/zyme/ros_ws/Autoware_sim_test/install/tier4_vehicle_msgs/share/tier4_vehicle_msgs/cmake/tier4_vehicle_msgs__rosidl_typesupport_cppExport-release.cmake
[1.655s] -- Up-to-date: /home/zyme/ros_ws/Autoware_sim_test/install/tier4_vehicle_msgs/share/tier4_vehicle_msgs/cmake/export_tier4_vehicle_msgs__rosidl_generator_pyExport.cmake
[1.655s] -- Up-to-date: /home/zyme/ros_ws/Autoware_sim_test/install/tier4_vehicle_msgs/share/tier4_vehicle_msgs/cmake/export_tier4_vehicle_msgs__rosidl_generator_pyExport-release.cmake
[1.658s] Invoked command in '/home/zyme/ros_ws/Autoware_sim_test/build/tier4_vehicle_msgs' returned '0': AMENT_PREFIX_PATH=/home/zyme/ros_ws/Autoware_sim_test/install/tier4_control_msgs:/home/zyme/ros_ws/Autoware_sim_test/install/autoware_common_msgs:${AMENT_PREFIX_PATH} CMAKE_PREFIX_PATH=/home/zyme/ros_ws/Autoware_sim_test/install/tier4_control_msgs:/home/zyme/ros_ws/Autoware_sim_test/install/autoware_common_msgs:/opt/ros/humble LD_LIBRARY_PATH=/home/zyme/ros_ws/Autoware_sim_test/install/tier4_control_msgs/lib:/home/zyme/ros_ws/Autoware_sim_test/install/autoware_common_msgs/lib:${LD_LIBRARY_PATH} PYTHONPATH=/home/zyme/ros_ws/Autoware_sim_test/install/tier4_control_msgs/local/lib/python3.10/dist-packages:/home/zyme/ros_ws/Autoware_sim_test/install/autoware_common_msgs/local/lib/python3.10/dist-packages:${PYTHONPATH} /usr/bin/cmake --install /home/zyme/ros_ws/Autoware_sim_test/build/tier4_vehicle_msgs
