[0.064s] Invoking command in '/home/zyme/ros_ws/Autoware_sim_test/build/eagleye_fix2kml': AMENT_PREFIX_PATH=/home/zyme/ros_ws/Autoware_sim_test/install/eagleye_msgs:/home/zyme/ros_ws/Autoware_sim_test/install/rtklib_msgs:${AMENT_PREFIX_PATH} CMAKE_PREFIX_PATH=/home/zyme/ros_ws/Autoware_sim_test/install/eagleye_msgs:/home/zyme/ros_ws/Autoware_sim_test/install/rtklib_msgs:/opt/ros/humble LD_LIBRARY_PATH=/home/zyme/ros_ws/Autoware_sim_test/install/eagleye_msgs/lib:/home/zyme/ros_ws/Autoware_sim_test/install/rtklib_msgs/lib:${LD_LIBRARY_PATH} PYTHONPATH=/home/zyme/ros_ws/Autoware_sim_test/install/eagleye_msgs/local/lib/python3.10/dist-packages:/home/zyme/ros_ws/Autoware_sim_test/install/rtklib_msgs/local/lib/python3.10/dist-packages:${PYTHONPATH} /usr/bin/cmake --build /home/zyme/ros_ws/Autoware_sim_test/build/eagleye_fix2kml -- -j12 -l12
[0.120s] [100%] Built target fix2kml
[0.132s] Invoked command in '/home/zyme/ros_ws/Autoware_sim_test/build/eagleye_fix2kml' returned '0': AMENT_PREFIX_PATH=/home/zyme/ros_ws/Autoware_sim_test/install/eagleye_msgs:/home/zyme/ros_ws/Autoware_sim_test/install/rtklib_msgs:${AMENT_PREFIX_PATH} CMAKE_PREFIX_PATH=/home/zyme/ros_ws/Autoware_sim_test/install/eagleye_msgs:/home/zyme/ros_ws/Autoware_sim_test/install/rtklib_msgs:/opt/ros/humble LD_LIBRARY_PATH=/home/zyme/ros_ws/Autoware_sim_test/install/eagleye_msgs/lib:/home/zyme/ros_ws/Autoware_sim_test/install/rtklib_msgs/lib:${LD_LIBRARY_PATH} PYTHONPATH=/home/zyme/ros_ws/Autoware_sim_test/install/eagleye_msgs/local/lib/python3.10/dist-packages:/home/zyme/ros_ws/Autoware_sim_test/install/rtklib_msgs/local/lib/python3.10/dist-packages:${PYTHONPATH} /usr/bin/cmake --build /home/zyme/ros_ws/Autoware_sim_test/build/eagleye_fix2kml -- -j12 -l12
[0.160s] Invoking command in '/home/zyme/ros_ws/Autoware_sim_test/build/eagleye_fix2kml': AMENT_PREFIX_PATH=/home/zyme/ros_ws/Autoware_sim_test/install/eagleye_msgs:/home/zyme/ros_ws/Autoware_sim_test/install/rtklib_msgs:${AMENT_PREFIX_PATH} CMAKE_PREFIX_PATH=/home/zyme/ros_ws/Autoware_sim_test/install/eagleye_msgs:/home/zyme/ros_ws/Autoware_sim_test/install/rtklib_msgs:/opt/ros/humble LD_LIBRARY_PATH=/home/zyme/ros_ws/Autoware_sim_test/install/eagleye_msgs/lib:/home/zyme/ros_ws/Autoware_sim_test/install/rtklib_msgs/lib:${LD_LIBRARY_PATH} PYTHONPATH=/home/zyme/ros_ws/Autoware_sim_test/install/eagleye_msgs/local/lib/python3.10/dist-packages:/home/zyme/ros_ws/Autoware_sim_test/install/rtklib_msgs/local/lib/python3.10/dist-packages:${PYTHONPATH} /usr/bin/cmake --install /home/zyme/ros_ws/Autoware_sim_test/build/eagleye_fix2kml
[0.168s] -- Install configuration: "Release"
[0.168s] -- Execute custom install script
[0.169s] -- Up-to-date symlink: /home/zyme/ros_ws/Autoware_sim_test/install/eagleye_fix2kml/include/fix2kml/KmlGenerator.hpp
[0.169s] -- Up-to-date symlink: /home/zyme/ros_ws/Autoware_sim_test/install/eagleye_fix2kml/lib/eagleye_fix2kml/fix2kml
[0.170s] -- Up-to-date symlink: /home/zyme/ros_ws/Autoware_sim_test/install/eagleye_fix2kml/share/eagleye_fix2kml/launch/fix2kml.xml
[0.170s] -- Up-to-date symlink: /home/zyme/ros_ws/Autoware_sim_test/install/eagleye_fix2kml/share/eagleye_fix2kml/kml/networklink.kml
[0.170s] -- Up-to-date symlink: /home/zyme/ros_ws/Autoware_sim_test/install/eagleye_fix2kml/share/ament_index/resource_index/package_run_dependencies/eagleye_fix2kml
[0.170s] -- Up-to-date symlink: /home/zyme/ros_ws/Autoware_sim_test/install/eagleye_fix2kml/share/ament_index/resource_index/parent_prefix_path/eagleye_fix2kml
[0.171s] -- Up-to-date symlink: /home/zyme/ros_ws/Autoware_sim_test/install/eagleye_fix2kml/share/eagleye_fix2kml/environment/ament_prefix_path.sh
[0.171s] -- Up-to-date symlink: /home/zyme/ros_ws/Autoware_sim_test/install/eagleye_fix2kml/share/eagleye_fix2kml/environment/ament_prefix_path.dsv
[0.171s] -- Up-to-date symlink: /home/zyme/ros_ws/Autoware_sim_test/install/eagleye_fix2kml/share/eagleye_fix2kml/environment/path.sh
[0.171s] -- Up-to-date symlink: /home/zyme/ros_ws/Autoware_sim_test/install/eagleye_fix2kml/share/eagleye_fix2kml/environment/path.dsv
[0.171s] -- Up-to-date symlink: /home/zyme/ros_ws/Autoware_sim_test/install/eagleye_fix2kml/share/eagleye_fix2kml/local_setup.bash
[0.171s] -- Up-to-date symlink: /home/zyme/ros_ws/Autoware_sim_test/install/eagleye_fix2kml/share/eagleye_fix2kml/local_setup.sh
[0.172s] -- Up-to-date symlink: /home/zyme/ros_ws/Autoware_sim_test/install/eagleye_fix2kml/share/eagleye_fix2kml/local_setup.zsh
[0.172s] -- Up-to-date symlink: /home/zyme/ros_ws/Autoware_sim_test/install/eagleye_fix2kml/share/eagleye_fix2kml/local_setup.dsv
[0.172s] -- Symlinking: /home/zyme/ros_ws/Autoware_sim_test/install/eagleye_fix2kml/share/eagleye_fix2kml/package.dsv
[0.181s] -- Up-to-date symlink: /home/zyme/ros_ws/Autoware_sim_test/install/eagleye_fix2kml/share/ament_index/resource_index/packages/eagleye_fix2kml
[0.181s] -- Up-to-date symlink: /home/zyme/ros_ws/Autoware_sim_test/install/eagleye_fix2kml/share/eagleye_fix2kml/cmake/ament_cmake_export_dependencies-extras.cmake
[0.181s] -- Up-to-date symlink: /home/zyme/ros_ws/Autoware_sim_test/install/eagleye_fix2kml/share/eagleye_fix2kml/cmake/ament_cmake_export_include_directories-extras.cmake
[0.181s] -- Up-to-date symlink: /home/zyme/ros_ws/Autoware_sim_test/install/eagleye_fix2kml/share/eagleye_fix2kml/cmake/eagleye_fix2kmlConfig.cmake
[0.182s] -- Up-to-date symlink: /home/zyme/ros_ws/Autoware_sim_test/install/eagleye_fix2kml/share/eagleye_fix2kml/cmake/eagleye_fix2kmlConfig-version.cmake
[0.182s] -- Up-to-date symlink: /home/zyme/ros_ws/Autoware_sim_test/install/eagleye_fix2kml/share/eagleye_fix2kml/package.xml
[0.184s] Invoked command in '/home/zyme/ros_ws/Autoware_sim_test/build/eagleye_fix2kml' returned '0': AMENT_PREFIX_PATH=/home/zyme/ros_ws/Autoware_sim_test/install/eagleye_msgs:/home/zyme/ros_ws/Autoware_sim_test/install/rtklib_msgs:${AMENT_PREFIX_PATH} CMAKE_PREFIX_PATH=/home/zyme/ros_ws/Autoware_sim_test/install/eagleye_msgs:/home/zyme/ros_ws/Autoware_sim_test/install/rtklib_msgs:/opt/ros/humble LD_LIBRARY_PATH=/home/zyme/ros_ws/Autoware_sim_test/install/eagleye_msgs/lib:/home/zyme/ros_ws/Autoware_sim_test/install/rtklib_msgs/lib:${LD_LIBRARY_PATH} PYTHONPATH=/home/zyme/ros_ws/Autoware_sim_test/install/eagleye_msgs/local/lib/python3.10/dist-packages:/home/zyme/ros_ws/Autoware_sim_test/install/rtklib_msgs/local/lib/python3.10/dist-packages:${PYTHONPATH} /usr/bin/cmake --install /home/zyme/ros_ws/Autoware_sim_test/build/eagleye_fix2kml
