[0.086s] Invoking command in '/home/zyme/ros_ws/Autoware_sim_test/build/tier4_automatic_goal_rviz_plugin': AMENT_PREFIX_PATH=/home/zyme/ros_ws/Autoware_sim_test/install/autoware_cmake:/home/zyme/ros_ws/Autoware_sim_test/install/autoware_lint_common:/home/zyme/ros_ws/Autoware_sim_test/install/autoware_adapi_v1_msgs:${AMENT_PREFIX_PATH} CMAKE_PREFIX_PATH=/home/zyme/ros_ws/Autoware_sim_test/install/autoware_cmake:/home/zyme/ros_ws/Autoware_sim_test/install/autoware_lint_common:/home/zyme/ros_ws/Autoware_sim_test/install/autoware_adapi_v1_msgs:/opt/ros/humble LD_LIBRARY_PATH=/home/zyme/ros_ws/Autoware_sim_test/install/autoware_adapi_v1_msgs/lib:${LD_LIBRARY_PATH} PYTHONPATH=/home/zyme/ros_ws/Autoware_sim_test/install/autoware_adapi_v1_msgs/local/lib/python3.10/dist-packages:${PYTHONPATH} /usr/bin/cmake --build /home/zyme/ros_ws/Autoware_sim_test/build/tier4_automatic_goal_rviz_plugin -- -j12 -l12
[0.147s] [ 10%] [34m[1mAutomatic MOC for target tier4_automatic_goal_rviz_plugin[0m
[0.171s] [ 10%] Built target tier4_automatic_goal_rviz_plugin_autogen
[0.207s] [ 60%] Built target tier4_automatic_goal_rviz_plugin
[0.228s] [ 70%] [34m[1mAutomatic MOC for target automatic_goal_sender[0m
[0.248s] [ 70%] Built target automatic_goal_sender_autogen
[0.276s] [100%] Built target automatic_goal_sender
[0.289s] Invoked command in '/home/zyme/ros_ws/Autoware_sim_test/build/tier4_automatic_goal_rviz_plugin' returned '0': AMENT_PREFIX_PATH=/home/zyme/ros_ws/Autoware_sim_test/install/autoware_cmake:/home/zyme/ros_ws/Autoware_sim_test/install/autoware_lint_common:/home/zyme/ros_ws/Autoware_sim_test/install/autoware_adapi_v1_msgs:${AMENT_PREFIX_PATH} CMAKE_PREFIX_PATH=/home/zyme/ros_ws/Autoware_sim_test/install/autoware_cmake:/home/zyme/ros_ws/Autoware_sim_test/install/autoware_lint_common:/home/zyme/ros_ws/Autoware_sim_test/install/autoware_adapi_v1_msgs:/opt/ros/humble LD_LIBRARY_PATH=/home/zyme/ros_ws/Autoware_sim_test/install/autoware_adapi_v1_msgs/lib:${LD_LIBRARY_PATH} PYTHONPATH=/home/zyme/ros_ws/Autoware_sim_test/install/autoware_adapi_v1_msgs/local/lib/python3.10/dist-packages:${PYTHONPATH} /usr/bin/cmake --build /home/zyme/ros_ws/Autoware_sim_test/build/tier4_automatic_goal_rviz_plugin -- -j12 -l12
[0.328s] Invoking command in '/home/zyme/ros_ws/Autoware_sim_test/build/tier4_automatic_goal_rviz_plugin': AMENT_PREFIX_PATH=/home/zyme/ros_ws/Autoware_sim_test/install/autoware_cmake:/home/zyme/ros_ws/Autoware_sim_test/install/autoware_lint_common:/home/zyme/ros_ws/Autoware_sim_test/install/autoware_adapi_v1_msgs:${AMENT_PREFIX_PATH} CMAKE_PREFIX_PATH=/home/zyme/ros_ws/Autoware_sim_test/install/autoware_cmake:/home/zyme/ros_ws/Autoware_sim_test/install/autoware_lint_common:/home/zyme/ros_ws/Autoware_sim_test/install/autoware_adapi_v1_msgs:/opt/ros/humble LD_LIBRARY_PATH=/home/zyme/ros_ws/Autoware_sim_test/install/autoware_adapi_v1_msgs/lib:${LD_LIBRARY_PATH} PYTHONPATH=/home/zyme/ros_ws/Autoware_sim_test/install/autoware_adapi_v1_msgs/local/lib/python3.10/dist-packages:${PYTHONPATH} /usr/bin/cmake --install /home/zyme/ros_ws/Autoware_sim_test/build/tier4_automatic_goal_rviz_plugin
[0.336s] -- Install configuration: "Release"
[0.336s] -- Execute custom install script
[0.336s] -- Up-to-date symlink: /home/zyme/ros_ws/Autoware_sim_test/install/tier4_automatic_goal_rviz_plugin/share/tier4_automatic_goal_rviz_plugin/plugins/plugin_description.xml
[0.336s] -- Up-to-date symlink: /home/zyme/ros_ws/Autoware_sim_test/install/tier4_automatic_goal_rviz_plugin/share/tier4_automatic_goal_rviz_plugin/environment/library_path.sh
[0.337s] -- Up-to-date symlink: /home/zyme/ros_ws/Autoware_sim_test/install/tier4_automatic_goal_rviz_plugin/share/tier4_automatic_goal_rviz_plugin/environment/library_path.dsv
[0.337s] -- Up-to-date symlink: /home/zyme/ros_ws/Autoware_sim_test/install/tier4_automatic_goal_rviz_plugin/lib/libtier4_automatic_goal_rviz_plugin.so
[0.337s] -- Up-to-date symlink: /home/zyme/ros_ws/Autoware_sim_test/install/tier4_automatic_goal_rviz_plugin/lib/tier4_automatic_goal_rviz_plugin/automatic_goal_sender
[0.338s] -- Up-to-date symlink: /home/zyme/ros_ws/Autoware_sim_test/install/tier4_automatic_goal_rviz_plugin/share/tier4_automatic_goal_rviz_plugin/launch/automatic_goal_sender.launch.xml
[0.338s] -- Up-to-date symlink: /home/zyme/ros_ws/Autoware_sim_test/install/tier4_automatic_goal_rviz_plugin/share/tier4_automatic_goal_rviz_plugin/icons/classes/AutowareAutomaticGoalPanel.png
[0.338s] -- Up-to-date symlink: /home/zyme/ros_ws/Autoware_sim_test/install/tier4_automatic_goal_rviz_plugin/share/tier4_automatic_goal_rviz_plugin/icons/classes/AutowareAutomaticGoalTool.png
[0.338s] -- Up-to-date symlink: /home/zyme/ros_ws/Autoware_sim_test/install/tier4_automatic_goal_rviz_plugin/share/tier4_automatic_goal_rviz_plugin/plugins/plugin_description.xml
[0.338s] -- Up-to-date symlink: /home/zyme/ros_ws/Autoware_sim_test/install/tier4_automatic_goal_rviz_plugin/share/ament_index/resource_index/package_run_dependencies/tier4_automatic_goal_rviz_plugin
[0.339s] -- Up-to-date symlink: /home/zyme/ros_ws/Autoware_sim_test/install/tier4_automatic_goal_rviz_plugin/share/ament_index/resource_index/parent_prefix_path/tier4_automatic_goal_rviz_plugin
[0.339s] -- Up-to-date symlink: /home/zyme/ros_ws/Autoware_sim_test/install/tier4_automatic_goal_rviz_plugin/share/tier4_automatic_goal_rviz_plugin/environment/ament_prefix_path.sh
[0.339s] -- Up-to-date symlink: /home/zyme/ros_ws/Autoware_sim_test/install/tier4_automatic_goal_rviz_plugin/share/tier4_automatic_goal_rviz_plugin/environment/ament_prefix_path.dsv
[0.339s] -- Up-to-date symlink: /home/zyme/ros_ws/Autoware_sim_test/install/tier4_automatic_goal_rviz_plugin/share/tier4_automatic_goal_rviz_plugin/environment/path.sh
[0.339s] -- Up-to-date symlink: /home/zyme/ros_ws/Autoware_sim_test/install/tier4_automatic_goal_rviz_plugin/share/tier4_automatic_goal_rviz_plugin/environment/path.dsv
[0.339s] -- Up-to-date symlink: /home/zyme/ros_ws/Autoware_sim_test/install/tier4_automatic_goal_rviz_plugin/share/tier4_automatic_goal_rviz_plugin/local_setup.bash
[0.339s] -- Up-to-date symlink: /home/zyme/ros_ws/Autoware_sim_test/install/tier4_automatic_goal_rviz_plugin/share/tier4_automatic_goal_rviz_plugin/local_setup.sh
[0.340s] -- Up-to-date symlink: /home/zyme/ros_ws/Autoware_sim_test/install/tier4_automatic_goal_rviz_plugin/share/tier4_automatic_goal_rviz_plugin/local_setup.zsh
[0.340s] -- Up-to-date symlink: /home/zyme/ros_ws/Autoware_sim_test/install/tier4_automatic_goal_rviz_plugin/share/tier4_automatic_goal_rviz_plugin/local_setup.dsv
[0.340s] -- Symlinking: /home/zyme/ros_ws/Autoware_sim_test/install/tier4_automatic_goal_rviz_plugin/share/tier4_automatic_goal_rviz_plugin/package.dsv
[0.349s] -- Up-to-date symlink: /home/zyme/ros_ws/Autoware_sim_test/install/tier4_automatic_goal_rviz_plugin/share/ament_index/resource_index/packages/tier4_automatic_goal_rviz_plugin
[0.349s] -- Up-to-date symlink: /home/zyme/ros_ws/Autoware_sim_test/install/tier4_automatic_goal_rviz_plugin/share/ament_index/resource_index/rviz_common__pluginlib__plugin/tier4_automatic_goal_rviz_plugin
[0.349s] -- Up-to-date symlink: /home/zyme/ros_ws/Autoware_sim_test/install/tier4_automatic_goal_rviz_plugin/share/tier4_automatic_goal_rviz_plugin/cmake/ament_cmake_export_dependencies-extras.cmake
[0.349s] -- Up-to-date symlink: /home/zyme/ros_ws/Autoware_sim_test/install/tier4_automatic_goal_rviz_plugin/share/tier4_automatic_goal_rviz_plugin/cmake/ament_cmake_export_libraries-extras.cmake
[0.350s] -- Up-to-date symlink: /home/zyme/ros_ws/Autoware_sim_test/install/tier4_automatic_goal_rviz_plugin/share/tier4_automatic_goal_rviz_plugin/cmake/tier4_automatic_goal_rviz_pluginConfig.cmake
[0.350s] -- Up-to-date symlink: /home/zyme/ros_ws/Autoware_sim_test/install/tier4_automatic_goal_rviz_plugin/share/tier4_automatic_goal_rviz_plugin/cmake/tier4_automatic_goal_rviz_pluginConfig-version.cmake
[0.350s] -- Up-to-date symlink: /home/zyme/ros_ws/Autoware_sim_test/install/tier4_automatic_goal_rviz_plugin/share/tier4_automatic_goal_rviz_plugin/package.xml
[0.352s] Invoked command in '/home/zyme/ros_ws/Autoware_sim_test/build/tier4_automatic_goal_rviz_plugin' returned '0': AMENT_PREFIX_PATH=/home/zyme/ros_ws/Autoware_sim_test/install/autoware_cmake:/home/zyme/ros_ws/Autoware_sim_test/install/autoware_lint_common:/home/zyme/ros_ws/Autoware_sim_test/install/autoware_adapi_v1_msgs:${AMENT_PREFIX_PATH} CMAKE_PREFIX_PATH=/home/zyme/ros_ws/Autoware_sim_test/install/autoware_cmake:/home/zyme/ros_ws/Autoware_sim_test/install/autoware_lint_common:/home/zyme/ros_ws/Autoware_sim_test/install/autoware_adapi_v1_msgs:/opt/ros/humble LD_LIBRARY_PATH=/home/zyme/ros_ws/Autoware_sim_test/install/autoware_adapi_v1_msgs/lib:${LD_LIBRARY_PATH} PYTHONPATH=/home/zyme/ros_ws/Autoware_sim_test/install/autoware_adapi_v1_msgs/local/lib/python3.10/dist-packages:${PYTHONPATH} /usr/bin/cmake --install /home/zyme/ros_ws/Autoware_sim_test/build/tier4_automatic_goal_rviz_plugin
