[35m[1mConsolidate compiler generated dependencies of target behavior_path_start_planner_module[0m
[100%] Built target behavior_path_start_planner_module
-- Install configuration: "Release"
-- Execute custom install script
-- Up-to-date symlink: /home/zyme/ros_ws/Autoware_sim_test/install/behavior_path_start_planner_module/share/behavior_path_start_planner_module//plugins.xml
-- Up-to-date symlink: /home/zyme/ros_ws/Autoware_sim_test/install/behavior_path_start_planner_module/include/behavior_path_start_planner_module/freespace_pull_out.hpp
-- Up-to-date symlink: /home/zyme/ros_ws/Autoware_sim_test/install/behavior_path_start_planner_module/include/behavior_path_start_planner_module/geometric_pull_out.hpp
-- Up-to-date symlink: /home/zyme/ros_ws/Autoware_sim_test/install/behavior_path_start_planner_module/include/behavior_path_start_planner_module/manager.hpp
-- Up-to-date symlink: /home/zyme/ros_ws/Autoware_sim_test/install/behavior_path_start_planner_module/include/behavior_path_start_planner_module/pull_out_path.hpp
-- Up-to-date symlink: /home/zyme/ros_ws/Autoware_sim_test/install/behavior_path_start_planner_module/include/behavior_path_start_planner_module/pull_out_planner_base.hpp
-- Up-to-date symlink: /home/zyme/ros_ws/Autoware_sim_test/install/behavior_path_start_planner_module/include/behavior_path_start_planner_module/shift_pull_out.hpp
-- Up-to-date symlink: /home/zyme/ros_ws/Autoware_sim_test/install/behavior_path_start_planner_module/include/behavior_path_start_planner_module/start_planner_module.hpp
-- Up-to-date symlink: /home/zyme/ros_ws/Autoware_sim_test/install/behavior_path_start_planner_module/include/behavior_path_start_planner_module/start_planner_parameters.hpp
-- Up-to-date symlink: /home/zyme/ros_ws/Autoware_sim_test/install/behavior_path_start_planner_module/include/behavior_path_start_planner_module/util.hpp
-- Up-to-date symlink: /home/zyme/ros_ws/Autoware_sim_test/install/behavior_path_start_planner_module/share/behavior_path_start_planner_module/environment/library_path.sh
-- Up-to-date symlink: /home/zyme/ros_ws/Autoware_sim_test/install/behavior_path_start_planner_module/share/behavior_path_start_planner_module/environment/library_path.dsv
-- Up-to-date symlink: /home/zyme/ros_ws/Autoware_sim_test/install/behavior_path_start_planner_module/lib/libbehavior_path_start_planner_module.so
-- Up-to-date symlink: /home/zyme/ros_ws/Autoware_sim_test/install/behavior_path_start_planner_module/share/behavior_path_start_planner_module/config/start_planner.param.yaml
-- Up-to-date symlink: /home/zyme/ros_ws/Autoware_sim_test/install/behavior_path_start_planner_module/share/ament_index/resource_index/package_run_dependencies/behavior_path_start_planner_module
-- Up-to-date symlink: /home/zyme/ros_ws/Autoware_sim_test/install/behavior_path_start_planner_module/share/ament_index/resource_index/parent_prefix_path/behavior_path_start_planner_module
-- Up-to-date symlink: /home/zyme/ros_ws/Autoware_sim_test/install/behavior_path_start_planner_module/share/behavior_path_start_planner_module/environment/ament_prefix_path.sh
-- Up-to-date symlink: /home/zyme/ros_ws/Autoware_sim_test/install/behavior_path_start_planner_module/share/behavior_path_start_planner_module/environment/ament_prefix_path.dsv
-- Up-to-date symlink: /home/zyme/ros_ws/Autoware_sim_test/install/behavior_path_start_planner_module/share/behavior_path_start_planner_module/environment/path.sh
-- Up-to-date symlink: /home/zyme/ros_ws/Autoware_sim_test/install/behavior_path_start_planner_module/share/behavior_path_start_planner_module/environment/path.dsv
-- Up-to-date symlink: /home/zyme/ros_ws/Autoware_sim_test/install/behavior_path_start_planner_module/share/behavior_path_start_planner_module/local_setup.bash
-- Up-to-date symlink: /home/zyme/ros_ws/Autoware_sim_test/install/behavior_path_start_planner_module/share/behavior_path_start_planner_module/local_setup.sh
-- Up-to-date symlink: /home/zyme/ros_ws/Autoware_sim_test/install/behavior_path_start_planner_module/share/behavior_path_start_planner_module/local_setup.zsh
-- Up-to-date symlink: /home/zyme/ros_ws/Autoware_sim_test/install/behavior_path_start_planner_module/share/behavior_path_start_planner_module/local_setup.dsv
-- Symlinking: /home/zyme/ros_ws/Autoware_sim_test/install/behavior_path_start_planner_module/share/behavior_path_start_planner_module/package.dsv
-- Up-to-date symlink: /home/zyme/ros_ws/Autoware_sim_test/install/behavior_path_start_planner_module/share/ament_index/resource_index/packages/behavior_path_start_planner_module
-- Up-to-date symlink: /home/zyme/ros_ws/Autoware_sim_test/install/behavior_path_start_planner_module/share/ament_index/resource_index/behavior_path_planner__pluginlib__plugin/behavior_path_start_planner_module
-- Up-to-date symlink: /home/zyme/ros_ws/Autoware_sim_test/install/behavior_path_start_planner_module/share/behavior_path_start_planner_module/cmake/ament_cmake_export_dependencies-extras.cmake
-- Up-to-date symlink: /home/zyme/ros_ws/Autoware_sim_test/install/behavior_path_start_planner_module/share/behavior_path_start_planner_module/cmake/ament_cmake_export_include_directories-extras.cmake
-- Up-to-date symlink: /home/zyme/ros_ws/Autoware_sim_test/install/behavior_path_start_planner_module/share/behavior_path_start_planner_module/cmake/ament_cmake_export_libraries-extras.cmake
-- Up-to-date symlink: /home/zyme/ros_ws/Autoware_sim_test/install/behavior_path_start_planner_module/share/behavior_path_start_planner_module/cmake/behavior_path_start_planner_moduleConfig.cmake
-- Up-to-date symlink: /home/zyme/ros_ws/Autoware_sim_test/install/behavior_path_start_planner_module/share/behavior_path_start_planner_module/cmake/behavior_path_start_planner_moduleConfig-version.cmake
-- Up-to-date symlink: /home/zyme/ros_ws/Autoware_sim_test/install/behavior_path_start_planner_module/share/behavior_path_start_planner_module/package.xml
