[0.067s] Invoking command in '/home/zyme/ros_ws/Autoware_sim_test/build/tier4_vehicle_msgs': AMENT_PREFIX_PATH=/home/zyme/ros_ws/Autoware_sim_test/install/tier4_control_msgs:/home/zyme/ros_ws/Autoware_sim_test/install/autoware_common_msgs:${AMENT_PREFIX_PATH} CMAKE_PREFIX_PATH=/home/zyme/ros_ws/Autoware_sim_test/install/tier4_control_msgs:/home/zyme/ros_ws/Autoware_sim_test/install/autoware_common_msgs:/opt/ros/humble LD_LIBRARY_PATH=/home/zyme/ros_ws/Autoware_sim_test/install/tier4_control_msgs/lib:/home/zyme/ros_ws/Autoware_sim_test/install/autoware_common_msgs/lib:${LD_LIBRARY_PATH} PYTHONPATH=/home/zyme/ros_ws/Autoware_sim_test/install/tier4_control_msgs/local/lib/python3.10/dist-packages:/home/zyme/ros_ws/Autoware_sim_test/install/autoware_common_msgs/local/lib/python3.10/dist-packages:${PYTHONPATH} /usr/bin/cmake --build /home/zyme/ros_ws/Autoware_sim_test/build/tier4_vehicle_msgs -- -j12 -l12
[0.123s] [  0%] Built target tier4_vehicle_msgs__cpp
[0.130s] [ 12%] Built target tier4_vehicle_msgs__rosidl_generator_c
[0.132s] [ 12%] Built target ament_cmake_python_symlink_tier4_vehicle_msgs
[0.169s] [ 24%] Built target tier4_vehicle_msgs__rosidl_typesupport_c
[0.172s] [ 36%] Built target tier4_vehicle_msgs__rosidl_typesupport_introspection_cpp
[0.173s] [ 48%] Built target tier4_vehicle_msgs__rosidl_typesupport_fastrtps_cpp
[0.173s] [ 59%] Built target tier4_vehicle_msgs__rosidl_typesupport_cpp
[0.179s] [ 71%] Built target tier4_vehicle_msgs__rosidl_typesupport_introspection_c
[0.182s] [ 83%] Built target tier4_vehicle_msgs__rosidl_typesupport_fastrtps_c
[0.206s] [ 83%] Built target tier4_vehicle_msgs
[0.232s] [ 84%] Built target tier4_vehicle_msgs__py
[0.266s] [ 95%] Built target tier4_vehicle_msgs__rosidl_generator_py
[0.299s] [ 99%] Built target tier4_vehicle_msgs__rosidl_typesupport_c__pyext
[0.299s] [100%] Built target tier4_vehicle_msgs__rosidl_typesupport_introspection_c__pyext
[0.299s] [100%] Built target tier4_vehicle_msgs__rosidl_typesupport_fastrtps_c__pyext
[0.463s] running egg_info
[0.464s] writing tier4_vehicle_msgs.egg-info/PKG-INFO
[0.465s] writing dependency_links to tier4_vehicle_msgs.egg-info/dependency_links.txt
[0.465s] writing top-level names to tier4_vehicle_msgs.egg-info/top_level.txt
[0.468s] reading manifest file 'tier4_vehicle_msgs.egg-info/SOURCES.txt'
[0.469s] writing manifest file 'tier4_vehicle_msgs.egg-info/SOURCES.txt'
[0.499s] [100%] Built target ament_cmake_python_build_tier4_vehicle_msgs_egg
[0.514s] Invoked command in '/home/zyme/ros_ws/Autoware_sim_test/build/tier4_vehicle_msgs' returned '0': AMENT_PREFIX_PATH=/home/zyme/ros_ws/Autoware_sim_test/install/tier4_control_msgs:/home/zyme/ros_ws/Autoware_sim_test/install/autoware_common_msgs:${AMENT_PREFIX_PATH} CMAKE_PREFIX_PATH=/home/zyme/ros_ws/Autoware_sim_test/install/tier4_control_msgs:/home/zyme/ros_ws/Autoware_sim_test/install/autoware_common_msgs:/opt/ros/humble LD_LIBRARY_PATH=/home/zyme/ros_ws/Autoware_sim_test/install/tier4_control_msgs/lib:/home/zyme/ros_ws/Autoware_sim_test/install/autoware_common_msgs/lib:${LD_LIBRARY_PATH} PYTHONPATH=/home/zyme/ros_ws/Autoware_sim_test/install/tier4_control_msgs/local/lib/python3.10/dist-packages:/home/zyme/ros_ws/Autoware_sim_test/install/autoware_common_msgs/local/lib/python3.10/dist-packages:${PYTHONPATH} /usr/bin/cmake --build /home/zyme/ros_ws/Autoware_sim_test/build/tier4_vehicle_msgs -- -j12 -l12
[0.828s] Invoking command in '/home/zyme/ros_ws/Autoware_sim_test/build/tier4_vehicle_msgs': AMENT_PREFIX_PATH=/home/zyme/ros_ws/Autoware_sim_test/install/tier4_control_msgs:/home/zyme/ros_ws/Autoware_sim_test/install/autoware_common_msgs:${AMENT_PREFIX_PATH} CMAKE_PREFIX_PATH=/home/zyme/ros_ws/Autoware_sim_test/install/tier4_control_msgs:/home/zyme/ros_ws/Autoware_sim_test/install/autoware_common_msgs:/opt/ros/humble LD_LIBRARY_PATH=/home/zyme/ros_ws/Autoware_sim_test/install/tier4_control_msgs/lib:/home/zyme/ros_ws/Autoware_sim_test/install/autoware_common_msgs/lib:${LD_LIBRARY_PATH} PYTHONPATH=/home/zyme/ros_ws/Autoware_sim_test/install/tier4_control_msgs/local/lib/python3.10/dist-packages:/home/zyme/ros_ws/Autoware_sim_test/install/autoware_common_msgs/local/lib/python3.10/dist-packages:${PYTHONPATH} /usr/bin/cmake --install /home/zyme/ros_ws/Autoware_sim_test/build/tier4_vehicle_msgs
[0.838s] -- Install configuration: "Release"
[0.839s] -- Execute custom install script
[0.839s] -- Up-to-date symlink: /home/zyme/ros_ws/Autoware_sim_test/install/tier4_vehicle_msgs/share/ament_index/resource_index/rosidl_interfaces/tier4_vehicle_msgs
[0.841s] -- Up-to-date symlink: /home/zyme/ros_ws/Autoware_sim_test/install/tier4_vehicle_msgs/include/tier4_vehicle_msgs/tier4_vehicle_msgs/msg/actuation_command.h
[0.841s] -- Up-to-date symlink: /home/zyme/ros_ws/Autoware_sim_test/install/tier4_vehicle_msgs/include/tier4_vehicle_msgs/tier4_vehicle_msgs/msg/actuation_command_stamped.h
[0.841s] -- Up-to-date symlink: /home/zyme/ros_ws/Autoware_sim_test/install/tier4_vehicle_msgs/include/tier4_vehicle_msgs/tier4_vehicle_msgs/msg/actuation_status.h
[0.841s] -- Up-to-date symlink: /home/zyme/ros_ws/Autoware_sim_test/install/tier4_vehicle_msgs/include/tier4_vehicle_msgs/tier4_vehicle_msgs/msg/actuation_status_stamped.h
[0.841s] -- Up-to-date symlink: /home/zyme/ros_ws/Autoware_sim_test/install/tier4_vehicle_msgs/include/tier4_vehicle_msgs/tier4_vehicle_msgs/msg/battery_status.h
[0.842s] -- Up-to-date symlink: /home/zyme/ros_ws/Autoware_sim_test/install/tier4_vehicle_msgs/include/tier4_vehicle_msgs/tier4_vehicle_msgs/msg/detail/actuation_command__functions.h
[0.842s] -- Up-to-date symlink: /home/zyme/ros_ws/Autoware_sim_test/install/tier4_vehicle_msgs/include/tier4_vehicle_msgs/tier4_vehicle_msgs/msg/detail/actuation_command__struct.h
[0.842s] -- Up-to-date symlink: /home/zyme/ros_ws/Autoware_sim_test/install/tier4_vehicle_msgs/include/tier4_vehicle_msgs/tier4_vehicle_msgs/msg/detail/actuation_command__type_support.h
[0.842s] -- Up-to-date symlink: /home/zyme/ros_ws/Autoware_sim_test/install/tier4_vehicle_msgs/include/tier4_vehicle_msgs/tier4_vehicle_msgs/msg/detail/actuation_command_stamped__functions.h
[0.842s] -- Up-to-date symlink: /home/zyme/ros_ws/Autoware_sim_test/install/tier4_vehicle_msgs/include/tier4_vehicle_msgs/tier4_vehicle_msgs/msg/detail/actuation_command_stamped__struct.h
[0.843s] -- Up-to-date symlink: /home/zyme/ros_ws/Autoware_sim_test/install/tier4_vehicle_msgs/include/tier4_vehicle_msgs/tier4_vehicle_msgs/msg/detail/actuation_command_stamped__type_support.h
[0.843s] -- Up-to-date symlink: /home/zyme/ros_ws/Autoware_sim_test/install/tier4_vehicle_msgs/include/tier4_vehicle_msgs/tier4_vehicle_msgs/msg/detail/actuation_status__functions.h
[0.843s] -- Up-to-date symlink: /home/zyme/ros_ws/Autoware_sim_test/install/tier4_vehicle_msgs/include/tier4_vehicle_msgs/tier4_vehicle_msgs/msg/detail/actuation_status__struct.h
[0.843s] -- Up-to-date symlink: /home/zyme/ros_ws/Autoware_sim_test/install/tier4_vehicle_msgs/include/tier4_vehicle_msgs/tier4_vehicle_msgs/msg/detail/actuation_status__type_support.h
[0.843s] -- Up-to-date symlink: /home/zyme/ros_ws/Autoware_sim_test/install/tier4_vehicle_msgs/include/tier4_vehicle_msgs/tier4_vehicle_msgs/msg/detail/actuation_status_stamped__functions.h
[0.844s] -- Up-to-date symlink: /home/zyme/ros_ws/Autoware_sim_test/install/tier4_vehicle_msgs/include/tier4_vehicle_msgs/tier4_vehicle_msgs/msg/detail/actuation_status_stamped__struct.h
[0.844s] -- Up-to-date symlink: /home/zyme/ros_ws/Autoware_sim_test/install/tier4_vehicle_msgs/include/tier4_vehicle_msgs/tier4_vehicle_msgs/msg/detail/actuation_status_stamped__type_support.h
[0.844s] -- Up-to-date symlink: /home/zyme/ros_ws/Autoware_sim_test/install/tier4_vehicle_msgs/include/tier4_vehicle_msgs/tier4_vehicle_msgs/msg/detail/battery_status__functions.h
[0.844s] -- Up-to-date symlink: /home/zyme/ros_ws/Autoware_sim_test/install/tier4_vehicle_msgs/include/tier4_vehicle_msgs/tier4_vehicle_msgs/msg/detail/battery_status__struct.h
[0.844s] -- Up-to-date symlink: /home/zyme/ros_ws/Autoware_sim_test/install/tier4_vehicle_msgs/include/tier4_vehicle_msgs/tier4_vehicle_msgs/msg/detail/battery_status__type_support.h
[0.844s] -- Up-to-date symlink: /home/zyme/ros_ws/Autoware_sim_test/install/tier4_vehicle_msgs/include/tier4_vehicle_msgs/tier4_vehicle_msgs/msg/detail/shift__functions.h
[0.845s] -- Up-to-date symlink: /home/zyme/ros_ws/Autoware_sim_test/install/tier4_vehicle_msgs/include/tier4_vehicle_msgs/tier4_vehicle_msgs/msg/detail/shift__struct.h
[0.845s] -- Up-to-date symlink: /home/zyme/ros_ws/Autoware_sim_test/install/tier4_vehicle_msgs/include/tier4_vehicle_msgs/tier4_vehicle_msgs/msg/detail/shift__type_support.h
[0.845s] -- Up-to-date symlink: /home/zyme/ros_ws/Autoware_sim_test/install/tier4_vehicle_msgs/include/tier4_vehicle_msgs/tier4_vehicle_msgs/msg/detail/shift_stamped__functions.h
[0.845s] -- Up-to-date symlink: /home/zyme/ros_ws/Autoware_sim_test/install/tier4_vehicle_msgs/include/tier4_vehicle_msgs/tier4_vehicle_msgs/msg/detail/shift_stamped__struct.h
[0.845s] -- Up-to-date symlink: /home/zyme/ros_ws/Autoware_sim_test/install/tier4_vehicle_msgs/include/tier4_vehicle_msgs/tier4_vehicle_msgs/msg/detail/shift_stamped__type_support.h
[0.846s] -- Up-to-date symlink: /home/zyme/ros_ws/Autoware_sim_test/install/tier4_vehicle_msgs/include/tier4_vehicle_msgs/tier4_vehicle_msgs/msg/detail/steering__functions.h
[0.846s] -- Up-to-date symlink: /home/zyme/ros_ws/Autoware_sim_test/install/tier4_vehicle_msgs/include/tier4_vehicle_msgs/tier4_vehicle_msgs/msg/detail/steering__struct.h
[0.846s] -- Up-to-date symlink: /home/zyme/ros_ws/Autoware_sim_test/install/tier4_vehicle_msgs/include/tier4_vehicle_msgs/tier4_vehicle_msgs/msg/detail/steering__type_support.h
[0.846s] -- Up-to-date symlink: /home/zyme/ros_ws/Autoware_sim_test/install/tier4_vehicle_msgs/include/tier4_vehicle_msgs/tier4_vehicle_msgs/msg/detail/steering_wheel_status_stamped__functions.h
[0.847s] -- Up-to-date symlink: /home/zyme/ros_ws/Autoware_sim_test/install/tier4_vehicle_msgs/include/tier4_vehicle_msgs/tier4_vehicle_msgs/msg/detail/steering_wheel_status_stamped__struct.h
[0.847s] -- Up-to-date symlink: /home/zyme/ros_ws/Autoware_sim_test/install/tier4_vehicle_msgs/include/tier4_vehicle_msgs/tier4_vehicle_msgs/msg/detail/steering_wheel_status_stamped__type_support.h
[0.847s] -- Up-to-date symlink: /home/zyme/ros_ws/Autoware_sim_test/install/tier4_vehicle_msgs/include/tier4_vehicle_msgs/tier4_vehicle_msgs/msg/detail/turn_signal__functions.h
[0.847s] -- Up-to-date symlink: /home/zyme/ros_ws/Autoware_sim_test/install/tier4_vehicle_msgs/include/tier4_vehicle_msgs/tier4_vehicle_msgs/msg/detail/turn_signal__struct.h
[0.848s] -- Up-to-date symlink: /home/zyme/ros_ws/Autoware_sim_test/install/tier4_vehicle_msgs/include/tier4_vehicle_msgs/tier4_vehicle_msgs/msg/detail/turn_signal__type_support.h
[0.848s] -- Up-to-date symlink: /home/zyme/ros_ws/Autoware_sim_test/install/tier4_vehicle_msgs/include/tier4_vehicle_msgs/tier4_vehicle_msgs/msg/detail/vehicle_emergency_stamped__functions.h
[0.848s] -- Up-to-date symlink: /home/zyme/ros_ws/Autoware_sim_test/install/tier4_vehicle_msgs/include/tier4_vehicle_msgs/tier4_vehicle_msgs/msg/detail/vehicle_emergency_stamped__struct.h
[0.848s] -- Up-to-date symlink: /home/zyme/ros_ws/Autoware_sim_test/install/tier4_vehicle_msgs/include/tier4_vehicle_msgs/tier4_vehicle_msgs/msg/detail/vehicle_emergency_stamped__type_support.h
[0.849s] -- Up-to-date symlink: /home/zyme/ros_ws/Autoware_sim_test/install/tier4_vehicle_msgs/include/tier4_vehicle_msgs/tier4_vehicle_msgs/msg/rosidl_generator_c__visibility_control.h
[0.849s] -- Up-to-date symlink: /home/zyme/ros_ws/Autoware_sim_test/install/tier4_vehicle_msgs/include/tier4_vehicle_msgs/tier4_vehicle_msgs/msg/shift.h
[0.849s] -- Up-to-date symlink: /home/zyme/ros_ws/Autoware_sim_test/install/tier4_vehicle_msgs/include/tier4_vehicle_msgs/tier4_vehicle_msgs/msg/shift_stamped.h
[0.849s] -- Up-to-date symlink: /home/zyme/ros_ws/Autoware_sim_test/install/tier4_vehicle_msgs/include/tier4_vehicle_msgs/tier4_vehicle_msgs/msg/steering.h
[0.850s] -- Up-to-date symlink: /home/zyme/ros_ws/Autoware_sim_test/install/tier4_vehicle_msgs/include/tier4_vehicle_msgs/tier4_vehicle_msgs/msg/steering_wheel_status_stamped.h
[0.850s] -- Up-to-date symlink: /home/zyme/ros_ws/Autoware_sim_test/install/tier4_vehicle_msgs/include/tier4_vehicle_msgs/tier4_vehicle_msgs/msg/turn_signal.h
[0.850s] -- Up-to-date symlink: /home/zyme/ros_ws/Autoware_sim_test/install/tier4_vehicle_msgs/include/tier4_vehicle_msgs/tier4_vehicle_msgs/msg/vehicle_emergency_stamped.h
[0.850s] -- Up-to-date symlink: /home/zyme/ros_ws/Autoware_sim_test/install/tier4_vehicle_msgs/include/tier4_vehicle_msgs/tier4_vehicle_msgs/srv/detail/update_accel_brake_map__functions.h
[0.850s] -- Up-to-date symlink: /home/zyme/ros_ws/Autoware_sim_test/install/tier4_vehicle_msgs/include/tier4_vehicle_msgs/tier4_vehicle_msgs/srv/detail/update_accel_brake_map__struct.h
[0.851s] -- Up-to-date symlink: /home/zyme/ros_ws/Autoware_sim_test/install/tier4_vehicle_msgs/include/tier4_vehicle_msgs/tier4_vehicle_msgs/srv/detail/update_accel_brake_map__type_support.h
[0.851s] -- Up-to-date symlink: /home/zyme/ros_ws/Autoware_sim_test/install/tier4_vehicle_msgs/include/tier4_vehicle_msgs/tier4_vehicle_msgs/srv/update_accel_brake_map.h
[0.851s] -- Up-to-date symlink: /home/zyme/ros_ws/Autoware_sim_test/install/tier4_vehicle_msgs/share/tier4_vehicle_msgs/environment/library_path.sh
[0.851s] -- Up-to-date symlink: /home/zyme/ros_ws/Autoware_sim_test/install/tier4_vehicle_msgs/share/tier4_vehicle_msgs/environment/library_path.dsv
[0.853s] -- Up-to-date symlink: /home/zyme/ros_ws/Autoware_sim_test/install/tier4_vehicle_msgs/include/tier4_vehicle_msgs/tier4_vehicle_msgs/msg/detail/actuation_command__rosidl_typesupport_fastrtps_c.h
[0.853s] -- Up-to-date symlink: /home/zyme/ros_ws/Autoware_sim_test/install/tier4_vehicle_msgs/include/tier4_vehicle_msgs/tier4_vehicle_msgs/msg/detail/actuation_command_stamped__rosidl_typesupport_fastrtps_c.h
[0.853s] -- Up-to-date symlink: /home/zyme/ros_ws/Autoware_sim_test/install/tier4_vehicle_msgs/include/tier4_vehicle_msgs/tier4_vehicle_msgs/msg/detail/actuation_status__rosidl_typesupport_fastrtps_c.h
[0.854s] -- Up-to-date symlink: /home/zyme/ros_ws/Autoware_sim_test/install/tier4_vehicle_msgs/include/tier4_vehicle_msgs/tier4_vehicle_msgs/msg/detail/actuation_status_stamped__rosidl_typesupport_fastrtps_c.h
[0.854s] -- Up-to-date symlink: /home/zyme/ros_ws/Autoware_sim_test/install/tier4_vehicle_msgs/include/tier4_vehicle_msgs/tier4_vehicle_msgs/msg/detail/battery_status__rosidl_typesupport_fastrtps_c.h
[0.854s] -- Up-to-date symlink: /home/zyme/ros_ws/Autoware_sim_test/install/tier4_vehicle_msgs/include/tier4_vehicle_msgs/tier4_vehicle_msgs/msg/detail/shift__rosidl_typesupport_fastrtps_c.h
[0.854s] -- Up-to-date symlink: /home/zyme/ros_ws/Autoware_sim_test/install/tier4_vehicle_msgs/include/tier4_vehicle_msgs/tier4_vehicle_msgs/msg/detail/shift_stamped__rosidl_typesupport_fastrtps_c.h
[0.855s] -- Up-to-date symlink: /home/zyme/ros_ws/Autoware_sim_test/install/tier4_vehicle_msgs/include/tier4_vehicle_msgs/tier4_vehicle_msgs/msg/detail/steering__rosidl_typesupport_fastrtps_c.h
[0.855s] -- Up-to-date symlink: /home/zyme/ros_ws/Autoware_sim_test/install/tier4_vehicle_msgs/include/tier4_vehicle_msgs/tier4_vehicle_msgs/msg/detail/steering_wheel_status_stamped__rosidl_typesupport_fastrtps_c.h
[0.855s] -- Up-to-date symlink: /home/zyme/ros_ws/Autoware_sim_test/install/tier4_vehicle_msgs/include/tier4_vehicle_msgs/tier4_vehicle_msgs/msg/detail/turn_signal__rosidl_typesupport_fastrtps_c.h
[0.855s] -- Up-to-date symlink: /home/zyme/ros_ws/Autoware_sim_test/install/tier4_vehicle_msgs/include/tier4_vehicle_msgs/tier4_vehicle_msgs/msg/detail/vehicle_emergency_stamped__rosidl_typesupport_fastrtps_c.h
[0.855s] -- Up-to-date symlink: /home/zyme/ros_ws/Autoware_sim_test/install/tier4_vehicle_msgs/include/tier4_vehicle_msgs/tier4_vehicle_msgs/msg/rosidl_typesupport_fastrtps_c__visibility_control.h
[0.856s] -- Up-to-date symlink: /home/zyme/ros_ws/Autoware_sim_test/install/tier4_vehicle_msgs/include/tier4_vehicle_msgs/tier4_vehicle_msgs/srv/detail/update_accel_brake_map__rosidl_typesupport_fastrtps_c.h
[0.857s] -- Up-to-date symlink: /home/zyme/ros_ws/Autoware_sim_test/install/tier4_vehicle_msgs/include/tier4_vehicle_msgs/tier4_vehicle_msgs/msg/detail/actuation_command__rosidl_typesupport_introspection_c.h
[0.857s] -- Up-to-date symlink: /home/zyme/ros_ws/Autoware_sim_test/install/tier4_vehicle_msgs/include/tier4_vehicle_msgs/tier4_vehicle_msgs/msg/detail/actuation_command_stamped__rosidl_typesupport_introspection_c.h
[0.857s] -- Up-to-date symlink: /home/zyme/ros_ws/Autoware_sim_test/install/tier4_vehicle_msgs/include/tier4_vehicle_msgs/tier4_vehicle_msgs/msg/detail/actuation_status__rosidl_typesupport_introspection_c.h
[0.858s] -- Up-to-date symlink: /home/zyme/ros_ws/Autoware_sim_test/install/tier4_vehicle_msgs/include/tier4_vehicle_msgs/tier4_vehicle_msgs/msg/detail/actuation_status_stamped__rosidl_typesupport_introspection_c.h
[0.858s] -- Up-to-date symlink: /home/zyme/ros_ws/Autoware_sim_test/install/tier4_vehicle_msgs/include/tier4_vehicle_msgs/tier4_vehicle_msgs/msg/detail/battery_status__rosidl_typesupport_introspection_c.h
[0.858s] -- Up-to-date symlink: /home/zyme/ros_ws/Autoware_sim_test/install/tier4_vehicle_msgs/include/tier4_vehicle_msgs/tier4_vehicle_msgs/msg/detail/shift__rosidl_typesupport_introspection_c.h
[0.858s] -- Up-to-date symlink: /home/zyme/ros_ws/Autoware_sim_test/install/tier4_vehicle_msgs/include/tier4_vehicle_msgs/tier4_vehicle_msgs/msg/detail/shift_stamped__rosidl_typesupport_introspection_c.h
[0.858s] -- Up-to-date symlink: /home/zyme/ros_ws/Autoware_sim_test/install/tier4_vehicle_msgs/include/tier4_vehicle_msgs/tier4_vehicle_msgs/msg/detail/steering__rosidl_typesupport_introspection_c.h
[0.859s] -- Up-to-date symlink: /home/zyme/ros_ws/Autoware_sim_test/install/tier4_vehicle_msgs/include/tier4_vehicle_msgs/tier4_vehicle_msgs/msg/detail/steering_wheel_status_stamped__rosidl_typesupport_introspection_c.h
[0.859s] -- Up-to-date symlink: /home/zyme/ros_ws/Autoware_sim_test/install/tier4_vehicle_msgs/include/tier4_vehicle_msgs/tier4_vehicle_msgs/msg/detail/turn_signal__rosidl_typesupport_introspection_c.h
[0.859s] -- Up-to-date symlink: /home/zyme/ros_ws/Autoware_sim_test/install/tier4_vehicle_msgs/include/tier4_vehicle_msgs/tier4_vehicle_msgs/msg/detail/vehicle_emergency_stamped__rosidl_typesupport_introspection_c.h
[0.859s] -- Up-to-date symlink: /home/zyme/ros_ws/Autoware_sim_test/install/tier4_vehicle_msgs/include/tier4_vehicle_msgs/tier4_vehicle_msgs/msg/rosidl_typesupport_introspection_c__visibility_control.h
[0.860s] -- Up-to-date symlink: /home/zyme/ros_ws/Autoware_sim_test/install/tier4_vehicle_msgs/include/tier4_vehicle_msgs/tier4_vehicle_msgs/srv/detail/update_accel_brake_map__rosidl_typesupport_introspection_c.h
[0.861s] -- Up-to-date symlink: /home/zyme/ros_ws/Autoware_sim_test/install/tier4_vehicle_msgs/include/tier4_vehicle_msgs/tier4_vehicle_msgs/msg/actuation_command.hpp
[0.862s] -- Up-to-date symlink: /home/zyme/ros_ws/Autoware_sim_test/install/tier4_vehicle_msgs/include/tier4_vehicle_msgs/tier4_vehicle_msgs/msg/actuation_command_stamped.hpp
[0.862s] -- Up-to-date symlink: /home/zyme/ros_ws/Autoware_sim_test/install/tier4_vehicle_msgs/include/tier4_vehicle_msgs/tier4_vehicle_msgs/msg/actuation_status.hpp
[0.862s] -- Up-to-date symlink: /home/zyme/ros_ws/Autoware_sim_test/install/tier4_vehicle_msgs/include/tier4_vehicle_msgs/tier4_vehicle_msgs/msg/actuation_status_stamped.hpp
[0.862s] -- Up-to-date symlink: /home/zyme/ros_ws/Autoware_sim_test/install/tier4_vehicle_msgs/include/tier4_vehicle_msgs/tier4_vehicle_msgs/msg/battery_status.hpp
[0.862s] -- Up-to-date symlink: /home/zyme/ros_ws/Autoware_sim_test/install/tier4_vehicle_msgs/include/tier4_vehicle_msgs/tier4_vehicle_msgs/msg/detail/actuation_command__builder.hpp
[0.862s] -- Up-to-date symlink: /home/zyme/ros_ws/Autoware_sim_test/install/tier4_vehicle_msgs/include/tier4_vehicle_msgs/tier4_vehicle_msgs/msg/detail/actuation_command__struct.hpp
[0.862s] -- Up-to-date symlink: /home/zyme/ros_ws/Autoware_sim_test/install/tier4_vehicle_msgs/include/tier4_vehicle_msgs/tier4_vehicle_msgs/msg/detail/actuation_command__traits.hpp
[0.862s] -- Up-to-date symlink: /home/zyme/ros_ws/Autoware_sim_test/install/tier4_vehicle_msgs/include/tier4_vehicle_msgs/tier4_vehicle_msgs/msg/detail/actuation_command_stamped__builder.hpp
[0.863s] -- Up-to-date symlink: /home/zyme/ros_ws/Autoware_sim_test/install/tier4_vehicle_msgs/include/tier4_vehicle_msgs/tier4_vehicle_msgs/msg/detail/actuation_command_stamped__struct.hpp
[0.863s] -- Up-to-date symlink: /home/zyme/ros_ws/Autoware_sim_test/install/tier4_vehicle_msgs/include/tier4_vehicle_msgs/tier4_vehicle_msgs/msg/detail/actuation_command_stamped__traits.hpp
[0.863s] -- Up-to-date symlink: /home/zyme/ros_ws/Autoware_sim_test/install/tier4_vehicle_msgs/include/tier4_vehicle_msgs/tier4_vehicle_msgs/msg/detail/actuation_status__builder.hpp
[0.863s] -- Up-to-date symlink: /home/zyme/ros_ws/Autoware_sim_test/install/tier4_vehicle_msgs/include/tier4_vehicle_msgs/tier4_vehicle_msgs/msg/detail/actuation_status__struct.hpp
[0.863s] -- Up-to-date symlink: /home/zyme/ros_ws/Autoware_sim_test/install/tier4_vehicle_msgs/include/tier4_vehicle_msgs/tier4_vehicle_msgs/msg/detail/actuation_status__traits.hpp
[0.863s] -- Up-to-date symlink: /home/zyme/ros_ws/Autoware_sim_test/install/tier4_vehicle_msgs/include/tier4_vehicle_msgs/tier4_vehicle_msgs/msg/detail/actuation_status_stamped__builder.hpp
[0.863s] -- Up-to-date symlink: /home/zyme/ros_ws/Autoware_sim_test/install/tier4_vehicle_msgs/include/tier4_vehicle_msgs/tier4_vehicle_msgs/msg/detail/actuation_status_stamped__struct.hpp
[0.864s] -- Up-to-date symlink: /home/zyme/ros_ws/Autoware_sim_test/install/tier4_vehicle_msgs/include/tier4_vehicle_msgs/tier4_vehicle_msgs/msg/detail/actuation_status_stamped__traits.hpp
[0.864s] -- Up-to-date symlink: /home/zyme/ros_ws/Autoware_sim_test/install/tier4_vehicle_msgs/include/tier4_vehicle_msgs/tier4_vehicle_msgs/msg/detail/battery_status__builder.hpp
[0.864s] -- Up-to-date symlink: /home/zyme/ros_ws/Autoware_sim_test/install/tier4_vehicle_msgs/include/tier4_vehicle_msgs/tier4_vehicle_msgs/msg/detail/battery_status__struct.hpp
[0.864s] -- Up-to-date symlink: /home/zyme/ros_ws/Autoware_sim_test/install/tier4_vehicle_msgs/include/tier4_vehicle_msgs/tier4_vehicle_msgs/msg/detail/battery_status__traits.hpp
[0.864s] -- Up-to-date symlink: /home/zyme/ros_ws/Autoware_sim_test/install/tier4_vehicle_msgs/include/tier4_vehicle_msgs/tier4_vehicle_msgs/msg/detail/shift__builder.hpp
[0.864s] -- Up-to-date symlink: /home/zyme/ros_ws/Autoware_sim_test/install/tier4_vehicle_msgs/include/tier4_vehicle_msgs/tier4_vehicle_msgs/msg/detail/shift__struct.hpp
[0.864s] -- Up-to-date symlink: /home/zyme/ros_ws/Autoware_sim_test/install/tier4_vehicle_msgs/include/tier4_vehicle_msgs/tier4_vehicle_msgs/msg/detail/shift__traits.hpp
[0.865s] -- Up-to-date symlink: /home/zyme/ros_ws/Autoware_sim_test/install/tier4_vehicle_msgs/include/tier4_vehicle_msgs/tier4_vehicle_msgs/msg/detail/shift_stamped__builder.hpp
[0.865s] -- Up-to-date symlink: /home/zyme/ros_ws/Autoware_sim_test/install/tier4_vehicle_msgs/include/tier4_vehicle_msgs/tier4_vehicle_msgs/msg/detail/shift_stamped__struct.hpp
[0.865s] -- Up-to-date symlink: /home/zyme/ros_ws/Autoware_sim_test/install/tier4_vehicle_msgs/include/tier4_vehicle_msgs/tier4_vehicle_msgs/msg/detail/shift_stamped__traits.hpp
[0.865s] -- Up-to-date symlink: /home/zyme/ros_ws/Autoware_sim_test/install/tier4_vehicle_msgs/include/tier4_vehicle_msgs/tier4_vehicle_msgs/msg/detail/steering__builder.hpp
[0.865s] -- Up-to-date symlink: /home/zyme/ros_ws/Autoware_sim_test/install/tier4_vehicle_msgs/include/tier4_vehicle_msgs/tier4_vehicle_msgs/msg/detail/steering__struct.hpp
[0.865s] -- Up-to-date symlink: /home/zyme/ros_ws/Autoware_sim_test/install/tier4_vehicle_msgs/include/tier4_vehicle_msgs/tier4_vehicle_msgs/msg/detail/steering__traits.hpp
[0.865s] -- Up-to-date symlink: /home/zyme/ros_ws/Autoware_sim_test/install/tier4_vehicle_msgs/include/tier4_vehicle_msgs/tier4_vehicle_msgs/msg/detail/steering_wheel_status_stamped__builder.hpp
[0.866s] -- Up-to-date symlink: /home/zyme/ros_ws/Autoware_sim_test/install/tier4_vehicle_msgs/include/tier4_vehicle_msgs/tier4_vehicle_msgs/msg/detail/steering_wheel_status_stamped__struct.hpp
[0.866s] -- Up-to-date symlink: /home/zyme/ros_ws/Autoware_sim_test/install/tier4_vehicle_msgs/include/tier4_vehicle_msgs/tier4_vehicle_msgs/msg/detail/steering_wheel_status_stamped__traits.hpp
[0.866s] -- Up-to-date symlink: /home/zyme/ros_ws/Autoware_sim_test/install/tier4_vehicle_msgs/include/tier4_vehicle_msgs/tier4_vehicle_msgs/msg/detail/turn_signal__builder.hpp
[0.866s] -- Up-to-date symlink: /home/zyme/ros_ws/Autoware_sim_test/install/tier4_vehicle_msgs/include/tier4_vehicle_msgs/tier4_vehicle_msgs/msg/detail/turn_signal__struct.hpp
[0.866s] -- Up-to-date symlink: /home/zyme/ros_ws/Autoware_sim_test/install/tier4_vehicle_msgs/include/tier4_vehicle_msgs/tier4_vehicle_msgs/msg/detail/turn_signal__traits.hpp
[0.866s] -- Up-to-date symlink: /home/zyme/ros_ws/Autoware_sim_test/install/tier4_vehicle_msgs/include/tier4_vehicle_msgs/tier4_vehicle_msgs/msg/detail/vehicle_emergency_stamped__builder.hpp
[0.867s] -- Up-to-date symlink: /home/zyme/ros_ws/Autoware_sim_test/install/tier4_vehicle_msgs/include/tier4_vehicle_msgs/tier4_vehicle_msgs/msg/detail/vehicle_emergency_stamped__struct.hpp
[0.867s] -- Up-to-date symlink: /home/zyme/ros_ws/Autoware_sim_test/install/tier4_vehicle_msgs/include/tier4_vehicle_msgs/tier4_vehicle_msgs/msg/detail/vehicle_emergency_stamped__traits.hpp
[0.867s] -- Up-to-date symlink: /home/zyme/ros_ws/Autoware_sim_test/install/tier4_vehicle_msgs/include/tier4_vehicle_msgs/tier4_vehicle_msgs/msg/shift.hpp
[0.867s] -- Up-to-date symlink: /home/zyme/ros_ws/Autoware_sim_test/install/tier4_vehicle_msgs/include/tier4_vehicle_msgs/tier4_vehicle_msgs/msg/shift_stamped.hpp
[0.867s] -- Up-to-date symlink: /home/zyme/ros_ws/Autoware_sim_test/install/tier4_vehicle_msgs/include/tier4_vehicle_msgs/tier4_vehicle_msgs/msg/steering.hpp
[0.867s] -- Up-to-date symlink: /home/zyme/ros_ws/Autoware_sim_test/install/tier4_vehicle_msgs/include/tier4_vehicle_msgs/tier4_vehicle_msgs/msg/steering_wheel_status_stamped.hpp
[0.867s] -- Up-to-date symlink: /home/zyme/ros_ws/Autoware_sim_test/install/tier4_vehicle_msgs/include/tier4_vehicle_msgs/tier4_vehicle_msgs/msg/turn_signal.hpp
[0.868s] -- Up-to-date symlink: /home/zyme/ros_ws/Autoware_sim_test/install/tier4_vehicle_msgs/include/tier4_vehicle_msgs/tier4_vehicle_msgs/msg/vehicle_emergency_stamped.hpp
[0.868s] -- Up-to-date symlink: /home/zyme/ros_ws/Autoware_sim_test/install/tier4_vehicle_msgs/include/tier4_vehicle_msgs/tier4_vehicle_msgs/srv/detail/update_accel_brake_map__builder.hpp
[0.868s] -- Up-to-date symlink: /home/zyme/ros_ws/Autoware_sim_test/install/tier4_vehicle_msgs/include/tier4_vehicle_msgs/tier4_vehicle_msgs/srv/detail/update_accel_brake_map__struct.hpp
[0.868s] -- Up-to-date symlink: /home/zyme/ros_ws/Autoware_sim_test/install/tier4_vehicle_msgs/include/tier4_vehicle_msgs/tier4_vehicle_msgs/srv/detail/update_accel_brake_map__traits.hpp
[0.868s] -- Up-to-date symlink: /home/zyme/ros_ws/Autoware_sim_test/install/tier4_vehicle_msgs/include/tier4_vehicle_msgs/tier4_vehicle_msgs/srv/update_accel_brake_map.hpp
[0.869s] -- Up-to-date symlink: /home/zyme/ros_ws/Autoware_sim_test/install/tier4_vehicle_msgs/include/tier4_vehicle_msgs/tier4_vehicle_msgs/msg/detail/actuation_command__rosidl_typesupport_fastrtps_cpp.hpp
[0.869s] -- Up-to-date symlink: /home/zyme/ros_ws/Autoware_sim_test/install/tier4_vehicle_msgs/include/tier4_vehicle_msgs/tier4_vehicle_msgs/msg/detail/actuation_command_stamped__rosidl_typesupport_fastrtps_cpp.hpp
[0.870s] -- Up-to-date symlink: /home/zyme/ros_ws/Autoware_sim_test/install/tier4_vehicle_msgs/include/tier4_vehicle_msgs/tier4_vehicle_msgs/msg/detail/actuation_status__rosidl_typesupport_fastrtps_cpp.hpp
[0.870s] -- Up-to-date symlink: /home/zyme/ros_ws/Autoware_sim_test/install/tier4_vehicle_msgs/include/tier4_vehicle_msgs/tier4_vehicle_msgs/msg/detail/actuation_status_stamped__rosidl_typesupport_fastrtps_cpp.hpp
[0.870s] -- Up-to-date symlink: /home/zyme/ros_ws/Autoware_sim_test/install/tier4_vehicle_msgs/include/tier4_vehicle_msgs/tier4_vehicle_msgs/msg/detail/battery_status__rosidl_typesupport_fastrtps_cpp.hpp
[0.870s] -- Up-to-date symlink: /home/zyme/ros_ws/Autoware_sim_test/install/tier4_vehicle_msgs/include/tier4_vehicle_msgs/tier4_vehicle_msgs/msg/detail/shift__rosidl_typesupport_fastrtps_cpp.hpp
[0.870s] -- Up-to-date symlink: /home/zyme/ros_ws/Autoware_sim_test/install/tier4_vehicle_msgs/include/tier4_vehicle_msgs/tier4_vehicle_msgs/msg/detail/shift_stamped__rosidl_typesupport_fastrtps_cpp.hpp
[0.870s] -- Up-to-date symlink: /home/zyme/ros_ws/Autoware_sim_test/install/tier4_vehicle_msgs/include/tier4_vehicle_msgs/tier4_vehicle_msgs/msg/detail/steering__rosidl_typesupport_fastrtps_cpp.hpp
[0.871s] -- Up-to-date symlink: /home/zyme/ros_ws/Autoware_sim_test/install/tier4_vehicle_msgs/include/tier4_vehicle_msgs/tier4_vehicle_msgs/msg/detail/steering_wheel_status_stamped__rosidl_typesupport_fastrtps_cpp.hpp
[0.871s] -- Up-to-date symlink: /home/zyme/ros_ws/Autoware_sim_test/install/tier4_vehicle_msgs/include/tier4_vehicle_msgs/tier4_vehicle_msgs/msg/detail/turn_signal__rosidl_typesupport_fastrtps_cpp.hpp
[0.871s] -- Up-to-date symlink: /home/zyme/ros_ws/Autoware_sim_test/install/tier4_vehicle_msgs/include/tier4_vehicle_msgs/tier4_vehicle_msgs/msg/detail/vehicle_emergency_stamped__rosidl_typesupport_fastrtps_cpp.hpp
[0.871s] -- Up-to-date symlink: /home/zyme/ros_ws/Autoware_sim_test/install/tier4_vehicle_msgs/include/tier4_vehicle_msgs/tier4_vehicle_msgs/msg/rosidl_typesupport_fastrtps_cpp__visibility_control.h
[0.871s] -- Up-to-date symlink: /home/zyme/ros_ws/Autoware_sim_test/install/tier4_vehicle_msgs/include/tier4_vehicle_msgs/tier4_vehicle_msgs/srv/detail/update_accel_brake_map__rosidl_typesupport_fastrtps_cpp.hpp
[0.873s] -- Up-to-date symlink: /home/zyme/ros_ws/Autoware_sim_test/install/tier4_vehicle_msgs/include/tier4_vehicle_msgs/tier4_vehicle_msgs/msg/detail/actuation_command__rosidl_typesupport_introspection_cpp.hpp
[0.873s] -- Up-to-date symlink: /home/zyme/ros_ws/Autoware_sim_test/install/tier4_vehicle_msgs/include/tier4_vehicle_msgs/tier4_vehicle_msgs/msg/detail/actuation_command_stamped__rosidl_typesupport_introspection_cpp.hpp
[0.873s] -- Up-to-date symlink: /home/zyme/ros_ws/Autoware_sim_test/install/tier4_vehicle_msgs/include/tier4_vehicle_msgs/tier4_vehicle_msgs/msg/detail/actuation_status__rosidl_typesupport_introspection_cpp.hpp
[0.873s] -- Up-to-date symlink: /home/zyme/ros_ws/Autoware_sim_test/install/tier4_vehicle_msgs/include/tier4_vehicle_msgs/tier4_vehicle_msgs/msg/detail/actuation_status_stamped__rosidl_typesupport_introspection_cpp.hpp
[0.873s] -- Up-to-date symlink: /home/zyme/ros_ws/Autoware_sim_test/install/tier4_vehicle_msgs/include/tier4_vehicle_msgs/tier4_vehicle_msgs/msg/detail/battery_status__rosidl_typesupport_introspection_cpp.hpp
[0.873s] -- Up-to-date symlink: /home/zyme/ros_ws/Autoware_sim_test/install/tier4_vehicle_msgs/include/tier4_vehicle_msgs/tier4_vehicle_msgs/msg/detail/shift__rosidl_typesupport_introspection_cpp.hpp
[0.874s] -- Up-to-date symlink: /home/zyme/ros_ws/Autoware_sim_test/install/tier4_vehicle_msgs/include/tier4_vehicle_msgs/tier4_vehicle_msgs/msg/detail/shift_stamped__rosidl_typesupport_introspection_cpp.hpp
[0.874s] -- Up-to-date symlink: /home/zyme/ros_ws/Autoware_sim_test/install/tier4_vehicle_msgs/include/tier4_vehicle_msgs/tier4_vehicle_msgs/msg/detail/steering__rosidl_typesupport_introspection_cpp.hpp
[0.874s] -- Up-to-date symlink: /home/zyme/ros_ws/Autoware_sim_test/install/tier4_vehicle_msgs/include/tier4_vehicle_msgs/tier4_vehicle_msgs/msg/detail/steering_wheel_status_stamped__rosidl_typesupport_introspection_cpp.hpp
[0.874s] -- Up-to-date symlink: /home/zyme/ros_ws/Autoware_sim_test/install/tier4_vehicle_msgs/include/tier4_vehicle_msgs/tier4_vehicle_msgs/msg/detail/turn_signal__rosidl_typesupport_introspection_cpp.hpp
[0.874s] -- Up-to-date symlink: /home/zyme/ros_ws/Autoware_sim_test/install/tier4_vehicle_msgs/include/tier4_vehicle_msgs/tier4_vehicle_msgs/msg/detail/vehicle_emergency_stamped__rosidl_typesupport_introspection_cpp.hpp
[0.875s] -- Up-to-date symlink: /home/zyme/ros_ws/Autoware_sim_test/install/tier4_vehicle_msgs/include/tier4_vehicle_msgs/tier4_vehicle_msgs/srv/detail/update_accel_brake_map__rosidl_typesupport_introspection_cpp.hpp
[0.875s] -- Up-to-date symlink: /home/zyme/ros_ws/Autoware_sim_test/install/tier4_vehicle_msgs/share/tier4_vehicle_msgs/environment/pythonpath.sh
[0.875s] -- Up-to-date symlink: /home/zyme/ros_ws/Autoware_sim_test/install/tier4_vehicle_msgs/share/tier4_vehicle_msgs/environment/pythonpath.dsv
[0.876s] -- Up-to-date symlink: /home/zyme/ros_ws/Autoware_sim_test/install/tier4_vehicle_msgs/local/lib/python3.10/dist-packages/tier4_vehicle_msgs-0.1.0-py3.10.egg-info/PKG-INFO
[0.876s] -- Up-to-date symlink: /home/zyme/ros_ws/Autoware_sim_test/install/tier4_vehicle_msgs/local/lib/python3.10/dist-packages/tier4_vehicle_msgs-0.1.0-py3.10.egg-info/SOURCES.txt
[0.876s] -- Up-to-date symlink: /home/zyme/ros_ws/Autoware_sim_test/install/tier4_vehicle_msgs/local/lib/python3.10/dist-packages/tier4_vehicle_msgs-0.1.0-py3.10.egg-info/dependency_links.txt
[0.876s] -- Up-to-date symlink: /home/zyme/ros_ws/Autoware_sim_test/install/tier4_vehicle_msgs/local/lib/python3.10/dist-packages/tier4_vehicle_msgs-0.1.0-py3.10.egg-info/top_level.txt
[0.877s] -- Up-to-date symlink: /home/zyme/ros_ws/Autoware_sim_test/install/tier4_vehicle_msgs/local/lib/python3.10/dist-packages/tier4_vehicle_msgs/__init__.py
[0.878s] -- Up-to-date symlink: /home/zyme/ros_ws/Autoware_sim_test/install/tier4_vehicle_msgs/local/lib/python3.10/dist-packages/tier4_vehicle_msgs/_tier4_vehicle_msgs_s.ep.rosidl_typesupport_c.c
[0.878s] -- Up-to-date symlink: /home/zyme/ros_ws/Autoware_sim_test/install/tier4_vehicle_msgs/local/lib/python3.10/dist-packages/tier4_vehicle_msgs/_tier4_vehicle_msgs_s.ep.rosidl_typesupport_fastrtps_c.c
[0.878s] -- Up-to-date symlink: /home/zyme/ros_ws/Autoware_sim_test/install/tier4_vehicle_msgs/local/lib/python3.10/dist-packages/tier4_vehicle_msgs/_tier4_vehicle_msgs_s.ep.rosidl_typesupport_introspection_c.c
[0.878s] -- Up-to-date symlink: /home/zyme/ros_ws/Autoware_sim_test/install/tier4_vehicle_msgs/local/lib/python3.10/dist-packages/tier4_vehicle_msgs/libtier4_vehicle_msgs__rosidl_generator_py.so
[0.878s] -- Up-to-date symlink: /home/zyme/ros_ws/Autoware_sim_test/install/tier4_vehicle_msgs/local/lib/python3.10/dist-packages/tier4_vehicle_msgs/msg/__init__.py
[0.879s] -- Up-to-date symlink: /home/zyme/ros_ws/Autoware_sim_test/install/tier4_vehicle_msgs/local/lib/python3.10/dist-packages/tier4_vehicle_msgs/msg/_actuation_command.py
[0.879s] -- Up-to-date symlink: /home/zyme/ros_ws/Autoware_sim_test/install/tier4_vehicle_msgs/local/lib/python3.10/dist-packages/tier4_vehicle_msgs/msg/_actuation_command_s.c
[0.879s] -- Up-to-date symlink: /home/zyme/ros_ws/Autoware_sim_test/install/tier4_vehicle_msgs/local/lib/python3.10/dist-packages/tier4_vehicle_msgs/msg/_actuation_command_stamped.py
[0.879s] -- Up-to-date symlink: /home/zyme/ros_ws/Autoware_sim_test/install/tier4_vehicle_msgs/local/lib/python3.10/dist-packages/tier4_vehicle_msgs/msg/_actuation_command_stamped_s.c
[0.879s] -- Up-to-date symlink: /home/zyme/ros_ws/Autoware_sim_test/install/tier4_vehicle_msgs/local/lib/python3.10/dist-packages/tier4_vehicle_msgs/msg/_actuation_status.py
[0.880s] -- Up-to-date symlink: /home/zyme/ros_ws/Autoware_sim_test/install/tier4_vehicle_msgs/local/lib/python3.10/dist-packages/tier4_vehicle_msgs/msg/_actuation_status_s.c
[0.880s] -- Up-to-date symlink: /home/zyme/ros_ws/Autoware_sim_test/install/tier4_vehicle_msgs/local/lib/python3.10/dist-packages/tier4_vehicle_msgs/msg/_actuation_status_stamped.py
[0.880s] -- Up-to-date symlink: /home/zyme/ros_ws/Autoware_sim_test/install/tier4_vehicle_msgs/local/lib/python3.10/dist-packages/tier4_vehicle_msgs/msg/_actuation_status_stamped_s.c
[0.880s] -- Up-to-date symlink: /home/zyme/ros_ws/Autoware_sim_test/install/tier4_vehicle_msgs/local/lib/python3.10/dist-packages/tier4_vehicle_msgs/msg/_battery_status.py
[0.880s] -- Up-to-date symlink: /home/zyme/ros_ws/Autoware_sim_test/install/tier4_vehicle_msgs/local/lib/python3.10/dist-packages/tier4_vehicle_msgs/msg/_battery_status_s.c
[0.881s] -- Up-to-date symlink: /home/zyme/ros_ws/Autoware_sim_test/install/tier4_vehicle_msgs/local/lib/python3.10/dist-packages/tier4_vehicle_msgs/msg/_shift.py
[0.881s] -- Up-to-date symlink: /home/zyme/ros_ws/Autoware_sim_test/install/tier4_vehicle_msgs/local/lib/python3.10/dist-packages/tier4_vehicle_msgs/msg/_shift_s.c
[0.881s] -- Up-to-date symlink: /home/zyme/ros_ws/Autoware_sim_test/install/tier4_vehicle_msgs/local/lib/python3.10/dist-packages/tier4_vehicle_msgs/msg/_shift_stamped.py
[0.881s] -- Up-to-date symlink: /home/zyme/ros_ws/Autoware_sim_test/install/tier4_vehicle_msgs/local/lib/python3.10/dist-packages/tier4_vehicle_msgs/msg/_shift_stamped_s.c
[0.881s] -- Up-to-date symlink: /home/zyme/ros_ws/Autoware_sim_test/install/tier4_vehicle_msgs/local/lib/python3.10/dist-packages/tier4_vehicle_msgs/msg/_steering.py
[0.882s] -- Up-to-date symlink: /home/zyme/ros_ws/Autoware_sim_test/install/tier4_vehicle_msgs/local/lib/python3.10/dist-packages/tier4_vehicle_msgs/msg/_steering_s.c
[0.882s] -- Up-to-date symlink: /home/zyme/ros_ws/Autoware_sim_test/install/tier4_vehicle_msgs/local/lib/python3.10/dist-packages/tier4_vehicle_msgs/msg/_steering_wheel_status_stamped.py
[0.882s] -- Up-to-date symlink: /home/zyme/ros_ws/Autoware_sim_test/install/tier4_vehicle_msgs/local/lib/python3.10/dist-packages/tier4_vehicle_msgs/msg/_steering_wheel_status_stamped_s.c
[0.882s] -- Up-to-date symlink: /home/zyme/ros_ws/Autoware_sim_test/install/tier4_vehicle_msgs/local/lib/python3.10/dist-packages/tier4_vehicle_msgs/msg/_turn_signal.py
[0.882s] -- Up-to-date symlink: /home/zyme/ros_ws/Autoware_sim_test/install/tier4_vehicle_msgs/local/lib/python3.10/dist-packages/tier4_vehicle_msgs/msg/_turn_signal_s.c
[0.883s] -- Up-to-date symlink: /home/zyme/ros_ws/Autoware_sim_test/install/tier4_vehicle_msgs/local/lib/python3.10/dist-packages/tier4_vehicle_msgs/msg/_vehicle_emergency_stamped.py
[0.883s] -- Up-to-date symlink: /home/zyme/ros_ws/Autoware_sim_test/install/tier4_vehicle_msgs/local/lib/python3.10/dist-packages/tier4_vehicle_msgs/msg/_vehicle_emergency_stamped_s.c
[0.883s] -- Up-to-date symlink: /home/zyme/ros_ws/Autoware_sim_test/install/tier4_vehicle_msgs/local/lib/python3.10/dist-packages/tier4_vehicle_msgs/srv/__init__.py
[0.884s] -- Up-to-date symlink: /home/zyme/ros_ws/Autoware_sim_test/install/tier4_vehicle_msgs/local/lib/python3.10/dist-packages/tier4_vehicle_msgs/srv/_update_accel_brake_map.py
[0.884s] -- Up-to-date symlink: /home/zyme/ros_ws/Autoware_sim_test/install/tier4_vehicle_msgs/local/lib/python3.10/dist-packages/tier4_vehicle_msgs/srv/_update_accel_brake_map_s.c
[0.884s] -- Up-to-date symlink: /home/zyme/ros_ws/Autoware_sim_test/install/tier4_vehicle_msgs/local/lib/python3.10/dist-packages/tier4_vehicle_msgs/tier4_vehicle_msgs_s__rosidl_typesupport_c.cpython-310-x86_64-linux-gnu.so
[0.884s] -- Up-to-date symlink: /home/zyme/ros_ws/Autoware_sim_test/install/tier4_vehicle_msgs/local/lib/python3.10/dist-packages/tier4_vehicle_msgs/tier4_vehicle_msgs_s__rosidl_typesupport_fastrtps_c.cpython-310-x86_64-linux-gnu.so
[0.884s] -- Up-to-date symlink: /home/zyme/ros_ws/Autoware_sim_test/install/tier4_vehicle_msgs/local/lib/python3.10/dist-packages/tier4_vehicle_msgs/tier4_vehicle_msgs_s__rosidl_typesupport_introspection_c.cpython-310-x86_64-linux-gnu.so
[0.885s] -- Up-to-date symlink: /home/zyme/ros_ws/Autoware_sim_test/install/tier4_vehicle_msgs/local/lib/python3.10/dist-packages/tier4_vehicle_msgs/tier4_vehicle_msgs_s__rosidl_typesupport_fastrtps_c.cpython-310-x86_64-linux-gnu.so
[0.885s] -- Up-to-date symlink: /home/zyme/ros_ws/Autoware_sim_test/install/tier4_vehicle_msgs/local/lib/python3.10/dist-packages/tier4_vehicle_msgs/tier4_vehicle_msgs_s__rosidl_typesupport_introspection_c.cpython-310-x86_64-linux-gnu.so
[0.885s] -- Up-to-date symlink: /home/zyme/ros_ws/Autoware_sim_test/install/tier4_vehicle_msgs/local/lib/python3.10/dist-packages/tier4_vehicle_msgs/tier4_vehicle_msgs_s__rosidl_typesupport_c.cpython-310-x86_64-linux-gnu.so
[0.886s] -- Up-to-date symlink: /home/zyme/ros_ws/Autoware_sim_test/install/tier4_vehicle_msgs/share/tier4_vehicle_msgs/msg/ActuationCommand.idl
[0.886s] -- Up-to-date symlink: /home/zyme/ros_ws/Autoware_sim_test/install/tier4_vehicle_msgs/share/tier4_vehicle_msgs/msg/ActuationCommandStamped.idl
[0.886s] -- Up-to-date symlink: /home/zyme/ros_ws/Autoware_sim_test/install/tier4_vehicle_msgs/share/tier4_vehicle_msgs/msg/ActuationStatus.idl
[0.886s] -- Up-to-date symlink: /home/zyme/ros_ws/Autoware_sim_test/install/tier4_vehicle_msgs/share/tier4_vehicle_msgs/msg/ActuationStatusStamped.idl
[0.886s] -- Up-to-date symlink: /home/zyme/ros_ws/Autoware_sim_test/install/tier4_vehicle_msgs/share/tier4_vehicle_msgs/msg/BatteryStatus.idl
[0.887s] -- Up-to-date symlink: /home/zyme/ros_ws/Autoware_sim_test/install/tier4_vehicle_msgs/share/tier4_vehicle_msgs/msg/Shift.idl
[0.887s] -- Up-to-date symlink: /home/zyme/ros_ws/Autoware_sim_test/install/tier4_vehicle_msgs/share/tier4_vehicle_msgs/msg/ShiftStamped.idl
[0.887s] -- Up-to-date symlink: /home/zyme/ros_ws/Autoware_sim_test/install/tier4_vehicle_msgs/share/tier4_vehicle_msgs/msg/TurnSignal.idl
[0.887s] -- Up-to-date symlink: /home/zyme/ros_ws/Autoware_sim_test/install/tier4_vehicle_msgs/share/tier4_vehicle_msgs/msg/Steering.idl
[0.888s] -- Up-to-date symlink: /home/zyme/ros_ws/Autoware_sim_test/install/tier4_vehicle_msgs/share/tier4_vehicle_msgs/msg/SteeringWheelStatusStamped.idl
[0.888s] -- Up-to-date symlink: /home/zyme/ros_ws/Autoware_sim_test/install/tier4_vehicle_msgs/share/tier4_vehicle_msgs/msg/VehicleEmergencyStamped.idl
[0.888s] -- Up-to-date symlink: /home/zyme/ros_ws/Autoware_sim_test/install/tier4_vehicle_msgs/share/tier4_vehicle_msgs/srv/UpdateAccelBrakeMap.idl
[0.889s] -- Up-to-date symlink: /home/zyme/ros_ws/Autoware_sim_test/install/tier4_vehicle_msgs/share/tier4_vehicle_msgs/msg/ActuationCommand.msg
[0.889s] -- Up-to-date symlink: /home/zyme/ros_ws/Autoware_sim_test/install/tier4_vehicle_msgs/share/tier4_vehicle_msgs/msg/ActuationCommandStamped.msg
[0.889s] -- Up-to-date symlink: /home/zyme/ros_ws/Autoware_sim_test/install/tier4_vehicle_msgs/share/tier4_vehicle_msgs/msg/ActuationStatus.msg
[0.890s] -- Up-to-date symlink: /home/zyme/ros_ws/Autoware_sim_test/install/tier4_vehicle_msgs/share/tier4_vehicle_msgs/msg/ActuationStatusStamped.msg
[0.890s] -- Up-to-date symlink: /home/zyme/ros_ws/Autoware_sim_test/install/tier4_vehicle_msgs/share/tier4_vehicle_msgs/msg/BatteryStatus.msg
[0.890s] -- Up-to-date symlink: /home/zyme/ros_ws/Autoware_sim_test/install/tier4_vehicle_msgs/share/tier4_vehicle_msgs/msg/Shift.msg
[0.890s] -- Up-to-date symlink: /home/zyme/ros_ws/Autoware_sim_test/install/tier4_vehicle_msgs/share/tier4_vehicle_msgs/msg/ShiftStamped.msg
[0.891s] -- Up-to-date symlink: /home/zyme/ros_ws/Autoware_sim_test/install/tier4_vehicle_msgs/share/tier4_vehicle_msgs/msg/TurnSignal.msg
[0.891s] -- Up-to-date symlink: /home/zyme/ros_ws/Autoware_sim_test/install/tier4_vehicle_msgs/share/tier4_vehicle_msgs/msg/Steering.msg
[0.891s] -- Up-to-date symlink: /home/zyme/ros_ws/Autoware_sim_test/install/tier4_vehicle_msgs/share/tier4_vehicle_msgs/msg/SteeringWheelStatusStamped.msg
[0.891s] -- Up-to-date symlink: /home/zyme/ros_ws/Autoware_sim_test/install/tier4_vehicle_msgs/share/tier4_vehicle_msgs/msg/VehicleEmergencyStamped.msg
[0.891s] -- Up-to-date symlink: /home/zyme/ros_ws/Autoware_sim_test/install/tier4_vehicle_msgs/share/tier4_vehicle_msgs/srv/UpdateAccelBrakeMap.srv
[0.892s] -- Up-to-date symlink: /home/zyme/ros_ws/Autoware_sim_test/install/tier4_vehicle_msgs/share/tier4_vehicle_msgs/srv/UpdateAccelBrakeMap_Request.msg
[0.892s] -- Up-to-date symlink: /home/zyme/ros_ws/Autoware_sim_test/install/tier4_vehicle_msgs/share/tier4_vehicle_msgs/srv/UpdateAccelBrakeMap_Response.msg
[0.892s] -- Up-to-date symlink: /home/zyme/ros_ws/Autoware_sim_test/install/tier4_vehicle_msgs/share/ament_index/resource_index/package_run_dependencies/tier4_vehicle_msgs
[0.892s] -- Up-to-date symlink: /home/zyme/ros_ws/Autoware_sim_test/install/tier4_vehicle_msgs/share/ament_index/resource_index/parent_prefix_path/tier4_vehicle_msgs
[0.893s] -- Up-to-date symlink: /home/zyme/ros_ws/Autoware_sim_test/install/tier4_vehicle_msgs/share/tier4_vehicle_msgs/environment/ament_prefix_path.sh
[0.893s] -- Up-to-date symlink: /home/zyme/ros_ws/Autoware_sim_test/install/tier4_vehicle_msgs/share/tier4_vehicle_msgs/environment/ament_prefix_path.dsv
[0.893s] -- Up-to-date symlink: /home/zyme/ros_ws/Autoware_sim_test/install/tier4_vehicle_msgs/share/tier4_vehicle_msgs/environment/path.sh
[0.893s] -- Up-to-date symlink: /home/zyme/ros_ws/Autoware_sim_test/install/tier4_vehicle_msgs/share/tier4_vehicle_msgs/environment/path.dsv
[0.893s] -- Up-to-date symlink: /home/zyme/ros_ws/Autoware_sim_test/install/tier4_vehicle_msgs/share/tier4_vehicle_msgs/local_setup.bash
[0.893s] -- Up-to-date symlink: /home/zyme/ros_ws/Autoware_sim_test/install/tier4_vehicle_msgs/share/tier4_vehicle_msgs/local_setup.sh
[0.894s] -- Up-to-date symlink: /home/zyme/ros_ws/Autoware_sim_test/install/tier4_vehicle_msgs/share/tier4_vehicle_msgs/local_setup.zsh
[0.894s] -- Up-to-date symlink: /home/zyme/ros_ws/Autoware_sim_test/install/tier4_vehicle_msgs/share/tier4_vehicle_msgs/local_setup.dsv
[0.894s] -- Symlinking: /home/zyme/ros_ws/Autoware_sim_test/install/tier4_vehicle_msgs/share/tier4_vehicle_msgs/package.dsv
[0.905s] -- Up-to-date symlink: /home/zyme/ros_ws/Autoware_sim_test/install/tier4_vehicle_msgs/share/ament_index/resource_index/packages/tier4_vehicle_msgs
[0.905s] -- Up-to-date symlink: /home/zyme/ros_ws/Autoware_sim_test/install/tier4_vehicle_msgs/share/tier4_vehicle_msgs/cmake/rosidl_cmake-extras.cmake
[0.905s] -- Up-to-date symlink: /home/zyme/ros_ws/Autoware_sim_test/install/tier4_vehicle_msgs/share/tier4_vehicle_msgs/cmake/ament_cmake_export_dependencies-extras.cmake
[0.905s] -- Up-to-date symlink: /home/zyme/ros_ws/Autoware_sim_test/install/tier4_vehicle_msgs/share/tier4_vehicle_msgs/cmake/ament_cmake_export_include_directories-extras.cmake
[0.905s] -- Up-to-date symlink: /home/zyme/ros_ws/Autoware_sim_test/install/tier4_vehicle_msgs/share/tier4_vehicle_msgs/cmake/ament_cmake_export_libraries-extras.cmake
[0.906s] -- Up-to-date symlink: /home/zyme/ros_ws/Autoware_sim_test/install/tier4_vehicle_msgs/share/tier4_vehicle_msgs/cmake/ament_cmake_export_targets-extras.cmake
[0.906s] -- Up-to-date symlink: /home/zyme/ros_ws/Autoware_sim_test/install/tier4_vehicle_msgs/share/tier4_vehicle_msgs/cmake/rosidl_cmake_export_typesupport_targets-extras.cmake
[0.906s] -- Up-to-date symlink: /home/zyme/ros_ws/Autoware_sim_test/install/tier4_vehicle_msgs/share/tier4_vehicle_msgs/cmake/rosidl_cmake_export_typesupport_libraries-extras.cmake
[0.906s] -- Up-to-date symlink: /home/zyme/ros_ws/Autoware_sim_test/install/tier4_vehicle_msgs/share/tier4_vehicle_msgs/cmake/tier4_vehicle_msgsConfig.cmake
[0.906s] -- Up-to-date symlink: /home/zyme/ros_ws/Autoware_sim_test/install/tier4_vehicle_msgs/share/tier4_vehicle_msgs/cmake/tier4_vehicle_msgsConfig-version.cmake
[0.906s] -- Up-to-date symlink: /home/zyme/ros_ws/Autoware_sim_test/install/tier4_vehicle_msgs/share/tier4_vehicle_msgs/package.xml
[0.907s] -- Up-to-date: /home/zyme/ros_ws/Autoware_sim_test/install/tier4_vehicle_msgs/lib/libtier4_vehicle_msgs__rosidl_generator_c.so
[0.907s] -- Up-to-date: /home/zyme/ros_ws/Autoware_sim_test/install/tier4_vehicle_msgs/lib/libtier4_vehicle_msgs__rosidl_typesupport_fastrtps_c.so
[0.908s] -- Up-to-date: /home/zyme/ros_ws/Autoware_sim_test/install/tier4_vehicle_msgs/lib/libtier4_vehicle_msgs__rosidl_typesupport_introspection_c.so
[0.908s] -- Up-to-date: /home/zyme/ros_ws/Autoware_sim_test/install/tier4_vehicle_msgs/lib/libtier4_vehicle_msgs__rosidl_typesupport_c.so
[0.909s] -- Up-to-date: /home/zyme/ros_ws/Autoware_sim_test/install/tier4_vehicle_msgs/lib/libtier4_vehicle_msgs__rosidl_typesupport_fastrtps_cpp.so
[0.910s] -- Up-to-date: /home/zyme/ros_ws/Autoware_sim_test/install/tier4_vehicle_msgs/lib/libtier4_vehicle_msgs__rosidl_typesupport_introspection_cpp.so
[0.910s] -- Up-to-date: /home/zyme/ros_ws/Autoware_sim_test/install/tier4_vehicle_msgs/lib/libtier4_vehicle_msgs__rosidl_typesupport_cpp.so
[0.946s] Listing '/home/zyme/ros_ws/Autoware_sim_test/install/tier4_vehicle_msgs/local/lib/python3.10/dist-packages/tier4_vehicle_msgs'...
[0.946s] Listing '/home/zyme/ros_ws/Autoware_sim_test/install/tier4_vehicle_msgs/local/lib/python3.10/dist-packages/tier4_vehicle_msgs/msg'...
[0.946s] Listing '/home/zyme/ros_ws/Autoware_sim_test/install/tier4_vehicle_msgs/local/lib/python3.10/dist-packages/tier4_vehicle_msgs/srv'...
[0.951s] -- Up-to-date: /home/zyme/ros_ws/Autoware_sim_test/install/tier4_vehicle_msgs/lib/libtier4_vehicle_msgs__rosidl_generator_py.so
[0.951s] -- Up-to-date: /home/zyme/ros_ws/Autoware_sim_test/install/tier4_vehicle_msgs/share/tier4_vehicle_msgs/cmake/export_tier4_vehicle_msgs__rosidl_generator_cExport.cmake
[0.951s] -- Up-to-date: /home/zyme/ros_ws/Autoware_sim_test/install/tier4_vehicle_msgs/share/tier4_vehicle_msgs/cmake/export_tier4_vehicle_msgs__rosidl_generator_cExport-release.cmake
[0.952s] -- Up-to-date: /home/zyme/ros_ws/Autoware_sim_test/install/tier4_vehicle_msgs/share/tier4_vehicle_msgs/cmake/export_tier4_vehicle_msgs__rosidl_typesupport_fastrtps_cExport.cmake
[0.952s] -- Up-to-date: /home/zyme/ros_ws/Autoware_sim_test/install/tier4_vehicle_msgs/share/tier4_vehicle_msgs/cmake/export_tier4_vehicle_msgs__rosidl_typesupport_fastrtps_cExport-release.cmake
[0.952s] -- Up-to-date: /home/zyme/ros_ws/Autoware_sim_test/install/tier4_vehicle_msgs/share/tier4_vehicle_msgs/cmake/tier4_vehicle_msgs__rosidl_typesupport_introspection_cExport.cmake
[0.952s] -- Up-to-date: /home/zyme/ros_ws/Autoware_sim_test/install/tier4_vehicle_msgs/share/tier4_vehicle_msgs/cmake/tier4_vehicle_msgs__rosidl_typesupport_introspection_cExport-release.cmake
[0.953s] -- Up-to-date: /home/zyme/ros_ws/Autoware_sim_test/install/tier4_vehicle_msgs/share/tier4_vehicle_msgs/cmake/tier4_vehicle_msgs__rosidl_typesupport_cExport.cmake
[0.953s] -- Up-to-date: /home/zyme/ros_ws/Autoware_sim_test/install/tier4_vehicle_msgs/share/tier4_vehicle_msgs/cmake/tier4_vehicle_msgs__rosidl_typesupport_cExport-release.cmake
[0.953s] -- Up-to-date: /home/zyme/ros_ws/Autoware_sim_test/install/tier4_vehicle_msgs/share/tier4_vehicle_msgs/cmake/export_tier4_vehicle_msgs__rosidl_generator_cppExport.cmake
[0.953s] -- Up-to-date: /home/zyme/ros_ws/Autoware_sim_test/install/tier4_vehicle_msgs/share/tier4_vehicle_msgs/cmake/export_tier4_vehicle_msgs__rosidl_typesupport_fastrtps_cppExport.cmake
[0.954s] -- Up-to-date: /home/zyme/ros_ws/Autoware_sim_test/install/tier4_vehicle_msgs/share/tier4_vehicle_msgs/cmake/export_tier4_vehicle_msgs__rosidl_typesupport_fastrtps_cppExport-release.cmake
[0.954s] -- Up-to-date: /home/zyme/ros_ws/Autoware_sim_test/install/tier4_vehicle_msgs/share/tier4_vehicle_msgs/cmake/tier4_vehicle_msgs__rosidl_typesupport_introspection_cppExport.cmake
[0.954s] -- Up-to-date: /home/zyme/ros_ws/Autoware_sim_test/install/tier4_vehicle_msgs/share/tier4_vehicle_msgs/cmake/tier4_vehicle_msgs__rosidl_typesupport_introspection_cppExport-release.cmake
[0.954s] -- Up-to-date: /home/zyme/ros_ws/Autoware_sim_test/install/tier4_vehicle_msgs/share/tier4_vehicle_msgs/cmake/tier4_vehicle_msgs__rosidl_typesupport_cppExport.cmake
[0.954s] -- Up-to-date: /home/zyme/ros_ws/Autoware_sim_test/install/tier4_vehicle_msgs/share/tier4_vehicle_msgs/cmake/tier4_vehicle_msgs__rosidl_typesupport_cppExport-release.cmake
[0.955s] -- Up-to-date: /home/zyme/ros_ws/Autoware_sim_test/install/tier4_vehicle_msgs/share/tier4_vehicle_msgs/cmake/export_tier4_vehicle_msgs__rosidl_generator_pyExport.cmake
[0.955s] -- Up-to-date: /home/zyme/ros_ws/Autoware_sim_test/install/tier4_vehicle_msgs/share/tier4_vehicle_msgs/cmake/export_tier4_vehicle_msgs__rosidl_generator_pyExport-release.cmake
[0.957s] Invoked command in '/home/zyme/ros_ws/Autoware_sim_test/build/tier4_vehicle_msgs' returned '0': AMENT_PREFIX_PATH=/home/zyme/ros_ws/Autoware_sim_test/install/tier4_control_msgs:/home/zyme/ros_ws/Autoware_sim_test/install/autoware_common_msgs:${AMENT_PREFIX_PATH} CMAKE_PREFIX_PATH=/home/zyme/ros_ws/Autoware_sim_test/install/tier4_control_msgs:/home/zyme/ros_ws/Autoware_sim_test/install/autoware_common_msgs:/opt/ros/humble LD_LIBRARY_PATH=/home/zyme/ros_ws/Autoware_sim_test/install/tier4_control_msgs/lib:/home/zyme/ros_ws/Autoware_sim_test/install/autoware_common_msgs/lib:${LD_LIBRARY_PATH} PYTHONPATH=/home/zyme/ros_ws/Autoware_sim_test/install/tier4_control_msgs/local/lib/python3.10/dist-packages:/home/zyme/ros_ws/Autoware_sim_test/install/autoware_common_msgs/local/lib/python3.10/dist-packages:${PYTHONPATH} /usr/bin/cmake --install /home/zyme/ros_ws/Autoware_sim_test/build/tier4_vehicle_msgs
