[0.065s] Invoking command in '/home/zyme/ros_ws/Autoware_sim_test/build/map_height_fitter': AMENT_PREFIX_PATH=/home/zyme/ros_ws/Autoware_sim_test/install/autoware_cmake:/home/zyme/ros_ws/Autoware_sim_test/install/tier4_localization_msgs:/home/zyme/ros_ws/Autoware_sim_test/install/autoware_map_msgs:/home/zyme/ros_ws/Autoware_sim_test/install/autoware_lint_common:${AMENT_PREFIX_PATH} CMAKE_PREFIX_PATH=/home/zyme/ros_ws/Autoware_sim_test/install/autoware_cmake:/home/zyme/ros_ws/Autoware_sim_test/install/tier4_localization_msgs:/home/zyme/ros_ws/Autoware_sim_test/install/autoware_map_msgs:/home/zyme/ros_ws/Autoware_sim_test/install/autoware_lint_common:/opt/ros/humble LD_LIBRARY_PATH=/home/zyme/ros_ws/Autoware_sim_test/install/tier4_localization_msgs/lib:/home/zyme/ros_ws/Autoware_sim_test/install/autoware_map_msgs/lib:${LD_LIBRARY_PATH} PYTHONPATH=/home/zyme/ros_ws/Autoware_sim_test/install/tier4_localization_msgs/local/lib/python3.10/dist-packages:/home/zyme/ros_ws/Autoware_sim_test/install/autoware_map_msgs/local/lib/python3.10/dist-packages:${PYTHONPATH} /usr/bin/cmake /home/zyme/ros_ws/Autoware_sim_test/src/autoware/src/universe/autoware.universe/map/map_height_fitter -DCMAKE_BUILD_TYPE=Release -DCMAKE_CXX_FLAGS=-w -DAMENT_CMAKE_SYMLINK_INSTALL=1 -DCMAKE_INSTALL_PREFIX=/home/zyme/ros_ws/Autoware_sim_test/install/map_height_fitter
[0.116s] -- The C compiler identification is GNU 11.4.0
[0.168s] -- The CXX compiler identification is GNU 11.4.0
[0.175s] -- Detecting C compiler ABI info
[0.241s] -- Detecting C compiler ABI info - done
[0.249s] -- Check for working C compiler: /usr/bin/cc - skipped
[0.250s] -- Detecting C compile features
[0.250s] -- Detecting C compile features - done
[0.253s] -- Detecting CXX compiler ABI info
[0.343s] -- Detecting CXX compiler ABI info - done
[0.350s] -- Check for working CXX compiler: /usr/bin/c++ - skipped
[0.350s] -- Detecting CXX compile features
[0.350s] -- Detecting CXX compile features - done
[0.351s] -- Found autoware_cmake: 0.1.0 (/home/zyme/ros_ws/Autoware_sim_test/install/autoware_cmake/share/autoware_cmake/cmake)
[0.490s] -- Found Python3: /usr/bin/python3 (found version "3.10.12") found components: Interpreter 
[0.543s] -- Override CMake install command with custom implementation using symlinks instead of copying resources
[0.585s] -- Checking for module 'eigen3'
[0.596s] --   Found eigen3, version 3.4.0
[0.624s] -- Found Eigen: /usr/include/eigen3 (Required is at least version "3.1") 
[0.625s] -- Eigen found (include: /usr/include/eigen3, version: 3.4.0)
[0.644s] -- Found Boost: /usr/lib/x86_64-linux-gnu/cmake/Boost-1.74.0/BoostConfig.cmake (found suitable version "1.74.0", minimum required is "1.65.0") found components: system filesystem date_time iostreams serialization 
[0.645s] -- looking for PCL_COMMON
[0.649s] -- Found PCL_COMMON: /usr/lib/x86_64-linux-gnu/libpcl_common.so  
[0.649s] -- Found PCL: pcl_common;Boost::system;Boost::filesystem;Boost::date_time;Boost::iostreams;Boost::serialization  
[0.741s] -- Found rosidl_generator_c: 3.1.5 (/opt/ros/humble/share/rosidl_generator_c/cmake)
[0.746s] -- Found rosidl_adapter: 3.1.5 (/opt/ros/humble/share/rosidl_adapter/cmake)
[0.754s] -- Found rosidl_generator_cpp: 3.1.5 (/opt/ros/humble/share/rosidl_generator_cpp/cmake)
[0.768s] -- Using all available rosidl_typesupport_c: rosidl_typesupport_fastrtps_c;rosidl_typesupport_introspection_c
[0.788s] -- Using all available rosidl_typesupport_cpp: rosidl_typesupport_fastrtps_cpp;rosidl_typesupport_introspection_cpp
[1.206s] -- Found rmw_implementation_cmake: 6.1.1 (/opt/ros/humble/share/rmw_implementation_cmake/cmake)
[1.209s] -- Found rmw_cyclonedds_cpp: 1.3.4 (/opt/ros/humble/share/rmw_cyclonedds_cpp/cmake)
[1.243s] -- Using RMW implementation 'rmw_cyclonedds_cpp' as default
[1.253s] -- Looking for pthread.h
[1.320s] -- Looking for pthread.h - found
[1.320s] -- Performing Test CMAKE_HAVE_LIBC_PTHREAD
[1.391s] -- Performing Test CMAKE_HAVE_LIBC_PTHREAD - Success
[1.392s] -- Found Threads: TRUE  
[1.678s] -- Found eigen3_cmake_module: 0.1.1 (/opt/ros/humble/share/eigen3_cmake_module/cmake)
[1.679s] -- Found Eigen3: TRUE (found version "3.4.0") 
[1.679s] -- Ensuring Eigen3 include directory is part of orocos-kdl CMake target
[2.145s] -- Found ament_lint_auto: 0.12.10 (/opt/ros/humble/share/ament_lint_auto/cmake)
[2.312s] -- Added test 'copyright' to check source files copyright and LICENSE
[2.313s] -- Added test 'cppcheck' to perform static code analysis on C / C++ code
[2.314s] -- Configured cppcheck include dirs: /home/zyme/ros_ws/Autoware_sim_test/src/autoware/src/universe/autoware.universe/map/map_height_fitter/include
[2.314s] -- Configured cppcheck exclude dirs and/or files: 
[2.315s] -- Added test 'lint_cmake' to check CMake code style
[2.315s] -- Added test 'xmllint' to check XML markup files
[2.318s] -- Configuring done
[2.365s] -- Generating done
[2.367s] -- Build files have been written to: /home/zyme/ros_ws/Autoware_sim_test/build/map_height_fitter
[2.376s] Invoked command in '/home/zyme/ros_ws/Autoware_sim_test/build/map_height_fitter' returned '0': AMENT_PREFIX_PATH=/home/zyme/ros_ws/Autoware_sim_test/install/autoware_cmake:/home/zyme/ros_ws/Autoware_sim_test/install/tier4_localization_msgs:/home/zyme/ros_ws/Autoware_sim_test/install/autoware_map_msgs:/home/zyme/ros_ws/Autoware_sim_test/install/autoware_lint_common:${AMENT_PREFIX_PATH} CMAKE_PREFIX_PATH=/home/zyme/ros_ws/Autoware_sim_test/install/autoware_cmake:/home/zyme/ros_ws/Autoware_sim_test/install/tier4_localization_msgs:/home/zyme/ros_ws/Autoware_sim_test/install/autoware_map_msgs:/home/zyme/ros_ws/Autoware_sim_test/install/autoware_lint_common:/opt/ros/humble LD_LIBRARY_PATH=/home/zyme/ros_ws/Autoware_sim_test/install/tier4_localization_msgs/lib:/home/zyme/ros_ws/Autoware_sim_test/install/autoware_map_msgs/lib:${LD_LIBRARY_PATH} PYTHONPATH=/home/zyme/ros_ws/Autoware_sim_test/install/tier4_localization_msgs/local/lib/python3.10/dist-packages:/home/zyme/ros_ws/Autoware_sim_test/install/autoware_map_msgs/local/lib/python3.10/dist-packages:${PYTHONPATH} /usr/bin/cmake /home/zyme/ros_ws/Autoware_sim_test/src/autoware/src/universe/autoware.universe/map/map_height_fitter -DCMAKE_BUILD_TYPE=Release -DCMAKE_CXX_FLAGS=-w -DAMENT_CMAKE_SYMLINK_INSTALL=1 -DCMAKE_INSTALL_PREFIX=/home/zyme/ros_ws/Autoware_sim_test/install/map_height_fitter
[2.377s] Invoking command in '/home/zyme/ros_ws/Autoware_sim_test/build/map_height_fitter': AMENT_PREFIX_PATH=/home/zyme/ros_ws/Autoware_sim_test/install/autoware_cmake:/home/zyme/ros_ws/Autoware_sim_test/install/tier4_localization_msgs:/home/zyme/ros_ws/Autoware_sim_test/install/autoware_map_msgs:/home/zyme/ros_ws/Autoware_sim_test/install/autoware_lint_common:${AMENT_PREFIX_PATH} CMAKE_PREFIX_PATH=/home/zyme/ros_ws/Autoware_sim_test/install/autoware_cmake:/home/zyme/ros_ws/Autoware_sim_test/install/tier4_localization_msgs:/home/zyme/ros_ws/Autoware_sim_test/install/autoware_map_msgs:/home/zyme/ros_ws/Autoware_sim_test/install/autoware_lint_common:/opt/ros/humble LD_LIBRARY_PATH=/home/zyme/ros_ws/Autoware_sim_test/install/tier4_localization_msgs/lib:/home/zyme/ros_ws/Autoware_sim_test/install/autoware_map_msgs/lib:${LD_LIBRARY_PATH} PYTHONPATH=/home/zyme/ros_ws/Autoware_sim_test/install/tier4_localization_msgs/local/lib/python3.10/dist-packages:/home/zyme/ros_ws/Autoware_sim_test/install/autoware_map_msgs/local/lib/python3.10/dist-packages:${PYTHONPATH} /usr/bin/cmake --build /home/zyme/ros_ws/Autoware_sim_test/build/map_height_fitter -- -j12 -l12
[2.426s] [ 25%] [32mBuilding CXX object CMakeFiles/map_height_fitter.dir/src/map_height_fitter.cpp.o[0m
[15.513s] [ 50%] [32m[1mLinking CXX shared library libmap_height_fitter.so[0m
[15.714s] [ 50%] Built target map_height_fitter
[15.734s] [ 75%] [32mBuilding CXX object CMakeFiles/node.dir/src/node.cpp.o[0m
[19.274s] [100%] [32m[1mLinking CXX executable node[0m
[19.430s] [100%] Built target node
[19.440s] Invoked command in '/home/zyme/ros_ws/Autoware_sim_test/build/map_height_fitter' returned '0': AMENT_PREFIX_PATH=/home/zyme/ros_ws/Autoware_sim_test/install/autoware_cmake:/home/zyme/ros_ws/Autoware_sim_test/install/tier4_localization_msgs:/home/zyme/ros_ws/Autoware_sim_test/install/autoware_map_msgs:/home/zyme/ros_ws/Autoware_sim_test/install/autoware_lint_common:${AMENT_PREFIX_PATH} CMAKE_PREFIX_PATH=/home/zyme/ros_ws/Autoware_sim_test/install/autoware_cmake:/home/zyme/ros_ws/Autoware_sim_test/install/tier4_localization_msgs:/home/zyme/ros_ws/Autoware_sim_test/install/autoware_map_msgs:/home/zyme/ros_ws/Autoware_sim_test/install/autoware_lint_common:/opt/ros/humble LD_LIBRARY_PATH=/home/zyme/ros_ws/Autoware_sim_test/install/tier4_localization_msgs/lib:/home/zyme/ros_ws/Autoware_sim_test/install/autoware_map_msgs/lib:${LD_LIBRARY_PATH} PYTHONPATH=/home/zyme/ros_ws/Autoware_sim_test/install/tier4_localization_msgs/local/lib/python3.10/dist-packages:/home/zyme/ros_ws/Autoware_sim_test/install/autoware_map_msgs/local/lib/python3.10/dist-packages:${PYTHONPATH} /usr/bin/cmake --build /home/zyme/ros_ws/Autoware_sim_test/build/map_height_fitter -- -j12 -l12
[19.468s] Invoking command in '/home/zyme/ros_ws/Autoware_sim_test/build/map_height_fitter': AMENT_PREFIX_PATH=/home/zyme/ros_ws/Autoware_sim_test/install/autoware_cmake:/home/zyme/ros_ws/Autoware_sim_test/install/tier4_localization_msgs:/home/zyme/ros_ws/Autoware_sim_test/install/autoware_map_msgs:/home/zyme/ros_ws/Autoware_sim_test/install/autoware_lint_common:${AMENT_PREFIX_PATH} CMAKE_PREFIX_PATH=/home/zyme/ros_ws/Autoware_sim_test/install/autoware_cmake:/home/zyme/ros_ws/Autoware_sim_test/install/tier4_localization_msgs:/home/zyme/ros_ws/Autoware_sim_test/install/autoware_map_msgs:/home/zyme/ros_ws/Autoware_sim_test/install/autoware_lint_common:/opt/ros/humble LD_LIBRARY_PATH=/home/zyme/ros_ws/Autoware_sim_test/install/tier4_localization_msgs/lib:/home/zyme/ros_ws/Autoware_sim_test/install/autoware_map_msgs/lib:${LD_LIBRARY_PATH} PYTHONPATH=/home/zyme/ros_ws/Autoware_sim_test/install/tier4_localization_msgs/local/lib/python3.10/dist-packages:/home/zyme/ros_ws/Autoware_sim_test/install/autoware_map_msgs/local/lib/python3.10/dist-packages:${PYTHONPATH} /usr/bin/cmake --install /home/zyme/ros_ws/Autoware_sim_test/build/map_height_fitter
[19.475s] -- Install configuration: "Release"
[19.475s] -- Execute custom install script
[19.476s] -- Symlinking: /home/zyme/ros_ws/Autoware_sim_test/install/map_height_fitter/include/map_height_fitter/map_height_fitter.hpp
[19.484s] -- Symlinking: /home/zyme/ros_ws/Autoware_sim_test/install/map_height_fitter/share/map_height_fitter/environment/library_path.sh
[19.492s] -- Symlinking: /home/zyme/ros_ws/Autoware_sim_test/install/map_height_fitter/share/map_height_fitter/environment/library_path.dsv
[19.500s] -- Symlinking: /home/zyme/ros_ws/Autoware_sim_test/install/map_height_fitter/lib/libmap_height_fitter.so
[19.508s] -- Symlinking: /home/zyme/ros_ws/Autoware_sim_test/install/map_height_fitter/lib/map_height_fitter/node
[19.516s] -- Symlinking: /home/zyme/ros_ws/Autoware_sim_test/install/map_height_fitter/share/map_height_fitter/launch/map_height_fitter.launch.xml
[19.525s] -- Symlinking: /home/zyme/ros_ws/Autoware_sim_test/install/map_height_fitter/share/ament_index/resource_index/package_run_dependencies/map_height_fitter
[19.533s] -- Symlinking: /home/zyme/ros_ws/Autoware_sim_test/install/map_height_fitter/share/ament_index/resource_index/parent_prefix_path/map_height_fitter
[19.541s] -- Symlinking: /home/zyme/ros_ws/Autoware_sim_test/install/map_height_fitter/share/map_height_fitter/environment/ament_prefix_path.sh
[19.549s] -- Symlinking: /home/zyme/ros_ws/Autoware_sim_test/install/map_height_fitter/share/map_height_fitter/environment/ament_prefix_path.dsv
[19.557s] -- Symlinking: /home/zyme/ros_ws/Autoware_sim_test/install/map_height_fitter/share/map_height_fitter/environment/path.sh
[19.565s] -- Symlinking: /home/zyme/ros_ws/Autoware_sim_test/install/map_height_fitter/share/map_height_fitter/environment/path.dsv
[19.573s] -- Symlinking: /home/zyme/ros_ws/Autoware_sim_test/install/map_height_fitter/share/map_height_fitter/local_setup.bash
[19.581s] -- Symlinking: /home/zyme/ros_ws/Autoware_sim_test/install/map_height_fitter/share/map_height_fitter/local_setup.sh
[19.589s] -- Symlinking: /home/zyme/ros_ws/Autoware_sim_test/install/map_height_fitter/share/map_height_fitter/local_setup.zsh
[19.597s] -- Symlinking: /home/zyme/ros_ws/Autoware_sim_test/install/map_height_fitter/share/map_height_fitter/local_setup.dsv
[19.605s] -- Symlinking: /home/zyme/ros_ws/Autoware_sim_test/install/map_height_fitter/share/map_height_fitter/package.dsv
[19.613s] -- Symlinking: /home/zyme/ros_ws/Autoware_sim_test/install/map_height_fitter/share/ament_index/resource_index/packages/map_height_fitter
[19.621s] -- Symlinking: /home/zyme/ros_ws/Autoware_sim_test/install/map_height_fitter/share/map_height_fitter/cmake/ament_cmake_export_dependencies-extras.cmake
[19.629s] -- Symlinking: /home/zyme/ros_ws/Autoware_sim_test/install/map_height_fitter/share/map_height_fitter/cmake/ament_cmake_export_include_directories-extras.cmake
[19.637s] -- Symlinking: /home/zyme/ros_ws/Autoware_sim_test/install/map_height_fitter/share/map_height_fitter/cmake/ament_cmake_export_libraries-extras.cmake
[19.645s] -- Symlinking: /home/zyme/ros_ws/Autoware_sim_test/install/map_height_fitter/share/map_height_fitter/cmake/map_height_fitterConfig.cmake
[19.653s] -- Symlinking: /home/zyme/ros_ws/Autoware_sim_test/install/map_height_fitter/share/map_height_fitter/cmake/map_height_fitterConfig-version.cmake
[19.661s] -- Symlinking: /home/zyme/ros_ws/Autoware_sim_test/install/map_height_fitter/share/map_height_fitter/package.xml
[19.671s] Invoked command in '/home/zyme/ros_ws/Autoware_sim_test/build/map_height_fitter' returned '0': AMENT_PREFIX_PATH=/home/zyme/ros_ws/Autoware_sim_test/install/autoware_cmake:/home/zyme/ros_ws/Autoware_sim_test/install/tier4_localization_msgs:/home/zyme/ros_ws/Autoware_sim_test/install/autoware_map_msgs:/home/zyme/ros_ws/Autoware_sim_test/install/autoware_lint_common:${AMENT_PREFIX_PATH} CMAKE_PREFIX_PATH=/home/zyme/ros_ws/Autoware_sim_test/install/autoware_cmake:/home/zyme/ros_ws/Autoware_sim_test/install/tier4_localization_msgs:/home/zyme/ros_ws/Autoware_sim_test/install/autoware_map_msgs:/home/zyme/ros_ws/Autoware_sim_test/install/autoware_lint_common:/opt/ros/humble LD_LIBRARY_PATH=/home/zyme/ros_ws/Autoware_sim_test/install/tier4_localization_msgs/lib:/home/zyme/ros_ws/Autoware_sim_test/install/autoware_map_msgs/lib:${LD_LIBRARY_PATH} PYTHONPATH=/home/zyme/ros_ws/Autoware_sim_test/install/tier4_localization_msgs/local/lib/python3.10/dist-packages:/home/zyme/ros_ws/Autoware_sim_test/install/autoware_map_msgs/local/lib/python3.10/dist-packages:${PYTHONPATH} /usr/bin/cmake --install /home/zyme/ros_ws/Autoware_sim_test/build/map_height_fitter
