[0.056s] Invoking command in '/home/zyme/ros_ws/Autoware_sim_test/build/tier4_simulation_msgs': CMAKE_PREFIX_PATH=/opt/ros/humble /usr/bin/cmake --build /home/zyme/ros_ws/Autoware_sim_test/build/tier4_simulation_msgs -- -j12 -l12
[0.107s] [  1%] Built target tier4_simulation_msgs__cpp
[0.109s] [ 12%] Built target tier4_simulation_msgs__rosidl_generator_c
[0.116s] [ 12%] Built target ament_cmake_python_symlink_tier4_simulation_msgs
[0.139s] [ 45%] Built target tier4_simulation_msgs__rosidl_typesupport_introspection_cpp
[0.139s] [ 45%] Built target tier4_simulation_msgs__rosidl_typesupport_fastrtps_cpp
[0.140s] [ 45%] Built target tier4_simulation_msgs__rosidl_typesupport_c
[0.140s] [ 56%] Built target tier4_simulation_msgs__rosidl_typesupport_introspection_c
[0.141s] [ 67%] Built target tier4_simulation_msgs__rosidl_typesupport_cpp
[0.143s] [ 78%] Built target tier4_simulation_msgs__rosidl_typesupport_fastrtps_c
[0.163s] [ 78%] Built target tier4_simulation_msgs
[0.183s] [ 80%] Built target tier4_simulation_msgs__py
[0.207s] [ 89%] Built target tier4_simulation_msgs__rosidl_generator_py
[0.231s] [100%] Built target tier4_simulation_msgs__rosidl_typesupport_introspection_c__pyext
[0.231s] [100%] Built target tier4_simulation_msgs__rosidl_typesupport_c__pyext
[0.231s] [100%] Built target tier4_simulation_msgs__rosidl_typesupport_fastrtps_c__pyext
[0.376s] running egg_info
[0.376s] writing tier4_simulation_msgs.egg-info/PKG-INFO
[0.376s] writing dependency_links to tier4_simulation_msgs.egg-info/dependency_links.txt
[0.377s] writing top-level names to tier4_simulation_msgs.egg-info/top_level.txt
[0.378s] reading manifest file 'tier4_simulation_msgs.egg-info/SOURCES.txt'
[0.379s] writing manifest file 'tier4_simulation_msgs.egg-info/SOURCES.txt'
[0.401s] [100%] Built target ament_cmake_python_build_tier4_simulation_msgs_egg
[0.413s] Invoked command in '/home/zyme/ros_ws/Autoware_sim_test/build/tier4_simulation_msgs' returned '0': CMAKE_PREFIX_PATH=/opt/ros/humble /usr/bin/cmake --build /home/zyme/ros_ws/Autoware_sim_test/build/tier4_simulation_msgs -- -j12 -l12
[0.523s] Invoking command in '/home/zyme/ros_ws/Autoware_sim_test/build/tier4_simulation_msgs': CMAKE_PREFIX_PATH=/opt/ros/humble /usr/bin/cmake --install /home/zyme/ros_ws/Autoware_sim_test/build/tier4_simulation_msgs
[0.531s] -- Install configuration: "Release"
[0.531s] -- Execute custom install script
[0.532s] -- Up-to-date symlink: /home/zyme/ros_ws/Autoware_sim_test/install/tier4_simulation_msgs/share/ament_index/resource_index/rosidl_interfaces/tier4_simulation_msgs
[0.532s] -- Up-to-date symlink: /home/zyme/ros_ws/Autoware_sim_test/install/tier4_simulation_msgs/include/tier4_simulation_msgs/tier4_simulation_msgs/msg/detail/fault_injection_event__functions.h
[0.533s] -- Up-to-date symlink: /home/zyme/ros_ws/Autoware_sim_test/install/tier4_simulation_msgs/include/tier4_simulation_msgs/tier4_simulation_msgs/msg/detail/fault_injection_event__struct.h
[0.533s] -- Up-to-date symlink: /home/zyme/ros_ws/Autoware_sim_test/install/tier4_simulation_msgs/include/tier4_simulation_msgs/tier4_simulation_msgs/msg/detail/fault_injection_event__type_support.h
[0.533s] -- Up-to-date symlink: /home/zyme/ros_ws/Autoware_sim_test/install/tier4_simulation_msgs/include/tier4_simulation_msgs/tier4_simulation_msgs/msg/detail/simulation_events__functions.h
[0.533s] -- Up-to-date symlink: /home/zyme/ros_ws/Autoware_sim_test/install/tier4_simulation_msgs/include/tier4_simulation_msgs/tier4_simulation_msgs/msg/detail/simulation_events__struct.h
[0.533s] -- Up-to-date symlink: /home/zyme/ros_ws/Autoware_sim_test/install/tier4_simulation_msgs/include/tier4_simulation_msgs/tier4_simulation_msgs/msg/detail/simulation_events__type_support.h
[0.533s] -- Up-to-date symlink: /home/zyme/ros_ws/Autoware_sim_test/install/tier4_simulation_msgs/include/tier4_simulation_msgs/tier4_simulation_msgs/msg/detail/user_defined_value__functions.h
[0.533s] -- Up-to-date symlink: /home/zyme/ros_ws/Autoware_sim_test/install/tier4_simulation_msgs/include/tier4_simulation_msgs/tier4_simulation_msgs/msg/detail/user_defined_value__struct.h
[0.534s] -- Up-to-date symlink: /home/zyme/ros_ws/Autoware_sim_test/install/tier4_simulation_msgs/include/tier4_simulation_msgs/tier4_simulation_msgs/msg/detail/user_defined_value__type_support.h
[0.534s] -- Up-to-date symlink: /home/zyme/ros_ws/Autoware_sim_test/install/tier4_simulation_msgs/include/tier4_simulation_msgs/tier4_simulation_msgs/msg/detail/user_defined_value_type__functions.h
[0.534s] -- Up-to-date symlink: /home/zyme/ros_ws/Autoware_sim_test/install/tier4_simulation_msgs/include/tier4_simulation_msgs/tier4_simulation_msgs/msg/detail/user_defined_value_type__struct.h
[0.534s] -- Up-to-date symlink: /home/zyme/ros_ws/Autoware_sim_test/install/tier4_simulation_msgs/include/tier4_simulation_msgs/tier4_simulation_msgs/msg/detail/user_defined_value_type__type_support.h
[0.534s] -- Up-to-date symlink: /home/zyme/ros_ws/Autoware_sim_test/install/tier4_simulation_msgs/include/tier4_simulation_msgs/tier4_simulation_msgs/msg/fault_injection_event.h
[0.534s] -- Up-to-date symlink: /home/zyme/ros_ws/Autoware_sim_test/install/tier4_simulation_msgs/include/tier4_simulation_msgs/tier4_simulation_msgs/msg/rosidl_generator_c__visibility_control.h
[0.534s] -- Up-to-date symlink: /home/zyme/ros_ws/Autoware_sim_test/install/tier4_simulation_msgs/include/tier4_simulation_msgs/tier4_simulation_msgs/msg/simulation_events.h
[0.535s] -- Up-to-date symlink: /home/zyme/ros_ws/Autoware_sim_test/install/tier4_simulation_msgs/include/tier4_simulation_msgs/tier4_simulation_msgs/msg/user_defined_value.h
[0.535s] -- Up-to-date symlink: /home/zyme/ros_ws/Autoware_sim_test/install/tier4_simulation_msgs/include/tier4_simulation_msgs/tier4_simulation_msgs/msg/user_defined_value_type.h
[0.535s] -- Up-to-date symlink: /home/zyme/ros_ws/Autoware_sim_test/install/tier4_simulation_msgs/share/tier4_simulation_msgs/environment/library_path.sh
[0.535s] -- Up-to-date symlink: /home/zyme/ros_ws/Autoware_sim_test/install/tier4_simulation_msgs/share/tier4_simulation_msgs/environment/library_path.dsv
[0.536s] -- Up-to-date symlink: /home/zyme/ros_ws/Autoware_sim_test/install/tier4_simulation_msgs/include/tier4_simulation_msgs/tier4_simulation_msgs/msg/detail/fault_injection_event__rosidl_typesupport_fastrtps_c.h
[0.536s] -- Up-to-date symlink: /home/zyme/ros_ws/Autoware_sim_test/install/tier4_simulation_msgs/include/tier4_simulation_msgs/tier4_simulation_msgs/msg/detail/simulation_events__rosidl_typesupport_fastrtps_c.h
[0.536s] -- Up-to-date symlink: /home/zyme/ros_ws/Autoware_sim_test/install/tier4_simulation_msgs/include/tier4_simulation_msgs/tier4_simulation_msgs/msg/detail/user_defined_value__rosidl_typesupport_fastrtps_c.h
[0.536s] -- Up-to-date symlink: /home/zyme/ros_ws/Autoware_sim_test/install/tier4_simulation_msgs/include/tier4_simulation_msgs/tier4_simulation_msgs/msg/detail/user_defined_value_type__rosidl_typesupport_fastrtps_c.h
[0.537s] -- Up-to-date symlink: /home/zyme/ros_ws/Autoware_sim_test/install/tier4_simulation_msgs/include/tier4_simulation_msgs/tier4_simulation_msgs/msg/rosidl_typesupport_fastrtps_c__visibility_control.h
[0.537s] -- Up-to-date symlink: /home/zyme/ros_ws/Autoware_sim_test/install/tier4_simulation_msgs/include/tier4_simulation_msgs/tier4_simulation_msgs/msg/detail/fault_injection_event__builder.hpp
[0.537s] -- Up-to-date symlink: /home/zyme/ros_ws/Autoware_sim_test/install/tier4_simulation_msgs/include/tier4_simulation_msgs/tier4_simulation_msgs/msg/detail/fault_injection_event__struct.hpp
[0.537s] -- Up-to-date symlink: /home/zyme/ros_ws/Autoware_sim_test/install/tier4_simulation_msgs/include/tier4_simulation_msgs/tier4_simulation_msgs/msg/detail/fault_injection_event__traits.hpp
[0.538s] -- Up-to-date symlink: /home/zyme/ros_ws/Autoware_sim_test/install/tier4_simulation_msgs/include/tier4_simulation_msgs/tier4_simulation_msgs/msg/detail/simulation_events__builder.hpp
[0.538s] -- Up-to-date symlink: /home/zyme/ros_ws/Autoware_sim_test/install/tier4_simulation_msgs/include/tier4_simulation_msgs/tier4_simulation_msgs/msg/detail/simulation_events__struct.hpp
[0.538s] -- Up-to-date symlink: /home/zyme/ros_ws/Autoware_sim_test/install/tier4_simulation_msgs/include/tier4_simulation_msgs/tier4_simulation_msgs/msg/detail/simulation_events__traits.hpp
[0.538s] -- Up-to-date symlink: /home/zyme/ros_ws/Autoware_sim_test/install/tier4_simulation_msgs/include/tier4_simulation_msgs/tier4_simulation_msgs/msg/detail/user_defined_value__builder.hpp
[0.538s] -- Up-to-date symlink: /home/zyme/ros_ws/Autoware_sim_test/install/tier4_simulation_msgs/include/tier4_simulation_msgs/tier4_simulation_msgs/msg/detail/user_defined_value__struct.hpp
[0.538s] -- Up-to-date symlink: /home/zyme/ros_ws/Autoware_sim_test/install/tier4_simulation_msgs/include/tier4_simulation_msgs/tier4_simulation_msgs/msg/detail/user_defined_value__traits.hpp
[0.539s] -- Up-to-date symlink: /home/zyme/ros_ws/Autoware_sim_test/install/tier4_simulation_msgs/include/tier4_simulation_msgs/tier4_simulation_msgs/msg/detail/user_defined_value_type__builder.hpp
[0.539s] -- Up-to-date symlink: /home/zyme/ros_ws/Autoware_sim_test/install/tier4_simulation_msgs/include/tier4_simulation_msgs/tier4_simulation_msgs/msg/detail/user_defined_value_type__struct.hpp
[0.539s] -- Up-to-date symlink: /home/zyme/ros_ws/Autoware_sim_test/install/tier4_simulation_msgs/include/tier4_simulation_msgs/tier4_simulation_msgs/msg/detail/user_defined_value_type__traits.hpp
[0.539s] -- Up-to-date symlink: /home/zyme/ros_ws/Autoware_sim_test/install/tier4_simulation_msgs/include/tier4_simulation_msgs/tier4_simulation_msgs/msg/fault_injection_event.hpp
[0.539s] -- Up-to-date symlink: /home/zyme/ros_ws/Autoware_sim_test/install/tier4_simulation_msgs/include/tier4_simulation_msgs/tier4_simulation_msgs/msg/simulation_events.hpp
[0.539s] -- Up-to-date symlink: /home/zyme/ros_ws/Autoware_sim_test/install/tier4_simulation_msgs/include/tier4_simulation_msgs/tier4_simulation_msgs/msg/user_defined_value.hpp
[0.539s] -- Up-to-date symlink: /home/zyme/ros_ws/Autoware_sim_test/install/tier4_simulation_msgs/include/tier4_simulation_msgs/tier4_simulation_msgs/msg/user_defined_value_type.hpp
[0.540s] -- Up-to-date symlink: /home/zyme/ros_ws/Autoware_sim_test/install/tier4_simulation_msgs/include/tier4_simulation_msgs/tier4_simulation_msgs/msg/detail/fault_injection_event__rosidl_typesupport_fastrtps_cpp.hpp
[0.540s] -- Up-to-date symlink: /home/zyme/ros_ws/Autoware_sim_test/install/tier4_simulation_msgs/include/tier4_simulation_msgs/tier4_simulation_msgs/msg/detail/simulation_events__rosidl_typesupport_fastrtps_cpp.hpp
[0.541s] -- Up-to-date symlink: /home/zyme/ros_ws/Autoware_sim_test/install/tier4_simulation_msgs/include/tier4_simulation_msgs/tier4_simulation_msgs/msg/detail/user_defined_value__rosidl_typesupport_fastrtps_cpp.hpp
[0.541s] -- Up-to-date symlink: /home/zyme/ros_ws/Autoware_sim_test/install/tier4_simulation_msgs/include/tier4_simulation_msgs/tier4_simulation_msgs/msg/detail/user_defined_value_type__rosidl_typesupport_fastrtps_cpp.hpp
[0.541s] -- Up-to-date symlink: /home/zyme/ros_ws/Autoware_sim_test/install/tier4_simulation_msgs/include/tier4_simulation_msgs/tier4_simulation_msgs/msg/rosidl_typesupport_fastrtps_cpp__visibility_control.h
[0.541s] -- Up-to-date symlink: /home/zyme/ros_ws/Autoware_sim_test/install/tier4_simulation_msgs/include/tier4_simulation_msgs/tier4_simulation_msgs/msg/detail/fault_injection_event__rosidl_typesupport_introspection_c.h
[0.542s] -- Up-to-date symlink: /home/zyme/ros_ws/Autoware_sim_test/install/tier4_simulation_msgs/include/tier4_simulation_msgs/tier4_simulation_msgs/msg/detail/simulation_events__rosidl_typesupport_introspection_c.h
[0.542s] -- Up-to-date symlink: /home/zyme/ros_ws/Autoware_sim_test/install/tier4_simulation_msgs/include/tier4_simulation_msgs/tier4_simulation_msgs/msg/detail/user_defined_value__rosidl_typesupport_introspection_c.h
[0.542s] -- Up-to-date symlink: /home/zyme/ros_ws/Autoware_sim_test/install/tier4_simulation_msgs/include/tier4_simulation_msgs/tier4_simulation_msgs/msg/detail/user_defined_value_type__rosidl_typesupport_introspection_c.h
[0.542s] -- Up-to-date symlink: /home/zyme/ros_ws/Autoware_sim_test/install/tier4_simulation_msgs/include/tier4_simulation_msgs/tier4_simulation_msgs/msg/rosidl_typesupport_introspection_c__visibility_control.h
[0.542s] -- Up-to-date symlink: /home/zyme/ros_ws/Autoware_sim_test/install/tier4_simulation_msgs/include/tier4_simulation_msgs/tier4_simulation_msgs/msg/detail/fault_injection_event__rosidl_typesupport_introspection_cpp.hpp
[0.543s] -- Up-to-date symlink: /home/zyme/ros_ws/Autoware_sim_test/install/tier4_simulation_msgs/include/tier4_simulation_msgs/tier4_simulation_msgs/msg/detail/simulation_events__rosidl_typesupport_introspection_cpp.hpp
[0.543s] -- Up-to-date symlink: /home/zyme/ros_ws/Autoware_sim_test/install/tier4_simulation_msgs/include/tier4_simulation_msgs/tier4_simulation_msgs/msg/detail/user_defined_value__rosidl_typesupport_introspection_cpp.hpp
[0.543s] -- Up-to-date symlink: /home/zyme/ros_ws/Autoware_sim_test/install/tier4_simulation_msgs/include/tier4_simulation_msgs/tier4_simulation_msgs/msg/detail/user_defined_value_type__rosidl_typesupport_introspection_cpp.hpp
[0.543s] -- Up-to-date symlink: /home/zyme/ros_ws/Autoware_sim_test/install/tier4_simulation_msgs/share/tier4_simulation_msgs/environment/pythonpath.sh
[0.543s] -- Up-to-date symlink: /home/zyme/ros_ws/Autoware_sim_test/install/tier4_simulation_msgs/share/tier4_simulation_msgs/environment/pythonpath.dsv
[0.544s] -- Up-to-date symlink: /home/zyme/ros_ws/Autoware_sim_test/install/tier4_simulation_msgs/local/lib/python3.10/dist-packages/tier4_simulation_msgs-0.1.0-py3.10.egg-info/PKG-INFO
[0.544s] -- Up-to-date symlink: /home/zyme/ros_ws/Autoware_sim_test/install/tier4_simulation_msgs/local/lib/python3.10/dist-packages/tier4_simulation_msgs-0.1.0-py3.10.egg-info/SOURCES.txt
[0.544s] -- Up-to-date symlink: /home/zyme/ros_ws/Autoware_sim_test/install/tier4_simulation_msgs/local/lib/python3.10/dist-packages/tier4_simulation_msgs-0.1.0-py3.10.egg-info/dependency_links.txt
[0.544s] -- Up-to-date symlink: /home/zyme/ros_ws/Autoware_sim_test/install/tier4_simulation_msgs/local/lib/python3.10/dist-packages/tier4_simulation_msgs-0.1.0-py3.10.egg-info/top_level.txt
[0.545s] -- Up-to-date symlink: /home/zyme/ros_ws/Autoware_sim_test/install/tier4_simulation_msgs/local/lib/python3.10/dist-packages/tier4_simulation_msgs/__init__.py
[0.545s] -- Up-to-date symlink: /home/zyme/ros_ws/Autoware_sim_test/install/tier4_simulation_msgs/local/lib/python3.10/dist-packages/tier4_simulation_msgs/_tier4_simulation_msgs_s.ep.rosidl_typesupport_c.c
[0.546s] -- Up-to-date symlink: /home/zyme/ros_ws/Autoware_sim_test/install/tier4_simulation_msgs/local/lib/python3.10/dist-packages/tier4_simulation_msgs/_tier4_simulation_msgs_s.ep.rosidl_typesupport_fastrtps_c.c
[0.546s] -- Up-to-date symlink: /home/zyme/ros_ws/Autoware_sim_test/install/tier4_simulation_msgs/local/lib/python3.10/dist-packages/tier4_simulation_msgs/_tier4_simulation_msgs_s.ep.rosidl_typesupport_introspection_c.c
[0.546s] -- Up-to-date symlink: /home/zyme/ros_ws/Autoware_sim_test/install/tier4_simulation_msgs/local/lib/python3.10/dist-packages/tier4_simulation_msgs/libtier4_simulation_msgs__rosidl_generator_py.so
[0.546s] -- Up-to-date symlink: /home/zyme/ros_ws/Autoware_sim_test/install/tier4_simulation_msgs/local/lib/python3.10/dist-packages/tier4_simulation_msgs/msg/__init__.py
[0.546s] -- Up-to-date symlink: /home/zyme/ros_ws/Autoware_sim_test/install/tier4_simulation_msgs/local/lib/python3.10/dist-packages/tier4_simulation_msgs/msg/_fault_injection_event.py
[0.547s] -- Up-to-date symlink: /home/zyme/ros_ws/Autoware_sim_test/install/tier4_simulation_msgs/local/lib/python3.10/dist-packages/tier4_simulation_msgs/msg/_fault_injection_event_s.c
[0.547s] -- Up-to-date symlink: /home/zyme/ros_ws/Autoware_sim_test/install/tier4_simulation_msgs/local/lib/python3.10/dist-packages/tier4_simulation_msgs/msg/_simulation_events.py
[0.547s] -- Up-to-date symlink: /home/zyme/ros_ws/Autoware_sim_test/install/tier4_simulation_msgs/local/lib/python3.10/dist-packages/tier4_simulation_msgs/msg/_simulation_events_s.c
[0.547s] -- Up-to-date symlink: /home/zyme/ros_ws/Autoware_sim_test/install/tier4_simulation_msgs/local/lib/python3.10/dist-packages/tier4_simulation_msgs/msg/_user_defined_value.py
[0.547s] -- Up-to-date symlink: /home/zyme/ros_ws/Autoware_sim_test/install/tier4_simulation_msgs/local/lib/python3.10/dist-packages/tier4_simulation_msgs/msg/_user_defined_value_s.c
[0.547s] -- Up-to-date symlink: /home/zyme/ros_ws/Autoware_sim_test/install/tier4_simulation_msgs/local/lib/python3.10/dist-packages/tier4_simulation_msgs/msg/_user_defined_value_type.py
[0.548s] -- Up-to-date symlink: /home/zyme/ros_ws/Autoware_sim_test/install/tier4_simulation_msgs/local/lib/python3.10/dist-packages/tier4_simulation_msgs/msg/_user_defined_value_type_s.c
[0.548s] -- Up-to-date symlink: /home/zyme/ros_ws/Autoware_sim_test/install/tier4_simulation_msgs/local/lib/python3.10/dist-packages/tier4_simulation_msgs/tier4_simulation_msgs_s__rosidl_typesupport_c.cpython-310-x86_64-linux-gnu.so
[0.548s] -- Up-to-date symlink: /home/zyme/ros_ws/Autoware_sim_test/install/tier4_simulation_msgs/local/lib/python3.10/dist-packages/tier4_simulation_msgs/tier4_simulation_msgs_s__rosidl_typesupport_fastrtps_c.cpython-310-x86_64-linux-gnu.so
[0.548s] -- Up-to-date symlink: /home/zyme/ros_ws/Autoware_sim_test/install/tier4_simulation_msgs/local/lib/python3.10/dist-packages/tier4_simulation_msgs/tier4_simulation_msgs_s__rosidl_typesupport_introspection_c.cpython-310-x86_64-linux-gnu.so
[0.548s] -- Up-to-date symlink: /home/zyme/ros_ws/Autoware_sim_test/install/tier4_simulation_msgs/local/lib/python3.10/dist-packages/tier4_simulation_msgs/tier4_simulation_msgs_s__rosidl_typesupport_fastrtps_c.cpython-310-x86_64-linux-gnu.so
[0.549s] -- Up-to-date symlink: /home/zyme/ros_ws/Autoware_sim_test/install/tier4_simulation_msgs/local/lib/python3.10/dist-packages/tier4_simulation_msgs/tier4_simulation_msgs_s__rosidl_typesupport_introspection_c.cpython-310-x86_64-linux-gnu.so
[0.549s] -- Up-to-date symlink: /home/zyme/ros_ws/Autoware_sim_test/install/tier4_simulation_msgs/local/lib/python3.10/dist-packages/tier4_simulation_msgs/tier4_simulation_msgs_s__rosidl_typesupport_c.cpython-310-x86_64-linux-gnu.so
[0.549s] -- Up-to-date symlink: /home/zyme/ros_ws/Autoware_sim_test/install/tier4_simulation_msgs/share/tier4_simulation_msgs/msg/FaultInjectionEvent.idl
[0.549s] -- Up-to-date symlink: /home/zyme/ros_ws/Autoware_sim_test/install/tier4_simulation_msgs/share/tier4_simulation_msgs/msg/SimulationEvents.idl
[0.550s] -- Up-to-date symlink: /home/zyme/ros_ws/Autoware_sim_test/install/tier4_simulation_msgs/share/tier4_simulation_msgs/msg/UserDefinedValue.idl
[0.550s] -- Up-to-date symlink: /home/zyme/ros_ws/Autoware_sim_test/install/tier4_simulation_msgs/share/tier4_simulation_msgs/msg/UserDefinedValueType.idl
[0.550s] -- Up-to-date symlink: /home/zyme/ros_ws/Autoware_sim_test/install/tier4_simulation_msgs/share/tier4_simulation_msgs/msg/FaultInjectionEvent.msg
[0.550s] -- Up-to-date symlink: /home/zyme/ros_ws/Autoware_sim_test/install/tier4_simulation_msgs/share/tier4_simulation_msgs/msg/SimulationEvents.msg
[0.550s] -- Up-to-date symlink: /home/zyme/ros_ws/Autoware_sim_test/install/tier4_simulation_msgs/share/tier4_simulation_msgs/msg/UserDefinedValue.msg
[0.551s] -- Up-to-date symlink: /home/zyme/ros_ws/Autoware_sim_test/install/tier4_simulation_msgs/share/tier4_simulation_msgs/msg/UserDefinedValueType.msg
[0.551s] -- Up-to-date symlink: /home/zyme/ros_ws/Autoware_sim_test/install/tier4_simulation_msgs/share/ament_index/resource_index/package_run_dependencies/tier4_simulation_msgs
[0.551s] -- Up-to-date symlink: /home/zyme/ros_ws/Autoware_sim_test/install/tier4_simulation_msgs/share/ament_index/resource_index/parent_prefix_path/tier4_simulation_msgs
[0.551s] -- Up-to-date symlink: /home/zyme/ros_ws/Autoware_sim_test/install/tier4_simulation_msgs/share/tier4_simulation_msgs/environment/ament_prefix_path.sh
[0.552s] -- Up-to-date symlink: /home/zyme/ros_ws/Autoware_sim_test/install/tier4_simulation_msgs/share/tier4_simulation_msgs/environment/ament_prefix_path.dsv
[0.552s] -- Up-to-date symlink: /home/zyme/ros_ws/Autoware_sim_test/install/tier4_simulation_msgs/share/tier4_simulation_msgs/environment/path.sh
[0.552s] -- Up-to-date symlink: /home/zyme/ros_ws/Autoware_sim_test/install/tier4_simulation_msgs/share/tier4_simulation_msgs/environment/path.dsv
[0.552s] -- Up-to-date symlink: /home/zyme/ros_ws/Autoware_sim_test/install/tier4_simulation_msgs/share/tier4_simulation_msgs/local_setup.bash
[0.552s] -- Up-to-date symlink: /home/zyme/ros_ws/Autoware_sim_test/install/tier4_simulation_msgs/share/tier4_simulation_msgs/local_setup.sh
[0.552s] -- Up-to-date symlink: /home/zyme/ros_ws/Autoware_sim_test/install/tier4_simulation_msgs/share/tier4_simulation_msgs/local_setup.zsh
[0.552s] -- Up-to-date symlink: /home/zyme/ros_ws/Autoware_sim_test/install/tier4_simulation_msgs/share/tier4_simulation_msgs/local_setup.dsv
[0.552s] -- Symlinking: /home/zyme/ros_ws/Autoware_sim_test/install/tier4_simulation_msgs/share/tier4_simulation_msgs/package.dsv
[0.561s] -- Up-to-date symlink: /home/zyme/ros_ws/Autoware_sim_test/install/tier4_simulation_msgs/share/ament_index/resource_index/packages/tier4_simulation_msgs
[0.561s] -- Up-to-date symlink: /home/zyme/ros_ws/Autoware_sim_test/install/tier4_simulation_msgs/share/tier4_simulation_msgs/cmake/rosidl_cmake-extras.cmake
[0.561s] -- Up-to-date symlink: /home/zyme/ros_ws/Autoware_sim_test/install/tier4_simulation_msgs/share/tier4_simulation_msgs/cmake/ament_cmake_export_dependencies-extras.cmake
[0.561s] -- Up-to-date symlink: /home/zyme/ros_ws/Autoware_sim_test/install/tier4_simulation_msgs/share/tier4_simulation_msgs/cmake/ament_cmake_export_include_directories-extras.cmake
[0.561s] -- Up-to-date symlink: /home/zyme/ros_ws/Autoware_sim_test/install/tier4_simulation_msgs/share/tier4_simulation_msgs/cmake/ament_cmake_export_libraries-extras.cmake
[0.561s] -- Up-to-date symlink: /home/zyme/ros_ws/Autoware_sim_test/install/tier4_simulation_msgs/share/tier4_simulation_msgs/cmake/ament_cmake_export_targets-extras.cmake
[0.562s] -- Up-to-date symlink: /home/zyme/ros_ws/Autoware_sim_test/install/tier4_simulation_msgs/share/tier4_simulation_msgs/cmake/rosidl_cmake_export_typesupport_targets-extras.cmake
[0.562s] -- Up-to-date symlink: /home/zyme/ros_ws/Autoware_sim_test/install/tier4_simulation_msgs/share/tier4_simulation_msgs/cmake/rosidl_cmake_export_typesupport_libraries-extras.cmake
[0.562s] -- Up-to-date symlink: /home/zyme/ros_ws/Autoware_sim_test/install/tier4_simulation_msgs/share/tier4_simulation_msgs/cmake/tier4_simulation_msgsConfig.cmake
[0.562s] -- Up-to-date symlink: /home/zyme/ros_ws/Autoware_sim_test/install/tier4_simulation_msgs/share/tier4_simulation_msgs/cmake/tier4_simulation_msgsConfig-version.cmake
[0.562s] -- Up-to-date symlink: /home/zyme/ros_ws/Autoware_sim_test/install/tier4_simulation_msgs/share/tier4_simulation_msgs/package.xml
[0.563s] -- Up-to-date: /home/zyme/ros_ws/Autoware_sim_test/install/tier4_simulation_msgs/lib/libtier4_simulation_msgs__rosidl_generator_c.so
[0.563s] -- Up-to-date: /home/zyme/ros_ws/Autoware_sim_test/install/tier4_simulation_msgs/lib/libtier4_simulation_msgs__rosidl_typesupport_fastrtps_c.so
[0.563s] -- Up-to-date: /home/zyme/ros_ws/Autoware_sim_test/install/tier4_simulation_msgs/lib/libtier4_simulation_msgs__rosidl_typesupport_fastrtps_cpp.so
[0.563s] -- Up-to-date: /home/zyme/ros_ws/Autoware_sim_test/install/tier4_simulation_msgs/lib/libtier4_simulation_msgs__rosidl_typesupport_introspection_c.so
[0.564s] -- Up-to-date: /home/zyme/ros_ws/Autoware_sim_test/install/tier4_simulation_msgs/lib/libtier4_simulation_msgs__rosidl_typesupport_c.so
[0.564s] -- Up-to-date: /home/zyme/ros_ws/Autoware_sim_test/install/tier4_simulation_msgs/lib/libtier4_simulation_msgs__rosidl_typesupport_introspection_cpp.so
[0.564s] -- Up-to-date: /home/zyme/ros_ws/Autoware_sim_test/install/tier4_simulation_msgs/lib/libtier4_simulation_msgs__rosidl_typesupport_cpp.so
[0.593s] Listing '/home/zyme/ros_ws/Autoware_sim_test/install/tier4_simulation_msgs/local/lib/python3.10/dist-packages/tier4_simulation_msgs'...
[0.593s] Listing '/home/zyme/ros_ws/Autoware_sim_test/install/tier4_simulation_msgs/local/lib/python3.10/dist-packages/tier4_simulation_msgs/msg'...
[0.596s] -- Up-to-date: /home/zyme/ros_ws/Autoware_sim_test/install/tier4_simulation_msgs/lib/libtier4_simulation_msgs__rosidl_generator_py.so
[0.597s] -- Up-to-date: /home/zyme/ros_ws/Autoware_sim_test/install/tier4_simulation_msgs/share/tier4_simulation_msgs/cmake/export_tier4_simulation_msgs__rosidl_generator_cExport.cmake
[0.597s] -- Up-to-date: /home/zyme/ros_ws/Autoware_sim_test/install/tier4_simulation_msgs/share/tier4_simulation_msgs/cmake/export_tier4_simulation_msgs__rosidl_generator_cExport-release.cmake
[0.598s] -- Up-to-date: /home/zyme/ros_ws/Autoware_sim_test/install/tier4_simulation_msgs/share/tier4_simulation_msgs/cmake/export_tier4_simulation_msgs__rosidl_typesupport_fastrtps_cExport.cmake
[0.598s] -- Up-to-date: /home/zyme/ros_ws/Autoware_sim_test/install/tier4_simulation_msgs/share/tier4_simulation_msgs/cmake/export_tier4_simulation_msgs__rosidl_typesupport_fastrtps_cExport-release.cmake
[0.598s] -- Up-to-date: /home/zyme/ros_ws/Autoware_sim_test/install/tier4_simulation_msgs/share/tier4_simulation_msgs/cmake/export_tier4_simulation_msgs__rosidl_generator_cppExport.cmake
[0.599s] -- Up-to-date: /home/zyme/ros_ws/Autoware_sim_test/install/tier4_simulation_msgs/share/tier4_simulation_msgs/cmake/export_tier4_simulation_msgs__rosidl_typesupport_fastrtps_cppExport.cmake
[0.599s] -- Up-to-date: /home/zyme/ros_ws/Autoware_sim_test/install/tier4_simulation_msgs/share/tier4_simulation_msgs/cmake/export_tier4_simulation_msgs__rosidl_typesupport_fastrtps_cppExport-release.cmake
[0.599s] -- Up-to-date: /home/zyme/ros_ws/Autoware_sim_test/install/tier4_simulation_msgs/share/tier4_simulation_msgs/cmake/tier4_simulation_msgs__rosidl_typesupport_introspection_cExport.cmake
[0.599s] -- Up-to-date: /home/zyme/ros_ws/Autoware_sim_test/install/tier4_simulation_msgs/share/tier4_simulation_msgs/cmake/tier4_simulation_msgs__rosidl_typesupport_introspection_cExport-release.cmake
[0.600s] -- Up-to-date: /home/zyme/ros_ws/Autoware_sim_test/install/tier4_simulation_msgs/share/tier4_simulation_msgs/cmake/tier4_simulation_msgs__rosidl_typesupport_cExport.cmake
[0.600s] -- Up-to-date: /home/zyme/ros_ws/Autoware_sim_test/install/tier4_simulation_msgs/share/tier4_simulation_msgs/cmake/tier4_simulation_msgs__rosidl_typesupport_cExport-release.cmake
[0.600s] -- Up-to-date: /home/zyme/ros_ws/Autoware_sim_test/install/tier4_simulation_msgs/share/tier4_simulation_msgs/cmake/tier4_simulation_msgs__rosidl_typesupport_introspection_cppExport.cmake
[0.600s] -- Up-to-date: /home/zyme/ros_ws/Autoware_sim_test/install/tier4_simulation_msgs/share/tier4_simulation_msgs/cmake/tier4_simulation_msgs__rosidl_typesupport_introspection_cppExport-release.cmake
[0.600s] -- Up-to-date: /home/zyme/ros_ws/Autoware_sim_test/install/tier4_simulation_msgs/share/tier4_simulation_msgs/cmake/tier4_simulation_msgs__rosidl_typesupport_cppExport.cmake
[0.600s] -- Up-to-date: /home/zyme/ros_ws/Autoware_sim_test/install/tier4_simulation_msgs/share/tier4_simulation_msgs/cmake/tier4_simulation_msgs__rosidl_typesupport_cppExport-release.cmake
[0.601s] -- Up-to-date: /home/zyme/ros_ws/Autoware_sim_test/install/tier4_simulation_msgs/share/tier4_simulation_msgs/cmake/export_tier4_simulation_msgs__rosidl_generator_pyExport.cmake
[0.601s] -- Up-to-date: /home/zyme/ros_ws/Autoware_sim_test/install/tier4_simulation_msgs/share/tier4_simulation_msgs/cmake/export_tier4_simulation_msgs__rosidl_generator_pyExport-release.cmake
[0.603s] Invoked command in '/home/zyme/ros_ws/Autoware_sim_test/build/tier4_simulation_msgs' returned '0': CMAKE_PREFIX_PATH=/opt/ros/humble /usr/bin/cmake --install /home/zyme/ros_ws/Autoware_sim_test/build/tier4_simulation_msgs
