[0.055s] Invoking command in '/home/zyme/ros_ws/Autoware_sim_test/build/tier4_planning_msgs': CMAKE_PREFIX_PATH=/opt/ros/humble /usr/bin/cmake --build /home/zyme/ros_ws/Autoware_sim_test/build/tier4_planning_msgs -- -j12 -l12
[0.120s] [  0%] Built target tier4_planning_msgs__cpp
[0.127s] [  0%] Built target ament_cmake_python_symlink_tier4_planning_msgs
[0.130s] [ 12%] Built target tier4_planning_msgs__rosidl_generator_c
[0.175s] [ 34%] Built target tier4_planning_msgs__rosidl_typesupport_introspection_cpp
[0.175s] [ 37%] Built target tier4_planning_msgs__rosidl_typesupport_c
[0.175s] [ 51%] Built target tier4_planning_msgs__rosidl_typesupport_cpp
[0.176s] [ 64%] Built target tier4_planning_msgs__rosidl_typesupport_introspection_c
[0.177s] [ 74%] Built target tier4_planning_msgs__rosidl_typesupport_fastrtps_cpp
[0.189s] [ 86%] Built target tier4_planning_msgs__rosidl_typesupport_fastrtps_c
[0.209s] [ 86%] Built target tier4_planning_msgs
[0.230s] [ 86%] Built target tier4_planning_msgs__py
[0.263s] [ 98%] Built target tier4_planning_msgs__rosidl_generator_py
[0.290s] [ 99%] Built target tier4_planning_msgs__rosidl_typesupport_introspection_c__pyext
[0.290s] [ 99%] Built target tier4_planning_msgs__rosidl_typesupport_fastrtps_c__pyext
[0.291s] [100%] Built target tier4_planning_msgs__rosidl_typesupport_c__pyext
[0.412s] running egg_info
[0.413s] writing tier4_planning_msgs.egg-info/PKG-INFO
[0.413s] writing dependency_links to tier4_planning_msgs.egg-info/dependency_links.txt
[0.413s] writing top-level names to tier4_planning_msgs.egg-info/top_level.txt
[0.415s] reading manifest file 'tier4_planning_msgs.egg-info/SOURCES.txt'
[0.416s] writing manifest file 'tier4_planning_msgs.egg-info/SOURCES.txt'
[0.439s] [100%] Built target ament_cmake_python_build_tier4_planning_msgs_egg
[0.451s] Invoked command in '/home/zyme/ros_ws/Autoware_sim_test/build/tier4_planning_msgs' returned '0': CMAKE_PREFIX_PATH=/opt/ros/humble /usr/bin/cmake --build /home/zyme/ros_ws/Autoware_sim_test/build/tier4_planning_msgs -- -j12 -l12
[0.989s] Invoking command in '/home/zyme/ros_ws/Autoware_sim_test/build/tier4_planning_msgs': CMAKE_PREFIX_PATH=/opt/ros/humble /usr/bin/cmake --install /home/zyme/ros_ws/Autoware_sim_test/build/tier4_planning_msgs
[0.996s] -- Install configuration: "Release"
[0.996s] -- Execute custom install script
[0.997s] -- Up-to-date symlink: /home/zyme/ros_ws/Autoware_sim_test/install/tier4_planning_msgs/share/ament_index/resource_index/rosidl_interfaces/tier4_planning_msgs
[0.998s] -- Up-to-date symlink: /home/zyme/ros_ws/Autoware_sim_test/install/tier4_planning_msgs/include/tier4_planning_msgs/tier4_planning_msgs/msg/approval.h
[0.998s] -- Up-to-date symlink: /home/zyme/ros_ws/Autoware_sim_test/install/tier4_planning_msgs/include/tier4_planning_msgs/tier4_planning_msgs/msg/avoidance_debug_factor.h
[0.998s] -- Up-to-date symlink: /home/zyme/ros_ws/Autoware_sim_test/install/tier4_planning_msgs/include/tier4_planning_msgs/tier4_planning_msgs/msg/avoidance_debug_msg.h
[0.999s] -- Up-to-date symlink: /home/zyme/ros_ws/Autoware_sim_test/install/tier4_planning_msgs/include/tier4_planning_msgs/tier4_planning_msgs/msg/avoidance_debug_msg_array.h
[0.999s] -- Up-to-date symlink: /home/zyme/ros_ws/Autoware_sim_test/install/tier4_planning_msgs/include/tier4_planning_msgs/tier4_planning_msgs/msg/detail/approval__functions.h
[0.999s] -- Up-to-date symlink: /home/zyme/ros_ws/Autoware_sim_test/install/tier4_planning_msgs/include/tier4_planning_msgs/tier4_planning_msgs/msg/detail/approval__struct.h
[0.999s] -- Up-to-date symlink: /home/zyme/ros_ws/Autoware_sim_test/install/tier4_planning_msgs/include/tier4_planning_msgs/tier4_planning_msgs/msg/detail/approval__type_support.h
[0.999s] -- Up-to-date symlink: /home/zyme/ros_ws/Autoware_sim_test/install/tier4_planning_msgs/include/tier4_planning_msgs/tier4_planning_msgs/msg/detail/avoidance_debug_factor__functions.h
[1.000s] -- Up-to-date symlink: /home/zyme/ros_ws/Autoware_sim_test/install/tier4_planning_msgs/include/tier4_planning_msgs/tier4_planning_msgs/msg/detail/avoidance_debug_factor__struct.h
[1.000s] -- Up-to-date symlink: /home/zyme/ros_ws/Autoware_sim_test/install/tier4_planning_msgs/include/tier4_planning_msgs/tier4_planning_msgs/msg/detail/avoidance_debug_factor__type_support.h
[1.000s] -- Up-to-date symlink: /home/zyme/ros_ws/Autoware_sim_test/install/tier4_planning_msgs/include/tier4_planning_msgs/tier4_planning_msgs/msg/detail/avoidance_debug_msg__functions.h
[1.000s] -- Up-to-date symlink: /home/zyme/ros_ws/Autoware_sim_test/install/tier4_planning_msgs/include/tier4_planning_msgs/tier4_planning_msgs/msg/detail/avoidance_debug_msg__struct.h
[1.000s] -- Up-to-date symlink: /home/zyme/ros_ws/Autoware_sim_test/install/tier4_planning_msgs/include/tier4_planning_msgs/tier4_planning_msgs/msg/detail/avoidance_debug_msg__type_support.h
[1.001s] -- Up-to-date symlink: /home/zyme/ros_ws/Autoware_sim_test/install/tier4_planning_msgs/include/tier4_planning_msgs/tier4_planning_msgs/msg/detail/avoidance_debug_msg_array__functions.h
[1.001s] -- Up-to-date symlink: /home/zyme/ros_ws/Autoware_sim_test/install/tier4_planning_msgs/include/tier4_planning_msgs/tier4_planning_msgs/msg/detail/avoidance_debug_msg_array__struct.h
[1.001s] -- Up-to-date symlink: /home/zyme/ros_ws/Autoware_sim_test/install/tier4_planning_msgs/include/tier4_planning_msgs/tier4_planning_msgs/msg/detail/avoidance_debug_msg_array__type_support.h
[1.001s] -- Up-to-date symlink: /home/zyme/ros_ws/Autoware_sim_test/install/tier4_planning_msgs/include/tier4_planning_msgs/tier4_planning_msgs/msg/detail/enable_avoidance__functions.h
[1.001s] -- Up-to-date symlink: /home/zyme/ros_ws/Autoware_sim_test/install/tier4_planning_msgs/include/tier4_planning_msgs/tier4_planning_msgs/msg/detail/enable_avoidance__struct.h
[1.002s] -- Up-to-date symlink: /home/zyme/ros_ws/Autoware_sim_test/install/tier4_planning_msgs/include/tier4_planning_msgs/tier4_planning_msgs/msg/detail/enable_avoidance__type_support.h
[1.002s] -- Up-to-date symlink: /home/zyme/ros_ws/Autoware_sim_test/install/tier4_planning_msgs/include/tier4_planning_msgs/tier4_planning_msgs/msg/detail/expand_stop_range__functions.h
[1.002s] -- Up-to-date symlink: /home/zyme/ros_ws/Autoware_sim_test/install/tier4_planning_msgs/include/tier4_planning_msgs/tier4_planning_msgs/msg/detail/expand_stop_range__struct.h
[1.002s] -- Up-to-date symlink: /home/zyme/ros_ws/Autoware_sim_test/install/tier4_planning_msgs/include/tier4_planning_msgs/tier4_planning_msgs/msg/detail/expand_stop_range__type_support.h
[1.002s] -- Up-to-date symlink: /home/zyme/ros_ws/Autoware_sim_test/install/tier4_planning_msgs/include/tier4_planning_msgs/tier4_planning_msgs/msg/detail/is_avoidance_possible__functions.h
[1.003s] -- Up-to-date symlink: /home/zyme/ros_ws/Autoware_sim_test/install/tier4_planning_msgs/include/tier4_planning_msgs/tier4_planning_msgs/msg/detail/is_avoidance_possible__struct.h
[1.003s] -- Up-to-date symlink: /home/zyme/ros_ws/Autoware_sim_test/install/tier4_planning_msgs/include/tier4_planning_msgs/tier4_planning_msgs/msg/detail/is_avoidance_possible__type_support.h
[1.003s] -- Up-to-date symlink: /home/zyme/ros_ws/Autoware_sim_test/install/tier4_planning_msgs/include/tier4_planning_msgs/tier4_planning_msgs/msg/detail/lane_change_command__functions.h
[1.003s] -- Up-to-date symlink: /home/zyme/ros_ws/Autoware_sim_test/install/tier4_planning_msgs/include/tier4_planning_msgs/tier4_planning_msgs/msg/detail/lane_change_command__struct.h
[1.003s] -- Up-to-date symlink: /home/zyme/ros_ws/Autoware_sim_test/install/tier4_planning_msgs/include/tier4_planning_msgs/tier4_planning_msgs/msg/detail/lane_change_command__type_support.h
[1.004s] -- Up-to-date symlink: /home/zyme/ros_ws/Autoware_sim_test/install/tier4_planning_msgs/include/tier4_planning_msgs/tier4_planning_msgs/msg/detail/lane_change_debug_msg__functions.h
[1.004s] -- Up-to-date symlink: /home/zyme/ros_ws/Autoware_sim_test/install/tier4_planning_msgs/include/tier4_planning_msgs/tier4_planning_msgs/msg/detail/lane_change_debug_msg__struct.h
[1.004s] -- Up-to-date symlink: /home/zyme/ros_ws/Autoware_sim_test/install/tier4_planning_msgs/include/tier4_planning_msgs/tier4_planning_msgs/msg/detail/lane_change_debug_msg__type_support.h
[1.004s] -- Up-to-date symlink: /home/zyme/ros_ws/Autoware_sim_test/install/tier4_planning_msgs/include/tier4_planning_msgs/tier4_planning_msgs/msg/detail/lane_change_debug_msg_array__functions.h
[1.004s] -- Up-to-date symlink: /home/zyme/ros_ws/Autoware_sim_test/install/tier4_planning_msgs/include/tier4_planning_msgs/tier4_planning_msgs/msg/detail/lane_change_debug_msg_array__struct.h
[1.005s] -- Up-to-date symlink: /home/zyme/ros_ws/Autoware_sim_test/install/tier4_planning_msgs/include/tier4_planning_msgs/tier4_planning_msgs/msg/detail/lane_change_debug_msg_array__type_support.h
[1.005s] -- Up-to-date symlink: /home/zyme/ros_ws/Autoware_sim_test/install/tier4_planning_msgs/include/tier4_planning_msgs/tier4_planning_msgs/msg/detail/lane_change_status__functions.h
[1.005s] -- Up-to-date symlink: /home/zyme/ros_ws/Autoware_sim_test/install/tier4_planning_msgs/include/tier4_planning_msgs/tier4_planning_msgs/msg/detail/lane_change_status__struct.h
[1.005s] -- Up-to-date symlink: /home/zyme/ros_ws/Autoware_sim_test/install/tier4_planning_msgs/include/tier4_planning_msgs/tier4_planning_msgs/msg/detail/lane_change_status__type_support.h
[1.005s] -- Up-to-date symlink: /home/zyme/ros_ws/Autoware_sim_test/install/tier4_planning_msgs/include/tier4_planning_msgs/tier4_planning_msgs/msg/detail/lateral_offset__functions.h
[1.006s] -- Up-to-date symlink: /home/zyme/ros_ws/Autoware_sim_test/install/tier4_planning_msgs/include/tier4_planning_msgs/tier4_planning_msgs/msg/detail/lateral_offset__struct.h
[1.006s] -- Up-to-date symlink: /home/zyme/ros_ws/Autoware_sim_test/install/tier4_planning_msgs/include/tier4_planning_msgs/tier4_planning_msgs/msg/detail/lateral_offset__type_support.h
[1.006s] -- Up-to-date symlink: /home/zyme/ros_ws/Autoware_sim_test/install/tier4_planning_msgs/include/tier4_planning_msgs/tier4_planning_msgs/msg/detail/path__functions.h
[1.006s] -- Up-to-date symlink: /home/zyme/ros_ws/Autoware_sim_test/install/tier4_planning_msgs/include/tier4_planning_msgs/tier4_planning_msgs/msg/detail/path__struct.h
[1.006s] -- Up-to-date symlink: /home/zyme/ros_ws/Autoware_sim_test/install/tier4_planning_msgs/include/tier4_planning_msgs/tier4_planning_msgs/msg/detail/path__type_support.h
[1.007s] -- Up-to-date symlink: /home/zyme/ros_ws/Autoware_sim_test/install/tier4_planning_msgs/include/tier4_planning_msgs/tier4_planning_msgs/msg/detail/path_change_module__functions.h
[1.007s] -- Up-to-date symlink: /home/zyme/ros_ws/Autoware_sim_test/install/tier4_planning_msgs/include/tier4_planning_msgs/tier4_planning_msgs/msg/detail/path_change_module__struct.h
[1.007s] -- Up-to-date symlink: /home/zyme/ros_ws/Autoware_sim_test/install/tier4_planning_msgs/include/tier4_planning_msgs/tier4_planning_msgs/msg/detail/path_change_module__type_support.h
[1.007s] -- Up-to-date symlink: /home/zyme/ros_ws/Autoware_sim_test/install/tier4_planning_msgs/include/tier4_planning_msgs/tier4_planning_msgs/msg/detail/path_change_module_array__functions.h
[1.007s] -- Up-to-date symlink: /home/zyme/ros_ws/Autoware_sim_test/install/tier4_planning_msgs/include/tier4_planning_msgs/tier4_planning_msgs/msg/detail/path_change_module_array__struct.h
[1.008s] -- Up-to-date symlink: /home/zyme/ros_ws/Autoware_sim_test/install/tier4_planning_msgs/include/tier4_planning_msgs/tier4_planning_msgs/msg/detail/path_change_module_array__type_support.h
[1.008s] -- Up-to-date symlink: /home/zyme/ros_ws/Autoware_sim_test/install/tier4_planning_msgs/include/tier4_planning_msgs/tier4_planning_msgs/msg/detail/path_change_module_id__functions.h
[1.008s] -- Up-to-date symlink: /home/zyme/ros_ws/Autoware_sim_test/install/tier4_planning_msgs/include/tier4_planning_msgs/tier4_planning_msgs/msg/detail/path_change_module_id__struct.h
[1.008s] -- Up-to-date symlink: /home/zyme/ros_ws/Autoware_sim_test/install/tier4_planning_msgs/include/tier4_planning_msgs/tier4_planning_msgs/msg/detail/path_change_module_id__type_support.h
[1.008s] -- Up-to-date symlink: /home/zyme/ros_ws/Autoware_sim_test/install/tier4_planning_msgs/include/tier4_planning_msgs/tier4_planning_msgs/msg/detail/path_point__functions.h
[1.009s] -- Up-to-date symlink: /home/zyme/ros_ws/Autoware_sim_test/install/tier4_planning_msgs/include/tier4_planning_msgs/tier4_planning_msgs/msg/detail/path_point__struct.h
[1.009s] -- Up-to-date symlink: /home/zyme/ros_ws/Autoware_sim_test/install/tier4_planning_msgs/include/tier4_planning_msgs/tier4_planning_msgs/msg/detail/path_point__type_support.h
[1.009s] -- Up-to-date symlink: /home/zyme/ros_ws/Autoware_sim_test/install/tier4_planning_msgs/include/tier4_planning_msgs/tier4_planning_msgs/msg/detail/reroute_availability__functions.h
[1.009s] -- Up-to-date symlink: /home/zyme/ros_ws/Autoware_sim_test/install/tier4_planning_msgs/include/tier4_planning_msgs/tier4_planning_msgs/msg/detail/reroute_availability__struct.h
[1.009s] -- Up-to-date symlink: /home/zyme/ros_ws/Autoware_sim_test/install/tier4_planning_msgs/include/tier4_planning_msgs/tier4_planning_msgs/msg/detail/reroute_availability__type_support.h
[1.010s] -- Up-to-date symlink: /home/zyme/ros_ws/Autoware_sim_test/install/tier4_planning_msgs/include/tier4_planning_msgs/tier4_planning_msgs/msg/detail/scenario__functions.h
[1.010s] -- Up-to-date symlink: /home/zyme/ros_ws/Autoware_sim_test/install/tier4_planning_msgs/include/tier4_planning_msgs/tier4_planning_msgs/msg/detail/scenario__struct.h
[1.010s] -- Up-to-date symlink: /home/zyme/ros_ws/Autoware_sim_test/install/tier4_planning_msgs/include/tier4_planning_msgs/tier4_planning_msgs/msg/detail/scenario__type_support.h
[1.010s] -- Up-to-date symlink: /home/zyme/ros_ws/Autoware_sim_test/install/tier4_planning_msgs/include/tier4_planning_msgs/tier4_planning_msgs/msg/detail/stop_factor__functions.h
[1.010s] -- Up-to-date symlink: /home/zyme/ros_ws/Autoware_sim_test/install/tier4_planning_msgs/include/tier4_planning_msgs/tier4_planning_msgs/msg/detail/stop_factor__struct.h
[1.011s] -- Up-to-date symlink: /home/zyme/ros_ws/Autoware_sim_test/install/tier4_planning_msgs/include/tier4_planning_msgs/tier4_planning_msgs/msg/detail/stop_factor__type_support.h
[1.011s] -- Up-to-date symlink: /home/zyme/ros_ws/Autoware_sim_test/install/tier4_planning_msgs/include/tier4_planning_msgs/tier4_planning_msgs/msg/detail/stop_reason__functions.h
[1.011s] -- Up-to-date symlink: /home/zyme/ros_ws/Autoware_sim_test/install/tier4_planning_msgs/include/tier4_planning_msgs/tier4_planning_msgs/msg/detail/stop_reason__struct.h
[1.011s] -- Up-to-date symlink: /home/zyme/ros_ws/Autoware_sim_test/install/tier4_planning_msgs/include/tier4_planning_msgs/tier4_planning_msgs/msg/detail/stop_reason__type_support.h
[1.011s] -- Up-to-date symlink: /home/zyme/ros_ws/Autoware_sim_test/install/tier4_planning_msgs/include/tier4_planning_msgs/tier4_planning_msgs/msg/detail/stop_reason_array__functions.h
[1.012s] -- Up-to-date symlink: /home/zyme/ros_ws/Autoware_sim_test/install/tier4_planning_msgs/include/tier4_planning_msgs/tier4_planning_msgs/msg/detail/stop_reason_array__struct.h
[1.012s] -- Up-to-date symlink: /home/zyme/ros_ws/Autoware_sim_test/install/tier4_planning_msgs/include/tier4_planning_msgs/tier4_planning_msgs/msg/detail/stop_reason_array__type_support.h
[1.012s] -- Up-to-date symlink: /home/zyme/ros_ws/Autoware_sim_test/install/tier4_planning_msgs/include/tier4_planning_msgs/tier4_planning_msgs/msg/detail/stop_speed_exceeded__functions.h
[1.012s] -- Up-to-date symlink: /home/zyme/ros_ws/Autoware_sim_test/install/tier4_planning_msgs/include/tier4_planning_msgs/tier4_planning_msgs/msg/detail/stop_speed_exceeded__struct.h
[1.013s] -- Up-to-date symlink: /home/zyme/ros_ws/Autoware_sim_test/install/tier4_planning_msgs/include/tier4_planning_msgs/tier4_planning_msgs/msg/detail/stop_speed_exceeded__type_support.h
[1.013s] -- Up-to-date symlink: /home/zyme/ros_ws/Autoware_sim_test/install/tier4_planning_msgs/include/tier4_planning_msgs/tier4_planning_msgs/msg/detail/trajectory__functions.h
[1.013s] -- Up-to-date symlink: /home/zyme/ros_ws/Autoware_sim_test/install/tier4_planning_msgs/include/tier4_planning_msgs/tier4_planning_msgs/msg/detail/trajectory__struct.h
[1.013s] -- Up-to-date symlink: /home/zyme/ros_ws/Autoware_sim_test/install/tier4_planning_msgs/include/tier4_planning_msgs/tier4_planning_msgs/msg/detail/trajectory__type_support.h
[1.013s] -- Up-to-date symlink: /home/zyme/ros_ws/Autoware_sim_test/install/tier4_planning_msgs/include/tier4_planning_msgs/tier4_planning_msgs/msg/detail/trajectory_point__functions.h
[1.014s] -- Up-to-date symlink: /home/zyme/ros_ws/Autoware_sim_test/install/tier4_planning_msgs/include/tier4_planning_msgs/tier4_planning_msgs/msg/detail/trajectory_point__struct.h
[1.014s] -- Up-to-date symlink: /home/zyme/ros_ws/Autoware_sim_test/install/tier4_planning_msgs/include/tier4_planning_msgs/tier4_planning_msgs/msg/detail/trajectory_point__type_support.h
[1.014s] -- Up-to-date symlink: /home/zyme/ros_ws/Autoware_sim_test/install/tier4_planning_msgs/include/tier4_planning_msgs/tier4_planning_msgs/msg/detail/velocity_limit__functions.h
[1.014s] -- Up-to-date symlink: /home/zyme/ros_ws/Autoware_sim_test/install/tier4_planning_msgs/include/tier4_planning_msgs/tier4_planning_msgs/msg/detail/velocity_limit__struct.h
[1.014s] -- Up-to-date symlink: /home/zyme/ros_ws/Autoware_sim_test/install/tier4_planning_msgs/include/tier4_planning_msgs/tier4_planning_msgs/msg/detail/velocity_limit__type_support.h
[1.015s] -- Up-to-date symlink: /home/zyme/ros_ws/Autoware_sim_test/install/tier4_planning_msgs/include/tier4_planning_msgs/tier4_planning_msgs/msg/detail/velocity_limit_clear_command__functions.h
[1.015s] -- Up-to-date symlink: /home/zyme/ros_ws/Autoware_sim_test/install/tier4_planning_msgs/include/tier4_planning_msgs/tier4_planning_msgs/msg/detail/velocity_limit_clear_command__struct.h
[1.015s] -- Up-to-date symlink: /home/zyme/ros_ws/Autoware_sim_test/install/tier4_planning_msgs/include/tier4_planning_msgs/tier4_planning_msgs/msg/detail/velocity_limit_clear_command__type_support.h
[1.015s] -- Up-to-date symlink: /home/zyme/ros_ws/Autoware_sim_test/install/tier4_planning_msgs/include/tier4_planning_msgs/tier4_planning_msgs/msg/detail/velocity_limit_constraints__functions.h
[1.015s] -- Up-to-date symlink: /home/zyme/ros_ws/Autoware_sim_test/install/tier4_planning_msgs/include/tier4_planning_msgs/tier4_planning_msgs/msg/detail/velocity_limit_constraints__struct.h
[1.016s] -- Up-to-date symlink: /home/zyme/ros_ws/Autoware_sim_test/install/tier4_planning_msgs/include/tier4_planning_msgs/tier4_planning_msgs/msg/detail/velocity_limit_constraints__type_support.h
[1.016s] -- Up-to-date symlink: /home/zyme/ros_ws/Autoware_sim_test/install/tier4_planning_msgs/include/tier4_planning_msgs/tier4_planning_msgs/msg/enable_avoidance.h
[1.016s] -- Up-to-date symlink: /home/zyme/ros_ws/Autoware_sim_test/install/tier4_planning_msgs/include/tier4_planning_msgs/tier4_planning_msgs/msg/expand_stop_range.h
[1.016s] -- Up-to-date symlink: /home/zyme/ros_ws/Autoware_sim_test/install/tier4_planning_msgs/include/tier4_planning_msgs/tier4_planning_msgs/msg/is_avoidance_possible.h
[1.016s] -- Up-to-date symlink: /home/zyme/ros_ws/Autoware_sim_test/install/tier4_planning_msgs/include/tier4_planning_msgs/tier4_planning_msgs/msg/lane_change_command.h
[1.017s] -- Up-to-date symlink: /home/zyme/ros_ws/Autoware_sim_test/install/tier4_planning_msgs/include/tier4_planning_msgs/tier4_planning_msgs/msg/lane_change_debug_msg.h
[1.017s] -- Up-to-date symlink: /home/zyme/ros_ws/Autoware_sim_test/install/tier4_planning_msgs/include/tier4_planning_msgs/tier4_planning_msgs/msg/lane_change_debug_msg_array.h
[1.017s] -- Up-to-date symlink: /home/zyme/ros_ws/Autoware_sim_test/install/tier4_planning_msgs/include/tier4_planning_msgs/tier4_planning_msgs/msg/lane_change_status.h
[1.017s] -- Up-to-date symlink: /home/zyme/ros_ws/Autoware_sim_test/install/tier4_planning_msgs/include/tier4_planning_msgs/tier4_planning_msgs/msg/lateral_offset.h
[1.017s] -- Up-to-date symlink: /home/zyme/ros_ws/Autoware_sim_test/install/tier4_planning_msgs/include/tier4_planning_msgs/tier4_planning_msgs/msg/path.h
[1.018s] -- Up-to-date symlink: /home/zyme/ros_ws/Autoware_sim_test/install/tier4_planning_msgs/include/tier4_planning_msgs/tier4_planning_msgs/msg/path_change_module.h
[1.018s] -- Up-to-date symlink: /home/zyme/ros_ws/Autoware_sim_test/install/tier4_planning_msgs/include/tier4_planning_msgs/tier4_planning_msgs/msg/path_change_module_array.h
[1.018s] -- Up-to-date symlink: /home/zyme/ros_ws/Autoware_sim_test/install/tier4_planning_msgs/include/tier4_planning_msgs/tier4_planning_msgs/msg/path_change_module_id.h
[1.018s] -- Up-to-date symlink: /home/zyme/ros_ws/Autoware_sim_test/install/tier4_planning_msgs/include/tier4_planning_msgs/tier4_planning_msgs/msg/path_point.h
[1.018s] -- Up-to-date symlink: /home/zyme/ros_ws/Autoware_sim_test/install/tier4_planning_msgs/include/tier4_planning_msgs/tier4_planning_msgs/msg/reroute_availability.h
[1.019s] -- Up-to-date symlink: /home/zyme/ros_ws/Autoware_sim_test/install/tier4_planning_msgs/include/tier4_planning_msgs/tier4_planning_msgs/msg/rosidl_generator_c__visibility_control.h
[1.019s] -- Up-to-date symlink: /home/zyme/ros_ws/Autoware_sim_test/install/tier4_planning_msgs/include/tier4_planning_msgs/tier4_planning_msgs/msg/scenario.h
[1.019s] -- Up-to-date symlink: /home/zyme/ros_ws/Autoware_sim_test/install/tier4_planning_msgs/include/tier4_planning_msgs/tier4_planning_msgs/msg/stop_factor.h
[1.019s] -- Up-to-date symlink: /home/zyme/ros_ws/Autoware_sim_test/install/tier4_planning_msgs/include/tier4_planning_msgs/tier4_planning_msgs/msg/stop_reason.h
[1.019s] -- Up-to-date symlink: /home/zyme/ros_ws/Autoware_sim_test/install/tier4_planning_msgs/include/tier4_planning_msgs/tier4_planning_msgs/msg/stop_reason_array.h
[1.020s] -- Up-to-date symlink: /home/zyme/ros_ws/Autoware_sim_test/install/tier4_planning_msgs/include/tier4_planning_msgs/tier4_planning_msgs/msg/stop_speed_exceeded.h
[1.020s] -- Up-to-date symlink: /home/zyme/ros_ws/Autoware_sim_test/install/tier4_planning_msgs/include/tier4_planning_msgs/tier4_planning_msgs/msg/trajectory.h
[1.020s] -- Up-to-date symlink: /home/zyme/ros_ws/Autoware_sim_test/install/tier4_planning_msgs/include/tier4_planning_msgs/tier4_planning_msgs/msg/trajectory_point.h
[1.020s] -- Up-to-date symlink: /home/zyme/ros_ws/Autoware_sim_test/install/tier4_planning_msgs/include/tier4_planning_msgs/tier4_planning_msgs/msg/velocity_limit.h
[1.020s] -- Up-to-date symlink: /home/zyme/ros_ws/Autoware_sim_test/install/tier4_planning_msgs/include/tier4_planning_msgs/tier4_planning_msgs/msg/velocity_limit_clear_command.h
[1.020s] -- Up-to-date symlink: /home/zyme/ros_ws/Autoware_sim_test/install/tier4_planning_msgs/include/tier4_planning_msgs/tier4_planning_msgs/msg/velocity_limit_constraints.h
[1.021s] -- Up-to-date symlink: /home/zyme/ros_ws/Autoware_sim_test/install/tier4_planning_msgs/share/tier4_planning_msgs/environment/library_path.sh
[1.021s] -- Up-to-date symlink: /home/zyme/ros_ws/Autoware_sim_test/install/tier4_planning_msgs/share/tier4_planning_msgs/environment/library_path.dsv
[1.023s] -- Up-to-date symlink: /home/zyme/ros_ws/Autoware_sim_test/install/tier4_planning_msgs/include/tier4_planning_msgs/tier4_planning_msgs/msg/detail/approval__rosidl_typesupport_fastrtps_c.h
[1.023s] -- Up-to-date symlink: /home/zyme/ros_ws/Autoware_sim_test/install/tier4_planning_msgs/include/tier4_planning_msgs/tier4_planning_msgs/msg/detail/avoidance_debug_factor__rosidl_typesupport_fastrtps_c.h
[1.023s] -- Up-to-date symlink: /home/zyme/ros_ws/Autoware_sim_test/install/tier4_planning_msgs/include/tier4_planning_msgs/tier4_planning_msgs/msg/detail/avoidance_debug_msg__rosidl_typesupport_fastrtps_c.h
[1.023s] -- Up-to-date symlink: /home/zyme/ros_ws/Autoware_sim_test/install/tier4_planning_msgs/include/tier4_planning_msgs/tier4_planning_msgs/msg/detail/avoidance_debug_msg_array__rosidl_typesupport_fastrtps_c.h
[1.024s] -- Up-to-date symlink: /home/zyme/ros_ws/Autoware_sim_test/install/tier4_planning_msgs/include/tier4_planning_msgs/tier4_planning_msgs/msg/detail/enable_avoidance__rosidl_typesupport_fastrtps_c.h
[1.024s] -- Up-to-date symlink: /home/zyme/ros_ws/Autoware_sim_test/install/tier4_planning_msgs/include/tier4_planning_msgs/tier4_planning_msgs/msg/detail/expand_stop_range__rosidl_typesupport_fastrtps_c.h
[1.024s] -- Up-to-date symlink: /home/zyme/ros_ws/Autoware_sim_test/install/tier4_planning_msgs/include/tier4_planning_msgs/tier4_planning_msgs/msg/detail/is_avoidance_possible__rosidl_typesupport_fastrtps_c.h
[1.024s] -- Up-to-date symlink: /home/zyme/ros_ws/Autoware_sim_test/install/tier4_planning_msgs/include/tier4_planning_msgs/tier4_planning_msgs/msg/detail/lane_change_command__rosidl_typesupport_fastrtps_c.h
[1.024s] -- Up-to-date symlink: /home/zyme/ros_ws/Autoware_sim_test/install/tier4_planning_msgs/include/tier4_planning_msgs/tier4_planning_msgs/msg/detail/lane_change_debug_msg__rosidl_typesupport_fastrtps_c.h
[1.024s] -- Up-to-date symlink: /home/zyme/ros_ws/Autoware_sim_test/install/tier4_planning_msgs/include/tier4_planning_msgs/tier4_planning_msgs/msg/detail/lane_change_debug_msg_array__rosidl_typesupport_fastrtps_c.h
[1.025s] -- Up-to-date symlink: /home/zyme/ros_ws/Autoware_sim_test/install/tier4_planning_msgs/include/tier4_planning_msgs/tier4_planning_msgs/msg/detail/lane_change_status__rosidl_typesupport_fastrtps_c.h
[1.025s] -- Up-to-date symlink: /home/zyme/ros_ws/Autoware_sim_test/install/tier4_planning_msgs/include/tier4_planning_msgs/tier4_planning_msgs/msg/detail/lateral_offset__rosidl_typesupport_fastrtps_c.h
[1.025s] -- Up-to-date symlink: /home/zyme/ros_ws/Autoware_sim_test/install/tier4_planning_msgs/include/tier4_planning_msgs/tier4_planning_msgs/msg/detail/path__rosidl_typesupport_fastrtps_c.h
[1.025s] -- Up-to-date symlink: /home/zyme/ros_ws/Autoware_sim_test/install/tier4_planning_msgs/include/tier4_planning_msgs/tier4_planning_msgs/msg/detail/path_change_module__rosidl_typesupport_fastrtps_c.h
[1.025s] -- Up-to-date symlink: /home/zyme/ros_ws/Autoware_sim_test/install/tier4_planning_msgs/include/tier4_planning_msgs/tier4_planning_msgs/msg/detail/path_change_module_array__rosidl_typesupport_fastrtps_c.h
[1.026s] -- Up-to-date symlink: /home/zyme/ros_ws/Autoware_sim_test/install/tier4_planning_msgs/include/tier4_planning_msgs/tier4_planning_msgs/msg/detail/path_change_module_id__rosidl_typesupport_fastrtps_c.h
[1.026s] -- Up-to-date symlink: /home/zyme/ros_ws/Autoware_sim_test/install/tier4_planning_msgs/include/tier4_planning_msgs/tier4_planning_msgs/msg/detail/path_point__rosidl_typesupport_fastrtps_c.h
[1.026s] -- Up-to-date symlink: /home/zyme/ros_ws/Autoware_sim_test/install/tier4_planning_msgs/include/tier4_planning_msgs/tier4_planning_msgs/msg/detail/reroute_availability__rosidl_typesupport_fastrtps_c.h
[1.026s] -- Up-to-date symlink: /home/zyme/ros_ws/Autoware_sim_test/install/tier4_planning_msgs/include/tier4_planning_msgs/tier4_planning_msgs/msg/detail/scenario__rosidl_typesupport_fastrtps_c.h
[1.027s] -- Up-to-date symlink: /home/zyme/ros_ws/Autoware_sim_test/install/tier4_planning_msgs/include/tier4_planning_msgs/tier4_planning_msgs/msg/detail/stop_factor__rosidl_typesupport_fastrtps_c.h
[1.027s] -- Up-to-date symlink: /home/zyme/ros_ws/Autoware_sim_test/install/tier4_planning_msgs/include/tier4_planning_msgs/tier4_planning_msgs/msg/detail/stop_reason__rosidl_typesupport_fastrtps_c.h
[1.027s] -- Up-to-date symlink: /home/zyme/ros_ws/Autoware_sim_test/install/tier4_planning_msgs/include/tier4_planning_msgs/tier4_planning_msgs/msg/detail/stop_reason_array__rosidl_typesupport_fastrtps_c.h
[1.027s] -- Up-to-date symlink: /home/zyme/ros_ws/Autoware_sim_test/install/tier4_planning_msgs/include/tier4_planning_msgs/tier4_planning_msgs/msg/detail/stop_speed_exceeded__rosidl_typesupport_fastrtps_c.h
[1.028s] -- Up-to-date symlink: /home/zyme/ros_ws/Autoware_sim_test/install/tier4_planning_msgs/include/tier4_planning_msgs/tier4_planning_msgs/msg/detail/trajectory__rosidl_typesupport_fastrtps_c.h
[1.028s] -- Up-to-date symlink: /home/zyme/ros_ws/Autoware_sim_test/install/tier4_planning_msgs/include/tier4_planning_msgs/tier4_planning_msgs/msg/detail/trajectory_point__rosidl_typesupport_fastrtps_c.h
[1.028s] -- Up-to-date symlink: /home/zyme/ros_ws/Autoware_sim_test/install/tier4_planning_msgs/include/tier4_planning_msgs/tier4_planning_msgs/msg/detail/velocity_limit__rosidl_typesupport_fastrtps_c.h
[1.028s] -- Up-to-date symlink: /home/zyme/ros_ws/Autoware_sim_test/install/tier4_planning_msgs/include/tier4_planning_msgs/tier4_planning_msgs/msg/detail/velocity_limit_clear_command__rosidl_typesupport_fastrtps_c.h
[1.028s] -- Up-to-date symlink: /home/zyme/ros_ws/Autoware_sim_test/install/tier4_planning_msgs/include/tier4_planning_msgs/tier4_planning_msgs/msg/detail/velocity_limit_constraints__rosidl_typesupport_fastrtps_c.h
[1.029s] -- Up-to-date symlink: /home/zyme/ros_ws/Autoware_sim_test/install/tier4_planning_msgs/include/tier4_planning_msgs/tier4_planning_msgs/msg/rosidl_typesupport_fastrtps_c__visibility_control.h
[1.030s] -- Up-to-date symlink: /home/zyme/ros_ws/Autoware_sim_test/install/tier4_planning_msgs/include/tier4_planning_msgs/tier4_planning_msgs/msg/detail/approval__rosidl_typesupport_introspection_c.h
[1.030s] -- Up-to-date symlink: /home/zyme/ros_ws/Autoware_sim_test/install/tier4_planning_msgs/include/tier4_planning_msgs/tier4_planning_msgs/msg/detail/avoidance_debug_factor__rosidl_typesupport_introspection_c.h
[1.030s] -- Up-to-date symlink: /home/zyme/ros_ws/Autoware_sim_test/install/tier4_planning_msgs/include/tier4_planning_msgs/tier4_planning_msgs/msg/detail/avoidance_debug_msg__rosidl_typesupport_introspection_c.h
[1.030s] -- Up-to-date symlink: /home/zyme/ros_ws/Autoware_sim_test/install/tier4_planning_msgs/include/tier4_planning_msgs/tier4_planning_msgs/msg/detail/avoidance_debug_msg_array__rosidl_typesupport_introspection_c.h
[1.030s] -- Up-to-date symlink: /home/zyme/ros_ws/Autoware_sim_test/install/tier4_planning_msgs/include/tier4_planning_msgs/tier4_planning_msgs/msg/detail/enable_avoidance__rosidl_typesupport_introspection_c.h
[1.031s] -- Up-to-date symlink: /home/zyme/ros_ws/Autoware_sim_test/install/tier4_planning_msgs/include/tier4_planning_msgs/tier4_planning_msgs/msg/detail/expand_stop_range__rosidl_typesupport_introspection_c.h
[1.031s] -- Up-to-date symlink: /home/zyme/ros_ws/Autoware_sim_test/install/tier4_planning_msgs/include/tier4_planning_msgs/tier4_planning_msgs/msg/detail/is_avoidance_possible__rosidl_typesupport_introspection_c.h
[1.031s] -- Up-to-date symlink: /home/zyme/ros_ws/Autoware_sim_test/install/tier4_planning_msgs/include/tier4_planning_msgs/tier4_planning_msgs/msg/detail/lane_change_command__rosidl_typesupport_introspection_c.h
[1.031s] -- Up-to-date symlink: /home/zyme/ros_ws/Autoware_sim_test/install/tier4_planning_msgs/include/tier4_planning_msgs/tier4_planning_msgs/msg/detail/lane_change_debug_msg__rosidl_typesupport_introspection_c.h
[1.032s] -- Up-to-date symlink: /home/zyme/ros_ws/Autoware_sim_test/install/tier4_planning_msgs/include/tier4_planning_msgs/tier4_planning_msgs/msg/detail/lane_change_debug_msg_array__rosidl_typesupport_introspection_c.h
[1.032s] -- Up-to-date symlink: /home/zyme/ros_ws/Autoware_sim_test/install/tier4_planning_msgs/include/tier4_planning_msgs/tier4_planning_msgs/msg/detail/lane_change_status__rosidl_typesupport_introspection_c.h
[1.032s] -- Up-to-date symlink: /home/zyme/ros_ws/Autoware_sim_test/install/tier4_planning_msgs/include/tier4_planning_msgs/tier4_planning_msgs/msg/detail/lateral_offset__rosidl_typesupport_introspection_c.h
[1.032s] -- Up-to-date symlink: /home/zyme/ros_ws/Autoware_sim_test/install/tier4_planning_msgs/include/tier4_planning_msgs/tier4_planning_msgs/msg/detail/path__rosidl_typesupport_introspection_c.h
[1.032s] -- Up-to-date symlink: /home/zyme/ros_ws/Autoware_sim_test/install/tier4_planning_msgs/include/tier4_planning_msgs/tier4_planning_msgs/msg/detail/path_change_module__rosidl_typesupport_introspection_c.h
[1.033s] -- Up-to-date symlink: /home/zyme/ros_ws/Autoware_sim_test/install/tier4_planning_msgs/include/tier4_planning_msgs/tier4_planning_msgs/msg/detail/path_change_module_array__rosidl_typesupport_introspection_c.h
[1.033s] -- Up-to-date symlink: /home/zyme/ros_ws/Autoware_sim_test/install/tier4_planning_msgs/include/tier4_planning_msgs/tier4_planning_msgs/msg/detail/path_change_module_id__rosidl_typesupport_introspection_c.h
[1.033s] -- Up-to-date symlink: /home/zyme/ros_ws/Autoware_sim_test/install/tier4_planning_msgs/include/tier4_planning_msgs/tier4_planning_msgs/msg/detail/path_point__rosidl_typesupport_introspection_c.h
[1.033s] -- Up-to-date symlink: /home/zyme/ros_ws/Autoware_sim_test/install/tier4_planning_msgs/include/tier4_planning_msgs/tier4_planning_msgs/msg/detail/reroute_availability__rosidl_typesupport_introspection_c.h
[1.033s] -- Up-to-date symlink: /home/zyme/ros_ws/Autoware_sim_test/install/tier4_planning_msgs/include/tier4_planning_msgs/tier4_planning_msgs/msg/detail/scenario__rosidl_typesupport_introspection_c.h
[1.034s] -- Up-to-date symlink: /home/zyme/ros_ws/Autoware_sim_test/install/tier4_planning_msgs/include/tier4_planning_msgs/tier4_planning_msgs/msg/detail/stop_factor__rosidl_typesupport_introspection_c.h
[1.034s] -- Up-to-date symlink: /home/zyme/ros_ws/Autoware_sim_test/install/tier4_planning_msgs/include/tier4_planning_msgs/tier4_planning_msgs/msg/detail/stop_reason__rosidl_typesupport_introspection_c.h
[1.034s] -- Up-to-date symlink: /home/zyme/ros_ws/Autoware_sim_test/install/tier4_planning_msgs/include/tier4_planning_msgs/tier4_planning_msgs/msg/detail/stop_reason_array__rosidl_typesupport_introspection_c.h
[1.034s] -- Up-to-date symlink: /home/zyme/ros_ws/Autoware_sim_test/install/tier4_planning_msgs/include/tier4_planning_msgs/tier4_planning_msgs/msg/detail/stop_speed_exceeded__rosidl_typesupport_introspection_c.h
[1.034s] -- Up-to-date symlink: /home/zyme/ros_ws/Autoware_sim_test/install/tier4_planning_msgs/include/tier4_planning_msgs/tier4_planning_msgs/msg/detail/trajectory__rosidl_typesupport_introspection_c.h
[1.035s] -- Up-to-date symlink: /home/zyme/ros_ws/Autoware_sim_test/install/tier4_planning_msgs/include/tier4_planning_msgs/tier4_planning_msgs/msg/detail/trajectory_point__rosidl_typesupport_introspection_c.h
[1.035s] -- Up-to-date symlink: /home/zyme/ros_ws/Autoware_sim_test/install/tier4_planning_msgs/include/tier4_planning_msgs/tier4_planning_msgs/msg/detail/velocity_limit__rosidl_typesupport_introspection_c.h
[1.035s] -- Up-to-date symlink: /home/zyme/ros_ws/Autoware_sim_test/install/tier4_planning_msgs/include/tier4_planning_msgs/tier4_planning_msgs/msg/detail/velocity_limit_clear_command__rosidl_typesupport_introspection_c.h
[1.035s] -- Up-to-date symlink: /home/zyme/ros_ws/Autoware_sim_test/install/tier4_planning_msgs/include/tier4_planning_msgs/tier4_planning_msgs/msg/detail/velocity_limit_constraints__rosidl_typesupport_introspection_c.h
[1.035s] -- Up-to-date symlink: /home/zyme/ros_ws/Autoware_sim_test/install/tier4_planning_msgs/include/tier4_planning_msgs/tier4_planning_msgs/msg/rosidl_typesupport_introspection_c__visibility_control.h
[1.038s] -- Up-to-date symlink: /home/zyme/ros_ws/Autoware_sim_test/install/tier4_planning_msgs/include/tier4_planning_msgs/tier4_planning_msgs/msg/approval.hpp
[1.038s] -- Up-to-date symlink: /home/zyme/ros_ws/Autoware_sim_test/install/tier4_planning_msgs/include/tier4_planning_msgs/tier4_planning_msgs/msg/avoidance_debug_factor.hpp
[1.038s] -- Up-to-date symlink: /home/zyme/ros_ws/Autoware_sim_test/install/tier4_planning_msgs/include/tier4_planning_msgs/tier4_planning_msgs/msg/avoidance_debug_msg.hpp
[1.038s] -- Up-to-date symlink: /home/zyme/ros_ws/Autoware_sim_test/install/tier4_planning_msgs/include/tier4_planning_msgs/tier4_planning_msgs/msg/avoidance_debug_msg_array.hpp
[1.038s] -- Up-to-date symlink: /home/zyme/ros_ws/Autoware_sim_test/install/tier4_planning_msgs/include/tier4_planning_msgs/tier4_planning_msgs/msg/detail/approval__builder.hpp
[1.039s] -- Up-to-date symlink: /home/zyme/ros_ws/Autoware_sim_test/install/tier4_planning_msgs/include/tier4_planning_msgs/tier4_planning_msgs/msg/detail/approval__struct.hpp
[1.039s] -- Up-to-date symlink: /home/zyme/ros_ws/Autoware_sim_test/install/tier4_planning_msgs/include/tier4_planning_msgs/tier4_planning_msgs/msg/detail/approval__traits.hpp
[1.039s] -- Up-to-date symlink: /home/zyme/ros_ws/Autoware_sim_test/install/tier4_planning_msgs/include/tier4_planning_msgs/tier4_planning_msgs/msg/detail/avoidance_debug_factor__builder.hpp
[1.039s] -- Up-to-date symlink: /home/zyme/ros_ws/Autoware_sim_test/install/tier4_planning_msgs/include/tier4_planning_msgs/tier4_planning_msgs/msg/detail/avoidance_debug_factor__struct.hpp
[1.039s] -- Up-to-date symlink: /home/zyme/ros_ws/Autoware_sim_test/install/tier4_planning_msgs/include/tier4_planning_msgs/tier4_planning_msgs/msg/detail/avoidance_debug_factor__traits.hpp
[1.040s] -- Up-to-date symlink: /home/zyme/ros_ws/Autoware_sim_test/install/tier4_planning_msgs/include/tier4_planning_msgs/tier4_planning_msgs/msg/detail/avoidance_debug_msg__builder.hpp
[1.040s] -- Up-to-date symlink: /home/zyme/ros_ws/Autoware_sim_test/install/tier4_planning_msgs/include/tier4_planning_msgs/tier4_planning_msgs/msg/detail/avoidance_debug_msg__struct.hpp
[1.040s] -- Up-to-date symlink: /home/zyme/ros_ws/Autoware_sim_test/install/tier4_planning_msgs/include/tier4_planning_msgs/tier4_planning_msgs/msg/detail/avoidance_debug_msg__traits.hpp
[1.040s] -- Up-to-date symlink: /home/zyme/ros_ws/Autoware_sim_test/install/tier4_planning_msgs/include/tier4_planning_msgs/tier4_planning_msgs/msg/detail/avoidance_debug_msg_array__builder.hpp
[1.040s] -- Up-to-date symlink: /home/zyme/ros_ws/Autoware_sim_test/install/tier4_planning_msgs/include/tier4_planning_msgs/tier4_planning_msgs/msg/detail/avoidance_debug_msg_array__struct.hpp
[1.041s] -- Up-to-date symlink: /home/zyme/ros_ws/Autoware_sim_test/install/tier4_planning_msgs/include/tier4_planning_msgs/tier4_planning_msgs/msg/detail/avoidance_debug_msg_array__traits.hpp
[1.041s] -- Up-to-date symlink: /home/zyme/ros_ws/Autoware_sim_test/install/tier4_planning_msgs/include/tier4_planning_msgs/tier4_planning_msgs/msg/detail/enable_avoidance__builder.hpp
[1.041s] -- Up-to-date symlink: /home/zyme/ros_ws/Autoware_sim_test/install/tier4_planning_msgs/include/tier4_planning_msgs/tier4_planning_msgs/msg/detail/enable_avoidance__struct.hpp
[1.041s] -- Up-to-date symlink: /home/zyme/ros_ws/Autoware_sim_test/install/tier4_planning_msgs/include/tier4_planning_msgs/tier4_planning_msgs/msg/detail/enable_avoidance__traits.hpp
[1.041s] -- Up-to-date symlink: /home/zyme/ros_ws/Autoware_sim_test/install/tier4_planning_msgs/include/tier4_planning_msgs/tier4_planning_msgs/msg/detail/expand_stop_range__builder.hpp
[1.042s] -- Up-to-date symlink: /home/zyme/ros_ws/Autoware_sim_test/install/tier4_planning_msgs/include/tier4_planning_msgs/tier4_planning_msgs/msg/detail/expand_stop_range__struct.hpp
[1.042s] -- Up-to-date symlink: /home/zyme/ros_ws/Autoware_sim_test/install/tier4_planning_msgs/include/tier4_planning_msgs/tier4_planning_msgs/msg/detail/expand_stop_range__traits.hpp
[1.042s] -- Up-to-date symlink: /home/zyme/ros_ws/Autoware_sim_test/install/tier4_planning_msgs/include/tier4_planning_msgs/tier4_planning_msgs/msg/detail/is_avoidance_possible__builder.hpp
[1.042s] -- Up-to-date symlink: /home/zyme/ros_ws/Autoware_sim_test/install/tier4_planning_msgs/include/tier4_planning_msgs/tier4_planning_msgs/msg/detail/is_avoidance_possible__struct.hpp
[1.042s] -- Up-to-date symlink: /home/zyme/ros_ws/Autoware_sim_test/install/tier4_planning_msgs/include/tier4_planning_msgs/tier4_planning_msgs/msg/detail/is_avoidance_possible__traits.hpp
[1.043s] -- Up-to-date symlink: /home/zyme/ros_ws/Autoware_sim_test/install/tier4_planning_msgs/include/tier4_planning_msgs/tier4_planning_msgs/msg/detail/lane_change_command__builder.hpp
[1.043s] -- Up-to-date symlink: /home/zyme/ros_ws/Autoware_sim_test/install/tier4_planning_msgs/include/tier4_planning_msgs/tier4_planning_msgs/msg/detail/lane_change_command__struct.hpp
[1.043s] -- Up-to-date symlink: /home/zyme/ros_ws/Autoware_sim_test/install/tier4_planning_msgs/include/tier4_planning_msgs/tier4_planning_msgs/msg/detail/lane_change_command__traits.hpp
[1.043s] -- Up-to-date symlink: /home/zyme/ros_ws/Autoware_sim_test/install/tier4_planning_msgs/include/tier4_planning_msgs/tier4_planning_msgs/msg/detail/lane_change_debug_msg__builder.hpp
[1.043s] -- Up-to-date symlink: /home/zyme/ros_ws/Autoware_sim_test/install/tier4_planning_msgs/include/tier4_planning_msgs/tier4_planning_msgs/msg/detail/lane_change_debug_msg__struct.hpp
[1.043s] -- Up-to-date symlink: /home/zyme/ros_ws/Autoware_sim_test/install/tier4_planning_msgs/include/tier4_planning_msgs/tier4_planning_msgs/msg/detail/lane_change_debug_msg__traits.hpp
[1.044s] -- Up-to-date symlink: /home/zyme/ros_ws/Autoware_sim_test/install/tier4_planning_msgs/include/tier4_planning_msgs/tier4_planning_msgs/msg/detail/lane_change_debug_msg_array__builder.hpp
[1.044s] -- Up-to-date symlink: /home/zyme/ros_ws/Autoware_sim_test/install/tier4_planning_msgs/include/tier4_planning_msgs/tier4_planning_msgs/msg/detail/lane_change_debug_msg_array__struct.hpp
[1.044s] -- Up-to-date symlink: /home/zyme/ros_ws/Autoware_sim_test/install/tier4_planning_msgs/include/tier4_planning_msgs/tier4_planning_msgs/msg/detail/lane_change_debug_msg_array__traits.hpp
[1.044s] -- Up-to-date symlink: /home/zyme/ros_ws/Autoware_sim_test/install/tier4_planning_msgs/include/tier4_planning_msgs/tier4_planning_msgs/msg/detail/lane_change_status__builder.hpp
[1.044s] -- Up-to-date symlink: /home/zyme/ros_ws/Autoware_sim_test/install/tier4_planning_msgs/include/tier4_planning_msgs/tier4_planning_msgs/msg/detail/lane_change_status__struct.hpp
[1.045s] -- Up-to-date symlink: /home/zyme/ros_ws/Autoware_sim_test/install/tier4_planning_msgs/include/tier4_planning_msgs/tier4_planning_msgs/msg/detail/lane_change_status__traits.hpp
[1.045s] -- Up-to-date symlink: /home/zyme/ros_ws/Autoware_sim_test/install/tier4_planning_msgs/include/tier4_planning_msgs/tier4_planning_msgs/msg/detail/lateral_offset__builder.hpp
[1.045s] -- Up-to-date symlink: /home/zyme/ros_ws/Autoware_sim_test/install/tier4_planning_msgs/include/tier4_planning_msgs/tier4_planning_msgs/msg/detail/lateral_offset__struct.hpp
[1.045s] -- Up-to-date symlink: /home/zyme/ros_ws/Autoware_sim_test/install/tier4_planning_msgs/include/tier4_planning_msgs/tier4_planning_msgs/msg/detail/lateral_offset__traits.hpp
[1.045s] -- Up-to-date symlink: /home/zyme/ros_ws/Autoware_sim_test/install/tier4_planning_msgs/include/tier4_planning_msgs/tier4_planning_msgs/msg/detail/path__builder.hpp
[1.045s] -- Up-to-date symlink: /home/zyme/ros_ws/Autoware_sim_test/install/tier4_planning_msgs/include/tier4_planning_msgs/tier4_planning_msgs/msg/detail/path__struct.hpp
[1.046s] -- Up-to-date symlink: /home/zyme/ros_ws/Autoware_sim_test/install/tier4_planning_msgs/include/tier4_planning_msgs/tier4_planning_msgs/msg/detail/path__traits.hpp
[1.046s] -- Up-to-date symlink: /home/zyme/ros_ws/Autoware_sim_test/install/tier4_planning_msgs/include/tier4_planning_msgs/tier4_planning_msgs/msg/detail/path_change_module__builder.hpp
[1.046s] -- Up-to-date symlink: /home/zyme/ros_ws/Autoware_sim_test/install/tier4_planning_msgs/include/tier4_planning_msgs/tier4_planning_msgs/msg/detail/path_change_module__struct.hpp
[1.046s] -- Up-to-date symlink: /home/zyme/ros_ws/Autoware_sim_test/install/tier4_planning_msgs/include/tier4_planning_msgs/tier4_planning_msgs/msg/detail/path_change_module__traits.hpp
[1.046s] -- Up-to-date symlink: /home/zyme/ros_ws/Autoware_sim_test/install/tier4_planning_msgs/include/tier4_planning_msgs/tier4_planning_msgs/msg/detail/path_change_module_array__builder.hpp
[1.047s] -- Up-to-date symlink: /home/zyme/ros_ws/Autoware_sim_test/install/tier4_planning_msgs/include/tier4_planning_msgs/tier4_planning_msgs/msg/detail/path_change_module_array__struct.hpp
[1.047s] -- Up-to-date symlink: /home/zyme/ros_ws/Autoware_sim_test/install/tier4_planning_msgs/include/tier4_planning_msgs/tier4_planning_msgs/msg/detail/path_change_module_array__traits.hpp
[1.047s] -- Up-to-date symlink: /home/zyme/ros_ws/Autoware_sim_test/install/tier4_planning_msgs/include/tier4_planning_msgs/tier4_planning_msgs/msg/detail/path_change_module_id__builder.hpp
[1.047s] -- Up-to-date symlink: /home/zyme/ros_ws/Autoware_sim_test/install/tier4_planning_msgs/include/tier4_planning_msgs/tier4_planning_msgs/msg/detail/path_change_module_id__struct.hpp
[1.047s] -- Up-to-date symlink: /home/zyme/ros_ws/Autoware_sim_test/install/tier4_planning_msgs/include/tier4_planning_msgs/tier4_planning_msgs/msg/detail/path_change_module_id__traits.hpp
[1.048s] -- Up-to-date symlink: /home/zyme/ros_ws/Autoware_sim_test/install/tier4_planning_msgs/include/tier4_planning_msgs/tier4_planning_msgs/msg/detail/path_point__builder.hpp
[1.048s] -- Up-to-date symlink: /home/zyme/ros_ws/Autoware_sim_test/install/tier4_planning_msgs/include/tier4_planning_msgs/tier4_planning_msgs/msg/detail/path_point__struct.hpp
[1.048s] -- Up-to-date symlink: /home/zyme/ros_ws/Autoware_sim_test/install/tier4_planning_msgs/include/tier4_planning_msgs/tier4_planning_msgs/msg/detail/path_point__traits.hpp
[1.048s] -- Up-to-date symlink: /home/zyme/ros_ws/Autoware_sim_test/install/tier4_planning_msgs/include/tier4_planning_msgs/tier4_planning_msgs/msg/detail/reroute_availability__builder.hpp
[1.048s] -- Up-to-date symlink: /home/zyme/ros_ws/Autoware_sim_test/install/tier4_planning_msgs/include/tier4_planning_msgs/tier4_planning_msgs/msg/detail/reroute_availability__struct.hpp
[1.048s] -- Up-to-date symlink: /home/zyme/ros_ws/Autoware_sim_test/install/tier4_planning_msgs/include/tier4_planning_msgs/tier4_planning_msgs/msg/detail/reroute_availability__traits.hpp
[1.049s] -- Up-to-date symlink: /home/zyme/ros_ws/Autoware_sim_test/install/tier4_planning_msgs/include/tier4_planning_msgs/tier4_planning_msgs/msg/detail/scenario__builder.hpp
[1.049s] -- Up-to-date symlink: /home/zyme/ros_ws/Autoware_sim_test/install/tier4_planning_msgs/include/tier4_planning_msgs/tier4_planning_msgs/msg/detail/scenario__struct.hpp
[1.049s] -- Up-to-date symlink: /home/zyme/ros_ws/Autoware_sim_test/install/tier4_planning_msgs/include/tier4_planning_msgs/tier4_planning_msgs/msg/detail/scenario__traits.hpp
[1.049s] -- Up-to-date symlink: /home/zyme/ros_ws/Autoware_sim_test/install/tier4_planning_msgs/include/tier4_planning_msgs/tier4_planning_msgs/msg/detail/stop_factor__builder.hpp
[1.049s] -- Up-to-date symlink: /home/zyme/ros_ws/Autoware_sim_test/install/tier4_planning_msgs/include/tier4_planning_msgs/tier4_planning_msgs/msg/detail/stop_factor__struct.hpp
[1.050s] -- Up-to-date symlink: /home/zyme/ros_ws/Autoware_sim_test/install/tier4_planning_msgs/include/tier4_planning_msgs/tier4_planning_msgs/msg/detail/stop_factor__traits.hpp
[1.050s] -- Up-to-date symlink: /home/zyme/ros_ws/Autoware_sim_test/install/tier4_planning_msgs/include/tier4_planning_msgs/tier4_planning_msgs/msg/detail/stop_reason__builder.hpp
[1.050s] -- Up-to-date symlink: /home/zyme/ros_ws/Autoware_sim_test/install/tier4_planning_msgs/include/tier4_planning_msgs/tier4_planning_msgs/msg/detail/stop_reason__struct.hpp
[1.050s] -- Up-to-date symlink: /home/zyme/ros_ws/Autoware_sim_test/install/tier4_planning_msgs/include/tier4_planning_msgs/tier4_planning_msgs/msg/detail/stop_reason__traits.hpp
[1.050s] -- Up-to-date symlink: /home/zyme/ros_ws/Autoware_sim_test/install/tier4_planning_msgs/include/tier4_planning_msgs/tier4_planning_msgs/msg/detail/stop_reason_array__builder.hpp
[1.050s] -- Up-to-date symlink: /home/zyme/ros_ws/Autoware_sim_test/install/tier4_planning_msgs/include/tier4_planning_msgs/tier4_planning_msgs/msg/detail/stop_reason_array__struct.hpp
[1.051s] -- Up-to-date symlink: /home/zyme/ros_ws/Autoware_sim_test/install/tier4_planning_msgs/include/tier4_planning_msgs/tier4_planning_msgs/msg/detail/stop_reason_array__traits.hpp
[1.051s] -- Up-to-date symlink: /home/zyme/ros_ws/Autoware_sim_test/install/tier4_planning_msgs/include/tier4_planning_msgs/tier4_planning_msgs/msg/detail/stop_speed_exceeded__builder.hpp
[1.051s] -- Up-to-date symlink: /home/zyme/ros_ws/Autoware_sim_test/install/tier4_planning_msgs/include/tier4_planning_msgs/tier4_planning_msgs/msg/detail/stop_speed_exceeded__struct.hpp
[1.051s] -- Up-to-date symlink: /home/zyme/ros_ws/Autoware_sim_test/install/tier4_planning_msgs/include/tier4_planning_msgs/tier4_planning_msgs/msg/detail/stop_speed_exceeded__traits.hpp
[1.051s] -- Up-to-date symlink: /home/zyme/ros_ws/Autoware_sim_test/install/tier4_planning_msgs/include/tier4_planning_msgs/tier4_planning_msgs/msg/detail/trajectory__builder.hpp
[1.052s] -- Up-to-date symlink: /home/zyme/ros_ws/Autoware_sim_test/install/tier4_planning_msgs/include/tier4_planning_msgs/tier4_planning_msgs/msg/detail/trajectory__struct.hpp
[1.052s] -- Up-to-date symlink: /home/zyme/ros_ws/Autoware_sim_test/install/tier4_planning_msgs/include/tier4_planning_msgs/tier4_planning_msgs/msg/detail/trajectory__traits.hpp
[1.052s] -- Up-to-date symlink: /home/zyme/ros_ws/Autoware_sim_test/install/tier4_planning_msgs/include/tier4_planning_msgs/tier4_planning_msgs/msg/detail/trajectory_point__builder.hpp
[1.052s] -- Up-to-date symlink: /home/zyme/ros_ws/Autoware_sim_test/install/tier4_planning_msgs/include/tier4_planning_msgs/tier4_planning_msgs/msg/detail/trajectory_point__struct.hpp
[1.052s] -- Up-to-date symlink: /home/zyme/ros_ws/Autoware_sim_test/install/tier4_planning_msgs/include/tier4_planning_msgs/tier4_planning_msgs/msg/detail/trajectory_point__traits.hpp
[1.052s] -- Up-to-date symlink: /home/zyme/ros_ws/Autoware_sim_test/install/tier4_planning_msgs/include/tier4_planning_msgs/tier4_planning_msgs/msg/detail/velocity_limit__builder.hpp
[1.053s] -- Up-to-date symlink: /home/zyme/ros_ws/Autoware_sim_test/install/tier4_planning_msgs/include/tier4_planning_msgs/tier4_planning_msgs/msg/detail/velocity_limit__struct.hpp
[1.053s] -- Up-to-date symlink: /home/zyme/ros_ws/Autoware_sim_test/install/tier4_planning_msgs/include/tier4_planning_msgs/tier4_planning_msgs/msg/detail/velocity_limit__traits.hpp
[1.053s] -- Up-to-date symlink: /home/zyme/ros_ws/Autoware_sim_test/install/tier4_planning_msgs/include/tier4_planning_msgs/tier4_planning_msgs/msg/detail/velocity_limit_clear_command__builder.hpp
[1.053s] -- Up-to-date symlink: /home/zyme/ros_ws/Autoware_sim_test/install/tier4_planning_msgs/include/tier4_planning_msgs/tier4_planning_msgs/msg/detail/velocity_limit_clear_command__struct.hpp
[1.053s] -- Up-to-date symlink: /home/zyme/ros_ws/Autoware_sim_test/install/tier4_planning_msgs/include/tier4_planning_msgs/tier4_planning_msgs/msg/detail/velocity_limit_clear_command__traits.hpp
[1.054s] -- Up-to-date symlink: /home/zyme/ros_ws/Autoware_sim_test/install/tier4_planning_msgs/include/tier4_planning_msgs/tier4_planning_msgs/msg/detail/velocity_limit_constraints__builder.hpp
[1.054s] -- Up-to-date symlink: /home/zyme/ros_ws/Autoware_sim_test/install/tier4_planning_msgs/include/tier4_planning_msgs/tier4_planning_msgs/msg/detail/velocity_limit_constraints__struct.hpp
[1.054s] -- Up-to-date symlink: /home/zyme/ros_ws/Autoware_sim_test/install/tier4_planning_msgs/include/tier4_planning_msgs/tier4_planning_msgs/msg/detail/velocity_limit_constraints__traits.hpp
[1.054s] -- Up-to-date symlink: /home/zyme/ros_ws/Autoware_sim_test/install/tier4_planning_msgs/include/tier4_planning_msgs/tier4_planning_msgs/msg/enable_avoidance.hpp
[1.054s] -- Up-to-date symlink: /home/zyme/ros_ws/Autoware_sim_test/install/tier4_planning_msgs/include/tier4_planning_msgs/tier4_planning_msgs/msg/expand_stop_range.hpp
[1.054s] -- Up-to-date symlink: /home/zyme/ros_ws/Autoware_sim_test/install/tier4_planning_msgs/include/tier4_planning_msgs/tier4_planning_msgs/msg/is_avoidance_possible.hpp
[1.055s] -- Up-to-date symlink: /home/zyme/ros_ws/Autoware_sim_test/install/tier4_planning_msgs/include/tier4_planning_msgs/tier4_planning_msgs/msg/lane_change_command.hpp
[1.055s] -- Up-to-date symlink: /home/zyme/ros_ws/Autoware_sim_test/install/tier4_planning_msgs/include/tier4_planning_msgs/tier4_planning_msgs/msg/lane_change_debug_msg.hpp
[1.055s] -- Up-to-date symlink: /home/zyme/ros_ws/Autoware_sim_test/install/tier4_planning_msgs/include/tier4_planning_msgs/tier4_planning_msgs/msg/lane_change_debug_msg_array.hpp
[1.055s] -- Up-to-date symlink: /home/zyme/ros_ws/Autoware_sim_test/install/tier4_planning_msgs/include/tier4_planning_msgs/tier4_planning_msgs/msg/lane_change_status.hpp
[1.055s] -- Up-to-date symlink: /home/zyme/ros_ws/Autoware_sim_test/install/tier4_planning_msgs/include/tier4_planning_msgs/tier4_planning_msgs/msg/lateral_offset.hpp
[1.055s] -- Up-to-date symlink: /home/zyme/ros_ws/Autoware_sim_test/install/tier4_planning_msgs/include/tier4_planning_msgs/tier4_planning_msgs/msg/path.hpp
[1.055s] -- Up-to-date symlink: /home/zyme/ros_ws/Autoware_sim_test/install/tier4_planning_msgs/include/tier4_planning_msgs/tier4_planning_msgs/msg/path_change_module.hpp
[1.055s] -- Up-to-date symlink: /home/zyme/ros_ws/Autoware_sim_test/install/tier4_planning_msgs/include/tier4_planning_msgs/tier4_planning_msgs/msg/path_change_module_array.hpp
[1.055s] -- Up-to-date symlink: /home/zyme/ros_ws/Autoware_sim_test/install/tier4_planning_msgs/include/tier4_planning_msgs/tier4_planning_msgs/msg/path_change_module_id.hpp
[1.056s] -- Up-to-date symlink: /home/zyme/ros_ws/Autoware_sim_test/install/tier4_planning_msgs/include/tier4_planning_msgs/tier4_planning_msgs/msg/path_point.hpp
[1.056s] -- Up-to-date symlink: /home/zyme/ros_ws/Autoware_sim_test/install/tier4_planning_msgs/include/tier4_planning_msgs/tier4_planning_msgs/msg/reroute_availability.hpp
[1.056s] -- Up-to-date symlink: /home/zyme/ros_ws/Autoware_sim_test/install/tier4_planning_msgs/include/tier4_planning_msgs/tier4_planning_msgs/msg/scenario.hpp
[1.056s] -- Up-to-date symlink: /home/zyme/ros_ws/Autoware_sim_test/install/tier4_planning_msgs/include/tier4_planning_msgs/tier4_planning_msgs/msg/stop_factor.hpp
[1.056s] -- Up-to-date symlink: /home/zyme/ros_ws/Autoware_sim_test/install/tier4_planning_msgs/include/tier4_planning_msgs/tier4_planning_msgs/msg/stop_reason.hpp
[1.056s] -- Up-to-date symlink: /home/zyme/ros_ws/Autoware_sim_test/install/tier4_planning_msgs/include/tier4_planning_msgs/tier4_planning_msgs/msg/stop_reason_array.hpp
[1.056s] -- Up-to-date symlink: /home/zyme/ros_ws/Autoware_sim_test/install/tier4_planning_msgs/include/tier4_planning_msgs/tier4_planning_msgs/msg/stop_speed_exceeded.hpp
[1.056s] -- Up-to-date symlink: /home/zyme/ros_ws/Autoware_sim_test/install/tier4_planning_msgs/include/tier4_planning_msgs/tier4_planning_msgs/msg/trajectory.hpp
[1.057s] -- Up-to-date symlink: /home/zyme/ros_ws/Autoware_sim_test/install/tier4_planning_msgs/include/tier4_planning_msgs/tier4_planning_msgs/msg/trajectory_point.hpp
[1.057s] -- Up-to-date symlink: /home/zyme/ros_ws/Autoware_sim_test/install/tier4_planning_msgs/include/tier4_planning_msgs/tier4_planning_msgs/msg/velocity_limit.hpp
[1.057s] -- Up-to-date symlink: /home/zyme/ros_ws/Autoware_sim_test/install/tier4_planning_msgs/include/tier4_planning_msgs/tier4_planning_msgs/msg/velocity_limit_clear_command.hpp
[1.057s] -- Up-to-date symlink: /home/zyme/ros_ws/Autoware_sim_test/install/tier4_planning_msgs/include/tier4_planning_msgs/tier4_planning_msgs/msg/velocity_limit_constraints.hpp
[1.058s] -- Up-to-date symlink: /home/zyme/ros_ws/Autoware_sim_test/install/tier4_planning_msgs/include/tier4_planning_msgs/tier4_planning_msgs/msg/detail/approval__rosidl_typesupport_fastrtps_cpp.hpp
[1.058s] -- Up-to-date symlink: /home/zyme/ros_ws/Autoware_sim_test/install/tier4_planning_msgs/include/tier4_planning_msgs/tier4_planning_msgs/msg/detail/avoidance_debug_factor__rosidl_typesupport_fastrtps_cpp.hpp
[1.058s] -- Up-to-date symlink: /home/zyme/ros_ws/Autoware_sim_test/install/tier4_planning_msgs/include/tier4_planning_msgs/tier4_planning_msgs/msg/detail/avoidance_debug_msg__rosidl_typesupport_fastrtps_cpp.hpp
[1.059s] -- Up-to-date symlink: /home/zyme/ros_ws/Autoware_sim_test/install/tier4_planning_msgs/include/tier4_planning_msgs/tier4_planning_msgs/msg/detail/avoidance_debug_msg_array__rosidl_typesupport_fastrtps_cpp.hpp
[1.059s] -- Up-to-date symlink: /home/zyme/ros_ws/Autoware_sim_test/install/tier4_planning_msgs/include/tier4_planning_msgs/tier4_planning_msgs/msg/detail/enable_avoidance__rosidl_typesupport_fastrtps_cpp.hpp
[1.059s] -- Up-to-date symlink: /home/zyme/ros_ws/Autoware_sim_test/install/tier4_planning_msgs/include/tier4_planning_msgs/tier4_planning_msgs/msg/detail/expand_stop_range__rosidl_typesupport_fastrtps_cpp.hpp
[1.059s] -- Up-to-date symlink: /home/zyme/ros_ws/Autoware_sim_test/install/tier4_planning_msgs/include/tier4_planning_msgs/tier4_planning_msgs/msg/detail/is_avoidance_possible__rosidl_typesupport_fastrtps_cpp.hpp
[1.059s] -- Up-to-date symlink: /home/zyme/ros_ws/Autoware_sim_test/install/tier4_planning_msgs/include/tier4_planning_msgs/tier4_planning_msgs/msg/detail/lane_change_command__rosidl_typesupport_fastrtps_cpp.hpp
[1.059s] -- Up-to-date symlink: /home/zyme/ros_ws/Autoware_sim_test/install/tier4_planning_msgs/include/tier4_planning_msgs/tier4_planning_msgs/msg/detail/lane_change_debug_msg__rosidl_typesupport_fastrtps_cpp.hpp
[1.059s] -- Up-to-date symlink: /home/zyme/ros_ws/Autoware_sim_test/install/tier4_planning_msgs/include/tier4_planning_msgs/tier4_planning_msgs/msg/detail/lane_change_debug_msg_array__rosidl_typesupport_fastrtps_cpp.hpp
[1.059s] -- Up-to-date symlink: /home/zyme/ros_ws/Autoware_sim_test/install/tier4_planning_msgs/include/tier4_planning_msgs/tier4_planning_msgs/msg/detail/lane_change_status__rosidl_typesupport_fastrtps_cpp.hpp
[1.059s] -- Up-to-date symlink: /home/zyme/ros_ws/Autoware_sim_test/install/tier4_planning_msgs/include/tier4_planning_msgs/tier4_planning_msgs/msg/detail/lateral_offset__rosidl_typesupport_fastrtps_cpp.hpp
[1.060s] -- Up-to-date symlink: /home/zyme/ros_ws/Autoware_sim_test/install/tier4_planning_msgs/include/tier4_planning_msgs/tier4_planning_msgs/msg/detail/path__rosidl_typesupport_fastrtps_cpp.hpp
[1.060s] -- Up-to-date symlink: /home/zyme/ros_ws/Autoware_sim_test/install/tier4_planning_msgs/include/tier4_planning_msgs/tier4_planning_msgs/msg/detail/path_change_module__rosidl_typesupport_fastrtps_cpp.hpp
[1.060s] -- Up-to-date symlink: /home/zyme/ros_ws/Autoware_sim_test/install/tier4_planning_msgs/include/tier4_planning_msgs/tier4_planning_msgs/msg/detail/path_change_module_array__rosidl_typesupport_fastrtps_cpp.hpp
[1.060s] -- Up-to-date symlink: /home/zyme/ros_ws/Autoware_sim_test/install/tier4_planning_msgs/include/tier4_planning_msgs/tier4_planning_msgs/msg/detail/path_change_module_id__rosidl_typesupport_fastrtps_cpp.hpp
[1.060s] -- Up-to-date symlink: /home/zyme/ros_ws/Autoware_sim_test/install/tier4_planning_msgs/include/tier4_planning_msgs/tier4_planning_msgs/msg/detail/path_point__rosidl_typesupport_fastrtps_cpp.hpp
[1.060s] -- Up-to-date symlink: /home/zyme/ros_ws/Autoware_sim_test/install/tier4_planning_msgs/include/tier4_planning_msgs/tier4_planning_msgs/msg/detail/reroute_availability__rosidl_typesupport_fastrtps_cpp.hpp
[1.060s] -- Up-to-date symlink: /home/zyme/ros_ws/Autoware_sim_test/install/tier4_planning_msgs/include/tier4_planning_msgs/tier4_planning_msgs/msg/detail/scenario__rosidl_typesupport_fastrtps_cpp.hpp
[1.060s] -- Up-to-date symlink: /home/zyme/ros_ws/Autoware_sim_test/install/tier4_planning_msgs/include/tier4_planning_msgs/tier4_planning_msgs/msg/detail/stop_factor__rosidl_typesupport_fastrtps_cpp.hpp
[1.061s] -- Up-to-date symlink: /home/zyme/ros_ws/Autoware_sim_test/install/tier4_planning_msgs/include/tier4_planning_msgs/tier4_planning_msgs/msg/detail/stop_reason__rosidl_typesupport_fastrtps_cpp.hpp
[1.061s] -- Up-to-date symlink: /home/zyme/ros_ws/Autoware_sim_test/install/tier4_planning_msgs/include/tier4_planning_msgs/tier4_planning_msgs/msg/detail/stop_reason_array__rosidl_typesupport_fastrtps_cpp.hpp
[1.061s] -- Up-to-date symlink: /home/zyme/ros_ws/Autoware_sim_test/install/tier4_planning_msgs/include/tier4_planning_msgs/tier4_planning_msgs/msg/detail/stop_speed_exceeded__rosidl_typesupport_fastrtps_cpp.hpp
[1.061s] -- Up-to-date symlink: /home/zyme/ros_ws/Autoware_sim_test/install/tier4_planning_msgs/include/tier4_planning_msgs/tier4_planning_msgs/msg/detail/trajectory__rosidl_typesupport_fastrtps_cpp.hpp
[1.061s] -- Up-to-date symlink: /home/zyme/ros_ws/Autoware_sim_test/install/tier4_planning_msgs/include/tier4_planning_msgs/tier4_planning_msgs/msg/detail/trajectory_point__rosidl_typesupport_fastrtps_cpp.hpp
[1.061s] -- Up-to-date symlink: /home/zyme/ros_ws/Autoware_sim_test/install/tier4_planning_msgs/include/tier4_planning_msgs/tier4_planning_msgs/msg/detail/velocity_limit__rosidl_typesupport_fastrtps_cpp.hpp
[1.061s] -- Up-to-date symlink: /home/zyme/ros_ws/Autoware_sim_test/install/tier4_planning_msgs/include/tier4_planning_msgs/tier4_planning_msgs/msg/detail/velocity_limit_clear_command__rosidl_typesupport_fastrtps_cpp.hpp
[1.061s] -- Up-to-date symlink: /home/zyme/ros_ws/Autoware_sim_test/install/tier4_planning_msgs/include/tier4_planning_msgs/tier4_planning_msgs/msg/detail/velocity_limit_constraints__rosidl_typesupport_fastrtps_cpp.hpp
[1.061s] -- Up-to-date symlink: /home/zyme/ros_ws/Autoware_sim_test/install/tier4_planning_msgs/include/tier4_planning_msgs/tier4_planning_msgs/msg/rosidl_typesupport_fastrtps_cpp__visibility_control.h
[1.062s] -- Up-to-date symlink: /home/zyme/ros_ws/Autoware_sim_test/install/tier4_planning_msgs/include/tier4_planning_msgs/tier4_planning_msgs/msg/detail/approval__rosidl_typesupport_introspection_cpp.hpp
[1.062s] -- Up-to-date symlink: /home/zyme/ros_ws/Autoware_sim_test/install/tier4_planning_msgs/include/tier4_planning_msgs/tier4_planning_msgs/msg/detail/avoidance_debug_factor__rosidl_typesupport_introspection_cpp.hpp
[1.062s] -- Up-to-date symlink: /home/zyme/ros_ws/Autoware_sim_test/install/tier4_planning_msgs/include/tier4_planning_msgs/tier4_planning_msgs/msg/detail/avoidance_debug_msg__rosidl_typesupport_introspection_cpp.hpp
[1.063s] -- Up-to-date symlink: /home/zyme/ros_ws/Autoware_sim_test/install/tier4_planning_msgs/include/tier4_planning_msgs/tier4_planning_msgs/msg/detail/avoidance_debug_msg_array__rosidl_typesupport_introspection_cpp.hpp
[1.063s] -- Up-to-date symlink: /home/zyme/ros_ws/Autoware_sim_test/install/tier4_planning_msgs/include/tier4_planning_msgs/tier4_planning_msgs/msg/detail/enable_avoidance__rosidl_typesupport_introspection_cpp.hpp
[1.063s] -- Up-to-date symlink: /home/zyme/ros_ws/Autoware_sim_test/install/tier4_planning_msgs/include/tier4_planning_msgs/tier4_planning_msgs/msg/detail/expand_stop_range__rosidl_typesupport_introspection_cpp.hpp
[1.063s] -- Up-to-date symlink: /home/zyme/ros_ws/Autoware_sim_test/install/tier4_planning_msgs/include/tier4_planning_msgs/tier4_planning_msgs/msg/detail/is_avoidance_possible__rosidl_typesupport_introspection_cpp.hpp
[1.063s] -- Up-to-date symlink: /home/zyme/ros_ws/Autoware_sim_test/install/tier4_planning_msgs/include/tier4_planning_msgs/tier4_planning_msgs/msg/detail/lane_change_command__rosidl_typesupport_introspection_cpp.hpp
[1.063s] -- Up-to-date symlink: /home/zyme/ros_ws/Autoware_sim_test/install/tier4_planning_msgs/include/tier4_planning_msgs/tier4_planning_msgs/msg/detail/lane_change_debug_msg__rosidl_typesupport_introspection_cpp.hpp
[1.063s] -- Up-to-date symlink: /home/zyme/ros_ws/Autoware_sim_test/install/tier4_planning_msgs/include/tier4_planning_msgs/tier4_planning_msgs/msg/detail/lane_change_debug_msg_array__rosidl_typesupport_introspection_cpp.hpp
[1.063s] -- Up-to-date symlink: /home/zyme/ros_ws/Autoware_sim_test/install/tier4_planning_msgs/include/tier4_planning_msgs/tier4_planning_msgs/msg/detail/lane_change_status__rosidl_typesupport_introspection_cpp.hpp
[1.064s] -- Up-to-date symlink: /home/zyme/ros_ws/Autoware_sim_test/install/tier4_planning_msgs/include/tier4_planning_msgs/tier4_planning_msgs/msg/detail/lateral_offset__rosidl_typesupport_introspection_cpp.hpp
[1.064s] -- Up-to-date symlink: /home/zyme/ros_ws/Autoware_sim_test/install/tier4_planning_msgs/include/tier4_planning_msgs/tier4_planning_msgs/msg/detail/path__rosidl_typesupport_introspection_cpp.hpp
[1.064s] -- Up-to-date symlink: /home/zyme/ros_ws/Autoware_sim_test/install/tier4_planning_msgs/include/tier4_planning_msgs/tier4_planning_msgs/msg/detail/path_change_module__rosidl_typesupport_introspection_cpp.hpp
[1.064s] -- Up-to-date symlink: /home/zyme/ros_ws/Autoware_sim_test/install/tier4_planning_msgs/include/tier4_planning_msgs/tier4_planning_msgs/msg/detail/path_change_module_array__rosidl_typesupport_introspection_cpp.hpp
[1.064s] -- Up-to-date symlink: /home/zyme/ros_ws/Autoware_sim_test/install/tier4_planning_msgs/include/tier4_planning_msgs/tier4_planning_msgs/msg/detail/path_change_module_id__rosidl_typesupport_introspection_cpp.hpp
[1.064s] -- Up-to-date symlink: /home/zyme/ros_ws/Autoware_sim_test/install/tier4_planning_msgs/include/tier4_planning_msgs/tier4_planning_msgs/msg/detail/path_point__rosidl_typesupport_introspection_cpp.hpp
[1.064s] -- Up-to-date symlink: /home/zyme/ros_ws/Autoware_sim_test/install/tier4_planning_msgs/include/tier4_planning_msgs/tier4_planning_msgs/msg/detail/reroute_availability__rosidl_typesupport_introspection_cpp.hpp
[1.064s] -- Up-to-date symlink: /home/zyme/ros_ws/Autoware_sim_test/install/tier4_planning_msgs/include/tier4_planning_msgs/tier4_planning_msgs/msg/detail/scenario__rosidl_typesupport_introspection_cpp.hpp
[1.065s] -- Up-to-date symlink: /home/zyme/ros_ws/Autoware_sim_test/install/tier4_planning_msgs/include/tier4_planning_msgs/tier4_planning_msgs/msg/detail/stop_factor__rosidl_typesupport_introspection_cpp.hpp
[1.065s] -- Up-to-date symlink: /home/zyme/ros_ws/Autoware_sim_test/install/tier4_planning_msgs/include/tier4_planning_msgs/tier4_planning_msgs/msg/detail/stop_reason__rosidl_typesupport_introspection_cpp.hpp
[1.065s] -- Up-to-date symlink: /home/zyme/ros_ws/Autoware_sim_test/install/tier4_planning_msgs/include/tier4_planning_msgs/tier4_planning_msgs/msg/detail/stop_reason_array__rosidl_typesupport_introspection_cpp.hpp
[1.065s] -- Up-to-date symlink: /home/zyme/ros_ws/Autoware_sim_test/install/tier4_planning_msgs/include/tier4_planning_msgs/tier4_planning_msgs/msg/detail/stop_speed_exceeded__rosidl_typesupport_introspection_cpp.hpp
[1.065s] -- Up-to-date symlink: /home/zyme/ros_ws/Autoware_sim_test/install/tier4_planning_msgs/include/tier4_planning_msgs/tier4_planning_msgs/msg/detail/trajectory__rosidl_typesupport_introspection_cpp.hpp
[1.065s] -- Up-to-date symlink: /home/zyme/ros_ws/Autoware_sim_test/install/tier4_planning_msgs/include/tier4_planning_msgs/tier4_planning_msgs/msg/detail/trajectory_point__rosidl_typesupport_introspection_cpp.hpp
[1.065s] -- Up-to-date symlink: /home/zyme/ros_ws/Autoware_sim_test/install/tier4_planning_msgs/include/tier4_planning_msgs/tier4_planning_msgs/msg/detail/velocity_limit__rosidl_typesupport_introspection_cpp.hpp
[1.065s] -- Up-to-date symlink: /home/zyme/ros_ws/Autoware_sim_test/install/tier4_planning_msgs/include/tier4_planning_msgs/tier4_planning_msgs/msg/detail/velocity_limit_clear_command__rosidl_typesupport_introspection_cpp.hpp
[1.066s] -- Up-to-date symlink: /home/zyme/ros_ws/Autoware_sim_test/install/tier4_planning_msgs/include/tier4_planning_msgs/tier4_planning_msgs/msg/detail/velocity_limit_constraints__rosidl_typesupport_introspection_cpp.hpp
[1.066s] -- Up-to-date symlink: /home/zyme/ros_ws/Autoware_sim_test/install/tier4_planning_msgs/share/tier4_planning_msgs/environment/pythonpath.sh
[1.066s] -- Up-to-date symlink: /home/zyme/ros_ws/Autoware_sim_test/install/tier4_planning_msgs/share/tier4_planning_msgs/environment/pythonpath.dsv
[1.066s] -- Up-to-date symlink: /home/zyme/ros_ws/Autoware_sim_test/install/tier4_planning_msgs/local/lib/python3.10/dist-packages/tier4_planning_msgs-0.1.0-py3.10.egg-info/PKG-INFO
[1.066s] -- Up-to-date symlink: /home/zyme/ros_ws/Autoware_sim_test/install/tier4_planning_msgs/local/lib/python3.10/dist-packages/tier4_planning_msgs-0.1.0-py3.10.egg-info/SOURCES.txt
[1.066s] -- Up-to-date symlink: /home/zyme/ros_ws/Autoware_sim_test/install/tier4_planning_msgs/local/lib/python3.10/dist-packages/tier4_planning_msgs-0.1.0-py3.10.egg-info/dependency_links.txt
[1.067s] -- Up-to-date symlink: /home/zyme/ros_ws/Autoware_sim_test/install/tier4_planning_msgs/local/lib/python3.10/dist-packages/tier4_planning_msgs-0.1.0-py3.10.egg-info/top_level.txt
[1.068s] -- Up-to-date symlink: /home/zyme/ros_ws/Autoware_sim_test/install/tier4_planning_msgs/local/lib/python3.10/dist-packages/tier4_planning_msgs/__init__.py
[1.068s] -- Up-to-date symlink: /home/zyme/ros_ws/Autoware_sim_test/install/tier4_planning_msgs/local/lib/python3.10/dist-packages/tier4_planning_msgs/_tier4_planning_msgs_s.ep.rosidl_typesupport_c.c
[1.068s] -- Up-to-date symlink: /home/zyme/ros_ws/Autoware_sim_test/install/tier4_planning_msgs/local/lib/python3.10/dist-packages/tier4_planning_msgs/_tier4_planning_msgs_s.ep.rosidl_typesupport_fastrtps_c.c
[1.068s] -- Up-to-date symlink: /home/zyme/ros_ws/Autoware_sim_test/install/tier4_planning_msgs/local/lib/python3.10/dist-packages/tier4_planning_msgs/_tier4_planning_msgs_s.ep.rosidl_typesupport_introspection_c.c
[1.068s] -- Up-to-date symlink: /home/zyme/ros_ws/Autoware_sim_test/install/tier4_planning_msgs/local/lib/python3.10/dist-packages/tier4_planning_msgs/libtier4_planning_msgs__rosidl_generator_py.so
[1.068s] -- Up-to-date symlink: /home/zyme/ros_ws/Autoware_sim_test/install/tier4_planning_msgs/local/lib/python3.10/dist-packages/tier4_planning_msgs/msg/__init__.py
[1.069s] -- Up-to-date symlink: /home/zyme/ros_ws/Autoware_sim_test/install/tier4_planning_msgs/local/lib/python3.10/dist-packages/tier4_planning_msgs/msg/_approval.py
[1.069s] -- Up-to-date symlink: /home/zyme/ros_ws/Autoware_sim_test/install/tier4_planning_msgs/local/lib/python3.10/dist-packages/tier4_planning_msgs/msg/_approval_s.c
[1.069s] -- Up-to-date symlink: /home/zyme/ros_ws/Autoware_sim_test/install/tier4_planning_msgs/local/lib/python3.10/dist-packages/tier4_planning_msgs/msg/_avoidance_debug_factor.py
[1.069s] -- Up-to-date symlink: /home/zyme/ros_ws/Autoware_sim_test/install/tier4_planning_msgs/local/lib/python3.10/dist-packages/tier4_planning_msgs/msg/_avoidance_debug_factor_s.c
[1.069s] -- Up-to-date symlink: /home/zyme/ros_ws/Autoware_sim_test/install/tier4_planning_msgs/local/lib/python3.10/dist-packages/tier4_planning_msgs/msg/_avoidance_debug_msg.py
[1.069s] -- Up-to-date symlink: /home/zyme/ros_ws/Autoware_sim_test/install/tier4_planning_msgs/local/lib/python3.10/dist-packages/tier4_planning_msgs/msg/_avoidance_debug_msg_array.py
[1.069s] -- Up-to-date symlink: /home/zyme/ros_ws/Autoware_sim_test/install/tier4_planning_msgs/local/lib/python3.10/dist-packages/tier4_planning_msgs/msg/_avoidance_debug_msg_array_s.c
[1.069s] -- Up-to-date symlink: /home/zyme/ros_ws/Autoware_sim_test/install/tier4_planning_msgs/local/lib/python3.10/dist-packages/tier4_planning_msgs/msg/_avoidance_debug_msg_s.c
[1.070s] -- Up-to-date symlink: /home/zyme/ros_ws/Autoware_sim_test/install/tier4_planning_msgs/local/lib/python3.10/dist-packages/tier4_planning_msgs/msg/_enable_avoidance.py
[1.070s] -- Up-to-date symlink: /home/zyme/ros_ws/Autoware_sim_test/install/tier4_planning_msgs/local/lib/python3.10/dist-packages/tier4_planning_msgs/msg/_enable_avoidance_s.c
[1.070s] -- Up-to-date symlink: /home/zyme/ros_ws/Autoware_sim_test/install/tier4_planning_msgs/local/lib/python3.10/dist-packages/tier4_planning_msgs/msg/_expand_stop_range.py
[1.070s] -- Up-to-date symlink: /home/zyme/ros_ws/Autoware_sim_test/install/tier4_planning_msgs/local/lib/python3.10/dist-packages/tier4_planning_msgs/msg/_expand_stop_range_s.c
[1.070s] -- Up-to-date symlink: /home/zyme/ros_ws/Autoware_sim_test/install/tier4_planning_msgs/local/lib/python3.10/dist-packages/tier4_planning_msgs/msg/_is_avoidance_possible.py
[1.070s] -- Up-to-date symlink: /home/zyme/ros_ws/Autoware_sim_test/install/tier4_planning_msgs/local/lib/python3.10/dist-packages/tier4_planning_msgs/msg/_is_avoidance_possible_s.c
[1.070s] -- Up-to-date symlink: /home/zyme/ros_ws/Autoware_sim_test/install/tier4_planning_msgs/local/lib/python3.10/dist-packages/tier4_planning_msgs/msg/_lane_change_command.py
[1.070s] -- Up-to-date symlink: /home/zyme/ros_ws/Autoware_sim_test/install/tier4_planning_msgs/local/lib/python3.10/dist-packages/tier4_planning_msgs/msg/_lane_change_command_s.c
[1.070s] -- Up-to-date symlink: /home/zyme/ros_ws/Autoware_sim_test/install/tier4_planning_msgs/local/lib/python3.10/dist-packages/tier4_planning_msgs/msg/_lane_change_debug_msg.py
[1.071s] -- Up-to-date symlink: /home/zyme/ros_ws/Autoware_sim_test/install/tier4_planning_msgs/local/lib/python3.10/dist-packages/tier4_planning_msgs/msg/_lane_change_debug_msg_array.py
[1.071s] -- Up-to-date symlink: /home/zyme/ros_ws/Autoware_sim_test/install/tier4_planning_msgs/local/lib/python3.10/dist-packages/tier4_planning_msgs/msg/_lane_change_debug_msg_array_s.c
[1.071s] -- Up-to-date symlink: /home/zyme/ros_ws/Autoware_sim_test/install/tier4_planning_msgs/local/lib/python3.10/dist-packages/tier4_planning_msgs/msg/_lane_change_debug_msg_s.c
[1.071s] -- Up-to-date symlink: /home/zyme/ros_ws/Autoware_sim_test/install/tier4_planning_msgs/local/lib/python3.10/dist-packages/tier4_planning_msgs/msg/_lane_change_status.py
[1.071s] -- Up-to-date symlink: /home/zyme/ros_ws/Autoware_sim_test/install/tier4_planning_msgs/local/lib/python3.10/dist-packages/tier4_planning_msgs/msg/_lane_change_status_s.c
[1.071s] -- Up-to-date symlink: /home/zyme/ros_ws/Autoware_sim_test/install/tier4_planning_msgs/local/lib/python3.10/dist-packages/tier4_planning_msgs/msg/_lateral_offset.py
[1.071s] -- Up-to-date symlink: /home/zyme/ros_ws/Autoware_sim_test/install/tier4_planning_msgs/local/lib/python3.10/dist-packages/tier4_planning_msgs/msg/_lateral_offset_s.c
[1.071s] -- Up-to-date symlink: /home/zyme/ros_ws/Autoware_sim_test/install/tier4_planning_msgs/local/lib/python3.10/dist-packages/tier4_planning_msgs/msg/_path.py
[1.072s] -- Up-to-date symlink: /home/zyme/ros_ws/Autoware_sim_test/install/tier4_planning_msgs/local/lib/python3.10/dist-packages/tier4_planning_msgs/msg/_path_change_module.py
[1.072s] -- Up-to-date symlink: /home/zyme/ros_ws/Autoware_sim_test/install/tier4_planning_msgs/local/lib/python3.10/dist-packages/tier4_planning_msgs/msg/_path_change_module_array.py
[1.072s] -- Up-to-date symlink: /home/zyme/ros_ws/Autoware_sim_test/install/tier4_planning_msgs/local/lib/python3.10/dist-packages/tier4_planning_msgs/msg/_path_change_module_array_s.c
[1.072s] -- Up-to-date symlink: /home/zyme/ros_ws/Autoware_sim_test/install/tier4_planning_msgs/local/lib/python3.10/dist-packages/tier4_planning_msgs/msg/_path_change_module_id.py
[1.072s] -- Up-to-date symlink: /home/zyme/ros_ws/Autoware_sim_test/install/tier4_planning_msgs/local/lib/python3.10/dist-packages/tier4_planning_msgs/msg/_path_change_module_id_s.c
[1.072s] -- Up-to-date symlink: /home/zyme/ros_ws/Autoware_sim_test/install/tier4_planning_msgs/local/lib/python3.10/dist-packages/tier4_planning_msgs/msg/_path_change_module_s.c
[1.072s] -- Up-to-date symlink: /home/zyme/ros_ws/Autoware_sim_test/install/tier4_planning_msgs/local/lib/python3.10/dist-packages/tier4_planning_msgs/msg/_path_point.py
[1.072s] -- Up-to-date symlink: /home/zyme/ros_ws/Autoware_sim_test/install/tier4_planning_msgs/local/lib/python3.10/dist-packages/tier4_planning_msgs/msg/_path_point_s.c
[1.072s] -- Up-to-date symlink: /home/zyme/ros_ws/Autoware_sim_test/install/tier4_planning_msgs/local/lib/python3.10/dist-packages/tier4_planning_msgs/msg/_path_s.c
[1.073s] -- Up-to-date symlink: /home/zyme/ros_ws/Autoware_sim_test/install/tier4_planning_msgs/local/lib/python3.10/dist-packages/tier4_planning_msgs/msg/_reroute_availability.py
[1.073s] -- Up-to-date symlink: /home/zyme/ros_ws/Autoware_sim_test/install/tier4_planning_msgs/local/lib/python3.10/dist-packages/tier4_planning_msgs/msg/_reroute_availability_s.c
[1.073s] -- Up-to-date symlink: /home/zyme/ros_ws/Autoware_sim_test/install/tier4_planning_msgs/local/lib/python3.10/dist-packages/tier4_planning_msgs/msg/_scenario.py
[1.073s] -- Up-to-date symlink: /home/zyme/ros_ws/Autoware_sim_test/install/tier4_planning_msgs/local/lib/python3.10/dist-packages/tier4_planning_msgs/msg/_scenario_s.c
[1.073s] -- Up-to-date symlink: /home/zyme/ros_ws/Autoware_sim_test/install/tier4_planning_msgs/local/lib/python3.10/dist-packages/tier4_planning_msgs/msg/_stop_factor.py
[1.073s] -- Up-to-date symlink: /home/zyme/ros_ws/Autoware_sim_test/install/tier4_planning_msgs/local/lib/python3.10/dist-packages/tier4_planning_msgs/msg/_stop_factor_s.c
[1.074s] -- Up-to-date symlink: /home/zyme/ros_ws/Autoware_sim_test/install/tier4_planning_msgs/local/lib/python3.10/dist-packages/tier4_planning_msgs/msg/_stop_reason.py
[1.074s] -- Up-to-date symlink: /home/zyme/ros_ws/Autoware_sim_test/install/tier4_planning_msgs/local/lib/python3.10/dist-packages/tier4_planning_msgs/msg/_stop_reason_array.py
[1.074s] -- Up-to-date symlink: /home/zyme/ros_ws/Autoware_sim_test/install/tier4_planning_msgs/local/lib/python3.10/dist-packages/tier4_planning_msgs/msg/_stop_reason_array_s.c
[1.074s] -- Up-to-date symlink: /home/zyme/ros_ws/Autoware_sim_test/install/tier4_planning_msgs/local/lib/python3.10/dist-packages/tier4_planning_msgs/msg/_stop_reason_s.c
[1.074s] -- Up-to-date symlink: /home/zyme/ros_ws/Autoware_sim_test/install/tier4_planning_msgs/local/lib/python3.10/dist-packages/tier4_planning_msgs/msg/_stop_speed_exceeded.py
[1.074s] -- Up-to-date symlink: /home/zyme/ros_ws/Autoware_sim_test/install/tier4_planning_msgs/local/lib/python3.10/dist-packages/tier4_planning_msgs/msg/_stop_speed_exceeded_s.c
[1.075s] -- Up-to-date symlink: /home/zyme/ros_ws/Autoware_sim_test/install/tier4_planning_msgs/local/lib/python3.10/dist-packages/tier4_planning_msgs/msg/_trajectory.py
[1.075s] -- Up-to-date symlink: /home/zyme/ros_ws/Autoware_sim_test/install/tier4_planning_msgs/local/lib/python3.10/dist-packages/tier4_planning_msgs/msg/_trajectory_point.py
[1.075s] -- Up-to-date symlink: /home/zyme/ros_ws/Autoware_sim_test/install/tier4_planning_msgs/local/lib/python3.10/dist-packages/tier4_planning_msgs/msg/_trajectory_point_s.c
[1.075s] -- Up-to-date symlink: /home/zyme/ros_ws/Autoware_sim_test/install/tier4_planning_msgs/local/lib/python3.10/dist-packages/tier4_planning_msgs/msg/_trajectory_s.c
[1.075s] -- Up-to-date symlink: /home/zyme/ros_ws/Autoware_sim_test/install/tier4_planning_msgs/local/lib/python3.10/dist-packages/tier4_planning_msgs/msg/_velocity_limit.py
[1.075s] -- Up-to-date symlink: /home/zyme/ros_ws/Autoware_sim_test/install/tier4_planning_msgs/local/lib/python3.10/dist-packages/tier4_planning_msgs/msg/_velocity_limit_clear_command.py
[1.075s] -- Up-to-date symlink: /home/zyme/ros_ws/Autoware_sim_test/install/tier4_planning_msgs/local/lib/python3.10/dist-packages/tier4_planning_msgs/msg/_velocity_limit_clear_command_s.c
[1.076s] -- Up-to-date symlink: /home/zyme/ros_ws/Autoware_sim_test/install/tier4_planning_msgs/local/lib/python3.10/dist-packages/tier4_planning_msgs/msg/_velocity_limit_constraints.py
[1.076s] -- Up-to-date symlink: /home/zyme/ros_ws/Autoware_sim_test/install/tier4_planning_msgs/local/lib/python3.10/dist-packages/tier4_planning_msgs/msg/_velocity_limit_constraints_s.c
[1.076s] -- Up-to-date symlink: /home/zyme/ros_ws/Autoware_sim_test/install/tier4_planning_msgs/local/lib/python3.10/dist-packages/tier4_planning_msgs/msg/_velocity_limit_s.c
[1.076s] -- Up-to-date symlink: /home/zyme/ros_ws/Autoware_sim_test/install/tier4_planning_msgs/local/lib/python3.10/dist-packages/tier4_planning_msgs/tier4_planning_msgs_s__rosidl_typesupport_c.cpython-310-x86_64-linux-gnu.so
[1.076s] -- Up-to-date symlink: /home/zyme/ros_ws/Autoware_sim_test/install/tier4_planning_msgs/local/lib/python3.10/dist-packages/tier4_planning_msgs/tier4_planning_msgs_s__rosidl_typesupport_fastrtps_c.cpython-310-x86_64-linux-gnu.so
[1.076s] -- Up-to-date symlink: /home/zyme/ros_ws/Autoware_sim_test/install/tier4_planning_msgs/local/lib/python3.10/dist-packages/tier4_planning_msgs/tier4_planning_msgs_s__rosidl_typesupport_introspection_c.cpython-310-x86_64-linux-gnu.so
[1.077s] -- Up-to-date symlink: /home/zyme/ros_ws/Autoware_sim_test/install/tier4_planning_msgs/local/lib/python3.10/dist-packages/tier4_planning_msgs/tier4_planning_msgs_s__rosidl_typesupport_fastrtps_c.cpython-310-x86_64-linux-gnu.so
[1.077s] -- Up-to-date symlink: /home/zyme/ros_ws/Autoware_sim_test/install/tier4_planning_msgs/local/lib/python3.10/dist-packages/tier4_planning_msgs/tier4_planning_msgs_s__rosidl_typesupport_introspection_c.cpython-310-x86_64-linux-gnu.so
[1.078s] -- Up-to-date symlink: /home/zyme/ros_ws/Autoware_sim_test/install/tier4_planning_msgs/local/lib/python3.10/dist-packages/tier4_planning_msgs/tier4_planning_msgs_s__rosidl_typesupport_c.cpython-310-x86_64-linux-gnu.so
[1.078s] -- Up-to-date symlink: /home/zyme/ros_ws/Autoware_sim_test/install/tier4_planning_msgs/share/tier4_planning_msgs/msg/Approval.idl
[1.078s] -- Up-to-date symlink: /home/zyme/ros_ws/Autoware_sim_test/install/tier4_planning_msgs/share/tier4_planning_msgs/msg/AvoidanceDebugFactor.idl
[1.078s] -- Up-to-date symlink: /home/zyme/ros_ws/Autoware_sim_test/install/tier4_planning_msgs/share/tier4_planning_msgs/msg/AvoidanceDebugMsg.idl
[1.078s] -- Up-to-date symlink: /home/zyme/ros_ws/Autoware_sim_test/install/tier4_planning_msgs/share/tier4_planning_msgs/msg/AvoidanceDebugMsgArray.idl
[1.078s] -- Up-to-date symlink: /home/zyme/ros_ws/Autoware_sim_test/install/tier4_planning_msgs/share/tier4_planning_msgs/msg/EnableAvoidance.idl
[1.079s] -- Up-to-date symlink: /home/zyme/ros_ws/Autoware_sim_test/install/tier4_planning_msgs/share/tier4_planning_msgs/msg/ExpandStopRange.idl
[1.079s] -- Up-to-date symlink: /home/zyme/ros_ws/Autoware_sim_test/install/tier4_planning_msgs/share/tier4_planning_msgs/msg/IsAvoidancePossible.idl
[1.079s] -- Up-to-date symlink: /home/zyme/ros_ws/Autoware_sim_test/install/tier4_planning_msgs/share/tier4_planning_msgs/msg/LaneChangeCommand.idl
[1.079s] -- Up-to-date symlink: /home/zyme/ros_ws/Autoware_sim_test/install/tier4_planning_msgs/share/tier4_planning_msgs/msg/LaneChangeDebugMsg.idl
[1.080s] -- Up-to-date symlink: /home/zyme/ros_ws/Autoware_sim_test/install/tier4_planning_msgs/share/tier4_planning_msgs/msg/LaneChangeDebugMsgArray.idl
[1.080s] -- Up-to-date symlink: /home/zyme/ros_ws/Autoware_sim_test/install/tier4_planning_msgs/share/tier4_planning_msgs/msg/LaneChangeStatus.idl
[1.080s] -- Up-to-date symlink: /home/zyme/ros_ws/Autoware_sim_test/install/tier4_planning_msgs/share/tier4_planning_msgs/msg/LateralOffset.idl
[1.080s] -- Up-to-date symlink: /home/zyme/ros_ws/Autoware_sim_test/install/tier4_planning_msgs/share/tier4_planning_msgs/msg/Path.idl
[1.081s] -- Up-to-date symlink: /home/zyme/ros_ws/Autoware_sim_test/install/tier4_planning_msgs/share/tier4_planning_msgs/msg/PathChangeModule.idl
[1.081s] -- Up-to-date symlink: /home/zyme/ros_ws/Autoware_sim_test/install/tier4_planning_msgs/share/tier4_planning_msgs/msg/PathChangeModuleArray.idl
[1.081s] -- Up-to-date symlink: /home/zyme/ros_ws/Autoware_sim_test/install/tier4_planning_msgs/share/tier4_planning_msgs/msg/PathChangeModuleId.idl
[1.081s] -- Up-to-date symlink: /home/zyme/ros_ws/Autoware_sim_test/install/tier4_planning_msgs/share/tier4_planning_msgs/msg/PathPoint.idl
[1.082s] -- Up-to-date symlink: /home/zyme/ros_ws/Autoware_sim_test/install/tier4_planning_msgs/share/tier4_planning_msgs/msg/RerouteAvailability.idl
[1.082s] -- Up-to-date symlink: /home/zyme/ros_ws/Autoware_sim_test/install/tier4_planning_msgs/share/tier4_planning_msgs/msg/Scenario.idl
[1.082s] -- Up-to-date symlink: /home/zyme/ros_ws/Autoware_sim_test/install/tier4_planning_msgs/share/tier4_planning_msgs/msg/StopFactor.idl
[1.082s] -- Up-to-date symlink: /home/zyme/ros_ws/Autoware_sim_test/install/tier4_planning_msgs/share/tier4_planning_msgs/msg/StopReason.idl
[1.083s] -- Up-to-date symlink: /home/zyme/ros_ws/Autoware_sim_test/install/tier4_planning_msgs/share/tier4_planning_msgs/msg/StopReasonArray.idl
[1.083s] -- Up-to-date symlink: /home/zyme/ros_ws/Autoware_sim_test/install/tier4_planning_msgs/share/tier4_planning_msgs/msg/StopSpeedExceeded.idl
[1.083s] -- Up-to-date symlink: /home/zyme/ros_ws/Autoware_sim_test/install/tier4_planning_msgs/share/tier4_planning_msgs/msg/Trajectory.idl
[1.083s] -- Up-to-date symlink: /home/zyme/ros_ws/Autoware_sim_test/install/tier4_planning_msgs/share/tier4_planning_msgs/msg/TrajectoryPoint.idl
[1.084s] -- Up-to-date symlink: /home/zyme/ros_ws/Autoware_sim_test/install/tier4_planning_msgs/share/tier4_planning_msgs/msg/VelocityLimit.idl
[1.084s] -- Up-to-date symlink: /home/zyme/ros_ws/Autoware_sim_test/install/tier4_planning_msgs/share/tier4_planning_msgs/msg/VelocityLimitClearCommand.idl
[1.084s] -- Up-to-date symlink: /home/zyme/ros_ws/Autoware_sim_test/install/tier4_planning_msgs/share/tier4_planning_msgs/msg/VelocityLimitConstraints.idl
[1.084s] -- Up-to-date symlink: /home/zyme/ros_ws/Autoware_sim_test/install/tier4_planning_msgs/share/tier4_planning_msgs/msg/Approval.msg
[1.085s] -- Up-to-date symlink: /home/zyme/ros_ws/Autoware_sim_test/install/tier4_planning_msgs/share/tier4_planning_msgs/msg/AvoidanceDebugFactor.msg
[1.085s] -- Up-to-date symlink: /home/zyme/ros_ws/Autoware_sim_test/install/tier4_planning_msgs/share/tier4_planning_msgs/msg/AvoidanceDebugMsg.msg
[1.085s] -- Up-to-date symlink: /home/zyme/ros_ws/Autoware_sim_test/install/tier4_planning_msgs/share/tier4_planning_msgs/msg/AvoidanceDebugMsgArray.msg
[1.085s] -- Up-to-date symlink: /home/zyme/ros_ws/Autoware_sim_test/install/tier4_planning_msgs/share/tier4_planning_msgs/msg/EnableAvoidance.msg
[1.086s] -- Up-to-date symlink: /home/zyme/ros_ws/Autoware_sim_test/install/tier4_planning_msgs/share/tier4_planning_msgs/msg/ExpandStopRange.msg
[1.086s] -- Up-to-date symlink: /home/zyme/ros_ws/Autoware_sim_test/install/tier4_planning_msgs/share/tier4_planning_msgs/msg/IsAvoidancePossible.msg
[1.086s] -- Up-to-date symlink: /home/zyme/ros_ws/Autoware_sim_test/install/tier4_planning_msgs/share/tier4_planning_msgs/msg/LaneChangeCommand.msg
[1.086s] -- Up-to-date symlink: /home/zyme/ros_ws/Autoware_sim_test/install/tier4_planning_msgs/share/tier4_planning_msgs/msg/LaneChangeDebugMsg.msg
[1.087s] -- Up-to-date symlink: /home/zyme/ros_ws/Autoware_sim_test/install/tier4_planning_msgs/share/tier4_planning_msgs/msg/LaneChangeDebugMsgArray.msg
[1.087s] -- Up-to-date symlink: /home/zyme/ros_ws/Autoware_sim_test/install/tier4_planning_msgs/share/tier4_planning_msgs/msg/LaneChangeStatus.msg
[1.087s] -- Up-to-date symlink: /home/zyme/ros_ws/Autoware_sim_test/install/tier4_planning_msgs/share/tier4_planning_msgs/msg/LateralOffset.msg
[1.087s] -- Up-to-date symlink: /home/zyme/ros_ws/Autoware_sim_test/install/tier4_planning_msgs/share/tier4_planning_msgs/msg/Path.msg
[1.088s] -- Up-to-date symlink: /home/zyme/ros_ws/Autoware_sim_test/install/tier4_planning_msgs/share/tier4_planning_msgs/msg/PathChangeModule.msg
[1.088s] -- Up-to-date symlink: /home/zyme/ros_ws/Autoware_sim_test/install/tier4_planning_msgs/share/tier4_planning_msgs/msg/PathChangeModuleArray.msg
[1.088s] -- Up-to-date symlink: /home/zyme/ros_ws/Autoware_sim_test/install/tier4_planning_msgs/share/tier4_planning_msgs/msg/PathChangeModuleId.msg
[1.088s] -- Up-to-date symlink: /home/zyme/ros_ws/Autoware_sim_test/install/tier4_planning_msgs/share/tier4_planning_msgs/msg/PathPoint.msg
[1.089s] -- Up-to-date symlink: /home/zyme/ros_ws/Autoware_sim_test/install/tier4_planning_msgs/share/tier4_planning_msgs/msg/RerouteAvailability.msg
[1.089s] -- Up-to-date symlink: /home/zyme/ros_ws/Autoware_sim_test/install/tier4_planning_msgs/share/tier4_planning_msgs/msg/Scenario.msg
[1.089s] -- Up-to-date symlink: /home/zyme/ros_ws/Autoware_sim_test/install/tier4_planning_msgs/share/tier4_planning_msgs/msg/StopFactor.msg
[1.089s] -- Up-to-date symlink: /home/zyme/ros_ws/Autoware_sim_test/install/tier4_planning_msgs/share/tier4_planning_msgs/msg/StopReason.msg
[1.090s] -- Up-to-date symlink: /home/zyme/ros_ws/Autoware_sim_test/install/tier4_planning_msgs/share/tier4_planning_msgs/msg/StopReasonArray.msg
[1.090s] -- Up-to-date symlink: /home/zyme/ros_ws/Autoware_sim_test/install/tier4_planning_msgs/share/tier4_planning_msgs/msg/StopSpeedExceeded.msg
[1.090s] -- Up-to-date symlink: /home/zyme/ros_ws/Autoware_sim_test/install/tier4_planning_msgs/share/tier4_planning_msgs/msg/Trajectory.msg
[1.090s] -- Up-to-date symlink: /home/zyme/ros_ws/Autoware_sim_test/install/tier4_planning_msgs/share/tier4_planning_msgs/msg/TrajectoryPoint.msg
[1.091s] -- Up-to-date symlink: /home/zyme/ros_ws/Autoware_sim_test/install/tier4_planning_msgs/share/tier4_planning_msgs/msg/VelocityLimit.msg
[1.091s] -- Up-to-date symlink: /home/zyme/ros_ws/Autoware_sim_test/install/tier4_planning_msgs/share/tier4_planning_msgs/msg/VelocityLimitClearCommand.msg
[1.091s] -- Up-to-date symlink: /home/zyme/ros_ws/Autoware_sim_test/install/tier4_planning_msgs/share/tier4_planning_msgs/msg/VelocityLimitConstraints.msg
[1.091s] -- Up-to-date symlink: /home/zyme/ros_ws/Autoware_sim_test/install/tier4_planning_msgs/share/ament_index/resource_index/package_run_dependencies/tier4_planning_msgs
[1.091s] -- Up-to-date symlink: /home/zyme/ros_ws/Autoware_sim_test/install/tier4_planning_msgs/share/ament_index/resource_index/parent_prefix_path/tier4_planning_msgs
[1.091s] -- Up-to-date symlink: /home/zyme/ros_ws/Autoware_sim_test/install/tier4_planning_msgs/share/tier4_planning_msgs/environment/ament_prefix_path.sh
[1.092s] -- Up-to-date symlink: /home/zyme/ros_ws/Autoware_sim_test/install/tier4_planning_msgs/share/tier4_planning_msgs/environment/ament_prefix_path.dsv
[1.092s] -- Up-to-date symlink: /home/zyme/ros_ws/Autoware_sim_test/install/tier4_planning_msgs/share/tier4_planning_msgs/environment/path.sh
[1.092s] -- Up-to-date symlink: /home/zyme/ros_ws/Autoware_sim_test/install/tier4_planning_msgs/share/tier4_planning_msgs/environment/path.dsv
[1.092s] -- Up-to-date symlink: /home/zyme/ros_ws/Autoware_sim_test/install/tier4_planning_msgs/share/tier4_planning_msgs/local_setup.bash
[1.092s] -- Up-to-date symlink: /home/zyme/ros_ws/Autoware_sim_test/install/tier4_planning_msgs/share/tier4_planning_msgs/local_setup.sh
[1.092s] -- Up-to-date symlink: /home/zyme/ros_ws/Autoware_sim_test/install/tier4_planning_msgs/share/tier4_planning_msgs/local_setup.zsh
[1.092s] -- Up-to-date symlink: /home/zyme/ros_ws/Autoware_sim_test/install/tier4_planning_msgs/share/tier4_planning_msgs/local_setup.dsv
[1.093s] -- Symlinking: /home/zyme/ros_ws/Autoware_sim_test/install/tier4_planning_msgs/share/tier4_planning_msgs/package.dsv
[1.101s] -- Up-to-date symlink: /home/zyme/ros_ws/Autoware_sim_test/install/tier4_planning_msgs/share/ament_index/resource_index/packages/tier4_planning_msgs
[1.102s] -- Up-to-date symlink: /home/zyme/ros_ws/Autoware_sim_test/install/tier4_planning_msgs/share/tier4_planning_msgs/cmake/rosidl_cmake-extras.cmake
[1.102s] -- Up-to-date symlink: /home/zyme/ros_ws/Autoware_sim_test/install/tier4_planning_msgs/share/tier4_planning_msgs/cmake/ament_cmake_export_dependencies-extras.cmake
[1.102s] -- Up-to-date symlink: /home/zyme/ros_ws/Autoware_sim_test/install/tier4_planning_msgs/share/tier4_planning_msgs/cmake/ament_cmake_export_include_directories-extras.cmake
[1.102s] -- Up-to-date symlink: /home/zyme/ros_ws/Autoware_sim_test/install/tier4_planning_msgs/share/tier4_planning_msgs/cmake/ament_cmake_export_libraries-extras.cmake
[1.102s] -- Up-to-date symlink: /home/zyme/ros_ws/Autoware_sim_test/install/tier4_planning_msgs/share/tier4_planning_msgs/cmake/ament_cmake_export_targets-extras.cmake
[1.102s] -- Up-to-date symlink: /home/zyme/ros_ws/Autoware_sim_test/install/tier4_planning_msgs/share/tier4_planning_msgs/cmake/rosidl_cmake_export_typesupport_targets-extras.cmake
[1.103s] -- Up-to-date symlink: /home/zyme/ros_ws/Autoware_sim_test/install/tier4_planning_msgs/share/tier4_planning_msgs/cmake/rosidl_cmake_export_typesupport_libraries-extras.cmake
[1.103s] -- Up-to-date symlink: /home/zyme/ros_ws/Autoware_sim_test/install/tier4_planning_msgs/share/tier4_planning_msgs/cmake/tier4_planning_msgsConfig.cmake
[1.103s] -- Up-to-date symlink: /home/zyme/ros_ws/Autoware_sim_test/install/tier4_planning_msgs/share/tier4_planning_msgs/cmake/tier4_planning_msgsConfig-version.cmake
[1.103s] -- Up-to-date symlink: /home/zyme/ros_ws/Autoware_sim_test/install/tier4_planning_msgs/share/tier4_planning_msgs/package.xml
[1.103s] -- Up-to-date: /home/zyme/ros_ws/Autoware_sim_test/install/tier4_planning_msgs/lib/libtier4_planning_msgs__rosidl_generator_c.so
[1.104s] -- Up-to-date: /home/zyme/ros_ws/Autoware_sim_test/install/tier4_planning_msgs/lib/libtier4_planning_msgs__rosidl_typesupport_fastrtps_c.so
[1.104s] -- Up-to-date: /home/zyme/ros_ws/Autoware_sim_test/install/tier4_planning_msgs/lib/libtier4_planning_msgs__rosidl_typesupport_introspection_c.so
[1.105s] -- Up-to-date: /home/zyme/ros_ws/Autoware_sim_test/install/tier4_planning_msgs/lib/libtier4_planning_msgs__rosidl_typesupport_c.so
[1.105s] -- Up-to-date: /home/zyme/ros_ws/Autoware_sim_test/install/tier4_planning_msgs/lib/libtier4_planning_msgs__rosidl_typesupport_fastrtps_cpp.so
[1.105s] -- Up-to-date: /home/zyme/ros_ws/Autoware_sim_test/install/tier4_planning_msgs/lib/libtier4_planning_msgs__rosidl_typesupport_introspection_cpp.so
[1.106s] -- Up-to-date: /home/zyme/ros_ws/Autoware_sim_test/install/tier4_planning_msgs/lib/libtier4_planning_msgs__rosidl_typesupport_cpp.so
[1.135s] Listing '/home/zyme/ros_ws/Autoware_sim_test/install/tier4_planning_msgs/local/lib/python3.10/dist-packages/tier4_planning_msgs'...
[1.135s] Listing '/home/zyme/ros_ws/Autoware_sim_test/install/tier4_planning_msgs/local/lib/python3.10/dist-packages/tier4_planning_msgs/msg'...
[1.139s] -- Up-to-date: /home/zyme/ros_ws/Autoware_sim_test/install/tier4_planning_msgs/lib/libtier4_planning_msgs__rosidl_generator_py.so
[1.139s] -- Up-to-date: /home/zyme/ros_ws/Autoware_sim_test/install/tier4_planning_msgs/share/tier4_planning_msgs/cmake/export_tier4_planning_msgs__rosidl_generator_cExport.cmake
[1.140s] -- Up-to-date: /home/zyme/ros_ws/Autoware_sim_test/install/tier4_planning_msgs/share/tier4_planning_msgs/cmake/export_tier4_planning_msgs__rosidl_generator_cExport-release.cmake
[1.140s] -- Up-to-date: /home/zyme/ros_ws/Autoware_sim_test/install/tier4_planning_msgs/share/tier4_planning_msgs/cmake/export_tier4_planning_msgs__rosidl_typesupport_fastrtps_cExport.cmake
[1.140s] -- Up-to-date: /home/zyme/ros_ws/Autoware_sim_test/install/tier4_planning_msgs/share/tier4_planning_msgs/cmake/export_tier4_planning_msgs__rosidl_typesupport_fastrtps_cExport-release.cmake
[1.140s] -- Up-to-date: /home/zyme/ros_ws/Autoware_sim_test/install/tier4_planning_msgs/share/tier4_planning_msgs/cmake/tier4_planning_msgs__rosidl_typesupport_introspection_cExport.cmake
[1.140s] -- Up-to-date: /home/zyme/ros_ws/Autoware_sim_test/install/tier4_planning_msgs/share/tier4_planning_msgs/cmake/tier4_planning_msgs__rosidl_typesupport_introspection_cExport-release.cmake
[1.140s] -- Up-to-date: /home/zyme/ros_ws/Autoware_sim_test/install/tier4_planning_msgs/share/tier4_planning_msgs/cmake/tier4_planning_msgs__rosidl_typesupport_cExport.cmake
[1.140s] -- Up-to-date: /home/zyme/ros_ws/Autoware_sim_test/install/tier4_planning_msgs/share/tier4_planning_msgs/cmake/tier4_planning_msgs__rosidl_typesupport_cExport-release.cmake
[1.140s] -- Up-to-date: /home/zyme/ros_ws/Autoware_sim_test/install/tier4_planning_msgs/share/tier4_planning_msgs/cmake/export_tier4_planning_msgs__rosidl_generator_cppExport.cmake
[1.140s] -- Up-to-date: /home/zyme/ros_ws/Autoware_sim_test/install/tier4_planning_msgs/share/tier4_planning_msgs/cmake/export_tier4_planning_msgs__rosidl_typesupport_fastrtps_cppExport.cmake
[1.140s] -- Up-to-date: /home/zyme/ros_ws/Autoware_sim_test/install/tier4_planning_msgs/share/tier4_planning_msgs/cmake/export_tier4_planning_msgs__rosidl_typesupport_fastrtps_cppExport-release.cmake
[1.141s] -- Up-to-date: /home/zyme/ros_ws/Autoware_sim_test/install/tier4_planning_msgs/share/tier4_planning_msgs/cmake/tier4_planning_msgs__rosidl_typesupport_introspection_cppExport.cmake
[1.141s] -- Up-to-date: /home/zyme/ros_ws/Autoware_sim_test/install/tier4_planning_msgs/share/tier4_planning_msgs/cmake/tier4_planning_msgs__rosidl_typesupport_introspection_cppExport-release.cmake
[1.141s] -- Up-to-date: /home/zyme/ros_ws/Autoware_sim_test/install/tier4_planning_msgs/share/tier4_planning_msgs/cmake/tier4_planning_msgs__rosidl_typesupport_cppExport.cmake
[1.141s] -- Up-to-date: /home/zyme/ros_ws/Autoware_sim_test/install/tier4_planning_msgs/share/tier4_planning_msgs/cmake/tier4_planning_msgs__rosidl_typesupport_cppExport-release.cmake
[1.141s] -- Up-to-date: /home/zyme/ros_ws/Autoware_sim_test/install/tier4_planning_msgs/share/tier4_planning_msgs/cmake/export_tier4_planning_msgs__rosidl_generator_pyExport.cmake
[1.141s] -- Up-to-date: /home/zyme/ros_ws/Autoware_sim_test/install/tier4_planning_msgs/share/tier4_planning_msgs/cmake/export_tier4_planning_msgs__rosidl_generator_pyExport-release.cmake
[1.144s] Invoked command in '/home/zyme/ros_ws/Autoware_sim_test/build/tier4_planning_msgs' returned '0': CMAKE_PREFIX_PATH=/opt/ros/humble /usr/bin/cmake --install /home/zyme/ros_ws/Autoware_sim_test/build/tier4_planning_msgs
