[0.061s] Invoking command in '/home/zyme/ros_ws/Autoware_sim_test/build/autoware_planning_msgs': CMAKE_PREFIX_PATH=/opt/ros/humble /usr/bin/cmake --build /home/zyme/ros_ws/Autoware_sim_test/build/autoware_planning_msgs -- -j12 -l12
[0.126s] [  0%] Built target autoware_planning_msgs__cpp
[0.136s] [  0%] Built target ament_cmake_python_symlink_autoware_planning_msgs
[0.136s] [ 12%] Built target autoware_planning_msgs__rosidl_generator_c
[0.177s] [ 24%] Built target autoware_planning_msgs__rosidl_typesupport_cpp
[0.182s] [ 35%] Built target autoware_planning_msgs__rosidl_typesupport_fastrtps_cpp
[0.185s] [ 47%] Built target autoware_planning_msgs__rosidl_typesupport_introspection_cpp
[0.190s] [ 58%] Built target autoware_planning_msgs__rosidl_typesupport_c
[0.191s] [ 70%] Built target autoware_planning_msgs__rosidl_typesupport_introspection_c
[0.195s] [ 82%] Built target autoware_planning_msgs__rosidl_typesupport_fastrtps_c
[0.220s] [ 82%] Built target autoware_planning_msgs
[0.246s] [ 83%] Built target autoware_planning_msgs__py
[0.278s] [ 94%] Built target autoware_planning_msgs__rosidl_generator_py
[0.311s] [ 98%] Built target autoware_planning_msgs__rosidl_typesupport_introspection_c__pyext
[0.311s] [ 98%] Built target autoware_planning_msgs__rosidl_typesupport_fastrtps_c__pyext
[0.311s] [100%] Built target autoware_planning_msgs__rosidl_typesupport_c__pyext
[0.456s] running egg_info
[0.457s] writing autoware_planning_msgs.egg-info/PKG-INFO
[0.457s] writing dependency_links to autoware_planning_msgs.egg-info/dependency_links.txt
[0.457s] writing top-level names to autoware_planning_msgs.egg-info/top_level.txt
[0.459s] reading manifest file 'autoware_planning_msgs.egg-info/SOURCES.txt'
[0.460s] writing manifest file 'autoware_planning_msgs.egg-info/SOURCES.txt'
[0.485s] [100%] Built target ament_cmake_python_build_autoware_planning_msgs_egg
[0.497s] Invoked command in '/home/zyme/ros_ws/Autoware_sim_test/build/autoware_planning_msgs' returned '0': CMAKE_PREFIX_PATH=/opt/ros/humble /usr/bin/cmake --build /home/zyme/ros_ws/Autoware_sim_test/build/autoware_planning_msgs -- -j12 -l12
[0.723s] Invoking command in '/home/zyme/ros_ws/Autoware_sim_test/build/autoware_planning_msgs': CMAKE_PREFIX_PATH=/opt/ros/humble /usr/bin/cmake --install /home/zyme/ros_ws/Autoware_sim_test/build/autoware_planning_msgs
[0.730s] -- Install configuration: "Release"
[0.731s] -- Execute custom install script
[0.732s] -- Up-to-date symlink: /home/zyme/ros_ws/Autoware_sim_test/install/autoware_planning_msgs/share/ament_index/resource_index/rosidl_interfaces/autoware_planning_msgs
[0.733s] -- Up-to-date symlink: /home/zyme/ros_ws/Autoware_sim_test/install/autoware_planning_msgs/include/autoware_planning_msgs/autoware_planning_msgs/msg/detail/lanelet_primitive__functions.h
[0.734s] -- Up-to-date symlink: /home/zyme/ros_ws/Autoware_sim_test/install/autoware_planning_msgs/include/autoware_planning_msgs/autoware_planning_msgs/msg/detail/lanelet_primitive__struct.h
[0.734s] -- Up-to-date symlink: /home/zyme/ros_ws/Autoware_sim_test/install/autoware_planning_msgs/include/autoware_planning_msgs/autoware_planning_msgs/msg/detail/lanelet_primitive__type_support.h
[0.734s] -- Up-to-date symlink: /home/zyme/ros_ws/Autoware_sim_test/install/autoware_planning_msgs/include/autoware_planning_msgs/autoware_planning_msgs/msg/detail/lanelet_route__functions.h
[0.735s] -- Up-to-date symlink: /home/zyme/ros_ws/Autoware_sim_test/install/autoware_planning_msgs/include/autoware_planning_msgs/autoware_planning_msgs/msg/detail/lanelet_route__struct.h
[0.735s] -- Up-to-date symlink: /home/zyme/ros_ws/Autoware_sim_test/install/autoware_planning_msgs/include/autoware_planning_msgs/autoware_planning_msgs/msg/detail/lanelet_route__type_support.h
[0.735s] -- Up-to-date symlink: /home/zyme/ros_ws/Autoware_sim_test/install/autoware_planning_msgs/include/autoware_planning_msgs/autoware_planning_msgs/msg/detail/lanelet_segment__functions.h
[0.735s] -- Up-to-date symlink: /home/zyme/ros_ws/Autoware_sim_test/install/autoware_planning_msgs/include/autoware_planning_msgs/autoware_planning_msgs/msg/detail/lanelet_segment__struct.h
[0.736s] -- Up-to-date symlink: /home/zyme/ros_ws/Autoware_sim_test/install/autoware_planning_msgs/include/autoware_planning_msgs/autoware_planning_msgs/msg/detail/lanelet_segment__type_support.h
[0.736s] -- Up-to-date symlink: /home/zyme/ros_ws/Autoware_sim_test/install/autoware_planning_msgs/include/autoware_planning_msgs/autoware_planning_msgs/msg/detail/path__functions.h
[0.736s] -- Up-to-date symlink: /home/zyme/ros_ws/Autoware_sim_test/install/autoware_planning_msgs/include/autoware_planning_msgs/autoware_planning_msgs/msg/detail/path__struct.h
[0.736s] -- Up-to-date symlink: /home/zyme/ros_ws/Autoware_sim_test/install/autoware_planning_msgs/include/autoware_planning_msgs/autoware_planning_msgs/msg/detail/path__type_support.h
[0.737s] -- Up-to-date symlink: /home/zyme/ros_ws/Autoware_sim_test/install/autoware_planning_msgs/include/autoware_planning_msgs/autoware_planning_msgs/msg/detail/path_point__functions.h
[0.737s] -- Up-to-date symlink: /home/zyme/ros_ws/Autoware_sim_test/install/autoware_planning_msgs/include/autoware_planning_msgs/autoware_planning_msgs/msg/detail/path_point__struct.h
[0.737s] -- Up-to-date symlink: /home/zyme/ros_ws/Autoware_sim_test/install/autoware_planning_msgs/include/autoware_planning_msgs/autoware_planning_msgs/msg/detail/path_point__type_support.h
[0.737s] -- Up-to-date symlink: /home/zyme/ros_ws/Autoware_sim_test/install/autoware_planning_msgs/include/autoware_planning_msgs/autoware_planning_msgs/msg/detail/path_point_with_lane_id__functions.h
[0.740s] -- Up-to-date symlink: /home/zyme/ros_ws/Autoware_sim_test/install/autoware_planning_msgs/include/autoware_planning_msgs/autoware_planning_msgs/msg/detail/path_point_with_lane_id__struct.h
[0.740s] -- Up-to-date symlink: /home/zyme/ros_ws/Autoware_sim_test/install/autoware_planning_msgs/include/autoware_planning_msgs/autoware_planning_msgs/msg/detail/path_point_with_lane_id__type_support.h
[0.740s] -- Up-to-date symlink: /home/zyme/ros_ws/Autoware_sim_test/install/autoware_planning_msgs/include/autoware_planning_msgs/autoware_planning_msgs/msg/detail/path_with_lane_id__functions.h
[0.741s] -- Up-to-date symlink: /home/zyme/ros_ws/Autoware_sim_test/install/autoware_planning_msgs/include/autoware_planning_msgs/autoware_planning_msgs/msg/detail/path_with_lane_id__struct.h
[0.741s] -- Up-to-date symlink: /home/zyme/ros_ws/Autoware_sim_test/install/autoware_planning_msgs/include/autoware_planning_msgs/autoware_planning_msgs/msg/detail/path_with_lane_id__type_support.h
[0.741s] -- Up-to-date symlink: /home/zyme/ros_ws/Autoware_sim_test/install/autoware_planning_msgs/include/autoware_planning_msgs/autoware_planning_msgs/msg/detail/pose_with_uuid_stamped__functions.h
[0.742s] -- Up-to-date symlink: /home/zyme/ros_ws/Autoware_sim_test/install/autoware_planning_msgs/include/autoware_planning_msgs/autoware_planning_msgs/msg/detail/pose_with_uuid_stamped__struct.h
[0.742s] -- Up-to-date symlink: /home/zyme/ros_ws/Autoware_sim_test/install/autoware_planning_msgs/include/autoware_planning_msgs/autoware_planning_msgs/msg/detail/pose_with_uuid_stamped__type_support.h
[0.742s] -- Up-to-date symlink: /home/zyme/ros_ws/Autoware_sim_test/install/autoware_planning_msgs/include/autoware_planning_msgs/autoware_planning_msgs/msg/detail/trajectory__functions.h
[0.742s] -- Up-to-date symlink: /home/zyme/ros_ws/Autoware_sim_test/install/autoware_planning_msgs/include/autoware_planning_msgs/autoware_planning_msgs/msg/detail/trajectory__struct.h
[0.742s] -- Up-to-date symlink: /home/zyme/ros_ws/Autoware_sim_test/install/autoware_planning_msgs/include/autoware_planning_msgs/autoware_planning_msgs/msg/detail/trajectory__type_support.h
[0.742s] -- Up-to-date symlink: /home/zyme/ros_ws/Autoware_sim_test/install/autoware_planning_msgs/include/autoware_planning_msgs/autoware_planning_msgs/msg/detail/trajectory_point__functions.h
[0.743s] -- Up-to-date symlink: /home/zyme/ros_ws/Autoware_sim_test/install/autoware_planning_msgs/include/autoware_planning_msgs/autoware_planning_msgs/msg/detail/trajectory_point__struct.h
[0.743s] -- Up-to-date symlink: /home/zyme/ros_ws/Autoware_sim_test/install/autoware_planning_msgs/include/autoware_planning_msgs/autoware_planning_msgs/msg/detail/trajectory_point__type_support.h
[0.743s] -- Up-to-date symlink: /home/zyme/ros_ws/Autoware_sim_test/install/autoware_planning_msgs/include/autoware_planning_msgs/autoware_planning_msgs/msg/lanelet_primitive.h
[0.743s] -- Up-to-date symlink: /home/zyme/ros_ws/Autoware_sim_test/install/autoware_planning_msgs/include/autoware_planning_msgs/autoware_planning_msgs/msg/lanelet_route.h
[0.743s] -- Up-to-date symlink: /home/zyme/ros_ws/Autoware_sim_test/install/autoware_planning_msgs/include/autoware_planning_msgs/autoware_planning_msgs/msg/lanelet_segment.h
[0.743s] -- Up-to-date symlink: /home/zyme/ros_ws/Autoware_sim_test/install/autoware_planning_msgs/include/autoware_planning_msgs/autoware_planning_msgs/msg/path.h
[0.744s] -- Up-to-date symlink: /home/zyme/ros_ws/Autoware_sim_test/install/autoware_planning_msgs/include/autoware_planning_msgs/autoware_planning_msgs/msg/path_point.h
[0.744s] -- Up-to-date symlink: /home/zyme/ros_ws/Autoware_sim_test/install/autoware_planning_msgs/include/autoware_planning_msgs/autoware_planning_msgs/msg/path_point_with_lane_id.h
[0.744s] -- Up-to-date symlink: /home/zyme/ros_ws/Autoware_sim_test/install/autoware_planning_msgs/include/autoware_planning_msgs/autoware_planning_msgs/msg/path_with_lane_id.h
[0.744s] -- Up-to-date symlink: /home/zyme/ros_ws/Autoware_sim_test/install/autoware_planning_msgs/include/autoware_planning_msgs/autoware_planning_msgs/msg/pose_with_uuid_stamped.h
[0.744s] -- Up-to-date symlink: /home/zyme/ros_ws/Autoware_sim_test/install/autoware_planning_msgs/include/autoware_planning_msgs/autoware_planning_msgs/msg/rosidl_generator_c__visibility_control.h
[0.744s] -- Up-to-date symlink: /home/zyme/ros_ws/Autoware_sim_test/install/autoware_planning_msgs/include/autoware_planning_msgs/autoware_planning_msgs/msg/trajectory.h
[0.744s] -- Up-to-date symlink: /home/zyme/ros_ws/Autoware_sim_test/install/autoware_planning_msgs/include/autoware_planning_msgs/autoware_planning_msgs/msg/trajectory_point.h
[0.745s] -- Up-to-date symlink: /home/zyme/ros_ws/Autoware_sim_test/install/autoware_planning_msgs/share/autoware_planning_msgs/environment/library_path.sh
[0.745s] -- Up-to-date symlink: /home/zyme/ros_ws/Autoware_sim_test/install/autoware_planning_msgs/share/autoware_planning_msgs/environment/library_path.dsv
[0.746s] -- Up-to-date symlink: /home/zyme/ros_ws/Autoware_sim_test/install/autoware_planning_msgs/include/autoware_planning_msgs/autoware_planning_msgs/msg/detail/lanelet_primitive__rosidl_typesupport_fastrtps_c.h
[0.746s] -- Up-to-date symlink: /home/zyme/ros_ws/Autoware_sim_test/install/autoware_planning_msgs/include/autoware_planning_msgs/autoware_planning_msgs/msg/detail/lanelet_route__rosidl_typesupport_fastrtps_c.h
[0.746s] -- Up-to-date symlink: /home/zyme/ros_ws/Autoware_sim_test/install/autoware_planning_msgs/include/autoware_planning_msgs/autoware_planning_msgs/msg/detail/lanelet_segment__rosidl_typesupport_fastrtps_c.h
[0.746s] -- Up-to-date symlink: /home/zyme/ros_ws/Autoware_sim_test/install/autoware_planning_msgs/include/autoware_planning_msgs/autoware_planning_msgs/msg/detail/path__rosidl_typesupport_fastrtps_c.h
[0.746s] -- Up-to-date symlink: /home/zyme/ros_ws/Autoware_sim_test/install/autoware_planning_msgs/include/autoware_planning_msgs/autoware_planning_msgs/msg/detail/path_point__rosidl_typesupport_fastrtps_c.h
[0.746s] -- Up-to-date symlink: /home/zyme/ros_ws/Autoware_sim_test/install/autoware_planning_msgs/include/autoware_planning_msgs/autoware_planning_msgs/msg/detail/path_point_with_lane_id__rosidl_typesupport_fastrtps_c.h
[0.747s] -- Up-to-date symlink: /home/zyme/ros_ws/Autoware_sim_test/install/autoware_planning_msgs/include/autoware_planning_msgs/autoware_planning_msgs/msg/detail/path_with_lane_id__rosidl_typesupport_fastrtps_c.h
[0.747s] -- Up-to-date symlink: /home/zyme/ros_ws/Autoware_sim_test/install/autoware_planning_msgs/include/autoware_planning_msgs/autoware_planning_msgs/msg/detail/pose_with_uuid_stamped__rosidl_typesupport_fastrtps_c.h
[0.747s] -- Up-to-date symlink: /home/zyme/ros_ws/Autoware_sim_test/install/autoware_planning_msgs/include/autoware_planning_msgs/autoware_planning_msgs/msg/detail/trajectory__rosidl_typesupport_fastrtps_c.h
[0.747s] -- Up-to-date symlink: /home/zyme/ros_ws/Autoware_sim_test/install/autoware_planning_msgs/include/autoware_planning_msgs/autoware_planning_msgs/msg/detail/trajectory_point__rosidl_typesupport_fastrtps_c.h
[0.747s] -- Up-to-date symlink: /home/zyme/ros_ws/Autoware_sim_test/install/autoware_planning_msgs/include/autoware_planning_msgs/autoware_planning_msgs/msg/rosidl_typesupport_fastrtps_c__visibility_control.h
[0.748s] -- Up-to-date symlink: /home/zyme/ros_ws/Autoware_sim_test/install/autoware_planning_msgs/include/autoware_planning_msgs/autoware_planning_msgs/msg/detail/lanelet_primitive__rosidl_typesupport_introspection_c.h
[0.748s] -- Up-to-date symlink: /home/zyme/ros_ws/Autoware_sim_test/install/autoware_planning_msgs/include/autoware_planning_msgs/autoware_planning_msgs/msg/detail/lanelet_route__rosidl_typesupport_introspection_c.h
[0.748s] -- Up-to-date symlink: /home/zyme/ros_ws/Autoware_sim_test/install/autoware_planning_msgs/include/autoware_planning_msgs/autoware_planning_msgs/msg/detail/lanelet_segment__rosidl_typesupport_introspection_c.h
[0.748s] -- Up-to-date symlink: /home/zyme/ros_ws/Autoware_sim_test/install/autoware_planning_msgs/include/autoware_planning_msgs/autoware_planning_msgs/msg/detail/path__rosidl_typesupport_introspection_c.h
[0.748s] -- Up-to-date symlink: /home/zyme/ros_ws/Autoware_sim_test/install/autoware_planning_msgs/include/autoware_planning_msgs/autoware_planning_msgs/msg/detail/path_point__rosidl_typesupport_introspection_c.h
[0.748s] -- Up-to-date symlink: /home/zyme/ros_ws/Autoware_sim_test/install/autoware_planning_msgs/include/autoware_planning_msgs/autoware_planning_msgs/msg/detail/path_point_with_lane_id__rosidl_typesupport_introspection_c.h
[0.749s] -- Up-to-date symlink: /home/zyme/ros_ws/Autoware_sim_test/install/autoware_planning_msgs/include/autoware_planning_msgs/autoware_planning_msgs/msg/detail/path_with_lane_id__rosidl_typesupport_introspection_c.h
[0.749s] -- Up-to-date symlink: /home/zyme/ros_ws/Autoware_sim_test/install/autoware_planning_msgs/include/autoware_planning_msgs/autoware_planning_msgs/msg/detail/pose_with_uuid_stamped__rosidl_typesupport_introspection_c.h
[0.749s] -- Up-to-date symlink: /home/zyme/ros_ws/Autoware_sim_test/install/autoware_planning_msgs/include/autoware_planning_msgs/autoware_planning_msgs/msg/detail/trajectory__rosidl_typesupport_introspection_c.h
[0.749s] -- Up-to-date symlink: /home/zyme/ros_ws/Autoware_sim_test/install/autoware_planning_msgs/include/autoware_planning_msgs/autoware_planning_msgs/msg/detail/trajectory_point__rosidl_typesupport_introspection_c.h
[0.749s] -- Up-to-date symlink: /home/zyme/ros_ws/Autoware_sim_test/install/autoware_planning_msgs/include/autoware_planning_msgs/autoware_planning_msgs/msg/rosidl_typesupport_introspection_c__visibility_control.h
[0.750s] -- Up-to-date symlink: /home/zyme/ros_ws/Autoware_sim_test/install/autoware_planning_msgs/include/autoware_planning_msgs/autoware_planning_msgs/msg/detail/lanelet_primitive__builder.hpp
[0.750s] -- Up-to-date symlink: /home/zyme/ros_ws/Autoware_sim_test/install/autoware_planning_msgs/include/autoware_planning_msgs/autoware_planning_msgs/msg/detail/lanelet_primitive__struct.hpp
[0.750s] -- Up-to-date symlink: /home/zyme/ros_ws/Autoware_sim_test/install/autoware_planning_msgs/include/autoware_planning_msgs/autoware_planning_msgs/msg/detail/lanelet_primitive__traits.hpp
[0.750s] -- Up-to-date symlink: /home/zyme/ros_ws/Autoware_sim_test/install/autoware_planning_msgs/include/autoware_planning_msgs/autoware_planning_msgs/msg/detail/lanelet_route__builder.hpp
[0.751s] -- Up-to-date symlink: /home/zyme/ros_ws/Autoware_sim_test/install/autoware_planning_msgs/include/autoware_planning_msgs/autoware_planning_msgs/msg/detail/lanelet_route__struct.hpp
[0.751s] -- Up-to-date symlink: /home/zyme/ros_ws/Autoware_sim_test/install/autoware_planning_msgs/include/autoware_planning_msgs/autoware_planning_msgs/msg/detail/lanelet_route__traits.hpp
[0.751s] -- Up-to-date symlink: /home/zyme/ros_ws/Autoware_sim_test/install/autoware_planning_msgs/include/autoware_planning_msgs/autoware_planning_msgs/msg/detail/lanelet_segment__builder.hpp
[0.751s] -- Up-to-date symlink: /home/zyme/ros_ws/Autoware_sim_test/install/autoware_planning_msgs/include/autoware_planning_msgs/autoware_planning_msgs/msg/detail/lanelet_segment__struct.hpp
[0.751s] -- Up-to-date symlink: /home/zyme/ros_ws/Autoware_sim_test/install/autoware_planning_msgs/include/autoware_planning_msgs/autoware_planning_msgs/msg/detail/lanelet_segment__traits.hpp
[0.751s] -- Up-to-date symlink: /home/zyme/ros_ws/Autoware_sim_test/install/autoware_planning_msgs/include/autoware_planning_msgs/autoware_planning_msgs/msg/detail/path__builder.hpp
[0.751s] -- Up-to-date symlink: /home/zyme/ros_ws/Autoware_sim_test/install/autoware_planning_msgs/include/autoware_planning_msgs/autoware_planning_msgs/msg/detail/path__struct.hpp
[0.752s] -- Up-to-date symlink: /home/zyme/ros_ws/Autoware_sim_test/install/autoware_planning_msgs/include/autoware_planning_msgs/autoware_planning_msgs/msg/detail/path__traits.hpp
[0.752s] -- Up-to-date symlink: /home/zyme/ros_ws/Autoware_sim_test/install/autoware_planning_msgs/include/autoware_planning_msgs/autoware_planning_msgs/msg/detail/path_point__builder.hpp
[0.752s] -- Up-to-date symlink: /home/zyme/ros_ws/Autoware_sim_test/install/autoware_planning_msgs/include/autoware_planning_msgs/autoware_planning_msgs/msg/detail/path_point__struct.hpp
[0.752s] -- Up-to-date symlink: /home/zyme/ros_ws/Autoware_sim_test/install/autoware_planning_msgs/include/autoware_planning_msgs/autoware_planning_msgs/msg/detail/path_point__traits.hpp
[0.752s] -- Up-to-date symlink: /home/zyme/ros_ws/Autoware_sim_test/install/autoware_planning_msgs/include/autoware_planning_msgs/autoware_planning_msgs/msg/detail/path_point_with_lane_id__builder.hpp
[0.752s] -- Up-to-date symlink: /home/zyme/ros_ws/Autoware_sim_test/install/autoware_planning_msgs/include/autoware_planning_msgs/autoware_planning_msgs/msg/detail/path_point_with_lane_id__struct.hpp
[0.753s] -- Up-to-date symlink: /home/zyme/ros_ws/Autoware_sim_test/install/autoware_planning_msgs/include/autoware_planning_msgs/autoware_planning_msgs/msg/detail/path_point_with_lane_id__traits.hpp
[0.753s] -- Up-to-date symlink: /home/zyme/ros_ws/Autoware_sim_test/install/autoware_planning_msgs/include/autoware_planning_msgs/autoware_planning_msgs/msg/detail/path_with_lane_id__builder.hpp
[0.753s] -- Up-to-date symlink: /home/zyme/ros_ws/Autoware_sim_test/install/autoware_planning_msgs/include/autoware_planning_msgs/autoware_planning_msgs/msg/detail/path_with_lane_id__struct.hpp
[0.753s] -- Up-to-date symlink: /home/zyme/ros_ws/Autoware_sim_test/install/autoware_planning_msgs/include/autoware_planning_msgs/autoware_planning_msgs/msg/detail/path_with_lane_id__traits.hpp
[0.753s] -- Up-to-date symlink: /home/zyme/ros_ws/Autoware_sim_test/install/autoware_planning_msgs/include/autoware_planning_msgs/autoware_planning_msgs/msg/detail/pose_with_uuid_stamped__builder.hpp
[0.754s] -- Up-to-date symlink: /home/zyme/ros_ws/Autoware_sim_test/install/autoware_planning_msgs/include/autoware_planning_msgs/autoware_planning_msgs/msg/detail/pose_with_uuid_stamped__struct.hpp
[0.754s] -- Up-to-date symlink: /home/zyme/ros_ws/Autoware_sim_test/install/autoware_planning_msgs/include/autoware_planning_msgs/autoware_planning_msgs/msg/detail/pose_with_uuid_stamped__traits.hpp
[0.754s] -- Up-to-date symlink: /home/zyme/ros_ws/Autoware_sim_test/install/autoware_planning_msgs/include/autoware_planning_msgs/autoware_planning_msgs/msg/detail/trajectory__builder.hpp
[0.754s] -- Up-to-date symlink: /home/zyme/ros_ws/Autoware_sim_test/install/autoware_planning_msgs/include/autoware_planning_msgs/autoware_planning_msgs/msg/detail/trajectory__struct.hpp
[0.754s] -- Up-to-date symlink: /home/zyme/ros_ws/Autoware_sim_test/install/autoware_planning_msgs/include/autoware_planning_msgs/autoware_planning_msgs/msg/detail/trajectory__traits.hpp
[0.755s] -- Up-to-date symlink: /home/zyme/ros_ws/Autoware_sim_test/install/autoware_planning_msgs/include/autoware_planning_msgs/autoware_planning_msgs/msg/detail/trajectory_point__builder.hpp
[0.755s] -- Up-to-date symlink: /home/zyme/ros_ws/Autoware_sim_test/install/autoware_planning_msgs/include/autoware_planning_msgs/autoware_planning_msgs/msg/detail/trajectory_point__struct.hpp
[0.755s] -- Up-to-date symlink: /home/zyme/ros_ws/Autoware_sim_test/install/autoware_planning_msgs/include/autoware_planning_msgs/autoware_planning_msgs/msg/detail/trajectory_point__traits.hpp
[0.755s] -- Up-to-date symlink: /home/zyme/ros_ws/Autoware_sim_test/install/autoware_planning_msgs/include/autoware_planning_msgs/autoware_planning_msgs/msg/lanelet_primitive.hpp
[0.755s] -- Up-to-date symlink: /home/zyme/ros_ws/Autoware_sim_test/install/autoware_planning_msgs/include/autoware_planning_msgs/autoware_planning_msgs/msg/lanelet_route.hpp
[0.756s] -- Up-to-date symlink: /home/zyme/ros_ws/Autoware_sim_test/install/autoware_planning_msgs/include/autoware_planning_msgs/autoware_planning_msgs/msg/lanelet_segment.hpp
[0.756s] -- Up-to-date symlink: /home/zyme/ros_ws/Autoware_sim_test/install/autoware_planning_msgs/include/autoware_planning_msgs/autoware_planning_msgs/msg/path.hpp
[0.756s] -- Up-to-date symlink: /home/zyme/ros_ws/Autoware_sim_test/install/autoware_planning_msgs/include/autoware_planning_msgs/autoware_planning_msgs/msg/path_point.hpp
[0.756s] -- Up-to-date symlink: /home/zyme/ros_ws/Autoware_sim_test/install/autoware_planning_msgs/include/autoware_planning_msgs/autoware_planning_msgs/msg/path_point_with_lane_id.hpp
[0.756s] -- Up-to-date symlink: /home/zyme/ros_ws/Autoware_sim_test/install/autoware_planning_msgs/include/autoware_planning_msgs/autoware_planning_msgs/msg/path_with_lane_id.hpp
[0.756s] -- Up-to-date symlink: /home/zyme/ros_ws/Autoware_sim_test/install/autoware_planning_msgs/include/autoware_planning_msgs/autoware_planning_msgs/msg/pose_with_uuid_stamped.hpp
[0.757s] -- Up-to-date symlink: /home/zyme/ros_ws/Autoware_sim_test/install/autoware_planning_msgs/include/autoware_planning_msgs/autoware_planning_msgs/msg/trajectory.hpp
[0.757s] -- Up-to-date symlink: /home/zyme/ros_ws/Autoware_sim_test/install/autoware_planning_msgs/include/autoware_planning_msgs/autoware_planning_msgs/msg/trajectory_point.hpp
[0.757s] -- Up-to-date symlink: /home/zyme/ros_ws/Autoware_sim_test/install/autoware_planning_msgs/include/autoware_planning_msgs/autoware_planning_msgs/msg/detail/lanelet_primitive__rosidl_typesupport_fastrtps_cpp.hpp
[0.758s] -- Up-to-date symlink: /home/zyme/ros_ws/Autoware_sim_test/install/autoware_planning_msgs/include/autoware_planning_msgs/autoware_planning_msgs/msg/detail/lanelet_route__rosidl_typesupport_fastrtps_cpp.hpp
[0.758s] -- Up-to-date symlink: /home/zyme/ros_ws/Autoware_sim_test/install/autoware_planning_msgs/include/autoware_planning_msgs/autoware_planning_msgs/msg/detail/lanelet_segment__rosidl_typesupport_fastrtps_cpp.hpp
[0.758s] -- Up-to-date symlink: /home/zyme/ros_ws/Autoware_sim_test/install/autoware_planning_msgs/include/autoware_planning_msgs/autoware_planning_msgs/msg/detail/path__rosidl_typesupport_fastrtps_cpp.hpp
[0.758s] -- Up-to-date symlink: /home/zyme/ros_ws/Autoware_sim_test/install/autoware_planning_msgs/include/autoware_planning_msgs/autoware_planning_msgs/msg/detail/path_point__rosidl_typesupport_fastrtps_cpp.hpp
[0.758s] -- Up-to-date symlink: /home/zyme/ros_ws/Autoware_sim_test/install/autoware_planning_msgs/include/autoware_planning_msgs/autoware_planning_msgs/msg/detail/path_point_with_lane_id__rosidl_typesupport_fastrtps_cpp.hpp
[0.759s] -- Up-to-date symlink: /home/zyme/ros_ws/Autoware_sim_test/install/autoware_planning_msgs/include/autoware_planning_msgs/autoware_planning_msgs/msg/detail/path_with_lane_id__rosidl_typesupport_fastrtps_cpp.hpp
[0.759s] -- Up-to-date symlink: /home/zyme/ros_ws/Autoware_sim_test/install/autoware_planning_msgs/include/autoware_planning_msgs/autoware_planning_msgs/msg/detail/pose_with_uuid_stamped__rosidl_typesupport_fastrtps_cpp.hpp
[0.759s] -- Up-to-date symlink: /home/zyme/ros_ws/Autoware_sim_test/install/autoware_planning_msgs/include/autoware_planning_msgs/autoware_planning_msgs/msg/detail/trajectory__rosidl_typesupport_fastrtps_cpp.hpp
[0.759s] -- Up-to-date symlink: /home/zyme/ros_ws/Autoware_sim_test/install/autoware_planning_msgs/include/autoware_planning_msgs/autoware_planning_msgs/msg/detail/trajectory_point__rosidl_typesupport_fastrtps_cpp.hpp
[0.759s] -- Up-to-date symlink: /home/zyme/ros_ws/Autoware_sim_test/install/autoware_planning_msgs/include/autoware_planning_msgs/autoware_planning_msgs/msg/rosidl_typesupport_fastrtps_cpp__visibility_control.h
[0.760s] -- Up-to-date symlink: /home/zyme/ros_ws/Autoware_sim_test/install/autoware_planning_msgs/include/autoware_planning_msgs/autoware_planning_msgs/msg/detail/lanelet_primitive__rosidl_typesupport_introspection_cpp.hpp
[0.760s] -- Up-to-date symlink: /home/zyme/ros_ws/Autoware_sim_test/install/autoware_planning_msgs/include/autoware_planning_msgs/autoware_planning_msgs/msg/detail/lanelet_route__rosidl_typesupport_introspection_cpp.hpp
[0.760s] -- Up-to-date symlink: /home/zyme/ros_ws/Autoware_sim_test/install/autoware_planning_msgs/include/autoware_planning_msgs/autoware_planning_msgs/msg/detail/lanelet_segment__rosidl_typesupport_introspection_cpp.hpp
[0.760s] -- Up-to-date symlink: /home/zyme/ros_ws/Autoware_sim_test/install/autoware_planning_msgs/include/autoware_planning_msgs/autoware_planning_msgs/msg/detail/path__rosidl_typesupport_introspection_cpp.hpp
[0.760s] -- Up-to-date symlink: /home/zyme/ros_ws/Autoware_sim_test/install/autoware_planning_msgs/include/autoware_planning_msgs/autoware_planning_msgs/msg/detail/path_point__rosidl_typesupport_introspection_cpp.hpp
[0.761s] -- Up-to-date symlink: /home/zyme/ros_ws/Autoware_sim_test/install/autoware_planning_msgs/include/autoware_planning_msgs/autoware_planning_msgs/msg/detail/path_point_with_lane_id__rosidl_typesupport_introspection_cpp.hpp
[0.761s] -- Up-to-date symlink: /home/zyme/ros_ws/Autoware_sim_test/install/autoware_planning_msgs/include/autoware_planning_msgs/autoware_planning_msgs/msg/detail/path_with_lane_id__rosidl_typesupport_introspection_cpp.hpp
[0.761s] -- Up-to-date symlink: /home/zyme/ros_ws/Autoware_sim_test/install/autoware_planning_msgs/include/autoware_planning_msgs/autoware_planning_msgs/msg/detail/pose_with_uuid_stamped__rosidl_typesupport_introspection_cpp.hpp
[0.761s] -- Up-to-date symlink: /home/zyme/ros_ws/Autoware_sim_test/install/autoware_planning_msgs/include/autoware_planning_msgs/autoware_planning_msgs/msg/detail/trajectory__rosidl_typesupport_introspection_cpp.hpp
[0.761s] -- Up-to-date symlink: /home/zyme/ros_ws/Autoware_sim_test/install/autoware_planning_msgs/include/autoware_planning_msgs/autoware_planning_msgs/msg/detail/trajectory_point__rosidl_typesupport_introspection_cpp.hpp
[0.761s] -- Up-to-date symlink: /home/zyme/ros_ws/Autoware_sim_test/install/autoware_planning_msgs/share/autoware_planning_msgs/environment/pythonpath.sh
[0.762s] -- Up-to-date symlink: /home/zyme/ros_ws/Autoware_sim_test/install/autoware_planning_msgs/share/autoware_planning_msgs/environment/pythonpath.dsv
[0.762s] -- Up-to-date symlink: /home/zyme/ros_ws/Autoware_sim_test/install/autoware_planning_msgs/local/lib/python3.10/dist-packages/autoware_planning_msgs-0.0.0-py3.10.egg-info/PKG-INFO
[0.762s] -- Up-to-date symlink: /home/zyme/ros_ws/Autoware_sim_test/install/autoware_planning_msgs/local/lib/python3.10/dist-packages/autoware_planning_msgs-0.0.0-py3.10.egg-info/SOURCES.txt
[0.763s] -- Up-to-date symlink: /home/zyme/ros_ws/Autoware_sim_test/install/autoware_planning_msgs/local/lib/python3.10/dist-packages/autoware_planning_msgs-0.0.0-py3.10.egg-info/dependency_links.txt
[0.763s] -- Up-to-date symlink: /home/zyme/ros_ws/Autoware_sim_test/install/autoware_planning_msgs/local/lib/python3.10/dist-packages/autoware_planning_msgs-0.0.0-py3.10.egg-info/top_level.txt
[0.764s] -- Up-to-date symlink: /home/zyme/ros_ws/Autoware_sim_test/install/autoware_planning_msgs/local/lib/python3.10/dist-packages/autoware_planning_msgs/__init__.py
[0.764s] -- Up-to-date symlink: /home/zyme/ros_ws/Autoware_sim_test/install/autoware_planning_msgs/local/lib/python3.10/dist-packages/autoware_planning_msgs/_autoware_planning_msgs_s.ep.rosidl_typesupport_c.c
[0.764s] -- Up-to-date symlink: /home/zyme/ros_ws/Autoware_sim_test/install/autoware_planning_msgs/local/lib/python3.10/dist-packages/autoware_planning_msgs/_autoware_planning_msgs_s.ep.rosidl_typesupport_fastrtps_c.c
[0.764s] -- Up-to-date symlink: /home/zyme/ros_ws/Autoware_sim_test/install/autoware_planning_msgs/local/lib/python3.10/dist-packages/autoware_planning_msgs/_autoware_planning_msgs_s.ep.rosidl_typesupport_introspection_c.c
[0.764s] -- Up-to-date symlink: /home/zyme/ros_ws/Autoware_sim_test/install/autoware_planning_msgs/local/lib/python3.10/dist-packages/autoware_planning_msgs/autoware_planning_msgs_s__rosidl_typesupport_c.cpython-310-x86_64-linux-gnu.so
[0.764s] -- Up-to-date symlink: /home/zyme/ros_ws/Autoware_sim_test/install/autoware_planning_msgs/local/lib/python3.10/dist-packages/autoware_planning_msgs/autoware_planning_msgs_s__rosidl_typesupport_fastrtps_c.cpython-310-x86_64-linux-gnu.so
[0.765s] -- Up-to-date symlink: /home/zyme/ros_ws/Autoware_sim_test/install/autoware_planning_msgs/local/lib/python3.10/dist-packages/autoware_planning_msgs/autoware_planning_msgs_s__rosidl_typesupport_introspection_c.cpython-310-x86_64-linux-gnu.so
[0.765s] -- Up-to-date symlink: /home/zyme/ros_ws/Autoware_sim_test/install/autoware_planning_msgs/local/lib/python3.10/dist-packages/autoware_planning_msgs/libautoware_planning_msgs__rosidl_generator_py.so
[0.765s] -- Up-to-date symlink: /home/zyme/ros_ws/Autoware_sim_test/install/autoware_planning_msgs/local/lib/python3.10/dist-packages/autoware_planning_msgs/msg/__init__.py
[0.765s] -- Up-to-date symlink: /home/zyme/ros_ws/Autoware_sim_test/install/autoware_planning_msgs/local/lib/python3.10/dist-packages/autoware_planning_msgs/msg/_lanelet_primitive.py
[0.765s] -- Up-to-date symlink: /home/zyme/ros_ws/Autoware_sim_test/install/autoware_planning_msgs/local/lib/python3.10/dist-packages/autoware_planning_msgs/msg/_lanelet_primitive_s.c
[0.765s] -- Up-to-date symlink: /home/zyme/ros_ws/Autoware_sim_test/install/autoware_planning_msgs/local/lib/python3.10/dist-packages/autoware_planning_msgs/msg/_lanelet_route.py
[0.766s] -- Up-to-date symlink: /home/zyme/ros_ws/Autoware_sim_test/install/autoware_planning_msgs/local/lib/python3.10/dist-packages/autoware_planning_msgs/msg/_lanelet_route_s.c
[0.766s] -- Up-to-date symlink: /home/zyme/ros_ws/Autoware_sim_test/install/autoware_planning_msgs/local/lib/python3.10/dist-packages/autoware_planning_msgs/msg/_lanelet_segment.py
[0.766s] -- Up-to-date symlink: /home/zyme/ros_ws/Autoware_sim_test/install/autoware_planning_msgs/local/lib/python3.10/dist-packages/autoware_planning_msgs/msg/_lanelet_segment_s.c
[0.766s] -- Up-to-date symlink: /home/zyme/ros_ws/Autoware_sim_test/install/autoware_planning_msgs/local/lib/python3.10/dist-packages/autoware_planning_msgs/msg/_path.py
[0.767s] -- Up-to-date symlink: /home/zyme/ros_ws/Autoware_sim_test/install/autoware_planning_msgs/local/lib/python3.10/dist-packages/autoware_planning_msgs/msg/_path_point.py
[0.767s] -- Up-to-date symlink: /home/zyme/ros_ws/Autoware_sim_test/install/autoware_planning_msgs/local/lib/python3.10/dist-packages/autoware_planning_msgs/msg/_path_point_s.c
[0.767s] -- Up-to-date symlink: /home/zyme/ros_ws/Autoware_sim_test/install/autoware_planning_msgs/local/lib/python3.10/dist-packages/autoware_planning_msgs/msg/_path_point_with_lane_id.py
[0.767s] -- Up-to-date symlink: /home/zyme/ros_ws/Autoware_sim_test/install/autoware_planning_msgs/local/lib/python3.10/dist-packages/autoware_planning_msgs/msg/_path_point_with_lane_id_s.c
[0.767s] -- Up-to-date symlink: /home/zyme/ros_ws/Autoware_sim_test/install/autoware_planning_msgs/local/lib/python3.10/dist-packages/autoware_planning_msgs/msg/_path_s.c
[0.767s] -- Up-to-date symlink: /home/zyme/ros_ws/Autoware_sim_test/install/autoware_planning_msgs/local/lib/python3.10/dist-packages/autoware_planning_msgs/msg/_path_with_lane_id.py
[0.768s] -- Up-to-date symlink: /home/zyme/ros_ws/Autoware_sim_test/install/autoware_planning_msgs/local/lib/python3.10/dist-packages/autoware_planning_msgs/msg/_path_with_lane_id_s.c
[0.768s] -- Up-to-date symlink: /home/zyme/ros_ws/Autoware_sim_test/install/autoware_planning_msgs/local/lib/python3.10/dist-packages/autoware_planning_msgs/msg/_pose_with_uuid_stamped.py
[0.768s] -- Up-to-date symlink: /home/zyme/ros_ws/Autoware_sim_test/install/autoware_planning_msgs/local/lib/python3.10/dist-packages/autoware_planning_msgs/msg/_pose_with_uuid_stamped_s.c
[0.768s] -- Up-to-date symlink: /home/zyme/ros_ws/Autoware_sim_test/install/autoware_planning_msgs/local/lib/python3.10/dist-packages/autoware_planning_msgs/msg/_trajectory.py
[0.768s] -- Up-to-date symlink: /home/zyme/ros_ws/Autoware_sim_test/install/autoware_planning_msgs/local/lib/python3.10/dist-packages/autoware_planning_msgs/msg/_trajectory_point.py
[0.768s] -- Up-to-date symlink: /home/zyme/ros_ws/Autoware_sim_test/install/autoware_planning_msgs/local/lib/python3.10/dist-packages/autoware_planning_msgs/msg/_trajectory_point_s.c
[0.768s] -- Up-to-date symlink: /home/zyme/ros_ws/Autoware_sim_test/install/autoware_planning_msgs/local/lib/python3.10/dist-packages/autoware_planning_msgs/msg/_trajectory_s.c
[0.769s] -- Up-to-date symlink: /home/zyme/ros_ws/Autoware_sim_test/install/autoware_planning_msgs/local/lib/python3.10/dist-packages/autoware_planning_msgs/autoware_planning_msgs_s__rosidl_typesupport_fastrtps_c.cpython-310-x86_64-linux-gnu.so
[0.769s] -- Up-to-date symlink: /home/zyme/ros_ws/Autoware_sim_test/install/autoware_planning_msgs/local/lib/python3.10/dist-packages/autoware_planning_msgs/autoware_planning_msgs_s__rosidl_typesupport_introspection_c.cpython-310-x86_64-linux-gnu.so
[0.770s] -- Up-to-date symlink: /home/zyme/ros_ws/Autoware_sim_test/install/autoware_planning_msgs/local/lib/python3.10/dist-packages/autoware_planning_msgs/autoware_planning_msgs_s__rosidl_typesupport_c.cpython-310-x86_64-linux-gnu.so
[0.770s] -- Up-to-date symlink: /home/zyme/ros_ws/Autoware_sim_test/install/autoware_planning_msgs/share/autoware_planning_msgs/msg/LaneletPrimitive.idl
[0.770s] -- Up-to-date symlink: /home/zyme/ros_ws/Autoware_sim_test/install/autoware_planning_msgs/share/autoware_planning_msgs/msg/LaneletRoute.idl
[0.771s] -- Up-to-date symlink: /home/zyme/ros_ws/Autoware_sim_test/install/autoware_planning_msgs/share/autoware_planning_msgs/msg/LaneletSegment.idl
[0.771s] -- Up-to-date symlink: /home/zyme/ros_ws/Autoware_sim_test/install/autoware_planning_msgs/share/autoware_planning_msgs/msg/PoseWithUuidStamped.idl
[0.771s] -- Up-to-date symlink: /home/zyme/ros_ws/Autoware_sim_test/install/autoware_planning_msgs/share/autoware_planning_msgs/msg/Trajectory.idl
[0.771s] -- Up-to-date symlink: /home/zyme/ros_ws/Autoware_sim_test/install/autoware_planning_msgs/share/autoware_planning_msgs/msg/TrajectoryPoint.idl
[0.772s] -- Up-to-date symlink: /home/zyme/ros_ws/Autoware_sim_test/install/autoware_planning_msgs/share/autoware_planning_msgs/msg/Path.idl
[0.772s] -- Up-to-date symlink: /home/zyme/ros_ws/Autoware_sim_test/install/autoware_planning_msgs/share/autoware_planning_msgs/msg/PathPoint.idl
[0.772s] -- Up-to-date symlink: /home/zyme/ros_ws/Autoware_sim_test/install/autoware_planning_msgs/share/autoware_planning_msgs/msg/PathWithLaneId.idl
[0.772s] -- Up-to-date symlink: /home/zyme/ros_ws/Autoware_sim_test/install/autoware_planning_msgs/share/autoware_planning_msgs/msg/PathPointWithLaneId.idl
[0.773s] -- Up-to-date symlink: /home/zyme/ros_ws/Autoware_sim_test/install/autoware_planning_msgs/share/autoware_planning_msgs/msg/LaneletPrimitive.msg
[0.773s] -- Up-to-date symlink: /home/zyme/ros_ws/Autoware_sim_test/install/autoware_planning_msgs/share/autoware_planning_msgs/msg/LaneletRoute.msg
[0.773s] -- Up-to-date symlink: /home/zyme/ros_ws/Autoware_sim_test/install/autoware_planning_msgs/share/autoware_planning_msgs/msg/LaneletSegment.msg
[0.773s] -- Up-to-date symlink: /home/zyme/ros_ws/Autoware_sim_test/install/autoware_planning_msgs/share/autoware_planning_msgs/msg/PoseWithUuidStamped.msg
[0.773s] -- Up-to-date symlink: /home/zyme/ros_ws/Autoware_sim_test/install/autoware_planning_msgs/share/autoware_planning_msgs/msg/Trajectory.msg
[0.774s] -- Up-to-date symlink: /home/zyme/ros_ws/Autoware_sim_test/install/autoware_planning_msgs/share/autoware_planning_msgs/msg/TrajectoryPoint.msg
[0.774s] -- Up-to-date symlink: /home/zyme/ros_ws/Autoware_sim_test/install/autoware_planning_msgs/share/autoware_planning_msgs/msg/Path.msg
[0.774s] -- Up-to-date symlink: /home/zyme/ros_ws/Autoware_sim_test/install/autoware_planning_msgs/share/autoware_planning_msgs/msg/PathPoint.msg
[0.775s] -- Up-to-date symlink: /home/zyme/ros_ws/Autoware_sim_test/install/autoware_planning_msgs/share/autoware_planning_msgs/msg/PathWithLaneId.msg
[0.775s] -- Up-to-date symlink: /home/zyme/ros_ws/Autoware_sim_test/install/autoware_planning_msgs/share/autoware_planning_msgs/msg/PathPointWithLaneId.msg
[0.776s] -- Up-to-date symlink: /home/zyme/ros_ws/Autoware_sim_test/install/autoware_planning_msgs/share/ament_index/resource_index/package_run_dependencies/autoware_planning_msgs
[0.776s] -- Up-to-date symlink: /home/zyme/ros_ws/Autoware_sim_test/install/autoware_planning_msgs/share/ament_index/resource_index/parent_prefix_path/autoware_planning_msgs
[0.777s] -- Up-to-date symlink: /home/zyme/ros_ws/Autoware_sim_test/install/autoware_planning_msgs/share/autoware_planning_msgs/environment/ament_prefix_path.sh
[0.777s] -- Up-to-date symlink: /home/zyme/ros_ws/Autoware_sim_test/install/autoware_planning_msgs/share/autoware_planning_msgs/environment/ament_prefix_path.dsv
[0.777s] -- Up-to-date symlink: /home/zyme/ros_ws/Autoware_sim_test/install/autoware_planning_msgs/share/autoware_planning_msgs/environment/path.sh
[0.777s] -- Up-to-date symlink: /home/zyme/ros_ws/Autoware_sim_test/install/autoware_planning_msgs/share/autoware_planning_msgs/environment/path.dsv
[0.778s] -- Up-to-date symlink: /home/zyme/ros_ws/Autoware_sim_test/install/autoware_planning_msgs/share/autoware_planning_msgs/local_setup.bash
[0.778s] -- Up-to-date symlink: /home/zyme/ros_ws/Autoware_sim_test/install/autoware_planning_msgs/share/autoware_planning_msgs/local_setup.sh
[0.778s] -- Up-to-date symlink: /home/zyme/ros_ws/Autoware_sim_test/install/autoware_planning_msgs/share/autoware_planning_msgs/local_setup.zsh
[0.779s] -- Up-to-date symlink: /home/zyme/ros_ws/Autoware_sim_test/install/autoware_planning_msgs/share/autoware_planning_msgs/local_setup.dsv
[0.779s] -- Symlinking: /home/zyme/ros_ws/Autoware_sim_test/install/autoware_planning_msgs/share/autoware_planning_msgs/package.dsv
[0.788s] -- Up-to-date symlink: /home/zyme/ros_ws/Autoware_sim_test/install/autoware_planning_msgs/share/ament_index/resource_index/packages/autoware_planning_msgs
[0.788s] -- Up-to-date symlink: /home/zyme/ros_ws/Autoware_sim_test/install/autoware_planning_msgs/share/autoware_planning_msgs/cmake/rosidl_cmake-extras.cmake
[0.789s] -- Up-to-date symlink: /home/zyme/ros_ws/Autoware_sim_test/install/autoware_planning_msgs/share/autoware_planning_msgs/cmake/ament_cmake_export_dependencies-extras.cmake
[0.789s] -- Up-to-date symlink: /home/zyme/ros_ws/Autoware_sim_test/install/autoware_planning_msgs/share/autoware_planning_msgs/cmake/ament_cmake_export_include_directories-extras.cmake
[0.789s] -- Up-to-date symlink: /home/zyme/ros_ws/Autoware_sim_test/install/autoware_planning_msgs/share/autoware_planning_msgs/cmake/ament_cmake_export_libraries-extras.cmake
[0.790s] -- Up-to-date symlink: /home/zyme/ros_ws/Autoware_sim_test/install/autoware_planning_msgs/share/autoware_planning_msgs/cmake/ament_cmake_export_targets-extras.cmake
[0.790s] -- Up-to-date symlink: /home/zyme/ros_ws/Autoware_sim_test/install/autoware_planning_msgs/share/autoware_planning_msgs/cmake/rosidl_cmake_export_typesupport_targets-extras.cmake
[0.790s] -- Up-to-date symlink: /home/zyme/ros_ws/Autoware_sim_test/install/autoware_planning_msgs/share/autoware_planning_msgs/cmake/rosidl_cmake_export_typesupport_libraries-extras.cmake
[0.790s] -- Up-to-date symlink: /home/zyme/ros_ws/Autoware_sim_test/install/autoware_planning_msgs/share/autoware_planning_msgs/cmake/autoware_planning_msgsConfig.cmake
[0.791s] -- Up-to-date symlink: /home/zyme/ros_ws/Autoware_sim_test/install/autoware_planning_msgs/share/autoware_planning_msgs/cmake/autoware_planning_msgsConfig-version.cmake
[0.791s] -- Up-to-date symlink: /home/zyme/ros_ws/Autoware_sim_test/install/autoware_planning_msgs/share/autoware_planning_msgs/package.xml
[0.792s] -- Up-to-date: /home/zyme/ros_ws/Autoware_sim_test/install/autoware_planning_msgs/lib/libautoware_planning_msgs__rosidl_generator_c.so
[0.793s] -- Up-to-date: /home/zyme/ros_ws/Autoware_sim_test/install/autoware_planning_msgs/lib/libautoware_planning_msgs__rosidl_typesupport_fastrtps_c.so
[0.794s] -- Up-to-date: /home/zyme/ros_ws/Autoware_sim_test/install/autoware_planning_msgs/lib/libautoware_planning_msgs__rosidl_typesupport_introspection_c.so
[0.794s] -- Up-to-date: /home/zyme/ros_ws/Autoware_sim_test/install/autoware_planning_msgs/lib/libautoware_planning_msgs__rosidl_typesupport_c.so
[0.795s] -- Up-to-date: /home/zyme/ros_ws/Autoware_sim_test/install/autoware_planning_msgs/lib/libautoware_planning_msgs__rosidl_typesupport_fastrtps_cpp.so
[0.796s] -- Up-to-date: /home/zyme/ros_ws/Autoware_sim_test/install/autoware_planning_msgs/lib/libautoware_planning_msgs__rosidl_typesupport_introspection_cpp.so
[0.796s] -- Up-to-date: /home/zyme/ros_ws/Autoware_sim_test/install/autoware_planning_msgs/lib/libautoware_planning_msgs__rosidl_typesupport_cpp.so
[0.827s] Listing '/home/zyme/ros_ws/Autoware_sim_test/install/autoware_planning_msgs/local/lib/python3.10/dist-packages/autoware_planning_msgs'...
[0.827s] Listing '/home/zyme/ros_ws/Autoware_sim_test/install/autoware_planning_msgs/local/lib/python3.10/dist-packages/autoware_planning_msgs/msg'...
[0.831s] -- Up-to-date: /home/zyme/ros_ws/Autoware_sim_test/install/autoware_planning_msgs/lib/libautoware_planning_msgs__rosidl_generator_py.so
[0.832s] -- Up-to-date: /home/zyme/ros_ws/Autoware_sim_test/install/autoware_planning_msgs/share/autoware_planning_msgs/cmake/export_autoware_planning_msgs__rosidl_generator_cExport.cmake
[0.832s] -- Up-to-date: /home/zyme/ros_ws/Autoware_sim_test/install/autoware_planning_msgs/share/autoware_planning_msgs/cmake/export_autoware_planning_msgs__rosidl_generator_cExport-release.cmake
[0.833s] -- Up-to-date: /home/zyme/ros_ws/Autoware_sim_test/install/autoware_planning_msgs/share/autoware_planning_msgs/cmake/export_autoware_planning_msgs__rosidl_typesupport_fastrtps_cExport.cmake
[0.833s] -- Up-to-date: /home/zyme/ros_ws/Autoware_sim_test/install/autoware_planning_msgs/share/autoware_planning_msgs/cmake/export_autoware_planning_msgs__rosidl_typesupport_fastrtps_cExport-release.cmake
[0.833s] -- Up-to-date: /home/zyme/ros_ws/Autoware_sim_test/install/autoware_planning_msgs/share/autoware_planning_msgs/cmake/autoware_planning_msgs__rosidl_typesupport_introspection_cExport.cmake
[0.833s] -- Up-to-date: /home/zyme/ros_ws/Autoware_sim_test/install/autoware_planning_msgs/share/autoware_planning_msgs/cmake/autoware_planning_msgs__rosidl_typesupport_introspection_cExport-release.cmake
[0.833s] -- Up-to-date: /home/zyme/ros_ws/Autoware_sim_test/install/autoware_planning_msgs/share/autoware_planning_msgs/cmake/autoware_planning_msgs__rosidl_typesupport_cExport.cmake
[0.834s] -- Up-to-date: /home/zyme/ros_ws/Autoware_sim_test/install/autoware_planning_msgs/share/autoware_planning_msgs/cmake/autoware_planning_msgs__rosidl_typesupport_cExport-release.cmake
[0.834s] -- Up-to-date: /home/zyme/ros_ws/Autoware_sim_test/install/autoware_planning_msgs/share/autoware_planning_msgs/cmake/export_autoware_planning_msgs__rosidl_generator_cppExport.cmake
[0.834s] -- Up-to-date: /home/zyme/ros_ws/Autoware_sim_test/install/autoware_planning_msgs/share/autoware_planning_msgs/cmake/export_autoware_planning_msgs__rosidl_typesupport_fastrtps_cppExport.cmake
[0.834s] -- Up-to-date: /home/zyme/ros_ws/Autoware_sim_test/install/autoware_planning_msgs/share/autoware_planning_msgs/cmake/export_autoware_planning_msgs__rosidl_typesupport_fastrtps_cppExport-release.cmake
[0.835s] -- Up-to-date: /home/zyme/ros_ws/Autoware_sim_test/install/autoware_planning_msgs/share/autoware_planning_msgs/cmake/autoware_planning_msgs__rosidl_typesupport_introspection_cppExport.cmake
[0.835s] -- Up-to-date: /home/zyme/ros_ws/Autoware_sim_test/install/autoware_planning_msgs/share/autoware_planning_msgs/cmake/autoware_planning_msgs__rosidl_typesupport_introspection_cppExport-release.cmake
[0.835s] -- Up-to-date: /home/zyme/ros_ws/Autoware_sim_test/install/autoware_planning_msgs/share/autoware_planning_msgs/cmake/autoware_planning_msgs__rosidl_typesupport_cppExport.cmake
[0.835s] -- Up-to-date: /home/zyme/ros_ws/Autoware_sim_test/install/autoware_planning_msgs/share/autoware_planning_msgs/cmake/autoware_planning_msgs__rosidl_typesupport_cppExport-release.cmake
[0.835s] -- Up-to-date: /home/zyme/ros_ws/Autoware_sim_test/install/autoware_planning_msgs/share/autoware_planning_msgs/cmake/export_autoware_planning_msgs__rosidl_generator_pyExport.cmake
[0.835s] -- Up-to-date: /home/zyme/ros_ws/Autoware_sim_test/install/autoware_planning_msgs/share/autoware_planning_msgs/cmake/export_autoware_planning_msgs__rosidl_generator_pyExport-release.cmake
[0.838s] Invoked command in '/home/zyme/ros_ws/Autoware_sim_test/build/autoware_planning_msgs' returned '0': CMAKE_PREFIX_PATH=/opt/ros/humble /usr/bin/cmake --install /home/zyme/ros_ws/Autoware_sim_test/build/autoware_planning_msgs
