[100%] Built target landmark_manager
-- Install configuration: "Release"
-- Execute custom install script
-- Up-to-date symlink: /home/zyme/ros_ws/Autoware_sim_test/install/landmark_manager/include/landmark_manager/landmark_manager.hpp
-- Up-to-date symlink: /home/zyme/ros_ws/Autoware_sim_test/install/landmark_manager/share/landmark_manager/environment/library_path.sh
-- Up-to-date symlink: /home/zyme/ros_ws/Autoware_sim_test/install/landmark_manager/share/landmark_manager/environment/library_path.dsv
-- Up-to-date symlink: /home/zyme/ros_ws/Autoware_sim_test/install/landmark_manager/lib/liblandmark_manager.so
-- Up-to-date symlink: /home/zyme/ros_ws/Autoware_sim_test/install/landmark_manager/share/ament_index/resource_index/package_run_dependencies/landmark_manager
-- Up-to-date symlink: /home/zyme/ros_ws/Autoware_sim_test/install/landmark_manager/share/ament_index/resource_index/parent_prefix_path/landmark_manager
-- Up-to-date symlink: /home/zyme/ros_ws/Autoware_sim_test/install/landmark_manager/share/landmark_manager/environment/ament_prefix_path.sh
-- Up-to-date symlink: /home/zyme/ros_ws/Autoware_sim_test/install/landmark_manager/share/landmark_manager/environment/ament_prefix_path.dsv
-- Up-to-date symlink: /home/zyme/ros_ws/Autoware_sim_test/install/landmark_manager/share/landmark_manager/environment/path.sh
-- Up-to-date symlink: /home/zyme/ros_ws/Autoware_sim_test/install/landmark_manager/share/landmark_manager/environment/path.dsv
-- Up-to-date symlink: /home/zyme/ros_ws/Autoware_sim_test/install/landmark_manager/share/landmark_manager/local_setup.bash
-- Up-to-date symlink: /home/zyme/ros_ws/Autoware_sim_test/install/landmark_manager/share/landmark_manager/local_setup.sh
-- Up-to-date symlink: /home/zyme/ros_ws/Autoware_sim_test/install/landmark_manager/share/landmark_manager/local_setup.zsh
-- Up-to-date symlink: /home/zyme/ros_ws/Autoware_sim_test/install/landmark_manager/share/landmark_manager/local_setup.dsv
-- Symlinking: /home/zyme/ros_ws/Autoware_sim_test/install/landmark_manager/share/landmark_manager/package.dsv
-- Up-to-date symlink: /home/zyme/ros_ws/Autoware_sim_test/install/landmark_manager/share/ament_index/resource_index/packages/landmark_manager
-- Up-to-date symlink: /home/zyme/ros_ws/Autoware_sim_test/install/landmark_manager/share/landmark_manager/cmake/ament_cmake_export_dependencies-extras.cmake
-- Up-to-date symlink: /home/zyme/ros_ws/Autoware_sim_test/install/landmark_manager/share/landmark_manager/cmake/ament_cmake_export_include_directories-extras.cmake
-- Up-to-date symlink: /home/zyme/ros_ws/Autoware_sim_test/install/landmark_manager/share/landmark_manager/cmake/ament_cmake_export_libraries-extras.cmake
-- Up-to-date symlink: /home/zyme/ros_ws/Autoware_sim_test/install/landmark_manager/share/landmark_manager/cmake/landmark_managerConfig.cmake
-- Up-to-date symlink: /home/zyme/ros_ws/Autoware_sim_test/install/landmark_manager/share/landmark_manager/cmake/landmark_managerConfig-version.cmake
-- Up-to-date symlink: /home/zyme/ros_ws/Autoware_sim_test/install/landmark_manager/share/landmark_manager/package.xml
