[0.089s] Invoking command in '/home/zyme/ros_ws/Autoware_sim_test/build/ad_api_adaptors': AMENT_PREFIX_PATH=/home/zyme/ros_ws/Autoware_sim_test/install/map_height_fitter:/home/zyme/ros_ws/Autoware_sim_test/install/component_interface_utils:/home/zyme/ros_ws/Autoware_sim_test/install/autoware_ad_api_specs:/home/zyme/ros_ws/Autoware_sim_test/install/tier4_system_msgs:/home/zyme/ros_ws/Autoware_sim_test/install/autoware_cmake:/home/zyme/ros_ws/Autoware_sim_test/install/tier4_localization_msgs:/home/zyme/ros_ws/Autoware_sim_test/install/autoware_map_msgs:/home/zyme/ros_ws/Autoware_sim_test/install/autoware_lint_common:/home/zyme/ros_ws/Autoware_sim_test/install/autoware_common_msgs:/home/zyme/ros_ws/Autoware_sim_test/install/autoware_adapi_v1_msgs:${AMENT_PREFIX_PATH} CMAKE_PREFIX_PATH=/home/zyme/ros_ws/Autoware_sim_test/install/map_height_fitter:/home/zyme/ros_ws/Autoware_sim_test/install/component_interface_utils:/home/zyme/ros_ws/Autoware_sim_test/install/autoware_ad_api_specs:/home/zyme/ros_ws/Autoware_sim_test/install/tier4_system_msgs:/home/zyme/ros_ws/Autoware_sim_test/install/autoware_cmake:/home/zyme/ros_ws/Autoware_sim_test/install/tier4_localization_msgs:/home/zyme/ros_ws/Autoware_sim_test/install/autoware_map_msgs:/home/zyme/ros_ws/Autoware_sim_test/install/autoware_lint_common:/home/zyme/ros_ws/Autoware_sim_test/install/autoware_common_msgs:/home/zyme/ros_ws/Autoware_sim_test/install/autoware_adapi_v1_msgs:/opt/ros/humble LD_LIBRARY_PATH=/home/zyme/ros_ws/Autoware_sim_test/install/map_height_fitter/lib:/home/zyme/ros_ws/Autoware_sim_test/install/tier4_system_msgs/lib:/home/zyme/ros_ws/Autoware_sim_test/install/tier4_localization_msgs/lib:/home/zyme/ros_ws/Autoware_sim_test/install/autoware_map_msgs/lib:/home/zyme/ros_ws/Autoware_sim_test/install/autoware_common_msgs/lib:/home/zyme/ros_ws/Autoware_sim_test/install/autoware_adapi_v1_msgs/lib:${LD_LIBRARY_PATH} PYTHONPATH=/home/zyme/ros_ws/Autoware_sim_test/install/tier4_system_msgs/local/lib/python3.10/dist-packages:/home/zyme/ros_ws/Autoware_sim_test/install/tier4_localization_msgs/local/lib/python3.10/dist-packages:/home/zyme/ros_ws/Autoware_sim_test/install/autoware_map_msgs/local/lib/python3.10/dist-packages:/home/zyme/ros_ws/Autoware_sim_test/install/autoware_common_msgs/local/lib/python3.10/dist-packages:/home/zyme/ros_ws/Autoware_sim_test/install/autoware_adapi_v1_msgs/local/lib/python3.10/dist-packages:${PYTHONPATH} /usr/bin/cmake /home/zyme/ros_ws/Autoware_sim_test/src/autoware/src/universe/autoware.universe/system/default_ad_api_helpers/ad_api_adaptors -DCMAKE_BUILD_TYPE=Release -DCMAKE_CXX_FLAGS=-w -DAMENT_CMAKE_SYMLINK_INSTALL=1 -DCMAKE_INSTALL_PREFIX=/home/zyme/ros_ws/Autoware_sim_test/install/ad_api_adaptors
[0.145s] -- The C compiler identification is GNU 11.4.0
[0.208s] -- The CXX compiler identification is GNU 11.4.0
[0.215s] -- Detecting C compiler ABI info
[0.287s] -- Detecting C compiler ABI info - done
[0.295s] -- Check for working C compiler: /usr/bin/cc - skipped
[0.295s] -- Detecting C compile features
[0.296s] -- Detecting C compile features - done
[0.299s] -- Detecting CXX compiler ABI info
[0.389s] -- Detecting CXX compiler ABI info - done
[0.396s] -- Check for working CXX compiler: /usr/bin/c++ - skipped
[0.396s] -- Detecting CXX compile features
[0.397s] -- Detecting CXX compile features - done
[0.398s] -- Found autoware_cmake: 0.1.0 (/home/zyme/ros_ws/Autoware_sim_test/install/autoware_cmake/share/autoware_cmake/cmake)
[0.567s] -- Found Python3: /usr/bin/python3 (found version "3.10.12") found components: Interpreter 
[0.631s] -- Override CMake install command with custom implementation using symlinks instead of copying resources
[0.789s] -- Found rosidl_generator_c: 3.1.5 (/opt/ros/humble/share/rosidl_generator_c/cmake)
[0.796s] -- Found rosidl_adapter: 3.1.5 (/opt/ros/humble/share/rosidl_adapter/cmake)
[0.806s] -- Found rosidl_generator_cpp: 3.1.5 (/opt/ros/humble/share/rosidl_generator_cpp/cmake)
[0.825s] -- Using all available rosidl_typesupport_c: rosidl_typesupport_fastrtps_c;rosidl_typesupport_introspection_c
[0.849s] -- Using all available rosidl_typesupport_cpp: rosidl_typesupport_fastrtps_cpp;rosidl_typesupport_introspection_cpp
[1.870s] -- Found rmw_implementation_cmake: 6.1.1 (/opt/ros/humble/share/rmw_implementation_cmake/cmake)
[1.874s] -- Found rmw_cyclonedds_cpp: 1.3.4 (/opt/ros/humble/share/rmw_cyclonedds_cpp/cmake)
[1.924s] -- Using RMW implementation 'rmw_cyclonedds_cpp' as default
[1.938s] -- Looking for pthread.h
[2.018s] -- Looking for pthread.h - found
[2.018s] -- Performing Test CMAKE_HAVE_LIBC_PTHREAD
[2.101s] -- Performing Test CMAKE_HAVE_LIBC_PTHREAD - Success
[2.102s] -- Found Threads: TRUE  
[2.965s] -- Found eigen3_cmake_module: 0.1.1 (/opt/ros/humble/share/eigen3_cmake_module/cmake)
[2.966s] -- Found Eigen3: TRUE (found version "3.4.0") 
[2.967s] -- Ensuring Eigen3 include directory is part of orocos-kdl CMake target
[3.429s] -- Found ament_lint_auto: 0.12.10 (/opt/ros/humble/share/ament_lint_auto/cmake)
[4.339s] -- Added test 'copyright' to check source files copyright and LICENSE
[4.341s] -- Added test 'cppcheck' to perform static code analysis on C / C++ code
[4.342s] -- Configured cppcheck include dirs: 
[4.342s] -- Configured cppcheck exclude dirs and/or files: 
[4.343s] -- Added test 'lint_cmake' to check CMake code style
[4.343s] -- Added test 'xmllint' to check XML markup files
[4.346s] -- Configuring done
[4.482s] -- Generating done
[4.485s] -- Build files have been written to: /home/zyme/ros_ws/Autoware_sim_test/build/ad_api_adaptors
[4.496s] Invoked command in '/home/zyme/ros_ws/Autoware_sim_test/build/ad_api_adaptors' returned '0': AMENT_PREFIX_PATH=/home/zyme/ros_ws/Autoware_sim_test/install/map_height_fitter:/home/zyme/ros_ws/Autoware_sim_test/install/component_interface_utils:/home/zyme/ros_ws/Autoware_sim_test/install/autoware_ad_api_specs:/home/zyme/ros_ws/Autoware_sim_test/install/tier4_system_msgs:/home/zyme/ros_ws/Autoware_sim_test/install/autoware_cmake:/home/zyme/ros_ws/Autoware_sim_test/install/tier4_localization_msgs:/home/zyme/ros_ws/Autoware_sim_test/install/autoware_map_msgs:/home/zyme/ros_ws/Autoware_sim_test/install/autoware_lint_common:/home/zyme/ros_ws/Autoware_sim_test/install/autoware_common_msgs:/home/zyme/ros_ws/Autoware_sim_test/install/autoware_adapi_v1_msgs:${AMENT_PREFIX_PATH} CMAKE_PREFIX_PATH=/home/zyme/ros_ws/Autoware_sim_test/install/map_height_fitter:/home/zyme/ros_ws/Autoware_sim_test/install/component_interface_utils:/home/zyme/ros_ws/Autoware_sim_test/install/autoware_ad_api_specs:/home/zyme/ros_ws/Autoware_sim_test/install/tier4_system_msgs:/home/zyme/ros_ws/Autoware_sim_test/install/autoware_cmake:/home/zyme/ros_ws/Autoware_sim_test/install/tier4_localization_msgs:/home/zyme/ros_ws/Autoware_sim_test/install/autoware_map_msgs:/home/zyme/ros_ws/Autoware_sim_test/install/autoware_lint_common:/home/zyme/ros_ws/Autoware_sim_test/install/autoware_common_msgs:/home/zyme/ros_ws/Autoware_sim_test/install/autoware_adapi_v1_msgs:/opt/ros/humble LD_LIBRARY_PATH=/home/zyme/ros_ws/Autoware_sim_test/install/map_height_fitter/lib:/home/zyme/ros_ws/Autoware_sim_test/install/tier4_system_msgs/lib:/home/zyme/ros_ws/Autoware_sim_test/install/tier4_localization_msgs/lib:/home/zyme/ros_ws/Autoware_sim_test/install/autoware_map_msgs/lib:/home/zyme/ros_ws/Autoware_sim_test/install/autoware_common_msgs/lib:/home/zyme/ros_ws/Autoware_sim_test/install/autoware_adapi_v1_msgs/lib:${LD_LIBRARY_PATH} PYTHONPATH=/home/zyme/ros_ws/Autoware_sim_test/install/tier4_system_msgs/local/lib/python3.10/dist-packages:/home/zyme/ros_ws/Autoware_sim_test/install/tier4_localization_msgs/local/lib/python3.10/dist-packages:/home/zyme/ros_ws/Autoware_sim_test/install/autoware_map_msgs/local/lib/python3.10/dist-packages:/home/zyme/ros_ws/Autoware_sim_test/install/autoware_common_msgs/local/lib/python3.10/dist-packages:/home/zyme/ros_ws/Autoware_sim_test/install/autoware_adapi_v1_msgs/local/lib/python3.10/dist-packages:${PYTHONPATH} /usr/bin/cmake /home/zyme/ros_ws/Autoware_sim_test/src/autoware/src/universe/autoware.universe/system/default_ad_api_helpers/ad_api_adaptors -DCMAKE_BUILD_TYPE=Release -DCMAKE_CXX_FLAGS=-w -DAMENT_CMAKE_SYMLINK_INSTALL=1 -DCMAKE_INSTALL_PREFIX=/home/zyme/ros_ws/Autoware_sim_test/install/ad_api_adaptors
[4.497s] Invoking command in '/home/zyme/ros_ws/Autoware_sim_test/build/ad_api_adaptors': AMENT_PREFIX_PATH=/home/zyme/ros_ws/Autoware_sim_test/install/map_height_fitter:/home/zyme/ros_ws/Autoware_sim_test/install/component_interface_utils:/home/zyme/ros_ws/Autoware_sim_test/install/autoware_ad_api_specs:/home/zyme/ros_ws/Autoware_sim_test/install/tier4_system_msgs:/home/zyme/ros_ws/Autoware_sim_test/install/autoware_cmake:/home/zyme/ros_ws/Autoware_sim_test/install/tier4_localization_msgs:/home/zyme/ros_ws/Autoware_sim_test/install/autoware_map_msgs:/home/zyme/ros_ws/Autoware_sim_test/install/autoware_lint_common:/home/zyme/ros_ws/Autoware_sim_test/install/autoware_common_msgs:/home/zyme/ros_ws/Autoware_sim_test/install/autoware_adapi_v1_msgs:${AMENT_PREFIX_PATH} CMAKE_PREFIX_PATH=/home/zyme/ros_ws/Autoware_sim_test/install/map_height_fitter:/home/zyme/ros_ws/Autoware_sim_test/install/component_interface_utils:/home/zyme/ros_ws/Autoware_sim_test/install/autoware_ad_api_specs:/home/zyme/ros_ws/Autoware_sim_test/install/tier4_system_msgs:/home/zyme/ros_ws/Autoware_sim_test/install/autoware_cmake:/home/zyme/ros_ws/Autoware_sim_test/install/tier4_localization_msgs:/home/zyme/ros_ws/Autoware_sim_test/install/autoware_map_msgs:/home/zyme/ros_ws/Autoware_sim_test/install/autoware_lint_common:/home/zyme/ros_ws/Autoware_sim_test/install/autoware_common_msgs:/home/zyme/ros_ws/Autoware_sim_test/install/autoware_adapi_v1_msgs:/opt/ros/humble LD_LIBRARY_PATH=/home/zyme/ros_ws/Autoware_sim_test/install/map_height_fitter/lib:/home/zyme/ros_ws/Autoware_sim_test/install/tier4_system_msgs/lib:/home/zyme/ros_ws/Autoware_sim_test/install/tier4_localization_msgs/lib:/home/zyme/ros_ws/Autoware_sim_test/install/autoware_map_msgs/lib:/home/zyme/ros_ws/Autoware_sim_test/install/autoware_common_msgs/lib:/home/zyme/ros_ws/Autoware_sim_test/install/autoware_adapi_v1_msgs/lib:${LD_LIBRARY_PATH} PYTHONPATH=/home/zyme/ros_ws/Autoware_sim_test/install/tier4_system_msgs/local/lib/python3.10/dist-packages:/home/zyme/ros_ws/Autoware_sim_test/install/tier4_localization_msgs/local/lib/python3.10/dist-packages:/home/zyme/ros_ws/Autoware_sim_test/install/autoware_map_msgs/local/lib/python3.10/dist-packages:/home/zyme/ros_ws/Autoware_sim_test/install/autoware_common_msgs/local/lib/python3.10/dist-packages:/home/zyme/ros_ws/Autoware_sim_test/install/autoware_adapi_v1_msgs/local/lib/python3.10/dist-packages:${PYTHONPATH} /usr/bin/cmake --build /home/zyme/ros_ws/Autoware_sim_test/build/ad_api_adaptors -- -j12 -l12
[4.554s] [ 50%] [32mBuilding CXX object CMakeFiles/initial_pose_adaptor.dir/src/initial_pose_adaptor.cpp.o[0m
[4.554s] [ 50%] [32mBuilding CXX object CMakeFiles/routing_adaptor.dir/src/routing_adaptor.cpp.o[0m
[19.509s] [ 75%] [32m[1mLinking CXX executable initial_pose_adaptor[0m
[19.843s] [ 75%] Built target initial_pose_adaptor
[24.245s] [100%] [32m[1mLinking CXX executable routing_adaptor[0m
[24.524s] [100%] Built target routing_adaptor
[24.535s] Invoked command in '/home/zyme/ros_ws/Autoware_sim_test/build/ad_api_adaptors' returned '0': AMENT_PREFIX_PATH=/home/zyme/ros_ws/Autoware_sim_test/install/map_height_fitter:/home/zyme/ros_ws/Autoware_sim_test/install/component_interface_utils:/home/zyme/ros_ws/Autoware_sim_test/install/autoware_ad_api_specs:/home/zyme/ros_ws/Autoware_sim_test/install/tier4_system_msgs:/home/zyme/ros_ws/Autoware_sim_test/install/autoware_cmake:/home/zyme/ros_ws/Autoware_sim_test/install/tier4_localization_msgs:/home/zyme/ros_ws/Autoware_sim_test/install/autoware_map_msgs:/home/zyme/ros_ws/Autoware_sim_test/install/autoware_lint_common:/home/zyme/ros_ws/Autoware_sim_test/install/autoware_common_msgs:/home/zyme/ros_ws/Autoware_sim_test/install/autoware_adapi_v1_msgs:${AMENT_PREFIX_PATH} CMAKE_PREFIX_PATH=/home/zyme/ros_ws/Autoware_sim_test/install/map_height_fitter:/home/zyme/ros_ws/Autoware_sim_test/install/component_interface_utils:/home/zyme/ros_ws/Autoware_sim_test/install/autoware_ad_api_specs:/home/zyme/ros_ws/Autoware_sim_test/install/tier4_system_msgs:/home/zyme/ros_ws/Autoware_sim_test/install/autoware_cmake:/home/zyme/ros_ws/Autoware_sim_test/install/tier4_localization_msgs:/home/zyme/ros_ws/Autoware_sim_test/install/autoware_map_msgs:/home/zyme/ros_ws/Autoware_sim_test/install/autoware_lint_common:/home/zyme/ros_ws/Autoware_sim_test/install/autoware_common_msgs:/home/zyme/ros_ws/Autoware_sim_test/install/autoware_adapi_v1_msgs:/opt/ros/humble LD_LIBRARY_PATH=/home/zyme/ros_ws/Autoware_sim_test/install/map_height_fitter/lib:/home/zyme/ros_ws/Autoware_sim_test/install/tier4_system_msgs/lib:/home/zyme/ros_ws/Autoware_sim_test/install/tier4_localization_msgs/lib:/home/zyme/ros_ws/Autoware_sim_test/install/autoware_map_msgs/lib:/home/zyme/ros_ws/Autoware_sim_test/install/autoware_common_msgs/lib:/home/zyme/ros_ws/Autoware_sim_test/install/autoware_adapi_v1_msgs/lib:${LD_LIBRARY_PATH} PYTHONPATH=/home/zyme/ros_ws/Autoware_sim_test/install/tier4_system_msgs/local/lib/python3.10/dist-packages:/home/zyme/ros_ws/Autoware_sim_test/install/tier4_localization_msgs/local/lib/python3.10/dist-packages:/home/zyme/ros_ws/Autoware_sim_test/install/autoware_map_msgs/local/lib/python3.10/dist-packages:/home/zyme/ros_ws/Autoware_sim_test/install/autoware_common_msgs/local/lib/python3.10/dist-packages:/home/zyme/ros_ws/Autoware_sim_test/install/autoware_adapi_v1_msgs/local/lib/python3.10/dist-packages:${PYTHONPATH} /usr/bin/cmake --build /home/zyme/ros_ws/Autoware_sim_test/build/ad_api_adaptors -- -j12 -l12
[24.565s] Invoking command in '/home/zyme/ros_ws/Autoware_sim_test/build/ad_api_adaptors': AMENT_PREFIX_PATH=/home/zyme/ros_ws/Autoware_sim_test/install/map_height_fitter:/home/zyme/ros_ws/Autoware_sim_test/install/component_interface_utils:/home/zyme/ros_ws/Autoware_sim_test/install/autoware_ad_api_specs:/home/zyme/ros_ws/Autoware_sim_test/install/tier4_system_msgs:/home/zyme/ros_ws/Autoware_sim_test/install/autoware_cmake:/home/zyme/ros_ws/Autoware_sim_test/install/tier4_localization_msgs:/home/zyme/ros_ws/Autoware_sim_test/install/autoware_map_msgs:/home/zyme/ros_ws/Autoware_sim_test/install/autoware_lint_common:/home/zyme/ros_ws/Autoware_sim_test/install/autoware_common_msgs:/home/zyme/ros_ws/Autoware_sim_test/install/autoware_adapi_v1_msgs:${AMENT_PREFIX_PATH} CMAKE_PREFIX_PATH=/home/zyme/ros_ws/Autoware_sim_test/install/map_height_fitter:/home/zyme/ros_ws/Autoware_sim_test/install/component_interface_utils:/home/zyme/ros_ws/Autoware_sim_test/install/autoware_ad_api_specs:/home/zyme/ros_ws/Autoware_sim_test/install/tier4_system_msgs:/home/zyme/ros_ws/Autoware_sim_test/install/autoware_cmake:/home/zyme/ros_ws/Autoware_sim_test/install/tier4_localization_msgs:/home/zyme/ros_ws/Autoware_sim_test/install/autoware_map_msgs:/home/zyme/ros_ws/Autoware_sim_test/install/autoware_lint_common:/home/zyme/ros_ws/Autoware_sim_test/install/autoware_common_msgs:/home/zyme/ros_ws/Autoware_sim_test/install/autoware_adapi_v1_msgs:/opt/ros/humble LD_LIBRARY_PATH=/home/zyme/ros_ws/Autoware_sim_test/install/map_height_fitter/lib:/home/zyme/ros_ws/Autoware_sim_test/install/tier4_system_msgs/lib:/home/zyme/ros_ws/Autoware_sim_test/install/tier4_localization_msgs/lib:/home/zyme/ros_ws/Autoware_sim_test/install/autoware_map_msgs/lib:/home/zyme/ros_ws/Autoware_sim_test/install/autoware_common_msgs/lib:/home/zyme/ros_ws/Autoware_sim_test/install/autoware_adapi_v1_msgs/lib:${LD_LIBRARY_PATH} PYTHONPATH=/home/zyme/ros_ws/Autoware_sim_test/install/tier4_system_msgs/local/lib/python3.10/dist-packages:/home/zyme/ros_ws/Autoware_sim_test/install/tier4_localization_msgs/local/lib/python3.10/dist-packages:/home/zyme/ros_ws/Autoware_sim_test/install/autoware_map_msgs/local/lib/python3.10/dist-packages:/home/zyme/ros_ws/Autoware_sim_test/install/autoware_common_msgs/local/lib/python3.10/dist-packages:/home/zyme/ros_ws/Autoware_sim_test/install/autoware_adapi_v1_msgs/local/lib/python3.10/dist-packages:${PYTHONPATH} /usr/bin/cmake --install /home/zyme/ros_ws/Autoware_sim_test/build/ad_api_adaptors
[24.572s] -- Install configuration: "Release"
[24.573s] -- Execute custom install script
[24.573s] -- Symlinking: /home/zyme/ros_ws/Autoware_sim_test/install/ad_api_adaptors/lib/ad_api_adaptors/initial_pose_adaptor
[24.582s] -- Symlinking: /home/zyme/ros_ws/Autoware_sim_test/install/ad_api_adaptors/lib/ad_api_adaptors/routing_adaptor
[24.592s] -- Symlinking: /home/zyme/ros_ws/Autoware_sim_test/install/ad_api_adaptors/share/ad_api_adaptors/config/initial_pose.param.yaml
[24.601s] -- Symlinking: /home/zyme/ros_ws/Autoware_sim_test/install/ad_api_adaptors/share/ad_api_adaptors/launch/rviz_adaptors.launch.xml
[24.610s] -- Symlinking: /home/zyme/ros_ws/Autoware_sim_test/install/ad_api_adaptors/share/ament_index/resource_index/package_run_dependencies/ad_api_adaptors
[24.619s] -- Symlinking: /home/zyme/ros_ws/Autoware_sim_test/install/ad_api_adaptors/share/ament_index/resource_index/parent_prefix_path/ad_api_adaptors
[24.628s] -- Symlinking: /home/zyme/ros_ws/Autoware_sim_test/install/ad_api_adaptors/share/ad_api_adaptors/environment/ament_prefix_path.sh
[24.638s] -- Symlinking: /home/zyme/ros_ws/Autoware_sim_test/install/ad_api_adaptors/share/ad_api_adaptors/environment/ament_prefix_path.dsv
[24.647s] -- Symlinking: /home/zyme/ros_ws/Autoware_sim_test/install/ad_api_adaptors/share/ad_api_adaptors/environment/path.sh
[24.656s] -- Symlinking: /home/zyme/ros_ws/Autoware_sim_test/install/ad_api_adaptors/share/ad_api_adaptors/environment/path.dsv
[24.665s] -- Symlinking: /home/zyme/ros_ws/Autoware_sim_test/install/ad_api_adaptors/share/ad_api_adaptors/local_setup.bash
[24.673s] -- Symlinking: /home/zyme/ros_ws/Autoware_sim_test/install/ad_api_adaptors/share/ad_api_adaptors/local_setup.sh
[24.682s] -- Symlinking: /home/zyme/ros_ws/Autoware_sim_test/install/ad_api_adaptors/share/ad_api_adaptors/local_setup.zsh
[24.691s] -- Symlinking: /home/zyme/ros_ws/Autoware_sim_test/install/ad_api_adaptors/share/ad_api_adaptors/local_setup.dsv
[24.700s] -- Symlinking: /home/zyme/ros_ws/Autoware_sim_test/install/ad_api_adaptors/share/ad_api_adaptors/package.dsv
[24.708s] -- Symlinking: /home/zyme/ros_ws/Autoware_sim_test/install/ad_api_adaptors/share/ament_index/resource_index/packages/ad_api_adaptors
[24.718s] -- Symlinking: /home/zyme/ros_ws/Autoware_sim_test/install/ad_api_adaptors/share/ad_api_adaptors/cmake/ament_cmake_export_dependencies-extras.cmake
[24.727s] -- Symlinking: /home/zyme/ros_ws/Autoware_sim_test/install/ad_api_adaptors/share/ad_api_adaptors/cmake/ad_api_adaptorsConfig.cmake
[24.736s] -- Symlinking: /home/zyme/ros_ws/Autoware_sim_test/install/ad_api_adaptors/share/ad_api_adaptors/cmake/ad_api_adaptorsConfig-version.cmake
[24.746s] -- Symlinking: /home/zyme/ros_ws/Autoware_sim_test/install/ad_api_adaptors/share/ad_api_adaptors/package.xml
[24.757s] Invoked command in '/home/zyme/ros_ws/Autoware_sim_test/build/ad_api_adaptors' returned '0': AMENT_PREFIX_PATH=/home/zyme/ros_ws/Autoware_sim_test/install/map_height_fitter:/home/zyme/ros_ws/Autoware_sim_test/install/component_interface_utils:/home/zyme/ros_ws/Autoware_sim_test/install/autoware_ad_api_specs:/home/zyme/ros_ws/Autoware_sim_test/install/tier4_system_msgs:/home/zyme/ros_ws/Autoware_sim_test/install/autoware_cmake:/home/zyme/ros_ws/Autoware_sim_test/install/tier4_localization_msgs:/home/zyme/ros_ws/Autoware_sim_test/install/autoware_map_msgs:/home/zyme/ros_ws/Autoware_sim_test/install/autoware_lint_common:/home/zyme/ros_ws/Autoware_sim_test/install/autoware_common_msgs:/home/zyme/ros_ws/Autoware_sim_test/install/autoware_adapi_v1_msgs:${AMENT_PREFIX_PATH} CMAKE_PREFIX_PATH=/home/zyme/ros_ws/Autoware_sim_test/install/map_height_fitter:/home/zyme/ros_ws/Autoware_sim_test/install/component_interface_utils:/home/zyme/ros_ws/Autoware_sim_test/install/autoware_ad_api_specs:/home/zyme/ros_ws/Autoware_sim_test/install/tier4_system_msgs:/home/zyme/ros_ws/Autoware_sim_test/install/autoware_cmake:/home/zyme/ros_ws/Autoware_sim_test/install/tier4_localization_msgs:/home/zyme/ros_ws/Autoware_sim_test/install/autoware_map_msgs:/home/zyme/ros_ws/Autoware_sim_test/install/autoware_lint_common:/home/zyme/ros_ws/Autoware_sim_test/install/autoware_common_msgs:/home/zyme/ros_ws/Autoware_sim_test/install/autoware_adapi_v1_msgs:/opt/ros/humble LD_LIBRARY_PATH=/home/zyme/ros_ws/Autoware_sim_test/install/map_height_fitter/lib:/home/zyme/ros_ws/Autoware_sim_test/install/tier4_system_msgs/lib:/home/zyme/ros_ws/Autoware_sim_test/install/tier4_localization_msgs/lib:/home/zyme/ros_ws/Autoware_sim_test/install/autoware_map_msgs/lib:/home/zyme/ros_ws/Autoware_sim_test/install/autoware_common_msgs/lib:/home/zyme/ros_ws/Autoware_sim_test/install/autoware_adapi_v1_msgs/lib:${LD_LIBRARY_PATH} PYTHONPATH=/home/zyme/ros_ws/Autoware_sim_test/install/tier4_system_msgs/local/lib/python3.10/dist-packages:/home/zyme/ros_ws/Autoware_sim_test/install/tier4_localization_msgs/local/lib/python3.10/dist-packages:/home/zyme/ros_ws/Autoware_sim_test/install/autoware_map_msgs/local/lib/python3.10/dist-packages:/home/zyme/ros_ws/Autoware_sim_test/install/autoware_common_msgs/local/lib/python3.10/dist-packages:/home/zyme/ros_ws/Autoware_sim_test/install/autoware_adapi_v1_msgs/local/lib/python3.10/dist-packages:${PYTHONPATH} /usr/bin/cmake --install /home/zyme/ros_ws/Autoware_sim_test/build/ad_api_adaptors
