[0.055s] Invoking command in '/home/zyme/ros_ws/Autoware_sim_test/build/robosense_msgs': CMAKE_PREFIX_PATH=/opt/ros/humble /usr/bin/cmake --build /home/zyme/ros_ws/Autoware_sim_test/build/robosense_msgs -- -j12 -l12
[0.101s] [35m[1mConsolidate compiler generated dependencies of target robosense_msgs__rosidl_generator_c[0m
[0.110s] [  2%] Built target robosense_msgs__cpp
[0.113s] [ 12%] Built target robosense_msgs__rosidl_generator_c
[0.119s] [ 12%] Built target ament_cmake_python_symlink_robosense_msgs
[0.126s] [35m[1mConsolidate compiler generated dependencies of target robosense_msgs__rosidl_typesupport_fastrtps_cpp[0m
[0.130s] [35m[1mConsolidate compiler generated dependencies of target robosense_msgs__rosidl_typesupport_c[0m
[0.130s] [35m[1mConsolidate compiler generated dependencies of target robosense_msgs__rosidl_typesupport_introspection_c[0m
[0.130s] [35m[1mConsolidate compiler generated dependencies of target robosense_msgs__rosidl_typesupport_cpp[0m
[0.131s] [35m[1mConsolidate compiler generated dependencies of target robosense_msgs__rosidl_typesupport_introspection_cpp[0m
[0.131s] [35m[1mConsolidate compiler generated dependencies of target robosense_msgs__rosidl_typesupport_fastrtps_c[0m
[0.145s] [ 23%] Built target robosense_msgs__rosidl_typesupport_c
[0.147s] [ 34%] Built target robosense_msgs__rosidl_typesupport_fastrtps_cpp
[0.150s] [ 44%] Built target robosense_msgs__rosidl_typesupport_introspection_c
[0.150s] [ 55%] Built target robosense_msgs__rosidl_typesupport_introspection_cpp
[0.151s] [ 65%] Built target robosense_msgs__rosidl_typesupport_cpp
[0.154s] [ 76%] Built target robosense_msgs__rosidl_typesupport_fastrtps_c
[0.174s] [ 76%] Built target robosense_msgs
[0.195s] [ 78%] Built target robosense_msgs__py
[0.208s] [35m[1mConsolidate compiler generated dependencies of target robosense_msgs__rosidl_generator_py[0m
[0.221s] [ 87%] Built target robosense_msgs__rosidl_generator_py
[0.234s] [35m[1mConsolidate compiler generated dependencies of target robosense_msgs__rosidl_typesupport_fastrtps_c__pyext[0m
[0.234s] [35m[1mConsolidate compiler generated dependencies of target robosense_msgs__rosidl_typesupport_introspection_c__pyext[0m
[0.234s] [35m[1mConsolidate compiler generated dependencies of target robosense_msgs__rosidl_typesupport_c__pyext[0m
[0.248s] [100%] Built target robosense_msgs__rosidl_typesupport_introspection_c__pyext
[0.248s] [100%] Built target robosense_msgs__rosidl_typesupport_c__pyext
[0.249s] [100%] Built target robosense_msgs__rosidl_typesupport_fastrtps_c__pyext
[0.402s] running egg_info
[0.403s] writing robosense_msgs.egg-info/PKG-INFO
[0.403s] writing dependency_links to robosense_msgs.egg-info/dependency_links.txt
[0.403s] writing top-level names to robosense_msgs.egg-info/top_level.txt
[0.406s] reading manifest file 'robosense_msgs.egg-info/SOURCES.txt'
[0.406s] writing manifest file 'robosense_msgs.egg-info/SOURCES.txt'
[0.430s] [100%] Built target ament_cmake_python_build_robosense_msgs_egg
[0.442s] Invoked command in '/home/zyme/ros_ws/Autoware_sim_test/build/robosense_msgs' returned '0': CMAKE_PREFIX_PATH=/opt/ros/humble /usr/bin/cmake --build /home/zyme/ros_ws/Autoware_sim_test/build/robosense_msgs -- -j12 -l12
[0.559s] Invoking command in '/home/zyme/ros_ws/Autoware_sim_test/build/robosense_msgs': CMAKE_PREFIX_PATH=/opt/ros/humble /usr/bin/cmake --install /home/zyme/ros_ws/Autoware_sim_test/build/robosense_msgs
[0.576s] -- Install configuration: "Release"
[0.578s] -- Execute custom install script
[0.578s] -- Up-to-date symlink: /home/zyme/ros_ws/Autoware_sim_test/install/robosense_msgs/share/ament_index/resource_index/rosidl_interfaces/robosense_msgs
[0.579s] -- Up-to-date symlink: /home/zyme/ros_ws/Autoware_sim_test/install/robosense_msgs/include/robosense_msgs/robosense_msgs/msg/detail/robosense_info_packet__functions.h
[0.579s] -- Up-to-date symlink: /home/zyme/ros_ws/Autoware_sim_test/install/robosense_msgs/include/robosense_msgs/robosense_msgs/msg/detail/robosense_info_packet__struct.h
[0.579s] -- Up-to-date symlink: /home/zyme/ros_ws/Autoware_sim_test/install/robosense_msgs/include/robosense_msgs/robosense_msgs/msg/detail/robosense_info_packet__type_support.h
[0.580s] -- Up-to-date symlink: /home/zyme/ros_ws/Autoware_sim_test/install/robosense_msgs/include/robosense_msgs/robosense_msgs/msg/detail/robosense_packet__functions.h
[0.580s] -- Up-to-date symlink: /home/zyme/ros_ws/Autoware_sim_test/install/robosense_msgs/include/robosense_msgs/robosense_msgs/msg/detail/robosense_packet__struct.h
[0.580s] -- Up-to-date symlink: /home/zyme/ros_ws/Autoware_sim_test/install/robosense_msgs/include/robosense_msgs/robosense_msgs/msg/detail/robosense_packet__type_support.h
[0.581s] -- Up-to-date symlink: /home/zyme/ros_ws/Autoware_sim_test/install/robosense_msgs/include/robosense_msgs/robosense_msgs/msg/detail/robosense_scan__functions.h
[0.581s] -- Up-to-date symlink: /home/zyme/ros_ws/Autoware_sim_test/install/robosense_msgs/include/robosense_msgs/robosense_msgs/msg/detail/robosense_scan__struct.h
[0.581s] -- Up-to-date symlink: /home/zyme/ros_ws/Autoware_sim_test/install/robosense_msgs/include/robosense_msgs/robosense_msgs/msg/detail/robosense_scan__type_support.h
[0.581s] -- Up-to-date symlink: /home/zyme/ros_ws/Autoware_sim_test/install/robosense_msgs/include/robosense_msgs/robosense_msgs/msg/robosense_info_packet.h
[0.582s] -- Up-to-date symlink: /home/zyme/ros_ws/Autoware_sim_test/install/robosense_msgs/include/robosense_msgs/robosense_msgs/msg/robosense_packet.h
[0.582s] -- Up-to-date symlink: /home/zyme/ros_ws/Autoware_sim_test/install/robosense_msgs/include/robosense_msgs/robosense_msgs/msg/robosense_scan.h
[0.582s] -- Up-to-date symlink: /home/zyme/ros_ws/Autoware_sim_test/install/robosense_msgs/include/robosense_msgs/robosense_msgs/msg/rosidl_generator_c__visibility_control.h
[0.582s] -- Up-to-date symlink: /home/zyme/ros_ws/Autoware_sim_test/install/robosense_msgs/share/robosense_msgs/environment/library_path.sh
[0.583s] -- Up-to-date symlink: /home/zyme/ros_ws/Autoware_sim_test/install/robosense_msgs/share/robosense_msgs/environment/library_path.dsv
[0.583s] -- Up-to-date symlink: /home/zyme/ros_ws/Autoware_sim_test/install/robosense_msgs/include/robosense_msgs/robosense_msgs/msg/detail/robosense_info_packet__rosidl_typesupport_fastrtps_c.h
[0.583s] -- Up-to-date symlink: /home/zyme/ros_ws/Autoware_sim_test/install/robosense_msgs/include/robosense_msgs/robosense_msgs/msg/detail/robosense_packet__rosidl_typesupport_fastrtps_c.h
[0.584s] -- Up-to-date symlink: /home/zyme/ros_ws/Autoware_sim_test/install/robosense_msgs/include/robosense_msgs/robosense_msgs/msg/detail/robosense_scan__rosidl_typesupport_fastrtps_c.h
[0.584s] -- Up-to-date symlink: /home/zyme/ros_ws/Autoware_sim_test/install/robosense_msgs/include/robosense_msgs/robosense_msgs/msg/rosidl_typesupport_fastrtps_c__visibility_control.h
[0.584s] -- Up-to-date symlink: /home/zyme/ros_ws/Autoware_sim_test/install/robosense_msgs/include/robosense_msgs/robosense_msgs/msg/detail/robosense_info_packet__builder.hpp
[0.584s] -- Up-to-date symlink: /home/zyme/ros_ws/Autoware_sim_test/install/robosense_msgs/include/robosense_msgs/robosense_msgs/msg/detail/robosense_info_packet__struct.hpp
[0.585s] -- Up-to-date symlink: /home/zyme/ros_ws/Autoware_sim_test/install/robosense_msgs/include/robosense_msgs/robosense_msgs/msg/detail/robosense_info_packet__traits.hpp
[0.585s] -- Up-to-date symlink: /home/zyme/ros_ws/Autoware_sim_test/install/robosense_msgs/include/robosense_msgs/robosense_msgs/msg/detail/robosense_packet__builder.hpp
[0.585s] -- Up-to-date symlink: /home/zyme/ros_ws/Autoware_sim_test/install/robosense_msgs/include/robosense_msgs/robosense_msgs/msg/detail/robosense_packet__struct.hpp
[0.585s] -- Up-to-date symlink: /home/zyme/ros_ws/Autoware_sim_test/install/robosense_msgs/include/robosense_msgs/robosense_msgs/msg/detail/robosense_packet__traits.hpp
[0.585s] -- Up-to-date symlink: /home/zyme/ros_ws/Autoware_sim_test/install/robosense_msgs/include/robosense_msgs/robosense_msgs/msg/detail/robosense_scan__builder.hpp
[0.585s] -- Up-to-date symlink: /home/zyme/ros_ws/Autoware_sim_test/install/robosense_msgs/include/robosense_msgs/robosense_msgs/msg/detail/robosense_scan__struct.hpp
[0.585s] -- Up-to-date symlink: /home/zyme/ros_ws/Autoware_sim_test/install/robosense_msgs/include/robosense_msgs/robosense_msgs/msg/detail/robosense_scan__traits.hpp
[0.585s] -- Up-to-date symlink: /home/zyme/ros_ws/Autoware_sim_test/install/robosense_msgs/include/robosense_msgs/robosense_msgs/msg/robosense_info_packet.hpp
[0.585s] -- Up-to-date symlink: /home/zyme/ros_ws/Autoware_sim_test/install/robosense_msgs/include/robosense_msgs/robosense_msgs/msg/robosense_packet.hpp
[0.585s] -- Up-to-date symlink: /home/zyme/ros_ws/Autoware_sim_test/install/robosense_msgs/include/robosense_msgs/robosense_msgs/msg/robosense_scan.hpp
[0.586s] -- Up-to-date symlink: /home/zyme/ros_ws/Autoware_sim_test/install/robosense_msgs/include/robosense_msgs/robosense_msgs/msg/detail/robosense_info_packet__rosidl_typesupport_fastrtps_cpp.hpp
[0.586s] -- Up-to-date symlink: /home/zyme/ros_ws/Autoware_sim_test/install/robosense_msgs/include/robosense_msgs/robosense_msgs/msg/detail/robosense_packet__rosidl_typesupport_fastrtps_cpp.hpp
[0.587s] -- Up-to-date symlink: /home/zyme/ros_ws/Autoware_sim_test/install/robosense_msgs/include/robosense_msgs/robosense_msgs/msg/detail/robosense_scan__rosidl_typesupport_fastrtps_cpp.hpp
[0.587s] -- Up-to-date symlink: /home/zyme/ros_ws/Autoware_sim_test/install/robosense_msgs/include/robosense_msgs/robosense_msgs/msg/rosidl_typesupport_fastrtps_cpp__visibility_control.h
[0.587s] -- Up-to-date symlink: /home/zyme/ros_ws/Autoware_sim_test/install/robosense_msgs/include/robosense_msgs/robosense_msgs/msg/detail/robosense_info_packet__rosidl_typesupport_introspection_c.h
[0.588s] -- Up-to-date symlink: /home/zyme/ros_ws/Autoware_sim_test/install/robosense_msgs/include/robosense_msgs/robosense_msgs/msg/detail/robosense_packet__rosidl_typesupport_introspection_c.h
[0.588s] -- Up-to-date symlink: /home/zyme/ros_ws/Autoware_sim_test/install/robosense_msgs/include/robosense_msgs/robosense_msgs/msg/detail/robosense_scan__rosidl_typesupport_introspection_c.h
[0.588s] -- Up-to-date symlink: /home/zyme/ros_ws/Autoware_sim_test/install/robosense_msgs/include/robosense_msgs/robosense_msgs/msg/rosidl_typesupport_introspection_c__visibility_control.h
[0.589s] -- Up-to-date symlink: /home/zyme/ros_ws/Autoware_sim_test/install/robosense_msgs/include/robosense_msgs/robosense_msgs/msg/detail/robosense_info_packet__rosidl_typesupport_introspection_cpp.hpp
[0.589s] -- Up-to-date symlink: /home/zyme/ros_ws/Autoware_sim_test/install/robosense_msgs/include/robosense_msgs/robosense_msgs/msg/detail/robosense_packet__rosidl_typesupport_introspection_cpp.hpp
[0.589s] -- Up-to-date symlink: /home/zyme/ros_ws/Autoware_sim_test/install/robosense_msgs/include/robosense_msgs/robosense_msgs/msg/detail/robosense_scan__rosidl_typesupport_introspection_cpp.hpp
[0.590s] -- Up-to-date symlink: /home/zyme/ros_ws/Autoware_sim_test/install/robosense_msgs/share/robosense_msgs/environment/pythonpath.sh
[0.590s] -- Up-to-date symlink: /home/zyme/ros_ws/Autoware_sim_test/install/robosense_msgs/share/robosense_msgs/environment/pythonpath.dsv
[0.590s] -- Up-to-date symlink: /home/zyme/ros_ws/Autoware_sim_test/install/robosense_msgs/local/lib/python3.10/dist-packages/robosense_msgs-0.0.0-py3.10.egg-info/PKG-INFO
[0.591s] -- Up-to-date symlink: /home/zyme/ros_ws/Autoware_sim_test/install/robosense_msgs/local/lib/python3.10/dist-packages/robosense_msgs-0.0.0-py3.10.egg-info/SOURCES.txt
[0.591s] -- Up-to-date symlink: /home/zyme/ros_ws/Autoware_sim_test/install/robosense_msgs/local/lib/python3.10/dist-packages/robosense_msgs-0.0.0-py3.10.egg-info/dependency_links.txt
[0.591s] -- Up-to-date symlink: /home/zyme/ros_ws/Autoware_sim_test/install/robosense_msgs/local/lib/python3.10/dist-packages/robosense_msgs-0.0.0-py3.10.egg-info/top_level.txt
[0.592s] -- Up-to-date symlink: /home/zyme/ros_ws/Autoware_sim_test/install/robosense_msgs/local/lib/python3.10/dist-packages/robosense_msgs/__init__.py
[0.593s] -- Up-to-date symlink: /home/zyme/ros_ws/Autoware_sim_test/install/robosense_msgs/local/lib/python3.10/dist-packages/robosense_msgs/_robosense_msgs_s.ep.rosidl_typesupport_c.c
[0.593s] -- Up-to-date symlink: /home/zyme/ros_ws/Autoware_sim_test/install/robosense_msgs/local/lib/python3.10/dist-packages/robosense_msgs/_robosense_msgs_s.ep.rosidl_typesupport_fastrtps_c.c
[0.593s] -- Up-to-date symlink: /home/zyme/ros_ws/Autoware_sim_test/install/robosense_msgs/local/lib/python3.10/dist-packages/robosense_msgs/_robosense_msgs_s.ep.rosidl_typesupport_introspection_c.c
[0.593s] -- Up-to-date symlink: /home/zyme/ros_ws/Autoware_sim_test/install/robosense_msgs/local/lib/python3.10/dist-packages/robosense_msgs/librobosense_msgs__rosidl_generator_py.so
[0.594s] -- Up-to-date symlink: /home/zyme/ros_ws/Autoware_sim_test/install/robosense_msgs/local/lib/python3.10/dist-packages/robosense_msgs/msg/__init__.py
[0.594s] -- Up-to-date symlink: /home/zyme/ros_ws/Autoware_sim_test/install/robosense_msgs/local/lib/python3.10/dist-packages/robosense_msgs/msg/_robosense_info_packet.py
[0.594s] -- Up-to-date symlink: /home/zyme/ros_ws/Autoware_sim_test/install/robosense_msgs/local/lib/python3.10/dist-packages/robosense_msgs/msg/_robosense_info_packet_s.c
[0.595s] -- Up-to-date symlink: /home/zyme/ros_ws/Autoware_sim_test/install/robosense_msgs/local/lib/python3.10/dist-packages/robosense_msgs/msg/_robosense_packet.py
[0.595s] -- Up-to-date symlink: /home/zyme/ros_ws/Autoware_sim_test/install/robosense_msgs/local/lib/python3.10/dist-packages/robosense_msgs/msg/_robosense_packet_s.c
[0.596s] -- Up-to-date symlink: /home/zyme/ros_ws/Autoware_sim_test/install/robosense_msgs/local/lib/python3.10/dist-packages/robosense_msgs/msg/_robosense_scan.py
[0.596s] -- Up-to-date symlink: /home/zyme/ros_ws/Autoware_sim_test/install/robosense_msgs/local/lib/python3.10/dist-packages/robosense_msgs/msg/_robosense_scan_s.c
[0.596s] -- Up-to-date symlink: /home/zyme/ros_ws/Autoware_sim_test/install/robosense_msgs/local/lib/python3.10/dist-packages/robosense_msgs/robosense_msgs_s__rosidl_typesupport_c.cpython-310-x86_64-linux-gnu.so
[0.596s] -- Up-to-date symlink: /home/zyme/ros_ws/Autoware_sim_test/install/robosense_msgs/local/lib/python3.10/dist-packages/robosense_msgs/robosense_msgs_s__rosidl_typesupport_fastrtps_c.cpython-310-x86_64-linux-gnu.so
[0.596s] -- Up-to-date symlink: /home/zyme/ros_ws/Autoware_sim_test/install/robosense_msgs/local/lib/python3.10/dist-packages/robosense_msgs/robosense_msgs_s__rosidl_typesupport_introspection_c.cpython-310-x86_64-linux-gnu.so
[0.597s] -- Up-to-date symlink: /home/zyme/ros_ws/Autoware_sim_test/install/robosense_msgs/local/lib/python3.10/dist-packages/robosense_msgs/robosense_msgs_s__rosidl_typesupport_fastrtps_c.cpython-310-x86_64-linux-gnu.so
[0.597s] -- Up-to-date symlink: /home/zyme/ros_ws/Autoware_sim_test/install/robosense_msgs/local/lib/python3.10/dist-packages/robosense_msgs/robosense_msgs_s__rosidl_typesupport_introspection_c.cpython-310-x86_64-linux-gnu.so
[0.598s] -- Up-to-date symlink: /home/zyme/ros_ws/Autoware_sim_test/install/robosense_msgs/local/lib/python3.10/dist-packages/robosense_msgs/robosense_msgs_s__rosidl_typesupport_c.cpython-310-x86_64-linux-gnu.so
[0.598s] -- Up-to-date symlink: /home/zyme/ros_ws/Autoware_sim_test/install/robosense_msgs/share/robosense_msgs/msg/RobosensePacket.idl
[0.598s] -- Up-to-date symlink: /home/zyme/ros_ws/Autoware_sim_test/install/robosense_msgs/share/robosense_msgs/msg/RobosenseInfoPacket.idl
[0.599s] -- Up-to-date symlink: /home/zyme/ros_ws/Autoware_sim_test/install/robosense_msgs/share/robosense_msgs/msg/RobosenseScan.idl
[0.599s] -- Up-to-date symlink: /home/zyme/ros_ws/Autoware_sim_test/install/robosense_msgs/share/robosense_msgs/msg/RobosensePacket.msg
[0.599s] -- Up-to-date symlink: /home/zyme/ros_ws/Autoware_sim_test/install/robosense_msgs/share/robosense_msgs/msg/RobosenseInfoPacket.msg
[0.599s] -- Up-to-date symlink: /home/zyme/ros_ws/Autoware_sim_test/install/robosense_msgs/share/robosense_msgs/msg/RobosenseScan.msg
[0.599s] -- Up-to-date symlink: /home/zyme/ros_ws/Autoware_sim_test/install/robosense_msgs/share/ament_index/resource_index/package_run_dependencies/robosense_msgs
[0.600s] -- Up-to-date symlink: /home/zyme/ros_ws/Autoware_sim_test/install/robosense_msgs/share/ament_index/resource_index/parent_prefix_path/robosense_msgs
[0.600s] -- Up-to-date symlink: /home/zyme/ros_ws/Autoware_sim_test/install/robosense_msgs/share/robosense_msgs/environment/ament_prefix_path.sh
[0.600s] -- Up-to-date symlink: /home/zyme/ros_ws/Autoware_sim_test/install/robosense_msgs/share/robosense_msgs/environment/ament_prefix_path.dsv
[0.600s] -- Up-to-date symlink: /home/zyme/ros_ws/Autoware_sim_test/install/robosense_msgs/share/robosense_msgs/environment/path.sh
[0.600s] -- Up-to-date symlink: /home/zyme/ros_ws/Autoware_sim_test/install/robosense_msgs/share/robosense_msgs/environment/path.dsv
[0.601s] -- Up-to-date symlink: /home/zyme/ros_ws/Autoware_sim_test/install/robosense_msgs/share/robosense_msgs/local_setup.bash
[0.601s] -- Up-to-date symlink: /home/zyme/ros_ws/Autoware_sim_test/install/robosense_msgs/share/robosense_msgs/local_setup.sh
[0.601s] -- Up-to-date symlink: /home/zyme/ros_ws/Autoware_sim_test/install/robosense_msgs/share/robosense_msgs/local_setup.zsh
[0.601s] -- Up-to-date symlink: /home/zyme/ros_ws/Autoware_sim_test/install/robosense_msgs/share/robosense_msgs/local_setup.dsv
[0.601s] -- Symlinking: /home/zyme/ros_ws/Autoware_sim_test/install/robosense_msgs/share/robosense_msgs/package.dsv
[0.610s] -- Up-to-date symlink: /home/zyme/ros_ws/Autoware_sim_test/install/robosense_msgs/share/ament_index/resource_index/packages/robosense_msgs
[0.610s] -- Up-to-date symlink: /home/zyme/ros_ws/Autoware_sim_test/install/robosense_msgs/share/robosense_msgs/cmake/rosidl_cmake-extras.cmake
[0.610s] -- Up-to-date symlink: /home/zyme/ros_ws/Autoware_sim_test/install/robosense_msgs/share/robosense_msgs/cmake/ament_cmake_export_dependencies-extras.cmake
[0.610s] -- Up-to-date symlink: /home/zyme/ros_ws/Autoware_sim_test/install/robosense_msgs/share/robosense_msgs/cmake/ament_cmake_export_include_directories-extras.cmake
[0.610s] -- Up-to-date symlink: /home/zyme/ros_ws/Autoware_sim_test/install/robosense_msgs/share/robosense_msgs/cmake/ament_cmake_export_libraries-extras.cmake
[0.611s] -- Up-to-date symlink: /home/zyme/ros_ws/Autoware_sim_test/install/robosense_msgs/share/robosense_msgs/cmake/ament_cmake_export_targets-extras.cmake
[0.611s] -- Up-to-date symlink: /home/zyme/ros_ws/Autoware_sim_test/install/robosense_msgs/share/robosense_msgs/cmake/rosidl_cmake_export_typesupport_targets-extras.cmake
[0.611s] -- Up-to-date symlink: /home/zyme/ros_ws/Autoware_sim_test/install/robosense_msgs/share/robosense_msgs/cmake/rosidl_cmake_export_typesupport_libraries-extras.cmake
[0.611s] -- Up-to-date symlink: /home/zyme/ros_ws/Autoware_sim_test/install/robosense_msgs/share/robosense_msgs/cmake/robosense_msgsConfig.cmake
[0.611s] -- Up-to-date symlink: /home/zyme/ros_ws/Autoware_sim_test/install/robosense_msgs/share/robosense_msgs/cmake/robosense_msgsConfig-version.cmake
[0.611s] -- Up-to-date symlink: /home/zyme/ros_ws/Autoware_sim_test/install/robosense_msgs/share/robosense_msgs/package.xml
[0.611s] -- Up-to-date: /home/zyme/ros_ws/Autoware_sim_test/install/robosense_msgs/lib/librobosense_msgs__rosidl_generator_c.so
[0.612s] -- Up-to-date: /home/zyme/ros_ws/Autoware_sim_test/install/robosense_msgs/lib/librobosense_msgs__rosidl_typesupport_fastrtps_c.so
[0.612s] -- Up-to-date: /home/zyme/ros_ws/Autoware_sim_test/install/robosense_msgs/lib/librobosense_msgs__rosidl_typesupport_fastrtps_cpp.so
[0.612s] -- Up-to-date: /home/zyme/ros_ws/Autoware_sim_test/install/robosense_msgs/lib/librobosense_msgs__rosidl_typesupport_introspection_c.so
[0.613s] -- Up-to-date: /home/zyme/ros_ws/Autoware_sim_test/install/robosense_msgs/lib/librobosense_msgs__rosidl_typesupport_c.so
[0.613s] -- Up-to-date: /home/zyme/ros_ws/Autoware_sim_test/install/robosense_msgs/lib/librobosense_msgs__rosidl_typesupport_introspection_cpp.so
[0.613s] -- Up-to-date: /home/zyme/ros_ws/Autoware_sim_test/install/robosense_msgs/lib/librobosense_msgs__rosidl_typesupport_cpp.so
[0.642s] Listing '/home/zyme/ros_ws/Autoware_sim_test/install/robosense_msgs/local/lib/python3.10/dist-packages/robosense_msgs'...
[0.642s] Listing '/home/zyme/ros_ws/Autoware_sim_test/install/robosense_msgs/local/lib/python3.10/dist-packages/robosense_msgs/msg'...
[0.646s] -- Up-to-date: /home/zyme/ros_ws/Autoware_sim_test/install/robosense_msgs/lib/librobosense_msgs__rosidl_generator_py.so
[0.647s] -- Up-to-date: /home/zyme/ros_ws/Autoware_sim_test/install/robosense_msgs/share/robosense_msgs/cmake/export_robosense_msgs__rosidl_generator_cExport.cmake
[0.647s] -- Up-to-date: /home/zyme/ros_ws/Autoware_sim_test/install/robosense_msgs/share/robosense_msgs/cmake/export_robosense_msgs__rosidl_generator_cExport-release.cmake
[0.647s] -- Up-to-date: /home/zyme/ros_ws/Autoware_sim_test/install/robosense_msgs/share/robosense_msgs/cmake/export_robosense_msgs__rosidl_typesupport_fastrtps_cExport.cmake
[0.647s] -- Up-to-date: /home/zyme/ros_ws/Autoware_sim_test/install/robosense_msgs/share/robosense_msgs/cmake/export_robosense_msgs__rosidl_typesupport_fastrtps_cExport-release.cmake
[0.647s] -- Up-to-date: /home/zyme/ros_ws/Autoware_sim_test/install/robosense_msgs/share/robosense_msgs/cmake/export_robosense_msgs__rosidl_generator_cppExport.cmake
[0.648s] -- Up-to-date: /home/zyme/ros_ws/Autoware_sim_test/install/robosense_msgs/share/robosense_msgs/cmake/export_robosense_msgs__rosidl_typesupport_fastrtps_cppExport.cmake
[0.648s] -- Up-to-date: /home/zyme/ros_ws/Autoware_sim_test/install/robosense_msgs/share/robosense_msgs/cmake/export_robosense_msgs__rosidl_typesupport_fastrtps_cppExport-release.cmake
[0.648s] -- Up-to-date: /home/zyme/ros_ws/Autoware_sim_test/install/robosense_msgs/share/robosense_msgs/cmake/robosense_msgs__rosidl_typesupport_introspection_cExport.cmake
[0.648s] -- Up-to-date: /home/zyme/ros_ws/Autoware_sim_test/install/robosense_msgs/share/robosense_msgs/cmake/robosense_msgs__rosidl_typesupport_introspection_cExport-release.cmake
[0.648s] -- Up-to-date: /home/zyme/ros_ws/Autoware_sim_test/install/robosense_msgs/share/robosense_msgs/cmake/robosense_msgs__rosidl_typesupport_cExport.cmake
[0.648s] -- Up-to-date: /home/zyme/ros_ws/Autoware_sim_test/install/robosense_msgs/share/robosense_msgs/cmake/robosense_msgs__rosidl_typesupport_cExport-release.cmake
[0.648s] -- Up-to-date: /home/zyme/ros_ws/Autoware_sim_test/install/robosense_msgs/share/robosense_msgs/cmake/robosense_msgs__rosidl_typesupport_introspection_cppExport.cmake
[0.648s] -- Up-to-date: /home/zyme/ros_ws/Autoware_sim_test/install/robosense_msgs/share/robosense_msgs/cmake/robosense_msgs__rosidl_typesupport_introspection_cppExport-release.cmake
[0.648s] -- Up-to-date: /home/zyme/ros_ws/Autoware_sim_test/install/robosense_msgs/share/robosense_msgs/cmake/robosense_msgs__rosidl_typesupport_cppExport.cmake
[0.648s] -- Up-to-date: /home/zyme/ros_ws/Autoware_sim_test/install/robosense_msgs/share/robosense_msgs/cmake/robosense_msgs__rosidl_typesupport_cppExport-release.cmake
[0.649s] -- Up-to-date: /home/zyme/ros_ws/Autoware_sim_test/install/robosense_msgs/share/robosense_msgs/cmake/export_robosense_msgs__rosidl_generator_pyExport.cmake
[0.649s] -- Up-to-date: /home/zyme/ros_ws/Autoware_sim_test/install/robosense_msgs/share/robosense_msgs/cmake/export_robosense_msgs__rosidl_generator_pyExport-release.cmake
[0.651s] Invoked command in '/home/zyme/ros_ws/Autoware_sim_test/build/robosense_msgs' returned '0': CMAKE_PREFIX_PATH=/opt/ros/humble /usr/bin/cmake --install /home/zyme/ros_ws/Autoware_sim_test/build/robosense_msgs
