[1.133s] Invoking command in '/home/zyme/ros_ws/Autoware_sim_test/build/tier4_localization_msgs': CMAKE_PREFIX_PATH=/opt/ros/humble /usr/bin/cmake /home/zyme/ros_ws/Autoware_sim_test/src/autoware/src/universe/external/tier4_autoware_msgs/tier4_localization_msgs -DCMAKE_INSTALL_PREFIX=/home/zyme/ros_ws/Autoware_sim_test/install/tier4_localization_msgs
[1.334s] -- Found ament_cmake_auto: 1.3.8 (/opt/ros/humble/share/ament_cmake_auto/cmake)
[1.555s] -- Override CMake install command with custom implementation using symlinks instead of copying resources
[1.760s] -- Using all available rosidl_typesupport_c: rosidl_typesupport_fastrtps_c;rosidl_typesupport_introspection_c
[1.767s] -- Found rosidl_adapter: 3.1.5 (/opt/ros/humble/share/rosidl_adapter/cmake)
[1.847s] -- Using all available rosidl_typesupport_cpp: rosidl_typesupport_fastrtps_cpp;rosidl_typesupport_introspection_cpp
[2.794s] -- Found ament_cmake_ros: 0.10.0 (/opt/ros/humble/share/ament_cmake_ros/cmake)
[3.418s] -- Using all available rosidl_typesupport_c: rosidl_typesupport_fastrtps_c;rosidl_typesupport_introspection_c
[4.068s] -- Using all available rosidl_typesupport_cpp: rosidl_typesupport_fastrtps_cpp;rosidl_typesupport_introspection_cpp
[4.105s] -- Found python_cmake_module: 0.10.0 (/opt/ros/humble/share/python_cmake_module/cmake)
[4.161s] -- Using PYTHON_EXECUTABLE: /usr/bin/python3
[4.162s] -- Using PYTHON_INCLUDE_DIRS: /usr/include/python3.10
[4.162s] -- Using PYTHON_LIBRARIES: /usr/lib/x86_64-linux-gnu/libpython3.10.so
[4.257s] -- Found ament_lint_auto: 0.12.10 (/opt/ros/humble/share/ament_lint_auto/cmake)
[4.278s] -- Added test 'copyright' to check source files copyright and LICENSE
[4.279s] -- Added test 'lint_cmake' to check CMake code style
[4.280s] -- Added test 'xmllint' to check XML markup files
[4.290s] -- Configuring done
[4.379s] -- Generating done
[4.396s] -- Build files have been written to: /home/zyme/ros_ws/Autoware_sim_test/build/tier4_localization_msgs
[5.110s] Invoked command in '/home/zyme/ros_ws/Autoware_sim_test/build/tier4_localization_msgs' returned '0': CMAKE_PREFIX_PATH=/opt/ros/humble /usr/bin/cmake /home/zyme/ros_ws/Autoware_sim_test/src/autoware/src/universe/external/tier4_autoware_msgs/tier4_localization_msgs -DCMAKE_INSTALL_PREFIX=/home/zyme/ros_ws/Autoware_sim_test/install/tier4_localization_msgs
[5.113s] Invoking command in '/home/zyme/ros_ws/Autoware_sim_test/build/tier4_localization_msgs': CMAKE_PREFIX_PATH=/opt/ros/humble /usr/bin/cmake --build /home/zyme/ros_ws/Autoware_sim_test/build/tier4_localization_msgs -- -j12 -l12
[5.261s] [35m[1mConsolidate compiler generated dependencies of target tier4_localization_msgs__rosidl_generator_c[0m
[5.261s] [  3%] Built target tier4_localization_msgs__cpp
[5.261s] [ 12%] Built target tier4_localization_msgs__rosidl_generator_c
[5.262s] [35m[1mConsolidate compiler generated dependencies of target tier4_localization_msgs__rosidl_typesupport_introspection_cpp[0m
[5.262s] [35m[1mConsolidate compiler generated dependencies of target tier4_localization_msgs__rosidl_typesupport_cpp[0m
[5.262s] [35m[1mConsolidate compiler generated dependencies of target tier4_localization_msgs__rosidl_typesupport_fastrtps_cpp[0m
[5.262s] [ 12%] Built target ament_cmake_python_symlink_tier4_localization_msgs
[5.262s] [35m[1mConsolidate compiler generated dependencies of target tier4_localization_msgs__rosidl_typesupport_c[0m
[5.263s] [35m[1mConsolidate compiler generated dependencies of target tier4_localization_msgs__rosidl_typesupport_introspection_c[0m
[5.263s] [35m[1mConsolidate compiler generated dependencies of target tier4_localization_msgs__rosidl_typesupport_fastrtps_c[0m
[5.263s] [ 32%] Built target tier4_localization_msgs__rosidl_typesupport_introspection_cpp
[5.263s] [ 32%] Built target tier4_localization_msgs__rosidl_typesupport_cpp
[5.263s] [ 48%] Built target tier4_localization_msgs__rosidl_typesupport_c
[5.263s] [ 51%] Built target tier4_localization_msgs__rosidl_typesupport_introspection_c
[5.264s] [ 61%] Built target tier4_localization_msgs__rosidl_typesupport_fastrtps_cpp
[5.264s] [ 70%] Built target tier4_localization_msgs__rosidl_typesupport_fastrtps_c
[5.265s] [ 70%] Built target tier4_localization_msgs
[5.306s] [ 74%] Built target tier4_localization_msgs__py
[5.335s] [35m[1mConsolidate compiler generated dependencies of target tier4_localization_msgs__rosidl_generator_py[0m
[5.363s] [ 80%] Built target tier4_localization_msgs__rosidl_generator_py
[5.402s] [35m[1mConsolidate compiler generated dependencies of target tier4_localization_msgs__rosidl_typesupport_fastrtps_c__pyext[0m
[5.407s] [35m[1mConsolidate compiler generated dependencies of target tier4_localization_msgs__rosidl_typesupport_c__pyext[0m
[5.425s] [35m[1mConsolidate compiler generated dependencies of target tier4_localization_msgs__rosidl_typesupport_introspection_c__pyext[0m
[5.455s] [ 87%] Built target tier4_localization_msgs__rosidl_typesupport_fastrtps_c__pyext
[5.479s] [ 93%] Built target tier4_localization_msgs__rosidl_typesupport_introspection_c__pyext
[5.481s] [100%] Built target tier4_localization_msgs__rosidl_typesupport_c__pyext
[6.013s] running egg_info
[6.015s] writing tier4_localization_msgs.egg-info/PKG-INFO
[6.016s] writing dependency_links to tier4_localization_msgs.egg-info/dependency_links.txt
[6.032s] writing top-level names to tier4_localization_msgs.egg-info/top_level.txt
[6.033s] reading manifest file 'tier4_localization_msgs.egg-info/SOURCES.txt'
[6.033s] writing manifest file 'tier4_localization_msgs.egg-info/SOURCES.txt'
[6.099s] [100%] Built target ament_cmake_python_build_tier4_localization_msgs_egg
[6.711s] Invoked command in '/home/zyme/ros_ws/Autoware_sim_test/build/tier4_localization_msgs' returned '0': CMAKE_PREFIX_PATH=/opt/ros/humble /usr/bin/cmake --build /home/zyme/ros_ws/Autoware_sim_test/build/tier4_localization_msgs -- -j12 -l12
[6.888s] Invoking command in '/home/zyme/ros_ws/Autoware_sim_test/build/tier4_localization_msgs': CMAKE_PREFIX_PATH=/opt/ros/humble /usr/bin/cmake --install /home/zyme/ros_ws/Autoware_sim_test/build/tier4_localization_msgs
[7.134s] -- Install configuration: "Release"
[7.134s] -- Execute custom install script
[7.137s] -- Up-to-date symlink: /home/zyme/ros_ws/Autoware_sim_test/install/tier4_localization_msgs/share/ament_index/resource_index/rosidl_interfaces/tier4_localization_msgs
[7.137s] -- Up-to-date symlink: /home/zyme/ros_ws/Autoware_sim_test/install/tier4_localization_msgs/include/tier4_localization_msgs/tier4_localization_msgs/msg/rosidl_generator_c__visibility_control.h
[7.138s] -- Up-to-date symlink: /home/zyme/ros_ws/Autoware_sim_test/install/tier4_localization_msgs/include/tier4_localization_msgs/tier4_localization_msgs/srv/detail/pose_with_covariance_stamped__functions.h
[7.139s] -- Up-to-date symlink: /home/zyme/ros_ws/Autoware_sim_test/install/tier4_localization_msgs/include/tier4_localization_msgs/tier4_localization_msgs/srv/detail/pose_with_covariance_stamped__struct.h
[7.140s] -- Up-to-date symlink: /home/zyme/ros_ws/Autoware_sim_test/install/tier4_localization_msgs/include/tier4_localization_msgs/tier4_localization_msgs/srv/detail/pose_with_covariance_stamped__type_support.h
[7.140s] -- Up-to-date symlink: /home/zyme/ros_ws/Autoware_sim_test/install/tier4_localization_msgs/include/tier4_localization_msgs/tier4_localization_msgs/srv/pose_with_covariance_stamped.h
[7.141s] -- Up-to-date symlink: /home/zyme/ros_ws/Autoware_sim_test/install/tier4_localization_msgs/share/tier4_localization_msgs/environment/library_path.sh
[7.142s] -- Up-to-date symlink: /home/zyme/ros_ws/Autoware_sim_test/install/tier4_localization_msgs/share/tier4_localization_msgs/environment/library_path.dsv
[7.143s] -- Up-to-date symlink: /home/zyme/ros_ws/Autoware_sim_test/install/tier4_localization_msgs/include/tier4_localization_msgs/tier4_localization_msgs/msg/rosidl_typesupport_fastrtps_c__visibility_control.h
[7.143s] -- Up-to-date symlink: /home/zyme/ros_ws/Autoware_sim_test/install/tier4_localization_msgs/include/tier4_localization_msgs/tier4_localization_msgs/srv/detail/pose_with_covariance_stamped__rosidl_typesupport_fastrtps_c.h
[7.143s] -- Up-to-date symlink: /home/zyme/ros_ws/Autoware_sim_test/install/tier4_localization_msgs/include/tier4_localization_msgs/tier4_localization_msgs/msg/rosidl_typesupport_introspection_c__visibility_control.h
[7.144s] -- Up-to-date symlink: /home/zyme/ros_ws/Autoware_sim_test/install/tier4_localization_msgs/include/tier4_localization_msgs/tier4_localization_msgs/srv/detail/pose_with_covariance_stamped__rosidl_typesupport_introspection_c.h
[7.144s] -- Up-to-date symlink: /home/zyme/ros_ws/Autoware_sim_test/install/tier4_localization_msgs/include/tier4_localization_msgs/tier4_localization_msgs/srv/detail/pose_with_covariance_stamped__builder.hpp
[7.146s] -- Up-to-date symlink: /home/zyme/ros_ws/Autoware_sim_test/install/tier4_localization_msgs/include/tier4_localization_msgs/tier4_localization_msgs/srv/detail/pose_with_covariance_stamped__struct.hpp
[7.147s] -- Up-to-date symlink: /home/zyme/ros_ws/Autoware_sim_test/install/tier4_localization_msgs/include/tier4_localization_msgs/tier4_localization_msgs/srv/detail/pose_with_covariance_stamped__traits.hpp
[7.149s] -- Up-to-date symlink: /home/zyme/ros_ws/Autoware_sim_test/install/tier4_localization_msgs/include/tier4_localization_msgs/tier4_localization_msgs/srv/pose_with_covariance_stamped.hpp
[7.149s] -- Up-to-date symlink: /home/zyme/ros_ws/Autoware_sim_test/install/tier4_localization_msgs/include/tier4_localization_msgs/tier4_localization_msgs/msg/rosidl_typesupport_fastrtps_cpp__visibility_control.h
[7.150s] -- Up-to-date symlink: /home/zyme/ros_ws/Autoware_sim_test/install/tier4_localization_msgs/include/tier4_localization_msgs/tier4_localization_msgs/srv/detail/pose_with_covariance_stamped__rosidl_typesupport_fastrtps_cpp.hpp
[7.150s] -- Up-to-date symlink: /home/zyme/ros_ws/Autoware_sim_test/install/tier4_localization_msgs/include/tier4_localization_msgs/tier4_localization_msgs/srv/detail/pose_with_covariance_stamped__rosidl_typesupport_introspection_cpp.hpp
[7.151s] -- Up-to-date symlink: /home/zyme/ros_ws/Autoware_sim_test/install/tier4_localization_msgs/share/tier4_localization_msgs/environment/pythonpath.sh
[7.154s] -- Up-to-date symlink: /home/zyme/ros_ws/Autoware_sim_test/install/tier4_localization_msgs/share/tier4_localization_msgs/environment/pythonpath.dsv
[7.155s] -- Up-to-date symlink: /home/zyme/ros_ws/Autoware_sim_test/install/tier4_localization_msgs/local/lib/python3.10/dist-packages/tier4_localization_msgs-0.1.0-py3.10.egg-info/PKG-INFO
[7.156s] -- Up-to-date symlink: /home/zyme/ros_ws/Autoware_sim_test/install/tier4_localization_msgs/local/lib/python3.10/dist-packages/tier4_localization_msgs-0.1.0-py3.10.egg-info/SOURCES.txt
[7.156s] -- Up-to-date symlink: /home/zyme/ros_ws/Autoware_sim_test/install/tier4_localization_msgs/local/lib/python3.10/dist-packages/tier4_localization_msgs-0.1.0-py3.10.egg-info/dependency_links.txt
[7.158s] -- Up-to-date symlink: /home/zyme/ros_ws/Autoware_sim_test/install/tier4_localization_msgs/local/lib/python3.10/dist-packages/tier4_localization_msgs-0.1.0-py3.10.egg-info/top_level.txt
[7.158s] -- Up-to-date symlink: /home/zyme/ros_ws/Autoware_sim_test/install/tier4_localization_msgs/local/lib/python3.10/dist-packages/tier4_localization_msgs/__init__.py
[7.158s] -- Up-to-date symlink: /home/zyme/ros_ws/Autoware_sim_test/install/tier4_localization_msgs/local/lib/python3.10/dist-packages/tier4_localization_msgs/_tier4_localization_msgs_s.ep.rosidl_typesupport_c.c
[7.158s] -- Up-to-date symlink: /home/zyme/ros_ws/Autoware_sim_test/install/tier4_localization_msgs/local/lib/python3.10/dist-packages/tier4_localization_msgs/_tier4_localization_msgs_s.ep.rosidl_typesupport_fastrtps_c.c
[7.159s] -- Up-to-date symlink: /home/zyme/ros_ws/Autoware_sim_test/install/tier4_localization_msgs/local/lib/python3.10/dist-packages/tier4_localization_msgs/_tier4_localization_msgs_s.ep.rosidl_typesupport_introspection_c.c
[7.159s] -- Up-to-date symlink: /home/zyme/ros_ws/Autoware_sim_test/install/tier4_localization_msgs/local/lib/python3.10/dist-packages/tier4_localization_msgs/libtier4_localization_msgs__rosidl_generator_py.so
[7.160s] -- Up-to-date symlink: /home/zyme/ros_ws/Autoware_sim_test/install/tier4_localization_msgs/local/lib/python3.10/dist-packages/tier4_localization_msgs/srv/__init__.py
[7.160s] -- Up-to-date symlink: /home/zyme/ros_ws/Autoware_sim_test/install/tier4_localization_msgs/local/lib/python3.10/dist-packages/tier4_localization_msgs/srv/_pose_with_covariance_stamped.py
[7.160s] -- Up-to-date symlink: /home/zyme/ros_ws/Autoware_sim_test/install/tier4_localization_msgs/local/lib/python3.10/dist-packages/tier4_localization_msgs/srv/_pose_with_covariance_stamped_s.c
[7.161s] -- Up-to-date symlink: /home/zyme/ros_ws/Autoware_sim_test/install/tier4_localization_msgs/local/lib/python3.10/dist-packages/tier4_localization_msgs/tier4_localization_msgs_s__rosidl_typesupport_c.cpython-310-x86_64-linux-gnu.so
[7.161s] -- Up-to-date symlink: /home/zyme/ros_ws/Autoware_sim_test/install/tier4_localization_msgs/local/lib/python3.10/dist-packages/tier4_localization_msgs/tier4_localization_msgs_s__rosidl_typesupport_fastrtps_c.cpython-310-x86_64-linux-gnu.so
[7.162s] -- Up-to-date symlink: /home/zyme/ros_ws/Autoware_sim_test/install/tier4_localization_msgs/local/lib/python3.10/dist-packages/tier4_localization_msgs/tier4_localization_msgs_s__rosidl_typesupport_introspection_c.cpython-310-x86_64-linux-gnu.so
[7.162s] -- Up-to-date symlink: /home/zyme/ros_ws/Autoware_sim_test/install/tier4_localization_msgs/local/lib/python3.10/dist-packages/tier4_localization_msgs/tier4_localization_msgs_s__rosidl_typesupport_fastrtps_c.cpython-310-x86_64-linux-gnu.so
[7.162s] -- Up-to-date symlink: /home/zyme/ros_ws/Autoware_sim_test/install/tier4_localization_msgs/local/lib/python3.10/dist-packages/tier4_localization_msgs/tier4_localization_msgs_s__rosidl_typesupport_introspection_c.cpython-310-x86_64-linux-gnu.so
[7.162s] -- Up-to-date symlink: /home/zyme/ros_ws/Autoware_sim_test/install/tier4_localization_msgs/local/lib/python3.10/dist-packages/tier4_localization_msgs/tier4_localization_msgs_s__rosidl_typesupport_c.cpython-310-x86_64-linux-gnu.so
[7.162s] -- Up-to-date symlink: /home/zyme/ros_ws/Autoware_sim_test/install/tier4_localization_msgs/share/tier4_localization_msgs/srv/PoseWithCovarianceStamped.idl
[7.163s] -- Up-to-date symlink: /home/zyme/ros_ws/Autoware_sim_test/install/tier4_localization_msgs/share/tier4_localization_msgs/srv/PoseWithCovarianceStamped.srv
[7.163s] -- Up-to-date symlink: /home/zyme/ros_ws/Autoware_sim_test/install/tier4_localization_msgs/share/tier4_localization_msgs/srv/PoseWithCovarianceStamped_Request.msg
[7.163s] -- Up-to-date symlink: /home/zyme/ros_ws/Autoware_sim_test/install/tier4_localization_msgs/share/tier4_localization_msgs/srv/PoseWithCovarianceStamped_Response.msg
[7.163s] -- Up-to-date symlink: /home/zyme/ros_ws/Autoware_sim_test/install/tier4_localization_msgs/share/ament_index/resource_index/package_run_dependencies/tier4_localization_msgs
[7.163s] -- Up-to-date symlink: /home/zyme/ros_ws/Autoware_sim_test/install/tier4_localization_msgs/share/ament_index/resource_index/parent_prefix_path/tier4_localization_msgs
[7.163s] -- Up-to-date symlink: /home/zyme/ros_ws/Autoware_sim_test/install/tier4_localization_msgs/share/tier4_localization_msgs/environment/ament_prefix_path.sh
[7.164s] -- Up-to-date symlink: /home/zyme/ros_ws/Autoware_sim_test/install/tier4_localization_msgs/share/tier4_localization_msgs/environment/ament_prefix_path.dsv
[7.164s] -- Up-to-date symlink: /home/zyme/ros_ws/Autoware_sim_test/install/tier4_localization_msgs/share/tier4_localization_msgs/environment/path.sh
[7.164s] -- Up-to-date symlink: /home/zyme/ros_ws/Autoware_sim_test/install/tier4_localization_msgs/share/tier4_localization_msgs/environment/path.dsv
[7.164s] -- Up-to-date symlink: /home/zyme/ros_ws/Autoware_sim_test/install/tier4_localization_msgs/share/tier4_localization_msgs/local_setup.bash
[7.164s] -- Up-to-date symlink: /home/zyme/ros_ws/Autoware_sim_test/install/tier4_localization_msgs/share/tier4_localization_msgs/local_setup.sh
[7.164s] -- Up-to-date symlink: /home/zyme/ros_ws/Autoware_sim_test/install/tier4_localization_msgs/share/tier4_localization_msgs/local_setup.zsh
[7.164s] -- Up-to-date symlink: /home/zyme/ros_ws/Autoware_sim_test/install/tier4_localization_msgs/share/tier4_localization_msgs/local_setup.dsv
[7.165s] -- Symlinking: /home/zyme/ros_ws/Autoware_sim_test/install/tier4_localization_msgs/share/tier4_localization_msgs/package.dsv
[7.165s] -- Up-to-date symlink: /home/zyme/ros_ws/Autoware_sim_test/install/tier4_localization_msgs/share/ament_index/resource_index/packages/tier4_localization_msgs
[7.166s] -- Up-to-date symlink: /home/zyme/ros_ws/Autoware_sim_test/install/tier4_localization_msgs/share/tier4_localization_msgs/cmake/rosidl_cmake-extras.cmake
[7.167s] -- Up-to-date symlink: /home/zyme/ros_ws/Autoware_sim_test/install/tier4_localization_msgs/share/tier4_localization_msgs/cmake/ament_cmake_export_dependencies-extras.cmake
[7.169s] -- Up-to-date symlink: /home/zyme/ros_ws/Autoware_sim_test/install/tier4_localization_msgs/share/tier4_localization_msgs/cmake/ament_cmake_export_include_directories-extras.cmake
[7.169s] -- Up-to-date symlink: /home/zyme/ros_ws/Autoware_sim_test/install/tier4_localization_msgs/share/tier4_localization_msgs/cmake/ament_cmake_export_libraries-extras.cmake
[7.169s] -- Up-to-date symlink: /home/zyme/ros_ws/Autoware_sim_test/install/tier4_localization_msgs/share/tier4_localization_msgs/cmake/ament_cmake_export_targets-extras.cmake
[7.169s] -- Up-to-date symlink: /home/zyme/ros_ws/Autoware_sim_test/install/tier4_localization_msgs/share/tier4_localization_msgs/cmake/rosidl_cmake_export_typesupport_targets-extras.cmake
[7.169s] -- Up-to-date symlink: /home/zyme/ros_ws/Autoware_sim_test/install/tier4_localization_msgs/share/tier4_localization_msgs/cmake/rosidl_cmake_export_typesupport_libraries-extras.cmake
[7.170s] -- Up-to-date symlink: /home/zyme/ros_ws/Autoware_sim_test/install/tier4_localization_msgs/share/tier4_localization_msgs/cmake/tier4_localization_msgsConfig.cmake
[7.170s] -- Up-to-date symlink: /home/zyme/ros_ws/Autoware_sim_test/install/tier4_localization_msgs/share/tier4_localization_msgs/cmake/tier4_localization_msgsConfig-version.cmake
[7.171s] -- Up-to-date symlink: /home/zyme/ros_ws/Autoware_sim_test/install/tier4_localization_msgs/share/tier4_localization_msgs/package.xml
[7.171s] -- Up-to-date: /home/zyme/ros_ws/Autoware_sim_test/install/tier4_localization_msgs/lib/libtier4_localization_msgs__rosidl_generator_c.so
[7.172s] -- Up-to-date: /home/zyme/ros_ws/Autoware_sim_test/install/tier4_localization_msgs/lib/libtier4_localization_msgs__rosidl_typesupport_fastrtps_c.so
[7.172s] -- Up-to-date: /home/zyme/ros_ws/Autoware_sim_test/install/tier4_localization_msgs/lib/libtier4_localization_msgs__rosidl_typesupport_introspection_c.so
[7.172s] -- Up-to-date: /home/zyme/ros_ws/Autoware_sim_test/install/tier4_localization_msgs/lib/libtier4_localization_msgs__rosidl_typesupport_c.so
[7.172s] -- Up-to-date: /home/zyme/ros_ws/Autoware_sim_test/install/tier4_localization_msgs/lib/libtier4_localization_msgs__rosidl_typesupport_fastrtps_cpp.so
[7.173s] -- Up-to-date: /home/zyme/ros_ws/Autoware_sim_test/install/tier4_localization_msgs/lib/libtier4_localization_msgs__rosidl_typesupport_introspection_cpp.so
[7.176s] -- Up-to-date: /home/zyme/ros_ws/Autoware_sim_test/install/tier4_localization_msgs/lib/libtier4_localization_msgs__rosidl_typesupport_cpp.so
[7.176s] Listing '/home/zyme/ros_ws/Autoware_sim_test/install/tier4_localization_msgs/local/lib/python3.10/dist-packages/tier4_localization_msgs'...
[7.176s] Compiling '/home/zyme/ros_ws/Autoware_sim_test/install/tier4_localization_msgs/local/lib/python3.10/dist-packages/tier4_localization_msgs/__init__.py'...
[7.177s] Listing '/home/zyme/ros_ws/Autoware_sim_test/install/tier4_localization_msgs/local/lib/python3.10/dist-packages/tier4_localization_msgs/srv'...
[7.179s] -- Up-to-date: /home/zyme/ros_ws/Autoware_sim_test/install/tier4_localization_msgs/lib/libtier4_localization_msgs__rosidl_generator_py.so
[7.181s] -- Up-to-date: /home/zyme/ros_ws/Autoware_sim_test/install/tier4_localization_msgs/share/tier4_localization_msgs/cmake/export_tier4_localization_msgs__rosidl_generator_cExport.cmake
[7.182s] -- Up-to-date: /home/zyme/ros_ws/Autoware_sim_test/install/tier4_localization_msgs/share/tier4_localization_msgs/cmake/export_tier4_localization_msgs__rosidl_generator_cExport-release.cmake
[7.182s] -- Up-to-date: /home/zyme/ros_ws/Autoware_sim_test/install/tier4_localization_msgs/share/tier4_localization_msgs/cmake/export_tier4_localization_msgs__rosidl_typesupport_fastrtps_cExport.cmake
[7.182s] -- Up-to-date: /home/zyme/ros_ws/Autoware_sim_test/install/tier4_localization_msgs/share/tier4_localization_msgs/cmake/export_tier4_localization_msgs__rosidl_typesupport_fastrtps_cExport-release.cmake
[7.187s] -- Up-to-date: /home/zyme/ros_ws/Autoware_sim_test/install/tier4_localization_msgs/share/tier4_localization_msgs/cmake/tier4_localization_msgs__rosidl_typesupport_introspection_cExport.cmake
[7.187s] -- Up-to-date: /home/zyme/ros_ws/Autoware_sim_test/install/tier4_localization_msgs/share/tier4_localization_msgs/cmake/tier4_localization_msgs__rosidl_typesupport_introspection_cExport-release.cmake
[7.189s] -- Up-to-date: /home/zyme/ros_ws/Autoware_sim_test/install/tier4_localization_msgs/share/tier4_localization_msgs/cmake/tier4_localization_msgs__rosidl_typesupport_cExport.cmake
[7.189s] -- Up-to-date: /home/zyme/ros_ws/Autoware_sim_test/install/tier4_localization_msgs/share/tier4_localization_msgs/cmake/tier4_localization_msgs__rosidl_typesupport_cExport-release.cmake
[7.189s] -- Up-to-date: /home/zyme/ros_ws/Autoware_sim_test/install/tier4_localization_msgs/share/tier4_localization_msgs/cmake/export_tier4_localization_msgs__rosidl_generator_cppExport.cmake
[7.190s] -- Up-to-date: /home/zyme/ros_ws/Autoware_sim_test/install/tier4_localization_msgs/share/tier4_localization_msgs/cmake/export_tier4_localization_msgs__rosidl_typesupport_fastrtps_cppExport.cmake
[7.190s] -- Up-to-date: /home/zyme/ros_ws/Autoware_sim_test/install/tier4_localization_msgs/share/tier4_localization_msgs/cmake/export_tier4_localization_msgs__rosidl_typesupport_fastrtps_cppExport-release.cmake
[7.191s] -- Up-to-date: /home/zyme/ros_ws/Autoware_sim_test/install/tier4_localization_msgs/share/tier4_localization_msgs/cmake/tier4_localization_msgs__rosidl_typesupport_introspection_cppExport.cmake
[7.191s] -- Up-to-date: /home/zyme/ros_ws/Autoware_sim_test/install/tier4_localization_msgs/share/tier4_localization_msgs/cmake/tier4_localization_msgs__rosidl_typesupport_introspection_cppExport-release.cmake
[7.192s] -- Up-to-date: /home/zyme/ros_ws/Autoware_sim_test/install/tier4_localization_msgs/share/tier4_localization_msgs/cmake/tier4_localization_msgs__rosidl_typesupport_cppExport.cmake
[7.192s] -- Up-to-date: /home/zyme/ros_ws/Autoware_sim_test/install/tier4_localization_msgs/share/tier4_localization_msgs/cmake/tier4_localization_msgs__rosidl_typesupport_cppExport-release.cmake
[7.192s] -- Up-to-date: /home/zyme/ros_ws/Autoware_sim_test/install/tier4_localization_msgs/share/tier4_localization_msgs/cmake/export_tier4_localization_msgs__rosidl_generator_pyExport.cmake
[7.192s] -- Up-to-date: /home/zyme/ros_ws/Autoware_sim_test/install/tier4_localization_msgs/share/tier4_localization_msgs/cmake/export_tier4_localization_msgs__rosidl_generator_pyExport-release.cmake
[7.209s] Invoked command in '/home/zyme/ros_ws/Autoware_sim_test/build/tier4_localization_msgs' returned '0': CMAKE_PREFIX_PATH=/opt/ros/humble /usr/bin/cmake --install /home/zyme/ros_ws/Autoware_sim_test/build/tier4_localization_msgs
