[0.064s] Invoking command in '/home/zyme/ros_ws/Autoware_sim_test/build/autoware_auto_common': AMENT_PREFIX_PATH=/home/zyme/ros_ws/Autoware_sim_test/install/autoware_cmake:/home/zyme/ros_ws/Autoware_sim_test/install/autoware_lint_common:${AMENT_PREFIX_PATH} CMAKE_PREFIX_PATH=/home/zyme/ros_ws/Autoware_sim_test/install/autoware_cmake:/home/zyme/ros_ws/Autoware_sim_test/install/autoware_lint_common:/opt/ros/humble /usr/bin/cmake /home/zyme/ros_ws/Autoware_sim_test/src/autoware/src/universe/autoware.universe/common/autoware_auto_common -DCMAKE_BUILD_TYPE=Release -DCMAKE_CXX_FLAGS=-w -DAMENT_CMAKE_SYMLINK_INSTALL=1 -DCMAKE_INSTALL_PREFIX=/home/zyme/ros_ws/Autoware_sim_test/install/autoware_auto_common
[0.075s] -- Found autoware_cmake: 0.1.0 (/home/zyme/ros_ws/Autoware_sim_test/install/autoware_cmake/share/autoware_cmake/cmake)
[0.182s] -- Override CMake install command with custom implementation using symlinks instead of copying resources
[0.269s] -- Found rosidl_generator_c: 3.1.5 (/opt/ros/humble/share/rosidl_generator_c/cmake)
[0.272s] -- Found rosidl_adapter: 3.1.5 (/opt/ros/humble/share/rosidl_adapter/cmake)
[0.277s] -- Found rosidl_generator_cpp: 3.1.5 (/opt/ros/humble/share/rosidl_generator_cpp/cmake)
[0.288s] -- Using all available rosidl_typesupport_c: rosidl_typesupport_fastrtps_c;rosidl_typesupport_introspection_c
[0.304s] -- Using all available rosidl_typesupport_cpp: rosidl_typesupport_fastrtps_cpp;rosidl_typesupport_introspection_cpp
[0.329s] -- Found ament_lint_auto: 0.12.10 (/opt/ros/humble/share/ament_lint_auto/cmake)
[0.430s] -- Found gtest sources under '/opt/ros/humble/src/gtest_vendor': C++ tests using 'Google Test' will be built
[0.438s] -- Added test 'copyright' to check source files copyright and LICENSE
[0.440s] -- Added test 'cppcheck' to perform static code analysis on C / C++ code
[0.440s] -- Configured cppcheck include dirs: /home/zyme/ros_ws/Autoware_sim_test/src/autoware/src/universe/autoware.universe/common/autoware_auto_common/include
[0.440s] -- Configured cppcheck exclude dirs and/or files: 
[0.441s] -- Added test 'lint_cmake' to check CMake code style
[0.441s] -- Added test 'xmllint' to check XML markup files
[0.443s] -- Configuring done
[0.455s] -- Generating done
[0.456s] -- Build files have been written to: /home/zyme/ros_ws/Autoware_sim_test/build/autoware_auto_common
[0.461s] Invoked command in '/home/zyme/ros_ws/Autoware_sim_test/build/autoware_auto_common' returned '0': AMENT_PREFIX_PATH=/home/zyme/ros_ws/Autoware_sim_test/install/autoware_cmake:/home/zyme/ros_ws/Autoware_sim_test/install/autoware_lint_common:${AMENT_PREFIX_PATH} CMAKE_PREFIX_PATH=/home/zyme/ros_ws/Autoware_sim_test/install/autoware_cmake:/home/zyme/ros_ws/Autoware_sim_test/install/autoware_lint_common:/opt/ros/humble /usr/bin/cmake /home/zyme/ros_ws/Autoware_sim_test/src/autoware/src/universe/autoware.universe/common/autoware_auto_common -DCMAKE_BUILD_TYPE=Release -DCMAKE_CXX_FLAGS=-w -DAMENT_CMAKE_SYMLINK_INSTALL=1 -DCMAKE_INSTALL_PREFIX=/home/zyme/ros_ws/Autoware_sim_test/install/autoware_auto_common
[0.463s] Invoking command in '/home/zyme/ros_ws/Autoware_sim_test/build/autoware_auto_common': AMENT_PREFIX_PATH=/home/zyme/ros_ws/Autoware_sim_test/install/autoware_cmake:/home/zyme/ros_ws/Autoware_sim_test/install/autoware_lint_common:${AMENT_PREFIX_PATH} CMAKE_PREFIX_PATH=/home/zyme/ros_ws/Autoware_sim_test/install/autoware_cmake:/home/zyme/ros_ws/Autoware_sim_test/install/autoware_lint_common:/opt/ros/humble /usr/bin/cmake --build /home/zyme/ros_ws/Autoware_sim_test/build/autoware_auto_common -- -j12 -l12
[0.497s] [35m[1mConsolidate compiler generated dependencies of target gtest_main[0m
[0.497s] [35m[1mConsolidate compiler generated dependencies of target gtest[0m
[0.510s] [ 13%] Built target gtest_main
[0.511s] [ 26%] Built target gtest
[0.523s] [35m[1mConsolidate compiler generated dependencies of target test_common_gtest[0m
[0.547s] [100%] Built target test_common_gtest
[0.558s] Invoked command in '/home/zyme/ros_ws/Autoware_sim_test/build/autoware_auto_common' returned '0': AMENT_PREFIX_PATH=/home/zyme/ros_ws/Autoware_sim_test/install/autoware_cmake:/home/zyme/ros_ws/Autoware_sim_test/install/autoware_lint_common:${AMENT_PREFIX_PATH} CMAKE_PREFIX_PATH=/home/zyme/ros_ws/Autoware_sim_test/install/autoware_cmake:/home/zyme/ros_ws/Autoware_sim_test/install/autoware_lint_common:/opt/ros/humble /usr/bin/cmake --build /home/zyme/ros_ws/Autoware_sim_test/build/autoware_auto_common -- -j12 -l12
[0.605s] Invoking command in '/home/zyme/ros_ws/Autoware_sim_test/build/autoware_auto_common': AMENT_PREFIX_PATH=/home/zyme/ros_ws/Autoware_sim_test/install/autoware_cmake:/home/zyme/ros_ws/Autoware_sim_test/install/autoware_lint_common:${AMENT_PREFIX_PATH} CMAKE_PREFIX_PATH=/home/zyme/ros_ws/Autoware_sim_test/install/autoware_cmake:/home/zyme/ros_ws/Autoware_sim_test/install/autoware_lint_common:/opt/ros/humble /usr/bin/cmake --install /home/zyme/ros_ws/Autoware_sim_test/build/autoware_auto_common
[0.612s] -- Install configuration: "Release"
[0.612s] -- Execute custom install script
[0.613s] -- Up-to-date symlink: /home/zyme/ros_ws/Autoware_sim_test/install/autoware_auto_common/include/common/type_traits.hpp
[0.613s] -- Up-to-date symlink: /home/zyme/ros_ws/Autoware_sim_test/install/autoware_auto_common/include/common/types.hpp
[0.613s] -- Up-to-date symlink: /home/zyme/ros_ws/Autoware_sim_test/install/autoware_auto_common/include/common/visibility_control.hpp
[0.613s] -- Up-to-date symlink: /home/zyme/ros_ws/Autoware_sim_test/install/autoware_auto_common/include/helper_functions/angle_utils.hpp
[0.613s] -- Up-to-date symlink: /home/zyme/ros_ws/Autoware_sim_test/install/autoware_auto_common/include/helper_functions/bool_comparisons.hpp
[0.613s] -- Up-to-date symlink: /home/zyme/ros_ws/Autoware_sim_test/install/autoware_auto_common/include/helper_functions/byte_reader.hpp
[0.614s] -- Up-to-date symlink: /home/zyme/ros_ws/Autoware_sim_test/install/autoware_auto_common/include/helper_functions/crtp.hpp
[0.614s] -- Up-to-date symlink: /home/zyme/ros_ws/Autoware_sim_test/install/autoware_auto_common/include/helper_functions/float_comparisons.hpp
[0.614s] -- Up-to-date symlink: /home/zyme/ros_ws/Autoware_sim_test/install/autoware_auto_common/include/helper_functions/mahalanobis_distance.hpp
[0.614s] -- Up-to-date symlink: /home/zyme/ros_ws/Autoware_sim_test/install/autoware_auto_common/include/helper_functions/message_adapters.hpp
[0.614s] -- Up-to-date symlink: /home/zyme/ros_ws/Autoware_sim_test/install/autoware_auto_common/include/helper_functions/template_utils.hpp
[0.614s] -- Up-to-date symlink: /home/zyme/ros_ws/Autoware_sim_test/install/autoware_auto_common/include/helper_functions/type_name.hpp
[0.614s] -- Up-to-date symlink: /home/zyme/ros_ws/Autoware_sim_test/install/autoware_auto_common/share/ament_index/resource_index/package_run_dependencies/autoware_auto_common
[0.615s] -- Up-to-date symlink: /home/zyme/ros_ws/Autoware_sim_test/install/autoware_auto_common/share/ament_index/resource_index/parent_prefix_path/autoware_auto_common
[0.615s] -- Up-to-date symlink: /home/zyme/ros_ws/Autoware_sim_test/install/autoware_auto_common/share/autoware_auto_common/environment/ament_prefix_path.sh
[0.615s] -- Up-to-date symlink: /home/zyme/ros_ws/Autoware_sim_test/install/autoware_auto_common/share/autoware_auto_common/environment/ament_prefix_path.dsv
[0.615s] -- Up-to-date symlink: /home/zyme/ros_ws/Autoware_sim_test/install/autoware_auto_common/share/autoware_auto_common/environment/path.sh
[0.615s] -- Up-to-date symlink: /home/zyme/ros_ws/Autoware_sim_test/install/autoware_auto_common/share/autoware_auto_common/environment/path.dsv
[0.615s] -- Up-to-date symlink: /home/zyme/ros_ws/Autoware_sim_test/install/autoware_auto_common/share/autoware_auto_common/local_setup.bash
[0.616s] -- Up-to-date symlink: /home/zyme/ros_ws/Autoware_sim_test/install/autoware_auto_common/share/autoware_auto_common/local_setup.sh
[0.616s] -- Up-to-date symlink: /home/zyme/ros_ws/Autoware_sim_test/install/autoware_auto_common/share/autoware_auto_common/local_setup.zsh
[0.616s] -- Up-to-date symlink: /home/zyme/ros_ws/Autoware_sim_test/install/autoware_auto_common/share/autoware_auto_common/local_setup.dsv
[0.616s] -- Symlinking: /home/zyme/ros_ws/Autoware_sim_test/install/autoware_auto_common/share/autoware_auto_common/package.dsv
[0.624s] -- Up-to-date symlink: /home/zyme/ros_ws/Autoware_sim_test/install/autoware_auto_common/share/ament_index/resource_index/packages/autoware_auto_common
[0.624s] -- Up-to-date symlink: /home/zyme/ros_ws/Autoware_sim_test/install/autoware_auto_common/share/autoware_auto_common/cmake/ament_cmake_export_dependencies-extras.cmake
[0.624s] -- Up-to-date symlink: /home/zyme/ros_ws/Autoware_sim_test/install/autoware_auto_common/share/autoware_auto_common/cmake/ament_cmake_export_include_directories-extras.cmake
[0.624s] -- Up-to-date symlink: /home/zyme/ros_ws/Autoware_sim_test/install/autoware_auto_common/share/autoware_auto_common/cmake/autoware_auto_commonConfig.cmake
[0.625s] -- Up-to-date symlink: /home/zyme/ros_ws/Autoware_sim_test/install/autoware_auto_common/share/autoware_auto_common/cmake/autoware_auto_commonConfig-version.cmake
[0.625s] -- Up-to-date symlink: /home/zyme/ros_ws/Autoware_sim_test/install/autoware_auto_common/share/autoware_auto_common/package.xml
[0.627s] Invoked command in '/home/zyme/ros_ws/Autoware_sim_test/build/autoware_auto_common' returned '0': AMENT_PREFIX_PATH=/home/zyme/ros_ws/Autoware_sim_test/install/autoware_cmake:/home/zyme/ros_ws/Autoware_sim_test/install/autoware_lint_common:${AMENT_PREFIX_PATH} CMAKE_PREFIX_PATH=/home/zyme/ros_ws/Autoware_sim_test/install/autoware_cmake:/home/zyme/ros_ws/Autoware_sim_test/install/autoware_lint_common:/opt/ros/humble /usr/bin/cmake --install /home/zyme/ros_ws/Autoware_sim_test/build/autoware_auto_common
