[0.064s] Invoking command in '/home/zyme/ros_ws/Autoware_sim_test/build/tier4_api_utils': AMENT_PREFIX_PATH=/home/zyme/ros_ws/Autoware_sim_test/install/autoware_cmake:/home/zyme/ros_ws/Autoware_sim_test/install/tier4_external_api_msgs:/home/zyme/ros_ws/Autoware_sim_test/install/autoware_lint_common:${AMENT_PREFIX_PATH} CMAKE_PREFIX_PATH=/home/zyme/ros_ws/Autoware_sim_test/install/autoware_cmake:/home/zyme/ros_ws/Autoware_sim_test/install/tier4_external_api_msgs:/home/zyme/ros_ws/Autoware_sim_test/install/autoware_lint_common:/opt/ros/humble LD_LIBRARY_PATH=/home/zyme/ros_ws/Autoware_sim_test/install/tier4_external_api_msgs/lib:${LD_LIBRARY_PATH} PYTHONPATH=/home/zyme/ros_ws/Autoware_sim_test/install/tier4_external_api_msgs/local/lib/python3.10/dist-packages:${PYTHONPATH} /usr/bin/cmake /home/zyme/ros_ws/Autoware_sim_test/src/autoware/src/universe/autoware.universe/common/tier4_api_utils -DCMAKE_BUILD_TYPE=Release -DCMAKE_CXX_FLAGS=-w -DAMENT_CMAKE_SYMLINK_INSTALL=1 -DCMAKE_INSTALL_PREFIX=/home/zyme/ros_ws/Autoware_sim_test/install/tier4_api_utils
[0.075s] -- Found autoware_cmake: 0.1.0 (/home/zyme/ros_ws/Autoware_sim_test/install/autoware_cmake/share/autoware_cmake/cmake)
[0.184s] -- Override CMake install command with custom implementation using symlinks instead of copying resources
[0.275s] -- Found rosidl_generator_c: 3.1.5 (/opt/ros/humble/share/rosidl_generator_c/cmake)
[0.277s] -- Found rosidl_adapter: 3.1.5 (/opt/ros/humble/share/rosidl_adapter/cmake)
[0.283s] -- Found rosidl_generator_cpp: 3.1.5 (/opt/ros/humble/share/rosidl_generator_cpp/cmake)
[0.294s] -- Using all available rosidl_typesupport_c: rosidl_typesupport_fastrtps_c;rosidl_typesupport_introspection_c
[0.308s] -- Using all available rosidl_typesupport_cpp: rosidl_typesupport_fastrtps_cpp;rosidl_typesupport_introspection_cpp
[0.365s] -- Found rmw_implementation_cmake: 6.1.1 (/opt/ros/humble/share/rmw_implementation_cmake/cmake)
[0.366s] -- Found rmw_cyclonedds_cpp: 1.3.4 (/opt/ros/humble/share/rmw_cyclonedds_cpp/cmake)
[0.395s] -- Using RMW implementation 'rmw_cyclonedds_cpp' as default
[0.735s] -- Found ament_lint_auto: 0.12.10 (/opt/ros/humble/share/ament_lint_auto/cmake)
[0.741s] -- Found gtest sources under '/opt/ros/humble/src/gtest_vendor': C++ tests using 'Google Test' will be built
[0.750s] -- Added test 'copyright' to check source files copyright and LICENSE
[0.751s] -- Added test 'cppcheck' to perform static code analysis on C / C++ code
[0.751s] -- Configured cppcheck include dirs: /home/zyme/ros_ws/Autoware_sim_test/src/autoware/src/universe/autoware.universe/common/tier4_api_utils/include
[0.751s] -- Configured cppcheck exclude dirs and/or files: 
[0.752s] -- Added test 'lint_cmake' to check CMake code style
[0.752s] -- Added test 'xmllint' to check XML markup files
[0.754s] -- Configuring done
[0.767s] -- Generating done
[0.769s] -- Build files have been written to: /home/zyme/ros_ws/Autoware_sim_test/build/tier4_api_utils
[0.775s] Invoked command in '/home/zyme/ros_ws/Autoware_sim_test/build/tier4_api_utils' returned '0': AMENT_PREFIX_PATH=/home/zyme/ros_ws/Autoware_sim_test/install/autoware_cmake:/home/zyme/ros_ws/Autoware_sim_test/install/tier4_external_api_msgs:/home/zyme/ros_ws/Autoware_sim_test/install/autoware_lint_common:${AMENT_PREFIX_PATH} CMAKE_PREFIX_PATH=/home/zyme/ros_ws/Autoware_sim_test/install/autoware_cmake:/home/zyme/ros_ws/Autoware_sim_test/install/tier4_external_api_msgs:/home/zyme/ros_ws/Autoware_sim_test/install/autoware_lint_common:/opt/ros/humble LD_LIBRARY_PATH=/home/zyme/ros_ws/Autoware_sim_test/install/tier4_external_api_msgs/lib:${LD_LIBRARY_PATH} PYTHONPATH=/home/zyme/ros_ws/Autoware_sim_test/install/tier4_external_api_msgs/local/lib/python3.10/dist-packages:${PYTHONPATH} /usr/bin/cmake /home/zyme/ros_ws/Autoware_sim_test/src/autoware/src/universe/autoware.universe/common/tier4_api_utils -DCMAKE_BUILD_TYPE=Release -DCMAKE_CXX_FLAGS=-w -DAMENT_CMAKE_SYMLINK_INSTALL=1 -DCMAKE_INSTALL_PREFIX=/home/zyme/ros_ws/Autoware_sim_test/install/tier4_api_utils
[0.777s] Invoking command in '/home/zyme/ros_ws/Autoware_sim_test/build/tier4_api_utils': AMENT_PREFIX_PATH=/home/zyme/ros_ws/Autoware_sim_test/install/autoware_cmake:/home/zyme/ros_ws/Autoware_sim_test/install/tier4_external_api_msgs:/home/zyme/ros_ws/Autoware_sim_test/install/autoware_lint_common:${AMENT_PREFIX_PATH} CMAKE_PREFIX_PATH=/home/zyme/ros_ws/Autoware_sim_test/install/autoware_cmake:/home/zyme/ros_ws/Autoware_sim_test/install/tier4_external_api_msgs:/home/zyme/ros_ws/Autoware_sim_test/install/autoware_lint_common:/opt/ros/humble LD_LIBRARY_PATH=/home/zyme/ros_ws/Autoware_sim_test/install/tier4_external_api_msgs/lib:${LD_LIBRARY_PATH} PYTHONPATH=/home/zyme/ros_ws/Autoware_sim_test/install/tier4_external_api_msgs/local/lib/python3.10/dist-packages:${PYTHONPATH} /usr/bin/cmake --build /home/zyme/ros_ws/Autoware_sim_test/build/tier4_api_utils -- -j12 -l12
[0.814s] [35m[1mConsolidate compiler generated dependencies of target gtest_main[0m
[0.814s] [35m[1mConsolidate compiler generated dependencies of target gtest[0m
[0.828s] [ 66%] Built target gtest_main
[0.828s] [ 66%] Built target gtest
[0.838s] [35m[1mConsolidate compiler generated dependencies of target tier4_api_utils_test[0m
[0.855s] [100%] Built target tier4_api_utils_test
[0.867s] Invoked command in '/home/zyme/ros_ws/Autoware_sim_test/build/tier4_api_utils' returned '0': AMENT_PREFIX_PATH=/home/zyme/ros_ws/Autoware_sim_test/install/autoware_cmake:/home/zyme/ros_ws/Autoware_sim_test/install/tier4_external_api_msgs:/home/zyme/ros_ws/Autoware_sim_test/install/autoware_lint_common:${AMENT_PREFIX_PATH} CMAKE_PREFIX_PATH=/home/zyme/ros_ws/Autoware_sim_test/install/autoware_cmake:/home/zyme/ros_ws/Autoware_sim_test/install/tier4_external_api_msgs:/home/zyme/ros_ws/Autoware_sim_test/install/autoware_lint_common:/opt/ros/humble LD_LIBRARY_PATH=/home/zyme/ros_ws/Autoware_sim_test/install/tier4_external_api_msgs/lib:${LD_LIBRARY_PATH} PYTHONPATH=/home/zyme/ros_ws/Autoware_sim_test/install/tier4_external_api_msgs/local/lib/python3.10/dist-packages:${PYTHONPATH} /usr/bin/cmake --build /home/zyme/ros_ws/Autoware_sim_test/build/tier4_api_utils -- -j12 -l12
[0.893s] Invoking command in '/home/zyme/ros_ws/Autoware_sim_test/build/tier4_api_utils': AMENT_PREFIX_PATH=/home/zyme/ros_ws/Autoware_sim_test/install/autoware_cmake:/home/zyme/ros_ws/Autoware_sim_test/install/tier4_external_api_msgs:/home/zyme/ros_ws/Autoware_sim_test/install/autoware_lint_common:${AMENT_PREFIX_PATH} CMAKE_PREFIX_PATH=/home/zyme/ros_ws/Autoware_sim_test/install/autoware_cmake:/home/zyme/ros_ws/Autoware_sim_test/install/tier4_external_api_msgs:/home/zyme/ros_ws/Autoware_sim_test/install/autoware_lint_common:/opt/ros/humble LD_LIBRARY_PATH=/home/zyme/ros_ws/Autoware_sim_test/install/tier4_external_api_msgs/lib:${LD_LIBRARY_PATH} PYTHONPATH=/home/zyme/ros_ws/Autoware_sim_test/install/tier4_external_api_msgs/local/lib/python3.10/dist-packages:${PYTHONPATH} /usr/bin/cmake --install /home/zyme/ros_ws/Autoware_sim_test/build/tier4_api_utils
[0.899s] -- Install configuration: "Release"
[0.900s] -- Execute custom install script
[0.900s] -- Up-to-date symlink: /home/zyme/ros_ws/Autoware_sim_test/install/tier4_api_utils/include/tier4_api_utils/rclcpp/client.hpp
[0.900s] -- Up-to-date symlink: /home/zyme/ros_ws/Autoware_sim_test/install/tier4_api_utils/include/tier4_api_utils/rclcpp/proxy.hpp
[0.900s] -- Up-to-date symlink: /home/zyme/ros_ws/Autoware_sim_test/install/tier4_api_utils/include/tier4_api_utils/rclcpp/service.hpp
[0.900s] -- Up-to-date symlink: /home/zyme/ros_ws/Autoware_sim_test/install/tier4_api_utils/include/tier4_api_utils/tier4_api_utils.hpp
[0.901s] -- Up-to-date symlink: /home/zyme/ros_ws/Autoware_sim_test/install/tier4_api_utils/include/tier4_api_utils/types/response.hpp
[0.901s] -- Up-to-date symlink: /home/zyme/ros_ws/Autoware_sim_test/install/tier4_api_utils/share/ament_index/resource_index/package_run_dependencies/tier4_api_utils
[0.901s] -- Up-to-date symlink: /home/zyme/ros_ws/Autoware_sim_test/install/tier4_api_utils/share/ament_index/resource_index/parent_prefix_path/tier4_api_utils
[0.901s] -- Up-to-date symlink: /home/zyme/ros_ws/Autoware_sim_test/install/tier4_api_utils/share/tier4_api_utils/environment/ament_prefix_path.sh
[0.902s] -- Up-to-date symlink: /home/zyme/ros_ws/Autoware_sim_test/install/tier4_api_utils/share/tier4_api_utils/environment/ament_prefix_path.dsv
[0.902s] -- Up-to-date symlink: /home/zyme/ros_ws/Autoware_sim_test/install/tier4_api_utils/share/tier4_api_utils/environment/path.sh
[0.902s] -- Up-to-date symlink: /home/zyme/ros_ws/Autoware_sim_test/install/tier4_api_utils/share/tier4_api_utils/environment/path.dsv
[0.902s] -- Up-to-date symlink: /home/zyme/ros_ws/Autoware_sim_test/install/tier4_api_utils/share/tier4_api_utils/local_setup.bash
[0.902s] -- Up-to-date symlink: /home/zyme/ros_ws/Autoware_sim_test/install/tier4_api_utils/share/tier4_api_utils/local_setup.sh
[0.902s] -- Up-to-date symlink: /home/zyme/ros_ws/Autoware_sim_test/install/tier4_api_utils/share/tier4_api_utils/local_setup.zsh
[0.903s] -- Up-to-date symlink: /home/zyme/ros_ws/Autoware_sim_test/install/tier4_api_utils/share/tier4_api_utils/local_setup.dsv
[0.903s] -- Symlinking: /home/zyme/ros_ws/Autoware_sim_test/install/tier4_api_utils/share/tier4_api_utils/package.dsv
[0.911s] -- Up-to-date symlink: /home/zyme/ros_ws/Autoware_sim_test/install/tier4_api_utils/share/ament_index/resource_index/packages/tier4_api_utils
[0.912s] -- Up-to-date symlink: /home/zyme/ros_ws/Autoware_sim_test/install/tier4_api_utils/share/tier4_api_utils/cmake/ament_cmake_export_dependencies-extras.cmake
[0.912s] -- Up-to-date symlink: /home/zyme/ros_ws/Autoware_sim_test/install/tier4_api_utils/share/tier4_api_utils/cmake/ament_cmake_export_include_directories-extras.cmake
[0.912s] -- Up-to-date symlink: /home/zyme/ros_ws/Autoware_sim_test/install/tier4_api_utils/share/tier4_api_utils/cmake/tier4_api_utilsConfig.cmake
[0.912s] -- Up-to-date symlink: /home/zyme/ros_ws/Autoware_sim_test/install/tier4_api_utils/share/tier4_api_utils/cmake/tier4_api_utilsConfig-version.cmake
[0.912s] -- Up-to-date symlink: /home/zyme/ros_ws/Autoware_sim_test/install/tier4_api_utils/share/tier4_api_utils/package.xml
[0.914s] Invoked command in '/home/zyme/ros_ws/Autoware_sim_test/build/tier4_api_utils' returned '0': AMENT_PREFIX_PATH=/home/zyme/ros_ws/Autoware_sim_test/install/autoware_cmake:/home/zyme/ros_ws/Autoware_sim_test/install/tier4_external_api_msgs:/home/zyme/ros_ws/Autoware_sim_test/install/autoware_lint_common:${AMENT_PREFIX_PATH} CMAKE_PREFIX_PATH=/home/zyme/ros_ws/Autoware_sim_test/install/autoware_cmake:/home/zyme/ros_ws/Autoware_sim_test/install/tier4_external_api_msgs:/home/zyme/ros_ws/Autoware_sim_test/install/autoware_lint_common:/opt/ros/humble LD_LIBRARY_PATH=/home/zyme/ros_ws/Autoware_sim_test/install/tier4_external_api_msgs/lib:${LD_LIBRARY_PATH} PYTHONPATH=/home/zyme/ros_ws/Autoware_sim_test/install/tier4_external_api_msgs/local/lib/python3.10/dist-packages:${PYTHONPATH} /usr/bin/cmake --install /home/zyme/ros_ws/Autoware_sim_test/build/tier4_api_utils
