[0.088s] Invoking command in '/home/zyme/ros_ws/Autoware_sim_test/build/frenet_planner': AMENT_PREFIX_PATH=/home/zyme/ros_ws/Autoware_sim_test/install/sampler_common:/home/zyme/ros_ws/Autoware_sim_test/install/interpolation:/home/zyme/ros_ws/Autoware_sim_test/install/tier4_autoware_utils:/home/zyme/ros_ws/Autoware_sim_test/install/autoware_auto_vehicle_msgs:/home/zyme/ros_ws/Autoware_sim_test/install/autoware_auto_common:/home/zyme/ros_ws/Autoware_sim_test/install/autoware_cmake:/home/zyme/ros_ws/Autoware_sim_test/install/autoware_auto_planning_msgs:/home/zyme/ros_ws/Autoware_sim_test/install/autoware_auto_perception_msgs:/home/zyme/ros_ws/Autoware_sim_test/install/tier4_debug_msgs:/home/zyme/ros_ws/Autoware_sim_test/install/autoware_lint_common:/home/zyme/ros_ws/Autoware_sim_test/install/autoware_auto_mapping_msgs:/home/zyme/ros_ws/Autoware_sim_test/install/autoware_auto_geometry_msgs:${AMENT_PREFIX_PATH} CMAKE_PREFIX_PATH=/home/zyme/ros_ws/Autoware_sim_test/install/sampler_common:/home/zyme/ros_ws/Autoware_sim_test/install/interpolation:/home/zyme/ros_ws/Autoware_sim_test/install/tier4_autoware_utils:/home/zyme/ros_ws/Autoware_sim_test/install/autoware_auto_vehicle_msgs:/home/zyme/ros_ws/Autoware_sim_test/install/autoware_auto_common:/home/zyme/ros_ws/Autoware_sim_test/install/autoware_cmake:/home/zyme/ros_ws/Autoware_sim_test/install/autoware_auto_planning_msgs:/home/zyme/ros_ws/Autoware_sim_test/install/autoware_auto_perception_msgs:/home/zyme/ros_ws/Autoware_sim_test/install/tier4_debug_msgs:/home/zyme/ros_ws/Autoware_sim_test/install/autoware_lint_common:/home/zyme/ros_ws/Autoware_sim_test/install/autoware_auto_mapping_msgs:/home/zyme/ros_ws/Autoware_sim_test/install/autoware_auto_geometry_msgs:/opt/ros/humble LD_LIBRARY_PATH=/home/zyme/ros_ws/Autoware_sim_test/install/sampler_common/lib:/home/zyme/ros_ws/Autoware_sim_test/install/interpolation/lib:/home/zyme/ros_ws/Autoware_sim_test/install/tier4_autoware_utils/lib:/home/zyme/ros_ws/Autoware_sim_test/install/autoware_auto_vehicle_msgs/lib:/home/zyme/ros_ws/Autoware_sim_test/install/autoware_auto_planning_msgs/lib:/home/zyme/ros_ws/Autoware_sim_test/install/autoware_auto_perception_msgs/lib:/home/zyme/ros_ws/Autoware_sim_test/install/tier4_debug_msgs/lib:/home/zyme/ros_ws/Autoware_sim_test/install/autoware_auto_mapping_msgs/lib:/home/zyme/ros_ws/Autoware_sim_test/install/autoware_auto_geometry_msgs/lib:${LD_LIBRARY_PATH} PYTHONPATH=/home/zyme/ros_ws/Autoware_sim_test/install/autoware_auto_vehicle_msgs/local/lib/python3.10/dist-packages:/home/zyme/ros_ws/Autoware_sim_test/install/autoware_auto_planning_msgs/local/lib/python3.10/dist-packages:/home/zyme/ros_ws/Autoware_sim_test/install/autoware_auto_perception_msgs/local/lib/python3.10/dist-packages:/home/zyme/ros_ws/Autoware_sim_test/install/tier4_debug_msgs/local/lib/python3.10/dist-packages:/home/zyme/ros_ws/Autoware_sim_test/install/autoware_auto_mapping_msgs/local/lib/python3.10/dist-packages:/home/zyme/ros_ws/Autoware_sim_test/install/autoware_auto_geometry_msgs/local/lib/python3.10/dist-packages:${PYTHONPATH} /usr/bin/cmake /home/zyme/ros_ws/Autoware_sim_test/src/autoware/src/universe/autoware.universe/planning/sampling_based_planner/frenet_planner -DCMAKE_BUILD_TYPE=Release -DCMAKE_CXX_FLAGS=-w -DAMENT_CMAKE_SYMLINK_INSTALL=1 -DCMAKE_INSTALL_PREFIX=/home/zyme/ros_ws/Autoware_sim_test/install/frenet_planner
[0.154s] -- The C compiler identification is GNU 11.4.0
[0.235s] -- The CXX compiler identification is GNU 11.4.0
[0.243s] -- Detecting C compiler ABI info
[0.317s] -- Detecting C compiler ABI info - done
[0.325s] -- Check for working C compiler: /usr/bin/cc - skipped
[0.325s] -- Detecting C compile features
[0.325s] -- Detecting C compile features - done
[0.328s] -- Detecting CXX compiler ABI info
[0.411s] -- Detecting CXX compiler ABI info - done
[0.419s] -- Check for working CXX compiler: /usr/bin/c++ - skipped
[0.419s] -- Detecting CXX compile features
[0.420s] -- Detecting CXX compile features - done
[0.422s] -- Found autoware_cmake: 0.1.0 (/home/zyme/ros_ws/Autoware_sim_test/install/autoware_cmake/share/autoware_cmake/cmake)
[0.584s] -- Found Python3: /usr/bin/python3 (found version "3.10.12") found components: Interpreter 
[0.648s] -- Override CMake install command with custom implementation using symlinks instead of copying resources
[0.812s] -- Found rosidl_generator_c: 3.1.5 (/opt/ros/humble/share/rosidl_generator_c/cmake)
[0.820s] -- Found rosidl_adapter: 3.1.5 (/opt/ros/humble/share/rosidl_adapter/cmake)
[0.831s] -- Found rosidl_generator_cpp: 3.1.5 (/opt/ros/humble/share/rosidl_generator_cpp/cmake)
[0.849s] -- Using all available rosidl_typesupport_c: rosidl_typesupport_fastrtps_c;rosidl_typesupport_introspection_c
[0.874s] -- Using all available rosidl_typesupport_cpp: rosidl_typesupport_fastrtps_cpp;rosidl_typesupport_introspection_cpp
[2.400s] -- Found rmw_implementation_cmake: 6.1.1 (/opt/ros/humble/share/rmw_implementation_cmake/cmake)
[2.404s] -- Found rmw_cyclonedds_cpp: 1.3.4 (/opt/ros/humble/share/rmw_cyclonedds_cpp/cmake)
[2.449s] -- Using RMW implementation 'rmw_cyclonedds_cpp' as default
[2.464s] -- Looking for pthread.h
[2.540s] -- Looking for pthread.h - found
[2.541s] -- Performing Test CMAKE_HAVE_LIBC_PTHREAD
[2.619s] -- Performing Test CMAKE_HAVE_LIBC_PTHREAD - Success
[2.620s] -- Found Threads: TRUE  
[3.193s] -- Found eigen3_cmake_module: 0.1.1 (/opt/ros/humble/share/eigen3_cmake_module/cmake)
[3.194s] -- Found Eigen3: TRUE (found version "3.4.0") 
[3.194s] -- Ensuring Eigen3 include directory is part of orocos-kdl CMake target
[3.555s] -- Checking for module 'eigen3'
[3.570s] --   Found eigen3, version 3.4.0
[3.607s] -- Found Eigen: /usr/include/eigen3 (Required is at least version "3.1") 
[3.607s] -- Eigen found (include: /usr/include/eigen3, version: 3.4.0)
[3.657s] -- Checking for module 'flann'
[3.671s] --   Found flann, version 1.9.1
[3.718s] -- Found FLANN: /usr/lib/x86_64-linux-gnu/libflann_cpp.so  
[3.718s] -- FLANN found (include: /usr/include, lib: /usr/lib/x86_64-linux-gnu/libflann_cpp.so)
[4.723s] -- Checking for module 'libusb-1.0'
[4.740s] --   Found libusb-1.0, version 1.0.25
[4.782s] -- Found libusb: /usr/lib/x86_64-linux-gnu/libusb-1.0.so  
[4.783s] -- OpenNI found (version: 1.5.4.0, include: /usr/include/ni, lib: /usr/lib/libOpenNI.so;libusb::libusb)
[4.847s] -- OpenNI2 found (version: 2.2.0.33, include: /usr/include/openni2, lib: /usr/lib/x86_64-linux-gnu/libOpenNI2.so;libusb::libusb)
[5.008s] -- Eigen found (include: /usr/include/eigen3, version: 3.4.0)
[5.015s] -- OpenNI found (version: 1.5.4.0, include: /usr/include/ni, lib: /usr/lib/libOpenNI.so;libusb::libusb)
[5.023s] -- OpenNI2 found (version: 2.2.0.33, include: /usr/include/openni2, lib: /usr/lib/x86_64-linux-gnu/libOpenNI2.so;libusb::libusb)
[5.176s] -- Found Qhull version 8.0.2
[5.341s] -- OpenNI found (version: 1.5.4.0, include: /usr/include/ni, lib: /usr/lib/libOpenNI.so;libusb::libusb)
[5.495s] -- Found PCL_COMMON: /usr/lib/x86_64-linux-gnu/libpcl_common.so  
[5.496s] -- Found PCL_KDTREE: /usr/lib/x86_64-linux-gnu/libpcl_kdtree.so  
[5.497s] -- Found PCL_OCTREE: /usr/lib/x86_64-linux-gnu/libpcl_octree.so  
[5.497s] -- Found PCL_SEARCH: /usr/lib/x86_64-linux-gnu/libpcl_search.so  
[5.498s] -- Found PCL_SAMPLE_CONSENSUS: /usr/lib/x86_64-linux-gnu/libpcl_sample_consensus.so  
[5.499s] -- Found PCL_FILTERS: /usr/lib/x86_64-linux-gnu/libpcl_filters.so  
[5.500s] -- Found PCL_2D: /usr/include/pcl-1.12  
[5.500s] -- Found PCL_GEOMETRY: /usr/include/pcl-1.12  
[5.501s] -- Found PCL_IO: /usr/lib/x86_64-linux-gnu/libpcl_io.so  
[5.502s] -- Found PCL_FEATURES: /usr/lib/x86_64-linux-gnu/libpcl_features.so  
[5.503s] -- Found PCL_ML: /usr/lib/x86_64-linux-gnu/libpcl_ml.so  
[5.504s] -- Found PCL_SEGMENTATION: /usr/lib/x86_64-linux-gnu/libpcl_segmentation.so  
[5.505s] -- Found PCL_VISUALIZATION: /usr/lib/x86_64-linux-gnu/libpcl_visualization.so  
[5.506s] -- Found PCL_SURFACE: /usr/lib/x86_64-linux-gnu/libpcl_surface.so  
[5.507s] -- Found PCL_REGISTRATION: /usr/lib/x86_64-linux-gnu/libpcl_registration.so  
[5.508s] -- Found PCL_KEYPOINTS: /usr/lib/x86_64-linux-gnu/libpcl_keypoints.so  
[5.509s] -- Found PCL_TRACKING: /usr/lib/x86_64-linux-gnu/libpcl_tracking.so  
[5.510s] -- Found PCL_RECOGNITION: /usr/lib/x86_64-linux-gnu/libpcl_recognition.so  
[5.511s] -- Found PCL_STEREO: /usr/lib/x86_64-linux-gnu/libpcl_stereo.so  
[5.512s] -- Found PCL_APPS: /usr/lib/x86_64-linux-gnu/libpcl_apps.so  
[5.513s] -- Found PCL_IN_HAND_SCANNER: /usr/include/pcl-1.12  
[5.513s] -- Found PCL_MODELER: /usr/include/pcl-1.12  
[5.514s] -- Found PCL_POINT_CLOUD_EDITOR: /usr/include/pcl-1.12  
[5.516s] -- Found PCL_OUTOFCORE: /usr/lib/x86_64-linux-gnu/libpcl_outofcore.so  
[5.517s] -- Found PCL_PEOPLE: /usr/lib/x86_64-linux-gnu/libpcl_people.so  
[7.297s] -- Found ament_lint_auto: 0.12.10 (/opt/ros/humble/share/ament_lint_auto/cmake)
[7.423s] -- Added test 'copyright' to check source files copyright and LICENSE
[7.425s] -- Added test 'cppcheck' to perform static code analysis on C / C++ code
[7.426s] -- Configured cppcheck include dirs: /home/zyme/ros_ws/Autoware_sim_test/src/autoware/src/universe/autoware.universe/planning/sampling_based_planner/frenet_planner/include
[7.426s] -- Configured cppcheck exclude dirs and/or files: 
[7.427s] -- Added test 'lint_cmake' to check CMake code style
[7.427s] -- Added test 'xmllint' to check XML markup files
[7.431s] -- Configuring done
[7.530s] -- Generating done
[7.533s] -- Build files have been written to: /home/zyme/ros_ws/Autoware_sim_test/build/frenet_planner
[7.551s] Invoked command in '/home/zyme/ros_ws/Autoware_sim_test/build/frenet_planner' returned '0': AMENT_PREFIX_PATH=/home/zyme/ros_ws/Autoware_sim_test/install/sampler_common:/home/zyme/ros_ws/Autoware_sim_test/install/interpolation:/home/zyme/ros_ws/Autoware_sim_test/install/tier4_autoware_utils:/home/zyme/ros_ws/Autoware_sim_test/install/autoware_auto_vehicle_msgs:/home/zyme/ros_ws/Autoware_sim_test/install/autoware_auto_common:/home/zyme/ros_ws/Autoware_sim_test/install/autoware_cmake:/home/zyme/ros_ws/Autoware_sim_test/install/autoware_auto_planning_msgs:/home/zyme/ros_ws/Autoware_sim_test/install/autoware_auto_perception_msgs:/home/zyme/ros_ws/Autoware_sim_test/install/tier4_debug_msgs:/home/zyme/ros_ws/Autoware_sim_test/install/autoware_lint_common:/home/zyme/ros_ws/Autoware_sim_test/install/autoware_auto_mapping_msgs:/home/zyme/ros_ws/Autoware_sim_test/install/autoware_auto_geometry_msgs:${AMENT_PREFIX_PATH} CMAKE_PREFIX_PATH=/home/zyme/ros_ws/Autoware_sim_test/install/sampler_common:/home/zyme/ros_ws/Autoware_sim_test/install/interpolation:/home/zyme/ros_ws/Autoware_sim_test/install/tier4_autoware_utils:/home/zyme/ros_ws/Autoware_sim_test/install/autoware_auto_vehicle_msgs:/home/zyme/ros_ws/Autoware_sim_test/install/autoware_auto_common:/home/zyme/ros_ws/Autoware_sim_test/install/autoware_cmake:/home/zyme/ros_ws/Autoware_sim_test/install/autoware_auto_planning_msgs:/home/zyme/ros_ws/Autoware_sim_test/install/autoware_auto_perception_msgs:/home/zyme/ros_ws/Autoware_sim_test/install/tier4_debug_msgs:/home/zyme/ros_ws/Autoware_sim_test/install/autoware_lint_common:/home/zyme/ros_ws/Autoware_sim_test/install/autoware_auto_mapping_msgs:/home/zyme/ros_ws/Autoware_sim_test/install/autoware_auto_geometry_msgs:/opt/ros/humble LD_LIBRARY_PATH=/home/zyme/ros_ws/Autoware_sim_test/install/sampler_common/lib:/home/zyme/ros_ws/Autoware_sim_test/install/interpolation/lib:/home/zyme/ros_ws/Autoware_sim_test/install/tier4_autoware_utils/lib:/home/zyme/ros_ws/Autoware_sim_test/install/autoware_auto_vehicle_msgs/lib:/home/zyme/ros_ws/Autoware_sim_test/install/autoware_auto_planning_msgs/lib:/home/zyme/ros_ws/Autoware_sim_test/install/autoware_auto_perception_msgs/lib:/home/zyme/ros_ws/Autoware_sim_test/install/tier4_debug_msgs/lib:/home/zyme/ros_ws/Autoware_sim_test/install/autoware_auto_mapping_msgs/lib:/home/zyme/ros_ws/Autoware_sim_test/install/autoware_auto_geometry_msgs/lib:${LD_LIBRARY_PATH} PYTHONPATH=/home/zyme/ros_ws/Autoware_sim_test/install/autoware_auto_vehicle_msgs/local/lib/python3.10/dist-packages:/home/zyme/ros_ws/Autoware_sim_test/install/autoware_auto_planning_msgs/local/lib/python3.10/dist-packages:/home/zyme/ros_ws/Autoware_sim_test/install/autoware_auto_perception_msgs/local/lib/python3.10/dist-packages:/home/zyme/ros_ws/Autoware_sim_test/install/tier4_debug_msgs/local/lib/python3.10/dist-packages:/home/zyme/ros_ws/Autoware_sim_test/install/autoware_auto_mapping_msgs/local/lib/python3.10/dist-packages:/home/zyme/ros_ws/Autoware_sim_test/install/autoware_auto_geometry_msgs/local/lib/python3.10/dist-packages:${PYTHONPATH} /usr/bin/cmake /home/zyme/ros_ws/Autoware_sim_test/src/autoware/src/universe/autoware.universe/planning/sampling_based_planner/frenet_planner -DCMAKE_BUILD_TYPE=Release -DCMAKE_CXX_FLAGS=-w -DAMENT_CMAKE_SYMLINK_INSTALL=1 -DCMAKE_INSTALL_PREFIX=/home/zyme/ros_ws/Autoware_sim_test/install/frenet_planner
[7.553s] Invoking command in '/home/zyme/ros_ws/Autoware_sim_test/build/frenet_planner': AMENT_PREFIX_PATH=/home/zyme/ros_ws/Autoware_sim_test/install/sampler_common:/home/zyme/ros_ws/Autoware_sim_test/install/interpolation:/home/zyme/ros_ws/Autoware_sim_test/install/tier4_autoware_utils:/home/zyme/ros_ws/Autoware_sim_test/install/autoware_auto_vehicle_msgs:/home/zyme/ros_ws/Autoware_sim_test/install/autoware_auto_common:/home/zyme/ros_ws/Autoware_sim_test/install/autoware_cmake:/home/zyme/ros_ws/Autoware_sim_test/install/autoware_auto_planning_msgs:/home/zyme/ros_ws/Autoware_sim_test/install/autoware_auto_perception_msgs:/home/zyme/ros_ws/Autoware_sim_test/install/tier4_debug_msgs:/home/zyme/ros_ws/Autoware_sim_test/install/autoware_lint_common:/home/zyme/ros_ws/Autoware_sim_test/install/autoware_auto_mapping_msgs:/home/zyme/ros_ws/Autoware_sim_test/install/autoware_auto_geometry_msgs:${AMENT_PREFIX_PATH} CMAKE_PREFIX_PATH=/home/zyme/ros_ws/Autoware_sim_test/install/sampler_common:/home/zyme/ros_ws/Autoware_sim_test/install/interpolation:/home/zyme/ros_ws/Autoware_sim_test/install/tier4_autoware_utils:/home/zyme/ros_ws/Autoware_sim_test/install/autoware_auto_vehicle_msgs:/home/zyme/ros_ws/Autoware_sim_test/install/autoware_auto_common:/home/zyme/ros_ws/Autoware_sim_test/install/autoware_cmake:/home/zyme/ros_ws/Autoware_sim_test/install/autoware_auto_planning_msgs:/home/zyme/ros_ws/Autoware_sim_test/install/autoware_auto_perception_msgs:/home/zyme/ros_ws/Autoware_sim_test/install/tier4_debug_msgs:/home/zyme/ros_ws/Autoware_sim_test/install/autoware_lint_common:/home/zyme/ros_ws/Autoware_sim_test/install/autoware_auto_mapping_msgs:/home/zyme/ros_ws/Autoware_sim_test/install/autoware_auto_geometry_msgs:/opt/ros/humble LD_LIBRARY_PATH=/home/zyme/ros_ws/Autoware_sim_test/install/sampler_common/lib:/home/zyme/ros_ws/Autoware_sim_test/install/interpolation/lib:/home/zyme/ros_ws/Autoware_sim_test/install/tier4_autoware_utils/lib:/home/zyme/ros_ws/Autoware_sim_test/install/autoware_auto_vehicle_msgs/lib:/home/zyme/ros_ws/Autoware_sim_test/install/autoware_auto_planning_msgs/lib:/home/zyme/ros_ws/Autoware_sim_test/install/autoware_auto_perception_msgs/lib:/home/zyme/ros_ws/Autoware_sim_test/install/tier4_debug_msgs/lib:/home/zyme/ros_ws/Autoware_sim_test/install/autoware_auto_mapping_msgs/lib:/home/zyme/ros_ws/Autoware_sim_test/install/autoware_auto_geometry_msgs/lib:${LD_LIBRARY_PATH} PYTHONPATH=/home/zyme/ros_ws/Autoware_sim_test/install/autoware_auto_vehicle_msgs/local/lib/python3.10/dist-packages:/home/zyme/ros_ws/Autoware_sim_test/install/autoware_auto_planning_msgs/local/lib/python3.10/dist-packages:/home/zyme/ros_ws/Autoware_sim_test/install/autoware_auto_perception_msgs/local/lib/python3.10/dist-packages:/home/zyme/ros_ws/Autoware_sim_test/install/tier4_debug_msgs/local/lib/python3.10/dist-packages:/home/zyme/ros_ws/Autoware_sim_test/install/autoware_auto_mapping_msgs/local/lib/python3.10/dist-packages:/home/zyme/ros_ws/Autoware_sim_test/install/autoware_auto_geometry_msgs/local/lib/python3.10/dist-packages:${PYTHONPATH} /usr/bin/cmake --build /home/zyme/ros_ws/Autoware_sim_test/build/frenet_planner -- -j12 -l12
[7.616s] [ 66%] [32mBuilding CXX object CMakeFiles/frenet_planner.dir/src/frenet_planner/frenet_planner.cpp.o[0m
[7.616s] [ 66%] [32mBuilding CXX object CMakeFiles/frenet_planner.dir/src/frenet_planner/polynomials.cpp.o[0m
[12.934s] [100%] [32m[1mLinking CXX shared library libfrenet_planner.so[0m
[22.823s] [100%] Built target frenet_planner
[22.836s] Invoked command in '/home/zyme/ros_ws/Autoware_sim_test/build/frenet_planner' returned '0': AMENT_PREFIX_PATH=/home/zyme/ros_ws/Autoware_sim_test/install/sampler_common:/home/zyme/ros_ws/Autoware_sim_test/install/interpolation:/home/zyme/ros_ws/Autoware_sim_test/install/tier4_autoware_utils:/home/zyme/ros_ws/Autoware_sim_test/install/autoware_auto_vehicle_msgs:/home/zyme/ros_ws/Autoware_sim_test/install/autoware_auto_common:/home/zyme/ros_ws/Autoware_sim_test/install/autoware_cmake:/home/zyme/ros_ws/Autoware_sim_test/install/autoware_auto_planning_msgs:/home/zyme/ros_ws/Autoware_sim_test/install/autoware_auto_perception_msgs:/home/zyme/ros_ws/Autoware_sim_test/install/tier4_debug_msgs:/home/zyme/ros_ws/Autoware_sim_test/install/autoware_lint_common:/home/zyme/ros_ws/Autoware_sim_test/install/autoware_auto_mapping_msgs:/home/zyme/ros_ws/Autoware_sim_test/install/autoware_auto_geometry_msgs:${AMENT_PREFIX_PATH} CMAKE_PREFIX_PATH=/home/zyme/ros_ws/Autoware_sim_test/install/sampler_common:/home/zyme/ros_ws/Autoware_sim_test/install/interpolation:/home/zyme/ros_ws/Autoware_sim_test/install/tier4_autoware_utils:/home/zyme/ros_ws/Autoware_sim_test/install/autoware_auto_vehicle_msgs:/home/zyme/ros_ws/Autoware_sim_test/install/autoware_auto_common:/home/zyme/ros_ws/Autoware_sim_test/install/autoware_cmake:/home/zyme/ros_ws/Autoware_sim_test/install/autoware_auto_planning_msgs:/home/zyme/ros_ws/Autoware_sim_test/install/autoware_auto_perception_msgs:/home/zyme/ros_ws/Autoware_sim_test/install/tier4_debug_msgs:/home/zyme/ros_ws/Autoware_sim_test/install/autoware_lint_common:/home/zyme/ros_ws/Autoware_sim_test/install/autoware_auto_mapping_msgs:/home/zyme/ros_ws/Autoware_sim_test/install/autoware_auto_geometry_msgs:/opt/ros/humble LD_LIBRARY_PATH=/home/zyme/ros_ws/Autoware_sim_test/install/sampler_common/lib:/home/zyme/ros_ws/Autoware_sim_test/install/interpolation/lib:/home/zyme/ros_ws/Autoware_sim_test/install/tier4_autoware_utils/lib:/home/zyme/ros_ws/Autoware_sim_test/install/autoware_auto_vehicle_msgs/lib:/home/zyme/ros_ws/Autoware_sim_test/install/autoware_auto_planning_msgs/lib:/home/zyme/ros_ws/Autoware_sim_test/install/autoware_auto_perception_msgs/lib:/home/zyme/ros_ws/Autoware_sim_test/install/tier4_debug_msgs/lib:/home/zyme/ros_ws/Autoware_sim_test/install/autoware_auto_mapping_msgs/lib:/home/zyme/ros_ws/Autoware_sim_test/install/autoware_auto_geometry_msgs/lib:${LD_LIBRARY_PATH} PYTHONPATH=/home/zyme/ros_ws/Autoware_sim_test/install/autoware_auto_vehicle_msgs/local/lib/python3.10/dist-packages:/home/zyme/ros_ws/Autoware_sim_test/install/autoware_auto_planning_msgs/local/lib/python3.10/dist-packages:/home/zyme/ros_ws/Autoware_sim_test/install/autoware_auto_perception_msgs/local/lib/python3.10/dist-packages:/home/zyme/ros_ws/Autoware_sim_test/install/tier4_debug_msgs/local/lib/python3.10/dist-packages:/home/zyme/ros_ws/Autoware_sim_test/install/autoware_auto_mapping_msgs/local/lib/python3.10/dist-packages:/home/zyme/ros_ws/Autoware_sim_test/install/autoware_auto_geometry_msgs/local/lib/python3.10/dist-packages:${PYTHONPATH} /usr/bin/cmake --build /home/zyme/ros_ws/Autoware_sim_test/build/frenet_planner -- -j12 -l12
[22.865s] Invoking command in '/home/zyme/ros_ws/Autoware_sim_test/build/frenet_planner': AMENT_PREFIX_PATH=/home/zyme/ros_ws/Autoware_sim_test/install/sampler_common:/home/zyme/ros_ws/Autoware_sim_test/install/interpolation:/home/zyme/ros_ws/Autoware_sim_test/install/tier4_autoware_utils:/home/zyme/ros_ws/Autoware_sim_test/install/autoware_auto_vehicle_msgs:/home/zyme/ros_ws/Autoware_sim_test/install/autoware_auto_common:/home/zyme/ros_ws/Autoware_sim_test/install/autoware_cmake:/home/zyme/ros_ws/Autoware_sim_test/install/autoware_auto_planning_msgs:/home/zyme/ros_ws/Autoware_sim_test/install/autoware_auto_perception_msgs:/home/zyme/ros_ws/Autoware_sim_test/install/tier4_debug_msgs:/home/zyme/ros_ws/Autoware_sim_test/install/autoware_lint_common:/home/zyme/ros_ws/Autoware_sim_test/install/autoware_auto_mapping_msgs:/home/zyme/ros_ws/Autoware_sim_test/install/autoware_auto_geometry_msgs:${AMENT_PREFIX_PATH} CMAKE_PREFIX_PATH=/home/zyme/ros_ws/Autoware_sim_test/install/sampler_common:/home/zyme/ros_ws/Autoware_sim_test/install/interpolation:/home/zyme/ros_ws/Autoware_sim_test/install/tier4_autoware_utils:/home/zyme/ros_ws/Autoware_sim_test/install/autoware_auto_vehicle_msgs:/home/zyme/ros_ws/Autoware_sim_test/install/autoware_auto_common:/home/zyme/ros_ws/Autoware_sim_test/install/autoware_cmake:/home/zyme/ros_ws/Autoware_sim_test/install/autoware_auto_planning_msgs:/home/zyme/ros_ws/Autoware_sim_test/install/autoware_auto_perception_msgs:/home/zyme/ros_ws/Autoware_sim_test/install/tier4_debug_msgs:/home/zyme/ros_ws/Autoware_sim_test/install/autoware_lint_common:/home/zyme/ros_ws/Autoware_sim_test/install/autoware_auto_mapping_msgs:/home/zyme/ros_ws/Autoware_sim_test/install/autoware_auto_geometry_msgs:/opt/ros/humble LD_LIBRARY_PATH=/home/zyme/ros_ws/Autoware_sim_test/install/sampler_common/lib:/home/zyme/ros_ws/Autoware_sim_test/install/interpolation/lib:/home/zyme/ros_ws/Autoware_sim_test/install/tier4_autoware_utils/lib:/home/zyme/ros_ws/Autoware_sim_test/install/autoware_auto_vehicle_msgs/lib:/home/zyme/ros_ws/Autoware_sim_test/install/autoware_auto_planning_msgs/lib:/home/zyme/ros_ws/Autoware_sim_test/install/autoware_auto_perception_msgs/lib:/home/zyme/ros_ws/Autoware_sim_test/install/tier4_debug_msgs/lib:/home/zyme/ros_ws/Autoware_sim_test/install/autoware_auto_mapping_msgs/lib:/home/zyme/ros_ws/Autoware_sim_test/install/autoware_auto_geometry_msgs/lib:${LD_LIBRARY_PATH} PYTHONPATH=/home/zyme/ros_ws/Autoware_sim_test/install/autoware_auto_vehicle_msgs/local/lib/python3.10/dist-packages:/home/zyme/ros_ws/Autoware_sim_test/install/autoware_auto_planning_msgs/local/lib/python3.10/dist-packages:/home/zyme/ros_ws/Autoware_sim_test/install/autoware_auto_perception_msgs/local/lib/python3.10/dist-packages:/home/zyme/ros_ws/Autoware_sim_test/install/tier4_debug_msgs/local/lib/python3.10/dist-packages:/home/zyme/ros_ws/Autoware_sim_test/install/autoware_auto_mapping_msgs/local/lib/python3.10/dist-packages:/home/zyme/ros_ws/Autoware_sim_test/install/autoware_auto_geometry_msgs/local/lib/python3.10/dist-packages:${PYTHONPATH} /usr/bin/cmake --install /home/zyme/ros_ws/Autoware_sim_test/build/frenet_planner
[22.874s] -- Install configuration: "Release"
[22.874s] -- Execute custom install script
[22.874s] -- Symlinking: /home/zyme/ros_ws/Autoware_sim_test/install/frenet_planner/include/frenet_planner/conversions.hpp
[22.884s] -- Symlinking: /home/zyme/ros_ws/Autoware_sim_test/install/frenet_planner/include/frenet_planner/frenet_planner.hpp
[22.894s] -- Symlinking: /home/zyme/ros_ws/Autoware_sim_test/install/frenet_planner/include/frenet_planner/polynomials.hpp
[22.903s] -- Symlinking: /home/zyme/ros_ws/Autoware_sim_test/install/frenet_planner/include/frenet_planner/structures.hpp
[22.913s] -- Symlinking: /home/zyme/ros_ws/Autoware_sim_test/install/frenet_planner/share/frenet_planner/environment/library_path.sh
[22.923s] -- Symlinking: /home/zyme/ros_ws/Autoware_sim_test/install/frenet_planner/share/frenet_planner/environment/library_path.dsv
[22.933s] -- Symlinking: /home/zyme/ros_ws/Autoware_sim_test/install/frenet_planner/lib/libfrenet_planner.so
[22.942s] -- Symlinking: /home/zyme/ros_ws/Autoware_sim_test/install/frenet_planner/share/ament_index/resource_index/package_run_dependencies/frenet_planner
[22.952s] -- Symlinking: /home/zyme/ros_ws/Autoware_sim_test/install/frenet_planner/share/ament_index/resource_index/parent_prefix_path/frenet_planner
[22.961s] -- Symlinking: /home/zyme/ros_ws/Autoware_sim_test/install/frenet_planner/share/frenet_planner/environment/ament_prefix_path.sh
[22.971s] -- Symlinking: /home/zyme/ros_ws/Autoware_sim_test/install/frenet_planner/share/frenet_planner/environment/ament_prefix_path.dsv
[22.981s] -- Symlinking: /home/zyme/ros_ws/Autoware_sim_test/install/frenet_planner/share/frenet_planner/environment/path.sh
[22.990s] -- Symlinking: /home/zyme/ros_ws/Autoware_sim_test/install/frenet_planner/share/frenet_planner/environment/path.dsv
[23.000s] -- Symlinking: /home/zyme/ros_ws/Autoware_sim_test/install/frenet_planner/share/frenet_planner/local_setup.bash
[23.010s] -- Symlinking: /home/zyme/ros_ws/Autoware_sim_test/install/frenet_planner/share/frenet_planner/local_setup.sh
[23.021s] -- Symlinking: /home/zyme/ros_ws/Autoware_sim_test/install/frenet_planner/share/frenet_planner/local_setup.zsh
[23.030s] -- Symlinking: /home/zyme/ros_ws/Autoware_sim_test/install/frenet_planner/share/frenet_planner/local_setup.dsv
[23.039s] -- Symlinking: /home/zyme/ros_ws/Autoware_sim_test/install/frenet_planner/share/frenet_planner/package.dsv
[23.049s] -- Symlinking: /home/zyme/ros_ws/Autoware_sim_test/install/frenet_planner/share/ament_index/resource_index/packages/frenet_planner
[23.058s] -- Symlinking: /home/zyme/ros_ws/Autoware_sim_test/install/frenet_planner/share/frenet_planner/cmake/ament_cmake_export_dependencies-extras.cmake
[23.068s] -- Symlinking: /home/zyme/ros_ws/Autoware_sim_test/install/frenet_planner/share/frenet_planner/cmake/ament_cmake_export_include_directories-extras.cmake
[23.077s] -- Symlinking: /home/zyme/ros_ws/Autoware_sim_test/install/frenet_planner/share/frenet_planner/cmake/ament_cmake_export_libraries-extras.cmake
[23.087s] -- Symlinking: /home/zyme/ros_ws/Autoware_sim_test/install/frenet_planner/share/frenet_planner/cmake/frenet_plannerConfig.cmake
[23.096s] -- Symlinking: /home/zyme/ros_ws/Autoware_sim_test/install/frenet_planner/share/frenet_planner/cmake/frenet_plannerConfig-version.cmake
[23.106s] -- Symlinking: /home/zyme/ros_ws/Autoware_sim_test/install/frenet_planner/share/frenet_planner/package.xml
[23.118s] Invoked command in '/home/zyme/ros_ws/Autoware_sim_test/build/frenet_planner' returned '0': AMENT_PREFIX_PATH=/home/zyme/ros_ws/Autoware_sim_test/install/sampler_common:/home/zyme/ros_ws/Autoware_sim_test/install/interpolation:/home/zyme/ros_ws/Autoware_sim_test/install/tier4_autoware_utils:/home/zyme/ros_ws/Autoware_sim_test/install/autoware_auto_vehicle_msgs:/home/zyme/ros_ws/Autoware_sim_test/install/autoware_auto_common:/home/zyme/ros_ws/Autoware_sim_test/install/autoware_cmake:/home/zyme/ros_ws/Autoware_sim_test/install/autoware_auto_planning_msgs:/home/zyme/ros_ws/Autoware_sim_test/install/autoware_auto_perception_msgs:/home/zyme/ros_ws/Autoware_sim_test/install/tier4_debug_msgs:/home/zyme/ros_ws/Autoware_sim_test/install/autoware_lint_common:/home/zyme/ros_ws/Autoware_sim_test/install/autoware_auto_mapping_msgs:/home/zyme/ros_ws/Autoware_sim_test/install/autoware_auto_geometry_msgs:${AMENT_PREFIX_PATH} CMAKE_PREFIX_PATH=/home/zyme/ros_ws/Autoware_sim_test/install/sampler_common:/home/zyme/ros_ws/Autoware_sim_test/install/interpolation:/home/zyme/ros_ws/Autoware_sim_test/install/tier4_autoware_utils:/home/zyme/ros_ws/Autoware_sim_test/install/autoware_auto_vehicle_msgs:/home/zyme/ros_ws/Autoware_sim_test/install/autoware_auto_common:/home/zyme/ros_ws/Autoware_sim_test/install/autoware_cmake:/home/zyme/ros_ws/Autoware_sim_test/install/autoware_auto_planning_msgs:/home/zyme/ros_ws/Autoware_sim_test/install/autoware_auto_perception_msgs:/home/zyme/ros_ws/Autoware_sim_test/install/tier4_debug_msgs:/home/zyme/ros_ws/Autoware_sim_test/install/autoware_lint_common:/home/zyme/ros_ws/Autoware_sim_test/install/autoware_auto_mapping_msgs:/home/zyme/ros_ws/Autoware_sim_test/install/autoware_auto_geometry_msgs:/opt/ros/humble LD_LIBRARY_PATH=/home/zyme/ros_ws/Autoware_sim_test/install/sampler_common/lib:/home/zyme/ros_ws/Autoware_sim_test/install/interpolation/lib:/home/zyme/ros_ws/Autoware_sim_test/install/tier4_autoware_utils/lib:/home/zyme/ros_ws/Autoware_sim_test/install/autoware_auto_vehicle_msgs/lib:/home/zyme/ros_ws/Autoware_sim_test/install/autoware_auto_planning_msgs/lib:/home/zyme/ros_ws/Autoware_sim_test/install/autoware_auto_perception_msgs/lib:/home/zyme/ros_ws/Autoware_sim_test/install/tier4_debug_msgs/lib:/home/zyme/ros_ws/Autoware_sim_test/install/autoware_auto_mapping_msgs/lib:/home/zyme/ros_ws/Autoware_sim_test/install/autoware_auto_geometry_msgs/lib:${LD_LIBRARY_PATH} PYTHONPATH=/home/zyme/ros_ws/Autoware_sim_test/install/autoware_auto_vehicle_msgs/local/lib/python3.10/dist-packages:/home/zyme/ros_ws/Autoware_sim_test/install/autoware_auto_planning_msgs/local/lib/python3.10/dist-packages:/home/zyme/ros_ws/Autoware_sim_test/install/autoware_auto_perception_msgs/local/lib/python3.10/dist-packages:/home/zyme/ros_ws/Autoware_sim_test/install/tier4_debug_msgs/local/lib/python3.10/dist-packages:/home/zyme/ros_ws/Autoware_sim_test/install/autoware_auto_mapping_msgs/local/lib/python3.10/dist-packages:/home/zyme/ros_ws/Autoware_sim_test/install/autoware_auto_geometry_msgs/local/lib/python3.10/dist-packages:${PYTHONPATH} /usr/bin/cmake --install /home/zyme/ros_ws/Autoware_sim_test/build/frenet_planner
