[0.061s] Invoking command in '/home/zyme/ros_ws/Autoware_sim_test/build/autoware_sensing_msgs': CMAKE_PREFIX_PATH=/opt/ros/humble /usr/bin/cmake --build /home/zyme/ros_ws/Autoware_sim_test/build/autoware_sensing_msgs -- -j12 -l12
[0.110s] [  2%] Built target autoware_sensing_msgs__cpp
[0.111s] [ 12%] Built target autoware_sensing_msgs__rosidl_generator_c
[0.120s] [ 12%] Built target ament_cmake_python_symlink_autoware_sensing_msgs
[0.141s] [ 33%] Built target autoware_sensing_msgs__rosidl_typesupport_introspection_cpp
[0.141s] [ 33%] Built target autoware_sensing_msgs__rosidl_typesupport_fastrtps_cpp
[0.146s] [ 43%] Built target autoware_sensing_msgs__rosidl_typesupport_cpp
[0.152s] [ 64%] Built target autoware_sensing_msgs__rosidl_typesupport_fastrtps_c
[0.152s] [ 64%] Built target autoware_sensing_msgs__rosidl_typesupport_introspection_c
[0.154s] [ 74%] Built target autoware_sensing_msgs__rosidl_typesupport_c
[0.174s] [ 74%] Built target autoware_sensing_msgs
[0.196s] [ 76%] Built target autoware_sensing_msgs__py
[0.219s] [ 84%] Built target autoware_sensing_msgs__rosidl_generator_py
[0.248s] [100%] Built target autoware_sensing_msgs__rosidl_typesupport_introspection_c__pyext
[0.248s] [100%] Built target autoware_sensing_msgs__rosidl_typesupport_fastrtps_c__pyext
[0.248s] [100%] Built target autoware_sensing_msgs__rosidl_typesupport_c__pyext
[0.414s] running egg_info
[0.415s] writing autoware_sensing_msgs.egg-info/PKG-INFO
[0.415s] writing dependency_links to autoware_sensing_msgs.egg-info/dependency_links.txt
[0.415s] writing top-level names to autoware_sensing_msgs.egg-info/top_level.txt
[0.417s] reading manifest file 'autoware_sensing_msgs.egg-info/SOURCES.txt'
[0.418s] writing manifest file 'autoware_sensing_msgs.egg-info/SOURCES.txt'
[0.442s] [100%] Built target ament_cmake_python_build_autoware_sensing_msgs_egg
[0.453s] Invoked command in '/home/zyme/ros_ws/Autoware_sim_test/build/autoware_sensing_msgs' returned '0': CMAKE_PREFIX_PATH=/opt/ros/humble /usr/bin/cmake --build /home/zyme/ros_ws/Autoware_sim_test/build/autoware_sensing_msgs -- -j12 -l12
[0.530s] Invoking command in '/home/zyme/ros_ws/Autoware_sim_test/build/autoware_sensing_msgs': CMAKE_PREFIX_PATH=/opt/ros/humble /usr/bin/cmake --install /home/zyme/ros_ws/Autoware_sim_test/build/autoware_sensing_msgs
[0.538s] -- Install configuration: "Release"
[0.538s] -- Execute custom install script
[0.538s] -- Up-to-date symlink: /home/zyme/ros_ws/Autoware_sim_test/install/autoware_sensing_msgs/share/ament_index/resource_index/rosidl_interfaces/autoware_sensing_msgs
[0.539s] -- Up-to-date symlink: /home/zyme/ros_ws/Autoware_sim_test/install/autoware_sensing_msgs/include/autoware_sensing_msgs/autoware_sensing_msgs/msg/detail/gnss_ins_orientation__functions.h
[0.539s] -- Up-to-date symlink: /home/zyme/ros_ws/Autoware_sim_test/install/autoware_sensing_msgs/include/autoware_sensing_msgs/autoware_sensing_msgs/msg/detail/gnss_ins_orientation__struct.h
[0.539s] -- Up-to-date symlink: /home/zyme/ros_ws/Autoware_sim_test/install/autoware_sensing_msgs/include/autoware_sensing_msgs/autoware_sensing_msgs/msg/detail/gnss_ins_orientation__type_support.h
[0.539s] -- Up-to-date symlink: /home/zyme/ros_ws/Autoware_sim_test/install/autoware_sensing_msgs/include/autoware_sensing_msgs/autoware_sensing_msgs/msg/detail/gnss_ins_orientation_stamped__functions.h
[0.539s] -- Up-to-date symlink: /home/zyme/ros_ws/Autoware_sim_test/install/autoware_sensing_msgs/include/autoware_sensing_msgs/autoware_sensing_msgs/msg/detail/gnss_ins_orientation_stamped__struct.h
[0.539s] -- Up-to-date symlink: /home/zyme/ros_ws/Autoware_sim_test/install/autoware_sensing_msgs/include/autoware_sensing_msgs/autoware_sensing_msgs/msg/detail/gnss_ins_orientation_stamped__type_support.h
[0.540s] -- Up-to-date symlink: /home/zyme/ros_ws/Autoware_sim_test/install/autoware_sensing_msgs/include/autoware_sensing_msgs/autoware_sensing_msgs/msg/gnss_ins_orientation.h
[0.540s] -- Up-to-date symlink: /home/zyme/ros_ws/Autoware_sim_test/install/autoware_sensing_msgs/include/autoware_sensing_msgs/autoware_sensing_msgs/msg/gnss_ins_orientation_stamped.h
[0.540s] -- Up-to-date symlink: /home/zyme/ros_ws/Autoware_sim_test/install/autoware_sensing_msgs/include/autoware_sensing_msgs/autoware_sensing_msgs/msg/rosidl_generator_c__visibility_control.h
[0.540s] -- Up-to-date symlink: /home/zyme/ros_ws/Autoware_sim_test/install/autoware_sensing_msgs/share/autoware_sensing_msgs/environment/library_path.sh
[0.540s] -- Up-to-date symlink: /home/zyme/ros_ws/Autoware_sim_test/install/autoware_sensing_msgs/share/autoware_sensing_msgs/environment/library_path.dsv
[0.540s] -- Up-to-date symlink: /home/zyme/ros_ws/Autoware_sim_test/install/autoware_sensing_msgs/include/autoware_sensing_msgs/autoware_sensing_msgs/msg/detail/gnss_ins_orientation__rosidl_typesupport_fastrtps_c.h
[0.541s] -- Up-to-date symlink: /home/zyme/ros_ws/Autoware_sim_test/install/autoware_sensing_msgs/include/autoware_sensing_msgs/autoware_sensing_msgs/msg/detail/gnss_ins_orientation_stamped__rosidl_typesupport_fastrtps_c.h
[0.541s] -- Up-to-date symlink: /home/zyme/ros_ws/Autoware_sim_test/install/autoware_sensing_msgs/include/autoware_sensing_msgs/autoware_sensing_msgs/msg/rosidl_typesupport_fastrtps_c__visibility_control.h
[0.541s] -- Up-to-date symlink: /home/zyme/ros_ws/Autoware_sim_test/install/autoware_sensing_msgs/include/autoware_sensing_msgs/autoware_sensing_msgs/msg/detail/gnss_ins_orientation__builder.hpp
[0.541s] -- Up-to-date symlink: /home/zyme/ros_ws/Autoware_sim_test/install/autoware_sensing_msgs/include/autoware_sensing_msgs/autoware_sensing_msgs/msg/detail/gnss_ins_orientation__struct.hpp
[0.541s] -- Up-to-date symlink: /home/zyme/ros_ws/Autoware_sim_test/install/autoware_sensing_msgs/include/autoware_sensing_msgs/autoware_sensing_msgs/msg/detail/gnss_ins_orientation__traits.hpp
[0.541s] -- Up-to-date symlink: /home/zyme/ros_ws/Autoware_sim_test/install/autoware_sensing_msgs/include/autoware_sensing_msgs/autoware_sensing_msgs/msg/detail/gnss_ins_orientation_stamped__builder.hpp
[0.542s] -- Up-to-date symlink: /home/zyme/ros_ws/Autoware_sim_test/install/autoware_sensing_msgs/include/autoware_sensing_msgs/autoware_sensing_msgs/msg/detail/gnss_ins_orientation_stamped__struct.hpp
[0.542s] -- Up-to-date symlink: /home/zyme/ros_ws/Autoware_sim_test/install/autoware_sensing_msgs/include/autoware_sensing_msgs/autoware_sensing_msgs/msg/detail/gnss_ins_orientation_stamped__traits.hpp
[0.542s] -- Up-to-date symlink: /home/zyme/ros_ws/Autoware_sim_test/install/autoware_sensing_msgs/include/autoware_sensing_msgs/autoware_sensing_msgs/msg/gnss_ins_orientation.hpp
[0.542s] -- Up-to-date symlink: /home/zyme/ros_ws/Autoware_sim_test/install/autoware_sensing_msgs/include/autoware_sensing_msgs/autoware_sensing_msgs/msg/gnss_ins_orientation_stamped.hpp
[0.542s] -- Up-to-date symlink: /home/zyme/ros_ws/Autoware_sim_test/install/autoware_sensing_msgs/include/autoware_sensing_msgs/autoware_sensing_msgs/msg/detail/gnss_ins_orientation__rosidl_typesupport_fastrtps_cpp.hpp
[0.542s] -- Up-to-date symlink: /home/zyme/ros_ws/Autoware_sim_test/install/autoware_sensing_msgs/include/autoware_sensing_msgs/autoware_sensing_msgs/msg/detail/gnss_ins_orientation_stamped__rosidl_typesupport_fastrtps_cpp.hpp
[0.543s] -- Up-to-date symlink: /home/zyme/ros_ws/Autoware_sim_test/install/autoware_sensing_msgs/include/autoware_sensing_msgs/autoware_sensing_msgs/msg/rosidl_typesupport_fastrtps_cpp__visibility_control.h
[0.543s] -- Up-to-date symlink: /home/zyme/ros_ws/Autoware_sim_test/install/autoware_sensing_msgs/include/autoware_sensing_msgs/autoware_sensing_msgs/msg/detail/gnss_ins_orientation__rosidl_typesupport_introspection_c.h
[0.543s] -- Up-to-date symlink: /home/zyme/ros_ws/Autoware_sim_test/install/autoware_sensing_msgs/include/autoware_sensing_msgs/autoware_sensing_msgs/msg/detail/gnss_ins_orientation_stamped__rosidl_typesupport_introspection_c.h
[0.543s] -- Up-to-date symlink: /home/zyme/ros_ws/Autoware_sim_test/install/autoware_sensing_msgs/include/autoware_sensing_msgs/autoware_sensing_msgs/msg/rosidl_typesupport_introspection_c__visibility_control.h
[0.544s] -- Up-to-date symlink: /home/zyme/ros_ws/Autoware_sim_test/install/autoware_sensing_msgs/include/autoware_sensing_msgs/autoware_sensing_msgs/msg/detail/gnss_ins_orientation__rosidl_typesupport_introspection_cpp.hpp
[0.544s] -- Up-to-date symlink: /home/zyme/ros_ws/Autoware_sim_test/install/autoware_sensing_msgs/include/autoware_sensing_msgs/autoware_sensing_msgs/msg/detail/gnss_ins_orientation_stamped__rosidl_typesupport_introspection_cpp.hpp
[0.544s] -- Up-to-date symlink: /home/zyme/ros_ws/Autoware_sim_test/install/autoware_sensing_msgs/share/autoware_sensing_msgs/environment/pythonpath.sh
[0.544s] -- Up-to-date symlink: /home/zyme/ros_ws/Autoware_sim_test/install/autoware_sensing_msgs/share/autoware_sensing_msgs/environment/pythonpath.dsv
[0.544s] -- Up-to-date symlink: /home/zyme/ros_ws/Autoware_sim_test/install/autoware_sensing_msgs/local/lib/python3.10/dist-packages/autoware_sensing_msgs-1.0.0-py3.10.egg-info/PKG-INFO
[0.544s] -- Up-to-date symlink: /home/zyme/ros_ws/Autoware_sim_test/install/autoware_sensing_msgs/local/lib/python3.10/dist-packages/autoware_sensing_msgs-1.0.0-py3.10.egg-info/SOURCES.txt
[0.544s] -- Up-to-date symlink: /home/zyme/ros_ws/Autoware_sim_test/install/autoware_sensing_msgs/local/lib/python3.10/dist-packages/autoware_sensing_msgs-1.0.0-py3.10.egg-info/dependency_links.txt
[0.545s] -- Up-to-date symlink: /home/zyme/ros_ws/Autoware_sim_test/install/autoware_sensing_msgs/local/lib/python3.10/dist-packages/autoware_sensing_msgs-1.0.0-py3.10.egg-info/top_level.txt
[0.545s] -- Up-to-date symlink: /home/zyme/ros_ws/Autoware_sim_test/install/autoware_sensing_msgs/local/lib/python3.10/dist-packages/autoware_sensing_msgs/__init__.py
[0.545s] -- Up-to-date symlink: /home/zyme/ros_ws/Autoware_sim_test/install/autoware_sensing_msgs/local/lib/python3.10/dist-packages/autoware_sensing_msgs/_autoware_sensing_msgs_s.ep.rosidl_typesupport_c.c
[0.545s] -- Up-to-date symlink: /home/zyme/ros_ws/Autoware_sim_test/install/autoware_sensing_msgs/local/lib/python3.10/dist-packages/autoware_sensing_msgs/_autoware_sensing_msgs_s.ep.rosidl_typesupport_fastrtps_c.c
[0.545s] -- Up-to-date symlink: /home/zyme/ros_ws/Autoware_sim_test/install/autoware_sensing_msgs/local/lib/python3.10/dist-packages/autoware_sensing_msgs/_autoware_sensing_msgs_s.ep.rosidl_typesupport_introspection_c.c
[0.546s] -- Up-to-date symlink: /home/zyme/ros_ws/Autoware_sim_test/install/autoware_sensing_msgs/local/lib/python3.10/dist-packages/autoware_sensing_msgs/autoware_sensing_msgs_s__rosidl_typesupport_c.cpython-310-x86_64-linux-gnu.so
[0.546s] -- Up-to-date symlink: /home/zyme/ros_ws/Autoware_sim_test/install/autoware_sensing_msgs/local/lib/python3.10/dist-packages/autoware_sensing_msgs/autoware_sensing_msgs_s__rosidl_typesupport_fastrtps_c.cpython-310-x86_64-linux-gnu.so
[0.546s] -- Up-to-date symlink: /home/zyme/ros_ws/Autoware_sim_test/install/autoware_sensing_msgs/local/lib/python3.10/dist-packages/autoware_sensing_msgs/autoware_sensing_msgs_s__rosidl_typesupport_introspection_c.cpython-310-x86_64-linux-gnu.so
[0.546s] -- Up-to-date symlink: /home/zyme/ros_ws/Autoware_sim_test/install/autoware_sensing_msgs/local/lib/python3.10/dist-packages/autoware_sensing_msgs/libautoware_sensing_msgs__rosidl_generator_py.so
[0.546s] -- Up-to-date symlink: /home/zyme/ros_ws/Autoware_sim_test/install/autoware_sensing_msgs/local/lib/python3.10/dist-packages/autoware_sensing_msgs/msg/__init__.py
[0.546s] -- Up-to-date symlink: /home/zyme/ros_ws/Autoware_sim_test/install/autoware_sensing_msgs/local/lib/python3.10/dist-packages/autoware_sensing_msgs/msg/_gnss_ins_orientation.py
[0.546s] -- Up-to-date symlink: /home/zyme/ros_ws/Autoware_sim_test/install/autoware_sensing_msgs/local/lib/python3.10/dist-packages/autoware_sensing_msgs/msg/_gnss_ins_orientation_s.c
[0.546s] -- Up-to-date symlink: /home/zyme/ros_ws/Autoware_sim_test/install/autoware_sensing_msgs/local/lib/python3.10/dist-packages/autoware_sensing_msgs/msg/_gnss_ins_orientation_stamped.py
[0.547s] -- Up-to-date symlink: /home/zyme/ros_ws/Autoware_sim_test/install/autoware_sensing_msgs/local/lib/python3.10/dist-packages/autoware_sensing_msgs/msg/_gnss_ins_orientation_stamped_s.c
[0.547s] -- Up-to-date symlink: /home/zyme/ros_ws/Autoware_sim_test/install/autoware_sensing_msgs/local/lib/python3.10/dist-packages/autoware_sensing_msgs/autoware_sensing_msgs_s__rosidl_typesupport_fastrtps_c.cpython-310-x86_64-linux-gnu.so
[0.547s] -- Up-to-date symlink: /home/zyme/ros_ws/Autoware_sim_test/install/autoware_sensing_msgs/local/lib/python3.10/dist-packages/autoware_sensing_msgs/autoware_sensing_msgs_s__rosidl_typesupport_introspection_c.cpython-310-x86_64-linux-gnu.so
[0.547s] -- Up-to-date symlink: /home/zyme/ros_ws/Autoware_sim_test/install/autoware_sensing_msgs/local/lib/python3.10/dist-packages/autoware_sensing_msgs/autoware_sensing_msgs_s__rosidl_typesupport_c.cpython-310-x86_64-linux-gnu.so
[0.548s] -- Up-to-date symlink: /home/zyme/ros_ws/Autoware_sim_test/install/autoware_sensing_msgs/share/autoware_sensing_msgs/msg/GnssInsOrientation.idl
[0.548s] -- Up-to-date symlink: /home/zyme/ros_ws/Autoware_sim_test/install/autoware_sensing_msgs/share/autoware_sensing_msgs/msg/GnssInsOrientationStamped.idl
[0.548s] -- Up-to-date symlink: /home/zyme/ros_ws/Autoware_sim_test/install/autoware_sensing_msgs/share/autoware_sensing_msgs/msg/GnssInsOrientation.msg
[0.548s] -- Up-to-date symlink: /home/zyme/ros_ws/Autoware_sim_test/install/autoware_sensing_msgs/share/autoware_sensing_msgs/msg/GnssInsOrientationStamped.msg
[0.548s] -- Up-to-date symlink: /home/zyme/ros_ws/Autoware_sim_test/install/autoware_sensing_msgs/share/ament_index/resource_index/package_run_dependencies/autoware_sensing_msgs
[0.549s] -- Up-to-date symlink: /home/zyme/ros_ws/Autoware_sim_test/install/autoware_sensing_msgs/share/ament_index/resource_index/parent_prefix_path/autoware_sensing_msgs
[0.549s] -- Up-to-date symlink: /home/zyme/ros_ws/Autoware_sim_test/install/autoware_sensing_msgs/share/autoware_sensing_msgs/environment/ament_prefix_path.sh
[0.549s] -- Up-to-date symlink: /home/zyme/ros_ws/Autoware_sim_test/install/autoware_sensing_msgs/share/autoware_sensing_msgs/environment/ament_prefix_path.dsv
[0.549s] -- Up-to-date symlink: /home/zyme/ros_ws/Autoware_sim_test/install/autoware_sensing_msgs/share/autoware_sensing_msgs/environment/path.sh
[0.549s] -- Up-to-date symlink: /home/zyme/ros_ws/Autoware_sim_test/install/autoware_sensing_msgs/share/autoware_sensing_msgs/environment/path.dsv
[0.549s] -- Up-to-date symlink: /home/zyme/ros_ws/Autoware_sim_test/install/autoware_sensing_msgs/share/autoware_sensing_msgs/local_setup.bash
[0.549s] -- Up-to-date symlink: /home/zyme/ros_ws/Autoware_sim_test/install/autoware_sensing_msgs/share/autoware_sensing_msgs/local_setup.sh
[0.550s] -- Up-to-date symlink: /home/zyme/ros_ws/Autoware_sim_test/install/autoware_sensing_msgs/share/autoware_sensing_msgs/local_setup.zsh
[0.550s] -- Up-to-date symlink: /home/zyme/ros_ws/Autoware_sim_test/install/autoware_sensing_msgs/share/autoware_sensing_msgs/local_setup.dsv
[0.550s] -- Symlinking: /home/zyme/ros_ws/Autoware_sim_test/install/autoware_sensing_msgs/share/autoware_sensing_msgs/package.dsv
[0.559s] -- Up-to-date symlink: /home/zyme/ros_ws/Autoware_sim_test/install/autoware_sensing_msgs/share/ament_index/resource_index/packages/autoware_sensing_msgs
[0.559s] -- Up-to-date symlink: /home/zyme/ros_ws/Autoware_sim_test/install/autoware_sensing_msgs/share/autoware_sensing_msgs/cmake/rosidl_cmake-extras.cmake
[0.559s] -- Up-to-date symlink: /home/zyme/ros_ws/Autoware_sim_test/install/autoware_sensing_msgs/share/autoware_sensing_msgs/cmake/ament_cmake_export_dependencies-extras.cmake
[0.559s] -- Up-to-date symlink: /home/zyme/ros_ws/Autoware_sim_test/install/autoware_sensing_msgs/share/autoware_sensing_msgs/cmake/ament_cmake_export_include_directories-extras.cmake
[0.559s] -- Up-to-date symlink: /home/zyme/ros_ws/Autoware_sim_test/install/autoware_sensing_msgs/share/autoware_sensing_msgs/cmake/ament_cmake_export_libraries-extras.cmake
[0.559s] -- Up-to-date symlink: /home/zyme/ros_ws/Autoware_sim_test/install/autoware_sensing_msgs/share/autoware_sensing_msgs/cmake/ament_cmake_export_targets-extras.cmake
[0.559s] -- Up-to-date symlink: /home/zyme/ros_ws/Autoware_sim_test/install/autoware_sensing_msgs/share/autoware_sensing_msgs/cmake/rosidl_cmake_export_typesupport_targets-extras.cmake
[0.560s] -- Up-to-date symlink: /home/zyme/ros_ws/Autoware_sim_test/install/autoware_sensing_msgs/share/autoware_sensing_msgs/cmake/rosidl_cmake_export_typesupport_libraries-extras.cmake
[0.560s] -- Up-to-date symlink: /home/zyme/ros_ws/Autoware_sim_test/install/autoware_sensing_msgs/share/autoware_sensing_msgs/cmake/autoware_sensing_msgsConfig.cmake
[0.560s] -- Up-to-date symlink: /home/zyme/ros_ws/Autoware_sim_test/install/autoware_sensing_msgs/share/autoware_sensing_msgs/cmake/autoware_sensing_msgsConfig-version.cmake
[0.560s] -- Up-to-date symlink: /home/zyme/ros_ws/Autoware_sim_test/install/autoware_sensing_msgs/share/autoware_sensing_msgs/package.xml
[0.560s] -- Up-to-date: /home/zyme/ros_ws/Autoware_sim_test/install/autoware_sensing_msgs/lib/libautoware_sensing_msgs__rosidl_generator_c.so
[0.561s] -- Up-to-date: /home/zyme/ros_ws/Autoware_sim_test/install/autoware_sensing_msgs/lib/libautoware_sensing_msgs__rosidl_typesupport_fastrtps_c.so
[0.561s] -- Up-to-date: /home/zyme/ros_ws/Autoware_sim_test/install/autoware_sensing_msgs/lib/libautoware_sensing_msgs__rosidl_typesupport_fastrtps_cpp.so
[0.561s] -- Up-to-date: /home/zyme/ros_ws/Autoware_sim_test/install/autoware_sensing_msgs/lib/libautoware_sensing_msgs__rosidl_typesupport_introspection_c.so
[0.562s] -- Up-to-date: /home/zyme/ros_ws/Autoware_sim_test/install/autoware_sensing_msgs/lib/libautoware_sensing_msgs__rosidl_typesupport_c.so
[0.562s] -- Up-to-date: /home/zyme/ros_ws/Autoware_sim_test/install/autoware_sensing_msgs/lib/libautoware_sensing_msgs__rosidl_typesupport_introspection_cpp.so
[0.562s] -- Up-to-date: /home/zyme/ros_ws/Autoware_sim_test/install/autoware_sensing_msgs/lib/libautoware_sensing_msgs__rosidl_typesupport_cpp.so
[0.592s] Listing '/home/zyme/ros_ws/Autoware_sim_test/install/autoware_sensing_msgs/local/lib/python3.10/dist-packages/autoware_sensing_msgs'...
[0.592s] Listing '/home/zyme/ros_ws/Autoware_sim_test/install/autoware_sensing_msgs/local/lib/python3.10/dist-packages/autoware_sensing_msgs/msg'...
[0.596s] -- Up-to-date: /home/zyme/ros_ws/Autoware_sim_test/install/autoware_sensing_msgs/lib/libautoware_sensing_msgs__rosidl_generator_py.so
[0.596s] -- Up-to-date: /home/zyme/ros_ws/Autoware_sim_test/install/autoware_sensing_msgs/share/autoware_sensing_msgs/cmake/export_autoware_sensing_msgs__rosidl_generator_cExport.cmake
[0.596s] -- Up-to-date: /home/zyme/ros_ws/Autoware_sim_test/install/autoware_sensing_msgs/share/autoware_sensing_msgs/cmake/export_autoware_sensing_msgs__rosidl_generator_cExport-release.cmake
[0.596s] -- Up-to-date: /home/zyme/ros_ws/Autoware_sim_test/install/autoware_sensing_msgs/share/autoware_sensing_msgs/cmake/export_autoware_sensing_msgs__rosidl_typesupport_fastrtps_cExport.cmake
[0.596s] -- Up-to-date: /home/zyme/ros_ws/Autoware_sim_test/install/autoware_sensing_msgs/share/autoware_sensing_msgs/cmake/export_autoware_sensing_msgs__rosidl_typesupport_fastrtps_cExport-release.cmake
[0.597s] -- Up-to-date: /home/zyme/ros_ws/Autoware_sim_test/install/autoware_sensing_msgs/share/autoware_sensing_msgs/cmake/export_autoware_sensing_msgs__rosidl_generator_cppExport.cmake
[0.597s] -- Up-to-date: /home/zyme/ros_ws/Autoware_sim_test/install/autoware_sensing_msgs/share/autoware_sensing_msgs/cmake/export_autoware_sensing_msgs__rosidl_typesupport_fastrtps_cppExport.cmake
[0.597s] -- Up-to-date: /home/zyme/ros_ws/Autoware_sim_test/install/autoware_sensing_msgs/share/autoware_sensing_msgs/cmake/export_autoware_sensing_msgs__rosidl_typesupport_fastrtps_cppExport-release.cmake
[0.597s] -- Up-to-date: /home/zyme/ros_ws/Autoware_sim_test/install/autoware_sensing_msgs/share/autoware_sensing_msgs/cmake/autoware_sensing_msgs__rosidl_typesupport_introspection_cExport.cmake
[0.597s] -- Up-to-date: /home/zyme/ros_ws/Autoware_sim_test/install/autoware_sensing_msgs/share/autoware_sensing_msgs/cmake/autoware_sensing_msgs__rosidl_typesupport_introspection_cExport-release.cmake
[0.597s] -- Up-to-date: /home/zyme/ros_ws/Autoware_sim_test/install/autoware_sensing_msgs/share/autoware_sensing_msgs/cmake/autoware_sensing_msgs__rosidl_typesupport_cExport.cmake
[0.597s] -- Up-to-date: /home/zyme/ros_ws/Autoware_sim_test/install/autoware_sensing_msgs/share/autoware_sensing_msgs/cmake/autoware_sensing_msgs__rosidl_typesupport_cExport-release.cmake
[0.597s] -- Up-to-date: /home/zyme/ros_ws/Autoware_sim_test/install/autoware_sensing_msgs/share/autoware_sensing_msgs/cmake/autoware_sensing_msgs__rosidl_typesupport_introspection_cppExport.cmake
[0.597s] -- Up-to-date: /home/zyme/ros_ws/Autoware_sim_test/install/autoware_sensing_msgs/share/autoware_sensing_msgs/cmake/autoware_sensing_msgs__rosidl_typesupport_introspection_cppExport-release.cmake
[0.598s] -- Up-to-date: /home/zyme/ros_ws/Autoware_sim_test/install/autoware_sensing_msgs/share/autoware_sensing_msgs/cmake/autoware_sensing_msgs__rosidl_typesupport_cppExport.cmake
[0.598s] -- Up-to-date: /home/zyme/ros_ws/Autoware_sim_test/install/autoware_sensing_msgs/share/autoware_sensing_msgs/cmake/autoware_sensing_msgs__rosidl_typesupport_cppExport-release.cmake
[0.598s] -- Up-to-date: /home/zyme/ros_ws/Autoware_sim_test/install/autoware_sensing_msgs/share/autoware_sensing_msgs/cmake/export_autoware_sensing_msgs__rosidl_generator_pyExport.cmake
[0.598s] -- Up-to-date: /home/zyme/ros_ws/Autoware_sim_test/install/autoware_sensing_msgs/share/autoware_sensing_msgs/cmake/export_autoware_sensing_msgs__rosidl_generator_pyExport-release.cmake
[0.599s] Invoked command in '/home/zyme/ros_ws/Autoware_sim_test/build/autoware_sensing_msgs' returned '0': CMAKE_PREFIX_PATH=/opt/ros/humble /usr/bin/cmake --install /home/zyme/ros_ws/Autoware_sim_test/build/autoware_sensing_msgs
