[0.064s] Invoking command in '/home/zyme/ros_ws/Autoware_sim_test/build/eagleye_tf': CMAKE_PREFIX_PATH=/opt/ros/humble /usr/bin/cmake --build /home/zyme/ros_ws/Autoware_sim_test/build/eagleye_tf -- -j12 -l12
[0.103s] Invoked command in '/home/zyme/ros_ws/Autoware_sim_test/build/eagleye_tf' returned '0': CMAKE_PREFIX_PATH=/opt/ros/humble /usr/bin/cmake --build /home/zyme/ros_ws/Autoware_sim_test/build/eagleye_tf -- -j12 -l12
[0.124s] Invoking command in '/home/zyme/ros_ws/Autoware_sim_test/build/eagleye_tf': CMAKE_PREFIX_PATH=/opt/ros/humble /usr/bin/cmake --install /home/zyme/ros_ws/Autoware_sim_test/build/eagleye_tf
[0.132s] -- Install configuration: "Release"
[0.133s] -- Execute custom install script
[0.134s] -- Up-to-date symlink: /home/zyme/ros_ws/Autoware_sim_test/install/eagleye_tf/share/eagleye_tf/launch/tf.xml
[0.134s] -- Up-to-date symlink: /home/zyme/ros_ws/Autoware_sim_test/install/eagleye_tf/share/eagleye_tf/config/sensors_tf.yaml
[0.135s] -- Up-to-date symlink: /home/zyme/ros_ws/Autoware_sim_test/install/eagleye_tf/share/eagleye_tf/urdf/sensors.xacro
[0.136s] -- Up-to-date symlink: /home/zyme/ros_ws/Autoware_sim_test/install/eagleye_tf/share/ament_index/resource_index/package_run_dependencies/eagleye_tf
[0.136s] -- Up-to-date symlink: /home/zyme/ros_ws/Autoware_sim_test/install/eagleye_tf/share/ament_index/resource_index/parent_prefix_path/eagleye_tf
[0.137s] -- Up-to-date symlink: /home/zyme/ros_ws/Autoware_sim_test/install/eagleye_tf/share/eagleye_tf/environment/ament_prefix_path.sh
[0.137s] -- Up-to-date symlink: /home/zyme/ros_ws/Autoware_sim_test/install/eagleye_tf/share/eagleye_tf/environment/ament_prefix_path.dsv
[0.137s] -- Up-to-date symlink: /home/zyme/ros_ws/Autoware_sim_test/install/eagleye_tf/share/eagleye_tf/environment/path.sh
[0.137s] -- Up-to-date symlink: /home/zyme/ros_ws/Autoware_sim_test/install/eagleye_tf/share/eagleye_tf/environment/path.dsv
[0.138s] -- Up-to-date symlink: /home/zyme/ros_ws/Autoware_sim_test/install/eagleye_tf/share/eagleye_tf/local_setup.bash
[0.138s] -- Up-to-date symlink: /home/zyme/ros_ws/Autoware_sim_test/install/eagleye_tf/share/eagleye_tf/local_setup.sh
[0.138s] -- Up-to-date symlink: /home/zyme/ros_ws/Autoware_sim_test/install/eagleye_tf/share/eagleye_tf/local_setup.zsh
[0.139s] -- Up-to-date symlink: /home/zyme/ros_ws/Autoware_sim_test/install/eagleye_tf/share/eagleye_tf/local_setup.dsv
[0.139s] -- Symlinking: /home/zyme/ros_ws/Autoware_sim_test/install/eagleye_tf/share/eagleye_tf/package.dsv
[0.148s] -- Up-to-date symlink: /home/zyme/ros_ws/Autoware_sim_test/install/eagleye_tf/share/ament_index/resource_index/packages/eagleye_tf
[0.149s] -- Up-to-date symlink: /home/zyme/ros_ws/Autoware_sim_test/install/eagleye_tf/share/eagleye_tf/cmake/eagleye_tfConfig.cmake
[0.149s] -- Up-to-date symlink: /home/zyme/ros_ws/Autoware_sim_test/install/eagleye_tf/share/eagleye_tf/cmake/eagleye_tfConfig-version.cmake
[0.149s] -- Up-to-date symlink: /home/zyme/ros_ws/Autoware_sim_test/install/eagleye_tf/share/eagleye_tf/package.xml
[0.151s] Invoked command in '/home/zyme/ros_ws/Autoware_sim_test/build/eagleye_tf' returned '0': CMAKE_PREFIX_PATH=/opt/ros/humble /usr/bin/cmake --install /home/zyme/ros_ws/Autoware_sim_test/build/eagleye_tf
