[0.741s] Invoking command in '/home/zyme/ros_ws/Autoware_sim_test/build/autoware_cmake': AMENT_PREFIX_PATH=/home/zyme/ros_ws/Autoware_sim_test/install/autoware_lint_common:${AMENT_PREFIX_PATH} CMAKE_PREFIX_PATH=/home/zyme/ros_ws/Autoware_sim_test/install/autoware_lint_common:/opt/ros/humble /usr/bin/cmake /home/zyme/ros_ws/Autoware_sim_test/src/autoware/src/core/autoware_common/autoware_cmake -DCMAKE_INSTALL_PREFIX=/home/zyme/ros_ws/Autoware_sim_test/install/autoware_cmake
[1.180s] -- Found ament_cmake_auto: 1.3.8 (/opt/ros/humble/share/ament_cmake_auto/cmake)
[1.180s] -- Override CMake install command with custom implementation using symlinks instead of copying resources
[1.181s] -- Found ament_lint_auto: 0.12.10 (/opt/ros/humble/share/ament_lint_auto/cmake)
[1.181s] -- Added test 'copyright' to check source files copyright and LICENSE
[1.181s] -- Added test 'lint_cmake' to check CMake code style
[1.181s] -- Added test 'xmllint' to check XML markup files
[1.181s] -- Configuring done
[1.190s] -- Generating done
[1.192s] -- Build files have been written to: /home/zyme/ros_ws/Autoware_sim_test/build/autoware_cmake
[1.583s] Invoked command in '/home/zyme/ros_ws/Autoware_sim_test/build/autoware_cmake' returned '0': AMENT_PREFIX_PATH=/home/zyme/ros_ws/Autoware_sim_test/install/autoware_lint_common:${AMENT_PREFIX_PATH} CMAKE_PREFIX_PATH=/home/zyme/ros_ws/Autoware_sim_test/install/autoware_lint_common:/opt/ros/humble /usr/bin/cmake /home/zyme/ros_ws/Autoware_sim_test/src/autoware/src/core/autoware_common/autoware_cmake -DCMAKE_INSTALL_PREFIX=/home/zyme/ros_ws/Autoware_sim_test/install/autoware_cmake
[1.584s] Invoking command in '/home/zyme/ros_ws/Autoware_sim_test/build/autoware_cmake': AMENT_PREFIX_PATH=/home/zyme/ros_ws/Autoware_sim_test/install/autoware_lint_common:${AMENT_PREFIX_PATH} CMAKE_PREFIX_PATH=/home/zyme/ros_ws/Autoware_sim_test/install/autoware_lint_common:/opt/ros/humble /usr/bin/cmake --build /home/zyme/ros_ws/Autoware_sim_test/build/autoware_cmake -- -j12 -l12
[2.451s] Invoked command in '/home/zyme/ros_ws/Autoware_sim_test/build/autoware_cmake' returned '0': AMENT_PREFIX_PATH=/home/zyme/ros_ws/Autoware_sim_test/install/autoware_lint_common:${AMENT_PREFIX_PATH} CMAKE_PREFIX_PATH=/home/zyme/ros_ws/Autoware_sim_test/install/autoware_lint_common:/opt/ros/humble /usr/bin/cmake --build /home/zyme/ros_ws/Autoware_sim_test/build/autoware_cmake -- -j12 -l12
[3.245s] Invoking command in '/home/zyme/ros_ws/Autoware_sim_test/build/autoware_cmake': AMENT_PREFIX_PATH=/home/zyme/ros_ws/Autoware_sim_test/install/autoware_lint_common:${AMENT_PREFIX_PATH} CMAKE_PREFIX_PATH=/home/zyme/ros_ws/Autoware_sim_test/install/autoware_lint_common:/opt/ros/humble /usr/bin/cmake --install /home/zyme/ros_ws/Autoware_sim_test/build/autoware_cmake
[3.765s] -- Install configuration: "Release"
[3.766s] -- Execute custom install script
[3.766s] -- Up-to-date symlink: /home/zyme/ros_ws/Autoware_sim_test/install/autoware_cmake/share/autoware_cmake/cmake/autoware_package.cmake
[3.766s] -- Up-to-date symlink: /home/zyme/ros_ws/Autoware_sim_test/install/autoware_cmake/share/ament_index/resource_index/package_run_dependencies/autoware_cmake
[3.766s] -- Up-to-date symlink: /home/zyme/ros_ws/Autoware_sim_test/install/autoware_cmake/share/ament_index/resource_index/parent_prefix_path/autoware_cmake
[3.766s] -- Up-to-date symlink: /home/zyme/ros_ws/Autoware_sim_test/install/autoware_cmake/share/autoware_cmake/environment/ament_prefix_path.sh
[3.767s] -- Up-to-date symlink: /home/zyme/ros_ws/Autoware_sim_test/install/autoware_cmake/share/autoware_cmake/environment/ament_prefix_path.dsv
[3.767s] -- Up-to-date symlink: /home/zyme/ros_ws/Autoware_sim_test/install/autoware_cmake/share/autoware_cmake/environment/path.sh
[3.767s] -- Up-to-date symlink: /home/zyme/ros_ws/Autoware_sim_test/install/autoware_cmake/share/autoware_cmake/environment/path.dsv
[3.768s] -- Up-to-date symlink: /home/zyme/ros_ws/Autoware_sim_test/install/autoware_cmake/share/autoware_cmake/local_setup.bash
[3.768s] -- Up-to-date symlink: /home/zyme/ros_ws/Autoware_sim_test/install/autoware_cmake/share/autoware_cmake/local_setup.sh
[3.768s] -- Up-to-date symlink: /home/zyme/ros_ws/Autoware_sim_test/install/autoware_cmake/share/autoware_cmake/local_setup.zsh
[3.768s] -- Up-to-date symlink: /home/zyme/ros_ws/Autoware_sim_test/install/autoware_cmake/share/autoware_cmake/local_setup.dsv
[3.768s] -- Symlinking: /home/zyme/ros_ws/Autoware_sim_test/install/autoware_cmake/share/autoware_cmake/package.dsv
[3.768s] -- Up-to-date symlink: /home/zyme/ros_ws/Autoware_sim_test/install/autoware_cmake/share/ament_index/resource_index/packages/autoware_cmake
[3.769s] -- Up-to-date symlink: /home/zyme/ros_ws/Autoware_sim_test/install/autoware_cmake/share/autoware_cmake/cmake/autoware_cmake-extras.cmake
[3.769s] -- Up-to-date symlink: /home/zyme/ros_ws/Autoware_sim_test/install/autoware_cmake/share/autoware_cmake/cmake/ament_cmake_export_dependencies-extras.cmake
[3.769s] -- Up-to-date symlink: /home/zyme/ros_ws/Autoware_sim_test/install/autoware_cmake/share/autoware_cmake/cmake/autoware_cmakeConfig.cmake
[3.769s] -- Up-to-date symlink: /home/zyme/ros_ws/Autoware_sim_test/install/autoware_cmake/share/autoware_cmake/cmake/autoware_cmakeConfig-version.cmake
[3.769s] -- Up-to-date symlink: /home/zyme/ros_ws/Autoware_sim_test/install/autoware_cmake/share/autoware_cmake/package.xml
[4.369s] Invoked command in '/home/zyme/ros_ws/Autoware_sim_test/build/autoware_cmake' returned '0': AMENT_PREFIX_PATH=/home/zyme/ros_ws/Autoware_sim_test/install/autoware_lint_common:${AMENT_PREFIX_PATH} CMAKE_PREFIX_PATH=/home/zyme/ros_ws/Autoware_sim_test/install/autoware_lint_common:/opt/ros/humble /usr/bin/cmake --install /home/zyme/ros_ws/Autoware_sim_test/build/autoware_cmake
