[0.066s] Invoking command in '/home/zyme/ros_ws/Autoware_sim_test/build/boost_udp_driver': AMENT_PREFIX_PATH=/home/zyme/ros_ws/Autoware_sim_test/install/boost_io_context:${AMENT_PREFIX_PATH} CMAKE_PREFIX_PATH=/home/zyme/ros_ws/Autoware_sim_test/install/boost_io_context:/opt/ros/humble LD_LIBRARY_PATH=/home/zyme/ros_ws/Autoware_sim_test/install/boost_io_context/lib:${LD_LIBRARY_PATH} /usr/bin/cmake --build /home/zyme/ros_ws/Autoware_sim_test/build/boost_udp_driver -- -j12 -l12
[0.135s] [  8%] Built target gtest
[0.136s] [ 16%] Built target gtest_main
[0.137s] [ 25%] Built target udp_receiver_node_exe
[0.138s] [ 33%] Built target udp_sender_node_exe
[0.147s] [ 45%] Built target boost_udp_driver
[0.185s] [ 58%] Built target boost_udp_driver_nodes
[0.237s] [ 66%] Built target test_udp_data
[0.240s] [ 75%] Built target test_udp_socket
[0.240s] [ 91%] Built target test_udp_driver_nodes
[0.241s] [ 91%] Built target test_udp_driver
[0.243s] [100%] Built target udp_bridge_node_exe
[0.256s] Invoked command in '/home/zyme/ros_ws/Autoware_sim_test/build/boost_udp_driver' returned '0': AMENT_PREFIX_PATH=/home/zyme/ros_ws/Autoware_sim_test/install/boost_io_context:${AMENT_PREFIX_PATH} CMAKE_PREFIX_PATH=/home/zyme/ros_ws/Autoware_sim_test/install/boost_io_context:/opt/ros/humble LD_LIBRARY_PATH=/home/zyme/ros_ws/Autoware_sim_test/install/boost_io_context/lib:${LD_LIBRARY_PATH} /usr/bin/cmake --build /home/zyme/ros_ws/Autoware_sim_test/build/boost_udp_driver -- -j12 -l12
[0.323s] Invoking command in '/home/zyme/ros_ws/Autoware_sim_test/build/boost_udp_driver': AMENT_PREFIX_PATH=/home/zyme/ros_ws/Autoware_sim_test/install/boost_io_context:${AMENT_PREFIX_PATH} CMAKE_PREFIX_PATH=/home/zyme/ros_ws/Autoware_sim_test/install/boost_io_context:/opt/ros/humble LD_LIBRARY_PATH=/home/zyme/ros_ws/Autoware_sim_test/install/boost_io_context/lib:${LD_LIBRARY_PATH} /usr/bin/cmake --install /home/zyme/ros_ws/Autoware_sim_test/build/boost_udp_driver
[0.333s] -- Install configuration: "Release"
[0.334s] -- Execute custom install script
[0.334s] -- Up-to-date symlink: /home/zyme/ros_ws/Autoware_sim_test/install/boost_udp_driver/lib/boost_udp_driver/udp_receiver_node_exe
[0.335s] -- Up-to-date symlink: /home/zyme/ros_ws/Autoware_sim_test/install/boost_udp_driver/lib/boost_udp_driver/udp_sender_node_exe
[0.336s] -- Up-to-date symlink: /home/zyme/ros_ws/Autoware_sim_test/install/boost_udp_driver/include/boost_udp_driver/udp_driver.hpp
[0.336s] -- Up-to-date symlink: /home/zyme/ros_ws/Autoware_sim_test/install/boost_udp_driver/include/boost_udp_driver/udp_receiver_node.hpp
[0.336s] -- Up-to-date symlink: /home/zyme/ros_ws/Autoware_sim_test/install/boost_udp_driver/include/boost_udp_driver/udp_sender_node.hpp
[0.337s] -- Up-to-date symlink: /home/zyme/ros_ws/Autoware_sim_test/install/boost_udp_driver/include/boost_udp_driver/udp_socket.hpp
[0.337s] -- Up-to-date symlink: /home/zyme/ros_ws/Autoware_sim_test/install/boost_udp_driver/include/boost_udp_driver/visibility_control.hpp
[0.337s] -- Up-to-date symlink: /home/zyme/ros_ws/Autoware_sim_test/install/boost_udp_driver/share/boost_udp_driver/environment/library_path.sh
[0.338s] -- Up-to-date symlink: /home/zyme/ros_ws/Autoware_sim_test/install/boost_udp_driver/share/boost_udp_driver/environment/library_path.dsv
[0.338s] -- Up-to-date symlink: /home/zyme/ros_ws/Autoware_sim_test/install/boost_udp_driver/lib/libboost_udp_driver.so
[0.339s] -- Up-to-date symlink: /home/zyme/ros_ws/Autoware_sim_test/install/boost_udp_driver/lib/libboost_udp_driver_nodes.so
[0.339s] -- Up-to-date symlink: /home/zyme/ros_ws/Autoware_sim_test/install/boost_udp_driver/lib/boost_udp_driver/udp_bridge_node_exe
[0.340s] -- Up-to-date symlink: /home/zyme/ros_ws/Autoware_sim_test/install/boost_udp_driver/share/ament_index/resource_index/package_run_dependencies/boost_udp_driver
[0.340s] -- Up-to-date symlink: /home/zyme/ros_ws/Autoware_sim_test/install/boost_udp_driver/share/ament_index/resource_index/parent_prefix_path/boost_udp_driver
[0.341s] -- Up-to-date symlink: /home/zyme/ros_ws/Autoware_sim_test/install/boost_udp_driver/share/boost_udp_driver/environment/ament_prefix_path.sh
[0.341s] -- Up-to-date symlink: /home/zyme/ros_ws/Autoware_sim_test/install/boost_udp_driver/share/boost_udp_driver/environment/ament_prefix_path.dsv
[0.341s] -- Up-to-date symlink: /home/zyme/ros_ws/Autoware_sim_test/install/boost_udp_driver/share/boost_udp_driver/environment/path.sh
[0.342s] -- Up-to-date symlink: /home/zyme/ros_ws/Autoware_sim_test/install/boost_udp_driver/share/boost_udp_driver/environment/path.dsv
[0.342s] -- Up-to-date symlink: /home/zyme/ros_ws/Autoware_sim_test/install/boost_udp_driver/share/boost_udp_driver/local_setup.bash
[0.343s] -- Up-to-date symlink: /home/zyme/ros_ws/Autoware_sim_test/install/boost_udp_driver/share/boost_udp_driver/local_setup.sh
[0.343s] -- Up-to-date symlink: /home/zyme/ros_ws/Autoware_sim_test/install/boost_udp_driver/share/boost_udp_driver/local_setup.zsh
[0.344s] -- Up-to-date symlink: /home/zyme/ros_ws/Autoware_sim_test/install/boost_udp_driver/share/boost_udp_driver/local_setup.dsv
[0.344s] -- Symlinking: /home/zyme/ros_ws/Autoware_sim_test/install/boost_udp_driver/share/boost_udp_driver/package.dsv
[0.355s] -- Up-to-date symlink: /home/zyme/ros_ws/Autoware_sim_test/install/boost_udp_driver/share/ament_index/resource_index/packages/boost_udp_driver
[0.355s] -- Up-to-date symlink: /home/zyme/ros_ws/Autoware_sim_test/install/boost_udp_driver/share/ament_index/resource_index/rclcpp_components/boost_udp_driver
[0.355s] -- Up-to-date symlink: /home/zyme/ros_ws/Autoware_sim_test/install/boost_udp_driver/share/boost_udp_driver/cmake/ament_cmake_export_dependencies-extras.cmake
[0.355s] -- Up-to-date symlink: /home/zyme/ros_ws/Autoware_sim_test/install/boost_udp_driver/share/boost_udp_driver/cmake/ament_cmake_export_include_directories-extras.cmake
[0.356s] -- Up-to-date symlink: /home/zyme/ros_ws/Autoware_sim_test/install/boost_udp_driver/share/boost_udp_driver/cmake/ament_cmake_export_libraries-extras.cmake
[0.356s] -- Up-to-date symlink: /home/zyme/ros_ws/Autoware_sim_test/install/boost_udp_driver/share/boost_udp_driver/cmake/boost_udp_driverConfig.cmake
[0.356s] -- Up-to-date symlink: /home/zyme/ros_ws/Autoware_sim_test/install/boost_udp_driver/share/boost_udp_driver/cmake/boost_udp_driverConfig-version.cmake
[0.356s] -- Up-to-date symlink: /home/zyme/ros_ws/Autoware_sim_test/install/boost_udp_driver/share/boost_udp_driver/package.xml
[0.359s] Invoked command in '/home/zyme/ros_ws/Autoware_sim_test/build/boost_udp_driver' returned '0': AMENT_PREFIX_PATH=/home/zyme/ros_ws/Autoware_sim_test/install/boost_io_context:${AMENT_PREFIX_PATH} CMAKE_PREFIX_PATH=/home/zyme/ros_ws/Autoware_sim_test/install/boost_io_context:/opt/ros/humble LD_LIBRARY_PATH=/home/zyme/ros_ws/Autoware_sim_test/install/boost_io_context/lib:${LD_LIBRARY_PATH} /usr/bin/cmake --install /home/zyme/ros_ws/Autoware_sim_test/build/boost_udp_driver
