[0.054s] Invoking command in '/home/zyme/ros_ws/Autoware_sim_test/build/eagleye_coordinate': CMAKE_PREFIX_PATH=/opt/ros/humble /usr/bin/cmake --build /home/zyme/ros_ws/Autoware_sim_test/build/eagleye_coordinate -- -j12 -l12
[0.099s] [35m[1mConsolidate compiler generated dependencies of target eagleye_coordinate[0m
[0.120s] [100%] Built target eagleye_coordinate
[0.132s] Invoked command in '/home/zyme/ros_ws/Autoware_sim_test/build/eagleye_coordinate' returned '0': CMAKE_PREFIX_PATH=/opt/ros/humble /usr/bin/cmake --build /home/zyme/ros_ws/Autoware_sim_test/build/eagleye_coordinate -- -j12 -l12
[0.225s] Invoking command in '/home/zyme/ros_ws/Autoware_sim_test/build/eagleye_coordinate': CMAKE_PREFIX_PATH=/opt/ros/humble /usr/bin/cmake --install /home/zyme/ros_ws/Autoware_sim_test/build/eagleye_coordinate
[0.250s] -- Install configuration: "Release"
[0.251s] -- Execute custom install script
[0.252s] -- Up-to-date symlink: /home/zyme/ros_ws/Autoware_sim_test/install/eagleye_coordinate/include/eagleye_coordinate/eagleye_coordinate.hpp
[0.253s] -- Up-to-date symlink: /home/zyme/ros_ws/Autoware_sim_test/install/eagleye_coordinate/share/eagleye_coordinate/environment/library_path.sh
[0.253s] -- Up-to-date symlink: /home/zyme/ros_ws/Autoware_sim_test/install/eagleye_coordinate/share/eagleye_coordinate/environment/library_path.dsv
[0.254s] -- Up-to-date symlink: /home/zyme/ros_ws/Autoware_sim_test/install/eagleye_coordinate//libeagleye_coordinate.so
[0.254s] -- Up-to-date symlink: /home/zyme/ros_ws/Autoware_sim_test/install/eagleye_coordinate/include/eagleye_coordinate/eagleye_coordinate.hpp
[0.255s] -- Up-to-date symlink: /home/zyme/ros_ws/Autoware_sim_test/install/eagleye_coordinate/lib/libeagleye_coordinate.so
[0.255s] -- Up-to-date symlink: /home/zyme/ros_ws/Autoware_sim_test/install/eagleye_coordinate/share/ament_index/resource_index/package_run_dependencies/eagleye_coordinate
[0.256s] -- Up-to-date symlink: /home/zyme/ros_ws/Autoware_sim_test/install/eagleye_coordinate/share/ament_index/resource_index/parent_prefix_path/eagleye_coordinate
[0.256s] -- Up-to-date symlink: /home/zyme/ros_ws/Autoware_sim_test/install/eagleye_coordinate/share/eagleye_coordinate/environment/ament_prefix_path.sh
[0.257s] -- Up-to-date symlink: /home/zyme/ros_ws/Autoware_sim_test/install/eagleye_coordinate/share/eagleye_coordinate/environment/ament_prefix_path.dsv
[0.257s] -- Up-to-date symlink: /home/zyme/ros_ws/Autoware_sim_test/install/eagleye_coordinate/share/eagleye_coordinate/environment/path.sh
[0.257s] -- Up-to-date symlink: /home/zyme/ros_ws/Autoware_sim_test/install/eagleye_coordinate/share/eagleye_coordinate/environment/path.dsv
[0.258s] -- Up-to-date symlink: /home/zyme/ros_ws/Autoware_sim_test/install/eagleye_coordinate/share/eagleye_coordinate/local_setup.bash
[0.258s] -- Up-to-date symlink: /home/zyme/ros_ws/Autoware_sim_test/install/eagleye_coordinate/share/eagleye_coordinate/local_setup.sh
[0.258s] -- Up-to-date symlink: /home/zyme/ros_ws/Autoware_sim_test/install/eagleye_coordinate/share/eagleye_coordinate/local_setup.zsh
[0.259s] -- Up-to-date symlink: /home/zyme/ros_ws/Autoware_sim_test/install/eagleye_coordinate/share/eagleye_coordinate/local_setup.dsv
[0.259s] -- Symlinking: /home/zyme/ros_ws/Autoware_sim_test/install/eagleye_coordinate/share/eagleye_coordinate/package.dsv
[0.267s] -- Up-to-date symlink: /home/zyme/ros_ws/Autoware_sim_test/install/eagleye_coordinate/share/ament_index/resource_index/packages/eagleye_coordinate
[0.268s] -- Up-to-date symlink: /home/zyme/ros_ws/Autoware_sim_test/install/eagleye_coordinate/share/eagleye_coordinate/cmake/ament_cmake_export_include_directories-extras.cmake
[0.268s] -- Up-to-date symlink: /home/zyme/ros_ws/Autoware_sim_test/install/eagleye_coordinate/share/eagleye_coordinate/cmake/ament_cmake_export_libraries-extras.cmake
[0.268s] -- Up-to-date symlink: /home/zyme/ros_ws/Autoware_sim_test/install/eagleye_coordinate/share/eagleye_coordinate/cmake/ament_cmake_export_dependencies-extras.cmake
[0.268s] -- Up-to-date symlink: /home/zyme/ros_ws/Autoware_sim_test/install/eagleye_coordinate/share/eagleye_coordinate/cmake/eagleye_coordinateConfig.cmake
[0.269s] -- Up-to-date symlink: /home/zyme/ros_ws/Autoware_sim_test/install/eagleye_coordinate/share/eagleye_coordinate/cmake/eagleye_coordinateConfig-version.cmake
[0.269s] -- Up-to-date symlink: /home/zyme/ros_ws/Autoware_sim_test/install/eagleye_coordinate/share/eagleye_coordinate/package.xml
[0.271s] Invoked command in '/home/zyme/ros_ws/Autoware_sim_test/build/eagleye_coordinate' returned '0': CMAKE_PREFIX_PATH=/opt/ros/humble /usr/bin/cmake --install /home/zyme/ros_ws/Autoware_sim_test/build/eagleye_coordinate
