[100%] Built target geo_pose_converter
-- Install configuration: "Release"
-- Execute custom install script
-- Up-to-date symlink: /home/zyme/ros_ws/Autoware_sim_test/install/eagleye_geo_pose_converter/share/eagleye_geo_pose_converter/launch/geo_pose_converter.launch.xml
-- Up-to-date symlink: /home/zyme/ros_ws/Autoware_sim_test/install/eagleye_geo_pose_converter/lib/eagleye_geo_pose_converter/geo_pose_converter
-- Up-to-date symlink: /home/zyme/ros_ws/Autoware_sim_test/install/eagleye_geo_pose_converter/share/ament_index/resource_index/package_run_dependencies/eagleye_geo_pose_converter
-- Up-to-date symlink: /home/zyme/ros_ws/Autoware_sim_test/install/eagleye_geo_pose_converter/share/ament_index/resource_index/parent_prefix_path/eagleye_geo_pose_converter
-- Up-to-date symlink: /home/zyme/ros_ws/Autoware_sim_test/install/eagleye_geo_pose_converter/share/eagleye_geo_pose_converter/environment/ament_prefix_path.sh
-- Up-to-date symlink: /home/zyme/ros_ws/Autoware_sim_test/install/eagleye_geo_pose_converter/share/eagleye_geo_pose_converter/environment/ament_prefix_path.dsv
-- Up-to-date symlink: /home/zyme/ros_ws/Autoware_sim_test/install/eagleye_geo_pose_converter/share/eagleye_geo_pose_converter/environment/path.sh
-- Up-to-date symlink: /home/zyme/ros_ws/Autoware_sim_test/install/eagleye_geo_pose_converter/share/eagleye_geo_pose_converter/environment/path.dsv
-- Up-to-date symlink: /home/zyme/ros_ws/Autoware_sim_test/install/eagleye_geo_pose_converter/share/eagleye_geo_pose_converter/local_setup.bash
-- Up-to-date symlink: /home/zyme/ros_ws/Autoware_sim_test/install/eagleye_geo_pose_converter/share/eagleye_geo_pose_converter/local_setup.sh
-- Up-to-date symlink: /home/zyme/ros_ws/Autoware_sim_test/install/eagleye_geo_pose_converter/share/eagleye_geo_pose_converter/local_setup.zsh
-- Up-to-date symlink: /home/zyme/ros_ws/Autoware_sim_test/install/eagleye_geo_pose_converter/share/eagleye_geo_pose_converter/local_setup.dsv
-- Symlinking: /home/zyme/ros_ws/Autoware_sim_test/install/eagleye_geo_pose_converter/share/eagleye_geo_pose_converter/package.dsv
-- Up-to-date symlink: /home/zyme/ros_ws/Autoware_sim_test/install/eagleye_geo_pose_converter/share/ament_index/resource_index/packages/eagleye_geo_pose_converter
-- Up-to-date symlink: /home/zyme/ros_ws/Autoware_sim_test/install/eagleye_geo_pose_converter/share/eagleye_geo_pose_converter/cmake/ament_cmake_export_dependencies-extras.cmake
-- Up-to-date symlink: /home/zyme/ros_ws/Autoware_sim_test/install/eagleye_geo_pose_converter/share/eagleye_geo_pose_converter/cmake/eagleye_geo_pose_converterConfig.cmake
-- Up-to-date symlink: /home/zyme/ros_ws/Autoware_sim_test/install/eagleye_geo_pose_converter/share/eagleye_geo_pose_converter/cmake/eagleye_geo_pose_converterConfig-version.cmake
-- Up-to-date symlink: /home/zyme/ros_ws/Autoware_sim_test/install/eagleye_geo_pose_converter/share/eagleye_geo_pose_converter/package.xml
