[0.058s] Invoking command in '/home/zyme/ros_ws/Autoware_sim_test/build/pandar_msgs': CMAKE_PREFIX_PATH=/opt/ros/humble /usr/bin/cmake --build /home/zyme/ros_ws/Autoware_sim_test/build/pandar_msgs -- -j12 -l12
[0.104s] [  2%] Built target pandar_msgs__cpp
[0.105s] [ 12%] Built target pandar_msgs__rosidl_generator_c
[0.122s] [ 12%] Built target ament_cmake_python_symlink_pandar_msgs
[0.144s] [ 23%] Built target pandar_msgs__rosidl_typesupport_cpp
[0.145s] [ 40%] Built target pandar_msgs__rosidl_typesupport_c
[0.145s] [ 44%] Built target pandar_msgs__rosidl_typesupport_fastrtps_cpp
[0.148s] [ 55%] Built target pandar_msgs__rosidl_typesupport_introspection_c
[0.149s] [ 70%] Built target pandar_msgs__rosidl_typesupport_fastrtps_c
[0.149s] [ 76%] Built target pandar_msgs__rosidl_typesupport_introspection_cpp
[0.169s] [ 76%] Built target pandar_msgs
[0.188s] [ 78%] Built target pandar_msgs__py
[0.210s] [ 87%] Built target pandar_msgs__rosidl_generator_py
[0.235s] [100%] Built target pandar_msgs__rosidl_typesupport_fastrtps_c__pyext
[0.236s] [100%] Built target pandar_msgs__rosidl_typesupport_introspection_c__pyext
[0.236s] [100%] Built target pandar_msgs__rosidl_typesupport_c__pyext
[0.401s] running egg_info
[0.402s] writing pandar_msgs.egg-info/PKG-INFO
[0.402s] writing dependency_links to pandar_msgs.egg-info/dependency_links.txt
[0.402s] writing top-level names to pandar_msgs.egg-info/top_level.txt
[0.404s] reading manifest file 'pandar_msgs.egg-info/SOURCES.txt'
[0.405s] writing manifest file 'pandar_msgs.egg-info/SOURCES.txt'
[0.427s] [100%] Built target ament_cmake_python_build_pandar_msgs_egg
[0.438s] Invoked command in '/home/zyme/ros_ws/Autoware_sim_test/build/pandar_msgs' returned '0': CMAKE_PREFIX_PATH=/opt/ros/humble /usr/bin/cmake --build /home/zyme/ros_ws/Autoware_sim_test/build/pandar_msgs -- -j12 -l12
[0.654s] Invoking command in '/home/zyme/ros_ws/Autoware_sim_test/build/pandar_msgs': CMAKE_PREFIX_PATH=/opt/ros/humble /usr/bin/cmake --install /home/zyme/ros_ws/Autoware_sim_test/build/pandar_msgs
[0.676s] -- Install configuration: "Release"
[0.677s] -- Execute custom install script
[0.678s] -- Up-to-date symlink: /home/zyme/ros_ws/Autoware_sim_test/install/pandar_msgs/share/ament_index/resource_index/rosidl_interfaces/pandar_msgs
[0.679s] -- Up-to-date symlink: /home/zyme/ros_ws/Autoware_sim_test/install/pandar_msgs/include/pandar_msgs/pandar_msgs/msg/detail/pandar_jumbo_packet__functions.h
[0.680s] -- Up-to-date symlink: /home/zyme/ros_ws/Autoware_sim_test/install/pandar_msgs/include/pandar_msgs/pandar_msgs/msg/detail/pandar_jumbo_packet__struct.h
[0.680s] -- Up-to-date symlink: /home/zyme/ros_ws/Autoware_sim_test/install/pandar_msgs/include/pandar_msgs/pandar_msgs/msg/detail/pandar_jumbo_packet__type_support.h
[0.681s] -- Up-to-date symlink: /home/zyme/ros_ws/Autoware_sim_test/install/pandar_msgs/include/pandar_msgs/pandar_msgs/msg/detail/pandar_packet__functions.h
[0.681s] -- Up-to-date symlink: /home/zyme/ros_ws/Autoware_sim_test/install/pandar_msgs/include/pandar_msgs/pandar_msgs/msg/detail/pandar_packet__struct.h
[0.681s] -- Up-to-date symlink: /home/zyme/ros_ws/Autoware_sim_test/install/pandar_msgs/include/pandar_msgs/pandar_msgs/msg/detail/pandar_packet__type_support.h
[0.682s] -- Up-to-date symlink: /home/zyme/ros_ws/Autoware_sim_test/install/pandar_msgs/include/pandar_msgs/pandar_msgs/msg/detail/pandar_scan__functions.h
[0.682s] -- Up-to-date symlink: /home/zyme/ros_ws/Autoware_sim_test/install/pandar_msgs/include/pandar_msgs/pandar_msgs/msg/detail/pandar_scan__struct.h
[0.683s] -- Up-to-date symlink: /home/zyme/ros_ws/Autoware_sim_test/install/pandar_msgs/include/pandar_msgs/pandar_msgs/msg/detail/pandar_scan__type_support.h
[0.683s] -- Up-to-date symlink: /home/zyme/ros_ws/Autoware_sim_test/install/pandar_msgs/include/pandar_msgs/pandar_msgs/msg/pandar_jumbo_packet.h
[0.683s] -- Up-to-date symlink: /home/zyme/ros_ws/Autoware_sim_test/install/pandar_msgs/include/pandar_msgs/pandar_msgs/msg/pandar_packet.h
[0.684s] -- Up-to-date symlink: /home/zyme/ros_ws/Autoware_sim_test/install/pandar_msgs/include/pandar_msgs/pandar_msgs/msg/pandar_scan.h
[0.684s] -- Up-to-date symlink: /home/zyme/ros_ws/Autoware_sim_test/install/pandar_msgs/include/pandar_msgs/pandar_msgs/msg/rosidl_generator_c__visibility_control.h
[0.684s] -- Up-to-date symlink: /home/zyme/ros_ws/Autoware_sim_test/install/pandar_msgs/share/pandar_msgs/environment/library_path.sh
[0.685s] -- Up-to-date symlink: /home/zyme/ros_ws/Autoware_sim_test/install/pandar_msgs/share/pandar_msgs/environment/library_path.dsv
[0.685s] -- Up-to-date symlink: /home/zyme/ros_ws/Autoware_sim_test/install/pandar_msgs/include/pandar_msgs/pandar_msgs/msg/detail/pandar_jumbo_packet__rosidl_typesupport_fastrtps_c.h
[0.686s] -- Up-to-date symlink: /home/zyme/ros_ws/Autoware_sim_test/install/pandar_msgs/include/pandar_msgs/pandar_msgs/msg/detail/pandar_packet__rosidl_typesupport_fastrtps_c.h
[0.686s] -- Up-to-date symlink: /home/zyme/ros_ws/Autoware_sim_test/install/pandar_msgs/include/pandar_msgs/pandar_msgs/msg/detail/pandar_scan__rosidl_typesupport_fastrtps_c.h
[0.686s] -- Up-to-date symlink: /home/zyme/ros_ws/Autoware_sim_test/install/pandar_msgs/include/pandar_msgs/pandar_msgs/msg/rosidl_typesupport_fastrtps_c__visibility_control.h
[0.687s] -- Up-to-date symlink: /home/zyme/ros_ws/Autoware_sim_test/install/pandar_msgs/include/pandar_msgs/pandar_msgs/msg/detail/pandar_jumbo_packet__builder.hpp
[0.687s] -- Up-to-date symlink: /home/zyme/ros_ws/Autoware_sim_test/install/pandar_msgs/include/pandar_msgs/pandar_msgs/msg/detail/pandar_jumbo_packet__struct.hpp
[0.687s] -- Up-to-date symlink: /home/zyme/ros_ws/Autoware_sim_test/install/pandar_msgs/include/pandar_msgs/pandar_msgs/msg/detail/pandar_jumbo_packet__traits.hpp
[0.687s] -- Up-to-date symlink: /home/zyme/ros_ws/Autoware_sim_test/install/pandar_msgs/include/pandar_msgs/pandar_msgs/msg/detail/pandar_packet__builder.hpp
[0.687s] -- Up-to-date symlink: /home/zyme/ros_ws/Autoware_sim_test/install/pandar_msgs/include/pandar_msgs/pandar_msgs/msg/detail/pandar_packet__struct.hpp
[0.688s] -- Up-to-date symlink: /home/zyme/ros_ws/Autoware_sim_test/install/pandar_msgs/include/pandar_msgs/pandar_msgs/msg/detail/pandar_packet__traits.hpp
[0.688s] -- Up-to-date symlink: /home/zyme/ros_ws/Autoware_sim_test/install/pandar_msgs/include/pandar_msgs/pandar_msgs/msg/detail/pandar_scan__builder.hpp
[0.688s] -- Up-to-date symlink: /home/zyme/ros_ws/Autoware_sim_test/install/pandar_msgs/include/pandar_msgs/pandar_msgs/msg/detail/pandar_scan__struct.hpp
[0.688s] -- Up-to-date symlink: /home/zyme/ros_ws/Autoware_sim_test/install/pandar_msgs/include/pandar_msgs/pandar_msgs/msg/detail/pandar_scan__traits.hpp
[0.688s] -- Up-to-date symlink: /home/zyme/ros_ws/Autoware_sim_test/install/pandar_msgs/include/pandar_msgs/pandar_msgs/msg/pandar_jumbo_packet.hpp
[0.689s] -- Up-to-date symlink: /home/zyme/ros_ws/Autoware_sim_test/install/pandar_msgs/include/pandar_msgs/pandar_msgs/msg/pandar_packet.hpp
[0.689s] -- Up-to-date symlink: /home/zyme/ros_ws/Autoware_sim_test/install/pandar_msgs/include/pandar_msgs/pandar_msgs/msg/pandar_scan.hpp
[0.689s] -- Up-to-date symlink: /home/zyme/ros_ws/Autoware_sim_test/install/pandar_msgs/include/pandar_msgs/pandar_msgs/msg/detail/pandar_jumbo_packet__rosidl_typesupport_fastrtps_cpp.hpp
[0.690s] -- Up-to-date symlink: /home/zyme/ros_ws/Autoware_sim_test/install/pandar_msgs/include/pandar_msgs/pandar_msgs/msg/detail/pandar_packet__rosidl_typesupport_fastrtps_cpp.hpp
[0.690s] -- Up-to-date symlink: /home/zyme/ros_ws/Autoware_sim_test/install/pandar_msgs/include/pandar_msgs/pandar_msgs/msg/detail/pandar_scan__rosidl_typesupport_fastrtps_cpp.hpp
[0.690s] -- Up-to-date symlink: /home/zyme/ros_ws/Autoware_sim_test/install/pandar_msgs/include/pandar_msgs/pandar_msgs/msg/rosidl_typesupport_fastrtps_cpp__visibility_control.h
[0.690s] -- Up-to-date symlink: /home/zyme/ros_ws/Autoware_sim_test/install/pandar_msgs/include/pandar_msgs/pandar_msgs/msg/detail/pandar_jumbo_packet__rosidl_typesupport_introspection_c.h
[0.691s] -- Up-to-date symlink: /home/zyme/ros_ws/Autoware_sim_test/install/pandar_msgs/include/pandar_msgs/pandar_msgs/msg/detail/pandar_packet__rosidl_typesupport_introspection_c.h
[0.691s] -- Up-to-date symlink: /home/zyme/ros_ws/Autoware_sim_test/install/pandar_msgs/include/pandar_msgs/pandar_msgs/msg/detail/pandar_scan__rosidl_typesupport_introspection_c.h
[0.691s] -- Up-to-date symlink: /home/zyme/ros_ws/Autoware_sim_test/install/pandar_msgs/include/pandar_msgs/pandar_msgs/msg/rosidl_typesupport_introspection_c__visibility_control.h
[0.691s] -- Up-to-date symlink: /home/zyme/ros_ws/Autoware_sim_test/install/pandar_msgs/include/pandar_msgs/pandar_msgs/msg/detail/pandar_jumbo_packet__rosidl_typesupport_introspection_cpp.hpp
[0.692s] -- Up-to-date symlink: /home/zyme/ros_ws/Autoware_sim_test/install/pandar_msgs/include/pandar_msgs/pandar_msgs/msg/detail/pandar_packet__rosidl_typesupport_introspection_cpp.hpp
[0.692s] -- Up-to-date symlink: /home/zyme/ros_ws/Autoware_sim_test/install/pandar_msgs/include/pandar_msgs/pandar_msgs/msg/detail/pandar_scan__rosidl_typesupport_introspection_cpp.hpp
[0.692s] -- Up-to-date symlink: /home/zyme/ros_ws/Autoware_sim_test/install/pandar_msgs/share/pandar_msgs/environment/pythonpath.sh
[0.692s] -- Up-to-date symlink: /home/zyme/ros_ws/Autoware_sim_test/install/pandar_msgs/share/pandar_msgs/environment/pythonpath.dsv
[0.693s] -- Up-to-date symlink: /home/zyme/ros_ws/Autoware_sim_test/install/pandar_msgs/local/lib/python3.10/dist-packages/pandar_msgs-0.0.0-py3.10.egg-info/PKG-INFO
[0.693s] -- Up-to-date symlink: /home/zyme/ros_ws/Autoware_sim_test/install/pandar_msgs/local/lib/python3.10/dist-packages/pandar_msgs-0.0.0-py3.10.egg-info/SOURCES.txt
[0.693s] -- Up-to-date symlink: /home/zyme/ros_ws/Autoware_sim_test/install/pandar_msgs/local/lib/python3.10/dist-packages/pandar_msgs-0.0.0-py3.10.egg-info/dependency_links.txt
[0.693s] -- Up-to-date symlink: /home/zyme/ros_ws/Autoware_sim_test/install/pandar_msgs/local/lib/python3.10/dist-packages/pandar_msgs-0.0.0-py3.10.egg-info/top_level.txt
[0.694s] -- Up-to-date symlink: /home/zyme/ros_ws/Autoware_sim_test/install/pandar_msgs/local/lib/python3.10/dist-packages/pandar_msgs/__init__.py
[0.694s] -- Up-to-date symlink: /home/zyme/ros_ws/Autoware_sim_test/install/pandar_msgs/local/lib/python3.10/dist-packages/pandar_msgs/_pandar_msgs_s.ep.rosidl_typesupport_c.c
[0.694s] -- Up-to-date symlink: /home/zyme/ros_ws/Autoware_sim_test/install/pandar_msgs/local/lib/python3.10/dist-packages/pandar_msgs/_pandar_msgs_s.ep.rosidl_typesupport_fastrtps_c.c
[0.695s] -- Up-to-date symlink: /home/zyme/ros_ws/Autoware_sim_test/install/pandar_msgs/local/lib/python3.10/dist-packages/pandar_msgs/_pandar_msgs_s.ep.rosidl_typesupport_introspection_c.c
[0.695s] -- Up-to-date symlink: /home/zyme/ros_ws/Autoware_sim_test/install/pandar_msgs/local/lib/python3.10/dist-packages/pandar_msgs/libpandar_msgs__rosidl_generator_py.so
[0.695s] -- Up-to-date symlink: /home/zyme/ros_ws/Autoware_sim_test/install/pandar_msgs/local/lib/python3.10/dist-packages/pandar_msgs/msg/__init__.py
[0.695s] -- Up-to-date symlink: /home/zyme/ros_ws/Autoware_sim_test/install/pandar_msgs/local/lib/python3.10/dist-packages/pandar_msgs/msg/_pandar_jumbo_packet.py
[0.695s] -- Up-to-date symlink: /home/zyme/ros_ws/Autoware_sim_test/install/pandar_msgs/local/lib/python3.10/dist-packages/pandar_msgs/msg/_pandar_jumbo_packet_s.c
[0.695s] -- Up-to-date symlink: /home/zyme/ros_ws/Autoware_sim_test/install/pandar_msgs/local/lib/python3.10/dist-packages/pandar_msgs/msg/_pandar_packet.py
[0.695s] -- Up-to-date symlink: /home/zyme/ros_ws/Autoware_sim_test/install/pandar_msgs/local/lib/python3.10/dist-packages/pandar_msgs/msg/_pandar_packet_s.c
[0.696s] -- Up-to-date symlink: /home/zyme/ros_ws/Autoware_sim_test/install/pandar_msgs/local/lib/python3.10/dist-packages/pandar_msgs/msg/_pandar_scan.py
[0.696s] -- Up-to-date symlink: /home/zyme/ros_ws/Autoware_sim_test/install/pandar_msgs/local/lib/python3.10/dist-packages/pandar_msgs/msg/_pandar_scan_s.c
[0.696s] -- Up-to-date symlink: /home/zyme/ros_ws/Autoware_sim_test/install/pandar_msgs/local/lib/python3.10/dist-packages/pandar_msgs/pandar_msgs_s__rosidl_typesupport_c.cpython-310-x86_64-linux-gnu.so
[0.696s] -- Up-to-date symlink: /home/zyme/ros_ws/Autoware_sim_test/install/pandar_msgs/local/lib/python3.10/dist-packages/pandar_msgs/pandar_msgs_s__rosidl_typesupport_fastrtps_c.cpython-310-x86_64-linux-gnu.so
[0.696s] -- Up-to-date symlink: /home/zyme/ros_ws/Autoware_sim_test/install/pandar_msgs/local/lib/python3.10/dist-packages/pandar_msgs/pandar_msgs_s__rosidl_typesupport_introspection_c.cpython-310-x86_64-linux-gnu.so
[0.697s] -- Up-to-date symlink: /home/zyme/ros_ws/Autoware_sim_test/install/pandar_msgs/local/lib/python3.10/dist-packages/pandar_msgs/pandar_msgs_s__rosidl_typesupport_fastrtps_c.cpython-310-x86_64-linux-gnu.so
[0.697s] -- Up-to-date symlink: /home/zyme/ros_ws/Autoware_sim_test/install/pandar_msgs/local/lib/python3.10/dist-packages/pandar_msgs/pandar_msgs_s__rosidl_typesupport_introspection_c.cpython-310-x86_64-linux-gnu.so
[0.697s] -- Up-to-date symlink: /home/zyme/ros_ws/Autoware_sim_test/install/pandar_msgs/local/lib/python3.10/dist-packages/pandar_msgs/pandar_msgs_s__rosidl_typesupport_c.cpython-310-x86_64-linux-gnu.so
[0.698s] -- Up-to-date symlink: /home/zyme/ros_ws/Autoware_sim_test/install/pandar_msgs/share/pandar_msgs/msg/PandarPacket.idl
[0.698s] -- Up-to-date symlink: /home/zyme/ros_ws/Autoware_sim_test/install/pandar_msgs/share/pandar_msgs/msg/PandarScan.idl
[0.698s] -- Up-to-date symlink: /home/zyme/ros_ws/Autoware_sim_test/install/pandar_msgs/share/pandar_msgs/msg/PandarJumboPacket.idl
[0.698s] -- Up-to-date symlink: /home/zyme/ros_ws/Autoware_sim_test/install/pandar_msgs/share/pandar_msgs/msg/PandarPacket.msg
[0.698s] -- Up-to-date symlink: /home/zyme/ros_ws/Autoware_sim_test/install/pandar_msgs/share/pandar_msgs/msg/PandarScan.msg
[0.699s] -- Up-to-date symlink: /home/zyme/ros_ws/Autoware_sim_test/install/pandar_msgs/share/pandar_msgs/msg/PandarJumboPacket.msg
[0.699s] -- Up-to-date symlink: /home/zyme/ros_ws/Autoware_sim_test/install/pandar_msgs/share/ament_index/resource_index/package_run_dependencies/pandar_msgs
[0.699s] -- Up-to-date symlink: /home/zyme/ros_ws/Autoware_sim_test/install/pandar_msgs/share/ament_index/resource_index/parent_prefix_path/pandar_msgs
[0.699s] -- Up-to-date symlink: /home/zyme/ros_ws/Autoware_sim_test/install/pandar_msgs/share/pandar_msgs/environment/ament_prefix_path.sh
[0.699s] -- Up-to-date symlink: /home/zyme/ros_ws/Autoware_sim_test/install/pandar_msgs/share/pandar_msgs/environment/ament_prefix_path.dsv
[0.699s] -- Up-to-date symlink: /home/zyme/ros_ws/Autoware_sim_test/install/pandar_msgs/share/pandar_msgs/environment/path.sh
[0.699s] -- Up-to-date symlink: /home/zyme/ros_ws/Autoware_sim_test/install/pandar_msgs/share/pandar_msgs/environment/path.dsv
[0.700s] -- Up-to-date symlink: /home/zyme/ros_ws/Autoware_sim_test/install/pandar_msgs/share/pandar_msgs/local_setup.bash
[0.700s] -- Up-to-date symlink: /home/zyme/ros_ws/Autoware_sim_test/install/pandar_msgs/share/pandar_msgs/local_setup.sh
[0.700s] -- Up-to-date symlink: /home/zyme/ros_ws/Autoware_sim_test/install/pandar_msgs/share/pandar_msgs/local_setup.zsh
[0.700s] -- Up-to-date symlink: /home/zyme/ros_ws/Autoware_sim_test/install/pandar_msgs/share/pandar_msgs/local_setup.dsv
[0.700s] -- Symlinking: /home/zyme/ros_ws/Autoware_sim_test/install/pandar_msgs/share/pandar_msgs/package.dsv
[0.709s] -- Up-to-date symlink: /home/zyme/ros_ws/Autoware_sim_test/install/pandar_msgs/share/ament_index/resource_index/packages/pandar_msgs
[0.709s] -- Up-to-date symlink: /home/zyme/ros_ws/Autoware_sim_test/install/pandar_msgs/share/pandar_msgs/cmake/rosidl_cmake-extras.cmake
[0.709s] -- Up-to-date symlink: /home/zyme/ros_ws/Autoware_sim_test/install/pandar_msgs/share/pandar_msgs/cmake/ament_cmake_export_dependencies-extras.cmake
[0.709s] -- Up-to-date symlink: /home/zyme/ros_ws/Autoware_sim_test/install/pandar_msgs/share/pandar_msgs/cmake/ament_cmake_export_include_directories-extras.cmake
[0.709s] -- Up-to-date symlink: /home/zyme/ros_ws/Autoware_sim_test/install/pandar_msgs/share/pandar_msgs/cmake/ament_cmake_export_libraries-extras.cmake
[0.710s] -- Up-to-date symlink: /home/zyme/ros_ws/Autoware_sim_test/install/pandar_msgs/share/pandar_msgs/cmake/ament_cmake_export_targets-extras.cmake
[0.710s] -- Up-to-date symlink: /home/zyme/ros_ws/Autoware_sim_test/install/pandar_msgs/share/pandar_msgs/cmake/rosidl_cmake_export_typesupport_targets-extras.cmake
[0.710s] -- Up-to-date symlink: /home/zyme/ros_ws/Autoware_sim_test/install/pandar_msgs/share/pandar_msgs/cmake/rosidl_cmake_export_typesupport_libraries-extras.cmake
[0.710s] -- Up-to-date symlink: /home/zyme/ros_ws/Autoware_sim_test/install/pandar_msgs/share/pandar_msgs/cmake/pandar_msgsConfig.cmake
[0.710s] -- Up-to-date symlink: /home/zyme/ros_ws/Autoware_sim_test/install/pandar_msgs/share/pandar_msgs/cmake/pandar_msgsConfig-version.cmake
[0.710s] -- Up-to-date symlink: /home/zyme/ros_ws/Autoware_sim_test/install/pandar_msgs/share/pandar_msgs/package.xml
[0.711s] -- Up-to-date: /home/zyme/ros_ws/Autoware_sim_test/install/pandar_msgs/lib/libpandar_msgs__rosidl_generator_c.so
[0.711s] -- Up-to-date: /home/zyme/ros_ws/Autoware_sim_test/install/pandar_msgs/lib/libpandar_msgs__rosidl_typesupport_fastrtps_c.so
[0.711s] -- Up-to-date: /home/zyme/ros_ws/Autoware_sim_test/install/pandar_msgs/lib/libpandar_msgs__rosidl_typesupport_fastrtps_cpp.so
[0.712s] -- Up-to-date: /home/zyme/ros_ws/Autoware_sim_test/install/pandar_msgs/lib/libpandar_msgs__rosidl_typesupport_introspection_c.so
[0.712s] -- Up-to-date: /home/zyme/ros_ws/Autoware_sim_test/install/pandar_msgs/lib/libpandar_msgs__rosidl_typesupport_c.so
[0.712s] -- Up-to-date: /home/zyme/ros_ws/Autoware_sim_test/install/pandar_msgs/lib/libpandar_msgs__rosidl_typesupport_introspection_cpp.so
[0.713s] -- Up-to-date: /home/zyme/ros_ws/Autoware_sim_test/install/pandar_msgs/lib/libpandar_msgs__rosidl_typesupport_cpp.so
[0.740s] Listing '/home/zyme/ros_ws/Autoware_sim_test/install/pandar_msgs/local/lib/python3.10/dist-packages/pandar_msgs'...
[0.740s] Listing '/home/zyme/ros_ws/Autoware_sim_test/install/pandar_msgs/local/lib/python3.10/dist-packages/pandar_msgs/msg'...
[0.744s] -- Up-to-date: /home/zyme/ros_ws/Autoware_sim_test/install/pandar_msgs/lib/libpandar_msgs__rosidl_generator_py.so
[0.744s] -- Up-to-date: /home/zyme/ros_ws/Autoware_sim_test/install/pandar_msgs/share/pandar_msgs/cmake/export_pandar_msgs__rosidl_generator_cExport.cmake
[0.744s] -- Up-to-date: /home/zyme/ros_ws/Autoware_sim_test/install/pandar_msgs/share/pandar_msgs/cmake/export_pandar_msgs__rosidl_generator_cExport-release.cmake
[0.745s] -- Up-to-date: /home/zyme/ros_ws/Autoware_sim_test/install/pandar_msgs/share/pandar_msgs/cmake/export_pandar_msgs__rosidl_typesupport_fastrtps_cExport.cmake
[0.745s] -- Up-to-date: /home/zyme/ros_ws/Autoware_sim_test/install/pandar_msgs/share/pandar_msgs/cmake/export_pandar_msgs__rosidl_typesupport_fastrtps_cExport-release.cmake
[0.745s] -- Up-to-date: /home/zyme/ros_ws/Autoware_sim_test/install/pandar_msgs/share/pandar_msgs/cmake/export_pandar_msgs__rosidl_generator_cppExport.cmake
[0.745s] -- Up-to-date: /home/zyme/ros_ws/Autoware_sim_test/install/pandar_msgs/share/pandar_msgs/cmake/export_pandar_msgs__rosidl_typesupport_fastrtps_cppExport.cmake
[0.745s] -- Up-to-date: /home/zyme/ros_ws/Autoware_sim_test/install/pandar_msgs/share/pandar_msgs/cmake/export_pandar_msgs__rosidl_typesupport_fastrtps_cppExport-release.cmake
[0.745s] -- Up-to-date: /home/zyme/ros_ws/Autoware_sim_test/install/pandar_msgs/share/pandar_msgs/cmake/pandar_msgs__rosidl_typesupport_introspection_cExport.cmake
[0.745s] -- Up-to-date: /home/zyme/ros_ws/Autoware_sim_test/install/pandar_msgs/share/pandar_msgs/cmake/pandar_msgs__rosidl_typesupport_introspection_cExport-release.cmake
[0.746s] -- Up-to-date: /home/zyme/ros_ws/Autoware_sim_test/install/pandar_msgs/share/pandar_msgs/cmake/pandar_msgs__rosidl_typesupport_cExport.cmake
[0.746s] -- Up-to-date: /home/zyme/ros_ws/Autoware_sim_test/install/pandar_msgs/share/pandar_msgs/cmake/pandar_msgs__rosidl_typesupport_cExport-release.cmake
[0.746s] -- Up-to-date: /home/zyme/ros_ws/Autoware_sim_test/install/pandar_msgs/share/pandar_msgs/cmake/pandar_msgs__rosidl_typesupport_introspection_cppExport.cmake
[0.746s] -- Up-to-date: /home/zyme/ros_ws/Autoware_sim_test/install/pandar_msgs/share/pandar_msgs/cmake/pandar_msgs__rosidl_typesupport_introspection_cppExport-release.cmake
[0.746s] -- Up-to-date: /home/zyme/ros_ws/Autoware_sim_test/install/pandar_msgs/share/pandar_msgs/cmake/pandar_msgs__rosidl_typesupport_cppExport.cmake
[0.746s] -- Up-to-date: /home/zyme/ros_ws/Autoware_sim_test/install/pandar_msgs/share/pandar_msgs/cmake/pandar_msgs__rosidl_typesupport_cppExport-release.cmake
[0.746s] -- Up-to-date: /home/zyme/ros_ws/Autoware_sim_test/install/pandar_msgs/share/pandar_msgs/cmake/export_pandar_msgs__rosidl_generator_pyExport.cmake
[0.746s] -- Up-to-date: /home/zyme/ros_ws/Autoware_sim_test/install/pandar_msgs/share/pandar_msgs/cmake/export_pandar_msgs__rosidl_generator_pyExport-release.cmake
[0.748s] Invoked command in '/home/zyme/ros_ws/Autoware_sim_test/build/pandar_msgs' returned '0': CMAKE_PREFIX_PATH=/opt/ros/humble /usr/bin/cmake --install /home/zyme/ros_ws/Autoware_sim_test/build/pandar_msgs
