[0.063s] Invoking command in '/home/zyme/ros_ws/Autoware_sim_test/build/autoware_map_msgs': CMAKE_PREFIX_PATH=/opt/ros/humble /usr/bin/cmake --build /home/zyme/ros_ws/Autoware_sim_test/build/autoware_map_msgs -- -j12 -l12
[0.126s] [  1%] Built target autoware_map_msgs__cpp
[0.133s] [ 12%] Built target autoware_map_msgs__rosidl_generator_c
[0.137s] [ 12%] Built target ament_cmake_python_symlink_autoware_map_msgs
[0.170s] [ 24%] Built target autoware_map_msgs__rosidl_typesupport_introspection_cpp
[0.174s] [ 35%] Built target autoware_map_msgs__rosidl_typesupport_cpp
[0.177s] [ 58%] Built target autoware_map_msgs__rosidl_typesupport_fastrtps_cpp
[0.177s] [ 58%] Built target autoware_map_msgs__rosidl_typesupport_c
[0.179s] [ 70%] Built target autoware_map_msgs__rosidl_typesupport_introspection_c
[0.183s] [ 82%] Built target autoware_map_msgs__rosidl_typesupport_fastrtps_c
[0.206s] [ 82%] Built target autoware_map_msgs
[0.230s] [ 83%] Built target autoware_map_msgs__py
[0.259s] [ 93%] Built target autoware_map_msgs__rosidl_generator_py
[0.286s] [ 95%] Built target autoware_map_msgs__rosidl_typesupport_introspection_c__pyext
[0.286s] [ 97%] Built target autoware_map_msgs__rosidl_typesupport_c__pyext
[0.286s] [100%] Built target autoware_map_msgs__rosidl_typesupport_fastrtps_c__pyext
[0.437s] running egg_info
[0.437s] writing autoware_map_msgs.egg-info/PKG-INFO
[0.437s] writing dependency_links to autoware_map_msgs.egg-info/dependency_links.txt
[0.438s] writing top-level names to autoware_map_msgs.egg-info/top_level.txt
[0.440s] reading manifest file 'autoware_map_msgs.egg-info/SOURCES.txt'
[0.441s] writing manifest file 'autoware_map_msgs.egg-info/SOURCES.txt'
[0.467s] [100%] Built target ament_cmake_python_build_autoware_map_msgs_egg
[0.480s] Invoked command in '/home/zyme/ros_ws/Autoware_sim_test/build/autoware_map_msgs' returned '0': CMAKE_PREFIX_PATH=/opt/ros/humble /usr/bin/cmake --build /home/zyme/ros_ws/Autoware_sim_test/build/autoware_map_msgs -- -j12 -l12
[0.710s] Invoking command in '/home/zyme/ros_ws/Autoware_sim_test/build/autoware_map_msgs': CMAKE_PREFIX_PATH=/opt/ros/humble /usr/bin/cmake --install /home/zyme/ros_ws/Autoware_sim_test/build/autoware_map_msgs
[0.718s] -- Install configuration: "Release"
[0.719s] -- Execute custom install script
[0.719s] -- Up-to-date symlink: /home/zyme/ros_ws/Autoware_sim_test/install/autoware_map_msgs/share/ament_index/resource_index/rosidl_interfaces/autoware_map_msgs
[0.720s] -- Up-to-date symlink: /home/zyme/ros_ws/Autoware_sim_test/install/autoware_map_msgs/include/autoware_map_msgs/autoware_map_msgs/msg/area_info.h
[0.720s] -- Up-to-date symlink: /home/zyme/ros_ws/Autoware_sim_test/install/autoware_map_msgs/include/autoware_map_msgs/autoware_map_msgs/msg/detail/area_info__functions.h
[0.720s] -- Up-to-date symlink: /home/zyme/ros_ws/Autoware_sim_test/install/autoware_map_msgs/include/autoware_map_msgs/autoware_map_msgs/msg/detail/area_info__struct.h
[0.720s] -- Up-to-date symlink: /home/zyme/ros_ws/Autoware_sim_test/install/autoware_map_msgs/include/autoware_map_msgs/autoware_map_msgs/msg/detail/area_info__type_support.h
[0.721s] -- Up-to-date symlink: /home/zyme/ros_ws/Autoware_sim_test/install/autoware_map_msgs/include/autoware_map_msgs/autoware_map_msgs/msg/detail/lanelet_map_bin__functions.h
[0.721s] -- Up-to-date symlink: /home/zyme/ros_ws/Autoware_sim_test/install/autoware_map_msgs/include/autoware_map_msgs/autoware_map_msgs/msg/detail/lanelet_map_bin__struct.h
[0.721s] -- Up-to-date symlink: /home/zyme/ros_ws/Autoware_sim_test/install/autoware_map_msgs/include/autoware_map_msgs/autoware_map_msgs/msg/detail/lanelet_map_bin__type_support.h
[0.721s] -- Up-to-date symlink: /home/zyme/ros_ws/Autoware_sim_test/install/autoware_map_msgs/include/autoware_map_msgs/autoware_map_msgs/msg/detail/point_cloud_map_cell_meta_data__functions.h
[0.721s] -- Up-to-date symlink: /home/zyme/ros_ws/Autoware_sim_test/install/autoware_map_msgs/include/autoware_map_msgs/autoware_map_msgs/msg/detail/point_cloud_map_cell_meta_data__struct.h
[0.722s] -- Up-to-date symlink: /home/zyme/ros_ws/Autoware_sim_test/install/autoware_map_msgs/include/autoware_map_msgs/autoware_map_msgs/msg/detail/point_cloud_map_cell_meta_data__type_support.h
[0.722s] -- Up-to-date symlink: /home/zyme/ros_ws/Autoware_sim_test/install/autoware_map_msgs/include/autoware_map_msgs/autoware_map_msgs/msg/detail/point_cloud_map_cell_meta_data_with_id__functions.h
[0.722s] -- Up-to-date symlink: /home/zyme/ros_ws/Autoware_sim_test/install/autoware_map_msgs/include/autoware_map_msgs/autoware_map_msgs/msg/detail/point_cloud_map_cell_meta_data_with_id__struct.h
[0.722s] -- Up-to-date symlink: /home/zyme/ros_ws/Autoware_sim_test/install/autoware_map_msgs/include/autoware_map_msgs/autoware_map_msgs/msg/detail/point_cloud_map_cell_meta_data_with_id__type_support.h
[0.722s] -- Up-to-date symlink: /home/zyme/ros_ws/Autoware_sim_test/install/autoware_map_msgs/include/autoware_map_msgs/autoware_map_msgs/msg/detail/point_cloud_map_cell_with_id__functions.h
[0.723s] -- Up-to-date symlink: /home/zyme/ros_ws/Autoware_sim_test/install/autoware_map_msgs/include/autoware_map_msgs/autoware_map_msgs/msg/detail/point_cloud_map_cell_with_id__struct.h
[0.723s] -- Up-to-date symlink: /home/zyme/ros_ws/Autoware_sim_test/install/autoware_map_msgs/include/autoware_map_msgs/autoware_map_msgs/msg/detail/point_cloud_map_cell_with_id__type_support.h
[0.723s] -- Up-to-date symlink: /home/zyme/ros_ws/Autoware_sim_test/install/autoware_map_msgs/include/autoware_map_msgs/autoware_map_msgs/msg/detail/point_cloud_map_meta_data__functions.h
[0.723s] -- Up-to-date symlink: /home/zyme/ros_ws/Autoware_sim_test/install/autoware_map_msgs/include/autoware_map_msgs/autoware_map_msgs/msg/detail/point_cloud_map_meta_data__struct.h
[0.723s] -- Up-to-date symlink: /home/zyme/ros_ws/Autoware_sim_test/install/autoware_map_msgs/include/autoware_map_msgs/autoware_map_msgs/msg/detail/point_cloud_map_meta_data__type_support.h
[0.724s] -- Up-to-date symlink: /home/zyme/ros_ws/Autoware_sim_test/install/autoware_map_msgs/include/autoware_map_msgs/autoware_map_msgs/msg/lanelet_map_bin.h
[0.724s] -- Up-to-date symlink: /home/zyme/ros_ws/Autoware_sim_test/install/autoware_map_msgs/include/autoware_map_msgs/autoware_map_msgs/msg/point_cloud_map_cell_meta_data.h
[0.724s] -- Up-to-date symlink: /home/zyme/ros_ws/Autoware_sim_test/install/autoware_map_msgs/include/autoware_map_msgs/autoware_map_msgs/msg/point_cloud_map_cell_meta_data_with_id.h
[0.724s] -- Up-to-date symlink: /home/zyme/ros_ws/Autoware_sim_test/install/autoware_map_msgs/include/autoware_map_msgs/autoware_map_msgs/msg/point_cloud_map_cell_with_id.h
[0.724s] -- Up-to-date symlink: /home/zyme/ros_ws/Autoware_sim_test/install/autoware_map_msgs/include/autoware_map_msgs/autoware_map_msgs/msg/point_cloud_map_meta_data.h
[0.725s] -- Up-to-date symlink: /home/zyme/ros_ws/Autoware_sim_test/install/autoware_map_msgs/include/autoware_map_msgs/autoware_map_msgs/msg/rosidl_generator_c__visibility_control.h
[0.725s] -- Up-to-date symlink: /home/zyme/ros_ws/Autoware_sim_test/install/autoware_map_msgs/include/autoware_map_msgs/autoware_map_msgs/srv/detail/get_differential_point_cloud_map__functions.h
[0.725s] -- Up-to-date symlink: /home/zyme/ros_ws/Autoware_sim_test/install/autoware_map_msgs/include/autoware_map_msgs/autoware_map_msgs/srv/detail/get_differential_point_cloud_map__struct.h
[0.725s] -- Up-to-date symlink: /home/zyme/ros_ws/Autoware_sim_test/install/autoware_map_msgs/include/autoware_map_msgs/autoware_map_msgs/srv/detail/get_differential_point_cloud_map__type_support.h
[0.726s] -- Up-to-date symlink: /home/zyme/ros_ws/Autoware_sim_test/install/autoware_map_msgs/include/autoware_map_msgs/autoware_map_msgs/srv/detail/get_partial_point_cloud_map__functions.h
[0.726s] -- Up-to-date symlink: /home/zyme/ros_ws/Autoware_sim_test/install/autoware_map_msgs/include/autoware_map_msgs/autoware_map_msgs/srv/detail/get_partial_point_cloud_map__struct.h
[0.726s] -- Up-to-date symlink: /home/zyme/ros_ws/Autoware_sim_test/install/autoware_map_msgs/include/autoware_map_msgs/autoware_map_msgs/srv/detail/get_partial_point_cloud_map__type_support.h
[0.726s] -- Up-to-date symlink: /home/zyme/ros_ws/Autoware_sim_test/install/autoware_map_msgs/include/autoware_map_msgs/autoware_map_msgs/srv/detail/get_selected_point_cloud_map__functions.h
[0.726s] -- Up-to-date symlink: /home/zyme/ros_ws/Autoware_sim_test/install/autoware_map_msgs/include/autoware_map_msgs/autoware_map_msgs/srv/detail/get_selected_point_cloud_map__struct.h
[0.727s] -- Up-to-date symlink: /home/zyme/ros_ws/Autoware_sim_test/install/autoware_map_msgs/include/autoware_map_msgs/autoware_map_msgs/srv/detail/get_selected_point_cloud_map__type_support.h
[0.727s] -- Up-to-date symlink: /home/zyme/ros_ws/Autoware_sim_test/install/autoware_map_msgs/include/autoware_map_msgs/autoware_map_msgs/srv/get_differential_point_cloud_map.h
[0.727s] -- Up-to-date symlink: /home/zyme/ros_ws/Autoware_sim_test/install/autoware_map_msgs/include/autoware_map_msgs/autoware_map_msgs/srv/get_partial_point_cloud_map.h
[0.727s] -- Up-to-date symlink: /home/zyme/ros_ws/Autoware_sim_test/install/autoware_map_msgs/include/autoware_map_msgs/autoware_map_msgs/srv/get_selected_point_cloud_map.h
[0.728s] -- Up-to-date symlink: /home/zyme/ros_ws/Autoware_sim_test/install/autoware_map_msgs/share/autoware_map_msgs/environment/library_path.sh
[0.728s] -- Up-to-date symlink: /home/zyme/ros_ws/Autoware_sim_test/install/autoware_map_msgs/share/autoware_map_msgs/environment/library_path.dsv
[0.729s] -- Up-to-date symlink: /home/zyme/ros_ws/Autoware_sim_test/install/autoware_map_msgs/include/autoware_map_msgs/autoware_map_msgs/msg/detail/area_info__rosidl_typesupport_fastrtps_c.h
[0.729s] -- Up-to-date symlink: /home/zyme/ros_ws/Autoware_sim_test/install/autoware_map_msgs/include/autoware_map_msgs/autoware_map_msgs/msg/detail/lanelet_map_bin__rosidl_typesupport_fastrtps_c.h
[0.730s] -- Up-to-date symlink: /home/zyme/ros_ws/Autoware_sim_test/install/autoware_map_msgs/include/autoware_map_msgs/autoware_map_msgs/msg/detail/point_cloud_map_cell_meta_data__rosidl_typesupport_fastrtps_c.h
[0.730s] -- Up-to-date symlink: /home/zyme/ros_ws/Autoware_sim_test/install/autoware_map_msgs/include/autoware_map_msgs/autoware_map_msgs/msg/detail/point_cloud_map_cell_meta_data_with_id__rosidl_typesupport_fastrtps_c.h
[0.730s] -- Up-to-date symlink: /home/zyme/ros_ws/Autoware_sim_test/install/autoware_map_msgs/include/autoware_map_msgs/autoware_map_msgs/msg/detail/point_cloud_map_cell_with_id__rosidl_typesupport_fastrtps_c.h
[0.730s] -- Up-to-date symlink: /home/zyme/ros_ws/Autoware_sim_test/install/autoware_map_msgs/include/autoware_map_msgs/autoware_map_msgs/msg/detail/point_cloud_map_meta_data__rosidl_typesupport_fastrtps_c.h
[0.730s] -- Up-to-date symlink: /home/zyme/ros_ws/Autoware_sim_test/install/autoware_map_msgs/include/autoware_map_msgs/autoware_map_msgs/msg/rosidl_typesupport_fastrtps_c__visibility_control.h
[0.731s] -- Up-to-date symlink: /home/zyme/ros_ws/Autoware_sim_test/install/autoware_map_msgs/include/autoware_map_msgs/autoware_map_msgs/srv/detail/get_differential_point_cloud_map__rosidl_typesupport_fastrtps_c.h
[0.731s] -- Up-to-date symlink: /home/zyme/ros_ws/Autoware_sim_test/install/autoware_map_msgs/include/autoware_map_msgs/autoware_map_msgs/srv/detail/get_partial_point_cloud_map__rosidl_typesupport_fastrtps_c.h
[0.731s] -- Up-to-date symlink: /home/zyme/ros_ws/Autoware_sim_test/install/autoware_map_msgs/include/autoware_map_msgs/autoware_map_msgs/srv/detail/get_selected_point_cloud_map__rosidl_typesupport_fastrtps_c.h
[0.732s] -- Up-to-date symlink: /home/zyme/ros_ws/Autoware_sim_test/install/autoware_map_msgs/include/autoware_map_msgs/autoware_map_msgs/msg/area_info.hpp
[0.733s] -- Up-to-date symlink: /home/zyme/ros_ws/Autoware_sim_test/install/autoware_map_msgs/include/autoware_map_msgs/autoware_map_msgs/msg/detail/area_info__builder.hpp
[0.733s] -- Up-to-date symlink: /home/zyme/ros_ws/Autoware_sim_test/install/autoware_map_msgs/include/autoware_map_msgs/autoware_map_msgs/msg/detail/area_info__struct.hpp
[0.733s] -- Up-to-date symlink: /home/zyme/ros_ws/Autoware_sim_test/install/autoware_map_msgs/include/autoware_map_msgs/autoware_map_msgs/msg/detail/area_info__traits.hpp
[0.733s] -- Up-to-date symlink: /home/zyme/ros_ws/Autoware_sim_test/install/autoware_map_msgs/include/autoware_map_msgs/autoware_map_msgs/msg/detail/lanelet_map_bin__builder.hpp
[0.733s] -- Up-to-date symlink: /home/zyme/ros_ws/Autoware_sim_test/install/autoware_map_msgs/include/autoware_map_msgs/autoware_map_msgs/msg/detail/lanelet_map_bin__struct.hpp
[0.733s] -- Up-to-date symlink: /home/zyme/ros_ws/Autoware_sim_test/install/autoware_map_msgs/include/autoware_map_msgs/autoware_map_msgs/msg/detail/lanelet_map_bin__traits.hpp
[0.734s] -- Up-to-date symlink: /home/zyme/ros_ws/Autoware_sim_test/install/autoware_map_msgs/include/autoware_map_msgs/autoware_map_msgs/msg/detail/point_cloud_map_cell_meta_data__builder.hpp
[0.734s] -- Up-to-date symlink: /home/zyme/ros_ws/Autoware_sim_test/install/autoware_map_msgs/include/autoware_map_msgs/autoware_map_msgs/msg/detail/point_cloud_map_cell_meta_data__struct.hpp
[0.734s] -- Up-to-date symlink: /home/zyme/ros_ws/Autoware_sim_test/install/autoware_map_msgs/include/autoware_map_msgs/autoware_map_msgs/msg/detail/point_cloud_map_cell_meta_data__traits.hpp
[0.734s] -- Up-to-date symlink: /home/zyme/ros_ws/Autoware_sim_test/install/autoware_map_msgs/include/autoware_map_msgs/autoware_map_msgs/msg/detail/point_cloud_map_cell_meta_data_with_id__builder.hpp
[0.734s] -- Up-to-date symlink: /home/zyme/ros_ws/Autoware_sim_test/install/autoware_map_msgs/include/autoware_map_msgs/autoware_map_msgs/msg/detail/point_cloud_map_cell_meta_data_with_id__struct.hpp
[0.734s] -- Up-to-date symlink: /home/zyme/ros_ws/Autoware_sim_test/install/autoware_map_msgs/include/autoware_map_msgs/autoware_map_msgs/msg/detail/point_cloud_map_cell_meta_data_with_id__traits.hpp
[0.735s] -- Up-to-date symlink: /home/zyme/ros_ws/Autoware_sim_test/install/autoware_map_msgs/include/autoware_map_msgs/autoware_map_msgs/msg/detail/point_cloud_map_cell_with_id__builder.hpp
[0.735s] -- Up-to-date symlink: /home/zyme/ros_ws/Autoware_sim_test/install/autoware_map_msgs/include/autoware_map_msgs/autoware_map_msgs/msg/detail/point_cloud_map_cell_with_id__struct.hpp
[0.735s] -- Up-to-date symlink: /home/zyme/ros_ws/Autoware_sim_test/install/autoware_map_msgs/include/autoware_map_msgs/autoware_map_msgs/msg/detail/point_cloud_map_cell_with_id__traits.hpp
[0.735s] -- Up-to-date symlink: /home/zyme/ros_ws/Autoware_sim_test/install/autoware_map_msgs/include/autoware_map_msgs/autoware_map_msgs/msg/detail/point_cloud_map_meta_data__builder.hpp
[0.735s] -- Up-to-date symlink: /home/zyme/ros_ws/Autoware_sim_test/install/autoware_map_msgs/include/autoware_map_msgs/autoware_map_msgs/msg/detail/point_cloud_map_meta_data__struct.hpp
[0.735s] -- Up-to-date symlink: /home/zyme/ros_ws/Autoware_sim_test/install/autoware_map_msgs/include/autoware_map_msgs/autoware_map_msgs/msg/detail/point_cloud_map_meta_data__traits.hpp
[0.736s] -- Up-to-date symlink: /home/zyme/ros_ws/Autoware_sim_test/install/autoware_map_msgs/include/autoware_map_msgs/autoware_map_msgs/msg/lanelet_map_bin.hpp
[0.736s] -- Up-to-date symlink: /home/zyme/ros_ws/Autoware_sim_test/install/autoware_map_msgs/include/autoware_map_msgs/autoware_map_msgs/msg/point_cloud_map_cell_meta_data.hpp
[0.736s] -- Up-to-date symlink: /home/zyme/ros_ws/Autoware_sim_test/install/autoware_map_msgs/include/autoware_map_msgs/autoware_map_msgs/msg/point_cloud_map_cell_meta_data_with_id.hpp
[0.736s] -- Up-to-date symlink: /home/zyme/ros_ws/Autoware_sim_test/install/autoware_map_msgs/include/autoware_map_msgs/autoware_map_msgs/msg/point_cloud_map_cell_with_id.hpp
[0.736s] -- Up-to-date symlink: /home/zyme/ros_ws/Autoware_sim_test/install/autoware_map_msgs/include/autoware_map_msgs/autoware_map_msgs/msg/point_cloud_map_meta_data.hpp
[0.736s] -- Up-to-date symlink: /home/zyme/ros_ws/Autoware_sim_test/install/autoware_map_msgs/include/autoware_map_msgs/autoware_map_msgs/srv/detail/get_differential_point_cloud_map__builder.hpp
[0.737s] -- Up-to-date symlink: /home/zyme/ros_ws/Autoware_sim_test/install/autoware_map_msgs/include/autoware_map_msgs/autoware_map_msgs/srv/detail/get_differential_point_cloud_map__struct.hpp
[0.737s] -- Up-to-date symlink: /home/zyme/ros_ws/Autoware_sim_test/install/autoware_map_msgs/include/autoware_map_msgs/autoware_map_msgs/srv/detail/get_differential_point_cloud_map__traits.hpp
[0.737s] -- Up-to-date symlink: /home/zyme/ros_ws/Autoware_sim_test/install/autoware_map_msgs/include/autoware_map_msgs/autoware_map_msgs/srv/detail/get_partial_point_cloud_map__builder.hpp
[0.737s] -- Up-to-date symlink: /home/zyme/ros_ws/Autoware_sim_test/install/autoware_map_msgs/include/autoware_map_msgs/autoware_map_msgs/srv/detail/get_partial_point_cloud_map__struct.hpp
[0.737s] -- Up-to-date symlink: /home/zyme/ros_ws/Autoware_sim_test/install/autoware_map_msgs/include/autoware_map_msgs/autoware_map_msgs/srv/detail/get_partial_point_cloud_map__traits.hpp
[0.737s] -- Up-to-date symlink: /home/zyme/ros_ws/Autoware_sim_test/install/autoware_map_msgs/include/autoware_map_msgs/autoware_map_msgs/srv/detail/get_selected_point_cloud_map__builder.hpp
[0.737s] -- Up-to-date symlink: /home/zyme/ros_ws/Autoware_sim_test/install/autoware_map_msgs/include/autoware_map_msgs/autoware_map_msgs/srv/detail/get_selected_point_cloud_map__struct.hpp
[0.737s] -- Up-to-date symlink: /home/zyme/ros_ws/Autoware_sim_test/install/autoware_map_msgs/include/autoware_map_msgs/autoware_map_msgs/srv/detail/get_selected_point_cloud_map__traits.hpp
[0.738s] -- Up-to-date symlink: /home/zyme/ros_ws/Autoware_sim_test/install/autoware_map_msgs/include/autoware_map_msgs/autoware_map_msgs/srv/get_differential_point_cloud_map.hpp
[0.738s] -- Up-to-date symlink: /home/zyme/ros_ws/Autoware_sim_test/install/autoware_map_msgs/include/autoware_map_msgs/autoware_map_msgs/srv/get_partial_point_cloud_map.hpp
[0.738s] -- Up-to-date symlink: /home/zyme/ros_ws/Autoware_sim_test/install/autoware_map_msgs/include/autoware_map_msgs/autoware_map_msgs/srv/get_selected_point_cloud_map.hpp
[0.739s] -- Up-to-date symlink: /home/zyme/ros_ws/Autoware_sim_test/install/autoware_map_msgs/include/autoware_map_msgs/autoware_map_msgs/msg/detail/area_info__rosidl_typesupport_fastrtps_cpp.hpp
[0.739s] -- Up-to-date symlink: /home/zyme/ros_ws/Autoware_sim_test/install/autoware_map_msgs/include/autoware_map_msgs/autoware_map_msgs/msg/detail/lanelet_map_bin__rosidl_typesupport_fastrtps_cpp.hpp
[0.739s] -- Up-to-date symlink: /home/zyme/ros_ws/Autoware_sim_test/install/autoware_map_msgs/include/autoware_map_msgs/autoware_map_msgs/msg/detail/point_cloud_map_cell_meta_data__rosidl_typesupport_fastrtps_cpp.hpp
[0.739s] -- Up-to-date symlink: /home/zyme/ros_ws/Autoware_sim_test/install/autoware_map_msgs/include/autoware_map_msgs/autoware_map_msgs/msg/detail/point_cloud_map_cell_meta_data_with_id__rosidl_typesupport_fastrtps_cpp.hpp
[0.739s] -- Up-to-date symlink: /home/zyme/ros_ws/Autoware_sim_test/install/autoware_map_msgs/include/autoware_map_msgs/autoware_map_msgs/msg/detail/point_cloud_map_cell_with_id__rosidl_typesupport_fastrtps_cpp.hpp
[0.739s] -- Up-to-date symlink: /home/zyme/ros_ws/Autoware_sim_test/install/autoware_map_msgs/include/autoware_map_msgs/autoware_map_msgs/msg/detail/point_cloud_map_meta_data__rosidl_typesupport_fastrtps_cpp.hpp
[0.739s] -- Up-to-date symlink: /home/zyme/ros_ws/Autoware_sim_test/install/autoware_map_msgs/include/autoware_map_msgs/autoware_map_msgs/msg/rosidl_typesupport_fastrtps_cpp__visibility_control.h
[0.740s] -- Up-to-date symlink: /home/zyme/ros_ws/Autoware_sim_test/install/autoware_map_msgs/include/autoware_map_msgs/autoware_map_msgs/srv/detail/get_differential_point_cloud_map__rosidl_typesupport_fastrtps_cpp.hpp
[0.740s] -- Up-to-date symlink: /home/zyme/ros_ws/Autoware_sim_test/install/autoware_map_msgs/include/autoware_map_msgs/autoware_map_msgs/srv/detail/get_partial_point_cloud_map__rosidl_typesupport_fastrtps_cpp.hpp
[0.740s] -- Up-to-date symlink: /home/zyme/ros_ws/Autoware_sim_test/install/autoware_map_msgs/include/autoware_map_msgs/autoware_map_msgs/srv/detail/get_selected_point_cloud_map__rosidl_typesupport_fastrtps_cpp.hpp
[0.740s] -- Up-to-date symlink: /home/zyme/ros_ws/Autoware_sim_test/install/autoware_map_msgs/include/autoware_map_msgs/autoware_map_msgs/msg/detail/area_info__rosidl_typesupport_introspection_c.h
[0.740s] -- Up-to-date symlink: /home/zyme/ros_ws/Autoware_sim_test/install/autoware_map_msgs/include/autoware_map_msgs/autoware_map_msgs/msg/detail/lanelet_map_bin__rosidl_typesupport_introspection_c.h
[0.740s] -- Up-to-date symlink: /home/zyme/ros_ws/Autoware_sim_test/install/autoware_map_msgs/include/autoware_map_msgs/autoware_map_msgs/msg/detail/point_cloud_map_cell_meta_data__rosidl_typesupport_introspection_c.h
[0.741s] -- Up-to-date symlink: /home/zyme/ros_ws/Autoware_sim_test/install/autoware_map_msgs/include/autoware_map_msgs/autoware_map_msgs/msg/detail/point_cloud_map_cell_meta_data_with_id__rosidl_typesupport_introspection_c.h
[0.741s] -- Up-to-date symlink: /home/zyme/ros_ws/Autoware_sim_test/install/autoware_map_msgs/include/autoware_map_msgs/autoware_map_msgs/msg/detail/point_cloud_map_cell_with_id__rosidl_typesupport_introspection_c.h
[0.741s] -- Up-to-date symlink: /home/zyme/ros_ws/Autoware_sim_test/install/autoware_map_msgs/include/autoware_map_msgs/autoware_map_msgs/msg/detail/point_cloud_map_meta_data__rosidl_typesupport_introspection_c.h
[0.741s] -- Up-to-date symlink: /home/zyme/ros_ws/Autoware_sim_test/install/autoware_map_msgs/include/autoware_map_msgs/autoware_map_msgs/msg/rosidl_typesupport_introspection_c__visibility_control.h
[0.741s] -- Up-to-date symlink: /home/zyme/ros_ws/Autoware_sim_test/install/autoware_map_msgs/include/autoware_map_msgs/autoware_map_msgs/srv/detail/get_differential_point_cloud_map__rosidl_typesupport_introspection_c.h
[0.741s] -- Up-to-date symlink: /home/zyme/ros_ws/Autoware_sim_test/install/autoware_map_msgs/include/autoware_map_msgs/autoware_map_msgs/srv/detail/get_partial_point_cloud_map__rosidl_typesupport_introspection_c.h
[0.741s] -- Up-to-date symlink: /home/zyme/ros_ws/Autoware_sim_test/install/autoware_map_msgs/include/autoware_map_msgs/autoware_map_msgs/srv/detail/get_selected_point_cloud_map__rosidl_typesupport_introspection_c.h
[0.742s] -- Up-to-date symlink: /home/zyme/ros_ws/Autoware_sim_test/install/autoware_map_msgs/include/autoware_map_msgs/autoware_map_msgs/msg/detail/area_info__rosidl_typesupport_introspection_cpp.hpp
[0.742s] -- Up-to-date symlink: /home/zyme/ros_ws/Autoware_sim_test/install/autoware_map_msgs/include/autoware_map_msgs/autoware_map_msgs/msg/detail/lanelet_map_bin__rosidl_typesupport_introspection_cpp.hpp
[0.742s] -- Up-to-date symlink: /home/zyme/ros_ws/Autoware_sim_test/install/autoware_map_msgs/include/autoware_map_msgs/autoware_map_msgs/msg/detail/point_cloud_map_cell_meta_data__rosidl_typesupport_introspection_cpp.hpp
[0.742s] -- Up-to-date symlink: /home/zyme/ros_ws/Autoware_sim_test/install/autoware_map_msgs/include/autoware_map_msgs/autoware_map_msgs/msg/detail/point_cloud_map_cell_meta_data_with_id__rosidl_typesupport_introspection_cpp.hpp
[0.742s] -- Up-to-date symlink: /home/zyme/ros_ws/Autoware_sim_test/install/autoware_map_msgs/include/autoware_map_msgs/autoware_map_msgs/msg/detail/point_cloud_map_cell_with_id__rosidl_typesupport_introspection_cpp.hpp
[0.742s] -- Up-to-date symlink: /home/zyme/ros_ws/Autoware_sim_test/install/autoware_map_msgs/include/autoware_map_msgs/autoware_map_msgs/msg/detail/point_cloud_map_meta_data__rosidl_typesupport_introspection_cpp.hpp
[0.742s] -- Up-to-date symlink: /home/zyme/ros_ws/Autoware_sim_test/install/autoware_map_msgs/include/autoware_map_msgs/autoware_map_msgs/srv/detail/get_differential_point_cloud_map__rosidl_typesupport_introspection_cpp.hpp
[0.743s] -- Up-to-date symlink: /home/zyme/ros_ws/Autoware_sim_test/install/autoware_map_msgs/include/autoware_map_msgs/autoware_map_msgs/srv/detail/get_partial_point_cloud_map__rosidl_typesupport_introspection_cpp.hpp
[0.743s] -- Up-to-date symlink: /home/zyme/ros_ws/Autoware_sim_test/install/autoware_map_msgs/include/autoware_map_msgs/autoware_map_msgs/srv/detail/get_selected_point_cloud_map__rosidl_typesupport_introspection_cpp.hpp
[0.743s] -- Up-to-date symlink: /home/zyme/ros_ws/Autoware_sim_test/install/autoware_map_msgs/share/autoware_map_msgs/environment/pythonpath.sh
[0.743s] -- Up-to-date symlink: /home/zyme/ros_ws/Autoware_sim_test/install/autoware_map_msgs/share/autoware_map_msgs/environment/pythonpath.dsv
[0.744s] -- Up-to-date symlink: /home/zyme/ros_ws/Autoware_sim_test/install/autoware_map_msgs/local/lib/python3.10/dist-packages/autoware_map_msgs-1.0.0-py3.10.egg-info/PKG-INFO
[0.744s] -- Up-to-date symlink: /home/zyme/ros_ws/Autoware_sim_test/install/autoware_map_msgs/local/lib/python3.10/dist-packages/autoware_map_msgs-1.0.0-py3.10.egg-info/SOURCES.txt
[0.744s] -- Up-to-date symlink: /home/zyme/ros_ws/Autoware_sim_test/install/autoware_map_msgs/local/lib/python3.10/dist-packages/autoware_map_msgs-1.0.0-py3.10.egg-info/dependency_links.txt
[0.744s] -- Up-to-date symlink: /home/zyme/ros_ws/Autoware_sim_test/install/autoware_map_msgs/local/lib/python3.10/dist-packages/autoware_map_msgs-1.0.0-py3.10.egg-info/top_level.txt
[0.745s] -- Up-to-date symlink: /home/zyme/ros_ws/Autoware_sim_test/install/autoware_map_msgs/local/lib/python3.10/dist-packages/autoware_map_msgs/__init__.py
[0.745s] -- Up-to-date symlink: /home/zyme/ros_ws/Autoware_sim_test/install/autoware_map_msgs/local/lib/python3.10/dist-packages/autoware_map_msgs/_autoware_map_msgs_s.ep.rosidl_typesupport_c.c
[0.745s] -- Up-to-date symlink: /home/zyme/ros_ws/Autoware_sim_test/install/autoware_map_msgs/local/lib/python3.10/dist-packages/autoware_map_msgs/_autoware_map_msgs_s.ep.rosidl_typesupport_fastrtps_c.c
[0.745s] -- Up-to-date symlink: /home/zyme/ros_ws/Autoware_sim_test/install/autoware_map_msgs/local/lib/python3.10/dist-packages/autoware_map_msgs/_autoware_map_msgs_s.ep.rosidl_typesupport_introspection_c.c
[0.745s] -- Up-to-date symlink: /home/zyme/ros_ws/Autoware_sim_test/install/autoware_map_msgs/local/lib/python3.10/dist-packages/autoware_map_msgs/autoware_map_msgs_s__rosidl_typesupport_c.cpython-310-x86_64-linux-gnu.so
[0.746s] -- Up-to-date symlink: /home/zyme/ros_ws/Autoware_sim_test/install/autoware_map_msgs/local/lib/python3.10/dist-packages/autoware_map_msgs/autoware_map_msgs_s__rosidl_typesupport_fastrtps_c.cpython-310-x86_64-linux-gnu.so
[0.746s] -- Up-to-date symlink: /home/zyme/ros_ws/Autoware_sim_test/install/autoware_map_msgs/local/lib/python3.10/dist-packages/autoware_map_msgs/autoware_map_msgs_s__rosidl_typesupport_introspection_c.cpython-310-x86_64-linux-gnu.so
[0.746s] -- Up-to-date symlink: /home/zyme/ros_ws/Autoware_sim_test/install/autoware_map_msgs/local/lib/python3.10/dist-packages/autoware_map_msgs/libautoware_map_msgs__rosidl_generator_py.so
[0.746s] -- Up-to-date symlink: /home/zyme/ros_ws/Autoware_sim_test/install/autoware_map_msgs/local/lib/python3.10/dist-packages/autoware_map_msgs/msg/__init__.py
[0.746s] -- Up-to-date symlink: /home/zyme/ros_ws/Autoware_sim_test/install/autoware_map_msgs/local/lib/python3.10/dist-packages/autoware_map_msgs/msg/_area_info.py
[0.746s] -- Up-to-date symlink: /home/zyme/ros_ws/Autoware_sim_test/install/autoware_map_msgs/local/lib/python3.10/dist-packages/autoware_map_msgs/msg/_area_info_s.c
[0.746s] -- Up-to-date symlink: /home/zyme/ros_ws/Autoware_sim_test/install/autoware_map_msgs/local/lib/python3.10/dist-packages/autoware_map_msgs/msg/_lanelet_map_bin.py
[0.746s] -- Up-to-date symlink: /home/zyme/ros_ws/Autoware_sim_test/install/autoware_map_msgs/local/lib/python3.10/dist-packages/autoware_map_msgs/msg/_lanelet_map_bin_s.c
[0.746s] -- Up-to-date symlink: /home/zyme/ros_ws/Autoware_sim_test/install/autoware_map_msgs/local/lib/python3.10/dist-packages/autoware_map_msgs/msg/_point_cloud_map_cell_meta_data.py
[0.747s] -- Up-to-date symlink: /home/zyme/ros_ws/Autoware_sim_test/install/autoware_map_msgs/local/lib/python3.10/dist-packages/autoware_map_msgs/msg/_point_cloud_map_cell_meta_data_s.c
[0.747s] -- Up-to-date symlink: /home/zyme/ros_ws/Autoware_sim_test/install/autoware_map_msgs/local/lib/python3.10/dist-packages/autoware_map_msgs/msg/_point_cloud_map_cell_meta_data_with_id.py
[0.747s] -- Up-to-date symlink: /home/zyme/ros_ws/Autoware_sim_test/install/autoware_map_msgs/local/lib/python3.10/dist-packages/autoware_map_msgs/msg/_point_cloud_map_cell_meta_data_with_id_s.c
[0.747s] -- Up-to-date symlink: /home/zyme/ros_ws/Autoware_sim_test/install/autoware_map_msgs/local/lib/python3.10/dist-packages/autoware_map_msgs/msg/_point_cloud_map_cell_with_id.py
[0.747s] -- Up-to-date symlink: /home/zyme/ros_ws/Autoware_sim_test/install/autoware_map_msgs/local/lib/python3.10/dist-packages/autoware_map_msgs/msg/_point_cloud_map_cell_with_id_s.c
[0.747s] -- Up-to-date symlink: /home/zyme/ros_ws/Autoware_sim_test/install/autoware_map_msgs/local/lib/python3.10/dist-packages/autoware_map_msgs/msg/_point_cloud_map_meta_data.py
[0.748s] -- Up-to-date symlink: /home/zyme/ros_ws/Autoware_sim_test/install/autoware_map_msgs/local/lib/python3.10/dist-packages/autoware_map_msgs/msg/_point_cloud_map_meta_data_s.c
[0.748s] -- Up-to-date symlink: /home/zyme/ros_ws/Autoware_sim_test/install/autoware_map_msgs/local/lib/python3.10/dist-packages/autoware_map_msgs/srv/__init__.py
[0.748s] -- Up-to-date symlink: /home/zyme/ros_ws/Autoware_sim_test/install/autoware_map_msgs/local/lib/python3.10/dist-packages/autoware_map_msgs/srv/_get_differential_point_cloud_map.py
[0.748s] -- Up-to-date symlink: /home/zyme/ros_ws/Autoware_sim_test/install/autoware_map_msgs/local/lib/python3.10/dist-packages/autoware_map_msgs/srv/_get_differential_point_cloud_map_s.c
[0.748s] -- Up-to-date symlink: /home/zyme/ros_ws/Autoware_sim_test/install/autoware_map_msgs/local/lib/python3.10/dist-packages/autoware_map_msgs/srv/_get_partial_point_cloud_map.py
[0.749s] -- Up-to-date symlink: /home/zyme/ros_ws/Autoware_sim_test/install/autoware_map_msgs/local/lib/python3.10/dist-packages/autoware_map_msgs/srv/_get_partial_point_cloud_map_s.c
[0.749s] -- Up-to-date symlink: /home/zyme/ros_ws/Autoware_sim_test/install/autoware_map_msgs/local/lib/python3.10/dist-packages/autoware_map_msgs/srv/_get_selected_point_cloud_map.py
[0.749s] -- Up-to-date symlink: /home/zyme/ros_ws/Autoware_sim_test/install/autoware_map_msgs/local/lib/python3.10/dist-packages/autoware_map_msgs/srv/_get_selected_point_cloud_map_s.c
[0.749s] -- Up-to-date symlink: /home/zyme/ros_ws/Autoware_sim_test/install/autoware_map_msgs/local/lib/python3.10/dist-packages/autoware_map_msgs/autoware_map_msgs_s__rosidl_typesupport_fastrtps_c.cpython-310-x86_64-linux-gnu.so
[0.750s] -- Up-to-date symlink: /home/zyme/ros_ws/Autoware_sim_test/install/autoware_map_msgs/local/lib/python3.10/dist-packages/autoware_map_msgs/autoware_map_msgs_s__rosidl_typesupport_introspection_c.cpython-310-x86_64-linux-gnu.so
[0.750s] -- Up-to-date symlink: /home/zyme/ros_ws/Autoware_sim_test/install/autoware_map_msgs/local/lib/python3.10/dist-packages/autoware_map_msgs/autoware_map_msgs_s__rosidl_typesupport_c.cpython-310-x86_64-linux-gnu.so
[0.750s] -- Up-to-date symlink: /home/zyme/ros_ws/Autoware_sim_test/install/autoware_map_msgs/share/autoware_map_msgs/msg/AreaInfo.idl
[0.750s] -- Up-to-date symlink: /home/zyme/ros_ws/Autoware_sim_test/install/autoware_map_msgs/share/autoware_map_msgs/msg/LaneletMapBin.idl
[0.751s] -- Up-to-date symlink: /home/zyme/ros_ws/Autoware_sim_test/install/autoware_map_msgs/share/autoware_map_msgs/msg/PointCloudMapCellWithID.idl
[0.751s] -- Up-to-date symlink: /home/zyme/ros_ws/Autoware_sim_test/install/autoware_map_msgs/share/autoware_map_msgs/msg/PointCloudMapCellMetaData.idl
[0.751s] -- Up-to-date symlink: /home/zyme/ros_ws/Autoware_sim_test/install/autoware_map_msgs/share/autoware_map_msgs/msg/PointCloudMapCellMetaDataWithID.idl
[0.751s] -- Up-to-date symlink: /home/zyme/ros_ws/Autoware_sim_test/install/autoware_map_msgs/share/autoware_map_msgs/msg/PointCloudMapMetaData.idl
[0.751s] -- Up-to-date symlink: /home/zyme/ros_ws/Autoware_sim_test/install/autoware_map_msgs/share/autoware_map_msgs/srv/GetPartialPointCloudMap.idl
[0.751s] -- Up-to-date symlink: /home/zyme/ros_ws/Autoware_sim_test/install/autoware_map_msgs/share/autoware_map_msgs/srv/GetDifferentialPointCloudMap.idl
[0.751s] -- Up-to-date symlink: /home/zyme/ros_ws/Autoware_sim_test/install/autoware_map_msgs/share/autoware_map_msgs/srv/GetSelectedPointCloudMap.idl
[0.752s] -- Up-to-date symlink: /home/zyme/ros_ws/Autoware_sim_test/install/autoware_map_msgs/share/autoware_map_msgs/msg/AreaInfo.msg
[0.752s] -- Up-to-date symlink: /home/zyme/ros_ws/Autoware_sim_test/install/autoware_map_msgs/share/autoware_map_msgs/msg/LaneletMapBin.msg
[0.752s] -- Up-to-date symlink: /home/zyme/ros_ws/Autoware_sim_test/install/autoware_map_msgs/share/autoware_map_msgs/msg/PointCloudMapCellWithID.msg
[0.752s] -- Up-to-date symlink: /home/zyme/ros_ws/Autoware_sim_test/install/autoware_map_msgs/share/autoware_map_msgs/msg/PointCloudMapCellMetaData.msg
[0.752s] -- Up-to-date symlink: /home/zyme/ros_ws/Autoware_sim_test/install/autoware_map_msgs/share/autoware_map_msgs/msg/PointCloudMapCellMetaDataWithID.msg
[0.752s] -- Up-to-date symlink: /home/zyme/ros_ws/Autoware_sim_test/install/autoware_map_msgs/share/autoware_map_msgs/msg/PointCloudMapMetaData.msg
[0.753s] -- Up-to-date symlink: /home/zyme/ros_ws/Autoware_sim_test/install/autoware_map_msgs/share/autoware_map_msgs/srv/GetPartialPointCloudMap.srv
[0.753s] -- Up-to-date symlink: /home/zyme/ros_ws/Autoware_sim_test/install/autoware_map_msgs/share/autoware_map_msgs/srv/GetPartialPointCloudMap_Request.msg
[0.753s] -- Up-to-date symlink: /home/zyme/ros_ws/Autoware_sim_test/install/autoware_map_msgs/share/autoware_map_msgs/srv/GetPartialPointCloudMap_Response.msg
[0.753s] -- Up-to-date symlink: /home/zyme/ros_ws/Autoware_sim_test/install/autoware_map_msgs/share/autoware_map_msgs/srv/GetDifferentialPointCloudMap.srv
[0.753s] -- Up-to-date symlink: /home/zyme/ros_ws/Autoware_sim_test/install/autoware_map_msgs/share/autoware_map_msgs/srv/GetDifferentialPointCloudMap_Request.msg
[0.753s] -- Up-to-date symlink: /home/zyme/ros_ws/Autoware_sim_test/install/autoware_map_msgs/share/autoware_map_msgs/srv/GetDifferentialPointCloudMap_Response.msg
[0.753s] -- Up-to-date symlink: /home/zyme/ros_ws/Autoware_sim_test/install/autoware_map_msgs/share/autoware_map_msgs/srv/GetSelectedPointCloudMap.srv
[0.754s] -- Up-to-date symlink: /home/zyme/ros_ws/Autoware_sim_test/install/autoware_map_msgs/share/autoware_map_msgs/srv/GetSelectedPointCloudMap_Request.msg
[0.754s] -- Up-to-date symlink: /home/zyme/ros_ws/Autoware_sim_test/install/autoware_map_msgs/share/autoware_map_msgs/srv/GetSelectedPointCloudMap_Response.msg
[0.754s] -- Up-to-date symlink: /home/zyme/ros_ws/Autoware_sim_test/install/autoware_map_msgs/share/ament_index/resource_index/package_run_dependencies/autoware_map_msgs
[0.754s] -- Up-to-date symlink: /home/zyme/ros_ws/Autoware_sim_test/install/autoware_map_msgs/share/ament_index/resource_index/parent_prefix_path/autoware_map_msgs
[0.755s] -- Up-to-date symlink: /home/zyme/ros_ws/Autoware_sim_test/install/autoware_map_msgs/share/autoware_map_msgs/environment/ament_prefix_path.sh
[0.755s] -- Up-to-date symlink: /home/zyme/ros_ws/Autoware_sim_test/install/autoware_map_msgs/share/autoware_map_msgs/environment/ament_prefix_path.dsv
[0.755s] -- Up-to-date symlink: /home/zyme/ros_ws/Autoware_sim_test/install/autoware_map_msgs/share/autoware_map_msgs/environment/path.sh
[0.755s] -- Up-to-date symlink: /home/zyme/ros_ws/Autoware_sim_test/install/autoware_map_msgs/share/autoware_map_msgs/environment/path.dsv
[0.755s] -- Up-to-date symlink: /home/zyme/ros_ws/Autoware_sim_test/install/autoware_map_msgs/share/autoware_map_msgs/local_setup.bash
[0.755s] -- Up-to-date symlink: /home/zyme/ros_ws/Autoware_sim_test/install/autoware_map_msgs/share/autoware_map_msgs/local_setup.sh
[0.755s] -- Up-to-date symlink: /home/zyme/ros_ws/Autoware_sim_test/install/autoware_map_msgs/share/autoware_map_msgs/local_setup.zsh
[0.756s] -- Up-to-date symlink: /home/zyme/ros_ws/Autoware_sim_test/install/autoware_map_msgs/share/autoware_map_msgs/local_setup.dsv
[0.756s] -- Symlinking: /home/zyme/ros_ws/Autoware_sim_test/install/autoware_map_msgs/share/autoware_map_msgs/package.dsv
[0.766s] -- Up-to-date symlink: /home/zyme/ros_ws/Autoware_sim_test/install/autoware_map_msgs/share/ament_index/resource_index/packages/autoware_map_msgs
[0.766s] -- Up-to-date symlink: /home/zyme/ros_ws/Autoware_sim_test/install/autoware_map_msgs/share/autoware_map_msgs/cmake/rosidl_cmake-extras.cmake
[0.766s] -- Up-to-date symlink: /home/zyme/ros_ws/Autoware_sim_test/install/autoware_map_msgs/share/autoware_map_msgs/cmake/ament_cmake_export_dependencies-extras.cmake
[0.766s] -- Up-to-date symlink: /home/zyme/ros_ws/Autoware_sim_test/install/autoware_map_msgs/share/autoware_map_msgs/cmake/ament_cmake_export_include_directories-extras.cmake
[0.766s] -- Up-to-date symlink: /home/zyme/ros_ws/Autoware_sim_test/install/autoware_map_msgs/share/autoware_map_msgs/cmake/ament_cmake_export_libraries-extras.cmake
[0.766s] -- Up-to-date symlink: /home/zyme/ros_ws/Autoware_sim_test/install/autoware_map_msgs/share/autoware_map_msgs/cmake/ament_cmake_export_targets-extras.cmake
[0.766s] -- Up-to-date symlink: /home/zyme/ros_ws/Autoware_sim_test/install/autoware_map_msgs/share/autoware_map_msgs/cmake/rosidl_cmake_export_typesupport_targets-extras.cmake
[0.767s] -- Up-to-date symlink: /home/zyme/ros_ws/Autoware_sim_test/install/autoware_map_msgs/share/autoware_map_msgs/cmake/rosidl_cmake_export_typesupport_libraries-extras.cmake
[0.767s] -- Up-to-date symlink: /home/zyme/ros_ws/Autoware_sim_test/install/autoware_map_msgs/share/autoware_map_msgs/cmake/autoware_map_msgsConfig.cmake
[0.767s] -- Up-to-date symlink: /home/zyme/ros_ws/Autoware_sim_test/install/autoware_map_msgs/share/autoware_map_msgs/cmake/autoware_map_msgsConfig-version.cmake
[0.767s] -- Up-to-date symlink: /home/zyme/ros_ws/Autoware_sim_test/install/autoware_map_msgs/share/autoware_map_msgs/package.xml
[0.767s] -- Up-to-date: /home/zyme/ros_ws/Autoware_sim_test/install/autoware_map_msgs/lib/libautoware_map_msgs__rosidl_generator_c.so
[0.768s] -- Up-to-date: /home/zyme/ros_ws/Autoware_sim_test/install/autoware_map_msgs/lib/libautoware_map_msgs__rosidl_typesupport_fastrtps_c.so
[0.768s] -- Up-to-date: /home/zyme/ros_ws/Autoware_sim_test/install/autoware_map_msgs/lib/libautoware_map_msgs__rosidl_typesupport_fastrtps_cpp.so
[0.769s] -- Up-to-date: /home/zyme/ros_ws/Autoware_sim_test/install/autoware_map_msgs/lib/libautoware_map_msgs__rosidl_typesupport_introspection_c.so
[0.769s] -- Up-to-date: /home/zyme/ros_ws/Autoware_sim_test/install/autoware_map_msgs/lib/libautoware_map_msgs__rosidl_typesupport_c.so
[0.770s] -- Up-to-date: /home/zyme/ros_ws/Autoware_sim_test/install/autoware_map_msgs/lib/libautoware_map_msgs__rosidl_typesupport_introspection_cpp.so
[0.770s] -- Up-to-date: /home/zyme/ros_ws/Autoware_sim_test/install/autoware_map_msgs/lib/libautoware_map_msgs__rosidl_typesupport_cpp.so
[0.805s] Listing '/home/zyme/ros_ws/Autoware_sim_test/install/autoware_map_msgs/local/lib/python3.10/dist-packages/autoware_map_msgs'...
[0.805s] Listing '/home/zyme/ros_ws/Autoware_sim_test/install/autoware_map_msgs/local/lib/python3.10/dist-packages/autoware_map_msgs/msg'...
[0.805s] Listing '/home/zyme/ros_ws/Autoware_sim_test/install/autoware_map_msgs/local/lib/python3.10/dist-packages/autoware_map_msgs/srv'...
[0.810s] -- Up-to-date: /home/zyme/ros_ws/Autoware_sim_test/install/autoware_map_msgs/lib/libautoware_map_msgs__rosidl_generator_py.so
[0.810s] -- Up-to-date: /home/zyme/ros_ws/Autoware_sim_test/install/autoware_map_msgs/share/autoware_map_msgs/cmake/export_autoware_map_msgs__rosidl_generator_cExport.cmake
[0.810s] -- Up-to-date: /home/zyme/ros_ws/Autoware_sim_test/install/autoware_map_msgs/share/autoware_map_msgs/cmake/export_autoware_map_msgs__rosidl_generator_cExport-release.cmake
[0.810s] -- Up-to-date: /home/zyme/ros_ws/Autoware_sim_test/install/autoware_map_msgs/share/autoware_map_msgs/cmake/export_autoware_map_msgs__rosidl_typesupport_fastrtps_cExport.cmake
[0.811s] -- Up-to-date: /home/zyme/ros_ws/Autoware_sim_test/install/autoware_map_msgs/share/autoware_map_msgs/cmake/export_autoware_map_msgs__rosidl_typesupport_fastrtps_cExport-release.cmake
[0.811s] -- Up-to-date: /home/zyme/ros_ws/Autoware_sim_test/install/autoware_map_msgs/share/autoware_map_msgs/cmake/export_autoware_map_msgs__rosidl_generator_cppExport.cmake
[0.811s] -- Up-to-date: /home/zyme/ros_ws/Autoware_sim_test/install/autoware_map_msgs/share/autoware_map_msgs/cmake/export_autoware_map_msgs__rosidl_typesupport_fastrtps_cppExport.cmake
[0.811s] -- Up-to-date: /home/zyme/ros_ws/Autoware_sim_test/install/autoware_map_msgs/share/autoware_map_msgs/cmake/export_autoware_map_msgs__rosidl_typesupport_fastrtps_cppExport-release.cmake
[0.812s] -- Up-to-date: /home/zyme/ros_ws/Autoware_sim_test/install/autoware_map_msgs/share/autoware_map_msgs/cmake/autoware_map_msgs__rosidl_typesupport_introspection_cExport.cmake
[0.812s] -- Up-to-date: /home/zyme/ros_ws/Autoware_sim_test/install/autoware_map_msgs/share/autoware_map_msgs/cmake/autoware_map_msgs__rosidl_typesupport_introspection_cExport-release.cmake
[0.812s] -- Up-to-date: /home/zyme/ros_ws/Autoware_sim_test/install/autoware_map_msgs/share/autoware_map_msgs/cmake/autoware_map_msgs__rosidl_typesupport_cExport.cmake
[0.812s] -- Up-to-date: /home/zyme/ros_ws/Autoware_sim_test/install/autoware_map_msgs/share/autoware_map_msgs/cmake/autoware_map_msgs__rosidl_typesupport_cExport-release.cmake
[0.812s] -- Up-to-date: /home/zyme/ros_ws/Autoware_sim_test/install/autoware_map_msgs/share/autoware_map_msgs/cmake/autoware_map_msgs__rosidl_typesupport_introspection_cppExport.cmake
[0.812s] -- Up-to-date: /home/zyme/ros_ws/Autoware_sim_test/install/autoware_map_msgs/share/autoware_map_msgs/cmake/autoware_map_msgs__rosidl_typesupport_introspection_cppExport-release.cmake
[0.813s] -- Up-to-date: /home/zyme/ros_ws/Autoware_sim_test/install/autoware_map_msgs/share/autoware_map_msgs/cmake/autoware_map_msgs__rosidl_typesupport_cppExport.cmake
[0.813s] -- Up-to-date: /home/zyme/ros_ws/Autoware_sim_test/install/autoware_map_msgs/share/autoware_map_msgs/cmake/autoware_map_msgs__rosidl_typesupport_cppExport-release.cmake
[0.813s] -- Up-to-date: /home/zyme/ros_ws/Autoware_sim_test/install/autoware_map_msgs/share/autoware_map_msgs/cmake/export_autoware_map_msgs__rosidl_generator_pyExport.cmake
[0.813s] -- Up-to-date: /home/zyme/ros_ws/Autoware_sim_test/install/autoware_map_msgs/share/autoware_map_msgs/cmake/export_autoware_map_msgs__rosidl_generator_pyExport-release.cmake
[0.816s] Invoked command in '/home/zyme/ros_ws/Autoware_sim_test/build/autoware_map_msgs' returned '0': CMAKE_PREFIX_PATH=/opt/ros/humble /usr/bin/cmake --install /home/zyme/ros_ws/Autoware_sim_test/build/autoware_map_msgs
