[0.055s] Invoking command in '/home/zyme/ros_ws/Autoware_sim_test/build/boost_io_context': CMAKE_PREFIX_PATH=/opt/ros/humble /usr/bin/cmake --build /home/zyme/ros_ws/Autoware_sim_test/build/boost_io_context -- -j12 -l12
[0.096s] [35m[1mConsolidate compiler generated dependencies of target gtest_main[0m
[0.096s] [35m[1mConsolidate compiler generated dependencies of target gtest[0m
[0.098s] [35m[1mConsolidate compiler generated dependencies of target boost_io_context[0m
[0.108s] [ 44%] Built target gtest
[0.109s] [ 44%] Built target gtest_main
[0.122s] [ 77%] Built target boost_io_context
[0.134s] [35m[1mConsolidate compiler generated dependencies of target test_io_context[0m
[0.155s] [100%] Built target test_io_context
[0.166s] Invoked command in '/home/zyme/ros_ws/Autoware_sim_test/build/boost_io_context' returned '0': CMAKE_PREFIX_PATH=/opt/ros/humble /usr/bin/cmake --build /home/zyme/ros_ws/Autoware_sim_test/build/boost_io_context -- -j12 -l12
[0.206s] Invoking command in '/home/zyme/ros_ws/Autoware_sim_test/build/boost_io_context': CMAKE_PREFIX_PATH=/opt/ros/humble /usr/bin/cmake --install /home/zyme/ros_ws/Autoware_sim_test/build/boost_io_context
[0.225s] -- Install configuration: "Release"
[0.226s] -- Execute custom install script
[0.227s] -- Up-to-date symlink: /home/zyme/ros_ws/Autoware_sim_test/install/boost_io_context/include/boost_io_context/common.hpp
[0.228s] -- Up-to-date symlink: /home/zyme/ros_ws/Autoware_sim_test/install/boost_io_context/include/boost_io_context/io_context.hpp
[0.228s] -- Up-to-date symlink: /home/zyme/ros_ws/Autoware_sim_test/install/boost_io_context/include/boost_msg_converters/converters.hpp
[0.228s] -- Up-to-date symlink: /home/zyme/ros_ws/Autoware_sim_test/install/boost_io_context/include/boost_msg_converters/std_msgs.hpp
[0.229s] -- Up-to-date symlink: /home/zyme/ros_ws/Autoware_sim_test/install/boost_io_context/include/boost_msg_converters/udp_msgs.hpp
[0.229s] -- Up-to-date symlink: /home/zyme/ros_ws/Autoware_sim_test/install/boost_io_context/share/boost_io_context/environment/library_path.sh
[0.230s] -- Up-to-date symlink: /home/zyme/ros_ws/Autoware_sim_test/install/boost_io_context/share/boost_io_context/environment/library_path.dsv
[0.230s] -- Up-to-date symlink: /home/zyme/ros_ws/Autoware_sim_test/install/boost_io_context/lib/libboost_io_context.so
[0.231s] -- Up-to-date symlink: /home/zyme/ros_ws/Autoware_sim_test/install/boost_io_context/share/ament_index/resource_index/package_run_dependencies/boost_io_context
[0.231s] -- Up-to-date symlink: /home/zyme/ros_ws/Autoware_sim_test/install/boost_io_context/share/ament_index/resource_index/parent_prefix_path/boost_io_context
[0.231s] -- Up-to-date symlink: /home/zyme/ros_ws/Autoware_sim_test/install/boost_io_context/share/boost_io_context/environment/ament_prefix_path.sh
[0.232s] -- Up-to-date symlink: /home/zyme/ros_ws/Autoware_sim_test/install/boost_io_context/share/boost_io_context/environment/ament_prefix_path.dsv
[0.232s] -- Up-to-date symlink: /home/zyme/ros_ws/Autoware_sim_test/install/boost_io_context/share/boost_io_context/environment/path.sh
[0.232s] -- Up-to-date symlink: /home/zyme/ros_ws/Autoware_sim_test/install/boost_io_context/share/boost_io_context/environment/path.dsv
[0.232s] -- Up-to-date symlink: /home/zyme/ros_ws/Autoware_sim_test/install/boost_io_context/share/boost_io_context/local_setup.bash
[0.232s] -- Up-to-date symlink: /home/zyme/ros_ws/Autoware_sim_test/install/boost_io_context/share/boost_io_context/local_setup.sh
[0.233s] -- Up-to-date symlink: /home/zyme/ros_ws/Autoware_sim_test/install/boost_io_context/share/boost_io_context/local_setup.zsh
[0.233s] -- Up-to-date symlink: /home/zyme/ros_ws/Autoware_sim_test/install/boost_io_context/share/boost_io_context/local_setup.dsv
[0.233s] -- Symlinking: /home/zyme/ros_ws/Autoware_sim_test/install/boost_io_context/share/boost_io_context/package.dsv
[0.242s] -- Up-to-date symlink: /home/zyme/ros_ws/Autoware_sim_test/install/boost_io_context/share/ament_index/resource_index/packages/boost_io_context
[0.242s] -- Up-to-date symlink: /home/zyme/ros_ws/Autoware_sim_test/install/boost_io_context/share/boost_io_context/cmake/ament_cmake_export_dependencies-extras.cmake
[0.242s] -- Up-to-date symlink: /home/zyme/ros_ws/Autoware_sim_test/install/boost_io_context/share/boost_io_context/cmake/ament_cmake_export_include_directories-extras.cmake
[0.242s] -- Up-to-date symlink: /home/zyme/ros_ws/Autoware_sim_test/install/boost_io_context/share/boost_io_context/cmake/ament_cmake_export_libraries-extras.cmake
[0.242s] -- Up-to-date symlink: /home/zyme/ros_ws/Autoware_sim_test/install/boost_io_context/share/boost_io_context/cmake/boost_io_contextConfig.cmake
[0.243s] -- Up-to-date symlink: /home/zyme/ros_ws/Autoware_sim_test/install/boost_io_context/share/boost_io_context/cmake/boost_io_contextConfig-version.cmake
[0.243s] -- Up-to-date symlink: /home/zyme/ros_ws/Autoware_sim_test/install/boost_io_context/share/boost_io_context/package.xml
[0.245s] Invoked command in '/home/zyme/ros_ws/Autoware_sim_test/build/boost_io_context' returned '0': CMAKE_PREFIX_PATH=/opt/ros/humble /usr/bin/cmake --install /home/zyme/ros_ws/Autoware_sim_test/build/boost_io_context
