[0.064s] Invoking command in '/home/zyme/ros_ws/Autoware_sim_test/build/autoware_auto_planning_msgs': AMENT_PREFIX_PATH=/home/zyme/ros_ws/Autoware_sim_test/install/autoware_auto_mapping_msgs:/home/zyme/ros_ws/Autoware_sim_test/install/autoware_auto_geometry_msgs:${AMENT_PREFIX_PATH} CMAKE_PREFIX_PATH=/home/zyme/ros_ws/Autoware_sim_test/install/autoware_auto_mapping_msgs:/home/zyme/ros_ws/Autoware_sim_test/install/autoware_auto_geometry_msgs:/opt/ros/humble LD_LIBRARY_PATH=/home/zyme/ros_ws/Autoware_sim_test/install/autoware_auto_mapping_msgs/lib:/home/zyme/ros_ws/Autoware_sim_test/install/autoware_auto_geometry_msgs/lib:${LD_LIBRARY_PATH} PYTHONPATH=/home/zyme/ros_ws/Autoware_sim_test/install/autoware_auto_mapping_msgs/local/lib/python3.10/dist-packages:/home/zyme/ros_ws/Autoware_sim_test/install/autoware_auto_geometry_msgs/local/lib/python3.10/dist-packages:${PYTHONPATH} /usr/bin/cmake --build /home/zyme/ros_ws/Autoware_sim_test/build/autoware_auto_planning_msgs -- -j12 -l12
[0.121s] [  0%] Built target autoware_auto_planning_msgs__cpp
[0.127s] [ 12%] Built target autoware_auto_planning_msgs__rosidl_generator_c
[0.132s] [ 12%] Built target ament_cmake_python_symlink_autoware_auto_planning_msgs
[0.168s] [ 28%] Built target autoware_auto_planning_msgs__rosidl_typesupport_c
[0.169s] [ 36%] Built target autoware_auto_planning_msgs__rosidl_typesupport_introspection_cpp
[0.171s] [ 48%] Built target autoware_auto_planning_msgs__rosidl_typesupport_cpp
[0.172s] [ 60%] Built target autoware_auto_planning_msgs__rosidl_typesupport_introspection_c
[0.173s] [ 72%] Built target autoware_auto_planning_msgs__rosidl_typesupport_fastrtps_cpp
[0.175s] [ 84%] Built target autoware_auto_planning_msgs__rosidl_typesupport_fastrtps_c
[0.199s] [ 84%] Built target autoware_auto_planning_msgs
[0.226s] [ 85%] Built target autoware_auto_planning_msgs__py
[0.263s] [ 96%] Built target autoware_auto_planning_msgs__rosidl_generator_py
[0.298s] [ 98%] Built target autoware_auto_planning_msgs__rosidl_typesupport_introspection_c__pyext
[0.299s] [ 99%] Built target autoware_auto_planning_msgs__rosidl_typesupport_fastrtps_c__pyext
[0.300s] [100%] Built target autoware_auto_planning_msgs__rosidl_typesupport_c__pyext
[0.459s] running egg_info
[0.460s] writing autoware_auto_planning_msgs.egg-info/PKG-INFO
[0.460s] writing dependency_links to autoware_auto_planning_msgs.egg-info/dependency_links.txt
[0.461s] writing top-level names to autoware_auto_planning_msgs.egg-info/top_level.txt
[0.464s] reading manifest file 'autoware_auto_planning_msgs.egg-info/SOURCES.txt'
[0.465s] writing manifest file 'autoware_auto_planning_msgs.egg-info/SOURCES.txt'
[0.493s] [100%] Built target ament_cmake_python_build_autoware_auto_planning_msgs_egg
[0.507s] Invoked command in '/home/zyme/ros_ws/Autoware_sim_test/build/autoware_auto_planning_msgs' returned '0': AMENT_PREFIX_PATH=/home/zyme/ros_ws/Autoware_sim_test/install/autoware_auto_mapping_msgs:/home/zyme/ros_ws/Autoware_sim_test/install/autoware_auto_geometry_msgs:${AMENT_PREFIX_PATH} CMAKE_PREFIX_PATH=/home/zyme/ros_ws/Autoware_sim_test/install/autoware_auto_mapping_msgs:/home/zyme/ros_ws/Autoware_sim_test/install/autoware_auto_geometry_msgs:/opt/ros/humble LD_LIBRARY_PATH=/home/zyme/ros_ws/Autoware_sim_test/install/autoware_auto_mapping_msgs/lib:/home/zyme/ros_ws/Autoware_sim_test/install/autoware_auto_geometry_msgs/lib:${LD_LIBRARY_PATH} PYTHONPATH=/home/zyme/ros_ws/Autoware_sim_test/install/autoware_auto_mapping_msgs/local/lib/python3.10/dist-packages:/home/zyme/ros_ws/Autoware_sim_test/install/autoware_auto_geometry_msgs/local/lib/python3.10/dist-packages:${PYTHONPATH} /usr/bin/cmake --build /home/zyme/ros_ws/Autoware_sim_test/build/autoware_auto_planning_msgs -- -j12 -l12
[0.836s] Invoking command in '/home/zyme/ros_ws/Autoware_sim_test/build/autoware_auto_planning_msgs': AMENT_PREFIX_PATH=/home/zyme/ros_ws/Autoware_sim_test/install/autoware_auto_mapping_msgs:/home/zyme/ros_ws/Autoware_sim_test/install/autoware_auto_geometry_msgs:${AMENT_PREFIX_PATH} CMAKE_PREFIX_PATH=/home/zyme/ros_ws/Autoware_sim_test/install/autoware_auto_mapping_msgs:/home/zyme/ros_ws/Autoware_sim_test/install/autoware_auto_geometry_msgs:/opt/ros/humble LD_LIBRARY_PATH=/home/zyme/ros_ws/Autoware_sim_test/install/autoware_auto_mapping_msgs/lib:/home/zyme/ros_ws/Autoware_sim_test/install/autoware_auto_geometry_msgs/lib:${LD_LIBRARY_PATH} PYTHONPATH=/home/zyme/ros_ws/Autoware_sim_test/install/autoware_auto_mapping_msgs/local/lib/python3.10/dist-packages:/home/zyme/ros_ws/Autoware_sim_test/install/autoware_auto_geometry_msgs/local/lib/python3.10/dist-packages:${PYTHONPATH} /usr/bin/cmake --install /home/zyme/ros_ws/Autoware_sim_test/build/autoware_auto_planning_msgs
[0.845s] -- Install configuration: "Release"
[0.846s] -- Execute custom install script
[0.846s] -- Up-to-date symlink: /home/zyme/ros_ws/Autoware_sim_test/install/autoware_auto_planning_msgs/share/ament_index/resource_index/rosidl_interfaces/autoware_auto_planning_msgs
[0.848s] -- Up-to-date symlink: /home/zyme/ros_ws/Autoware_sim_test/install/autoware_auto_planning_msgs/include/autoware_auto_planning_msgs/autoware_auto_planning_msgs/action/detail/plan_trajectory__functions.h
[0.848s] -- Up-to-date symlink: /home/zyme/ros_ws/Autoware_sim_test/install/autoware_auto_planning_msgs/include/autoware_auto_planning_msgs/autoware_auto_planning_msgs/action/detail/plan_trajectory__struct.h
[0.848s] -- Up-to-date symlink: /home/zyme/ros_ws/Autoware_sim_test/install/autoware_auto_planning_msgs/include/autoware_auto_planning_msgs/autoware_auto_planning_msgs/action/detail/plan_trajectory__type_support.h
[0.848s] -- Up-to-date symlink: /home/zyme/ros_ws/Autoware_sim_test/install/autoware_auto_planning_msgs/include/autoware_auto_planning_msgs/autoware_auto_planning_msgs/action/detail/planner_costmap__functions.h
[0.848s] -- Up-to-date symlink: /home/zyme/ros_ws/Autoware_sim_test/install/autoware_auto_planning_msgs/include/autoware_auto_planning_msgs/autoware_auto_planning_msgs/action/detail/planner_costmap__struct.h
[0.848s] -- Up-to-date symlink: /home/zyme/ros_ws/Autoware_sim_test/install/autoware_auto_planning_msgs/include/autoware_auto_planning_msgs/autoware_auto_planning_msgs/action/detail/planner_costmap__type_support.h
[0.848s] -- Up-to-date symlink: /home/zyme/ros_ws/Autoware_sim_test/install/autoware_auto_planning_msgs/include/autoware_auto_planning_msgs/autoware_auto_planning_msgs/action/detail/record_trajectory__functions.h
[0.849s] -- Up-to-date symlink: /home/zyme/ros_ws/Autoware_sim_test/install/autoware_auto_planning_msgs/include/autoware_auto_planning_msgs/autoware_auto_planning_msgs/action/detail/record_trajectory__struct.h
[0.849s] -- Up-to-date symlink: /home/zyme/ros_ws/Autoware_sim_test/install/autoware_auto_planning_msgs/include/autoware_auto_planning_msgs/autoware_auto_planning_msgs/action/detail/record_trajectory__type_support.h
[0.849s] -- Up-to-date symlink: /home/zyme/ros_ws/Autoware_sim_test/install/autoware_auto_planning_msgs/include/autoware_auto_planning_msgs/autoware_auto_planning_msgs/action/detail/replay_trajectory__functions.h
[0.849s] -- Up-to-date symlink: /home/zyme/ros_ws/Autoware_sim_test/install/autoware_auto_planning_msgs/include/autoware_auto_planning_msgs/autoware_auto_planning_msgs/action/detail/replay_trajectory__struct.h
[0.849s] -- Up-to-date symlink: /home/zyme/ros_ws/Autoware_sim_test/install/autoware_auto_planning_msgs/include/autoware_auto_planning_msgs/autoware_auto_planning_msgs/action/detail/replay_trajectory__type_support.h
[0.849s] -- Up-to-date symlink: /home/zyme/ros_ws/Autoware_sim_test/install/autoware_auto_planning_msgs/include/autoware_auto_planning_msgs/autoware_auto_planning_msgs/action/plan_trajectory.h
[0.849s] -- Up-to-date symlink: /home/zyme/ros_ws/Autoware_sim_test/install/autoware_auto_planning_msgs/include/autoware_auto_planning_msgs/autoware_auto_planning_msgs/action/planner_costmap.h
[0.850s] -- Up-to-date symlink: /home/zyme/ros_ws/Autoware_sim_test/install/autoware_auto_planning_msgs/include/autoware_auto_planning_msgs/autoware_auto_planning_msgs/action/record_trajectory.h
[0.850s] -- Up-to-date symlink: /home/zyme/ros_ws/Autoware_sim_test/install/autoware_auto_planning_msgs/include/autoware_auto_planning_msgs/autoware_auto_planning_msgs/action/replay_trajectory.h
[0.850s] -- Up-to-date symlink: /home/zyme/ros_ws/Autoware_sim_test/install/autoware_auto_planning_msgs/include/autoware_auto_planning_msgs/autoware_auto_planning_msgs/msg/detail/had_map_route__functions.h
[0.850s] -- Up-to-date symlink: /home/zyme/ros_ws/Autoware_sim_test/install/autoware_auto_planning_msgs/include/autoware_auto_planning_msgs/autoware_auto_planning_msgs/msg/detail/had_map_route__struct.h
[0.850s] -- Up-to-date symlink: /home/zyme/ros_ws/Autoware_sim_test/install/autoware_auto_planning_msgs/include/autoware_auto_planning_msgs/autoware_auto_planning_msgs/msg/detail/had_map_route__type_support.h
[0.851s] -- Up-to-date symlink: /home/zyme/ros_ws/Autoware_sim_test/install/autoware_auto_planning_msgs/include/autoware_auto_planning_msgs/autoware_auto_planning_msgs/msg/detail/order_movement__functions.h
[0.851s] -- Up-to-date symlink: /home/zyme/ros_ws/Autoware_sim_test/install/autoware_auto_planning_msgs/include/autoware_auto_planning_msgs/autoware_auto_planning_msgs/msg/detail/order_movement__struct.h
[0.851s] -- Up-to-date symlink: /home/zyme/ros_ws/Autoware_sim_test/install/autoware_auto_planning_msgs/include/autoware_auto_planning_msgs/autoware_auto_planning_msgs/msg/detail/order_movement__type_support.h
[0.851s] -- Up-to-date symlink: /home/zyme/ros_ws/Autoware_sim_test/install/autoware_auto_planning_msgs/include/autoware_auto_planning_msgs/autoware_auto_planning_msgs/msg/detail/path__functions.h
[0.851s] -- Up-to-date symlink: /home/zyme/ros_ws/Autoware_sim_test/install/autoware_auto_planning_msgs/include/autoware_auto_planning_msgs/autoware_auto_planning_msgs/msg/detail/path__struct.h
[0.851s] -- Up-to-date symlink: /home/zyme/ros_ws/Autoware_sim_test/install/autoware_auto_planning_msgs/include/autoware_auto_planning_msgs/autoware_auto_planning_msgs/msg/detail/path__type_support.h
[0.852s] -- Up-to-date symlink: /home/zyme/ros_ws/Autoware_sim_test/install/autoware_auto_planning_msgs/include/autoware_auto_planning_msgs/autoware_auto_planning_msgs/msg/detail/path_point__functions.h
[0.852s] -- Up-to-date symlink: /home/zyme/ros_ws/Autoware_sim_test/install/autoware_auto_planning_msgs/include/autoware_auto_planning_msgs/autoware_auto_planning_msgs/msg/detail/path_point__struct.h
[0.852s] -- Up-to-date symlink: /home/zyme/ros_ws/Autoware_sim_test/install/autoware_auto_planning_msgs/include/autoware_auto_planning_msgs/autoware_auto_planning_msgs/msg/detail/path_point__type_support.h
[0.852s] -- Up-to-date symlink: /home/zyme/ros_ws/Autoware_sim_test/install/autoware_auto_planning_msgs/include/autoware_auto_planning_msgs/autoware_auto_planning_msgs/msg/detail/path_point_with_lane_id__functions.h
[0.852s] -- Up-to-date symlink: /home/zyme/ros_ws/Autoware_sim_test/install/autoware_auto_planning_msgs/include/autoware_auto_planning_msgs/autoware_auto_planning_msgs/msg/detail/path_point_with_lane_id__struct.h
[0.853s] -- Up-to-date symlink: /home/zyme/ros_ws/Autoware_sim_test/install/autoware_auto_planning_msgs/include/autoware_auto_planning_msgs/autoware_auto_planning_msgs/msg/detail/path_point_with_lane_id__type_support.h
[0.853s] -- Up-to-date symlink: /home/zyme/ros_ws/Autoware_sim_test/install/autoware_auto_planning_msgs/include/autoware_auto_planning_msgs/autoware_auto_planning_msgs/msg/detail/path_with_lane_id__functions.h
[0.853s] -- Up-to-date symlink: /home/zyme/ros_ws/Autoware_sim_test/install/autoware_auto_planning_msgs/include/autoware_auto_planning_msgs/autoware_auto_planning_msgs/msg/detail/path_with_lane_id__struct.h
[0.853s] -- Up-to-date symlink: /home/zyme/ros_ws/Autoware_sim_test/install/autoware_auto_planning_msgs/include/autoware_auto_planning_msgs/autoware_auto_planning_msgs/msg/detail/path_with_lane_id__type_support.h
[0.853s] -- Up-to-date symlink: /home/zyme/ros_ws/Autoware_sim_test/install/autoware_auto_planning_msgs/include/autoware_auto_planning_msgs/autoware_auto_planning_msgs/msg/detail/route__functions.h
[0.853s] -- Up-to-date symlink: /home/zyme/ros_ws/Autoware_sim_test/install/autoware_auto_planning_msgs/include/autoware_auto_planning_msgs/autoware_auto_planning_msgs/msg/detail/route__struct.h
[0.854s] -- Up-to-date symlink: /home/zyme/ros_ws/Autoware_sim_test/install/autoware_auto_planning_msgs/include/autoware_auto_planning_msgs/autoware_auto_planning_msgs/msg/detail/route__type_support.h
[0.854s] -- Up-to-date symlink: /home/zyme/ros_ws/Autoware_sim_test/install/autoware_auto_planning_msgs/include/autoware_auto_planning_msgs/autoware_auto_planning_msgs/msg/detail/trajectory__functions.h
[0.854s] -- Up-to-date symlink: /home/zyme/ros_ws/Autoware_sim_test/install/autoware_auto_planning_msgs/include/autoware_auto_planning_msgs/autoware_auto_planning_msgs/msg/detail/trajectory__struct.h
[0.854s] -- Up-to-date symlink: /home/zyme/ros_ws/Autoware_sim_test/install/autoware_auto_planning_msgs/include/autoware_auto_planning_msgs/autoware_auto_planning_msgs/msg/detail/trajectory__type_support.h
[0.854s] -- Up-to-date symlink: /home/zyme/ros_ws/Autoware_sim_test/install/autoware_auto_planning_msgs/include/autoware_auto_planning_msgs/autoware_auto_planning_msgs/msg/detail/trajectory_point__functions.h
[0.854s] -- Up-to-date symlink: /home/zyme/ros_ws/Autoware_sim_test/install/autoware_auto_planning_msgs/include/autoware_auto_planning_msgs/autoware_auto_planning_msgs/msg/detail/trajectory_point__struct.h
[0.855s] -- Up-to-date symlink: /home/zyme/ros_ws/Autoware_sim_test/install/autoware_auto_planning_msgs/include/autoware_auto_planning_msgs/autoware_auto_planning_msgs/msg/detail/trajectory_point__type_support.h
[0.855s] -- Up-to-date symlink: /home/zyme/ros_ws/Autoware_sim_test/install/autoware_auto_planning_msgs/include/autoware_auto_planning_msgs/autoware_auto_planning_msgs/msg/had_map_route.h
[0.855s] -- Up-to-date symlink: /home/zyme/ros_ws/Autoware_sim_test/install/autoware_auto_planning_msgs/include/autoware_auto_planning_msgs/autoware_auto_planning_msgs/msg/order_movement.h
[0.855s] -- Up-to-date symlink: /home/zyme/ros_ws/Autoware_sim_test/install/autoware_auto_planning_msgs/include/autoware_auto_planning_msgs/autoware_auto_planning_msgs/msg/path.h
[0.855s] -- Up-to-date symlink: /home/zyme/ros_ws/Autoware_sim_test/install/autoware_auto_planning_msgs/include/autoware_auto_planning_msgs/autoware_auto_planning_msgs/msg/path_point.h
[0.855s] -- Up-to-date symlink: /home/zyme/ros_ws/Autoware_sim_test/install/autoware_auto_planning_msgs/include/autoware_auto_planning_msgs/autoware_auto_planning_msgs/msg/path_point_with_lane_id.h
[0.856s] -- Up-to-date symlink: /home/zyme/ros_ws/Autoware_sim_test/install/autoware_auto_planning_msgs/include/autoware_auto_planning_msgs/autoware_auto_planning_msgs/msg/path_with_lane_id.h
[0.856s] -- Up-to-date symlink: /home/zyme/ros_ws/Autoware_sim_test/install/autoware_auto_planning_msgs/include/autoware_auto_planning_msgs/autoware_auto_planning_msgs/msg/rosidl_generator_c__visibility_control.h
[0.856s] -- Up-to-date symlink: /home/zyme/ros_ws/Autoware_sim_test/install/autoware_auto_planning_msgs/include/autoware_auto_planning_msgs/autoware_auto_planning_msgs/msg/route.h
[0.856s] -- Up-to-date symlink: /home/zyme/ros_ws/Autoware_sim_test/install/autoware_auto_planning_msgs/include/autoware_auto_planning_msgs/autoware_auto_planning_msgs/msg/trajectory.h
[0.856s] -- Up-to-date symlink: /home/zyme/ros_ws/Autoware_sim_test/install/autoware_auto_planning_msgs/include/autoware_auto_planning_msgs/autoware_auto_planning_msgs/msg/trajectory_point.h
[0.856s] -- Up-to-date symlink: /home/zyme/ros_ws/Autoware_sim_test/install/autoware_auto_planning_msgs/include/autoware_auto_planning_msgs/autoware_auto_planning_msgs/srv/detail/modify_trajectory__functions.h
[0.857s] -- Up-to-date symlink: /home/zyme/ros_ws/Autoware_sim_test/install/autoware_auto_planning_msgs/include/autoware_auto_planning_msgs/autoware_auto_planning_msgs/srv/detail/modify_trajectory__struct.h
[0.857s] -- Up-to-date symlink: /home/zyme/ros_ws/Autoware_sim_test/install/autoware_auto_planning_msgs/include/autoware_auto_planning_msgs/autoware_auto_planning_msgs/srv/detail/modify_trajectory__type_support.h
[0.857s] -- Up-to-date symlink: /home/zyme/ros_ws/Autoware_sim_test/install/autoware_auto_planning_msgs/include/autoware_auto_planning_msgs/autoware_auto_planning_msgs/srv/modify_trajectory.h
[0.857s] -- Up-to-date symlink: /home/zyme/ros_ws/Autoware_sim_test/install/autoware_auto_planning_msgs/share/autoware_auto_planning_msgs/environment/library_path.sh
[0.857s] -- Up-to-date symlink: /home/zyme/ros_ws/Autoware_sim_test/install/autoware_auto_planning_msgs/share/autoware_auto_planning_msgs/environment/library_path.dsv
[0.859s] -- Up-to-date symlink: /home/zyme/ros_ws/Autoware_sim_test/install/autoware_auto_planning_msgs/include/autoware_auto_planning_msgs/autoware_auto_planning_msgs/action/detail/plan_trajectory__rosidl_typesupport_fastrtps_c.h
[0.859s] -- Up-to-date symlink: /home/zyme/ros_ws/Autoware_sim_test/install/autoware_auto_planning_msgs/include/autoware_auto_planning_msgs/autoware_auto_planning_msgs/action/detail/planner_costmap__rosidl_typesupport_fastrtps_c.h
[0.859s] -- Up-to-date symlink: /home/zyme/ros_ws/Autoware_sim_test/install/autoware_auto_planning_msgs/include/autoware_auto_planning_msgs/autoware_auto_planning_msgs/action/detail/record_trajectory__rosidl_typesupport_fastrtps_c.h
[0.859s] -- Up-to-date symlink: /home/zyme/ros_ws/Autoware_sim_test/install/autoware_auto_planning_msgs/include/autoware_auto_planning_msgs/autoware_auto_planning_msgs/action/detail/replay_trajectory__rosidl_typesupport_fastrtps_c.h
[0.859s] -- Up-to-date symlink: /home/zyme/ros_ws/Autoware_sim_test/install/autoware_auto_planning_msgs/include/autoware_auto_planning_msgs/autoware_auto_planning_msgs/msg/detail/had_map_route__rosidl_typesupport_fastrtps_c.h
[0.859s] -- Up-to-date symlink: /home/zyme/ros_ws/Autoware_sim_test/install/autoware_auto_planning_msgs/include/autoware_auto_planning_msgs/autoware_auto_planning_msgs/msg/detail/order_movement__rosidl_typesupport_fastrtps_c.h
[0.860s] -- Up-to-date symlink: /home/zyme/ros_ws/Autoware_sim_test/install/autoware_auto_planning_msgs/include/autoware_auto_planning_msgs/autoware_auto_planning_msgs/msg/detail/path__rosidl_typesupport_fastrtps_c.h
[0.860s] -- Up-to-date symlink: /home/zyme/ros_ws/Autoware_sim_test/install/autoware_auto_planning_msgs/include/autoware_auto_planning_msgs/autoware_auto_planning_msgs/msg/detail/path_point__rosidl_typesupport_fastrtps_c.h
[0.860s] -- Up-to-date symlink: /home/zyme/ros_ws/Autoware_sim_test/install/autoware_auto_planning_msgs/include/autoware_auto_planning_msgs/autoware_auto_planning_msgs/msg/detail/path_point_with_lane_id__rosidl_typesupport_fastrtps_c.h
[0.860s] -- Up-to-date symlink: /home/zyme/ros_ws/Autoware_sim_test/install/autoware_auto_planning_msgs/include/autoware_auto_planning_msgs/autoware_auto_planning_msgs/msg/detail/path_with_lane_id__rosidl_typesupport_fastrtps_c.h
[0.860s] -- Up-to-date symlink: /home/zyme/ros_ws/Autoware_sim_test/install/autoware_auto_planning_msgs/include/autoware_auto_planning_msgs/autoware_auto_planning_msgs/msg/detail/route__rosidl_typesupport_fastrtps_c.h
[0.861s] -- Up-to-date symlink: /home/zyme/ros_ws/Autoware_sim_test/install/autoware_auto_planning_msgs/include/autoware_auto_planning_msgs/autoware_auto_planning_msgs/msg/detail/trajectory__rosidl_typesupport_fastrtps_c.h
[0.861s] -- Up-to-date symlink: /home/zyme/ros_ws/Autoware_sim_test/install/autoware_auto_planning_msgs/include/autoware_auto_planning_msgs/autoware_auto_planning_msgs/msg/detail/trajectory_point__rosidl_typesupport_fastrtps_c.h
[0.861s] -- Up-to-date symlink: /home/zyme/ros_ws/Autoware_sim_test/install/autoware_auto_planning_msgs/include/autoware_auto_planning_msgs/autoware_auto_planning_msgs/msg/rosidl_typesupport_fastrtps_c__visibility_control.h
[0.861s] -- Up-to-date symlink: /home/zyme/ros_ws/Autoware_sim_test/install/autoware_auto_planning_msgs/include/autoware_auto_planning_msgs/autoware_auto_planning_msgs/srv/detail/modify_trajectory__rosidl_typesupport_fastrtps_c.h
[0.862s] -- Up-to-date symlink: /home/zyme/ros_ws/Autoware_sim_test/install/autoware_auto_planning_msgs/include/autoware_auto_planning_msgs/autoware_auto_planning_msgs/action/detail/plan_trajectory__rosidl_typesupport_introspection_c.h
[0.862s] -- Up-to-date symlink: /home/zyme/ros_ws/Autoware_sim_test/install/autoware_auto_planning_msgs/include/autoware_auto_planning_msgs/autoware_auto_planning_msgs/action/detail/planner_costmap__rosidl_typesupport_introspection_c.h
[0.862s] -- Up-to-date symlink: /home/zyme/ros_ws/Autoware_sim_test/install/autoware_auto_planning_msgs/include/autoware_auto_planning_msgs/autoware_auto_planning_msgs/action/detail/record_trajectory__rosidl_typesupport_introspection_c.h
[0.862s] -- Up-to-date symlink: /home/zyme/ros_ws/Autoware_sim_test/install/autoware_auto_planning_msgs/include/autoware_auto_planning_msgs/autoware_auto_planning_msgs/action/detail/replay_trajectory__rosidl_typesupport_introspection_c.h
[0.863s] -- Up-to-date symlink: /home/zyme/ros_ws/Autoware_sim_test/install/autoware_auto_planning_msgs/include/autoware_auto_planning_msgs/autoware_auto_planning_msgs/msg/detail/had_map_route__rosidl_typesupport_introspection_c.h
[0.863s] -- Up-to-date symlink: /home/zyme/ros_ws/Autoware_sim_test/install/autoware_auto_planning_msgs/include/autoware_auto_planning_msgs/autoware_auto_planning_msgs/msg/detail/order_movement__rosidl_typesupport_introspection_c.h
[0.863s] -- Up-to-date symlink: /home/zyme/ros_ws/Autoware_sim_test/install/autoware_auto_planning_msgs/include/autoware_auto_planning_msgs/autoware_auto_planning_msgs/msg/detail/path__rosidl_typesupport_introspection_c.h
[0.863s] -- Up-to-date symlink: /home/zyme/ros_ws/Autoware_sim_test/install/autoware_auto_planning_msgs/include/autoware_auto_planning_msgs/autoware_auto_planning_msgs/msg/detail/path_point__rosidl_typesupport_introspection_c.h
[0.863s] -- Up-to-date symlink: /home/zyme/ros_ws/Autoware_sim_test/install/autoware_auto_planning_msgs/include/autoware_auto_planning_msgs/autoware_auto_planning_msgs/msg/detail/path_point_with_lane_id__rosidl_typesupport_introspection_c.h
[0.863s] -- Up-to-date symlink: /home/zyme/ros_ws/Autoware_sim_test/install/autoware_auto_planning_msgs/include/autoware_auto_planning_msgs/autoware_auto_planning_msgs/msg/detail/path_with_lane_id__rosidl_typesupport_introspection_c.h
[0.864s] -- Up-to-date symlink: /home/zyme/ros_ws/Autoware_sim_test/install/autoware_auto_planning_msgs/include/autoware_auto_planning_msgs/autoware_auto_planning_msgs/msg/detail/route__rosidl_typesupport_introspection_c.h
[0.864s] -- Up-to-date symlink: /home/zyme/ros_ws/Autoware_sim_test/install/autoware_auto_planning_msgs/include/autoware_auto_planning_msgs/autoware_auto_planning_msgs/msg/detail/trajectory__rosidl_typesupport_introspection_c.h
[0.864s] -- Up-to-date symlink: /home/zyme/ros_ws/Autoware_sim_test/install/autoware_auto_planning_msgs/include/autoware_auto_planning_msgs/autoware_auto_planning_msgs/msg/detail/trajectory_point__rosidl_typesupport_introspection_c.h
[0.864s] -- Up-to-date symlink: /home/zyme/ros_ws/Autoware_sim_test/install/autoware_auto_planning_msgs/include/autoware_auto_planning_msgs/autoware_auto_planning_msgs/msg/rosidl_typesupport_introspection_c__visibility_control.h
[0.864s] -- Up-to-date symlink: /home/zyme/ros_ws/Autoware_sim_test/install/autoware_auto_planning_msgs/include/autoware_auto_planning_msgs/autoware_auto_planning_msgs/srv/detail/modify_trajectory__rosidl_typesupport_introspection_c.h
[0.866s] -- Up-to-date symlink: /home/zyme/ros_ws/Autoware_sim_test/install/autoware_auto_planning_msgs/include/autoware_auto_planning_msgs/autoware_auto_planning_msgs/action/detail/plan_trajectory__builder.hpp
[0.866s] -- Up-to-date symlink: /home/zyme/ros_ws/Autoware_sim_test/install/autoware_auto_planning_msgs/include/autoware_auto_planning_msgs/autoware_auto_planning_msgs/action/detail/plan_trajectory__struct.hpp
[0.866s] -- Up-to-date symlink: /home/zyme/ros_ws/Autoware_sim_test/install/autoware_auto_planning_msgs/include/autoware_auto_planning_msgs/autoware_auto_planning_msgs/action/detail/plan_trajectory__traits.hpp
[0.867s] -- Up-to-date symlink: /home/zyme/ros_ws/Autoware_sim_test/install/autoware_auto_planning_msgs/include/autoware_auto_planning_msgs/autoware_auto_planning_msgs/action/detail/planner_costmap__builder.hpp
[0.867s] -- Up-to-date symlink: /home/zyme/ros_ws/Autoware_sim_test/install/autoware_auto_planning_msgs/include/autoware_auto_planning_msgs/autoware_auto_planning_msgs/action/detail/planner_costmap__struct.hpp
[0.867s] -- Up-to-date symlink: /home/zyme/ros_ws/Autoware_sim_test/install/autoware_auto_planning_msgs/include/autoware_auto_planning_msgs/autoware_auto_planning_msgs/action/detail/planner_costmap__traits.hpp
[0.867s] -- Up-to-date symlink: /home/zyme/ros_ws/Autoware_sim_test/install/autoware_auto_planning_msgs/include/autoware_auto_planning_msgs/autoware_auto_planning_msgs/action/detail/record_trajectory__builder.hpp
[0.867s] -- Up-to-date symlink: /home/zyme/ros_ws/Autoware_sim_test/install/autoware_auto_planning_msgs/include/autoware_auto_planning_msgs/autoware_auto_planning_msgs/action/detail/record_trajectory__struct.hpp
[0.867s] -- Up-to-date symlink: /home/zyme/ros_ws/Autoware_sim_test/install/autoware_auto_planning_msgs/include/autoware_auto_planning_msgs/autoware_auto_planning_msgs/action/detail/record_trajectory__traits.hpp
[0.868s] -- Up-to-date symlink: /home/zyme/ros_ws/Autoware_sim_test/install/autoware_auto_planning_msgs/include/autoware_auto_planning_msgs/autoware_auto_planning_msgs/action/detail/replay_trajectory__builder.hpp
[0.868s] -- Up-to-date symlink: /home/zyme/ros_ws/Autoware_sim_test/install/autoware_auto_planning_msgs/include/autoware_auto_planning_msgs/autoware_auto_planning_msgs/action/detail/replay_trajectory__struct.hpp
[0.868s] -- Up-to-date symlink: /home/zyme/ros_ws/Autoware_sim_test/install/autoware_auto_planning_msgs/include/autoware_auto_planning_msgs/autoware_auto_planning_msgs/action/detail/replay_trajectory__traits.hpp
[0.868s] -- Up-to-date symlink: /home/zyme/ros_ws/Autoware_sim_test/install/autoware_auto_planning_msgs/include/autoware_auto_planning_msgs/autoware_auto_planning_msgs/action/plan_trajectory.hpp
[0.868s] -- Up-to-date symlink: /home/zyme/ros_ws/Autoware_sim_test/install/autoware_auto_planning_msgs/include/autoware_auto_planning_msgs/autoware_auto_planning_msgs/action/planner_costmap.hpp
[0.868s] -- Up-to-date symlink: /home/zyme/ros_ws/Autoware_sim_test/install/autoware_auto_planning_msgs/include/autoware_auto_planning_msgs/autoware_auto_planning_msgs/action/record_trajectory.hpp
[0.869s] -- Up-to-date symlink: /home/zyme/ros_ws/Autoware_sim_test/install/autoware_auto_planning_msgs/include/autoware_auto_planning_msgs/autoware_auto_planning_msgs/action/replay_trajectory.hpp
[0.869s] -- Up-to-date symlink: /home/zyme/ros_ws/Autoware_sim_test/install/autoware_auto_planning_msgs/include/autoware_auto_planning_msgs/autoware_auto_planning_msgs/msg/detail/had_map_route__builder.hpp
[0.869s] -- Up-to-date symlink: /home/zyme/ros_ws/Autoware_sim_test/install/autoware_auto_planning_msgs/include/autoware_auto_planning_msgs/autoware_auto_planning_msgs/msg/detail/had_map_route__struct.hpp
[0.869s] -- Up-to-date symlink: /home/zyme/ros_ws/Autoware_sim_test/install/autoware_auto_planning_msgs/include/autoware_auto_planning_msgs/autoware_auto_planning_msgs/msg/detail/had_map_route__traits.hpp
[0.869s] -- Up-to-date symlink: /home/zyme/ros_ws/Autoware_sim_test/install/autoware_auto_planning_msgs/include/autoware_auto_planning_msgs/autoware_auto_planning_msgs/msg/detail/order_movement__builder.hpp
[0.870s] -- Up-to-date symlink: /home/zyme/ros_ws/Autoware_sim_test/install/autoware_auto_planning_msgs/include/autoware_auto_planning_msgs/autoware_auto_planning_msgs/msg/detail/order_movement__struct.hpp
[0.870s] -- Up-to-date symlink: /home/zyme/ros_ws/Autoware_sim_test/install/autoware_auto_planning_msgs/include/autoware_auto_planning_msgs/autoware_auto_planning_msgs/msg/detail/order_movement__traits.hpp
[0.870s] -- Up-to-date symlink: /home/zyme/ros_ws/Autoware_sim_test/install/autoware_auto_planning_msgs/include/autoware_auto_planning_msgs/autoware_auto_planning_msgs/msg/detail/path__builder.hpp
[0.870s] -- Up-to-date symlink: /home/zyme/ros_ws/Autoware_sim_test/install/autoware_auto_planning_msgs/include/autoware_auto_planning_msgs/autoware_auto_planning_msgs/msg/detail/path__struct.hpp
[0.870s] -- Up-to-date symlink: /home/zyme/ros_ws/Autoware_sim_test/install/autoware_auto_planning_msgs/include/autoware_auto_planning_msgs/autoware_auto_planning_msgs/msg/detail/path__traits.hpp
[0.870s] -- Up-to-date symlink: /home/zyme/ros_ws/Autoware_sim_test/install/autoware_auto_planning_msgs/include/autoware_auto_planning_msgs/autoware_auto_planning_msgs/msg/detail/path_point__builder.hpp
[0.871s] -- Up-to-date symlink: /home/zyme/ros_ws/Autoware_sim_test/install/autoware_auto_planning_msgs/include/autoware_auto_planning_msgs/autoware_auto_planning_msgs/msg/detail/path_point__struct.hpp
[0.871s] -- Up-to-date symlink: /home/zyme/ros_ws/Autoware_sim_test/install/autoware_auto_planning_msgs/include/autoware_auto_planning_msgs/autoware_auto_planning_msgs/msg/detail/path_point__traits.hpp
[0.871s] -- Up-to-date symlink: /home/zyme/ros_ws/Autoware_sim_test/install/autoware_auto_planning_msgs/include/autoware_auto_planning_msgs/autoware_auto_planning_msgs/msg/detail/path_point_with_lane_id__builder.hpp
[0.871s] -- Up-to-date symlink: /home/zyme/ros_ws/Autoware_sim_test/install/autoware_auto_planning_msgs/include/autoware_auto_planning_msgs/autoware_auto_planning_msgs/msg/detail/path_point_with_lane_id__struct.hpp
[0.871s] -- Up-to-date symlink: /home/zyme/ros_ws/Autoware_sim_test/install/autoware_auto_planning_msgs/include/autoware_auto_planning_msgs/autoware_auto_planning_msgs/msg/detail/path_point_with_lane_id__traits.hpp
[0.871s] -- Up-to-date symlink: /home/zyme/ros_ws/Autoware_sim_test/install/autoware_auto_planning_msgs/include/autoware_auto_planning_msgs/autoware_auto_planning_msgs/msg/detail/path_with_lane_id__builder.hpp
[0.872s] -- Up-to-date symlink: /home/zyme/ros_ws/Autoware_sim_test/install/autoware_auto_planning_msgs/include/autoware_auto_planning_msgs/autoware_auto_planning_msgs/msg/detail/path_with_lane_id__struct.hpp
[0.872s] -- Up-to-date symlink: /home/zyme/ros_ws/Autoware_sim_test/install/autoware_auto_planning_msgs/include/autoware_auto_planning_msgs/autoware_auto_planning_msgs/msg/detail/path_with_lane_id__traits.hpp
[0.872s] -- Up-to-date symlink: /home/zyme/ros_ws/Autoware_sim_test/install/autoware_auto_planning_msgs/include/autoware_auto_planning_msgs/autoware_auto_planning_msgs/msg/detail/route__builder.hpp
[0.872s] -- Up-to-date symlink: /home/zyme/ros_ws/Autoware_sim_test/install/autoware_auto_planning_msgs/include/autoware_auto_planning_msgs/autoware_auto_planning_msgs/msg/detail/route__struct.hpp
[0.872s] -- Up-to-date symlink: /home/zyme/ros_ws/Autoware_sim_test/install/autoware_auto_planning_msgs/include/autoware_auto_planning_msgs/autoware_auto_planning_msgs/msg/detail/route__traits.hpp
[0.873s] -- Up-to-date symlink: /home/zyme/ros_ws/Autoware_sim_test/install/autoware_auto_planning_msgs/include/autoware_auto_planning_msgs/autoware_auto_planning_msgs/msg/detail/trajectory__builder.hpp
[0.873s] -- Up-to-date symlink: /home/zyme/ros_ws/Autoware_sim_test/install/autoware_auto_planning_msgs/include/autoware_auto_planning_msgs/autoware_auto_planning_msgs/msg/detail/trajectory__struct.hpp
[0.873s] -- Up-to-date symlink: /home/zyme/ros_ws/Autoware_sim_test/install/autoware_auto_planning_msgs/include/autoware_auto_planning_msgs/autoware_auto_planning_msgs/msg/detail/trajectory__traits.hpp
[0.873s] -- Up-to-date symlink: /home/zyme/ros_ws/Autoware_sim_test/install/autoware_auto_planning_msgs/include/autoware_auto_planning_msgs/autoware_auto_planning_msgs/msg/detail/trajectory_point__builder.hpp
[0.873s] -- Up-to-date symlink: /home/zyme/ros_ws/Autoware_sim_test/install/autoware_auto_planning_msgs/include/autoware_auto_planning_msgs/autoware_auto_planning_msgs/msg/detail/trajectory_point__struct.hpp
[0.873s] -- Up-to-date symlink: /home/zyme/ros_ws/Autoware_sim_test/install/autoware_auto_planning_msgs/include/autoware_auto_planning_msgs/autoware_auto_planning_msgs/msg/detail/trajectory_point__traits.hpp
[0.874s] -- Up-to-date symlink: /home/zyme/ros_ws/Autoware_sim_test/install/autoware_auto_planning_msgs/include/autoware_auto_planning_msgs/autoware_auto_planning_msgs/msg/had_map_route.hpp
[0.874s] -- Up-to-date symlink: /home/zyme/ros_ws/Autoware_sim_test/install/autoware_auto_planning_msgs/include/autoware_auto_planning_msgs/autoware_auto_planning_msgs/msg/order_movement.hpp
[0.874s] -- Up-to-date symlink: /home/zyme/ros_ws/Autoware_sim_test/install/autoware_auto_planning_msgs/include/autoware_auto_planning_msgs/autoware_auto_planning_msgs/msg/path.hpp
[0.874s] -- Up-to-date symlink: /home/zyme/ros_ws/Autoware_sim_test/install/autoware_auto_planning_msgs/include/autoware_auto_planning_msgs/autoware_auto_planning_msgs/msg/path_point.hpp
[0.874s] -- Up-to-date symlink: /home/zyme/ros_ws/Autoware_sim_test/install/autoware_auto_planning_msgs/include/autoware_auto_planning_msgs/autoware_auto_planning_msgs/msg/path_point_with_lane_id.hpp
[0.874s] -- Up-to-date symlink: /home/zyme/ros_ws/Autoware_sim_test/install/autoware_auto_planning_msgs/include/autoware_auto_planning_msgs/autoware_auto_planning_msgs/msg/path_with_lane_id.hpp
[0.875s] -- Up-to-date symlink: /home/zyme/ros_ws/Autoware_sim_test/install/autoware_auto_planning_msgs/include/autoware_auto_planning_msgs/autoware_auto_planning_msgs/msg/route.hpp
[0.875s] -- Up-to-date symlink: /home/zyme/ros_ws/Autoware_sim_test/install/autoware_auto_planning_msgs/include/autoware_auto_planning_msgs/autoware_auto_planning_msgs/msg/trajectory.hpp
[0.875s] -- Up-to-date symlink: /home/zyme/ros_ws/Autoware_sim_test/install/autoware_auto_planning_msgs/include/autoware_auto_planning_msgs/autoware_auto_planning_msgs/msg/trajectory_point.hpp
[0.875s] -- Up-to-date symlink: /home/zyme/ros_ws/Autoware_sim_test/install/autoware_auto_planning_msgs/include/autoware_auto_planning_msgs/autoware_auto_planning_msgs/srv/detail/modify_trajectory__builder.hpp
[0.875s] -- Up-to-date symlink: /home/zyme/ros_ws/Autoware_sim_test/install/autoware_auto_planning_msgs/include/autoware_auto_planning_msgs/autoware_auto_planning_msgs/srv/detail/modify_trajectory__struct.hpp
[0.876s] -- Up-to-date symlink: /home/zyme/ros_ws/Autoware_sim_test/install/autoware_auto_planning_msgs/include/autoware_auto_planning_msgs/autoware_auto_planning_msgs/srv/detail/modify_trajectory__traits.hpp
[0.876s] -- Up-to-date symlink: /home/zyme/ros_ws/Autoware_sim_test/install/autoware_auto_planning_msgs/include/autoware_auto_planning_msgs/autoware_auto_planning_msgs/srv/modify_trajectory.hpp
[0.877s] -- Up-to-date symlink: /home/zyme/ros_ws/Autoware_sim_test/install/autoware_auto_planning_msgs/include/autoware_auto_planning_msgs/autoware_auto_planning_msgs/action/detail/plan_trajectory__rosidl_typesupport_fastrtps_cpp.hpp
[0.878s] -- Up-to-date symlink: /home/zyme/ros_ws/Autoware_sim_test/install/autoware_auto_planning_msgs/include/autoware_auto_planning_msgs/autoware_auto_planning_msgs/action/detail/planner_costmap__rosidl_typesupport_fastrtps_cpp.hpp
[0.878s] -- Up-to-date symlink: /home/zyme/ros_ws/Autoware_sim_test/install/autoware_auto_planning_msgs/include/autoware_auto_planning_msgs/autoware_auto_planning_msgs/action/detail/record_trajectory__rosidl_typesupport_fastrtps_cpp.hpp
[0.878s] -- Up-to-date symlink: /home/zyme/ros_ws/Autoware_sim_test/install/autoware_auto_planning_msgs/include/autoware_auto_planning_msgs/autoware_auto_planning_msgs/action/detail/replay_trajectory__rosidl_typesupport_fastrtps_cpp.hpp
[0.878s] -- Up-to-date symlink: /home/zyme/ros_ws/Autoware_sim_test/install/autoware_auto_planning_msgs/include/autoware_auto_planning_msgs/autoware_auto_planning_msgs/msg/detail/had_map_route__rosidl_typesupport_fastrtps_cpp.hpp
[0.878s] -- Up-to-date symlink: /home/zyme/ros_ws/Autoware_sim_test/install/autoware_auto_planning_msgs/include/autoware_auto_planning_msgs/autoware_auto_planning_msgs/msg/detail/order_movement__rosidl_typesupport_fastrtps_cpp.hpp
[0.879s] -- Up-to-date symlink: /home/zyme/ros_ws/Autoware_sim_test/install/autoware_auto_planning_msgs/include/autoware_auto_planning_msgs/autoware_auto_planning_msgs/msg/detail/path__rosidl_typesupport_fastrtps_cpp.hpp
[0.879s] -- Up-to-date symlink: /home/zyme/ros_ws/Autoware_sim_test/install/autoware_auto_planning_msgs/include/autoware_auto_planning_msgs/autoware_auto_planning_msgs/msg/detail/path_point__rosidl_typesupport_fastrtps_cpp.hpp
[0.879s] -- Up-to-date symlink: /home/zyme/ros_ws/Autoware_sim_test/install/autoware_auto_planning_msgs/include/autoware_auto_planning_msgs/autoware_auto_planning_msgs/msg/detail/path_point_with_lane_id__rosidl_typesupport_fastrtps_cpp.hpp
[0.879s] -- Up-to-date symlink: /home/zyme/ros_ws/Autoware_sim_test/install/autoware_auto_planning_msgs/include/autoware_auto_planning_msgs/autoware_auto_planning_msgs/msg/detail/path_with_lane_id__rosidl_typesupport_fastrtps_cpp.hpp
[0.879s] -- Up-to-date symlink: /home/zyme/ros_ws/Autoware_sim_test/install/autoware_auto_planning_msgs/include/autoware_auto_planning_msgs/autoware_auto_planning_msgs/msg/detail/route__rosidl_typesupport_fastrtps_cpp.hpp
[0.879s] -- Up-to-date symlink: /home/zyme/ros_ws/Autoware_sim_test/install/autoware_auto_planning_msgs/include/autoware_auto_planning_msgs/autoware_auto_planning_msgs/msg/detail/trajectory__rosidl_typesupport_fastrtps_cpp.hpp
[0.880s] -- Up-to-date symlink: /home/zyme/ros_ws/Autoware_sim_test/install/autoware_auto_planning_msgs/include/autoware_auto_planning_msgs/autoware_auto_planning_msgs/msg/detail/trajectory_point__rosidl_typesupport_fastrtps_cpp.hpp
[0.880s] -- Up-to-date symlink: /home/zyme/ros_ws/Autoware_sim_test/install/autoware_auto_planning_msgs/include/autoware_auto_planning_msgs/autoware_auto_planning_msgs/msg/rosidl_typesupport_fastrtps_cpp__visibility_control.h
[0.880s] -- Up-to-date symlink: /home/zyme/ros_ws/Autoware_sim_test/install/autoware_auto_planning_msgs/include/autoware_auto_planning_msgs/autoware_auto_planning_msgs/srv/detail/modify_trajectory__rosidl_typesupport_fastrtps_cpp.hpp
[0.881s] -- Up-to-date symlink: /home/zyme/ros_ws/Autoware_sim_test/install/autoware_auto_planning_msgs/include/autoware_auto_planning_msgs/autoware_auto_planning_msgs/action/detail/plan_trajectory__rosidl_typesupport_introspection_cpp.hpp
[0.881s] -- Up-to-date symlink: /home/zyme/ros_ws/Autoware_sim_test/install/autoware_auto_planning_msgs/include/autoware_auto_planning_msgs/autoware_auto_planning_msgs/action/detail/planner_costmap__rosidl_typesupport_introspection_cpp.hpp
[0.881s] -- Up-to-date symlink: /home/zyme/ros_ws/Autoware_sim_test/install/autoware_auto_planning_msgs/include/autoware_auto_planning_msgs/autoware_auto_planning_msgs/action/detail/record_trajectory__rosidl_typesupport_introspection_cpp.hpp
[0.881s] -- Up-to-date symlink: /home/zyme/ros_ws/Autoware_sim_test/install/autoware_auto_planning_msgs/include/autoware_auto_planning_msgs/autoware_auto_planning_msgs/action/detail/replay_trajectory__rosidl_typesupport_introspection_cpp.hpp
[0.882s] -- Up-to-date symlink: /home/zyme/ros_ws/Autoware_sim_test/install/autoware_auto_planning_msgs/include/autoware_auto_planning_msgs/autoware_auto_planning_msgs/msg/detail/had_map_route__rosidl_typesupport_introspection_cpp.hpp
[0.882s] -- Up-to-date symlink: /home/zyme/ros_ws/Autoware_sim_test/install/autoware_auto_planning_msgs/include/autoware_auto_planning_msgs/autoware_auto_planning_msgs/msg/detail/order_movement__rosidl_typesupport_introspection_cpp.hpp
[0.882s] -- Up-to-date symlink: /home/zyme/ros_ws/Autoware_sim_test/install/autoware_auto_planning_msgs/include/autoware_auto_planning_msgs/autoware_auto_planning_msgs/msg/detail/path__rosidl_typesupport_introspection_cpp.hpp
[0.882s] -- Up-to-date symlink: /home/zyme/ros_ws/Autoware_sim_test/install/autoware_auto_planning_msgs/include/autoware_auto_planning_msgs/autoware_auto_planning_msgs/msg/detail/path_point__rosidl_typesupport_introspection_cpp.hpp
[0.882s] -- Up-to-date symlink: /home/zyme/ros_ws/Autoware_sim_test/install/autoware_auto_planning_msgs/include/autoware_auto_planning_msgs/autoware_auto_planning_msgs/msg/detail/path_point_with_lane_id__rosidl_typesupport_introspection_cpp.hpp
[0.882s] -- Up-to-date symlink: /home/zyme/ros_ws/Autoware_sim_test/install/autoware_auto_planning_msgs/include/autoware_auto_planning_msgs/autoware_auto_planning_msgs/msg/detail/path_with_lane_id__rosidl_typesupport_introspection_cpp.hpp
[0.882s] -- Up-to-date symlink: /home/zyme/ros_ws/Autoware_sim_test/install/autoware_auto_planning_msgs/include/autoware_auto_planning_msgs/autoware_auto_planning_msgs/msg/detail/route__rosidl_typesupport_introspection_cpp.hpp
[0.882s] -- Up-to-date symlink: /home/zyme/ros_ws/Autoware_sim_test/install/autoware_auto_planning_msgs/include/autoware_auto_planning_msgs/autoware_auto_planning_msgs/msg/detail/trajectory__rosidl_typesupport_introspection_cpp.hpp
[0.883s] -- Up-to-date symlink: /home/zyme/ros_ws/Autoware_sim_test/install/autoware_auto_planning_msgs/include/autoware_auto_planning_msgs/autoware_auto_planning_msgs/msg/detail/trajectory_point__rosidl_typesupport_introspection_cpp.hpp
[0.883s] -- Up-to-date symlink: /home/zyme/ros_ws/Autoware_sim_test/install/autoware_auto_planning_msgs/include/autoware_auto_planning_msgs/autoware_auto_planning_msgs/srv/detail/modify_trajectory__rosidl_typesupport_introspection_cpp.hpp
[0.883s] -- Up-to-date symlink: /home/zyme/ros_ws/Autoware_sim_test/install/autoware_auto_planning_msgs/share/autoware_auto_planning_msgs/environment/pythonpath.sh
[0.883s] -- Up-to-date symlink: /home/zyme/ros_ws/Autoware_sim_test/install/autoware_auto_planning_msgs/share/autoware_auto_planning_msgs/environment/pythonpath.dsv
[0.883s] -- Up-to-date symlink: /home/zyme/ros_ws/Autoware_sim_test/install/autoware_auto_planning_msgs/local/lib/python3.10/dist-packages/autoware_auto_planning_msgs-1.0.0-py3.10.egg-info/PKG-INFO
[0.883s] -- Up-to-date symlink: /home/zyme/ros_ws/Autoware_sim_test/install/autoware_auto_planning_msgs/local/lib/python3.10/dist-packages/autoware_auto_planning_msgs-1.0.0-py3.10.egg-info/SOURCES.txt
[0.884s] -- Up-to-date symlink: /home/zyme/ros_ws/Autoware_sim_test/install/autoware_auto_planning_msgs/local/lib/python3.10/dist-packages/autoware_auto_planning_msgs-1.0.0-py3.10.egg-info/dependency_links.txt
[0.884s] -- Up-to-date symlink: /home/zyme/ros_ws/Autoware_sim_test/install/autoware_auto_planning_msgs/local/lib/python3.10/dist-packages/autoware_auto_planning_msgs-1.0.0-py3.10.egg-info/top_level.txt
[0.885s] -- Up-to-date symlink: /home/zyme/ros_ws/Autoware_sim_test/install/autoware_auto_planning_msgs/local/lib/python3.10/dist-packages/autoware_auto_planning_msgs/__init__.py
[0.885s] -- Up-to-date symlink: /home/zyme/ros_ws/Autoware_sim_test/install/autoware_auto_planning_msgs/local/lib/python3.10/dist-packages/autoware_auto_planning_msgs/_autoware_auto_planning_msgs_s.ep.rosidl_typesupport_c.c
[0.885s] -- Up-to-date symlink: /home/zyme/ros_ws/Autoware_sim_test/install/autoware_auto_planning_msgs/local/lib/python3.10/dist-packages/autoware_auto_planning_msgs/_autoware_auto_planning_msgs_s.ep.rosidl_typesupport_fastrtps_c.c
[0.885s] -- Up-to-date symlink: /home/zyme/ros_ws/Autoware_sim_test/install/autoware_auto_planning_msgs/local/lib/python3.10/dist-packages/autoware_auto_planning_msgs/_autoware_auto_planning_msgs_s.ep.rosidl_typesupport_introspection_c.c
[0.885s] -- Up-to-date symlink: /home/zyme/ros_ws/Autoware_sim_test/install/autoware_auto_planning_msgs/local/lib/python3.10/dist-packages/autoware_auto_planning_msgs/action/__init__.py
[0.886s] -- Up-to-date symlink: /home/zyme/ros_ws/Autoware_sim_test/install/autoware_auto_planning_msgs/local/lib/python3.10/dist-packages/autoware_auto_planning_msgs/action/_plan_trajectory.py
[0.886s] -- Up-to-date symlink: /home/zyme/ros_ws/Autoware_sim_test/install/autoware_auto_planning_msgs/local/lib/python3.10/dist-packages/autoware_auto_planning_msgs/action/_plan_trajectory_s.c
[0.886s] -- Up-to-date symlink: /home/zyme/ros_ws/Autoware_sim_test/install/autoware_auto_planning_msgs/local/lib/python3.10/dist-packages/autoware_auto_planning_msgs/action/_planner_costmap.py
[0.886s] -- Up-to-date symlink: /home/zyme/ros_ws/Autoware_sim_test/install/autoware_auto_planning_msgs/local/lib/python3.10/dist-packages/autoware_auto_planning_msgs/action/_planner_costmap_s.c
[0.886s] -- Up-to-date symlink: /home/zyme/ros_ws/Autoware_sim_test/install/autoware_auto_planning_msgs/local/lib/python3.10/dist-packages/autoware_auto_planning_msgs/action/_record_trajectory.py
[0.886s] -- Up-to-date symlink: /home/zyme/ros_ws/Autoware_sim_test/install/autoware_auto_planning_msgs/local/lib/python3.10/dist-packages/autoware_auto_planning_msgs/action/_record_trajectory_s.c
[0.886s] -- Up-to-date symlink: /home/zyme/ros_ws/Autoware_sim_test/install/autoware_auto_planning_msgs/local/lib/python3.10/dist-packages/autoware_auto_planning_msgs/action/_replay_trajectory.py
[0.886s] -- Up-to-date symlink: /home/zyme/ros_ws/Autoware_sim_test/install/autoware_auto_planning_msgs/local/lib/python3.10/dist-packages/autoware_auto_planning_msgs/action/_replay_trajectory_s.c
[0.887s] -- Up-to-date symlink: /home/zyme/ros_ws/Autoware_sim_test/install/autoware_auto_planning_msgs/local/lib/python3.10/dist-packages/autoware_auto_planning_msgs/autoware_auto_planning_msgs_s__rosidl_typesupport_c.cpython-310-x86_64-linux-gnu.so
[0.887s] -- Up-to-date symlink: /home/zyme/ros_ws/Autoware_sim_test/install/autoware_auto_planning_msgs/local/lib/python3.10/dist-packages/autoware_auto_planning_msgs/autoware_auto_planning_msgs_s__rosidl_typesupport_fastrtps_c.cpython-310-x86_64-linux-gnu.so
[0.887s] -- Up-to-date symlink: /home/zyme/ros_ws/Autoware_sim_test/install/autoware_auto_planning_msgs/local/lib/python3.10/dist-packages/autoware_auto_planning_msgs/autoware_auto_planning_msgs_s__rosidl_typesupport_introspection_c.cpython-310-x86_64-linux-gnu.so
[0.887s] -- Up-to-date symlink: /home/zyme/ros_ws/Autoware_sim_test/install/autoware_auto_planning_msgs/local/lib/python3.10/dist-packages/autoware_auto_planning_msgs/libautoware_auto_planning_msgs__rosidl_generator_py.so
[0.887s] -- Up-to-date symlink: /home/zyme/ros_ws/Autoware_sim_test/install/autoware_auto_planning_msgs/local/lib/python3.10/dist-packages/autoware_auto_planning_msgs/msg/__init__.py
[0.887s] -- Up-to-date symlink: /home/zyme/ros_ws/Autoware_sim_test/install/autoware_auto_planning_msgs/local/lib/python3.10/dist-packages/autoware_auto_planning_msgs/msg/_had_map_route.py
[0.887s] -- Up-to-date symlink: /home/zyme/ros_ws/Autoware_sim_test/install/autoware_auto_planning_msgs/local/lib/python3.10/dist-packages/autoware_auto_planning_msgs/msg/_had_map_route_s.c
[0.887s] -- Up-to-date symlink: /home/zyme/ros_ws/Autoware_sim_test/install/autoware_auto_planning_msgs/local/lib/python3.10/dist-packages/autoware_auto_planning_msgs/msg/_order_movement.py
[0.888s] -- Up-to-date symlink: /home/zyme/ros_ws/Autoware_sim_test/install/autoware_auto_planning_msgs/local/lib/python3.10/dist-packages/autoware_auto_planning_msgs/msg/_order_movement_s.c
[0.888s] -- Up-to-date symlink: /home/zyme/ros_ws/Autoware_sim_test/install/autoware_auto_planning_msgs/local/lib/python3.10/dist-packages/autoware_auto_planning_msgs/msg/_path.py
[0.888s] -- Up-to-date symlink: /home/zyme/ros_ws/Autoware_sim_test/install/autoware_auto_planning_msgs/local/lib/python3.10/dist-packages/autoware_auto_planning_msgs/msg/_path_point.py
[0.888s] -- Up-to-date symlink: /home/zyme/ros_ws/Autoware_sim_test/install/autoware_auto_planning_msgs/local/lib/python3.10/dist-packages/autoware_auto_planning_msgs/msg/_path_point_s.c
[0.888s] -- Up-to-date symlink: /home/zyme/ros_ws/Autoware_sim_test/install/autoware_auto_planning_msgs/local/lib/python3.10/dist-packages/autoware_auto_planning_msgs/msg/_path_point_with_lane_id.py
[0.888s] -- Up-to-date symlink: /home/zyme/ros_ws/Autoware_sim_test/install/autoware_auto_planning_msgs/local/lib/python3.10/dist-packages/autoware_auto_planning_msgs/msg/_path_point_with_lane_id_s.c
[0.888s] -- Up-to-date symlink: /home/zyme/ros_ws/Autoware_sim_test/install/autoware_auto_planning_msgs/local/lib/python3.10/dist-packages/autoware_auto_planning_msgs/msg/_path_s.c
[0.889s] -- Up-to-date symlink: /home/zyme/ros_ws/Autoware_sim_test/install/autoware_auto_planning_msgs/local/lib/python3.10/dist-packages/autoware_auto_planning_msgs/msg/_path_with_lane_id.py
[0.889s] -- Up-to-date symlink: /home/zyme/ros_ws/Autoware_sim_test/install/autoware_auto_planning_msgs/local/lib/python3.10/dist-packages/autoware_auto_planning_msgs/msg/_path_with_lane_id_s.c
[0.889s] -- Up-to-date symlink: /home/zyme/ros_ws/Autoware_sim_test/install/autoware_auto_planning_msgs/local/lib/python3.10/dist-packages/autoware_auto_planning_msgs/msg/_route.py
[0.889s] -- Up-to-date symlink: /home/zyme/ros_ws/Autoware_sim_test/install/autoware_auto_planning_msgs/local/lib/python3.10/dist-packages/autoware_auto_planning_msgs/msg/_route_s.c
[0.889s] -- Up-to-date symlink: /home/zyme/ros_ws/Autoware_sim_test/install/autoware_auto_planning_msgs/local/lib/python3.10/dist-packages/autoware_auto_planning_msgs/msg/_trajectory.py
[0.889s] -- Up-to-date symlink: /home/zyme/ros_ws/Autoware_sim_test/install/autoware_auto_planning_msgs/local/lib/python3.10/dist-packages/autoware_auto_planning_msgs/msg/_trajectory_point.py
[0.890s] -- Up-to-date symlink: /home/zyme/ros_ws/Autoware_sim_test/install/autoware_auto_planning_msgs/local/lib/python3.10/dist-packages/autoware_auto_planning_msgs/msg/_trajectory_point_s.c
[0.890s] -- Up-to-date symlink: /home/zyme/ros_ws/Autoware_sim_test/install/autoware_auto_planning_msgs/local/lib/python3.10/dist-packages/autoware_auto_planning_msgs/msg/_trajectory_s.c
[0.890s] -- Up-to-date symlink: /home/zyme/ros_ws/Autoware_sim_test/install/autoware_auto_planning_msgs/local/lib/python3.10/dist-packages/autoware_auto_planning_msgs/srv/__init__.py
[0.890s] -- Up-to-date symlink: /home/zyme/ros_ws/Autoware_sim_test/install/autoware_auto_planning_msgs/local/lib/python3.10/dist-packages/autoware_auto_planning_msgs/srv/_modify_trajectory.py
[0.890s] -- Up-to-date symlink: /home/zyme/ros_ws/Autoware_sim_test/install/autoware_auto_planning_msgs/local/lib/python3.10/dist-packages/autoware_auto_planning_msgs/srv/_modify_trajectory_s.c
[0.891s] -- Up-to-date symlink: /home/zyme/ros_ws/Autoware_sim_test/install/autoware_auto_planning_msgs/local/lib/python3.10/dist-packages/autoware_auto_planning_msgs/autoware_auto_planning_msgs_s__rosidl_typesupport_fastrtps_c.cpython-310-x86_64-linux-gnu.so
[0.891s] -- Up-to-date symlink: /home/zyme/ros_ws/Autoware_sim_test/install/autoware_auto_planning_msgs/local/lib/python3.10/dist-packages/autoware_auto_planning_msgs/autoware_auto_planning_msgs_s__rosidl_typesupport_introspection_c.cpython-310-x86_64-linux-gnu.so
[0.892s] -- Up-to-date symlink: /home/zyme/ros_ws/Autoware_sim_test/install/autoware_auto_planning_msgs/local/lib/python3.10/dist-packages/autoware_auto_planning_msgs/autoware_auto_planning_msgs_s__rosidl_typesupport_c.cpython-310-x86_64-linux-gnu.so
[0.892s] -- Up-to-date symlink: /home/zyme/ros_ws/Autoware_sim_test/install/autoware_auto_planning_msgs/share/autoware_auto_planning_msgs/action/PlannerCostmap.idl
[0.892s] -- Up-to-date symlink: /home/zyme/ros_ws/Autoware_sim_test/install/autoware_auto_planning_msgs/share/autoware_auto_planning_msgs/action/PlanTrajectory.idl
[0.892s] -- Up-to-date symlink: /home/zyme/ros_ws/Autoware_sim_test/install/autoware_auto_planning_msgs/share/autoware_auto_planning_msgs/action/RecordTrajectory.idl
[0.893s] -- Up-to-date symlink: /home/zyme/ros_ws/Autoware_sim_test/install/autoware_auto_planning_msgs/share/autoware_auto_planning_msgs/action/ReplayTrajectory.idl
[0.893s] -- Up-to-date symlink: /home/zyme/ros_ws/Autoware_sim_test/install/autoware_auto_planning_msgs/share/autoware_auto_planning_msgs/msg/HADMapRoute.idl
[0.893s] -- Up-to-date symlink: /home/zyme/ros_ws/Autoware_sim_test/install/autoware_auto_planning_msgs/share/autoware_auto_planning_msgs/msg/OrderMovement.idl
[0.894s] -- Up-to-date symlink: /home/zyme/ros_ws/Autoware_sim_test/install/autoware_auto_planning_msgs/share/autoware_auto_planning_msgs/msg/Route.idl
[0.894s] -- Up-to-date symlink: /home/zyme/ros_ws/Autoware_sim_test/install/autoware_auto_planning_msgs/share/autoware_auto_planning_msgs/msg/Trajectory.idl
[0.894s] -- Up-to-date symlink: /home/zyme/ros_ws/Autoware_sim_test/install/autoware_auto_planning_msgs/share/autoware_auto_planning_msgs/msg/TrajectoryPoint.idl
[0.894s] -- Up-to-date symlink: /home/zyme/ros_ws/Autoware_sim_test/install/autoware_auto_planning_msgs/share/autoware_auto_planning_msgs/msg/Path.idl
[0.894s] -- Up-to-date symlink: /home/zyme/ros_ws/Autoware_sim_test/install/autoware_auto_planning_msgs/share/autoware_auto_planning_msgs/msg/PathPoint.idl
[0.895s] -- Up-to-date symlink: /home/zyme/ros_ws/Autoware_sim_test/install/autoware_auto_planning_msgs/share/autoware_auto_planning_msgs/msg/PathWithLaneId.idl
[0.895s] -- Up-to-date symlink: /home/zyme/ros_ws/Autoware_sim_test/install/autoware_auto_planning_msgs/share/autoware_auto_planning_msgs/msg/PathPointWithLaneId.idl
[0.895s] -- Up-to-date symlink: /home/zyme/ros_ws/Autoware_sim_test/install/autoware_auto_planning_msgs/share/autoware_auto_planning_msgs/srv/ModifyTrajectory.idl
[0.895s] -- Up-to-date symlink: /home/zyme/ros_ws/Autoware_sim_test/install/autoware_auto_planning_msgs/share/ament_index/resource_index/package_run_dependencies/autoware_auto_planning_msgs
[0.896s] -- Up-to-date symlink: /home/zyme/ros_ws/Autoware_sim_test/install/autoware_auto_planning_msgs/share/ament_index/resource_index/parent_prefix_path/autoware_auto_planning_msgs
[0.896s] -- Up-to-date symlink: /home/zyme/ros_ws/Autoware_sim_test/install/autoware_auto_planning_msgs/share/autoware_auto_planning_msgs/environment/ament_prefix_path.sh
[0.896s] -- Up-to-date symlink: /home/zyme/ros_ws/Autoware_sim_test/install/autoware_auto_planning_msgs/share/autoware_auto_planning_msgs/environment/ament_prefix_path.dsv
[0.896s] -- Up-to-date symlink: /home/zyme/ros_ws/Autoware_sim_test/install/autoware_auto_planning_msgs/share/autoware_auto_planning_msgs/environment/path.sh
[0.896s] -- Up-to-date symlink: /home/zyme/ros_ws/Autoware_sim_test/install/autoware_auto_planning_msgs/share/autoware_auto_planning_msgs/environment/path.dsv
[0.897s] -- Up-to-date symlink: /home/zyme/ros_ws/Autoware_sim_test/install/autoware_auto_planning_msgs/share/autoware_auto_planning_msgs/local_setup.bash
[0.897s] -- Up-to-date symlink: /home/zyme/ros_ws/Autoware_sim_test/install/autoware_auto_planning_msgs/share/autoware_auto_planning_msgs/local_setup.sh
[0.897s] -- Up-to-date symlink: /home/zyme/ros_ws/Autoware_sim_test/install/autoware_auto_planning_msgs/share/autoware_auto_planning_msgs/local_setup.zsh
[0.897s] -- Up-to-date symlink: /home/zyme/ros_ws/Autoware_sim_test/install/autoware_auto_planning_msgs/share/autoware_auto_planning_msgs/local_setup.dsv
[0.898s] -- Symlinking: /home/zyme/ros_ws/Autoware_sim_test/install/autoware_auto_planning_msgs/share/autoware_auto_planning_msgs/package.dsv
[0.908s] -- Up-to-date symlink: /home/zyme/ros_ws/Autoware_sim_test/install/autoware_auto_planning_msgs/share/ament_index/resource_index/packages/autoware_auto_planning_msgs
[0.908s] -- Up-to-date symlink: /home/zyme/ros_ws/Autoware_sim_test/install/autoware_auto_planning_msgs/share/autoware_auto_planning_msgs/cmake/rosidl_cmake-extras.cmake
[0.908s] -- Up-to-date symlink: /home/zyme/ros_ws/Autoware_sim_test/install/autoware_auto_planning_msgs/share/autoware_auto_planning_msgs/cmake/ament_cmake_export_dependencies-extras.cmake
[0.908s] -- Up-to-date symlink: /home/zyme/ros_ws/Autoware_sim_test/install/autoware_auto_planning_msgs/share/autoware_auto_planning_msgs/cmake/ament_cmake_export_include_directories-extras.cmake
[0.908s] -- Up-to-date symlink: /home/zyme/ros_ws/Autoware_sim_test/install/autoware_auto_planning_msgs/share/autoware_auto_planning_msgs/cmake/ament_cmake_export_libraries-extras.cmake
[0.908s] -- Up-to-date symlink: /home/zyme/ros_ws/Autoware_sim_test/install/autoware_auto_planning_msgs/share/autoware_auto_planning_msgs/cmake/ament_cmake_export_targets-extras.cmake
[0.909s] -- Up-to-date symlink: /home/zyme/ros_ws/Autoware_sim_test/install/autoware_auto_planning_msgs/share/autoware_auto_planning_msgs/cmake/rosidl_cmake_export_typesupport_targets-extras.cmake
[0.909s] -- Up-to-date symlink: /home/zyme/ros_ws/Autoware_sim_test/install/autoware_auto_planning_msgs/share/autoware_auto_planning_msgs/cmake/rosidl_cmake_export_typesupport_libraries-extras.cmake
[0.909s] -- Up-to-date symlink: /home/zyme/ros_ws/Autoware_sim_test/install/autoware_auto_planning_msgs/share/autoware_auto_planning_msgs/cmake/autoware_auto_planning_msgsConfig.cmake
[0.909s] -- Up-to-date symlink: /home/zyme/ros_ws/Autoware_sim_test/install/autoware_auto_planning_msgs/share/autoware_auto_planning_msgs/cmake/autoware_auto_planning_msgsConfig-version.cmake
[0.910s] -- Up-to-date symlink: /home/zyme/ros_ws/Autoware_sim_test/install/autoware_auto_planning_msgs/share/autoware_auto_planning_msgs/package.xml
[0.910s] -- Up-to-date: /home/zyme/ros_ws/Autoware_sim_test/install/autoware_auto_planning_msgs/lib/libautoware_auto_planning_msgs__rosidl_generator_c.so
[0.910s] -- Up-to-date: /home/zyme/ros_ws/Autoware_sim_test/install/autoware_auto_planning_msgs/lib/libautoware_auto_planning_msgs__rosidl_typesupport_fastrtps_c.so
[0.911s] -- Up-to-date: /home/zyme/ros_ws/Autoware_sim_test/install/autoware_auto_planning_msgs/lib/libautoware_auto_planning_msgs__rosidl_typesupport_introspection_c.so
[0.911s] -- Up-to-date: /home/zyme/ros_ws/Autoware_sim_test/install/autoware_auto_planning_msgs/lib/libautoware_auto_planning_msgs__rosidl_typesupport_c.so
[0.911s] -- Up-to-date: /home/zyme/ros_ws/Autoware_sim_test/install/autoware_auto_planning_msgs/lib/libautoware_auto_planning_msgs__rosidl_typesupport_fastrtps_cpp.so
[0.912s] -- Up-to-date: /home/zyme/ros_ws/Autoware_sim_test/install/autoware_auto_planning_msgs/lib/libautoware_auto_planning_msgs__rosidl_typesupport_introspection_cpp.so
[0.912s] -- Up-to-date: /home/zyme/ros_ws/Autoware_sim_test/install/autoware_auto_planning_msgs/lib/libautoware_auto_planning_msgs__rosidl_typesupport_cpp.so
[0.946s] Listing '/home/zyme/ros_ws/Autoware_sim_test/install/autoware_auto_planning_msgs/local/lib/python3.10/dist-packages/autoware_auto_planning_msgs'...
[0.946s] Listing '/home/zyme/ros_ws/Autoware_sim_test/install/autoware_auto_planning_msgs/local/lib/python3.10/dist-packages/autoware_auto_planning_msgs/action'...
[0.947s] Listing '/home/zyme/ros_ws/Autoware_sim_test/install/autoware_auto_planning_msgs/local/lib/python3.10/dist-packages/autoware_auto_planning_msgs/msg'...
[0.947s] Listing '/home/zyme/ros_ws/Autoware_sim_test/install/autoware_auto_planning_msgs/local/lib/python3.10/dist-packages/autoware_auto_planning_msgs/srv'...
[0.951s] -- Up-to-date: /home/zyme/ros_ws/Autoware_sim_test/install/autoware_auto_planning_msgs/lib/libautoware_auto_planning_msgs__rosidl_generator_py.so
[0.952s] -- Up-to-date: /home/zyme/ros_ws/Autoware_sim_test/install/autoware_auto_planning_msgs/share/autoware_auto_planning_msgs/cmake/export_autoware_auto_planning_msgs__rosidl_generator_cExport.cmake
[0.952s] -- Up-to-date: /home/zyme/ros_ws/Autoware_sim_test/install/autoware_auto_planning_msgs/share/autoware_auto_planning_msgs/cmake/export_autoware_auto_planning_msgs__rosidl_generator_cExport-release.cmake
[0.952s] -- Up-to-date: /home/zyme/ros_ws/Autoware_sim_test/install/autoware_auto_planning_msgs/share/autoware_auto_planning_msgs/cmake/export_autoware_auto_planning_msgs__rosidl_typesupport_fastrtps_cExport.cmake
[0.952s] -- Up-to-date: /home/zyme/ros_ws/Autoware_sim_test/install/autoware_auto_planning_msgs/share/autoware_auto_planning_msgs/cmake/export_autoware_auto_planning_msgs__rosidl_typesupport_fastrtps_cExport-release.cmake
[0.952s] -- Up-to-date: /home/zyme/ros_ws/Autoware_sim_test/install/autoware_auto_planning_msgs/share/autoware_auto_planning_msgs/cmake/autoware_auto_planning_msgs__rosidl_typesupport_introspection_cExport.cmake
[0.952s] -- Up-to-date: /home/zyme/ros_ws/Autoware_sim_test/install/autoware_auto_planning_msgs/share/autoware_auto_planning_msgs/cmake/autoware_auto_planning_msgs__rosidl_typesupport_introspection_cExport-release.cmake
[0.953s] -- Up-to-date: /home/zyme/ros_ws/Autoware_sim_test/install/autoware_auto_planning_msgs/share/autoware_auto_planning_msgs/cmake/autoware_auto_planning_msgs__rosidl_typesupport_cExport.cmake
[0.953s] -- Up-to-date: /home/zyme/ros_ws/Autoware_sim_test/install/autoware_auto_planning_msgs/share/autoware_auto_planning_msgs/cmake/autoware_auto_planning_msgs__rosidl_typesupport_cExport-release.cmake
[0.953s] -- Up-to-date: /home/zyme/ros_ws/Autoware_sim_test/install/autoware_auto_planning_msgs/share/autoware_auto_planning_msgs/cmake/export_autoware_auto_planning_msgs__rosidl_generator_cppExport.cmake
[0.953s] -- Up-to-date: /home/zyme/ros_ws/Autoware_sim_test/install/autoware_auto_planning_msgs/share/autoware_auto_planning_msgs/cmake/export_autoware_auto_planning_msgs__rosidl_typesupport_fastrtps_cppExport.cmake
[0.953s] -- Up-to-date: /home/zyme/ros_ws/Autoware_sim_test/install/autoware_auto_planning_msgs/share/autoware_auto_planning_msgs/cmake/export_autoware_auto_planning_msgs__rosidl_typesupport_fastrtps_cppExport-release.cmake
[0.953s] -- Up-to-date: /home/zyme/ros_ws/Autoware_sim_test/install/autoware_auto_planning_msgs/share/autoware_auto_planning_msgs/cmake/autoware_auto_planning_msgs__rosidl_typesupport_introspection_cppExport.cmake
[0.953s] -- Up-to-date: /home/zyme/ros_ws/Autoware_sim_test/install/autoware_auto_planning_msgs/share/autoware_auto_planning_msgs/cmake/autoware_auto_planning_msgs__rosidl_typesupport_introspection_cppExport-release.cmake
[0.953s] -- Up-to-date: /home/zyme/ros_ws/Autoware_sim_test/install/autoware_auto_planning_msgs/share/autoware_auto_planning_msgs/cmake/autoware_auto_planning_msgs__rosidl_typesupport_cppExport.cmake
[0.954s] -- Up-to-date: /home/zyme/ros_ws/Autoware_sim_test/install/autoware_auto_planning_msgs/share/autoware_auto_planning_msgs/cmake/autoware_auto_planning_msgs__rosidl_typesupport_cppExport-release.cmake
[0.954s] -- Up-to-date: /home/zyme/ros_ws/Autoware_sim_test/install/autoware_auto_planning_msgs/share/autoware_auto_planning_msgs/cmake/export_autoware_auto_planning_msgs__rosidl_generator_pyExport.cmake
[0.954s] -- Up-to-date: /home/zyme/ros_ws/Autoware_sim_test/install/autoware_auto_planning_msgs/share/autoware_auto_planning_msgs/cmake/export_autoware_auto_planning_msgs__rosidl_generator_pyExport-release.cmake
[0.956s] Invoked command in '/home/zyme/ros_ws/Autoware_sim_test/build/autoware_auto_planning_msgs' returned '0': AMENT_PREFIX_PATH=/home/zyme/ros_ws/Autoware_sim_test/install/autoware_auto_mapping_msgs:/home/zyme/ros_ws/Autoware_sim_test/install/autoware_auto_geometry_msgs:${AMENT_PREFIX_PATH} CMAKE_PREFIX_PATH=/home/zyme/ros_ws/Autoware_sim_test/install/autoware_auto_mapping_msgs:/home/zyme/ros_ws/Autoware_sim_test/install/autoware_auto_geometry_msgs:/opt/ros/humble LD_LIBRARY_PATH=/home/zyme/ros_ws/Autoware_sim_test/install/autoware_auto_mapping_msgs/lib:/home/zyme/ros_ws/Autoware_sim_test/install/autoware_auto_geometry_msgs/lib:${LD_LIBRARY_PATH} PYTHONPATH=/home/zyme/ros_ws/Autoware_sim_test/install/autoware_auto_mapping_msgs/local/lib/python3.10/dist-packages:/home/zyme/ros_ws/Autoware_sim_test/install/autoware_auto_geometry_msgs/local/lib/python3.10/dist-packages:${PYTHONPATH} /usr/bin/cmake --install /home/zyme/ros_ws/Autoware_sim_test/build/autoware_auto_planning_msgs
