[0.079s] Invoking command in '/home/zyme/ros_ws/Autoware_sim_test/build/nebula_ros': AMENT_PREFIX_PATH=/home/zyme/ros_ws/Autoware_sim_test/install/nebula_hw_interfaces:/home/zyme/ros_ws/Autoware_sim_test/install/nebula_decoders:/home/zyme/ros_ws/Autoware_sim_test/install/boost_udp_driver:/home/zyme/ros_ws/Autoware_sim_test/install/robosense_msgs:/home/zyme/ros_ws/Autoware_sim_test/install/pandar_msgs:/home/zyme/ros_ws/Autoware_sim_test/install/nebula_common:/home/zyme/ros_ws/Autoware_sim_test/install/boost_tcp_driver:/home/zyme/ros_ws/Autoware_sim_test/install/boost_io_context:${AMENT_PREFIX_PATH} CMAKE_PREFIX_PATH=/home/zyme/ros_ws/Autoware_sim_test/install/nebula_hw_interfaces:/home/zyme/ros_ws/Autoware_sim_test/install/nebula_decoders:/home/zyme/ros_ws/Autoware_sim_test/install/boost_udp_driver:/home/zyme/ros_ws/Autoware_sim_test/install/robosense_msgs:/home/zyme/ros_ws/Autoware_sim_test/install/pandar_msgs:/home/zyme/ros_ws/Autoware_sim_test/install/nebula_common:/home/zyme/ros_ws/Autoware_sim_test/install/boost_tcp_driver:/home/zyme/ros_ws/Autoware_sim_test/install/boost_io_context:/opt/ros/humble LD_LIBRARY_PATH=/home/zyme/ros_ws/Autoware_sim_test/install/nebula_hw_interfaces/lib:/home/zyme/ros_ws/Autoware_sim_test/install/nebula_decoders/lib:/home/zyme/ros_ws/Autoware_sim_test/install/boost_udp_driver/lib:/home/zyme/ros_ws/Autoware_sim_test/install/robosense_msgs/lib:/home/zyme/ros_ws/Autoware_sim_test/install/pandar_msgs/lib:/home/zyme/ros_ws/Autoware_sim_test/install/nebula_common/lib:/home/zyme/ros_ws/Autoware_sim_test/install/boost_tcp_driver/lib:/home/zyme/ros_ws/Autoware_sim_test/install/boost_io_context/lib:${LD_LIBRARY_PATH} PYTHONPATH=/home/zyme/ros_ws/Autoware_sim_test/install/robosense_msgs/local/lib/python3.10/dist-packages:/home/zyme/ros_ws/Autoware_sim_test/install/pandar_msgs/local/lib/python3.10/dist-packages:${PYTHONPATH} /usr/bin/cmake --build /home/zyme/ros_ws/Autoware_sim_test/build/nebula_ros -- -j12 -l12
[0.178s] [  5%] Built target hesai_driver_ros_wrapper_node
[0.181s] [ 11%] Built target velodyne_hw_ros_wrapper_node
[0.182s] [ 16%] Built target robosense_hw_monitor_ros_wrapper_node
[0.183s] [ 22%] Built target robosense_hw_interface_ros_wrapper_node
[0.183s] [ 27%] Built target hesai_hw_interface_ros_wrapper_node
[0.185s] [ 38%] Built target velodyne_hw_monitor_ros_wrapper_node
[0.185s] [ 38%] Built target hesai_hw_monitor_ros_wrapper_node
[0.185s] [ 50%] Built target velodyne_driver_ros_wrapper_node
[0.185s] [ 50%] Built target robosense_driver_ros_wrapper_node
[0.204s] [ 55%] Built target hesai_hw_ros_wrapper
[0.250s] [ 61%] Built target hesai_hw_monitor_ros_wrapper
[0.298s] [ 66%] Built target hesai_driver_ros_wrapper
[0.345s] [ 72%] Built target velodyne_hw_ros_wrapper
[0.394s] [ 77%] Built target velodyne_hw_monitor_ros_wrapper
[0.433s] [ 83%] Built target velodyne_driver_ros_wrapper
[0.475s] [ 88%] Built target robosense_hw_ros_wrapper
[0.519s] [ 94%] Built target robosense_driver_ros_wrapper
[0.567s] [100%] Built target robosense_hw_monitor_ros_wrapper
[0.579s] Invoked command in '/home/zyme/ros_ws/Autoware_sim_test/build/nebula_ros' returned '0': AMENT_PREFIX_PATH=/home/zyme/ros_ws/Autoware_sim_test/install/nebula_hw_interfaces:/home/zyme/ros_ws/Autoware_sim_test/install/nebula_decoders:/home/zyme/ros_ws/Autoware_sim_test/install/boost_udp_driver:/home/zyme/ros_ws/Autoware_sim_test/install/robosense_msgs:/home/zyme/ros_ws/Autoware_sim_test/install/pandar_msgs:/home/zyme/ros_ws/Autoware_sim_test/install/nebula_common:/home/zyme/ros_ws/Autoware_sim_test/install/boost_tcp_driver:/home/zyme/ros_ws/Autoware_sim_test/install/boost_io_context:${AMENT_PREFIX_PATH} CMAKE_PREFIX_PATH=/home/zyme/ros_ws/Autoware_sim_test/install/nebula_hw_interfaces:/home/zyme/ros_ws/Autoware_sim_test/install/nebula_decoders:/home/zyme/ros_ws/Autoware_sim_test/install/boost_udp_driver:/home/zyme/ros_ws/Autoware_sim_test/install/robosense_msgs:/home/zyme/ros_ws/Autoware_sim_test/install/pandar_msgs:/home/zyme/ros_ws/Autoware_sim_test/install/nebula_common:/home/zyme/ros_ws/Autoware_sim_test/install/boost_tcp_driver:/home/zyme/ros_ws/Autoware_sim_test/install/boost_io_context:/opt/ros/humble LD_LIBRARY_PATH=/home/zyme/ros_ws/Autoware_sim_test/install/nebula_hw_interfaces/lib:/home/zyme/ros_ws/Autoware_sim_test/install/nebula_decoders/lib:/home/zyme/ros_ws/Autoware_sim_test/install/boost_udp_driver/lib:/home/zyme/ros_ws/Autoware_sim_test/install/robosense_msgs/lib:/home/zyme/ros_ws/Autoware_sim_test/install/pandar_msgs/lib:/home/zyme/ros_ws/Autoware_sim_test/install/nebula_common/lib:/home/zyme/ros_ws/Autoware_sim_test/install/boost_tcp_driver/lib:/home/zyme/ros_ws/Autoware_sim_test/install/boost_io_context/lib:${LD_LIBRARY_PATH} PYTHONPATH=/home/zyme/ros_ws/Autoware_sim_test/install/robosense_msgs/local/lib/python3.10/dist-packages:/home/zyme/ros_ws/Autoware_sim_test/install/pandar_msgs/local/lib/python3.10/dist-packages:${PYTHONPATH} /usr/bin/cmake --build /home/zyme/ros_ws/Autoware_sim_test/build/nebula_ros -- -j12 -l12
[0.661s] Invoking command in '/home/zyme/ros_ws/Autoware_sim_test/build/nebula_ros': AMENT_PREFIX_PATH=/home/zyme/ros_ws/Autoware_sim_test/install/nebula_hw_interfaces:/home/zyme/ros_ws/Autoware_sim_test/install/nebula_decoders:/home/zyme/ros_ws/Autoware_sim_test/install/boost_udp_driver:/home/zyme/ros_ws/Autoware_sim_test/install/robosense_msgs:/home/zyme/ros_ws/Autoware_sim_test/install/pandar_msgs:/home/zyme/ros_ws/Autoware_sim_test/install/nebula_common:/home/zyme/ros_ws/Autoware_sim_test/install/boost_tcp_driver:/home/zyme/ros_ws/Autoware_sim_test/install/boost_io_context:${AMENT_PREFIX_PATH} CMAKE_PREFIX_PATH=/home/zyme/ros_ws/Autoware_sim_test/install/nebula_hw_interfaces:/home/zyme/ros_ws/Autoware_sim_test/install/nebula_decoders:/home/zyme/ros_ws/Autoware_sim_test/install/boost_udp_driver:/home/zyme/ros_ws/Autoware_sim_test/install/robosense_msgs:/home/zyme/ros_ws/Autoware_sim_test/install/pandar_msgs:/home/zyme/ros_ws/Autoware_sim_test/install/nebula_common:/home/zyme/ros_ws/Autoware_sim_test/install/boost_tcp_driver:/home/zyme/ros_ws/Autoware_sim_test/install/boost_io_context:/opt/ros/humble LD_LIBRARY_PATH=/home/zyme/ros_ws/Autoware_sim_test/install/nebula_hw_interfaces/lib:/home/zyme/ros_ws/Autoware_sim_test/install/nebula_decoders/lib:/home/zyme/ros_ws/Autoware_sim_test/install/boost_udp_driver/lib:/home/zyme/ros_ws/Autoware_sim_test/install/robosense_msgs/lib:/home/zyme/ros_ws/Autoware_sim_test/install/pandar_msgs/lib:/home/zyme/ros_ws/Autoware_sim_test/install/nebula_common/lib:/home/zyme/ros_ws/Autoware_sim_test/install/boost_tcp_driver/lib:/home/zyme/ros_ws/Autoware_sim_test/install/boost_io_context/lib:${LD_LIBRARY_PATH} PYTHONPATH=/home/zyme/ros_ws/Autoware_sim_test/install/robosense_msgs/local/lib/python3.10/dist-packages:/home/zyme/ros_ws/Autoware_sim_test/install/pandar_msgs/local/lib/python3.10/dist-packages:${PYTHONPATH} /usr/bin/cmake --install /home/zyme/ros_ws/Autoware_sim_test/build/nebula_ros
[0.669s] -- Install configuration: "Release"
[0.670s] -- Execute custom install script
[0.672s] -- Up-to-date symlink: /home/zyme/ros_ws/Autoware_sim_test/install/nebula_ros/lib/nebula_ros/hesai_hw_interface_ros_wrapper_node
[0.672s] -- Up-to-date symlink: /home/zyme/ros_ws/Autoware_sim_test/install/nebula_ros/lib/nebula_ros/hesai_hw_monitor_ros_wrapper_node
[0.673s] -- Up-to-date symlink: /home/zyme/ros_ws/Autoware_sim_test/install/nebula_ros/lib/nebula_ros/hesai_driver_ros_wrapper_node
[0.674s] -- Up-to-date symlink: /home/zyme/ros_ws/Autoware_sim_test/install/nebula_ros/lib/nebula_ros/velodyne_hw_ros_wrapper_node
[0.674s] -- Up-to-date symlink: /home/zyme/ros_ws/Autoware_sim_test/install/nebula_ros/lib/nebula_ros/velodyne_hw_monitor_ros_wrapper_node
[0.675s] -- Up-to-date symlink: /home/zyme/ros_ws/Autoware_sim_test/install/nebula_ros/lib/nebula_ros/velodyne_driver_ros_wrapper_node
[0.676s] -- Up-to-date symlink: /home/zyme/ros_ws/Autoware_sim_test/install/nebula_ros/lib/nebula_ros/robosense_hw_interface_ros_wrapper_node
[0.676s] -- Up-to-date symlink: /home/zyme/ros_ws/Autoware_sim_test/install/nebula_ros/lib/nebula_ros/robosense_driver_ros_wrapper_node
[0.677s] -- Up-to-date symlink: /home/zyme/ros_ws/Autoware_sim_test/install/nebula_ros/lib/nebula_ros/robosense_hw_monitor_ros_wrapper_node
[0.678s] -- Up-to-date symlink: /home/zyme/ros_ws/Autoware_sim_test/install/nebula_ros/include/nebula_ros/common/nebula_driver_ros_wrapper_base.hpp
[0.678s] -- Up-to-date symlink: /home/zyme/ros_ws/Autoware_sim_test/install/nebula_ros/include/nebula_ros/common/nebula_hw_interface_ros_wrapper_base.hpp
[0.678s] -- Up-to-date symlink: /home/zyme/ros_ws/Autoware_sim_test/install/nebula_ros/include/nebula_ros/common/nebula_hw_monitor_ros_wrapper_base.hpp
[0.679s] -- Up-to-date symlink: /home/zyme/ros_ws/Autoware_sim_test/install/nebula_ros/include/nebula_ros/hesai/hesai_decoder_ros_wrapper.hpp
[0.679s] -- Up-to-date symlink: /home/zyme/ros_ws/Autoware_sim_test/install/nebula_ros/include/nebula_ros/hesai/hesai_hw_interface_ros_wrapper.hpp
[0.679s] -- Up-to-date symlink: /home/zyme/ros_ws/Autoware_sim_test/install/nebula_ros/include/nebula_ros/hesai/hesai_hw_monitor_ros_wrapper.hpp
[0.680s] -- Up-to-date symlink: /home/zyme/ros_ws/Autoware_sim_test/install/nebula_ros/include/nebula_ros/robosense/robosense_decoder_ros_wrapper.hpp
[0.680s] -- Up-to-date symlink: /home/zyme/ros_ws/Autoware_sim_test/install/nebula_ros/include/nebula_ros/robosense/robosense_hw_interface_ros_wrapper.hpp
[0.680s] -- Up-to-date symlink: /home/zyme/ros_ws/Autoware_sim_test/install/nebula_ros/include/nebula_ros/robosense/robosense_hw_monitor_ros_wrapper.hpp
[0.681s] -- Up-to-date symlink: /home/zyme/ros_ws/Autoware_sim_test/install/nebula_ros/include/nebula_ros/velodyne/velodyne_decoder_ros_wrapper.hpp
[0.681s] -- Up-to-date symlink: /home/zyme/ros_ws/Autoware_sim_test/install/nebula_ros/include/nebula_ros/velodyne/velodyne_hw_interface_ros_wrapper.hpp
[0.682s] -- Up-to-date symlink: /home/zyme/ros_ws/Autoware_sim_test/install/nebula_ros/include/nebula_ros/velodyne/velodyne_hw_monitor_ros_wrapper.hpp
[0.682s] -- Up-to-date symlink: /home/zyme/ros_ws/Autoware_sim_test/install/nebula_ros/share/nebula_ros/environment/library_path.sh
[0.682s] -- Up-to-date symlink: /home/zyme/ros_ws/Autoware_sim_test/install/nebula_ros/share/nebula_ros/environment/library_path.dsv
[0.683s] -- Up-to-date symlink: /home/zyme/ros_ws/Autoware_sim_test/install/nebula_ros/lib/libhesai_hw_ros_wrapper.so
[0.683s] -- Up-to-date symlink: /home/zyme/ros_ws/Autoware_sim_test/install/nebula_ros/lib/libhesai_hw_monitor_ros_wrapper.so
[0.683s] -- Up-to-date symlink: /home/zyme/ros_ws/Autoware_sim_test/install/nebula_ros/lib/libhesai_driver_ros_wrapper.so
[0.683s] -- Up-to-date symlink: /home/zyme/ros_ws/Autoware_sim_test/install/nebula_ros/lib/libvelodyne_hw_ros_wrapper.so
[0.684s] -- Up-to-date symlink: /home/zyme/ros_ws/Autoware_sim_test/install/nebula_ros/lib/libvelodyne_hw_monitor_ros_wrapper.so
[0.684s] -- Up-to-date symlink: /home/zyme/ros_ws/Autoware_sim_test/install/nebula_ros/lib/libvelodyne_driver_ros_wrapper.so
[0.684s] -- Up-to-date symlink: /home/zyme/ros_ws/Autoware_sim_test/install/nebula_ros/lib/librobosense_hw_ros_wrapper.so
[0.684s] -- Up-to-date symlink: /home/zyme/ros_ws/Autoware_sim_test/install/nebula_ros/lib/librobosense_driver_ros_wrapper.so
[0.684s] -- Up-to-date symlink: /home/zyme/ros_ws/Autoware_sim_test/install/nebula_ros/lib/librobosense_hw_monitor_ros_wrapper.so
[0.686s] -- Up-to-date symlink: /home/zyme/ros_ws/Autoware_sim_test/install/nebula_ros/share/nebula_ros/config/BaseParams.yaml
[0.686s] -- Up-to-date symlink: /home/zyme/ros_ws/Autoware_sim_test/install/nebula_ros/share/nebula_ros/config/hesai/Pandar128E4X.yaml
[0.686s] -- Up-to-date symlink: /home/zyme/ros_ws/Autoware_sim_test/install/nebula_ros/share/nebula_ros/config/hesai/Pandar40P.yaml
[0.686s] -- Up-to-date symlink: /home/zyme/ros_ws/Autoware_sim_test/install/nebula_ros/share/nebula_ros/config/hesai/Pandar64.yaml
[0.687s] -- Up-to-date symlink: /home/zyme/ros_ws/Autoware_sim_test/install/nebula_ros/share/nebula_ros/config/hesai/PandarAT128.yaml
[0.687s] -- Up-to-date symlink: /home/zyme/ros_ws/Autoware_sim_test/install/nebula_ros/share/nebula_ros/config/hesai/PandarQT128.yaml
[0.687s] -- Up-to-date symlink: /home/zyme/ros_ws/Autoware_sim_test/install/nebula_ros/share/nebula_ros/config/hesai/PandarQT64.yaml
[0.687s] -- Up-to-date symlink: /home/zyme/ros_ws/Autoware_sim_test/install/nebula_ros/share/nebula_ros/config/hesai/PandarXT32.yaml
[0.688s] -- Up-to-date symlink: /home/zyme/ros_ws/Autoware_sim_test/install/nebula_ros/share/nebula_ros/config/hesai/PandarXT32M.yaml
[0.688s] -- Up-to-date symlink: /home/zyme/ros_ws/Autoware_sim_test/install/nebula_ros/share/nebula_ros/config/robosense/Bpearl.yaml
[0.688s] -- Up-to-date symlink: /home/zyme/ros_ws/Autoware_sim_test/install/nebula_ros/share/nebula_ros/config/robosense/Helios.yaml
[0.688s] -- Up-to-date symlink: /home/zyme/ros_ws/Autoware_sim_test/install/nebula_ros/share/nebula_ros/config/velodyne/VLP16.yaml
[0.688s] -- Up-to-date symlink: /home/zyme/ros_ws/Autoware_sim_test/install/nebula_ros/share/nebula_ros/config/velodyne/VLP32.yaml
[0.688s] -- Up-to-date symlink: /home/zyme/ros_ws/Autoware_sim_test/install/nebula_ros/share/nebula_ros/config/velodyne/VLS128.yaml
[0.689s] -- Up-to-date symlink: /home/zyme/ros_ws/Autoware_sim_test/install/nebula_ros/share/nebula_ros/launch/hesai_launch_all_hw.xml
[0.689s] -- Up-to-date symlink: /home/zyme/ros_ws/Autoware_sim_test/install/nebula_ros/share/nebula_ros/launch/nebula_launch.py
[0.689s] -- Up-to-date symlink: /home/zyme/ros_ws/Autoware_sim_test/install/nebula_ros/share/nebula_ros/launch/robosense_launch.all_hw.xml
[0.689s] -- Up-to-date symlink: /home/zyme/ros_ws/Autoware_sim_test/install/nebula_ros/share/nebula_ros/launch/velodyne_launch_all_hw.xml
[0.690s] -- Up-to-date symlink: /home/zyme/ros_ws/Autoware_sim_test/install/nebula_ros/share/ament_index/resource_index/package_run_dependencies/nebula_ros
[0.690s] -- Up-to-date symlink: /home/zyme/ros_ws/Autoware_sim_test/install/nebula_ros/share/ament_index/resource_index/parent_prefix_path/nebula_ros
[0.690s] -- Up-to-date symlink: /home/zyme/ros_ws/Autoware_sim_test/install/nebula_ros/share/nebula_ros/environment/ament_prefix_path.sh
[0.690s] -- Up-to-date symlink: /home/zyme/ros_ws/Autoware_sim_test/install/nebula_ros/share/nebula_ros/environment/ament_prefix_path.dsv
[0.691s] -- Up-to-date symlink: /home/zyme/ros_ws/Autoware_sim_test/install/nebula_ros/share/nebula_ros/environment/path.sh
[0.691s] -- Up-to-date symlink: /home/zyme/ros_ws/Autoware_sim_test/install/nebula_ros/share/nebula_ros/environment/path.dsv
[0.691s] -- Up-to-date symlink: /home/zyme/ros_ws/Autoware_sim_test/install/nebula_ros/share/nebula_ros/local_setup.bash
[0.691s] -- Up-to-date symlink: /home/zyme/ros_ws/Autoware_sim_test/install/nebula_ros/share/nebula_ros/local_setup.sh
[0.692s] -- Up-to-date symlink: /home/zyme/ros_ws/Autoware_sim_test/install/nebula_ros/share/nebula_ros/local_setup.zsh
[0.692s] -- Up-to-date symlink: /home/zyme/ros_ws/Autoware_sim_test/install/nebula_ros/share/nebula_ros/local_setup.dsv
[0.692s] -- Symlinking: /home/zyme/ros_ws/Autoware_sim_test/install/nebula_ros/share/nebula_ros/package.dsv
[0.702s] -- Up-to-date symlink: /home/zyme/ros_ws/Autoware_sim_test/install/nebula_ros/share/ament_index/resource_index/packages/nebula_ros
[0.702s] -- Up-to-date symlink: /home/zyme/ros_ws/Autoware_sim_test/install/nebula_ros/share/ament_index/resource_index/rclcpp_components/nebula_ros
[0.702s] -- Up-to-date symlink: /home/zyme/ros_ws/Autoware_sim_test/install/nebula_ros/share/nebula_ros/cmake/ament_cmake_export_dependencies-extras.cmake
[0.702s] -- Up-to-date symlink: /home/zyme/ros_ws/Autoware_sim_test/install/nebula_ros/share/nebula_ros/cmake/ament_cmake_export_include_directories-extras.cmake
[0.702s] -- Up-to-date symlink: /home/zyme/ros_ws/Autoware_sim_test/install/nebula_ros/share/nebula_ros/cmake/ament_cmake_export_libraries-extras.cmake
[0.703s] -- Up-to-date symlink: /home/zyme/ros_ws/Autoware_sim_test/install/nebula_ros/share/nebula_ros/cmake/nebula_rosConfig.cmake
[0.703s] -- Up-to-date symlink: /home/zyme/ros_ws/Autoware_sim_test/install/nebula_ros/share/nebula_ros/cmake/nebula_rosConfig-version.cmake
[0.703s] -- Up-to-date symlink: /home/zyme/ros_ws/Autoware_sim_test/install/nebula_ros/share/nebula_ros/package.xml
[0.705s] Invoked command in '/home/zyme/ros_ws/Autoware_sim_test/build/nebula_ros' returned '0': AMENT_PREFIX_PATH=/home/zyme/ros_ws/Autoware_sim_test/install/nebula_hw_interfaces:/home/zyme/ros_ws/Autoware_sim_test/install/nebula_decoders:/home/zyme/ros_ws/Autoware_sim_test/install/boost_udp_driver:/home/zyme/ros_ws/Autoware_sim_test/install/robosense_msgs:/home/zyme/ros_ws/Autoware_sim_test/install/pandar_msgs:/home/zyme/ros_ws/Autoware_sim_test/install/nebula_common:/home/zyme/ros_ws/Autoware_sim_test/install/boost_tcp_driver:/home/zyme/ros_ws/Autoware_sim_test/install/boost_io_context:${AMENT_PREFIX_PATH} CMAKE_PREFIX_PATH=/home/zyme/ros_ws/Autoware_sim_test/install/nebula_hw_interfaces:/home/zyme/ros_ws/Autoware_sim_test/install/nebula_decoders:/home/zyme/ros_ws/Autoware_sim_test/install/boost_udp_driver:/home/zyme/ros_ws/Autoware_sim_test/install/robosense_msgs:/home/zyme/ros_ws/Autoware_sim_test/install/pandar_msgs:/home/zyme/ros_ws/Autoware_sim_test/install/nebula_common:/home/zyme/ros_ws/Autoware_sim_test/install/boost_tcp_driver:/home/zyme/ros_ws/Autoware_sim_test/install/boost_io_context:/opt/ros/humble LD_LIBRARY_PATH=/home/zyme/ros_ws/Autoware_sim_test/install/nebula_hw_interfaces/lib:/home/zyme/ros_ws/Autoware_sim_test/install/nebula_decoders/lib:/home/zyme/ros_ws/Autoware_sim_test/install/boost_udp_driver/lib:/home/zyme/ros_ws/Autoware_sim_test/install/robosense_msgs/lib:/home/zyme/ros_ws/Autoware_sim_test/install/pandar_msgs/lib:/home/zyme/ros_ws/Autoware_sim_test/install/nebula_common/lib:/home/zyme/ros_ws/Autoware_sim_test/install/boost_tcp_driver/lib:/home/zyme/ros_ws/Autoware_sim_test/install/boost_io_context/lib:${LD_LIBRARY_PATH} PYTHONPATH=/home/zyme/ros_ws/Autoware_sim_test/install/robosense_msgs/local/lib/python3.10/dist-packages:/home/zyme/ros_ws/Autoware_sim_test/install/pandar_msgs/local/lib/python3.10/dist-packages:${PYTHONPATH} /usr/bin/cmake --install /home/zyme/ros_ws/Autoware_sim_test/build/nebula_ros
