[0.106s] Invoking command in '/home/zyme/ros_ws/Autoware_sim_test/build/glog_component': AMENT_PREFIX_PATH=/home/zyme/ros_ws/Autoware_sim_test/install/autoware_cmake:${AMENT_PREFIX_PATH} CMAKE_PREFIX_PATH=/home/zyme/ros_ws/Autoware_sim_test/install/autoware_cmake:/opt/ros/humble /usr/bin/cmake --build /home/zyme/ros_ws/Autoware_sim_test/build/glog_component -- -j12 -l12
[0.196s] [100%] Built target glog_component_node
[0.196s] [100%] Built target glog_component
[0.216s] Invoked command in '/home/zyme/ros_ws/Autoware_sim_test/build/glog_component' returned '0': AMENT_PREFIX_PATH=/home/zyme/ros_ws/Autoware_sim_test/install/autoware_cmake:${AMENT_PREFIX_PATH} CMAKE_PREFIX_PATH=/home/zyme/ros_ws/Autoware_sim_test/install/autoware_cmake:/opt/ros/humble /usr/bin/cmake --build /home/zyme/ros_ws/Autoware_sim_test/build/glog_component -- -j12 -l12
[0.266s] Invoking command in '/home/zyme/ros_ws/Autoware_sim_test/build/glog_component': AMENT_PREFIX_PATH=/home/zyme/ros_ws/Autoware_sim_test/install/autoware_cmake:${AMENT_PREFIX_PATH} CMAKE_PREFIX_PATH=/home/zyme/ros_ws/Autoware_sim_test/install/autoware_cmake:/opt/ros/humble /usr/bin/cmake --install /home/zyme/ros_ws/Autoware_sim_test/build/glog_component
[0.277s] -- Install configuration: "Release"
[0.278s] -- Execute custom install script
[0.279s] -- Up-to-date symlink: /home/zyme/ros_ws/Autoware_sim_test/install/glog_component/lib/glog_component/glog_component_node
[0.280s] -- Up-to-date symlink: /home/zyme/ros_ws/Autoware_sim_test/install/glog_component/include/glog_component/glog_component.hpp
[0.280s] -- Up-to-date symlink: /home/zyme/ros_ws/Autoware_sim_test/install/glog_component/share/glog_component/environment/library_path.sh
[0.281s] -- Up-to-date symlink: /home/zyme/ros_ws/Autoware_sim_test/install/glog_component/share/glog_component/environment/library_path.dsv
[0.281s] -- Up-to-date symlink: /home/zyme/ros_ws/Autoware_sim_test/install/glog_component/lib/libglog_component.so
[0.282s] -- Up-to-date symlink: /home/zyme/ros_ws/Autoware_sim_test/install/glog_component/share/ament_index/resource_index/package_run_dependencies/glog_component
[0.282s] -- Up-to-date symlink: /home/zyme/ros_ws/Autoware_sim_test/install/glog_component/share/ament_index/resource_index/parent_prefix_path/glog_component
[0.283s] -- Up-to-date symlink: /home/zyme/ros_ws/Autoware_sim_test/install/glog_component/share/glog_component/environment/ament_prefix_path.sh
[0.283s] -- Up-to-date symlink: /home/zyme/ros_ws/Autoware_sim_test/install/glog_component/share/glog_component/environment/ament_prefix_path.dsv
[0.283s] -- Up-to-date symlink: /home/zyme/ros_ws/Autoware_sim_test/install/glog_component/share/glog_component/environment/path.sh
[0.284s] -- Up-to-date symlink: /home/zyme/ros_ws/Autoware_sim_test/install/glog_component/share/glog_component/environment/path.dsv
[0.284s] -- Up-to-date symlink: /home/zyme/ros_ws/Autoware_sim_test/install/glog_component/share/glog_component/local_setup.bash
[0.285s] -- Up-to-date symlink: /home/zyme/ros_ws/Autoware_sim_test/install/glog_component/share/glog_component/local_setup.sh
[0.285s] -- Up-to-date symlink: /home/zyme/ros_ws/Autoware_sim_test/install/glog_component/share/glog_component/local_setup.zsh
[0.285s] -- Up-to-date symlink: /home/zyme/ros_ws/Autoware_sim_test/install/glog_component/share/glog_component/local_setup.dsv
[0.286s] -- Symlinking: /home/zyme/ros_ws/Autoware_sim_test/install/glog_component/share/glog_component/package.dsv
[0.301s] -- Up-to-date symlink: /home/zyme/ros_ws/Autoware_sim_test/install/glog_component/share/ament_index/resource_index/packages/glog_component
[0.301s] -- Up-to-date symlink: /home/zyme/ros_ws/Autoware_sim_test/install/glog_component/share/ament_index/resource_index/rclcpp_components/glog_component
[0.302s] -- Up-to-date symlink: /home/zyme/ros_ws/Autoware_sim_test/install/glog_component/share/glog_component/cmake/ament_cmake_export_dependencies-extras.cmake
[0.302s] -- Up-to-date symlink: /home/zyme/ros_ws/Autoware_sim_test/install/glog_component/share/glog_component/cmake/ament_cmake_export_include_directories-extras.cmake
[0.302s] -- Up-to-date symlink: /home/zyme/ros_ws/Autoware_sim_test/install/glog_component/share/glog_component/cmake/ament_cmake_export_libraries-extras.cmake
[0.303s] -- Up-to-date symlink: /home/zyme/ros_ws/Autoware_sim_test/install/glog_component/share/glog_component/cmake/glog_componentConfig.cmake
[0.303s] -- Up-to-date symlink: /home/zyme/ros_ws/Autoware_sim_test/install/glog_component/share/glog_component/cmake/glog_componentConfig-version.cmake
[0.303s] -- Up-to-date symlink: /home/zyme/ros_ws/Autoware_sim_test/install/glog_component/share/glog_component/package.xml
[0.307s] Invoked command in '/home/zyme/ros_ws/Autoware_sim_test/build/glog_component' returned '0': AMENT_PREFIX_PATH=/home/zyme/ros_ws/Autoware_sim_test/install/autoware_cmake:${AMENT_PREFIX_PATH} CMAKE_PREFIX_PATH=/home/zyme/ros_ws/Autoware_sim_test/install/autoware_cmake:/opt/ros/humble /usr/bin/cmake --install /home/zyme/ros_ws/Autoware_sim_test/build/glog_component
