-- Found autoware_cmake: 0.1.0 (/home/zyme/ros_ws/Autoware_sim_test/install/autoware_cmake/share/autoware_cmake/cmake)
-- Override CMake install command with custom implementation using symlinks instead of copying resources
-- Found rosidl_generator_c: 3.1.5 (/opt/ros/humble/share/rosidl_generator_c/cmake)
-- Found rosidl_adapter: 3.1.5 (/opt/ros/humble/share/rosidl_adapter/cmake)
-- Found rosidl_generator_cpp: 3.1.5 (/opt/ros/humble/share/rosidl_generator_cpp/cmake)
-- Using all available rosidl_typesupport_c: rosidl_typesupport_fastrtps_c;rosidl_typesupport_introspection_c
-- Using all available rosidl_typesupport_cpp: rosidl_typesupport_fastrtps_cpp;rosidl_typesupport_introspection_cpp
-- Found rmw_implementation_cmake: 6.1.1 (/opt/ros/humble/share/rmw_implementation_cmake/cmake)
-- Found rmw_cyclonedds_cpp: 1.3.4 (/opt/ros/humble/share/rmw_cyclonedds_cpp/cmake)
-- Using RMW implementation 'rmw_cyclonedds_cpp' as default
-- Found eigen3_cmake_module: 0.1.1 (/opt/ros/humble/share/eigen3_cmake_module/cmake)
-- Ensuring Eigen3 include directory is part of orocos-kdl CMake target
-- Eigen found (include: /usr/include/eigen3, version: 3.4.0)
-- FLANN found (include: /usr/include, lib: /usr/lib/x86_64-linux-gnu/libflann_cpp.so)
-- OpenNI found (version: 1.5.4.0, include: /usr/include/ni, lib: /usr/lib/libOpenNI.so;libusb::libusb)
-- OpenNI2 found (version: 2.2.0.33, include: /usr/include/openni2, lib: /usr/lib/x86_64-linux-gnu/libOpenNI2.so;libusb::libusb)
-- Eigen found (include: /usr/include/eigen3, version: 3.4.0)
-- OpenNI found (version: 1.5.4.0, include: /usr/include/ni, lib: /usr/lib/libOpenNI.so;libusb::libusb)
-- OpenNI2 found (version: 2.2.0.33, include: /usr/include/openni2, lib: /usr/lib/x86_64-linux-gnu/libOpenNI2.so;libusb::libusb)
-- Found Qhull version 8.0.2
-- OpenNI found (version: 1.5.4.0, include: /usr/include/ni, lib: /usr/lib/libOpenNI.so;libusb::libusb)
-- Found mrt_cmake_modules: 1.0.9 (/opt/ros/humble/share/mrt_cmake_modules/cmake)
-- Found Boost: /usr/lib/x86_64-linux-gnu/cmake/Boost-1.74.0/BoostConfig.cmake (found version "1.74.0") found components: wserialization thread random serialization log_setup prg_exec_monitor wave system chrono filesystem locale timer date_time regex graph program_options unit_test_framework log atomic iostreams 
-- Found ament_lint_auto: 0.12.10 (/opt/ros/humble/share/ament_lint_auto/cmake)
-- Found Boost: /usr/lib/x86_64-linux-gnu/cmake/Boost-1.74.0/BoostConfig.cmake (found version "1.74.0")  
-- Using header-only CGAL
-- Targetting Unix Makefiles
-- Using /usr/bin/c++ compiler.
-- Found Boost: /usr/lib/x86_64-linux-gnu/cmake/Boost-1.74.0/BoostConfig.cmake (found suitable version "1.74.0", minimum required is "1.48")  
-- Boost include dirs: /usr/include
-- Boost libraries:    
-- Using gcc version 4 or later. Adding -frounding-math
-- Added test 'copyright' to check source files copyright and LICENSE
-- Added test 'cppcheck' to perform static code analysis on C / C++ code
-- Configured cppcheck include dirs: /home/zyme/ros_ws/Autoware_sim_test/src/autoware/src/universe/autoware.universe/sensing/pointcloud_preprocessor/include;$<BUILD_INTERFACE:/home/zyme/ros_ws/Autoware_sim_test/src/autoware/src/universe/autoware.universe/sensing/pointcloud_preprocessor/include>
-- Configured cppcheck exclude dirs and/or files: 
-- Added test 'lint_cmake' to check CMake code style
-- Added test 'xmllint' to check XML markup files
-- Configuring done
-- Generating done
-- Build files have been written to: /home/zyme/ros_ws/Autoware_sim_test/build/pointcloud_preprocessor
[35m[1mConsolidate compiler generated dependencies of target time_synchronizer_node[0m
[35m[1mConsolidate compiler generated dependencies of target faster_voxel_grid_downsample_filter[0m
[35m[1mConsolidate compiler generated dependencies of target concatenate_pointclouds_node[0m
[35m[1mConsolidate compiler generated dependencies of target crop_box_filter_node[0m
[35m[1mConsolidate compiler generated dependencies of target random_downsample_filter_node[0m
[35m[1mConsolidate compiler generated dependencies of target ring_outlier_filter_node[0m
[35m[1mConsolidate compiler generated dependencies of target concatenate_data_node[0m
[35m[1mConsolidate compiler generated dependencies of target voxel_grid_downsample_filter_node[0m
[35m[1mConsolidate compiler generated dependencies of target approximate_downsample_filter_node[0m
[35m[1mConsolidate compiler generated dependencies of target pointcloud_preprocessor_filter_base[0m
[35m[1mConsolidate compiler generated dependencies of target radius_search_2d_outlier_filter_node[0m
[35m[1mConsolidate compiler generated dependencies of target voxel_grid_outlier_filter_node[0m
[  4%] Built target crop_box_filter_node
[  6%] Built target time_synchronizer_node
[  9%] Built target concatenate_pointclouds_node
[ 12%] Built target voxel_grid_downsample_filter_node
[ 15%] Built target concatenate_data_node
[ 18%] Built target approximate_downsample_filter_node
[ 21%] Built target radius_search_2d_outlier_filter_node
[ 25%] Built target ring_outlier_filter_node
[ 28%] Built target random_downsample_filter_node
[ 31%] Built target voxel_grid_outlier_filter_node
[35m[1mConsolidate compiler generated dependencies of target dual_return_outlier_filter_node[0m
[35m[1mConsolidate compiler generated dependencies of target passthrough_filter_node[0m
[35m[1mConsolidate compiler generated dependencies of target passthrough_filter_uint16_node[0m
[35m[1mConsolidate compiler generated dependencies of target pointcloud_accumulator_node[0m
[35m[1mConsolidate compiler generated dependencies of target blockage_diag_node[0m
[35m[1mConsolidate compiler generated dependencies of target vector_map_filter_node[0m
[35m[1mConsolidate compiler generated dependencies of target distortion_corrector_node[0m
[35m[1mConsolidate compiler generated dependencies of target polygon_remover_node[0m
[35m[1mConsolidate compiler generated dependencies of target vector_map_inside_area_filter_node[0m
[ 34%] Built target faster_voxel_grid_downsample_filter
[ 37%] Built target pointcloud_preprocessor_filter_base
[ 40%] Built target pointcloud_accumulator_node
[ 46%] Built target dual_return_outlier_filter_node
[ 48%] Built target passthrough_filter_uint16_node
[ 50%] Built target distortion_corrector_node
[ 53%] Built target vector_map_filter_node
[ 56%] Built target passthrough_filter_node
[ 59%] Built target blockage_diag_node
[ 62%] Built target vector_map_inside_area_filter_node
[ 65%] Built target polygon_remover_node
[35m[1mConsolidate compiler generated dependencies of target pointcloud_preprocessor_filter[0m
[100%] Built target pointcloud_preprocessor_filter
-- Install configuration: "Release"
-- Execute custom install script
-- Up-to-date symlink: /home/zyme/ros_ws/Autoware_sim_test/install/pointcloud_preprocessor/lib/pointcloud_preprocessor/time_synchronizer_node
-- Up-to-date symlink: /home/zyme/ros_ws/Autoware_sim_test/install/pointcloud_preprocessor/lib/pointcloud_preprocessor/concatenate_pointclouds_node
-- Up-to-date symlink: /home/zyme/ros_ws/Autoware_sim_test/install/pointcloud_preprocessor/lib/pointcloud_preprocessor/concatenate_data_node
-- Up-to-date symlink: /home/zyme/ros_ws/Autoware_sim_test/install/pointcloud_preprocessor/lib/pointcloud_preprocessor/crop_box_filter_node
-- Up-to-date symlink: /home/zyme/ros_ws/Autoware_sim_test/install/pointcloud_preprocessor/lib/pointcloud_preprocessor/voxel_grid_downsample_filter_node
-- Up-to-date symlink: /home/zyme/ros_ws/Autoware_sim_test/install/pointcloud_preprocessor/lib/pointcloud_preprocessor/random_downsample_filter_node
-- Up-to-date symlink: /home/zyme/ros_ws/Autoware_sim_test/install/pointcloud_preprocessor/lib/pointcloud_preprocessor/approximate_downsample_filter_node
-- Up-to-date symlink: /home/zyme/ros_ws/Autoware_sim_test/install/pointcloud_preprocessor/lib/pointcloud_preprocessor/ring_outlier_filter_node
-- Up-to-date symlink: /home/zyme/ros_ws/Autoware_sim_test/install/pointcloud_preprocessor/lib/pointcloud_preprocessor/voxel_grid_outlier_filter_node
-- Up-to-date symlink: /home/zyme/ros_ws/Autoware_sim_test/install/pointcloud_preprocessor/lib/pointcloud_preprocessor/radius_search_2d_outlier_filter_node
-- Up-to-date symlink: /home/zyme/ros_ws/Autoware_sim_test/install/pointcloud_preprocessor/lib/pointcloud_preprocessor/dual_return_outlier_filter_node
-- Up-to-date symlink: /home/zyme/ros_ws/Autoware_sim_test/install/pointcloud_preprocessor/lib/pointcloud_preprocessor/passthrough_filter_node
-- Up-to-date symlink: /home/zyme/ros_ws/Autoware_sim_test/install/pointcloud_preprocessor/lib/pointcloud_preprocessor/passthrough_filter_uint16_node
-- Up-to-date symlink: /home/zyme/ros_ws/Autoware_sim_test/install/pointcloud_preprocessor/lib/pointcloud_preprocessor/pointcloud_accumulator_node
-- Up-to-date symlink: /home/zyme/ros_ws/Autoware_sim_test/install/pointcloud_preprocessor/lib/pointcloud_preprocessor/vector_map_filter_node
-- Up-to-date symlink: /home/zyme/ros_ws/Autoware_sim_test/install/pointcloud_preprocessor/lib/pointcloud_preprocessor/distortion_corrector_node
-- Up-to-date symlink: /home/zyme/ros_ws/Autoware_sim_test/install/pointcloud_preprocessor/lib/pointcloud_preprocessor/blockage_diag_node
-- Up-to-date symlink: /home/zyme/ros_ws/Autoware_sim_test/install/pointcloud_preprocessor/lib/pointcloud_preprocessor/polygon_remover_node
-- Up-to-date symlink: /home/zyme/ros_ws/Autoware_sim_test/install/pointcloud_preprocessor/lib/pointcloud_preprocessor/vector_map_inside_area_filter_node
-- Up-to-date symlink: /home/zyme/ros_ws/Autoware_sim_test/install/pointcloud_preprocessor/include/pointcloud_preprocessor/pointcloud_preprocessor/blockage_diag/blockage_diag_nodelet.hpp
-- Up-to-date symlink: /home/zyme/ros_ws/Autoware_sim_test/install/pointcloud_preprocessor/include/pointcloud_preprocessor/pointcloud_preprocessor/concatenate_data/concatenate_and_time_sync_nodelet.hpp
-- Up-to-date symlink: /home/zyme/ros_ws/Autoware_sim_test/install/pointcloud_preprocessor/include/pointcloud_preprocessor/pointcloud_preprocessor/concatenate_data/concatenate_pointclouds.hpp
-- Up-to-date symlink: /home/zyme/ros_ws/Autoware_sim_test/install/pointcloud_preprocessor/include/pointcloud_preprocessor/pointcloud_preprocessor/crop_box_filter/crop_box_filter_nodelet.hpp
-- Up-to-date symlink: /home/zyme/ros_ws/Autoware_sim_test/install/pointcloud_preprocessor/include/pointcloud_preprocessor/pointcloud_preprocessor/distortion_corrector/distortion_corrector.hpp
-- Up-to-date symlink: /home/zyme/ros_ws/Autoware_sim_test/install/pointcloud_preprocessor/include/pointcloud_preprocessor/pointcloud_preprocessor/downsample_filter/approximate_downsample_filter_nodelet.hpp
-- Up-to-date symlink: /home/zyme/ros_ws/Autoware_sim_test/install/pointcloud_preprocessor/include/pointcloud_preprocessor/pointcloud_preprocessor/downsample_filter/faster_voxel_grid_downsample_filter.hpp
-- Up-to-date symlink: /home/zyme/ros_ws/Autoware_sim_test/install/pointcloud_preprocessor/include/pointcloud_preprocessor/pointcloud_preprocessor/downsample_filter/random_downsample_filter_nodelet.hpp
-- Up-to-date symlink: /home/zyme/ros_ws/Autoware_sim_test/install/pointcloud_preprocessor/include/pointcloud_preprocessor/pointcloud_preprocessor/downsample_filter/voxel_grid_downsample_filter_nodelet.hpp
-- Up-to-date symlink: /home/zyme/ros_ws/Autoware_sim_test/install/pointcloud_preprocessor/include/pointcloud_preprocessor/pointcloud_preprocessor/filter.hpp
-- Up-to-date symlink: /home/zyme/ros_ws/Autoware_sim_test/install/pointcloud_preprocessor/include/pointcloud_preprocessor/pointcloud_preprocessor/outlier_filter/dual_return_outlier_filter_nodelet.hpp
-- Up-to-date symlink: /home/zyme/ros_ws/Autoware_sim_test/install/pointcloud_preprocessor/include/pointcloud_preprocessor/pointcloud_preprocessor/outlier_filter/radius_search_2d_outlier_filter_nodelet.hpp
-- Up-to-date symlink: /home/zyme/ros_ws/Autoware_sim_test/install/pointcloud_preprocessor/include/pointcloud_preprocessor/pointcloud_preprocessor/outlier_filter/ring_outlier_filter_nodelet.hpp
-- Up-to-date symlink: /home/zyme/ros_ws/Autoware_sim_test/install/pointcloud_preprocessor/include/pointcloud_preprocessor/pointcloud_preprocessor/outlier_filter/voxel_grid_outlier_filter_nodelet.hpp
-- Up-to-date symlink: /home/zyme/ros_ws/Autoware_sim_test/install/pointcloud_preprocessor/include/pointcloud_preprocessor/pointcloud_preprocessor/passthrough_filter/passthrough_filter_nodelet.hpp
-- Up-to-date symlink: /home/zyme/ros_ws/Autoware_sim_test/install/pointcloud_preprocessor/include/pointcloud_preprocessor/pointcloud_preprocessor/passthrough_filter/passthrough_filter_uint16_nodelet.hpp
-- Up-to-date symlink: /home/zyme/ros_ws/Autoware_sim_test/install/pointcloud_preprocessor/include/pointcloud_preprocessor/pointcloud_preprocessor/passthrough_filter/passthrough_uint16.hpp
-- Up-to-date symlink: /home/zyme/ros_ws/Autoware_sim_test/install/pointcloud_preprocessor/include/pointcloud_preprocessor/pointcloud_preprocessor/pointcloud_accumulator/pointcloud_accumulator_nodelet.hpp
-- Up-to-date symlink: /home/zyme/ros_ws/Autoware_sim_test/install/pointcloud_preprocessor/include/pointcloud_preprocessor/pointcloud_preprocessor/polygon_remover/polygon_remover.hpp
-- Up-to-date symlink: /home/zyme/ros_ws/Autoware_sim_test/install/pointcloud_preprocessor/include/pointcloud_preprocessor/pointcloud_preprocessor/time_synchronizer/time_synchronizer_nodelet.hpp
-- Up-to-date symlink: /home/zyme/ros_ws/Autoware_sim_test/install/pointcloud_preprocessor/include/pointcloud_preprocessor/pointcloud_preprocessor/transform_info.hpp
-- Up-to-date symlink: /home/zyme/ros_ws/Autoware_sim_test/install/pointcloud_preprocessor/include/pointcloud_preprocessor/pointcloud_preprocessor/utility/utilities.hpp
-- Up-to-date symlink: /home/zyme/ros_ws/Autoware_sim_test/install/pointcloud_preprocessor/include/pointcloud_preprocessor/pointcloud_preprocessor/vector_map_filter/lanelet2_map_filter_nodelet.hpp
-- Up-to-date symlink: /home/zyme/ros_ws/Autoware_sim_test/install/pointcloud_preprocessor/include/pointcloud_preprocessor/pointcloud_preprocessor/vector_map_filter/vector_map_inside_area_filter.hpp
-- Up-to-date symlink: /home/zyme/ros_ws/Autoware_sim_test/install/pointcloud_preprocessor/include/pointcloud_preprocessor/blockage_diag/blockage_diag_nodelet.hpp
-- Up-to-date symlink: /home/zyme/ros_ws/Autoware_sim_test/install/pointcloud_preprocessor/include/pointcloud_preprocessor/concatenate_data/concatenate_and_time_sync_nodelet.hpp
-- Up-to-date symlink: /home/zyme/ros_ws/Autoware_sim_test/install/pointcloud_preprocessor/include/pointcloud_preprocessor/concatenate_data/concatenate_pointclouds.hpp
-- Up-to-date symlink: /home/zyme/ros_ws/Autoware_sim_test/install/pointcloud_preprocessor/include/pointcloud_preprocessor/crop_box_filter/crop_box_filter_nodelet.hpp
-- Up-to-date symlink: /home/zyme/ros_ws/Autoware_sim_test/install/pointcloud_preprocessor/include/pointcloud_preprocessor/distortion_corrector/distortion_corrector.hpp
-- Up-to-date symlink: /home/zyme/ros_ws/Autoware_sim_test/install/pointcloud_preprocessor/include/pointcloud_preprocessor/downsample_filter/approximate_downsample_filter_nodelet.hpp
-- Up-to-date symlink: /home/zyme/ros_ws/Autoware_sim_test/install/pointcloud_preprocessor/include/pointcloud_preprocessor/downsample_filter/faster_voxel_grid_downsample_filter.hpp
-- Up-to-date symlink: /home/zyme/ros_ws/Autoware_sim_test/install/pointcloud_preprocessor/include/pointcloud_preprocessor/downsample_filter/random_downsample_filter_nodelet.hpp
-- Up-to-date symlink: /home/zyme/ros_ws/Autoware_sim_test/install/pointcloud_preprocessor/include/pointcloud_preprocessor/downsample_filter/voxel_grid_downsample_filter_nodelet.hpp
-- Up-to-date symlink: /home/zyme/ros_ws/Autoware_sim_test/install/pointcloud_preprocessor/include/pointcloud_preprocessor/filter.hpp
-- Up-to-date symlink: /home/zyme/ros_ws/Autoware_sim_test/install/pointcloud_preprocessor/include/pointcloud_preprocessor/outlier_filter/dual_return_outlier_filter_nodelet.hpp
-- Up-to-date symlink: /home/zyme/ros_ws/Autoware_sim_test/install/pointcloud_preprocessor/include/pointcloud_preprocessor/outlier_filter/radius_search_2d_outlier_filter_nodelet.hpp
-- Up-to-date symlink: /home/zyme/ros_ws/Autoware_sim_test/install/pointcloud_preprocessor/include/pointcloud_preprocessor/outlier_filter/ring_outlier_filter_nodelet.hpp
-- Up-to-date symlink: /home/zyme/ros_ws/Autoware_sim_test/install/pointcloud_preprocessor/include/pointcloud_preprocessor/outlier_filter/voxel_grid_outlier_filter_nodelet.hpp
-- Up-to-date symlink: /home/zyme/ros_ws/Autoware_sim_test/install/pointcloud_preprocessor/include/pointcloud_preprocessor/passthrough_filter/passthrough_filter_nodelet.hpp
-- Up-to-date symlink: /home/zyme/ros_ws/Autoware_sim_test/install/pointcloud_preprocessor/include/pointcloud_preprocessor/passthrough_filter/passthrough_filter_uint16_nodelet.hpp
-- Up-to-date symlink: /home/zyme/ros_ws/Autoware_sim_test/install/pointcloud_preprocessor/include/pointcloud_preprocessor/passthrough_filter/passthrough_uint16.hpp
-- Up-to-date symlink: /home/zyme/ros_ws/Autoware_sim_test/install/pointcloud_preprocessor/include/pointcloud_preprocessor/pointcloud_accumulator/pointcloud_accumulator_nodelet.hpp
-- Up-to-date symlink: /home/zyme/ros_ws/Autoware_sim_test/install/pointcloud_preprocessor/include/pointcloud_preprocessor/polygon_remover/polygon_remover.hpp
-- Up-to-date symlink: /home/zyme/ros_ws/Autoware_sim_test/install/pointcloud_preprocessor/include/pointcloud_preprocessor/time_synchronizer/time_synchronizer_nodelet.hpp
-- Up-to-date symlink: /home/zyme/ros_ws/Autoware_sim_test/install/pointcloud_preprocessor/include/pointcloud_preprocessor/transform_info.hpp
-- Up-to-date symlink: /home/zyme/ros_ws/Autoware_sim_test/install/pointcloud_preprocessor/include/pointcloud_preprocessor/utility/utilities.hpp
-- Up-to-date symlink: /home/zyme/ros_ws/Autoware_sim_test/install/pointcloud_preprocessor/include/pointcloud_preprocessor/vector_map_filter/lanelet2_map_filter_nodelet.hpp
-- Up-to-date symlink: /home/zyme/ros_ws/Autoware_sim_test/install/pointcloud_preprocessor/include/pointcloud_preprocessor/vector_map_filter/vector_map_inside_area_filter.hpp
-- Up-to-date symlink: /home/zyme/ros_ws/Autoware_sim_test/install/pointcloud_preprocessor/share/pointcloud_preprocessor/environment/library_path.sh
-- Up-to-date symlink: /home/zyme/ros_ws/Autoware_sim_test/install/pointcloud_preprocessor/share/pointcloud_preprocessor/environment/library_path.dsv
-- Up-to-date symlink: /home/zyme/ros_ws/Autoware_sim_test/install/pointcloud_preprocessor/lib/libpointcloud_preprocessor_filter.so
-- Up-to-date symlink: /home/zyme/ros_ws/Autoware_sim_test/install/pointcloud_preprocessor/share/pointcloud_preprocessor/launch/blockage_diag.launch.xml
-- Up-to-date symlink: /home/zyme/ros_ws/Autoware_sim_test/install/pointcloud_preprocessor/share/pointcloud_preprocessor/launch/dual_return_outlier_filter.launch.xml
-- Up-to-date symlink: /home/zyme/ros_ws/Autoware_sim_test/install/pointcloud_preprocessor/share/pointcloud_preprocessor/launch/polygon_remover.launch.py
-- Up-to-date symlink: /home/zyme/ros_ws/Autoware_sim_test/install/pointcloud_preprocessor/share/pointcloud_preprocessor/launch/preprocessor.launch.py
-- Up-to-date symlink: /home/zyme/ros_ws/Autoware_sim_test/install/pointcloud_preprocessor/share/pointcloud_preprocessor/launch/preprocessor.launch.xml
-- Up-to-date symlink: /home/zyme/ros_ws/Autoware_sim_test/install/pointcloud_preprocessor/share/pointcloud_preprocessor/launch/random_downsample_filter.launch.xml
-- Up-to-date symlink: /home/zyme/ros_ws/Autoware_sim_test/install/pointcloud_preprocessor/share/pointcloud_preprocessor/launch/ring_passthrough_filter.launch.xml
-- Up-to-date symlink: /home/zyme/ros_ws/Autoware_sim_test/install/pointcloud_preprocessor/share/ament_index/resource_index/package_run_dependencies/pointcloud_preprocessor
-- Up-to-date symlink: /home/zyme/ros_ws/Autoware_sim_test/install/pointcloud_preprocessor/share/ament_index/resource_index/parent_prefix_path/pointcloud_preprocessor
-- Up-to-date symlink: /home/zyme/ros_ws/Autoware_sim_test/install/pointcloud_preprocessor/share/pointcloud_preprocessor/environment/ament_prefix_path.sh
-- Up-to-date symlink: /home/zyme/ros_ws/Autoware_sim_test/install/pointcloud_preprocessor/share/pointcloud_preprocessor/environment/ament_prefix_path.dsv
-- Up-to-date symlink: /home/zyme/ros_ws/Autoware_sim_test/install/pointcloud_preprocessor/share/pointcloud_preprocessor/environment/path.sh
-- Up-to-date symlink: /home/zyme/ros_ws/Autoware_sim_test/install/pointcloud_preprocessor/share/pointcloud_preprocessor/environment/path.dsv
-- Up-to-date symlink: /home/zyme/ros_ws/Autoware_sim_test/install/pointcloud_preprocessor/share/pointcloud_preprocessor/local_setup.bash
-- Up-to-date symlink: /home/zyme/ros_ws/Autoware_sim_test/install/pointcloud_preprocessor/share/pointcloud_preprocessor/local_setup.sh
-- Up-to-date symlink: /home/zyme/ros_ws/Autoware_sim_test/install/pointcloud_preprocessor/share/pointcloud_preprocessor/local_setup.zsh
-- Up-to-date symlink: /home/zyme/ros_ws/Autoware_sim_test/install/pointcloud_preprocessor/share/pointcloud_preprocessor/local_setup.dsv
-- Symlinking: /home/zyme/ros_ws/Autoware_sim_test/install/pointcloud_preprocessor/share/pointcloud_preprocessor/package.dsv
-- Up-to-date symlink: /home/zyme/ros_ws/Autoware_sim_test/install/pointcloud_preprocessor/share/ament_index/resource_index/packages/pointcloud_preprocessor
-- Up-to-date symlink: /home/zyme/ros_ws/Autoware_sim_test/install/pointcloud_preprocessor/share/ament_index/resource_index/rclcpp_components/pointcloud_preprocessor
-- Up-to-date symlink: /home/zyme/ros_ws/Autoware_sim_test/install/pointcloud_preprocessor/share/pointcloud_preprocessor/cmake/ament_cmake_export_targets-extras.cmake
-- Up-to-date symlink: /home/zyme/ros_ws/Autoware_sim_test/install/pointcloud_preprocessor/share/pointcloud_preprocessor/cmake/ament_cmake_export_dependencies-extras.cmake
-- Up-to-date symlink: /home/zyme/ros_ws/Autoware_sim_test/install/pointcloud_preprocessor/share/pointcloud_preprocessor/cmake/ament_cmake_export_include_directories-extras.cmake
-- Up-to-date symlink: /home/zyme/ros_ws/Autoware_sim_test/install/pointcloud_preprocessor/share/pointcloud_preprocessor/cmake/ament_cmake_export_libraries-extras.cmake
-- Up-to-date symlink: /home/zyme/ros_ws/Autoware_sim_test/install/pointcloud_preprocessor/share/pointcloud_preprocessor/cmake/pointcloud_preprocessorConfig.cmake
-- Up-to-date symlink: /home/zyme/ros_ws/Autoware_sim_test/install/pointcloud_preprocessor/share/pointcloud_preprocessor/cmake/pointcloud_preprocessorConfig-version.cmake
-- Up-to-date symlink: /home/zyme/ros_ws/Autoware_sim_test/install/pointcloud_preprocessor/share/pointcloud_preprocessor/package.xml
-- Up-to-date: /home/zyme/ros_ws/Autoware_sim_test/install/pointcloud_preprocessor/lib/libpointcloud_preprocessor_filter_base.so
-- Up-to-date: /home/zyme/ros_ws/Autoware_sim_test/install/pointcloud_preprocessor/lib/libfaster_voxel_grid_downsample_filter.so
-- Up-to-date: /home/zyme/ros_ws/Autoware_sim_test/install/pointcloud_preprocessor/share/pointcloud_preprocessor/cmake/export_pointcloud_preprocessorExport.cmake
-- Up-to-date: /home/zyme/ros_ws/Autoware_sim_test/install/pointcloud_preprocessor/share/pointcloud_preprocessor/cmake/export_pointcloud_preprocessorExport-release.cmake
