[0.067s] Invoking command in '/home/zyme/ros_ws/Autoware_sim_test/build/awsim_sensor_kit_description': AMENT_PREFIX_PATH=/home/zyme/ros_ws/Autoware_sim_test/install/velodyne_description:${AMENT_PREFIX_PATH} CMAKE_PREFIX_PATH=/home/zyme/ros_ws/Autoware_sim_test/install/velodyne_description:/opt/ros/humble /usr/bin/cmake --build /home/zyme/ros_ws/Autoware_sim_test/build/awsim_sensor_kit_description -- -j12 -l12
[0.105s] Invoked command in '/home/zyme/ros_ws/Autoware_sim_test/build/awsim_sensor_kit_description' returned '0': AMENT_PREFIX_PATH=/home/zyme/ros_ws/Autoware_sim_test/install/velodyne_description:${AMENT_PREFIX_PATH} CMAKE_PREFIX_PATH=/home/zyme/ros_ws/Autoware_sim_test/install/velodyne_description:/opt/ros/humble /usr/bin/cmake --build /home/zyme/ros_ws/Autoware_sim_test/build/awsim_sensor_kit_description -- -j12 -l12
[0.127s] Invoking command in '/home/zyme/ros_ws/Autoware_sim_test/build/awsim_sensor_kit_description': AMENT_PREFIX_PATH=/home/zyme/ros_ws/Autoware_sim_test/install/velodyne_description:${AMENT_PREFIX_PATH} CMAKE_PREFIX_PATH=/home/zyme/ros_ws/Autoware_sim_test/install/velodyne_description:/opt/ros/humble /usr/bin/cmake --install /home/zyme/ros_ws/Autoware_sim_test/build/awsim_sensor_kit_description
[0.134s] -- Install configuration: "Release"
[0.134s] -- Execute custom install script
[0.135s] -- Up-to-date symlink: /home/zyme/ros_ws/Autoware_sim_test/install/awsim_sensor_kit_description/share/awsim_sensor_kit_description/urdf/sensor_kit.xacro
[0.135s] -- Up-to-date symlink: /home/zyme/ros_ws/Autoware_sim_test/install/awsim_sensor_kit_description/share/awsim_sensor_kit_description/urdf/sensors.xacro
[0.135s] -- Up-to-date symlink: /home/zyme/ros_ws/Autoware_sim_test/install/awsim_sensor_kit_description/share/awsim_sensor_kit_description/config/sensor_kit_calibration.yaml
[0.135s] -- Up-to-date symlink: /home/zyme/ros_ws/Autoware_sim_test/install/awsim_sensor_kit_description/share/awsim_sensor_kit_description/config/sensors_calibration.yaml
[0.136s] -- Up-to-date symlink: /home/zyme/ros_ws/Autoware_sim_test/install/awsim_sensor_kit_description/share/ament_index/resource_index/package_run_dependencies/awsim_sensor_kit_description
[0.136s] -- Up-to-date symlink: /home/zyme/ros_ws/Autoware_sim_test/install/awsim_sensor_kit_description/share/ament_index/resource_index/parent_prefix_path/awsim_sensor_kit_description
[0.136s] -- Up-to-date symlink: /home/zyme/ros_ws/Autoware_sim_test/install/awsim_sensor_kit_description/share/awsim_sensor_kit_description/environment/ament_prefix_path.sh
[0.136s] -- Up-to-date symlink: /home/zyme/ros_ws/Autoware_sim_test/install/awsim_sensor_kit_description/share/awsim_sensor_kit_description/environment/ament_prefix_path.dsv
[0.136s] -- Up-to-date symlink: /home/zyme/ros_ws/Autoware_sim_test/install/awsim_sensor_kit_description/share/awsim_sensor_kit_description/environment/path.sh
[0.136s] -- Up-to-date symlink: /home/zyme/ros_ws/Autoware_sim_test/install/awsim_sensor_kit_description/share/awsim_sensor_kit_description/environment/path.dsv
[0.137s] -- Up-to-date symlink: /home/zyme/ros_ws/Autoware_sim_test/install/awsim_sensor_kit_description/share/awsim_sensor_kit_description/local_setup.bash
[0.137s] -- Up-to-date symlink: /home/zyme/ros_ws/Autoware_sim_test/install/awsim_sensor_kit_description/share/awsim_sensor_kit_description/local_setup.sh
[0.137s] -- Up-to-date symlink: /home/zyme/ros_ws/Autoware_sim_test/install/awsim_sensor_kit_description/share/awsim_sensor_kit_description/local_setup.zsh
[0.137s] -- Up-to-date symlink: /home/zyme/ros_ws/Autoware_sim_test/install/awsim_sensor_kit_description/share/awsim_sensor_kit_description/local_setup.dsv
[0.137s] -- Symlinking: /home/zyme/ros_ws/Autoware_sim_test/install/awsim_sensor_kit_description/share/awsim_sensor_kit_description/package.dsv
[0.147s] -- Up-to-date symlink: /home/zyme/ros_ws/Autoware_sim_test/install/awsim_sensor_kit_description/share/ament_index/resource_index/packages/awsim_sensor_kit_description
[0.147s] -- Up-to-date symlink: /home/zyme/ros_ws/Autoware_sim_test/install/awsim_sensor_kit_description/share/awsim_sensor_kit_description/cmake/ament_cmake_export_dependencies-extras.cmake
[0.147s] -- Up-to-date symlink: /home/zyme/ros_ws/Autoware_sim_test/install/awsim_sensor_kit_description/share/awsim_sensor_kit_description/cmake/awsim_sensor_kit_descriptionConfig.cmake
[0.147s] -- Up-to-date symlink: /home/zyme/ros_ws/Autoware_sim_test/install/awsim_sensor_kit_description/share/awsim_sensor_kit_description/cmake/awsim_sensor_kit_descriptionConfig-version.cmake
[0.147s] -- Up-to-date symlink: /home/zyme/ros_ws/Autoware_sim_test/install/awsim_sensor_kit_description/share/awsim_sensor_kit_description/package.xml
[0.149s] Invoked command in '/home/zyme/ros_ws/Autoware_sim_test/build/awsim_sensor_kit_description' returned '0': AMENT_PREFIX_PATH=/home/zyme/ros_ws/Autoware_sim_test/install/velodyne_description:${AMENT_PREFIX_PATH} CMAKE_PREFIX_PATH=/home/zyme/ros_ws/Autoware_sim_test/install/velodyne_description:/opt/ros/humble /usr/bin/cmake --install /home/zyme/ros_ws/Autoware_sim_test/build/awsim_sensor_kit_description
