[0.066s] Invoking command in '/home/zyme/ros_ws/Autoware_sim_test/build/tier4_perception_msgs': AMENT_PREFIX_PATH=/home/zyme/ros_ws/Autoware_sim_test/install/autoware_auto_perception_msgs:/home/zyme/ros_ws/Autoware_sim_test/install/autoware_auto_geometry_msgs:${AMENT_PREFIX_PATH} CMAKE_PREFIX_PATH=/home/zyme/ros_ws/Autoware_sim_test/install/autoware_auto_perception_msgs:/home/zyme/ros_ws/Autoware_sim_test/install/autoware_auto_geometry_msgs:/opt/ros/humble LD_LIBRARY_PATH=/home/zyme/ros_ws/Autoware_sim_test/install/autoware_auto_perception_msgs/lib:/home/zyme/ros_ws/Autoware_sim_test/install/autoware_auto_geometry_msgs/lib:${LD_LIBRARY_PATH} PYTHONPATH=/home/zyme/ros_ws/Autoware_sim_test/install/autoware_auto_perception_msgs/local/lib/python3.10/dist-packages:/home/zyme/ros_ws/Autoware_sim_test/install/autoware_auto_geometry_msgs/local/lib/python3.10/dist-packages:${PYTHONPATH} /usr/bin/cmake /home/zyme/ros_ws/Autoware_sim_test/src/autoware/src/universe/external/tier4_autoware_msgs/tier4_perception_msgs -DCMAKE_BUILD_TYPE=Release -DCMAKE_CXX_FLAGS=-w -DAMENT_CMAKE_SYMLINK_INSTALL=1 -DCMAKE_INSTALL_PREFIX=/home/zyme/ros_ws/Autoware_sim_test/install/tier4_perception_msgs
[0.116s] -- The C compiler identification is GNU 11.4.0
[0.173s] -- The CXX compiler identification is GNU 11.4.0
[0.181s] -- Detecting C compiler ABI info
[0.264s] -- Detecting C compiler ABI info - done
[0.274s] -- Check for working C compiler: /usr/bin/cc - skipped
[0.274s] -- Detecting C compile features
[0.275s] -- Detecting C compile features - done
[0.279s] -- Detecting CXX compiler ABI info
[0.378s] -- Detecting CXX compiler ABI info - done
[0.388s] -- Check for working CXX compiler: /usr/bin/c++ - skipped
[0.388s] -- Detecting CXX compile features
[0.389s] -- Detecting CXX compile features - done
[0.392s] -- Found ament_cmake_auto: 1.3.8 (/opt/ros/humble/share/ament_cmake_auto/cmake)
[0.544s] -- Found Python3: /usr/bin/python3 (found version "3.10.12") found components: Interpreter 
[0.598s] -- Override CMake install command with custom implementation using symlinks instead of copying resources
[0.682s] -- Using all available rosidl_typesupport_c: rosidl_typesupport_fastrtps_c;rosidl_typesupport_introspection_c
[0.689s] -- Found rosidl_adapter: 3.1.5 (/opt/ros/humble/share/rosidl_adapter/cmake)
[0.728s] -- Using all available rosidl_typesupport_cpp: rosidl_typesupport_fastrtps_cpp;rosidl_typesupport_introspection_cpp
[1.505s] -- Found ament_cmake_ros: 0.10.0 (/opt/ros/humble/share/ament_cmake_ros/cmake)
[1.813s] -- Using all available rosidl_typesupport_c: rosidl_typesupport_fastrtps_c;rosidl_typesupport_introspection_c
[2.215s] -- Using all available rosidl_typesupport_cpp: rosidl_typesupport_fastrtps_cpp;rosidl_typesupport_introspection_cpp
[2.236s] -- Found PythonInterp: /usr/bin/python3 (found suitable version "3.10.12", minimum required is "3.6") 
[2.238s] -- Found python_cmake_module: 0.10.0 (/opt/ros/humble/share/python_cmake_module/cmake)
[2.263s] -- Found PythonLibs: /usr/lib/x86_64-linux-gnu/libpython3.10.so (found suitable version "3.10.12", minimum required is "3.5") 
[2.263s] -- Using PYTHON_EXECUTABLE: /usr/bin/python3
[2.263s] -- Using PYTHON_INCLUDE_DIRS: /usr/include/python3.10
[2.263s] -- Using PYTHON_LIBRARIES: /usr/lib/x86_64-linux-gnu/libpython3.10.so
[2.283s] -- Found PythonExtra: .so  
[2.376s] -- Found ament_lint_auto: 0.12.10 (/opt/ros/humble/share/ament_lint_auto/cmake)
[2.399s] -- Added test 'copyright' to check source files copyright and LICENSE
[2.402s] -- Added test 'lint_cmake' to check CMake code style
[2.403s] -- Added test 'xmllint' to check XML markup files
[2.407s] -- Configuring done
[2.472s] -- Generating done
[2.474s] -- Build files have been written to: /home/zyme/ros_ws/Autoware_sim_test/build/tier4_perception_msgs
[2.484s] Invoked command in '/home/zyme/ros_ws/Autoware_sim_test/build/tier4_perception_msgs' returned '0': AMENT_PREFIX_PATH=/home/zyme/ros_ws/Autoware_sim_test/install/autoware_auto_perception_msgs:/home/zyme/ros_ws/Autoware_sim_test/install/autoware_auto_geometry_msgs:${AMENT_PREFIX_PATH} CMAKE_PREFIX_PATH=/home/zyme/ros_ws/Autoware_sim_test/install/autoware_auto_perception_msgs:/home/zyme/ros_ws/Autoware_sim_test/install/autoware_auto_geometry_msgs:/opt/ros/humble LD_LIBRARY_PATH=/home/zyme/ros_ws/Autoware_sim_test/install/autoware_auto_perception_msgs/lib:/home/zyme/ros_ws/Autoware_sim_test/install/autoware_auto_geometry_msgs/lib:${LD_LIBRARY_PATH} PYTHONPATH=/home/zyme/ros_ws/Autoware_sim_test/install/autoware_auto_perception_msgs/local/lib/python3.10/dist-packages:/home/zyme/ros_ws/Autoware_sim_test/install/autoware_auto_geometry_msgs/local/lib/python3.10/dist-packages:${PYTHONPATH} /usr/bin/cmake /home/zyme/ros_ws/Autoware_sim_test/src/autoware/src/universe/external/tier4_autoware_msgs/tier4_perception_msgs -DCMAKE_BUILD_TYPE=Release -DCMAKE_CXX_FLAGS=-w -DAMENT_CMAKE_SYMLINK_INSTALL=1 -DCMAKE_INSTALL_PREFIX=/home/zyme/ros_ws/Autoware_sim_test/install/tier4_perception_msgs
[2.485s] Invoking command in '/home/zyme/ros_ws/Autoware_sim_test/build/tier4_perception_msgs': AMENT_PREFIX_PATH=/home/zyme/ros_ws/Autoware_sim_test/install/autoware_auto_perception_msgs:/home/zyme/ros_ws/Autoware_sim_test/install/autoware_auto_geometry_msgs:${AMENT_PREFIX_PATH} CMAKE_PREFIX_PATH=/home/zyme/ros_ws/Autoware_sim_test/install/autoware_auto_perception_msgs:/home/zyme/ros_ws/Autoware_sim_test/install/autoware_auto_geometry_msgs:/opt/ros/humble LD_LIBRARY_PATH=/home/zyme/ros_ws/Autoware_sim_test/install/autoware_auto_perception_msgs/lib:/home/zyme/ros_ws/Autoware_sim_test/install/autoware_auto_geometry_msgs/lib:${LD_LIBRARY_PATH} PYTHONPATH=/home/zyme/ros_ws/Autoware_sim_test/install/autoware_auto_perception_msgs/local/lib/python3.10/dist-packages:/home/zyme/ros_ws/Autoware_sim_test/install/autoware_auto_geometry_msgs/local/lib/python3.10/dist-packages:${PYTHONPATH} /usr/bin/cmake --build /home/zyme/ros_ws/Autoware_sim_test/build/tier4_perception_msgs -- -j12 -l12
[2.527s] [  1%] [34m[1mGenerating C code for ROS interfaces[0m
[2.538s] [  1%] [34m[1mGenerating C++ code for ROS interfaces[0m
[2.545s] [  1%] Built target ament_cmake_python_symlink_tier4_perception_msgs
[2.811s] running egg_info
[2.811s] creating tier4_perception_msgs.egg-info
[2.811s] writing tier4_perception_msgs.egg-info/PKG-INFO
[2.811s] writing dependency_links to tier4_perception_msgs.egg-info/dependency_links.txt
[2.812s] writing top-level names to tier4_perception_msgs.egg-info/top_level.txt
[2.812s] writing manifest file 'tier4_perception_msgs.egg-info/SOURCES.txt'
[2.814s] reading manifest file 'tier4_perception_msgs.egg-info/SOURCES.txt'
[2.814s] writing manifest file 'tier4_perception_msgs.egg-info/SOURCES.txt'
[2.839s] [  1%] Built target ament_cmake_python_build_tier4_perception_msgs_egg
[3.521s] [  1%] Built target tier4_perception_msgs__cpp
[3.537s] [  2%] [34m[1mGenerating C++ type support dispatch for ROS interfaces[0m
[3.537s] [  2%] [34m[1mGenerating C++ introspection for ROS interfaces[0m
[3.537s] [  3%] [34m[1mGenerating C++ type support for eProsima Fast-RTPS[0m
[3.729s] [  4%] [32mBuilding C object CMakeFiles/tier4_perception_msgs__rosidl_generator_c.dir/rosidl_generator_c/tier4_perception_msgs/msg/detail/detected_object_with_feature__functions.c.o[0m
[3.729s] [  4%] [32mBuilding C object CMakeFiles/tier4_perception_msgs__rosidl_generator_c.dir/rosidl_generator_c/tier4_perception_msgs/msg/detail/detected_objects_with_feature__functions.c.o[0m
[3.729s] [  5%] [32mBuilding C object CMakeFiles/tier4_perception_msgs__rosidl_generator_c.dir/rosidl_generator_c/tier4_perception_msgs/msg/detail/dynamic_object__functions.c.o[0m
[3.733s] [  5%] [32mBuilding C object CMakeFiles/tier4_perception_msgs__rosidl_generator_c.dir/rosidl_generator_c/tier4_perception_msgs/msg/detail/feature__functions.c.o[0m
[3.733s] [  6%] [32mBuilding C object CMakeFiles/tier4_perception_msgs__rosidl_generator_c.dir/rosidl_generator_c/tier4_perception_msgs/msg/detail/dynamic_object_array__functions.c.o[0m
[3.733s] [  7%] [32mBuilding C object CMakeFiles/tier4_perception_msgs__rosidl_generator_c.dir/rosidl_generator_c/tier4_perception_msgs/msg/detail/semantic__functions.c.o[0m
[3.733s] [  8%] [32mBuilding C object CMakeFiles/tier4_perception_msgs__rosidl_generator_c.dir/rosidl_generator_c/tier4_perception_msgs/msg/detail/shape__functions.c.o[0m
[3.734s] [  9%] [32mBuilding C object CMakeFiles/tier4_perception_msgs__rosidl_generator_c.dir/rosidl_generator_c/tier4_perception_msgs/msg/detail/predicted_path__functions.c.o[0m
[3.734s] [  9%] [32mBuilding C object CMakeFiles/tier4_perception_msgs__rosidl_generator_c.dir/rosidl_generator_c/tier4_perception_msgs/msg/detail/state__functions.c.o[0m
[3.950s] [ 10%] [32mBuilding C object CMakeFiles/tier4_perception_msgs__rosidl_generator_c.dir/rosidl_generator_c/tier4_perception_msgs/msg/detail/traffic_light_element__functions.c.o[0m
[3.960s] [ 12%] [32mBuilding C object CMakeFiles/tier4_perception_msgs__rosidl_generator_c.dir/rosidl_generator_c/tier4_perception_msgs/msg/detail/traffic_light_roi__functions.c.o[0m
[3.960s] [ 12%] [32mBuilding C object CMakeFiles/tier4_perception_msgs__rosidl_generator_c.dir/rosidl_generator_c/tier4_perception_msgs/msg/detail/traffic_light_roi_array__functions.c.o[0m
[3.961s] [ 12%] [32mBuilding C object CMakeFiles/tier4_perception_msgs__rosidl_generator_c.dir/rosidl_generator_c/tier4_perception_msgs/msg/detail/traffic_signal__functions.c.o[0m
[3.961s] [ 13%] [32mBuilding C object CMakeFiles/tier4_perception_msgs__rosidl_generator_c.dir/rosidl_generator_c/tier4_perception_msgs/msg/detail/traffic_signal_array__functions.c.o[0m
[4.132s] [ 14%] [32m[1mLinking C shared library libtier4_perception_msgs__rosidl_generator_c.so[0m
[4.180s] [ 14%] Built target tier4_perception_msgs__rosidl_generator_c
[4.197s] [ 17%] [34m[1mGenerating C type support for eProsima Fast-RTPS[0m
[4.197s] [ 17%] [34m[1mGenerating C type support dispatch for ROS interfaces[0m
[4.197s] [ 17%] [34m[1mGenerating C introspection for ROS interfaces[0m
[4.649s] [ 18%] [32mBuilding CXX object CMakeFiles/tier4_perception_msgs__rosidl_typesupport_cpp.dir/rosidl_typesupport_cpp/tier4_perception_msgs/msg/detected_objects_with_feature__type_support.cpp.o[0m
[4.649s] [ 19%] [32mBuilding CXX object CMakeFiles/tier4_perception_msgs__rosidl_typesupport_cpp.dir/rosidl_typesupport_cpp/tier4_perception_msgs/msg/detected_object_with_feature__type_support.cpp.o[0m
[4.650s] [ 20%] [32mBuilding CXX object CMakeFiles/tier4_perception_msgs__rosidl_typesupport_cpp.dir/rosidl_typesupport_cpp/tier4_perception_msgs/msg/dynamic_object__type_support.cpp.o[0m
[4.650s] [ 20%] [32mBuilding CXX object CMakeFiles/tier4_perception_msgs__rosidl_typesupport_cpp.dir/rosidl_typesupport_cpp/tier4_perception_msgs/msg/feature__type_support.cpp.o[0m
[4.650s] [ 20%] [32mBuilding CXX object CMakeFiles/tier4_perception_msgs__rosidl_typesupport_cpp.dir/rosidl_typesupport_cpp/tier4_perception_msgs/msg/predicted_path__type_support.cpp.o[0m
[4.650s] [ 21%] [32mBuilding CXX object CMakeFiles/tier4_perception_msgs__rosidl_typesupport_cpp.dir/rosidl_typesupport_cpp/tier4_perception_msgs/msg/dynamic_object_array__type_support.cpp.o[0m
[4.656s] [ 22%] [32mBuilding CXX object CMakeFiles/tier4_perception_msgs__rosidl_typesupport_cpp.dir/rosidl_typesupport_cpp/tier4_perception_msgs/msg/semantic__type_support.cpp.o[0m
[5.398s] [ 23%] [32mBuilding CXX object CMakeFiles/tier4_perception_msgs__rosidl_typesupport_cpp.dir/rosidl_typesupport_cpp/tier4_perception_msgs/msg/shape__type_support.cpp.o[0m
[5.404s] [ 24%] [32mBuilding CXX object CMakeFiles/tier4_perception_msgs__rosidl_typesupport_cpp.dir/rosidl_typesupport_cpp/tier4_perception_msgs/msg/state__type_support.cpp.o[0m
[5.410s] [ 24%] [32mBuilding CXX object CMakeFiles/tier4_perception_msgs__rosidl_typesupport_cpp.dir/rosidl_typesupport_cpp/tier4_perception_msgs/msg/traffic_light_element__type_support.cpp.o[0m
[5.418s] [ 25%] [32mBuilding CXX object CMakeFiles/tier4_perception_msgs__rosidl_typesupport_introspection_cpp.dir/rosidl_typesupport_introspection_cpp/tier4_perception_msgs/msg/detail/detected_objects_with_feature__type_support.cpp.o[0m
[5.432s] [ 26%] [32mBuilding CXX object CMakeFiles/tier4_perception_msgs__rosidl_typesupport_introspection_cpp.dir/rosidl_typesupport_introspection_cpp/tier4_perception_msgs/msg/detail/detected_object_with_feature__type_support.cpp.o[0m
[5.468s] [ 27%] [32mBuilding CXX object CMakeFiles/tier4_perception_msgs__rosidl_typesupport_introspection_cpp.dir/rosidl_typesupport_introspection_cpp/tier4_perception_msgs/msg/detail/dynamic_object__type_support.cpp.o[0m
[5.469s] [ 28%] [32mBuilding CXX object CMakeFiles/tier4_perception_msgs__rosidl_typesupport_cpp.dir/rosidl_typesupport_cpp/tier4_perception_msgs/msg/traffic_light_roi__type_support.cpp.o[0m
[5.519s] [ 28%] [32mBuilding CXX object CMakeFiles/tier4_perception_msgs__rosidl_typesupport_introspection_cpp.dir/rosidl_typesupport_introspection_cpp/tier4_perception_msgs/msg/detail/dynamic_object_array__type_support.cpp.o[0m
[5.970s] [ 28%] [32mBuilding CXX object CMakeFiles/tier4_perception_msgs__rosidl_typesupport_c.dir/rosidl_typesupport_c/tier4_perception_msgs/msg/detected_object_with_feature__type_support.cpp.o[0m
[6.110s] [ 29%] [32mBuilding CXX object CMakeFiles/tier4_perception_msgs__rosidl_typesupport_c.dir/rosidl_typesupport_c/tier4_perception_msgs/msg/detected_objects_with_feature__type_support.cpp.o[0m
[6.139s] [ 30%] [32mBuilding CXX object CMakeFiles/tier4_perception_msgs__rosidl_typesupport_fastrtps_cpp.dir/rosidl_typesupport_fastrtps_cpp/tier4_perception_msgs/msg/detail/dds_fastrtps/detected_object_with_feature__type_support.cpp.o[0m
[6.141s] [ 31%] [32mBuilding CXX object CMakeFiles/tier4_perception_msgs__rosidl_typesupport_fastrtps_cpp.dir/rosidl_typesupport_fastrtps_cpp/tier4_perception_msgs/msg/detail/dds_fastrtps/detected_objects_with_feature__type_support.cpp.o[0m
[6.177s] [ 32%] [32mBuilding CXX object CMakeFiles/tier4_perception_msgs__rosidl_typesupport_introspection_cpp.dir/rosidl_typesupport_introspection_cpp/tier4_perception_msgs/msg/detail/feature__type_support.cpp.o[0m
[6.196s] [ 32%] [32mBuilding CXX object CMakeFiles/tier4_perception_msgs__rosidl_typesupport_fastrtps_cpp.dir/rosidl_typesupport_fastrtps_cpp/tier4_perception_msgs/msg/detail/dds_fastrtps/dynamic_object__type_support.cpp.o[0m
[6.250s] [ 33%] [32mBuilding CXX object CMakeFiles/tier4_perception_msgs__rosidl_typesupport_c.dir/rosidl_typesupport_c/tier4_perception_msgs/msg/dynamic_object__type_support.cpp.o[0m
[6.378s] [ 34%] [32mBuilding CXX object CMakeFiles/tier4_perception_msgs__rosidl_typesupport_cpp.dir/rosidl_typesupport_cpp/tier4_perception_msgs/msg/traffic_light_roi_array__type_support.cpp.o[0m
[6.379s] [ 35%] [32mBuilding CXX object CMakeFiles/tier4_perception_msgs__rosidl_typesupport_c.dir/rosidl_typesupport_c/tier4_perception_msgs/msg/dynamic_object_array__type_support.cpp.o[0m
[6.468s] [ 35%] [32mBuilding CXX object CMakeFiles/tier4_perception_msgs__rosidl_typesupport_c.dir/rosidl_typesupport_c/tier4_perception_msgs/msg/feature__type_support.cpp.o[0m
[6.577s] [ 36%] [32mBuilding CXX object CMakeFiles/tier4_perception_msgs__rosidl_typesupport_c.dir/rosidl_typesupport_c/tier4_perception_msgs/msg/predicted_path__type_support.cpp.o[0m
[6.681s] [ 37%] [32mBuilding CXX object CMakeFiles/tier4_perception_msgs__rosidl_typesupport_cpp.dir/rosidl_typesupport_cpp/tier4_perception_msgs/msg/traffic_signal__type_support.cpp.o[0m
[6.696s] [ 38%] [32mBuilding CXX object CMakeFiles/tier4_perception_msgs__rosidl_typesupport_c.dir/rosidl_typesupport_c/tier4_perception_msgs/msg/semantic__type_support.cpp.o[0m
[6.720s] [ 39%] [32mBuilding C object CMakeFiles/tier4_perception_msgs__rosidl_typesupport_introspection_c.dir/rosidl_typesupport_introspection_c/tier4_perception_msgs/msg/detail/detected_object_with_feature__type_support.c.o[0m
[6.783s] [ 40%] [32mBuilding C object CMakeFiles/tier4_perception_msgs__rosidl_typesupport_introspection_c.dir/rosidl_typesupport_introspection_c/tier4_perception_msgs/msg/detail/detected_objects_with_feature__type_support.c.o[0m
[6.786s] [ 41%] [32mBuilding CXX object CMakeFiles/tier4_perception_msgs__rosidl_typesupport_c.dir/rosidl_typesupport_c/tier4_perception_msgs/msg/shape__type_support.cpp.o[0m
[6.878s] [ 41%] [32mBuilding CXX object CMakeFiles/tier4_perception_msgs__rosidl_typesupport_c.dir/rosidl_typesupport_c/tier4_perception_msgs/msg/state__type_support.cpp.o[0m
[6.893s] [ 41%] [32mBuilding CXX object CMakeFiles/tier4_perception_msgs__rosidl_typesupport_cpp.dir/rosidl_typesupport_cpp/tier4_perception_msgs/msg/traffic_signal_array__type_support.cpp.o[0m
[6.913s] [ 41%] [32mBuilding C object CMakeFiles/tier4_perception_msgs__rosidl_typesupport_introspection_c.dir/rosidl_typesupport_introspection_c/tier4_perception_msgs/msg/detail/dynamic_object__type_support.c.o[0m
[6.925s] [ 42%] [32mBuilding CXX object CMakeFiles/tier4_perception_msgs__rosidl_typesupport_fastrtps_c.dir/rosidl_typesupport_fastrtps_c/tier4_perception_msgs/msg/detail/detected_object_with_feature__type_support_c.cpp.o[0m
[6.993s] [ 43%] [32mBuilding CXX object CMakeFiles/tier4_perception_msgs__rosidl_typesupport_c.dir/rosidl_typesupport_c/tier4_perception_msgs/msg/traffic_light_element__type_support.cpp.o[0m
[7.057s] [ 44%] [32mBuilding C object CMakeFiles/tier4_perception_msgs__rosidl_typesupport_introspection_c.dir/rosidl_typesupport_introspection_c/tier4_perception_msgs/msg/detail/dynamic_object_array__type_support.c.o[0m
[7.098s] [ 44%] [32mBuilding CXX object CMakeFiles/tier4_perception_msgs__rosidl_typesupport_fastrtps_c.dir/rosidl_typesupport_fastrtps_c/tier4_perception_msgs/msg/detail/detected_objects_with_feature__type_support_c.cpp.o[0m
[7.118s] [ 45%] [32mBuilding CXX object CMakeFiles/tier4_perception_msgs__rosidl_typesupport_c.dir/rosidl_typesupport_c/tier4_perception_msgs/msg/traffic_light_roi__type_support.cpp.o[0m
[7.190s] [ 46%] [32mBuilding C object CMakeFiles/tier4_perception_msgs__rosidl_typesupport_introspection_c.dir/rosidl_typesupport_introspection_c/tier4_perception_msgs/msg/detail/feature__type_support.c.o[0m
[7.202s] [ 47%] [32mBuilding CXX object CMakeFiles/tier4_perception_msgs__rosidl_typesupport_c.dir/rosidl_typesupport_c/tier4_perception_msgs/msg/traffic_light_roi_array__type_support.cpp.o[0m
[7.282s] [ 47%] [32mBuilding CXX object CMakeFiles/tier4_perception_msgs__rosidl_typesupport_c.dir/rosidl_typesupport_c/tier4_perception_msgs/msg/traffic_signal__type_support.cpp.o[0m
[7.290s] [ 48%] [32mBuilding C object CMakeFiles/tier4_perception_msgs__rosidl_typesupport_introspection_c.dir/rosidl_typesupport_introspection_c/tier4_perception_msgs/msg/detail/predicted_path__type_support.c.o[0m
[7.292s] [ 48%] [32mBuilding C object CMakeFiles/tier4_perception_msgs__rosidl_typesupport_introspection_c.dir/rosidl_typesupport_introspection_c/tier4_perception_msgs/msg/detail/semantic__type_support.c.o[0m
[7.314s] [ 49%] [32mBuilding CXX object CMakeFiles/tier4_perception_msgs__rosidl_typesupport_fastrtps_cpp.dir/rosidl_typesupport_fastrtps_cpp/tier4_perception_msgs/msg/detail/dds_fastrtps/dynamic_object_array__type_support.cpp.o[0m
[7.371s] [ 50%] [32mBuilding CXX object CMakeFiles/tier4_perception_msgs__rosidl_typesupport_c.dir/rosidl_typesupport_c/tier4_perception_msgs/msg/traffic_signal_array__type_support.cpp.o[0m
[7.403s] [ 51%] [32mBuilding CXX object CMakeFiles/tier4_perception_msgs__rosidl_typesupport_fastrtps_cpp.dir/rosidl_typesupport_fastrtps_cpp/tier4_perception_msgs/msg/detail/dds_fastrtps/feature__type_support.cpp.o[0m
[7.421s] [ 52%] [32mBuilding C object CMakeFiles/tier4_perception_msgs__rosidl_typesupport_introspection_c.dir/rosidl_typesupport_introspection_c/tier4_perception_msgs/msg/detail/shape__type_support.c.o[0m
[7.429s] [ 53%] [32mBuilding CXX object CMakeFiles/tier4_perception_msgs__rosidl_typesupport_fastrtps_c.dir/rosidl_typesupport_fastrtps_c/tier4_perception_msgs/msg/detail/dynamic_object__type_support_c.cpp.o[0m
[7.435s] [ 54%] [32mBuilding CXX object CMakeFiles/tier4_perception_msgs__rosidl_typesupport_fastrtps_cpp.dir/rosidl_typesupport_fastrtps_cpp/tier4_perception_msgs/msg/detail/dds_fastrtps/predicted_path__type_support.cpp.o[0m
[7.462s] [ 55%] [32m[1mLinking CXX shared library libtier4_perception_msgs__rosidl_typesupport_c.so[0m
[7.465s] [ 56%] [32mBuilding CXX object CMakeFiles/tier4_perception_msgs__rosidl_typesupport_introspection_cpp.dir/rosidl_typesupport_introspection_cpp/tier4_perception_msgs/msg/detail/predicted_path__type_support.cpp.o[0m
[7.495s] [ 57%] [32mBuilding C object CMakeFiles/tier4_perception_msgs__rosidl_typesupport_introspection_c.dir/rosidl_typesupport_introspection_c/tier4_perception_msgs/msg/detail/state__type_support.c.o[0m
[7.534s] [ 58%] [32mBuilding CXX object CMakeFiles/tier4_perception_msgs__rosidl_typesupport_fastrtps_c.dir/rosidl_typesupport_fastrtps_c/tier4_perception_msgs/msg/detail/dynamic_object_array__type_support_c.cpp.o[0m
[7.602s] [ 58%] Built target tier4_perception_msgs__rosidl_typesupport_c
[7.622s] [ 59%] [32mBuilding CXX object CMakeFiles/tier4_perception_msgs__rosidl_typesupport_introspection_cpp.dir/rosidl_typesupport_introspection_cpp/tier4_perception_msgs/msg/detail/semantic__type_support.cpp.o[0m
[7.627s] [ 59%] [32mBuilding C object CMakeFiles/tier4_perception_msgs__rosidl_typesupport_introspection_c.dir/rosidl_typesupport_introspection_c/tier4_perception_msgs/msg/detail/traffic_light_element__type_support.c.o[0m
[7.729s] [ 60%] [32mBuilding C object CMakeFiles/tier4_perception_msgs__rosidl_typesupport_introspection_c.dir/rosidl_typesupport_introspection_c/tier4_perception_msgs/msg/detail/traffic_light_roi__type_support.c.o[0m
[7.747s] [ 61%] [32m[1mLinking CXX shared library libtier4_perception_msgs__rosidl_typesupport_cpp.so[0m
[7.836s] [ 62%] [32mBuilding C object CMakeFiles/tier4_perception_msgs__rosidl_typesupport_introspection_c.dir/rosidl_typesupport_introspection_c/tier4_perception_msgs/msg/detail/traffic_light_roi_array__type_support.c.o[0m
[7.858s] [ 62%] Built target tier4_perception_msgs__rosidl_typesupport_cpp
[7.878s] [ 62%] [32mBuilding CXX object CMakeFiles/tier4_perception_msgs__rosidl_typesupport_introspection_cpp.dir/rosidl_typesupport_introspection_cpp/tier4_perception_msgs/msg/detail/shape__type_support.cpp.o[0m
[7.893s] [ 63%] [32mBuilding C object CMakeFiles/tier4_perception_msgs__rosidl_typesupport_introspection_c.dir/rosidl_typesupport_introspection_c/tier4_perception_msgs/msg/detail/traffic_signal__type_support.c.o[0m
[7.904s] [ 63%] [32mBuilding CXX object CMakeFiles/tier4_perception_msgs__rosidl_typesupport_fastrtps_cpp.dir/rosidl_typesupport_fastrtps_cpp/tier4_perception_msgs/msg/detail/dds_fastrtps/semantic__type_support.cpp.o[0m
[7.959s] [ 64%] [32mBuilding CXX object CMakeFiles/tier4_perception_msgs__rosidl_typesupport_introspection_cpp.dir/rosidl_typesupport_introspection_cpp/tier4_perception_msgs/msg/detail/state__type_support.cpp.o[0m
[8.007s] [ 64%] [32mBuilding C object CMakeFiles/tier4_perception_msgs__rosidl_typesupport_introspection_c.dir/rosidl_typesupport_introspection_c/tier4_perception_msgs/msg/detail/traffic_signal_array__type_support.c.o[0m
[8.106s] [ 65%] [32mBuilding CXX object CMakeFiles/tier4_perception_msgs__rosidl_typesupport_fastrtps_cpp.dir/rosidl_typesupport_fastrtps_cpp/tier4_perception_msgs/msg/detail/dds_fastrtps/shape__type_support.cpp.o[0m
[8.127s] [ 66%] [32m[1mLinking C shared library libtier4_perception_msgs__rosidl_typesupport_introspection_c.so[0m
[8.219s] [ 66%] Built target tier4_perception_msgs__rosidl_typesupport_introspection_c
[8.242s] [ 67%] [32mBuilding CXX object CMakeFiles/tier4_perception_msgs__rosidl_typesupport_fastrtps_cpp.dir/rosidl_typesupport_fastrtps_cpp/tier4_perception_msgs/msg/detail/dds_fastrtps/state__type_support.cpp.o[0m
[8.447s] [ 68%] [32mBuilding CXX object CMakeFiles/tier4_perception_msgs__rosidl_typesupport_fastrtps_c.dir/rosidl_typesupport_fastrtps_c/tier4_perception_msgs/msg/detail/feature__type_support_c.cpp.o[0m
[8.482s] [ 69%] [32mBuilding CXX object CMakeFiles/tier4_perception_msgs__rosidl_typesupport_fastrtps_cpp.dir/rosidl_typesupport_fastrtps_cpp/tier4_perception_msgs/msg/detail/dds_fastrtps/traffic_light_element__type_support.cpp.o[0m
[8.490s] [ 70%] [32mBuilding CXX object CMakeFiles/tier4_perception_msgs__rosidl_typesupport_introspection_cpp.dir/rosidl_typesupport_introspection_cpp/tier4_perception_msgs/msg/detail/traffic_light_element__type_support.cpp.o[0m
[8.656s] [ 70%] [32mBuilding CXX object CMakeFiles/tier4_perception_msgs__rosidl_typesupport_fastrtps_c.dir/rosidl_typesupport_fastrtps_c/tier4_perception_msgs/msg/detail/predicted_path__type_support_c.cpp.o[0m
[8.677s] [ 71%] [32mBuilding CXX object CMakeFiles/tier4_perception_msgs__rosidl_typesupport_introspection_cpp.dir/rosidl_typesupport_introspection_cpp/tier4_perception_msgs/msg/detail/traffic_light_roi__type_support.cpp.o[0m
[8.677s] [ 71%] [32mBuilding CXX object CMakeFiles/tier4_perception_msgs__rosidl_typesupport_fastrtps_cpp.dir/rosidl_typesupport_fastrtps_cpp/tier4_perception_msgs/msg/detail/dds_fastrtps/traffic_light_roi__type_support.cpp.o[0m
[8.738s] [ 72%] [32mBuilding CXX object CMakeFiles/tier4_perception_msgs__rosidl_typesupport_fastrtps_c.dir/rosidl_typesupport_fastrtps_c/tier4_perception_msgs/msg/detail/semantic__type_support_c.cpp.o[0m
[8.892s] [ 73%] [32mBuilding CXX object CMakeFiles/tier4_perception_msgs__rosidl_typesupport_fastrtps_c.dir/rosidl_typesupport_fastrtps_c/tier4_perception_msgs/msg/detail/shape__type_support_c.cpp.o[0m
[8.921s] [ 74%] [32mBuilding CXX object CMakeFiles/tier4_perception_msgs__rosidl_typesupport_fastrtps_c.dir/rosidl_typesupport_fastrtps_c/tier4_perception_msgs/msg/detail/state__type_support_c.cpp.o[0m
[9.230s] [ 74%] [32mBuilding CXX object CMakeFiles/tier4_perception_msgs__rosidl_typesupport_introspection_cpp.dir/rosidl_typesupport_introspection_cpp/tier4_perception_msgs/msg/detail/traffic_light_roi_array__type_support.cpp.o[0m
[9.339s] [ 74%] [32mBuilding CXX object CMakeFiles/tier4_perception_msgs__rosidl_typesupport_fastrtps_c.dir/rosidl_typesupport_fastrtps_c/tier4_perception_msgs/msg/detail/traffic_light_element__type_support_c.cpp.o[0m
[9.380s] [ 75%] [32mBuilding CXX object CMakeFiles/tier4_perception_msgs__rosidl_typesupport_fastrtps_cpp.dir/rosidl_typesupport_fastrtps_cpp/tier4_perception_msgs/msg/detail/dds_fastrtps/traffic_light_roi_array__type_support.cpp.o[0m
[9.517s] [ 76%] [32mBuilding CXX object CMakeFiles/tier4_perception_msgs__rosidl_typesupport_fastrtps_cpp.dir/rosidl_typesupport_fastrtps_cpp/tier4_perception_msgs/msg/detail/dds_fastrtps/traffic_signal_array__type_support.cpp.o[0m
[9.517s] [ 77%] [32mBuilding CXX object CMakeFiles/tier4_perception_msgs__rosidl_typesupport_fastrtps_cpp.dir/rosidl_typesupport_fastrtps_cpp/tier4_perception_msgs/msg/detail/dds_fastrtps/traffic_signal__type_support.cpp.o[0m
[9.601s] [ 78%] [32mBuilding CXX object CMakeFiles/tier4_perception_msgs__rosidl_typesupport_fastrtps_c.dir/rosidl_typesupport_fastrtps_c/tier4_perception_msgs/msg/detail/traffic_light_roi__type_support_c.cpp.o[0m
[9.717s] [ 79%] [32mBuilding CXX object CMakeFiles/tier4_perception_msgs__rosidl_typesupport_introspection_cpp.dir/rosidl_typesupport_introspection_cpp/tier4_perception_msgs/msg/detail/traffic_signal__type_support.cpp.o[0m
[9.767s] [ 80%] [32mBuilding CXX object CMakeFiles/tier4_perception_msgs__rosidl_typesupport_fastrtps_c.dir/rosidl_typesupport_fastrtps_c/tier4_perception_msgs/msg/detail/traffic_light_roi_array__type_support_c.cpp.o[0m
[9.767s] [ 81%] [32mBuilding CXX object CMakeFiles/tier4_perception_msgs__rosidl_typesupport_fastrtps_c.dir/rosidl_typesupport_fastrtps_c/tier4_perception_msgs/msg/detail/traffic_signal__type_support_c.cpp.o[0m
[9.868s] [ 81%] [32mBuilding CXX object CMakeFiles/tier4_perception_msgs__rosidl_typesupport_fastrtps_c.dir/rosidl_typesupport_fastrtps_c/tier4_perception_msgs/msg/detail/traffic_signal_array__type_support_c.cpp.o[0m
[9.950s] [ 82%] [32mBuilding CXX object CMakeFiles/tier4_perception_msgs__rosidl_typesupport_introspection_cpp.dir/rosidl_typesupport_introspection_cpp/tier4_perception_msgs/msg/detail/traffic_signal_array__type_support.cpp.o[0m
[10.595s] [ 82%] [32m[1mLinking CXX shared library libtier4_perception_msgs__rosidl_typesupport_fastrtps_cpp.so[0m
[10.694s] [ 83%] [32m[1mLinking CXX shared library libtier4_perception_msgs__rosidl_typesupport_fastrtps_c.so[0m
[10.704s] [ 83%] Built target tier4_perception_msgs__rosidl_typesupport_fastrtps_cpp
[10.796s] [ 83%] Built target tier4_perception_msgs__rosidl_typesupport_fastrtps_c
[10.855s] [ 84%] [32m[1mLinking CXX shared library libtier4_perception_msgs__rosidl_typesupport_introspection_cpp.so[0m
[10.945s] [ 84%] Built target tier4_perception_msgs__rosidl_typesupport_introspection_cpp
[10.965s] [ 84%] Built target tier4_perception_msgs
[10.986s] [ 85%] [34m[1mGenerating Python code for ROS interfaces[0m
[12.740s] [ 85%] Built target tier4_perception_msgs__py
[12.773s] [ 88%] [32mBuilding C object CMakeFiles/tier4_perception_msgs__rosidl_generator_py.dir/rosidl_generator_py/tier4_perception_msgs/msg/_dynamic_object_array_s.c.o[0m
[12.773s] [ 88%] [32mBuilding C object CMakeFiles/tier4_perception_msgs__rosidl_generator_py.dir/rosidl_generator_py/tier4_perception_msgs/msg/_detected_objects_with_feature_s.c.o[0m
[12.773s] [ 88%] [32mBuilding C object CMakeFiles/tier4_perception_msgs__rosidl_generator_py.dir/rosidl_generator_py/tier4_perception_msgs/msg/_dynamic_object_s.c.o[0m
[12.773s] [ 89%] [32mBuilding C object CMakeFiles/tier4_perception_msgs__rosidl_generator_py.dir/rosidl_generator_py/tier4_perception_msgs/msg/_feature_s.c.o[0m
[12.773s] [ 89%] [32mBuilding C object CMakeFiles/tier4_perception_msgs__rosidl_generator_py.dir/rosidl_generator_py/tier4_perception_msgs/msg/_detected_object_with_feature_s.c.o[0m
[12.773s] [ 89%] [32mBuilding C object CMakeFiles/tier4_perception_msgs__rosidl_generator_py.dir/rosidl_generator_py/tier4_perception_msgs/msg/_predicted_path_s.c.o[0m
[12.774s] [ 92%] [32mBuilding C object CMakeFiles/tier4_perception_msgs__rosidl_generator_py.dir/rosidl_generator_py/tier4_perception_msgs/msg/_state_s.c.o[0m
[12.775s] [ 92%] [32mBuilding C object CMakeFiles/tier4_perception_msgs__rosidl_generator_py.dir/rosidl_generator_py/tier4_perception_msgs/msg/_traffic_light_element_s.c.o[0m
[12.776s] [ 92%] [32mBuilding C object CMakeFiles/tier4_perception_msgs__rosidl_generator_py.dir/rosidl_generator_py/tier4_perception_msgs/msg/_shape_s.c.o[0m
[12.776s] [ 91%] [32mBuilding C object CMakeFiles/tier4_perception_msgs__rosidl_generator_py.dir/rosidl_generator_py/tier4_perception_msgs/msg/_semantic_s.c.o[0m
[12.776s] [ 93%] [32mBuilding C object CMakeFiles/tier4_perception_msgs__rosidl_generator_py.dir/rosidl_generator_py/tier4_perception_msgs/msg/_traffic_light_roi_s.c.o[0m
[12.777s] [ 94%] [32mBuilding C object CMakeFiles/tier4_perception_msgs__rosidl_generator_py.dir/rosidl_generator_py/tier4_perception_msgs/msg/_traffic_light_roi_array_s.c.o[0m
[13.088s] [ 94%] [32mBuilding C object CMakeFiles/tier4_perception_msgs__rosidl_generator_py.dir/rosidl_generator_py/tier4_perception_msgs/msg/_traffic_signal_s.c.o[0m
[13.100s] [ 95%] [32mBuilding C object CMakeFiles/tier4_perception_msgs__rosidl_generator_py.dir/rosidl_generator_py/tier4_perception_msgs/msg/_traffic_signal_array_s.c.o[0m
[13.278s] [ 96%] [32m[1mLinking C shared library rosidl_generator_py/tier4_perception_msgs/libtier4_perception_msgs__rosidl_generator_py.so[0m
[13.325s] [ 96%] Built target tier4_perception_msgs__rosidl_generator_py
[13.350s] [ 99%] [32mBuilding C object CMakeFiles/tier4_perception_msgs__rosidl_typesupport_c__pyext.dir/rosidl_generator_py/tier4_perception_msgs/_tier4_perception_msgs_s.ep.rosidl_typesupport_c.c.o[0m
[13.350s] [ 99%] [32mBuilding C object CMakeFiles/tier4_perception_msgs__rosidl_typesupport_introspection_c__pyext.dir/rosidl_generator_py/tier4_perception_msgs/_tier4_perception_msgs_s.ep.rosidl_typesupport_introspection_c.c.o[0m
[13.350s] [ 99%] [32mBuilding C object CMakeFiles/tier4_perception_msgs__rosidl_typesupport_fastrtps_c__pyext.dir/rosidl_generator_py/tier4_perception_msgs/_tier4_perception_msgs_s.ep.rosidl_typesupport_fastrtps_c.c.o[0m
[13.644s] [100%] [32m[1mLinking C shared library rosidl_generator_py/tier4_perception_msgs/tier4_perception_msgs_s__rosidl_typesupport_introspection_c.cpython-310-x86_64-linux-gnu.so[0m
[13.645s] [100%] [32m[1mLinking C shared library rosidl_generator_py/tier4_perception_msgs/tier4_perception_msgs_s__rosidl_typesupport_fastrtps_c.cpython-310-x86_64-linux-gnu.so[0m
[13.676s] [100%] [32m[1mLinking C shared library rosidl_generator_py/tier4_perception_msgs/tier4_perception_msgs_s__rosidl_typesupport_c.cpython-310-x86_64-linux-gnu.so[0m
[13.697s] [100%] Built target tier4_perception_msgs__rosidl_typesupport_introspection_c__pyext
[13.697s] [100%] Built target tier4_perception_msgs__rosidl_typesupport_fastrtps_c__pyext
[13.725s] [100%] Built target tier4_perception_msgs__rosidl_typesupport_c__pyext
[13.738s] Invoked command in '/home/zyme/ros_ws/Autoware_sim_test/build/tier4_perception_msgs' returned '0': AMENT_PREFIX_PATH=/home/zyme/ros_ws/Autoware_sim_test/install/autoware_auto_perception_msgs:/home/zyme/ros_ws/Autoware_sim_test/install/autoware_auto_geometry_msgs:${AMENT_PREFIX_PATH} CMAKE_PREFIX_PATH=/home/zyme/ros_ws/Autoware_sim_test/install/autoware_auto_perception_msgs:/home/zyme/ros_ws/Autoware_sim_test/install/autoware_auto_geometry_msgs:/opt/ros/humble LD_LIBRARY_PATH=/home/zyme/ros_ws/Autoware_sim_test/install/autoware_auto_perception_msgs/lib:/home/zyme/ros_ws/Autoware_sim_test/install/autoware_auto_geometry_msgs/lib:${LD_LIBRARY_PATH} PYTHONPATH=/home/zyme/ros_ws/Autoware_sim_test/install/autoware_auto_perception_msgs/local/lib/python3.10/dist-packages:/home/zyme/ros_ws/Autoware_sim_test/install/autoware_auto_geometry_msgs/local/lib/python3.10/dist-packages:${PYTHONPATH} /usr/bin/cmake --build /home/zyme/ros_ws/Autoware_sim_test/build/tier4_perception_msgs -- -j12 -l12
[14.375s] Invoking command in '/home/zyme/ros_ws/Autoware_sim_test/build/tier4_perception_msgs': AMENT_PREFIX_PATH=/home/zyme/ros_ws/Autoware_sim_test/install/autoware_auto_perception_msgs:/home/zyme/ros_ws/Autoware_sim_test/install/autoware_auto_geometry_msgs:${AMENT_PREFIX_PATH} CMAKE_PREFIX_PATH=/home/zyme/ros_ws/Autoware_sim_test/install/autoware_auto_perception_msgs:/home/zyme/ros_ws/Autoware_sim_test/install/autoware_auto_geometry_msgs:/opt/ros/humble LD_LIBRARY_PATH=/home/zyme/ros_ws/Autoware_sim_test/install/autoware_auto_perception_msgs/lib:/home/zyme/ros_ws/Autoware_sim_test/install/autoware_auto_geometry_msgs/lib:${LD_LIBRARY_PATH} PYTHONPATH=/home/zyme/ros_ws/Autoware_sim_test/install/autoware_auto_perception_msgs/local/lib/python3.10/dist-packages:/home/zyme/ros_ws/Autoware_sim_test/install/autoware_auto_geometry_msgs/local/lib/python3.10/dist-packages:${PYTHONPATH} /usr/bin/cmake --install /home/zyme/ros_ws/Autoware_sim_test/build/tier4_perception_msgs
[14.384s] -- Install configuration: "Release"
[14.384s] -- Execute custom install script
[14.385s] -- Symlinking: /home/zyme/ros_ws/Autoware_sim_test/install/tier4_perception_msgs/share/ament_index/resource_index/rosidl_interfaces/tier4_perception_msgs
[14.395s] -- Symlinking: /home/zyme/ros_ws/Autoware_sim_test/install/tier4_perception_msgs/include/tier4_perception_msgs/tier4_perception_msgs/msg/detail/detected_object_with_feature__functions.h
[14.403s] -- Symlinking: /home/zyme/ros_ws/Autoware_sim_test/install/tier4_perception_msgs/include/tier4_perception_msgs/tier4_perception_msgs/msg/detail/detected_object_with_feature__struct.h
[14.413s] -- Symlinking: /home/zyme/ros_ws/Autoware_sim_test/install/tier4_perception_msgs/include/tier4_perception_msgs/tier4_perception_msgs/msg/detail/detected_object_with_feature__type_support.h
[14.421s] -- Symlinking: /home/zyme/ros_ws/Autoware_sim_test/install/tier4_perception_msgs/include/tier4_perception_msgs/tier4_perception_msgs/msg/detail/detected_objects_with_feature__functions.h
[14.431s] -- Symlinking: /home/zyme/ros_ws/Autoware_sim_test/install/tier4_perception_msgs/include/tier4_perception_msgs/tier4_perception_msgs/msg/detail/detected_objects_with_feature__struct.h
[14.439s] -- Symlinking: /home/zyme/ros_ws/Autoware_sim_test/install/tier4_perception_msgs/include/tier4_perception_msgs/tier4_perception_msgs/msg/detail/detected_objects_with_feature__type_support.h
[14.449s] -- Symlinking: /home/zyme/ros_ws/Autoware_sim_test/install/tier4_perception_msgs/include/tier4_perception_msgs/tier4_perception_msgs/msg/detail/dynamic_object__functions.h
[14.457s] -- Symlinking: /home/zyme/ros_ws/Autoware_sim_test/install/tier4_perception_msgs/include/tier4_perception_msgs/tier4_perception_msgs/msg/detail/dynamic_object__struct.h
[14.467s] -- Symlinking: /home/zyme/ros_ws/Autoware_sim_test/install/tier4_perception_msgs/include/tier4_perception_msgs/tier4_perception_msgs/msg/detail/dynamic_object__type_support.h
[14.476s] -- Symlinking: /home/zyme/ros_ws/Autoware_sim_test/install/tier4_perception_msgs/include/tier4_perception_msgs/tier4_perception_msgs/msg/detail/dynamic_object_array__functions.h
[14.485s] -- Symlinking: /home/zyme/ros_ws/Autoware_sim_test/install/tier4_perception_msgs/include/tier4_perception_msgs/tier4_perception_msgs/msg/detail/dynamic_object_array__struct.h
[14.494s] -- Symlinking: /home/zyme/ros_ws/Autoware_sim_test/install/tier4_perception_msgs/include/tier4_perception_msgs/tier4_perception_msgs/msg/detail/dynamic_object_array__type_support.h
[14.503s] -- Symlinking: /home/zyme/ros_ws/Autoware_sim_test/install/tier4_perception_msgs/include/tier4_perception_msgs/tier4_perception_msgs/msg/detail/feature__functions.h
[14.513s] -- Symlinking: /home/zyme/ros_ws/Autoware_sim_test/install/tier4_perception_msgs/include/tier4_perception_msgs/tier4_perception_msgs/msg/detail/feature__struct.h
[14.522s] -- Symlinking: /home/zyme/ros_ws/Autoware_sim_test/install/tier4_perception_msgs/include/tier4_perception_msgs/tier4_perception_msgs/msg/detail/feature__type_support.h
[14.531s] -- Symlinking: /home/zyme/ros_ws/Autoware_sim_test/install/tier4_perception_msgs/include/tier4_perception_msgs/tier4_perception_msgs/msg/detail/predicted_path__functions.h
[14.540s] -- Symlinking: /home/zyme/ros_ws/Autoware_sim_test/install/tier4_perception_msgs/include/tier4_perception_msgs/tier4_perception_msgs/msg/detail/predicted_path__struct.h
[14.550s] -- Symlinking: /home/zyme/ros_ws/Autoware_sim_test/install/tier4_perception_msgs/include/tier4_perception_msgs/tier4_perception_msgs/msg/detail/predicted_path__type_support.h
[14.558s] -- Symlinking: /home/zyme/ros_ws/Autoware_sim_test/install/tier4_perception_msgs/include/tier4_perception_msgs/tier4_perception_msgs/msg/detail/semantic__functions.h
[14.567s] -- Symlinking: /home/zyme/ros_ws/Autoware_sim_test/install/tier4_perception_msgs/include/tier4_perception_msgs/tier4_perception_msgs/msg/detail/semantic__struct.h
[14.576s] -- Symlinking: /home/zyme/ros_ws/Autoware_sim_test/install/tier4_perception_msgs/include/tier4_perception_msgs/tier4_perception_msgs/msg/detail/semantic__type_support.h
[14.584s] -- Symlinking: /home/zyme/ros_ws/Autoware_sim_test/install/tier4_perception_msgs/include/tier4_perception_msgs/tier4_perception_msgs/msg/detail/shape__functions.h
[14.593s] -- Symlinking: /home/zyme/ros_ws/Autoware_sim_test/install/tier4_perception_msgs/include/tier4_perception_msgs/tier4_perception_msgs/msg/detail/shape__struct.h
[14.602s] -- Symlinking: /home/zyme/ros_ws/Autoware_sim_test/install/tier4_perception_msgs/include/tier4_perception_msgs/tier4_perception_msgs/msg/detail/shape__type_support.h
[14.611s] -- Symlinking: /home/zyme/ros_ws/Autoware_sim_test/install/tier4_perception_msgs/include/tier4_perception_msgs/tier4_perception_msgs/msg/detail/state__functions.h
[14.620s] -- Symlinking: /home/zyme/ros_ws/Autoware_sim_test/install/tier4_perception_msgs/include/tier4_perception_msgs/tier4_perception_msgs/msg/detail/state__struct.h
[14.629s] -- Symlinking: /home/zyme/ros_ws/Autoware_sim_test/install/tier4_perception_msgs/include/tier4_perception_msgs/tier4_perception_msgs/msg/detail/state__type_support.h
[14.637s] -- Symlinking: /home/zyme/ros_ws/Autoware_sim_test/install/tier4_perception_msgs/include/tier4_perception_msgs/tier4_perception_msgs/msg/detail/traffic_light_element__functions.h
[14.646s] -- Symlinking: /home/zyme/ros_ws/Autoware_sim_test/install/tier4_perception_msgs/include/tier4_perception_msgs/tier4_perception_msgs/msg/detail/traffic_light_element__struct.h
[14.654s] -- Symlinking: /home/zyme/ros_ws/Autoware_sim_test/install/tier4_perception_msgs/include/tier4_perception_msgs/tier4_perception_msgs/msg/detail/traffic_light_element__type_support.h
[14.662s] -- Symlinking: /home/zyme/ros_ws/Autoware_sim_test/install/tier4_perception_msgs/include/tier4_perception_msgs/tier4_perception_msgs/msg/detail/traffic_light_roi__functions.h
[14.670s] -- Symlinking: /home/zyme/ros_ws/Autoware_sim_test/install/tier4_perception_msgs/include/tier4_perception_msgs/tier4_perception_msgs/msg/detail/traffic_light_roi__struct.h
[14.678s] -- Symlinking: /home/zyme/ros_ws/Autoware_sim_test/install/tier4_perception_msgs/include/tier4_perception_msgs/tier4_perception_msgs/msg/detail/traffic_light_roi__type_support.h
[14.687s] -- Symlinking: /home/zyme/ros_ws/Autoware_sim_test/install/tier4_perception_msgs/include/tier4_perception_msgs/tier4_perception_msgs/msg/detail/traffic_light_roi_array__functions.h
[14.696s] -- Symlinking: /home/zyme/ros_ws/Autoware_sim_test/install/tier4_perception_msgs/include/tier4_perception_msgs/tier4_perception_msgs/msg/detail/traffic_light_roi_array__struct.h
[14.705s] -- Symlinking: /home/zyme/ros_ws/Autoware_sim_test/install/tier4_perception_msgs/include/tier4_perception_msgs/tier4_perception_msgs/msg/detail/traffic_light_roi_array__type_support.h
[14.714s] -- Symlinking: /home/zyme/ros_ws/Autoware_sim_test/install/tier4_perception_msgs/include/tier4_perception_msgs/tier4_perception_msgs/msg/detail/traffic_signal__functions.h
[14.723s] -- Symlinking: /home/zyme/ros_ws/Autoware_sim_test/install/tier4_perception_msgs/include/tier4_perception_msgs/tier4_perception_msgs/msg/detail/traffic_signal__struct.h
[14.734s] -- Symlinking: /home/zyme/ros_ws/Autoware_sim_test/install/tier4_perception_msgs/include/tier4_perception_msgs/tier4_perception_msgs/msg/detail/traffic_signal__type_support.h
[14.743s] -- Symlinking: /home/zyme/ros_ws/Autoware_sim_test/install/tier4_perception_msgs/include/tier4_perception_msgs/tier4_perception_msgs/msg/detail/traffic_signal_array__functions.h
[14.753s] -- Symlinking: /home/zyme/ros_ws/Autoware_sim_test/install/tier4_perception_msgs/include/tier4_perception_msgs/tier4_perception_msgs/msg/detail/traffic_signal_array__struct.h
[14.762s] -- Symlinking: /home/zyme/ros_ws/Autoware_sim_test/install/tier4_perception_msgs/include/tier4_perception_msgs/tier4_perception_msgs/msg/detail/traffic_signal_array__type_support.h
[14.771s] -- Symlinking: /home/zyme/ros_ws/Autoware_sim_test/install/tier4_perception_msgs/include/tier4_perception_msgs/tier4_perception_msgs/msg/detected_object_with_feature.h
[14.781s] -- Symlinking: /home/zyme/ros_ws/Autoware_sim_test/install/tier4_perception_msgs/include/tier4_perception_msgs/tier4_perception_msgs/msg/detected_objects_with_feature.h
[14.790s] -- Symlinking: /home/zyme/ros_ws/Autoware_sim_test/install/tier4_perception_msgs/include/tier4_perception_msgs/tier4_perception_msgs/msg/dynamic_object.h
[14.799s] -- Symlinking: /home/zyme/ros_ws/Autoware_sim_test/install/tier4_perception_msgs/include/tier4_perception_msgs/tier4_perception_msgs/msg/dynamic_object_array.h
[14.808s] -- Symlinking: /home/zyme/ros_ws/Autoware_sim_test/install/tier4_perception_msgs/include/tier4_perception_msgs/tier4_perception_msgs/msg/feature.h
[14.817s] -- Symlinking: /home/zyme/ros_ws/Autoware_sim_test/install/tier4_perception_msgs/include/tier4_perception_msgs/tier4_perception_msgs/msg/predicted_path.h
[14.826s] -- Symlinking: /home/zyme/ros_ws/Autoware_sim_test/install/tier4_perception_msgs/include/tier4_perception_msgs/tier4_perception_msgs/msg/rosidl_generator_c__visibility_control.h
[14.835s] -- Symlinking: /home/zyme/ros_ws/Autoware_sim_test/install/tier4_perception_msgs/include/tier4_perception_msgs/tier4_perception_msgs/msg/semantic.h
[14.843s] -- Symlinking: /home/zyme/ros_ws/Autoware_sim_test/install/tier4_perception_msgs/include/tier4_perception_msgs/tier4_perception_msgs/msg/shape.h
[14.852s] -- Symlinking: /home/zyme/ros_ws/Autoware_sim_test/install/tier4_perception_msgs/include/tier4_perception_msgs/tier4_perception_msgs/msg/state.h
[14.860s] -- Symlinking: /home/zyme/ros_ws/Autoware_sim_test/install/tier4_perception_msgs/include/tier4_perception_msgs/tier4_perception_msgs/msg/traffic_light_element.h
[14.869s] -- Symlinking: /home/zyme/ros_ws/Autoware_sim_test/install/tier4_perception_msgs/include/tier4_perception_msgs/tier4_perception_msgs/msg/traffic_light_roi.h
[14.878s] -- Symlinking: /home/zyme/ros_ws/Autoware_sim_test/install/tier4_perception_msgs/include/tier4_perception_msgs/tier4_perception_msgs/msg/traffic_light_roi_array.h
[14.886s] -- Symlinking: /home/zyme/ros_ws/Autoware_sim_test/install/tier4_perception_msgs/include/tier4_perception_msgs/tier4_perception_msgs/msg/traffic_signal.h
[14.894s] -- Symlinking: /home/zyme/ros_ws/Autoware_sim_test/install/tier4_perception_msgs/include/tier4_perception_msgs/tier4_perception_msgs/msg/traffic_signal_array.h
[14.903s] -- Symlinking: /home/zyme/ros_ws/Autoware_sim_test/install/tier4_perception_msgs/share/tier4_perception_msgs/environment/library_path.sh
[14.911s] -- Symlinking: /home/zyme/ros_ws/Autoware_sim_test/install/tier4_perception_msgs/share/tier4_perception_msgs/environment/library_path.dsv
[14.920s] -- Symlinking: /home/zyme/ros_ws/Autoware_sim_test/install/tier4_perception_msgs/include/tier4_perception_msgs/tier4_perception_msgs/msg/detail/detected_object_with_feature__rosidl_typesupport_fastrtps_c.h
[14.928s] -- Symlinking: /home/zyme/ros_ws/Autoware_sim_test/install/tier4_perception_msgs/include/tier4_perception_msgs/tier4_perception_msgs/msg/detail/detected_objects_with_feature__rosidl_typesupport_fastrtps_c.h
[14.936s] -- Symlinking: /home/zyme/ros_ws/Autoware_sim_test/install/tier4_perception_msgs/include/tier4_perception_msgs/tier4_perception_msgs/msg/detail/dynamic_object__rosidl_typesupport_fastrtps_c.h
[14.945s] -- Symlinking: /home/zyme/ros_ws/Autoware_sim_test/install/tier4_perception_msgs/include/tier4_perception_msgs/tier4_perception_msgs/msg/detail/dynamic_object_array__rosidl_typesupport_fastrtps_c.h
[14.953s] -- Symlinking: /home/zyme/ros_ws/Autoware_sim_test/install/tier4_perception_msgs/include/tier4_perception_msgs/tier4_perception_msgs/msg/detail/feature__rosidl_typesupport_fastrtps_c.h
[14.962s] -- Symlinking: /home/zyme/ros_ws/Autoware_sim_test/install/tier4_perception_msgs/include/tier4_perception_msgs/tier4_perception_msgs/msg/detail/predicted_path__rosidl_typesupport_fastrtps_c.h
[14.971s] -- Symlinking: /home/zyme/ros_ws/Autoware_sim_test/install/tier4_perception_msgs/include/tier4_perception_msgs/tier4_perception_msgs/msg/detail/semantic__rosidl_typesupport_fastrtps_c.h
[14.980s] -- Symlinking: /home/zyme/ros_ws/Autoware_sim_test/install/tier4_perception_msgs/include/tier4_perception_msgs/tier4_perception_msgs/msg/detail/shape__rosidl_typesupport_fastrtps_c.h
[14.988s] -- Symlinking: /home/zyme/ros_ws/Autoware_sim_test/install/tier4_perception_msgs/include/tier4_perception_msgs/tier4_perception_msgs/msg/detail/state__rosidl_typesupport_fastrtps_c.h
[14.998s] -- Symlinking: /home/zyme/ros_ws/Autoware_sim_test/install/tier4_perception_msgs/include/tier4_perception_msgs/tier4_perception_msgs/msg/detail/traffic_light_element__rosidl_typesupport_fastrtps_c.h
[15.006s] -- Symlinking: /home/zyme/ros_ws/Autoware_sim_test/install/tier4_perception_msgs/include/tier4_perception_msgs/tier4_perception_msgs/msg/detail/traffic_light_roi__rosidl_typesupport_fastrtps_c.h
[15.015s] -- Symlinking: /home/zyme/ros_ws/Autoware_sim_test/install/tier4_perception_msgs/include/tier4_perception_msgs/tier4_perception_msgs/msg/detail/traffic_light_roi_array__rosidl_typesupport_fastrtps_c.h
[15.023s] -- Symlinking: /home/zyme/ros_ws/Autoware_sim_test/install/tier4_perception_msgs/include/tier4_perception_msgs/tier4_perception_msgs/msg/detail/traffic_signal__rosidl_typesupport_fastrtps_c.h
[15.033s] -- Symlinking: /home/zyme/ros_ws/Autoware_sim_test/install/tier4_perception_msgs/include/tier4_perception_msgs/tier4_perception_msgs/msg/detail/traffic_signal_array__rosidl_typesupport_fastrtps_c.h
[15.041s] -- Symlinking: /home/zyme/ros_ws/Autoware_sim_test/install/tier4_perception_msgs/include/tier4_perception_msgs/tier4_perception_msgs/msg/rosidl_typesupport_fastrtps_c__visibility_control.h
[15.051s] -- Symlinking: /home/zyme/ros_ws/Autoware_sim_test/install/tier4_perception_msgs/include/tier4_perception_msgs/tier4_perception_msgs/msg/detail/detected_object_with_feature__rosidl_typesupport_introspection_c.h
[15.059s] -- Symlinking: /home/zyme/ros_ws/Autoware_sim_test/install/tier4_perception_msgs/include/tier4_perception_msgs/tier4_perception_msgs/msg/detail/detected_objects_with_feature__rosidl_typesupport_introspection_c.h
[15.068s] -- Symlinking: /home/zyme/ros_ws/Autoware_sim_test/install/tier4_perception_msgs/include/tier4_perception_msgs/tier4_perception_msgs/msg/detail/dynamic_object__rosidl_typesupport_introspection_c.h
[15.076s] -- Symlinking: /home/zyme/ros_ws/Autoware_sim_test/install/tier4_perception_msgs/include/tier4_perception_msgs/tier4_perception_msgs/msg/detail/dynamic_object_array__rosidl_typesupport_introspection_c.h
[15.085s] -- Symlinking: /home/zyme/ros_ws/Autoware_sim_test/install/tier4_perception_msgs/include/tier4_perception_msgs/tier4_perception_msgs/msg/detail/feature__rosidl_typesupport_introspection_c.h
[15.094s] -- Symlinking: /home/zyme/ros_ws/Autoware_sim_test/install/tier4_perception_msgs/include/tier4_perception_msgs/tier4_perception_msgs/msg/detail/predicted_path__rosidl_typesupport_introspection_c.h
[15.102s] -- Symlinking: /home/zyme/ros_ws/Autoware_sim_test/install/tier4_perception_msgs/include/tier4_perception_msgs/tier4_perception_msgs/msg/detail/semantic__rosidl_typesupport_introspection_c.h
[15.110s] -- Symlinking: /home/zyme/ros_ws/Autoware_sim_test/install/tier4_perception_msgs/include/tier4_perception_msgs/tier4_perception_msgs/msg/detail/shape__rosidl_typesupport_introspection_c.h
[15.119s] -- Symlinking: /home/zyme/ros_ws/Autoware_sim_test/install/tier4_perception_msgs/include/tier4_perception_msgs/tier4_perception_msgs/msg/detail/state__rosidl_typesupport_introspection_c.h
[15.127s] -- Symlinking: /home/zyme/ros_ws/Autoware_sim_test/install/tier4_perception_msgs/include/tier4_perception_msgs/tier4_perception_msgs/msg/detail/traffic_light_element__rosidl_typesupport_introspection_c.h
[15.135s] -- Symlinking: /home/zyme/ros_ws/Autoware_sim_test/install/tier4_perception_msgs/include/tier4_perception_msgs/tier4_perception_msgs/msg/detail/traffic_light_roi__rosidl_typesupport_introspection_c.h
[15.143s] -- Symlinking: /home/zyme/ros_ws/Autoware_sim_test/install/tier4_perception_msgs/include/tier4_perception_msgs/tier4_perception_msgs/msg/detail/traffic_light_roi_array__rosidl_typesupport_introspection_c.h
[15.152s] -- Symlinking: /home/zyme/ros_ws/Autoware_sim_test/install/tier4_perception_msgs/include/tier4_perception_msgs/tier4_perception_msgs/msg/detail/traffic_signal__rosidl_typesupport_introspection_c.h
[15.160s] -- Symlinking: /home/zyme/ros_ws/Autoware_sim_test/install/tier4_perception_msgs/include/tier4_perception_msgs/tier4_perception_msgs/msg/detail/traffic_signal_array__rosidl_typesupport_introspection_c.h
[15.168s] -- Symlinking: /home/zyme/ros_ws/Autoware_sim_test/install/tier4_perception_msgs/include/tier4_perception_msgs/tier4_perception_msgs/msg/rosidl_typesupport_introspection_c__visibility_control.h
[15.177s] -- Symlinking: /home/zyme/ros_ws/Autoware_sim_test/install/tier4_perception_msgs/include/tier4_perception_msgs/tier4_perception_msgs/msg/detail/detected_object_with_feature__builder.hpp
[15.185s] -- Symlinking: /home/zyme/ros_ws/Autoware_sim_test/install/tier4_perception_msgs/include/tier4_perception_msgs/tier4_perception_msgs/msg/detail/detected_object_with_feature__struct.hpp
[15.193s] -- Symlinking: /home/zyme/ros_ws/Autoware_sim_test/install/tier4_perception_msgs/include/tier4_perception_msgs/tier4_perception_msgs/msg/detail/detected_object_with_feature__traits.hpp
[15.201s] -- Symlinking: /home/zyme/ros_ws/Autoware_sim_test/install/tier4_perception_msgs/include/tier4_perception_msgs/tier4_perception_msgs/msg/detail/detected_objects_with_feature__builder.hpp
[15.209s] -- Symlinking: /home/zyme/ros_ws/Autoware_sim_test/install/tier4_perception_msgs/include/tier4_perception_msgs/tier4_perception_msgs/msg/detail/detected_objects_with_feature__struct.hpp
[15.217s] -- Symlinking: /home/zyme/ros_ws/Autoware_sim_test/install/tier4_perception_msgs/include/tier4_perception_msgs/tier4_perception_msgs/msg/detail/detected_objects_with_feature__traits.hpp
[15.225s] -- Symlinking: /home/zyme/ros_ws/Autoware_sim_test/install/tier4_perception_msgs/include/tier4_perception_msgs/tier4_perception_msgs/msg/detail/dynamic_object__builder.hpp
[15.234s] -- Symlinking: /home/zyme/ros_ws/Autoware_sim_test/install/tier4_perception_msgs/include/tier4_perception_msgs/tier4_perception_msgs/msg/detail/dynamic_object__struct.hpp
[15.242s] -- Symlinking: /home/zyme/ros_ws/Autoware_sim_test/install/tier4_perception_msgs/include/tier4_perception_msgs/tier4_perception_msgs/msg/detail/dynamic_object__traits.hpp
[15.250s] -- Symlinking: /home/zyme/ros_ws/Autoware_sim_test/install/tier4_perception_msgs/include/tier4_perception_msgs/tier4_perception_msgs/msg/detail/dynamic_object_array__builder.hpp
[15.259s] -- Symlinking: /home/zyme/ros_ws/Autoware_sim_test/install/tier4_perception_msgs/include/tier4_perception_msgs/tier4_perception_msgs/msg/detail/dynamic_object_array__struct.hpp
[15.268s] -- Symlinking: /home/zyme/ros_ws/Autoware_sim_test/install/tier4_perception_msgs/include/tier4_perception_msgs/tier4_perception_msgs/msg/detail/dynamic_object_array__traits.hpp
[15.276s] -- Symlinking: /home/zyme/ros_ws/Autoware_sim_test/install/tier4_perception_msgs/include/tier4_perception_msgs/tier4_perception_msgs/msg/detail/feature__builder.hpp
[15.285s] -- Symlinking: /home/zyme/ros_ws/Autoware_sim_test/install/tier4_perception_msgs/include/tier4_perception_msgs/tier4_perception_msgs/msg/detail/feature__struct.hpp
[15.293s] -- Symlinking: /home/zyme/ros_ws/Autoware_sim_test/install/tier4_perception_msgs/include/tier4_perception_msgs/tier4_perception_msgs/msg/detail/feature__traits.hpp
[15.302s] -- Symlinking: /home/zyme/ros_ws/Autoware_sim_test/install/tier4_perception_msgs/include/tier4_perception_msgs/tier4_perception_msgs/msg/detail/predicted_path__builder.hpp
[15.310s] -- Symlinking: /home/zyme/ros_ws/Autoware_sim_test/install/tier4_perception_msgs/include/tier4_perception_msgs/tier4_perception_msgs/msg/detail/predicted_path__struct.hpp
[15.319s] -- Symlinking: /home/zyme/ros_ws/Autoware_sim_test/install/tier4_perception_msgs/include/tier4_perception_msgs/tier4_perception_msgs/msg/detail/predicted_path__traits.hpp
[15.327s] -- Symlinking: /home/zyme/ros_ws/Autoware_sim_test/install/tier4_perception_msgs/include/tier4_perception_msgs/tier4_perception_msgs/msg/detail/semantic__builder.hpp
[15.335s] -- Symlinking: /home/zyme/ros_ws/Autoware_sim_test/install/tier4_perception_msgs/include/tier4_perception_msgs/tier4_perception_msgs/msg/detail/semantic__struct.hpp
[15.344s] -- Symlinking: /home/zyme/ros_ws/Autoware_sim_test/install/tier4_perception_msgs/include/tier4_perception_msgs/tier4_perception_msgs/msg/detail/semantic__traits.hpp
[15.353s] -- Symlinking: /home/zyme/ros_ws/Autoware_sim_test/install/tier4_perception_msgs/include/tier4_perception_msgs/tier4_perception_msgs/msg/detail/shape__builder.hpp
[15.361s] -- Symlinking: /home/zyme/ros_ws/Autoware_sim_test/install/tier4_perception_msgs/include/tier4_perception_msgs/tier4_perception_msgs/msg/detail/shape__struct.hpp
[15.369s] -- Symlinking: /home/zyme/ros_ws/Autoware_sim_test/install/tier4_perception_msgs/include/tier4_perception_msgs/tier4_perception_msgs/msg/detail/shape__traits.hpp
[15.377s] -- Symlinking: /home/zyme/ros_ws/Autoware_sim_test/install/tier4_perception_msgs/include/tier4_perception_msgs/tier4_perception_msgs/msg/detail/state__builder.hpp
[15.386s] -- Symlinking: /home/zyme/ros_ws/Autoware_sim_test/install/tier4_perception_msgs/include/tier4_perception_msgs/tier4_perception_msgs/msg/detail/state__struct.hpp
[15.397s] -- Symlinking: /home/zyme/ros_ws/Autoware_sim_test/install/tier4_perception_msgs/include/tier4_perception_msgs/tier4_perception_msgs/msg/detail/state__traits.hpp
[15.406s] -- Symlinking: /home/zyme/ros_ws/Autoware_sim_test/install/tier4_perception_msgs/include/tier4_perception_msgs/tier4_perception_msgs/msg/detail/traffic_light_element__builder.hpp
[15.415s] -- Symlinking: /home/zyme/ros_ws/Autoware_sim_test/install/tier4_perception_msgs/include/tier4_perception_msgs/tier4_perception_msgs/msg/detail/traffic_light_element__struct.hpp
[15.423s] -- Symlinking: /home/zyme/ros_ws/Autoware_sim_test/install/tier4_perception_msgs/include/tier4_perception_msgs/tier4_perception_msgs/msg/detail/traffic_light_element__traits.hpp
[15.431s] -- Symlinking: /home/zyme/ros_ws/Autoware_sim_test/install/tier4_perception_msgs/include/tier4_perception_msgs/tier4_perception_msgs/msg/detail/traffic_light_roi__builder.hpp
[15.440s] -- Symlinking: /home/zyme/ros_ws/Autoware_sim_test/install/tier4_perception_msgs/include/tier4_perception_msgs/tier4_perception_msgs/msg/detail/traffic_light_roi__struct.hpp
[15.448s] -- Symlinking: /home/zyme/ros_ws/Autoware_sim_test/install/tier4_perception_msgs/include/tier4_perception_msgs/tier4_perception_msgs/msg/detail/traffic_light_roi__traits.hpp
[15.457s] -- Symlinking: /home/zyme/ros_ws/Autoware_sim_test/install/tier4_perception_msgs/include/tier4_perception_msgs/tier4_perception_msgs/msg/detail/traffic_light_roi_array__builder.hpp
[15.465s] -- Symlinking: /home/zyme/ros_ws/Autoware_sim_test/install/tier4_perception_msgs/include/tier4_perception_msgs/tier4_perception_msgs/msg/detail/traffic_light_roi_array__struct.hpp
[15.473s] -- Symlinking: /home/zyme/ros_ws/Autoware_sim_test/install/tier4_perception_msgs/include/tier4_perception_msgs/tier4_perception_msgs/msg/detail/traffic_light_roi_array__traits.hpp
[15.481s] -- Symlinking: /home/zyme/ros_ws/Autoware_sim_test/install/tier4_perception_msgs/include/tier4_perception_msgs/tier4_perception_msgs/msg/detail/traffic_signal__builder.hpp
[15.489s] -- Symlinking: /home/zyme/ros_ws/Autoware_sim_test/install/tier4_perception_msgs/include/tier4_perception_msgs/tier4_perception_msgs/msg/detail/traffic_signal__struct.hpp
[15.497s] -- Symlinking: /home/zyme/ros_ws/Autoware_sim_test/install/tier4_perception_msgs/include/tier4_perception_msgs/tier4_perception_msgs/msg/detail/traffic_signal__traits.hpp
[15.505s] -- Symlinking: /home/zyme/ros_ws/Autoware_sim_test/install/tier4_perception_msgs/include/tier4_perception_msgs/tier4_perception_msgs/msg/detail/traffic_signal_array__builder.hpp
[15.513s] -- Symlinking: /home/zyme/ros_ws/Autoware_sim_test/install/tier4_perception_msgs/include/tier4_perception_msgs/tier4_perception_msgs/msg/detail/traffic_signal_array__struct.hpp
[15.521s] -- Symlinking: /home/zyme/ros_ws/Autoware_sim_test/install/tier4_perception_msgs/include/tier4_perception_msgs/tier4_perception_msgs/msg/detail/traffic_signal_array__traits.hpp
[15.529s] -- Symlinking: /home/zyme/ros_ws/Autoware_sim_test/install/tier4_perception_msgs/include/tier4_perception_msgs/tier4_perception_msgs/msg/detected_object_with_feature.hpp
[15.537s] -- Symlinking: /home/zyme/ros_ws/Autoware_sim_test/install/tier4_perception_msgs/include/tier4_perception_msgs/tier4_perception_msgs/msg/detected_objects_with_feature.hpp
[15.545s] -- Symlinking: /home/zyme/ros_ws/Autoware_sim_test/install/tier4_perception_msgs/include/tier4_perception_msgs/tier4_perception_msgs/msg/dynamic_object.hpp
[15.553s] -- Symlinking: /home/zyme/ros_ws/Autoware_sim_test/install/tier4_perception_msgs/include/tier4_perception_msgs/tier4_perception_msgs/msg/dynamic_object_array.hpp
[15.562s] -- Symlinking: /home/zyme/ros_ws/Autoware_sim_test/install/tier4_perception_msgs/include/tier4_perception_msgs/tier4_perception_msgs/msg/feature.hpp
[15.570s] -- Symlinking: /home/zyme/ros_ws/Autoware_sim_test/install/tier4_perception_msgs/include/tier4_perception_msgs/tier4_perception_msgs/msg/predicted_path.hpp
[15.578s] -- Symlinking: /home/zyme/ros_ws/Autoware_sim_test/install/tier4_perception_msgs/include/tier4_perception_msgs/tier4_perception_msgs/msg/semantic.hpp
[15.586s] -- Symlinking: /home/zyme/ros_ws/Autoware_sim_test/install/tier4_perception_msgs/include/tier4_perception_msgs/tier4_perception_msgs/msg/shape.hpp
[15.594s] -- Symlinking: /home/zyme/ros_ws/Autoware_sim_test/install/tier4_perception_msgs/include/tier4_perception_msgs/tier4_perception_msgs/msg/state.hpp
[15.602s] -- Symlinking: /home/zyme/ros_ws/Autoware_sim_test/install/tier4_perception_msgs/include/tier4_perception_msgs/tier4_perception_msgs/msg/traffic_light_element.hpp
[15.610s] -- Symlinking: /home/zyme/ros_ws/Autoware_sim_test/install/tier4_perception_msgs/include/tier4_perception_msgs/tier4_perception_msgs/msg/traffic_light_roi.hpp
[15.618s] -- Symlinking: /home/zyme/ros_ws/Autoware_sim_test/install/tier4_perception_msgs/include/tier4_perception_msgs/tier4_perception_msgs/msg/traffic_light_roi_array.hpp
[15.626s] -- Symlinking: /home/zyme/ros_ws/Autoware_sim_test/install/tier4_perception_msgs/include/tier4_perception_msgs/tier4_perception_msgs/msg/traffic_signal.hpp
[15.635s] -- Symlinking: /home/zyme/ros_ws/Autoware_sim_test/install/tier4_perception_msgs/include/tier4_perception_msgs/tier4_perception_msgs/msg/traffic_signal_array.hpp
[15.644s] -- Symlinking: /home/zyme/ros_ws/Autoware_sim_test/install/tier4_perception_msgs/include/tier4_perception_msgs/tier4_perception_msgs/msg/detail/detected_object_with_feature__rosidl_typesupport_fastrtps_cpp.hpp
[15.652s] -- Symlinking: /home/zyme/ros_ws/Autoware_sim_test/install/tier4_perception_msgs/include/tier4_perception_msgs/tier4_perception_msgs/msg/detail/detected_objects_with_feature__rosidl_typesupport_fastrtps_cpp.hpp
[15.661s] -- Symlinking: /home/zyme/ros_ws/Autoware_sim_test/install/tier4_perception_msgs/include/tier4_perception_msgs/tier4_perception_msgs/msg/detail/dynamic_object__rosidl_typesupport_fastrtps_cpp.hpp
[15.669s] -- Symlinking: /home/zyme/ros_ws/Autoware_sim_test/install/tier4_perception_msgs/include/tier4_perception_msgs/tier4_perception_msgs/msg/detail/dynamic_object_array__rosidl_typesupport_fastrtps_cpp.hpp
[15.678s] -- Symlinking: /home/zyme/ros_ws/Autoware_sim_test/install/tier4_perception_msgs/include/tier4_perception_msgs/tier4_perception_msgs/msg/detail/feature__rosidl_typesupport_fastrtps_cpp.hpp
[15.686s] -- Symlinking: /home/zyme/ros_ws/Autoware_sim_test/install/tier4_perception_msgs/include/tier4_perception_msgs/tier4_perception_msgs/msg/detail/predicted_path__rosidl_typesupport_fastrtps_cpp.hpp
[15.694s] -- Symlinking: /home/zyme/ros_ws/Autoware_sim_test/install/tier4_perception_msgs/include/tier4_perception_msgs/tier4_perception_msgs/msg/detail/semantic__rosidl_typesupport_fastrtps_cpp.hpp
[15.702s] -- Symlinking: /home/zyme/ros_ws/Autoware_sim_test/install/tier4_perception_msgs/include/tier4_perception_msgs/tier4_perception_msgs/msg/detail/shape__rosidl_typesupport_fastrtps_cpp.hpp
[15.710s] -- Symlinking: /home/zyme/ros_ws/Autoware_sim_test/install/tier4_perception_msgs/include/tier4_perception_msgs/tier4_perception_msgs/msg/detail/state__rosidl_typesupport_fastrtps_cpp.hpp
[15.718s] -- Symlinking: /home/zyme/ros_ws/Autoware_sim_test/install/tier4_perception_msgs/include/tier4_perception_msgs/tier4_perception_msgs/msg/detail/traffic_light_element__rosidl_typesupport_fastrtps_cpp.hpp
[15.726s] -- Symlinking: /home/zyme/ros_ws/Autoware_sim_test/install/tier4_perception_msgs/include/tier4_perception_msgs/tier4_perception_msgs/msg/detail/traffic_light_roi__rosidl_typesupport_fastrtps_cpp.hpp
[15.735s] -- Symlinking: /home/zyme/ros_ws/Autoware_sim_test/install/tier4_perception_msgs/include/tier4_perception_msgs/tier4_perception_msgs/msg/detail/traffic_light_roi_array__rosidl_typesupport_fastrtps_cpp.hpp
[15.744s] -- Symlinking: /home/zyme/ros_ws/Autoware_sim_test/install/tier4_perception_msgs/include/tier4_perception_msgs/tier4_perception_msgs/msg/detail/traffic_signal__rosidl_typesupport_fastrtps_cpp.hpp
[15.752s] -- Symlinking: /home/zyme/ros_ws/Autoware_sim_test/install/tier4_perception_msgs/include/tier4_perception_msgs/tier4_perception_msgs/msg/detail/traffic_signal_array__rosidl_typesupport_fastrtps_cpp.hpp
[15.760s] -- Symlinking: /home/zyme/ros_ws/Autoware_sim_test/install/tier4_perception_msgs/include/tier4_perception_msgs/tier4_perception_msgs/msg/rosidl_typesupport_fastrtps_cpp__visibility_control.h
[15.769s] -- Symlinking: /home/zyme/ros_ws/Autoware_sim_test/install/tier4_perception_msgs/include/tier4_perception_msgs/tier4_perception_msgs/msg/detail/detected_object_with_feature__rosidl_typesupport_introspection_cpp.hpp
[15.777s] -- Symlinking: /home/zyme/ros_ws/Autoware_sim_test/install/tier4_perception_msgs/include/tier4_perception_msgs/tier4_perception_msgs/msg/detail/detected_objects_with_feature__rosidl_typesupport_introspection_cpp.hpp
[15.785s] -- Symlinking: /home/zyme/ros_ws/Autoware_sim_test/install/tier4_perception_msgs/include/tier4_perception_msgs/tier4_perception_msgs/msg/detail/dynamic_object__rosidl_typesupport_introspection_cpp.hpp
[15.794s] -- Symlinking: /home/zyme/ros_ws/Autoware_sim_test/install/tier4_perception_msgs/include/tier4_perception_msgs/tier4_perception_msgs/msg/detail/dynamic_object_array__rosidl_typesupport_introspection_cpp.hpp
[15.802s] -- Symlinking: /home/zyme/ros_ws/Autoware_sim_test/install/tier4_perception_msgs/include/tier4_perception_msgs/tier4_perception_msgs/msg/detail/feature__rosidl_typesupport_introspection_cpp.hpp
[15.810s] -- Symlinking: /home/zyme/ros_ws/Autoware_sim_test/install/tier4_perception_msgs/include/tier4_perception_msgs/tier4_perception_msgs/msg/detail/predicted_path__rosidl_typesupport_introspection_cpp.hpp
[15.818s] -- Symlinking: /home/zyme/ros_ws/Autoware_sim_test/install/tier4_perception_msgs/include/tier4_perception_msgs/tier4_perception_msgs/msg/detail/semantic__rosidl_typesupport_introspection_cpp.hpp
[15.826s] -- Symlinking: /home/zyme/ros_ws/Autoware_sim_test/install/tier4_perception_msgs/include/tier4_perception_msgs/tier4_perception_msgs/msg/detail/shape__rosidl_typesupport_introspection_cpp.hpp
[15.835s] -- Symlinking: /home/zyme/ros_ws/Autoware_sim_test/install/tier4_perception_msgs/include/tier4_perception_msgs/tier4_perception_msgs/msg/detail/state__rosidl_typesupport_introspection_cpp.hpp
[15.843s] -- Symlinking: /home/zyme/ros_ws/Autoware_sim_test/install/tier4_perception_msgs/include/tier4_perception_msgs/tier4_perception_msgs/msg/detail/traffic_light_element__rosidl_typesupport_introspection_cpp.hpp
[15.853s] -- Symlinking: /home/zyme/ros_ws/Autoware_sim_test/install/tier4_perception_msgs/include/tier4_perception_msgs/tier4_perception_msgs/msg/detail/traffic_light_roi__rosidl_typesupport_introspection_cpp.hpp
[15.862s] -- Symlinking: /home/zyme/ros_ws/Autoware_sim_test/install/tier4_perception_msgs/include/tier4_perception_msgs/tier4_perception_msgs/msg/detail/traffic_light_roi_array__rosidl_typesupport_introspection_cpp.hpp
[15.870s] -- Symlinking: /home/zyme/ros_ws/Autoware_sim_test/install/tier4_perception_msgs/include/tier4_perception_msgs/tier4_perception_msgs/msg/detail/traffic_signal__rosidl_typesupport_introspection_cpp.hpp
[15.878s] -- Symlinking: /home/zyme/ros_ws/Autoware_sim_test/install/tier4_perception_msgs/include/tier4_perception_msgs/tier4_perception_msgs/msg/detail/traffic_signal_array__rosidl_typesupport_introspection_cpp.hpp
[15.887s] -- Symlinking: /home/zyme/ros_ws/Autoware_sim_test/install/tier4_perception_msgs/share/tier4_perception_msgs/environment/pythonpath.sh
[15.895s] -- Symlinking: /home/zyme/ros_ws/Autoware_sim_test/install/tier4_perception_msgs/share/tier4_perception_msgs/environment/pythonpath.dsv
[15.904s] -- Symlinking: /home/zyme/ros_ws/Autoware_sim_test/install/tier4_perception_msgs/local/lib/python3.10/dist-packages/tier4_perception_msgs-0.1.0-py3.10.egg-info/PKG-INFO
[15.912s] -- Symlinking: /home/zyme/ros_ws/Autoware_sim_test/install/tier4_perception_msgs/local/lib/python3.10/dist-packages/tier4_perception_msgs-0.1.0-py3.10.egg-info/SOURCES.txt
[15.921s] -- Symlinking: /home/zyme/ros_ws/Autoware_sim_test/install/tier4_perception_msgs/local/lib/python3.10/dist-packages/tier4_perception_msgs-0.1.0-py3.10.egg-info/dependency_links.txt
[15.929s] -- Symlinking: /home/zyme/ros_ws/Autoware_sim_test/install/tier4_perception_msgs/local/lib/python3.10/dist-packages/tier4_perception_msgs-0.1.0-py3.10.egg-info/top_level.txt
[15.938s] -- Symlinking: /home/zyme/ros_ws/Autoware_sim_test/install/tier4_perception_msgs/local/lib/python3.10/dist-packages/tier4_perception_msgs/__init__.py
[15.947s] -- Symlinking: /home/zyme/ros_ws/Autoware_sim_test/install/tier4_perception_msgs/local/lib/python3.10/dist-packages/tier4_perception_msgs/_tier4_perception_msgs_s.ep.rosidl_typesupport_c.c
[15.955s] -- Symlinking: /home/zyme/ros_ws/Autoware_sim_test/install/tier4_perception_msgs/local/lib/python3.10/dist-packages/tier4_perception_msgs/_tier4_perception_msgs_s.ep.rosidl_typesupport_fastrtps_c.c
[15.963s] -- Symlinking: /home/zyme/ros_ws/Autoware_sim_test/install/tier4_perception_msgs/local/lib/python3.10/dist-packages/tier4_perception_msgs/_tier4_perception_msgs_s.ep.rosidl_typesupport_introspection_c.c
[15.972s] -- Symlinking: /home/zyme/ros_ws/Autoware_sim_test/install/tier4_perception_msgs/local/lib/python3.10/dist-packages/tier4_perception_msgs/libtier4_perception_msgs__rosidl_generator_py.so
[15.980s] -- Symlinking: /home/zyme/ros_ws/Autoware_sim_test/install/tier4_perception_msgs/local/lib/python3.10/dist-packages/tier4_perception_msgs/msg/__init__.py
[15.988s] -- Symlinking: /home/zyme/ros_ws/Autoware_sim_test/install/tier4_perception_msgs/local/lib/python3.10/dist-packages/tier4_perception_msgs/msg/_detected_object_with_feature.py
[15.997s] -- Symlinking: /home/zyme/ros_ws/Autoware_sim_test/install/tier4_perception_msgs/local/lib/python3.10/dist-packages/tier4_perception_msgs/msg/_detected_object_with_feature_s.c
[16.006s] -- Symlinking: /home/zyme/ros_ws/Autoware_sim_test/install/tier4_perception_msgs/local/lib/python3.10/dist-packages/tier4_perception_msgs/msg/_detected_objects_with_feature.py
[16.014s] -- Symlinking: /home/zyme/ros_ws/Autoware_sim_test/install/tier4_perception_msgs/local/lib/python3.10/dist-packages/tier4_perception_msgs/msg/_detected_objects_with_feature_s.c
[16.023s] -- Symlinking: /home/zyme/ros_ws/Autoware_sim_test/install/tier4_perception_msgs/local/lib/python3.10/dist-packages/tier4_perception_msgs/msg/_dynamic_object.py
[16.031s] -- Symlinking: /home/zyme/ros_ws/Autoware_sim_test/install/tier4_perception_msgs/local/lib/python3.10/dist-packages/tier4_perception_msgs/msg/_dynamic_object_array.py
[16.039s] -- Symlinking: /home/zyme/ros_ws/Autoware_sim_test/install/tier4_perception_msgs/local/lib/python3.10/dist-packages/tier4_perception_msgs/msg/_dynamic_object_array_s.c
[16.048s] -- Symlinking: /home/zyme/ros_ws/Autoware_sim_test/install/tier4_perception_msgs/local/lib/python3.10/dist-packages/tier4_perception_msgs/msg/_dynamic_object_s.c
[16.057s] -- Symlinking: /home/zyme/ros_ws/Autoware_sim_test/install/tier4_perception_msgs/local/lib/python3.10/dist-packages/tier4_perception_msgs/msg/_feature.py
[16.065s] -- Symlinking: /home/zyme/ros_ws/Autoware_sim_test/install/tier4_perception_msgs/local/lib/python3.10/dist-packages/tier4_perception_msgs/msg/_feature_s.c
[16.073s] -- Symlinking: /home/zyme/ros_ws/Autoware_sim_test/install/tier4_perception_msgs/local/lib/python3.10/dist-packages/tier4_perception_msgs/msg/_predicted_path.py
[16.081s] -- Symlinking: /home/zyme/ros_ws/Autoware_sim_test/install/tier4_perception_msgs/local/lib/python3.10/dist-packages/tier4_perception_msgs/msg/_predicted_path_s.c
[16.089s] -- Symlinking: /home/zyme/ros_ws/Autoware_sim_test/install/tier4_perception_msgs/local/lib/python3.10/dist-packages/tier4_perception_msgs/msg/_semantic.py
[16.097s] -- Symlinking: /home/zyme/ros_ws/Autoware_sim_test/install/tier4_perception_msgs/local/lib/python3.10/dist-packages/tier4_perception_msgs/msg/_semantic_s.c
[16.105s] -- Symlinking: /home/zyme/ros_ws/Autoware_sim_test/install/tier4_perception_msgs/local/lib/python3.10/dist-packages/tier4_perception_msgs/msg/_shape.py
[16.113s] -- Symlinking: /home/zyme/ros_ws/Autoware_sim_test/install/tier4_perception_msgs/local/lib/python3.10/dist-packages/tier4_perception_msgs/msg/_shape_s.c
[16.121s] -- Symlinking: /home/zyme/ros_ws/Autoware_sim_test/install/tier4_perception_msgs/local/lib/python3.10/dist-packages/tier4_perception_msgs/msg/_state.py
[16.129s] -- Symlinking: /home/zyme/ros_ws/Autoware_sim_test/install/tier4_perception_msgs/local/lib/python3.10/dist-packages/tier4_perception_msgs/msg/_state_s.c
[16.138s] -- Symlinking: /home/zyme/ros_ws/Autoware_sim_test/install/tier4_perception_msgs/local/lib/python3.10/dist-packages/tier4_perception_msgs/msg/_traffic_light_element.py
[16.146s] -- Symlinking: /home/zyme/ros_ws/Autoware_sim_test/install/tier4_perception_msgs/local/lib/python3.10/dist-packages/tier4_perception_msgs/msg/_traffic_light_element_s.c
[16.154s] -- Symlinking: /home/zyme/ros_ws/Autoware_sim_test/install/tier4_perception_msgs/local/lib/python3.10/dist-packages/tier4_perception_msgs/msg/_traffic_light_roi.py
[16.162s] -- Symlinking: /home/zyme/ros_ws/Autoware_sim_test/install/tier4_perception_msgs/local/lib/python3.10/dist-packages/tier4_perception_msgs/msg/_traffic_light_roi_array.py
[16.170s] -- Symlinking: /home/zyme/ros_ws/Autoware_sim_test/install/tier4_perception_msgs/local/lib/python3.10/dist-packages/tier4_perception_msgs/msg/_traffic_light_roi_array_s.c
[16.178s] -- Symlinking: /home/zyme/ros_ws/Autoware_sim_test/install/tier4_perception_msgs/local/lib/python3.10/dist-packages/tier4_perception_msgs/msg/_traffic_light_roi_s.c
[16.186s] -- Symlinking: /home/zyme/ros_ws/Autoware_sim_test/install/tier4_perception_msgs/local/lib/python3.10/dist-packages/tier4_perception_msgs/msg/_traffic_signal.py
[16.194s] -- Symlinking: /home/zyme/ros_ws/Autoware_sim_test/install/tier4_perception_msgs/local/lib/python3.10/dist-packages/tier4_perception_msgs/msg/_traffic_signal_array.py
[16.202s] -- Symlinking: /home/zyme/ros_ws/Autoware_sim_test/install/tier4_perception_msgs/local/lib/python3.10/dist-packages/tier4_perception_msgs/msg/_traffic_signal_array_s.c
[16.210s] -- Symlinking: /home/zyme/ros_ws/Autoware_sim_test/install/tier4_perception_msgs/local/lib/python3.10/dist-packages/tier4_perception_msgs/msg/_traffic_signal_s.c
[16.218s] -- Symlinking: /home/zyme/ros_ws/Autoware_sim_test/install/tier4_perception_msgs/local/lib/python3.10/dist-packages/tier4_perception_msgs/tier4_perception_msgs_s__rosidl_typesupport_c.cpython-310-x86_64-linux-gnu.so
[16.226s] -- Symlinking: /home/zyme/ros_ws/Autoware_sim_test/install/tier4_perception_msgs/local/lib/python3.10/dist-packages/tier4_perception_msgs/tier4_perception_msgs_s__rosidl_typesupport_fastrtps_c.cpython-310-x86_64-linux-gnu.so
[16.234s] -- Symlinking: /home/zyme/ros_ws/Autoware_sim_test/install/tier4_perception_msgs/local/lib/python3.10/dist-packages/tier4_perception_msgs/tier4_perception_msgs_s__rosidl_typesupport_introspection_c.cpython-310-x86_64-linux-gnu.so
[16.242s] -- Up-to-date symlink: /home/zyme/ros_ws/Autoware_sim_test/install/tier4_perception_msgs/local/lib/python3.10/dist-packages/tier4_perception_msgs/tier4_perception_msgs_s__rosidl_typesupport_fastrtps_c.cpython-310-x86_64-linux-gnu.so
[16.242s] -- Up-to-date symlink: /home/zyme/ros_ws/Autoware_sim_test/install/tier4_perception_msgs/local/lib/python3.10/dist-packages/tier4_perception_msgs/tier4_perception_msgs_s__rosidl_typesupport_introspection_c.cpython-310-x86_64-linux-gnu.so
[16.243s] -- Up-to-date symlink: /home/zyme/ros_ws/Autoware_sim_test/install/tier4_perception_msgs/local/lib/python3.10/dist-packages/tier4_perception_msgs/tier4_perception_msgs_s__rosidl_typesupport_c.cpython-310-x86_64-linux-gnu.so
[16.243s] -- Symlinking: /home/zyme/ros_ws/Autoware_sim_test/install/tier4_perception_msgs/share/tier4_perception_msgs/msg/DetectedObjectWithFeature.idl
[16.251s] -- Symlinking: /home/zyme/ros_ws/Autoware_sim_test/install/tier4_perception_msgs/share/tier4_perception_msgs/msg/DetectedObjectsWithFeature.idl
[16.259s] -- Symlinking: /home/zyme/ros_ws/Autoware_sim_test/install/tier4_perception_msgs/share/tier4_perception_msgs/msg/DynamicObject.idl
[16.268s] -- Symlinking: /home/zyme/ros_ws/Autoware_sim_test/install/tier4_perception_msgs/share/tier4_perception_msgs/msg/DynamicObjectArray.idl
[16.276s] -- Symlinking: /home/zyme/ros_ws/Autoware_sim_test/install/tier4_perception_msgs/share/tier4_perception_msgs/msg/Feature.idl
[16.285s] -- Symlinking: /home/zyme/ros_ws/Autoware_sim_test/install/tier4_perception_msgs/share/tier4_perception_msgs/msg/PredictedPath.idl
[16.293s] -- Symlinking: /home/zyme/ros_ws/Autoware_sim_test/install/tier4_perception_msgs/share/tier4_perception_msgs/msg/Semantic.idl
[16.302s] -- Symlinking: /home/zyme/ros_ws/Autoware_sim_test/install/tier4_perception_msgs/share/tier4_perception_msgs/msg/Shape.idl
[16.310s] -- Symlinking: /home/zyme/ros_ws/Autoware_sim_test/install/tier4_perception_msgs/share/tier4_perception_msgs/msg/State.idl
[16.318s] -- Symlinking: /home/zyme/ros_ws/Autoware_sim_test/install/tier4_perception_msgs/share/tier4_perception_msgs/msg/TrafficLightElement.idl
[16.326s] -- Symlinking: /home/zyme/ros_ws/Autoware_sim_test/install/tier4_perception_msgs/share/tier4_perception_msgs/msg/TrafficLightRoi.idl
[16.335s] -- Symlinking: /home/zyme/ros_ws/Autoware_sim_test/install/tier4_perception_msgs/share/tier4_perception_msgs/msg/TrafficLightRoiArray.idl
[16.344s] -- Symlinking: /home/zyme/ros_ws/Autoware_sim_test/install/tier4_perception_msgs/share/tier4_perception_msgs/msg/TrafficSignal.idl
[16.352s] -- Symlinking: /home/zyme/ros_ws/Autoware_sim_test/install/tier4_perception_msgs/share/tier4_perception_msgs/msg/TrafficSignalArray.idl
[16.361s] -- Symlinking: /home/zyme/ros_ws/Autoware_sim_test/install/tier4_perception_msgs/share/tier4_perception_msgs/object_recognition/DetectedObjectWithFeature.msg
[16.371s] -- Symlinking: /home/zyme/ros_ws/Autoware_sim_test/install/tier4_perception_msgs/share/tier4_perception_msgs/object_recognition/DetectedObjectsWithFeature.msg
[16.380s] -- Symlinking: /home/zyme/ros_ws/Autoware_sim_test/install/tier4_perception_msgs/share/tier4_perception_msgs/object_recognition/DynamicObject.msg
[16.389s] -- Symlinking: /home/zyme/ros_ws/Autoware_sim_test/install/tier4_perception_msgs/share/tier4_perception_msgs/object_recognition/DynamicObjectArray.msg
[16.399s] -- Symlinking: /home/zyme/ros_ws/Autoware_sim_test/install/tier4_perception_msgs/share/tier4_perception_msgs/object_recognition/Feature.msg
[16.408s] -- Symlinking: /home/zyme/ros_ws/Autoware_sim_test/install/tier4_perception_msgs/share/tier4_perception_msgs/object_recognition/PredictedPath.msg
[16.418s] -- Symlinking: /home/zyme/ros_ws/Autoware_sim_test/install/tier4_perception_msgs/share/tier4_perception_msgs/object_recognition/Semantic.msg
[16.427s] -- Symlinking: /home/zyme/ros_ws/Autoware_sim_test/install/tier4_perception_msgs/share/tier4_perception_msgs/object_recognition/Shape.msg
[16.436s] -- Symlinking: /home/zyme/ros_ws/Autoware_sim_test/install/tier4_perception_msgs/share/tier4_perception_msgs/object_recognition/State.msg
[16.446s] -- Symlinking: /home/zyme/ros_ws/Autoware_sim_test/install/tier4_perception_msgs/share/tier4_perception_msgs/traffic_light/TrafficLightElement.msg
[16.455s] -- Symlinking: /home/zyme/ros_ws/Autoware_sim_test/install/tier4_perception_msgs/share/tier4_perception_msgs/traffic_light/TrafficLightRoi.msg
[16.464s] -- Symlinking: /home/zyme/ros_ws/Autoware_sim_test/install/tier4_perception_msgs/share/tier4_perception_msgs/traffic_light/TrafficLightRoiArray.msg
[16.474s] -- Symlinking: /home/zyme/ros_ws/Autoware_sim_test/install/tier4_perception_msgs/share/tier4_perception_msgs/traffic_light/TrafficSignal.msg
[16.484s] -- Symlinking: /home/zyme/ros_ws/Autoware_sim_test/install/tier4_perception_msgs/share/tier4_perception_msgs/traffic_light/TrafficSignalArray.msg
[16.495s] -- Symlinking: /home/zyme/ros_ws/Autoware_sim_test/install/tier4_perception_msgs/share/ament_index/resource_index/package_run_dependencies/tier4_perception_msgs
[16.505s] -- Symlinking: /home/zyme/ros_ws/Autoware_sim_test/install/tier4_perception_msgs/share/ament_index/resource_index/parent_prefix_path/tier4_perception_msgs
[16.515s] -- Symlinking: /home/zyme/ros_ws/Autoware_sim_test/install/tier4_perception_msgs/share/tier4_perception_msgs/environment/ament_prefix_path.sh
[16.524s] -- Symlinking: /home/zyme/ros_ws/Autoware_sim_test/install/tier4_perception_msgs/share/tier4_perception_msgs/environment/ament_prefix_path.dsv
[16.534s] -- Symlinking: /home/zyme/ros_ws/Autoware_sim_test/install/tier4_perception_msgs/share/tier4_perception_msgs/environment/path.sh
[16.544s] -- Symlinking: /home/zyme/ros_ws/Autoware_sim_test/install/tier4_perception_msgs/share/tier4_perception_msgs/environment/path.dsv
[16.553s] -- Symlinking: /home/zyme/ros_ws/Autoware_sim_test/install/tier4_perception_msgs/share/tier4_perception_msgs/local_setup.bash
[16.562s] -- Symlinking: /home/zyme/ros_ws/Autoware_sim_test/install/tier4_perception_msgs/share/tier4_perception_msgs/local_setup.sh
[16.571s] -- Symlinking: /home/zyme/ros_ws/Autoware_sim_test/install/tier4_perception_msgs/share/tier4_perception_msgs/local_setup.zsh
[16.581s] -- Symlinking: /home/zyme/ros_ws/Autoware_sim_test/install/tier4_perception_msgs/share/tier4_perception_msgs/local_setup.dsv
[16.590s] -- Symlinking: /home/zyme/ros_ws/Autoware_sim_test/install/tier4_perception_msgs/share/tier4_perception_msgs/package.dsv
[16.599s] -- Symlinking: /home/zyme/ros_ws/Autoware_sim_test/install/tier4_perception_msgs/share/ament_index/resource_index/packages/tier4_perception_msgs
[16.607s] -- Symlinking: /home/zyme/ros_ws/Autoware_sim_test/install/tier4_perception_msgs/share/tier4_perception_msgs/cmake/rosidl_cmake-extras.cmake
[16.617s] -- Symlinking: /home/zyme/ros_ws/Autoware_sim_test/install/tier4_perception_msgs/share/tier4_perception_msgs/cmake/ament_cmake_export_dependencies-extras.cmake
[16.625s] -- Symlinking: /home/zyme/ros_ws/Autoware_sim_test/install/tier4_perception_msgs/share/tier4_perception_msgs/cmake/ament_cmake_export_include_directories-extras.cmake
[16.634s] -- Symlinking: /home/zyme/ros_ws/Autoware_sim_test/install/tier4_perception_msgs/share/tier4_perception_msgs/cmake/ament_cmake_export_libraries-extras.cmake
[16.643s] -- Symlinking: /home/zyme/ros_ws/Autoware_sim_test/install/tier4_perception_msgs/share/tier4_perception_msgs/cmake/ament_cmake_export_targets-extras.cmake
[16.652s] -- Symlinking: /home/zyme/ros_ws/Autoware_sim_test/install/tier4_perception_msgs/share/tier4_perception_msgs/cmake/rosidl_cmake_export_typesupport_targets-extras.cmake
[16.660s] -- Symlinking: /home/zyme/ros_ws/Autoware_sim_test/install/tier4_perception_msgs/share/tier4_perception_msgs/cmake/rosidl_cmake_export_typesupport_libraries-extras.cmake
[16.669s] -- Symlinking: /home/zyme/ros_ws/Autoware_sim_test/install/tier4_perception_msgs/share/tier4_perception_msgs/cmake/tier4_perception_msgsConfig.cmake
[16.678s] -- Symlinking: /home/zyme/ros_ws/Autoware_sim_test/install/tier4_perception_msgs/share/tier4_perception_msgs/cmake/tier4_perception_msgsConfig-version.cmake
[16.687s] -- Symlinking: /home/zyme/ros_ws/Autoware_sim_test/install/tier4_perception_msgs/share/tier4_perception_msgs/package.xml
[16.696s] -- Installing: /home/zyme/ros_ws/Autoware_sim_test/install/tier4_perception_msgs/lib/libtier4_perception_msgs__rosidl_generator_c.so
[16.697s] -- Set runtime path of "/home/zyme/ros_ws/Autoware_sim_test/install/tier4_perception_msgs/lib/libtier4_perception_msgs__rosidl_generator_c.so" to ""
[16.697s] -- Installing: /home/zyme/ros_ws/Autoware_sim_test/install/tier4_perception_msgs/lib/libtier4_perception_msgs__rosidl_typesupport_fastrtps_c.so
[16.697s] -- Set runtime path of "/home/zyme/ros_ws/Autoware_sim_test/install/tier4_perception_msgs/lib/libtier4_perception_msgs__rosidl_typesupport_fastrtps_c.so" to ""
[16.697s] -- Installing: /home/zyme/ros_ws/Autoware_sim_test/install/tier4_perception_msgs/lib/libtier4_perception_msgs__rosidl_typesupport_introspection_c.so
[16.698s] -- Set runtime path of "/home/zyme/ros_ws/Autoware_sim_test/install/tier4_perception_msgs/lib/libtier4_perception_msgs__rosidl_typesupport_introspection_c.so" to ""
[16.698s] -- Installing: /home/zyme/ros_ws/Autoware_sim_test/install/tier4_perception_msgs/lib/libtier4_perception_msgs__rosidl_typesupport_c.so
[16.698s] -- Set runtime path of "/home/zyme/ros_ws/Autoware_sim_test/install/tier4_perception_msgs/lib/libtier4_perception_msgs__rosidl_typesupport_c.so" to ""
[16.698s] -- Installing: /home/zyme/ros_ws/Autoware_sim_test/install/tier4_perception_msgs/lib/libtier4_perception_msgs__rosidl_typesupport_fastrtps_cpp.so
[16.698s] -- Set runtime path of "/home/zyme/ros_ws/Autoware_sim_test/install/tier4_perception_msgs/lib/libtier4_perception_msgs__rosidl_typesupport_fastrtps_cpp.so" to ""
[16.699s] -- Installing: /home/zyme/ros_ws/Autoware_sim_test/install/tier4_perception_msgs/lib/libtier4_perception_msgs__rosidl_typesupport_introspection_cpp.so
[16.699s] -- Set runtime path of "/home/zyme/ros_ws/Autoware_sim_test/install/tier4_perception_msgs/lib/libtier4_perception_msgs__rosidl_typesupport_introspection_cpp.so" to ""
[16.699s] -- Installing: /home/zyme/ros_ws/Autoware_sim_test/install/tier4_perception_msgs/lib/libtier4_perception_msgs__rosidl_typesupport_cpp.so
[16.699s] -- Set runtime path of "/home/zyme/ros_ws/Autoware_sim_test/install/tier4_perception_msgs/lib/libtier4_perception_msgs__rosidl_typesupport_cpp.so" to ""
[16.745s] Listing '/home/zyme/ros_ws/Autoware_sim_test/install/tier4_perception_msgs/local/lib/python3.10/dist-packages/tier4_perception_msgs'...
[16.745s] Compiling '/home/zyme/ros_ws/Autoware_sim_test/install/tier4_perception_msgs/local/lib/python3.10/dist-packages/tier4_perception_msgs/__init__.py'...
[16.745s] Listing '/home/zyme/ros_ws/Autoware_sim_test/install/tier4_perception_msgs/local/lib/python3.10/dist-packages/tier4_perception_msgs/msg'...
[16.745s] Compiling '/home/zyme/ros_ws/Autoware_sim_test/install/tier4_perception_msgs/local/lib/python3.10/dist-packages/tier4_perception_msgs/msg/__init__.py'...
[16.745s] Compiling '/home/zyme/ros_ws/Autoware_sim_test/install/tier4_perception_msgs/local/lib/python3.10/dist-packages/tier4_perception_msgs/msg/_detected_object_with_feature.py'...
[16.745s] Compiling '/home/zyme/ros_ws/Autoware_sim_test/install/tier4_perception_msgs/local/lib/python3.10/dist-packages/tier4_perception_msgs/msg/_detected_objects_with_feature.py'...
[16.745s] Compiling '/home/zyme/ros_ws/Autoware_sim_test/install/tier4_perception_msgs/local/lib/python3.10/dist-packages/tier4_perception_msgs/msg/_dynamic_object.py'...
[16.745s] Compiling '/home/zyme/ros_ws/Autoware_sim_test/install/tier4_perception_msgs/local/lib/python3.10/dist-packages/tier4_perception_msgs/msg/_dynamic_object_array.py'...
[16.745s] Compiling '/home/zyme/ros_ws/Autoware_sim_test/install/tier4_perception_msgs/local/lib/python3.10/dist-packages/tier4_perception_msgs/msg/_feature.py'...
[16.745s] Compiling '/home/zyme/ros_ws/Autoware_sim_test/install/tier4_perception_msgs/local/lib/python3.10/dist-packages/tier4_perception_msgs/msg/_predicted_path.py'...
[16.745s] Compiling '/home/zyme/ros_ws/Autoware_sim_test/install/tier4_perception_msgs/local/lib/python3.10/dist-packages/tier4_perception_msgs/msg/_semantic.py'...
[16.745s] Compiling '/home/zyme/ros_ws/Autoware_sim_test/install/tier4_perception_msgs/local/lib/python3.10/dist-packages/tier4_perception_msgs/msg/_shape.py'...
[16.746s] Compiling '/home/zyme/ros_ws/Autoware_sim_test/install/tier4_perception_msgs/local/lib/python3.10/dist-packages/tier4_perception_msgs/msg/_state.py'...
[16.746s] Compiling '/home/zyme/ros_ws/Autoware_sim_test/install/tier4_perception_msgs/local/lib/python3.10/dist-packages/tier4_perception_msgs/msg/_traffic_light_element.py'...
[16.746s] Compiling '/home/zyme/ros_ws/Autoware_sim_test/install/tier4_perception_msgs/local/lib/python3.10/dist-packages/tier4_perception_msgs/msg/_traffic_light_roi.py'...
[16.746s] Compiling '/home/zyme/ros_ws/Autoware_sim_test/install/tier4_perception_msgs/local/lib/python3.10/dist-packages/tier4_perception_msgs/msg/_traffic_light_roi_array.py'...
[16.746s] Compiling '/home/zyme/ros_ws/Autoware_sim_test/install/tier4_perception_msgs/local/lib/python3.10/dist-packages/tier4_perception_msgs/msg/_traffic_signal.py'...
[16.746s] Compiling '/home/zyme/ros_ws/Autoware_sim_test/install/tier4_perception_msgs/local/lib/python3.10/dist-packages/tier4_perception_msgs/msg/_traffic_signal_array.py'...
[16.749s] -- Installing: /home/zyme/ros_ws/Autoware_sim_test/install/tier4_perception_msgs/lib/libtier4_perception_msgs__rosidl_generator_py.so
[16.750s] -- Set runtime path of "/home/zyme/ros_ws/Autoware_sim_test/install/tier4_perception_msgs/lib/libtier4_perception_msgs__rosidl_generator_py.so" to ""
[16.750s] -- Installing: /home/zyme/ros_ws/Autoware_sim_test/install/tier4_perception_msgs/share/tier4_perception_msgs/cmake/export_tier4_perception_msgs__rosidl_generator_cExport.cmake
[16.750s] -- Installing: /home/zyme/ros_ws/Autoware_sim_test/install/tier4_perception_msgs/share/tier4_perception_msgs/cmake/export_tier4_perception_msgs__rosidl_generator_cExport-release.cmake
[16.750s] -- Installing: /home/zyme/ros_ws/Autoware_sim_test/install/tier4_perception_msgs/share/tier4_perception_msgs/cmake/export_tier4_perception_msgs__rosidl_typesupport_fastrtps_cExport.cmake
[16.750s] -- Installing: /home/zyme/ros_ws/Autoware_sim_test/install/tier4_perception_msgs/share/tier4_perception_msgs/cmake/export_tier4_perception_msgs__rosidl_typesupport_fastrtps_cExport-release.cmake
[16.751s] -- Installing: /home/zyme/ros_ws/Autoware_sim_test/install/tier4_perception_msgs/share/tier4_perception_msgs/cmake/tier4_perception_msgs__rosidl_typesupport_introspection_cExport.cmake
[16.751s] -- Installing: /home/zyme/ros_ws/Autoware_sim_test/install/tier4_perception_msgs/share/tier4_perception_msgs/cmake/tier4_perception_msgs__rosidl_typesupport_introspection_cExport-release.cmake
[16.751s] -- Installing: /home/zyme/ros_ws/Autoware_sim_test/install/tier4_perception_msgs/share/tier4_perception_msgs/cmake/tier4_perception_msgs__rosidl_typesupport_cExport.cmake
[16.751s] -- Installing: /home/zyme/ros_ws/Autoware_sim_test/install/tier4_perception_msgs/share/tier4_perception_msgs/cmake/tier4_perception_msgs__rosidl_typesupport_cExport-release.cmake
[16.751s] -- Installing: /home/zyme/ros_ws/Autoware_sim_test/install/tier4_perception_msgs/share/tier4_perception_msgs/cmake/export_tier4_perception_msgs__rosidl_generator_cppExport.cmake
[16.751s] -- Installing: /home/zyme/ros_ws/Autoware_sim_test/install/tier4_perception_msgs/share/tier4_perception_msgs/cmake/export_tier4_perception_msgs__rosidl_typesupport_fastrtps_cppExport.cmake
[16.751s] -- Installing: /home/zyme/ros_ws/Autoware_sim_test/install/tier4_perception_msgs/share/tier4_perception_msgs/cmake/export_tier4_perception_msgs__rosidl_typesupport_fastrtps_cppExport-release.cmake
[16.752s] -- Installing: /home/zyme/ros_ws/Autoware_sim_test/install/tier4_perception_msgs/share/tier4_perception_msgs/cmake/tier4_perception_msgs__rosidl_typesupport_introspection_cppExport.cmake
[16.752s] -- Installing: /home/zyme/ros_ws/Autoware_sim_test/install/tier4_perception_msgs/share/tier4_perception_msgs/cmake/tier4_perception_msgs__rosidl_typesupport_introspection_cppExport-release.cmake
[16.752s] -- Installing: /home/zyme/ros_ws/Autoware_sim_test/install/tier4_perception_msgs/share/tier4_perception_msgs/cmake/tier4_perception_msgs__rosidl_typesupport_cppExport.cmake
[16.752s] -- Installing: /home/zyme/ros_ws/Autoware_sim_test/install/tier4_perception_msgs/share/tier4_perception_msgs/cmake/tier4_perception_msgs__rosidl_typesupport_cppExport-release.cmake
[16.752s] -- Installing: /home/zyme/ros_ws/Autoware_sim_test/install/tier4_perception_msgs/share/tier4_perception_msgs/cmake/export_tier4_perception_msgs__rosidl_generator_pyExport.cmake
[16.752s] -- Installing: /home/zyme/ros_ws/Autoware_sim_test/install/tier4_perception_msgs/share/tier4_perception_msgs/cmake/export_tier4_perception_msgs__rosidl_generator_pyExport-release.cmake
[16.755s] Invoked command in '/home/zyme/ros_ws/Autoware_sim_test/build/tier4_perception_msgs' returned '0': AMENT_PREFIX_PATH=/home/zyme/ros_ws/Autoware_sim_test/install/autoware_auto_perception_msgs:/home/zyme/ros_ws/Autoware_sim_test/install/autoware_auto_geometry_msgs:${AMENT_PREFIX_PATH} CMAKE_PREFIX_PATH=/home/zyme/ros_ws/Autoware_sim_test/install/autoware_auto_perception_msgs:/home/zyme/ros_ws/Autoware_sim_test/install/autoware_auto_geometry_msgs:/opt/ros/humble LD_LIBRARY_PATH=/home/zyme/ros_ws/Autoware_sim_test/install/autoware_auto_perception_msgs/lib:/home/zyme/ros_ws/Autoware_sim_test/install/autoware_auto_geometry_msgs/lib:${LD_LIBRARY_PATH} PYTHONPATH=/home/zyme/ros_ws/Autoware_sim_test/install/autoware_auto_perception_msgs/local/lib/python3.10/dist-packages:/home/zyme/ros_ws/Autoware_sim_test/install/autoware_auto_geometry_msgs/local/lib/python3.10/dist-packages:${PYTHONPATH} /usr/bin/cmake --install /home/zyme/ros_ws/Autoware_sim_test/build/tier4_perception_msgs
