[0.064s] Invoking command in '/home/zyme/ros_ws/Autoware_sim_test/build/yabloc_monitor': AMENT_PREFIX_PATH=/home/zyme/ros_ws/Autoware_sim_test/install/autoware_cmake:/home/zyme/ros_ws/Autoware_sim_test/install/autoware_lint_common:${AMENT_PREFIX_PATH} CMAKE_PREFIX_PATH=/home/zyme/ros_ws/Autoware_sim_test/install/autoware_cmake:/home/zyme/ros_ws/Autoware_sim_test/install/autoware_lint_common:/opt/ros/humble /usr/bin/cmake --build /home/zyme/ros_ws/Autoware_sim_test/build/yabloc_monitor -- -j12 -l12
[0.103s] [35m[1mConsolidate compiler generated dependencies of target yabloc_monitor[0m
[0.124s] [100%] Built target yabloc_monitor
[0.135s] Invoked command in '/home/zyme/ros_ws/Autoware_sim_test/build/yabloc_monitor' returned '0': AMENT_PREFIX_PATH=/home/zyme/ros_ws/Autoware_sim_test/install/autoware_cmake:/home/zyme/ros_ws/Autoware_sim_test/install/autoware_lint_common:${AMENT_PREFIX_PATH} CMAKE_PREFIX_PATH=/home/zyme/ros_ws/Autoware_sim_test/install/autoware_cmake:/home/zyme/ros_ws/Autoware_sim_test/install/autoware_lint_common:/opt/ros/humble /usr/bin/cmake --build /home/zyme/ros_ws/Autoware_sim_test/build/yabloc_monitor -- -j12 -l12
[0.164s] Invoking command in '/home/zyme/ros_ws/Autoware_sim_test/build/yabloc_monitor': AMENT_PREFIX_PATH=/home/zyme/ros_ws/Autoware_sim_test/install/autoware_cmake:/home/zyme/ros_ws/Autoware_sim_test/install/autoware_lint_common:${AMENT_PREFIX_PATH} CMAKE_PREFIX_PATH=/home/zyme/ros_ws/Autoware_sim_test/install/autoware_cmake:/home/zyme/ros_ws/Autoware_sim_test/install/autoware_lint_common:/opt/ros/humble /usr/bin/cmake --install /home/zyme/ros_ws/Autoware_sim_test/build/yabloc_monitor
[0.171s] -- Install configuration: "Release"
[0.171s] -- Execute custom install script
[0.172s] -- Up-to-date symlink: /home/zyme/ros_ws/Autoware_sim_test/install/yabloc_monitor/lib/yabloc_monitor/yabloc_monitor
[0.172s] -- Up-to-date symlink: /home/zyme/ros_ws/Autoware_sim_test/install/yabloc_monitor/share/yabloc_monitor/launch/yabloc_monitor.launch.xml
[0.172s] -- Up-to-date symlink: /home/zyme/ros_ws/Autoware_sim_test/install/yabloc_monitor/share/yabloc_monitor/config/yabloc_monitor.param.yaml
[0.173s] -- Up-to-date symlink: /home/zyme/ros_ws/Autoware_sim_test/install/yabloc_monitor/share/ament_index/resource_index/package_run_dependencies/yabloc_monitor
[0.173s] -- Up-to-date symlink: /home/zyme/ros_ws/Autoware_sim_test/install/yabloc_monitor/share/ament_index/resource_index/parent_prefix_path/yabloc_monitor
[0.173s] -- Up-to-date symlink: /home/zyme/ros_ws/Autoware_sim_test/install/yabloc_monitor/share/yabloc_monitor/environment/ament_prefix_path.sh
[0.173s] -- Up-to-date symlink: /home/zyme/ros_ws/Autoware_sim_test/install/yabloc_monitor/share/yabloc_monitor/environment/ament_prefix_path.dsv
[0.173s] -- Up-to-date symlink: /home/zyme/ros_ws/Autoware_sim_test/install/yabloc_monitor/share/yabloc_monitor/environment/path.sh
[0.174s] -- Up-to-date symlink: /home/zyme/ros_ws/Autoware_sim_test/install/yabloc_monitor/share/yabloc_monitor/environment/path.dsv
[0.174s] -- Up-to-date symlink: /home/zyme/ros_ws/Autoware_sim_test/install/yabloc_monitor/share/yabloc_monitor/local_setup.bash
[0.174s] -- Up-to-date symlink: /home/zyme/ros_ws/Autoware_sim_test/install/yabloc_monitor/share/yabloc_monitor/local_setup.sh
[0.174s] -- Up-to-date symlink: /home/zyme/ros_ws/Autoware_sim_test/install/yabloc_monitor/share/yabloc_monitor/local_setup.zsh
[0.174s] -- Up-to-date symlink: /home/zyme/ros_ws/Autoware_sim_test/install/yabloc_monitor/share/yabloc_monitor/local_setup.dsv
[0.175s] -- Symlinking: /home/zyme/ros_ws/Autoware_sim_test/install/yabloc_monitor/share/yabloc_monitor/package.dsv
[0.183s] -- Up-to-date symlink: /home/zyme/ros_ws/Autoware_sim_test/install/yabloc_monitor/share/ament_index/resource_index/packages/yabloc_monitor
[0.183s] -- Up-to-date symlink: /home/zyme/ros_ws/Autoware_sim_test/install/yabloc_monitor/share/yabloc_monitor/cmake/ament_cmake_export_dependencies-extras.cmake
[0.183s] -- Up-to-date symlink: /home/zyme/ros_ws/Autoware_sim_test/install/yabloc_monitor/share/yabloc_monitor/cmake/yabloc_monitorConfig.cmake
[0.183s] -- Up-to-date symlink: /home/zyme/ros_ws/Autoware_sim_test/install/yabloc_monitor/share/yabloc_monitor/cmake/yabloc_monitorConfig-version.cmake
[0.184s] -- Up-to-date symlink: /home/zyme/ros_ws/Autoware_sim_test/install/yabloc_monitor/share/yabloc_monitor/package.xml
[0.186s] Invoked command in '/home/zyme/ros_ws/Autoware_sim_test/build/yabloc_monitor' returned '0': AMENT_PREFIX_PATH=/home/zyme/ros_ws/Autoware_sim_test/install/autoware_cmake:/home/zyme/ros_ws/Autoware_sim_test/install/autoware_lint_common:${AMENT_PREFIX_PATH} CMAKE_PREFIX_PATH=/home/zyme/ros_ws/Autoware_sim_test/install/autoware_cmake:/home/zyme/ros_ws/Autoware_sim_test/install/autoware_lint_common:/opt/ros/humble /usr/bin/cmake --install /home/zyme/ros_ws/Autoware_sim_test/build/yabloc_monitor
