[0.065s] Invoking command in '/home/zyme/ros_ws/Autoware_sim_test/build/tensorrt_common': CMAKE_PREFIX_PATH=/opt/ros/humble /usr/bin/cmake --build /home/zyme/ros_ws/Autoware_sim_test/build/tensorrt_common
[0.120s] [100%] Built target tensorrt_common
[0.130s] Invoked command in '/home/zyme/ros_ws/Autoware_sim_test/build/tensorrt_common' returned '0': CMAKE_PREFIX_PATH=/opt/ros/humble /usr/bin/cmake --build /home/zyme/ros_ws/Autoware_sim_test/build/tensorrt_common
[0.166s] Invoking command in '/home/zyme/ros_ws/Autoware_sim_test/build/tensorrt_common': CMAKE_PREFIX_PATH=/opt/ros/humble /usr/bin/cmake --install /home/zyme/ros_ws/Autoware_sim_test/build/tensorrt_common
[0.180s] -- Install configuration: "Release"
[0.181s] -- Execute custom install script
[0.182s] -- Up-to-date symlink: /home/zyme/ros_ws/Autoware_sim_test/install/tensorrt_common/include/tensorrt_common/tensorrt_common/logger.hpp
[0.182s] -- Up-to-date symlink: /home/zyme/ros_ws/Autoware_sim_test/install/tensorrt_common/include/tensorrt_common/tensorrt_common/simple_profiler.hpp
[0.183s] -- Up-to-date symlink: /home/zyme/ros_ws/Autoware_sim_test/install/tensorrt_common/include/tensorrt_common/tensorrt_common/tensorrt_common.hpp
[0.183s] -- Up-to-date symlink: /home/zyme/ros_ws/Autoware_sim_test/install/tensorrt_common/share/ament_index/resource_index/package_run_dependencies/tensorrt_common
[0.184s] -- Up-to-date symlink: /home/zyme/ros_ws/Autoware_sim_test/install/tensorrt_common/share/ament_index/resource_index/parent_prefix_path/tensorrt_common
[0.184s] -- Up-to-date symlink: /home/zyme/ros_ws/Autoware_sim_test/install/tensorrt_common/share/tensorrt_common/environment/ament_prefix_path.sh
[0.185s] -- Up-to-date symlink: /home/zyme/ros_ws/Autoware_sim_test/install/tensorrt_common/share/tensorrt_common/environment/ament_prefix_path.dsv
[0.185s] -- Up-to-date symlink: /home/zyme/ros_ws/Autoware_sim_test/install/tensorrt_common/share/tensorrt_common/environment/path.sh
[0.185s] -- Up-to-date symlink: /home/zyme/ros_ws/Autoware_sim_test/install/tensorrt_common/share/tensorrt_common/environment/path.dsv
[0.186s] -- Up-to-date symlink: /home/zyme/ros_ws/Autoware_sim_test/install/tensorrt_common/share/tensorrt_common/local_setup.bash
[0.186s] -- Up-to-date symlink: /home/zyme/ros_ws/Autoware_sim_test/install/tensorrt_common/share/tensorrt_common/local_setup.sh
[0.186s] -- Up-to-date symlink: /home/zyme/ros_ws/Autoware_sim_test/install/tensorrt_common/share/tensorrt_common/local_setup.zsh
[0.186s] -- Up-to-date symlink: /home/zyme/ros_ws/Autoware_sim_test/install/tensorrt_common/share/tensorrt_common/local_setup.dsv
[0.186s] -- Symlinking: /home/zyme/ros_ws/Autoware_sim_test/install/tensorrt_common/share/tensorrt_common/package.dsv
[0.195s] -- Up-to-date symlink: /home/zyme/ros_ws/Autoware_sim_test/install/tensorrt_common/share/ament_index/resource_index/packages/tensorrt_common
[0.195s] -- Up-to-date symlink: /home/zyme/ros_ws/Autoware_sim_test/install/tensorrt_common/share/tensorrt_common/cmake/ament_cmake_export_include_directories-extras.cmake
[0.195s] -- Up-to-date symlink: /home/zyme/ros_ws/Autoware_sim_test/install/tensorrt_common/share/tensorrt_common/cmake/ament_cmake_export_targets-extras.cmake
[0.195s] -- Up-to-date symlink: /home/zyme/ros_ws/Autoware_sim_test/install/tensorrt_common/share/tensorrt_common/cmake/ament_cmake_export_dependencies-extras.cmake
[0.196s] -- Up-to-date symlink: /home/zyme/ros_ws/Autoware_sim_test/install/tensorrt_common/share/tensorrt_common/cmake/tensorrt_commonConfig.cmake
[0.196s] -- Up-to-date symlink: /home/zyme/ros_ws/Autoware_sim_test/install/tensorrt_common/share/tensorrt_common/cmake/tensorrt_commonConfig-version.cmake
[0.196s] -- Up-to-date symlink: /home/zyme/ros_ws/Autoware_sim_test/install/tensorrt_common/share/tensorrt_common/package.xml
[0.197s] -- Up-to-date: /home/zyme/ros_ws/Autoware_sim_test/install/tensorrt_common/lib/libtensorrt_common.so
[0.198s] -- Up-to-date: /home/zyme/ros_ws/Autoware_sim_test/install/tensorrt_common/share/tensorrt_common/cmake/export_tensorrt_commonExport.cmake
[0.198s] -- Up-to-date: /home/zyme/ros_ws/Autoware_sim_test/install/tensorrt_common/share/tensorrt_common/cmake/export_tensorrt_commonExport-release.cmake
[0.200s] Invoked command in '/home/zyme/ros_ws/Autoware_sim_test/build/tensorrt_common' returned '0': CMAKE_PREFIX_PATH=/opt/ros/humble /usr/bin/cmake --install /home/zyme/ros_ws/Autoware_sim_test/build/tensorrt_common
