[0.103s] Invoking command in '/home/zyme/ros_ws/Autoware_sim_test/build/pointcloud_preprocessor': AMENT_PREFIX_PATH=/home/zyme/ros_ws/Autoware_sim_test/install/tier4_autoware_utils:/home/zyme/ros_ws/Autoware_sim_test/install/lanelet2_extension:/home/zyme/ros_ws/Autoware_sim_test/install/tier4_pcl_extensions:/home/zyme/ros_ws/Autoware_sim_test/install/autoware_utils:/home/zyme/ros_ws/Autoware_sim_test/install/autoware_point_types:/home/zyme/ros_ws/Autoware_sim_test/install/autoware_auto_vehicle_msgs:/home/zyme/ros_ws/Autoware_sim_test/install/autoware_cmake:/home/zyme/ros_ws/Autoware_sim_test/install/autoware_auto_planning_msgs:/home/zyme/ros_ws/Autoware_sim_test/install/autoware_auto_perception_msgs:/home/zyme/ros_ws/Autoware_sim_test/install/tier4_debug_msgs:/home/zyme/ros_ws/Autoware_sim_test/install/autoware_planning_msgs:/home/zyme/ros_ws/Autoware_sim_test/install/autoware_lint_common:/home/zyme/ros_ws/Autoware_sim_test/install/autoware_auto_mapping_msgs:/home/zyme/ros_ws/Autoware_sim_test/install/autoware_auto_geometry_msgs:${AMENT_PREFIX_PATH} CMAKE_PREFIX_PATH=/home/zyme/ros_ws/Autoware_sim_test/install/tier4_autoware_utils:/home/zyme/ros_ws/Autoware_sim_test/install/lanelet2_extension:/home/zyme/ros_ws/Autoware_sim_test/install/tier4_pcl_extensions:/home/zyme/ros_ws/Autoware_sim_test/install/autoware_utils:/home/zyme/ros_ws/Autoware_sim_test/install/autoware_point_types:/home/zyme/ros_ws/Autoware_sim_test/install/autoware_auto_vehicle_msgs:/home/zyme/ros_ws/Autoware_sim_test/install/autoware_cmake:/home/zyme/ros_ws/Autoware_sim_test/install/autoware_auto_planning_msgs:/home/zyme/ros_ws/Autoware_sim_test/install/autoware_auto_perception_msgs:/home/zyme/ros_ws/Autoware_sim_test/install/tier4_debug_msgs:/home/zyme/ros_ws/Autoware_sim_test/install/autoware_planning_msgs:/home/zyme/ros_ws/Autoware_sim_test/install/autoware_lint_common:/home/zyme/ros_ws/Autoware_sim_test/install/autoware_auto_mapping_msgs:/home/zyme/ros_ws/Autoware_sim_test/install/autoware_auto_geometry_msgs:/opt/ros/humble LD_LIBRARY_PATH=/home/zyme/ros_ws/Autoware_sim_test/install/tier4_autoware_utils/lib:/home/zyme/ros_ws/Autoware_sim_test/install/lanelet2_extension/lib:/home/zyme/ros_ws/Autoware_sim_test/install/tier4_pcl_extensions/lib:/home/zyme/ros_ws/Autoware_sim_test/install/autoware_utils/lib:/home/zyme/ros_ws/Autoware_sim_test/install/autoware_auto_vehicle_msgs/lib:/home/zyme/ros_ws/Autoware_sim_test/install/autoware_auto_planning_msgs/lib:/home/zyme/ros_ws/Autoware_sim_test/install/autoware_auto_perception_msgs/lib:/home/zyme/ros_ws/Autoware_sim_test/install/tier4_debug_msgs/lib:/home/zyme/ros_ws/Autoware_sim_test/install/autoware_planning_msgs/lib:/home/zyme/ros_ws/Autoware_sim_test/install/autoware_auto_mapping_msgs/lib:/home/zyme/ros_ws/Autoware_sim_test/install/autoware_auto_geometry_msgs/lib:${LD_LIBRARY_PATH} PYTHONPATH=/home/zyme/ros_ws/Autoware_sim_test/install/autoware_auto_vehicle_msgs/local/lib/python3.10/dist-packages:/home/zyme/ros_ws/Autoware_sim_test/install/autoware_auto_planning_msgs/local/lib/python3.10/dist-packages:/home/zyme/ros_ws/Autoware_sim_test/install/autoware_auto_perception_msgs/local/lib/python3.10/dist-packages:/home/zyme/ros_ws/Autoware_sim_test/install/tier4_debug_msgs/local/lib/python3.10/dist-packages:/home/zyme/ros_ws/Autoware_sim_test/install/autoware_planning_msgs/local/lib/python3.10/dist-packages:/home/zyme/ros_ws/Autoware_sim_test/install/autoware_auto_mapping_msgs/local/lib/python3.10/dist-packages:/home/zyme/ros_ws/Autoware_sim_test/install/autoware_auto_geometry_msgs/local/lib/python3.10/dist-packages:${PYTHONPATH} /usr/bin/cmake --build /home/zyme/ros_ws/Autoware_sim_test/build/pointcloud_preprocessor
[0.164s] [35m[1mConsolidate compiler generated dependencies of target time_synchronizer_node[0m
[0.165s] [35m[1mConsolidate compiler generated dependencies of target faster_voxel_grid_downsample_filter[0m
[0.165s] [35m[1mConsolidate compiler generated dependencies of target pointcloud_preprocessor_filter_base[0m
[0.184s] [  3%] Built target time_synchronizer_node
[0.194s] [  6%] Built target faster_voxel_grid_downsample_filter
[0.200s] [35m[1mConsolidate compiler generated dependencies of target concatenate_pointclouds_node[0m
[0.202s] [  9%] Built target pointcloud_preprocessor_filter_base
[0.210s] [35m[1mConsolidate compiler generated dependencies of target concatenate_data_node[0m
[0.217s] [35m[1mConsolidate compiler generated dependencies of target crop_box_filter_node[0m
[0.219s] [ 12%] Built target concatenate_pointclouds_node
[0.231s] [ 15%] Built target concatenate_data_node
[0.235s] [35m[1mConsolidate compiler generated dependencies of target voxel_grid_downsample_filter_node[0m
[0.237s] [ 18%] Built target crop_box_filter_node
[0.246s] [35m[1mConsolidate compiler generated dependencies of target random_downsample_filter_node[0m
[0.252s] [35m[1mConsolidate compiler generated dependencies of target approximate_downsample_filter_node[0m
[0.254s] [ 21%] Built target voxel_grid_downsample_filter_node
[0.267s] [ 25%] Built target random_downsample_filter_node
[0.269s] [35m[1mConsolidate compiler generated dependencies of target ring_outlier_filter_node[0m
[0.272s] [ 28%] Built target approximate_downsample_filter_node
[0.282s] [35m[1mConsolidate compiler generated dependencies of target voxel_grid_outlier_filter_node[0m
[0.287s] [35m[1mConsolidate compiler generated dependencies of target radius_search_2d_outlier_filter_node[0m
[0.289s] [ 31%] Built target ring_outlier_filter_node
[0.302s] [ 34%] Built target voxel_grid_outlier_filter_node
[0.304s] [35m[1mConsolidate compiler generated dependencies of target dual_return_outlier_filter_node[0m
[0.306s] [ 37%] Built target radius_search_2d_outlier_filter_node
[0.317s] [35m[1mConsolidate compiler generated dependencies of target passthrough_filter_node[0m
[0.320s] [35m[1mConsolidate compiler generated dependencies of target passthrough_filter_uint16_node[0m
[0.324s] [ 40%] Built target dual_return_outlier_filter_node
[0.337s] [ 43%] Built target passthrough_filter_node
[0.339s] [35m[1mConsolidate compiler generated dependencies of target pointcloud_accumulator_node[0m
[0.340s] [ 46%] Built target passthrough_filter_uint16_node
[0.353s] [35m[1mConsolidate compiler generated dependencies of target vector_map_filter_node[0m
[0.355s] [35m[1mConsolidate compiler generated dependencies of target distortion_corrector_node[0m
[0.359s] [ 50%] Built target pointcloud_accumulator_node
[0.372s] [ 53%] Built target vector_map_filter_node
[0.373s] [35m[1mConsolidate compiler generated dependencies of target blockage_diag_node[0m
[0.374s] [ 56%] Built target distortion_corrector_node
[0.388s] [35m[1mConsolidate compiler generated dependencies of target polygon_remover_node[0m
[0.389s] [35m[1mConsolidate compiler generated dependencies of target vector_map_inside_area_filter_node[0m
[0.393s] [ 59%] Built target blockage_diag_node
[0.407s] [ 62%] Built target polygon_remover_node
[0.408s] [ 65%] Built target vector_map_inside_area_filter_node
[0.425s] [ 68%] [32mBuilding CXX object CMakeFiles/pointcloud_preprocessor_filter.dir/src/concatenate_data/concatenate_and_time_sync_nodelet.cpp.o[0m
[0.425s] [ 68%] [32mBuilding CXX object CMakeFiles/pointcloud_preprocessor_filter.dir/src/utility/utilities.cpp.o[0m
[0.425s] [ 70%] [32mBuilding CXX object CMakeFiles/pointcloud_preprocessor_filter.dir/src/concatenate_data/concatenate_pointclouds.cpp.o[0m
[19.271s] [ 71%] [32mBuilding CXX object CMakeFiles/pointcloud_preprocessor_filter.dir/src/time_synchronizer/time_synchronizer_nodelet.cpp.o[0m
[25.564s] [ 73%] [32mBuilding CXX object CMakeFiles/pointcloud_preprocessor_filter.dir/src/crop_box_filter/crop_box_filter_nodelet.cpp.o[0m
[36.970s] [ 75%] [32mBuilding CXX object CMakeFiles/pointcloud_preprocessor_filter.dir/src/downsample_filter/voxel_grid_downsample_filter_nodelet.cpp.o[0m
[51.755s] [ 76%] [32mBuilding CXX object CMakeFiles/pointcloud_preprocessor_filter.dir/src/downsample_filter/random_downsample_filter_nodelet.cpp.o[0m
[55.859s] [ 78%] [32mBuilding CXX object CMakeFiles/pointcloud_preprocessor_filter.dir/src/downsample_filter/approximate_downsample_filter_nodelet.cpp.o[0m
[62.170s] [ 79%] [32mBuilding CXX object CMakeFiles/pointcloud_preprocessor_filter.dir/src/outlier_filter/ring_outlier_filter_nodelet.cpp.o[0m
[75.454s] [ 81%] [32mBuilding CXX object CMakeFiles/pointcloud_preprocessor_filter.dir/src/outlier_filter/voxel_grid_outlier_filter_nodelet.cpp.o[0m
[81.409s] [ 82%] [32mBuilding CXX object CMakeFiles/pointcloud_preprocessor_filter.dir/src/outlier_filter/radius_search_2d_outlier_filter_nodelet.cpp.o[0m
[100.108s] [ 84%] [32mBuilding CXX object CMakeFiles/pointcloud_preprocessor_filter.dir/src/outlier_filter/dual_return_outlier_filter_nodelet.cpp.o[0m
[102.475s] [ 85%] [32mBuilding CXX object CMakeFiles/pointcloud_preprocessor_filter.dir/src/passthrough_filter/passthrough_filter_nodelet.cpp.o[0m
[107.353s] [ 87%] [32mBuilding CXX object CMakeFiles/pointcloud_preprocessor_filter.dir/src/passthrough_filter/passthrough_filter_uint16_nodelet.cpp.o[0m
[122.571s] [ 89%] [32mBuilding CXX object CMakeFiles/pointcloud_preprocessor_filter.dir/src/passthrough_filter/passthrough_uint16.cpp.o[0m
[127.012s] [ 90%] [32mBuilding CXX object CMakeFiles/pointcloud_preprocessor_filter.dir/src/pointcloud_accumulator/pointcloud_accumulator_nodelet.cpp.o[0m
[127.645s] [ 92%] [32mBuilding CXX object CMakeFiles/pointcloud_preprocessor_filter.dir/src/vector_map_filter/lanelet2_map_filter_nodelet.cpp.o[0m
[130.792s] [ 93%] [32mBuilding CXX object CMakeFiles/pointcloud_preprocessor_filter.dir/src/distortion_corrector/distortion_corrector.cpp.o[0m
[147.657s] [ 95%] [32mBuilding CXX object CMakeFiles/pointcloud_preprocessor_filter.dir/src/blockage_diag/blockage_diag_nodelet.cpp.o[0m
[152.380s] [ 96%] [32mBuilding CXX object CMakeFiles/pointcloud_preprocessor_filter.dir/src/polygon_remover/polygon_remover.cpp.o[0m
[161.071s] [ 98%] [32mBuilding CXX object CMakeFiles/pointcloud_preprocessor_filter.dir/src/vector_map_filter/vector_map_inside_area_filter.cpp.o[0m
[193.581s] [100%] [32m[1mLinking CXX shared library libpointcloud_preprocessor_filter.so[0m
[197.196s] [100%] Built target pointcloud_preprocessor_filter
[197.209s] Invoked command in '/home/zyme/ros_ws/Autoware_sim_test/build/pointcloud_preprocessor' returned '0': AMENT_PREFIX_PATH=/home/zyme/ros_ws/Autoware_sim_test/install/tier4_autoware_utils:/home/zyme/ros_ws/Autoware_sim_test/install/lanelet2_extension:/home/zyme/ros_ws/Autoware_sim_test/install/tier4_pcl_extensions:/home/zyme/ros_ws/Autoware_sim_test/install/autoware_utils:/home/zyme/ros_ws/Autoware_sim_test/install/autoware_point_types:/home/zyme/ros_ws/Autoware_sim_test/install/autoware_auto_vehicle_msgs:/home/zyme/ros_ws/Autoware_sim_test/install/autoware_cmake:/home/zyme/ros_ws/Autoware_sim_test/install/autoware_auto_planning_msgs:/home/zyme/ros_ws/Autoware_sim_test/install/autoware_auto_perception_msgs:/home/zyme/ros_ws/Autoware_sim_test/install/tier4_debug_msgs:/home/zyme/ros_ws/Autoware_sim_test/install/autoware_planning_msgs:/home/zyme/ros_ws/Autoware_sim_test/install/autoware_lint_common:/home/zyme/ros_ws/Autoware_sim_test/install/autoware_auto_mapping_msgs:/home/zyme/ros_ws/Autoware_sim_test/install/autoware_auto_geometry_msgs:${AMENT_PREFIX_PATH} CMAKE_PREFIX_PATH=/home/zyme/ros_ws/Autoware_sim_test/install/tier4_autoware_utils:/home/zyme/ros_ws/Autoware_sim_test/install/lanelet2_extension:/home/zyme/ros_ws/Autoware_sim_test/install/tier4_pcl_extensions:/home/zyme/ros_ws/Autoware_sim_test/install/autoware_utils:/home/zyme/ros_ws/Autoware_sim_test/install/autoware_point_types:/home/zyme/ros_ws/Autoware_sim_test/install/autoware_auto_vehicle_msgs:/home/zyme/ros_ws/Autoware_sim_test/install/autoware_cmake:/home/zyme/ros_ws/Autoware_sim_test/install/autoware_auto_planning_msgs:/home/zyme/ros_ws/Autoware_sim_test/install/autoware_auto_perception_msgs:/home/zyme/ros_ws/Autoware_sim_test/install/tier4_debug_msgs:/home/zyme/ros_ws/Autoware_sim_test/install/autoware_planning_msgs:/home/zyme/ros_ws/Autoware_sim_test/install/autoware_lint_common:/home/zyme/ros_ws/Autoware_sim_test/install/autoware_auto_mapping_msgs:/home/zyme/ros_ws/Autoware_sim_test/install/autoware_auto_geometry_msgs:/opt/ros/humble LD_LIBRARY_PATH=/home/zyme/ros_ws/Autoware_sim_test/install/tier4_autoware_utils/lib:/home/zyme/ros_ws/Autoware_sim_test/install/lanelet2_extension/lib:/home/zyme/ros_ws/Autoware_sim_test/install/tier4_pcl_extensions/lib:/home/zyme/ros_ws/Autoware_sim_test/install/autoware_utils/lib:/home/zyme/ros_ws/Autoware_sim_test/install/autoware_auto_vehicle_msgs/lib:/home/zyme/ros_ws/Autoware_sim_test/install/autoware_auto_planning_msgs/lib:/home/zyme/ros_ws/Autoware_sim_test/install/autoware_auto_perception_msgs/lib:/home/zyme/ros_ws/Autoware_sim_test/install/tier4_debug_msgs/lib:/home/zyme/ros_ws/Autoware_sim_test/install/autoware_planning_msgs/lib:/home/zyme/ros_ws/Autoware_sim_test/install/autoware_auto_mapping_msgs/lib:/home/zyme/ros_ws/Autoware_sim_test/install/autoware_auto_geometry_msgs/lib:${LD_LIBRARY_PATH} PYTHONPATH=/home/zyme/ros_ws/Autoware_sim_test/install/autoware_auto_vehicle_msgs/local/lib/python3.10/dist-packages:/home/zyme/ros_ws/Autoware_sim_test/install/autoware_auto_planning_msgs/local/lib/python3.10/dist-packages:/home/zyme/ros_ws/Autoware_sim_test/install/autoware_auto_perception_msgs/local/lib/python3.10/dist-packages:/home/zyme/ros_ws/Autoware_sim_test/install/tier4_debug_msgs/local/lib/python3.10/dist-packages:/home/zyme/ros_ws/Autoware_sim_test/install/autoware_planning_msgs/local/lib/python3.10/dist-packages:/home/zyme/ros_ws/Autoware_sim_test/install/autoware_auto_mapping_msgs/local/lib/python3.10/dist-packages:/home/zyme/ros_ws/Autoware_sim_test/install/autoware_auto_geometry_msgs/local/lib/python3.10/dist-packages:${PYTHONPATH} /usr/bin/cmake --build /home/zyme/ros_ws/Autoware_sim_test/build/pointcloud_preprocessor
[197.409s] Invoking command in '/home/zyme/ros_ws/Autoware_sim_test/build/pointcloud_preprocessor': AMENT_PREFIX_PATH=/home/zyme/ros_ws/Autoware_sim_test/install/tier4_autoware_utils:/home/zyme/ros_ws/Autoware_sim_test/install/lanelet2_extension:/home/zyme/ros_ws/Autoware_sim_test/install/tier4_pcl_extensions:/home/zyme/ros_ws/Autoware_sim_test/install/autoware_utils:/home/zyme/ros_ws/Autoware_sim_test/install/autoware_point_types:/home/zyme/ros_ws/Autoware_sim_test/install/autoware_auto_vehicle_msgs:/home/zyme/ros_ws/Autoware_sim_test/install/autoware_cmake:/home/zyme/ros_ws/Autoware_sim_test/install/autoware_auto_planning_msgs:/home/zyme/ros_ws/Autoware_sim_test/install/autoware_auto_perception_msgs:/home/zyme/ros_ws/Autoware_sim_test/install/tier4_debug_msgs:/home/zyme/ros_ws/Autoware_sim_test/install/autoware_planning_msgs:/home/zyme/ros_ws/Autoware_sim_test/install/autoware_lint_common:/home/zyme/ros_ws/Autoware_sim_test/install/autoware_auto_mapping_msgs:/home/zyme/ros_ws/Autoware_sim_test/install/autoware_auto_geometry_msgs:${AMENT_PREFIX_PATH} CMAKE_PREFIX_PATH=/home/zyme/ros_ws/Autoware_sim_test/install/tier4_autoware_utils:/home/zyme/ros_ws/Autoware_sim_test/install/lanelet2_extension:/home/zyme/ros_ws/Autoware_sim_test/install/tier4_pcl_extensions:/home/zyme/ros_ws/Autoware_sim_test/install/autoware_utils:/home/zyme/ros_ws/Autoware_sim_test/install/autoware_point_types:/home/zyme/ros_ws/Autoware_sim_test/install/autoware_auto_vehicle_msgs:/home/zyme/ros_ws/Autoware_sim_test/install/autoware_cmake:/home/zyme/ros_ws/Autoware_sim_test/install/autoware_auto_planning_msgs:/home/zyme/ros_ws/Autoware_sim_test/install/autoware_auto_perception_msgs:/home/zyme/ros_ws/Autoware_sim_test/install/tier4_debug_msgs:/home/zyme/ros_ws/Autoware_sim_test/install/autoware_planning_msgs:/home/zyme/ros_ws/Autoware_sim_test/install/autoware_lint_common:/home/zyme/ros_ws/Autoware_sim_test/install/autoware_auto_mapping_msgs:/home/zyme/ros_ws/Autoware_sim_test/install/autoware_auto_geometry_msgs:/opt/ros/humble LD_LIBRARY_PATH=/home/zyme/ros_ws/Autoware_sim_test/install/tier4_autoware_utils/lib:/home/zyme/ros_ws/Autoware_sim_test/install/lanelet2_extension/lib:/home/zyme/ros_ws/Autoware_sim_test/install/tier4_pcl_extensions/lib:/home/zyme/ros_ws/Autoware_sim_test/install/autoware_utils/lib:/home/zyme/ros_ws/Autoware_sim_test/install/autoware_auto_vehicle_msgs/lib:/home/zyme/ros_ws/Autoware_sim_test/install/autoware_auto_planning_msgs/lib:/home/zyme/ros_ws/Autoware_sim_test/install/autoware_auto_perception_msgs/lib:/home/zyme/ros_ws/Autoware_sim_test/install/tier4_debug_msgs/lib:/home/zyme/ros_ws/Autoware_sim_test/install/autoware_planning_msgs/lib:/home/zyme/ros_ws/Autoware_sim_test/install/autoware_auto_mapping_msgs/lib:/home/zyme/ros_ws/Autoware_sim_test/install/autoware_auto_geometry_msgs/lib:${LD_LIBRARY_PATH} PYTHONPATH=/home/zyme/ros_ws/Autoware_sim_test/install/autoware_auto_vehicle_msgs/local/lib/python3.10/dist-packages:/home/zyme/ros_ws/Autoware_sim_test/install/autoware_auto_planning_msgs/local/lib/python3.10/dist-packages:/home/zyme/ros_ws/Autoware_sim_test/install/autoware_auto_perception_msgs/local/lib/python3.10/dist-packages:/home/zyme/ros_ws/Autoware_sim_test/install/tier4_debug_msgs/local/lib/python3.10/dist-packages:/home/zyme/ros_ws/Autoware_sim_test/install/autoware_planning_msgs/local/lib/python3.10/dist-packages:/home/zyme/ros_ws/Autoware_sim_test/install/autoware_auto_mapping_msgs/local/lib/python3.10/dist-packages:/home/zyme/ros_ws/Autoware_sim_test/install/autoware_auto_geometry_msgs/local/lib/python3.10/dist-packages:${PYTHONPATH} /usr/bin/cmake --install /home/zyme/ros_ws/Autoware_sim_test/build/pointcloud_preprocessor
[197.418s] -- Install configuration: "Release"
[197.419s] -- Execute custom install script
[197.420s] -- Symlinking: /home/zyme/ros_ws/Autoware_sim_test/install/pointcloud_preprocessor/lib/pointcloud_preprocessor/time_synchronizer_node
[197.432s] -- Symlinking: /home/zyme/ros_ws/Autoware_sim_test/install/pointcloud_preprocessor/lib/pointcloud_preprocessor/concatenate_pointclouds_node
[197.442s] -- Symlinking: /home/zyme/ros_ws/Autoware_sim_test/install/pointcloud_preprocessor/lib/pointcloud_preprocessor/concatenate_data_node
[197.452s] -- Symlinking: /home/zyme/ros_ws/Autoware_sim_test/install/pointcloud_preprocessor/lib/pointcloud_preprocessor/crop_box_filter_node
[197.462s] -- Symlinking: /home/zyme/ros_ws/Autoware_sim_test/install/pointcloud_preprocessor/lib/pointcloud_preprocessor/voxel_grid_downsample_filter_node
[197.472s] -- Symlinking: /home/zyme/ros_ws/Autoware_sim_test/install/pointcloud_preprocessor/lib/pointcloud_preprocessor/random_downsample_filter_node
[197.483s] -- Symlinking: /home/zyme/ros_ws/Autoware_sim_test/install/pointcloud_preprocessor/lib/pointcloud_preprocessor/approximate_downsample_filter_node
[197.494s] -- Symlinking: /home/zyme/ros_ws/Autoware_sim_test/install/pointcloud_preprocessor/lib/pointcloud_preprocessor/ring_outlier_filter_node
[197.505s] -- Symlinking: /home/zyme/ros_ws/Autoware_sim_test/install/pointcloud_preprocessor/lib/pointcloud_preprocessor/voxel_grid_outlier_filter_node
[197.516s] -- Symlinking: /home/zyme/ros_ws/Autoware_sim_test/install/pointcloud_preprocessor/lib/pointcloud_preprocessor/radius_search_2d_outlier_filter_node
[197.526s] -- Symlinking: /home/zyme/ros_ws/Autoware_sim_test/install/pointcloud_preprocessor/lib/pointcloud_preprocessor/dual_return_outlier_filter_node
[197.537s] -- Symlinking: /home/zyme/ros_ws/Autoware_sim_test/install/pointcloud_preprocessor/lib/pointcloud_preprocessor/passthrough_filter_node
[197.550s] -- Symlinking: /home/zyme/ros_ws/Autoware_sim_test/install/pointcloud_preprocessor/lib/pointcloud_preprocessor/passthrough_filter_uint16_node
[197.562s] -- Symlinking: /home/zyme/ros_ws/Autoware_sim_test/install/pointcloud_preprocessor/lib/pointcloud_preprocessor/pointcloud_accumulator_node
[197.573s] -- Symlinking: /home/zyme/ros_ws/Autoware_sim_test/install/pointcloud_preprocessor/lib/pointcloud_preprocessor/vector_map_filter_node
[197.584s] -- Symlinking: /home/zyme/ros_ws/Autoware_sim_test/install/pointcloud_preprocessor/lib/pointcloud_preprocessor/distortion_corrector_node
[197.594s] -- Symlinking: /home/zyme/ros_ws/Autoware_sim_test/install/pointcloud_preprocessor/lib/pointcloud_preprocessor/blockage_diag_node
[197.605s] -- Symlinking: /home/zyme/ros_ws/Autoware_sim_test/install/pointcloud_preprocessor/lib/pointcloud_preprocessor/polygon_remover_node
[197.615s] -- Symlinking: /home/zyme/ros_ws/Autoware_sim_test/install/pointcloud_preprocessor/lib/pointcloud_preprocessor/vector_map_inside_area_filter_node
[197.626s] -- Symlinking: /home/zyme/ros_ws/Autoware_sim_test/install/pointcloud_preprocessor/include/pointcloud_preprocessor/pointcloud_preprocessor/blockage_diag/blockage_diag_nodelet.hpp
[197.637s] -- Symlinking: /home/zyme/ros_ws/Autoware_sim_test/install/pointcloud_preprocessor/include/pointcloud_preprocessor/pointcloud_preprocessor/concatenate_data/concatenate_and_time_sync_nodelet.hpp
[197.648s] -- Symlinking: /home/zyme/ros_ws/Autoware_sim_test/install/pointcloud_preprocessor/include/pointcloud_preprocessor/pointcloud_preprocessor/concatenate_data/concatenate_pointclouds.hpp
[197.658s] -- Symlinking: /home/zyme/ros_ws/Autoware_sim_test/install/pointcloud_preprocessor/include/pointcloud_preprocessor/pointcloud_preprocessor/crop_box_filter/crop_box_filter_nodelet.hpp
[197.668s] -- Symlinking: /home/zyme/ros_ws/Autoware_sim_test/install/pointcloud_preprocessor/include/pointcloud_preprocessor/pointcloud_preprocessor/distortion_corrector/distortion_corrector.hpp
[197.679s] -- Symlinking: /home/zyme/ros_ws/Autoware_sim_test/install/pointcloud_preprocessor/include/pointcloud_preprocessor/pointcloud_preprocessor/downsample_filter/approximate_downsample_filter_nodelet.hpp
[197.689s] -- Symlinking: /home/zyme/ros_ws/Autoware_sim_test/install/pointcloud_preprocessor/include/pointcloud_preprocessor/pointcloud_preprocessor/downsample_filter/faster_voxel_grid_downsample_filter.hpp
[197.699s] -- Symlinking: /home/zyme/ros_ws/Autoware_sim_test/install/pointcloud_preprocessor/include/pointcloud_preprocessor/pointcloud_preprocessor/downsample_filter/random_downsample_filter_nodelet.hpp
[197.709s] -- Symlinking: /home/zyme/ros_ws/Autoware_sim_test/install/pointcloud_preprocessor/include/pointcloud_preprocessor/pointcloud_preprocessor/downsample_filter/voxel_grid_downsample_filter_nodelet.hpp
[197.719s] -- Symlinking: /home/zyme/ros_ws/Autoware_sim_test/install/pointcloud_preprocessor/include/pointcloud_preprocessor/pointcloud_preprocessor/filter.hpp
[197.730s] -- Symlinking: /home/zyme/ros_ws/Autoware_sim_test/install/pointcloud_preprocessor/include/pointcloud_preprocessor/pointcloud_preprocessor/outlier_filter/dual_return_outlier_filter_nodelet.hpp
[197.740s] -- Symlinking: /home/zyme/ros_ws/Autoware_sim_test/install/pointcloud_preprocessor/include/pointcloud_preprocessor/pointcloud_preprocessor/outlier_filter/radius_search_2d_outlier_filter_nodelet.hpp
[197.751s] -- Symlinking: /home/zyme/ros_ws/Autoware_sim_test/install/pointcloud_preprocessor/include/pointcloud_preprocessor/pointcloud_preprocessor/outlier_filter/ring_outlier_filter_nodelet.hpp
[197.762s] -- Symlinking: /home/zyme/ros_ws/Autoware_sim_test/install/pointcloud_preprocessor/include/pointcloud_preprocessor/pointcloud_preprocessor/outlier_filter/voxel_grid_outlier_filter_nodelet.hpp
[197.773s] -- Symlinking: /home/zyme/ros_ws/Autoware_sim_test/install/pointcloud_preprocessor/include/pointcloud_preprocessor/pointcloud_preprocessor/passthrough_filter/passthrough_filter_nodelet.hpp
[197.784s] -- Symlinking: /home/zyme/ros_ws/Autoware_sim_test/install/pointcloud_preprocessor/include/pointcloud_preprocessor/pointcloud_preprocessor/passthrough_filter/passthrough_filter_uint16_nodelet.hpp
[197.794s] -- Symlinking: /home/zyme/ros_ws/Autoware_sim_test/install/pointcloud_preprocessor/include/pointcloud_preprocessor/pointcloud_preprocessor/passthrough_filter/passthrough_uint16.hpp
[197.804s] -- Symlinking: /home/zyme/ros_ws/Autoware_sim_test/install/pointcloud_preprocessor/include/pointcloud_preprocessor/pointcloud_preprocessor/pointcloud_accumulator/pointcloud_accumulator_nodelet.hpp
[197.815s] -- Symlinking: /home/zyme/ros_ws/Autoware_sim_test/install/pointcloud_preprocessor/include/pointcloud_preprocessor/pointcloud_preprocessor/polygon_remover/polygon_remover.hpp
[197.825s] -- Symlinking: /home/zyme/ros_ws/Autoware_sim_test/install/pointcloud_preprocessor/include/pointcloud_preprocessor/pointcloud_preprocessor/time_synchronizer/time_synchronizer_nodelet.hpp
[197.835s] -- Symlinking: /home/zyme/ros_ws/Autoware_sim_test/install/pointcloud_preprocessor/include/pointcloud_preprocessor/pointcloud_preprocessor/transform_info.hpp
[197.846s] -- Symlinking: /home/zyme/ros_ws/Autoware_sim_test/install/pointcloud_preprocessor/include/pointcloud_preprocessor/pointcloud_preprocessor/utility/utilities.hpp
[197.856s] -- Symlinking: /home/zyme/ros_ws/Autoware_sim_test/install/pointcloud_preprocessor/include/pointcloud_preprocessor/pointcloud_preprocessor/vector_map_filter/lanelet2_map_filter_nodelet.hpp
[197.867s] -- Symlinking: /home/zyme/ros_ws/Autoware_sim_test/install/pointcloud_preprocessor/include/pointcloud_preprocessor/pointcloud_preprocessor/vector_map_filter/vector_map_inside_area_filter.hpp
[197.878s] -- Symlinking: /home/zyme/ros_ws/Autoware_sim_test/install/pointcloud_preprocessor/include/pointcloud_preprocessor/blockage_diag/blockage_diag_nodelet.hpp
[197.888s] -- Symlinking: /home/zyme/ros_ws/Autoware_sim_test/install/pointcloud_preprocessor/include/pointcloud_preprocessor/concatenate_data/concatenate_and_time_sync_nodelet.hpp
[197.898s] -- Symlinking: /home/zyme/ros_ws/Autoware_sim_test/install/pointcloud_preprocessor/include/pointcloud_preprocessor/concatenate_data/concatenate_pointclouds.hpp
[197.908s] -- Symlinking: /home/zyme/ros_ws/Autoware_sim_test/install/pointcloud_preprocessor/include/pointcloud_preprocessor/crop_box_filter/crop_box_filter_nodelet.hpp
[197.919s] -- Symlinking: /home/zyme/ros_ws/Autoware_sim_test/install/pointcloud_preprocessor/include/pointcloud_preprocessor/distortion_corrector/distortion_corrector.hpp
[197.930s] -- Symlinking: /home/zyme/ros_ws/Autoware_sim_test/install/pointcloud_preprocessor/include/pointcloud_preprocessor/downsample_filter/approximate_downsample_filter_nodelet.hpp
[197.940s] -- Symlinking: /home/zyme/ros_ws/Autoware_sim_test/install/pointcloud_preprocessor/include/pointcloud_preprocessor/downsample_filter/faster_voxel_grid_downsample_filter.hpp
[197.951s] -- Symlinking: /home/zyme/ros_ws/Autoware_sim_test/install/pointcloud_preprocessor/include/pointcloud_preprocessor/downsample_filter/random_downsample_filter_nodelet.hpp
[197.961s] -- Symlinking: /home/zyme/ros_ws/Autoware_sim_test/install/pointcloud_preprocessor/include/pointcloud_preprocessor/downsample_filter/voxel_grid_downsample_filter_nodelet.hpp
[197.971s] -- Symlinking: /home/zyme/ros_ws/Autoware_sim_test/install/pointcloud_preprocessor/include/pointcloud_preprocessor/filter.hpp
[197.981s] -- Symlinking: /home/zyme/ros_ws/Autoware_sim_test/install/pointcloud_preprocessor/include/pointcloud_preprocessor/outlier_filter/dual_return_outlier_filter_nodelet.hpp
[197.991s] -- Symlinking: /home/zyme/ros_ws/Autoware_sim_test/install/pointcloud_preprocessor/include/pointcloud_preprocessor/outlier_filter/radius_search_2d_outlier_filter_nodelet.hpp
[198.001s] -- Symlinking: /home/zyme/ros_ws/Autoware_sim_test/install/pointcloud_preprocessor/include/pointcloud_preprocessor/outlier_filter/ring_outlier_filter_nodelet.hpp
[198.011s] -- Symlinking: /home/zyme/ros_ws/Autoware_sim_test/install/pointcloud_preprocessor/include/pointcloud_preprocessor/outlier_filter/voxel_grid_outlier_filter_nodelet.hpp
[198.021s] -- Symlinking: /home/zyme/ros_ws/Autoware_sim_test/install/pointcloud_preprocessor/include/pointcloud_preprocessor/passthrough_filter/passthrough_filter_nodelet.hpp
[198.031s] -- Symlinking: /home/zyme/ros_ws/Autoware_sim_test/install/pointcloud_preprocessor/include/pointcloud_preprocessor/passthrough_filter/passthrough_filter_uint16_nodelet.hpp
[198.047s] -- Symlinking: /home/zyme/ros_ws/Autoware_sim_test/install/pointcloud_preprocessor/include/pointcloud_preprocessor/passthrough_filter/passthrough_uint16.hpp
[198.061s] -- Symlinking: /home/zyme/ros_ws/Autoware_sim_test/install/pointcloud_preprocessor/include/pointcloud_preprocessor/pointcloud_accumulator/pointcloud_accumulator_nodelet.hpp
[198.071s] -- Symlinking: /home/zyme/ros_ws/Autoware_sim_test/install/pointcloud_preprocessor/include/pointcloud_preprocessor/polygon_remover/polygon_remover.hpp
[198.081s] -- Symlinking: /home/zyme/ros_ws/Autoware_sim_test/install/pointcloud_preprocessor/include/pointcloud_preprocessor/time_synchronizer/time_synchronizer_nodelet.hpp
[198.091s] -- Symlinking: /home/zyme/ros_ws/Autoware_sim_test/install/pointcloud_preprocessor/include/pointcloud_preprocessor/transform_info.hpp
[198.101s] -- Symlinking: /home/zyme/ros_ws/Autoware_sim_test/install/pointcloud_preprocessor/include/pointcloud_preprocessor/utility/utilities.hpp
[198.113s] -- Symlinking: /home/zyme/ros_ws/Autoware_sim_test/install/pointcloud_preprocessor/include/pointcloud_preprocessor/vector_map_filter/lanelet2_map_filter_nodelet.hpp
[198.123s] -- Symlinking: /home/zyme/ros_ws/Autoware_sim_test/install/pointcloud_preprocessor/include/pointcloud_preprocessor/vector_map_filter/vector_map_inside_area_filter.hpp
[198.135s] -- Symlinking: /home/zyme/ros_ws/Autoware_sim_test/install/pointcloud_preprocessor/share/pointcloud_preprocessor/environment/library_path.sh
[198.147s] -- Symlinking: /home/zyme/ros_ws/Autoware_sim_test/install/pointcloud_preprocessor/share/pointcloud_preprocessor/environment/library_path.dsv
[198.157s] -- Symlinking: /home/zyme/ros_ws/Autoware_sim_test/install/pointcloud_preprocessor/lib/libpointcloud_preprocessor_filter.so
[198.168s] -- Symlinking: /home/zyme/ros_ws/Autoware_sim_test/install/pointcloud_preprocessor/share/pointcloud_preprocessor/launch/blockage_diag.launch.xml
[198.179s] -- Symlinking: /home/zyme/ros_ws/Autoware_sim_test/install/pointcloud_preprocessor/share/pointcloud_preprocessor/launch/dual_return_outlier_filter.launch.xml
[198.189s] -- Symlinking: /home/zyme/ros_ws/Autoware_sim_test/install/pointcloud_preprocessor/share/pointcloud_preprocessor/launch/polygon_remover.launch.py
[198.200s] -- Symlinking: /home/zyme/ros_ws/Autoware_sim_test/install/pointcloud_preprocessor/share/pointcloud_preprocessor/launch/preprocessor.launch.py
[198.211s] -- Symlinking: /home/zyme/ros_ws/Autoware_sim_test/install/pointcloud_preprocessor/share/pointcloud_preprocessor/launch/preprocessor.launch.xml
[198.221s] -- Symlinking: /home/zyme/ros_ws/Autoware_sim_test/install/pointcloud_preprocessor/share/pointcloud_preprocessor/launch/random_downsample_filter.launch.xml
[198.232s] -- Symlinking: /home/zyme/ros_ws/Autoware_sim_test/install/pointcloud_preprocessor/share/pointcloud_preprocessor/launch/ring_passthrough_filter.launch.xml
[198.243s] -- Symlinking: /home/zyme/ros_ws/Autoware_sim_test/install/pointcloud_preprocessor/share/ament_index/resource_index/package_run_dependencies/pointcloud_preprocessor
[198.253s] -- Symlinking: /home/zyme/ros_ws/Autoware_sim_test/install/pointcloud_preprocessor/share/ament_index/resource_index/parent_prefix_path/pointcloud_preprocessor
[198.265s] -- Symlinking: /home/zyme/ros_ws/Autoware_sim_test/install/pointcloud_preprocessor/share/pointcloud_preprocessor/environment/ament_prefix_path.sh
[198.275s] -- Symlinking: /home/zyme/ros_ws/Autoware_sim_test/install/pointcloud_preprocessor/share/pointcloud_preprocessor/environment/ament_prefix_path.dsv
[198.286s] -- Symlinking: /home/zyme/ros_ws/Autoware_sim_test/install/pointcloud_preprocessor/share/pointcloud_preprocessor/environment/path.sh
[198.296s] -- Symlinking: /home/zyme/ros_ws/Autoware_sim_test/install/pointcloud_preprocessor/share/pointcloud_preprocessor/environment/path.dsv
[198.307s] -- Symlinking: /home/zyme/ros_ws/Autoware_sim_test/install/pointcloud_preprocessor/share/pointcloud_preprocessor/local_setup.bash
[198.318s] -- Symlinking: /home/zyme/ros_ws/Autoware_sim_test/install/pointcloud_preprocessor/share/pointcloud_preprocessor/local_setup.sh
[198.329s] -- Symlinking: /home/zyme/ros_ws/Autoware_sim_test/install/pointcloud_preprocessor/share/pointcloud_preprocessor/local_setup.zsh
[198.341s] -- Symlinking: /home/zyme/ros_ws/Autoware_sim_test/install/pointcloud_preprocessor/share/pointcloud_preprocessor/local_setup.dsv
[198.352s] -- Symlinking: /home/zyme/ros_ws/Autoware_sim_test/install/pointcloud_preprocessor/share/pointcloud_preprocessor/package.dsv
[198.363s] -- Symlinking: /home/zyme/ros_ws/Autoware_sim_test/install/pointcloud_preprocessor/share/ament_index/resource_index/packages/pointcloud_preprocessor
[198.373s] -- Symlinking: /home/zyme/ros_ws/Autoware_sim_test/install/pointcloud_preprocessor/share/ament_index/resource_index/rclcpp_components/pointcloud_preprocessor
[198.384s] -- Symlinking: /home/zyme/ros_ws/Autoware_sim_test/install/pointcloud_preprocessor/share/pointcloud_preprocessor/cmake/ament_cmake_export_targets-extras.cmake
[198.395s] -- Symlinking: /home/zyme/ros_ws/Autoware_sim_test/install/pointcloud_preprocessor/share/pointcloud_preprocessor/cmake/ament_cmake_export_dependencies-extras.cmake
[198.406s] -- Symlinking: /home/zyme/ros_ws/Autoware_sim_test/install/pointcloud_preprocessor/share/pointcloud_preprocessor/cmake/ament_cmake_export_include_directories-extras.cmake
[198.418s] -- Symlinking: /home/zyme/ros_ws/Autoware_sim_test/install/pointcloud_preprocessor/share/pointcloud_preprocessor/cmake/ament_cmake_export_libraries-extras.cmake
[198.430s] -- Symlinking: /home/zyme/ros_ws/Autoware_sim_test/install/pointcloud_preprocessor/share/pointcloud_preprocessor/cmake/pointcloud_preprocessorConfig.cmake
[198.441s] -- Symlinking: /home/zyme/ros_ws/Autoware_sim_test/install/pointcloud_preprocessor/share/pointcloud_preprocessor/cmake/pointcloud_preprocessorConfig-version.cmake
[198.454s] -- Symlinking: /home/zyme/ros_ws/Autoware_sim_test/install/pointcloud_preprocessor/share/pointcloud_preprocessor/package.xml
[198.465s] -- Installing: /home/zyme/ros_ws/Autoware_sim_test/install/pointcloud_preprocessor/lib/libpointcloud_preprocessor_filter_base.so
[198.468s] -- Set runtime path of "/home/zyme/ros_ws/Autoware_sim_test/install/pointcloud_preprocessor/lib/libpointcloud_preprocessor_filter_base.so" to ""
[198.468s] -- Installing: /home/zyme/ros_ws/Autoware_sim_test/install/pointcloud_preprocessor/lib/libfaster_voxel_grid_downsample_filter.so
[198.469s] -- Set runtime path of "/home/zyme/ros_ws/Autoware_sim_test/install/pointcloud_preprocessor/lib/libfaster_voxel_grid_downsample_filter.so" to ""
[198.469s] -- Installing: /home/zyme/ros_ws/Autoware_sim_test/install/pointcloud_preprocessor/share/pointcloud_preprocessor/cmake/export_pointcloud_preprocessorExport.cmake
[198.470s] -- Installing: /home/zyme/ros_ws/Autoware_sim_test/install/pointcloud_preprocessor/share/pointcloud_preprocessor/cmake/export_pointcloud_preprocessorExport-release.cmake
[198.472s] Invoked command in '/home/zyme/ros_ws/Autoware_sim_test/build/pointcloud_preprocessor' returned '0': AMENT_PREFIX_PATH=/home/zyme/ros_ws/Autoware_sim_test/install/tier4_autoware_utils:/home/zyme/ros_ws/Autoware_sim_test/install/lanelet2_extension:/home/zyme/ros_ws/Autoware_sim_test/install/tier4_pcl_extensions:/home/zyme/ros_ws/Autoware_sim_test/install/autoware_utils:/home/zyme/ros_ws/Autoware_sim_test/install/autoware_point_types:/home/zyme/ros_ws/Autoware_sim_test/install/autoware_auto_vehicle_msgs:/home/zyme/ros_ws/Autoware_sim_test/install/autoware_cmake:/home/zyme/ros_ws/Autoware_sim_test/install/autoware_auto_planning_msgs:/home/zyme/ros_ws/Autoware_sim_test/install/autoware_auto_perception_msgs:/home/zyme/ros_ws/Autoware_sim_test/install/tier4_debug_msgs:/home/zyme/ros_ws/Autoware_sim_test/install/autoware_planning_msgs:/home/zyme/ros_ws/Autoware_sim_test/install/autoware_lint_common:/home/zyme/ros_ws/Autoware_sim_test/install/autoware_auto_mapping_msgs:/home/zyme/ros_ws/Autoware_sim_test/install/autoware_auto_geometry_msgs:${AMENT_PREFIX_PATH} CMAKE_PREFIX_PATH=/home/zyme/ros_ws/Autoware_sim_test/install/tier4_autoware_utils:/home/zyme/ros_ws/Autoware_sim_test/install/lanelet2_extension:/home/zyme/ros_ws/Autoware_sim_test/install/tier4_pcl_extensions:/home/zyme/ros_ws/Autoware_sim_test/install/autoware_utils:/home/zyme/ros_ws/Autoware_sim_test/install/autoware_point_types:/home/zyme/ros_ws/Autoware_sim_test/install/autoware_auto_vehicle_msgs:/home/zyme/ros_ws/Autoware_sim_test/install/autoware_cmake:/home/zyme/ros_ws/Autoware_sim_test/install/autoware_auto_planning_msgs:/home/zyme/ros_ws/Autoware_sim_test/install/autoware_auto_perception_msgs:/home/zyme/ros_ws/Autoware_sim_test/install/tier4_debug_msgs:/home/zyme/ros_ws/Autoware_sim_test/install/autoware_planning_msgs:/home/zyme/ros_ws/Autoware_sim_test/install/autoware_lint_common:/home/zyme/ros_ws/Autoware_sim_test/install/autoware_auto_mapping_msgs:/home/zyme/ros_ws/Autoware_sim_test/install/autoware_auto_geometry_msgs:/opt/ros/humble LD_LIBRARY_PATH=/home/zyme/ros_ws/Autoware_sim_test/install/tier4_autoware_utils/lib:/home/zyme/ros_ws/Autoware_sim_test/install/lanelet2_extension/lib:/home/zyme/ros_ws/Autoware_sim_test/install/tier4_pcl_extensions/lib:/home/zyme/ros_ws/Autoware_sim_test/install/autoware_utils/lib:/home/zyme/ros_ws/Autoware_sim_test/install/autoware_auto_vehicle_msgs/lib:/home/zyme/ros_ws/Autoware_sim_test/install/autoware_auto_planning_msgs/lib:/home/zyme/ros_ws/Autoware_sim_test/install/autoware_auto_perception_msgs/lib:/home/zyme/ros_ws/Autoware_sim_test/install/tier4_debug_msgs/lib:/home/zyme/ros_ws/Autoware_sim_test/install/autoware_planning_msgs/lib:/home/zyme/ros_ws/Autoware_sim_test/install/autoware_auto_mapping_msgs/lib:/home/zyme/ros_ws/Autoware_sim_test/install/autoware_auto_geometry_msgs/lib:${LD_LIBRARY_PATH} PYTHONPATH=/home/zyme/ros_ws/Autoware_sim_test/install/autoware_auto_vehicle_msgs/local/lib/python3.10/dist-packages:/home/zyme/ros_ws/Autoware_sim_test/install/autoware_auto_planning_msgs/local/lib/python3.10/dist-packages:/home/zyme/ros_ws/Autoware_sim_test/install/autoware_auto_perception_msgs/local/lib/python3.10/dist-packages:/home/zyme/ros_ws/Autoware_sim_test/install/tier4_debug_msgs/local/lib/python3.10/dist-packages:/home/zyme/ros_ws/Autoware_sim_test/install/autoware_planning_msgs/local/lib/python3.10/dist-packages:/home/zyme/ros_ws/Autoware_sim_test/install/autoware_auto_mapping_msgs/local/lib/python3.10/dist-packages:/home/zyme/ros_ws/Autoware_sim_test/install/autoware_auto_geometry_msgs/local/lib/python3.10/dist-packages:${PYTHONPATH} /usr/bin/cmake --install /home/zyme/ros_ws/Autoware_sim_test/build/pointcloud_preprocessor
