[0.071s] Invoking command in '/home/zyme/ros_ws/Autoware_sim_test/build/signal_processing': AMENT_PREFIX_PATH=/home/zyme/ros_ws/Autoware_sim_test/install/autoware_cmake:/home/zyme/ros_ws/Autoware_sim_test/install/autoware_lint_common:${AMENT_PREFIX_PATH} CMAKE_PREFIX_PATH=/home/zyme/ros_ws/Autoware_sim_test/install/autoware_cmake:/home/zyme/ros_ws/Autoware_sim_test/install/autoware_lint_common:/opt/ros/humble /usr/bin/cmake --build /home/zyme/ros_ws/Autoware_sim_test/build/signal_processing -- -j12 -l12
[0.130s] [ 33%] Built target gtest
[0.130s] [ 33%] Built target gtest_main
[0.130s] [ 66%] Built target lowpass_filters
[0.163s] [100%] Built target test_signal_processing
[0.177s] Invoked command in '/home/zyme/ros_ws/Autoware_sim_test/build/signal_processing' returned '0': AMENT_PREFIX_PATH=/home/zyme/ros_ws/Autoware_sim_test/install/autoware_cmake:/home/zyme/ros_ws/Autoware_sim_test/install/autoware_lint_common:${AMENT_PREFIX_PATH} CMAKE_PREFIX_PATH=/home/zyme/ros_ws/Autoware_sim_test/install/autoware_cmake:/home/zyme/ros_ws/Autoware_sim_test/install/autoware_lint_common:/opt/ros/humble /usr/bin/cmake --build /home/zyme/ros_ws/Autoware_sim_test/build/signal_processing -- -j12 -l12
[0.229s] Invoking command in '/home/zyme/ros_ws/Autoware_sim_test/build/signal_processing': AMENT_PREFIX_PATH=/home/zyme/ros_ws/Autoware_sim_test/install/autoware_cmake:/home/zyme/ros_ws/Autoware_sim_test/install/autoware_lint_common:${AMENT_PREFIX_PATH} CMAKE_PREFIX_PATH=/home/zyme/ros_ws/Autoware_sim_test/install/autoware_cmake:/home/zyme/ros_ws/Autoware_sim_test/install/autoware_lint_common:/opt/ros/humble /usr/bin/cmake --install /home/zyme/ros_ws/Autoware_sim_test/build/signal_processing
[0.237s] -- Install configuration: "Release"
[0.238s] -- Execute custom install script
[0.239s] -- Up-to-date symlink: /home/zyme/ros_ws/Autoware_sim_test/install/signal_processing/include/signal_processing/butterworth.hpp
[0.239s] -- Up-to-date symlink: /home/zyme/ros_ws/Autoware_sim_test/install/signal_processing/include/signal_processing/lowpass_filter.hpp
[0.239s] -- Up-to-date symlink: /home/zyme/ros_ws/Autoware_sim_test/install/signal_processing/include/signal_processing/lowpass_filter_1d.hpp
[0.240s] -- Up-to-date symlink: /home/zyme/ros_ws/Autoware_sim_test/install/signal_processing/share/signal_processing/environment/library_path.sh
[0.240s] -- Up-to-date symlink: /home/zyme/ros_ws/Autoware_sim_test/install/signal_processing/share/signal_processing/environment/library_path.dsv
[0.241s] -- Up-to-date symlink: /home/zyme/ros_ws/Autoware_sim_test/install/signal_processing/lib/liblowpass_filters.so
[0.241s] -- Up-to-date symlink: /home/zyme/ros_ws/Autoware_sim_test/install/signal_processing/share/ament_index/resource_index/package_run_dependencies/signal_processing
[0.241s] -- Up-to-date symlink: /home/zyme/ros_ws/Autoware_sim_test/install/signal_processing/share/ament_index/resource_index/parent_prefix_path/signal_processing
[0.241s] -- Up-to-date symlink: /home/zyme/ros_ws/Autoware_sim_test/install/signal_processing/share/signal_processing/environment/ament_prefix_path.sh
[0.242s] -- Up-to-date symlink: /home/zyme/ros_ws/Autoware_sim_test/install/signal_processing/share/signal_processing/environment/ament_prefix_path.dsv
[0.242s] -- Up-to-date symlink: /home/zyme/ros_ws/Autoware_sim_test/install/signal_processing/share/signal_processing/environment/path.sh
[0.242s] -- Up-to-date symlink: /home/zyme/ros_ws/Autoware_sim_test/install/signal_processing/share/signal_processing/environment/path.dsv
[0.242s] -- Up-to-date symlink: /home/zyme/ros_ws/Autoware_sim_test/install/signal_processing/share/signal_processing/local_setup.bash
[0.242s] -- Up-to-date symlink: /home/zyme/ros_ws/Autoware_sim_test/install/signal_processing/share/signal_processing/local_setup.sh
[0.243s] -- Up-to-date symlink: /home/zyme/ros_ws/Autoware_sim_test/install/signal_processing/share/signal_processing/local_setup.zsh
[0.243s] -- Up-to-date symlink: /home/zyme/ros_ws/Autoware_sim_test/install/signal_processing/share/signal_processing/local_setup.dsv
[0.243s] -- Symlinking: /home/zyme/ros_ws/Autoware_sim_test/install/signal_processing/share/signal_processing/package.dsv
[0.254s] -- Up-to-date symlink: /home/zyme/ros_ws/Autoware_sim_test/install/signal_processing/share/ament_index/resource_index/packages/signal_processing
[0.254s] -- Up-to-date symlink: /home/zyme/ros_ws/Autoware_sim_test/install/signal_processing/share/signal_processing/cmake/ament_cmake_export_dependencies-extras.cmake
[0.254s] -- Up-to-date symlink: /home/zyme/ros_ws/Autoware_sim_test/install/signal_processing/share/signal_processing/cmake/ament_cmake_export_include_directories-extras.cmake
[0.255s] -- Up-to-date symlink: /home/zyme/ros_ws/Autoware_sim_test/install/signal_processing/share/signal_processing/cmake/ament_cmake_export_libraries-extras.cmake
[0.255s] -- Up-to-date symlink: /home/zyme/ros_ws/Autoware_sim_test/install/signal_processing/share/signal_processing/cmake/signal_processingConfig.cmake
[0.255s] -- Up-to-date symlink: /home/zyme/ros_ws/Autoware_sim_test/install/signal_processing/share/signal_processing/cmake/signal_processingConfig-version.cmake
[0.255s] -- Up-to-date symlink: /home/zyme/ros_ws/Autoware_sim_test/install/signal_processing/share/signal_processing/package.xml
[0.258s] Invoked command in '/home/zyme/ros_ws/Autoware_sim_test/build/signal_processing' returned '0': AMENT_PREFIX_PATH=/home/zyme/ros_ws/Autoware_sim_test/install/autoware_cmake:/home/zyme/ros_ws/Autoware_sim_test/install/autoware_lint_common:${AMENT_PREFIX_PATH} CMAKE_PREFIX_PATH=/home/zyme/ros_ws/Autoware_sim_test/install/autoware_cmake:/home/zyme/ros_ws/Autoware_sim_test/install/autoware_lint_common:/opt/ros/humble /usr/bin/cmake --install /home/zyme/ros_ws/Autoware_sim_test/build/signal_processing
