[0.061s] Invoking command in '/home/zyme/ros_ws/Autoware_sim_test/build/polar_grid': AMENT_PREFIX_PATH=/home/zyme/ros_ws/Autoware_sim_test/install/autoware_cmake:/home/zyme/ros_ws/Autoware_sim_test/install/autoware_lint_common:${AMENT_PREFIX_PATH} CMAKE_PREFIX_PATH=/home/zyme/ros_ws/Autoware_sim_test/install/autoware_cmake:/home/zyme/ros_ws/Autoware_sim_test/install/autoware_lint_common:/opt/ros/humble /usr/bin/cmake --build /home/zyme/ros_ws/Autoware_sim_test/build/polar_grid -- -j12 -l12
[0.109s] [ 25%] [34m[1mAutomatic MOC for target polar_grid[0m
[0.131s] [ 25%] Built target polar_grid_autogen
[0.160s] [100%] Built target polar_grid
[0.171s] Invoked command in '/home/zyme/ros_ws/Autoware_sim_test/build/polar_grid' returned '0': AMENT_PREFIX_PATH=/home/zyme/ros_ws/Autoware_sim_test/install/autoware_cmake:/home/zyme/ros_ws/Autoware_sim_test/install/autoware_lint_common:${AMENT_PREFIX_PATH} CMAKE_PREFIX_PATH=/home/zyme/ros_ws/Autoware_sim_test/install/autoware_cmake:/home/zyme/ros_ws/Autoware_sim_test/install/autoware_lint_common:/opt/ros/humble /usr/bin/cmake --build /home/zyme/ros_ws/Autoware_sim_test/build/polar_grid -- -j12 -l12
[0.199s] Invoking command in '/home/zyme/ros_ws/Autoware_sim_test/build/polar_grid': AMENT_PREFIX_PATH=/home/zyme/ros_ws/Autoware_sim_test/install/autoware_cmake:/home/zyme/ros_ws/Autoware_sim_test/install/autoware_lint_common:${AMENT_PREFIX_PATH} CMAKE_PREFIX_PATH=/home/zyme/ros_ws/Autoware_sim_test/install/autoware_cmake:/home/zyme/ros_ws/Autoware_sim_test/install/autoware_lint_common:/opt/ros/humble /usr/bin/cmake --install /home/zyme/ros_ws/Autoware_sim_test/build/polar_grid
[0.206s] -- Install configuration: "Release"
[0.207s] -- Execute custom install script
[0.207s] -- Up-to-date symlink: /home/zyme/ros_ws/Autoware_sim_test/install/polar_grid//libpolar_grid.so
[0.208s] -- Up-to-date symlink: /home/zyme/ros_ws/Autoware_sim_test/install/polar_grid/share/polar_grid/plugins/plugin_description.xml
[0.208s] -- Up-to-date symlink: /home/zyme/ros_ws/Autoware_sim_test/install/polar_grid/share/polar_grid/environment/library_path.sh
[0.208s] -- Up-to-date symlink: /home/zyme/ros_ws/Autoware_sim_test/install/polar_grid/share/polar_grid/environment/library_path.dsv
[0.209s] -- Up-to-date symlink: /home/zyme/ros_ws/Autoware_sim_test/install/polar_grid/lib/libpolar_grid.so
[0.209s] -- Up-to-date symlink: /home/zyme/ros_ws/Autoware_sim_test/install/polar_grid/share/polar_grid/icons/classes/PolarGridDisplay.png
[0.210s] -- Up-to-date symlink: /home/zyme/ros_ws/Autoware_sim_test/install/polar_grid/share/polar_grid/plugins/plugin_description.xml
[0.210s] -- Up-to-date symlink: /home/zyme/ros_ws/Autoware_sim_test/install/polar_grid/share/ament_index/resource_index/package_run_dependencies/polar_grid
[0.210s] -- Up-to-date symlink: /home/zyme/ros_ws/Autoware_sim_test/install/polar_grid/share/ament_index/resource_index/parent_prefix_path/polar_grid
[0.211s] -- Up-to-date symlink: /home/zyme/ros_ws/Autoware_sim_test/install/polar_grid/share/polar_grid/environment/ament_prefix_path.sh
[0.211s] -- Up-to-date symlink: /home/zyme/ros_ws/Autoware_sim_test/install/polar_grid/share/polar_grid/environment/ament_prefix_path.dsv
[0.211s] -- Up-to-date symlink: /home/zyme/ros_ws/Autoware_sim_test/install/polar_grid/share/polar_grid/environment/path.sh
[0.211s] -- Up-to-date symlink: /home/zyme/ros_ws/Autoware_sim_test/install/polar_grid/share/polar_grid/environment/path.dsv
[0.212s] -- Up-to-date symlink: /home/zyme/ros_ws/Autoware_sim_test/install/polar_grid/share/polar_grid/local_setup.bash
[0.212s] -- Up-to-date symlink: /home/zyme/ros_ws/Autoware_sim_test/install/polar_grid/share/polar_grid/local_setup.sh
[0.212s] -- Up-to-date symlink: /home/zyme/ros_ws/Autoware_sim_test/install/polar_grid/share/polar_grid/local_setup.zsh
[0.213s] -- Up-to-date symlink: /home/zyme/ros_ws/Autoware_sim_test/install/polar_grid/share/polar_grid/local_setup.dsv
[0.213s] -- Symlinking: /home/zyme/ros_ws/Autoware_sim_test/install/polar_grid/share/polar_grid/package.dsv
[0.222s] -- Up-to-date symlink: /home/zyme/ros_ws/Autoware_sim_test/install/polar_grid/share/ament_index/resource_index/packages/polar_grid
[0.222s] -- Up-to-date symlink: /home/zyme/ros_ws/Autoware_sim_test/install/polar_grid/share/ament_index/resource_index/rviz_common__pluginlib__plugin/polar_grid
[0.222s] -- Up-to-date symlink: /home/zyme/ros_ws/Autoware_sim_test/install/polar_grid/share/polar_grid/cmake/ament_cmake_export_dependencies-extras.cmake
[0.222s] -- Up-to-date symlink: /home/zyme/ros_ws/Autoware_sim_test/install/polar_grid/share/polar_grid/cmake/ament_cmake_export_libraries-extras.cmake
[0.223s] -- Up-to-date symlink: /home/zyme/ros_ws/Autoware_sim_test/install/polar_grid/share/polar_grid/cmake/polar_gridConfig.cmake
[0.223s] -- Up-to-date symlink: /home/zyme/ros_ws/Autoware_sim_test/install/polar_grid/share/polar_grid/cmake/polar_gridConfig-version.cmake
[0.223s] -- Up-to-date symlink: /home/zyme/ros_ws/Autoware_sim_test/install/polar_grid/share/polar_grid/package.xml
[0.225s] Invoked command in '/home/zyme/ros_ws/Autoware_sim_test/build/polar_grid' returned '0': AMENT_PREFIX_PATH=/home/zyme/ros_ws/Autoware_sim_test/install/autoware_cmake:/home/zyme/ros_ws/Autoware_sim_test/install/autoware_lint_common:${AMENT_PREFIX_PATH} CMAKE_PREFIX_PATH=/home/zyme/ros_ws/Autoware_sim_test/install/autoware_cmake:/home/zyme/ros_ws/Autoware_sim_test/install/autoware_lint_common:/opt/ros/humble /usr/bin/cmake --install /home/zyme/ros_ws/Autoware_sim_test/build/polar_grid
