[0.885s] Invoking command in '/home/zyme/ros_ws/Autoware_sim_test/build/tier4_simulation_msgs': CMAKE_PREFIX_PATH=/opt/ros/humble /usr/bin/cmake /home/zyme/ros_ws/Autoware_sim_test/src/autoware/src/universe/external/tier4_autoware_msgs/tier4_simulation_msgs -DCMAKE_INSTALL_PREFIX=/home/zyme/ros_ws/Autoware_sim_test/install/tier4_simulation_msgs
[1.281s] -- Found ament_cmake_auto: 1.3.8 (/opt/ros/humble/share/ament_cmake_auto/cmake)
[1.299s] -- Override CMake install command with custom implementation using symlinks instead of copying resources
[1.382s] -- Found rosidl_generator_c: 3.1.5 (/opt/ros/humble/share/rosidl_generator_c/cmake)
[1.383s] -- Found rosidl_adapter: 3.1.5 (/opt/ros/humble/share/rosidl_adapter/cmake)
[1.391s] -- Found rosidl_generator_cpp: 3.1.5 (/opt/ros/humble/share/rosidl_generator_cpp/cmake)
[1.409s] -- Using all available rosidl_typesupport_c: rosidl_typesupport_fastrtps_c;rosidl_typesupport_introspection_c
[1.437s] -- Using all available rosidl_typesupport_cpp: rosidl_typesupport_fastrtps_cpp;rosidl_typesupport_introspection_cpp
[1.956s] -- Found ament_cmake_ros: 0.10.0 (/opt/ros/humble/share/ament_cmake_ros/cmake)
[2.872s] -- Using all available rosidl_typesupport_c: rosidl_typesupport_fastrtps_c;rosidl_typesupport_introspection_c
[3.244s] -- Using all available rosidl_typesupport_cpp: rosidl_typesupport_fastrtps_cpp;rosidl_typesupport_introspection_cpp
[3.312s] -- Found python_cmake_module: 0.10.0 (/opt/ros/humble/share/python_cmake_module/cmake)
[3.355s] -- Using PYTHON_EXECUTABLE: /usr/bin/python3
[3.355s] -- Using PYTHON_INCLUDE_DIRS: /usr/include/python3.10
[3.355s] -- Using PYTHON_LIBRARIES: /usr/lib/x86_64-linux-gnu/libpython3.10.so
[3.434s] -- Found ament_lint_auto: 0.12.10 (/opt/ros/humble/share/ament_lint_auto/cmake)
[3.460s] -- Added test 'copyright' to check source files copyright and LICENSE
[3.466s] -- Added test 'lint_cmake' to check CMake code style
[3.472s] -- Added test 'xmllint' to check XML markup files
[3.480s] -- Configuring done
[3.652s] -- Generating done
[3.661s] -- Build files have been written to: /home/zyme/ros_ws/Autoware_sim_test/build/tier4_simulation_msgs
[3.717s] Invoked command in '/home/zyme/ros_ws/Autoware_sim_test/build/tier4_simulation_msgs' returned '0': CMAKE_PREFIX_PATH=/opt/ros/humble /usr/bin/cmake /home/zyme/ros_ws/Autoware_sim_test/src/autoware/src/universe/external/tier4_autoware_msgs/tier4_simulation_msgs -DCMAKE_INSTALL_PREFIX=/home/zyme/ros_ws/Autoware_sim_test/install/tier4_simulation_msgs
[3.718s] Invoking command in '/home/zyme/ros_ws/Autoware_sim_test/build/tier4_simulation_msgs': CMAKE_PREFIX_PATH=/opt/ros/humble /usr/bin/cmake --build /home/zyme/ros_ws/Autoware_sim_test/build/tier4_simulation_msgs -- -j12 -l12
[4.658s] [35m[1mConsolidate compiler generated dependencies of target tier4_simulation_msgs__rosidl_generator_c[0m
[4.659s] [  1%] Built target tier4_simulation_msgs__cpp
[4.659s] [ 12%] Built target tier4_simulation_msgs__rosidl_generator_c
[4.659s] [ 12%] Built target ament_cmake_python_symlink_tier4_simulation_msgs
[4.659s] [35m[1mConsolidate compiler generated dependencies of target tier4_simulation_msgs__rosidl_typesupport_introspection_cpp[0m
[4.659s] [35m[1mConsolidate compiler generated dependencies of target tier4_simulation_msgs__rosidl_typesupport_cpp[0m
[4.659s] [35m[1mConsolidate compiler generated dependencies of target tier4_simulation_msgs__rosidl_typesupport_fastrtps_cpp[0m
[4.660s] [35m[1mConsolidate compiler generated dependencies of target tier4_simulation_msgs__rosidl_typesupport_introspection_c[0m
[4.660s] [35m[1mConsolidate compiler generated dependencies of target tier4_simulation_msgs__rosidl_typesupport_fastrtps_c[0m
[4.660s] [35m[1mConsolidate compiler generated dependencies of target tier4_simulation_msgs__rosidl_typesupport_c[0m
[4.660s] [ 23%] Built target tier4_simulation_msgs__rosidl_typesupport_fastrtps_cpp
[4.660s] [ 34%] Built target tier4_simulation_msgs__rosidl_typesupport_cpp
[4.660s] [ 45%] Built target tier4_simulation_msgs__rosidl_typesupport_introspection_cpp
[4.660s] [ 56%] Built target tier4_simulation_msgs__rosidl_typesupport_introspection_c
[4.660s] [ 67%] Built target tier4_simulation_msgs__rosidl_typesupport_fastrtps_c
[4.661s] [ 78%] Built target tier4_simulation_msgs__rosidl_typesupport_c
[4.661s] [ 78%] Built target tier4_simulation_msgs
[4.661s] [ 80%] Built target tier4_simulation_msgs__py
[4.661s] [35m[1mConsolidate compiler generated dependencies of target tier4_simulation_msgs__rosidl_generator_py[0m
[4.662s] [ 89%] Built target tier4_simulation_msgs__rosidl_generator_py
[4.662s] [35m[1mConsolidate compiler generated dependencies of target tier4_simulation_msgs__rosidl_typesupport_introspection_c__pyext[0m
[4.662s] [35m[1mConsolidate compiler generated dependencies of target tier4_simulation_msgs__rosidl_typesupport_fastrtps_c__pyext[0m
[4.662s] [35m[1mConsolidate compiler generated dependencies of target tier4_simulation_msgs__rosidl_typesupport_c__pyext[0m
[4.662s] [ 92%] Built target tier4_simulation_msgs__rosidl_typesupport_introspection_c__pyext
[4.662s] [ 96%] Built target tier4_simulation_msgs__rosidl_typesupport_fastrtps_c__pyext
[4.662s] [100%] Built target tier4_simulation_msgs__rosidl_typesupport_c__pyext
[4.662s] running egg_info
[4.663s] writing tier4_simulation_msgs.egg-info/PKG-INFO
[4.663s] writing dependency_links to tier4_simulation_msgs.egg-info/dependency_links.txt
[4.664s] writing top-level names to tier4_simulation_msgs.egg-info/top_level.txt
[4.667s] reading manifest file 'tier4_simulation_msgs.egg-info/SOURCES.txt'
[4.676s] writing manifest file 'tier4_simulation_msgs.egg-info/SOURCES.txt'
[4.719s] [100%] Built target ament_cmake_python_build_tier4_simulation_msgs_egg
[4.755s] Invoked command in '/home/zyme/ros_ws/Autoware_sim_test/build/tier4_simulation_msgs' returned '0': CMAKE_PREFIX_PATH=/opt/ros/humble /usr/bin/cmake --build /home/zyme/ros_ws/Autoware_sim_test/build/tier4_simulation_msgs -- -j12 -l12
[5.168s] Invoking command in '/home/zyme/ros_ws/Autoware_sim_test/build/tier4_simulation_msgs': CMAKE_PREFIX_PATH=/opt/ros/humble /usr/bin/cmake --install /home/zyme/ros_ws/Autoware_sim_test/build/tier4_simulation_msgs
[5.190s] -- Install configuration: "Release"
[5.191s] -- Execute custom install script
[5.191s] -- Up-to-date symlink: /home/zyme/ros_ws/Autoware_sim_test/install/tier4_simulation_msgs/share/ament_index/resource_index/rosidl_interfaces/tier4_simulation_msgs
[5.191s] -- Up-to-date symlink: /home/zyme/ros_ws/Autoware_sim_test/install/tier4_simulation_msgs/include/tier4_simulation_msgs/tier4_simulation_msgs/msg/detail/fault_injection_event__functions.h
[5.191s] -- Up-to-date symlink: /home/zyme/ros_ws/Autoware_sim_test/install/tier4_simulation_msgs/include/tier4_simulation_msgs/tier4_simulation_msgs/msg/detail/fault_injection_event__struct.h
[5.191s] -- Up-to-date symlink: /home/zyme/ros_ws/Autoware_sim_test/install/tier4_simulation_msgs/include/tier4_simulation_msgs/tier4_simulation_msgs/msg/detail/fault_injection_event__type_support.h
[5.191s] -- Up-to-date symlink: /home/zyme/ros_ws/Autoware_sim_test/install/tier4_simulation_msgs/include/tier4_simulation_msgs/tier4_simulation_msgs/msg/detail/simulation_events__functions.h
[5.192s] -- Up-to-date symlink: /home/zyme/ros_ws/Autoware_sim_test/install/tier4_simulation_msgs/include/tier4_simulation_msgs/tier4_simulation_msgs/msg/detail/simulation_events__struct.h
[5.192s] -- Up-to-date symlink: /home/zyme/ros_ws/Autoware_sim_test/install/tier4_simulation_msgs/include/tier4_simulation_msgs/tier4_simulation_msgs/msg/detail/simulation_events__type_support.h
[5.196s] -- Up-to-date symlink: /home/zyme/ros_ws/Autoware_sim_test/install/tier4_simulation_msgs/include/tier4_simulation_msgs/tier4_simulation_msgs/msg/detail/user_defined_value__functions.h
[5.196s] -- Up-to-date symlink: /home/zyme/ros_ws/Autoware_sim_test/install/tier4_simulation_msgs/include/tier4_simulation_msgs/tier4_simulation_msgs/msg/detail/user_defined_value__struct.h
[5.201s] -- Up-to-date symlink: /home/zyme/ros_ws/Autoware_sim_test/install/tier4_simulation_msgs/include/tier4_simulation_msgs/tier4_simulation_msgs/msg/detail/user_defined_value__type_support.h
[5.201s] -- Up-to-date symlink: /home/zyme/ros_ws/Autoware_sim_test/install/tier4_simulation_msgs/include/tier4_simulation_msgs/tier4_simulation_msgs/msg/detail/user_defined_value_type__functions.h
[5.203s] -- Up-to-date symlink: /home/zyme/ros_ws/Autoware_sim_test/install/tier4_simulation_msgs/include/tier4_simulation_msgs/tier4_simulation_msgs/msg/detail/user_defined_value_type__struct.h
[5.204s] -- Up-to-date symlink: /home/zyme/ros_ws/Autoware_sim_test/install/tier4_simulation_msgs/include/tier4_simulation_msgs/tier4_simulation_msgs/msg/detail/user_defined_value_type__type_support.h
[5.205s] -- Up-to-date symlink: /home/zyme/ros_ws/Autoware_sim_test/install/tier4_simulation_msgs/include/tier4_simulation_msgs/tier4_simulation_msgs/msg/fault_injection_event.h
[5.207s] -- Up-to-date symlink: /home/zyme/ros_ws/Autoware_sim_test/install/tier4_simulation_msgs/include/tier4_simulation_msgs/tier4_simulation_msgs/msg/rosidl_generator_c__visibility_control.h
[5.207s] -- Up-to-date symlink: /home/zyme/ros_ws/Autoware_sim_test/install/tier4_simulation_msgs/include/tier4_simulation_msgs/tier4_simulation_msgs/msg/simulation_events.h
[5.210s] -- Up-to-date symlink: /home/zyme/ros_ws/Autoware_sim_test/install/tier4_simulation_msgs/include/tier4_simulation_msgs/tier4_simulation_msgs/msg/user_defined_value.h
[5.214s] -- Up-to-date symlink: /home/zyme/ros_ws/Autoware_sim_test/install/tier4_simulation_msgs/include/tier4_simulation_msgs/tier4_simulation_msgs/msg/user_defined_value_type.h
[5.215s] -- Up-to-date symlink: /home/zyme/ros_ws/Autoware_sim_test/install/tier4_simulation_msgs/share/tier4_simulation_msgs/environment/library_path.sh
[5.215s] -- Up-to-date symlink: /home/zyme/ros_ws/Autoware_sim_test/install/tier4_simulation_msgs/share/tier4_simulation_msgs/environment/library_path.dsv
[5.215s] -- Up-to-date symlink: /home/zyme/ros_ws/Autoware_sim_test/install/tier4_simulation_msgs/include/tier4_simulation_msgs/tier4_simulation_msgs/msg/detail/fault_injection_event__rosidl_typesupport_fastrtps_c.h
[5.215s] -- Up-to-date symlink: /home/zyme/ros_ws/Autoware_sim_test/install/tier4_simulation_msgs/include/tier4_simulation_msgs/tier4_simulation_msgs/msg/detail/simulation_events__rosidl_typesupport_fastrtps_c.h
[5.216s] -- Up-to-date symlink: /home/zyme/ros_ws/Autoware_sim_test/install/tier4_simulation_msgs/include/tier4_simulation_msgs/tier4_simulation_msgs/msg/detail/user_defined_value__rosidl_typesupport_fastrtps_c.h
[5.217s] -- Up-to-date symlink: /home/zyme/ros_ws/Autoware_sim_test/install/tier4_simulation_msgs/include/tier4_simulation_msgs/tier4_simulation_msgs/msg/detail/user_defined_value_type__rosidl_typesupport_fastrtps_c.h
[5.218s] -- Up-to-date symlink: /home/zyme/ros_ws/Autoware_sim_test/install/tier4_simulation_msgs/include/tier4_simulation_msgs/tier4_simulation_msgs/msg/rosidl_typesupport_fastrtps_c__visibility_control.h
[5.219s] -- Up-to-date symlink: /home/zyme/ros_ws/Autoware_sim_test/install/tier4_simulation_msgs/include/tier4_simulation_msgs/tier4_simulation_msgs/msg/detail/fault_injection_event__builder.hpp
[5.221s] -- Up-to-date symlink: /home/zyme/ros_ws/Autoware_sim_test/install/tier4_simulation_msgs/include/tier4_simulation_msgs/tier4_simulation_msgs/msg/detail/fault_injection_event__struct.hpp
[5.224s] -- Up-to-date symlink: /home/zyme/ros_ws/Autoware_sim_test/install/tier4_simulation_msgs/include/tier4_simulation_msgs/tier4_simulation_msgs/msg/detail/fault_injection_event__traits.hpp
[5.227s] -- Up-to-date symlink: /home/zyme/ros_ws/Autoware_sim_test/install/tier4_simulation_msgs/include/tier4_simulation_msgs/tier4_simulation_msgs/msg/detail/simulation_events__builder.hpp
[5.227s] -- Up-to-date symlink: /home/zyme/ros_ws/Autoware_sim_test/install/tier4_simulation_msgs/include/tier4_simulation_msgs/tier4_simulation_msgs/msg/detail/simulation_events__struct.hpp
[5.229s] -- Up-to-date symlink: /home/zyme/ros_ws/Autoware_sim_test/install/tier4_simulation_msgs/include/tier4_simulation_msgs/tier4_simulation_msgs/msg/detail/simulation_events__traits.hpp
[5.229s] -- Up-to-date symlink: /home/zyme/ros_ws/Autoware_sim_test/install/tier4_simulation_msgs/include/tier4_simulation_msgs/tier4_simulation_msgs/msg/detail/user_defined_value__builder.hpp
[5.230s] -- Up-to-date symlink: /home/zyme/ros_ws/Autoware_sim_test/install/tier4_simulation_msgs/include/tier4_simulation_msgs/tier4_simulation_msgs/msg/detail/user_defined_value__struct.hpp
[5.230s] -- Up-to-date symlink: /home/zyme/ros_ws/Autoware_sim_test/install/tier4_simulation_msgs/include/tier4_simulation_msgs/tier4_simulation_msgs/msg/detail/user_defined_value__traits.hpp
[5.231s] -- Up-to-date symlink: /home/zyme/ros_ws/Autoware_sim_test/install/tier4_simulation_msgs/include/tier4_simulation_msgs/tier4_simulation_msgs/msg/detail/user_defined_value_type__builder.hpp
[5.237s] -- Up-to-date symlink: /home/zyme/ros_ws/Autoware_sim_test/install/tier4_simulation_msgs/include/tier4_simulation_msgs/tier4_simulation_msgs/msg/detail/user_defined_value_type__struct.hpp
[5.238s] -- Up-to-date symlink: /home/zyme/ros_ws/Autoware_sim_test/install/tier4_simulation_msgs/include/tier4_simulation_msgs/tier4_simulation_msgs/msg/detail/user_defined_value_type__traits.hpp
[5.239s] -- Up-to-date symlink: /home/zyme/ros_ws/Autoware_sim_test/install/tier4_simulation_msgs/include/tier4_simulation_msgs/tier4_simulation_msgs/msg/fault_injection_event.hpp
[5.239s] -- Up-to-date symlink: /home/zyme/ros_ws/Autoware_sim_test/install/tier4_simulation_msgs/include/tier4_simulation_msgs/tier4_simulation_msgs/msg/simulation_events.hpp
[5.239s] -- Up-to-date symlink: /home/zyme/ros_ws/Autoware_sim_test/install/tier4_simulation_msgs/include/tier4_simulation_msgs/tier4_simulation_msgs/msg/user_defined_value.hpp
[5.239s] -- Up-to-date symlink: /home/zyme/ros_ws/Autoware_sim_test/install/tier4_simulation_msgs/include/tier4_simulation_msgs/tier4_simulation_msgs/msg/user_defined_value_type.hpp
[5.241s] -- Up-to-date symlink: /home/zyme/ros_ws/Autoware_sim_test/install/tier4_simulation_msgs/include/tier4_simulation_msgs/tier4_simulation_msgs/msg/detail/fault_injection_event__rosidl_typesupport_fastrtps_cpp.hpp
[5.241s] -- Up-to-date symlink: /home/zyme/ros_ws/Autoware_sim_test/install/tier4_simulation_msgs/include/tier4_simulation_msgs/tier4_simulation_msgs/msg/detail/simulation_events__rosidl_typesupport_fastrtps_cpp.hpp
[5.242s] -- Up-to-date symlink: /home/zyme/ros_ws/Autoware_sim_test/install/tier4_simulation_msgs/include/tier4_simulation_msgs/tier4_simulation_msgs/msg/detail/user_defined_value__rosidl_typesupport_fastrtps_cpp.hpp
[5.242s] -- Up-to-date symlink: /home/zyme/ros_ws/Autoware_sim_test/install/tier4_simulation_msgs/include/tier4_simulation_msgs/tier4_simulation_msgs/msg/detail/user_defined_value_type__rosidl_typesupport_fastrtps_cpp.hpp
[5.243s] -- Up-to-date symlink: /home/zyme/ros_ws/Autoware_sim_test/install/tier4_simulation_msgs/include/tier4_simulation_msgs/tier4_simulation_msgs/msg/rosidl_typesupport_fastrtps_cpp__visibility_control.h
[5.245s] -- Up-to-date symlink: /home/zyme/ros_ws/Autoware_sim_test/install/tier4_simulation_msgs/include/tier4_simulation_msgs/tier4_simulation_msgs/msg/detail/fault_injection_event__rosidl_typesupport_introspection_c.h
[5.245s] -- Up-to-date symlink: /home/zyme/ros_ws/Autoware_sim_test/install/tier4_simulation_msgs/include/tier4_simulation_msgs/tier4_simulation_msgs/msg/detail/simulation_events__rosidl_typesupport_introspection_c.h
[5.246s] -- Up-to-date symlink: /home/zyme/ros_ws/Autoware_sim_test/install/tier4_simulation_msgs/include/tier4_simulation_msgs/tier4_simulation_msgs/msg/detail/user_defined_value__rosidl_typesupport_introspection_c.h
[5.248s] -- Up-to-date symlink: /home/zyme/ros_ws/Autoware_sim_test/install/tier4_simulation_msgs/include/tier4_simulation_msgs/tier4_simulation_msgs/msg/detail/user_defined_value_type__rosidl_typesupport_introspection_c.h
[5.248s] -- Up-to-date symlink: /home/zyme/ros_ws/Autoware_sim_test/install/tier4_simulation_msgs/include/tier4_simulation_msgs/tier4_simulation_msgs/msg/rosidl_typesupport_introspection_c__visibility_control.h
[5.249s] -- Up-to-date symlink: /home/zyme/ros_ws/Autoware_sim_test/install/tier4_simulation_msgs/include/tier4_simulation_msgs/tier4_simulation_msgs/msg/detail/fault_injection_event__rosidl_typesupport_introspection_cpp.hpp
[5.249s] -- Up-to-date symlink: /home/zyme/ros_ws/Autoware_sim_test/install/tier4_simulation_msgs/include/tier4_simulation_msgs/tier4_simulation_msgs/msg/detail/simulation_events__rosidl_typesupport_introspection_cpp.hpp
[5.251s] -- Up-to-date symlink: /home/zyme/ros_ws/Autoware_sim_test/install/tier4_simulation_msgs/include/tier4_simulation_msgs/tier4_simulation_msgs/msg/detail/user_defined_value__rosidl_typesupport_introspection_cpp.hpp
[5.251s] -- Up-to-date symlink: /home/zyme/ros_ws/Autoware_sim_test/install/tier4_simulation_msgs/include/tier4_simulation_msgs/tier4_simulation_msgs/msg/detail/user_defined_value_type__rosidl_typesupport_introspection_cpp.hpp
[5.251s] -- Up-to-date symlink: /home/zyme/ros_ws/Autoware_sim_test/install/tier4_simulation_msgs/share/tier4_simulation_msgs/environment/pythonpath.sh
[5.252s] -- Up-to-date symlink: /home/zyme/ros_ws/Autoware_sim_test/install/tier4_simulation_msgs/share/tier4_simulation_msgs/environment/pythonpath.dsv
[5.253s] -- Up-to-date symlink: /home/zyme/ros_ws/Autoware_sim_test/install/tier4_simulation_msgs/local/lib/python3.10/dist-packages/tier4_simulation_msgs-0.1.0-py3.10.egg-info/PKG-INFO
[5.253s] -- Up-to-date symlink: /home/zyme/ros_ws/Autoware_sim_test/install/tier4_simulation_msgs/local/lib/python3.10/dist-packages/tier4_simulation_msgs-0.1.0-py3.10.egg-info/SOURCES.txt
[5.255s] -- Up-to-date symlink: /home/zyme/ros_ws/Autoware_sim_test/install/tier4_simulation_msgs/local/lib/python3.10/dist-packages/tier4_simulation_msgs-0.1.0-py3.10.egg-info/dependency_links.txt
[5.255s] -- Up-to-date symlink: /home/zyme/ros_ws/Autoware_sim_test/install/tier4_simulation_msgs/local/lib/python3.10/dist-packages/tier4_simulation_msgs-0.1.0-py3.10.egg-info/top_level.txt
[5.257s] -- Up-to-date symlink: /home/zyme/ros_ws/Autoware_sim_test/install/tier4_simulation_msgs/local/lib/python3.10/dist-packages/tier4_simulation_msgs/__init__.py
[5.257s] -- Up-to-date symlink: /home/zyme/ros_ws/Autoware_sim_test/install/tier4_simulation_msgs/local/lib/python3.10/dist-packages/tier4_simulation_msgs/_tier4_simulation_msgs_s.ep.rosidl_typesupport_c.c
[5.260s] -- Up-to-date symlink: /home/zyme/ros_ws/Autoware_sim_test/install/tier4_simulation_msgs/local/lib/python3.10/dist-packages/tier4_simulation_msgs/_tier4_simulation_msgs_s.ep.rosidl_typesupport_fastrtps_c.c
[5.261s] -- Up-to-date symlink: /home/zyme/ros_ws/Autoware_sim_test/install/tier4_simulation_msgs/local/lib/python3.10/dist-packages/tier4_simulation_msgs/_tier4_simulation_msgs_s.ep.rosidl_typesupport_introspection_c.c
[5.264s] -- Up-to-date symlink: /home/zyme/ros_ws/Autoware_sim_test/install/tier4_simulation_msgs/local/lib/python3.10/dist-packages/tier4_simulation_msgs/libtier4_simulation_msgs__rosidl_generator_py.so
[5.268s] -- Up-to-date symlink: /home/zyme/ros_ws/Autoware_sim_test/install/tier4_simulation_msgs/local/lib/python3.10/dist-packages/tier4_simulation_msgs/msg/__init__.py
[5.268s] -- Up-to-date symlink: /home/zyme/ros_ws/Autoware_sim_test/install/tier4_simulation_msgs/local/lib/python3.10/dist-packages/tier4_simulation_msgs/msg/_fault_injection_event.py
[5.269s] -- Up-to-date symlink: /home/zyme/ros_ws/Autoware_sim_test/install/tier4_simulation_msgs/local/lib/python3.10/dist-packages/tier4_simulation_msgs/msg/_fault_injection_event_s.c
[5.272s] -- Up-to-date symlink: /home/zyme/ros_ws/Autoware_sim_test/install/tier4_simulation_msgs/local/lib/python3.10/dist-packages/tier4_simulation_msgs/msg/_simulation_events.py
[5.274s] -- Up-to-date symlink: /home/zyme/ros_ws/Autoware_sim_test/install/tier4_simulation_msgs/local/lib/python3.10/dist-packages/tier4_simulation_msgs/msg/_simulation_events_s.c
[5.274s] -- Up-to-date symlink: /home/zyme/ros_ws/Autoware_sim_test/install/tier4_simulation_msgs/local/lib/python3.10/dist-packages/tier4_simulation_msgs/msg/_user_defined_value.py
[5.274s] -- Up-to-date symlink: /home/zyme/ros_ws/Autoware_sim_test/install/tier4_simulation_msgs/local/lib/python3.10/dist-packages/tier4_simulation_msgs/msg/_user_defined_value_s.c
[5.274s] -- Up-to-date symlink: /home/zyme/ros_ws/Autoware_sim_test/install/tier4_simulation_msgs/local/lib/python3.10/dist-packages/tier4_simulation_msgs/msg/_user_defined_value_type.py
[5.276s] -- Up-to-date symlink: /home/zyme/ros_ws/Autoware_sim_test/install/tier4_simulation_msgs/local/lib/python3.10/dist-packages/tier4_simulation_msgs/msg/_user_defined_value_type_s.c
[5.277s] -- Up-to-date symlink: /home/zyme/ros_ws/Autoware_sim_test/install/tier4_simulation_msgs/local/lib/python3.10/dist-packages/tier4_simulation_msgs/tier4_simulation_msgs_s__rosidl_typesupport_c.cpython-310-x86_64-linux-gnu.so
[5.284s] -- Up-to-date symlink: /home/zyme/ros_ws/Autoware_sim_test/install/tier4_simulation_msgs/local/lib/python3.10/dist-packages/tier4_simulation_msgs/tier4_simulation_msgs_s__rosidl_typesupport_fastrtps_c.cpython-310-x86_64-linux-gnu.so
[5.286s] -- Up-to-date symlink: /home/zyme/ros_ws/Autoware_sim_test/install/tier4_simulation_msgs/local/lib/python3.10/dist-packages/tier4_simulation_msgs/tier4_simulation_msgs_s__rosidl_typesupport_introspection_c.cpython-310-x86_64-linux-gnu.so
[5.286s] -- Up-to-date symlink: /home/zyme/ros_ws/Autoware_sim_test/install/tier4_simulation_msgs/local/lib/python3.10/dist-packages/tier4_simulation_msgs/tier4_simulation_msgs_s__rosidl_typesupport_fastrtps_c.cpython-310-x86_64-linux-gnu.so
[5.287s] -- Up-to-date symlink: /home/zyme/ros_ws/Autoware_sim_test/install/tier4_simulation_msgs/local/lib/python3.10/dist-packages/tier4_simulation_msgs/tier4_simulation_msgs_s__rosidl_typesupport_introspection_c.cpython-310-x86_64-linux-gnu.so
[5.288s] -- Up-to-date symlink: /home/zyme/ros_ws/Autoware_sim_test/install/tier4_simulation_msgs/local/lib/python3.10/dist-packages/tier4_simulation_msgs/tier4_simulation_msgs_s__rosidl_typesupport_c.cpython-310-x86_64-linux-gnu.so
[5.292s] -- Up-to-date symlink: /home/zyme/ros_ws/Autoware_sim_test/install/tier4_simulation_msgs/share/tier4_simulation_msgs/msg/FaultInjectionEvent.idl
[5.292s] -- Up-to-date symlink: /home/zyme/ros_ws/Autoware_sim_test/install/tier4_simulation_msgs/share/tier4_simulation_msgs/msg/SimulationEvents.idl
[5.292s] -- Up-to-date symlink: /home/zyme/ros_ws/Autoware_sim_test/install/tier4_simulation_msgs/share/tier4_simulation_msgs/msg/UserDefinedValue.idl
[5.294s] -- Up-to-date symlink: /home/zyme/ros_ws/Autoware_sim_test/install/tier4_simulation_msgs/share/tier4_simulation_msgs/msg/UserDefinedValueType.idl
[5.294s] -- Up-to-date symlink: /home/zyme/ros_ws/Autoware_sim_test/install/tier4_simulation_msgs/share/tier4_simulation_msgs/msg/FaultInjectionEvent.msg
[5.296s] -- Up-to-date symlink: /home/zyme/ros_ws/Autoware_sim_test/install/tier4_simulation_msgs/share/tier4_simulation_msgs/msg/SimulationEvents.msg
[5.296s] -- Up-to-date symlink: /home/zyme/ros_ws/Autoware_sim_test/install/tier4_simulation_msgs/share/tier4_simulation_msgs/msg/UserDefinedValue.msg
[5.298s] -- Up-to-date symlink: /home/zyme/ros_ws/Autoware_sim_test/install/tier4_simulation_msgs/share/tier4_simulation_msgs/msg/UserDefinedValueType.msg
[5.298s] -- Up-to-date symlink: /home/zyme/ros_ws/Autoware_sim_test/install/tier4_simulation_msgs/share/ament_index/resource_index/package_run_dependencies/tier4_simulation_msgs
[5.299s] -- Up-to-date symlink: /home/zyme/ros_ws/Autoware_sim_test/install/tier4_simulation_msgs/share/ament_index/resource_index/parent_prefix_path/tier4_simulation_msgs
[5.301s] -- Up-to-date symlink: /home/zyme/ros_ws/Autoware_sim_test/install/tier4_simulation_msgs/share/tier4_simulation_msgs/environment/ament_prefix_path.sh
[5.302s] -- Up-to-date symlink: /home/zyme/ros_ws/Autoware_sim_test/install/tier4_simulation_msgs/share/tier4_simulation_msgs/environment/ament_prefix_path.dsv
[5.302s] -- Up-to-date symlink: /home/zyme/ros_ws/Autoware_sim_test/install/tier4_simulation_msgs/share/tier4_simulation_msgs/environment/path.sh
[5.302s] -- Up-to-date symlink: /home/zyme/ros_ws/Autoware_sim_test/install/tier4_simulation_msgs/share/tier4_simulation_msgs/environment/path.dsv
[5.304s] -- Up-to-date symlink: /home/zyme/ros_ws/Autoware_sim_test/install/tier4_simulation_msgs/share/tier4_simulation_msgs/local_setup.bash
[5.304s] -- Up-to-date symlink: /home/zyme/ros_ws/Autoware_sim_test/install/tier4_simulation_msgs/share/tier4_simulation_msgs/local_setup.sh
[5.304s] -- Up-to-date symlink: /home/zyme/ros_ws/Autoware_sim_test/install/tier4_simulation_msgs/share/tier4_simulation_msgs/local_setup.zsh
[5.307s] -- Up-to-date symlink: /home/zyme/ros_ws/Autoware_sim_test/install/tier4_simulation_msgs/share/tier4_simulation_msgs/local_setup.dsv
[5.307s] -- Symlinking: /home/zyme/ros_ws/Autoware_sim_test/install/tier4_simulation_msgs/share/tier4_simulation_msgs/package.dsv
[5.325s] -- Up-to-date symlink: /home/zyme/ros_ws/Autoware_sim_test/install/tier4_simulation_msgs/share/ament_index/resource_index/packages/tier4_simulation_msgs
[5.325s] -- Up-to-date symlink: /home/zyme/ros_ws/Autoware_sim_test/install/tier4_simulation_msgs/share/tier4_simulation_msgs/cmake/rosidl_cmake-extras.cmake
[5.325s] -- Up-to-date symlink: /home/zyme/ros_ws/Autoware_sim_test/install/tier4_simulation_msgs/share/tier4_simulation_msgs/cmake/ament_cmake_export_dependencies-extras.cmake
[5.326s] -- Up-to-date symlink: /home/zyme/ros_ws/Autoware_sim_test/install/tier4_simulation_msgs/share/tier4_simulation_msgs/cmake/ament_cmake_export_include_directories-extras.cmake
[5.326s] -- Up-to-date symlink: /home/zyme/ros_ws/Autoware_sim_test/install/tier4_simulation_msgs/share/tier4_simulation_msgs/cmake/ament_cmake_export_libraries-extras.cmake
[5.328s] -- Up-to-date symlink: /home/zyme/ros_ws/Autoware_sim_test/install/tier4_simulation_msgs/share/tier4_simulation_msgs/cmake/ament_cmake_export_targets-extras.cmake
[5.329s] -- Up-to-date symlink: /home/zyme/ros_ws/Autoware_sim_test/install/tier4_simulation_msgs/share/tier4_simulation_msgs/cmake/rosidl_cmake_export_typesupport_targets-extras.cmake
[5.329s] -- Up-to-date symlink: /home/zyme/ros_ws/Autoware_sim_test/install/tier4_simulation_msgs/share/tier4_simulation_msgs/cmake/rosidl_cmake_export_typesupport_libraries-extras.cmake
[5.329s] -- Up-to-date symlink: /home/zyme/ros_ws/Autoware_sim_test/install/tier4_simulation_msgs/share/tier4_simulation_msgs/cmake/tier4_simulation_msgsConfig.cmake
[5.330s] -- Up-to-date symlink: /home/zyme/ros_ws/Autoware_sim_test/install/tier4_simulation_msgs/share/tier4_simulation_msgs/cmake/tier4_simulation_msgsConfig-version.cmake
[5.331s] -- Up-to-date symlink: /home/zyme/ros_ws/Autoware_sim_test/install/tier4_simulation_msgs/share/tier4_simulation_msgs/package.xml
[5.332s] -- Up-to-date: /home/zyme/ros_ws/Autoware_sim_test/install/tier4_simulation_msgs/lib/libtier4_simulation_msgs__rosidl_generator_c.so
[5.335s] -- Up-to-date: /home/zyme/ros_ws/Autoware_sim_test/install/tier4_simulation_msgs/lib/libtier4_simulation_msgs__rosidl_typesupport_fastrtps_c.so
[5.336s] -- Up-to-date: /home/zyme/ros_ws/Autoware_sim_test/install/tier4_simulation_msgs/lib/libtier4_simulation_msgs__rosidl_typesupport_fastrtps_cpp.so
[5.338s] -- Up-to-date: /home/zyme/ros_ws/Autoware_sim_test/install/tier4_simulation_msgs/lib/libtier4_simulation_msgs__rosidl_typesupport_introspection_c.so
[5.340s] -- Up-to-date: /home/zyme/ros_ws/Autoware_sim_test/install/tier4_simulation_msgs/lib/libtier4_simulation_msgs__rosidl_typesupport_c.so
[5.342s] -- Up-to-date: /home/zyme/ros_ws/Autoware_sim_test/install/tier4_simulation_msgs/lib/libtier4_simulation_msgs__rosidl_typesupport_introspection_cpp.so
[5.342s] -- Up-to-date: /home/zyme/ros_ws/Autoware_sim_test/install/tier4_simulation_msgs/lib/libtier4_simulation_msgs__rosidl_typesupport_cpp.so
[5.422s] Listing '/home/zyme/ros_ws/Autoware_sim_test/install/tier4_simulation_msgs/local/lib/python3.10/dist-packages/tier4_simulation_msgs'...
[5.422s] Compiling '/home/zyme/ros_ws/Autoware_sim_test/install/tier4_simulation_msgs/local/lib/python3.10/dist-packages/tier4_simulation_msgs/__init__.py'...
[5.422s] Listing '/home/zyme/ros_ws/Autoware_sim_test/install/tier4_simulation_msgs/local/lib/python3.10/dist-packages/tier4_simulation_msgs/msg'...
[5.435s] -- Up-to-date: /home/zyme/ros_ws/Autoware_sim_test/install/tier4_simulation_msgs/lib/libtier4_simulation_msgs__rosidl_generator_py.so
[5.437s] -- Up-to-date: /home/zyme/ros_ws/Autoware_sim_test/install/tier4_simulation_msgs/share/tier4_simulation_msgs/cmake/export_tier4_simulation_msgs__rosidl_generator_cExport.cmake
[5.437s] -- Up-to-date: /home/zyme/ros_ws/Autoware_sim_test/install/tier4_simulation_msgs/share/tier4_simulation_msgs/cmake/export_tier4_simulation_msgs__rosidl_generator_cExport-release.cmake
[5.437s] -- Up-to-date: /home/zyme/ros_ws/Autoware_sim_test/install/tier4_simulation_msgs/share/tier4_simulation_msgs/cmake/export_tier4_simulation_msgs__rosidl_typesupport_fastrtps_cExport.cmake
[5.437s] -- Up-to-date: /home/zyme/ros_ws/Autoware_sim_test/install/tier4_simulation_msgs/share/tier4_simulation_msgs/cmake/export_tier4_simulation_msgs__rosidl_typesupport_fastrtps_cExport-release.cmake
[5.438s] -- Up-to-date: /home/zyme/ros_ws/Autoware_sim_test/install/tier4_simulation_msgs/share/tier4_simulation_msgs/cmake/export_tier4_simulation_msgs__rosidl_generator_cppExport.cmake
[5.439s] -- Up-to-date: /home/zyme/ros_ws/Autoware_sim_test/install/tier4_simulation_msgs/share/tier4_simulation_msgs/cmake/export_tier4_simulation_msgs__rosidl_typesupport_fastrtps_cppExport.cmake
[5.439s] -- Up-to-date: /home/zyme/ros_ws/Autoware_sim_test/install/tier4_simulation_msgs/share/tier4_simulation_msgs/cmake/export_tier4_simulation_msgs__rosidl_typesupport_fastrtps_cppExport-release.cmake
[5.439s] -- Up-to-date: /home/zyme/ros_ws/Autoware_sim_test/install/tier4_simulation_msgs/share/tier4_simulation_msgs/cmake/tier4_simulation_msgs__rosidl_typesupport_introspection_cExport.cmake
[5.439s] -- Up-to-date: /home/zyme/ros_ws/Autoware_sim_test/install/tier4_simulation_msgs/share/tier4_simulation_msgs/cmake/tier4_simulation_msgs__rosidl_typesupport_introspection_cExport-release.cmake
[5.439s] -- Up-to-date: /home/zyme/ros_ws/Autoware_sim_test/install/tier4_simulation_msgs/share/tier4_simulation_msgs/cmake/tier4_simulation_msgs__rosidl_typesupport_cExport.cmake
[5.441s] -- Up-to-date: /home/zyme/ros_ws/Autoware_sim_test/install/tier4_simulation_msgs/share/tier4_simulation_msgs/cmake/tier4_simulation_msgs__rosidl_typesupport_cExport-release.cmake
[5.441s] -- Up-to-date: /home/zyme/ros_ws/Autoware_sim_test/install/tier4_simulation_msgs/share/tier4_simulation_msgs/cmake/tier4_simulation_msgs__rosidl_typesupport_introspection_cppExport.cmake
[5.441s] -- Up-to-date: /home/zyme/ros_ws/Autoware_sim_test/install/tier4_simulation_msgs/share/tier4_simulation_msgs/cmake/tier4_simulation_msgs__rosidl_typesupport_introspection_cppExport-release.cmake
[5.441s] -- Up-to-date: /home/zyme/ros_ws/Autoware_sim_test/install/tier4_simulation_msgs/share/tier4_simulation_msgs/cmake/tier4_simulation_msgs__rosidl_typesupport_cppExport.cmake
[5.441s] -- Up-to-date: /home/zyme/ros_ws/Autoware_sim_test/install/tier4_simulation_msgs/share/tier4_simulation_msgs/cmake/tier4_simulation_msgs__rosidl_typesupport_cppExport-release.cmake
[5.441s] -- Up-to-date: /home/zyme/ros_ws/Autoware_sim_test/install/tier4_simulation_msgs/share/tier4_simulation_msgs/cmake/export_tier4_simulation_msgs__rosidl_generator_pyExport.cmake
[5.441s] -- Up-to-date: /home/zyme/ros_ws/Autoware_sim_test/install/tier4_simulation_msgs/share/tier4_simulation_msgs/cmake/export_tier4_simulation_msgs__rosidl_generator_pyExport-release.cmake
[5.458s] Invoked command in '/home/zyme/ros_ws/Autoware_sim_test/build/tier4_simulation_msgs' returned '0': CMAKE_PREFIX_PATH=/opt/ros/humble /usr/bin/cmake --install /home/zyme/ros_ws/Autoware_sim_test/build/tier4_simulation_msgs
