[0.086s] Invoking command in '/home/zyme/ros_ws/Autoware_sim_test/build/ground_segmentation': AMENT_PREFIX_PATH=/home/zyme/ros_ws/Autoware_sim_test/install/vehicle_info_util:/home/zyme/ros_ws/Autoware_sim_test/install/pointcloud_preprocessor:/home/zyme/ros_ws/Autoware_sim_test/install/tier4_autoware_utils:/home/zyme/ros_ws/Autoware_sim_test/install/lanelet2_extension:/home/zyme/ros_ws/Autoware_sim_test/install/tier4_pcl_extensions:/home/zyme/ros_ws/Autoware_sim_test/install/autoware_utils:/home/zyme/ros_ws/Autoware_sim_test/install/autoware_point_types:/home/zyme/ros_ws/Autoware_sim_test/install/autoware_auto_vehicle_msgs:/home/zyme/ros_ws/Autoware_sim_test/install/autoware_cmake:/home/zyme/ros_ws/Autoware_sim_test/install/autoware_auto_planning_msgs:/home/zyme/ros_ws/Autoware_sim_test/install/autoware_auto_perception_msgs:/home/zyme/ros_ws/Autoware_sim_test/install/tier4_debug_msgs:/home/zyme/ros_ws/Autoware_sim_test/install/autoware_planning_msgs:/home/zyme/ros_ws/Autoware_sim_test/install/autoware_lint_common:/home/zyme/ros_ws/Autoware_sim_test/install/autoware_auto_mapping_msgs:/home/zyme/ros_ws/Autoware_sim_test/install/autoware_auto_geometry_msgs:${AMENT_PREFIX_PATH} CMAKE_PREFIX_PATH=/home/zyme/ros_ws/Autoware_sim_test/install/vehicle_info_util:/home/zyme/ros_ws/Autoware_sim_test/install/pointcloud_preprocessor:/home/zyme/ros_ws/Autoware_sim_test/install/tier4_autoware_utils:/home/zyme/ros_ws/Autoware_sim_test/install/lanelet2_extension:/home/zyme/ros_ws/Autoware_sim_test/install/tier4_pcl_extensions:/home/zyme/ros_ws/Autoware_sim_test/install/autoware_utils:/home/zyme/ros_ws/Autoware_sim_test/install/autoware_point_types:/home/zyme/ros_ws/Autoware_sim_test/install/autoware_auto_vehicle_msgs:/home/zyme/ros_ws/Autoware_sim_test/install/autoware_cmake:/home/zyme/ros_ws/Autoware_sim_test/install/autoware_auto_planning_msgs:/home/zyme/ros_ws/Autoware_sim_test/install/autoware_auto_perception_msgs:/home/zyme/ros_ws/Autoware_sim_test/install/tier4_debug_msgs:/home/zyme/ros_ws/Autoware_sim_test/install/autoware_planning_msgs:/home/zyme/ros_ws/Autoware_sim_test/install/autoware_lint_common:/home/zyme/ros_ws/Autoware_sim_test/install/autoware_auto_mapping_msgs:/home/zyme/ros_ws/Autoware_sim_test/install/autoware_auto_geometry_msgs:/opt/ros/humble LD_LIBRARY_PATH=/home/zyme/ros_ws/Autoware_sim_test/install/vehicle_info_util/lib:/home/zyme/ros_ws/Autoware_sim_test/install/pointcloud_preprocessor/lib:/home/zyme/ros_ws/Autoware_sim_test/install/tier4_autoware_utils/lib:/home/zyme/ros_ws/Autoware_sim_test/install/lanelet2_extension/lib:/home/zyme/ros_ws/Autoware_sim_test/install/tier4_pcl_extensions/lib:/home/zyme/ros_ws/Autoware_sim_test/install/autoware_utils/lib:/home/zyme/ros_ws/Autoware_sim_test/install/autoware_auto_vehicle_msgs/lib:/home/zyme/ros_ws/Autoware_sim_test/install/autoware_auto_planning_msgs/lib:/home/zyme/ros_ws/Autoware_sim_test/install/autoware_auto_perception_msgs/lib:/home/zyme/ros_ws/Autoware_sim_test/install/tier4_debug_msgs/lib:/home/zyme/ros_ws/Autoware_sim_test/install/autoware_planning_msgs/lib:/home/zyme/ros_ws/Autoware_sim_test/install/autoware_auto_mapping_msgs/lib:/home/zyme/ros_ws/Autoware_sim_test/install/autoware_auto_geometry_msgs/lib:${LD_LIBRARY_PATH} PYTHONPATH=/home/zyme/ros_ws/Autoware_sim_test/install/autoware_auto_vehicle_msgs/local/lib/python3.10/dist-packages:/home/zyme/ros_ws/Autoware_sim_test/install/autoware_auto_planning_msgs/local/lib/python3.10/dist-packages:/home/zyme/ros_ws/Autoware_sim_test/install/autoware_auto_perception_msgs/local/lib/python3.10/dist-packages:/home/zyme/ros_ws/Autoware_sim_test/install/tier4_debug_msgs/local/lib/python3.10/dist-packages:/home/zyme/ros_ws/Autoware_sim_test/install/autoware_planning_msgs/local/lib/python3.10/dist-packages:/home/zyme/ros_ws/Autoware_sim_test/install/autoware_auto_mapping_msgs/local/lib/python3.10/dist-packages:/home/zyme/ros_ws/Autoware_sim_test/install/autoware_auto_geometry_msgs/local/lib/python3.10/dist-packages:${PYTHONPATH} /usr/bin/cmake /home/zyme/ros_ws/Autoware_sim_test/src/autoware/src/universe/autoware.universe/perception/ground_segmentation -DCMAKE_BUILD_TYPE=Release -DCMAKE_CXX_FLAGS=-w -DAMENT_CMAKE_SYMLINK_INSTALL=1 -DCMAKE_INSTALL_PREFIX=/home/zyme/ros_ws/Autoware_sim_test/install/ground_segmentation
[0.145s] -- The C compiler identification is GNU 11.4.0
[0.215s] -- The CXX compiler identification is GNU 11.4.0
[0.222s] -- Detecting C compiler ABI info
[0.303s] -- Detecting C compiler ABI info - done
[0.312s] -- Check for working C compiler: /usr/bin/cc - skipped
[0.312s] -- Detecting C compile features
[0.313s] -- Detecting C compile features - done
[0.316s] -- Detecting CXX compiler ABI info
[0.406s] -- Detecting CXX compiler ABI info - done
[0.414s] -- Check for working CXX compiler: /usr/bin/c++ - skipped
[0.414s] -- Detecting CXX compile features
[0.414s] -- Detecting CXX compile features - done
[0.416s] -- Found autoware_cmake: 0.1.0 (/home/zyme/ros_ws/Autoware_sim_test/install/autoware_cmake/share/autoware_cmake/cmake)
[0.570s] -- Found Python3: /usr/bin/python3 (found version "3.10.12") found components: Interpreter 
[0.627s] -- Override CMake install command with custom implementation using symlinks instead of copying resources
[0.821s] -- Found rosidl_generator_c: 3.1.5 (/opt/ros/humble/share/rosidl_generator_c/cmake)
[0.829s] -- Found rosidl_adapter: 3.1.5 (/opt/ros/humble/share/rosidl_adapter/cmake)
[0.841s] -- Found rosidl_generator_cpp: 3.1.5 (/opt/ros/humble/share/rosidl_generator_cpp/cmake)
[0.857s] -- Using all available rosidl_typesupport_c: rosidl_typesupport_fastrtps_c;rosidl_typesupport_introspection_c
[0.881s] -- Using all available rosidl_typesupport_cpp: rosidl_typesupport_fastrtps_cpp;rosidl_typesupport_introspection_cpp
[0.967s] -- Found rmw_implementation_cmake: 6.1.1 (/opt/ros/humble/share/rmw_implementation_cmake/cmake)
[0.972s] -- Found rmw_cyclonedds_cpp: 1.3.4 (/opt/ros/humble/share/rmw_cyclonedds_cpp/cmake)
[1.015s] -- Using RMW implementation 'rmw_cyclonedds_cpp' as default
[1.029s] -- Looking for pthread.h
[1.102s] -- Looking for pthread.h - found
[1.102s] -- Performing Test CMAKE_HAVE_LIBC_PTHREAD
[1.182s] -- Performing Test CMAKE_HAVE_LIBC_PTHREAD - Success
[1.182s] -- Found Threads: TRUE  
[1.832s] -- Found eigen3_cmake_module: 0.1.1 (/opt/ros/humble/share/eigen3_cmake_module/cmake)
[1.833s] -- Found Eigen3: TRUE (found version "3.4.0") 
[1.833s] -- Ensuring Eigen3 include directory is part of orocos-kdl CMake target
[2.239s] -- Checking for module 'eigen3'
[2.253s] --   Found eigen3, version 3.4.0
[2.287s] -- Found Eigen: /usr/include/eigen3 (Required is at least version "3.1") 
[2.287s] -- Eigen found (include: /usr/include/eigen3, version: 3.4.0)
[2.336s] -- Checking for module 'flann'
[2.350s] --   Found flann, version 1.9.1
[2.395s] -- Found FLANN: /usr/lib/x86_64-linux-gnu/libflann_cpp.so  
[2.395s] -- FLANN found (include: /usr/include, lib: /usr/lib/x86_64-linux-gnu/libflann_cpp.so)
[3.700s] -- Checking for module 'libusb-1.0'
[3.731s] --   Found libusb-1.0, version 1.0.25
[3.811s] -- Found libusb: /usr/lib/x86_64-linux-gnu/libusb-1.0.so  
[3.813s] -- OpenNI found (version: 1.5.4.0, include: /usr/include/ni, lib: /usr/lib/libOpenNI.so;libusb::libusb)
[3.876s] -- OpenNI2 found (version: 2.2.0.33, include: /usr/include/openni2, lib: /usr/lib/x86_64-linux-gnu/libOpenNI2.so;libusb::libusb)
[4.028s] -- Eigen found (include: /usr/include/eigen3, version: 3.4.0)
[4.035s] -- OpenNI found (version: 1.5.4.0, include: /usr/include/ni, lib: /usr/lib/libOpenNI.so;libusb::libusb)
[4.041s] -- OpenNI2 found (version: 2.2.0.33, include: /usr/include/openni2, lib: /usr/lib/x86_64-linux-gnu/libOpenNI2.so;libusb::libusb)
[4.188s] -- Found Qhull version 8.0.2
[4.342s] -- OpenNI found (version: 1.5.4.0, include: /usr/include/ni, lib: /usr/lib/libOpenNI.so;libusb::libusb)
[4.482s] -- Found PCL_COMMON: /usr/lib/x86_64-linux-gnu/libpcl_common.so  
[4.483s] -- Found PCL_KDTREE: /usr/lib/x86_64-linux-gnu/libpcl_kdtree.so  
[4.483s] -- Found PCL_OCTREE: /usr/lib/x86_64-linux-gnu/libpcl_octree.so  
[4.484s] -- Found PCL_SEARCH: /usr/lib/x86_64-linux-gnu/libpcl_search.so  
[4.485s] -- Found PCL_SAMPLE_CONSENSUS: /usr/lib/x86_64-linux-gnu/libpcl_sample_consensus.so  
[4.486s] -- Found PCL_FILTERS: /usr/lib/x86_64-linux-gnu/libpcl_filters.so  
[4.486s] -- Found PCL_2D: /usr/include/pcl-1.12  
[4.487s] -- Found PCL_GEOMETRY: /usr/include/pcl-1.12  
[4.488s] -- Found PCL_IO: /usr/lib/x86_64-linux-gnu/libpcl_io.so  
[4.489s] -- Found PCL_FEATURES: /usr/lib/x86_64-linux-gnu/libpcl_features.so  
[4.490s] -- Found PCL_ML: /usr/lib/x86_64-linux-gnu/libpcl_ml.so  
[4.491s] -- Found PCL_SEGMENTATION: /usr/lib/x86_64-linux-gnu/libpcl_segmentation.so  
[4.491s] -- Found PCL_VISUALIZATION: /usr/lib/x86_64-linux-gnu/libpcl_visualization.so  
[4.492s] -- Found PCL_SURFACE: /usr/lib/x86_64-linux-gnu/libpcl_surface.so  
[4.493s] -- Found PCL_REGISTRATION: /usr/lib/x86_64-linux-gnu/libpcl_registration.so  
[4.494s] -- Found PCL_KEYPOINTS: /usr/lib/x86_64-linux-gnu/libpcl_keypoints.so  
[4.495s] -- Found PCL_TRACKING: /usr/lib/x86_64-linux-gnu/libpcl_tracking.so  
[4.496s] -- Found PCL_RECOGNITION: /usr/lib/x86_64-linux-gnu/libpcl_recognition.so  
[4.497s] -- Found PCL_STEREO: /usr/lib/x86_64-linux-gnu/libpcl_stereo.so  
[4.498s] -- Found PCL_APPS: /usr/lib/x86_64-linux-gnu/libpcl_apps.so  
[4.498s] -- Found PCL_IN_HAND_SCANNER: /usr/include/pcl-1.12  
[4.499s] -- Found PCL_MODELER: /usr/include/pcl-1.12  
[4.499s] -- Found PCL_POINT_CLOUD_EDITOR: /usr/include/pcl-1.12  
[4.500s] -- Found PCL_OUTOFCORE: /usr/lib/x86_64-linux-gnu/libpcl_outofcore.so  
[4.501s] -- Found PCL_PEOPLE: /usr/lib/x86_64-linux-gnu/libpcl_people.so  
[5.451s] -- Found mrt_cmake_modules: 1.0.9 (/opt/ros/humble/share/mrt_cmake_modules/cmake)
[5.529s] -- Found Boost: /usr/lib/x86_64-linux-gnu/cmake/Boost-1.74.0/BoostConfig.cmake (found version "1.74.0") found components: wserialization thread random serialization log_setup prg_exec_monitor wave system chrono filesystem locale timer date_time regex graph program_options unit_test_framework log atomic iostreams 
[5.802s] -- Found OpenMP_C: -fopenmp (found version "4.5") 
[5.915s] -- Found OpenMP_CXX: -fopenmp (found version "4.5") 
[5.916s] -- Found OpenMP: TRUE (found version "4.5")  
[5.928s] -- Found pugixml: /usr/lib/x86_64-linux-gnu/libpugixml.so  
[5.955s] -- Found PkgConfig: /usr/bin/pkg-config (found version "0.29.2") 
[5.956s] -- Found GeographicLib: /usr/lib/x86_64-linux-gnu/libGeographic.so  
[10.461s] -- Found ament_lint_auto: 0.12.10 (/opt/ros/humble/share/ament_lint_auto/cmake)
[10.468s] -- Found OpenCV: /usr (found version "4.5.4") 
[10.473s] -- Found Boost: /usr/lib/x86_64-linux-gnu/cmake/Boost-1.74.0/BoostConfig.cmake (found version "1.74.0")  
[10.483s] -- Found OpenMP_C: -fopenmp (found version "4.5") 
[10.483s] -- Found OpenMP_CXX: -fopenmp (found version "4.5") 
[10.860s] -- Added test 'copyright' to check source files copyright and LICENSE
[10.864s] -- Added test 'cppcheck' to perform static code analysis on C / C++ code
[10.865s] -- Configured cppcheck include dirs: /home/zyme/ros_ws/Autoware_sim_test/src/autoware/src/universe/autoware.universe/perception/ground_segmentation/include
[10.865s] -- Configured cppcheck exclude dirs and/or files: 
[10.866s] -- Added test 'lint_cmake' to check CMake code style
[10.867s] -- Added test 'xmllint' to check XML markup files
[10.877s] -- Checking for module 'yaml-cpp'
[10.893s] --   Found yaml-cpp, version 0.7.0
[10.944s] -- Found ament_cmake_ros: 0.10.0 (/opt/ros/humble/share/ament_cmake_ros/cmake)
[10.970s] -- Found gtest sources under '/opt/ros/humble/src/gtest_vendor': C++ tests using 'Google Test' will be built
[10.980s] -- Found gtest sources under '/opt/ros/humble/src/gtest_vendor': C++ tests using 'Google Test' will be built
[10.982s] -- Configuring done
[11.255s] -- Generating done
[11.259s] -- Build files have been written to: /home/zyme/ros_ws/Autoware_sim_test/build/ground_segmentation
[11.280s] Invoked command in '/home/zyme/ros_ws/Autoware_sim_test/build/ground_segmentation' returned '0': AMENT_PREFIX_PATH=/home/zyme/ros_ws/Autoware_sim_test/install/vehicle_info_util:/home/zyme/ros_ws/Autoware_sim_test/install/pointcloud_preprocessor:/home/zyme/ros_ws/Autoware_sim_test/install/tier4_autoware_utils:/home/zyme/ros_ws/Autoware_sim_test/install/lanelet2_extension:/home/zyme/ros_ws/Autoware_sim_test/install/tier4_pcl_extensions:/home/zyme/ros_ws/Autoware_sim_test/install/autoware_utils:/home/zyme/ros_ws/Autoware_sim_test/install/autoware_point_types:/home/zyme/ros_ws/Autoware_sim_test/install/autoware_auto_vehicle_msgs:/home/zyme/ros_ws/Autoware_sim_test/install/autoware_cmake:/home/zyme/ros_ws/Autoware_sim_test/install/autoware_auto_planning_msgs:/home/zyme/ros_ws/Autoware_sim_test/install/autoware_auto_perception_msgs:/home/zyme/ros_ws/Autoware_sim_test/install/tier4_debug_msgs:/home/zyme/ros_ws/Autoware_sim_test/install/autoware_planning_msgs:/home/zyme/ros_ws/Autoware_sim_test/install/autoware_lint_common:/home/zyme/ros_ws/Autoware_sim_test/install/autoware_auto_mapping_msgs:/home/zyme/ros_ws/Autoware_sim_test/install/autoware_auto_geometry_msgs:${AMENT_PREFIX_PATH} CMAKE_PREFIX_PATH=/home/zyme/ros_ws/Autoware_sim_test/install/vehicle_info_util:/home/zyme/ros_ws/Autoware_sim_test/install/pointcloud_preprocessor:/home/zyme/ros_ws/Autoware_sim_test/install/tier4_autoware_utils:/home/zyme/ros_ws/Autoware_sim_test/install/lanelet2_extension:/home/zyme/ros_ws/Autoware_sim_test/install/tier4_pcl_extensions:/home/zyme/ros_ws/Autoware_sim_test/install/autoware_utils:/home/zyme/ros_ws/Autoware_sim_test/install/autoware_point_types:/home/zyme/ros_ws/Autoware_sim_test/install/autoware_auto_vehicle_msgs:/home/zyme/ros_ws/Autoware_sim_test/install/autoware_cmake:/home/zyme/ros_ws/Autoware_sim_test/install/autoware_auto_planning_msgs:/home/zyme/ros_ws/Autoware_sim_test/install/autoware_auto_perception_msgs:/home/zyme/ros_ws/Autoware_sim_test/install/tier4_debug_msgs:/home/zyme/ros_ws/Autoware_sim_test/install/autoware_planning_msgs:/home/zyme/ros_ws/Autoware_sim_test/install/autoware_lint_common:/home/zyme/ros_ws/Autoware_sim_test/install/autoware_auto_mapping_msgs:/home/zyme/ros_ws/Autoware_sim_test/install/autoware_auto_geometry_msgs:/opt/ros/humble LD_LIBRARY_PATH=/home/zyme/ros_ws/Autoware_sim_test/install/vehicle_info_util/lib:/home/zyme/ros_ws/Autoware_sim_test/install/pointcloud_preprocessor/lib:/home/zyme/ros_ws/Autoware_sim_test/install/tier4_autoware_utils/lib:/home/zyme/ros_ws/Autoware_sim_test/install/lanelet2_extension/lib:/home/zyme/ros_ws/Autoware_sim_test/install/tier4_pcl_extensions/lib:/home/zyme/ros_ws/Autoware_sim_test/install/autoware_utils/lib:/home/zyme/ros_ws/Autoware_sim_test/install/autoware_auto_vehicle_msgs/lib:/home/zyme/ros_ws/Autoware_sim_test/install/autoware_auto_planning_msgs/lib:/home/zyme/ros_ws/Autoware_sim_test/install/autoware_auto_perception_msgs/lib:/home/zyme/ros_ws/Autoware_sim_test/install/tier4_debug_msgs/lib:/home/zyme/ros_ws/Autoware_sim_test/install/autoware_planning_msgs/lib:/home/zyme/ros_ws/Autoware_sim_test/install/autoware_auto_mapping_msgs/lib:/home/zyme/ros_ws/Autoware_sim_test/install/autoware_auto_geometry_msgs/lib:${LD_LIBRARY_PATH} PYTHONPATH=/home/zyme/ros_ws/Autoware_sim_test/install/autoware_auto_vehicle_msgs/local/lib/python3.10/dist-packages:/home/zyme/ros_ws/Autoware_sim_test/install/autoware_auto_planning_msgs/local/lib/python3.10/dist-packages:/home/zyme/ros_ws/Autoware_sim_test/install/autoware_auto_perception_msgs/local/lib/python3.10/dist-packages:/home/zyme/ros_ws/Autoware_sim_test/install/tier4_debug_msgs/local/lib/python3.10/dist-packages:/home/zyme/ros_ws/Autoware_sim_test/install/autoware_planning_msgs/local/lib/python3.10/dist-packages:/home/zyme/ros_ws/Autoware_sim_test/install/autoware_auto_mapping_msgs/local/lib/python3.10/dist-packages:/home/zyme/ros_ws/Autoware_sim_test/install/autoware_auto_geometry_msgs/local/lib/python3.10/dist-packages:${PYTHONPATH} /usr/bin/cmake /home/zyme/ros_ws/Autoware_sim_test/src/autoware/src/universe/autoware.universe/perception/ground_segmentation -DCMAKE_BUILD_TYPE=Release -DCMAKE_CXX_FLAGS=-w -DAMENT_CMAKE_SYMLINK_INSTALL=1 -DCMAKE_INSTALL_PREFIX=/home/zyme/ros_ws/Autoware_sim_test/install/ground_segmentation
[11.281s] Invoking command in '/home/zyme/ros_ws/Autoware_sim_test/build/ground_segmentation': AMENT_PREFIX_PATH=/home/zyme/ros_ws/Autoware_sim_test/install/vehicle_info_util:/home/zyme/ros_ws/Autoware_sim_test/install/pointcloud_preprocessor:/home/zyme/ros_ws/Autoware_sim_test/install/tier4_autoware_utils:/home/zyme/ros_ws/Autoware_sim_test/install/lanelet2_extension:/home/zyme/ros_ws/Autoware_sim_test/install/tier4_pcl_extensions:/home/zyme/ros_ws/Autoware_sim_test/install/autoware_utils:/home/zyme/ros_ws/Autoware_sim_test/install/autoware_point_types:/home/zyme/ros_ws/Autoware_sim_test/install/autoware_auto_vehicle_msgs:/home/zyme/ros_ws/Autoware_sim_test/install/autoware_cmake:/home/zyme/ros_ws/Autoware_sim_test/install/autoware_auto_planning_msgs:/home/zyme/ros_ws/Autoware_sim_test/install/autoware_auto_perception_msgs:/home/zyme/ros_ws/Autoware_sim_test/install/tier4_debug_msgs:/home/zyme/ros_ws/Autoware_sim_test/install/autoware_planning_msgs:/home/zyme/ros_ws/Autoware_sim_test/install/autoware_lint_common:/home/zyme/ros_ws/Autoware_sim_test/install/autoware_auto_mapping_msgs:/home/zyme/ros_ws/Autoware_sim_test/install/autoware_auto_geometry_msgs:${AMENT_PREFIX_PATH} CMAKE_PREFIX_PATH=/home/zyme/ros_ws/Autoware_sim_test/install/vehicle_info_util:/home/zyme/ros_ws/Autoware_sim_test/install/pointcloud_preprocessor:/home/zyme/ros_ws/Autoware_sim_test/install/tier4_autoware_utils:/home/zyme/ros_ws/Autoware_sim_test/install/lanelet2_extension:/home/zyme/ros_ws/Autoware_sim_test/install/tier4_pcl_extensions:/home/zyme/ros_ws/Autoware_sim_test/install/autoware_utils:/home/zyme/ros_ws/Autoware_sim_test/install/autoware_point_types:/home/zyme/ros_ws/Autoware_sim_test/install/autoware_auto_vehicle_msgs:/home/zyme/ros_ws/Autoware_sim_test/install/autoware_cmake:/home/zyme/ros_ws/Autoware_sim_test/install/autoware_auto_planning_msgs:/home/zyme/ros_ws/Autoware_sim_test/install/autoware_auto_perception_msgs:/home/zyme/ros_ws/Autoware_sim_test/install/tier4_debug_msgs:/home/zyme/ros_ws/Autoware_sim_test/install/autoware_planning_msgs:/home/zyme/ros_ws/Autoware_sim_test/install/autoware_lint_common:/home/zyme/ros_ws/Autoware_sim_test/install/autoware_auto_mapping_msgs:/home/zyme/ros_ws/Autoware_sim_test/install/autoware_auto_geometry_msgs:/opt/ros/humble LD_LIBRARY_PATH=/home/zyme/ros_ws/Autoware_sim_test/install/vehicle_info_util/lib:/home/zyme/ros_ws/Autoware_sim_test/install/pointcloud_preprocessor/lib:/home/zyme/ros_ws/Autoware_sim_test/install/tier4_autoware_utils/lib:/home/zyme/ros_ws/Autoware_sim_test/install/lanelet2_extension/lib:/home/zyme/ros_ws/Autoware_sim_test/install/tier4_pcl_extensions/lib:/home/zyme/ros_ws/Autoware_sim_test/install/autoware_utils/lib:/home/zyme/ros_ws/Autoware_sim_test/install/autoware_auto_vehicle_msgs/lib:/home/zyme/ros_ws/Autoware_sim_test/install/autoware_auto_planning_msgs/lib:/home/zyme/ros_ws/Autoware_sim_test/install/autoware_auto_perception_msgs/lib:/home/zyme/ros_ws/Autoware_sim_test/install/tier4_debug_msgs/lib:/home/zyme/ros_ws/Autoware_sim_test/install/autoware_planning_msgs/lib:/home/zyme/ros_ws/Autoware_sim_test/install/autoware_auto_mapping_msgs/lib:/home/zyme/ros_ws/Autoware_sim_test/install/autoware_auto_geometry_msgs/lib:${LD_LIBRARY_PATH} PYTHONPATH=/home/zyme/ros_ws/Autoware_sim_test/install/autoware_auto_vehicle_msgs/local/lib/python3.10/dist-packages:/home/zyme/ros_ws/Autoware_sim_test/install/autoware_auto_planning_msgs/local/lib/python3.10/dist-packages:/home/zyme/ros_ws/Autoware_sim_test/install/autoware_auto_perception_msgs/local/lib/python3.10/dist-packages:/home/zyme/ros_ws/Autoware_sim_test/install/tier4_debug_msgs/local/lib/python3.10/dist-packages:/home/zyme/ros_ws/Autoware_sim_test/install/autoware_planning_msgs/local/lib/python3.10/dist-packages:/home/zyme/ros_ws/Autoware_sim_test/install/autoware_auto_mapping_msgs/local/lib/python3.10/dist-packages:/home/zyme/ros_ws/Autoware_sim_test/install/autoware_auto_geometry_msgs/local/lib/python3.10/dist-packages:${PYTHONPATH} /usr/bin/cmake --build /home/zyme/ros_ws/Autoware_sim_test/build/ground_segmentation
[11.344s] [ 11%] [32mBuilding CXX object CMakeFiles/ransac_ground_filter_node.dir/rclcpp_components/node_main_ransac_ground_filter_node.cpp.o[0m
[11.344s] [ 11%] [32mBuilding CXX object CMakeFiles/ray_ground_filter_node.dir/rclcpp_components/node_main_ray_ground_filter_node.cpp.o[0m
[11.345s] [ 16%] [32mBuilding CXX object CMakeFiles/ground_segmentation.dir/src/ray_ground_filter_nodelet.cpp.o[0m
[14.566s] [ 22%] [32m[1mLinking CXX executable ray_ground_filter_node[0m
[14.595s] [ 27%] [32m[1mLinking CXX executable ransac_ground_filter_node[0m
[14.699s] [ 27%] Built target ray_ground_filter_node
[14.726s] [ 33%] [32mBuilding CXX object CMakeFiles/scan_ground_filter_node.dir/rclcpp_components/node_main_scan_ground_filter_node.cpp.o[0m
[14.727s] [ 33%] Built target ransac_ground_filter_node
[14.752s] [ 38%] [32mBuilding CXX object gtest/CMakeFiles/gtest_main.dir/src/gtest_main.cc.o[0m
[15.699s] [ 44%] [32m[1mLinking CXX static library libgtest_main.a[0m
[15.739s] [ 44%] Built target gtest_main
[15.765s] [ 50%] [32mBuilding CXX object gtest/CMakeFiles/gtest.dir/src/gtest-all.cc.o[0m
[18.048s] [ 55%] [32m[1mLinking CXX executable scan_ground_filter_node[0m
[18.176s] [ 55%] Built target scan_ground_filter_node
[18.187s] [ 61%] [32mBuilding CXX object CMakeFiles/ground_segmentation.dir/src/ransac_ground_filter_nodelet.cpp.o[0m
[23.296s] [ 66%] [32m[1mLinking CXX static library libgtest.a[0m
[23.342s] [ 66%] Built target gtest
[23.353s] [ 72%] [32mBuilding CXX object CMakeFiles/ground_segmentation.dir/src/scan_ground_filter_nodelet.cpp.o[0m
[45.184s] [ 77%] [32m[1mLinking CXX shared library libground_segmentation.so[0m
[46.424s] [ 77%] Built target ground_segmentation
[46.450s] [ 88%] [32mBuilding CXX object CMakeFiles/test_ray_ground_filter.dir/test/test_ray_ground_filter.cpp.o[0m
[46.450s] [ 88%] [32mBuilding CXX object CMakeFiles/test_scan_ground_filter.dir/test/test_scan_ground_filter.cpp.o[0m
[63.434s] [ 94%] [32m[1mLinking CXX executable test_scan_ground_filter[0m
[64.358s] [ 94%] Built target test_scan_ground_filter
[69.631s] [100%] [32m[1mLinking CXX executable test_ray_ground_filter[0m
[70.522s] [100%] Built target test_ray_ground_filter
[70.535s] Invoked command in '/home/zyme/ros_ws/Autoware_sim_test/build/ground_segmentation' returned '0': AMENT_PREFIX_PATH=/home/zyme/ros_ws/Autoware_sim_test/install/vehicle_info_util:/home/zyme/ros_ws/Autoware_sim_test/install/pointcloud_preprocessor:/home/zyme/ros_ws/Autoware_sim_test/install/tier4_autoware_utils:/home/zyme/ros_ws/Autoware_sim_test/install/lanelet2_extension:/home/zyme/ros_ws/Autoware_sim_test/install/tier4_pcl_extensions:/home/zyme/ros_ws/Autoware_sim_test/install/autoware_utils:/home/zyme/ros_ws/Autoware_sim_test/install/autoware_point_types:/home/zyme/ros_ws/Autoware_sim_test/install/autoware_auto_vehicle_msgs:/home/zyme/ros_ws/Autoware_sim_test/install/autoware_cmake:/home/zyme/ros_ws/Autoware_sim_test/install/autoware_auto_planning_msgs:/home/zyme/ros_ws/Autoware_sim_test/install/autoware_auto_perception_msgs:/home/zyme/ros_ws/Autoware_sim_test/install/tier4_debug_msgs:/home/zyme/ros_ws/Autoware_sim_test/install/autoware_planning_msgs:/home/zyme/ros_ws/Autoware_sim_test/install/autoware_lint_common:/home/zyme/ros_ws/Autoware_sim_test/install/autoware_auto_mapping_msgs:/home/zyme/ros_ws/Autoware_sim_test/install/autoware_auto_geometry_msgs:${AMENT_PREFIX_PATH} CMAKE_PREFIX_PATH=/home/zyme/ros_ws/Autoware_sim_test/install/vehicle_info_util:/home/zyme/ros_ws/Autoware_sim_test/install/pointcloud_preprocessor:/home/zyme/ros_ws/Autoware_sim_test/install/tier4_autoware_utils:/home/zyme/ros_ws/Autoware_sim_test/install/lanelet2_extension:/home/zyme/ros_ws/Autoware_sim_test/install/tier4_pcl_extensions:/home/zyme/ros_ws/Autoware_sim_test/install/autoware_utils:/home/zyme/ros_ws/Autoware_sim_test/install/autoware_point_types:/home/zyme/ros_ws/Autoware_sim_test/install/autoware_auto_vehicle_msgs:/home/zyme/ros_ws/Autoware_sim_test/install/autoware_cmake:/home/zyme/ros_ws/Autoware_sim_test/install/autoware_auto_planning_msgs:/home/zyme/ros_ws/Autoware_sim_test/install/autoware_auto_perception_msgs:/home/zyme/ros_ws/Autoware_sim_test/install/tier4_debug_msgs:/home/zyme/ros_ws/Autoware_sim_test/install/autoware_planning_msgs:/home/zyme/ros_ws/Autoware_sim_test/install/autoware_lint_common:/home/zyme/ros_ws/Autoware_sim_test/install/autoware_auto_mapping_msgs:/home/zyme/ros_ws/Autoware_sim_test/install/autoware_auto_geometry_msgs:/opt/ros/humble LD_LIBRARY_PATH=/home/zyme/ros_ws/Autoware_sim_test/install/vehicle_info_util/lib:/home/zyme/ros_ws/Autoware_sim_test/install/pointcloud_preprocessor/lib:/home/zyme/ros_ws/Autoware_sim_test/install/tier4_autoware_utils/lib:/home/zyme/ros_ws/Autoware_sim_test/install/lanelet2_extension/lib:/home/zyme/ros_ws/Autoware_sim_test/install/tier4_pcl_extensions/lib:/home/zyme/ros_ws/Autoware_sim_test/install/autoware_utils/lib:/home/zyme/ros_ws/Autoware_sim_test/install/autoware_auto_vehicle_msgs/lib:/home/zyme/ros_ws/Autoware_sim_test/install/autoware_auto_planning_msgs/lib:/home/zyme/ros_ws/Autoware_sim_test/install/autoware_auto_perception_msgs/lib:/home/zyme/ros_ws/Autoware_sim_test/install/tier4_debug_msgs/lib:/home/zyme/ros_ws/Autoware_sim_test/install/autoware_planning_msgs/lib:/home/zyme/ros_ws/Autoware_sim_test/install/autoware_auto_mapping_msgs/lib:/home/zyme/ros_ws/Autoware_sim_test/install/autoware_auto_geometry_msgs/lib:${LD_LIBRARY_PATH} PYTHONPATH=/home/zyme/ros_ws/Autoware_sim_test/install/autoware_auto_vehicle_msgs/local/lib/python3.10/dist-packages:/home/zyme/ros_ws/Autoware_sim_test/install/autoware_auto_planning_msgs/local/lib/python3.10/dist-packages:/home/zyme/ros_ws/Autoware_sim_test/install/autoware_auto_perception_msgs/local/lib/python3.10/dist-packages:/home/zyme/ros_ws/Autoware_sim_test/install/tier4_debug_msgs/local/lib/python3.10/dist-packages:/home/zyme/ros_ws/Autoware_sim_test/install/autoware_planning_msgs/local/lib/python3.10/dist-packages:/home/zyme/ros_ws/Autoware_sim_test/install/autoware_auto_mapping_msgs/local/lib/python3.10/dist-packages:/home/zyme/ros_ws/Autoware_sim_test/install/autoware_auto_geometry_msgs/local/lib/python3.10/dist-packages:${PYTHONPATH} /usr/bin/cmake --build /home/zyme/ros_ws/Autoware_sim_test/build/ground_segmentation
[70.585s] Invoking command in '/home/zyme/ros_ws/Autoware_sim_test/build/ground_segmentation': AMENT_PREFIX_PATH=/home/zyme/ros_ws/Autoware_sim_test/install/vehicle_info_util:/home/zyme/ros_ws/Autoware_sim_test/install/pointcloud_preprocessor:/home/zyme/ros_ws/Autoware_sim_test/install/tier4_autoware_utils:/home/zyme/ros_ws/Autoware_sim_test/install/lanelet2_extension:/home/zyme/ros_ws/Autoware_sim_test/install/tier4_pcl_extensions:/home/zyme/ros_ws/Autoware_sim_test/install/autoware_utils:/home/zyme/ros_ws/Autoware_sim_test/install/autoware_point_types:/home/zyme/ros_ws/Autoware_sim_test/install/autoware_auto_vehicle_msgs:/home/zyme/ros_ws/Autoware_sim_test/install/autoware_cmake:/home/zyme/ros_ws/Autoware_sim_test/install/autoware_auto_planning_msgs:/home/zyme/ros_ws/Autoware_sim_test/install/autoware_auto_perception_msgs:/home/zyme/ros_ws/Autoware_sim_test/install/tier4_debug_msgs:/home/zyme/ros_ws/Autoware_sim_test/install/autoware_planning_msgs:/home/zyme/ros_ws/Autoware_sim_test/install/autoware_lint_common:/home/zyme/ros_ws/Autoware_sim_test/install/autoware_auto_mapping_msgs:/home/zyme/ros_ws/Autoware_sim_test/install/autoware_auto_geometry_msgs:${AMENT_PREFIX_PATH} CMAKE_PREFIX_PATH=/home/zyme/ros_ws/Autoware_sim_test/install/vehicle_info_util:/home/zyme/ros_ws/Autoware_sim_test/install/pointcloud_preprocessor:/home/zyme/ros_ws/Autoware_sim_test/install/tier4_autoware_utils:/home/zyme/ros_ws/Autoware_sim_test/install/lanelet2_extension:/home/zyme/ros_ws/Autoware_sim_test/install/tier4_pcl_extensions:/home/zyme/ros_ws/Autoware_sim_test/install/autoware_utils:/home/zyme/ros_ws/Autoware_sim_test/install/autoware_point_types:/home/zyme/ros_ws/Autoware_sim_test/install/autoware_auto_vehicle_msgs:/home/zyme/ros_ws/Autoware_sim_test/install/autoware_cmake:/home/zyme/ros_ws/Autoware_sim_test/install/autoware_auto_planning_msgs:/home/zyme/ros_ws/Autoware_sim_test/install/autoware_auto_perception_msgs:/home/zyme/ros_ws/Autoware_sim_test/install/tier4_debug_msgs:/home/zyme/ros_ws/Autoware_sim_test/install/autoware_planning_msgs:/home/zyme/ros_ws/Autoware_sim_test/install/autoware_lint_common:/home/zyme/ros_ws/Autoware_sim_test/install/autoware_auto_mapping_msgs:/home/zyme/ros_ws/Autoware_sim_test/install/autoware_auto_geometry_msgs:/opt/ros/humble LD_LIBRARY_PATH=/home/zyme/ros_ws/Autoware_sim_test/install/vehicle_info_util/lib:/home/zyme/ros_ws/Autoware_sim_test/install/pointcloud_preprocessor/lib:/home/zyme/ros_ws/Autoware_sim_test/install/tier4_autoware_utils/lib:/home/zyme/ros_ws/Autoware_sim_test/install/lanelet2_extension/lib:/home/zyme/ros_ws/Autoware_sim_test/install/tier4_pcl_extensions/lib:/home/zyme/ros_ws/Autoware_sim_test/install/autoware_utils/lib:/home/zyme/ros_ws/Autoware_sim_test/install/autoware_auto_vehicle_msgs/lib:/home/zyme/ros_ws/Autoware_sim_test/install/autoware_auto_planning_msgs/lib:/home/zyme/ros_ws/Autoware_sim_test/install/autoware_auto_perception_msgs/lib:/home/zyme/ros_ws/Autoware_sim_test/install/tier4_debug_msgs/lib:/home/zyme/ros_ws/Autoware_sim_test/install/autoware_planning_msgs/lib:/home/zyme/ros_ws/Autoware_sim_test/install/autoware_auto_mapping_msgs/lib:/home/zyme/ros_ws/Autoware_sim_test/install/autoware_auto_geometry_msgs/lib:${LD_LIBRARY_PATH} PYTHONPATH=/home/zyme/ros_ws/Autoware_sim_test/install/autoware_auto_vehicle_msgs/local/lib/python3.10/dist-packages:/home/zyme/ros_ws/Autoware_sim_test/install/autoware_auto_planning_msgs/local/lib/python3.10/dist-packages:/home/zyme/ros_ws/Autoware_sim_test/install/autoware_auto_perception_msgs/local/lib/python3.10/dist-packages:/home/zyme/ros_ws/Autoware_sim_test/install/tier4_debug_msgs/local/lib/python3.10/dist-packages:/home/zyme/ros_ws/Autoware_sim_test/install/autoware_planning_msgs/local/lib/python3.10/dist-packages:/home/zyme/ros_ws/Autoware_sim_test/install/autoware_auto_mapping_msgs/local/lib/python3.10/dist-packages:/home/zyme/ros_ws/Autoware_sim_test/install/autoware_auto_geometry_msgs/local/lib/python3.10/dist-packages:${PYTHONPATH} /usr/bin/cmake --install /home/zyme/ros_ws/Autoware_sim_test/build/ground_segmentation
[70.594s] -- Install configuration: "Release"
[70.594s] -- Execute custom install script
[70.595s] -- Symlinking: /home/zyme/ros_ws/Autoware_sim_test/install/ground_segmentation/lib/ground_segmentation/ray_ground_filter_node
[70.605s] -- Symlinking: /home/zyme/ros_ws/Autoware_sim_test/install/ground_segmentation/lib/ground_segmentation/ransac_ground_filter_node
[70.614s] -- Symlinking: /home/zyme/ros_ws/Autoware_sim_test/install/ground_segmentation/lib/ground_segmentation/scan_ground_filter_node
[70.624s] -- Symlinking: /home/zyme/ros_ws/Autoware_sim_test/install/ground_segmentation/include/ground_segmentation/gencolors.hpp
[70.633s] -- Symlinking: /home/zyme/ros_ws/Autoware_sim_test/install/ground_segmentation/include/ground_segmentation/ransac_ground_filter_nodelet.hpp
[70.643s] -- Symlinking: /home/zyme/ros_ws/Autoware_sim_test/install/ground_segmentation/include/ground_segmentation/ray_ground_filter_nodelet.hpp
[70.652s] -- Symlinking: /home/zyme/ros_ws/Autoware_sim_test/install/ground_segmentation/include/ground_segmentation/scan_ground_filter_nodelet.hpp
[70.662s] -- Symlinking: /home/zyme/ros_ws/Autoware_sim_test/install/ground_segmentation/share/ground_segmentation/environment/library_path.sh
[70.672s] -- Symlinking: /home/zyme/ros_ws/Autoware_sim_test/install/ground_segmentation/share/ground_segmentation/environment/library_path.dsv
[70.682s] -- Symlinking: /home/zyme/ros_ws/Autoware_sim_test/install/ground_segmentation/lib/libground_segmentation.so
[70.692s] -- Symlinking: /home/zyme/ros_ws/Autoware_sim_test/install/ground_segmentation/share/ground_segmentation/launch/scan_ground_filter.launch.py
[70.702s] -- Symlinking: /home/zyme/ros_ws/Autoware_sim_test/install/ground_segmentation/share/ground_segmentation/data/test.pcd
[70.711s] -- Symlinking: /home/zyme/ros_ws/Autoware_sim_test/install/ground_segmentation/share/ground_segmentation/config/ground_segmentation.param.yaml
[70.721s] -- Symlinking: /home/zyme/ros_ws/Autoware_sim_test/install/ground_segmentation/share/ament_index/resource_index/package_run_dependencies/ground_segmentation
[70.731s] -- Symlinking: /home/zyme/ros_ws/Autoware_sim_test/install/ground_segmentation/share/ament_index/resource_index/parent_prefix_path/ground_segmentation
[70.740s] -- Symlinking: /home/zyme/ros_ws/Autoware_sim_test/install/ground_segmentation/share/ground_segmentation/environment/ament_prefix_path.sh
[70.750s] -- Symlinking: /home/zyme/ros_ws/Autoware_sim_test/install/ground_segmentation/share/ground_segmentation/environment/ament_prefix_path.dsv
[70.759s] -- Symlinking: /home/zyme/ros_ws/Autoware_sim_test/install/ground_segmentation/share/ground_segmentation/environment/path.sh
[70.768s] -- Symlinking: /home/zyme/ros_ws/Autoware_sim_test/install/ground_segmentation/share/ground_segmentation/environment/path.dsv
[70.777s] -- Symlinking: /home/zyme/ros_ws/Autoware_sim_test/install/ground_segmentation/share/ground_segmentation/local_setup.bash
[70.787s] -- Symlinking: /home/zyme/ros_ws/Autoware_sim_test/install/ground_segmentation/share/ground_segmentation/local_setup.sh
[70.796s] -- Symlinking: /home/zyme/ros_ws/Autoware_sim_test/install/ground_segmentation/share/ground_segmentation/local_setup.zsh
[70.805s] -- Symlinking: /home/zyme/ros_ws/Autoware_sim_test/install/ground_segmentation/share/ground_segmentation/local_setup.dsv
[70.814s] -- Symlinking: /home/zyme/ros_ws/Autoware_sim_test/install/ground_segmentation/share/ground_segmentation/package.dsv
[70.823s] -- Symlinking: /home/zyme/ros_ws/Autoware_sim_test/install/ground_segmentation/share/ament_index/resource_index/packages/ground_segmentation
[70.832s] -- Symlinking: /home/zyme/ros_ws/Autoware_sim_test/install/ground_segmentation/share/ament_index/resource_index/rclcpp_components/ground_segmentation
[70.842s] -- Symlinking: /home/zyme/ros_ws/Autoware_sim_test/install/ground_segmentation/share/ground_segmentation/cmake/ament_cmake_export_dependencies-extras.cmake
[70.851s] -- Symlinking: /home/zyme/ros_ws/Autoware_sim_test/install/ground_segmentation/share/ground_segmentation/cmake/ament_cmake_export_include_directories-extras.cmake
[70.860s] -- Symlinking: /home/zyme/ros_ws/Autoware_sim_test/install/ground_segmentation/share/ground_segmentation/cmake/ament_cmake_export_libraries-extras.cmake
[70.869s] -- Symlinking: /home/zyme/ros_ws/Autoware_sim_test/install/ground_segmentation/share/ground_segmentation/cmake/ground_segmentationConfig.cmake
[70.878s] -- Symlinking: /home/zyme/ros_ws/Autoware_sim_test/install/ground_segmentation/share/ground_segmentation/cmake/ground_segmentationConfig-version.cmake
[70.888s] -- Symlinking: /home/zyme/ros_ws/Autoware_sim_test/install/ground_segmentation/share/ground_segmentation/package.xml
[70.899s] Invoked command in '/home/zyme/ros_ws/Autoware_sim_test/build/ground_segmentation' returned '0': AMENT_PREFIX_PATH=/home/zyme/ros_ws/Autoware_sim_test/install/vehicle_info_util:/home/zyme/ros_ws/Autoware_sim_test/install/pointcloud_preprocessor:/home/zyme/ros_ws/Autoware_sim_test/install/tier4_autoware_utils:/home/zyme/ros_ws/Autoware_sim_test/install/lanelet2_extension:/home/zyme/ros_ws/Autoware_sim_test/install/tier4_pcl_extensions:/home/zyme/ros_ws/Autoware_sim_test/install/autoware_utils:/home/zyme/ros_ws/Autoware_sim_test/install/autoware_point_types:/home/zyme/ros_ws/Autoware_sim_test/install/autoware_auto_vehicle_msgs:/home/zyme/ros_ws/Autoware_sim_test/install/autoware_cmake:/home/zyme/ros_ws/Autoware_sim_test/install/autoware_auto_planning_msgs:/home/zyme/ros_ws/Autoware_sim_test/install/autoware_auto_perception_msgs:/home/zyme/ros_ws/Autoware_sim_test/install/tier4_debug_msgs:/home/zyme/ros_ws/Autoware_sim_test/install/autoware_planning_msgs:/home/zyme/ros_ws/Autoware_sim_test/install/autoware_lint_common:/home/zyme/ros_ws/Autoware_sim_test/install/autoware_auto_mapping_msgs:/home/zyme/ros_ws/Autoware_sim_test/install/autoware_auto_geometry_msgs:${AMENT_PREFIX_PATH} CMAKE_PREFIX_PATH=/home/zyme/ros_ws/Autoware_sim_test/install/vehicle_info_util:/home/zyme/ros_ws/Autoware_sim_test/install/pointcloud_preprocessor:/home/zyme/ros_ws/Autoware_sim_test/install/tier4_autoware_utils:/home/zyme/ros_ws/Autoware_sim_test/install/lanelet2_extension:/home/zyme/ros_ws/Autoware_sim_test/install/tier4_pcl_extensions:/home/zyme/ros_ws/Autoware_sim_test/install/autoware_utils:/home/zyme/ros_ws/Autoware_sim_test/install/autoware_point_types:/home/zyme/ros_ws/Autoware_sim_test/install/autoware_auto_vehicle_msgs:/home/zyme/ros_ws/Autoware_sim_test/install/autoware_cmake:/home/zyme/ros_ws/Autoware_sim_test/install/autoware_auto_planning_msgs:/home/zyme/ros_ws/Autoware_sim_test/install/autoware_auto_perception_msgs:/home/zyme/ros_ws/Autoware_sim_test/install/tier4_debug_msgs:/home/zyme/ros_ws/Autoware_sim_test/install/autoware_planning_msgs:/home/zyme/ros_ws/Autoware_sim_test/install/autoware_lint_common:/home/zyme/ros_ws/Autoware_sim_test/install/autoware_auto_mapping_msgs:/home/zyme/ros_ws/Autoware_sim_test/install/autoware_auto_geometry_msgs:/opt/ros/humble LD_LIBRARY_PATH=/home/zyme/ros_ws/Autoware_sim_test/install/vehicle_info_util/lib:/home/zyme/ros_ws/Autoware_sim_test/install/pointcloud_preprocessor/lib:/home/zyme/ros_ws/Autoware_sim_test/install/tier4_autoware_utils/lib:/home/zyme/ros_ws/Autoware_sim_test/install/lanelet2_extension/lib:/home/zyme/ros_ws/Autoware_sim_test/install/tier4_pcl_extensions/lib:/home/zyme/ros_ws/Autoware_sim_test/install/autoware_utils/lib:/home/zyme/ros_ws/Autoware_sim_test/install/autoware_auto_vehicle_msgs/lib:/home/zyme/ros_ws/Autoware_sim_test/install/autoware_auto_planning_msgs/lib:/home/zyme/ros_ws/Autoware_sim_test/install/autoware_auto_perception_msgs/lib:/home/zyme/ros_ws/Autoware_sim_test/install/tier4_debug_msgs/lib:/home/zyme/ros_ws/Autoware_sim_test/install/autoware_planning_msgs/lib:/home/zyme/ros_ws/Autoware_sim_test/install/autoware_auto_mapping_msgs/lib:/home/zyme/ros_ws/Autoware_sim_test/install/autoware_auto_geometry_msgs/lib:${LD_LIBRARY_PATH} PYTHONPATH=/home/zyme/ros_ws/Autoware_sim_test/install/autoware_auto_vehicle_msgs/local/lib/python3.10/dist-packages:/home/zyme/ros_ws/Autoware_sim_test/install/autoware_auto_planning_msgs/local/lib/python3.10/dist-packages:/home/zyme/ros_ws/Autoware_sim_test/install/autoware_auto_perception_msgs/local/lib/python3.10/dist-packages:/home/zyme/ros_ws/Autoware_sim_test/install/tier4_debug_msgs/local/lib/python3.10/dist-packages:/home/zyme/ros_ws/Autoware_sim_test/install/autoware_planning_msgs/local/lib/python3.10/dist-packages:/home/zyme/ros_ws/Autoware_sim_test/install/autoware_auto_mapping_msgs/local/lib/python3.10/dist-packages:/home/zyme/ros_ws/Autoware_sim_test/install/autoware_auto_geometry_msgs/local/lib/python3.10/dist-packages:${PYTHONPATH} /usr/bin/cmake --install /home/zyme/ros_ws/Autoware_sim_test/build/ground_segmentation
