[0.127s] Invoking command in '/home/zyme/ros_ws/Autoware_sim_test/build/twist2accel': AMENT_PREFIX_PATH=/home/zyme/ros_ws/Autoware_sim_test/install/signal_processing:/home/zyme/ros_ws/Autoware_sim_test/install/autoware_cmake:/home/zyme/ros_ws/Autoware_sim_test/install/tier4_debug_msgs:/home/zyme/ros_ws/Autoware_sim_test/install/autoware_lint_common:${AMENT_PREFIX_PATH} CMAKE_PREFIX_PATH=/home/zyme/ros_ws/Autoware_sim_test/install/signal_processing:/home/zyme/ros_ws/Autoware_sim_test/install/autoware_cmake:/home/zyme/ros_ws/Autoware_sim_test/install/tier4_debug_msgs:/home/zyme/ros_ws/Autoware_sim_test/install/autoware_lint_common:/opt/ros/humble LD_LIBRARY_PATH=/home/zyme/ros_ws/Autoware_sim_test/install/signal_processing/lib:/home/zyme/ros_ws/Autoware_sim_test/install/tier4_debug_msgs/lib:${LD_LIBRARY_PATH} PYTHONPATH=/home/zyme/ros_ws/Autoware_sim_test/install/tier4_debug_msgs/local/lib/python3.10/dist-packages:${PYTHONPATH} /usr/bin/cmake --build /home/zyme/ros_ws/Autoware_sim_test/build/twist2accel -- -j12 -l12
[0.232s] [100%] Built target twist2accel
[0.252s] Invoked command in '/home/zyme/ros_ws/Autoware_sim_test/build/twist2accel' returned '0': AMENT_PREFIX_PATH=/home/zyme/ros_ws/Autoware_sim_test/install/signal_processing:/home/zyme/ros_ws/Autoware_sim_test/install/autoware_cmake:/home/zyme/ros_ws/Autoware_sim_test/install/tier4_debug_msgs:/home/zyme/ros_ws/Autoware_sim_test/install/autoware_lint_common:${AMENT_PREFIX_PATH} CMAKE_PREFIX_PATH=/home/zyme/ros_ws/Autoware_sim_test/install/signal_processing:/home/zyme/ros_ws/Autoware_sim_test/install/autoware_cmake:/home/zyme/ros_ws/Autoware_sim_test/install/tier4_debug_msgs:/home/zyme/ros_ws/Autoware_sim_test/install/autoware_lint_common:/opt/ros/humble LD_LIBRARY_PATH=/home/zyme/ros_ws/Autoware_sim_test/install/signal_processing/lib:/home/zyme/ros_ws/Autoware_sim_test/install/tier4_debug_msgs/lib:${LD_LIBRARY_PATH} PYTHONPATH=/home/zyme/ros_ws/Autoware_sim_test/install/tier4_debug_msgs/local/lib/python3.10/dist-packages:${PYTHONPATH} /usr/bin/cmake --build /home/zyme/ros_ws/Autoware_sim_test/build/twist2accel -- -j12 -l12
[0.304s] Invoking command in '/home/zyme/ros_ws/Autoware_sim_test/build/twist2accel': AMENT_PREFIX_PATH=/home/zyme/ros_ws/Autoware_sim_test/install/signal_processing:/home/zyme/ros_ws/Autoware_sim_test/install/autoware_cmake:/home/zyme/ros_ws/Autoware_sim_test/install/tier4_debug_msgs:/home/zyme/ros_ws/Autoware_sim_test/install/autoware_lint_common:${AMENT_PREFIX_PATH} CMAKE_PREFIX_PATH=/home/zyme/ros_ws/Autoware_sim_test/install/signal_processing:/home/zyme/ros_ws/Autoware_sim_test/install/autoware_cmake:/home/zyme/ros_ws/Autoware_sim_test/install/tier4_debug_msgs:/home/zyme/ros_ws/Autoware_sim_test/install/autoware_lint_common:/opt/ros/humble LD_LIBRARY_PATH=/home/zyme/ros_ws/Autoware_sim_test/install/signal_processing/lib:/home/zyme/ros_ws/Autoware_sim_test/install/tier4_debug_msgs/lib:${LD_LIBRARY_PATH} PYTHONPATH=/home/zyme/ros_ws/Autoware_sim_test/install/tier4_debug_msgs/local/lib/python3.10/dist-packages:${PYTHONPATH} /usr/bin/cmake --install /home/zyme/ros_ws/Autoware_sim_test/build/twist2accel
[0.317s] -- Install configuration: "Release"
[0.318s] -- Execute custom install script
[0.318s] -- Up-to-date symlink: /home/zyme/ros_ws/Autoware_sim_test/install/twist2accel/include/twist2accel/twist2accel.hpp
[0.319s] -- Up-to-date symlink: /home/zyme/ros_ws/Autoware_sim_test/install/twist2accel/lib/twist2accel/twist2accel
[0.320s] -- Up-to-date symlink: /home/zyme/ros_ws/Autoware_sim_test/install/twist2accel/share/twist2accel/launch/twist2accel.launch.xml
[0.321s] -- Up-to-date symlink: /home/zyme/ros_ws/Autoware_sim_test/install/twist2accel/share/ament_index/resource_index/package_run_dependencies/twist2accel
[0.321s] -- Up-to-date symlink: /home/zyme/ros_ws/Autoware_sim_test/install/twist2accel/share/ament_index/resource_index/parent_prefix_path/twist2accel
[0.321s] -- Up-to-date symlink: /home/zyme/ros_ws/Autoware_sim_test/install/twist2accel/share/twist2accel/environment/ament_prefix_path.sh
[0.322s] -- Up-to-date symlink: /home/zyme/ros_ws/Autoware_sim_test/install/twist2accel/share/twist2accel/environment/ament_prefix_path.dsv
[0.325s] -- Up-to-date symlink: /home/zyme/ros_ws/Autoware_sim_test/install/twist2accel/share/twist2accel/environment/path.sh
[0.326s] -- Up-to-date symlink: /home/zyme/ros_ws/Autoware_sim_test/install/twist2accel/share/twist2accel/environment/path.dsv
[0.326s] -- Up-to-date symlink: /home/zyme/ros_ws/Autoware_sim_test/install/twist2accel/share/twist2accel/local_setup.bash
[0.327s] -- Up-to-date symlink: /home/zyme/ros_ws/Autoware_sim_test/install/twist2accel/share/twist2accel/local_setup.sh
[0.327s] -- Up-to-date symlink: /home/zyme/ros_ws/Autoware_sim_test/install/twist2accel/share/twist2accel/local_setup.zsh
[0.328s] -- Up-to-date symlink: /home/zyme/ros_ws/Autoware_sim_test/install/twist2accel/share/twist2accel/local_setup.dsv
[0.328s] -- Symlinking: /home/zyme/ros_ws/Autoware_sim_test/install/twist2accel/share/twist2accel/package.dsv
[0.344s] -- Up-to-date symlink: /home/zyme/ros_ws/Autoware_sim_test/install/twist2accel/share/ament_index/resource_index/packages/twist2accel
[0.345s] -- Up-to-date symlink: /home/zyme/ros_ws/Autoware_sim_test/install/twist2accel/share/twist2accel/cmake/ament_cmake_export_dependencies-extras.cmake
[0.345s] -- Up-to-date symlink: /home/zyme/ros_ws/Autoware_sim_test/install/twist2accel/share/twist2accel/cmake/ament_cmake_export_include_directories-extras.cmake
[0.346s] -- Up-to-date symlink: /home/zyme/ros_ws/Autoware_sim_test/install/twist2accel/share/twist2accel/cmake/twist2accelConfig.cmake
[0.347s] -- Up-to-date symlink: /home/zyme/ros_ws/Autoware_sim_test/install/twist2accel/share/twist2accel/cmake/twist2accelConfig-version.cmake
[0.347s] -- Up-to-date symlink: /home/zyme/ros_ws/Autoware_sim_test/install/twist2accel/share/twist2accel/package.xml
[0.351s] Invoked command in '/home/zyme/ros_ws/Autoware_sim_test/build/twist2accel' returned '0': AMENT_PREFIX_PATH=/home/zyme/ros_ws/Autoware_sim_test/install/signal_processing:/home/zyme/ros_ws/Autoware_sim_test/install/autoware_cmake:/home/zyme/ros_ws/Autoware_sim_test/install/tier4_debug_msgs:/home/zyme/ros_ws/Autoware_sim_test/install/autoware_lint_common:${AMENT_PREFIX_PATH} CMAKE_PREFIX_PATH=/home/zyme/ros_ws/Autoware_sim_test/install/signal_processing:/home/zyme/ros_ws/Autoware_sim_test/install/autoware_cmake:/home/zyme/ros_ws/Autoware_sim_test/install/tier4_debug_msgs:/home/zyme/ros_ws/Autoware_sim_test/install/autoware_lint_common:/opt/ros/humble LD_LIBRARY_PATH=/home/zyme/ros_ws/Autoware_sim_test/install/signal_processing/lib:/home/zyme/ros_ws/Autoware_sim_test/install/tier4_debug_msgs/lib:${LD_LIBRARY_PATH} PYTHONPATH=/home/zyme/ros_ws/Autoware_sim_test/install/tier4_debug_msgs/local/lib/python3.10/dist-packages:${PYTHONPATH} /usr/bin/cmake --install /home/zyme/ros_ws/Autoware_sim_test/build/twist2accel
