-- The C compiler identification is GNU 11.4.0
-- The CXX compiler identification is GNU 11.4.0
-- Detecting C compiler ABI info
-- Detecting C compiler ABI info - done
-- Check for working C compiler: /usr/bin/cc - skipped
-- Detecting C compile features
-- Detecting C compile features - done
-- Detecting CXX compiler ABI info
-- Detecting CXX compiler ABI info - done
-- Check for working CXX compiler: /usr/bin/c++ - skipped
-- Detecting CXX compile features
-- Detecting CXX compile features - done
-- Found autoware_cmake: 0.1.0 (/home/zyme/ros_ws/Autoware_sim_test/install/autoware_cmake/share/autoware_cmake/cmake)
-- Found Python3: /usr/bin/python3 (found version "3.10.12") found components: Interpreter 
-- Override CMake install command with custom implementation using symlinks instead of copying resources
-- Found rosidl_generator_c: 3.1.5 (/opt/ros/humble/share/rosidl_generator_c/cmake)
-- Found rosidl_adapter: 3.1.5 (/opt/ros/humble/share/rosidl_adapter/cmake)
-- Found rosidl_generator_cpp: 3.1.5 (/opt/ros/humble/share/rosidl_generator_cpp/cmake)
-- Using all available rosidl_typesupport_c: rosidl_typesupport_fastrtps_c;rosidl_typesupport_introspection_c
-- Using all available rosidl_typesupport_cpp: rosidl_typesupport_fastrtps_cpp;rosidl_typesupport_introspection_cpp
-- Found rmw_implementation_cmake: 6.1.1 (/opt/ros/humble/share/rmw_implementation_cmake/cmake)
-- Found rmw_cyclonedds_cpp: 1.3.4 (/opt/ros/humble/share/rmw_cyclonedds_cpp/cmake)
-- Using RMW implementation 'rmw_cyclonedds_cpp' as default
-- Looking for pthread.h
-- Looking for pthread.h - found
-- Performing Test CMAKE_HAVE_LIBC_PTHREAD
-- Performing Test CMAKE_HAVE_LIBC_PTHREAD - Success
-- Found Threads: TRUE  
-- Found ament_lint_auto: 0.12.10 (/opt/ros/humble/share/ament_lint_auto/cmake)
-- Added test 'copyright' to check source files copyright and LICENSE
-- Added test 'cppcheck' to perform static code analysis on C / C++ code
-- Configured cppcheck include dirs: /home/zyme/ros_ws/Autoware_sim_test/src/autoware/src/universe/autoware.universe/system/duplicated_node_checker/include
-- Configured cppcheck exclude dirs and/or files: 
-- Added test 'cpplint' to check C / C++ code against the Google style
-- Configured cpplint exclude dirs and/or files: 
-- Added test 'lint_cmake' to check CMake code style
-- Added test 'uncrustify' to check C / C++ code style
-- Configured uncrustify additional arguments: 
-- Added test 'xmllint' to check XML markup files
-- Configuring done
-- Generating done
-- Build files have been written to: /home/zyme/ros_ws/Autoware_sim_test/build/duplicated_node_checker
[ 50%] [32mBuilding CXX object CMakeFiles/duplicated_node_checker.dir/src/duplicated_node_checker_core.cpp.o[0m
[ 50%] [32mBuilding CXX object CMakeFiles/duplicated_node_checker_node.dir/rclcpp_components/node_main_duplicated_node_checker_node.cpp.o[0m
[ 75%] [32m[1mLinking CXX executable duplicated_node_checker_node[0m
[ 75%] Built target duplicated_node_checker_node
[100%] [32m[1mLinking CXX shared library libduplicated_node_checker.so[0m
[100%] Built target duplicated_node_checker
-- Install configuration: "Release"
-- Execute custom install script
-- Symlinking: /home/zyme/ros_ws/Autoware_sim_test/install/duplicated_node_checker/lib/duplicated_node_checker/duplicated_node_checker_node
-- Symlinking: /home/zyme/ros_ws/Autoware_sim_test/install/duplicated_node_checker/include/duplicated_node_checker/duplicated_node_checker_core.hpp
-- Symlinking: /home/zyme/ros_ws/Autoware_sim_test/install/duplicated_node_checker/share/duplicated_node_checker/environment/library_path.sh
-- Symlinking: /home/zyme/ros_ws/Autoware_sim_test/install/duplicated_node_checker/share/duplicated_node_checker/environment/library_path.dsv
-- Symlinking: /home/zyme/ros_ws/Autoware_sim_test/install/duplicated_node_checker/lib/libduplicated_node_checker.so
-- Symlinking: /home/zyme/ros_ws/Autoware_sim_test/install/duplicated_node_checker/share/duplicated_node_checker/launch/duplicated_node_checker.launch.xml
-- Symlinking: /home/zyme/ros_ws/Autoware_sim_test/install/duplicated_node_checker/share/duplicated_node_checker/config/duplicated_node_checker.param.yaml
-- Symlinking: /home/zyme/ros_ws/Autoware_sim_test/install/duplicated_node_checker/share/ament_index/resource_index/package_run_dependencies/duplicated_node_checker
-- Symlinking: /home/zyme/ros_ws/Autoware_sim_test/install/duplicated_node_checker/share/ament_index/resource_index/parent_prefix_path/duplicated_node_checker
-- Symlinking: /home/zyme/ros_ws/Autoware_sim_test/install/duplicated_node_checker/share/duplicated_node_checker/environment/ament_prefix_path.sh
-- Symlinking: /home/zyme/ros_ws/Autoware_sim_test/install/duplicated_node_checker/share/duplicated_node_checker/environment/ament_prefix_path.dsv
-- Symlinking: /home/zyme/ros_ws/Autoware_sim_test/install/duplicated_node_checker/share/duplicated_node_checker/environment/path.sh
-- Symlinking: /home/zyme/ros_ws/Autoware_sim_test/install/duplicated_node_checker/share/duplicated_node_checker/environment/path.dsv
-- Symlinking: /home/zyme/ros_ws/Autoware_sim_test/install/duplicated_node_checker/share/duplicated_node_checker/local_setup.bash
-- Symlinking: /home/zyme/ros_ws/Autoware_sim_test/install/duplicated_node_checker/share/duplicated_node_checker/local_setup.sh
-- Symlinking: /home/zyme/ros_ws/Autoware_sim_test/install/duplicated_node_checker/share/duplicated_node_checker/local_setup.zsh
-- Symlinking: /home/zyme/ros_ws/Autoware_sim_test/install/duplicated_node_checker/share/duplicated_node_checker/local_setup.dsv
-- Symlinking: /home/zyme/ros_ws/Autoware_sim_test/install/duplicated_node_checker/share/duplicated_node_checker/package.dsv
-- Symlinking: /home/zyme/ros_ws/Autoware_sim_test/install/duplicated_node_checker/share/ament_index/resource_index/packages/duplicated_node_checker
-- Symlinking: /home/zyme/ros_ws/Autoware_sim_test/install/duplicated_node_checker/share/ament_index/resource_index/rclcpp_components/duplicated_node_checker
-- Symlinking: /home/zyme/ros_ws/Autoware_sim_test/install/duplicated_node_checker/share/duplicated_node_checker/cmake/ament_cmake_export_dependencies-extras.cmake
-- Symlinking: /home/zyme/ros_ws/Autoware_sim_test/install/duplicated_node_checker/share/duplicated_node_checker/cmake/ament_cmake_export_include_directories-extras.cmake
-- Symlinking: /home/zyme/ros_ws/Autoware_sim_test/install/duplicated_node_checker/share/duplicated_node_checker/cmake/ament_cmake_export_libraries-extras.cmake
-- Symlinking: /home/zyme/ros_ws/Autoware_sim_test/install/duplicated_node_checker/share/duplicated_node_checker/cmake/duplicated_node_checkerConfig.cmake
-- Symlinking: /home/zyme/ros_ws/Autoware_sim_test/install/duplicated_node_checker/share/duplicated_node_checker/cmake/duplicated_node_checkerConfig-version.cmake
-- Symlinking: /home/zyme/ros_ws/Autoware_sim_test/install/duplicated_node_checker/share/duplicated_node_checker/package.xml
