[0.076s] Invoking command in '/home/zyme/ros_ws/Autoware_sim_test/build/dummy_perception_publisher': AMENT_PREFIX_PATH=/home/zyme/ros_ws/Autoware_sim_test/install/tier4_autoware_utils:/home/zyme/ros_ws/Autoware_sim_test/install/tier4_perception_msgs:/home/zyme/ros_ws/Autoware_sim_test/install/autoware_auto_vehicle_msgs:/home/zyme/ros_ws/Autoware_sim_test/install/autoware_cmake:/home/zyme/ros_ws/Autoware_sim_test/install/autoware_auto_planning_msgs:/home/zyme/ros_ws/Autoware_sim_test/install/autoware_auto_perception_msgs:/home/zyme/ros_ws/Autoware_sim_test/install/tier4_debug_msgs:/home/zyme/ros_ws/Autoware_sim_test/install/autoware_lint_common:/home/zyme/ros_ws/Autoware_sim_test/install/autoware_auto_mapping_msgs:/home/zyme/ros_ws/Autoware_sim_test/install/autoware_auto_geometry_msgs:${AMENT_PREFIX_PATH} CMAKE_PREFIX_PATH=/home/zyme/ros_ws/Autoware_sim_test/install/tier4_autoware_utils:/home/zyme/ros_ws/Autoware_sim_test/install/tier4_perception_msgs:/home/zyme/ros_ws/Autoware_sim_test/install/autoware_auto_vehicle_msgs:/home/zyme/ros_ws/Autoware_sim_test/install/autoware_cmake:/home/zyme/ros_ws/Autoware_sim_test/install/autoware_auto_planning_msgs:/home/zyme/ros_ws/Autoware_sim_test/install/autoware_auto_perception_msgs:/home/zyme/ros_ws/Autoware_sim_test/install/tier4_debug_msgs:/home/zyme/ros_ws/Autoware_sim_test/install/autoware_lint_common:/home/zyme/ros_ws/Autoware_sim_test/install/autoware_auto_mapping_msgs:/home/zyme/ros_ws/Autoware_sim_test/install/autoware_auto_geometry_msgs:/opt/ros/humble LD_LIBRARY_PATH=/home/zyme/ros_ws/Autoware_sim_test/install/tier4_autoware_utils/lib:/home/zyme/ros_ws/Autoware_sim_test/install/tier4_perception_msgs/lib:/home/zyme/ros_ws/Autoware_sim_test/install/autoware_auto_vehicle_msgs/lib:/home/zyme/ros_ws/Autoware_sim_test/install/autoware_auto_planning_msgs/lib:/home/zyme/ros_ws/Autoware_sim_test/install/autoware_auto_perception_msgs/lib:/home/zyme/ros_ws/Autoware_sim_test/install/tier4_debug_msgs/lib:/home/zyme/ros_ws/Autoware_sim_test/install/autoware_auto_mapping_msgs/lib:/home/zyme/ros_ws/Autoware_sim_test/install/autoware_auto_geometry_msgs/lib:${LD_LIBRARY_PATH} PYTHONPATH=/home/zyme/ros_ws/Autoware_sim_test/install/tier4_perception_msgs/local/lib/python3.10/dist-packages:/home/zyme/ros_ws/Autoware_sim_test/install/autoware_auto_vehicle_msgs/local/lib/python3.10/dist-packages:/home/zyme/ros_ws/Autoware_sim_test/install/autoware_auto_planning_msgs/local/lib/python3.10/dist-packages:/home/zyme/ros_ws/Autoware_sim_test/install/autoware_auto_perception_msgs/local/lib/python3.10/dist-packages:/home/zyme/ros_ws/Autoware_sim_test/install/tier4_debug_msgs/local/lib/python3.10/dist-packages:/home/zyme/ros_ws/Autoware_sim_test/install/autoware_auto_mapping_msgs/local/lib/python3.10/dist-packages:/home/zyme/ros_ws/Autoware_sim_test/install/autoware_auto_geometry_msgs/local/lib/python3.10/dist-packages:${PYTHONPATH} /usr/bin/cmake --build /home/zyme/ros_ws/Autoware_sim_test/build/dummy_perception_publisher -- -j12 -l12
[0.141s] [  1%] Built target dummy_perception_publisher__cpp
[0.143s] [  5%] Built target gtest
[0.143s] [ 13%] Built target dummy_perception_publisher__rosidl_generator_c
[0.152s] [ 16%] Built target signed_distance_function
[0.153s] [ 16%] Built target ament_cmake_python_symlink_dummy_perception_publisher
[0.153s] [ 20%] Built target gtest_main
[0.183s] [ 28%] Built target dummy_perception_publisher__rosidl_typesupport_cpp
[0.185s] [ 39%] Built target dummy_perception_publisher__rosidl_typesupport_c
[0.185s] [ 43%] Built target dummy_perception_publisher__rosidl_typesupport_fastrtps_c
[0.185s] [ 50%] Built target dummy_perception_publisher__rosidl_typesupport_introspection_c
[0.187s] [ 58%] Built target dummy_perception_publisher__rosidl_typesupport_fastrtps_cpp
[0.188s] [ 66%] Built target dummy_perception_publisher__rosidl_typesupport_introspection_cpp
[0.195s] [ 69%] Built target signed_distance_function-test
[0.198s] [ 73%] Built target empty_objects_publisher
[0.213s] [ 73%] Built target dummy_perception_publisher
[0.233s] [ 81%] Built target dummy_perception_publisher_node
[0.236s] [ 83%] Built target dummy_perception_publisher__py
[0.260s] [ 88%] Built target dummy_perception_publisher__rosidl_generator_py
[0.285s] [100%] Built target dummy_perception_publisher__rosidl_typesupport_c__pyext
[0.286s] [100%] Built target dummy_perception_publisher__rosidl_typesupport_introspection_c__pyext
[0.286s] [100%] Built target dummy_perception_publisher__rosidl_typesupport_fastrtps_c__pyext
[0.432s] running egg_info
[0.432s] writing dummy_perception_publisher.egg-info/PKG-INFO
[0.433s] writing dependency_links to dummy_perception_publisher.egg-info/dependency_links.txt
[0.433s] writing top-level names to dummy_perception_publisher.egg-info/top_level.txt
[0.435s] reading manifest file 'dummy_perception_publisher.egg-info/SOURCES.txt'
[0.435s] writing manifest file 'dummy_perception_publisher.egg-info/SOURCES.txt'
[0.458s] [100%] Built target ament_cmake_python_build_dummy_perception_publisher_egg
[0.470s] Invoked command in '/home/zyme/ros_ws/Autoware_sim_test/build/dummy_perception_publisher' returned '0': AMENT_PREFIX_PATH=/home/zyme/ros_ws/Autoware_sim_test/install/tier4_autoware_utils:/home/zyme/ros_ws/Autoware_sim_test/install/tier4_perception_msgs:/home/zyme/ros_ws/Autoware_sim_test/install/autoware_auto_vehicle_msgs:/home/zyme/ros_ws/Autoware_sim_test/install/autoware_cmake:/home/zyme/ros_ws/Autoware_sim_test/install/autoware_auto_planning_msgs:/home/zyme/ros_ws/Autoware_sim_test/install/autoware_auto_perception_msgs:/home/zyme/ros_ws/Autoware_sim_test/install/tier4_debug_msgs:/home/zyme/ros_ws/Autoware_sim_test/install/autoware_lint_common:/home/zyme/ros_ws/Autoware_sim_test/install/autoware_auto_mapping_msgs:/home/zyme/ros_ws/Autoware_sim_test/install/autoware_auto_geometry_msgs:${AMENT_PREFIX_PATH} CMAKE_PREFIX_PATH=/home/zyme/ros_ws/Autoware_sim_test/install/tier4_autoware_utils:/home/zyme/ros_ws/Autoware_sim_test/install/tier4_perception_msgs:/home/zyme/ros_ws/Autoware_sim_test/install/autoware_auto_vehicle_msgs:/home/zyme/ros_ws/Autoware_sim_test/install/autoware_cmake:/home/zyme/ros_ws/Autoware_sim_test/install/autoware_auto_planning_msgs:/home/zyme/ros_ws/Autoware_sim_test/install/autoware_auto_perception_msgs:/home/zyme/ros_ws/Autoware_sim_test/install/tier4_debug_msgs:/home/zyme/ros_ws/Autoware_sim_test/install/autoware_lint_common:/home/zyme/ros_ws/Autoware_sim_test/install/autoware_auto_mapping_msgs:/home/zyme/ros_ws/Autoware_sim_test/install/autoware_auto_geometry_msgs:/opt/ros/humble LD_LIBRARY_PATH=/home/zyme/ros_ws/Autoware_sim_test/install/tier4_autoware_utils/lib:/home/zyme/ros_ws/Autoware_sim_test/install/tier4_perception_msgs/lib:/home/zyme/ros_ws/Autoware_sim_test/install/autoware_auto_vehicle_msgs/lib:/home/zyme/ros_ws/Autoware_sim_test/install/autoware_auto_planning_msgs/lib:/home/zyme/ros_ws/Autoware_sim_test/install/autoware_auto_perception_msgs/lib:/home/zyme/ros_ws/Autoware_sim_test/install/tier4_debug_msgs/lib:/home/zyme/ros_ws/Autoware_sim_test/install/autoware_auto_mapping_msgs/lib:/home/zyme/ros_ws/Autoware_sim_test/install/autoware_auto_geometry_msgs/lib:${LD_LIBRARY_PATH} PYTHONPATH=/home/zyme/ros_ws/Autoware_sim_test/install/tier4_perception_msgs/local/lib/python3.10/dist-packages:/home/zyme/ros_ws/Autoware_sim_test/install/autoware_auto_vehicle_msgs/local/lib/python3.10/dist-packages:/home/zyme/ros_ws/Autoware_sim_test/install/autoware_auto_planning_msgs/local/lib/python3.10/dist-packages:/home/zyme/ros_ws/Autoware_sim_test/install/autoware_auto_perception_msgs/local/lib/python3.10/dist-packages:/home/zyme/ros_ws/Autoware_sim_test/install/tier4_debug_msgs/local/lib/python3.10/dist-packages:/home/zyme/ros_ws/Autoware_sim_test/install/autoware_auto_mapping_msgs/local/lib/python3.10/dist-packages:/home/zyme/ros_ws/Autoware_sim_test/install/autoware_auto_geometry_msgs/local/lib/python3.10/dist-packages:${PYTHONPATH} /usr/bin/cmake --build /home/zyme/ros_ws/Autoware_sim_test/build/dummy_perception_publisher -- -j12 -l12
[0.664s] Invoking command in '/home/zyme/ros_ws/Autoware_sim_test/build/dummy_perception_publisher': AMENT_PREFIX_PATH=/home/zyme/ros_ws/Autoware_sim_test/install/tier4_autoware_utils:/home/zyme/ros_ws/Autoware_sim_test/install/tier4_perception_msgs:/home/zyme/ros_ws/Autoware_sim_test/install/autoware_auto_vehicle_msgs:/home/zyme/ros_ws/Autoware_sim_test/install/autoware_cmake:/home/zyme/ros_ws/Autoware_sim_test/install/autoware_auto_planning_msgs:/home/zyme/ros_ws/Autoware_sim_test/install/autoware_auto_perception_msgs:/home/zyme/ros_ws/Autoware_sim_test/install/tier4_debug_msgs:/home/zyme/ros_ws/Autoware_sim_test/install/autoware_lint_common:/home/zyme/ros_ws/Autoware_sim_test/install/autoware_auto_mapping_msgs:/home/zyme/ros_ws/Autoware_sim_test/install/autoware_auto_geometry_msgs:${AMENT_PREFIX_PATH} CMAKE_PREFIX_PATH=/home/zyme/ros_ws/Autoware_sim_test/install/tier4_autoware_utils:/home/zyme/ros_ws/Autoware_sim_test/install/tier4_perception_msgs:/home/zyme/ros_ws/Autoware_sim_test/install/autoware_auto_vehicle_msgs:/home/zyme/ros_ws/Autoware_sim_test/install/autoware_cmake:/home/zyme/ros_ws/Autoware_sim_test/install/autoware_auto_planning_msgs:/home/zyme/ros_ws/Autoware_sim_test/install/autoware_auto_perception_msgs:/home/zyme/ros_ws/Autoware_sim_test/install/tier4_debug_msgs:/home/zyme/ros_ws/Autoware_sim_test/install/autoware_lint_common:/home/zyme/ros_ws/Autoware_sim_test/install/autoware_auto_mapping_msgs:/home/zyme/ros_ws/Autoware_sim_test/install/autoware_auto_geometry_msgs:/opt/ros/humble LD_LIBRARY_PATH=/home/zyme/ros_ws/Autoware_sim_test/install/tier4_autoware_utils/lib:/home/zyme/ros_ws/Autoware_sim_test/install/tier4_perception_msgs/lib:/home/zyme/ros_ws/Autoware_sim_test/install/autoware_auto_vehicle_msgs/lib:/home/zyme/ros_ws/Autoware_sim_test/install/autoware_auto_planning_msgs/lib:/home/zyme/ros_ws/Autoware_sim_test/install/autoware_auto_perception_msgs/lib:/home/zyme/ros_ws/Autoware_sim_test/install/tier4_debug_msgs/lib:/home/zyme/ros_ws/Autoware_sim_test/install/autoware_auto_mapping_msgs/lib:/home/zyme/ros_ws/Autoware_sim_test/install/autoware_auto_geometry_msgs/lib:${LD_LIBRARY_PATH} PYTHONPATH=/home/zyme/ros_ws/Autoware_sim_test/install/tier4_perception_msgs/local/lib/python3.10/dist-packages:/home/zyme/ros_ws/Autoware_sim_test/install/autoware_auto_vehicle_msgs/local/lib/python3.10/dist-packages:/home/zyme/ros_ws/Autoware_sim_test/install/autoware_auto_planning_msgs/local/lib/python3.10/dist-packages:/home/zyme/ros_ws/Autoware_sim_test/install/autoware_auto_perception_msgs/local/lib/python3.10/dist-packages:/home/zyme/ros_ws/Autoware_sim_test/install/tier4_debug_msgs/local/lib/python3.10/dist-packages:/home/zyme/ros_ws/Autoware_sim_test/install/autoware_auto_mapping_msgs/local/lib/python3.10/dist-packages:/home/zyme/ros_ws/Autoware_sim_test/install/autoware_auto_geometry_msgs/local/lib/python3.10/dist-packages:${PYTHONPATH} /usr/bin/cmake --install /home/zyme/ros_ws/Autoware_sim_test/build/dummy_perception_publisher
[0.688s] -- Install configuration: "Release"
[0.690s] -- Execute custom install script
[0.690s] -- Up-to-date symlink: /home/zyme/ros_ws/Autoware_sim_test/install/dummy_perception_publisher/share/ament_index/resource_index/rosidl_interfaces/dummy_perception_publisher
[0.692s] -- Up-to-date symlink: /home/zyme/ros_ws/Autoware_sim_test/install/dummy_perception_publisher/include/dummy_perception_publisher/dummy_perception_publisher/msg/detail/initial_state__functions.h
[0.692s] -- Up-to-date symlink: /home/zyme/ros_ws/Autoware_sim_test/install/dummy_perception_publisher/include/dummy_perception_publisher/dummy_perception_publisher/msg/detail/initial_state__struct.h
[0.692s] -- Up-to-date symlink: /home/zyme/ros_ws/Autoware_sim_test/install/dummy_perception_publisher/include/dummy_perception_publisher/dummy_perception_publisher/msg/detail/initial_state__type_support.h
[0.693s] -- Up-to-date symlink: /home/zyme/ros_ws/Autoware_sim_test/install/dummy_perception_publisher/include/dummy_perception_publisher/dummy_perception_publisher/msg/detail/object__functions.h
[0.693s] -- Up-to-date symlink: /home/zyme/ros_ws/Autoware_sim_test/install/dummy_perception_publisher/include/dummy_perception_publisher/dummy_perception_publisher/msg/detail/object__struct.h
[0.694s] -- Up-to-date symlink: /home/zyme/ros_ws/Autoware_sim_test/install/dummy_perception_publisher/include/dummy_perception_publisher/dummy_perception_publisher/msg/detail/object__type_support.h
[0.694s] -- Up-to-date symlink: /home/zyme/ros_ws/Autoware_sim_test/install/dummy_perception_publisher/include/dummy_perception_publisher/dummy_perception_publisher/msg/initial_state.h
[0.694s] -- Up-to-date symlink: /home/zyme/ros_ws/Autoware_sim_test/install/dummy_perception_publisher/include/dummy_perception_publisher/dummy_perception_publisher/msg/object.h
[0.695s] -- Up-to-date symlink: /home/zyme/ros_ws/Autoware_sim_test/install/dummy_perception_publisher/include/dummy_perception_publisher/dummy_perception_publisher/msg/rosidl_generator_c__visibility_control.h
[0.695s] -- Up-to-date symlink: /home/zyme/ros_ws/Autoware_sim_test/install/dummy_perception_publisher/share/dummy_perception_publisher/environment/library_path.sh
[0.695s] -- Up-to-date symlink: /home/zyme/ros_ws/Autoware_sim_test/install/dummy_perception_publisher/share/dummy_perception_publisher/environment/library_path.dsv
[0.696s] -- Up-to-date symlink: /home/zyme/ros_ws/Autoware_sim_test/install/dummy_perception_publisher/include/dummy_perception_publisher/dummy_perception_publisher/msg/detail/initial_state__rosidl_typesupport_fastrtps_c.h
[0.697s] -- Up-to-date symlink: /home/zyme/ros_ws/Autoware_sim_test/install/dummy_perception_publisher/include/dummy_perception_publisher/dummy_perception_publisher/msg/detail/object__rosidl_typesupport_fastrtps_c.h
[0.697s] -- Up-to-date symlink: /home/zyme/ros_ws/Autoware_sim_test/install/dummy_perception_publisher/include/dummy_perception_publisher/dummy_perception_publisher/msg/rosidl_typesupport_fastrtps_c__visibility_control.h
[0.697s] -- Up-to-date symlink: /home/zyme/ros_ws/Autoware_sim_test/install/dummy_perception_publisher/include/dummy_perception_publisher/dummy_perception_publisher/msg/detail/initial_state__rosidl_typesupport_introspection_c.h
[0.698s] -- Up-to-date symlink: /home/zyme/ros_ws/Autoware_sim_test/install/dummy_perception_publisher/include/dummy_perception_publisher/dummy_perception_publisher/msg/detail/object__rosidl_typesupport_introspection_c.h
[0.698s] -- Up-to-date symlink: /home/zyme/ros_ws/Autoware_sim_test/install/dummy_perception_publisher/include/dummy_perception_publisher/dummy_perception_publisher/msg/rosidl_typesupport_introspection_c__visibility_control.h
[0.699s] -- Up-to-date symlink: /home/zyme/ros_ws/Autoware_sim_test/install/dummy_perception_publisher/include/dummy_perception_publisher/dummy_perception_publisher/msg/detail/initial_state__builder.hpp
[0.699s] -- Up-to-date symlink: /home/zyme/ros_ws/Autoware_sim_test/install/dummy_perception_publisher/include/dummy_perception_publisher/dummy_perception_publisher/msg/detail/initial_state__struct.hpp
[0.699s] -- Up-to-date symlink: /home/zyme/ros_ws/Autoware_sim_test/install/dummy_perception_publisher/include/dummy_perception_publisher/dummy_perception_publisher/msg/detail/initial_state__traits.hpp
[0.700s] -- Up-to-date symlink: /home/zyme/ros_ws/Autoware_sim_test/install/dummy_perception_publisher/include/dummy_perception_publisher/dummy_perception_publisher/msg/detail/object__builder.hpp
[0.700s] -- Up-to-date symlink: /home/zyme/ros_ws/Autoware_sim_test/install/dummy_perception_publisher/include/dummy_perception_publisher/dummy_perception_publisher/msg/detail/object__struct.hpp
[0.700s] -- Up-to-date symlink: /home/zyme/ros_ws/Autoware_sim_test/install/dummy_perception_publisher/include/dummy_perception_publisher/dummy_perception_publisher/msg/detail/object__traits.hpp
[0.700s] -- Up-to-date symlink: /home/zyme/ros_ws/Autoware_sim_test/install/dummy_perception_publisher/include/dummy_perception_publisher/dummy_perception_publisher/msg/initial_state.hpp
[0.701s] -- Up-to-date symlink: /home/zyme/ros_ws/Autoware_sim_test/install/dummy_perception_publisher/include/dummy_perception_publisher/dummy_perception_publisher/msg/object.hpp
[0.701s] -- Up-to-date symlink: /home/zyme/ros_ws/Autoware_sim_test/install/dummy_perception_publisher/include/dummy_perception_publisher/dummy_perception_publisher/msg/detail/initial_state__rosidl_typesupport_fastrtps_cpp.hpp
[0.701s] -- Up-to-date symlink: /home/zyme/ros_ws/Autoware_sim_test/install/dummy_perception_publisher/include/dummy_perception_publisher/dummy_perception_publisher/msg/detail/object__rosidl_typesupport_fastrtps_cpp.hpp
[0.702s] -- Up-to-date symlink: /home/zyme/ros_ws/Autoware_sim_test/install/dummy_perception_publisher/include/dummy_perception_publisher/dummy_perception_publisher/msg/rosidl_typesupport_fastrtps_cpp__visibility_control.h
[0.702s] -- Up-to-date symlink: /home/zyme/ros_ws/Autoware_sim_test/install/dummy_perception_publisher/include/dummy_perception_publisher/dummy_perception_publisher/msg/detail/initial_state__rosidl_typesupport_introspection_cpp.hpp
[0.702s] -- Up-to-date symlink: /home/zyme/ros_ws/Autoware_sim_test/install/dummy_perception_publisher/include/dummy_perception_publisher/dummy_perception_publisher/msg/detail/object__rosidl_typesupport_introspection_cpp.hpp
[0.703s] -- Up-to-date symlink: /home/zyme/ros_ws/Autoware_sim_test/install/dummy_perception_publisher/share/dummy_perception_publisher/environment/pythonpath.sh
[0.703s] -- Up-to-date symlink: /home/zyme/ros_ws/Autoware_sim_test/install/dummy_perception_publisher/share/dummy_perception_publisher/environment/pythonpath.dsv
[0.703s] -- Up-to-date symlink: /home/zyme/ros_ws/Autoware_sim_test/install/dummy_perception_publisher/local/lib/python3.10/dist-packages/dummy_perception_publisher-0.1.0-py3.10.egg-info/PKG-INFO
[0.704s] -- Up-to-date symlink: /home/zyme/ros_ws/Autoware_sim_test/install/dummy_perception_publisher/local/lib/python3.10/dist-packages/dummy_perception_publisher-0.1.0-py3.10.egg-info/SOURCES.txt
[0.704s] -- Up-to-date symlink: /home/zyme/ros_ws/Autoware_sim_test/install/dummy_perception_publisher/local/lib/python3.10/dist-packages/dummy_perception_publisher-0.1.0-py3.10.egg-info/dependency_links.txt
[0.704s] -- Up-to-date symlink: /home/zyme/ros_ws/Autoware_sim_test/install/dummy_perception_publisher/local/lib/python3.10/dist-packages/dummy_perception_publisher-0.1.0-py3.10.egg-info/top_level.txt
[0.705s] -- Up-to-date symlink: /home/zyme/ros_ws/Autoware_sim_test/install/dummy_perception_publisher/local/lib/python3.10/dist-packages/dummy_perception_publisher/__init__.py
[0.705s] -- Up-to-date symlink: /home/zyme/ros_ws/Autoware_sim_test/install/dummy_perception_publisher/local/lib/python3.10/dist-packages/dummy_perception_publisher/_dummy_perception_publisher_s.ep.rosidl_typesupport_c.c
[0.706s] -- Up-to-date symlink: /home/zyme/ros_ws/Autoware_sim_test/install/dummy_perception_publisher/local/lib/python3.10/dist-packages/dummy_perception_publisher/_dummy_perception_publisher_s.ep.rosidl_typesupport_fastrtps_c.c
[0.706s] -- Up-to-date symlink: /home/zyme/ros_ws/Autoware_sim_test/install/dummy_perception_publisher/local/lib/python3.10/dist-packages/dummy_perception_publisher/_dummy_perception_publisher_s.ep.rosidl_typesupport_introspection_c.c
[0.706s] -- Up-to-date symlink: /home/zyme/ros_ws/Autoware_sim_test/install/dummy_perception_publisher/local/lib/python3.10/dist-packages/dummy_perception_publisher/dummy_perception_publisher_s__rosidl_typesupport_c.cpython-310-x86_64-linux-gnu.so
[0.706s] -- Up-to-date symlink: /home/zyme/ros_ws/Autoware_sim_test/install/dummy_perception_publisher/local/lib/python3.10/dist-packages/dummy_perception_publisher/dummy_perception_publisher_s__rosidl_typesupport_fastrtps_c.cpython-310-x86_64-linux-gnu.so
[0.706s] -- Up-to-date symlink: /home/zyme/ros_ws/Autoware_sim_test/install/dummy_perception_publisher/local/lib/python3.10/dist-packages/dummy_perception_publisher/dummy_perception_publisher_s__rosidl_typesupport_introspection_c.cpython-310-x86_64-linux-gnu.so
[0.707s] -- Up-to-date symlink: /home/zyme/ros_ws/Autoware_sim_test/install/dummy_perception_publisher/local/lib/python3.10/dist-packages/dummy_perception_publisher/libdummy_perception_publisher__rosidl_generator_py.so
[0.707s] -- Up-to-date symlink: /home/zyme/ros_ws/Autoware_sim_test/install/dummy_perception_publisher/local/lib/python3.10/dist-packages/dummy_perception_publisher/msg/__init__.py
[0.707s] -- Up-to-date symlink: /home/zyme/ros_ws/Autoware_sim_test/install/dummy_perception_publisher/local/lib/python3.10/dist-packages/dummy_perception_publisher/msg/_initial_state.py
[0.707s] -- Up-to-date symlink: /home/zyme/ros_ws/Autoware_sim_test/install/dummy_perception_publisher/local/lib/python3.10/dist-packages/dummy_perception_publisher/msg/_initial_state_s.c
[0.707s] -- Up-to-date symlink: /home/zyme/ros_ws/Autoware_sim_test/install/dummy_perception_publisher/local/lib/python3.10/dist-packages/dummy_perception_publisher/msg/_object.py
[0.708s] -- Up-to-date symlink: /home/zyme/ros_ws/Autoware_sim_test/install/dummy_perception_publisher/local/lib/python3.10/dist-packages/dummy_perception_publisher/msg/_object_s.c
[0.708s] -- Up-to-date symlink: /home/zyme/ros_ws/Autoware_sim_test/install/dummy_perception_publisher/local/lib/python3.10/dist-packages/dummy_perception_publisher/dummy_perception_publisher_s__rosidl_typesupport_fastrtps_c.cpython-310-x86_64-linux-gnu.so
[0.708s] -- Up-to-date symlink: /home/zyme/ros_ws/Autoware_sim_test/install/dummy_perception_publisher/local/lib/python3.10/dist-packages/dummy_perception_publisher/dummy_perception_publisher_s__rosidl_typesupport_introspection_c.cpython-310-x86_64-linux-gnu.so
[0.708s] -- Up-to-date symlink: /home/zyme/ros_ws/Autoware_sim_test/install/dummy_perception_publisher/local/lib/python3.10/dist-packages/dummy_perception_publisher/dummy_perception_publisher_s__rosidl_typesupport_c.cpython-310-x86_64-linux-gnu.so
[0.709s] -- Up-to-date symlink: /home/zyme/ros_ws/Autoware_sim_test/install/dummy_perception_publisher/share/dummy_perception_publisher/msg/InitialState.idl
[0.709s] -- Up-to-date symlink: /home/zyme/ros_ws/Autoware_sim_test/install/dummy_perception_publisher/share/dummy_perception_publisher/msg/Object.idl
[0.709s] -- Up-to-date symlink: /home/zyme/ros_ws/Autoware_sim_test/install/dummy_perception_publisher/share/dummy_perception_publisher/msg/InitialState.msg
[0.709s] -- Up-to-date symlink: /home/zyme/ros_ws/Autoware_sim_test/install/dummy_perception_publisher/share/dummy_perception_publisher/msg/Object.msg
[0.710s] -- Up-to-date symlink: /home/zyme/ros_ws/Autoware_sim_test/install/dummy_perception_publisher/include/dummy_perception_publisher/node.hpp
[0.710s] -- Up-to-date symlink: /home/zyme/ros_ws/Autoware_sim_test/install/dummy_perception_publisher/include/dummy_perception_publisher/signed_distance_function.hpp
[0.710s] -- Up-to-date symlink: /home/zyme/ros_ws/Autoware_sim_test/install/dummy_perception_publisher/lib/libsigned_distance_function.so
[0.710s] -- Up-to-date symlink: /home/zyme/ros_ws/Autoware_sim_test/install/dummy_perception_publisher/lib/dummy_perception_publisher/dummy_perception_publisher_node
[0.711s] -- Up-to-date symlink: /home/zyme/ros_ws/Autoware_sim_test/install/dummy_perception_publisher/lib/dummy_perception_publisher/empty_objects_publisher
[0.711s] -- Up-to-date symlink: /home/zyme/ros_ws/Autoware_sim_test/install/dummy_perception_publisher/share/dummy_perception_publisher/launch/dummy_perception_publisher.launch.xml
[0.711s] -- Up-to-date symlink: /home/zyme/ros_ws/Autoware_sim_test/install/dummy_perception_publisher/share/ament_index/resource_index/package_run_dependencies/dummy_perception_publisher
[0.712s] -- Up-to-date symlink: /home/zyme/ros_ws/Autoware_sim_test/install/dummy_perception_publisher/share/ament_index/resource_index/parent_prefix_path/dummy_perception_publisher
[0.712s] -- Up-to-date symlink: /home/zyme/ros_ws/Autoware_sim_test/install/dummy_perception_publisher/share/dummy_perception_publisher/environment/ament_prefix_path.sh
[0.712s] -- Up-to-date symlink: /home/zyme/ros_ws/Autoware_sim_test/install/dummy_perception_publisher/share/dummy_perception_publisher/environment/ament_prefix_path.dsv
[0.712s] -- Up-to-date symlink: /home/zyme/ros_ws/Autoware_sim_test/install/dummy_perception_publisher/share/dummy_perception_publisher/environment/path.sh
[0.712s] -- Up-to-date symlink: /home/zyme/ros_ws/Autoware_sim_test/install/dummy_perception_publisher/share/dummy_perception_publisher/environment/path.dsv
[0.712s] -- Up-to-date symlink: /home/zyme/ros_ws/Autoware_sim_test/install/dummy_perception_publisher/share/dummy_perception_publisher/local_setup.bash
[0.713s] -- Up-to-date symlink: /home/zyme/ros_ws/Autoware_sim_test/install/dummy_perception_publisher/share/dummy_perception_publisher/local_setup.sh
[0.713s] -- Up-to-date symlink: /home/zyme/ros_ws/Autoware_sim_test/install/dummy_perception_publisher/share/dummy_perception_publisher/local_setup.zsh
[0.713s] -- Up-to-date symlink: /home/zyme/ros_ws/Autoware_sim_test/install/dummy_perception_publisher/share/dummy_perception_publisher/local_setup.dsv
[0.713s] -- Symlinking: /home/zyme/ros_ws/Autoware_sim_test/install/dummy_perception_publisher/share/dummy_perception_publisher/package.dsv
[0.723s] -- Up-to-date symlink: /home/zyme/ros_ws/Autoware_sim_test/install/dummy_perception_publisher/share/ament_index/resource_index/packages/dummy_perception_publisher
[0.724s] -- Up-to-date symlink: /home/zyme/ros_ws/Autoware_sim_test/install/dummy_perception_publisher/share/dummy_perception_publisher/cmake/rosidl_cmake-extras.cmake
[0.724s] -- Up-to-date symlink: /home/zyme/ros_ws/Autoware_sim_test/install/dummy_perception_publisher/share/dummy_perception_publisher/cmake/ament_cmake_export_dependencies-extras.cmake
[0.724s] -- Up-to-date symlink: /home/zyme/ros_ws/Autoware_sim_test/install/dummy_perception_publisher/share/dummy_perception_publisher/cmake/ament_cmake_export_include_directories-extras.cmake
[0.724s] -- Up-to-date symlink: /home/zyme/ros_ws/Autoware_sim_test/install/dummy_perception_publisher/share/dummy_perception_publisher/cmake/ament_cmake_export_libraries-extras.cmake
[0.724s] -- Up-to-date symlink: /home/zyme/ros_ws/Autoware_sim_test/install/dummy_perception_publisher/share/dummy_perception_publisher/cmake/ament_cmake_export_targets-extras.cmake
[0.724s] -- Up-to-date symlink: /home/zyme/ros_ws/Autoware_sim_test/install/dummy_perception_publisher/share/dummy_perception_publisher/cmake/rosidl_cmake_export_typesupport_targets-extras.cmake
[0.725s] -- Up-to-date symlink: /home/zyme/ros_ws/Autoware_sim_test/install/dummy_perception_publisher/share/dummy_perception_publisher/cmake/rosidl_cmake_export_typesupport_libraries-extras.cmake
[0.725s] -- Up-to-date symlink: /home/zyme/ros_ws/Autoware_sim_test/install/dummy_perception_publisher/share/dummy_perception_publisher/cmake/dummy_perception_publisherConfig.cmake
[0.725s] -- Up-to-date symlink: /home/zyme/ros_ws/Autoware_sim_test/install/dummy_perception_publisher/share/dummy_perception_publisher/cmake/dummy_perception_publisherConfig-version.cmake
[0.725s] -- Up-to-date symlink: /home/zyme/ros_ws/Autoware_sim_test/install/dummy_perception_publisher/share/dummy_perception_publisher/package.xml
[0.725s] -- Up-to-date: /home/zyme/ros_ws/Autoware_sim_test/install/dummy_perception_publisher/lib/libdummy_perception_publisher__rosidl_generator_c.so
[0.726s] -- Up-to-date: /home/zyme/ros_ws/Autoware_sim_test/install/dummy_perception_publisher/lib/libdummy_perception_publisher__rosidl_typesupport_fastrtps_c.so
[0.726s] -- Up-to-date: /home/zyme/ros_ws/Autoware_sim_test/install/dummy_perception_publisher/lib/libdummy_perception_publisher__rosidl_typesupport_introspection_c.so
[0.726s] -- Up-to-date: /home/zyme/ros_ws/Autoware_sim_test/install/dummy_perception_publisher/lib/libdummy_perception_publisher__rosidl_typesupport_c.so
[0.727s] -- Up-to-date: /home/zyme/ros_ws/Autoware_sim_test/install/dummy_perception_publisher/lib/libdummy_perception_publisher__rosidl_typesupport_fastrtps_cpp.so
[0.727s] -- Up-to-date: /home/zyme/ros_ws/Autoware_sim_test/install/dummy_perception_publisher/lib/libdummy_perception_publisher__rosidl_typesupport_introspection_cpp.so
[0.727s] -- Up-to-date: /home/zyme/ros_ws/Autoware_sim_test/install/dummy_perception_publisher/lib/libdummy_perception_publisher__rosidl_typesupport_cpp.so
[0.759s] Listing '/home/zyme/ros_ws/Autoware_sim_test/install/dummy_perception_publisher/local/lib/python3.10/dist-packages/dummy_perception_publisher'...
[0.759s] Listing '/home/zyme/ros_ws/Autoware_sim_test/install/dummy_perception_publisher/local/lib/python3.10/dist-packages/dummy_perception_publisher/msg'...
[0.763s] -- Up-to-date: /home/zyme/ros_ws/Autoware_sim_test/install/dummy_perception_publisher/lib/libdummy_perception_publisher__rosidl_generator_py.so
[0.763s] -- Up-to-date: /home/zyme/ros_ws/Autoware_sim_test/install/dummy_perception_publisher/share/dummy_perception_publisher/cmake/export_dummy_perception_publisher__rosidl_generator_cExport.cmake
[0.763s] -- Up-to-date: /home/zyme/ros_ws/Autoware_sim_test/install/dummy_perception_publisher/share/dummy_perception_publisher/cmake/export_dummy_perception_publisher__rosidl_generator_cExport-release.cmake
[0.763s] -- Up-to-date: /home/zyme/ros_ws/Autoware_sim_test/install/dummy_perception_publisher/share/dummy_perception_publisher/cmake/export_dummy_perception_publisher__rosidl_typesupport_fastrtps_cExport.cmake
[0.763s] -- Up-to-date: /home/zyme/ros_ws/Autoware_sim_test/install/dummy_perception_publisher/share/dummy_perception_publisher/cmake/export_dummy_perception_publisher__rosidl_typesupport_fastrtps_cExport-release.cmake
[0.764s] -- Up-to-date: /home/zyme/ros_ws/Autoware_sim_test/install/dummy_perception_publisher/share/dummy_perception_publisher/cmake/dummy_perception_publisher__rosidl_typesupport_introspection_cExport.cmake
[0.764s] -- Up-to-date: /home/zyme/ros_ws/Autoware_sim_test/install/dummy_perception_publisher/share/dummy_perception_publisher/cmake/dummy_perception_publisher__rosidl_typesupport_introspection_cExport-release.cmake
[0.764s] -- Up-to-date: /home/zyme/ros_ws/Autoware_sim_test/install/dummy_perception_publisher/share/dummy_perception_publisher/cmake/dummy_perception_publisher__rosidl_typesupport_cExport.cmake
[0.764s] -- Up-to-date: /home/zyme/ros_ws/Autoware_sim_test/install/dummy_perception_publisher/share/dummy_perception_publisher/cmake/dummy_perception_publisher__rosidl_typesupport_cExport-release.cmake
[0.764s] -- Up-to-date: /home/zyme/ros_ws/Autoware_sim_test/install/dummy_perception_publisher/share/dummy_perception_publisher/cmake/export_dummy_perception_publisher__rosidl_generator_cppExport.cmake
[0.764s] -- Up-to-date: /home/zyme/ros_ws/Autoware_sim_test/install/dummy_perception_publisher/share/dummy_perception_publisher/cmake/export_dummy_perception_publisher__rosidl_typesupport_fastrtps_cppExport.cmake
[0.764s] -- Up-to-date: /home/zyme/ros_ws/Autoware_sim_test/install/dummy_perception_publisher/share/dummy_perception_publisher/cmake/export_dummy_perception_publisher__rosidl_typesupport_fastrtps_cppExport-release.cmake
[0.765s] -- Up-to-date: /home/zyme/ros_ws/Autoware_sim_test/install/dummy_perception_publisher/share/dummy_perception_publisher/cmake/dummy_perception_publisher__rosidl_typesupport_introspection_cppExport.cmake
[0.765s] -- Up-to-date: /home/zyme/ros_ws/Autoware_sim_test/install/dummy_perception_publisher/share/dummy_perception_publisher/cmake/dummy_perception_publisher__rosidl_typesupport_introspection_cppExport-release.cmake
[0.765s] -- Up-to-date: /home/zyme/ros_ws/Autoware_sim_test/install/dummy_perception_publisher/share/dummy_perception_publisher/cmake/dummy_perception_publisher__rosidl_typesupport_cppExport.cmake
[0.765s] -- Up-to-date: /home/zyme/ros_ws/Autoware_sim_test/install/dummy_perception_publisher/share/dummy_perception_publisher/cmake/dummy_perception_publisher__rosidl_typesupport_cppExport-release.cmake
[0.765s] -- Up-to-date: /home/zyme/ros_ws/Autoware_sim_test/install/dummy_perception_publisher/share/dummy_perception_publisher/cmake/export_dummy_perception_publisher__rosidl_generator_pyExport.cmake
[0.765s] -- Up-to-date: /home/zyme/ros_ws/Autoware_sim_test/install/dummy_perception_publisher/share/dummy_perception_publisher/cmake/export_dummy_perception_publisher__rosidl_generator_pyExport-release.cmake
[0.766s] Invoked command in '/home/zyme/ros_ws/Autoware_sim_test/build/dummy_perception_publisher' returned '0': AMENT_PREFIX_PATH=/home/zyme/ros_ws/Autoware_sim_test/install/tier4_autoware_utils:/home/zyme/ros_ws/Autoware_sim_test/install/tier4_perception_msgs:/home/zyme/ros_ws/Autoware_sim_test/install/autoware_auto_vehicle_msgs:/home/zyme/ros_ws/Autoware_sim_test/install/autoware_cmake:/home/zyme/ros_ws/Autoware_sim_test/install/autoware_auto_planning_msgs:/home/zyme/ros_ws/Autoware_sim_test/install/autoware_auto_perception_msgs:/home/zyme/ros_ws/Autoware_sim_test/install/tier4_debug_msgs:/home/zyme/ros_ws/Autoware_sim_test/install/autoware_lint_common:/home/zyme/ros_ws/Autoware_sim_test/install/autoware_auto_mapping_msgs:/home/zyme/ros_ws/Autoware_sim_test/install/autoware_auto_geometry_msgs:${AMENT_PREFIX_PATH} CMAKE_PREFIX_PATH=/home/zyme/ros_ws/Autoware_sim_test/install/tier4_autoware_utils:/home/zyme/ros_ws/Autoware_sim_test/install/tier4_perception_msgs:/home/zyme/ros_ws/Autoware_sim_test/install/autoware_auto_vehicle_msgs:/home/zyme/ros_ws/Autoware_sim_test/install/autoware_cmake:/home/zyme/ros_ws/Autoware_sim_test/install/autoware_auto_planning_msgs:/home/zyme/ros_ws/Autoware_sim_test/install/autoware_auto_perception_msgs:/home/zyme/ros_ws/Autoware_sim_test/install/tier4_debug_msgs:/home/zyme/ros_ws/Autoware_sim_test/install/autoware_lint_common:/home/zyme/ros_ws/Autoware_sim_test/install/autoware_auto_mapping_msgs:/home/zyme/ros_ws/Autoware_sim_test/install/autoware_auto_geometry_msgs:/opt/ros/humble LD_LIBRARY_PATH=/home/zyme/ros_ws/Autoware_sim_test/install/tier4_autoware_utils/lib:/home/zyme/ros_ws/Autoware_sim_test/install/tier4_perception_msgs/lib:/home/zyme/ros_ws/Autoware_sim_test/install/autoware_auto_vehicle_msgs/lib:/home/zyme/ros_ws/Autoware_sim_test/install/autoware_auto_planning_msgs/lib:/home/zyme/ros_ws/Autoware_sim_test/install/autoware_auto_perception_msgs/lib:/home/zyme/ros_ws/Autoware_sim_test/install/tier4_debug_msgs/lib:/home/zyme/ros_ws/Autoware_sim_test/install/autoware_auto_mapping_msgs/lib:/home/zyme/ros_ws/Autoware_sim_test/install/autoware_auto_geometry_msgs/lib:${LD_LIBRARY_PATH} PYTHONPATH=/home/zyme/ros_ws/Autoware_sim_test/install/tier4_perception_msgs/local/lib/python3.10/dist-packages:/home/zyme/ros_ws/Autoware_sim_test/install/autoware_auto_vehicle_msgs/local/lib/python3.10/dist-packages:/home/zyme/ros_ws/Autoware_sim_test/install/autoware_auto_planning_msgs/local/lib/python3.10/dist-packages:/home/zyme/ros_ws/Autoware_sim_test/install/autoware_auto_perception_msgs/local/lib/python3.10/dist-packages:/home/zyme/ros_ws/Autoware_sim_test/install/tier4_debug_msgs/local/lib/python3.10/dist-packages:/home/zyme/ros_ws/Autoware_sim_test/install/autoware_auto_mapping_msgs/local/lib/python3.10/dist-packages:/home/zyme/ros_ws/Autoware_sim_test/install/autoware_auto_geometry_msgs/local/lib/python3.10/dist-packages:${PYTHONPATH} /usr/bin/cmake --install /home/zyme/ros_ws/Autoware_sim_test/build/dummy_perception_publisher
