[0.063s] Invoking command in '/home/zyme/ros_ws/Autoware_sim_test/build/camera_description': CMAKE_PREFIX_PATH=/opt/ros/humble /usr/bin/cmake --build /home/zyme/ros_ws/Autoware_sim_test/build/camera_description
[0.103s] Invoked command in '/home/zyme/ros_ws/Autoware_sim_test/build/camera_description' returned '0': CMAKE_PREFIX_PATH=/opt/ros/humble /usr/bin/cmake --build /home/zyme/ros_ws/Autoware_sim_test/build/camera_description
[0.130s] Invoking command in '/home/zyme/ros_ws/Autoware_sim_test/build/camera_description': CMAKE_PREFIX_PATH=/opt/ros/humble /usr/bin/cmake --install /home/zyme/ros_ws/Autoware_sim_test/build/camera_description
[0.139s] -- Install configuration: "Release"
[0.140s] -- Execute custom install script
[0.140s] -- Up-to-date symlink: /home/zyme/ros_ws/Autoware_sim_test/install/camera_description/share/camera_description/urdf/monocular_camera.xacro
[0.141s] -- Up-to-date symlink: /home/zyme/ros_ws/Autoware_sim_test/install/camera_description/share/ament_index/resource_index/package_run_dependencies/camera_description
[0.141s] -- Up-to-date symlink: /home/zyme/ros_ws/Autoware_sim_test/install/camera_description/share/ament_index/resource_index/parent_prefix_path/camera_description
[0.141s] -- Up-to-date symlink: /home/zyme/ros_ws/Autoware_sim_test/install/camera_description/share/camera_description/environment/ament_prefix_path.sh
[0.141s] -- Up-to-date symlink: /home/zyme/ros_ws/Autoware_sim_test/install/camera_description/share/camera_description/environment/ament_prefix_path.dsv
[0.142s] -- Up-to-date symlink: /home/zyme/ros_ws/Autoware_sim_test/install/camera_description/share/camera_description/environment/path.sh
[0.142s] -- Up-to-date symlink: /home/zyme/ros_ws/Autoware_sim_test/install/camera_description/share/camera_description/environment/path.dsv
[0.142s] -- Up-to-date symlink: /home/zyme/ros_ws/Autoware_sim_test/install/camera_description/share/camera_description/local_setup.bash
[0.142s] -- Up-to-date symlink: /home/zyme/ros_ws/Autoware_sim_test/install/camera_description/share/camera_description/local_setup.sh
[0.142s] -- Up-to-date symlink: /home/zyme/ros_ws/Autoware_sim_test/install/camera_description/share/camera_description/local_setup.zsh
[0.142s] -- Up-to-date symlink: /home/zyme/ros_ws/Autoware_sim_test/install/camera_description/share/camera_description/local_setup.dsv
[0.143s] -- Symlinking: /home/zyme/ros_ws/Autoware_sim_test/install/camera_description/share/camera_description/package.dsv
[0.154s] -- Up-to-date symlink: /home/zyme/ros_ws/Autoware_sim_test/install/camera_description/share/ament_index/resource_index/packages/camera_description
[0.154s] -- Up-to-date symlink: /home/zyme/ros_ws/Autoware_sim_test/install/camera_description/share/camera_description/cmake/camera_descriptionConfig.cmake
[0.154s] -- Up-to-date symlink: /home/zyme/ros_ws/Autoware_sim_test/install/camera_description/share/camera_description/cmake/camera_descriptionConfig-version.cmake
[0.155s] -- Up-to-date symlink: /home/zyme/ros_ws/Autoware_sim_test/install/camera_description/share/camera_description/package.xml
[0.157s] Invoked command in '/home/zyme/ros_ws/Autoware_sim_test/build/camera_description' returned '0': CMAKE_PREFIX_PATH=/opt/ros/humble /usr/bin/cmake --install /home/zyme/ros_ws/Autoware_sim_test/build/camera_description
