[0.072s] Invoking command in '/home/zyme/ros_ws/Autoware_sim_test/build/sample_sensor_kit_description': AMENT_PREFIX_PATH=/home/zyme/ros_ws/Autoware_sim_test/install/velodyne_description:${AMENT_PREFIX_PATH} CMAKE_PREFIX_PATH=/home/zyme/ros_ws/Autoware_sim_test/install/velodyne_description:/opt/ros/humble /usr/bin/cmake --build /home/zyme/ros_ws/Autoware_sim_test/build/sample_sensor_kit_description -- -j12 -l12
[0.111s] Invoked command in '/home/zyme/ros_ws/Autoware_sim_test/build/sample_sensor_kit_description' returned '0': AMENT_PREFIX_PATH=/home/zyme/ros_ws/Autoware_sim_test/install/velodyne_description:${AMENT_PREFIX_PATH} CMAKE_PREFIX_PATH=/home/zyme/ros_ws/Autoware_sim_test/install/velodyne_description:/opt/ros/humble /usr/bin/cmake --build /home/zyme/ros_ws/Autoware_sim_test/build/sample_sensor_kit_description -- -j12 -l12
[0.136s] Invoking command in '/home/zyme/ros_ws/Autoware_sim_test/build/sample_sensor_kit_description': AMENT_PREFIX_PATH=/home/zyme/ros_ws/Autoware_sim_test/install/velodyne_description:${AMENT_PREFIX_PATH} CMAKE_PREFIX_PATH=/home/zyme/ros_ws/Autoware_sim_test/install/velodyne_description:/opt/ros/humble /usr/bin/cmake --install /home/zyme/ros_ws/Autoware_sim_test/build/sample_sensor_kit_description
[0.143s] -- Install configuration: "Release"
[0.143s] -- Execute custom install script
[0.144s] -- Up-to-date symlink: /home/zyme/ros_ws/Autoware_sim_test/install/sample_sensor_kit_description/share/sample_sensor_kit_description/urdf/sensor_kit.xacro
[0.144s] -- Up-to-date symlink: /home/zyme/ros_ws/Autoware_sim_test/install/sample_sensor_kit_description/share/sample_sensor_kit_description/urdf/sensors.xacro
[0.144s] -- Up-to-date symlink: /home/zyme/ros_ws/Autoware_sim_test/install/sample_sensor_kit_description/share/sample_sensor_kit_description/config/sensor_kit_calibration.yaml
[0.145s] -- Up-to-date symlink: /home/zyme/ros_ws/Autoware_sim_test/install/sample_sensor_kit_description/share/sample_sensor_kit_description/config/sensors_calibration.yaml
[0.145s] -- Up-to-date symlink: /home/zyme/ros_ws/Autoware_sim_test/install/sample_sensor_kit_description/share/ament_index/resource_index/package_run_dependencies/sample_sensor_kit_description
[0.145s] -- Up-to-date symlink: /home/zyme/ros_ws/Autoware_sim_test/install/sample_sensor_kit_description/share/ament_index/resource_index/parent_prefix_path/sample_sensor_kit_description
[0.145s] -- Up-to-date symlink: /home/zyme/ros_ws/Autoware_sim_test/install/sample_sensor_kit_description/share/sample_sensor_kit_description/environment/ament_prefix_path.sh
[0.145s] -- Up-to-date symlink: /home/zyme/ros_ws/Autoware_sim_test/install/sample_sensor_kit_description/share/sample_sensor_kit_description/environment/ament_prefix_path.dsv
[0.146s] -- Up-to-date symlink: /home/zyme/ros_ws/Autoware_sim_test/install/sample_sensor_kit_description/share/sample_sensor_kit_description/environment/path.sh
[0.146s] -- Up-to-date symlink: /home/zyme/ros_ws/Autoware_sim_test/install/sample_sensor_kit_description/share/sample_sensor_kit_description/environment/path.dsv
[0.146s] -- Up-to-date symlink: /home/zyme/ros_ws/Autoware_sim_test/install/sample_sensor_kit_description/share/sample_sensor_kit_description/local_setup.bash
[0.146s] -- Up-to-date symlink: /home/zyme/ros_ws/Autoware_sim_test/install/sample_sensor_kit_description/share/sample_sensor_kit_description/local_setup.sh
[0.146s] -- Up-to-date symlink: /home/zyme/ros_ws/Autoware_sim_test/install/sample_sensor_kit_description/share/sample_sensor_kit_description/local_setup.zsh
[0.146s] -- Up-to-date symlink: /home/zyme/ros_ws/Autoware_sim_test/install/sample_sensor_kit_description/share/sample_sensor_kit_description/local_setup.dsv
[0.147s] -- Symlinking: /home/zyme/ros_ws/Autoware_sim_test/install/sample_sensor_kit_description/share/sample_sensor_kit_description/package.dsv
[0.156s] -- Up-to-date symlink: /home/zyme/ros_ws/Autoware_sim_test/install/sample_sensor_kit_description/share/ament_index/resource_index/packages/sample_sensor_kit_description
[0.156s] -- Up-to-date symlink: /home/zyme/ros_ws/Autoware_sim_test/install/sample_sensor_kit_description/share/sample_sensor_kit_description/cmake/ament_cmake_export_dependencies-extras.cmake
[0.156s] -- Up-to-date symlink: /home/zyme/ros_ws/Autoware_sim_test/install/sample_sensor_kit_description/share/sample_sensor_kit_description/cmake/sample_sensor_kit_descriptionConfig.cmake
[0.156s] -- Up-to-date symlink: /home/zyme/ros_ws/Autoware_sim_test/install/sample_sensor_kit_description/share/sample_sensor_kit_description/cmake/sample_sensor_kit_descriptionConfig-version.cmake
[0.157s] -- Up-to-date symlink: /home/zyme/ros_ws/Autoware_sim_test/install/sample_sensor_kit_description/share/sample_sensor_kit_description/package.xml
[0.161s] Invoked command in '/home/zyme/ros_ws/Autoware_sim_test/build/sample_sensor_kit_description' returned '0': AMENT_PREFIX_PATH=/home/zyme/ros_ws/Autoware_sim_test/install/velodyne_description:${AMENT_PREFIX_PATH} CMAKE_PREFIX_PATH=/home/zyme/ros_ws/Autoware_sim_test/install/velodyne_description:/opt/ros/humble /usr/bin/cmake --install /home/zyme/ros_ws/Autoware_sim_test/build/sample_sensor_kit_description
