[0.056s] Invoking command in '/home/zyme/ros_ws/Autoware_sim_test/build/tvm_utility': AMENT_PREFIX_PATH=/home/zyme/ros_ws/Autoware_sim_test/install/autoware_cmake:/home/zyme/ros_ws/Autoware_sim_test/install/autoware_lint_common:${AMENT_PREFIX_PATH} CMAKE_PREFIX_PATH=/home/zyme/ros_ws/Autoware_sim_test/install/autoware_cmake:/home/zyme/ros_ws/Autoware_sim_test/install/autoware_lint_common:/opt/ros/humble /usr/bin/cmake --build /home/zyme/ros_ws/Autoware_sim_test/build/tvm_utility -- -j12 -l12
[0.104s] [  6%] Built target tvm_utility
[0.104s] [ 60%] Built target abs_model_x86_64_llvm
[0.107s] [ 73%] Built target gtest_main
[0.107s] [ 86%] Built target gtest
[0.132s] [100%] Built target abs_model
[0.143s] Invoked command in '/home/zyme/ros_ws/Autoware_sim_test/build/tvm_utility' returned '0': AMENT_PREFIX_PATH=/home/zyme/ros_ws/Autoware_sim_test/install/autoware_cmake:/home/zyme/ros_ws/Autoware_sim_test/install/autoware_lint_common:${AMENT_PREFIX_PATH} CMAKE_PREFIX_PATH=/home/zyme/ros_ws/Autoware_sim_test/install/autoware_cmake:/home/zyme/ros_ws/Autoware_sim_test/install/autoware_lint_common:/opt/ros/humble /usr/bin/cmake --build /home/zyme/ros_ws/Autoware_sim_test/build/tvm_utility -- -j12 -l12
[0.170s] Invoking command in '/home/zyme/ros_ws/Autoware_sim_test/build/tvm_utility': AMENT_PREFIX_PATH=/home/zyme/ros_ws/Autoware_sim_test/install/autoware_cmake:/home/zyme/ros_ws/Autoware_sim_test/install/autoware_lint_common:${AMENT_PREFIX_PATH} CMAKE_PREFIX_PATH=/home/zyme/ros_ws/Autoware_sim_test/install/autoware_cmake:/home/zyme/ros_ws/Autoware_sim_test/install/autoware_lint_common:/opt/ros/humble /usr/bin/cmake --install /home/zyme/ros_ws/Autoware_sim_test/build/tvm_utility
[0.178s] -- Install configuration: "Release"
[0.178s] -- Execute custom install script
[0.179s] -- Up-to-date symlink: /home/zyme/ros_ws/Autoware_sim_test/install/tvm_utility/include/tvm_utility/pipeline.hpp
[0.180s] -- Up-to-date symlink: /home/zyme/ros_ws/Autoware_sim_test/install/tvm_utility/share/tvm_utility/environment/library_path.sh
[0.180s] -- Up-to-date symlink: /home/zyme/ros_ws/Autoware_sim_test/install/tvm_utility/share/tvm_utility/environment/library_path.dsv
[0.181s] -- Up-to-date symlink: /home/zyme/ros_ws/Autoware_sim_test/install/tvm_utility/lib/libtvm_utility.so
[0.182s] -- Up-to-date symlink: /home/zyme/ros_ws/Autoware_sim_test/install/tvm_utility/share/tvm_utility/launch/yolo_v2_tiny_example.launch.xml
[0.182s] -- Up-to-date symlink: /home/zyme/ros_ws/Autoware_sim_test/install/tvm_utility/share/tvm_utility/config/yolo_v2_tiny_example.param.yaml
[0.183s] -- Up-to-date symlink: /home/zyme/ros_ws/Autoware_sim_test/install/tvm_utility/share/tvm_utility/artifacts/README.md
[0.184s] -- Up-to-date symlink: /home/zyme/ros_ws/Autoware_sim_test/install/tvm_utility/share/tvm_utility/artifacts/yolo_v2_tiny/anchors.csv
[0.184s] -- Up-to-date symlink: /home/zyme/ros_ws/Autoware_sim_test/install/tvm_utility/share/tvm_utility/artifacts/yolo_v2_tiny/labels.txt
[0.184s] -- Up-to-date symlink: /home/zyme/ros_ws/Autoware_sim_test/install/tvm_utility/share/ament_index/resource_index/package_run_dependencies/tvm_utility
[0.185s] -- Up-to-date symlink: /home/zyme/ros_ws/Autoware_sim_test/install/tvm_utility/share/ament_index/resource_index/parent_prefix_path/tvm_utility
[0.185s] -- Up-to-date symlink: /home/zyme/ros_ws/Autoware_sim_test/install/tvm_utility/share/tvm_utility/environment/ament_prefix_path.sh
[0.185s] -- Up-to-date symlink: /home/zyme/ros_ws/Autoware_sim_test/install/tvm_utility/share/tvm_utility/environment/ament_prefix_path.dsv
[0.186s] -- Up-to-date symlink: /home/zyme/ros_ws/Autoware_sim_test/install/tvm_utility/share/tvm_utility/environment/path.sh
[0.186s] -- Up-to-date symlink: /home/zyme/ros_ws/Autoware_sim_test/install/tvm_utility/share/tvm_utility/environment/path.dsv
[0.186s] -- Up-to-date symlink: /home/zyme/ros_ws/Autoware_sim_test/install/tvm_utility/share/tvm_utility/local_setup.bash
[0.186s] -- Up-to-date symlink: /home/zyme/ros_ws/Autoware_sim_test/install/tvm_utility/share/tvm_utility/local_setup.sh
[0.187s] -- Up-to-date symlink: /home/zyme/ros_ws/Autoware_sim_test/install/tvm_utility/share/tvm_utility/local_setup.zsh
[0.187s] -- Up-to-date symlink: /home/zyme/ros_ws/Autoware_sim_test/install/tvm_utility/share/tvm_utility/local_setup.dsv
[0.188s] -- Symlinking: /home/zyme/ros_ws/Autoware_sim_test/install/tvm_utility/share/tvm_utility/package.dsv
[0.196s] -- Up-to-date symlink: /home/zyme/ros_ws/Autoware_sim_test/install/tvm_utility/share/ament_index/resource_index/packages/tvm_utility
[0.196s] -- Up-to-date symlink: /home/zyme/ros_ws/Autoware_sim_test/install/tvm_utility/share/tvm_utility/cmake/tvm_utility-extras.cmake
[0.196s] -- Up-to-date symlink: /home/zyme/ros_ws/Autoware_sim_test/install/tvm_utility/share/tvm_utility/cmake/ament_cmake_export_dependencies-extras.cmake
[0.196s] -- Up-to-date symlink: /home/zyme/ros_ws/Autoware_sim_test/install/tvm_utility/share/tvm_utility/cmake/ament_cmake_export_include_directories-extras.cmake
[0.197s] -- Up-to-date symlink: /home/zyme/ros_ws/Autoware_sim_test/install/tvm_utility/share/tvm_utility/cmake/ament_cmake_export_libraries-extras.cmake
[0.197s] -- Up-to-date symlink: /home/zyme/ros_ws/Autoware_sim_test/install/tvm_utility/share/tvm_utility/cmake/tvm_utilityConfig.cmake
[0.197s] -- Up-to-date symlink: /home/zyme/ros_ws/Autoware_sim_test/install/tvm_utility/share/tvm_utility/cmake/tvm_utilityConfig-version.cmake
[0.197s] -- Up-to-date symlink: /home/zyme/ros_ws/Autoware_sim_test/install/tvm_utility/share/tvm_utility/package.xml
[0.197s] -- Up-to-date: /home/zyme/ros_ws/Autoware_sim_test/install/tvm_utility/share/tvm_utility/models//abs_model_x86_64
[0.197s] -- Up-to-date: /home/zyme/ros_ws/Autoware_sim_test/install/tvm_utility/share/tvm_utility/models//abs_model_x86_64/deploy_param.params
[0.197s] -- Up-to-date: /home/zyme/ros_ws/Autoware_sim_test/install/tvm_utility/share/tvm_utility/models//abs_model_x86_64/deploy_graph.json
[0.197s] -- Up-to-date: /home/zyme/ros_ws/Autoware_sim_test/install/tvm_utility/share/tvm_utility/models//abs_model_x86_64/inference_engine_tvm_config.hpp
[0.197s] -- Up-to-date: /home/zyme/ros_ws/Autoware_sim_test/install/tvm_utility/share/tvm_utility/models//abs_model_x86_64/deploy_lib.so
[0.199s] Invoked command in '/home/zyme/ros_ws/Autoware_sim_test/build/tvm_utility' returned '0': AMENT_PREFIX_PATH=/home/zyme/ros_ws/Autoware_sim_test/install/autoware_cmake:/home/zyme/ros_ws/Autoware_sim_test/install/autoware_lint_common:${AMENT_PREFIX_PATH} CMAKE_PREFIX_PATH=/home/zyme/ros_ws/Autoware_sim_test/install/autoware_cmake:/home/zyme/ros_ws/Autoware_sim_test/install/autoware_lint_common:/opt/ros/humble /usr/bin/cmake --install /home/zyme/ros_ws/Autoware_sim_test/build/tvm_utility
