[0.066s] Invoking command in '/home/zyme/ros_ws/Autoware_sim_test/build/component_interface_utils': AMENT_PREFIX_PATH=/home/zyme/ros_ws/Autoware_sim_test/install/tier4_system_msgs:/home/zyme/ros_ws/Autoware_sim_test/install/autoware_cmake:/home/zyme/ros_ws/Autoware_sim_test/install/autoware_lint_common:/home/zyme/ros_ws/Autoware_sim_test/install/autoware_common_msgs:/home/zyme/ros_ws/Autoware_sim_test/install/autoware_adapi_v1_msgs:${AMENT_PREFIX_PATH} CMAKE_PREFIX_PATH=/home/zyme/ros_ws/Autoware_sim_test/install/tier4_system_msgs:/home/zyme/ros_ws/Autoware_sim_test/install/autoware_cmake:/home/zyme/ros_ws/Autoware_sim_test/install/autoware_lint_common:/home/zyme/ros_ws/Autoware_sim_test/install/autoware_common_msgs:/home/zyme/ros_ws/Autoware_sim_test/install/autoware_adapi_v1_msgs:/opt/ros/humble LD_LIBRARY_PATH=/home/zyme/ros_ws/Autoware_sim_test/install/tier4_system_msgs/lib:/home/zyme/ros_ws/Autoware_sim_test/install/autoware_common_msgs/lib:/home/zyme/ros_ws/Autoware_sim_test/install/autoware_adapi_v1_msgs/lib:${LD_LIBRARY_PATH} PYTHONPATH=/home/zyme/ros_ws/Autoware_sim_test/install/tier4_system_msgs/local/lib/python3.10/dist-packages:/home/zyme/ros_ws/Autoware_sim_test/install/autoware_common_msgs/local/lib/python3.10/dist-packages:/home/zyme/ros_ws/Autoware_sim_test/install/autoware_adapi_v1_msgs/local/lib/python3.10/dist-packages:${PYTHONPATH} /usr/bin/cmake --build /home/zyme/ros_ws/Autoware_sim_test/build/component_interface_utils -- -j12 -l12
[0.117s] [ 66%] Built target gtest_main
[0.117s] [ 66%] Built target gtest
[0.140s] [100%] Built target test_component_interface_utils
[0.152s] Invoked command in '/home/zyme/ros_ws/Autoware_sim_test/build/component_interface_utils' returned '0': AMENT_PREFIX_PATH=/home/zyme/ros_ws/Autoware_sim_test/install/tier4_system_msgs:/home/zyme/ros_ws/Autoware_sim_test/install/autoware_cmake:/home/zyme/ros_ws/Autoware_sim_test/install/autoware_lint_common:/home/zyme/ros_ws/Autoware_sim_test/install/autoware_common_msgs:/home/zyme/ros_ws/Autoware_sim_test/install/autoware_adapi_v1_msgs:${AMENT_PREFIX_PATH} CMAKE_PREFIX_PATH=/home/zyme/ros_ws/Autoware_sim_test/install/tier4_system_msgs:/home/zyme/ros_ws/Autoware_sim_test/install/autoware_cmake:/home/zyme/ros_ws/Autoware_sim_test/install/autoware_lint_common:/home/zyme/ros_ws/Autoware_sim_test/install/autoware_common_msgs:/home/zyme/ros_ws/Autoware_sim_test/install/autoware_adapi_v1_msgs:/opt/ros/humble LD_LIBRARY_PATH=/home/zyme/ros_ws/Autoware_sim_test/install/tier4_system_msgs/lib:/home/zyme/ros_ws/Autoware_sim_test/install/autoware_common_msgs/lib:/home/zyme/ros_ws/Autoware_sim_test/install/autoware_adapi_v1_msgs/lib:${LD_LIBRARY_PATH} PYTHONPATH=/home/zyme/ros_ws/Autoware_sim_test/install/tier4_system_msgs/local/lib/python3.10/dist-packages:/home/zyme/ros_ws/Autoware_sim_test/install/autoware_common_msgs/local/lib/python3.10/dist-packages:/home/zyme/ros_ws/Autoware_sim_test/install/autoware_adapi_v1_msgs/local/lib/python3.10/dist-packages:${PYTHONPATH} /usr/bin/cmake --build /home/zyme/ros_ws/Autoware_sim_test/build/component_interface_utils -- -j12 -l12
[0.181s] Invoking command in '/home/zyme/ros_ws/Autoware_sim_test/build/component_interface_utils': AMENT_PREFIX_PATH=/home/zyme/ros_ws/Autoware_sim_test/install/tier4_system_msgs:/home/zyme/ros_ws/Autoware_sim_test/install/autoware_cmake:/home/zyme/ros_ws/Autoware_sim_test/install/autoware_lint_common:/home/zyme/ros_ws/Autoware_sim_test/install/autoware_common_msgs:/home/zyme/ros_ws/Autoware_sim_test/install/autoware_adapi_v1_msgs:${AMENT_PREFIX_PATH} CMAKE_PREFIX_PATH=/home/zyme/ros_ws/Autoware_sim_test/install/tier4_system_msgs:/home/zyme/ros_ws/Autoware_sim_test/install/autoware_cmake:/home/zyme/ros_ws/Autoware_sim_test/install/autoware_lint_common:/home/zyme/ros_ws/Autoware_sim_test/install/autoware_common_msgs:/home/zyme/ros_ws/Autoware_sim_test/install/autoware_adapi_v1_msgs:/opt/ros/humble LD_LIBRARY_PATH=/home/zyme/ros_ws/Autoware_sim_test/install/tier4_system_msgs/lib:/home/zyme/ros_ws/Autoware_sim_test/install/autoware_common_msgs/lib:/home/zyme/ros_ws/Autoware_sim_test/install/autoware_adapi_v1_msgs/lib:${LD_LIBRARY_PATH} PYTHONPATH=/home/zyme/ros_ws/Autoware_sim_test/install/tier4_system_msgs/local/lib/python3.10/dist-packages:/home/zyme/ros_ws/Autoware_sim_test/install/autoware_common_msgs/local/lib/python3.10/dist-packages:/home/zyme/ros_ws/Autoware_sim_test/install/autoware_adapi_v1_msgs/local/lib/python3.10/dist-packages:${PYTHONPATH} /usr/bin/cmake --install /home/zyme/ros_ws/Autoware_sim_test/build/component_interface_utils
[0.188s] -- Install configuration: "Release"
[0.189s] -- Execute custom install script
[0.189s] -- Up-to-date symlink: /home/zyme/ros_ws/Autoware_sim_test/install/component_interface_utils/include/component_interface_utils/rclcpp.hpp
[0.190s] -- Up-to-date symlink: /home/zyme/ros_ws/Autoware_sim_test/install/component_interface_utils/include/component_interface_utils/rclcpp/create_interface.hpp
[0.190s] -- Up-to-date symlink: /home/zyme/ros_ws/Autoware_sim_test/install/component_interface_utils/include/component_interface_utils/rclcpp/exceptions.hpp
[0.190s] -- Up-to-date symlink: /home/zyme/ros_ws/Autoware_sim_test/install/component_interface_utils/include/component_interface_utils/rclcpp/interface.hpp
[0.190s] -- Up-to-date symlink: /home/zyme/ros_ws/Autoware_sim_test/install/component_interface_utils/include/component_interface_utils/rclcpp/service_client.hpp
[0.190s] -- Up-to-date symlink: /home/zyme/ros_ws/Autoware_sim_test/install/component_interface_utils/include/component_interface_utils/rclcpp/service_server.hpp
[0.190s] -- Up-to-date symlink: /home/zyme/ros_ws/Autoware_sim_test/install/component_interface_utils/include/component_interface_utils/rclcpp/topic_publisher.hpp
[0.191s] -- Up-to-date symlink: /home/zyme/ros_ws/Autoware_sim_test/install/component_interface_utils/include/component_interface_utils/rclcpp/topic_subscription.hpp
[0.191s] -- Up-to-date symlink: /home/zyme/ros_ws/Autoware_sim_test/install/component_interface_utils/include/component_interface_utils/specs.hpp
[0.191s] -- Up-to-date symlink: /home/zyme/ros_ws/Autoware_sim_test/install/component_interface_utils/include/component_interface_utils/status.hpp
[0.192s] -- Up-to-date symlink: /home/zyme/ros_ws/Autoware_sim_test/install/component_interface_utils/share/ament_index/resource_index/package_run_dependencies/component_interface_utils
[0.192s] -- Up-to-date symlink: /home/zyme/ros_ws/Autoware_sim_test/install/component_interface_utils/share/ament_index/resource_index/parent_prefix_path/component_interface_utils
[0.192s] -- Up-to-date symlink: /home/zyme/ros_ws/Autoware_sim_test/install/component_interface_utils/share/component_interface_utils/environment/ament_prefix_path.sh
[0.192s] -- Up-to-date symlink: /home/zyme/ros_ws/Autoware_sim_test/install/component_interface_utils/share/component_interface_utils/environment/ament_prefix_path.dsv
[0.192s] -- Up-to-date symlink: /home/zyme/ros_ws/Autoware_sim_test/install/component_interface_utils/share/component_interface_utils/environment/path.sh
[0.193s] -- Up-to-date symlink: /home/zyme/ros_ws/Autoware_sim_test/install/component_interface_utils/share/component_interface_utils/environment/path.dsv
[0.193s] -- Up-to-date symlink: /home/zyme/ros_ws/Autoware_sim_test/install/component_interface_utils/share/component_interface_utils/local_setup.bash
[0.193s] -- Up-to-date symlink: /home/zyme/ros_ws/Autoware_sim_test/install/component_interface_utils/share/component_interface_utils/local_setup.sh
[0.193s] -- Up-to-date symlink: /home/zyme/ros_ws/Autoware_sim_test/install/component_interface_utils/share/component_interface_utils/local_setup.zsh
[0.193s] -- Up-to-date symlink: /home/zyme/ros_ws/Autoware_sim_test/install/component_interface_utils/share/component_interface_utils/local_setup.dsv
[0.193s] -- Symlinking: /home/zyme/ros_ws/Autoware_sim_test/install/component_interface_utils/share/component_interface_utils/package.dsv
[0.202s] -- Up-to-date symlink: /home/zyme/ros_ws/Autoware_sim_test/install/component_interface_utils/share/ament_index/resource_index/packages/component_interface_utils
[0.202s] -- Up-to-date symlink: /home/zyme/ros_ws/Autoware_sim_test/install/component_interface_utils/share/component_interface_utils/cmake/ament_cmake_export_dependencies-extras.cmake
[0.202s] -- Up-to-date symlink: /home/zyme/ros_ws/Autoware_sim_test/install/component_interface_utils/share/component_interface_utils/cmake/ament_cmake_export_include_directories-extras.cmake
[0.203s] -- Up-to-date symlink: /home/zyme/ros_ws/Autoware_sim_test/install/component_interface_utils/share/component_interface_utils/cmake/component_interface_utilsConfig.cmake
[0.203s] -- Up-to-date symlink: /home/zyme/ros_ws/Autoware_sim_test/install/component_interface_utils/share/component_interface_utils/cmake/component_interface_utilsConfig-version.cmake
[0.203s] -- Up-to-date symlink: /home/zyme/ros_ws/Autoware_sim_test/install/component_interface_utils/share/component_interface_utils/package.xml
[0.205s] Invoked command in '/home/zyme/ros_ws/Autoware_sim_test/build/component_interface_utils' returned '0': AMENT_PREFIX_PATH=/home/zyme/ros_ws/Autoware_sim_test/install/tier4_system_msgs:/home/zyme/ros_ws/Autoware_sim_test/install/autoware_cmake:/home/zyme/ros_ws/Autoware_sim_test/install/autoware_lint_common:/home/zyme/ros_ws/Autoware_sim_test/install/autoware_common_msgs:/home/zyme/ros_ws/Autoware_sim_test/install/autoware_adapi_v1_msgs:${AMENT_PREFIX_PATH} CMAKE_PREFIX_PATH=/home/zyme/ros_ws/Autoware_sim_test/install/tier4_system_msgs:/home/zyme/ros_ws/Autoware_sim_test/install/autoware_cmake:/home/zyme/ros_ws/Autoware_sim_test/install/autoware_lint_common:/home/zyme/ros_ws/Autoware_sim_test/install/autoware_common_msgs:/home/zyme/ros_ws/Autoware_sim_test/install/autoware_adapi_v1_msgs:/opt/ros/humble LD_LIBRARY_PATH=/home/zyme/ros_ws/Autoware_sim_test/install/tier4_system_msgs/lib:/home/zyme/ros_ws/Autoware_sim_test/install/autoware_common_msgs/lib:/home/zyme/ros_ws/Autoware_sim_test/install/autoware_adapi_v1_msgs/lib:${LD_LIBRARY_PATH} PYTHONPATH=/home/zyme/ros_ws/Autoware_sim_test/install/tier4_system_msgs/local/lib/python3.10/dist-packages:/home/zyme/ros_ws/Autoware_sim_test/install/autoware_common_msgs/local/lib/python3.10/dist-packages:/home/zyme/ros_ws/Autoware_sim_test/install/autoware_adapi_v1_msgs/local/lib/python3.10/dist-packages:${PYTHONPATH} /usr/bin/cmake --install /home/zyme/ros_ws/Autoware_sim_test/build/component_interface_utils
