[ 50%] Built target lidar_apollo_segmentation_tvm_nodes_exe
[100%] Built target lidar_apollo_segmentation_tvm_nodes
-- Install configuration: "Release"
-- Execute custom install script
-- Up-to-date symlink: /home/zyme/ros_ws/Autoware_sim_test/install/lidar_apollo_segmentation_tvm_nodes/lib/lidar_apollo_segmentation_tvm_nodes/lidar_apollo_segmentation_tvm_nodes_exe
-- Up-to-date symlink: /home/zyme/ros_ws/Autoware_sim_test/install/lidar_apollo_segmentation_tvm_nodes/include/lidar_apollo_segmentation_tvm_nodes/lidar_apollo_segmentation_tvm_node.hpp
-- Up-to-date symlink: /home/zyme/ros_ws/Autoware_sim_test/install/lidar_apollo_segmentation_tvm_nodes/include/lidar_apollo_segmentation_tvm_nodes/visibility_control.hpp
-- Up-to-date symlink: /home/zyme/ros_ws/Autoware_sim_test/install/lidar_apollo_segmentation_tvm_nodes/share/lidar_apollo_segmentation_tvm_nodes/environment/library_path.sh
-- Up-to-date symlink: /home/zyme/ros_ws/Autoware_sim_test/install/lidar_apollo_segmentation_tvm_nodes/share/lidar_apollo_segmentation_tvm_nodes/environment/library_path.dsv
-- Up-to-date symlink: /home/zyme/ros_ws/Autoware_sim_test/install/lidar_apollo_segmentation_tvm_nodes/lib/liblidar_apollo_segmentation_tvm_nodes.so
-- Up-to-date symlink: /home/zyme/ros_ws/Autoware_sim_test/install/lidar_apollo_segmentation_tvm_nodes/share/lidar_apollo_segmentation_tvm_nodes/launch/lidar_apollo_segmentation_tvm_nodes.launch.py
-- Up-to-date symlink: /home/zyme/ros_ws/Autoware_sim_test/install/lidar_apollo_segmentation_tvm_nodes/share/lidar_apollo_segmentation_tvm_nodes/launch/lidar_apollo_segmentation_tvm_nodes.launch.xml
-- Up-to-date symlink: /home/zyme/ros_ws/Autoware_sim_test/install/lidar_apollo_segmentation_tvm_nodes/share/lidar_apollo_segmentation_tvm_nodes/config/lidar_apollo_segmentation_tvm_nodes.param.yaml
-- Up-to-date symlink: /home/zyme/ros_ws/Autoware_sim_test/install/lidar_apollo_segmentation_tvm_nodes/share/ament_index/resource_index/package_run_dependencies/lidar_apollo_segmentation_tvm_nodes
-- Up-to-date symlink: /home/zyme/ros_ws/Autoware_sim_test/install/lidar_apollo_segmentation_tvm_nodes/share/ament_index/resource_index/parent_prefix_path/lidar_apollo_segmentation_tvm_nodes
-- Up-to-date symlink: /home/zyme/ros_ws/Autoware_sim_test/install/lidar_apollo_segmentation_tvm_nodes/share/lidar_apollo_segmentation_tvm_nodes/environment/ament_prefix_path.sh
-- Up-to-date symlink: /home/zyme/ros_ws/Autoware_sim_test/install/lidar_apollo_segmentation_tvm_nodes/share/lidar_apollo_segmentation_tvm_nodes/environment/ament_prefix_path.dsv
-- Up-to-date symlink: /home/zyme/ros_ws/Autoware_sim_test/install/lidar_apollo_segmentation_tvm_nodes/share/lidar_apollo_segmentation_tvm_nodes/environment/path.sh
-- Up-to-date symlink: /home/zyme/ros_ws/Autoware_sim_test/install/lidar_apollo_segmentation_tvm_nodes/share/lidar_apollo_segmentation_tvm_nodes/environment/path.dsv
-- Up-to-date symlink: /home/zyme/ros_ws/Autoware_sim_test/install/lidar_apollo_segmentation_tvm_nodes/share/lidar_apollo_segmentation_tvm_nodes/local_setup.bash
-- Up-to-date symlink: /home/zyme/ros_ws/Autoware_sim_test/install/lidar_apollo_segmentation_tvm_nodes/share/lidar_apollo_segmentation_tvm_nodes/local_setup.sh
-- Up-to-date symlink: /home/zyme/ros_ws/Autoware_sim_test/install/lidar_apollo_segmentation_tvm_nodes/share/lidar_apollo_segmentation_tvm_nodes/local_setup.zsh
-- Up-to-date symlink: /home/zyme/ros_ws/Autoware_sim_test/install/lidar_apollo_segmentation_tvm_nodes/share/lidar_apollo_segmentation_tvm_nodes/local_setup.dsv
-- Symlinking: /home/zyme/ros_ws/Autoware_sim_test/install/lidar_apollo_segmentation_tvm_nodes/share/lidar_apollo_segmentation_tvm_nodes/package.dsv
-- Up-to-date symlink: /home/zyme/ros_ws/Autoware_sim_test/install/lidar_apollo_segmentation_tvm_nodes/share/ament_index/resource_index/packages/lidar_apollo_segmentation_tvm_nodes
-- Up-to-date symlink: /home/zyme/ros_ws/Autoware_sim_test/install/lidar_apollo_segmentation_tvm_nodes/share/ament_index/resource_index/rclcpp_components/lidar_apollo_segmentation_tvm_nodes
-- Up-to-date symlink: /home/zyme/ros_ws/Autoware_sim_test/install/lidar_apollo_segmentation_tvm_nodes/share/lidar_apollo_segmentation_tvm_nodes/cmake/ament_cmake_export_dependencies-extras.cmake
-- Up-to-date symlink: /home/zyme/ros_ws/Autoware_sim_test/install/lidar_apollo_segmentation_tvm_nodes/share/lidar_apollo_segmentation_tvm_nodes/cmake/ament_cmake_export_include_directories-extras.cmake
-- Up-to-date symlink: /home/zyme/ros_ws/Autoware_sim_test/install/lidar_apollo_segmentation_tvm_nodes/share/lidar_apollo_segmentation_tvm_nodes/cmake/ament_cmake_export_libraries-extras.cmake
-- Up-to-date symlink: /home/zyme/ros_ws/Autoware_sim_test/install/lidar_apollo_segmentation_tvm_nodes/share/lidar_apollo_segmentation_tvm_nodes/cmake/lidar_apollo_segmentation_tvm_nodesConfig.cmake
-- Up-to-date symlink: /home/zyme/ros_ws/Autoware_sim_test/install/lidar_apollo_segmentation_tvm_nodes/share/lidar_apollo_segmentation_tvm_nodes/cmake/lidar_apollo_segmentation_tvm_nodesConfig-version.cmake
-- Up-to-date symlink: /home/zyme/ros_ws/Autoware_sim_test/install/lidar_apollo_segmentation_tvm_nodes/share/lidar_apollo_segmentation_tvm_nodes/package.xml
