[0.058s] Invoking command in '/home/zyme/ros_ws/Autoware_sim_test/build/rtklib_msgs': CMAKE_PREFIX_PATH=/opt/ros/humble /usr/bin/cmake --build /home/zyme/ros_ws/Autoware_sim_test/build/rtklib_msgs -- -j12 -l12
[0.109s] [  3%] Built target rtklib_msgs__cpp
[0.110s] [ 12%] Built target rtklib_msgs__rosidl_generator_c
[0.120s] [ 12%] Built target ament_cmake_python_symlink_rtklib_msgs
[0.143s] [ 22%] Built target rtklib_msgs__rosidl_typesupport_introspection_c
[0.144s] [ 32%] Built target rtklib_msgs__rosidl_typesupport_c
[0.145s] [ 41%] Built target rtklib_msgs__rosidl_typesupport_cpp
[0.146s] [ 51%] Built target rtklib_msgs__rosidl_typesupport_fastrtps_cpp
[0.148s] [ 61%] Built target rtklib_msgs__rosidl_typesupport_fastrtps_c
[0.150s] [ 70%] Built target rtklib_msgs__rosidl_typesupport_introspection_cpp
[0.172s] [ 70%] Built target rtklib_msgs
[0.193s] [ 74%] Built target rtklib_msgs__py
[0.215s] [ 80%] Built target rtklib_msgs__rosidl_generator_py
[0.242s] [ 93%] Built target rtklib_msgs__rosidl_typesupport_introspection_c__pyext
[0.242s] [ 93%] Built target rtklib_msgs__rosidl_typesupport_fastrtps_c__pyext
[0.243s] [100%] Built target rtklib_msgs__rosidl_typesupport_c__pyext
[0.416s] running egg_info
[0.417s] writing rtklib_msgs.egg-info/PKG-INFO
[0.417s] writing dependency_links to rtklib_msgs.egg-info/dependency_links.txt
[0.417s] writing top-level names to rtklib_msgs.egg-info/top_level.txt
[0.419s] reading manifest file 'rtklib_msgs.egg-info/SOURCES.txt'
[0.420s] writing manifest file 'rtklib_msgs.egg-info/SOURCES.txt'
[0.443s] [100%] Built target ament_cmake_python_build_rtklib_msgs_egg
[0.456s] Invoked command in '/home/zyme/ros_ws/Autoware_sim_test/build/rtklib_msgs' returned '0': CMAKE_PREFIX_PATH=/opt/ros/humble /usr/bin/cmake --build /home/zyme/ros_ws/Autoware_sim_test/build/rtklib_msgs -- -j12 -l12
[0.516s] Invoking command in '/home/zyme/ros_ws/Autoware_sim_test/build/rtklib_msgs': CMAKE_PREFIX_PATH=/opt/ros/humble /usr/bin/cmake --install /home/zyme/ros_ws/Autoware_sim_test/build/rtklib_msgs
[0.524s] -- Install configuration: "Release"
[0.525s] -- Execute custom install script
[0.525s] -- Up-to-date symlink: /home/zyme/ros_ws/Autoware_sim_test/install/rtklib_msgs/share/ament_index/resource_index/rosidl_interfaces/rtklib_msgs
[0.525s] -- Up-to-date symlink: /home/zyme/ros_ws/Autoware_sim_test/install/rtklib_msgs/include/rtklib_msgs/rtklib_msgs/msg/detail/rtklib_nav__functions.h
[0.526s] -- Up-to-date symlink: /home/zyme/ros_ws/Autoware_sim_test/install/rtklib_msgs/include/rtklib_msgs/rtklib_msgs/msg/detail/rtklib_nav__struct.h
[0.526s] -- Up-to-date symlink: /home/zyme/ros_ws/Autoware_sim_test/install/rtklib_msgs/include/rtklib_msgs/rtklib_msgs/msg/detail/rtklib_nav__type_support.h
[0.526s] -- Up-to-date symlink: /home/zyme/ros_ws/Autoware_sim_test/install/rtklib_msgs/include/rtklib_msgs/rtklib_msgs/msg/rosidl_generator_c__visibility_control.h
[0.526s] -- Up-to-date symlink: /home/zyme/ros_ws/Autoware_sim_test/install/rtklib_msgs/include/rtklib_msgs/rtklib_msgs/msg/rtklib_nav.h
[0.526s] -- Up-to-date symlink: /home/zyme/ros_ws/Autoware_sim_test/install/rtklib_msgs/share/rtklib_msgs/environment/library_path.sh
[0.527s] -- Up-to-date symlink: /home/zyme/ros_ws/Autoware_sim_test/install/rtklib_msgs/share/rtklib_msgs/environment/library_path.dsv
[0.527s] -- Up-to-date symlink: /home/zyme/ros_ws/Autoware_sim_test/install/rtklib_msgs/include/rtklib_msgs/rtklib_msgs/msg/detail/rtklib_nav__rosidl_typesupport_fastrtps_c.h
[0.528s] -- Up-to-date symlink: /home/zyme/ros_ws/Autoware_sim_test/install/rtklib_msgs/include/rtklib_msgs/rtklib_msgs/msg/rosidl_typesupport_fastrtps_c__visibility_control.h
[0.528s] -- Up-to-date symlink: /home/zyme/ros_ws/Autoware_sim_test/install/rtklib_msgs/include/rtklib_msgs/rtklib_msgs/msg/detail/rtklib_nav__rosidl_typesupport_introspection_c.h
[0.528s] -- Up-to-date symlink: /home/zyme/ros_ws/Autoware_sim_test/install/rtklib_msgs/include/rtklib_msgs/rtklib_msgs/msg/rosidl_typesupport_introspection_c__visibility_control.h
[0.529s] -- Up-to-date symlink: /home/zyme/ros_ws/Autoware_sim_test/install/rtklib_msgs/include/rtklib_msgs/rtklib_msgs/msg/detail/rtklib_nav__builder.hpp
[0.529s] -- Up-to-date symlink: /home/zyme/ros_ws/Autoware_sim_test/install/rtklib_msgs/include/rtklib_msgs/rtklib_msgs/msg/detail/rtklib_nav__struct.hpp
[0.529s] -- Up-to-date symlink: /home/zyme/ros_ws/Autoware_sim_test/install/rtklib_msgs/include/rtklib_msgs/rtklib_msgs/msg/detail/rtklib_nav__traits.hpp
[0.529s] -- Up-to-date symlink: /home/zyme/ros_ws/Autoware_sim_test/install/rtklib_msgs/include/rtklib_msgs/rtklib_msgs/msg/rtklib_nav.hpp
[0.530s] -- Up-to-date symlink: /home/zyme/ros_ws/Autoware_sim_test/install/rtklib_msgs/include/rtklib_msgs/rtklib_msgs/msg/detail/rtklib_nav__rosidl_typesupport_fastrtps_cpp.hpp
[0.530s] -- Up-to-date symlink: /home/zyme/ros_ws/Autoware_sim_test/install/rtklib_msgs/include/rtklib_msgs/rtklib_msgs/msg/rosidl_typesupport_fastrtps_cpp__visibility_control.h
[0.531s] -- Up-to-date symlink: /home/zyme/ros_ws/Autoware_sim_test/install/rtklib_msgs/include/rtklib_msgs/rtklib_msgs/msg/detail/rtklib_nav__rosidl_typesupport_introspection_cpp.hpp
[0.531s] -- Up-to-date symlink: /home/zyme/ros_ws/Autoware_sim_test/install/rtklib_msgs/share/rtklib_msgs/environment/pythonpath.sh
[0.531s] -- Up-to-date symlink: /home/zyme/ros_ws/Autoware_sim_test/install/rtklib_msgs/share/rtklib_msgs/environment/pythonpath.dsv
[0.532s] -- Up-to-date symlink: /home/zyme/ros_ws/Autoware_sim_test/install/rtklib_msgs/local/lib/python3.10/dist-packages/rtklib_msgs-0.0.0-py3.10.egg-info/PKG-INFO
[0.532s] -- Up-to-date symlink: /home/zyme/ros_ws/Autoware_sim_test/install/rtklib_msgs/local/lib/python3.10/dist-packages/rtklib_msgs-0.0.0-py3.10.egg-info/SOURCES.txt
[0.532s] -- Up-to-date symlink: /home/zyme/ros_ws/Autoware_sim_test/install/rtklib_msgs/local/lib/python3.10/dist-packages/rtklib_msgs-0.0.0-py3.10.egg-info/dependency_links.txt
[0.532s] -- Up-to-date symlink: /home/zyme/ros_ws/Autoware_sim_test/install/rtklib_msgs/local/lib/python3.10/dist-packages/rtklib_msgs-0.0.0-py3.10.egg-info/top_level.txt
[0.533s] -- Up-to-date symlink: /home/zyme/ros_ws/Autoware_sim_test/install/rtklib_msgs/local/lib/python3.10/dist-packages/rtklib_msgs/__init__.py
[0.533s] -- Up-to-date symlink: /home/zyme/ros_ws/Autoware_sim_test/install/rtklib_msgs/local/lib/python3.10/dist-packages/rtklib_msgs/_rtklib_msgs_s.ep.rosidl_typesupport_c.c
[0.534s] -- Up-to-date symlink: /home/zyme/ros_ws/Autoware_sim_test/install/rtklib_msgs/local/lib/python3.10/dist-packages/rtklib_msgs/_rtklib_msgs_s.ep.rosidl_typesupport_fastrtps_c.c
[0.534s] -- Up-to-date symlink: /home/zyme/ros_ws/Autoware_sim_test/install/rtklib_msgs/local/lib/python3.10/dist-packages/rtklib_msgs/_rtklib_msgs_s.ep.rosidl_typesupport_introspection_c.c
[0.534s] -- Up-to-date symlink: /home/zyme/ros_ws/Autoware_sim_test/install/rtklib_msgs/local/lib/python3.10/dist-packages/rtklib_msgs/librtklib_msgs__rosidl_generator_py.so
[0.534s] -- Up-to-date symlink: /home/zyme/ros_ws/Autoware_sim_test/install/rtklib_msgs/local/lib/python3.10/dist-packages/rtklib_msgs/msg/__init__.py
[0.534s] -- Up-to-date symlink: /home/zyme/ros_ws/Autoware_sim_test/install/rtklib_msgs/local/lib/python3.10/dist-packages/rtklib_msgs/msg/_rtklib_nav.py
[0.535s] -- Up-to-date symlink: /home/zyme/ros_ws/Autoware_sim_test/install/rtklib_msgs/local/lib/python3.10/dist-packages/rtklib_msgs/msg/_rtklib_nav_s.c
[0.535s] -- Up-to-date symlink: /home/zyme/ros_ws/Autoware_sim_test/install/rtklib_msgs/local/lib/python3.10/dist-packages/rtklib_msgs/rtklib_msgs_s__rosidl_typesupport_c.cpython-310-x86_64-linux-gnu.so
[0.535s] -- Up-to-date symlink: /home/zyme/ros_ws/Autoware_sim_test/install/rtklib_msgs/local/lib/python3.10/dist-packages/rtklib_msgs/rtklib_msgs_s__rosidl_typesupport_fastrtps_c.cpython-310-x86_64-linux-gnu.so
[0.535s] -- Up-to-date symlink: /home/zyme/ros_ws/Autoware_sim_test/install/rtklib_msgs/local/lib/python3.10/dist-packages/rtklib_msgs/rtklib_msgs_s__rosidl_typesupport_introspection_c.cpython-310-x86_64-linux-gnu.so
[0.536s] -- Up-to-date symlink: /home/zyme/ros_ws/Autoware_sim_test/install/rtklib_msgs/local/lib/python3.10/dist-packages/rtklib_msgs/rtklib_msgs_s__rosidl_typesupport_fastrtps_c.cpython-310-x86_64-linux-gnu.so
[0.536s] -- Up-to-date symlink: /home/zyme/ros_ws/Autoware_sim_test/install/rtklib_msgs/local/lib/python3.10/dist-packages/rtklib_msgs/rtklib_msgs_s__rosidl_typesupport_introspection_c.cpython-310-x86_64-linux-gnu.so
[0.537s] -- Up-to-date symlink: /home/zyme/ros_ws/Autoware_sim_test/install/rtklib_msgs/local/lib/python3.10/dist-packages/rtklib_msgs/rtklib_msgs_s__rosidl_typesupport_c.cpython-310-x86_64-linux-gnu.so
[0.537s] -- Up-to-date symlink: /home/zyme/ros_ws/Autoware_sim_test/install/rtklib_msgs/share/rtklib_msgs/msg/RtklibNav.idl
[0.537s] -- Up-to-date symlink: /home/zyme/ros_ws/Autoware_sim_test/install/rtklib_msgs/share/rtklib_msgs/msg/RtklibNav.msg
[0.538s] -- Up-to-date symlink: /home/zyme/ros_ws/Autoware_sim_test/install/rtklib_msgs/share/ament_index/resource_index/package_run_dependencies/rtklib_msgs
[0.538s] -- Up-to-date symlink: /home/zyme/ros_ws/Autoware_sim_test/install/rtklib_msgs/share/ament_index/resource_index/parent_prefix_path/rtklib_msgs
[0.538s] -- Up-to-date symlink: /home/zyme/ros_ws/Autoware_sim_test/install/rtklib_msgs/share/rtklib_msgs/environment/ament_prefix_path.sh
[0.539s] -- Up-to-date symlink: /home/zyme/ros_ws/Autoware_sim_test/install/rtklib_msgs/share/rtklib_msgs/environment/ament_prefix_path.dsv
[0.539s] -- Up-to-date symlink: /home/zyme/ros_ws/Autoware_sim_test/install/rtklib_msgs/share/rtklib_msgs/environment/path.sh
[0.539s] -- Up-to-date symlink: /home/zyme/ros_ws/Autoware_sim_test/install/rtklib_msgs/share/rtklib_msgs/environment/path.dsv
[0.539s] -- Up-to-date symlink: /home/zyme/ros_ws/Autoware_sim_test/install/rtklib_msgs/share/rtklib_msgs/local_setup.bash
[0.540s] -- Up-to-date symlink: /home/zyme/ros_ws/Autoware_sim_test/install/rtklib_msgs/share/rtklib_msgs/local_setup.sh
[0.540s] -- Up-to-date symlink: /home/zyme/ros_ws/Autoware_sim_test/install/rtklib_msgs/share/rtklib_msgs/local_setup.zsh
[0.540s] -- Up-to-date symlink: /home/zyme/ros_ws/Autoware_sim_test/install/rtklib_msgs/share/rtklib_msgs/local_setup.dsv
[0.540s] -- Symlinking: /home/zyme/ros_ws/Autoware_sim_test/install/rtklib_msgs/share/rtklib_msgs/package.dsv
[0.550s] -- Up-to-date symlink: /home/zyme/ros_ws/Autoware_sim_test/install/rtklib_msgs/share/ament_index/resource_index/packages/rtklib_msgs
[0.550s] -- Up-to-date symlink: /home/zyme/ros_ws/Autoware_sim_test/install/rtklib_msgs/share/rtklib_msgs/cmake/rosidl_cmake-extras.cmake
[0.550s] -- Up-to-date symlink: /home/zyme/ros_ws/Autoware_sim_test/install/rtklib_msgs/share/rtklib_msgs/cmake/ament_cmake_export_dependencies-extras.cmake
[0.550s] -- Up-to-date symlink: /home/zyme/ros_ws/Autoware_sim_test/install/rtklib_msgs/share/rtklib_msgs/cmake/ament_cmake_export_include_directories-extras.cmake
[0.550s] -- Up-to-date symlink: /home/zyme/ros_ws/Autoware_sim_test/install/rtklib_msgs/share/rtklib_msgs/cmake/ament_cmake_export_libraries-extras.cmake
[0.551s] -- Up-to-date symlink: /home/zyme/ros_ws/Autoware_sim_test/install/rtklib_msgs/share/rtklib_msgs/cmake/ament_cmake_export_targets-extras.cmake
[0.551s] -- Up-to-date symlink: /home/zyme/ros_ws/Autoware_sim_test/install/rtklib_msgs/share/rtklib_msgs/cmake/rosidl_cmake_export_typesupport_targets-extras.cmake
[0.551s] -- Up-to-date symlink: /home/zyme/ros_ws/Autoware_sim_test/install/rtklib_msgs/share/rtklib_msgs/cmake/rosidl_cmake_export_typesupport_libraries-extras.cmake
[0.551s] -- Up-to-date symlink: /home/zyme/ros_ws/Autoware_sim_test/install/rtklib_msgs/share/rtklib_msgs/cmake/rtklib_msgsConfig.cmake
[0.552s] -- Up-to-date symlink: /home/zyme/ros_ws/Autoware_sim_test/install/rtklib_msgs/share/rtklib_msgs/cmake/rtklib_msgsConfig-version.cmake
[0.552s] -- Up-to-date symlink: /home/zyme/ros_ws/Autoware_sim_test/install/rtklib_msgs/share/rtklib_msgs/package.xml
[0.553s] -- Up-to-date: /home/zyme/ros_ws/Autoware_sim_test/install/rtklib_msgs/lib/librtklib_msgs__rosidl_generator_c.so
[0.554s] -- Up-to-date: /home/zyme/ros_ws/Autoware_sim_test/install/rtklib_msgs/lib/librtklib_msgs__rosidl_typesupport_fastrtps_c.so
[0.555s] -- Up-to-date: /home/zyme/ros_ws/Autoware_sim_test/install/rtklib_msgs/lib/librtklib_msgs__rosidl_typesupport_introspection_c.so
[0.555s] -- Up-to-date: /home/zyme/ros_ws/Autoware_sim_test/install/rtklib_msgs/lib/librtklib_msgs__rosidl_typesupport_c.so
[0.556s] -- Up-to-date: /home/zyme/ros_ws/Autoware_sim_test/install/rtklib_msgs/lib/librtklib_msgs__rosidl_typesupport_fastrtps_cpp.so
[0.557s] -- Up-to-date: /home/zyme/ros_ws/Autoware_sim_test/install/rtklib_msgs/lib/librtklib_msgs__rosidl_typesupport_introspection_cpp.so
[0.557s] -- Up-to-date: /home/zyme/ros_ws/Autoware_sim_test/install/rtklib_msgs/lib/librtklib_msgs__rosidl_typesupport_cpp.so
[0.586s] Listing '/home/zyme/ros_ws/Autoware_sim_test/install/rtklib_msgs/local/lib/python3.10/dist-packages/rtklib_msgs'...
[0.586s] Listing '/home/zyme/ros_ws/Autoware_sim_test/install/rtklib_msgs/local/lib/python3.10/dist-packages/rtklib_msgs/msg'...
[0.590s] -- Up-to-date: /home/zyme/ros_ws/Autoware_sim_test/install/rtklib_msgs/lib/librtklib_msgs__rosidl_generator_py.so
[0.590s] -- Up-to-date: /home/zyme/ros_ws/Autoware_sim_test/install/rtklib_msgs/share/rtklib_msgs/cmake/export_rtklib_msgs__rosidl_generator_cExport.cmake
[0.590s] -- Up-to-date: /home/zyme/ros_ws/Autoware_sim_test/install/rtklib_msgs/share/rtklib_msgs/cmake/export_rtklib_msgs__rosidl_generator_cExport-release.cmake
[0.590s] -- Up-to-date: /home/zyme/ros_ws/Autoware_sim_test/install/rtklib_msgs/share/rtklib_msgs/cmake/export_rtklib_msgs__rosidl_typesupport_fastrtps_cExport.cmake
[0.590s] -- Up-to-date: /home/zyme/ros_ws/Autoware_sim_test/install/rtklib_msgs/share/rtklib_msgs/cmake/export_rtklib_msgs__rosidl_typesupport_fastrtps_cExport-release.cmake
[0.591s] -- Up-to-date: /home/zyme/ros_ws/Autoware_sim_test/install/rtklib_msgs/share/rtklib_msgs/cmake/rtklib_msgs__rosidl_typesupport_introspection_cExport.cmake
[0.591s] -- Up-to-date: /home/zyme/ros_ws/Autoware_sim_test/install/rtklib_msgs/share/rtklib_msgs/cmake/rtklib_msgs__rosidl_typesupport_introspection_cExport-release.cmake
[0.591s] -- Up-to-date: /home/zyme/ros_ws/Autoware_sim_test/install/rtklib_msgs/share/rtklib_msgs/cmake/rtklib_msgs__rosidl_typesupport_cExport.cmake
[0.591s] -- Up-to-date: /home/zyme/ros_ws/Autoware_sim_test/install/rtklib_msgs/share/rtklib_msgs/cmake/rtklib_msgs__rosidl_typesupport_cExport-release.cmake
[0.591s] -- Up-to-date: /home/zyme/ros_ws/Autoware_sim_test/install/rtklib_msgs/share/rtklib_msgs/cmake/export_rtklib_msgs__rosidl_generator_cppExport.cmake
[0.591s] -- Up-to-date: /home/zyme/ros_ws/Autoware_sim_test/install/rtklib_msgs/share/rtklib_msgs/cmake/export_rtklib_msgs__rosidl_typesupport_fastrtps_cppExport.cmake
[0.592s] -- Up-to-date: /home/zyme/ros_ws/Autoware_sim_test/install/rtklib_msgs/share/rtklib_msgs/cmake/export_rtklib_msgs__rosidl_typesupport_fastrtps_cppExport-release.cmake
[0.592s] -- Up-to-date: /home/zyme/ros_ws/Autoware_sim_test/install/rtklib_msgs/share/rtklib_msgs/cmake/rtklib_msgs__rosidl_typesupport_introspection_cppExport.cmake
[0.592s] -- Up-to-date: /home/zyme/ros_ws/Autoware_sim_test/install/rtklib_msgs/share/rtklib_msgs/cmake/rtklib_msgs__rosidl_typesupport_introspection_cppExport-release.cmake
[0.592s] -- Up-to-date: /home/zyme/ros_ws/Autoware_sim_test/install/rtklib_msgs/share/rtklib_msgs/cmake/rtklib_msgs__rosidl_typesupport_cppExport.cmake
[0.592s] -- Up-to-date: /home/zyme/ros_ws/Autoware_sim_test/install/rtklib_msgs/share/rtklib_msgs/cmake/rtklib_msgs__rosidl_typesupport_cppExport-release.cmake
[0.592s] -- Up-to-date: /home/zyme/ros_ws/Autoware_sim_test/install/rtklib_msgs/share/rtklib_msgs/cmake/export_rtklib_msgs__rosidl_generator_pyExport.cmake
[0.592s] -- Up-to-date: /home/zyme/ros_ws/Autoware_sim_test/install/rtklib_msgs/share/rtklib_msgs/cmake/export_rtklib_msgs__rosidl_generator_pyExport-release.cmake
[0.595s] Invoked command in '/home/zyme/ros_ws/Autoware_sim_test/build/rtklib_msgs' returned '0': CMAKE_PREFIX_PATH=/opt/ros/humble /usr/bin/cmake --install /home/zyme/ros_ws/Autoware_sim_test/build/rtklib_msgs
