[0.071s] Invoking command in '/home/zyme/ros_ws/Autoware_sim_test/build/pointcloud_to_laserscan': CMAKE_PREFIX_PATH=/opt/ros/humble /usr/bin/cmake --build /home/zyme/ros_ws/Autoware_sim_test/build/pointcloud_to_laserscan -- -j12 -l12
[0.137s] [ 40%] Built target laserscan_to_pointcloud_node
[0.138s] [ 40%] Built target pointcloud_to_laserscan_node
[0.140s] [ 60%] Built target laserscan_to_pointcloud
[0.178s] [ 80%] Built target pointcloud_to_laserscan
[0.209s] [100%] Built target dummy_pointcloud_publisher
[0.225s] Invoked command in '/home/zyme/ros_ws/Autoware_sim_test/build/pointcloud_to_laserscan' returned '0': CMAKE_PREFIX_PATH=/opt/ros/humble /usr/bin/cmake --build /home/zyme/ros_ws/Autoware_sim_test/build/pointcloud_to_laserscan -- -j12 -l12
[0.274s] Invoking command in '/home/zyme/ros_ws/Autoware_sim_test/build/pointcloud_to_laserscan': CMAKE_PREFIX_PATH=/opt/ros/humble /usr/bin/cmake --install /home/zyme/ros_ws/Autoware_sim_test/build/pointcloud_to_laserscan
[0.285s] -- Install configuration: "Release"
[0.286s] -- Execute custom install script
[0.287s] -- Up-to-date symlink: /home/zyme/ros_ws/Autoware_sim_test/install/pointcloud_to_laserscan/lib/pointcloud_to_laserscan/laserscan_to_pointcloud_node
[0.287s] -- Up-to-date symlink: /home/zyme/ros_ws/Autoware_sim_test/install/pointcloud_to_laserscan/lib/pointcloud_to_laserscan/pointcloud_to_laserscan_node
[0.294s] -- Up-to-date symlink: /home/zyme/ros_ws/Autoware_sim_test/install/pointcloud_to_laserscan/include/pointcloud_to_laserscan/laserscan_to_pointcloud_node.hpp
[0.294s] -- Up-to-date symlink: /home/zyme/ros_ws/Autoware_sim_test/install/pointcloud_to_laserscan/include/pointcloud_to_laserscan/pointcloud_to_laserscan_node.hpp
[0.294s] -- Up-to-date symlink: /home/zyme/ros_ws/Autoware_sim_test/install/pointcloud_to_laserscan/include/pointcloud_to_laserscan/visibility_control.h
[0.294s] -- Up-to-date symlink: /home/zyme/ros_ws/Autoware_sim_test/install/pointcloud_to_laserscan/share/pointcloud_to_laserscan/environment/library_path.sh
[0.294s] -- Up-to-date symlink: /home/zyme/ros_ws/Autoware_sim_test/install/pointcloud_to_laserscan/share/pointcloud_to_laserscan/environment/library_path.dsv
[0.295s] -- Up-to-date symlink: /home/zyme/ros_ws/Autoware_sim_test/install/pointcloud_to_laserscan/lib/liblaserscan_to_pointcloud.so
[0.295s] -- Up-to-date symlink: /home/zyme/ros_ws/Autoware_sim_test/install/pointcloud_to_laserscan/lib/libpointcloud_to_laserscan.so
[0.295s] -- Up-to-date symlink: /home/zyme/ros_ws/Autoware_sim_test/install/pointcloud_to_laserscan/lib/pointcloud_to_laserscan/dummy_pointcloud_publisher
[0.296s] -- Up-to-date symlink: /home/zyme/ros_ws/Autoware_sim_test/install/pointcloud_to_laserscan/share/pointcloud_to_laserscan/launch/sample_laserscan_to_pointcloud_launch.py
[0.296s] -- Up-to-date symlink: /home/zyme/ros_ws/Autoware_sim_test/install/pointcloud_to_laserscan/share/pointcloud_to_laserscan/launch/sample_pointcloud_to_laserscan_launch.py
[0.296s] -- Up-to-date symlink: /home/zyme/ros_ws/Autoware_sim_test/install/pointcloud_to_laserscan/share/ament_index/resource_index/package_run_dependencies/pointcloud_to_laserscan
[0.297s] -- Up-to-date symlink: /home/zyme/ros_ws/Autoware_sim_test/install/pointcloud_to_laserscan/share/ament_index/resource_index/parent_prefix_path/pointcloud_to_laserscan
[0.297s] -- Up-to-date symlink: /home/zyme/ros_ws/Autoware_sim_test/install/pointcloud_to_laserscan/share/pointcloud_to_laserscan/environment/ament_prefix_path.sh
[0.298s] -- Up-to-date symlink: /home/zyme/ros_ws/Autoware_sim_test/install/pointcloud_to_laserscan/share/pointcloud_to_laserscan/environment/ament_prefix_path.dsv
[0.298s] -- Up-to-date symlink: /home/zyme/ros_ws/Autoware_sim_test/install/pointcloud_to_laserscan/share/pointcloud_to_laserscan/environment/path.sh
[0.298s] -- Up-to-date symlink: /home/zyme/ros_ws/Autoware_sim_test/install/pointcloud_to_laserscan/share/pointcloud_to_laserscan/environment/path.dsv
[0.298s] -- Up-to-date symlink: /home/zyme/ros_ws/Autoware_sim_test/install/pointcloud_to_laserscan/share/pointcloud_to_laserscan/local_setup.bash
[0.299s] -- Up-to-date symlink: /home/zyme/ros_ws/Autoware_sim_test/install/pointcloud_to_laserscan/share/pointcloud_to_laserscan/local_setup.sh
[0.299s] -- Up-to-date symlink: /home/zyme/ros_ws/Autoware_sim_test/install/pointcloud_to_laserscan/share/pointcloud_to_laserscan/local_setup.zsh
[0.299s] -- Up-to-date symlink: /home/zyme/ros_ws/Autoware_sim_test/install/pointcloud_to_laserscan/share/pointcloud_to_laserscan/local_setup.dsv
[0.299s] -- Symlinking: /home/zyme/ros_ws/Autoware_sim_test/install/pointcloud_to_laserscan/share/pointcloud_to_laserscan/package.dsv
[0.316s] -- Up-to-date symlink: /home/zyme/ros_ws/Autoware_sim_test/install/pointcloud_to_laserscan/share/ament_index/resource_index/packages/pointcloud_to_laserscan
[0.316s] -- Up-to-date symlink: /home/zyme/ros_ws/Autoware_sim_test/install/pointcloud_to_laserscan/share/ament_index/resource_index/rclcpp_components/pointcloud_to_laserscan
[0.316s] -- Up-to-date symlink: /home/zyme/ros_ws/Autoware_sim_test/install/pointcloud_to_laserscan/share/pointcloud_to_laserscan/cmake/ament_cmake_export_dependencies-extras.cmake
[0.316s] -- Up-to-date symlink: /home/zyme/ros_ws/Autoware_sim_test/install/pointcloud_to_laserscan/share/pointcloud_to_laserscan/cmake/ament_cmake_export_include_directories-extras.cmake
[0.317s] -- Up-to-date symlink: /home/zyme/ros_ws/Autoware_sim_test/install/pointcloud_to_laserscan/share/pointcloud_to_laserscan/cmake/ament_cmake_export_libraries-extras.cmake
[0.317s] -- Up-to-date symlink: /home/zyme/ros_ws/Autoware_sim_test/install/pointcloud_to_laserscan/share/pointcloud_to_laserscan/cmake/pointcloud_to_laserscanConfig.cmake
[0.317s] -- Up-to-date symlink: /home/zyme/ros_ws/Autoware_sim_test/install/pointcloud_to_laserscan/share/pointcloud_to_laserscan/cmake/pointcloud_to_laserscanConfig-version.cmake
[0.317s] -- Up-to-date symlink: /home/zyme/ros_ws/Autoware_sim_test/install/pointcloud_to_laserscan/share/pointcloud_to_laserscan/package.xml
[0.321s] Invoked command in '/home/zyme/ros_ws/Autoware_sim_test/build/pointcloud_to_laserscan' returned '0': CMAKE_PREFIX_PATH=/opt/ros/humble /usr/bin/cmake --install /home/zyme/ros_ws/Autoware_sim_test/build/pointcloud_to_laserscan
