[0.547s] Invoking command in '/home/zyme/ros_ws/Autoware_sim_test/build/tvm_utility': AMENT_PREFIX_PATH=/home/zyme/ros_ws/Autoware_sim_test/install/autoware_cmake:/home/zyme/ros_ws/Autoware_sim_test/install/autoware_lint_common:${AMENT_PREFIX_PATH} CMAKE_PREFIX_PATH=/home/zyme/ros_ws/Autoware_sim_test/install/autoware_cmake:/home/zyme/ros_ws/Autoware_sim_test/install/autoware_lint_common:/opt/ros/humble /usr/bin/cmake /home/zyme/ros_ws/Autoware_sim_test/src/autoware/src/universe/autoware.universe/common/tvm_utility -DCMAKE_INSTALL_PREFIX=/home/zyme/ros_ws/Autoware_sim_test/install/tvm_utility
[7.153s] -- Found autoware_cmake: 0.1.0 (/home/zyme/ros_ws/Autoware_sim_test/install/autoware_cmake/share/autoware_cmake/cmake)
[7.153s] -- Override CMake install command with custom implementation using symlinks instead of copying resources
[7.153s] -- Found ament_lint_auto: 0.12.10 (/opt/ros/humble/share/ament_lint_auto/cmake)
[7.153s] -- Found ament_cmake_gtest: 1.3.8 (/opt/ros/humble/share/ament_cmake_gtest/cmake)
[7.153s] -- Found gtest sources under '/opt/ros/humble/src/gtest_vendor': C++ tests using 'Google Test' will be built
[7.153s] -- Added test 'copyright' to check source files copyright and LICENSE
[7.153s] -- Added test 'cppcheck' to perform static code analysis on C / C++ code
[7.153s] -- Configured cppcheck include dirs: /home/zyme/ros_ws/Autoware_sim_test/src/autoware/src/universe/autoware.universe/common/tvm_utility/include;/home/zyme/ros_ws/Autoware_sim_test/src/autoware/src/universe/autoware.universe/common/tvm_utility/data/models/abs_model_x86_64
[7.154s] -- Configured cppcheck exclude dirs and/or files: 
[7.154s] -- Added test 'lint_cmake' to check CMake code style
[7.154s] -- Added test 'xmllint' to check XML markup files
[7.154s] -- Configuring done
[7.156s] -- Generating done
[7.171s] -- Build files have been written to: /home/zyme/ros_ws/Autoware_sim_test/build/tvm_utility
[7.192s] Invoked command in '/home/zyme/ros_ws/Autoware_sim_test/build/tvm_utility' returned '0': AMENT_PREFIX_PATH=/home/zyme/ros_ws/Autoware_sim_test/install/autoware_cmake:/home/zyme/ros_ws/Autoware_sim_test/install/autoware_lint_common:${AMENT_PREFIX_PATH} CMAKE_PREFIX_PATH=/home/zyme/ros_ws/Autoware_sim_test/install/autoware_cmake:/home/zyme/ros_ws/Autoware_sim_test/install/autoware_lint_common:/opt/ros/humble /usr/bin/cmake /home/zyme/ros_ws/Autoware_sim_test/src/autoware/src/universe/autoware.universe/common/tvm_utility -DCMAKE_INSTALL_PREFIX=/home/zyme/ros_ws/Autoware_sim_test/install/tvm_utility
[7.194s] Invoking command in '/home/zyme/ros_ws/Autoware_sim_test/build/tvm_utility': AMENT_PREFIX_PATH=/home/zyme/ros_ws/Autoware_sim_test/install/autoware_cmake:/home/zyme/ros_ws/Autoware_sim_test/install/autoware_lint_common:${AMENT_PREFIX_PATH} CMAKE_PREFIX_PATH=/home/zyme/ros_ws/Autoware_sim_test/install/autoware_cmake:/home/zyme/ros_ws/Autoware_sim_test/install/autoware_lint_common:/opt/ros/humble /usr/bin/cmake --build /home/zyme/ros_ws/Autoware_sim_test/build/tvm_utility -- -j12 -l12
[7.399s] [35m[1mConsolidate compiler generated dependencies of target gtest_main[0m
[7.400s] [35m[1mConsolidate compiler generated dependencies of target gtest[0m
[7.400s] [  6%] Built target tvm_utility
[7.400s] [ 60%] Built target abs_model_x86_64_llvm
[7.400s] [ 73%] Built target gtest_main
[7.400s] [ 86%] Built target gtest
[7.400s] [35m[1mConsolidate compiler generated dependencies of target abs_model[0m
[7.401s] [100%] Built target abs_model
[7.463s] Invoked command in '/home/zyme/ros_ws/Autoware_sim_test/build/tvm_utility' returned '0': AMENT_PREFIX_PATH=/home/zyme/ros_ws/Autoware_sim_test/install/autoware_cmake:/home/zyme/ros_ws/Autoware_sim_test/install/autoware_lint_common:${AMENT_PREFIX_PATH} CMAKE_PREFIX_PATH=/home/zyme/ros_ws/Autoware_sim_test/install/autoware_cmake:/home/zyme/ros_ws/Autoware_sim_test/install/autoware_lint_common:/opt/ros/humble /usr/bin/cmake --build /home/zyme/ros_ws/Autoware_sim_test/build/tvm_utility -- -j12 -l12
[7.701s] Invoking command in '/home/zyme/ros_ws/Autoware_sim_test/build/tvm_utility': AMENT_PREFIX_PATH=/home/zyme/ros_ws/Autoware_sim_test/install/autoware_cmake:/home/zyme/ros_ws/Autoware_sim_test/install/autoware_lint_common:${AMENT_PREFIX_PATH} CMAKE_PREFIX_PATH=/home/zyme/ros_ws/Autoware_sim_test/install/autoware_cmake:/home/zyme/ros_ws/Autoware_sim_test/install/autoware_lint_common:/opt/ros/humble /usr/bin/cmake --install /home/zyme/ros_ws/Autoware_sim_test/build/tvm_utility
[7.761s] -- Install configuration: "Release"
[7.762s] -- Execute custom install script
[7.762s] -- Up-to-date symlink: /home/zyme/ros_ws/Autoware_sim_test/install/tvm_utility/include/tvm_utility/pipeline.hpp
[7.762s] -- Up-to-date symlink: /home/zyme/ros_ws/Autoware_sim_test/install/tvm_utility/share/tvm_utility/environment/library_path.sh
[7.762s] -- Up-to-date symlink: /home/zyme/ros_ws/Autoware_sim_test/install/tvm_utility/share/tvm_utility/environment/library_path.dsv
[7.762s] -- Up-to-date symlink: /home/zyme/ros_ws/Autoware_sim_test/install/tvm_utility/lib/libtvm_utility.so
[7.762s] -- Up-to-date symlink: /home/zyme/ros_ws/Autoware_sim_test/install/tvm_utility/share/tvm_utility/launch/yolo_v2_tiny_example.launch.xml
[7.763s] -- Up-to-date symlink: /home/zyme/ros_ws/Autoware_sim_test/install/tvm_utility/share/tvm_utility/config/yolo_v2_tiny_example.param.yaml
[7.763s] -- Up-to-date symlink: /home/zyme/ros_ws/Autoware_sim_test/install/tvm_utility/share/tvm_utility/artifacts/README.md
[7.763s] -- Up-to-date symlink: /home/zyme/ros_ws/Autoware_sim_test/install/tvm_utility/share/tvm_utility/artifacts/yolo_v2_tiny/anchors.csv
[7.763s] -- Up-to-date symlink: /home/zyme/ros_ws/Autoware_sim_test/install/tvm_utility/share/tvm_utility/artifacts/yolo_v2_tiny/labels.txt
[7.764s] -- Up-to-date symlink: /home/zyme/ros_ws/Autoware_sim_test/install/tvm_utility/share/ament_index/resource_index/package_run_dependencies/tvm_utility
[7.764s] -- Up-to-date symlink: /home/zyme/ros_ws/Autoware_sim_test/install/tvm_utility/share/ament_index/resource_index/parent_prefix_path/tvm_utility
[7.764s] -- Up-to-date symlink: /home/zyme/ros_ws/Autoware_sim_test/install/tvm_utility/share/tvm_utility/environment/ament_prefix_path.sh
[7.764s] -- Up-to-date symlink: /home/zyme/ros_ws/Autoware_sim_test/install/tvm_utility/share/tvm_utility/environment/ament_prefix_path.dsv
[7.764s] -- Up-to-date symlink: /home/zyme/ros_ws/Autoware_sim_test/install/tvm_utility/share/tvm_utility/environment/path.sh
[7.764s] -- Up-to-date symlink: /home/zyme/ros_ws/Autoware_sim_test/install/tvm_utility/share/tvm_utility/environment/path.dsv
[7.764s] -- Up-to-date symlink: /home/zyme/ros_ws/Autoware_sim_test/install/tvm_utility/share/tvm_utility/local_setup.bash
[7.764s] -- Up-to-date symlink: /home/zyme/ros_ws/Autoware_sim_test/install/tvm_utility/share/tvm_utility/local_setup.sh
[7.765s] -- Up-to-date symlink: /home/zyme/ros_ws/Autoware_sim_test/install/tvm_utility/share/tvm_utility/local_setup.zsh
[7.765s] -- Up-to-date symlink: /home/zyme/ros_ws/Autoware_sim_test/install/tvm_utility/share/tvm_utility/local_setup.dsv
[7.765s] -- Symlinking: /home/zyme/ros_ws/Autoware_sim_test/install/tvm_utility/share/tvm_utility/package.dsv
[7.786s] -- Up-to-date symlink: /home/zyme/ros_ws/Autoware_sim_test/install/tvm_utility/share/ament_index/resource_index/packages/tvm_utility
[7.788s] -- Up-to-date symlink: /home/zyme/ros_ws/Autoware_sim_test/install/tvm_utility/share/tvm_utility/cmake/tvm_utility-extras.cmake
[7.788s] -- Up-to-date symlink: /home/zyme/ros_ws/Autoware_sim_test/install/tvm_utility/share/tvm_utility/cmake/ament_cmake_export_dependencies-extras.cmake
[7.792s] -- Up-to-date symlink: /home/zyme/ros_ws/Autoware_sim_test/install/tvm_utility/share/tvm_utility/cmake/ament_cmake_export_include_directories-extras.cmake
[7.794s] -- Up-to-date symlink: /home/zyme/ros_ws/Autoware_sim_test/install/tvm_utility/share/tvm_utility/cmake/ament_cmake_export_libraries-extras.cmake
[7.794s] -- Up-to-date symlink: /home/zyme/ros_ws/Autoware_sim_test/install/tvm_utility/share/tvm_utility/cmake/tvm_utilityConfig.cmake
[7.795s] -- Up-to-date symlink: /home/zyme/ros_ws/Autoware_sim_test/install/tvm_utility/share/tvm_utility/cmake/tvm_utilityConfig-version.cmake
[7.795s] -- Up-to-date symlink: /home/zyme/ros_ws/Autoware_sim_test/install/tvm_utility/share/tvm_utility/package.xml
[7.795s] -- Up-to-date: /home/zyme/ros_ws/Autoware_sim_test/install/tvm_utility/share/tvm_utility/models//abs_model_x86_64
[7.795s] -- Up-to-date: /home/zyme/ros_ws/Autoware_sim_test/install/tvm_utility/share/tvm_utility/models//abs_model_x86_64/deploy_param.params
[7.795s] -- Up-to-date: /home/zyme/ros_ws/Autoware_sim_test/install/tvm_utility/share/tvm_utility/models//abs_model_x86_64/deploy_graph.json
[7.795s] -- Up-to-date: /home/zyme/ros_ws/Autoware_sim_test/install/tvm_utility/share/tvm_utility/models//abs_model_x86_64/inference_engine_tvm_config.hpp
[7.795s] -- Up-to-date: /home/zyme/ros_ws/Autoware_sim_test/install/tvm_utility/share/tvm_utility/models//abs_model_x86_64/deploy_lib.so
[8.271s] Invoked command in '/home/zyme/ros_ws/Autoware_sim_test/build/tvm_utility' returned '0': AMENT_PREFIX_PATH=/home/zyme/ros_ws/Autoware_sim_test/install/autoware_cmake:/home/zyme/ros_ws/Autoware_sim_test/install/autoware_lint_common:${AMENT_PREFIX_PATH} CMAKE_PREFIX_PATH=/home/zyme/ros_ws/Autoware_sim_test/install/autoware_cmake:/home/zyme/ros_ws/Autoware_sim_test/install/autoware_lint_common:/opt/ros/humble /usr/bin/cmake --install /home/zyme/ros_ws/Autoware_sim_test/build/tvm_utility
