[0.052s] Invoking command in '/home/zyme/ros_ws/Autoware_sim_test/build/tensorrt_common': CMAKE_PREFIX_PATH=/opt/ros/humble /usr/bin/cmake /home/zyme/ros_ws/Autoware_sim_test/src/autoware/src/universe/autoware.universe/common/tensorrt_common -DCMAKE_BUILD_TYPE=Release -DCMAKE_CXX_FLAGS=-w -DAMENT_CMAKE_SYMLINK_INSTALL=1 -DCMAKE_INSTALL_PREFIX=/home/zyme/ros_ws/Autoware_sim_test/install/tensorrt_common
[0.101s] -- The C compiler identification is GNU 11.4.0
[0.158s] -- The CXX compiler identification is GNU 11.4.0
[0.166s] -- Detecting C compiler ABI info
[0.235s] -- Detecting C compiler ABI info - done
[0.243s] -- Check for working C compiler: /usr/bin/cc - skipped
[0.243s] -- Detecting C compile features
[0.244s] -- Detecting C compile features - done
[0.247s] -- Detecting CXX compiler ABI info
[0.320s] -- Detecting CXX compiler ABI info - done
[0.328s] -- Check for working CXX compiler: /usr/bin/c++ - skipped
[0.328s] -- Detecting CXX compile features
[0.328s] -- Detecting CXX compile features - done
[0.331s] -- Found ament_cmake: 1.3.8 (/opt/ros/humble/share/ament_cmake/cmake)
[0.467s] -- Found Python3: /usr/bin/python3 (found version "3.10.12") found components: Interpreter 
[0.521s] -- Override CMake install command with custom implementation using symlinks instead of copying resources
[0.544s] -- Found cudnn_cmake_module: 0.0.1 (/opt/ros/humble/share/cudnn_cmake_module/cmake)
[0.545s] -- Found rclcpp: 16.0.8 (/opt/ros/humble/share/rclcpp/cmake)
[0.583s] -- Found rosidl_generator_c: 3.1.5 (/opt/ros/humble/share/rosidl_generator_c/cmake)
[0.587s] -- Found rosidl_adapter: 3.1.5 (/opt/ros/humble/share/rosidl_adapter/cmake)
[0.595s] -- Found rosidl_generator_cpp: 3.1.5 (/opt/ros/humble/share/rosidl_generator_cpp/cmake)
[0.607s] -- Using all available rosidl_typesupport_c: rosidl_typesupport_fastrtps_c;rosidl_typesupport_introspection_c
[0.625s] -- Using all available rosidl_typesupport_cpp: rosidl_typesupport_fastrtps_cpp;rosidl_typesupport_introspection_cpp
[0.689s] -- Found rmw_implementation_cmake: 6.1.1 (/opt/ros/humble/share/rmw_implementation_cmake/cmake)
[0.691s] -- Found rmw_cyclonedds_cpp: 1.3.4 (/opt/ros/humble/share/rmw_cyclonedds_cpp/cmake)
[0.721s] -- Using RMW implementation 'rmw_cyclonedds_cpp' as default
[0.730s] -- Looking for pthread.h
[0.794s] -- Looking for pthread.h - found
[0.795s] -- Performing Test CMAKE_HAVE_LIBC_PTHREAD
[0.866s] -- Performing Test CMAKE_HAVE_LIBC_PTHREAD - Success
[0.868s] -- Found Threads: TRUE  
[1.024s] -- Found tensorrt_cmake_module: 0.0.3 (/opt/ros/humble/share/tensorrt_cmake_module/cmake)
[1.058s] -- Found CUDA: /usr/local/cuda (found version "12.3") 
[1.073s] -- Found CUDAToolkit: /usr/local/cuda/include (found version "12.3.107") 
[1.100s] -- Found CUDNN: /usr/lib/x86_64-linux-gnu/libcudnn.so (found version "8.9.5") 
[1.102s] -- Found TensorRT headers at /usr/include/x86_64-linux-gnu
[1.104s] -- Found TensorRT libs at /usr/lib/x86_64-linux-gnu/libnvinfer.so;/usr/lib/x86_64-linux-gnu/libnvinfer_plugin.so;/usr/lib/x86_64-linux-gnu/libnvparsers.so;/usr/lib/x86_64-linux-gnu/libnvonnxparser.so
[1.105s] -- Found TENSORRT: /usr/include/x86_64-linux-gnu (found version "8.6.1") 
[1.106s] -- Found ament_lint_auto: 0.12.10 (/opt/ros/humble/share/ament_lint_auto/cmake)
[1.174s] -- Added test 'cppcheck' to perform static code analysis on C / C++ code
[1.174s] -- Configured cppcheck include dirs: $<BUILD_INTERFACE:/home/zyme/ros_ws/Autoware_sim_test/src/autoware/src/universe/autoware.universe/common/tensorrt_common/include>
[1.174s] -- Configured cppcheck exclude dirs and/or files: 
[1.175s] -- Added test 'cpplint' to check C / C++ code against the Google style
[1.175s] -- Configured cpplint exclude dirs and/or files: 
[1.175s] -- Added test 'lint_cmake' to check CMake code style
[1.176s] -- Added test 'xmllint' to check XML markup files
[1.179s] -- Configuring done
[1.194s] -- Generating done
[1.195s] -- Build files have been written to: /home/zyme/ros_ws/Autoware_sim_test/build/tensorrt_common
[1.204s] Invoked command in '/home/zyme/ros_ws/Autoware_sim_test/build/tensorrt_common' returned '0': CMAKE_PREFIX_PATH=/opt/ros/humble /usr/bin/cmake /home/zyme/ros_ws/Autoware_sim_test/src/autoware/src/universe/autoware.universe/common/tensorrt_common -DCMAKE_BUILD_TYPE=Release -DCMAKE_CXX_FLAGS=-w -DAMENT_CMAKE_SYMLINK_INSTALL=1 -DCMAKE_INSTALL_PREFIX=/home/zyme/ros_ws/Autoware_sim_test/install/tensorrt_common
[1.205s] Invoking command in '/home/zyme/ros_ws/Autoware_sim_test/build/tensorrt_common': CMAKE_PREFIX_PATH=/opt/ros/humble /usr/bin/cmake --build /home/zyme/ros_ws/Autoware_sim_test/build/tensorrt_common -- -j12 -l12
[1.250s] [ 66%] [32mBuilding CXX object CMakeFiles/tensorrt_common.dir/src/tensorrt_common.cpp.o[0m
[1.250s] [ 66%] [32mBuilding CXX object CMakeFiles/tensorrt_common.dir/src/simple_profiler.cpp.o[0m
[5.017s] [100%] [32m[1mLinking CXX shared library libtensorrt_common.so[0m
[5.121s] [100%] Built target tensorrt_common
[5.130s] Invoked command in '/home/zyme/ros_ws/Autoware_sim_test/build/tensorrt_common' returned '0': CMAKE_PREFIX_PATH=/opt/ros/humble /usr/bin/cmake --build /home/zyme/ros_ws/Autoware_sim_test/build/tensorrt_common -- -j12 -l12
[5.156s] Invoking command in '/home/zyme/ros_ws/Autoware_sim_test/build/tensorrt_common': CMAKE_PREFIX_PATH=/opt/ros/humble /usr/bin/cmake --install /home/zyme/ros_ws/Autoware_sim_test/build/tensorrt_common
[5.163s] -- Install configuration: "Release"
[5.163s] -- Execute custom install script
[5.163s] -- Symlinking: /home/zyme/ros_ws/Autoware_sim_test/install/tensorrt_common/include/tensorrt_common/tensorrt_common/logger.hpp
[5.171s] -- Symlinking: /home/zyme/ros_ws/Autoware_sim_test/install/tensorrt_common/include/tensorrt_common/tensorrt_common/simple_profiler.hpp
[5.179s] -- Symlinking: /home/zyme/ros_ws/Autoware_sim_test/install/tensorrt_common/include/tensorrt_common/tensorrt_common/tensorrt_common.hpp
[5.188s] -- Symlinking: /home/zyme/ros_ws/Autoware_sim_test/install/tensorrt_common/share/ament_index/resource_index/package_run_dependencies/tensorrt_common
[5.197s] -- Symlinking: /home/zyme/ros_ws/Autoware_sim_test/install/tensorrt_common/share/ament_index/resource_index/parent_prefix_path/tensorrt_common
[5.206s] -- Symlinking: /home/zyme/ros_ws/Autoware_sim_test/install/tensorrt_common/share/tensorrt_common/environment/ament_prefix_path.sh
[5.215s] -- Symlinking: /home/zyme/ros_ws/Autoware_sim_test/install/tensorrt_common/share/tensorrt_common/environment/ament_prefix_path.dsv
[5.224s] -- Symlinking: /home/zyme/ros_ws/Autoware_sim_test/install/tensorrt_common/share/tensorrt_common/environment/path.sh
[5.233s] -- Symlinking: /home/zyme/ros_ws/Autoware_sim_test/install/tensorrt_common/share/tensorrt_common/environment/path.dsv
[5.241s] -- Symlinking: /home/zyme/ros_ws/Autoware_sim_test/install/tensorrt_common/share/tensorrt_common/local_setup.bash
[5.249s] -- Symlinking: /home/zyme/ros_ws/Autoware_sim_test/install/tensorrt_common/share/tensorrt_common/local_setup.sh
[5.257s] -- Symlinking: /home/zyme/ros_ws/Autoware_sim_test/install/tensorrt_common/share/tensorrt_common/local_setup.zsh
[5.265s] -- Symlinking: /home/zyme/ros_ws/Autoware_sim_test/install/tensorrt_common/share/tensorrt_common/local_setup.dsv
[5.273s] -- Symlinking: /home/zyme/ros_ws/Autoware_sim_test/install/tensorrt_common/share/tensorrt_common/package.dsv
[5.281s] -- Symlinking: /home/zyme/ros_ws/Autoware_sim_test/install/tensorrt_common/share/ament_index/resource_index/packages/tensorrt_common
[5.289s] -- Symlinking: /home/zyme/ros_ws/Autoware_sim_test/install/tensorrt_common/share/tensorrt_common/cmake/ament_cmake_export_include_directories-extras.cmake
[5.296s] -- Symlinking: /home/zyme/ros_ws/Autoware_sim_test/install/tensorrt_common/share/tensorrt_common/cmake/ament_cmake_export_targets-extras.cmake
[5.304s] -- Symlinking: /home/zyme/ros_ws/Autoware_sim_test/install/tensorrt_common/share/tensorrt_common/cmake/ament_cmake_export_dependencies-extras.cmake
[5.312s] -- Symlinking: /home/zyme/ros_ws/Autoware_sim_test/install/tensorrt_common/share/tensorrt_common/cmake/tensorrt_commonConfig.cmake
[5.319s] -- Symlinking: /home/zyme/ros_ws/Autoware_sim_test/install/tensorrt_common/share/tensorrt_common/cmake/tensorrt_commonConfig-version.cmake
[5.327s] -- Symlinking: /home/zyme/ros_ws/Autoware_sim_test/install/tensorrt_common/share/tensorrt_common/package.xml
[5.335s] -- Installing: /home/zyme/ros_ws/Autoware_sim_test/install/tensorrt_common/lib/libtensorrt_common.so
[5.336s] -- Set runtime path of "/home/zyme/ros_ws/Autoware_sim_test/install/tensorrt_common/lib/libtensorrt_common.so" to ""
[5.336s] -- Installing: /home/zyme/ros_ws/Autoware_sim_test/install/tensorrt_common/share/tensorrt_common/cmake/export_tensorrt_commonExport.cmake
[5.336s] -- Installing: /home/zyme/ros_ws/Autoware_sim_test/install/tensorrt_common/share/tensorrt_common/cmake/export_tensorrt_commonExport-release.cmake
[5.338s] Invoked command in '/home/zyme/ros_ws/Autoware_sim_test/build/tensorrt_common' returned '0': CMAKE_PREFIX_PATH=/opt/ros/humble /usr/bin/cmake --install /home/zyme/ros_ws/Autoware_sim_test/build/tensorrt_common
