[0.070s] Invoking command in '/home/zyme/ros_ws/Autoware_sim_test/build/tier4_debug_msgs': CMAKE_PREFIX_PATH=/opt/ros/humble /usr/bin/cmake --build /home/zyme/ros_ws/Autoware_sim_test/build/tier4_debug_msgs -- -j12 -l12
[0.129s] [  0%] Built target tier4_debug_msgs__cpp
[0.135s] [ 12%] Built target tier4_debug_msgs__rosidl_generator_c
[0.137s] [ 12%] Built target ament_cmake_python_symlink_tier4_debug_msgs
[0.176s] [ 56%] Built target tier4_debug_msgs__rosidl_typesupport_introspection_c
[0.176s] [ 56%] Built target tier4_debug_msgs__rosidl_typesupport_cpp
[0.176s] [ 57%] Built target tier4_debug_msgs__rosidl_typesupport_introspection_cpp
[0.176s] [ 60%] Built target tier4_debug_msgs__rosidl_typesupport_c
[0.182s] [ 72%] Built target tier4_debug_msgs__rosidl_typesupport_fastrtps_c
[0.182s] [ 83%] Built target tier4_debug_msgs__rosidl_typesupport_fastrtps_cpp
[0.209s] [ 83%] Built target tier4_debug_msgs
[0.237s] [ 84%] Built target tier4_debug_msgs__py
[0.272s] [ 95%] Built target tier4_debug_msgs__rosidl_generator_py
[0.301s] [ 97%] Built target tier4_debug_msgs__rosidl_typesupport_c__pyext
[0.301s] [ 98%] Built target tier4_debug_msgs__rosidl_typesupport_fastrtps_c__pyext
[0.301s] [100%] Built target tier4_debug_msgs__rosidl_typesupport_introspection_c__pyext
[0.525s] running egg_info
[0.526s] writing tier4_debug_msgs.egg-info/PKG-INFO
[0.526s] writing dependency_links to tier4_debug_msgs.egg-info/dependency_links.txt
[0.527s] writing top-level names to tier4_debug_msgs.egg-info/top_level.txt
[0.530s] reading manifest file 'tier4_debug_msgs.egg-info/SOURCES.txt'
[0.531s] writing manifest file 'tier4_debug_msgs.egg-info/SOURCES.txt'
[0.562s] [100%] Built target ament_cmake_python_build_tier4_debug_msgs_egg
[0.577s] Invoked command in '/home/zyme/ros_ws/Autoware_sim_test/build/tier4_debug_msgs' returned '0': CMAKE_PREFIX_PATH=/opt/ros/humble /usr/bin/cmake --build /home/zyme/ros_ws/Autoware_sim_test/build/tier4_debug_msgs -- -j12 -l12
[0.858s] Invoking command in '/home/zyme/ros_ws/Autoware_sim_test/build/tier4_debug_msgs': CMAKE_PREFIX_PATH=/opt/ros/humble /usr/bin/cmake --install /home/zyme/ros_ws/Autoware_sim_test/build/tier4_debug_msgs
[0.865s] -- Install configuration: "Release"
[0.866s] -- Execute custom install script
[0.866s] -- Up-to-date symlink: /home/zyme/ros_ws/Autoware_sim_test/install/tier4_debug_msgs/share/ament_index/resource_index/rosidl_interfaces/tier4_debug_msgs
[0.867s] -- Up-to-date symlink: /home/zyme/ros_ws/Autoware_sim_test/install/tier4_debug_msgs/include/tier4_debug_msgs/tier4_debug_msgs/msg/bool_stamped.h
[0.867s] -- Up-to-date symlink: /home/zyme/ros_ws/Autoware_sim_test/install/tier4_debug_msgs/include/tier4_debug_msgs/tier4_debug_msgs/msg/detail/bool_stamped__functions.h
[0.867s] -- Up-to-date symlink: /home/zyme/ros_ws/Autoware_sim_test/install/tier4_debug_msgs/include/tier4_debug_msgs/tier4_debug_msgs/msg/detail/bool_stamped__struct.h
[0.868s] -- Up-to-date symlink: /home/zyme/ros_ws/Autoware_sim_test/install/tier4_debug_msgs/include/tier4_debug_msgs/tier4_debug_msgs/msg/detail/bool_stamped__type_support.h
[0.868s] -- Up-to-date symlink: /home/zyme/ros_ws/Autoware_sim_test/install/tier4_debug_msgs/include/tier4_debug_msgs/tier4_debug_msgs/msg/detail/float32_multi_array_stamped__functions.h
[0.868s] -- Up-to-date symlink: /home/zyme/ros_ws/Autoware_sim_test/install/tier4_debug_msgs/include/tier4_debug_msgs/tier4_debug_msgs/msg/detail/float32_multi_array_stamped__struct.h
[0.868s] -- Up-to-date symlink: /home/zyme/ros_ws/Autoware_sim_test/install/tier4_debug_msgs/include/tier4_debug_msgs/tier4_debug_msgs/msg/detail/float32_multi_array_stamped__type_support.h
[0.868s] -- Up-to-date symlink: /home/zyme/ros_ws/Autoware_sim_test/install/tier4_debug_msgs/include/tier4_debug_msgs/tier4_debug_msgs/msg/detail/float32_stamped__functions.h
[0.868s] -- Up-to-date symlink: /home/zyme/ros_ws/Autoware_sim_test/install/tier4_debug_msgs/include/tier4_debug_msgs/tier4_debug_msgs/msg/detail/float32_stamped__struct.h
[0.868s] -- Up-to-date symlink: /home/zyme/ros_ws/Autoware_sim_test/install/tier4_debug_msgs/include/tier4_debug_msgs/tier4_debug_msgs/msg/detail/float32_stamped__type_support.h
[0.869s] -- Up-to-date symlink: /home/zyme/ros_ws/Autoware_sim_test/install/tier4_debug_msgs/include/tier4_debug_msgs/tier4_debug_msgs/msg/detail/float64_multi_array_stamped__functions.h
[0.869s] -- Up-to-date symlink: /home/zyme/ros_ws/Autoware_sim_test/install/tier4_debug_msgs/include/tier4_debug_msgs/tier4_debug_msgs/msg/detail/float64_multi_array_stamped__struct.h
[0.869s] -- Up-to-date symlink: /home/zyme/ros_ws/Autoware_sim_test/install/tier4_debug_msgs/include/tier4_debug_msgs/tier4_debug_msgs/msg/detail/float64_multi_array_stamped__type_support.h
[0.869s] -- Up-to-date symlink: /home/zyme/ros_ws/Autoware_sim_test/install/tier4_debug_msgs/include/tier4_debug_msgs/tier4_debug_msgs/msg/detail/float64_stamped__functions.h
[0.869s] -- Up-to-date symlink: /home/zyme/ros_ws/Autoware_sim_test/install/tier4_debug_msgs/include/tier4_debug_msgs/tier4_debug_msgs/msg/detail/float64_stamped__struct.h
[0.869s] -- Up-to-date symlink: /home/zyme/ros_ws/Autoware_sim_test/install/tier4_debug_msgs/include/tier4_debug_msgs/tier4_debug_msgs/msg/detail/float64_stamped__type_support.h
[0.869s] -- Up-to-date symlink: /home/zyme/ros_ws/Autoware_sim_test/install/tier4_debug_msgs/include/tier4_debug_msgs/tier4_debug_msgs/msg/detail/int32_multi_array_stamped__functions.h
[0.870s] -- Up-to-date symlink: /home/zyme/ros_ws/Autoware_sim_test/install/tier4_debug_msgs/include/tier4_debug_msgs/tier4_debug_msgs/msg/detail/int32_multi_array_stamped__struct.h
[0.870s] -- Up-to-date symlink: /home/zyme/ros_ws/Autoware_sim_test/install/tier4_debug_msgs/include/tier4_debug_msgs/tier4_debug_msgs/msg/detail/int32_multi_array_stamped__type_support.h
[0.870s] -- Up-to-date symlink: /home/zyme/ros_ws/Autoware_sim_test/install/tier4_debug_msgs/include/tier4_debug_msgs/tier4_debug_msgs/msg/detail/int32_stamped__functions.h
[0.870s] -- Up-to-date symlink: /home/zyme/ros_ws/Autoware_sim_test/install/tier4_debug_msgs/include/tier4_debug_msgs/tier4_debug_msgs/msg/detail/int32_stamped__struct.h
[0.870s] -- Up-to-date symlink: /home/zyme/ros_ws/Autoware_sim_test/install/tier4_debug_msgs/include/tier4_debug_msgs/tier4_debug_msgs/msg/detail/int32_stamped__type_support.h
[0.870s] -- Up-to-date symlink: /home/zyme/ros_ws/Autoware_sim_test/install/tier4_debug_msgs/include/tier4_debug_msgs/tier4_debug_msgs/msg/detail/int64_multi_array_stamped__functions.h
[0.870s] -- Up-to-date symlink: /home/zyme/ros_ws/Autoware_sim_test/install/tier4_debug_msgs/include/tier4_debug_msgs/tier4_debug_msgs/msg/detail/int64_multi_array_stamped__struct.h
[0.870s] -- Up-to-date symlink: /home/zyme/ros_ws/Autoware_sim_test/install/tier4_debug_msgs/include/tier4_debug_msgs/tier4_debug_msgs/msg/detail/int64_multi_array_stamped__type_support.h
[0.870s] -- Up-to-date symlink: /home/zyme/ros_ws/Autoware_sim_test/install/tier4_debug_msgs/include/tier4_debug_msgs/tier4_debug_msgs/msg/detail/int64_stamped__functions.h
[0.871s] -- Up-to-date symlink: /home/zyme/ros_ws/Autoware_sim_test/install/tier4_debug_msgs/include/tier4_debug_msgs/tier4_debug_msgs/msg/detail/int64_stamped__struct.h
[0.871s] -- Up-to-date symlink: /home/zyme/ros_ws/Autoware_sim_test/install/tier4_debug_msgs/include/tier4_debug_msgs/tier4_debug_msgs/msg/detail/int64_stamped__type_support.h
[0.871s] -- Up-to-date symlink: /home/zyme/ros_ws/Autoware_sim_test/install/tier4_debug_msgs/include/tier4_debug_msgs/tier4_debug_msgs/msg/detail/multi_array_dimension__functions.h
[0.871s] -- Up-to-date symlink: /home/zyme/ros_ws/Autoware_sim_test/install/tier4_debug_msgs/include/tier4_debug_msgs/tier4_debug_msgs/msg/detail/multi_array_dimension__struct.h
[0.871s] -- Up-to-date symlink: /home/zyme/ros_ws/Autoware_sim_test/install/tier4_debug_msgs/include/tier4_debug_msgs/tier4_debug_msgs/msg/detail/multi_array_dimension__type_support.h
[0.871s] -- Up-to-date symlink: /home/zyme/ros_ws/Autoware_sim_test/install/tier4_debug_msgs/include/tier4_debug_msgs/tier4_debug_msgs/msg/detail/multi_array_layout__functions.h
[0.871s] -- Up-to-date symlink: /home/zyme/ros_ws/Autoware_sim_test/install/tier4_debug_msgs/include/tier4_debug_msgs/tier4_debug_msgs/msg/detail/multi_array_layout__struct.h
[0.871s] -- Up-to-date symlink: /home/zyme/ros_ws/Autoware_sim_test/install/tier4_debug_msgs/include/tier4_debug_msgs/tier4_debug_msgs/msg/detail/multi_array_layout__type_support.h
[0.872s] -- Up-to-date symlink: /home/zyme/ros_ws/Autoware_sim_test/install/tier4_debug_msgs/include/tier4_debug_msgs/tier4_debug_msgs/msg/detail/string_stamped__functions.h
[0.872s] -- Up-to-date symlink: /home/zyme/ros_ws/Autoware_sim_test/install/tier4_debug_msgs/include/tier4_debug_msgs/tier4_debug_msgs/msg/detail/string_stamped__struct.h
[0.872s] -- Up-to-date symlink: /home/zyme/ros_ws/Autoware_sim_test/install/tier4_debug_msgs/include/tier4_debug_msgs/tier4_debug_msgs/msg/detail/string_stamped__type_support.h
[0.872s] -- Up-to-date symlink: /home/zyme/ros_ws/Autoware_sim_test/install/tier4_debug_msgs/include/tier4_debug_msgs/tier4_debug_msgs/msg/float32_multi_array_stamped.h
[0.872s] -- Up-to-date symlink: /home/zyme/ros_ws/Autoware_sim_test/install/tier4_debug_msgs/include/tier4_debug_msgs/tier4_debug_msgs/msg/float32_stamped.h
[0.872s] -- Up-to-date symlink: /home/zyme/ros_ws/Autoware_sim_test/install/tier4_debug_msgs/include/tier4_debug_msgs/tier4_debug_msgs/msg/float64_multi_array_stamped.h
[0.872s] -- Up-to-date symlink: /home/zyme/ros_ws/Autoware_sim_test/install/tier4_debug_msgs/include/tier4_debug_msgs/tier4_debug_msgs/msg/float64_stamped.h
[0.872s] -- Up-to-date symlink: /home/zyme/ros_ws/Autoware_sim_test/install/tier4_debug_msgs/include/tier4_debug_msgs/tier4_debug_msgs/msg/int32_multi_array_stamped.h
[0.873s] -- Up-to-date symlink: /home/zyme/ros_ws/Autoware_sim_test/install/tier4_debug_msgs/include/tier4_debug_msgs/tier4_debug_msgs/msg/int32_stamped.h
[0.873s] -- Up-to-date symlink: /home/zyme/ros_ws/Autoware_sim_test/install/tier4_debug_msgs/include/tier4_debug_msgs/tier4_debug_msgs/msg/int64_multi_array_stamped.h
[0.873s] -- Up-to-date symlink: /home/zyme/ros_ws/Autoware_sim_test/install/tier4_debug_msgs/include/tier4_debug_msgs/tier4_debug_msgs/msg/int64_stamped.h
[0.873s] -- Up-to-date symlink: /home/zyme/ros_ws/Autoware_sim_test/install/tier4_debug_msgs/include/tier4_debug_msgs/tier4_debug_msgs/msg/multi_array_dimension.h
[0.873s] -- Up-to-date symlink: /home/zyme/ros_ws/Autoware_sim_test/install/tier4_debug_msgs/include/tier4_debug_msgs/tier4_debug_msgs/msg/multi_array_layout.h
[0.873s] -- Up-to-date symlink: /home/zyme/ros_ws/Autoware_sim_test/install/tier4_debug_msgs/include/tier4_debug_msgs/tier4_debug_msgs/msg/rosidl_generator_c__visibility_control.h
[0.873s] -- Up-to-date symlink: /home/zyme/ros_ws/Autoware_sim_test/install/tier4_debug_msgs/include/tier4_debug_msgs/tier4_debug_msgs/msg/string_stamped.h
[0.874s] -- Up-to-date symlink: /home/zyme/ros_ws/Autoware_sim_test/install/tier4_debug_msgs/share/tier4_debug_msgs/environment/library_path.sh
[0.874s] -- Up-to-date symlink: /home/zyme/ros_ws/Autoware_sim_test/install/tier4_debug_msgs/share/tier4_debug_msgs/environment/library_path.dsv
[0.875s] -- Up-to-date symlink: /home/zyme/ros_ws/Autoware_sim_test/install/tier4_debug_msgs/include/tier4_debug_msgs/tier4_debug_msgs/msg/detail/bool_stamped__rosidl_typesupport_fastrtps_c.h
[0.875s] -- Up-to-date symlink: /home/zyme/ros_ws/Autoware_sim_test/install/tier4_debug_msgs/include/tier4_debug_msgs/tier4_debug_msgs/msg/detail/float32_multi_array_stamped__rosidl_typesupport_fastrtps_c.h
[0.875s] -- Up-to-date symlink: /home/zyme/ros_ws/Autoware_sim_test/install/tier4_debug_msgs/include/tier4_debug_msgs/tier4_debug_msgs/msg/detail/float32_stamped__rosidl_typesupport_fastrtps_c.h
[0.875s] -- Up-to-date symlink: /home/zyme/ros_ws/Autoware_sim_test/install/tier4_debug_msgs/include/tier4_debug_msgs/tier4_debug_msgs/msg/detail/float64_multi_array_stamped__rosidl_typesupport_fastrtps_c.h
[0.875s] -- Up-to-date symlink: /home/zyme/ros_ws/Autoware_sim_test/install/tier4_debug_msgs/include/tier4_debug_msgs/tier4_debug_msgs/msg/detail/float64_stamped__rosidl_typesupport_fastrtps_c.h
[0.875s] -- Up-to-date symlink: /home/zyme/ros_ws/Autoware_sim_test/install/tier4_debug_msgs/include/tier4_debug_msgs/tier4_debug_msgs/msg/detail/int32_multi_array_stamped__rosidl_typesupport_fastrtps_c.h
[0.875s] -- Up-to-date symlink: /home/zyme/ros_ws/Autoware_sim_test/install/tier4_debug_msgs/include/tier4_debug_msgs/tier4_debug_msgs/msg/detail/int32_stamped__rosidl_typesupport_fastrtps_c.h
[0.876s] -- Up-to-date symlink: /home/zyme/ros_ws/Autoware_sim_test/install/tier4_debug_msgs/include/tier4_debug_msgs/tier4_debug_msgs/msg/detail/int64_multi_array_stamped__rosidl_typesupport_fastrtps_c.h
[0.876s] -- Up-to-date symlink: /home/zyme/ros_ws/Autoware_sim_test/install/tier4_debug_msgs/include/tier4_debug_msgs/tier4_debug_msgs/msg/detail/int64_stamped__rosidl_typesupport_fastrtps_c.h
[0.876s] -- Up-to-date symlink: /home/zyme/ros_ws/Autoware_sim_test/install/tier4_debug_msgs/include/tier4_debug_msgs/tier4_debug_msgs/msg/detail/multi_array_dimension__rosidl_typesupport_fastrtps_c.h
[0.876s] -- Up-to-date symlink: /home/zyme/ros_ws/Autoware_sim_test/install/tier4_debug_msgs/include/tier4_debug_msgs/tier4_debug_msgs/msg/detail/multi_array_layout__rosidl_typesupport_fastrtps_c.h
[0.876s] -- Up-to-date symlink: /home/zyme/ros_ws/Autoware_sim_test/install/tier4_debug_msgs/include/tier4_debug_msgs/tier4_debug_msgs/msg/detail/string_stamped__rosidl_typesupport_fastrtps_c.h
[0.876s] -- Up-to-date symlink: /home/zyme/ros_ws/Autoware_sim_test/install/tier4_debug_msgs/include/tier4_debug_msgs/tier4_debug_msgs/msg/rosidl_typesupport_fastrtps_c__visibility_control.h
[0.877s] -- Up-to-date symlink: /home/zyme/ros_ws/Autoware_sim_test/install/tier4_debug_msgs/include/tier4_debug_msgs/tier4_debug_msgs/msg/detail/bool_stamped__rosidl_typesupport_introspection_c.h
[0.877s] -- Up-to-date symlink: /home/zyme/ros_ws/Autoware_sim_test/install/tier4_debug_msgs/include/tier4_debug_msgs/tier4_debug_msgs/msg/detail/float32_multi_array_stamped__rosidl_typesupport_introspection_c.h
[0.877s] -- Up-to-date symlink: /home/zyme/ros_ws/Autoware_sim_test/install/tier4_debug_msgs/include/tier4_debug_msgs/tier4_debug_msgs/msg/detail/float32_stamped__rosidl_typesupport_introspection_c.h
[0.877s] -- Up-to-date symlink: /home/zyme/ros_ws/Autoware_sim_test/install/tier4_debug_msgs/include/tier4_debug_msgs/tier4_debug_msgs/msg/detail/float64_multi_array_stamped__rosidl_typesupport_introspection_c.h
[0.877s] -- Up-to-date symlink: /home/zyme/ros_ws/Autoware_sim_test/install/tier4_debug_msgs/include/tier4_debug_msgs/tier4_debug_msgs/msg/detail/float64_stamped__rosidl_typesupport_introspection_c.h
[0.877s] -- Up-to-date symlink: /home/zyme/ros_ws/Autoware_sim_test/install/tier4_debug_msgs/include/tier4_debug_msgs/tier4_debug_msgs/msg/detail/int32_multi_array_stamped__rosidl_typesupport_introspection_c.h
[0.878s] -- Up-to-date symlink: /home/zyme/ros_ws/Autoware_sim_test/install/tier4_debug_msgs/include/tier4_debug_msgs/tier4_debug_msgs/msg/detail/int32_stamped__rosidl_typesupport_introspection_c.h
[0.878s] -- Up-to-date symlink: /home/zyme/ros_ws/Autoware_sim_test/install/tier4_debug_msgs/include/tier4_debug_msgs/tier4_debug_msgs/msg/detail/int64_multi_array_stamped__rosidl_typesupport_introspection_c.h
[0.878s] -- Up-to-date symlink: /home/zyme/ros_ws/Autoware_sim_test/install/tier4_debug_msgs/include/tier4_debug_msgs/tier4_debug_msgs/msg/detail/int64_stamped__rosidl_typesupport_introspection_c.h
[0.878s] -- Up-to-date symlink: /home/zyme/ros_ws/Autoware_sim_test/install/tier4_debug_msgs/include/tier4_debug_msgs/tier4_debug_msgs/msg/detail/multi_array_dimension__rosidl_typesupport_introspection_c.h
[0.878s] -- Up-to-date symlink: /home/zyme/ros_ws/Autoware_sim_test/install/tier4_debug_msgs/include/tier4_debug_msgs/tier4_debug_msgs/msg/detail/multi_array_layout__rosidl_typesupport_introspection_c.h
[0.878s] -- Up-to-date symlink: /home/zyme/ros_ws/Autoware_sim_test/install/tier4_debug_msgs/include/tier4_debug_msgs/tier4_debug_msgs/msg/detail/string_stamped__rosidl_typesupport_introspection_c.h
[0.879s] -- Up-to-date symlink: /home/zyme/ros_ws/Autoware_sim_test/install/tier4_debug_msgs/include/tier4_debug_msgs/tier4_debug_msgs/msg/rosidl_typesupport_introspection_c__visibility_control.h
[0.879s] -- Up-to-date symlink: /home/zyme/ros_ws/Autoware_sim_test/install/tier4_debug_msgs/include/tier4_debug_msgs/tier4_debug_msgs/msg/bool_stamped.hpp
[0.879s] -- Up-to-date symlink: /home/zyme/ros_ws/Autoware_sim_test/install/tier4_debug_msgs/include/tier4_debug_msgs/tier4_debug_msgs/msg/detail/bool_stamped__builder.hpp
[0.879s] -- Up-to-date symlink: /home/zyme/ros_ws/Autoware_sim_test/install/tier4_debug_msgs/include/tier4_debug_msgs/tier4_debug_msgs/msg/detail/bool_stamped__struct.hpp
[0.880s] -- Up-to-date symlink: /home/zyme/ros_ws/Autoware_sim_test/install/tier4_debug_msgs/include/tier4_debug_msgs/tier4_debug_msgs/msg/detail/bool_stamped__traits.hpp
[0.880s] -- Up-to-date symlink: /home/zyme/ros_ws/Autoware_sim_test/install/tier4_debug_msgs/include/tier4_debug_msgs/tier4_debug_msgs/msg/detail/float32_multi_array_stamped__builder.hpp
[0.880s] -- Up-to-date symlink: /home/zyme/ros_ws/Autoware_sim_test/install/tier4_debug_msgs/include/tier4_debug_msgs/tier4_debug_msgs/msg/detail/float32_multi_array_stamped__struct.hpp
[0.880s] -- Up-to-date symlink: /home/zyme/ros_ws/Autoware_sim_test/install/tier4_debug_msgs/include/tier4_debug_msgs/tier4_debug_msgs/msg/detail/float32_multi_array_stamped__traits.hpp
[0.880s] -- Up-to-date symlink: /home/zyme/ros_ws/Autoware_sim_test/install/tier4_debug_msgs/include/tier4_debug_msgs/tier4_debug_msgs/msg/detail/float32_stamped__builder.hpp
[0.880s] -- Up-to-date symlink: /home/zyme/ros_ws/Autoware_sim_test/install/tier4_debug_msgs/include/tier4_debug_msgs/tier4_debug_msgs/msg/detail/float32_stamped__struct.hpp
[0.880s] -- Up-to-date symlink: /home/zyme/ros_ws/Autoware_sim_test/install/tier4_debug_msgs/include/tier4_debug_msgs/tier4_debug_msgs/msg/detail/float32_stamped__traits.hpp
[0.881s] -- Up-to-date symlink: /home/zyme/ros_ws/Autoware_sim_test/install/tier4_debug_msgs/include/tier4_debug_msgs/tier4_debug_msgs/msg/detail/float64_multi_array_stamped__builder.hpp
[0.881s] -- Up-to-date symlink: /home/zyme/ros_ws/Autoware_sim_test/install/tier4_debug_msgs/include/tier4_debug_msgs/tier4_debug_msgs/msg/detail/float64_multi_array_stamped__struct.hpp
[0.881s] -- Up-to-date symlink: /home/zyme/ros_ws/Autoware_sim_test/install/tier4_debug_msgs/include/tier4_debug_msgs/tier4_debug_msgs/msg/detail/float64_multi_array_stamped__traits.hpp
[0.882s] -- Up-to-date symlink: /home/zyme/ros_ws/Autoware_sim_test/install/tier4_debug_msgs/include/tier4_debug_msgs/tier4_debug_msgs/msg/detail/float64_stamped__builder.hpp
[0.882s] -- Up-to-date symlink: /home/zyme/ros_ws/Autoware_sim_test/install/tier4_debug_msgs/include/tier4_debug_msgs/tier4_debug_msgs/msg/detail/float64_stamped__struct.hpp
[0.882s] -- Up-to-date symlink: /home/zyme/ros_ws/Autoware_sim_test/install/tier4_debug_msgs/include/tier4_debug_msgs/tier4_debug_msgs/msg/detail/float64_stamped__traits.hpp
[0.882s] -- Up-to-date symlink: /home/zyme/ros_ws/Autoware_sim_test/install/tier4_debug_msgs/include/tier4_debug_msgs/tier4_debug_msgs/msg/detail/int32_multi_array_stamped__builder.hpp
[0.883s] -- Up-to-date symlink: /home/zyme/ros_ws/Autoware_sim_test/install/tier4_debug_msgs/include/tier4_debug_msgs/tier4_debug_msgs/msg/detail/int32_multi_array_stamped__struct.hpp
[0.883s] -- Up-to-date symlink: /home/zyme/ros_ws/Autoware_sim_test/install/tier4_debug_msgs/include/tier4_debug_msgs/tier4_debug_msgs/msg/detail/int32_multi_array_stamped__traits.hpp
[0.883s] -- Up-to-date symlink: /home/zyme/ros_ws/Autoware_sim_test/install/tier4_debug_msgs/include/tier4_debug_msgs/tier4_debug_msgs/msg/detail/int32_stamped__builder.hpp
[0.883s] -- Up-to-date symlink: /home/zyme/ros_ws/Autoware_sim_test/install/tier4_debug_msgs/include/tier4_debug_msgs/tier4_debug_msgs/msg/detail/int32_stamped__struct.hpp
[0.883s] -- Up-to-date symlink: /home/zyme/ros_ws/Autoware_sim_test/install/tier4_debug_msgs/include/tier4_debug_msgs/tier4_debug_msgs/msg/detail/int32_stamped__traits.hpp
[0.883s] -- Up-to-date symlink: /home/zyme/ros_ws/Autoware_sim_test/install/tier4_debug_msgs/include/tier4_debug_msgs/tier4_debug_msgs/msg/detail/int64_multi_array_stamped__builder.hpp
[0.884s] -- Up-to-date symlink: /home/zyme/ros_ws/Autoware_sim_test/install/tier4_debug_msgs/include/tier4_debug_msgs/tier4_debug_msgs/msg/detail/int64_multi_array_stamped__struct.hpp
[0.884s] -- Up-to-date symlink: /home/zyme/ros_ws/Autoware_sim_test/install/tier4_debug_msgs/include/tier4_debug_msgs/tier4_debug_msgs/msg/detail/int64_multi_array_stamped__traits.hpp
[0.884s] -- Up-to-date symlink: /home/zyme/ros_ws/Autoware_sim_test/install/tier4_debug_msgs/include/tier4_debug_msgs/tier4_debug_msgs/msg/detail/int64_stamped__builder.hpp
[0.884s] -- Up-to-date symlink: /home/zyme/ros_ws/Autoware_sim_test/install/tier4_debug_msgs/include/tier4_debug_msgs/tier4_debug_msgs/msg/detail/int64_stamped__struct.hpp
[0.884s] -- Up-to-date symlink: /home/zyme/ros_ws/Autoware_sim_test/install/tier4_debug_msgs/include/tier4_debug_msgs/tier4_debug_msgs/msg/detail/int64_stamped__traits.hpp
[0.884s] -- Up-to-date symlink: /home/zyme/ros_ws/Autoware_sim_test/install/tier4_debug_msgs/include/tier4_debug_msgs/tier4_debug_msgs/msg/detail/multi_array_dimension__builder.hpp
[0.885s] -- Up-to-date symlink: /home/zyme/ros_ws/Autoware_sim_test/install/tier4_debug_msgs/include/tier4_debug_msgs/tier4_debug_msgs/msg/detail/multi_array_dimension__struct.hpp
[0.885s] -- Up-to-date symlink: /home/zyme/ros_ws/Autoware_sim_test/install/tier4_debug_msgs/include/tier4_debug_msgs/tier4_debug_msgs/msg/detail/multi_array_dimension__traits.hpp
[0.885s] -- Up-to-date symlink: /home/zyme/ros_ws/Autoware_sim_test/install/tier4_debug_msgs/include/tier4_debug_msgs/tier4_debug_msgs/msg/detail/multi_array_layout__builder.hpp
[0.885s] -- Up-to-date symlink: /home/zyme/ros_ws/Autoware_sim_test/install/tier4_debug_msgs/include/tier4_debug_msgs/tier4_debug_msgs/msg/detail/multi_array_layout__struct.hpp
[0.885s] -- Up-to-date symlink: /home/zyme/ros_ws/Autoware_sim_test/install/tier4_debug_msgs/include/tier4_debug_msgs/tier4_debug_msgs/msg/detail/multi_array_layout__traits.hpp
[0.886s] -- Up-to-date symlink: /home/zyme/ros_ws/Autoware_sim_test/install/tier4_debug_msgs/include/tier4_debug_msgs/tier4_debug_msgs/msg/detail/string_stamped__builder.hpp
[0.886s] -- Up-to-date symlink: /home/zyme/ros_ws/Autoware_sim_test/install/tier4_debug_msgs/include/tier4_debug_msgs/tier4_debug_msgs/msg/detail/string_stamped__struct.hpp
[0.886s] -- Up-to-date symlink: /home/zyme/ros_ws/Autoware_sim_test/install/tier4_debug_msgs/include/tier4_debug_msgs/tier4_debug_msgs/msg/detail/string_stamped__traits.hpp
[0.886s] -- Up-to-date symlink: /home/zyme/ros_ws/Autoware_sim_test/install/tier4_debug_msgs/include/tier4_debug_msgs/tier4_debug_msgs/msg/float32_multi_array_stamped.hpp
[0.886s] -- Up-to-date symlink: /home/zyme/ros_ws/Autoware_sim_test/install/tier4_debug_msgs/include/tier4_debug_msgs/tier4_debug_msgs/msg/float32_stamped.hpp
[0.886s] -- Up-to-date symlink: /home/zyme/ros_ws/Autoware_sim_test/install/tier4_debug_msgs/include/tier4_debug_msgs/tier4_debug_msgs/msg/float64_multi_array_stamped.hpp
[0.886s] -- Up-to-date symlink: /home/zyme/ros_ws/Autoware_sim_test/install/tier4_debug_msgs/include/tier4_debug_msgs/tier4_debug_msgs/msg/float64_stamped.hpp
[0.886s] -- Up-to-date symlink: /home/zyme/ros_ws/Autoware_sim_test/install/tier4_debug_msgs/include/tier4_debug_msgs/tier4_debug_msgs/msg/int32_multi_array_stamped.hpp
[0.886s] -- Up-to-date symlink: /home/zyme/ros_ws/Autoware_sim_test/install/tier4_debug_msgs/include/tier4_debug_msgs/tier4_debug_msgs/msg/int32_stamped.hpp
[0.887s] -- Up-to-date symlink: /home/zyme/ros_ws/Autoware_sim_test/install/tier4_debug_msgs/include/tier4_debug_msgs/tier4_debug_msgs/msg/int64_multi_array_stamped.hpp
[0.887s] -- Up-to-date symlink: /home/zyme/ros_ws/Autoware_sim_test/install/tier4_debug_msgs/include/tier4_debug_msgs/tier4_debug_msgs/msg/int64_stamped.hpp
[0.887s] -- Up-to-date symlink: /home/zyme/ros_ws/Autoware_sim_test/install/tier4_debug_msgs/include/tier4_debug_msgs/tier4_debug_msgs/msg/multi_array_dimension.hpp
[0.887s] -- Up-to-date symlink: /home/zyme/ros_ws/Autoware_sim_test/install/tier4_debug_msgs/include/tier4_debug_msgs/tier4_debug_msgs/msg/multi_array_layout.hpp
[0.887s] -- Up-to-date symlink: /home/zyme/ros_ws/Autoware_sim_test/install/tier4_debug_msgs/include/tier4_debug_msgs/tier4_debug_msgs/msg/string_stamped.hpp
[0.888s] -- Up-to-date symlink: /home/zyme/ros_ws/Autoware_sim_test/install/tier4_debug_msgs/include/tier4_debug_msgs/tier4_debug_msgs/msg/detail/bool_stamped__rosidl_typesupport_fastrtps_cpp.hpp
[0.888s] -- Up-to-date symlink: /home/zyme/ros_ws/Autoware_sim_test/install/tier4_debug_msgs/include/tier4_debug_msgs/tier4_debug_msgs/msg/detail/float32_multi_array_stamped__rosidl_typesupport_fastrtps_cpp.hpp
[0.888s] -- Up-to-date symlink: /home/zyme/ros_ws/Autoware_sim_test/install/tier4_debug_msgs/include/tier4_debug_msgs/tier4_debug_msgs/msg/detail/float32_stamped__rosidl_typesupport_fastrtps_cpp.hpp
[0.888s] -- Up-to-date symlink: /home/zyme/ros_ws/Autoware_sim_test/install/tier4_debug_msgs/include/tier4_debug_msgs/tier4_debug_msgs/msg/detail/float64_multi_array_stamped__rosidl_typesupport_fastrtps_cpp.hpp
[0.888s] -- Up-to-date symlink: /home/zyme/ros_ws/Autoware_sim_test/install/tier4_debug_msgs/include/tier4_debug_msgs/tier4_debug_msgs/msg/detail/float64_stamped__rosidl_typesupport_fastrtps_cpp.hpp
[0.889s] -- Up-to-date symlink: /home/zyme/ros_ws/Autoware_sim_test/install/tier4_debug_msgs/include/tier4_debug_msgs/tier4_debug_msgs/msg/detail/int32_multi_array_stamped__rosidl_typesupport_fastrtps_cpp.hpp
[0.889s] -- Up-to-date symlink: /home/zyme/ros_ws/Autoware_sim_test/install/tier4_debug_msgs/include/tier4_debug_msgs/tier4_debug_msgs/msg/detail/int32_stamped__rosidl_typesupport_fastrtps_cpp.hpp
[0.889s] -- Up-to-date symlink: /home/zyme/ros_ws/Autoware_sim_test/install/tier4_debug_msgs/include/tier4_debug_msgs/tier4_debug_msgs/msg/detail/int64_multi_array_stamped__rosidl_typesupport_fastrtps_cpp.hpp
[0.889s] -- Up-to-date symlink: /home/zyme/ros_ws/Autoware_sim_test/install/tier4_debug_msgs/include/tier4_debug_msgs/tier4_debug_msgs/msg/detail/int64_stamped__rosidl_typesupport_fastrtps_cpp.hpp
[0.889s] -- Up-to-date symlink: /home/zyme/ros_ws/Autoware_sim_test/install/tier4_debug_msgs/include/tier4_debug_msgs/tier4_debug_msgs/msg/detail/multi_array_dimension__rosidl_typesupport_fastrtps_cpp.hpp
[0.889s] -- Up-to-date symlink: /home/zyme/ros_ws/Autoware_sim_test/install/tier4_debug_msgs/include/tier4_debug_msgs/tier4_debug_msgs/msg/detail/multi_array_layout__rosidl_typesupport_fastrtps_cpp.hpp
[0.889s] -- Up-to-date symlink: /home/zyme/ros_ws/Autoware_sim_test/install/tier4_debug_msgs/include/tier4_debug_msgs/tier4_debug_msgs/msg/detail/string_stamped__rosidl_typesupport_fastrtps_cpp.hpp
[0.889s] -- Up-to-date symlink: /home/zyme/ros_ws/Autoware_sim_test/install/tier4_debug_msgs/include/tier4_debug_msgs/tier4_debug_msgs/msg/rosidl_typesupport_fastrtps_cpp__visibility_control.h
[0.890s] -- Up-to-date symlink: /home/zyme/ros_ws/Autoware_sim_test/install/tier4_debug_msgs/include/tier4_debug_msgs/tier4_debug_msgs/msg/detail/bool_stamped__rosidl_typesupport_introspection_cpp.hpp
[0.890s] -- Up-to-date symlink: /home/zyme/ros_ws/Autoware_sim_test/install/tier4_debug_msgs/include/tier4_debug_msgs/tier4_debug_msgs/msg/detail/float32_multi_array_stamped__rosidl_typesupport_introspection_cpp.hpp
[0.890s] -- Up-to-date symlink: /home/zyme/ros_ws/Autoware_sim_test/install/tier4_debug_msgs/include/tier4_debug_msgs/tier4_debug_msgs/msg/detail/float32_stamped__rosidl_typesupport_introspection_cpp.hpp
[0.890s] -- Up-to-date symlink: /home/zyme/ros_ws/Autoware_sim_test/install/tier4_debug_msgs/include/tier4_debug_msgs/tier4_debug_msgs/msg/detail/float64_multi_array_stamped__rosidl_typesupport_introspection_cpp.hpp
[0.890s] -- Up-to-date symlink: /home/zyme/ros_ws/Autoware_sim_test/install/tier4_debug_msgs/include/tier4_debug_msgs/tier4_debug_msgs/msg/detail/float64_stamped__rosidl_typesupport_introspection_cpp.hpp
[0.891s] -- Up-to-date symlink: /home/zyme/ros_ws/Autoware_sim_test/install/tier4_debug_msgs/include/tier4_debug_msgs/tier4_debug_msgs/msg/detail/int32_multi_array_stamped__rosidl_typesupport_introspection_cpp.hpp
[0.891s] -- Up-to-date symlink: /home/zyme/ros_ws/Autoware_sim_test/install/tier4_debug_msgs/include/tier4_debug_msgs/tier4_debug_msgs/msg/detail/int32_stamped__rosidl_typesupport_introspection_cpp.hpp
[0.891s] -- Up-to-date symlink: /home/zyme/ros_ws/Autoware_sim_test/install/tier4_debug_msgs/include/tier4_debug_msgs/tier4_debug_msgs/msg/detail/int64_multi_array_stamped__rosidl_typesupport_introspection_cpp.hpp
[0.891s] -- Up-to-date symlink: /home/zyme/ros_ws/Autoware_sim_test/install/tier4_debug_msgs/include/tier4_debug_msgs/tier4_debug_msgs/msg/detail/int64_stamped__rosidl_typesupport_introspection_cpp.hpp
[0.891s] -- Up-to-date symlink: /home/zyme/ros_ws/Autoware_sim_test/install/tier4_debug_msgs/include/tier4_debug_msgs/tier4_debug_msgs/msg/detail/multi_array_dimension__rosidl_typesupport_introspection_cpp.hpp
[0.891s] -- Up-to-date symlink: /home/zyme/ros_ws/Autoware_sim_test/install/tier4_debug_msgs/include/tier4_debug_msgs/tier4_debug_msgs/msg/detail/multi_array_layout__rosidl_typesupport_introspection_cpp.hpp
[0.891s] -- Up-to-date symlink: /home/zyme/ros_ws/Autoware_sim_test/install/tier4_debug_msgs/include/tier4_debug_msgs/tier4_debug_msgs/msg/detail/string_stamped__rosidl_typesupport_introspection_cpp.hpp
[0.892s] -- Up-to-date symlink: /home/zyme/ros_ws/Autoware_sim_test/install/tier4_debug_msgs/share/tier4_debug_msgs/environment/pythonpath.sh
[0.892s] -- Up-to-date symlink: /home/zyme/ros_ws/Autoware_sim_test/install/tier4_debug_msgs/share/tier4_debug_msgs/environment/pythonpath.dsv
[0.892s] -- Up-to-date symlink: /home/zyme/ros_ws/Autoware_sim_test/install/tier4_debug_msgs/local/lib/python3.10/dist-packages/tier4_debug_msgs-0.1.0-py3.10.egg-info/PKG-INFO
[0.892s] -- Up-to-date symlink: /home/zyme/ros_ws/Autoware_sim_test/install/tier4_debug_msgs/local/lib/python3.10/dist-packages/tier4_debug_msgs-0.1.0-py3.10.egg-info/SOURCES.txt
[0.893s] -- Up-to-date symlink: /home/zyme/ros_ws/Autoware_sim_test/install/tier4_debug_msgs/local/lib/python3.10/dist-packages/tier4_debug_msgs-0.1.0-py3.10.egg-info/dependency_links.txt
[0.893s] -- Up-to-date symlink: /home/zyme/ros_ws/Autoware_sim_test/install/tier4_debug_msgs/local/lib/python3.10/dist-packages/tier4_debug_msgs-0.1.0-py3.10.egg-info/top_level.txt
[0.894s] -- Up-to-date symlink: /home/zyme/ros_ws/Autoware_sim_test/install/tier4_debug_msgs/local/lib/python3.10/dist-packages/tier4_debug_msgs/__init__.py
[0.894s] -- Up-to-date symlink: /home/zyme/ros_ws/Autoware_sim_test/install/tier4_debug_msgs/local/lib/python3.10/dist-packages/tier4_debug_msgs/_tier4_debug_msgs_s.ep.rosidl_typesupport_c.c
[0.894s] -- Up-to-date symlink: /home/zyme/ros_ws/Autoware_sim_test/install/tier4_debug_msgs/local/lib/python3.10/dist-packages/tier4_debug_msgs/_tier4_debug_msgs_s.ep.rosidl_typesupport_fastrtps_c.c
[0.894s] -- Up-to-date symlink: /home/zyme/ros_ws/Autoware_sim_test/install/tier4_debug_msgs/local/lib/python3.10/dist-packages/tier4_debug_msgs/_tier4_debug_msgs_s.ep.rosidl_typesupport_introspection_c.c
[0.894s] -- Up-to-date symlink: /home/zyme/ros_ws/Autoware_sim_test/install/tier4_debug_msgs/local/lib/python3.10/dist-packages/tier4_debug_msgs/libtier4_debug_msgs__rosidl_generator_py.so
[0.895s] -- Up-to-date symlink: /home/zyme/ros_ws/Autoware_sim_test/install/tier4_debug_msgs/local/lib/python3.10/dist-packages/tier4_debug_msgs/msg/__init__.py
[0.895s] -- Up-to-date symlink: /home/zyme/ros_ws/Autoware_sim_test/install/tier4_debug_msgs/local/lib/python3.10/dist-packages/tier4_debug_msgs/msg/_bool_stamped.py
[0.895s] -- Up-to-date symlink: /home/zyme/ros_ws/Autoware_sim_test/install/tier4_debug_msgs/local/lib/python3.10/dist-packages/tier4_debug_msgs/msg/_bool_stamped_s.c
[0.895s] -- Up-to-date symlink: /home/zyme/ros_ws/Autoware_sim_test/install/tier4_debug_msgs/local/lib/python3.10/dist-packages/tier4_debug_msgs/msg/_float32_multi_array_stamped.py
[0.895s] -- Up-to-date symlink: /home/zyme/ros_ws/Autoware_sim_test/install/tier4_debug_msgs/local/lib/python3.10/dist-packages/tier4_debug_msgs/msg/_float32_multi_array_stamped_s.c
[0.895s] -- Up-to-date symlink: /home/zyme/ros_ws/Autoware_sim_test/install/tier4_debug_msgs/local/lib/python3.10/dist-packages/tier4_debug_msgs/msg/_float32_stamped.py
[0.896s] -- Up-to-date symlink: /home/zyme/ros_ws/Autoware_sim_test/install/tier4_debug_msgs/local/lib/python3.10/dist-packages/tier4_debug_msgs/msg/_float32_stamped_s.c
[0.896s] -- Up-to-date symlink: /home/zyme/ros_ws/Autoware_sim_test/install/tier4_debug_msgs/local/lib/python3.10/dist-packages/tier4_debug_msgs/msg/_float64_multi_array_stamped.py
[0.896s] -- Up-to-date symlink: /home/zyme/ros_ws/Autoware_sim_test/install/tier4_debug_msgs/local/lib/python3.10/dist-packages/tier4_debug_msgs/msg/_float64_multi_array_stamped_s.c
[0.896s] -- Up-to-date symlink: /home/zyme/ros_ws/Autoware_sim_test/install/tier4_debug_msgs/local/lib/python3.10/dist-packages/tier4_debug_msgs/msg/_float64_stamped.py
[0.896s] -- Up-to-date symlink: /home/zyme/ros_ws/Autoware_sim_test/install/tier4_debug_msgs/local/lib/python3.10/dist-packages/tier4_debug_msgs/msg/_float64_stamped_s.c
[0.897s] -- Up-to-date symlink: /home/zyme/ros_ws/Autoware_sim_test/install/tier4_debug_msgs/local/lib/python3.10/dist-packages/tier4_debug_msgs/msg/_int32_multi_array_stamped.py
[0.897s] -- Up-to-date symlink: /home/zyme/ros_ws/Autoware_sim_test/install/tier4_debug_msgs/local/lib/python3.10/dist-packages/tier4_debug_msgs/msg/_int32_multi_array_stamped_s.c
[0.897s] -- Up-to-date symlink: /home/zyme/ros_ws/Autoware_sim_test/install/tier4_debug_msgs/local/lib/python3.10/dist-packages/tier4_debug_msgs/msg/_int32_stamped.py
[0.897s] -- Up-to-date symlink: /home/zyme/ros_ws/Autoware_sim_test/install/tier4_debug_msgs/local/lib/python3.10/dist-packages/tier4_debug_msgs/msg/_int32_stamped_s.c
[0.898s] -- Up-to-date symlink: /home/zyme/ros_ws/Autoware_sim_test/install/tier4_debug_msgs/local/lib/python3.10/dist-packages/tier4_debug_msgs/msg/_int64_multi_array_stamped.py
[0.898s] -- Up-to-date symlink: /home/zyme/ros_ws/Autoware_sim_test/install/tier4_debug_msgs/local/lib/python3.10/dist-packages/tier4_debug_msgs/msg/_int64_multi_array_stamped_s.c
[0.898s] -- Up-to-date symlink: /home/zyme/ros_ws/Autoware_sim_test/install/tier4_debug_msgs/local/lib/python3.10/dist-packages/tier4_debug_msgs/msg/_int64_stamped.py
[0.898s] -- Up-to-date symlink: /home/zyme/ros_ws/Autoware_sim_test/install/tier4_debug_msgs/local/lib/python3.10/dist-packages/tier4_debug_msgs/msg/_int64_stamped_s.c
[0.898s] -- Up-to-date symlink: /home/zyme/ros_ws/Autoware_sim_test/install/tier4_debug_msgs/local/lib/python3.10/dist-packages/tier4_debug_msgs/msg/_multi_array_dimension.py
[0.898s] -- Up-to-date symlink: /home/zyme/ros_ws/Autoware_sim_test/install/tier4_debug_msgs/local/lib/python3.10/dist-packages/tier4_debug_msgs/msg/_multi_array_dimension_s.c
[0.899s] -- Up-to-date symlink: /home/zyme/ros_ws/Autoware_sim_test/install/tier4_debug_msgs/local/lib/python3.10/dist-packages/tier4_debug_msgs/msg/_multi_array_layout.py
[0.899s] -- Up-to-date symlink: /home/zyme/ros_ws/Autoware_sim_test/install/tier4_debug_msgs/local/lib/python3.10/dist-packages/tier4_debug_msgs/msg/_multi_array_layout_s.c
[0.899s] -- Up-to-date symlink: /home/zyme/ros_ws/Autoware_sim_test/install/tier4_debug_msgs/local/lib/python3.10/dist-packages/tier4_debug_msgs/msg/_string_stamped.py
[0.899s] -- Up-to-date symlink: /home/zyme/ros_ws/Autoware_sim_test/install/tier4_debug_msgs/local/lib/python3.10/dist-packages/tier4_debug_msgs/msg/_string_stamped_s.c
[0.899s] -- Up-to-date symlink: /home/zyme/ros_ws/Autoware_sim_test/install/tier4_debug_msgs/local/lib/python3.10/dist-packages/tier4_debug_msgs/tier4_debug_msgs_s__rosidl_typesupport_c.cpython-310-x86_64-linux-gnu.so
[0.900s] -- Up-to-date symlink: /home/zyme/ros_ws/Autoware_sim_test/install/tier4_debug_msgs/local/lib/python3.10/dist-packages/tier4_debug_msgs/tier4_debug_msgs_s__rosidl_typesupport_fastrtps_c.cpython-310-x86_64-linux-gnu.so
[0.900s] -- Up-to-date symlink: /home/zyme/ros_ws/Autoware_sim_test/install/tier4_debug_msgs/local/lib/python3.10/dist-packages/tier4_debug_msgs/tier4_debug_msgs_s__rosidl_typesupport_introspection_c.cpython-310-x86_64-linux-gnu.so
[0.900s] -- Up-to-date symlink: /home/zyme/ros_ws/Autoware_sim_test/install/tier4_debug_msgs/local/lib/python3.10/dist-packages/tier4_debug_msgs/tier4_debug_msgs_s__rosidl_typesupport_fastrtps_c.cpython-310-x86_64-linux-gnu.so
[0.900s] -- Up-to-date symlink: /home/zyme/ros_ws/Autoware_sim_test/install/tier4_debug_msgs/local/lib/python3.10/dist-packages/tier4_debug_msgs/tier4_debug_msgs_s__rosidl_typesupport_introspection_c.cpython-310-x86_64-linux-gnu.so
[0.901s] -- Up-to-date symlink: /home/zyme/ros_ws/Autoware_sim_test/install/tier4_debug_msgs/local/lib/python3.10/dist-packages/tier4_debug_msgs/tier4_debug_msgs_s__rosidl_typesupport_c.cpython-310-x86_64-linux-gnu.so
[0.901s] -- Up-to-date symlink: /home/zyme/ros_ws/Autoware_sim_test/install/tier4_debug_msgs/share/tier4_debug_msgs/msg/MultiArrayDimension.idl
[0.901s] -- Up-to-date symlink: /home/zyme/ros_ws/Autoware_sim_test/install/tier4_debug_msgs/share/tier4_debug_msgs/msg/MultiArrayLayout.idl
[0.902s] -- Up-to-date symlink: /home/zyme/ros_ws/Autoware_sim_test/install/tier4_debug_msgs/share/tier4_debug_msgs/msg/BoolStamped.idl
[0.902s] -- Up-to-date symlink: /home/zyme/ros_ws/Autoware_sim_test/install/tier4_debug_msgs/share/tier4_debug_msgs/msg/Float32Stamped.idl
[0.902s] -- Up-to-date symlink: /home/zyme/ros_ws/Autoware_sim_test/install/tier4_debug_msgs/share/tier4_debug_msgs/msg/Float32MultiArrayStamped.idl
[0.902s] -- Up-to-date symlink: /home/zyme/ros_ws/Autoware_sim_test/install/tier4_debug_msgs/share/tier4_debug_msgs/msg/Float64Stamped.idl
[0.902s] -- Up-to-date symlink: /home/zyme/ros_ws/Autoware_sim_test/install/tier4_debug_msgs/share/tier4_debug_msgs/msg/Float64MultiArrayStamped.idl
[0.903s] -- Up-to-date symlink: /home/zyme/ros_ws/Autoware_sim_test/install/tier4_debug_msgs/share/tier4_debug_msgs/msg/Int32Stamped.idl
[0.903s] -- Up-to-date symlink: /home/zyme/ros_ws/Autoware_sim_test/install/tier4_debug_msgs/share/tier4_debug_msgs/msg/Int32MultiArrayStamped.idl
[0.903s] -- Up-to-date symlink: /home/zyme/ros_ws/Autoware_sim_test/install/tier4_debug_msgs/share/tier4_debug_msgs/msg/Int64Stamped.idl
[0.903s] -- Up-to-date symlink: /home/zyme/ros_ws/Autoware_sim_test/install/tier4_debug_msgs/share/tier4_debug_msgs/msg/Int64MultiArrayStamped.idl
[0.904s] -- Up-to-date symlink: /home/zyme/ros_ws/Autoware_sim_test/install/tier4_debug_msgs/share/tier4_debug_msgs/msg/StringStamped.idl
[0.904s] -- Up-to-date symlink: /home/zyme/ros_ws/Autoware_sim_test/install/tier4_debug_msgs/share/tier4_debug_msgs/msg/MultiArrayDimension.msg
[0.904s] -- Up-to-date symlink: /home/zyme/ros_ws/Autoware_sim_test/install/tier4_debug_msgs/share/tier4_debug_msgs/msg/MultiArrayLayout.msg
[0.904s] -- Up-to-date symlink: /home/zyme/ros_ws/Autoware_sim_test/install/tier4_debug_msgs/share/tier4_debug_msgs/msg/BoolStamped.msg
[0.905s] -- Up-to-date symlink: /home/zyme/ros_ws/Autoware_sim_test/install/tier4_debug_msgs/share/tier4_debug_msgs/msg/Float32Stamped.msg
[0.905s] -- Up-to-date symlink: /home/zyme/ros_ws/Autoware_sim_test/install/tier4_debug_msgs/share/tier4_debug_msgs/msg/Float32MultiArrayStamped.msg
[0.905s] -- Up-to-date symlink: /home/zyme/ros_ws/Autoware_sim_test/install/tier4_debug_msgs/share/tier4_debug_msgs/msg/Float64Stamped.msg
[0.905s] -- Up-to-date symlink: /home/zyme/ros_ws/Autoware_sim_test/install/tier4_debug_msgs/share/tier4_debug_msgs/msg/Float64MultiArrayStamped.msg
[0.906s] -- Up-to-date symlink: /home/zyme/ros_ws/Autoware_sim_test/install/tier4_debug_msgs/share/tier4_debug_msgs/msg/Int32Stamped.msg
[0.906s] -- Up-to-date symlink: /home/zyme/ros_ws/Autoware_sim_test/install/tier4_debug_msgs/share/tier4_debug_msgs/msg/Int32MultiArrayStamped.msg
[0.906s] -- Up-to-date symlink: /home/zyme/ros_ws/Autoware_sim_test/install/tier4_debug_msgs/share/tier4_debug_msgs/msg/Int64Stamped.msg
[0.906s] -- Up-to-date symlink: /home/zyme/ros_ws/Autoware_sim_test/install/tier4_debug_msgs/share/tier4_debug_msgs/msg/Int64MultiArrayStamped.msg
[0.907s] -- Up-to-date symlink: /home/zyme/ros_ws/Autoware_sim_test/install/tier4_debug_msgs/share/tier4_debug_msgs/msg/StringStamped.msg
[0.907s] -- Up-to-date symlink: /home/zyme/ros_ws/Autoware_sim_test/install/tier4_debug_msgs/share/ament_index/resource_index/package_run_dependencies/tier4_debug_msgs
[0.907s] -- Up-to-date symlink: /home/zyme/ros_ws/Autoware_sim_test/install/tier4_debug_msgs/share/ament_index/resource_index/parent_prefix_path/tier4_debug_msgs
[0.908s] -- Up-to-date symlink: /home/zyme/ros_ws/Autoware_sim_test/install/tier4_debug_msgs/share/tier4_debug_msgs/environment/ament_prefix_path.sh
[0.908s] -- Up-to-date symlink: /home/zyme/ros_ws/Autoware_sim_test/install/tier4_debug_msgs/share/tier4_debug_msgs/environment/ament_prefix_path.dsv
[0.908s] -- Up-to-date symlink: /home/zyme/ros_ws/Autoware_sim_test/install/tier4_debug_msgs/share/tier4_debug_msgs/environment/path.sh
[0.908s] -- Up-to-date symlink: /home/zyme/ros_ws/Autoware_sim_test/install/tier4_debug_msgs/share/tier4_debug_msgs/environment/path.dsv
[0.909s] -- Up-to-date symlink: /home/zyme/ros_ws/Autoware_sim_test/install/tier4_debug_msgs/share/tier4_debug_msgs/local_setup.bash
[0.909s] -- Up-to-date symlink: /home/zyme/ros_ws/Autoware_sim_test/install/tier4_debug_msgs/share/tier4_debug_msgs/local_setup.sh
[0.909s] -- Up-to-date symlink: /home/zyme/ros_ws/Autoware_sim_test/install/tier4_debug_msgs/share/tier4_debug_msgs/local_setup.zsh
[0.909s] -- Up-to-date symlink: /home/zyme/ros_ws/Autoware_sim_test/install/tier4_debug_msgs/share/tier4_debug_msgs/local_setup.dsv
[0.910s] -- Symlinking: /home/zyme/ros_ws/Autoware_sim_test/install/tier4_debug_msgs/share/tier4_debug_msgs/package.dsv
[0.919s] -- Up-to-date symlink: /home/zyme/ros_ws/Autoware_sim_test/install/tier4_debug_msgs/share/ament_index/resource_index/packages/tier4_debug_msgs
[0.919s] -- Up-to-date symlink: /home/zyme/ros_ws/Autoware_sim_test/install/tier4_debug_msgs/share/tier4_debug_msgs/cmake/rosidl_cmake-extras.cmake
[0.919s] -- Up-to-date symlink: /home/zyme/ros_ws/Autoware_sim_test/install/tier4_debug_msgs/share/tier4_debug_msgs/cmake/ament_cmake_export_dependencies-extras.cmake
[0.919s] -- Up-to-date symlink: /home/zyme/ros_ws/Autoware_sim_test/install/tier4_debug_msgs/share/tier4_debug_msgs/cmake/ament_cmake_export_include_directories-extras.cmake
[0.919s] -- Up-to-date symlink: /home/zyme/ros_ws/Autoware_sim_test/install/tier4_debug_msgs/share/tier4_debug_msgs/cmake/ament_cmake_export_libraries-extras.cmake
[0.920s] -- Up-to-date symlink: /home/zyme/ros_ws/Autoware_sim_test/install/tier4_debug_msgs/share/tier4_debug_msgs/cmake/ament_cmake_export_targets-extras.cmake
[0.920s] -- Up-to-date symlink: /home/zyme/ros_ws/Autoware_sim_test/install/tier4_debug_msgs/share/tier4_debug_msgs/cmake/rosidl_cmake_export_typesupport_targets-extras.cmake
[0.920s] -- Up-to-date symlink: /home/zyme/ros_ws/Autoware_sim_test/install/tier4_debug_msgs/share/tier4_debug_msgs/cmake/rosidl_cmake_export_typesupport_libraries-extras.cmake
[0.920s] -- Up-to-date symlink: /home/zyme/ros_ws/Autoware_sim_test/install/tier4_debug_msgs/share/tier4_debug_msgs/cmake/tier4_debug_msgsConfig.cmake
[0.920s] -- Up-to-date symlink: /home/zyme/ros_ws/Autoware_sim_test/install/tier4_debug_msgs/share/tier4_debug_msgs/cmake/tier4_debug_msgsConfig-version.cmake
[0.921s] -- Up-to-date symlink: /home/zyme/ros_ws/Autoware_sim_test/install/tier4_debug_msgs/share/tier4_debug_msgs/package.xml
[0.921s] -- Up-to-date: /home/zyme/ros_ws/Autoware_sim_test/install/tier4_debug_msgs/lib/libtier4_debug_msgs__rosidl_generator_c.so
[0.921s] -- Up-to-date: /home/zyme/ros_ws/Autoware_sim_test/install/tier4_debug_msgs/lib/libtier4_debug_msgs__rosidl_typesupport_fastrtps_c.so
[0.922s] -- Up-to-date: /home/zyme/ros_ws/Autoware_sim_test/install/tier4_debug_msgs/lib/libtier4_debug_msgs__rosidl_typesupport_introspection_c.so
[0.922s] -- Up-to-date: /home/zyme/ros_ws/Autoware_sim_test/install/tier4_debug_msgs/lib/libtier4_debug_msgs__rosidl_typesupport_c.so
[0.923s] -- Up-to-date: /home/zyme/ros_ws/Autoware_sim_test/install/tier4_debug_msgs/lib/libtier4_debug_msgs__rosidl_typesupport_fastrtps_cpp.so
[0.923s] -- Up-to-date: /home/zyme/ros_ws/Autoware_sim_test/install/tier4_debug_msgs/lib/libtier4_debug_msgs__rosidl_typesupport_introspection_cpp.so
[0.924s] -- Up-to-date: /home/zyme/ros_ws/Autoware_sim_test/install/tier4_debug_msgs/lib/libtier4_debug_msgs__rosidl_typesupport_cpp.so
[0.955s] Listing '/home/zyme/ros_ws/Autoware_sim_test/install/tier4_debug_msgs/local/lib/python3.10/dist-packages/tier4_debug_msgs'...
[0.955s] Listing '/home/zyme/ros_ws/Autoware_sim_test/install/tier4_debug_msgs/local/lib/python3.10/dist-packages/tier4_debug_msgs/msg'...
[0.960s] -- Up-to-date: /home/zyme/ros_ws/Autoware_sim_test/install/tier4_debug_msgs/lib/libtier4_debug_msgs__rosidl_generator_py.so
[0.961s] -- Up-to-date: /home/zyme/ros_ws/Autoware_sim_test/install/tier4_debug_msgs/share/tier4_debug_msgs/cmake/export_tier4_debug_msgs__rosidl_generator_cExport.cmake
[0.961s] -- Up-to-date: /home/zyme/ros_ws/Autoware_sim_test/install/tier4_debug_msgs/share/tier4_debug_msgs/cmake/export_tier4_debug_msgs__rosidl_generator_cExport-release.cmake
[0.961s] -- Up-to-date: /home/zyme/ros_ws/Autoware_sim_test/install/tier4_debug_msgs/share/tier4_debug_msgs/cmake/export_tier4_debug_msgs__rosidl_typesupport_fastrtps_cExport.cmake
[0.962s] -- Up-to-date: /home/zyme/ros_ws/Autoware_sim_test/install/tier4_debug_msgs/share/tier4_debug_msgs/cmake/export_tier4_debug_msgs__rosidl_typesupport_fastrtps_cExport-release.cmake
[0.962s] -- Up-to-date: /home/zyme/ros_ws/Autoware_sim_test/install/tier4_debug_msgs/share/tier4_debug_msgs/cmake/tier4_debug_msgs__rosidl_typesupport_introspection_cExport.cmake
[0.962s] -- Up-to-date: /home/zyme/ros_ws/Autoware_sim_test/install/tier4_debug_msgs/share/tier4_debug_msgs/cmake/tier4_debug_msgs__rosidl_typesupport_introspection_cExport-release.cmake
[0.963s] -- Up-to-date: /home/zyme/ros_ws/Autoware_sim_test/install/tier4_debug_msgs/share/tier4_debug_msgs/cmake/tier4_debug_msgs__rosidl_typesupport_cExport.cmake
[0.963s] -- Up-to-date: /home/zyme/ros_ws/Autoware_sim_test/install/tier4_debug_msgs/share/tier4_debug_msgs/cmake/tier4_debug_msgs__rosidl_typesupport_cExport-release.cmake
[0.963s] -- Up-to-date: /home/zyme/ros_ws/Autoware_sim_test/install/tier4_debug_msgs/share/tier4_debug_msgs/cmake/export_tier4_debug_msgs__rosidl_generator_cppExport.cmake
[0.963s] -- Up-to-date: /home/zyme/ros_ws/Autoware_sim_test/install/tier4_debug_msgs/share/tier4_debug_msgs/cmake/export_tier4_debug_msgs__rosidl_typesupport_fastrtps_cppExport.cmake
[0.963s] -- Up-to-date: /home/zyme/ros_ws/Autoware_sim_test/install/tier4_debug_msgs/share/tier4_debug_msgs/cmake/export_tier4_debug_msgs__rosidl_typesupport_fastrtps_cppExport-release.cmake
[0.963s] -- Up-to-date: /home/zyme/ros_ws/Autoware_sim_test/install/tier4_debug_msgs/share/tier4_debug_msgs/cmake/tier4_debug_msgs__rosidl_typesupport_introspection_cppExport.cmake
[0.963s] -- Up-to-date: /home/zyme/ros_ws/Autoware_sim_test/install/tier4_debug_msgs/share/tier4_debug_msgs/cmake/tier4_debug_msgs__rosidl_typesupport_introspection_cppExport-release.cmake
[0.964s] -- Up-to-date: /home/zyme/ros_ws/Autoware_sim_test/install/tier4_debug_msgs/share/tier4_debug_msgs/cmake/tier4_debug_msgs__rosidl_typesupport_cppExport.cmake
[0.964s] -- Up-to-date: /home/zyme/ros_ws/Autoware_sim_test/install/tier4_debug_msgs/share/tier4_debug_msgs/cmake/tier4_debug_msgs__rosidl_typesupport_cppExport-release.cmake
[0.964s] -- Up-to-date: /home/zyme/ros_ws/Autoware_sim_test/install/tier4_debug_msgs/share/tier4_debug_msgs/cmake/export_tier4_debug_msgs__rosidl_generator_pyExport.cmake
[0.964s] -- Up-to-date: /home/zyme/ros_ws/Autoware_sim_test/install/tier4_debug_msgs/share/tier4_debug_msgs/cmake/export_tier4_debug_msgs__rosidl_generator_pyExport-release.cmake
[0.966s] Invoked command in '/home/zyme/ros_ws/Autoware_sim_test/build/tier4_debug_msgs' returned '0': CMAKE_PREFIX_PATH=/opt/ros/humble /usr/bin/cmake --install /home/zyme/ros_ws/Autoware_sim_test/build/tier4_debug_msgs
