[0.058s] Invoking command in '/home/zyme/ros_ws/Autoware_sim_test/build/tier4_logging_level_configure_rviz_plugin': AMENT_PREFIX_PATH=/home/zyme/ros_ws/Autoware_sim_test/install/autoware_cmake:/home/zyme/ros_ws/Autoware_sim_test/install/autoware_lint_common:${AMENT_PREFIX_PATH} CMAKE_PREFIX_PATH=/home/zyme/ros_ws/Autoware_sim_test/install/autoware_cmake:/home/zyme/ros_ws/Autoware_sim_test/install/autoware_lint_common:/opt/ros/humble /usr/bin/cmake --build /home/zyme/ros_ws/Autoware_sim_test/build/tier4_logging_level_configure_rviz_plugin -- -j12 -l12
[0.105s] [ 25%] [34m[1mAutomatic MOC for target tier4_logging_level_configure_rviz_plugin[0m
[0.125s] [ 25%] Built target tier4_logging_level_configure_rviz_plugin_autogen
[0.151s] [100%] Built target tier4_logging_level_configure_rviz_plugin
[0.161s] Invoked command in '/home/zyme/ros_ws/Autoware_sim_test/build/tier4_logging_level_configure_rviz_plugin' returned '0': AMENT_PREFIX_PATH=/home/zyme/ros_ws/Autoware_sim_test/install/autoware_cmake:/home/zyme/ros_ws/Autoware_sim_test/install/autoware_lint_common:${AMENT_PREFIX_PATH} CMAKE_PREFIX_PATH=/home/zyme/ros_ws/Autoware_sim_test/install/autoware_cmake:/home/zyme/ros_ws/Autoware_sim_test/install/autoware_lint_common:/opt/ros/humble /usr/bin/cmake --build /home/zyme/ros_ws/Autoware_sim_test/build/tier4_logging_level_configure_rviz_plugin -- -j12 -l12
[0.189s] Invoking command in '/home/zyme/ros_ws/Autoware_sim_test/build/tier4_logging_level_configure_rviz_plugin': AMENT_PREFIX_PATH=/home/zyme/ros_ws/Autoware_sim_test/install/autoware_cmake:/home/zyme/ros_ws/Autoware_sim_test/install/autoware_lint_common:${AMENT_PREFIX_PATH} CMAKE_PREFIX_PATH=/home/zyme/ros_ws/Autoware_sim_test/install/autoware_cmake:/home/zyme/ros_ws/Autoware_sim_test/install/autoware_lint_common:/opt/ros/humble /usr/bin/cmake --install /home/zyme/ros_ws/Autoware_sim_test/build/tier4_logging_level_configure_rviz_plugin
[0.195s] -- Install configuration: "Release"
[0.195s] -- Execute custom install script
[0.196s] -- Up-to-date symlink: /home/zyme/ros_ws/Autoware_sim_test/install/tier4_logging_level_configure_rviz_plugin/share/tier4_logging_level_configure_rviz_plugin/plugins/plugin_description.xml
[0.196s] -- Up-to-date symlink: /home/zyme/ros_ws/Autoware_sim_test/install/tier4_logging_level_configure_rviz_plugin/include/tier4_logging_level_configure_rviz_plugin/logging_level_configure.hpp
[0.196s] -- Up-to-date symlink: /home/zyme/ros_ws/Autoware_sim_test/install/tier4_logging_level_configure_rviz_plugin/share/tier4_logging_level_configure_rviz_plugin/environment/library_path.sh
[0.196s] -- Up-to-date symlink: /home/zyme/ros_ws/Autoware_sim_test/install/tier4_logging_level_configure_rviz_plugin/share/tier4_logging_level_configure_rviz_plugin/environment/library_path.dsv
[0.196s] -- Up-to-date symlink: /home/zyme/ros_ws/Autoware_sim_test/install/tier4_logging_level_configure_rviz_plugin/lib/libtier4_logging_level_configure_rviz_plugin.so
[0.197s] -- Up-to-date symlink: /home/zyme/ros_ws/Autoware_sim_test/install/tier4_logging_level_configure_rviz_plugin/share/tier4_logging_level_configure_rviz_plugin/plugins/plugin_description.xml
[0.197s] -- Up-to-date symlink: /home/zyme/ros_ws/Autoware_sim_test/install/tier4_logging_level_configure_rviz_plugin/share/tier4_logging_level_configure_rviz_plugin/config/logger_config.yaml
[0.197s] -- Up-to-date symlink: /home/zyme/ros_ws/Autoware_sim_test/install/tier4_logging_level_configure_rviz_plugin/share/ament_index/resource_index/package_run_dependencies/tier4_logging_level_configure_rviz_plugin
[0.197s] -- Up-to-date symlink: /home/zyme/ros_ws/Autoware_sim_test/install/tier4_logging_level_configure_rviz_plugin/share/ament_index/resource_index/parent_prefix_path/tier4_logging_level_configure_rviz_plugin
[0.198s] -- Up-to-date symlink: /home/zyme/ros_ws/Autoware_sim_test/install/tier4_logging_level_configure_rviz_plugin/share/tier4_logging_level_configure_rviz_plugin/environment/ament_prefix_path.sh
[0.198s] -- Up-to-date symlink: /home/zyme/ros_ws/Autoware_sim_test/install/tier4_logging_level_configure_rviz_plugin/share/tier4_logging_level_configure_rviz_plugin/environment/ament_prefix_path.dsv
[0.198s] -- Up-to-date symlink: /home/zyme/ros_ws/Autoware_sim_test/install/tier4_logging_level_configure_rviz_plugin/share/tier4_logging_level_configure_rviz_plugin/environment/path.sh
[0.198s] -- Up-to-date symlink: /home/zyme/ros_ws/Autoware_sim_test/install/tier4_logging_level_configure_rviz_plugin/share/tier4_logging_level_configure_rviz_plugin/environment/path.dsv
[0.198s] -- Up-to-date symlink: /home/zyme/ros_ws/Autoware_sim_test/install/tier4_logging_level_configure_rviz_plugin/share/tier4_logging_level_configure_rviz_plugin/local_setup.bash
[0.198s] -- Up-to-date symlink: /home/zyme/ros_ws/Autoware_sim_test/install/tier4_logging_level_configure_rviz_plugin/share/tier4_logging_level_configure_rviz_plugin/local_setup.sh
[0.198s] -- Up-to-date symlink: /home/zyme/ros_ws/Autoware_sim_test/install/tier4_logging_level_configure_rviz_plugin/share/tier4_logging_level_configure_rviz_plugin/local_setup.zsh
[0.199s] -- Up-to-date symlink: /home/zyme/ros_ws/Autoware_sim_test/install/tier4_logging_level_configure_rviz_plugin/share/tier4_logging_level_configure_rviz_plugin/local_setup.dsv
[0.199s] -- Symlinking: /home/zyme/ros_ws/Autoware_sim_test/install/tier4_logging_level_configure_rviz_plugin/share/tier4_logging_level_configure_rviz_plugin/package.dsv
[0.207s] -- Up-to-date symlink: /home/zyme/ros_ws/Autoware_sim_test/install/tier4_logging_level_configure_rviz_plugin/share/ament_index/resource_index/packages/tier4_logging_level_configure_rviz_plugin
[0.207s] -- Up-to-date symlink: /home/zyme/ros_ws/Autoware_sim_test/install/tier4_logging_level_configure_rviz_plugin/share/ament_index/resource_index/rviz_common__pluginlib__plugin/tier4_logging_level_configure_rviz_plugin
[0.207s] -- Up-to-date symlink: /home/zyme/ros_ws/Autoware_sim_test/install/tier4_logging_level_configure_rviz_plugin/share/tier4_logging_level_configure_rviz_plugin/cmake/ament_cmake_export_dependencies-extras.cmake
[0.207s] -- Up-to-date symlink: /home/zyme/ros_ws/Autoware_sim_test/install/tier4_logging_level_configure_rviz_plugin/share/tier4_logging_level_configure_rviz_plugin/cmake/ament_cmake_export_include_directories-extras.cmake
[0.208s] -- Up-to-date symlink: /home/zyme/ros_ws/Autoware_sim_test/install/tier4_logging_level_configure_rviz_plugin/share/tier4_logging_level_configure_rviz_plugin/cmake/ament_cmake_export_libraries-extras.cmake
[0.208s] -- Up-to-date symlink: /home/zyme/ros_ws/Autoware_sim_test/install/tier4_logging_level_configure_rviz_plugin/share/tier4_logging_level_configure_rviz_plugin/cmake/tier4_logging_level_configure_rviz_pluginConfig.cmake
[0.208s] -- Up-to-date symlink: /home/zyme/ros_ws/Autoware_sim_test/install/tier4_logging_level_configure_rviz_plugin/share/tier4_logging_level_configure_rviz_plugin/cmake/tier4_logging_level_configure_rviz_pluginConfig-version.cmake
[0.208s] -- Up-to-date symlink: /home/zyme/ros_ws/Autoware_sim_test/install/tier4_logging_level_configure_rviz_plugin/share/tier4_logging_level_configure_rviz_plugin/package.xml
[0.210s] Invoked command in '/home/zyme/ros_ws/Autoware_sim_test/build/tier4_logging_level_configure_rviz_plugin' returned '0': AMENT_PREFIX_PATH=/home/zyme/ros_ws/Autoware_sim_test/install/autoware_cmake:/home/zyme/ros_ws/Autoware_sim_test/install/autoware_lint_common:${AMENT_PREFIX_PATH} CMAKE_PREFIX_PATH=/home/zyme/ros_ws/Autoware_sim_test/install/autoware_cmake:/home/zyme/ros_ws/Autoware_sim_test/install/autoware_lint_common:/opt/ros/humble /usr/bin/cmake --install /home/zyme/ros_ws/Autoware_sim_test/build/tier4_logging_level_configure_rviz_plugin
