[0.126s] Invoking command in '/home/zyme/ros_ws/Autoware_sim_test/build/autoware_sensing_msgs': CMAKE_PREFIX_PATH=/opt/ros/humble /usr/bin/cmake --build /home/zyme/ros_ws/Autoware_sim_test/build/autoware_sensing_msgs -- -j12 -l12
[0.268s] [  2%] Built target autoware_sensing_msgs__cpp
[0.270s] [ 12%] Built target autoware_sensing_msgs__rosidl_generator_c
[0.284s] [ 12%] Built target ament_cmake_python_symlink_autoware_sensing_msgs
[0.358s] [ 23%] Built target autoware_sensing_msgs__rosidl_typesupport_c
[0.363s] [ 33%] Built target autoware_sensing_msgs__rosidl_typesupport_fastrtps_c
[0.364s] [ 43%] Built target autoware_sensing_msgs__rosidl_typesupport_fastrtps_cpp
[0.364s] [ 53%] Built target autoware_sensing_msgs__rosidl_typesupport_introspection_cpp
[0.369s] [ 64%] Built target autoware_sensing_msgs__rosidl_typesupport_cpp
[0.376s] [ 74%] Built target autoware_sensing_msgs__rosidl_typesupport_introspection_c
[0.417s] [ 74%] Built target autoware_sensing_msgs
[0.465s] [ 76%] Built target autoware_sensing_msgs__py
[0.523s] [ 84%] Built target autoware_sensing_msgs__rosidl_generator_py
[0.608s] [ 89%] Built target autoware_sensing_msgs__rosidl_typesupport_c__pyext
[0.611s] [ 94%] Built target autoware_sensing_msgs__rosidl_typesupport_fastrtps_c__pyext
[0.616s] [100%] Built target autoware_sensing_msgs__rosidl_typesupport_introspection_c__pyext
[0.898s] running egg_info
[0.903s] writing autoware_sensing_msgs.egg-info/PKG-INFO
[0.903s] writing dependency_links to autoware_sensing_msgs.egg-info/dependency_links.txt
[0.903s] writing top-level names to autoware_sensing_msgs.egg-info/top_level.txt
[0.907s] reading manifest file 'autoware_sensing_msgs.egg-info/SOURCES.txt'
[0.908s] writing manifest file 'autoware_sensing_msgs.egg-info/SOURCES.txt'
[0.950s] [100%] Built target ament_cmake_python_build_autoware_sensing_msgs_egg
[0.968s] Invoked command in '/home/zyme/ros_ws/Autoware_sim_test/build/autoware_sensing_msgs' returned '0': CMAKE_PREFIX_PATH=/opt/ros/humble /usr/bin/cmake --build /home/zyme/ros_ws/Autoware_sim_test/build/autoware_sensing_msgs -- -j12 -l12
[1.107s] Invoking command in '/home/zyme/ros_ws/Autoware_sim_test/build/autoware_sensing_msgs': CMAKE_PREFIX_PATH=/opt/ros/humble /usr/bin/cmake --install /home/zyme/ros_ws/Autoware_sim_test/build/autoware_sensing_msgs
[1.117s] -- Install configuration: "Release"
[1.117s] -- Execute custom install script
[1.118s] -- Up-to-date symlink: /home/zyme/ros_ws/Autoware_sim_test/install/autoware_sensing_msgs/share/ament_index/resource_index/rosidl_interfaces/autoware_sensing_msgs
[1.120s] -- Up-to-date symlink: /home/zyme/ros_ws/Autoware_sim_test/install/autoware_sensing_msgs/include/autoware_sensing_msgs/autoware_sensing_msgs/msg/detail/gnss_ins_orientation__functions.h
[1.121s] -- Up-to-date symlink: /home/zyme/ros_ws/Autoware_sim_test/install/autoware_sensing_msgs/include/autoware_sensing_msgs/autoware_sensing_msgs/msg/detail/gnss_ins_orientation__struct.h
[1.121s] -- Up-to-date symlink: /home/zyme/ros_ws/Autoware_sim_test/install/autoware_sensing_msgs/include/autoware_sensing_msgs/autoware_sensing_msgs/msg/detail/gnss_ins_orientation__type_support.h
[1.121s] -- Up-to-date symlink: /home/zyme/ros_ws/Autoware_sim_test/install/autoware_sensing_msgs/include/autoware_sensing_msgs/autoware_sensing_msgs/msg/detail/gnss_ins_orientation_stamped__functions.h
[1.121s] -- Up-to-date symlink: /home/zyme/ros_ws/Autoware_sim_test/install/autoware_sensing_msgs/include/autoware_sensing_msgs/autoware_sensing_msgs/msg/detail/gnss_ins_orientation_stamped__struct.h
[1.121s] -- Up-to-date symlink: /home/zyme/ros_ws/Autoware_sim_test/install/autoware_sensing_msgs/include/autoware_sensing_msgs/autoware_sensing_msgs/msg/detail/gnss_ins_orientation_stamped__type_support.h
[1.122s] -- Up-to-date symlink: /home/zyme/ros_ws/Autoware_sim_test/install/autoware_sensing_msgs/include/autoware_sensing_msgs/autoware_sensing_msgs/msg/gnss_ins_orientation.h
[1.124s] -- Up-to-date symlink: /home/zyme/ros_ws/Autoware_sim_test/install/autoware_sensing_msgs/include/autoware_sensing_msgs/autoware_sensing_msgs/msg/gnss_ins_orientation_stamped.h
[1.124s] -- Up-to-date symlink: /home/zyme/ros_ws/Autoware_sim_test/install/autoware_sensing_msgs/include/autoware_sensing_msgs/autoware_sensing_msgs/msg/rosidl_generator_c__visibility_control.h
[1.125s] -- Up-to-date symlink: /home/zyme/ros_ws/Autoware_sim_test/install/autoware_sensing_msgs/share/autoware_sensing_msgs/environment/library_path.sh
[1.125s] -- Up-to-date symlink: /home/zyme/ros_ws/Autoware_sim_test/install/autoware_sensing_msgs/share/autoware_sensing_msgs/environment/library_path.dsv
[1.127s] -- Up-to-date symlink: /home/zyme/ros_ws/Autoware_sim_test/install/autoware_sensing_msgs/include/autoware_sensing_msgs/autoware_sensing_msgs/msg/detail/gnss_ins_orientation__rosidl_typesupport_fastrtps_c.h
[1.127s] -- Up-to-date symlink: /home/zyme/ros_ws/Autoware_sim_test/install/autoware_sensing_msgs/include/autoware_sensing_msgs/autoware_sensing_msgs/msg/detail/gnss_ins_orientation_stamped__rosidl_typesupport_fastrtps_c.h
[1.128s] -- Up-to-date symlink: /home/zyme/ros_ws/Autoware_sim_test/install/autoware_sensing_msgs/include/autoware_sensing_msgs/autoware_sensing_msgs/msg/rosidl_typesupport_fastrtps_c__visibility_control.h
[1.131s] -- Up-to-date symlink: /home/zyme/ros_ws/Autoware_sim_test/install/autoware_sensing_msgs/include/autoware_sensing_msgs/autoware_sensing_msgs/msg/detail/gnss_ins_orientation__builder.hpp
[1.136s] -- Up-to-date symlink: /home/zyme/ros_ws/Autoware_sim_test/install/autoware_sensing_msgs/include/autoware_sensing_msgs/autoware_sensing_msgs/msg/detail/gnss_ins_orientation__struct.hpp
[1.136s] -- Up-to-date symlink: /home/zyme/ros_ws/Autoware_sim_test/install/autoware_sensing_msgs/include/autoware_sensing_msgs/autoware_sensing_msgs/msg/detail/gnss_ins_orientation__traits.hpp
[1.136s] -- Up-to-date symlink: /home/zyme/ros_ws/Autoware_sim_test/install/autoware_sensing_msgs/include/autoware_sensing_msgs/autoware_sensing_msgs/msg/detail/gnss_ins_orientation_stamped__builder.hpp
[1.136s] -- Up-to-date symlink: /home/zyme/ros_ws/Autoware_sim_test/install/autoware_sensing_msgs/include/autoware_sensing_msgs/autoware_sensing_msgs/msg/detail/gnss_ins_orientation_stamped__struct.hpp
[1.136s] -- Up-to-date symlink: /home/zyme/ros_ws/Autoware_sim_test/install/autoware_sensing_msgs/include/autoware_sensing_msgs/autoware_sensing_msgs/msg/detail/gnss_ins_orientation_stamped__traits.hpp
[1.136s] -- Up-to-date symlink: /home/zyme/ros_ws/Autoware_sim_test/install/autoware_sensing_msgs/include/autoware_sensing_msgs/autoware_sensing_msgs/msg/gnss_ins_orientation.hpp
[1.139s] -- Up-to-date symlink: /home/zyme/ros_ws/Autoware_sim_test/install/autoware_sensing_msgs/include/autoware_sensing_msgs/autoware_sensing_msgs/msg/gnss_ins_orientation_stamped.hpp
[1.140s] -- Up-to-date symlink: /home/zyme/ros_ws/Autoware_sim_test/install/autoware_sensing_msgs/include/autoware_sensing_msgs/autoware_sensing_msgs/msg/detail/gnss_ins_orientation__rosidl_typesupport_fastrtps_cpp.hpp
[1.140s] -- Up-to-date symlink: /home/zyme/ros_ws/Autoware_sim_test/install/autoware_sensing_msgs/include/autoware_sensing_msgs/autoware_sensing_msgs/msg/detail/gnss_ins_orientation_stamped__rosidl_typesupport_fastrtps_cpp.hpp
[1.141s] -- Up-to-date symlink: /home/zyme/ros_ws/Autoware_sim_test/install/autoware_sensing_msgs/include/autoware_sensing_msgs/autoware_sensing_msgs/msg/rosidl_typesupport_fastrtps_cpp__visibility_control.h
[1.142s] -- Up-to-date symlink: /home/zyme/ros_ws/Autoware_sim_test/install/autoware_sensing_msgs/include/autoware_sensing_msgs/autoware_sensing_msgs/msg/detail/gnss_ins_orientation__rosidl_typesupport_introspection_c.h
[1.142s] -- Up-to-date symlink: /home/zyme/ros_ws/Autoware_sim_test/install/autoware_sensing_msgs/include/autoware_sensing_msgs/autoware_sensing_msgs/msg/detail/gnss_ins_orientation_stamped__rosidl_typesupport_introspection_c.h
[1.143s] -- Up-to-date symlink: /home/zyme/ros_ws/Autoware_sim_test/install/autoware_sensing_msgs/include/autoware_sensing_msgs/autoware_sensing_msgs/msg/rosidl_typesupport_introspection_c__visibility_control.h
[1.144s] -- Up-to-date symlink: /home/zyme/ros_ws/Autoware_sim_test/install/autoware_sensing_msgs/include/autoware_sensing_msgs/autoware_sensing_msgs/msg/detail/gnss_ins_orientation__rosidl_typesupport_introspection_cpp.hpp
[1.144s] -- Up-to-date symlink: /home/zyme/ros_ws/Autoware_sim_test/install/autoware_sensing_msgs/include/autoware_sensing_msgs/autoware_sensing_msgs/msg/detail/gnss_ins_orientation_stamped__rosidl_typesupport_introspection_cpp.hpp
[1.145s] -- Up-to-date symlink: /home/zyme/ros_ws/Autoware_sim_test/install/autoware_sensing_msgs/share/autoware_sensing_msgs/environment/pythonpath.sh
[1.150s] -- Up-to-date symlink: /home/zyme/ros_ws/Autoware_sim_test/install/autoware_sensing_msgs/share/autoware_sensing_msgs/environment/pythonpath.dsv
[1.150s] -- Up-to-date symlink: /home/zyme/ros_ws/Autoware_sim_test/install/autoware_sensing_msgs/local/lib/python3.10/dist-packages/autoware_sensing_msgs-1.0.0-py3.10.egg-info/PKG-INFO
[1.150s] -- Up-to-date symlink: /home/zyme/ros_ws/Autoware_sim_test/install/autoware_sensing_msgs/local/lib/python3.10/dist-packages/autoware_sensing_msgs-1.0.0-py3.10.egg-info/SOURCES.txt
[1.150s] -- Up-to-date symlink: /home/zyme/ros_ws/Autoware_sim_test/install/autoware_sensing_msgs/local/lib/python3.10/dist-packages/autoware_sensing_msgs-1.0.0-py3.10.egg-info/dependency_links.txt
[1.150s] -- Up-to-date symlink: /home/zyme/ros_ws/Autoware_sim_test/install/autoware_sensing_msgs/local/lib/python3.10/dist-packages/autoware_sensing_msgs-1.0.0-py3.10.egg-info/top_level.txt
[1.151s] -- Up-to-date symlink: /home/zyme/ros_ws/Autoware_sim_test/install/autoware_sensing_msgs/local/lib/python3.10/dist-packages/autoware_sensing_msgs/__init__.py
[1.151s] -- Up-to-date symlink: /home/zyme/ros_ws/Autoware_sim_test/install/autoware_sensing_msgs/local/lib/python3.10/dist-packages/autoware_sensing_msgs/_autoware_sensing_msgs_s.ep.rosidl_typesupport_c.c
[1.152s] -- Up-to-date symlink: /home/zyme/ros_ws/Autoware_sim_test/install/autoware_sensing_msgs/local/lib/python3.10/dist-packages/autoware_sensing_msgs/_autoware_sensing_msgs_s.ep.rosidl_typesupport_fastrtps_c.c
[1.152s] -- Up-to-date symlink: /home/zyme/ros_ws/Autoware_sim_test/install/autoware_sensing_msgs/local/lib/python3.10/dist-packages/autoware_sensing_msgs/_autoware_sensing_msgs_s.ep.rosidl_typesupport_introspection_c.c
[1.153s] -- Up-to-date symlink: /home/zyme/ros_ws/Autoware_sim_test/install/autoware_sensing_msgs/local/lib/python3.10/dist-packages/autoware_sensing_msgs/autoware_sensing_msgs_s__rosidl_typesupport_c.cpython-310-x86_64-linux-gnu.so
[1.153s] -- Up-to-date symlink: /home/zyme/ros_ws/Autoware_sim_test/install/autoware_sensing_msgs/local/lib/python3.10/dist-packages/autoware_sensing_msgs/autoware_sensing_msgs_s__rosidl_typesupport_fastrtps_c.cpython-310-x86_64-linux-gnu.so
[1.154s] -- Up-to-date symlink: /home/zyme/ros_ws/Autoware_sim_test/install/autoware_sensing_msgs/local/lib/python3.10/dist-packages/autoware_sensing_msgs/autoware_sensing_msgs_s__rosidl_typesupport_introspection_c.cpython-310-x86_64-linux-gnu.so
[1.154s] -- Up-to-date symlink: /home/zyme/ros_ws/Autoware_sim_test/install/autoware_sensing_msgs/local/lib/python3.10/dist-packages/autoware_sensing_msgs/libautoware_sensing_msgs__rosidl_generator_py.so
[1.155s] -- Up-to-date symlink: /home/zyme/ros_ws/Autoware_sim_test/install/autoware_sensing_msgs/local/lib/python3.10/dist-packages/autoware_sensing_msgs/msg/__init__.py
[1.155s] -- Up-to-date symlink: /home/zyme/ros_ws/Autoware_sim_test/install/autoware_sensing_msgs/local/lib/python3.10/dist-packages/autoware_sensing_msgs/msg/_gnss_ins_orientation.py
[1.156s] -- Up-to-date symlink: /home/zyme/ros_ws/Autoware_sim_test/install/autoware_sensing_msgs/local/lib/python3.10/dist-packages/autoware_sensing_msgs/msg/_gnss_ins_orientation_s.c
[1.156s] -- Up-to-date symlink: /home/zyme/ros_ws/Autoware_sim_test/install/autoware_sensing_msgs/local/lib/python3.10/dist-packages/autoware_sensing_msgs/msg/_gnss_ins_orientation_stamped.py
[1.157s] -- Up-to-date symlink: /home/zyme/ros_ws/Autoware_sim_test/install/autoware_sensing_msgs/local/lib/python3.10/dist-packages/autoware_sensing_msgs/msg/_gnss_ins_orientation_stamped_s.c
[1.157s] -- Up-to-date symlink: /home/zyme/ros_ws/Autoware_sim_test/install/autoware_sensing_msgs/local/lib/python3.10/dist-packages/autoware_sensing_msgs/autoware_sensing_msgs_s__rosidl_typesupport_fastrtps_c.cpython-310-x86_64-linux-gnu.so
[1.158s] -- Up-to-date symlink: /home/zyme/ros_ws/Autoware_sim_test/install/autoware_sensing_msgs/local/lib/python3.10/dist-packages/autoware_sensing_msgs/autoware_sensing_msgs_s__rosidl_typesupport_introspection_c.cpython-310-x86_64-linux-gnu.so
[1.159s] -- Up-to-date symlink: /home/zyme/ros_ws/Autoware_sim_test/install/autoware_sensing_msgs/local/lib/python3.10/dist-packages/autoware_sensing_msgs/autoware_sensing_msgs_s__rosidl_typesupport_c.cpython-310-x86_64-linux-gnu.so
[1.160s] -- Up-to-date symlink: /home/zyme/ros_ws/Autoware_sim_test/install/autoware_sensing_msgs/share/autoware_sensing_msgs/msg/GnssInsOrientation.idl
[1.160s] -- Up-to-date symlink: /home/zyme/ros_ws/Autoware_sim_test/install/autoware_sensing_msgs/share/autoware_sensing_msgs/msg/GnssInsOrientationStamped.idl
[1.161s] -- Up-to-date symlink: /home/zyme/ros_ws/Autoware_sim_test/install/autoware_sensing_msgs/share/autoware_sensing_msgs/msg/GnssInsOrientation.msg
[1.161s] -- Up-to-date symlink: /home/zyme/ros_ws/Autoware_sim_test/install/autoware_sensing_msgs/share/autoware_sensing_msgs/msg/GnssInsOrientationStamped.msg
[1.163s] -- Up-to-date symlink: /home/zyme/ros_ws/Autoware_sim_test/install/autoware_sensing_msgs/share/ament_index/resource_index/package_run_dependencies/autoware_sensing_msgs
[1.164s] -- Up-to-date symlink: /home/zyme/ros_ws/Autoware_sim_test/install/autoware_sensing_msgs/share/ament_index/resource_index/parent_prefix_path/autoware_sensing_msgs
[1.165s] -- Up-to-date symlink: /home/zyme/ros_ws/Autoware_sim_test/install/autoware_sensing_msgs/share/autoware_sensing_msgs/environment/ament_prefix_path.sh
[1.165s] -- Up-to-date symlink: /home/zyme/ros_ws/Autoware_sim_test/install/autoware_sensing_msgs/share/autoware_sensing_msgs/environment/ament_prefix_path.dsv
[1.166s] -- Up-to-date symlink: /home/zyme/ros_ws/Autoware_sim_test/install/autoware_sensing_msgs/share/autoware_sensing_msgs/environment/path.sh
[1.166s] -- Up-to-date symlink: /home/zyme/ros_ws/Autoware_sim_test/install/autoware_sensing_msgs/share/autoware_sensing_msgs/environment/path.dsv
[1.167s] -- Up-to-date symlink: /home/zyme/ros_ws/Autoware_sim_test/install/autoware_sensing_msgs/share/autoware_sensing_msgs/local_setup.bash
[1.167s] -- Up-to-date symlink: /home/zyme/ros_ws/Autoware_sim_test/install/autoware_sensing_msgs/share/autoware_sensing_msgs/local_setup.sh
[1.168s] -- Up-to-date symlink: /home/zyme/ros_ws/Autoware_sim_test/install/autoware_sensing_msgs/share/autoware_sensing_msgs/local_setup.zsh
[1.171s] -- Up-to-date symlink: /home/zyme/ros_ws/Autoware_sim_test/install/autoware_sensing_msgs/share/autoware_sensing_msgs/local_setup.dsv
[1.171s] -- Symlinking: /home/zyme/ros_ws/Autoware_sim_test/install/autoware_sensing_msgs/share/autoware_sensing_msgs/package.dsv
[1.189s] -- Up-to-date symlink: /home/zyme/ros_ws/Autoware_sim_test/install/autoware_sensing_msgs/share/ament_index/resource_index/packages/autoware_sensing_msgs
[1.189s] -- Up-to-date symlink: /home/zyme/ros_ws/Autoware_sim_test/install/autoware_sensing_msgs/share/autoware_sensing_msgs/cmake/rosidl_cmake-extras.cmake
[1.192s] -- Up-to-date symlink: /home/zyme/ros_ws/Autoware_sim_test/install/autoware_sensing_msgs/share/autoware_sensing_msgs/cmake/ament_cmake_export_dependencies-extras.cmake
[1.192s] -- Up-to-date symlink: /home/zyme/ros_ws/Autoware_sim_test/install/autoware_sensing_msgs/share/autoware_sensing_msgs/cmake/ament_cmake_export_include_directories-extras.cmake
[1.192s] -- Up-to-date symlink: /home/zyme/ros_ws/Autoware_sim_test/install/autoware_sensing_msgs/share/autoware_sensing_msgs/cmake/ament_cmake_export_libraries-extras.cmake
[1.193s] -- Up-to-date symlink: /home/zyme/ros_ws/Autoware_sim_test/install/autoware_sensing_msgs/share/autoware_sensing_msgs/cmake/ament_cmake_export_targets-extras.cmake
[1.194s] -- Up-to-date symlink: /home/zyme/ros_ws/Autoware_sim_test/install/autoware_sensing_msgs/share/autoware_sensing_msgs/cmake/rosidl_cmake_export_typesupport_targets-extras.cmake
[1.194s] -- Up-to-date symlink: /home/zyme/ros_ws/Autoware_sim_test/install/autoware_sensing_msgs/share/autoware_sensing_msgs/cmake/rosidl_cmake_export_typesupport_libraries-extras.cmake
[1.194s] -- Up-to-date symlink: /home/zyme/ros_ws/Autoware_sim_test/install/autoware_sensing_msgs/share/autoware_sensing_msgs/cmake/autoware_sensing_msgsConfig.cmake
[1.195s] -- Up-to-date symlink: /home/zyme/ros_ws/Autoware_sim_test/install/autoware_sensing_msgs/share/autoware_sensing_msgs/cmake/autoware_sensing_msgsConfig-version.cmake
[1.196s] -- Up-to-date symlink: /home/zyme/ros_ws/Autoware_sim_test/install/autoware_sensing_msgs/share/autoware_sensing_msgs/package.xml
[1.197s] -- Up-to-date: /home/zyme/ros_ws/Autoware_sim_test/install/autoware_sensing_msgs/lib/libautoware_sensing_msgs__rosidl_generator_c.so
[1.198s] -- Up-to-date: /home/zyme/ros_ws/Autoware_sim_test/install/autoware_sensing_msgs/lib/libautoware_sensing_msgs__rosidl_typesupport_fastrtps_c.so
[1.198s] -- Up-to-date: /home/zyme/ros_ws/Autoware_sim_test/install/autoware_sensing_msgs/lib/libautoware_sensing_msgs__rosidl_typesupport_fastrtps_cpp.so
[1.203s] -- Up-to-date: /home/zyme/ros_ws/Autoware_sim_test/install/autoware_sensing_msgs/lib/libautoware_sensing_msgs__rosidl_typesupport_introspection_c.so
[1.203s] -- Up-to-date: /home/zyme/ros_ws/Autoware_sim_test/install/autoware_sensing_msgs/lib/libautoware_sensing_msgs__rosidl_typesupport_c.so
[1.203s] -- Up-to-date: /home/zyme/ros_ws/Autoware_sim_test/install/autoware_sensing_msgs/lib/libautoware_sensing_msgs__rosidl_typesupport_introspection_cpp.so
[1.204s] -- Up-to-date: /home/zyme/ros_ws/Autoware_sim_test/install/autoware_sensing_msgs/lib/libautoware_sensing_msgs__rosidl_typesupport_cpp.so
[1.250s] Listing '/home/zyme/ros_ws/Autoware_sim_test/install/autoware_sensing_msgs/local/lib/python3.10/dist-packages/autoware_sensing_msgs'...
[1.251s] Listing '/home/zyme/ros_ws/Autoware_sim_test/install/autoware_sensing_msgs/local/lib/python3.10/dist-packages/autoware_sensing_msgs/msg'...
[1.252s] -- Up-to-date: /home/zyme/ros_ws/Autoware_sim_test/install/autoware_sensing_msgs/lib/libautoware_sensing_msgs__rosidl_generator_py.so
[1.253s] -- Up-to-date: /home/zyme/ros_ws/Autoware_sim_test/install/autoware_sensing_msgs/share/autoware_sensing_msgs/cmake/export_autoware_sensing_msgs__rosidl_generator_cExport.cmake
[1.254s] -- Up-to-date: /home/zyme/ros_ws/Autoware_sim_test/install/autoware_sensing_msgs/share/autoware_sensing_msgs/cmake/export_autoware_sensing_msgs__rosidl_generator_cExport-release.cmake
[1.254s] -- Up-to-date: /home/zyme/ros_ws/Autoware_sim_test/install/autoware_sensing_msgs/share/autoware_sensing_msgs/cmake/export_autoware_sensing_msgs__rosidl_typesupport_fastrtps_cExport.cmake
[1.254s] -- Up-to-date: /home/zyme/ros_ws/Autoware_sim_test/install/autoware_sensing_msgs/share/autoware_sensing_msgs/cmake/export_autoware_sensing_msgs__rosidl_typesupport_fastrtps_cExport-release.cmake
[1.255s] -- Up-to-date: /home/zyme/ros_ws/Autoware_sim_test/install/autoware_sensing_msgs/share/autoware_sensing_msgs/cmake/export_autoware_sensing_msgs__rosidl_generator_cppExport.cmake
[1.255s] -- Up-to-date: /home/zyme/ros_ws/Autoware_sim_test/install/autoware_sensing_msgs/share/autoware_sensing_msgs/cmake/export_autoware_sensing_msgs__rosidl_typesupport_fastrtps_cppExport.cmake
[1.255s] -- Up-to-date: /home/zyme/ros_ws/Autoware_sim_test/install/autoware_sensing_msgs/share/autoware_sensing_msgs/cmake/export_autoware_sensing_msgs__rosidl_typesupport_fastrtps_cppExport-release.cmake
[1.256s] -- Up-to-date: /home/zyme/ros_ws/Autoware_sim_test/install/autoware_sensing_msgs/share/autoware_sensing_msgs/cmake/autoware_sensing_msgs__rosidl_typesupport_introspection_cExport.cmake
[1.256s] -- Up-to-date: /home/zyme/ros_ws/Autoware_sim_test/install/autoware_sensing_msgs/share/autoware_sensing_msgs/cmake/autoware_sensing_msgs__rosidl_typesupport_introspection_cExport-release.cmake
[1.256s] -- Up-to-date: /home/zyme/ros_ws/Autoware_sim_test/install/autoware_sensing_msgs/share/autoware_sensing_msgs/cmake/autoware_sensing_msgs__rosidl_typesupport_cExport.cmake
[1.257s] -- Up-to-date: /home/zyme/ros_ws/Autoware_sim_test/install/autoware_sensing_msgs/share/autoware_sensing_msgs/cmake/autoware_sensing_msgs__rosidl_typesupport_cExport-release.cmake
[1.257s] -- Up-to-date: /home/zyme/ros_ws/Autoware_sim_test/install/autoware_sensing_msgs/share/autoware_sensing_msgs/cmake/autoware_sensing_msgs__rosidl_typesupport_introspection_cppExport.cmake
[1.257s] -- Up-to-date: /home/zyme/ros_ws/Autoware_sim_test/install/autoware_sensing_msgs/share/autoware_sensing_msgs/cmake/autoware_sensing_msgs__rosidl_typesupport_introspection_cppExport-release.cmake
[1.258s] -- Up-to-date: /home/zyme/ros_ws/Autoware_sim_test/install/autoware_sensing_msgs/share/autoware_sensing_msgs/cmake/autoware_sensing_msgs__rosidl_typesupport_cppExport.cmake
[1.258s] -- Up-to-date: /home/zyme/ros_ws/Autoware_sim_test/install/autoware_sensing_msgs/share/autoware_sensing_msgs/cmake/autoware_sensing_msgs__rosidl_typesupport_cppExport-release.cmake
[1.258s] -- Up-to-date: /home/zyme/ros_ws/Autoware_sim_test/install/autoware_sensing_msgs/share/autoware_sensing_msgs/cmake/export_autoware_sensing_msgs__rosidl_generator_pyExport.cmake
[1.258s] -- Up-to-date: /home/zyme/ros_ws/Autoware_sim_test/install/autoware_sensing_msgs/share/autoware_sensing_msgs/cmake/export_autoware_sensing_msgs__rosidl_generator_pyExport-release.cmake
[1.261s] Invoked command in '/home/zyme/ros_ws/Autoware_sim_test/build/autoware_sensing_msgs' returned '0': CMAKE_PREFIX_PATH=/opt/ros/humble /usr/bin/cmake --install /home/zyme/ros_ws/Autoware_sim_test/build/autoware_sensing_msgs
