-- The C compiler identification is GNU 11.4.0
-- The CXX compiler identification is GNU 11.4.0
-- Detecting C compiler ABI info
-- Detecting C compiler ABI info - done
-- Check for working C compiler: /usr/bin/cc - skipped
-- Detecting C compile features
-- Detecting C compile features - done
-- Detecting CXX compiler ABI info
-- Detecting CXX compiler ABI info - done
-- Check for working CXX compiler: /usr/bin/c++ - skipped
-- Detecting CXX compile features
-- Detecting CXX compile features - done
-- Found ament_cmake_auto: 1.3.8 (/opt/ros/humble/share/ament_cmake_auto/cmake)
-- Found Python3: /usr/bin/python3 (found version "3.10.12") found components: Interpreter 
-- Override CMake install command with custom implementation using symlinks instead of copying resources
-- Found eagleye_coordinate: 0.0.0 (/home/zyme/ros_ws/Autoware_sim_test/install/eagleye_coordinate/share/eagleye_coordinate/cmake)
-- Found rosidl_generator_c: 3.1.5 (/opt/ros/humble/share/rosidl_generator_c/cmake)
-- Found rosidl_adapter: 3.1.5 (/opt/ros/humble/share/rosidl_adapter/cmake)
-- Found rosidl_generator_cpp: 3.1.5 (/opt/ros/humble/share/rosidl_generator_cpp/cmake)
-- Using all available rosidl_typesupport_c: rosidl_typesupport_fastrtps_c;rosidl_typesupport_introspection_c
-- Using all available rosidl_typesupport_cpp: rosidl_typesupport_fastrtps_cpp;rosidl_typesupport_introspection_cpp
-- Found rmw_implementation_cmake: 6.1.1 (/opt/ros/humble/share/rmw_implementation_cmake/cmake)
-- Found rmw_cyclonedds_cpp: 1.3.4 (/opt/ros/humble/share/rmw_cyclonedds_cpp/cmake)
-- Using RMW implementation 'rmw_cyclonedds_cpp' as default
-- Looking for pthread.h
-- Looking for pthread.h - found
-- Performing Test CMAKE_HAVE_LIBC_PTHREAD
-- Performing Test CMAKE_HAVE_LIBC_PTHREAD - Success
-- Found Threads: TRUE  
-- Found PkgConfig: /usr/bin/pkg-config (found version "0.29.2") 
-- Found nmea_msgs: 2.0.0 (/opt/ros/humble/share/nmea_msgs/cmake)
-- Found radar_msgs: 0.2.1 (/opt/ros/humble/share/radar_msgs/cmake)
-- Found eigen3_cmake_module: 0.1.1 (/opt/ros/humble/share/eigen3_cmake_module/cmake)
-- Found Eigen3: TRUE (found version "3.4.0") 
-- Ensuring Eigen3 include directory is part of orocos-kdl CMake target
-- Found ament_lint_auto: 0.12.10 (/opt/ros/humble/share/ament_lint_auto/cmake)
-- Added test 'copyright' to check source files copyright and LICENSE
-- Added test 'cppcheck' to perform static code analysis on C / C++ code
-- Configured cppcheck include dirs: /home/zyme/ros_ws/Autoware_sim_test/src/autoware/src/universe/external/eagleye/eagleye_core/navigation/include;$<BUILD_INTERFACE:/home/zyme/ros_ws/Autoware_sim_test/src/autoware/src/universe/external/eagleye/eagleye_core/navigation/include>
-- Configured cppcheck exclude dirs and/or files: 
-- Added test 'cpplint' to check C / C++ code against the Google style
-- Configured cpplint exclude dirs and/or files: 
-- Added test 'lint_cmake' to check CMake code style
-- Added test 'uncrustify' to check C / C++ code style
-- Configured uncrustify additional arguments: 
-- Added test 'xmllint' to check XML markup files
-- Configuring done
-- Generating done
-- Build files have been written to: /home/zyme/ros_ws/Autoware_sim_test/build/eagleye_navigation
[ 15%] [32mBuilding CXX object CMakeFiles/eagleye_navigation.dir/src/angular_velocity_offset_stop.cpp.o[0m
[ 15%] [32mBuilding CXX object CMakeFiles/eagleye_navigation.dir/src/enable_additional_rolling.cpp.o[0m
[ 15%] [32mBuilding CXX object CMakeFiles/eagleye_navigation.dir/src/distance.cpp.o[0m
[ 25%] [32mBuilding CXX object CMakeFiles/eagleye_navigation.dir/src/rolling.cpp.o[0m
[ 25%] [32mBuilding CXX object CMakeFiles/eagleye_navigation.dir/src/heading_interpolate.cpp.o[0m
[ 30%] [32mBuilding CXX object CMakeFiles/eagleye_navigation.dir/src/height.cpp.o[0m
[ 40%] [32mBuilding CXX object CMakeFiles/eagleye_navigation.dir/src/position_interpolate.cpp.o[0m
[ 40%] [32mBuilding CXX object CMakeFiles/eagleye_navigation.dir/src/heading.cpp.o[0m
[ 50%] [32mBuilding CXX object CMakeFiles/eagleye_navigation.dir/src/slip_angle.cpp.o[0m
[ 50%] [32mBuilding CXX object CMakeFiles/eagleye_navigation.dir/src/position.cpp.o[0m
[ 55%] [32mBuilding CXX object CMakeFiles/eagleye_navigation.dir/src/smoothing.cpp.o[0m
[ 60%] [32mBuilding CXX object CMakeFiles/eagleye_navigation.dir/src/slip_coefficient.cpp.o[0m
[ 85%] [32mBuilding CXX object CMakeFiles/eagleye_navigation.dir/src/velocity_scale_factor.cpp.o[0m
[ 85%] [32mBuilding CXX object CMakeFiles/eagleye_navigation.dir/src/rtk_dead_reckoning.cpp.o[0m
[ 85%] [32mBuilding CXX object CMakeFiles/eagleye_navigation.dir/src/trajectory.cpp.o[0m
[ 85%] [32mBuilding CXX object CMakeFiles/eagleye_navigation.dir/src/rtk_heading.cpp.o[0m
[ 85%] [32mBuilding CXX object CMakeFiles/eagleye_navigation.dir/src/yaw_rate_offset_stop.cpp.o[0m
[ 90%] [32mBuilding CXX object CMakeFiles/eagleye_navigation.dir/src/yaw_rate_offset.cpp.o[0m
[ 95%] [32mBuilding CXX object CMakeFiles/eagleye_navigation.dir/src/velocity_estimator.cpp.o[0m
[100%] [32m[1mLinking CXX shared library libeagleye_navigation.so[0m
[100%] Built target eagleye_navigation
-- Install configuration: "Release"
-- Execute custom install script
-- Symlinking: /home/zyme/ros_ws/Autoware_sim_test/install/eagleye_navigation/lib/eagleye_navigation/libeagleye_navigation.so
-- Symlinking: /home/zyme/ros_ws/Autoware_sim_test/install/eagleye_navigation/share/eagleye_navigation/environment/library_path.sh
-- Symlinking: /home/zyme/ros_ws/Autoware_sim_test/install/eagleye_navigation/share/eagleye_navigation/environment/library_path.dsv
-- Symlinking: /home/zyme/ros_ws/Autoware_sim_test/install/eagleye_navigation/include/eagleye_navigation/eagleye_navigation.hpp
-- Symlinking: /home/zyme/ros_ws/Autoware_sim_test/install/eagleye_navigation/lib/libeagleye_navigation.so
-- Up-to-date symlink: /home/zyme/ros_ws/Autoware_sim_test/install/eagleye_navigation/include/eagleye_navigation/eagleye_navigation.hpp
-- Up-to-date symlink: /home/zyme/ros_ws/Autoware_sim_test/install/eagleye_navigation/lib/libeagleye_navigation.so
-- Symlinking: /home/zyme/ros_ws/Autoware_sim_test/install/eagleye_navigation/share/ament_index/resource_index/package_run_dependencies/eagleye_navigation
-- Symlinking: /home/zyme/ros_ws/Autoware_sim_test/install/eagleye_navigation/share/ament_index/resource_index/parent_prefix_path/eagleye_navigation
-- Symlinking: /home/zyme/ros_ws/Autoware_sim_test/install/eagleye_navigation/share/eagleye_navigation/environment/ament_prefix_path.sh
-- Symlinking: /home/zyme/ros_ws/Autoware_sim_test/install/eagleye_navigation/share/eagleye_navigation/environment/ament_prefix_path.dsv
-- Symlinking: /home/zyme/ros_ws/Autoware_sim_test/install/eagleye_navigation/share/eagleye_navigation/environment/path.sh
-- Symlinking: /home/zyme/ros_ws/Autoware_sim_test/install/eagleye_navigation/share/eagleye_navigation/environment/path.dsv
-- Symlinking: /home/zyme/ros_ws/Autoware_sim_test/install/eagleye_navigation/share/eagleye_navigation/local_setup.bash
-- Symlinking: /home/zyme/ros_ws/Autoware_sim_test/install/eagleye_navigation/share/eagleye_navigation/local_setup.sh
-- Symlinking: /home/zyme/ros_ws/Autoware_sim_test/install/eagleye_navigation/share/eagleye_navigation/local_setup.zsh
-- Symlinking: /home/zyme/ros_ws/Autoware_sim_test/install/eagleye_navigation/share/eagleye_navigation/local_setup.dsv
-- Symlinking: /home/zyme/ros_ws/Autoware_sim_test/install/eagleye_navigation/share/eagleye_navigation/package.dsv
-- Symlinking: /home/zyme/ros_ws/Autoware_sim_test/install/eagleye_navigation/share/ament_index/resource_index/packages/eagleye_navigation
-- Symlinking: /home/zyme/ros_ws/Autoware_sim_test/install/eagleye_navigation/share/eagleye_navigation/cmake/ament_cmake_export_include_directories-extras.cmake
-- Symlinking: /home/zyme/ros_ws/Autoware_sim_test/install/eagleye_navigation/share/eagleye_navigation/cmake/ament_cmake_export_libraries-extras.cmake
-- Symlinking: /home/zyme/ros_ws/Autoware_sim_test/install/eagleye_navigation/share/eagleye_navigation/cmake/ament_cmake_export_dependencies-extras.cmake
-- Symlinking: /home/zyme/ros_ws/Autoware_sim_test/install/eagleye_navigation/share/eagleye_navigation/cmake/eagleye_navigationConfig.cmake
-- Symlinking: /home/zyme/ros_ws/Autoware_sim_test/install/eagleye_navigation/share/eagleye_navigation/cmake/eagleye_navigationConfig-version.cmake
-- Symlinking: /home/zyme/ros_ws/Autoware_sim_test/install/eagleye_navigation/share/eagleye_navigation/package.xml
