[0.064s] Invoking command in '/home/zyme/ros_ws/Autoware_sim_test/build/autoware_lint_common': CMAKE_PREFIX_PATH=/opt/ros/humble /usr/bin/cmake --build /home/zyme/ros_ws/Autoware_sim_test/build/autoware_lint_common -- -j12 -l12
[0.098s] Invoked command in '/home/zyme/ros_ws/Autoware_sim_test/build/autoware_lint_common' returned '0': CMAKE_PREFIX_PATH=/opt/ros/humble /usr/bin/cmake --build /home/zyme/ros_ws/Autoware_sim_test/build/autoware_lint_common -- -j12 -l12
[0.119s] Invoking command in '/home/zyme/ros_ws/Autoware_sim_test/build/autoware_lint_common': CMAKE_PREFIX_PATH=/opt/ros/humble /usr/bin/cmake --install /home/zyme/ros_ws/Autoware_sim_test/build/autoware_lint_common
[0.126s] -- Install configuration: "Release"
[0.127s] -- Execute custom install script
[0.127s] -- Up-to-date symlink: /home/zyme/ros_ws/Autoware_sim_test/install/autoware_lint_common/share/ament_index/resource_index/package_run_dependencies/autoware_lint_common
[0.127s] -- Up-to-date symlink: /home/zyme/ros_ws/Autoware_sim_test/install/autoware_lint_common/share/ament_index/resource_index/parent_prefix_path/autoware_lint_common
[0.127s] -- Up-to-date symlink: /home/zyme/ros_ws/Autoware_sim_test/install/autoware_lint_common/share/autoware_lint_common/environment/ament_prefix_path.sh
[0.128s] -- Up-to-date symlink: /home/zyme/ros_ws/Autoware_sim_test/install/autoware_lint_common/share/autoware_lint_common/environment/ament_prefix_path.dsv
[0.128s] -- Up-to-date symlink: /home/zyme/ros_ws/Autoware_sim_test/install/autoware_lint_common/share/autoware_lint_common/environment/path.sh
[0.128s] -- Up-to-date symlink: /home/zyme/ros_ws/Autoware_sim_test/install/autoware_lint_common/share/autoware_lint_common/environment/path.dsv
[0.128s] -- Up-to-date symlink: /home/zyme/ros_ws/Autoware_sim_test/install/autoware_lint_common/share/autoware_lint_common/local_setup.bash
[0.129s] -- Up-to-date symlink: /home/zyme/ros_ws/Autoware_sim_test/install/autoware_lint_common/share/autoware_lint_common/local_setup.sh
[0.129s] -- Up-to-date symlink: /home/zyme/ros_ws/Autoware_sim_test/install/autoware_lint_common/share/autoware_lint_common/local_setup.zsh
[0.129s] -- Up-to-date symlink: /home/zyme/ros_ws/Autoware_sim_test/install/autoware_lint_common/share/autoware_lint_common/local_setup.dsv
[0.129s] -- Symlinking: /home/zyme/ros_ws/Autoware_sim_test/install/autoware_lint_common/share/autoware_lint_common/package.dsv
[0.138s] -- Up-to-date symlink: /home/zyme/ros_ws/Autoware_sim_test/install/autoware_lint_common/share/ament_index/resource_index/packages/autoware_lint_common
[0.138s] -- Up-to-date symlink: /home/zyme/ros_ws/Autoware_sim_test/install/autoware_lint_common/share/autoware_lint_common/cmake/ament_cmake_export_dependencies-extras.cmake
[0.138s] -- Up-to-date symlink: /home/zyme/ros_ws/Autoware_sim_test/install/autoware_lint_common/share/autoware_lint_common/cmake/autoware_lint_commonConfig.cmake
[0.138s] -- Up-to-date symlink: /home/zyme/ros_ws/Autoware_sim_test/install/autoware_lint_common/share/autoware_lint_common/cmake/autoware_lint_commonConfig-version.cmake
[0.139s] -- Up-to-date symlink: /home/zyme/ros_ws/Autoware_sim_test/install/autoware_lint_common/share/autoware_lint_common/package.xml
[0.141s] Invoked command in '/home/zyme/ros_ws/Autoware_sim_test/build/autoware_lint_common' returned '0': CMAKE_PREFIX_PATH=/opt/ros/humble /usr/bin/cmake --install /home/zyme/ros_ws/Autoware_sim_test/build/autoware_lint_common
