[0.076s] Invoking command in '/home/zyme/ros_ws/Autoware_sim_test/build/autoware_external_api_msgs': AMENT_PREFIX_PATH=/home/zyme/ros_ws/Autoware_sim_test/install/tier4_external_api_msgs:/home/zyme/ros_ws/Autoware_sim_test/install/autoware_lint_common:${AMENT_PREFIX_PATH} CMAKE_PREFIX_PATH=/home/zyme/ros_ws/Autoware_sim_test/install/tier4_external_api_msgs:/home/zyme/ros_ws/Autoware_sim_test/install/autoware_lint_common:/opt/ros/humble LD_LIBRARY_PATH=/home/zyme/ros_ws/Autoware_sim_test/install/tier4_external_api_msgs/lib:${LD_LIBRARY_PATH} PYTHONPATH=/home/zyme/ros_ws/Autoware_sim_test/install/tier4_external_api_msgs/local/lib/python3.10/dist-packages:${PYTHONPATH} /usr/bin/cmake --build /home/zyme/ros_ws/Autoware_sim_test/build/autoware_external_api_msgs -- -j12 -l12
[0.130s] [ 12%] Built target autoware_external_api_msgs__cpp
[0.130s] [ 10%] Built target autoware_external_api_msgs__rosidl_generator_c
[0.145s] [ 12%] Built target ament_cmake_python_symlink_autoware_external_api_msgs
[0.167s] [ 23%] Built target autoware_external_api_msgs__rosidl_typesupport_c
[0.168s] [ 38%] Built target autoware_external_api_msgs__rosidl_typesupport_fastrtps_cpp
[0.168s] [ 48%] Built target autoware_external_api_msgs__rosidl_typesupport_cpp
[0.168s] [ 53%] Built target autoware_external_api_msgs__rosidl_typesupport_fastrtps_c
[0.169s] [ 64%] Built target autoware_external_api_msgs__rosidl_typesupport_introspection_c
[0.172s] [ 74%] Built target autoware_external_api_msgs__rosidl_typesupport_introspection_cpp
[0.196s] [ 74%] Built target autoware_external_api_msgs
[0.222s] [ 76%] Built target autoware_external_api_msgs__py
[0.250s] [ 84%] Built target autoware_external_api_msgs__rosidl_generator_py
[0.277s] [ 92%] Built target autoware_external_api_msgs__rosidl_typesupport_introspection_c__pyext
[0.277s] [ 94%] Built target autoware_external_api_msgs__rosidl_typesupport_c__pyext
[0.277s] [100%] Built target autoware_external_api_msgs__rosidl_typesupport_fastrtps_c__pyext
[0.498s] running egg_info
[0.499s] writing autoware_external_api_msgs.egg-info/PKG-INFO
[0.499s] writing dependency_links to autoware_external_api_msgs.egg-info/dependency_links.txt
[0.499s] writing top-level names to autoware_external_api_msgs.egg-info/top_level.txt
[0.502s] reading manifest file 'autoware_external_api_msgs.egg-info/SOURCES.txt'
[0.502s] writing manifest file 'autoware_external_api_msgs.egg-info/SOURCES.txt'
[0.529s] [100%] Built target ament_cmake_python_build_autoware_external_api_msgs_egg
[0.542s] Invoked command in '/home/zyme/ros_ws/Autoware_sim_test/build/autoware_external_api_msgs' returned '0': AMENT_PREFIX_PATH=/home/zyme/ros_ws/Autoware_sim_test/install/tier4_external_api_msgs:/home/zyme/ros_ws/Autoware_sim_test/install/autoware_lint_common:${AMENT_PREFIX_PATH} CMAKE_PREFIX_PATH=/home/zyme/ros_ws/Autoware_sim_test/install/tier4_external_api_msgs:/home/zyme/ros_ws/Autoware_sim_test/install/autoware_lint_common:/opt/ros/humble LD_LIBRARY_PATH=/home/zyme/ros_ws/Autoware_sim_test/install/tier4_external_api_msgs/lib:${LD_LIBRARY_PATH} PYTHONPATH=/home/zyme/ros_ws/Autoware_sim_test/install/tier4_external_api_msgs/local/lib/python3.10/dist-packages:${PYTHONPATH} /usr/bin/cmake --build /home/zyme/ros_ws/Autoware_sim_test/build/autoware_external_api_msgs -- -j12 -l12
[0.624s] Invoking command in '/home/zyme/ros_ws/Autoware_sim_test/build/autoware_external_api_msgs': AMENT_PREFIX_PATH=/home/zyme/ros_ws/Autoware_sim_test/install/tier4_external_api_msgs:/home/zyme/ros_ws/Autoware_sim_test/install/autoware_lint_common:${AMENT_PREFIX_PATH} CMAKE_PREFIX_PATH=/home/zyme/ros_ws/Autoware_sim_test/install/tier4_external_api_msgs:/home/zyme/ros_ws/Autoware_sim_test/install/autoware_lint_common:/opt/ros/humble LD_LIBRARY_PATH=/home/zyme/ros_ws/Autoware_sim_test/install/tier4_external_api_msgs/lib:${LD_LIBRARY_PATH} PYTHONPATH=/home/zyme/ros_ws/Autoware_sim_test/install/tier4_external_api_msgs/local/lib/python3.10/dist-packages:${PYTHONPATH} /usr/bin/cmake --install /home/zyme/ros_ws/Autoware_sim_test/build/autoware_external_api_msgs
[0.632s] -- Install configuration: "Release"
[0.633s] -- Execute custom install script
[0.633s] -- Up-to-date symlink: /home/zyme/ros_ws/Autoware_sim_test/install/autoware_external_api_msgs/share/ament_index/resource_index/rosidl_interfaces/autoware_external_api_msgs
[0.634s] -- Up-to-date symlink: /home/zyme/ros_ws/Autoware_sim_test/install/autoware_external_api_msgs/include/autoware_external_api_msgs/autoware_external_api_msgs/msg/detail/response_status__functions.h
[0.634s] -- Up-to-date symlink: /home/zyme/ros_ws/Autoware_sim_test/install/autoware_external_api_msgs/include/autoware_external_api_msgs/autoware_external_api_msgs/msg/detail/response_status__struct.h
[0.634s] -- Up-to-date symlink: /home/zyme/ros_ws/Autoware_sim_test/install/autoware_external_api_msgs/include/autoware_external_api_msgs/autoware_external_api_msgs/msg/detail/response_status__type_support.h
[0.634s] -- Up-to-date symlink: /home/zyme/ros_ws/Autoware_sim_test/install/autoware_external_api_msgs/include/autoware_external_api_msgs/autoware_external_api_msgs/msg/response_status.h
[0.634s] -- Up-to-date symlink: /home/zyme/ros_ws/Autoware_sim_test/install/autoware_external_api_msgs/include/autoware_external_api_msgs/autoware_external_api_msgs/msg/rosidl_generator_c__visibility_control.h
[0.634s] -- Up-to-date symlink: /home/zyme/ros_ws/Autoware_sim_test/install/autoware_external_api_msgs/include/autoware_external_api_msgs/autoware_external_api_msgs/srv/detail/get_version__functions.h
[0.635s] -- Up-to-date symlink: /home/zyme/ros_ws/Autoware_sim_test/install/autoware_external_api_msgs/include/autoware_external_api_msgs/autoware_external_api_msgs/srv/detail/get_version__struct.h
[0.635s] -- Up-to-date symlink: /home/zyme/ros_ws/Autoware_sim_test/install/autoware_external_api_msgs/include/autoware_external_api_msgs/autoware_external_api_msgs/srv/detail/get_version__type_support.h
[0.635s] -- Up-to-date symlink: /home/zyme/ros_ws/Autoware_sim_test/install/autoware_external_api_msgs/include/autoware_external_api_msgs/autoware_external_api_msgs/srv/get_version.h
[0.635s] -- Up-to-date symlink: /home/zyme/ros_ws/Autoware_sim_test/install/autoware_external_api_msgs/share/autoware_external_api_msgs/environment/library_path.sh
[0.635s] -- Up-to-date symlink: /home/zyme/ros_ws/Autoware_sim_test/install/autoware_external_api_msgs/share/autoware_external_api_msgs/environment/library_path.dsv
[0.636s] -- Up-to-date symlink: /home/zyme/ros_ws/Autoware_sim_test/install/autoware_external_api_msgs/include/autoware_external_api_msgs/autoware_external_api_msgs/msg/detail/response_status__rosidl_typesupport_fastrtps_c.h
[0.636s] -- Up-to-date symlink: /home/zyme/ros_ws/Autoware_sim_test/install/autoware_external_api_msgs/include/autoware_external_api_msgs/autoware_external_api_msgs/msg/rosidl_typesupport_fastrtps_c__visibility_control.h
[0.636s] -- Up-to-date symlink: /home/zyme/ros_ws/Autoware_sim_test/install/autoware_external_api_msgs/include/autoware_external_api_msgs/autoware_external_api_msgs/srv/detail/get_version__rosidl_typesupport_fastrtps_c.h
[0.637s] -- Up-to-date symlink: /home/zyme/ros_ws/Autoware_sim_test/install/autoware_external_api_msgs/include/autoware_external_api_msgs/autoware_external_api_msgs/msg/detail/response_status__builder.hpp
[0.637s] -- Up-to-date symlink: /home/zyme/ros_ws/Autoware_sim_test/install/autoware_external_api_msgs/include/autoware_external_api_msgs/autoware_external_api_msgs/msg/detail/response_status__struct.hpp
[0.637s] -- Up-to-date symlink: /home/zyme/ros_ws/Autoware_sim_test/install/autoware_external_api_msgs/include/autoware_external_api_msgs/autoware_external_api_msgs/msg/detail/response_status__traits.hpp
[0.638s] -- Up-to-date symlink: /home/zyme/ros_ws/Autoware_sim_test/install/autoware_external_api_msgs/include/autoware_external_api_msgs/autoware_external_api_msgs/msg/response_status.hpp
[0.638s] -- Up-to-date symlink: /home/zyme/ros_ws/Autoware_sim_test/install/autoware_external_api_msgs/include/autoware_external_api_msgs/autoware_external_api_msgs/srv/detail/get_version__builder.hpp
[0.638s] -- Up-to-date symlink: /home/zyme/ros_ws/Autoware_sim_test/install/autoware_external_api_msgs/include/autoware_external_api_msgs/autoware_external_api_msgs/srv/detail/get_version__struct.hpp
[0.638s] -- Up-to-date symlink: /home/zyme/ros_ws/Autoware_sim_test/install/autoware_external_api_msgs/include/autoware_external_api_msgs/autoware_external_api_msgs/srv/detail/get_version__traits.hpp
[0.638s] -- Up-to-date symlink: /home/zyme/ros_ws/Autoware_sim_test/install/autoware_external_api_msgs/include/autoware_external_api_msgs/autoware_external_api_msgs/srv/get_version.hpp
[0.639s] -- Up-to-date symlink: /home/zyme/ros_ws/Autoware_sim_test/install/autoware_external_api_msgs/include/autoware_external_api_msgs/autoware_external_api_msgs/msg/detail/response_status__rosidl_typesupport_fastrtps_cpp.hpp
[0.639s] -- Up-to-date symlink: /home/zyme/ros_ws/Autoware_sim_test/install/autoware_external_api_msgs/include/autoware_external_api_msgs/autoware_external_api_msgs/msg/rosidl_typesupport_fastrtps_cpp__visibility_control.h
[0.639s] -- Up-to-date symlink: /home/zyme/ros_ws/Autoware_sim_test/install/autoware_external_api_msgs/include/autoware_external_api_msgs/autoware_external_api_msgs/srv/detail/get_version__rosidl_typesupport_fastrtps_cpp.hpp
[0.639s] -- Up-to-date symlink: /home/zyme/ros_ws/Autoware_sim_test/install/autoware_external_api_msgs/include/autoware_external_api_msgs/autoware_external_api_msgs/msg/detail/response_status__rosidl_typesupport_introspection_c.h
[0.639s] -- Up-to-date symlink: /home/zyme/ros_ws/Autoware_sim_test/install/autoware_external_api_msgs/include/autoware_external_api_msgs/autoware_external_api_msgs/msg/rosidl_typesupport_introspection_c__visibility_control.h
[0.640s] -- Up-to-date symlink: /home/zyme/ros_ws/Autoware_sim_test/install/autoware_external_api_msgs/include/autoware_external_api_msgs/autoware_external_api_msgs/srv/detail/get_version__rosidl_typesupport_introspection_c.h
[0.640s] -- Up-to-date symlink: /home/zyme/ros_ws/Autoware_sim_test/install/autoware_external_api_msgs/include/autoware_external_api_msgs/autoware_external_api_msgs/msg/detail/response_status__rosidl_typesupport_introspection_cpp.hpp
[0.640s] -- Up-to-date symlink: /home/zyme/ros_ws/Autoware_sim_test/install/autoware_external_api_msgs/include/autoware_external_api_msgs/autoware_external_api_msgs/srv/detail/get_version__rosidl_typesupport_introspection_cpp.hpp
[0.640s] -- Up-to-date symlink: /home/zyme/ros_ws/Autoware_sim_test/install/autoware_external_api_msgs/share/autoware_external_api_msgs/environment/pythonpath.sh
[0.641s] -- Up-to-date symlink: /home/zyme/ros_ws/Autoware_sim_test/install/autoware_external_api_msgs/share/autoware_external_api_msgs/environment/pythonpath.dsv
[0.641s] -- Up-to-date symlink: /home/zyme/ros_ws/Autoware_sim_test/install/autoware_external_api_msgs/local/lib/python3.10/dist-packages/autoware_external_api_msgs-0.0.0-py3.10.egg-info/PKG-INFO
[0.641s] -- Up-to-date symlink: /home/zyme/ros_ws/Autoware_sim_test/install/autoware_external_api_msgs/local/lib/python3.10/dist-packages/autoware_external_api_msgs-0.0.0-py3.10.egg-info/SOURCES.txt
[0.641s] -- Up-to-date symlink: /home/zyme/ros_ws/Autoware_sim_test/install/autoware_external_api_msgs/local/lib/python3.10/dist-packages/autoware_external_api_msgs-0.0.0-py3.10.egg-info/dependency_links.txt
[0.641s] -- Up-to-date symlink: /home/zyme/ros_ws/Autoware_sim_test/install/autoware_external_api_msgs/local/lib/python3.10/dist-packages/autoware_external_api_msgs-0.0.0-py3.10.egg-info/top_level.txt
[0.642s] -- Up-to-date symlink: /home/zyme/ros_ws/Autoware_sim_test/install/autoware_external_api_msgs/local/lib/python3.10/dist-packages/autoware_external_api_msgs/__init__.py
[0.642s] -- Up-to-date symlink: /home/zyme/ros_ws/Autoware_sim_test/install/autoware_external_api_msgs/local/lib/python3.10/dist-packages/autoware_external_api_msgs/_autoware_external_api_msgs_s.ep.rosidl_typesupport_c.c
[0.642s] -- Up-to-date symlink: /home/zyme/ros_ws/Autoware_sim_test/install/autoware_external_api_msgs/local/lib/python3.10/dist-packages/autoware_external_api_msgs/_autoware_external_api_msgs_s.ep.rosidl_typesupport_fastrtps_c.c
[0.642s] -- Up-to-date symlink: /home/zyme/ros_ws/Autoware_sim_test/install/autoware_external_api_msgs/local/lib/python3.10/dist-packages/autoware_external_api_msgs/_autoware_external_api_msgs_s.ep.rosidl_typesupport_introspection_c.c
[0.642s] -- Up-to-date symlink: /home/zyme/ros_ws/Autoware_sim_test/install/autoware_external_api_msgs/local/lib/python3.10/dist-packages/autoware_external_api_msgs/autoware_external_api_msgs_s__rosidl_typesupport_c.cpython-310-x86_64-linux-gnu.so
[0.642s] -- Up-to-date symlink: /home/zyme/ros_ws/Autoware_sim_test/install/autoware_external_api_msgs/local/lib/python3.10/dist-packages/autoware_external_api_msgs/autoware_external_api_msgs_s__rosidl_typesupport_fastrtps_c.cpython-310-x86_64-linux-gnu.so
[0.643s] -- Up-to-date symlink: /home/zyme/ros_ws/Autoware_sim_test/install/autoware_external_api_msgs/local/lib/python3.10/dist-packages/autoware_external_api_msgs/autoware_external_api_msgs_s__rosidl_typesupport_introspection_c.cpython-310-x86_64-linux-gnu.so
[0.643s] -- Up-to-date symlink: /home/zyme/ros_ws/Autoware_sim_test/install/autoware_external_api_msgs/local/lib/python3.10/dist-packages/autoware_external_api_msgs/libautoware_external_api_msgs__rosidl_generator_py.so
[0.643s] -- Up-to-date symlink: /home/zyme/ros_ws/Autoware_sim_test/install/autoware_external_api_msgs/local/lib/python3.10/dist-packages/autoware_external_api_msgs/msg/__init__.py
[0.643s] -- Up-to-date symlink: /home/zyme/ros_ws/Autoware_sim_test/install/autoware_external_api_msgs/local/lib/python3.10/dist-packages/autoware_external_api_msgs/msg/_response_status.py
[0.643s] -- Up-to-date symlink: /home/zyme/ros_ws/Autoware_sim_test/install/autoware_external_api_msgs/local/lib/python3.10/dist-packages/autoware_external_api_msgs/msg/_response_status_s.c
[0.643s] -- Up-to-date symlink: /home/zyme/ros_ws/Autoware_sim_test/install/autoware_external_api_msgs/local/lib/python3.10/dist-packages/autoware_external_api_msgs/srv/__init__.py
[0.643s] -- Up-to-date symlink: /home/zyme/ros_ws/Autoware_sim_test/install/autoware_external_api_msgs/local/lib/python3.10/dist-packages/autoware_external_api_msgs/srv/_get_version.py
[0.643s] -- Up-to-date symlink: /home/zyme/ros_ws/Autoware_sim_test/install/autoware_external_api_msgs/local/lib/python3.10/dist-packages/autoware_external_api_msgs/srv/_get_version_s.c
[0.644s] -- Up-to-date symlink: /home/zyme/ros_ws/Autoware_sim_test/install/autoware_external_api_msgs/local/lib/python3.10/dist-packages/autoware_external_api_msgs/autoware_external_api_msgs_s__rosidl_typesupport_fastrtps_c.cpython-310-x86_64-linux-gnu.so
[0.644s] -- Up-to-date symlink: /home/zyme/ros_ws/Autoware_sim_test/install/autoware_external_api_msgs/local/lib/python3.10/dist-packages/autoware_external_api_msgs/autoware_external_api_msgs_s__rosidl_typesupport_introspection_c.cpython-310-x86_64-linux-gnu.so
[0.644s] -- Up-to-date symlink: /home/zyme/ros_ws/Autoware_sim_test/install/autoware_external_api_msgs/local/lib/python3.10/dist-packages/autoware_external_api_msgs/autoware_external_api_msgs_s__rosidl_typesupport_c.cpython-310-x86_64-linux-gnu.so
[0.644s] -- Up-to-date symlink: /home/zyme/ros_ws/Autoware_sim_test/install/autoware_external_api_msgs/share/autoware_external_api_msgs/msg/ResponseStatus.idl
[0.644s] -- Up-to-date symlink: /home/zyme/ros_ws/Autoware_sim_test/install/autoware_external_api_msgs/share/autoware_external_api_msgs/srv/GetVersion.idl
[0.644s] -- Up-to-date symlink: /home/zyme/ros_ws/Autoware_sim_test/install/autoware_external_api_msgs/share/autoware_external_api_msgs/msg/ResponseStatus.msg
[0.645s] -- Up-to-date symlink: /home/zyme/ros_ws/Autoware_sim_test/install/autoware_external_api_msgs/share/autoware_external_api_msgs/srv/GetVersion.srv
[0.645s] -- Up-to-date symlink: /home/zyme/ros_ws/Autoware_sim_test/install/autoware_external_api_msgs/share/autoware_external_api_msgs/srv/GetVersion_Request.msg
[0.645s] -- Up-to-date symlink: /home/zyme/ros_ws/Autoware_sim_test/install/autoware_external_api_msgs/share/autoware_external_api_msgs/srv/GetVersion_Response.msg
[0.645s] -- Up-to-date symlink: /home/zyme/ros_ws/Autoware_sim_test/install/autoware_external_api_msgs/share/ament_index/resource_index/package_run_dependencies/autoware_external_api_msgs
[0.645s] -- Up-to-date symlink: /home/zyme/ros_ws/Autoware_sim_test/install/autoware_external_api_msgs/share/ament_index/resource_index/parent_prefix_path/autoware_external_api_msgs
[0.646s] -- Up-to-date symlink: /home/zyme/ros_ws/Autoware_sim_test/install/autoware_external_api_msgs/share/autoware_external_api_msgs/environment/ament_prefix_path.sh
[0.646s] -- Up-to-date symlink: /home/zyme/ros_ws/Autoware_sim_test/install/autoware_external_api_msgs/share/autoware_external_api_msgs/environment/ament_prefix_path.dsv
[0.646s] -- Up-to-date symlink: /home/zyme/ros_ws/Autoware_sim_test/install/autoware_external_api_msgs/share/autoware_external_api_msgs/environment/path.sh
[0.646s] -- Up-to-date symlink: /home/zyme/ros_ws/Autoware_sim_test/install/autoware_external_api_msgs/share/autoware_external_api_msgs/environment/path.dsv
[0.646s] -- Up-to-date symlink: /home/zyme/ros_ws/Autoware_sim_test/install/autoware_external_api_msgs/share/autoware_external_api_msgs/local_setup.bash
[0.646s] -- Up-to-date symlink: /home/zyme/ros_ws/Autoware_sim_test/install/autoware_external_api_msgs/share/autoware_external_api_msgs/local_setup.sh
[0.647s] -- Up-to-date symlink: /home/zyme/ros_ws/Autoware_sim_test/install/autoware_external_api_msgs/share/autoware_external_api_msgs/local_setup.zsh
[0.647s] -- Up-to-date symlink: /home/zyme/ros_ws/Autoware_sim_test/install/autoware_external_api_msgs/share/autoware_external_api_msgs/local_setup.dsv
[0.647s] -- Symlinking: /home/zyme/ros_ws/Autoware_sim_test/install/autoware_external_api_msgs/share/autoware_external_api_msgs/package.dsv
[0.656s] -- Up-to-date symlink: /home/zyme/ros_ws/Autoware_sim_test/install/autoware_external_api_msgs/share/ament_index/resource_index/packages/autoware_external_api_msgs
[0.656s] -- Up-to-date symlink: /home/zyme/ros_ws/Autoware_sim_test/install/autoware_external_api_msgs/share/autoware_external_api_msgs/cmake/rosidl_cmake-extras.cmake
[0.657s] -- Up-to-date symlink: /home/zyme/ros_ws/Autoware_sim_test/install/autoware_external_api_msgs/share/autoware_external_api_msgs/cmake/ament_cmake_export_dependencies-extras.cmake
[0.657s] -- Up-to-date symlink: /home/zyme/ros_ws/Autoware_sim_test/install/autoware_external_api_msgs/share/autoware_external_api_msgs/cmake/ament_cmake_export_include_directories-extras.cmake
[0.657s] -- Up-to-date symlink: /home/zyme/ros_ws/Autoware_sim_test/install/autoware_external_api_msgs/share/autoware_external_api_msgs/cmake/ament_cmake_export_libraries-extras.cmake
[0.657s] -- Up-to-date symlink: /home/zyme/ros_ws/Autoware_sim_test/install/autoware_external_api_msgs/share/autoware_external_api_msgs/cmake/ament_cmake_export_targets-extras.cmake
[0.657s] -- Up-to-date symlink: /home/zyme/ros_ws/Autoware_sim_test/install/autoware_external_api_msgs/share/autoware_external_api_msgs/cmake/rosidl_cmake_export_typesupport_targets-extras.cmake
[0.657s] -- Up-to-date symlink: /home/zyme/ros_ws/Autoware_sim_test/install/autoware_external_api_msgs/share/autoware_external_api_msgs/cmake/rosidl_cmake_export_typesupport_libraries-extras.cmake
[0.658s] -- Up-to-date symlink: /home/zyme/ros_ws/Autoware_sim_test/install/autoware_external_api_msgs/share/autoware_external_api_msgs/cmake/autoware_external_api_msgsConfig.cmake
[0.658s] -- Up-to-date symlink: /home/zyme/ros_ws/Autoware_sim_test/install/autoware_external_api_msgs/share/autoware_external_api_msgs/cmake/autoware_external_api_msgsConfig-version.cmake
[0.658s] -- Up-to-date symlink: /home/zyme/ros_ws/Autoware_sim_test/install/autoware_external_api_msgs/share/autoware_external_api_msgs/package.xml
[0.658s] -- Up-to-date: /home/zyme/ros_ws/Autoware_sim_test/install/autoware_external_api_msgs/lib/libautoware_external_api_msgs__rosidl_generator_c.so
[0.659s] -- Up-to-date: /home/zyme/ros_ws/Autoware_sim_test/install/autoware_external_api_msgs/lib/libautoware_external_api_msgs__rosidl_typesupport_fastrtps_c.so
[0.659s] -- Up-to-date: /home/zyme/ros_ws/Autoware_sim_test/install/autoware_external_api_msgs/lib/libautoware_external_api_msgs__rosidl_typesupport_fastrtps_cpp.so
[0.659s] -- Up-to-date: /home/zyme/ros_ws/Autoware_sim_test/install/autoware_external_api_msgs/lib/libautoware_external_api_msgs__rosidl_typesupport_introspection_c.so
[0.660s] -- Up-to-date: /home/zyme/ros_ws/Autoware_sim_test/install/autoware_external_api_msgs/lib/libautoware_external_api_msgs__rosidl_typesupport_c.so
[0.660s] -- Up-to-date: /home/zyme/ros_ws/Autoware_sim_test/install/autoware_external_api_msgs/lib/libautoware_external_api_msgs__rosidl_typesupport_introspection_cpp.so
[0.660s] -- Up-to-date: /home/zyme/ros_ws/Autoware_sim_test/install/autoware_external_api_msgs/lib/libautoware_external_api_msgs__rosidl_typesupport_cpp.so
[0.693s] Listing '/home/zyme/ros_ws/Autoware_sim_test/install/autoware_external_api_msgs/local/lib/python3.10/dist-packages/autoware_external_api_msgs'...
[0.693s] Listing '/home/zyme/ros_ws/Autoware_sim_test/install/autoware_external_api_msgs/local/lib/python3.10/dist-packages/autoware_external_api_msgs/msg'...
[0.693s] Listing '/home/zyme/ros_ws/Autoware_sim_test/install/autoware_external_api_msgs/local/lib/python3.10/dist-packages/autoware_external_api_msgs/srv'...
[0.698s] -- Up-to-date: /home/zyme/ros_ws/Autoware_sim_test/install/autoware_external_api_msgs/lib/libautoware_external_api_msgs__rosidl_generator_py.so
[0.698s] -- Up-to-date: /home/zyme/ros_ws/Autoware_sim_test/install/autoware_external_api_msgs/share/autoware_external_api_msgs/cmake/export_autoware_external_api_msgs__rosidl_generator_cExport.cmake
[0.698s] -- Up-to-date: /home/zyme/ros_ws/Autoware_sim_test/install/autoware_external_api_msgs/share/autoware_external_api_msgs/cmake/export_autoware_external_api_msgs__rosidl_generator_cExport-release.cmake
[0.698s] -- Up-to-date: /home/zyme/ros_ws/Autoware_sim_test/install/autoware_external_api_msgs/share/autoware_external_api_msgs/cmake/export_autoware_external_api_msgs__rosidl_typesupport_fastrtps_cExport.cmake
[0.698s] -- Up-to-date: /home/zyme/ros_ws/Autoware_sim_test/install/autoware_external_api_msgs/share/autoware_external_api_msgs/cmake/export_autoware_external_api_msgs__rosidl_typesupport_fastrtps_cExport-release.cmake
[0.699s] -- Up-to-date: /home/zyme/ros_ws/Autoware_sim_test/install/autoware_external_api_msgs/share/autoware_external_api_msgs/cmake/export_autoware_external_api_msgs__rosidl_generator_cppExport.cmake
[0.699s] -- Up-to-date: /home/zyme/ros_ws/Autoware_sim_test/install/autoware_external_api_msgs/share/autoware_external_api_msgs/cmake/export_autoware_external_api_msgs__rosidl_typesupport_fastrtps_cppExport.cmake
[0.699s] -- Up-to-date: /home/zyme/ros_ws/Autoware_sim_test/install/autoware_external_api_msgs/share/autoware_external_api_msgs/cmake/export_autoware_external_api_msgs__rosidl_typesupport_fastrtps_cppExport-release.cmake
[0.699s] -- Up-to-date: /home/zyme/ros_ws/Autoware_sim_test/install/autoware_external_api_msgs/share/autoware_external_api_msgs/cmake/autoware_external_api_msgs__rosidl_typesupport_introspection_cExport.cmake
[0.699s] -- Up-to-date: /home/zyme/ros_ws/Autoware_sim_test/install/autoware_external_api_msgs/share/autoware_external_api_msgs/cmake/autoware_external_api_msgs__rosidl_typesupport_introspection_cExport-release.cmake
[0.699s] -- Up-to-date: /home/zyme/ros_ws/Autoware_sim_test/install/autoware_external_api_msgs/share/autoware_external_api_msgs/cmake/autoware_external_api_msgs__rosidl_typesupport_cExport.cmake
[0.699s] -- Up-to-date: /home/zyme/ros_ws/Autoware_sim_test/install/autoware_external_api_msgs/share/autoware_external_api_msgs/cmake/autoware_external_api_msgs__rosidl_typesupport_cExport-release.cmake
[0.699s] -- Up-to-date: /home/zyme/ros_ws/Autoware_sim_test/install/autoware_external_api_msgs/share/autoware_external_api_msgs/cmake/autoware_external_api_msgs__rosidl_typesupport_introspection_cppExport.cmake
[0.699s] -- Up-to-date: /home/zyme/ros_ws/Autoware_sim_test/install/autoware_external_api_msgs/share/autoware_external_api_msgs/cmake/autoware_external_api_msgs__rosidl_typesupport_introspection_cppExport-release.cmake
[0.699s] -- Up-to-date: /home/zyme/ros_ws/Autoware_sim_test/install/autoware_external_api_msgs/share/autoware_external_api_msgs/cmake/autoware_external_api_msgs__rosidl_typesupport_cppExport.cmake
[0.700s] -- Up-to-date: /home/zyme/ros_ws/Autoware_sim_test/install/autoware_external_api_msgs/share/autoware_external_api_msgs/cmake/autoware_external_api_msgs__rosidl_typesupport_cppExport-release.cmake
[0.700s] -- Up-to-date: /home/zyme/ros_ws/Autoware_sim_test/install/autoware_external_api_msgs/share/autoware_external_api_msgs/cmake/export_autoware_external_api_msgs__rosidl_generator_pyExport.cmake
[0.700s] -- Up-to-date: /home/zyme/ros_ws/Autoware_sim_test/install/autoware_external_api_msgs/share/autoware_external_api_msgs/cmake/export_autoware_external_api_msgs__rosidl_generator_pyExport-release.cmake
[0.702s] Invoked command in '/home/zyme/ros_ws/Autoware_sim_test/build/autoware_external_api_msgs' returned '0': AMENT_PREFIX_PATH=/home/zyme/ros_ws/Autoware_sim_test/install/tier4_external_api_msgs:/home/zyme/ros_ws/Autoware_sim_test/install/autoware_lint_common:${AMENT_PREFIX_PATH} CMAKE_PREFIX_PATH=/home/zyme/ros_ws/Autoware_sim_test/install/tier4_external_api_msgs:/home/zyme/ros_ws/Autoware_sim_test/install/autoware_lint_common:/opt/ros/humble LD_LIBRARY_PATH=/home/zyme/ros_ws/Autoware_sim_test/install/tier4_external_api_msgs/lib:${LD_LIBRARY_PATH} PYTHONPATH=/home/zyme/ros_ws/Autoware_sim_test/install/tier4_external_api_msgs/local/lib/python3.10/dist-packages:${PYTHONPATH} /usr/bin/cmake --install /home/zyme/ros_ws/Autoware_sim_test/build/autoware_external_api_msgs
