[0.062s] Invoking command in '/home/zyme/ros_ws/Autoware_sim_test/build/mussp': CMAKE_PREFIX_PATH=/opt/ros/humble /usr/bin/cmake --build /home/zyme/ros_ws/Autoware_sim_test/build/mussp -- -j12 -l12
[0.113s] [100%] Built target mussp
[0.125s] Invoked command in '/home/zyme/ros_ws/Autoware_sim_test/build/mussp' returned '0': CMAKE_PREFIX_PATH=/opt/ros/humble /usr/bin/cmake --build /home/zyme/ros_ws/Autoware_sim_test/build/mussp -- -j12 -l12
[0.157s] Invoking command in '/home/zyme/ros_ws/Autoware_sim_test/build/mussp': CMAKE_PREFIX_PATH=/opt/ros/humble /usr/bin/cmake --install /home/zyme/ros_ws/Autoware_sim_test/build/mussp
[0.163s] -- Install configuration: "Release"
[0.164s] -- Execute custom install script
[0.164s] -- Up-to-date symlink: /home/zyme/ros_ws/Autoware_sim_test/install/mussp/include/mussp/Graph.h
[0.165s] -- Up-to-date symlink: /home/zyme/ros_ws/Autoware_sim_test/install/mussp/include/mussp/Node.h
[0.165s] -- Up-to-date symlink: /home/zyme/ros_ws/Autoware_sim_test/install/mussp/include/mussp/Sink.h
[0.165s] -- Up-to-date symlink: /home/zyme/ros_ws/Autoware_sim_test/install/mussp/include/mussp/mussp.h
[0.166s] -- Up-to-date symlink: /home/zyme/ros_ws/Autoware_sim_test/install/mussp/share/mussp/environment/library_path.sh
[0.166s] -- Up-to-date symlink: /home/zyme/ros_ws/Autoware_sim_test/install/mussp/share/mussp/environment/library_path.dsv
[0.167s] -- Up-to-date symlink: /home/zyme/ros_ws/Autoware_sim_test/install/mussp/lib/libmussp.so
[0.167s] -- Up-to-date symlink: /home/zyme/ros_ws/Autoware_sim_test/install/mussp/share/ament_index/resource_index/package_run_dependencies/mussp
[0.168s] -- Up-to-date symlink: /home/zyme/ros_ws/Autoware_sim_test/install/mussp/share/ament_index/resource_index/parent_prefix_path/mussp
[0.168s] -- Up-to-date symlink: /home/zyme/ros_ws/Autoware_sim_test/install/mussp/share/mussp/environment/ament_prefix_path.sh
[0.168s] -- Up-to-date symlink: /home/zyme/ros_ws/Autoware_sim_test/install/mussp/share/mussp/environment/ament_prefix_path.dsv
[0.169s] -- Up-to-date symlink: /home/zyme/ros_ws/Autoware_sim_test/install/mussp/share/mussp/environment/path.sh
[0.169s] -- Up-to-date symlink: /home/zyme/ros_ws/Autoware_sim_test/install/mussp/share/mussp/environment/path.dsv
[0.169s] -- Up-to-date symlink: /home/zyme/ros_ws/Autoware_sim_test/install/mussp/share/mussp/local_setup.bash
[0.170s] -- Up-to-date symlink: /home/zyme/ros_ws/Autoware_sim_test/install/mussp/share/mussp/local_setup.sh
[0.170s] -- Up-to-date symlink: /home/zyme/ros_ws/Autoware_sim_test/install/mussp/share/mussp/local_setup.zsh
[0.170s] -- Up-to-date symlink: /home/zyme/ros_ws/Autoware_sim_test/install/mussp/share/mussp/local_setup.dsv
[0.171s] -- Symlinking: /home/zyme/ros_ws/Autoware_sim_test/install/mussp/share/mussp/package.dsv
[0.180s] -- Up-to-date symlink: /home/zyme/ros_ws/Autoware_sim_test/install/mussp/share/ament_index/resource_index/packages/mussp
[0.180s] -- Up-to-date symlink: /home/zyme/ros_ws/Autoware_sim_test/install/mussp/share/mussp/cmake/ament_cmake_export_include_directories-extras.cmake
[0.183s] -- Up-to-date symlink: /home/zyme/ros_ws/Autoware_sim_test/install/mussp/share/mussp/cmake/ament_cmake_export_libraries-extras.cmake
[0.183s] -- Up-to-date symlink: /home/zyme/ros_ws/Autoware_sim_test/install/mussp/share/mussp/cmake/musspConfig.cmake
[0.183s] -- Up-to-date symlink: /home/zyme/ros_ws/Autoware_sim_test/install/mussp/share/mussp/cmake/musspConfig-version.cmake
[0.184s] -- Up-to-date symlink: /home/zyme/ros_ws/Autoware_sim_test/install/mussp/share/mussp/package.xml
[0.186s] Invoked command in '/home/zyme/ros_ws/Autoware_sim_test/build/mussp' returned '0': CMAKE_PREFIX_PATH=/opt/ros/humble /usr/bin/cmake --install /home/zyme/ros_ws/Autoware_sim_test/build/mussp
