[0.057s] Invoking command in '/home/zyme/ros_ws/Autoware_sim_test/build/autoware_adapi_version_msgs': CMAKE_PREFIX_PATH=/opt/ros/humble /usr/bin/cmake --build /home/zyme/ros_ws/Autoware_sim_test/build/autoware_adapi_version_msgs -- -j12 -l12
[0.106s] [  3%] Built target autoware_adapi_version_msgs__cpp
[0.107s] [ 12%] Built target autoware_adapi_version_msgs__rosidl_generator_c
[0.117s] [ 12%] Built target ament_cmake_python_symlink_autoware_adapi_version_msgs
[0.140s] [ 32%] Built target autoware_adapi_version_msgs__rosidl_typesupport_c
[0.140s] [ 32%] Built target autoware_adapi_version_msgs__rosidl_typesupport_fastrtps_cpp
[0.144s] [ 41%] Built target autoware_adapi_version_msgs__rosidl_typesupport_introspection_c
[0.145s] [ 51%] Built target autoware_adapi_version_msgs__rosidl_typesupport_introspection_cpp
[0.145s] [ 61%] Built target autoware_adapi_version_msgs__rosidl_typesupport_fastrtps_c
[0.146s] [ 70%] Built target autoware_adapi_version_msgs__rosidl_typesupport_cpp
[0.166s] [ 70%] Built target autoware_adapi_version_msgs
[0.186s] [ 74%] Built target autoware_adapi_version_msgs__py
[0.210s] [ 80%] Built target autoware_adapi_version_msgs__rosidl_generator_py
[0.236s] [ 90%] Built target autoware_adapi_version_msgs__rosidl_typesupport_introspection_c__pyext
[0.236s] [ 93%] Built target autoware_adapi_version_msgs__rosidl_typesupport_fastrtps_c__pyext
[0.237s] [100%] Built target autoware_adapi_version_msgs__rosidl_typesupport_c__pyext
[0.393s] running egg_info
[0.393s] writing autoware_adapi_version_msgs.egg-info/PKG-INFO
[0.394s] writing dependency_links to autoware_adapi_version_msgs.egg-info/dependency_links.txt
[0.394s] writing top-level names to autoware_adapi_version_msgs.egg-info/top_level.txt
[0.396s] reading manifest file 'autoware_adapi_version_msgs.egg-info/SOURCES.txt'
[0.397s] writing manifest file 'autoware_adapi_version_msgs.egg-info/SOURCES.txt'
[0.419s] [100%] Built target ament_cmake_python_build_autoware_adapi_version_msgs_egg
[0.429s] Invoked command in '/home/zyme/ros_ws/Autoware_sim_test/build/autoware_adapi_version_msgs' returned '0': CMAKE_PREFIX_PATH=/opt/ros/humble /usr/bin/cmake --build /home/zyme/ros_ws/Autoware_sim_test/build/autoware_adapi_version_msgs -- -j12 -l12
[0.487s] Invoking command in '/home/zyme/ros_ws/Autoware_sim_test/build/autoware_adapi_version_msgs': CMAKE_PREFIX_PATH=/opt/ros/humble /usr/bin/cmake --install /home/zyme/ros_ws/Autoware_sim_test/build/autoware_adapi_version_msgs
[0.494s] -- Install configuration: "Release"
[0.494s] -- Execute custom install script
[0.495s] -- Up-to-date symlink: /home/zyme/ros_ws/Autoware_sim_test/install/autoware_adapi_version_msgs/share/ament_index/resource_index/rosidl_interfaces/autoware_adapi_version_msgs
[0.495s] -- Up-to-date symlink: /home/zyme/ros_ws/Autoware_sim_test/install/autoware_adapi_version_msgs/include/autoware_adapi_version_msgs/autoware_adapi_version_msgs/msg/rosidl_generator_c__visibility_control.h
[0.495s] -- Up-to-date symlink: /home/zyme/ros_ws/Autoware_sim_test/install/autoware_adapi_version_msgs/include/autoware_adapi_version_msgs/autoware_adapi_version_msgs/srv/detail/interface_version__functions.h
[0.496s] -- Up-to-date symlink: /home/zyme/ros_ws/Autoware_sim_test/install/autoware_adapi_version_msgs/include/autoware_adapi_version_msgs/autoware_adapi_version_msgs/srv/detail/interface_version__struct.h
[0.496s] -- Up-to-date symlink: /home/zyme/ros_ws/Autoware_sim_test/install/autoware_adapi_version_msgs/include/autoware_adapi_version_msgs/autoware_adapi_version_msgs/srv/detail/interface_version__type_support.h
[0.496s] -- Up-to-date symlink: /home/zyme/ros_ws/Autoware_sim_test/install/autoware_adapi_version_msgs/include/autoware_adapi_version_msgs/autoware_adapi_version_msgs/srv/interface_version.h
[0.496s] -- Up-to-date symlink: /home/zyme/ros_ws/Autoware_sim_test/install/autoware_adapi_version_msgs/share/autoware_adapi_version_msgs/environment/library_path.sh
[0.496s] -- Up-to-date symlink: /home/zyme/ros_ws/Autoware_sim_test/install/autoware_adapi_version_msgs/share/autoware_adapi_version_msgs/environment/library_path.dsv
[0.496s] -- Up-to-date symlink: /home/zyme/ros_ws/Autoware_sim_test/install/autoware_adapi_version_msgs/include/autoware_adapi_version_msgs/autoware_adapi_version_msgs/msg/rosidl_typesupport_fastrtps_c__visibility_control.h
[0.497s] -- Up-to-date symlink: /home/zyme/ros_ws/Autoware_sim_test/install/autoware_adapi_version_msgs/include/autoware_adapi_version_msgs/autoware_adapi_version_msgs/srv/detail/interface_version__rosidl_typesupport_fastrtps_c.h
[0.497s] -- Up-to-date symlink: /home/zyme/ros_ws/Autoware_sim_test/install/autoware_adapi_version_msgs/include/autoware_adapi_version_msgs/autoware_adapi_version_msgs/msg/rosidl_typesupport_introspection_c__visibility_control.h
[0.497s] -- Up-to-date symlink: /home/zyme/ros_ws/Autoware_sim_test/install/autoware_adapi_version_msgs/include/autoware_adapi_version_msgs/autoware_adapi_version_msgs/srv/detail/interface_version__rosidl_typesupport_introspection_c.h
[0.497s] -- Up-to-date symlink: /home/zyme/ros_ws/Autoware_sim_test/install/autoware_adapi_version_msgs/include/autoware_adapi_version_msgs/autoware_adapi_version_msgs/srv/detail/interface_version__builder.hpp
[0.498s] -- Up-to-date symlink: /home/zyme/ros_ws/Autoware_sim_test/install/autoware_adapi_version_msgs/include/autoware_adapi_version_msgs/autoware_adapi_version_msgs/srv/detail/interface_version__struct.hpp
[0.498s] -- Up-to-date symlink: /home/zyme/ros_ws/Autoware_sim_test/install/autoware_adapi_version_msgs/include/autoware_adapi_version_msgs/autoware_adapi_version_msgs/srv/detail/interface_version__traits.hpp
[0.498s] -- Up-to-date symlink: /home/zyme/ros_ws/Autoware_sim_test/install/autoware_adapi_version_msgs/include/autoware_adapi_version_msgs/autoware_adapi_version_msgs/srv/interface_version.hpp
[0.498s] -- Up-to-date symlink: /home/zyme/ros_ws/Autoware_sim_test/install/autoware_adapi_version_msgs/include/autoware_adapi_version_msgs/autoware_adapi_version_msgs/msg/rosidl_typesupport_fastrtps_cpp__visibility_control.h
[0.498s] -- Up-to-date symlink: /home/zyme/ros_ws/Autoware_sim_test/install/autoware_adapi_version_msgs/include/autoware_adapi_version_msgs/autoware_adapi_version_msgs/srv/detail/interface_version__rosidl_typesupport_fastrtps_cpp.hpp
[0.499s] -- Up-to-date symlink: /home/zyme/ros_ws/Autoware_sim_test/install/autoware_adapi_version_msgs/include/autoware_adapi_version_msgs/autoware_adapi_version_msgs/srv/detail/interface_version__rosidl_typesupport_introspection_cpp.hpp
[0.499s] -- Up-to-date symlink: /home/zyme/ros_ws/Autoware_sim_test/install/autoware_adapi_version_msgs/share/autoware_adapi_version_msgs/environment/pythonpath.sh
[0.499s] -- Up-to-date symlink: /home/zyme/ros_ws/Autoware_sim_test/install/autoware_adapi_version_msgs/share/autoware_adapi_version_msgs/environment/pythonpath.dsv
[0.499s] -- Up-to-date symlink: /home/zyme/ros_ws/Autoware_sim_test/install/autoware_adapi_version_msgs/local/lib/python3.10/dist-packages/autoware_adapi_version_msgs-0.0.0-py3.10.egg-info/PKG-INFO
[0.499s] -- Up-to-date symlink: /home/zyme/ros_ws/Autoware_sim_test/install/autoware_adapi_version_msgs/local/lib/python3.10/dist-packages/autoware_adapi_version_msgs-0.0.0-py3.10.egg-info/SOURCES.txt
[0.499s] -- Up-to-date symlink: /home/zyme/ros_ws/Autoware_sim_test/install/autoware_adapi_version_msgs/local/lib/python3.10/dist-packages/autoware_adapi_version_msgs-0.0.0-py3.10.egg-info/dependency_links.txt
[0.500s] -- Up-to-date symlink: /home/zyme/ros_ws/Autoware_sim_test/install/autoware_adapi_version_msgs/local/lib/python3.10/dist-packages/autoware_adapi_version_msgs-0.0.0-py3.10.egg-info/top_level.txt
[0.500s] -- Up-to-date symlink: /home/zyme/ros_ws/Autoware_sim_test/install/autoware_adapi_version_msgs/local/lib/python3.10/dist-packages/autoware_adapi_version_msgs/__init__.py
[0.500s] -- Up-to-date symlink: /home/zyme/ros_ws/Autoware_sim_test/install/autoware_adapi_version_msgs/local/lib/python3.10/dist-packages/autoware_adapi_version_msgs/_autoware_adapi_version_msgs_s.ep.rosidl_typesupport_c.c
[0.500s] -- Up-to-date symlink: /home/zyme/ros_ws/Autoware_sim_test/install/autoware_adapi_version_msgs/local/lib/python3.10/dist-packages/autoware_adapi_version_msgs/_autoware_adapi_version_msgs_s.ep.rosidl_typesupport_fastrtps_c.c
[0.500s] -- Up-to-date symlink: /home/zyme/ros_ws/Autoware_sim_test/install/autoware_adapi_version_msgs/local/lib/python3.10/dist-packages/autoware_adapi_version_msgs/_autoware_adapi_version_msgs_s.ep.rosidl_typesupport_introspection_c.c
[0.501s] -- Up-to-date symlink: /home/zyme/ros_ws/Autoware_sim_test/install/autoware_adapi_version_msgs/local/lib/python3.10/dist-packages/autoware_adapi_version_msgs/autoware_adapi_version_msgs_s__rosidl_typesupport_c.cpython-310-x86_64-linux-gnu.so
[0.501s] -- Up-to-date symlink: /home/zyme/ros_ws/Autoware_sim_test/install/autoware_adapi_version_msgs/local/lib/python3.10/dist-packages/autoware_adapi_version_msgs/autoware_adapi_version_msgs_s__rosidl_typesupport_fastrtps_c.cpython-310-x86_64-linux-gnu.so
[0.501s] -- Up-to-date symlink: /home/zyme/ros_ws/Autoware_sim_test/install/autoware_adapi_version_msgs/local/lib/python3.10/dist-packages/autoware_adapi_version_msgs/autoware_adapi_version_msgs_s__rosidl_typesupport_introspection_c.cpython-310-x86_64-linux-gnu.so
[0.501s] -- Up-to-date symlink: /home/zyme/ros_ws/Autoware_sim_test/install/autoware_adapi_version_msgs/local/lib/python3.10/dist-packages/autoware_adapi_version_msgs/libautoware_adapi_version_msgs__rosidl_generator_py.so
[0.501s] -- Up-to-date symlink: /home/zyme/ros_ws/Autoware_sim_test/install/autoware_adapi_version_msgs/local/lib/python3.10/dist-packages/autoware_adapi_version_msgs/srv/__init__.py
[0.501s] -- Up-to-date symlink: /home/zyme/ros_ws/Autoware_sim_test/install/autoware_adapi_version_msgs/local/lib/python3.10/dist-packages/autoware_adapi_version_msgs/srv/_interface_version.py
[0.501s] -- Up-to-date symlink: /home/zyme/ros_ws/Autoware_sim_test/install/autoware_adapi_version_msgs/local/lib/python3.10/dist-packages/autoware_adapi_version_msgs/srv/_interface_version_s.c
[0.502s] -- Up-to-date symlink: /home/zyme/ros_ws/Autoware_sim_test/install/autoware_adapi_version_msgs/local/lib/python3.10/dist-packages/autoware_adapi_version_msgs/autoware_adapi_version_msgs_s__rosidl_typesupport_fastrtps_c.cpython-310-x86_64-linux-gnu.so
[0.502s] -- Up-to-date symlink: /home/zyme/ros_ws/Autoware_sim_test/install/autoware_adapi_version_msgs/local/lib/python3.10/dist-packages/autoware_adapi_version_msgs/autoware_adapi_version_msgs_s__rosidl_typesupport_introspection_c.cpython-310-x86_64-linux-gnu.so
[0.502s] -- Up-to-date symlink: /home/zyme/ros_ws/Autoware_sim_test/install/autoware_adapi_version_msgs/local/lib/python3.10/dist-packages/autoware_adapi_version_msgs/autoware_adapi_version_msgs_s__rosidl_typesupport_c.cpython-310-x86_64-linux-gnu.so
[0.503s] -- Up-to-date symlink: /home/zyme/ros_ws/Autoware_sim_test/install/autoware_adapi_version_msgs/share/autoware_adapi_version_msgs/srv/InterfaceVersion.idl
[0.503s] -- Up-to-date symlink: /home/zyme/ros_ws/Autoware_sim_test/install/autoware_adapi_version_msgs/share/autoware_adapi_version_msgs/srv/InterfaceVersion.srv
[0.503s] -- Up-to-date symlink: /home/zyme/ros_ws/Autoware_sim_test/install/autoware_adapi_version_msgs/share/autoware_adapi_version_msgs/srv/InterfaceVersion_Request.msg
[0.503s] -- Up-to-date symlink: /home/zyme/ros_ws/Autoware_sim_test/install/autoware_adapi_version_msgs/share/autoware_adapi_version_msgs/srv/InterfaceVersion_Response.msg
[0.504s] -- Up-to-date symlink: /home/zyme/ros_ws/Autoware_sim_test/install/autoware_adapi_version_msgs/share/ament_index/resource_index/package_run_dependencies/autoware_adapi_version_msgs
[0.504s] -- Up-to-date symlink: /home/zyme/ros_ws/Autoware_sim_test/install/autoware_adapi_version_msgs/share/ament_index/resource_index/parent_prefix_path/autoware_adapi_version_msgs
[0.504s] -- Up-to-date symlink: /home/zyme/ros_ws/Autoware_sim_test/install/autoware_adapi_version_msgs/share/autoware_adapi_version_msgs/environment/ament_prefix_path.sh
[0.504s] -- Up-to-date symlink: /home/zyme/ros_ws/Autoware_sim_test/install/autoware_adapi_version_msgs/share/autoware_adapi_version_msgs/environment/ament_prefix_path.dsv
[0.504s] -- Up-to-date symlink: /home/zyme/ros_ws/Autoware_sim_test/install/autoware_adapi_version_msgs/share/autoware_adapi_version_msgs/environment/path.sh
[0.504s] -- Up-to-date symlink: /home/zyme/ros_ws/Autoware_sim_test/install/autoware_adapi_version_msgs/share/autoware_adapi_version_msgs/environment/path.dsv
[0.505s] -- Up-to-date symlink: /home/zyme/ros_ws/Autoware_sim_test/install/autoware_adapi_version_msgs/share/autoware_adapi_version_msgs/local_setup.bash
[0.505s] -- Up-to-date symlink: /home/zyme/ros_ws/Autoware_sim_test/install/autoware_adapi_version_msgs/share/autoware_adapi_version_msgs/local_setup.sh
[0.505s] -- Up-to-date symlink: /home/zyme/ros_ws/Autoware_sim_test/install/autoware_adapi_version_msgs/share/autoware_adapi_version_msgs/local_setup.zsh
[0.505s] -- Up-to-date symlink: /home/zyme/ros_ws/Autoware_sim_test/install/autoware_adapi_version_msgs/share/autoware_adapi_version_msgs/local_setup.dsv
[0.505s] -- Symlinking: /home/zyme/ros_ws/Autoware_sim_test/install/autoware_adapi_version_msgs/share/autoware_adapi_version_msgs/package.dsv
[0.514s] -- Up-to-date symlink: /home/zyme/ros_ws/Autoware_sim_test/install/autoware_adapi_version_msgs/share/ament_index/resource_index/packages/autoware_adapi_version_msgs
[0.514s] -- Up-to-date symlink: /home/zyme/ros_ws/Autoware_sim_test/install/autoware_adapi_version_msgs/share/autoware_adapi_version_msgs/cmake/rosidl_cmake-extras.cmake
[0.514s] -- Up-to-date symlink: /home/zyme/ros_ws/Autoware_sim_test/install/autoware_adapi_version_msgs/share/autoware_adapi_version_msgs/cmake/ament_cmake_export_include_directories-extras.cmake
[0.514s] -- Up-to-date symlink: /home/zyme/ros_ws/Autoware_sim_test/install/autoware_adapi_version_msgs/share/autoware_adapi_version_msgs/cmake/ament_cmake_export_libraries-extras.cmake
[0.514s] -- Up-to-date symlink: /home/zyme/ros_ws/Autoware_sim_test/install/autoware_adapi_version_msgs/share/autoware_adapi_version_msgs/cmake/ament_cmake_export_targets-extras.cmake
[0.514s] -- Up-to-date symlink: /home/zyme/ros_ws/Autoware_sim_test/install/autoware_adapi_version_msgs/share/autoware_adapi_version_msgs/cmake/rosidl_cmake_export_typesupport_targets-extras.cmake
[0.514s] -- Up-to-date symlink: /home/zyme/ros_ws/Autoware_sim_test/install/autoware_adapi_version_msgs/share/autoware_adapi_version_msgs/cmake/ament_cmake_export_dependencies-extras.cmake
[0.515s] -- Up-to-date symlink: /home/zyme/ros_ws/Autoware_sim_test/install/autoware_adapi_version_msgs/share/autoware_adapi_version_msgs/cmake/rosidl_cmake_export_typesupport_libraries-extras.cmake
[0.515s] -- Up-to-date symlink: /home/zyme/ros_ws/Autoware_sim_test/install/autoware_adapi_version_msgs/share/autoware_adapi_version_msgs/cmake/autoware_adapi_version_msgsConfig.cmake
[0.515s] -- Up-to-date symlink: /home/zyme/ros_ws/Autoware_sim_test/install/autoware_adapi_version_msgs/share/autoware_adapi_version_msgs/cmake/autoware_adapi_version_msgsConfig-version.cmake
[0.515s] -- Up-to-date symlink: /home/zyme/ros_ws/Autoware_sim_test/install/autoware_adapi_version_msgs/share/autoware_adapi_version_msgs/package.xml
[0.515s] -- Up-to-date: /home/zyme/ros_ws/Autoware_sim_test/install/autoware_adapi_version_msgs/lib/libautoware_adapi_version_msgs__rosidl_generator_c.so
[0.515s] -- Up-to-date: /home/zyme/ros_ws/Autoware_sim_test/install/autoware_adapi_version_msgs/lib/libautoware_adapi_version_msgs__rosidl_typesupport_fastrtps_c.so
[0.516s] -- Up-to-date: /home/zyme/ros_ws/Autoware_sim_test/install/autoware_adapi_version_msgs/lib/libautoware_adapi_version_msgs__rosidl_typesupport_introspection_c.so
[0.516s] -- Up-to-date: /home/zyme/ros_ws/Autoware_sim_test/install/autoware_adapi_version_msgs/lib/libautoware_adapi_version_msgs__rosidl_typesupport_c.so
[0.516s] -- Up-to-date: /home/zyme/ros_ws/Autoware_sim_test/install/autoware_adapi_version_msgs/lib/libautoware_adapi_version_msgs__rosidl_typesupport_fastrtps_cpp.so
[0.517s] -- Up-to-date: /home/zyme/ros_ws/Autoware_sim_test/install/autoware_adapi_version_msgs/lib/libautoware_adapi_version_msgs__rosidl_typesupport_introspection_cpp.so
[0.517s] -- Up-to-date: /home/zyme/ros_ws/Autoware_sim_test/install/autoware_adapi_version_msgs/lib/libautoware_adapi_version_msgs__rosidl_typesupport_cpp.so
[0.545s] Listing '/home/zyme/ros_ws/Autoware_sim_test/install/autoware_adapi_version_msgs/local/lib/python3.10/dist-packages/autoware_adapi_version_msgs'...
[0.545s] Listing '/home/zyme/ros_ws/Autoware_sim_test/install/autoware_adapi_version_msgs/local/lib/python3.10/dist-packages/autoware_adapi_version_msgs/srv'...
[0.549s] -- Up-to-date: /home/zyme/ros_ws/Autoware_sim_test/install/autoware_adapi_version_msgs/lib/libautoware_adapi_version_msgs__rosidl_generator_py.so
[0.549s] -- Up-to-date: /home/zyme/ros_ws/Autoware_sim_test/install/autoware_adapi_version_msgs/share/autoware_adapi_version_msgs/cmake/export_autoware_adapi_version_msgs__rosidl_generator_cExport.cmake
[0.550s] -- Up-to-date: /home/zyme/ros_ws/Autoware_sim_test/install/autoware_adapi_version_msgs/share/autoware_adapi_version_msgs/cmake/export_autoware_adapi_version_msgs__rosidl_generator_cExport-release.cmake
[0.550s] -- Up-to-date: /home/zyme/ros_ws/Autoware_sim_test/install/autoware_adapi_version_msgs/share/autoware_adapi_version_msgs/cmake/export_autoware_adapi_version_msgs__rosidl_typesupport_fastrtps_cExport.cmake
[0.550s] -- Up-to-date: /home/zyme/ros_ws/Autoware_sim_test/install/autoware_adapi_version_msgs/share/autoware_adapi_version_msgs/cmake/export_autoware_adapi_version_msgs__rosidl_typesupport_fastrtps_cExport-release.cmake
[0.550s] -- Up-to-date: /home/zyme/ros_ws/Autoware_sim_test/install/autoware_adapi_version_msgs/share/autoware_adapi_version_msgs/cmake/autoware_adapi_version_msgs__rosidl_typesupport_introspection_cExport.cmake
[0.550s] -- Up-to-date: /home/zyme/ros_ws/Autoware_sim_test/install/autoware_adapi_version_msgs/share/autoware_adapi_version_msgs/cmake/autoware_adapi_version_msgs__rosidl_typesupport_introspection_cExport-release.cmake
[0.551s] -- Up-to-date: /home/zyme/ros_ws/Autoware_sim_test/install/autoware_adapi_version_msgs/share/autoware_adapi_version_msgs/cmake/autoware_adapi_version_msgs__rosidl_typesupport_cExport.cmake
[0.551s] -- Up-to-date: /home/zyme/ros_ws/Autoware_sim_test/install/autoware_adapi_version_msgs/share/autoware_adapi_version_msgs/cmake/autoware_adapi_version_msgs__rosidl_typesupport_cExport-release.cmake
[0.551s] -- Up-to-date: /home/zyme/ros_ws/Autoware_sim_test/install/autoware_adapi_version_msgs/share/autoware_adapi_version_msgs/cmake/export_autoware_adapi_version_msgs__rosidl_generator_cppExport.cmake
[0.551s] -- Up-to-date: /home/zyme/ros_ws/Autoware_sim_test/install/autoware_adapi_version_msgs/share/autoware_adapi_version_msgs/cmake/export_autoware_adapi_version_msgs__rosidl_typesupport_fastrtps_cppExport.cmake
[0.551s] -- Up-to-date: /home/zyme/ros_ws/Autoware_sim_test/install/autoware_adapi_version_msgs/share/autoware_adapi_version_msgs/cmake/export_autoware_adapi_version_msgs__rosidl_typesupport_fastrtps_cppExport-release.cmake
[0.552s] -- Up-to-date: /home/zyme/ros_ws/Autoware_sim_test/install/autoware_adapi_version_msgs/share/autoware_adapi_version_msgs/cmake/autoware_adapi_version_msgs__rosidl_typesupport_introspection_cppExport.cmake
[0.552s] -- Up-to-date: /home/zyme/ros_ws/Autoware_sim_test/install/autoware_adapi_version_msgs/share/autoware_adapi_version_msgs/cmake/autoware_adapi_version_msgs__rosidl_typesupport_introspection_cppExport-release.cmake
[0.552s] -- Up-to-date: /home/zyme/ros_ws/Autoware_sim_test/install/autoware_adapi_version_msgs/share/autoware_adapi_version_msgs/cmake/autoware_adapi_version_msgs__rosidl_typesupport_cppExport.cmake
[0.552s] -- Up-to-date: /home/zyme/ros_ws/Autoware_sim_test/install/autoware_adapi_version_msgs/share/autoware_adapi_version_msgs/cmake/autoware_adapi_version_msgs__rosidl_typesupport_cppExport-release.cmake
[0.552s] -- Up-to-date: /home/zyme/ros_ws/Autoware_sim_test/install/autoware_adapi_version_msgs/share/autoware_adapi_version_msgs/cmake/export_autoware_adapi_version_msgs__rosidl_generator_pyExport.cmake
[0.552s] -- Up-to-date: /home/zyme/ros_ws/Autoware_sim_test/install/autoware_adapi_version_msgs/share/autoware_adapi_version_msgs/cmake/export_autoware_adapi_version_msgs__rosidl_generator_pyExport-release.cmake
[0.554s] Invoked command in '/home/zyme/ros_ws/Autoware_sim_test/build/autoware_adapi_version_msgs' returned '0': CMAKE_PREFIX_PATH=/opt/ros/humble /usr/bin/cmake --install /home/zyme/ros_ws/Autoware_sim_test/build/autoware_adapi_version_msgs
