[0.126s] Invoking command in '/home/zyme/ros_ws/Autoware_sim_test/build/pandar_msgs': CMAKE_PREFIX_PATH=/opt/ros/humble /usr/bin/cmake /home/zyme/ros_ws/Autoware_sim_test/src/autoware/src/sensor_component/external/nebula/nebula_messages/pandar_msgs -DCMAKE_BUILD_TYPE=Release -DCMAKE_CXX_FLAGS=-w -DAMENT_CMAKE_SYMLINK_INSTALL=1 -DCMAKE_INSTALL_PREFIX=/home/zyme/ros_ws/Autoware_sim_test/install/pandar_msgs
[0.149s] -- Found ament_cmake_auto: 1.3.8 (/opt/ros/humble/share/ament_cmake_auto/cmake)
[0.373s] -- Override CMake install command with custom implementation using symlinks instead of copying resources
[0.667s] -- Found rosidl_generator_c: 3.1.5 (/opt/ros/humble/share/rosidl_generator_c/cmake)
[0.676s] -- Found rosidl_adapter: 3.1.5 (/opt/ros/humble/share/rosidl_adapter/cmake)
[0.694s] -- Found rosidl_generator_cpp: 3.1.5 (/opt/ros/humble/share/rosidl_generator_cpp/cmake)
[0.734s] -- Using all available rosidl_typesupport_c: rosidl_typesupport_fastrtps_c;rosidl_typesupport_introspection_c
[0.775s] -- Using all available rosidl_typesupport_cpp: rosidl_typesupport_fastrtps_cpp;rosidl_typesupport_introspection_cpp
[1.338s] -- Found ament_cmake_ros: 0.10.0 (/opt/ros/humble/share/ament_cmake_ros/cmake)
[1.974s] -- Using all available rosidl_typesupport_c: rosidl_typesupport_fastrtps_c;rosidl_typesupport_introspection_c
[2.226s] -- Using all available rosidl_typesupport_cpp: rosidl_typesupport_fastrtps_cpp;rosidl_typesupport_introspection_cpp
[2.272s] -- Found python_cmake_module: 0.10.0 (/opt/ros/humble/share/python_cmake_module/cmake)
[2.324s] -- Using PYTHON_EXECUTABLE: /usr/bin/python3
[2.324s] -- Using PYTHON_INCLUDE_DIRS: /usr/include/python3.10
[2.324s] -- Using PYTHON_LIBRARIES: /usr/lib/x86_64-linux-gnu/libpython3.10.so
[2.417s] -- Configuring done
[2.479s] -- Generating done
[2.486s] -- Build files have been written to: /home/zyme/ros_ws/Autoware_sim_test/build/pandar_msgs
[2.505s] Invoked command in '/home/zyme/ros_ws/Autoware_sim_test/build/pandar_msgs' returned '0': CMAKE_PREFIX_PATH=/opt/ros/humble /usr/bin/cmake /home/zyme/ros_ws/Autoware_sim_test/src/autoware/src/sensor_component/external/nebula/nebula_messages/pandar_msgs -DCMAKE_BUILD_TYPE=Release -DCMAKE_CXX_FLAGS=-w -DAMENT_CMAKE_SYMLINK_INSTALL=1 -DCMAKE_INSTALL_PREFIX=/home/zyme/ros_ws/Autoware_sim_test/install/pandar_msgs
[2.506s] Invoking command in '/home/zyme/ros_ws/Autoware_sim_test/build/pandar_msgs': CMAKE_PREFIX_PATH=/opt/ros/humble /usr/bin/cmake --build /home/zyme/ros_ws/Autoware_sim_test/build/pandar_msgs -- -j12 -l12
[2.583s] [35m[1mConsolidate compiler generated dependencies of target pandar_msgs__rosidl_generator_c[0m
[2.605s] [ 12%] Built target pandar_msgs__rosidl_generator_c
[2.606s] [ 12%] Built target pandar_msgs__cpp
[2.627s] [35m[1mConsolidate compiler generated dependencies of target pandar_msgs__rosidl_typesupport_cpp[0m
[2.627s] [ 12%] Built target ament_cmake_python_symlink_pandar_msgs
[2.637s] [35m[1mConsolidate compiler generated dependencies of target pandar_msgs__rosidl_typesupport_c[0m
[2.637s] [35m[1mConsolidate compiler generated dependencies of target pandar_msgs__rosidl_typesupport_introspection_c[0m
[2.637s] [35m[1mConsolidate compiler generated dependencies of target pandar_msgs__rosidl_typesupport_fastrtps_cpp[0m
[2.646s] [35m[1mConsolidate compiler generated dependencies of target pandar_msgs__rosidl_typesupport_introspection_cpp[0m
[2.654s] [35m[1mConsolidate compiler generated dependencies of target pandar_msgs__rosidl_typesupport_fastrtps_c[0m
[2.667s] [ 23%] Built target pandar_msgs__rosidl_typesupport_c
[2.668s] [ 34%] Built target pandar_msgs__rosidl_typesupport_introspection_c
[2.672s] [ 44%] Built target pandar_msgs__rosidl_typesupport_cpp
[2.694s] [ 55%] Built target pandar_msgs__rosidl_typesupport_fastrtps_c
[2.695s] [ 65%] Built target pandar_msgs__rosidl_typesupport_introspection_cpp
[2.696s] [ 76%] Built target pandar_msgs__rosidl_typesupport_fastrtps_cpp
[2.738s] [ 76%] Built target pandar_msgs
[2.779s] [ 78%] Built target pandar_msgs__py
[2.801s] [35m[1mConsolidate compiler generated dependencies of target pandar_msgs__rosidl_generator_py[0m
[2.829s] [ 87%] Built target pandar_msgs__rosidl_generator_py
[2.847s] [35m[1mConsolidate compiler generated dependencies of target pandar_msgs__rosidl_typesupport_fastrtps_c__pyext[0m
[2.852s] [35m[1mConsolidate compiler generated dependencies of target pandar_msgs__rosidl_typesupport_introspection_c__pyext[0m
[2.852s] [35m[1mConsolidate compiler generated dependencies of target pandar_msgs__rosidl_typesupport_c__pyext[0m
[2.876s] [ 91%] Built target pandar_msgs__rosidl_typesupport_fastrtps_c__pyext
[2.879s] [ 95%] Built target pandar_msgs__rosidl_typesupport_introspection_c__pyext
[2.880s] [100%] Built target pandar_msgs__rosidl_typesupport_c__pyext
[3.173s] running egg_info
[3.177s] writing pandar_msgs.egg-info/PKG-INFO
[3.177s] writing dependency_links to pandar_msgs.egg-info/dependency_links.txt
[3.178s] writing top-level names to pandar_msgs.egg-info/top_level.txt
[3.178s] reading manifest file 'pandar_msgs.egg-info/SOURCES.txt'
[3.179s] writing manifest file 'pandar_msgs.egg-info/SOURCES.txt'
[3.221s] [100%] Built target ament_cmake_python_build_pandar_msgs_egg
[3.241s] Invoked command in '/home/zyme/ros_ws/Autoware_sim_test/build/pandar_msgs' returned '0': CMAKE_PREFIX_PATH=/opt/ros/humble /usr/bin/cmake --build /home/zyme/ros_ws/Autoware_sim_test/build/pandar_msgs -- -j12 -l12
[3.421s] Invoking command in '/home/zyme/ros_ws/Autoware_sim_test/build/pandar_msgs': CMAKE_PREFIX_PATH=/opt/ros/humble /usr/bin/cmake --install /home/zyme/ros_ws/Autoware_sim_test/build/pandar_msgs
[3.437s] -- Install configuration: "Release"
[3.437s] -- Execute custom install script
[3.438s] -- Up-to-date symlink: /home/zyme/ros_ws/Autoware_sim_test/install/pandar_msgs/share/ament_index/resource_index/rosidl_interfaces/pandar_msgs
[3.438s] -- Up-to-date symlink: /home/zyme/ros_ws/Autoware_sim_test/install/pandar_msgs/include/pandar_msgs/pandar_msgs/msg/detail/pandar_jumbo_packet__functions.h
[3.439s] -- Up-to-date symlink: /home/zyme/ros_ws/Autoware_sim_test/install/pandar_msgs/include/pandar_msgs/pandar_msgs/msg/detail/pandar_jumbo_packet__struct.h
[3.439s] -- Up-to-date symlink: /home/zyme/ros_ws/Autoware_sim_test/install/pandar_msgs/include/pandar_msgs/pandar_msgs/msg/detail/pandar_jumbo_packet__type_support.h
[3.439s] -- Up-to-date symlink: /home/zyme/ros_ws/Autoware_sim_test/install/pandar_msgs/include/pandar_msgs/pandar_msgs/msg/detail/pandar_packet__functions.h
[3.439s] -- Up-to-date symlink: /home/zyme/ros_ws/Autoware_sim_test/install/pandar_msgs/include/pandar_msgs/pandar_msgs/msg/detail/pandar_packet__struct.h
[3.440s] -- Up-to-date symlink: /home/zyme/ros_ws/Autoware_sim_test/install/pandar_msgs/include/pandar_msgs/pandar_msgs/msg/detail/pandar_packet__type_support.h
[3.440s] -- Up-to-date symlink: /home/zyme/ros_ws/Autoware_sim_test/install/pandar_msgs/include/pandar_msgs/pandar_msgs/msg/detail/pandar_scan__functions.h
[3.440s] -- Up-to-date symlink: /home/zyme/ros_ws/Autoware_sim_test/install/pandar_msgs/include/pandar_msgs/pandar_msgs/msg/detail/pandar_scan__struct.h
[3.441s] -- Up-to-date symlink: /home/zyme/ros_ws/Autoware_sim_test/install/pandar_msgs/include/pandar_msgs/pandar_msgs/msg/detail/pandar_scan__type_support.h
[3.441s] -- Up-to-date symlink: /home/zyme/ros_ws/Autoware_sim_test/install/pandar_msgs/include/pandar_msgs/pandar_msgs/msg/pandar_jumbo_packet.h
[3.441s] -- Up-to-date symlink: /home/zyme/ros_ws/Autoware_sim_test/install/pandar_msgs/include/pandar_msgs/pandar_msgs/msg/pandar_packet.h
[3.441s] -- Up-to-date symlink: /home/zyme/ros_ws/Autoware_sim_test/install/pandar_msgs/include/pandar_msgs/pandar_msgs/msg/pandar_scan.h
[3.442s] -- Up-to-date symlink: /home/zyme/ros_ws/Autoware_sim_test/install/pandar_msgs/include/pandar_msgs/pandar_msgs/msg/rosidl_generator_c__visibility_control.h
[3.442s] -- Up-to-date symlink: /home/zyme/ros_ws/Autoware_sim_test/install/pandar_msgs/share/pandar_msgs/environment/library_path.sh
[3.442s] -- Up-to-date symlink: /home/zyme/ros_ws/Autoware_sim_test/install/pandar_msgs/share/pandar_msgs/environment/library_path.dsv
[3.443s] -- Up-to-date symlink: /home/zyme/ros_ws/Autoware_sim_test/install/pandar_msgs/include/pandar_msgs/pandar_msgs/msg/detail/pandar_jumbo_packet__rosidl_typesupport_fastrtps_c.h
[3.444s] -- Up-to-date symlink: /home/zyme/ros_ws/Autoware_sim_test/install/pandar_msgs/include/pandar_msgs/pandar_msgs/msg/detail/pandar_packet__rosidl_typesupport_fastrtps_c.h
[3.444s] -- Up-to-date symlink: /home/zyme/ros_ws/Autoware_sim_test/install/pandar_msgs/include/pandar_msgs/pandar_msgs/msg/detail/pandar_scan__rosidl_typesupport_fastrtps_c.h
[3.444s] -- Up-to-date symlink: /home/zyme/ros_ws/Autoware_sim_test/install/pandar_msgs/include/pandar_msgs/pandar_msgs/msg/rosidl_typesupport_fastrtps_c__visibility_control.h
[3.445s] -- Up-to-date symlink: /home/zyme/ros_ws/Autoware_sim_test/install/pandar_msgs/include/pandar_msgs/pandar_msgs/msg/detail/pandar_jumbo_packet__builder.hpp
[3.445s] -- Up-to-date symlink: /home/zyme/ros_ws/Autoware_sim_test/install/pandar_msgs/include/pandar_msgs/pandar_msgs/msg/detail/pandar_jumbo_packet__struct.hpp
[3.446s] -- Up-to-date symlink: /home/zyme/ros_ws/Autoware_sim_test/install/pandar_msgs/include/pandar_msgs/pandar_msgs/msg/detail/pandar_jumbo_packet__traits.hpp
[3.446s] -- Up-to-date symlink: /home/zyme/ros_ws/Autoware_sim_test/install/pandar_msgs/include/pandar_msgs/pandar_msgs/msg/detail/pandar_packet__builder.hpp
[3.446s] -- Up-to-date symlink: /home/zyme/ros_ws/Autoware_sim_test/install/pandar_msgs/include/pandar_msgs/pandar_msgs/msg/detail/pandar_packet__struct.hpp
[3.446s] -- Up-to-date symlink: /home/zyme/ros_ws/Autoware_sim_test/install/pandar_msgs/include/pandar_msgs/pandar_msgs/msg/detail/pandar_packet__traits.hpp
[3.447s] -- Up-to-date symlink: /home/zyme/ros_ws/Autoware_sim_test/install/pandar_msgs/include/pandar_msgs/pandar_msgs/msg/detail/pandar_scan__builder.hpp
[3.447s] -- Up-to-date symlink: /home/zyme/ros_ws/Autoware_sim_test/install/pandar_msgs/include/pandar_msgs/pandar_msgs/msg/detail/pandar_scan__struct.hpp
[3.447s] -- Up-to-date symlink: /home/zyme/ros_ws/Autoware_sim_test/install/pandar_msgs/include/pandar_msgs/pandar_msgs/msg/detail/pandar_scan__traits.hpp
[3.448s] -- Up-to-date symlink: /home/zyme/ros_ws/Autoware_sim_test/install/pandar_msgs/include/pandar_msgs/pandar_msgs/msg/pandar_jumbo_packet.hpp
[3.448s] -- Up-to-date symlink: /home/zyme/ros_ws/Autoware_sim_test/install/pandar_msgs/include/pandar_msgs/pandar_msgs/msg/pandar_packet.hpp
[3.448s] -- Up-to-date symlink: /home/zyme/ros_ws/Autoware_sim_test/install/pandar_msgs/include/pandar_msgs/pandar_msgs/msg/pandar_scan.hpp
[3.450s] -- Up-to-date symlink: /home/zyme/ros_ws/Autoware_sim_test/install/pandar_msgs/include/pandar_msgs/pandar_msgs/msg/detail/pandar_jumbo_packet__rosidl_typesupport_fastrtps_cpp.hpp
[3.450s] -- Up-to-date symlink: /home/zyme/ros_ws/Autoware_sim_test/install/pandar_msgs/include/pandar_msgs/pandar_msgs/msg/detail/pandar_packet__rosidl_typesupport_fastrtps_cpp.hpp
[3.451s] -- Up-to-date symlink: /home/zyme/ros_ws/Autoware_sim_test/install/pandar_msgs/include/pandar_msgs/pandar_msgs/msg/detail/pandar_scan__rosidl_typesupport_fastrtps_cpp.hpp
[3.451s] -- Up-to-date symlink: /home/zyme/ros_ws/Autoware_sim_test/install/pandar_msgs/include/pandar_msgs/pandar_msgs/msg/rosidl_typesupport_fastrtps_cpp__visibility_control.h
[3.452s] -- Up-to-date symlink: /home/zyme/ros_ws/Autoware_sim_test/install/pandar_msgs/include/pandar_msgs/pandar_msgs/msg/detail/pandar_jumbo_packet__rosidl_typesupport_introspection_c.h
[3.452s] -- Up-to-date symlink: /home/zyme/ros_ws/Autoware_sim_test/install/pandar_msgs/include/pandar_msgs/pandar_msgs/msg/detail/pandar_packet__rosidl_typesupport_introspection_c.h
[3.452s] -- Up-to-date symlink: /home/zyme/ros_ws/Autoware_sim_test/install/pandar_msgs/include/pandar_msgs/pandar_msgs/msg/detail/pandar_scan__rosidl_typesupport_introspection_c.h
[3.452s] -- Up-to-date symlink: /home/zyme/ros_ws/Autoware_sim_test/install/pandar_msgs/include/pandar_msgs/pandar_msgs/msg/rosidl_typesupport_introspection_c__visibility_control.h
[3.453s] -- Up-to-date symlink: /home/zyme/ros_ws/Autoware_sim_test/install/pandar_msgs/include/pandar_msgs/pandar_msgs/msg/detail/pandar_jumbo_packet__rosidl_typesupport_introspection_cpp.hpp
[3.453s] -- Up-to-date symlink: /home/zyme/ros_ws/Autoware_sim_test/install/pandar_msgs/include/pandar_msgs/pandar_msgs/msg/detail/pandar_packet__rosidl_typesupport_introspection_cpp.hpp
[3.454s] -- Up-to-date symlink: /home/zyme/ros_ws/Autoware_sim_test/install/pandar_msgs/include/pandar_msgs/pandar_msgs/msg/detail/pandar_scan__rosidl_typesupport_introspection_cpp.hpp
[3.454s] -- Up-to-date symlink: /home/zyme/ros_ws/Autoware_sim_test/install/pandar_msgs/share/pandar_msgs/environment/pythonpath.sh
[3.455s] -- Up-to-date symlink: /home/zyme/ros_ws/Autoware_sim_test/install/pandar_msgs/share/pandar_msgs/environment/pythonpath.dsv
[3.455s] -- Up-to-date symlink: /home/zyme/ros_ws/Autoware_sim_test/install/pandar_msgs/local/lib/python3.10/dist-packages/pandar_msgs-0.0.0-py3.10.egg-info/PKG-INFO
[3.456s] -- Up-to-date symlink: /home/zyme/ros_ws/Autoware_sim_test/install/pandar_msgs/local/lib/python3.10/dist-packages/pandar_msgs-0.0.0-py3.10.egg-info/SOURCES.txt
[3.456s] -- Up-to-date symlink: /home/zyme/ros_ws/Autoware_sim_test/install/pandar_msgs/local/lib/python3.10/dist-packages/pandar_msgs-0.0.0-py3.10.egg-info/dependency_links.txt
[3.456s] -- Up-to-date symlink: /home/zyme/ros_ws/Autoware_sim_test/install/pandar_msgs/local/lib/python3.10/dist-packages/pandar_msgs-0.0.0-py3.10.egg-info/top_level.txt
[3.458s] -- Up-to-date symlink: /home/zyme/ros_ws/Autoware_sim_test/install/pandar_msgs/local/lib/python3.10/dist-packages/pandar_msgs/__init__.py
[3.459s] -- Up-to-date symlink: /home/zyme/ros_ws/Autoware_sim_test/install/pandar_msgs/local/lib/python3.10/dist-packages/pandar_msgs/_pandar_msgs_s.ep.rosidl_typesupport_c.c
[3.459s] -- Up-to-date symlink: /home/zyme/ros_ws/Autoware_sim_test/install/pandar_msgs/local/lib/python3.10/dist-packages/pandar_msgs/_pandar_msgs_s.ep.rosidl_typesupport_fastrtps_c.c
[3.459s] -- Up-to-date symlink: /home/zyme/ros_ws/Autoware_sim_test/install/pandar_msgs/local/lib/python3.10/dist-packages/pandar_msgs/_pandar_msgs_s.ep.rosidl_typesupport_introspection_c.c
[3.459s] -- Up-to-date symlink: /home/zyme/ros_ws/Autoware_sim_test/install/pandar_msgs/local/lib/python3.10/dist-packages/pandar_msgs/libpandar_msgs__rosidl_generator_py.so
[3.459s] -- Up-to-date symlink: /home/zyme/ros_ws/Autoware_sim_test/install/pandar_msgs/local/lib/python3.10/dist-packages/pandar_msgs/msg/__init__.py
[3.460s] -- Up-to-date symlink: /home/zyme/ros_ws/Autoware_sim_test/install/pandar_msgs/local/lib/python3.10/dist-packages/pandar_msgs/msg/_pandar_jumbo_packet.py
[3.460s] -- Up-to-date symlink: /home/zyme/ros_ws/Autoware_sim_test/install/pandar_msgs/local/lib/python3.10/dist-packages/pandar_msgs/msg/_pandar_jumbo_packet_s.c
[3.460s] -- Up-to-date symlink: /home/zyme/ros_ws/Autoware_sim_test/install/pandar_msgs/local/lib/python3.10/dist-packages/pandar_msgs/msg/_pandar_packet.py
[3.460s] -- Up-to-date symlink: /home/zyme/ros_ws/Autoware_sim_test/install/pandar_msgs/local/lib/python3.10/dist-packages/pandar_msgs/msg/_pandar_packet_s.c
[3.461s] -- Up-to-date symlink: /home/zyme/ros_ws/Autoware_sim_test/install/pandar_msgs/local/lib/python3.10/dist-packages/pandar_msgs/msg/_pandar_scan.py
[3.461s] -- Up-to-date symlink: /home/zyme/ros_ws/Autoware_sim_test/install/pandar_msgs/local/lib/python3.10/dist-packages/pandar_msgs/msg/_pandar_scan_s.c
[3.461s] -- Up-to-date symlink: /home/zyme/ros_ws/Autoware_sim_test/install/pandar_msgs/local/lib/python3.10/dist-packages/pandar_msgs/pandar_msgs_s__rosidl_typesupport_c.cpython-310-x86_64-linux-gnu.so
[3.462s] -- Up-to-date symlink: /home/zyme/ros_ws/Autoware_sim_test/install/pandar_msgs/local/lib/python3.10/dist-packages/pandar_msgs/pandar_msgs_s__rosidl_typesupport_fastrtps_c.cpython-310-x86_64-linux-gnu.so
[3.462s] -- Up-to-date symlink: /home/zyme/ros_ws/Autoware_sim_test/install/pandar_msgs/local/lib/python3.10/dist-packages/pandar_msgs/pandar_msgs_s__rosidl_typesupport_introspection_c.cpython-310-x86_64-linux-gnu.so
[3.464s] -- Up-to-date symlink: /home/zyme/ros_ws/Autoware_sim_test/install/pandar_msgs/local/lib/python3.10/dist-packages/pandar_msgs/pandar_msgs_s__rosidl_typesupport_fastrtps_c.cpython-310-x86_64-linux-gnu.so
[3.464s] -- Up-to-date symlink: /home/zyme/ros_ws/Autoware_sim_test/install/pandar_msgs/local/lib/python3.10/dist-packages/pandar_msgs/pandar_msgs_s__rosidl_typesupport_introspection_c.cpython-310-x86_64-linux-gnu.so
[3.465s] -- Up-to-date symlink: /home/zyme/ros_ws/Autoware_sim_test/install/pandar_msgs/local/lib/python3.10/dist-packages/pandar_msgs/pandar_msgs_s__rosidl_typesupport_c.cpython-310-x86_64-linux-gnu.so
[3.465s] -- Up-to-date symlink: /home/zyme/ros_ws/Autoware_sim_test/install/pandar_msgs/share/pandar_msgs/msg/PandarPacket.idl
[3.465s] -- Up-to-date symlink: /home/zyme/ros_ws/Autoware_sim_test/install/pandar_msgs/share/pandar_msgs/msg/PandarScan.idl
[3.465s] -- Up-to-date symlink: /home/zyme/ros_ws/Autoware_sim_test/install/pandar_msgs/share/pandar_msgs/msg/PandarJumboPacket.idl
[3.465s] -- Up-to-date symlink: /home/zyme/ros_ws/Autoware_sim_test/install/pandar_msgs/share/pandar_msgs/msg/PandarPacket.msg
[3.466s] -- Up-to-date symlink: /home/zyme/ros_ws/Autoware_sim_test/install/pandar_msgs/share/pandar_msgs/msg/PandarScan.msg
[3.466s] -- Up-to-date symlink: /home/zyme/ros_ws/Autoware_sim_test/install/pandar_msgs/share/pandar_msgs/msg/PandarJumboPacket.msg
[3.466s] -- Up-to-date symlink: /home/zyme/ros_ws/Autoware_sim_test/install/pandar_msgs/share/ament_index/resource_index/package_run_dependencies/pandar_msgs
[3.467s] -- Up-to-date symlink: /home/zyme/ros_ws/Autoware_sim_test/install/pandar_msgs/share/ament_index/resource_index/parent_prefix_path/pandar_msgs
[3.467s] -- Up-to-date symlink: /home/zyme/ros_ws/Autoware_sim_test/install/pandar_msgs/share/pandar_msgs/environment/ament_prefix_path.sh
[3.467s] -- Up-to-date symlink: /home/zyme/ros_ws/Autoware_sim_test/install/pandar_msgs/share/pandar_msgs/environment/ament_prefix_path.dsv
[3.468s] -- Up-to-date symlink: /home/zyme/ros_ws/Autoware_sim_test/install/pandar_msgs/share/pandar_msgs/environment/path.sh
[3.468s] -- Up-to-date symlink: /home/zyme/ros_ws/Autoware_sim_test/install/pandar_msgs/share/pandar_msgs/environment/path.dsv
[3.468s] -- Up-to-date symlink: /home/zyme/ros_ws/Autoware_sim_test/install/pandar_msgs/share/pandar_msgs/local_setup.bash
[3.469s] -- Up-to-date symlink: /home/zyme/ros_ws/Autoware_sim_test/install/pandar_msgs/share/pandar_msgs/local_setup.sh
[3.469s] -- Up-to-date symlink: /home/zyme/ros_ws/Autoware_sim_test/install/pandar_msgs/share/pandar_msgs/local_setup.zsh
[3.469s] -- Up-to-date symlink: /home/zyme/ros_ws/Autoware_sim_test/install/pandar_msgs/share/pandar_msgs/local_setup.dsv
[3.469s] -- Symlinking: /home/zyme/ros_ws/Autoware_sim_test/install/pandar_msgs/share/pandar_msgs/package.dsv
[3.485s] -- Up-to-date symlink: /home/zyme/ros_ws/Autoware_sim_test/install/pandar_msgs/share/ament_index/resource_index/packages/pandar_msgs
[3.485s] -- Up-to-date symlink: /home/zyme/ros_ws/Autoware_sim_test/install/pandar_msgs/share/pandar_msgs/cmake/rosidl_cmake-extras.cmake
[3.485s] -- Up-to-date symlink: /home/zyme/ros_ws/Autoware_sim_test/install/pandar_msgs/share/pandar_msgs/cmake/ament_cmake_export_dependencies-extras.cmake
[3.486s] -- Up-to-date symlink: /home/zyme/ros_ws/Autoware_sim_test/install/pandar_msgs/share/pandar_msgs/cmake/ament_cmake_export_include_directories-extras.cmake
[3.486s] -- Up-to-date symlink: /home/zyme/ros_ws/Autoware_sim_test/install/pandar_msgs/share/pandar_msgs/cmake/ament_cmake_export_libraries-extras.cmake
[3.486s] -- Up-to-date symlink: /home/zyme/ros_ws/Autoware_sim_test/install/pandar_msgs/share/pandar_msgs/cmake/ament_cmake_export_targets-extras.cmake
[3.487s] -- Up-to-date symlink: /home/zyme/ros_ws/Autoware_sim_test/install/pandar_msgs/share/pandar_msgs/cmake/rosidl_cmake_export_typesupport_targets-extras.cmake
[3.487s] -- Up-to-date symlink: /home/zyme/ros_ws/Autoware_sim_test/install/pandar_msgs/share/pandar_msgs/cmake/rosidl_cmake_export_typesupport_libraries-extras.cmake
[3.487s] -- Up-to-date symlink: /home/zyme/ros_ws/Autoware_sim_test/install/pandar_msgs/share/pandar_msgs/cmake/pandar_msgsConfig.cmake
[3.488s] -- Up-to-date symlink: /home/zyme/ros_ws/Autoware_sim_test/install/pandar_msgs/share/pandar_msgs/cmake/pandar_msgsConfig-version.cmake
[3.488s] -- Up-to-date symlink: /home/zyme/ros_ws/Autoware_sim_test/install/pandar_msgs/share/pandar_msgs/package.xml
[3.488s] -- Up-to-date: /home/zyme/ros_ws/Autoware_sim_test/install/pandar_msgs/lib/libpandar_msgs__rosidl_generator_c.so
[3.489s] -- Up-to-date: /home/zyme/ros_ws/Autoware_sim_test/install/pandar_msgs/lib/libpandar_msgs__rosidl_typesupport_fastrtps_c.so
[3.490s] -- Up-to-date: /home/zyme/ros_ws/Autoware_sim_test/install/pandar_msgs/lib/libpandar_msgs__rosidl_typesupport_fastrtps_cpp.so
[3.490s] -- Up-to-date: /home/zyme/ros_ws/Autoware_sim_test/install/pandar_msgs/lib/libpandar_msgs__rosidl_typesupport_introspection_c.so
[3.491s] -- Up-to-date: /home/zyme/ros_ws/Autoware_sim_test/install/pandar_msgs/lib/libpandar_msgs__rosidl_typesupport_c.so
[3.491s] -- Up-to-date: /home/zyme/ros_ws/Autoware_sim_test/install/pandar_msgs/lib/libpandar_msgs__rosidl_typesupport_introspection_cpp.so
[3.492s] -- Up-to-date: /home/zyme/ros_ws/Autoware_sim_test/install/pandar_msgs/lib/libpandar_msgs__rosidl_typesupport_cpp.so
[3.555s] Listing '/home/zyme/ros_ws/Autoware_sim_test/install/pandar_msgs/local/lib/python3.10/dist-packages/pandar_msgs'...
[3.555s] Compiling '/home/zyme/ros_ws/Autoware_sim_test/install/pandar_msgs/local/lib/python3.10/dist-packages/pandar_msgs/__init__.py'...
[3.555s] Listing '/home/zyme/ros_ws/Autoware_sim_test/install/pandar_msgs/local/lib/python3.10/dist-packages/pandar_msgs/msg'...
[3.570s] -- Up-to-date: /home/zyme/ros_ws/Autoware_sim_test/install/pandar_msgs/lib/libpandar_msgs__rosidl_generator_py.so
[3.570s] -- Up-to-date: /home/zyme/ros_ws/Autoware_sim_test/install/pandar_msgs/share/pandar_msgs/cmake/export_pandar_msgs__rosidl_generator_cExport.cmake
[3.570s] -- Up-to-date: /home/zyme/ros_ws/Autoware_sim_test/install/pandar_msgs/share/pandar_msgs/cmake/export_pandar_msgs__rosidl_generator_cExport-release.cmake
[3.571s] -- Up-to-date: /home/zyme/ros_ws/Autoware_sim_test/install/pandar_msgs/share/pandar_msgs/cmake/export_pandar_msgs__rosidl_typesupport_fastrtps_cExport.cmake
[3.571s] -- Up-to-date: /home/zyme/ros_ws/Autoware_sim_test/install/pandar_msgs/share/pandar_msgs/cmake/export_pandar_msgs__rosidl_typesupport_fastrtps_cExport-release.cmake
[3.571s] -- Up-to-date: /home/zyme/ros_ws/Autoware_sim_test/install/pandar_msgs/share/pandar_msgs/cmake/export_pandar_msgs__rosidl_generator_cppExport.cmake
[3.571s] -- Up-to-date: /home/zyme/ros_ws/Autoware_sim_test/install/pandar_msgs/share/pandar_msgs/cmake/export_pandar_msgs__rosidl_typesupport_fastrtps_cppExport.cmake
[3.571s] -- Up-to-date: /home/zyme/ros_ws/Autoware_sim_test/install/pandar_msgs/share/pandar_msgs/cmake/export_pandar_msgs__rosidl_typesupport_fastrtps_cppExport-release.cmake
[3.571s] -- Up-to-date: /home/zyme/ros_ws/Autoware_sim_test/install/pandar_msgs/share/pandar_msgs/cmake/pandar_msgs__rosidl_typesupport_introspection_cExport.cmake
[3.572s] -- Up-to-date: /home/zyme/ros_ws/Autoware_sim_test/install/pandar_msgs/share/pandar_msgs/cmake/pandar_msgs__rosidl_typesupport_introspection_cExport-release.cmake
[3.572s] -- Up-to-date: /home/zyme/ros_ws/Autoware_sim_test/install/pandar_msgs/share/pandar_msgs/cmake/pandar_msgs__rosidl_typesupport_cExport.cmake
[3.572s] -- Up-to-date: /home/zyme/ros_ws/Autoware_sim_test/install/pandar_msgs/share/pandar_msgs/cmake/pandar_msgs__rosidl_typesupport_cExport-release.cmake
[3.572s] -- Up-to-date: /home/zyme/ros_ws/Autoware_sim_test/install/pandar_msgs/share/pandar_msgs/cmake/pandar_msgs__rosidl_typesupport_introspection_cppExport.cmake
[3.573s] -- Up-to-date: /home/zyme/ros_ws/Autoware_sim_test/install/pandar_msgs/share/pandar_msgs/cmake/pandar_msgs__rosidl_typesupport_introspection_cppExport-release.cmake
[3.573s] -- Up-to-date: /home/zyme/ros_ws/Autoware_sim_test/install/pandar_msgs/share/pandar_msgs/cmake/pandar_msgs__rosidl_typesupport_cppExport.cmake
[3.573s] -- Up-to-date: /home/zyme/ros_ws/Autoware_sim_test/install/pandar_msgs/share/pandar_msgs/cmake/pandar_msgs__rosidl_typesupport_cppExport-release.cmake
[3.573s] -- Up-to-date: /home/zyme/ros_ws/Autoware_sim_test/install/pandar_msgs/share/pandar_msgs/cmake/export_pandar_msgs__rosidl_generator_pyExport.cmake
[3.573s] -- Up-to-date: /home/zyme/ros_ws/Autoware_sim_test/install/pandar_msgs/share/pandar_msgs/cmake/export_pandar_msgs__rosidl_generator_pyExport-release.cmake
[3.579s] Invoked command in '/home/zyme/ros_ws/Autoware_sim_test/build/pandar_msgs' returned '0': CMAKE_PREFIX_PATH=/opt/ros/humble /usr/bin/cmake --install /home/zyme/ros_ws/Autoware_sim_test/build/pandar_msgs
