[0.062s] Invoking command in '/home/zyme/ros_ws/Autoware_sim_test/build/map_height_fitter': AMENT_PREFIX_PATH=/home/zyme/ros_ws/Autoware_sim_test/install/autoware_cmake:/home/zyme/ros_ws/Autoware_sim_test/install/tier4_localization_msgs:/home/zyme/ros_ws/Autoware_sim_test/install/autoware_map_msgs:/home/zyme/ros_ws/Autoware_sim_test/install/autoware_lint_common:${AMENT_PREFIX_PATH} CMAKE_PREFIX_PATH=/home/zyme/ros_ws/Autoware_sim_test/install/autoware_cmake:/home/zyme/ros_ws/Autoware_sim_test/install/tier4_localization_msgs:/home/zyme/ros_ws/Autoware_sim_test/install/autoware_map_msgs:/home/zyme/ros_ws/Autoware_sim_test/install/autoware_lint_common:/opt/ros/humble LD_LIBRARY_PATH=/home/zyme/ros_ws/Autoware_sim_test/install/tier4_localization_msgs/lib:/home/zyme/ros_ws/Autoware_sim_test/install/autoware_map_msgs/lib:${LD_LIBRARY_PATH} PYTHONPATH=/home/zyme/ros_ws/Autoware_sim_test/install/tier4_localization_msgs/local/lib/python3.10/dist-packages:/home/zyme/ros_ws/Autoware_sim_test/install/autoware_map_msgs/local/lib/python3.10/dist-packages:${PYTHONPATH} /usr/bin/cmake --build /home/zyme/ros_ws/Autoware_sim_test/build/map_height_fitter -- -j12 -l12
[0.122s] [ 50%] Built target map_height_fitter
[0.157s] [100%] Built target node
[0.172s] Invoked command in '/home/zyme/ros_ws/Autoware_sim_test/build/map_height_fitter' returned '0': AMENT_PREFIX_PATH=/home/zyme/ros_ws/Autoware_sim_test/install/autoware_cmake:/home/zyme/ros_ws/Autoware_sim_test/install/tier4_localization_msgs:/home/zyme/ros_ws/Autoware_sim_test/install/autoware_map_msgs:/home/zyme/ros_ws/Autoware_sim_test/install/autoware_lint_common:${AMENT_PREFIX_PATH} CMAKE_PREFIX_PATH=/home/zyme/ros_ws/Autoware_sim_test/install/autoware_cmake:/home/zyme/ros_ws/Autoware_sim_test/install/tier4_localization_msgs:/home/zyme/ros_ws/Autoware_sim_test/install/autoware_map_msgs:/home/zyme/ros_ws/Autoware_sim_test/install/autoware_lint_common:/opt/ros/humble LD_LIBRARY_PATH=/home/zyme/ros_ws/Autoware_sim_test/install/tier4_localization_msgs/lib:/home/zyme/ros_ws/Autoware_sim_test/install/autoware_map_msgs/lib:${LD_LIBRARY_PATH} PYTHONPATH=/home/zyme/ros_ws/Autoware_sim_test/install/tier4_localization_msgs/local/lib/python3.10/dist-packages:/home/zyme/ros_ws/Autoware_sim_test/install/autoware_map_msgs/local/lib/python3.10/dist-packages:${PYTHONPATH} /usr/bin/cmake --build /home/zyme/ros_ws/Autoware_sim_test/build/map_height_fitter -- -j12 -l12
[0.216s] Invoking command in '/home/zyme/ros_ws/Autoware_sim_test/build/map_height_fitter': AMENT_PREFIX_PATH=/home/zyme/ros_ws/Autoware_sim_test/install/autoware_cmake:/home/zyme/ros_ws/Autoware_sim_test/install/tier4_localization_msgs:/home/zyme/ros_ws/Autoware_sim_test/install/autoware_map_msgs:/home/zyme/ros_ws/Autoware_sim_test/install/autoware_lint_common:${AMENT_PREFIX_PATH} CMAKE_PREFIX_PATH=/home/zyme/ros_ws/Autoware_sim_test/install/autoware_cmake:/home/zyme/ros_ws/Autoware_sim_test/install/tier4_localization_msgs:/home/zyme/ros_ws/Autoware_sim_test/install/autoware_map_msgs:/home/zyme/ros_ws/Autoware_sim_test/install/autoware_lint_common:/opt/ros/humble LD_LIBRARY_PATH=/home/zyme/ros_ws/Autoware_sim_test/install/tier4_localization_msgs/lib:/home/zyme/ros_ws/Autoware_sim_test/install/autoware_map_msgs/lib:${LD_LIBRARY_PATH} PYTHONPATH=/home/zyme/ros_ws/Autoware_sim_test/install/tier4_localization_msgs/local/lib/python3.10/dist-packages:/home/zyme/ros_ws/Autoware_sim_test/install/autoware_map_msgs/local/lib/python3.10/dist-packages:${PYTHONPATH} /usr/bin/cmake --install /home/zyme/ros_ws/Autoware_sim_test/build/map_height_fitter
[0.230s] -- Install configuration: "Release"
[0.231s] -- Execute custom install script
[0.232s] -- Up-to-date symlink: /home/zyme/ros_ws/Autoware_sim_test/install/map_height_fitter/include/map_height_fitter/map_height_fitter.hpp
[0.232s] -- Up-to-date symlink: /home/zyme/ros_ws/Autoware_sim_test/install/map_height_fitter/share/map_height_fitter/environment/library_path.sh
[0.233s] -- Up-to-date symlink: /home/zyme/ros_ws/Autoware_sim_test/install/map_height_fitter/share/map_height_fitter/environment/library_path.dsv
[0.233s] -- Up-to-date symlink: /home/zyme/ros_ws/Autoware_sim_test/install/map_height_fitter/lib/libmap_height_fitter.so
[0.234s] -- Up-to-date symlink: /home/zyme/ros_ws/Autoware_sim_test/install/map_height_fitter/lib/map_height_fitter/node
[0.235s] -- Up-to-date symlink: /home/zyme/ros_ws/Autoware_sim_test/install/map_height_fitter/share/map_height_fitter/launch/map_height_fitter.launch.xml
[0.235s] -- Up-to-date symlink: /home/zyme/ros_ws/Autoware_sim_test/install/map_height_fitter/share/ament_index/resource_index/package_run_dependencies/map_height_fitter
[0.235s] -- Up-to-date symlink: /home/zyme/ros_ws/Autoware_sim_test/install/map_height_fitter/share/ament_index/resource_index/parent_prefix_path/map_height_fitter
[0.236s] -- Up-to-date symlink: /home/zyme/ros_ws/Autoware_sim_test/install/map_height_fitter/share/map_height_fitter/environment/ament_prefix_path.sh
[0.236s] -- Up-to-date symlink: /home/zyme/ros_ws/Autoware_sim_test/install/map_height_fitter/share/map_height_fitter/environment/ament_prefix_path.dsv
[0.236s] -- Up-to-date symlink: /home/zyme/ros_ws/Autoware_sim_test/install/map_height_fitter/share/map_height_fitter/environment/path.sh
[0.237s] -- Up-to-date symlink: /home/zyme/ros_ws/Autoware_sim_test/install/map_height_fitter/share/map_height_fitter/environment/path.dsv
[0.237s] -- Up-to-date symlink: /home/zyme/ros_ws/Autoware_sim_test/install/map_height_fitter/share/map_height_fitter/local_setup.bash
[0.238s] -- Up-to-date symlink: /home/zyme/ros_ws/Autoware_sim_test/install/map_height_fitter/share/map_height_fitter/local_setup.sh
[0.238s] -- Up-to-date symlink: /home/zyme/ros_ws/Autoware_sim_test/install/map_height_fitter/share/map_height_fitter/local_setup.zsh
[0.238s] -- Up-to-date symlink: /home/zyme/ros_ws/Autoware_sim_test/install/map_height_fitter/share/map_height_fitter/local_setup.dsv
[0.239s] -- Symlinking: /home/zyme/ros_ws/Autoware_sim_test/install/map_height_fitter/share/map_height_fitter/package.dsv
[0.257s] -- Up-to-date symlink: /home/zyme/ros_ws/Autoware_sim_test/install/map_height_fitter/share/ament_index/resource_index/packages/map_height_fitter
[0.258s] -- Up-to-date symlink: /home/zyme/ros_ws/Autoware_sim_test/install/map_height_fitter/share/map_height_fitter/cmake/ament_cmake_export_dependencies-extras.cmake
[0.258s] -- Up-to-date symlink: /home/zyme/ros_ws/Autoware_sim_test/install/map_height_fitter/share/map_height_fitter/cmake/ament_cmake_export_include_directories-extras.cmake
[0.258s] -- Up-to-date symlink: /home/zyme/ros_ws/Autoware_sim_test/install/map_height_fitter/share/map_height_fitter/cmake/ament_cmake_export_libraries-extras.cmake
[0.259s] -- Up-to-date symlink: /home/zyme/ros_ws/Autoware_sim_test/install/map_height_fitter/share/map_height_fitter/cmake/map_height_fitterConfig.cmake
[0.259s] -- Up-to-date symlink: /home/zyme/ros_ws/Autoware_sim_test/install/map_height_fitter/share/map_height_fitter/cmake/map_height_fitterConfig-version.cmake
[0.260s] -- Up-to-date symlink: /home/zyme/ros_ws/Autoware_sim_test/install/map_height_fitter/share/map_height_fitter/package.xml
[0.265s] Invoked command in '/home/zyme/ros_ws/Autoware_sim_test/build/map_height_fitter' returned '0': AMENT_PREFIX_PATH=/home/zyme/ros_ws/Autoware_sim_test/install/autoware_cmake:/home/zyme/ros_ws/Autoware_sim_test/install/tier4_localization_msgs:/home/zyme/ros_ws/Autoware_sim_test/install/autoware_map_msgs:/home/zyme/ros_ws/Autoware_sim_test/install/autoware_lint_common:${AMENT_PREFIX_PATH} CMAKE_PREFIX_PATH=/home/zyme/ros_ws/Autoware_sim_test/install/autoware_cmake:/home/zyme/ros_ws/Autoware_sim_test/install/tier4_localization_msgs:/home/zyme/ros_ws/Autoware_sim_test/install/autoware_map_msgs:/home/zyme/ros_ws/Autoware_sim_test/install/autoware_lint_common:/opt/ros/humble LD_LIBRARY_PATH=/home/zyme/ros_ws/Autoware_sim_test/install/tier4_localization_msgs/lib:/home/zyme/ros_ws/Autoware_sim_test/install/autoware_map_msgs/lib:${LD_LIBRARY_PATH} PYTHONPATH=/home/zyme/ros_ws/Autoware_sim_test/install/tier4_localization_msgs/local/lib/python3.10/dist-packages:/home/zyme/ros_ws/Autoware_sim_test/install/autoware_map_msgs/local/lib/python3.10/dist-packages:${PYTHONPATH} /usr/bin/cmake --install /home/zyme/ros_ws/Autoware_sim_test/build/map_height_fitter
