[0.824s] Invoking command in '/home/zyme/ros_ws/Autoware_sim_test/build/tier4_control_msgs': AMENT_PREFIX_PATH=/home/zyme/ros_ws/Autoware_sim_test/install/autoware_common_msgs:${AMENT_PREFIX_PATH} CMAKE_PREFIX_PATH=/home/zyme/ros_ws/Autoware_sim_test/install/autoware_common_msgs:/opt/ros/humble LD_LIBRARY_PATH=/home/zyme/ros_ws/Autoware_sim_test/install/autoware_common_msgs/lib:${LD_LIBRARY_PATH} PYTHONPATH=/home/zyme/ros_ws/Autoware_sim_test/install/autoware_common_msgs/local/lib/python3.10/dist-packages:${PYTHONPATH} /usr/bin/cmake /home/zyme/ros_ws/Autoware_sim_test/src/autoware/src/universe/external/tier4_autoware_msgs/tier4_control_msgs -DCMAKE_INSTALL_PREFIX=/home/zyme/ros_ws/Autoware_sim_test/install/tier4_control_msgs
[0.957s] -- Found ament_cmake_auto: 1.3.8 (/opt/ros/humble/share/ament_cmake_auto/cmake)
[1.025s] -- Override CMake install command with custom implementation using symlinks instead of copying resources
[1.126s] -- Using all available rosidl_typesupport_c: rosidl_typesupport_fastrtps_c;rosidl_typesupport_introspection_c
[1.130s] -- Found rosidl_adapter: 3.1.5 (/opt/ros/humble/share/rosidl_adapter/cmake)
[1.189s] -- Using all available rosidl_typesupport_cpp: rosidl_typesupport_fastrtps_cpp;rosidl_typesupport_introspection_cpp
[1.927s] -- Found ament_cmake_ros: 0.10.0 (/opt/ros/humble/share/ament_cmake_ros/cmake)
[2.294s] -- Using all available rosidl_typesupport_c: rosidl_typesupport_fastrtps_c;rosidl_typesupport_introspection_c
[2.835s] -- Using all available rosidl_typesupport_cpp: rosidl_typesupport_fastrtps_cpp;rosidl_typesupport_introspection_cpp
[2.882s] -- Found python_cmake_module: 0.10.0 (/opt/ros/humble/share/python_cmake_module/cmake)
[2.930s] -- Using PYTHON_EXECUTABLE: /usr/bin/python3
[2.931s] -- Using PYTHON_INCLUDE_DIRS: /usr/include/python3.10
[2.931s] -- Using PYTHON_LIBRARIES: /usr/lib/x86_64-linux-gnu/libpython3.10.so
[3.053s] -- Found ament_lint_auto: 0.12.10 (/opt/ros/humble/share/ament_lint_auto/cmake)
[3.054s] -- Added test 'copyright' to check source files copyright and LICENSE
[3.061s] -- Added test 'lint_cmake' to check CMake code style
[3.062s] -- Added test 'xmllint' to check XML markup files
[3.069s] -- Configuring done
[3.215s] -- Generating done
[3.226s] -- Build files have been written to: /home/zyme/ros_ws/Autoware_sim_test/build/tier4_control_msgs
[4.106s] Invoked command in '/home/zyme/ros_ws/Autoware_sim_test/build/tier4_control_msgs' returned '0': AMENT_PREFIX_PATH=/home/zyme/ros_ws/Autoware_sim_test/install/autoware_common_msgs:${AMENT_PREFIX_PATH} CMAKE_PREFIX_PATH=/home/zyme/ros_ws/Autoware_sim_test/install/autoware_common_msgs:/opt/ros/humble LD_LIBRARY_PATH=/home/zyme/ros_ws/Autoware_sim_test/install/autoware_common_msgs/lib:${LD_LIBRARY_PATH} PYTHONPATH=/home/zyme/ros_ws/Autoware_sim_test/install/autoware_common_msgs/local/lib/python3.10/dist-packages:${PYTHONPATH} /usr/bin/cmake /home/zyme/ros_ws/Autoware_sim_test/src/autoware/src/universe/external/tier4_autoware_msgs/tier4_control_msgs -DCMAKE_INSTALL_PREFIX=/home/zyme/ros_ws/Autoware_sim_test/install/tier4_control_msgs
[4.108s] Invoking command in '/home/zyme/ros_ws/Autoware_sim_test/build/tier4_control_msgs': AMENT_PREFIX_PATH=/home/zyme/ros_ws/Autoware_sim_test/install/autoware_common_msgs:${AMENT_PREFIX_PATH} CMAKE_PREFIX_PATH=/home/zyme/ros_ws/Autoware_sim_test/install/autoware_common_msgs:/opt/ros/humble LD_LIBRARY_PATH=/home/zyme/ros_ws/Autoware_sim_test/install/autoware_common_msgs/lib:${LD_LIBRARY_PATH} PYTHONPATH=/home/zyme/ros_ws/Autoware_sim_test/install/autoware_common_msgs/local/lib/python3.10/dist-packages:${PYTHONPATH} /usr/bin/cmake --build /home/zyme/ros_ws/Autoware_sim_test/build/tier4_control_msgs -- -j12 -l12
[4.727s] [35m[1mConsolidate compiler generated dependencies of target tier4_control_msgs__rosidl_generator_c[0m
[4.728s] [  1%] Built target tier4_control_msgs__cpp
[4.728s] [ 12%] Built target tier4_control_msgs__rosidl_generator_c
[4.728s] [ 12%] Built target ament_cmake_python_symlink_tier4_control_msgs
[4.728s] [35m[1mConsolidate compiler generated dependencies of target tier4_control_msgs__rosidl_typesupport_cpp[0m
[4.728s] [35m[1mConsolidate compiler generated dependencies of target tier4_control_msgs__rosidl_typesupport_fastrtps_cpp[0m
[4.728s] [35m[1mConsolidate compiler generated dependencies of target tier4_control_msgs__rosidl_typesupport_introspection_cpp[0m
[4.730s] [35m[1mConsolidate compiler generated dependencies of target tier4_control_msgs__rosidl_typesupport_introspection_c[0m
[4.730s] [35m[1mConsolidate compiler generated dependencies of target tier4_control_msgs__rosidl_typesupport_fastrtps_c[0m
[4.730s] [35m[1mConsolidate compiler generated dependencies of target tier4_control_msgs__rosidl_typesupport_c[0m
[4.730s] [ 24%] Built target tier4_control_msgs__rosidl_typesupport_cpp
[4.731s] [ 35%] Built target tier4_control_msgs__rosidl_typesupport_introspection_c
[4.731s] [ 56%] Built target tier4_control_msgs__rosidl_typesupport_introspection_cpp
[4.731s] [ 58%] Built target tier4_control_msgs__rosidl_typesupport_fastrtps_cpp
[4.731s] [ 70%] Built target tier4_control_msgs__rosidl_typesupport_c
[4.732s] [ 81%] Built target tier4_control_msgs__rosidl_typesupport_fastrtps_c
[4.732s] [ 81%] Built target tier4_control_msgs
[4.732s] [ 82%] Built target tier4_control_msgs__py
[4.732s] [35m[1mConsolidate compiler generated dependencies of target tier4_control_msgs__rosidl_generator_py[0m
[4.732s] [ 93%] Built target tier4_control_msgs__rosidl_generator_py
[4.732s] [35m[1mConsolidate compiler generated dependencies of target tier4_control_msgs__rosidl_typesupport_c__pyext[0m
[4.732s] [35m[1mConsolidate compiler generated dependencies of target tier4_control_msgs__rosidl_typesupport_fastrtps_c__pyext[0m
[4.732s] [35m[1mConsolidate compiler generated dependencies of target tier4_control_msgs__rosidl_typesupport_introspection_c__pyext[0m
[4.732s] [ 96%] Built target tier4_control_msgs__rosidl_typesupport_c__pyext
[4.732s] [ 97%] Built target tier4_control_msgs__rosidl_typesupport_introspection_c__pyext
[4.732s] [100%] Built target tier4_control_msgs__rosidl_typesupport_fastrtps_c__pyext
[4.816s] running egg_info
[4.817s] writing tier4_control_msgs.egg-info/PKG-INFO
[4.818s] writing dependency_links to tier4_control_msgs.egg-info/dependency_links.txt
[4.818s] writing top-level names to tier4_control_msgs.egg-info/top_level.txt
[4.824s] reading manifest file 'tier4_control_msgs.egg-info/SOURCES.txt'
[4.826s] writing manifest file 'tier4_control_msgs.egg-info/SOURCES.txt'
[4.867s] [100%] Built target ament_cmake_python_build_tier4_control_msgs_egg
[5.414s] Invoked command in '/home/zyme/ros_ws/Autoware_sim_test/build/tier4_control_msgs' returned '0': AMENT_PREFIX_PATH=/home/zyme/ros_ws/Autoware_sim_test/install/autoware_common_msgs:${AMENT_PREFIX_PATH} CMAKE_PREFIX_PATH=/home/zyme/ros_ws/Autoware_sim_test/install/autoware_common_msgs:/opt/ros/humble LD_LIBRARY_PATH=/home/zyme/ros_ws/Autoware_sim_test/install/autoware_common_msgs/lib:${LD_LIBRARY_PATH} PYTHONPATH=/home/zyme/ros_ws/Autoware_sim_test/install/autoware_common_msgs/local/lib/python3.10/dist-packages:${PYTHONPATH} /usr/bin/cmake --build /home/zyme/ros_ws/Autoware_sim_test/build/tier4_control_msgs -- -j12 -l12
[6.032s] Invoking command in '/home/zyme/ros_ws/Autoware_sim_test/build/tier4_control_msgs': AMENT_PREFIX_PATH=/home/zyme/ros_ws/Autoware_sim_test/install/autoware_common_msgs:${AMENT_PREFIX_PATH} CMAKE_PREFIX_PATH=/home/zyme/ros_ws/Autoware_sim_test/install/autoware_common_msgs:/opt/ros/humble LD_LIBRARY_PATH=/home/zyme/ros_ws/Autoware_sim_test/install/autoware_common_msgs/lib:${LD_LIBRARY_PATH} PYTHONPATH=/home/zyme/ros_ws/Autoware_sim_test/install/autoware_common_msgs/local/lib/python3.10/dist-packages:${PYTHONPATH} /usr/bin/cmake --install /home/zyme/ros_ws/Autoware_sim_test/build/tier4_control_msgs
[6.767s] -- Install configuration: "Release"
[6.767s] -- Execute custom install script
[6.767s] -- Up-to-date symlink: /home/zyme/ros_ws/Autoware_sim_test/install/tier4_control_msgs/share/ament_index/resource_index/rosidl_interfaces/tier4_control_msgs
[6.767s] -- Up-to-date symlink: /home/zyme/ros_ws/Autoware_sim_test/install/tier4_control_msgs/include/tier4_control_msgs/tier4_control_msgs/msg/detail/external_command_selector_mode__functions.h
[6.767s] -- Up-to-date symlink: /home/zyme/ros_ws/Autoware_sim_test/install/tier4_control_msgs/include/tier4_control_msgs/tier4_control_msgs/msg/detail/external_command_selector_mode__struct.h
[6.767s] -- Up-to-date symlink: /home/zyme/ros_ws/Autoware_sim_test/install/tier4_control_msgs/include/tier4_control_msgs/tier4_control_msgs/msg/detail/external_command_selector_mode__type_support.h
[6.768s] -- Up-to-date symlink: /home/zyme/ros_ws/Autoware_sim_test/install/tier4_control_msgs/include/tier4_control_msgs/tier4_control_msgs/msg/detail/gate_mode__functions.h
[6.768s] -- Up-to-date symlink: /home/zyme/ros_ws/Autoware_sim_test/install/tier4_control_msgs/include/tier4_control_msgs/tier4_control_msgs/msg/detail/gate_mode__struct.h
[6.768s] -- Up-to-date symlink: /home/zyme/ros_ws/Autoware_sim_test/install/tier4_control_msgs/include/tier4_control_msgs/tier4_control_msgs/msg/detail/gate_mode__type_support.h
[6.768s] -- Up-to-date symlink: /home/zyme/ros_ws/Autoware_sim_test/install/tier4_control_msgs/include/tier4_control_msgs/tier4_control_msgs/msg/detail/is_paused__functions.h
[6.768s] -- Up-to-date symlink: /home/zyme/ros_ws/Autoware_sim_test/install/tier4_control_msgs/include/tier4_control_msgs/tier4_control_msgs/msg/detail/is_paused__struct.h
[6.768s] -- Up-to-date symlink: /home/zyme/ros_ws/Autoware_sim_test/install/tier4_control_msgs/include/tier4_control_msgs/tier4_control_msgs/msg/detail/is_paused__type_support.h
[6.768s] -- Up-to-date symlink: /home/zyme/ros_ws/Autoware_sim_test/install/tier4_control_msgs/include/tier4_control_msgs/tier4_control_msgs/msg/detail/is_start_requested__functions.h
[6.770s] -- Up-to-date symlink: /home/zyme/ros_ws/Autoware_sim_test/install/tier4_control_msgs/include/tier4_control_msgs/tier4_control_msgs/msg/detail/is_start_requested__struct.h
[6.770s] -- Up-to-date symlink: /home/zyme/ros_ws/Autoware_sim_test/install/tier4_control_msgs/include/tier4_control_msgs/tier4_control_msgs/msg/detail/is_start_requested__type_support.h
[6.771s] -- Up-to-date symlink: /home/zyme/ros_ws/Autoware_sim_test/install/tier4_control_msgs/include/tier4_control_msgs/tier4_control_msgs/msg/detail/is_stopped__functions.h
[6.771s] -- Up-to-date symlink: /home/zyme/ros_ws/Autoware_sim_test/install/tier4_control_msgs/include/tier4_control_msgs/tier4_control_msgs/msg/detail/is_stopped__struct.h
[6.772s] -- Up-to-date symlink: /home/zyme/ros_ws/Autoware_sim_test/install/tier4_control_msgs/include/tier4_control_msgs/tier4_control_msgs/msg/detail/is_stopped__type_support.h
[6.772s] -- Up-to-date symlink: /home/zyme/ros_ws/Autoware_sim_test/install/tier4_control_msgs/include/tier4_control_msgs/tier4_control_msgs/msg/external_command_selector_mode.h
[6.772s] -- Up-to-date symlink: /home/zyme/ros_ws/Autoware_sim_test/install/tier4_control_msgs/include/tier4_control_msgs/tier4_control_msgs/msg/gate_mode.h
[6.773s] -- Up-to-date symlink: /home/zyme/ros_ws/Autoware_sim_test/install/tier4_control_msgs/include/tier4_control_msgs/tier4_control_msgs/msg/is_paused.h
[6.773s] -- Up-to-date symlink: /home/zyme/ros_ws/Autoware_sim_test/install/tier4_control_msgs/include/tier4_control_msgs/tier4_control_msgs/msg/is_start_requested.h
[6.773s] -- Up-to-date symlink: /home/zyme/ros_ws/Autoware_sim_test/install/tier4_control_msgs/include/tier4_control_msgs/tier4_control_msgs/msg/is_stopped.h
[6.773s] -- Up-to-date symlink: /home/zyme/ros_ws/Autoware_sim_test/install/tier4_control_msgs/include/tier4_control_msgs/tier4_control_msgs/msg/rosidl_generator_c__visibility_control.h
[6.774s] -- Up-to-date symlink: /home/zyme/ros_ws/Autoware_sim_test/install/tier4_control_msgs/include/tier4_control_msgs/tier4_control_msgs/srv/detail/external_command_select__functions.h
[6.775s] -- Up-to-date symlink: /home/zyme/ros_ws/Autoware_sim_test/install/tier4_control_msgs/include/tier4_control_msgs/tier4_control_msgs/srv/detail/external_command_select__struct.h
[6.775s] -- Up-to-date symlink: /home/zyme/ros_ws/Autoware_sim_test/install/tier4_control_msgs/include/tier4_control_msgs/tier4_control_msgs/srv/detail/external_command_select__type_support.h
[6.775s] -- Up-to-date symlink: /home/zyme/ros_ws/Autoware_sim_test/install/tier4_control_msgs/include/tier4_control_msgs/tier4_control_msgs/srv/detail/set_pause__functions.h
[6.776s] -- Up-to-date symlink: /home/zyme/ros_ws/Autoware_sim_test/install/tier4_control_msgs/include/tier4_control_msgs/tier4_control_msgs/srv/detail/set_pause__struct.h
[6.776s] -- Up-to-date symlink: /home/zyme/ros_ws/Autoware_sim_test/install/tier4_control_msgs/include/tier4_control_msgs/tier4_control_msgs/srv/detail/set_pause__type_support.h
[6.776s] -- Up-to-date symlink: /home/zyme/ros_ws/Autoware_sim_test/install/tier4_control_msgs/include/tier4_control_msgs/tier4_control_msgs/srv/detail/set_stop__functions.h
[6.776s] -- Up-to-date symlink: /home/zyme/ros_ws/Autoware_sim_test/install/tier4_control_msgs/include/tier4_control_msgs/tier4_control_msgs/srv/detail/set_stop__struct.h
[6.776s] -- Up-to-date symlink: /home/zyme/ros_ws/Autoware_sim_test/install/tier4_control_msgs/include/tier4_control_msgs/tier4_control_msgs/srv/detail/set_stop__type_support.h
[6.776s] -- Up-to-date symlink: /home/zyme/ros_ws/Autoware_sim_test/install/tier4_control_msgs/include/tier4_control_msgs/tier4_control_msgs/srv/external_command_select.h
[6.776s] -- Up-to-date symlink: /home/zyme/ros_ws/Autoware_sim_test/install/tier4_control_msgs/include/tier4_control_msgs/tier4_control_msgs/srv/set_pause.h
[6.777s] -- Up-to-date symlink: /home/zyme/ros_ws/Autoware_sim_test/install/tier4_control_msgs/include/tier4_control_msgs/tier4_control_msgs/srv/set_stop.h
[6.777s] -- Up-to-date symlink: /home/zyme/ros_ws/Autoware_sim_test/install/tier4_control_msgs/share/tier4_control_msgs/environment/library_path.sh
[6.777s] -- Up-to-date symlink: /home/zyme/ros_ws/Autoware_sim_test/install/tier4_control_msgs/share/tier4_control_msgs/environment/library_path.dsv
[6.777s] -- Up-to-date symlink: /home/zyme/ros_ws/Autoware_sim_test/install/tier4_control_msgs/include/tier4_control_msgs/tier4_control_msgs/msg/detail/external_command_selector_mode__rosidl_typesupport_fastrtps_c.h
[6.778s] -- Up-to-date symlink: /home/zyme/ros_ws/Autoware_sim_test/install/tier4_control_msgs/include/tier4_control_msgs/tier4_control_msgs/msg/detail/gate_mode__rosidl_typesupport_fastrtps_c.h
[6.778s] -- Up-to-date symlink: /home/zyme/ros_ws/Autoware_sim_test/install/tier4_control_msgs/include/tier4_control_msgs/tier4_control_msgs/msg/detail/is_paused__rosidl_typesupport_fastrtps_c.h
[6.778s] -- Up-to-date symlink: /home/zyme/ros_ws/Autoware_sim_test/install/tier4_control_msgs/include/tier4_control_msgs/tier4_control_msgs/msg/detail/is_start_requested__rosidl_typesupport_fastrtps_c.h
[6.778s] -- Up-to-date symlink: /home/zyme/ros_ws/Autoware_sim_test/install/tier4_control_msgs/include/tier4_control_msgs/tier4_control_msgs/msg/detail/is_stopped__rosidl_typesupport_fastrtps_c.h
[6.779s] -- Up-to-date symlink: /home/zyme/ros_ws/Autoware_sim_test/install/tier4_control_msgs/include/tier4_control_msgs/tier4_control_msgs/msg/rosidl_typesupport_fastrtps_c__visibility_control.h
[6.780s] -- Up-to-date symlink: /home/zyme/ros_ws/Autoware_sim_test/install/tier4_control_msgs/include/tier4_control_msgs/tier4_control_msgs/srv/detail/external_command_select__rosidl_typesupport_fastrtps_c.h
[6.780s] -- Up-to-date symlink: /home/zyme/ros_ws/Autoware_sim_test/install/tier4_control_msgs/include/tier4_control_msgs/tier4_control_msgs/srv/detail/set_pause__rosidl_typesupport_fastrtps_c.h
[6.780s] -- Up-to-date symlink: /home/zyme/ros_ws/Autoware_sim_test/install/tier4_control_msgs/include/tier4_control_msgs/tier4_control_msgs/srv/detail/set_stop__rosidl_typesupport_fastrtps_c.h
[6.780s] -- Up-to-date symlink: /home/zyme/ros_ws/Autoware_sim_test/install/tier4_control_msgs/include/tier4_control_msgs/tier4_control_msgs/msg/detail/external_command_selector_mode__rosidl_typesupport_introspection_c.h
[6.780s] -- Up-to-date symlink: /home/zyme/ros_ws/Autoware_sim_test/install/tier4_control_msgs/include/tier4_control_msgs/tier4_control_msgs/msg/detail/gate_mode__rosidl_typesupport_introspection_c.h
[6.780s] -- Up-to-date symlink: /home/zyme/ros_ws/Autoware_sim_test/install/tier4_control_msgs/include/tier4_control_msgs/tier4_control_msgs/msg/detail/is_paused__rosidl_typesupport_introspection_c.h
[6.781s] -- Up-to-date symlink: /home/zyme/ros_ws/Autoware_sim_test/install/tier4_control_msgs/include/tier4_control_msgs/tier4_control_msgs/msg/detail/is_start_requested__rosidl_typesupport_introspection_c.h
[6.781s] -- Up-to-date symlink: /home/zyme/ros_ws/Autoware_sim_test/install/tier4_control_msgs/include/tier4_control_msgs/tier4_control_msgs/msg/detail/is_stopped__rosidl_typesupport_introspection_c.h
[6.782s] -- Up-to-date symlink: /home/zyme/ros_ws/Autoware_sim_test/install/tier4_control_msgs/include/tier4_control_msgs/tier4_control_msgs/msg/rosidl_typesupport_introspection_c__visibility_control.h
[6.784s] -- Up-to-date symlink: /home/zyme/ros_ws/Autoware_sim_test/install/tier4_control_msgs/include/tier4_control_msgs/tier4_control_msgs/srv/detail/external_command_select__rosidl_typesupport_introspection_c.h
[6.785s] -- Up-to-date symlink: /home/zyme/ros_ws/Autoware_sim_test/install/tier4_control_msgs/include/tier4_control_msgs/tier4_control_msgs/srv/detail/set_pause__rosidl_typesupport_introspection_c.h
[6.787s] -- Up-to-date symlink: /home/zyme/ros_ws/Autoware_sim_test/install/tier4_control_msgs/include/tier4_control_msgs/tier4_control_msgs/srv/detail/set_stop__rosidl_typesupport_introspection_c.h
[6.787s] -- Up-to-date symlink: /home/zyme/ros_ws/Autoware_sim_test/install/tier4_control_msgs/include/tier4_control_msgs/tier4_control_msgs/msg/detail/external_command_selector_mode__builder.hpp
[6.787s] -- Up-to-date symlink: /home/zyme/ros_ws/Autoware_sim_test/install/tier4_control_msgs/include/tier4_control_msgs/tier4_control_msgs/msg/detail/external_command_selector_mode__struct.hpp
[6.787s] -- Up-to-date symlink: /home/zyme/ros_ws/Autoware_sim_test/install/tier4_control_msgs/include/tier4_control_msgs/tier4_control_msgs/msg/detail/external_command_selector_mode__traits.hpp
[6.788s] -- Up-to-date symlink: /home/zyme/ros_ws/Autoware_sim_test/install/tier4_control_msgs/include/tier4_control_msgs/tier4_control_msgs/msg/detail/gate_mode__builder.hpp
[6.790s] -- Up-to-date symlink: /home/zyme/ros_ws/Autoware_sim_test/install/tier4_control_msgs/include/tier4_control_msgs/tier4_control_msgs/msg/detail/gate_mode__struct.hpp
[6.790s] -- Up-to-date symlink: /home/zyme/ros_ws/Autoware_sim_test/install/tier4_control_msgs/include/tier4_control_msgs/tier4_control_msgs/msg/detail/gate_mode__traits.hpp
[6.791s] -- Up-to-date symlink: /home/zyme/ros_ws/Autoware_sim_test/install/tier4_control_msgs/include/tier4_control_msgs/tier4_control_msgs/msg/detail/is_paused__builder.hpp
[6.791s] -- Up-to-date symlink: /home/zyme/ros_ws/Autoware_sim_test/install/tier4_control_msgs/include/tier4_control_msgs/tier4_control_msgs/msg/detail/is_paused__struct.hpp
[6.791s] -- Up-to-date symlink: /home/zyme/ros_ws/Autoware_sim_test/install/tier4_control_msgs/include/tier4_control_msgs/tier4_control_msgs/msg/detail/is_paused__traits.hpp
[6.791s] -- Up-to-date symlink: /home/zyme/ros_ws/Autoware_sim_test/install/tier4_control_msgs/include/tier4_control_msgs/tier4_control_msgs/msg/detail/is_start_requested__builder.hpp
[6.791s] -- Up-to-date symlink: /home/zyme/ros_ws/Autoware_sim_test/install/tier4_control_msgs/include/tier4_control_msgs/tier4_control_msgs/msg/detail/is_start_requested__struct.hpp
[6.792s] -- Up-to-date symlink: /home/zyme/ros_ws/Autoware_sim_test/install/tier4_control_msgs/include/tier4_control_msgs/tier4_control_msgs/msg/detail/is_start_requested__traits.hpp
[6.792s] -- Up-to-date symlink: /home/zyme/ros_ws/Autoware_sim_test/install/tier4_control_msgs/include/tier4_control_msgs/tier4_control_msgs/msg/detail/is_stopped__builder.hpp
[6.792s] -- Up-to-date symlink: /home/zyme/ros_ws/Autoware_sim_test/install/tier4_control_msgs/include/tier4_control_msgs/tier4_control_msgs/msg/detail/is_stopped__struct.hpp
[6.792s] -- Up-to-date symlink: /home/zyme/ros_ws/Autoware_sim_test/install/tier4_control_msgs/include/tier4_control_msgs/tier4_control_msgs/msg/detail/is_stopped__traits.hpp
[6.792s] -- Up-to-date symlink: /home/zyme/ros_ws/Autoware_sim_test/install/tier4_control_msgs/include/tier4_control_msgs/tier4_control_msgs/msg/external_command_selector_mode.hpp
[6.792s] -- Up-to-date symlink: /home/zyme/ros_ws/Autoware_sim_test/install/tier4_control_msgs/include/tier4_control_msgs/tier4_control_msgs/msg/gate_mode.hpp
[6.792s] -- Up-to-date symlink: /home/zyme/ros_ws/Autoware_sim_test/install/tier4_control_msgs/include/tier4_control_msgs/tier4_control_msgs/msg/is_paused.hpp
[6.792s] -- Up-to-date symlink: /home/zyme/ros_ws/Autoware_sim_test/install/tier4_control_msgs/include/tier4_control_msgs/tier4_control_msgs/msg/is_start_requested.hpp
[6.793s] -- Up-to-date symlink: /home/zyme/ros_ws/Autoware_sim_test/install/tier4_control_msgs/include/tier4_control_msgs/tier4_control_msgs/msg/is_stopped.hpp
[6.793s] -- Up-to-date symlink: /home/zyme/ros_ws/Autoware_sim_test/install/tier4_control_msgs/include/tier4_control_msgs/tier4_control_msgs/srv/detail/external_command_select__builder.hpp
[6.793s] -- Up-to-date symlink: /home/zyme/ros_ws/Autoware_sim_test/install/tier4_control_msgs/include/tier4_control_msgs/tier4_control_msgs/srv/detail/external_command_select__struct.hpp
[6.793s] -- Up-to-date symlink: /home/zyme/ros_ws/Autoware_sim_test/install/tier4_control_msgs/include/tier4_control_msgs/tier4_control_msgs/srv/detail/external_command_select__traits.hpp
[6.793s] -- Up-to-date symlink: /home/zyme/ros_ws/Autoware_sim_test/install/tier4_control_msgs/include/tier4_control_msgs/tier4_control_msgs/srv/detail/set_pause__builder.hpp
[6.795s] -- Up-to-date symlink: /home/zyme/ros_ws/Autoware_sim_test/install/tier4_control_msgs/include/tier4_control_msgs/tier4_control_msgs/srv/detail/set_pause__struct.hpp
[6.795s] -- Up-to-date symlink: /home/zyme/ros_ws/Autoware_sim_test/install/tier4_control_msgs/include/tier4_control_msgs/tier4_control_msgs/srv/detail/set_pause__traits.hpp
[6.795s] -- Up-to-date symlink: /home/zyme/ros_ws/Autoware_sim_test/install/tier4_control_msgs/include/tier4_control_msgs/tier4_control_msgs/srv/detail/set_stop__builder.hpp
[6.796s] -- Up-to-date symlink: /home/zyme/ros_ws/Autoware_sim_test/install/tier4_control_msgs/include/tier4_control_msgs/tier4_control_msgs/srv/detail/set_stop__struct.hpp
[6.796s] -- Up-to-date symlink: /home/zyme/ros_ws/Autoware_sim_test/install/tier4_control_msgs/include/tier4_control_msgs/tier4_control_msgs/srv/detail/set_stop__traits.hpp
[6.796s] -- Up-to-date symlink: /home/zyme/ros_ws/Autoware_sim_test/install/tier4_control_msgs/include/tier4_control_msgs/tier4_control_msgs/srv/external_command_select.hpp
[6.797s] -- Up-to-date symlink: /home/zyme/ros_ws/Autoware_sim_test/install/tier4_control_msgs/include/tier4_control_msgs/tier4_control_msgs/srv/set_pause.hpp
[6.797s] -- Up-to-date symlink: /home/zyme/ros_ws/Autoware_sim_test/install/tier4_control_msgs/include/tier4_control_msgs/tier4_control_msgs/srv/set_stop.hpp
[6.797s] -- Up-to-date symlink: /home/zyme/ros_ws/Autoware_sim_test/install/tier4_control_msgs/include/tier4_control_msgs/tier4_control_msgs/msg/detail/external_command_selector_mode__rosidl_typesupport_fastrtps_cpp.hpp
[6.798s] -- Up-to-date symlink: /home/zyme/ros_ws/Autoware_sim_test/install/tier4_control_msgs/include/tier4_control_msgs/tier4_control_msgs/msg/detail/gate_mode__rosidl_typesupport_fastrtps_cpp.hpp
[6.798s] -- Up-to-date symlink: /home/zyme/ros_ws/Autoware_sim_test/install/tier4_control_msgs/include/tier4_control_msgs/tier4_control_msgs/msg/detail/is_paused__rosidl_typesupport_fastrtps_cpp.hpp
[6.799s] -- Up-to-date symlink: /home/zyme/ros_ws/Autoware_sim_test/install/tier4_control_msgs/include/tier4_control_msgs/tier4_control_msgs/msg/detail/is_start_requested__rosidl_typesupport_fastrtps_cpp.hpp
[6.799s] -- Up-to-date symlink: /home/zyme/ros_ws/Autoware_sim_test/install/tier4_control_msgs/include/tier4_control_msgs/tier4_control_msgs/msg/detail/is_stopped__rosidl_typesupport_fastrtps_cpp.hpp
[6.799s] -- Up-to-date symlink: /home/zyme/ros_ws/Autoware_sim_test/install/tier4_control_msgs/include/tier4_control_msgs/tier4_control_msgs/msg/rosidl_typesupport_fastrtps_cpp__visibility_control.h
[6.800s] -- Up-to-date symlink: /home/zyme/ros_ws/Autoware_sim_test/install/tier4_control_msgs/include/tier4_control_msgs/tier4_control_msgs/srv/detail/external_command_select__rosidl_typesupport_fastrtps_cpp.hpp
[6.800s] -- Up-to-date symlink: /home/zyme/ros_ws/Autoware_sim_test/install/tier4_control_msgs/include/tier4_control_msgs/tier4_control_msgs/srv/detail/set_pause__rosidl_typesupport_fastrtps_cpp.hpp
[6.800s] -- Up-to-date symlink: /home/zyme/ros_ws/Autoware_sim_test/install/tier4_control_msgs/include/tier4_control_msgs/tier4_control_msgs/srv/detail/set_stop__rosidl_typesupport_fastrtps_cpp.hpp
[6.801s] -- Up-to-date symlink: /home/zyme/ros_ws/Autoware_sim_test/install/tier4_control_msgs/include/tier4_control_msgs/tier4_control_msgs/msg/detail/external_command_selector_mode__rosidl_typesupport_introspection_cpp.hpp
[6.801s] -- Up-to-date symlink: /home/zyme/ros_ws/Autoware_sim_test/install/tier4_control_msgs/include/tier4_control_msgs/tier4_control_msgs/msg/detail/gate_mode__rosidl_typesupport_introspection_cpp.hpp
[6.801s] -- Up-to-date symlink: /home/zyme/ros_ws/Autoware_sim_test/install/tier4_control_msgs/include/tier4_control_msgs/tier4_control_msgs/msg/detail/is_paused__rosidl_typesupport_introspection_cpp.hpp
[6.802s] -- Up-to-date symlink: /home/zyme/ros_ws/Autoware_sim_test/install/tier4_control_msgs/include/tier4_control_msgs/tier4_control_msgs/msg/detail/is_start_requested__rosidl_typesupport_introspection_cpp.hpp
[6.802s] -- Up-to-date symlink: /home/zyme/ros_ws/Autoware_sim_test/install/tier4_control_msgs/include/tier4_control_msgs/tier4_control_msgs/msg/detail/is_stopped__rosidl_typesupport_introspection_cpp.hpp
[6.802s] -- Up-to-date symlink: /home/zyme/ros_ws/Autoware_sim_test/install/tier4_control_msgs/include/tier4_control_msgs/tier4_control_msgs/srv/detail/external_command_select__rosidl_typesupport_introspection_cpp.hpp
[6.802s] -- Up-to-date symlink: /home/zyme/ros_ws/Autoware_sim_test/install/tier4_control_msgs/include/tier4_control_msgs/tier4_control_msgs/srv/detail/set_pause__rosidl_typesupport_introspection_cpp.hpp
[6.802s] -- Up-to-date symlink: /home/zyme/ros_ws/Autoware_sim_test/install/tier4_control_msgs/include/tier4_control_msgs/tier4_control_msgs/srv/detail/set_stop__rosidl_typesupport_introspection_cpp.hpp
[6.802s] -- Up-to-date symlink: /home/zyme/ros_ws/Autoware_sim_test/install/tier4_control_msgs/share/tier4_control_msgs/environment/pythonpath.sh
[6.803s] -- Up-to-date symlink: /home/zyme/ros_ws/Autoware_sim_test/install/tier4_control_msgs/share/tier4_control_msgs/environment/pythonpath.dsv
[6.803s] -- Up-to-date symlink: /home/zyme/ros_ws/Autoware_sim_test/install/tier4_control_msgs/local/lib/python3.10/dist-packages/tier4_control_msgs-0.1.0-py3.10.egg-info/PKG-INFO
[6.803s] -- Up-to-date symlink: /home/zyme/ros_ws/Autoware_sim_test/install/tier4_control_msgs/local/lib/python3.10/dist-packages/tier4_control_msgs-0.1.0-py3.10.egg-info/SOURCES.txt
[6.803s] -- Up-to-date symlink: /home/zyme/ros_ws/Autoware_sim_test/install/tier4_control_msgs/local/lib/python3.10/dist-packages/tier4_control_msgs-0.1.0-py3.10.egg-info/dependency_links.txt
[6.804s] -- Up-to-date symlink: /home/zyme/ros_ws/Autoware_sim_test/install/tier4_control_msgs/local/lib/python3.10/dist-packages/tier4_control_msgs-0.1.0-py3.10.egg-info/top_level.txt
[6.804s] -- Up-to-date symlink: /home/zyme/ros_ws/Autoware_sim_test/install/tier4_control_msgs/local/lib/python3.10/dist-packages/tier4_control_msgs/__init__.py
[6.804s] -- Up-to-date symlink: /home/zyme/ros_ws/Autoware_sim_test/install/tier4_control_msgs/local/lib/python3.10/dist-packages/tier4_control_msgs/_tier4_control_msgs_s.ep.rosidl_typesupport_c.c
[6.805s] -- Up-to-date symlink: /home/zyme/ros_ws/Autoware_sim_test/install/tier4_control_msgs/local/lib/python3.10/dist-packages/tier4_control_msgs/_tier4_control_msgs_s.ep.rosidl_typesupport_fastrtps_c.c
[6.807s] -- Up-to-date symlink: /home/zyme/ros_ws/Autoware_sim_test/install/tier4_control_msgs/local/lib/python3.10/dist-packages/tier4_control_msgs/_tier4_control_msgs_s.ep.rosidl_typesupport_introspection_c.c
[6.807s] -- Up-to-date symlink: /home/zyme/ros_ws/Autoware_sim_test/install/tier4_control_msgs/local/lib/python3.10/dist-packages/tier4_control_msgs/libtier4_control_msgs__rosidl_generator_py.so
[6.807s] -- Up-to-date symlink: /home/zyme/ros_ws/Autoware_sim_test/install/tier4_control_msgs/local/lib/python3.10/dist-packages/tier4_control_msgs/msg/__init__.py
[6.807s] -- Up-to-date symlink: /home/zyme/ros_ws/Autoware_sim_test/install/tier4_control_msgs/local/lib/python3.10/dist-packages/tier4_control_msgs/msg/_external_command_selector_mode.py
[6.807s] -- Up-to-date symlink: /home/zyme/ros_ws/Autoware_sim_test/install/tier4_control_msgs/local/lib/python3.10/dist-packages/tier4_control_msgs/msg/_external_command_selector_mode_s.c
[6.808s] -- Up-to-date symlink: /home/zyme/ros_ws/Autoware_sim_test/install/tier4_control_msgs/local/lib/python3.10/dist-packages/tier4_control_msgs/msg/_gate_mode.py
[6.811s] -- Up-to-date symlink: /home/zyme/ros_ws/Autoware_sim_test/install/tier4_control_msgs/local/lib/python3.10/dist-packages/tier4_control_msgs/msg/_gate_mode_s.c
[6.811s] -- Up-to-date symlink: /home/zyme/ros_ws/Autoware_sim_test/install/tier4_control_msgs/local/lib/python3.10/dist-packages/tier4_control_msgs/msg/_is_paused.py
[6.811s] -- Up-to-date symlink: /home/zyme/ros_ws/Autoware_sim_test/install/tier4_control_msgs/local/lib/python3.10/dist-packages/tier4_control_msgs/msg/_is_paused_s.c
[6.811s] -- Up-to-date symlink: /home/zyme/ros_ws/Autoware_sim_test/install/tier4_control_msgs/local/lib/python3.10/dist-packages/tier4_control_msgs/msg/_is_start_requested.py
[6.811s] -- Up-to-date symlink: /home/zyme/ros_ws/Autoware_sim_test/install/tier4_control_msgs/local/lib/python3.10/dist-packages/tier4_control_msgs/msg/_is_start_requested_s.c
[6.812s] -- Up-to-date symlink: /home/zyme/ros_ws/Autoware_sim_test/install/tier4_control_msgs/local/lib/python3.10/dist-packages/tier4_control_msgs/msg/_is_stopped.py
[6.812s] -- Up-to-date symlink: /home/zyme/ros_ws/Autoware_sim_test/install/tier4_control_msgs/local/lib/python3.10/dist-packages/tier4_control_msgs/msg/_is_stopped_s.c
[6.812s] -- Up-to-date symlink: /home/zyme/ros_ws/Autoware_sim_test/install/tier4_control_msgs/local/lib/python3.10/dist-packages/tier4_control_msgs/srv/__init__.py
[6.812s] -- Up-to-date symlink: /home/zyme/ros_ws/Autoware_sim_test/install/tier4_control_msgs/local/lib/python3.10/dist-packages/tier4_control_msgs/srv/_external_command_select.py
[6.813s] -- Up-to-date symlink: /home/zyme/ros_ws/Autoware_sim_test/install/tier4_control_msgs/local/lib/python3.10/dist-packages/tier4_control_msgs/srv/_external_command_select_s.c
[6.813s] -- Up-to-date symlink: /home/zyme/ros_ws/Autoware_sim_test/install/tier4_control_msgs/local/lib/python3.10/dist-packages/tier4_control_msgs/srv/_set_pause.py
[6.813s] -- Up-to-date symlink: /home/zyme/ros_ws/Autoware_sim_test/install/tier4_control_msgs/local/lib/python3.10/dist-packages/tier4_control_msgs/srv/_set_pause_s.c
[6.813s] -- Up-to-date symlink: /home/zyme/ros_ws/Autoware_sim_test/install/tier4_control_msgs/local/lib/python3.10/dist-packages/tier4_control_msgs/srv/_set_stop.py
[6.814s] -- Up-to-date symlink: /home/zyme/ros_ws/Autoware_sim_test/install/tier4_control_msgs/local/lib/python3.10/dist-packages/tier4_control_msgs/srv/_set_stop_s.c
[6.814s] -- Up-to-date symlink: /home/zyme/ros_ws/Autoware_sim_test/install/tier4_control_msgs/local/lib/python3.10/dist-packages/tier4_control_msgs/tier4_control_msgs_s__rosidl_typesupport_c.cpython-310-x86_64-linux-gnu.so
[6.814s] -- Up-to-date symlink: /home/zyme/ros_ws/Autoware_sim_test/install/tier4_control_msgs/local/lib/python3.10/dist-packages/tier4_control_msgs/tier4_control_msgs_s__rosidl_typesupport_fastrtps_c.cpython-310-x86_64-linux-gnu.so
[6.815s] -- Up-to-date symlink: /home/zyme/ros_ws/Autoware_sim_test/install/tier4_control_msgs/local/lib/python3.10/dist-packages/tier4_control_msgs/tier4_control_msgs_s__rosidl_typesupport_introspection_c.cpython-310-x86_64-linux-gnu.so
[6.815s] -- Up-to-date symlink: /home/zyme/ros_ws/Autoware_sim_test/install/tier4_control_msgs/local/lib/python3.10/dist-packages/tier4_control_msgs/tier4_control_msgs_s__rosidl_typesupport_fastrtps_c.cpython-310-x86_64-linux-gnu.so
[6.815s] -- Up-to-date symlink: /home/zyme/ros_ws/Autoware_sim_test/install/tier4_control_msgs/local/lib/python3.10/dist-packages/tier4_control_msgs/tier4_control_msgs_s__rosidl_typesupport_introspection_c.cpython-310-x86_64-linux-gnu.so
[6.815s] -- Up-to-date symlink: /home/zyme/ros_ws/Autoware_sim_test/install/tier4_control_msgs/local/lib/python3.10/dist-packages/tier4_control_msgs/tier4_control_msgs_s__rosidl_typesupport_c.cpython-310-x86_64-linux-gnu.so
[6.815s] -- Up-to-date symlink: /home/zyme/ros_ws/Autoware_sim_test/install/tier4_control_msgs/share/tier4_control_msgs/msg/GateMode.idl
[6.816s] -- Up-to-date symlink: /home/zyme/ros_ws/Autoware_sim_test/install/tier4_control_msgs/share/tier4_control_msgs/msg/ExternalCommandSelectorMode.idl
[6.816s] -- Up-to-date symlink: /home/zyme/ros_ws/Autoware_sim_test/install/tier4_control_msgs/share/tier4_control_msgs/srv/ExternalCommandSelect.idl
[6.817s] -- Up-to-date symlink: /home/zyme/ros_ws/Autoware_sim_test/install/tier4_control_msgs/share/tier4_control_msgs/msg/IsStartRequested.idl
[6.819s] -- Up-to-date symlink: /home/zyme/ros_ws/Autoware_sim_test/install/tier4_control_msgs/share/tier4_control_msgs/msg/IsPaused.idl
[6.820s] -- Up-to-date symlink: /home/zyme/ros_ws/Autoware_sim_test/install/tier4_control_msgs/share/tier4_control_msgs/srv/SetPause.idl
[6.820s] -- Up-to-date symlink: /home/zyme/ros_ws/Autoware_sim_test/install/tier4_control_msgs/share/tier4_control_msgs/msg/IsStopped.idl
[6.820s] -- Up-to-date symlink: /home/zyme/ros_ws/Autoware_sim_test/install/tier4_control_msgs/share/tier4_control_msgs/srv/SetStop.idl
[6.825s] -- Up-to-date symlink: /home/zyme/ros_ws/Autoware_sim_test/install/tier4_control_msgs/share/tier4_control_msgs/msg/GateMode.msg
[6.826s] -- Up-to-date symlink: /home/zyme/ros_ws/Autoware_sim_test/install/tier4_control_msgs/share/tier4_control_msgs/msg/ExternalCommandSelectorMode.msg
[6.826s] -- Up-to-date symlink: /home/zyme/ros_ws/Autoware_sim_test/install/tier4_control_msgs/share/tier4_control_msgs/srv/ExternalCommandSelect.srv
[6.826s] -- Up-to-date symlink: /home/zyme/ros_ws/Autoware_sim_test/install/tier4_control_msgs/share/tier4_control_msgs/srv/ExternalCommandSelect_Request.msg
[6.826s] -- Up-to-date symlink: /home/zyme/ros_ws/Autoware_sim_test/install/tier4_control_msgs/share/tier4_control_msgs/srv/ExternalCommandSelect_Response.msg
[6.826s] -- Up-to-date symlink: /home/zyme/ros_ws/Autoware_sim_test/install/tier4_control_msgs/share/tier4_control_msgs/msg/IsStartRequested.msg
[6.826s] -- Up-to-date symlink: /home/zyme/ros_ws/Autoware_sim_test/install/tier4_control_msgs/share/tier4_control_msgs/msg/IsPaused.msg
[6.827s] -- Up-to-date symlink: /home/zyme/ros_ws/Autoware_sim_test/install/tier4_control_msgs/share/tier4_control_msgs/srv/SetPause.srv
[6.827s] -- Up-to-date symlink: /home/zyme/ros_ws/Autoware_sim_test/install/tier4_control_msgs/share/tier4_control_msgs/srv/SetPause_Request.msg
[6.827s] -- Up-to-date symlink: /home/zyme/ros_ws/Autoware_sim_test/install/tier4_control_msgs/share/tier4_control_msgs/srv/SetPause_Response.msg
[6.828s] -- Up-to-date symlink: /home/zyme/ros_ws/Autoware_sim_test/install/tier4_control_msgs/share/tier4_control_msgs/msg/IsStopped.msg
[6.828s] -- Up-to-date symlink: /home/zyme/ros_ws/Autoware_sim_test/install/tier4_control_msgs/share/tier4_control_msgs/srv/SetStop.srv
[6.828s] -- Up-to-date symlink: /home/zyme/ros_ws/Autoware_sim_test/install/tier4_control_msgs/share/tier4_control_msgs/srv/SetStop_Request.msg
[6.834s] -- Up-to-date symlink: /home/zyme/ros_ws/Autoware_sim_test/install/tier4_control_msgs/share/tier4_control_msgs/srv/SetStop_Response.msg
[6.834s] -- Up-to-date symlink: /home/zyme/ros_ws/Autoware_sim_test/install/tier4_control_msgs/share/ament_index/resource_index/package_run_dependencies/tier4_control_msgs
[6.835s] -- Up-to-date symlink: /home/zyme/ros_ws/Autoware_sim_test/install/tier4_control_msgs/share/ament_index/resource_index/parent_prefix_path/tier4_control_msgs
[6.835s] -- Up-to-date symlink: /home/zyme/ros_ws/Autoware_sim_test/install/tier4_control_msgs/share/tier4_control_msgs/environment/ament_prefix_path.sh
[6.835s] -- Up-to-date symlink: /home/zyme/ros_ws/Autoware_sim_test/install/tier4_control_msgs/share/tier4_control_msgs/environment/ament_prefix_path.dsv
[6.835s] -- Up-to-date symlink: /home/zyme/ros_ws/Autoware_sim_test/install/tier4_control_msgs/share/tier4_control_msgs/environment/path.sh
[6.835s] -- Up-to-date symlink: /home/zyme/ros_ws/Autoware_sim_test/install/tier4_control_msgs/share/tier4_control_msgs/environment/path.dsv
[6.835s] -- Up-to-date symlink: /home/zyme/ros_ws/Autoware_sim_test/install/tier4_control_msgs/share/tier4_control_msgs/local_setup.bash
[6.835s] -- Up-to-date symlink: /home/zyme/ros_ws/Autoware_sim_test/install/tier4_control_msgs/share/tier4_control_msgs/local_setup.sh
[6.836s] -- Up-to-date symlink: /home/zyme/ros_ws/Autoware_sim_test/install/tier4_control_msgs/share/tier4_control_msgs/local_setup.zsh
[6.836s] -- Up-to-date symlink: /home/zyme/ros_ws/Autoware_sim_test/install/tier4_control_msgs/share/tier4_control_msgs/local_setup.dsv
[6.837s] -- Symlinking: /home/zyme/ros_ws/Autoware_sim_test/install/tier4_control_msgs/share/tier4_control_msgs/package.dsv
[6.851s] -- Up-to-date symlink: /home/zyme/ros_ws/Autoware_sim_test/install/tier4_control_msgs/share/ament_index/resource_index/packages/tier4_control_msgs
[6.851s] -- Up-to-date symlink: /home/zyme/ros_ws/Autoware_sim_test/install/tier4_control_msgs/share/tier4_control_msgs/cmake/rosidl_cmake-extras.cmake
[6.851s] -- Up-to-date symlink: /home/zyme/ros_ws/Autoware_sim_test/install/tier4_control_msgs/share/tier4_control_msgs/cmake/ament_cmake_export_dependencies-extras.cmake
[6.853s] -- Up-to-date symlink: /home/zyme/ros_ws/Autoware_sim_test/install/tier4_control_msgs/share/tier4_control_msgs/cmake/ament_cmake_export_include_directories-extras.cmake
[6.855s] -- Up-to-date symlink: /home/zyme/ros_ws/Autoware_sim_test/install/tier4_control_msgs/share/tier4_control_msgs/cmake/ament_cmake_export_libraries-extras.cmake
[6.856s] -- Up-to-date symlink: /home/zyme/ros_ws/Autoware_sim_test/install/tier4_control_msgs/share/tier4_control_msgs/cmake/ament_cmake_export_targets-extras.cmake
[6.856s] -- Up-to-date symlink: /home/zyme/ros_ws/Autoware_sim_test/install/tier4_control_msgs/share/tier4_control_msgs/cmake/rosidl_cmake_export_typesupport_targets-extras.cmake
[6.858s] -- Up-to-date symlink: /home/zyme/ros_ws/Autoware_sim_test/install/tier4_control_msgs/share/tier4_control_msgs/cmake/rosidl_cmake_export_typesupport_libraries-extras.cmake
[6.861s] -- Up-to-date symlink: /home/zyme/ros_ws/Autoware_sim_test/install/tier4_control_msgs/share/tier4_control_msgs/cmake/tier4_control_msgsConfig.cmake
[6.861s] -- Up-to-date symlink: /home/zyme/ros_ws/Autoware_sim_test/install/tier4_control_msgs/share/tier4_control_msgs/cmake/tier4_control_msgsConfig-version.cmake
[6.863s] -- Up-to-date symlink: /home/zyme/ros_ws/Autoware_sim_test/install/tier4_control_msgs/share/tier4_control_msgs/package.xml
[6.864s] -- Up-to-date: /home/zyme/ros_ws/Autoware_sim_test/install/tier4_control_msgs/lib/libtier4_control_msgs__rosidl_generator_c.so
[6.864s] -- Up-to-date: /home/zyme/ros_ws/Autoware_sim_test/install/tier4_control_msgs/lib/libtier4_control_msgs__rosidl_typesupport_fastrtps_c.so
[6.864s] -- Up-to-date: /home/zyme/ros_ws/Autoware_sim_test/install/tier4_control_msgs/lib/libtier4_control_msgs__rosidl_typesupport_introspection_c.so
[6.865s] -- Up-to-date: /home/zyme/ros_ws/Autoware_sim_test/install/tier4_control_msgs/lib/libtier4_control_msgs__rosidl_typesupport_c.so
[6.866s] -- Up-to-date: /home/zyme/ros_ws/Autoware_sim_test/install/tier4_control_msgs/lib/libtier4_control_msgs__rosidl_typesupport_fastrtps_cpp.so
[6.870s] -- Up-to-date: /home/zyme/ros_ws/Autoware_sim_test/install/tier4_control_msgs/lib/libtier4_control_msgs__rosidl_typesupport_introspection_cpp.so
[6.871s] -- Up-to-date: /home/zyme/ros_ws/Autoware_sim_test/install/tier4_control_msgs/lib/libtier4_control_msgs__rosidl_typesupport_cpp.so
[6.949s] Listing '/home/zyme/ros_ws/Autoware_sim_test/install/tier4_control_msgs/local/lib/python3.10/dist-packages/tier4_control_msgs'...
[6.950s] Compiling '/home/zyme/ros_ws/Autoware_sim_test/install/tier4_control_msgs/local/lib/python3.10/dist-packages/tier4_control_msgs/__init__.py'...
[6.950s] Listing '/home/zyme/ros_ws/Autoware_sim_test/install/tier4_control_msgs/local/lib/python3.10/dist-packages/tier4_control_msgs/msg'...
[6.951s] Listing '/home/zyme/ros_ws/Autoware_sim_test/install/tier4_control_msgs/local/lib/python3.10/dist-packages/tier4_control_msgs/srv'...
[6.962s] -- Up-to-date: /home/zyme/ros_ws/Autoware_sim_test/install/tier4_control_msgs/lib/libtier4_control_msgs__rosidl_generator_py.so
[6.964s] -- Up-to-date: /home/zyme/ros_ws/Autoware_sim_test/install/tier4_control_msgs/share/tier4_control_msgs/cmake/export_tier4_control_msgs__rosidl_generator_cExport.cmake
[6.965s] -- Up-to-date: /home/zyme/ros_ws/Autoware_sim_test/install/tier4_control_msgs/share/tier4_control_msgs/cmake/export_tier4_control_msgs__rosidl_generator_cExport-release.cmake
[6.965s] -- Up-to-date: /home/zyme/ros_ws/Autoware_sim_test/install/tier4_control_msgs/share/tier4_control_msgs/cmake/export_tier4_control_msgs__rosidl_typesupport_fastrtps_cExport.cmake
[6.966s] -- Up-to-date: /home/zyme/ros_ws/Autoware_sim_test/install/tier4_control_msgs/share/tier4_control_msgs/cmake/export_tier4_control_msgs__rosidl_typesupport_fastrtps_cExport-release.cmake
[6.966s] -- Up-to-date: /home/zyme/ros_ws/Autoware_sim_test/install/tier4_control_msgs/share/tier4_control_msgs/cmake/tier4_control_msgs__rosidl_typesupport_introspection_cExport.cmake
[6.966s] -- Up-to-date: /home/zyme/ros_ws/Autoware_sim_test/install/tier4_control_msgs/share/tier4_control_msgs/cmake/tier4_control_msgs__rosidl_typesupport_introspection_cExport-release.cmake
[6.972s] -- Up-to-date: /home/zyme/ros_ws/Autoware_sim_test/install/tier4_control_msgs/share/tier4_control_msgs/cmake/tier4_control_msgs__rosidl_typesupport_cExport.cmake
[6.974s] -- Up-to-date: /home/zyme/ros_ws/Autoware_sim_test/install/tier4_control_msgs/share/tier4_control_msgs/cmake/tier4_control_msgs__rosidl_typesupport_cExport-release.cmake
[6.975s] -- Up-to-date: /home/zyme/ros_ws/Autoware_sim_test/install/tier4_control_msgs/share/tier4_control_msgs/cmake/export_tier4_control_msgs__rosidl_generator_cppExport.cmake
[6.975s] -- Up-to-date: /home/zyme/ros_ws/Autoware_sim_test/install/tier4_control_msgs/share/tier4_control_msgs/cmake/export_tier4_control_msgs__rosidl_typesupport_fastrtps_cppExport.cmake
[6.976s] -- Up-to-date: /home/zyme/ros_ws/Autoware_sim_test/install/tier4_control_msgs/share/tier4_control_msgs/cmake/export_tier4_control_msgs__rosidl_typesupport_fastrtps_cppExport-release.cmake
[6.976s] -- Up-to-date: /home/zyme/ros_ws/Autoware_sim_test/install/tier4_control_msgs/share/tier4_control_msgs/cmake/tier4_control_msgs__rosidl_typesupport_introspection_cppExport.cmake
[6.976s] -- Up-to-date: /home/zyme/ros_ws/Autoware_sim_test/install/tier4_control_msgs/share/tier4_control_msgs/cmake/tier4_control_msgs__rosidl_typesupport_introspection_cppExport-release.cmake
[6.976s] -- Up-to-date: /home/zyme/ros_ws/Autoware_sim_test/install/tier4_control_msgs/share/tier4_control_msgs/cmake/tier4_control_msgs__rosidl_typesupport_cppExport.cmake
[6.976s] -- Up-to-date: /home/zyme/ros_ws/Autoware_sim_test/install/tier4_control_msgs/share/tier4_control_msgs/cmake/tier4_control_msgs__rosidl_typesupport_cppExport-release.cmake
[6.976s] -- Up-to-date: /home/zyme/ros_ws/Autoware_sim_test/install/tier4_control_msgs/share/tier4_control_msgs/cmake/export_tier4_control_msgs__rosidl_generator_pyExport.cmake
[6.976s] -- Up-to-date: /home/zyme/ros_ws/Autoware_sim_test/install/tier4_control_msgs/share/tier4_control_msgs/cmake/export_tier4_control_msgs__rosidl_generator_pyExport-release.cmake
[7.118s] Invoked command in '/home/zyme/ros_ws/Autoware_sim_test/build/tier4_control_msgs' returned '0': AMENT_PREFIX_PATH=/home/zyme/ros_ws/Autoware_sim_test/install/autoware_common_msgs:${AMENT_PREFIX_PATH} CMAKE_PREFIX_PATH=/home/zyme/ros_ws/Autoware_sim_test/install/autoware_common_msgs:/opt/ros/humble LD_LIBRARY_PATH=/home/zyme/ros_ws/Autoware_sim_test/install/autoware_common_msgs/lib:${LD_LIBRARY_PATH} PYTHONPATH=/home/zyme/ros_ws/Autoware_sim_test/install/autoware_common_msgs/local/lib/python3.10/dist-packages:${PYTHONPATH} /usr/bin/cmake --install /home/zyme/ros_ws/Autoware_sim_test/build/tier4_control_msgs
