-- The C compiler identification is GNU 11.4.0
-- The CXX compiler identification is GNU 11.4.0
-- Detecting C compiler ABI info
-- Detecting C compiler ABI info - done
-- Check for working C compiler: /usr/bin/cc - skipped
-- Detecting C compile features
-- Detecting C compile features - done
-- Detecting CXX compiler ABI info
-- Detecting CXX compiler ABI info - done
-- Check for working CXX compiler: /usr/bin/c++ - skipped
-- Detecting CXX compile features
-- Detecting CXX compile features - done
-- Found autoware_cmake: 0.1.0 (/home/zyme/ros_ws/Autoware_sim_test/install/autoware_cmake/share/autoware_cmake/cmake)
-- Found Python3: /usr/bin/python3 (found version "3.10.12") found components: Interpreter 
-- Override CMake install command with custom implementation using symlinks instead of copying resources
-- Found rosidl_generator_c: 3.1.5 (/opt/ros/humble/share/rosidl_generator_c/cmake)
-- Found rosidl_adapter: 3.1.5 (/opt/ros/humble/share/rosidl_adapter/cmake)
-- Found rosidl_generator_cpp: 3.1.5 (/opt/ros/humble/share/rosidl_generator_cpp/cmake)
-- Using all available rosidl_typesupport_c: rosidl_typesupport_fastrtps_c;rosidl_typesupport_introspection_c
-- Using all available rosidl_typesupport_cpp: rosidl_typesupport_fastrtps_cpp;rosidl_typesupport_introspection_cpp
-- Found rmw_implementation_cmake: 6.1.1 (/opt/ros/humble/share/rmw_implementation_cmake/cmake)
-- Found rmw_cyclonedds_cpp: 1.3.4 (/opt/ros/humble/share/rmw_cyclonedds_cpp/cmake)
-- Using RMW implementation 'rmw_cyclonedds_cpp' as default
-- Looking for pthread.h
-- Looking for pthread.h - found
-- Performing Test CMAKE_HAVE_LIBC_PTHREAD
-- Performing Test CMAKE_HAVE_LIBC_PTHREAD - Success
-- Found Threads: TRUE  
-- Found eigen3_cmake_module: 0.1.1 (/opt/ros/humble/share/eigen3_cmake_module/cmake)
-- Found Eigen3: TRUE (found version "3.4.0") 
-- Ensuring Eigen3 include directory is part of orocos-kdl CMake target
-- Checking for module 'eigen3'
--   Found eigen3, version 3.4.0
-- Found Eigen: /usr/include/eigen3 (Required is at least version "3.1") 
-- Eigen found (include: /usr/include/eigen3, version: 3.4.0)
-- Checking for module 'flann'
--   Found flann, version 1.9.1
-- Found FLANN: /usr/lib/x86_64-linux-gnu/libflann_cpp.so  
-- FLANN found (include: /usr/include, lib: /usr/lib/x86_64-linux-gnu/libflann_cpp.so)
-- Checking for module 'libusb-1.0'
--   Found libusb-1.0, version 1.0.25
-- Found libusb: /usr/lib/x86_64-linux-gnu/libusb-1.0.so  
-- OpenNI found (version: 1.5.4.0, include: /usr/include/ni, lib: /usr/lib/libOpenNI.so;libusb::libusb)
-- OpenNI2 found (version: 2.2.0.33, include: /usr/include/openni2, lib: /usr/lib/x86_64-linux-gnu/libOpenNI2.so;libusb::libusb)
-- Eigen found (include: /usr/include/eigen3, version: 3.4.0)
-- OpenNI found (version: 1.5.4.0, include: /usr/include/ni, lib: /usr/lib/libOpenNI.so;libusb::libusb)
-- OpenNI2 found (version: 2.2.0.33, include: /usr/include/openni2, lib: /usr/lib/x86_64-linux-gnu/libOpenNI2.so;libusb::libusb)
-- Found Qhull version 8.0.2
-- OpenNI found (version: 1.5.4.0, include: /usr/include/ni, lib: /usr/lib/libOpenNI.so;libusb::libusb)
-- Found PCL_COMMON: /usr/lib/x86_64-linux-gnu/libpcl_common.so  
-- Found PCL_KDTREE: /usr/lib/x86_64-linux-gnu/libpcl_kdtree.so  
-- Found PCL_OCTREE: /usr/lib/x86_64-linux-gnu/libpcl_octree.so  
-- Found PCL_SEARCH: /usr/lib/x86_64-linux-gnu/libpcl_search.so  
-- Found PCL_SAMPLE_CONSENSUS: /usr/lib/x86_64-linux-gnu/libpcl_sample_consensus.so  
-- Found PCL_FILTERS: /usr/lib/x86_64-linux-gnu/libpcl_filters.so  
-- Found PCL_2D: /usr/include/pcl-1.12  
-- Found PCL_GEOMETRY: /usr/include/pcl-1.12  
-- Found PCL_IO: /usr/lib/x86_64-linux-gnu/libpcl_io.so  
-- Found PCL_FEATURES: /usr/lib/x86_64-linux-gnu/libpcl_features.so  
-- Found PCL_ML: /usr/lib/x86_64-linux-gnu/libpcl_ml.so  
-- Found PCL_SEGMENTATION: /usr/lib/x86_64-linux-gnu/libpcl_segmentation.so  
-- Found PCL_VISUALIZATION: /usr/lib/x86_64-linux-gnu/libpcl_visualization.so  
-- Found PCL_SURFACE: /usr/lib/x86_64-linux-gnu/libpcl_surface.so  
-- Found PCL_REGISTRATION: /usr/lib/x86_64-linux-gnu/libpcl_registration.so  
-- Found PCL_KEYPOINTS: /usr/lib/x86_64-linux-gnu/libpcl_keypoints.so  
-- Found PCL_TRACKING: /usr/lib/x86_64-linux-gnu/libpcl_tracking.so  
-- Found PCL_RECOGNITION: /usr/lib/x86_64-linux-gnu/libpcl_recognition.so  
-- Found PCL_STEREO: /usr/lib/x86_64-linux-gnu/libpcl_stereo.so  
-- Found PCL_APPS: /usr/lib/x86_64-linux-gnu/libpcl_apps.so  
-- Found PCL_IN_HAND_SCANNER: /usr/include/pcl-1.12  
-- Found PCL_MODELER: /usr/include/pcl-1.12  
-- Found PCL_POINT_CLOUD_EDITOR: /usr/include/pcl-1.12  
-- Found PCL_OUTOFCORE: /usr/lib/x86_64-linux-gnu/libpcl_outofcore.so  
-- Found PCL_PEOPLE: /usr/lib/x86_64-linux-gnu/libpcl_people.so  
-- Setting OGRE_DIR to: '/opt/ros/humble/share/rviz_ogre_vendor/cmake/../../../opt/rviz_ogre_vendor/lib/OGRE/cmake'
-- Found OGRE
--   static     : OFF
--   components : HLMS;MeshLodGenerator;Overlay;Paging;Property;RTShaderSystem;Terrain;Volume
--   plugins    : Plugin_BSPSceneManager;Plugin_OctreeSceneManager;Plugin_PCZSceneManager;Plugin_ParticleFX;RenderSystem_GL;RenderSystem_GL3Plus;Codec_STBI
--   media      : /opt/ros/humble/opt/rviz_ogre_vendor/share/OGRE/Media
-- OGRE_LIBRARIES: OgreHLMS;OgreMeshLodGenerator;OgreOverlay;OgrePaging;OgreProperty;OgreRTShaderSystem;OgreTerrain;OgreVolume;OgreMain
-- OGRE_LIBRARY_DIRS: /opt/ros/humble/opt/rviz_ogre_vendor/lib
-- OGRE_PLUGINS: Plugin_BSPSceneManager;Plugin_OctreeSceneManager;Plugin_PCZSceneManager;Plugin_ParticleFX;RenderSystem_GL;RenderSystem_GL3Plus;Codec_STBI
-- OGRE_PLUGIN_DIR: /opt/ros/humble/opt/rviz_ogre_vendor/lib/OGRE
-- rviz_ogre_vendor::OgreOverlay for IMPORTED_LOCATION_RELEASE: /opt/ros/humble/opt/rviz_ogre_vendor/lib/libOgreOverlay.so
-- rviz_ogre_vendor::OgreOverlay for IMPORTED_LOCATION_DEBUG: /opt/ros/humble/opt/rviz_ogre_vendor/lib/libOgreOverlay.so
-- rviz_ogre_vendor::OgreMain for IMPORTED_LOCATION_RELEASE: /opt/ros/humble/opt/rviz_ogre_vendor/lib/libOgreMain.so
-- rviz_ogre_vendor::OgreMain for IMPORTED_LOCATION_DEBUG: /opt/ros/humble/opt/rviz_ogre_vendor/lib/libOgreMain.so
-- Found ZLIB: /usr/lib/x86_64-linux-gnu/libz.so (found version "1.2.11") 
-- Found OpenGL: /usr/lib/x86_64-linux-gnu/libOpenGL.so   
-- Found X11: /usr/include   
-- rviz_ogre_vendor::RenderSystem_GL for IMPORTED_LOCATION_RELEASE: _render_system_gl_static_library_abs-NOTFOUND
-- rviz_ogre_vendor::RenderSystem_GL for IMPORTED_LOCATION_DEBUG: _render_system_gl_static_library_abs-NOTFOUND
-- library: /usr/lib/x86_64-linux-gnu/libcurl.so
-- Found ament_lint_auto: 0.12.10 (/opt/ros/humble/share/ament_lint_auto/cmake)
-- Added test 'copyright' to check source files copyright and LICENSE
-- Added test 'cppcheck' to perform static code analysis on C / C++ code
-- Configured cppcheck include dirs: 
-- Configured cppcheck exclude dirs and/or files: 
-- Added test 'lint_cmake' to check CMake code style
-- Added test 'xmllint' to check XML markup files
-- Configuring done
-- Generating done
-- Build files have been written to: /home/zyme/ros_ws/Autoware_sim_test/build/tier4_perception_rviz_plugin
[ 11%] [34m[1mAutomatic MOC for target tier4_perception_rviz_plugin[0m
[ 11%] Built target tier4_perception_rviz_plugin_autogen
[ 44%] [32mBuilding CXX object CMakeFiles/tier4_perception_rviz_plugin.dir/src/tools/util.cpp.o[0m
[ 44%] [32mBuilding CXX object CMakeFiles/tier4_perception_rviz_plugin.dir/tier4_perception_rviz_plugin_autogen/mocs_compilation.cpp.o[0m
[ 44%] [32mBuilding CXX object CMakeFiles/tier4_perception_rviz_plugin.dir/src/tools/pedestrian_pose.cpp.o[0m
[ 66%] [32mBuilding CXX object CMakeFiles/tier4_perception_rviz_plugin.dir/src/tools/car_pose.cpp.o[0m
[ 66%] [32mBuilding CXX object CMakeFiles/tier4_perception_rviz_plugin.dir/src/tools/unknown_pose.cpp.o[0m
[ 77%] [32mBuilding CXX object CMakeFiles/tier4_perception_rviz_plugin.dir/src/tools/interactive_object.cpp.o[0m
[ 88%] [32mBuilding CXX object CMakeFiles/tier4_perception_rviz_plugin.dir/src/tools/delete_all_objects.cpp.o[0m
[100%] [32m[1mLinking CXX shared library libtier4_perception_rviz_plugin.so[0m
[100%] Built target tier4_perception_rviz_plugin
-- Install configuration: "Release"
-- Execute custom install script
-- Symlinking: /home/zyme/ros_ws/Autoware_sim_test/install/tier4_perception_rviz_plugin/share/tier4_perception_rviz_plugin/plugins/plugin_description.xml
-- Symlinking: /home/zyme/ros_ws/Autoware_sim_test/install/tier4_perception_rviz_plugin/share/tier4_perception_rviz_plugin/environment/library_path.sh
-- Symlinking: /home/zyme/ros_ws/Autoware_sim_test/install/tier4_perception_rviz_plugin/share/tier4_perception_rviz_plugin/environment/library_path.dsv
-- Symlinking: /home/zyme/ros_ws/Autoware_sim_test/install/tier4_perception_rviz_plugin/lib/libtier4_perception_rviz_plugin.so
-- Symlinking: /home/zyme/ros_ws/Autoware_sim_test/install/tier4_perception_rviz_plugin/share/tier4_perception_rviz_plugin/icons/classes/BikeInitialPoseTool.png
-- Symlinking: /home/zyme/ros_ws/Autoware_sim_test/install/tier4_perception_rviz_plugin/share/tier4_perception_rviz_plugin/icons/classes/BusInitialPoseTool.png
-- Symlinking: /home/zyme/ros_ws/Autoware_sim_test/install/tier4_perception_rviz_plugin/share/tier4_perception_rviz_plugin/icons/classes/CarInitialPoseTool.png
-- Symlinking: /home/zyme/ros_ws/Autoware_sim_test/install/tier4_perception_rviz_plugin/share/tier4_perception_rviz_plugin/icons/classes/DeleteAllObjectsTool.png
-- Symlinking: /home/zyme/ros_ws/Autoware_sim_test/install/tier4_perception_rviz_plugin/share/tier4_perception_rviz_plugin/icons/classes/PedestrianInitialPoseTool.png
-- Symlinking: /home/zyme/ros_ws/Autoware_sim_test/install/tier4_perception_rviz_plugin/share/tier4_perception_rviz_plugin/icons/classes/UnknownInitialPoseTool.png
-- Up-to-date symlink: /home/zyme/ros_ws/Autoware_sim_test/install/tier4_perception_rviz_plugin/share/tier4_perception_rviz_plugin/plugins/plugin_description.xml
-- Symlinking: /home/zyme/ros_ws/Autoware_sim_test/install/tier4_perception_rviz_plugin/share/ament_index/resource_index/package_run_dependencies/tier4_perception_rviz_plugin
-- Symlinking: /home/zyme/ros_ws/Autoware_sim_test/install/tier4_perception_rviz_plugin/share/ament_index/resource_index/parent_prefix_path/tier4_perception_rviz_plugin
-- Symlinking: /home/zyme/ros_ws/Autoware_sim_test/install/tier4_perception_rviz_plugin/share/tier4_perception_rviz_plugin/environment/ament_prefix_path.sh
-- Symlinking: /home/zyme/ros_ws/Autoware_sim_test/install/tier4_perception_rviz_plugin/share/tier4_perception_rviz_plugin/environment/ament_prefix_path.dsv
-- Symlinking: /home/zyme/ros_ws/Autoware_sim_test/install/tier4_perception_rviz_plugin/share/tier4_perception_rviz_plugin/environment/path.sh
-- Symlinking: /home/zyme/ros_ws/Autoware_sim_test/install/tier4_perception_rviz_plugin/share/tier4_perception_rviz_plugin/environment/path.dsv
-- Symlinking: /home/zyme/ros_ws/Autoware_sim_test/install/tier4_perception_rviz_plugin/share/tier4_perception_rviz_plugin/local_setup.bash
-- Symlinking: /home/zyme/ros_ws/Autoware_sim_test/install/tier4_perception_rviz_plugin/share/tier4_perception_rviz_plugin/local_setup.sh
-- Symlinking: /home/zyme/ros_ws/Autoware_sim_test/install/tier4_perception_rviz_plugin/share/tier4_perception_rviz_plugin/local_setup.zsh
-- Symlinking: /home/zyme/ros_ws/Autoware_sim_test/install/tier4_perception_rviz_plugin/share/tier4_perception_rviz_plugin/local_setup.dsv
-- Symlinking: /home/zyme/ros_ws/Autoware_sim_test/install/tier4_perception_rviz_plugin/share/tier4_perception_rviz_plugin/package.dsv
-- Symlinking: /home/zyme/ros_ws/Autoware_sim_test/install/tier4_perception_rviz_plugin/share/ament_index/resource_index/packages/tier4_perception_rviz_plugin
-- Symlinking: /home/zyme/ros_ws/Autoware_sim_test/install/tier4_perception_rviz_plugin/share/ament_index/resource_index/rviz_common__pluginlib__plugin/tier4_perception_rviz_plugin
-- Symlinking: /home/zyme/ros_ws/Autoware_sim_test/install/tier4_perception_rviz_plugin/share/tier4_perception_rviz_plugin/cmake/ament_cmake_export_dependencies-extras.cmake
-- Symlinking: /home/zyme/ros_ws/Autoware_sim_test/install/tier4_perception_rviz_plugin/share/tier4_perception_rviz_plugin/cmake/ament_cmake_export_libraries-extras.cmake
-- Symlinking: /home/zyme/ros_ws/Autoware_sim_test/install/tier4_perception_rviz_plugin/share/tier4_perception_rviz_plugin/cmake/tier4_perception_rviz_pluginConfig.cmake
-- Symlinking: /home/zyme/ros_ws/Autoware_sim_test/install/tier4_perception_rviz_plugin/share/tier4_perception_rviz_plugin/cmake/tier4_perception_rviz_pluginConfig-version.cmake
-- Symlinking: /home/zyme/ros_ws/Autoware_sim_test/install/tier4_perception_rviz_plugin/share/tier4_perception_rviz_plugin/package.xml
