[0.096s] Invoking command in '/home/zyme/ros_ws/Autoware_sim_test/build/motion_utils': AMENT_PREFIX_PATH=/home/zyme/ros_ws/Autoware_sim_test/install/interpolation:/home/zyme/ros_ws/Autoware_sim_test/install/tier4_autoware_utils:/home/zyme/ros_ws/Autoware_sim_test/install/autoware_auto_vehicle_msgs:/home/zyme/ros_ws/Autoware_sim_test/install/autoware_cmake:/home/zyme/ros_ws/Autoware_sim_test/install/autoware_auto_planning_msgs:/home/zyme/ros_ws/Autoware_sim_test/install/autoware_auto_perception_msgs:/home/zyme/ros_ws/Autoware_sim_test/install/tier4_debug_msgs:/home/zyme/ros_ws/Autoware_sim_test/install/autoware_lint_common:/home/zyme/ros_ws/Autoware_sim_test/install/autoware_auto_mapping_msgs:/home/zyme/ros_ws/Autoware_sim_test/install/autoware_auto_geometry_msgs:${AMENT_PREFIX_PATH} CMAKE_PREFIX_PATH=/home/zyme/ros_ws/Autoware_sim_test/install/interpolation:/home/zyme/ros_ws/Autoware_sim_test/install/tier4_autoware_utils:/home/zyme/ros_ws/Autoware_sim_test/install/autoware_auto_vehicle_msgs:/home/zyme/ros_ws/Autoware_sim_test/install/autoware_cmake:/home/zyme/ros_ws/Autoware_sim_test/install/autoware_auto_planning_msgs:/home/zyme/ros_ws/Autoware_sim_test/install/autoware_auto_perception_msgs:/home/zyme/ros_ws/Autoware_sim_test/install/tier4_debug_msgs:/home/zyme/ros_ws/Autoware_sim_test/install/autoware_lint_common:/home/zyme/ros_ws/Autoware_sim_test/install/autoware_auto_mapping_msgs:/home/zyme/ros_ws/Autoware_sim_test/install/autoware_auto_geometry_msgs:/opt/ros/humble LD_LIBRARY_PATH=/home/zyme/ros_ws/Autoware_sim_test/install/interpolation/lib:/home/zyme/ros_ws/Autoware_sim_test/install/tier4_autoware_utils/lib:/home/zyme/ros_ws/Autoware_sim_test/install/autoware_auto_vehicle_msgs/lib:/home/zyme/ros_ws/Autoware_sim_test/install/autoware_auto_planning_msgs/lib:/home/zyme/ros_ws/Autoware_sim_test/install/autoware_auto_perception_msgs/lib:/home/zyme/ros_ws/Autoware_sim_test/install/tier4_debug_msgs/lib:/home/zyme/ros_ws/Autoware_sim_test/install/autoware_auto_mapping_msgs/lib:/home/zyme/ros_ws/Autoware_sim_test/install/autoware_auto_geometry_msgs/lib:${LD_LIBRARY_PATH} PYTHONPATH=/home/zyme/ros_ws/Autoware_sim_test/install/autoware_auto_vehicle_msgs/local/lib/python3.10/dist-packages:/home/zyme/ros_ws/Autoware_sim_test/install/autoware_auto_planning_msgs/local/lib/python3.10/dist-packages:/home/zyme/ros_ws/Autoware_sim_test/install/autoware_auto_perception_msgs/local/lib/python3.10/dist-packages:/home/zyme/ros_ws/Autoware_sim_test/install/tier4_debug_msgs/local/lib/python3.10/dist-packages:/home/zyme/ros_ws/Autoware_sim_test/install/autoware_auto_mapping_msgs/local/lib/python3.10/dist-packages:/home/zyme/ros_ws/Autoware_sim_test/install/autoware_auto_geometry_msgs/local/lib/python3.10/dist-packages:${PYTHONPATH} /usr/bin/cmake /home/zyme/ros_ws/Autoware_sim_test/src/autoware/src/universe/autoware.universe/common/motion_utils -DCMAKE_BUILD_TYPE=Release -DCMAKE_CXX_FLAGS=-w -DAMENT_CMAKE_SYMLINK_INSTALL=1 -DCMAKE_INSTALL_PREFIX=/home/zyme/ros_ws/Autoware_sim_test/install/motion_utils
[0.159s] -- The C compiler identification is GNU 11.4.0
[0.214s] -- The CXX compiler identification is GNU 11.4.0
[0.225s] -- Detecting C compiler ABI info
[0.299s] -- Detecting C compiler ABI info - done
[0.308s] -- Check for working C compiler: /usr/bin/cc - skipped
[0.309s] -- Detecting C compile features
[0.310s] -- Detecting C compile features - done
[0.313s] -- Detecting CXX compiler ABI info
[0.398s] -- Detecting CXX compiler ABI info - done
[0.407s] -- Check for working CXX compiler: /usr/bin/c++ - skipped
[0.407s] -- Detecting CXX compile features
[0.408s] -- Detecting CXX compile features - done
[0.409s] -- Found autoware_cmake: 0.1.0 (/home/zyme/ros_ws/Autoware_sim_test/install/autoware_cmake/share/autoware_cmake/cmake)
[0.575s] -- Found Python3: /usr/bin/python3 (found version "3.10.12") found components: Interpreter 
[0.648s] -- Override CMake install command with custom implementation using symlinks instead of copying resources
[0.850s] -- Found rosidl_generator_c: 3.1.5 (/opt/ros/humble/share/rosidl_generator_c/cmake)
[0.858s] -- Found rosidl_adapter: 3.1.5 (/opt/ros/humble/share/rosidl_adapter/cmake)
[0.871s] -- Found rosidl_generator_cpp: 3.1.5 (/opt/ros/humble/share/rosidl_generator_cpp/cmake)
[0.894s] -- Using all available rosidl_typesupport_c: rosidl_typesupport_fastrtps_c;rosidl_typesupport_introspection_c
[0.923s] -- Using all available rosidl_typesupport_cpp: rosidl_typesupport_fastrtps_cpp;rosidl_typesupport_introspection_cpp
[2.441s] -- Found rmw_implementation_cmake: 6.1.1 (/opt/ros/humble/share/rmw_implementation_cmake/cmake)
[2.446s] -- Found rmw_cyclonedds_cpp: 1.3.4 (/opt/ros/humble/share/rmw_cyclonedds_cpp/cmake)
[2.493s] -- Using RMW implementation 'rmw_cyclonedds_cpp' as default
[2.512s] -- Looking for pthread.h
[2.584s] -- Looking for pthread.h - found
[2.585s] -- Performing Test CMAKE_HAVE_LIBC_PTHREAD
[2.674s] -- Performing Test CMAKE_HAVE_LIBC_PTHREAD - Success
[2.675s] -- Found Threads: TRUE  
[3.214s] -- Found eigen3_cmake_module: 0.1.1 (/opt/ros/humble/share/eigen3_cmake_module/cmake)
[3.215s] -- Found Eigen3: TRUE (found version "3.4.0") 
[3.216s] -- Ensuring Eigen3 include directory is part of orocos-kdl CMake target
[3.565s] -- Checking for module 'eigen3'
[3.580s] --   Found eigen3, version 3.4.0
[3.618s] -- Found Eigen: /usr/include/eigen3 (Required is at least version "3.1") 
[3.618s] -- Eigen found (include: /usr/include/eigen3, version: 3.4.0)
[3.675s] -- Checking for module 'flann'
[3.688s] --   Found flann, version 1.9.1
[3.761s] -- Found FLANN: /usr/lib/x86_64-linux-gnu/libflann_cpp.so  
[3.761s] -- FLANN found (include: /usr/include, lib: /usr/lib/x86_64-linux-gnu/libflann_cpp.so)
[4.893s] -- Checking for module 'libusb-1.0'
[4.922s] --   Found libusb-1.0, version 1.0.25
[4.994s] -- Found libusb: /usr/lib/x86_64-linux-gnu/libusb-1.0.so  
[4.995s] -- OpenNI found (version: 1.5.4.0, include: /usr/include/ni, lib: /usr/lib/libOpenNI.so;libusb::libusb)
[5.108s] -- OpenNI2 found (version: 2.2.0.33, include: /usr/include/openni2, lib: /usr/lib/x86_64-linux-gnu/libOpenNI2.so;libusb::libusb)
[5.291s] -- Eigen found (include: /usr/include/eigen3, version: 3.4.0)
[5.298s] -- OpenNI found (version: 1.5.4.0, include: /usr/include/ni, lib: /usr/lib/libOpenNI.so;libusb::libusb)
[5.305s] -- OpenNI2 found (version: 2.2.0.33, include: /usr/include/openni2, lib: /usr/lib/x86_64-linux-gnu/libOpenNI2.so;libusb::libusb)
[5.456s] -- Found Qhull version 8.0.2
[5.600s] -- OpenNI found (version: 1.5.4.0, include: /usr/include/ni, lib: /usr/lib/libOpenNI.so;libusb::libusb)
[5.745s] -- Found PCL_COMMON: /usr/lib/x86_64-linux-gnu/libpcl_common.so  
[5.746s] -- Found PCL_KDTREE: /usr/lib/x86_64-linux-gnu/libpcl_kdtree.so  
[5.748s] -- Found PCL_OCTREE: /usr/lib/x86_64-linux-gnu/libpcl_octree.so  
[5.749s] -- Found PCL_SEARCH: /usr/lib/x86_64-linux-gnu/libpcl_search.so  
[5.750s] -- Found PCL_SAMPLE_CONSENSUS: /usr/lib/x86_64-linux-gnu/libpcl_sample_consensus.so  
[5.751s] -- Found PCL_FILTERS: /usr/lib/x86_64-linux-gnu/libpcl_filters.so  
[5.751s] -- Found PCL_2D: /usr/include/pcl-1.12  
[5.751s] -- Found PCL_GEOMETRY: /usr/include/pcl-1.12  
[5.752s] -- Found PCL_IO: /usr/lib/x86_64-linux-gnu/libpcl_io.so  
[5.753s] -- Found PCL_FEATURES: /usr/lib/x86_64-linux-gnu/libpcl_features.so  
[5.754s] -- Found PCL_ML: /usr/lib/x86_64-linux-gnu/libpcl_ml.so  
[5.755s] -- Found PCL_SEGMENTATION: /usr/lib/x86_64-linux-gnu/libpcl_segmentation.so  
[5.756s] -- Found PCL_VISUALIZATION: /usr/lib/x86_64-linux-gnu/libpcl_visualization.so  
[5.757s] -- Found PCL_SURFACE: /usr/lib/x86_64-linux-gnu/libpcl_surface.so  
[5.758s] -- Found PCL_REGISTRATION: /usr/lib/x86_64-linux-gnu/libpcl_registration.so  
[5.759s] -- Found PCL_KEYPOINTS: /usr/lib/x86_64-linux-gnu/libpcl_keypoints.so  
[5.760s] -- Found PCL_TRACKING: /usr/lib/x86_64-linux-gnu/libpcl_tracking.so  
[5.760s] -- Found PCL_RECOGNITION: /usr/lib/x86_64-linux-gnu/libpcl_recognition.so  
[5.761s] -- Found PCL_STEREO: /usr/lib/x86_64-linux-gnu/libpcl_stereo.so  
[5.762s] -- Found PCL_APPS: /usr/lib/x86_64-linux-gnu/libpcl_apps.so  
[5.763s] -- Found PCL_IN_HAND_SCANNER: /usr/include/pcl-1.12  
[5.763s] -- Found PCL_MODELER: /usr/include/pcl-1.12  
[5.764s] -- Found PCL_POINT_CLOUD_EDITOR: /usr/include/pcl-1.12  
[5.765s] -- Found PCL_OUTOFCORE: /usr/lib/x86_64-linux-gnu/libpcl_outofcore.so  
[5.765s] -- Found PCL_PEOPLE: /usr/lib/x86_64-linux-gnu/libpcl_people.so  
[7.338s] -- Found ament_lint_auto: 0.12.10 (/opt/ros/humble/share/ament_lint_auto/cmake)
[7.374s] -- Found Boost: /usr/lib/x86_64-linux-gnu/cmake/Boost-1.74.0/BoostConfig.cmake (found version "1.74.0")  
[8.880s] -- Found gtest sources under '/opt/ros/humble/src/gtest_vendor': C++ tests using 'Google Test' will be built
[8.890s] -- Added test 'copyright' to check source files copyright and LICENSE
[8.896s] -- Added test 'cppcheck' to perform static code analysis on C / C++ code
[8.897s] -- Configured cppcheck include dirs: /home/zyme/ros_ws/Autoware_sim_test/src/autoware/src/universe/autoware.universe/common/motion_utils/include
[8.897s] -- Configured cppcheck exclude dirs and/or files: 
[8.898s] -- Added test 'lint_cmake' to check CMake code style
[8.899s] -- Added test 'xmllint' to check XML markup files
[8.904s] -- Configuring done
[9.077s] -- Generating done
[9.079s] -- Build files have been written to: /home/zyme/ros_ws/Autoware_sim_test/build/motion_utils
[9.095s] Invoked command in '/home/zyme/ros_ws/Autoware_sim_test/build/motion_utils' returned '0': AMENT_PREFIX_PATH=/home/zyme/ros_ws/Autoware_sim_test/install/interpolation:/home/zyme/ros_ws/Autoware_sim_test/install/tier4_autoware_utils:/home/zyme/ros_ws/Autoware_sim_test/install/autoware_auto_vehicle_msgs:/home/zyme/ros_ws/Autoware_sim_test/install/autoware_cmake:/home/zyme/ros_ws/Autoware_sim_test/install/autoware_auto_planning_msgs:/home/zyme/ros_ws/Autoware_sim_test/install/autoware_auto_perception_msgs:/home/zyme/ros_ws/Autoware_sim_test/install/tier4_debug_msgs:/home/zyme/ros_ws/Autoware_sim_test/install/autoware_lint_common:/home/zyme/ros_ws/Autoware_sim_test/install/autoware_auto_mapping_msgs:/home/zyme/ros_ws/Autoware_sim_test/install/autoware_auto_geometry_msgs:${AMENT_PREFIX_PATH} CMAKE_PREFIX_PATH=/home/zyme/ros_ws/Autoware_sim_test/install/interpolation:/home/zyme/ros_ws/Autoware_sim_test/install/tier4_autoware_utils:/home/zyme/ros_ws/Autoware_sim_test/install/autoware_auto_vehicle_msgs:/home/zyme/ros_ws/Autoware_sim_test/install/autoware_cmake:/home/zyme/ros_ws/Autoware_sim_test/install/autoware_auto_planning_msgs:/home/zyme/ros_ws/Autoware_sim_test/install/autoware_auto_perception_msgs:/home/zyme/ros_ws/Autoware_sim_test/install/tier4_debug_msgs:/home/zyme/ros_ws/Autoware_sim_test/install/autoware_lint_common:/home/zyme/ros_ws/Autoware_sim_test/install/autoware_auto_mapping_msgs:/home/zyme/ros_ws/Autoware_sim_test/install/autoware_auto_geometry_msgs:/opt/ros/humble LD_LIBRARY_PATH=/home/zyme/ros_ws/Autoware_sim_test/install/interpolation/lib:/home/zyme/ros_ws/Autoware_sim_test/install/tier4_autoware_utils/lib:/home/zyme/ros_ws/Autoware_sim_test/install/autoware_auto_vehicle_msgs/lib:/home/zyme/ros_ws/Autoware_sim_test/install/autoware_auto_planning_msgs/lib:/home/zyme/ros_ws/Autoware_sim_test/install/autoware_auto_perception_msgs/lib:/home/zyme/ros_ws/Autoware_sim_test/install/tier4_debug_msgs/lib:/home/zyme/ros_ws/Autoware_sim_test/install/autoware_auto_mapping_msgs/lib:/home/zyme/ros_ws/Autoware_sim_test/install/autoware_auto_geometry_msgs/lib:${LD_LIBRARY_PATH} PYTHONPATH=/home/zyme/ros_ws/Autoware_sim_test/install/autoware_auto_vehicle_msgs/local/lib/python3.10/dist-packages:/home/zyme/ros_ws/Autoware_sim_test/install/autoware_auto_planning_msgs/local/lib/python3.10/dist-packages:/home/zyme/ros_ws/Autoware_sim_test/install/autoware_auto_perception_msgs/local/lib/python3.10/dist-packages:/home/zyme/ros_ws/Autoware_sim_test/install/tier4_debug_msgs/local/lib/python3.10/dist-packages:/home/zyme/ros_ws/Autoware_sim_test/install/autoware_auto_mapping_msgs/local/lib/python3.10/dist-packages:/home/zyme/ros_ws/Autoware_sim_test/install/autoware_auto_geometry_msgs/local/lib/python3.10/dist-packages:${PYTHONPATH} /usr/bin/cmake /home/zyme/ros_ws/Autoware_sim_test/src/autoware/src/universe/autoware.universe/common/motion_utils -DCMAKE_BUILD_TYPE=Release -DCMAKE_CXX_FLAGS=-w -DAMENT_CMAKE_SYMLINK_INSTALL=1 -DCMAKE_INSTALL_PREFIX=/home/zyme/ros_ws/Autoware_sim_test/install/motion_utils
[9.097s] Invoking command in '/home/zyme/ros_ws/Autoware_sim_test/build/motion_utils': AMENT_PREFIX_PATH=/home/zyme/ros_ws/Autoware_sim_test/install/interpolation:/home/zyme/ros_ws/Autoware_sim_test/install/tier4_autoware_utils:/home/zyme/ros_ws/Autoware_sim_test/install/autoware_auto_vehicle_msgs:/home/zyme/ros_ws/Autoware_sim_test/install/autoware_cmake:/home/zyme/ros_ws/Autoware_sim_test/install/autoware_auto_planning_msgs:/home/zyme/ros_ws/Autoware_sim_test/install/autoware_auto_perception_msgs:/home/zyme/ros_ws/Autoware_sim_test/install/tier4_debug_msgs:/home/zyme/ros_ws/Autoware_sim_test/install/autoware_lint_common:/home/zyme/ros_ws/Autoware_sim_test/install/autoware_auto_mapping_msgs:/home/zyme/ros_ws/Autoware_sim_test/install/autoware_auto_geometry_msgs:${AMENT_PREFIX_PATH} CMAKE_PREFIX_PATH=/home/zyme/ros_ws/Autoware_sim_test/install/interpolation:/home/zyme/ros_ws/Autoware_sim_test/install/tier4_autoware_utils:/home/zyme/ros_ws/Autoware_sim_test/install/autoware_auto_vehicle_msgs:/home/zyme/ros_ws/Autoware_sim_test/install/autoware_cmake:/home/zyme/ros_ws/Autoware_sim_test/install/autoware_auto_planning_msgs:/home/zyme/ros_ws/Autoware_sim_test/install/autoware_auto_perception_msgs:/home/zyme/ros_ws/Autoware_sim_test/install/tier4_debug_msgs:/home/zyme/ros_ws/Autoware_sim_test/install/autoware_lint_common:/home/zyme/ros_ws/Autoware_sim_test/install/autoware_auto_mapping_msgs:/home/zyme/ros_ws/Autoware_sim_test/install/autoware_auto_geometry_msgs:/opt/ros/humble LD_LIBRARY_PATH=/home/zyme/ros_ws/Autoware_sim_test/install/interpolation/lib:/home/zyme/ros_ws/Autoware_sim_test/install/tier4_autoware_utils/lib:/home/zyme/ros_ws/Autoware_sim_test/install/autoware_auto_vehicle_msgs/lib:/home/zyme/ros_ws/Autoware_sim_test/install/autoware_auto_planning_msgs/lib:/home/zyme/ros_ws/Autoware_sim_test/install/autoware_auto_perception_msgs/lib:/home/zyme/ros_ws/Autoware_sim_test/install/tier4_debug_msgs/lib:/home/zyme/ros_ws/Autoware_sim_test/install/autoware_auto_mapping_msgs/lib:/home/zyme/ros_ws/Autoware_sim_test/install/autoware_auto_geometry_msgs/lib:${LD_LIBRARY_PATH} PYTHONPATH=/home/zyme/ros_ws/Autoware_sim_test/install/autoware_auto_vehicle_msgs/local/lib/python3.10/dist-packages:/home/zyme/ros_ws/Autoware_sim_test/install/autoware_auto_planning_msgs/local/lib/python3.10/dist-packages:/home/zyme/ros_ws/Autoware_sim_test/install/autoware_auto_perception_msgs/local/lib/python3.10/dist-packages:/home/zyme/ros_ws/Autoware_sim_test/install/tier4_debug_msgs/local/lib/python3.10/dist-packages:/home/zyme/ros_ws/Autoware_sim_test/install/autoware_auto_mapping_msgs/local/lib/python3.10/dist-packages:/home/zyme/ros_ws/Autoware_sim_test/install/autoware_auto_geometry_msgs/local/lib/python3.10/dist-packages:${PYTHONPATH} /usr/bin/cmake --build /home/zyme/ros_ws/Autoware_sim_test/build/motion_utils -- -j12 -l12
[9.163s] [  4%] [32mBuilding CXX object CMakeFiles/motion_utils.dir/src/trajectory/trajectory.cpp.o[0m
[9.163s] [ 12%] [32mBuilding CXX object gtest/CMakeFiles/gtest.dir/src/gtest-all.cc.o[0m
[9.164s] [ 12%] [32mBuilding CXX object gtest/CMakeFiles/gtest_main.dir/src/gtest_main.cc.o[0m
[9.164s] [ 16%] [32mBuilding CXX object CMakeFiles/motion_utils.dir/src/distance/distance.cpp.o[0m
[9.165s] [ 20%] [32mBuilding CXX object CMakeFiles/motion_utils.dir/src/marker/marker_helper.cpp.o[0m
[9.165s] [ 25%] [32mBuilding CXX object CMakeFiles/motion_utils.dir/src/marker/virtual_wall_marker_creator.cpp.o[0m
[9.166s] [ 29%] [32mBuilding CXX object CMakeFiles/motion_utils.dir/src/resample/resample.cpp.o[0m
[9.167s] [ 37%] [32mBuilding CXX object CMakeFiles/motion_utils.dir/src/trajectory/interpolation.cpp.o[0m
[9.168s] [ 37%] [32mBuilding CXX object CMakeFiles/motion_utils.dir/src/trajectory/path_with_lane_id.cpp.o[0m
[9.168s] [ 41%] [32mBuilding CXX object CMakeFiles/motion_utils.dir/src/trajectory/tmp_conversion.cpp.o[0m
[9.169s] [ 45%] [32mBuilding CXX object CMakeFiles/motion_utils.dir/src/vehicle/vehicle_state_checker.cpp.o[0m
[10.837s] [ 50%] [32m[1mLinking CXX static library libgtest_main.a[0m
[10.883s] [ 50%] Built target gtest_main
[18.946s] [ 54%] [32m[1mLinking CXX static library libgtest.a[0m
[18.988s] [ 54%] Built target gtest
[27.743s] [ 58%] [32m[1mLinking CXX shared library libmotion_utils.so[0m
[28.226s] [ 58%] Built target motion_utils
[28.257s] [ 62%] [32mBuilding CXX object CMakeFiles/test_motion_utils.dir/test/src/test_motion_utils.cpp.o[0m
[28.257s] [ 66%] [32mBuilding CXX object CMakeFiles/test_motion_utils.dir/test/src/trajectory/test_path_with_lane_id.cpp.o[0m
[28.257s] [ 70%] [32mBuilding CXX object CMakeFiles/test_motion_utils.dir/test/src/vehicle/test_vehicle_state_checker.cpp.o[0m
[28.257s] [ 75%] [32mBuilding CXX object CMakeFiles/test_motion_utils.dir/test/src/distance/test_distance.cpp.o[0m
[28.257s] [ 83%] [32mBuilding CXX object CMakeFiles/test_motion_utils.dir/test/src/marker/test_virtual_wall_marker_creator.cpp.o[0m
[28.258s] [ 83%] [32mBuilding CXX object CMakeFiles/test_motion_utils.dir/test/src/resample/test_resample.cpp.o[0m
[28.258s] [ 87%] [32mBuilding CXX object CMakeFiles/test_motion_utils.dir/test/src/trajectory/benchmark_calcLateralOffset.cpp.o[0m
[28.258s] [ 91%] [32mBuilding CXX object CMakeFiles/test_motion_utils.dir/test/src/trajectory/test_interpolation.cpp.o[0m
[28.259s] [ 95%] [32mBuilding CXX object CMakeFiles/test_motion_utils.dir/test/src/trajectory/test_trajectory.cpp.o[0m
[57.603s] [100%] [32m[1mLinking CXX executable test_motion_utils[0m
[63.767s] [100%] Built target test_motion_utils
[63.778s] Invoked command in '/home/zyme/ros_ws/Autoware_sim_test/build/motion_utils' returned '0': AMENT_PREFIX_PATH=/home/zyme/ros_ws/Autoware_sim_test/install/interpolation:/home/zyme/ros_ws/Autoware_sim_test/install/tier4_autoware_utils:/home/zyme/ros_ws/Autoware_sim_test/install/autoware_auto_vehicle_msgs:/home/zyme/ros_ws/Autoware_sim_test/install/autoware_cmake:/home/zyme/ros_ws/Autoware_sim_test/install/autoware_auto_planning_msgs:/home/zyme/ros_ws/Autoware_sim_test/install/autoware_auto_perception_msgs:/home/zyme/ros_ws/Autoware_sim_test/install/tier4_debug_msgs:/home/zyme/ros_ws/Autoware_sim_test/install/autoware_lint_common:/home/zyme/ros_ws/Autoware_sim_test/install/autoware_auto_mapping_msgs:/home/zyme/ros_ws/Autoware_sim_test/install/autoware_auto_geometry_msgs:${AMENT_PREFIX_PATH} CMAKE_PREFIX_PATH=/home/zyme/ros_ws/Autoware_sim_test/install/interpolation:/home/zyme/ros_ws/Autoware_sim_test/install/tier4_autoware_utils:/home/zyme/ros_ws/Autoware_sim_test/install/autoware_auto_vehicle_msgs:/home/zyme/ros_ws/Autoware_sim_test/install/autoware_cmake:/home/zyme/ros_ws/Autoware_sim_test/install/autoware_auto_planning_msgs:/home/zyme/ros_ws/Autoware_sim_test/install/autoware_auto_perception_msgs:/home/zyme/ros_ws/Autoware_sim_test/install/tier4_debug_msgs:/home/zyme/ros_ws/Autoware_sim_test/install/autoware_lint_common:/home/zyme/ros_ws/Autoware_sim_test/install/autoware_auto_mapping_msgs:/home/zyme/ros_ws/Autoware_sim_test/install/autoware_auto_geometry_msgs:/opt/ros/humble LD_LIBRARY_PATH=/home/zyme/ros_ws/Autoware_sim_test/install/interpolation/lib:/home/zyme/ros_ws/Autoware_sim_test/install/tier4_autoware_utils/lib:/home/zyme/ros_ws/Autoware_sim_test/install/autoware_auto_vehicle_msgs/lib:/home/zyme/ros_ws/Autoware_sim_test/install/autoware_auto_planning_msgs/lib:/home/zyme/ros_ws/Autoware_sim_test/install/autoware_auto_perception_msgs/lib:/home/zyme/ros_ws/Autoware_sim_test/install/tier4_debug_msgs/lib:/home/zyme/ros_ws/Autoware_sim_test/install/autoware_auto_mapping_msgs/lib:/home/zyme/ros_ws/Autoware_sim_test/install/autoware_auto_geometry_msgs/lib:${LD_LIBRARY_PATH} PYTHONPATH=/home/zyme/ros_ws/Autoware_sim_test/install/autoware_auto_vehicle_msgs/local/lib/python3.10/dist-packages:/home/zyme/ros_ws/Autoware_sim_test/install/autoware_auto_planning_msgs/local/lib/python3.10/dist-packages:/home/zyme/ros_ws/Autoware_sim_test/install/autoware_auto_perception_msgs/local/lib/python3.10/dist-packages:/home/zyme/ros_ws/Autoware_sim_test/install/tier4_debug_msgs/local/lib/python3.10/dist-packages:/home/zyme/ros_ws/Autoware_sim_test/install/autoware_auto_mapping_msgs/local/lib/python3.10/dist-packages:/home/zyme/ros_ws/Autoware_sim_test/install/autoware_auto_geometry_msgs/local/lib/python3.10/dist-packages:${PYTHONPATH} /usr/bin/cmake --build /home/zyme/ros_ws/Autoware_sim_test/build/motion_utils -- -j12 -l12
[63.846s] Invoking command in '/home/zyme/ros_ws/Autoware_sim_test/build/motion_utils': AMENT_PREFIX_PATH=/home/zyme/ros_ws/Autoware_sim_test/install/interpolation:/home/zyme/ros_ws/Autoware_sim_test/install/tier4_autoware_utils:/home/zyme/ros_ws/Autoware_sim_test/install/autoware_auto_vehicle_msgs:/home/zyme/ros_ws/Autoware_sim_test/install/autoware_cmake:/home/zyme/ros_ws/Autoware_sim_test/install/autoware_auto_planning_msgs:/home/zyme/ros_ws/Autoware_sim_test/install/autoware_auto_perception_msgs:/home/zyme/ros_ws/Autoware_sim_test/install/tier4_debug_msgs:/home/zyme/ros_ws/Autoware_sim_test/install/autoware_lint_common:/home/zyme/ros_ws/Autoware_sim_test/install/autoware_auto_mapping_msgs:/home/zyme/ros_ws/Autoware_sim_test/install/autoware_auto_geometry_msgs:${AMENT_PREFIX_PATH} CMAKE_PREFIX_PATH=/home/zyme/ros_ws/Autoware_sim_test/install/interpolation:/home/zyme/ros_ws/Autoware_sim_test/install/tier4_autoware_utils:/home/zyme/ros_ws/Autoware_sim_test/install/autoware_auto_vehicle_msgs:/home/zyme/ros_ws/Autoware_sim_test/install/autoware_cmake:/home/zyme/ros_ws/Autoware_sim_test/install/autoware_auto_planning_msgs:/home/zyme/ros_ws/Autoware_sim_test/install/autoware_auto_perception_msgs:/home/zyme/ros_ws/Autoware_sim_test/install/tier4_debug_msgs:/home/zyme/ros_ws/Autoware_sim_test/install/autoware_lint_common:/home/zyme/ros_ws/Autoware_sim_test/install/autoware_auto_mapping_msgs:/home/zyme/ros_ws/Autoware_sim_test/install/autoware_auto_geometry_msgs:/opt/ros/humble LD_LIBRARY_PATH=/home/zyme/ros_ws/Autoware_sim_test/install/interpolation/lib:/home/zyme/ros_ws/Autoware_sim_test/install/tier4_autoware_utils/lib:/home/zyme/ros_ws/Autoware_sim_test/install/autoware_auto_vehicle_msgs/lib:/home/zyme/ros_ws/Autoware_sim_test/install/autoware_auto_planning_msgs/lib:/home/zyme/ros_ws/Autoware_sim_test/install/autoware_auto_perception_msgs/lib:/home/zyme/ros_ws/Autoware_sim_test/install/tier4_debug_msgs/lib:/home/zyme/ros_ws/Autoware_sim_test/install/autoware_auto_mapping_msgs/lib:/home/zyme/ros_ws/Autoware_sim_test/install/autoware_auto_geometry_msgs/lib:${LD_LIBRARY_PATH} PYTHONPATH=/home/zyme/ros_ws/Autoware_sim_test/install/autoware_auto_vehicle_msgs/local/lib/python3.10/dist-packages:/home/zyme/ros_ws/Autoware_sim_test/install/autoware_auto_planning_msgs/local/lib/python3.10/dist-packages:/home/zyme/ros_ws/Autoware_sim_test/install/autoware_auto_perception_msgs/local/lib/python3.10/dist-packages:/home/zyme/ros_ws/Autoware_sim_test/install/tier4_debug_msgs/local/lib/python3.10/dist-packages:/home/zyme/ros_ws/Autoware_sim_test/install/autoware_auto_mapping_msgs/local/lib/python3.10/dist-packages:/home/zyme/ros_ws/Autoware_sim_test/install/autoware_auto_geometry_msgs/local/lib/python3.10/dist-packages:${PYTHONPATH} /usr/bin/cmake --install /home/zyme/ros_ws/Autoware_sim_test/build/motion_utils
[63.853s] -- Install configuration: "Release"
[63.853s] -- Execute custom install script
[63.854s] -- Symlinking: /home/zyme/ros_ws/Autoware_sim_test/install/motion_utils/include/motion_utils/constants.hpp
[63.863s] -- Symlinking: /home/zyme/ros_ws/Autoware_sim_test/install/motion_utils/include/motion_utils/distance/distance.hpp
[63.873s] -- Symlinking: /home/zyme/ros_ws/Autoware_sim_test/install/motion_utils/include/motion_utils/marker/marker_helper.hpp
[63.884s] -- Symlinking: /home/zyme/ros_ws/Autoware_sim_test/install/motion_utils/include/motion_utils/marker/virtual_wall_marker_creator.hpp
[63.896s] -- Symlinking: /home/zyme/ros_ws/Autoware_sim_test/install/motion_utils/include/motion_utils/resample/resample.hpp
[63.908s] -- Symlinking: /home/zyme/ros_ws/Autoware_sim_test/install/motion_utils/include/motion_utils/resample/resample_utils.hpp
[63.920s] -- Symlinking: /home/zyme/ros_ws/Autoware_sim_test/install/motion_utils/include/motion_utils/trajectory/interpolation.hpp
[63.932s] -- Symlinking: /home/zyme/ros_ws/Autoware_sim_test/install/motion_utils/include/motion_utils/trajectory/path_with_lane_id.hpp
[63.943s] -- Symlinking: /home/zyme/ros_ws/Autoware_sim_test/install/motion_utils/include/motion_utils/trajectory/tmp_conversion.hpp
[63.955s] -- Symlinking: /home/zyme/ros_ws/Autoware_sim_test/install/motion_utils/include/motion_utils/trajectory/trajectory.hpp
[63.967s] -- Symlinking: /home/zyme/ros_ws/Autoware_sim_test/install/motion_utils/include/motion_utils/vehicle/vehicle_state_checker.hpp
[63.979s] -- Symlinking: /home/zyme/ros_ws/Autoware_sim_test/install/motion_utils/share/motion_utils/environment/library_path.sh
[63.991s] -- Symlinking: /home/zyme/ros_ws/Autoware_sim_test/install/motion_utils/share/motion_utils/environment/library_path.dsv
[64.004s] -- Symlinking: /home/zyme/ros_ws/Autoware_sim_test/install/motion_utils/lib/libmotion_utils.so
[64.016s] -- Symlinking: /home/zyme/ros_ws/Autoware_sim_test/install/motion_utils/share/ament_index/resource_index/package_run_dependencies/motion_utils
[64.028s] -- Symlinking: /home/zyme/ros_ws/Autoware_sim_test/install/motion_utils/share/ament_index/resource_index/parent_prefix_path/motion_utils
[64.038s] -- Symlinking: /home/zyme/ros_ws/Autoware_sim_test/install/motion_utils/share/motion_utils/environment/ament_prefix_path.sh
[64.049s] -- Symlinking: /home/zyme/ros_ws/Autoware_sim_test/install/motion_utils/share/motion_utils/environment/ament_prefix_path.dsv
[64.059s] -- Symlinking: /home/zyme/ros_ws/Autoware_sim_test/install/motion_utils/share/motion_utils/environment/path.sh
[64.069s] -- Symlinking: /home/zyme/ros_ws/Autoware_sim_test/install/motion_utils/share/motion_utils/environment/path.dsv
[64.077s] -- Symlinking: /home/zyme/ros_ws/Autoware_sim_test/install/motion_utils/share/motion_utils/local_setup.bash
[64.086s] -- Symlinking: /home/zyme/ros_ws/Autoware_sim_test/install/motion_utils/share/motion_utils/local_setup.sh
[64.095s] -- Symlinking: /home/zyme/ros_ws/Autoware_sim_test/install/motion_utils/share/motion_utils/local_setup.zsh
[64.103s] -- Symlinking: /home/zyme/ros_ws/Autoware_sim_test/install/motion_utils/share/motion_utils/local_setup.dsv
[64.112s] -- Symlinking: /home/zyme/ros_ws/Autoware_sim_test/install/motion_utils/share/motion_utils/package.dsv
[64.121s] -- Symlinking: /home/zyme/ros_ws/Autoware_sim_test/install/motion_utils/share/ament_index/resource_index/packages/motion_utils
[64.130s] -- Symlinking: /home/zyme/ros_ws/Autoware_sim_test/install/motion_utils/share/motion_utils/cmake/ament_cmake_export_dependencies-extras.cmake
[64.138s] -- Symlinking: /home/zyme/ros_ws/Autoware_sim_test/install/motion_utils/share/motion_utils/cmake/ament_cmake_export_include_directories-extras.cmake
[64.147s] -- Symlinking: /home/zyme/ros_ws/Autoware_sim_test/install/motion_utils/share/motion_utils/cmake/ament_cmake_export_libraries-extras.cmake
[64.155s] -- Symlinking: /home/zyme/ros_ws/Autoware_sim_test/install/motion_utils/share/motion_utils/cmake/motion_utilsConfig.cmake
[64.164s] -- Symlinking: /home/zyme/ros_ws/Autoware_sim_test/install/motion_utils/share/motion_utils/cmake/motion_utilsConfig-version.cmake
[64.173s] -- Symlinking: /home/zyme/ros_ws/Autoware_sim_test/install/motion_utils/share/motion_utils/package.xml
[64.183s] Invoked command in '/home/zyme/ros_ws/Autoware_sim_test/build/motion_utils' returned '0': AMENT_PREFIX_PATH=/home/zyme/ros_ws/Autoware_sim_test/install/interpolation:/home/zyme/ros_ws/Autoware_sim_test/install/tier4_autoware_utils:/home/zyme/ros_ws/Autoware_sim_test/install/autoware_auto_vehicle_msgs:/home/zyme/ros_ws/Autoware_sim_test/install/autoware_cmake:/home/zyme/ros_ws/Autoware_sim_test/install/autoware_auto_planning_msgs:/home/zyme/ros_ws/Autoware_sim_test/install/autoware_auto_perception_msgs:/home/zyme/ros_ws/Autoware_sim_test/install/tier4_debug_msgs:/home/zyme/ros_ws/Autoware_sim_test/install/autoware_lint_common:/home/zyme/ros_ws/Autoware_sim_test/install/autoware_auto_mapping_msgs:/home/zyme/ros_ws/Autoware_sim_test/install/autoware_auto_geometry_msgs:${AMENT_PREFIX_PATH} CMAKE_PREFIX_PATH=/home/zyme/ros_ws/Autoware_sim_test/install/interpolation:/home/zyme/ros_ws/Autoware_sim_test/install/tier4_autoware_utils:/home/zyme/ros_ws/Autoware_sim_test/install/autoware_auto_vehicle_msgs:/home/zyme/ros_ws/Autoware_sim_test/install/autoware_cmake:/home/zyme/ros_ws/Autoware_sim_test/install/autoware_auto_planning_msgs:/home/zyme/ros_ws/Autoware_sim_test/install/autoware_auto_perception_msgs:/home/zyme/ros_ws/Autoware_sim_test/install/tier4_debug_msgs:/home/zyme/ros_ws/Autoware_sim_test/install/autoware_lint_common:/home/zyme/ros_ws/Autoware_sim_test/install/autoware_auto_mapping_msgs:/home/zyme/ros_ws/Autoware_sim_test/install/autoware_auto_geometry_msgs:/opt/ros/humble LD_LIBRARY_PATH=/home/zyme/ros_ws/Autoware_sim_test/install/interpolation/lib:/home/zyme/ros_ws/Autoware_sim_test/install/tier4_autoware_utils/lib:/home/zyme/ros_ws/Autoware_sim_test/install/autoware_auto_vehicle_msgs/lib:/home/zyme/ros_ws/Autoware_sim_test/install/autoware_auto_planning_msgs/lib:/home/zyme/ros_ws/Autoware_sim_test/install/autoware_auto_perception_msgs/lib:/home/zyme/ros_ws/Autoware_sim_test/install/tier4_debug_msgs/lib:/home/zyme/ros_ws/Autoware_sim_test/install/autoware_auto_mapping_msgs/lib:/home/zyme/ros_ws/Autoware_sim_test/install/autoware_auto_geometry_msgs/lib:${LD_LIBRARY_PATH} PYTHONPATH=/home/zyme/ros_ws/Autoware_sim_test/install/autoware_auto_vehicle_msgs/local/lib/python3.10/dist-packages:/home/zyme/ros_ws/Autoware_sim_test/install/autoware_auto_planning_msgs/local/lib/python3.10/dist-packages:/home/zyme/ros_ws/Autoware_sim_test/install/autoware_auto_perception_msgs/local/lib/python3.10/dist-packages:/home/zyme/ros_ws/Autoware_sim_test/install/tier4_debug_msgs/local/lib/python3.10/dist-packages:/home/zyme/ros_ws/Autoware_sim_test/install/autoware_auto_mapping_msgs/local/lib/python3.10/dist-packages:/home/zyme/ros_ws/Autoware_sim_test/install/autoware_auto_geometry_msgs/local/lib/python3.10/dist-packages:${PYTHONPATH} /usr/bin/cmake --install /home/zyme/ros_ws/Autoware_sim_test/build/motion_utils
