[0.060s] Invoking command in '/home/zyme/ros_ws/Autoware_sim_test/build/autoware_auto_mapping_msgs': CMAKE_PREFIX_PATH=/opt/ros/humble /usr/bin/cmake /home/zyme/ros_ws/Autoware_sim_test/src/autoware/src/core/external/autoware_auto_msgs/autoware_auto_mapping_msgs -DCMAKE_BUILD_TYPE=Release -DCMAKE_CXX_FLAGS=-w -DAMENT_CMAKE_SYMLINK_INSTALL=1 -DCMAKE_INSTALL_PREFIX=/home/zyme/ros_ws/Autoware_sim_test/install/autoware_auto_mapping_msgs
[0.070s] -- Found ament_cmake_auto: 1.3.8 (/opt/ros/humble/share/ament_cmake_auto/cmake)
[0.172s] -- Override CMake install command with custom implementation using symlinks instead of copying resources
[0.233s] -- Using all available rosidl_typesupport_c: rosidl_typesupport_fastrtps_c;rosidl_typesupport_introspection_c
[0.235s] -- Found rosidl_adapter: 3.1.5 (/opt/ros/humble/share/rosidl_adapter/cmake)
[0.264s] -- Using all available rosidl_typesupport_cpp: rosidl_typesupport_fastrtps_cpp;rosidl_typesupport_introspection_cpp
[0.418s] -- Found ament_cmake_cppcheck: 0.12.10 (/opt/ros/humble/share/ament_cmake_cppcheck/cmake)
[0.418s] -- Found ament_cmake_cpplint: 0.12.10 (/opt/ros/humble/share/ament_cmake_cpplint/cmake)
[0.419s] -- Found ament_cmake_uncrustify: 0.12.10 (/opt/ros/humble/share/ament_cmake_uncrustify/cmake)
[0.420s] -- Found ament_cmake_ros: 0.10.0 (/opt/ros/humble/share/ament_cmake_ros/cmake)
[0.613s] -- Using all available rosidl_typesupport_c: rosidl_typesupport_fastrtps_c;rosidl_typesupport_introspection_c
[0.875s] -- Using all available rosidl_typesupport_cpp: rosidl_typesupport_fastrtps_cpp;rosidl_typesupport_introspection_cpp
[0.896s] -- Found python_cmake_module: 0.10.0 (/opt/ros/humble/share/python_cmake_module/cmake)
[0.916s] -- Using PYTHON_EXECUTABLE: /usr/bin/python3
[0.916s] -- Using PYTHON_INCLUDE_DIRS: /usr/include/python3.10
[0.916s] -- Using PYTHON_LIBRARIES: /usr/lib/x86_64-linux-gnu/libpython3.10.so
[0.942s] -- Found ament_cmake_flake8: 0.12.10 (/opt/ros/humble/share/ament_cmake_flake8/cmake)
[0.943s] -- Found ament_cmake_pep257: 0.12.10 (/opt/ros/humble/share/ament_cmake_pep257/cmake)
[0.944s] -- Found ament_lint_auto: 0.12.10 (/opt/ros/humble/share/ament_lint_auto/cmake)
[0.954s] -- Added test 'copyright' to check source files copyright and LICENSE
[0.955s] -- Added test 'lint_cmake' to check CMake code style
[0.955s] -- Added test 'xmllint' to check XML markup files
[0.957s] -- Configuring done
[0.995s] -- Generating done
[0.998s] -- Build files have been written to: /home/zyme/ros_ws/Autoware_sim_test/build/autoware_auto_mapping_msgs
[1.004s] Invoked command in '/home/zyme/ros_ws/Autoware_sim_test/build/autoware_auto_mapping_msgs' returned '0': CMAKE_PREFIX_PATH=/opt/ros/humble /usr/bin/cmake /home/zyme/ros_ws/Autoware_sim_test/src/autoware/src/core/external/autoware_auto_msgs/autoware_auto_mapping_msgs -DCMAKE_BUILD_TYPE=Release -DCMAKE_CXX_FLAGS=-w -DAMENT_CMAKE_SYMLINK_INSTALL=1 -DCMAKE_INSTALL_PREFIX=/home/zyme/ros_ws/Autoware_sim_test/install/autoware_auto_mapping_msgs
[1.005s] Invoking command in '/home/zyme/ros_ws/Autoware_sim_test/build/autoware_auto_mapping_msgs': CMAKE_PREFIX_PATH=/opt/ros/humble /usr/bin/cmake --build /home/zyme/ros_ws/Autoware_sim_test/build/autoware_auto_mapping_msgs -- -j12 -l12
[1.041s] [35m[1mConsolidate compiler generated dependencies of target autoware_auto_mapping_msgs__rosidl_generator_c[0m
[1.053s] [  1%] Built target autoware_auto_mapping_msgs__cpp
[1.057s] [ 12%] Built target autoware_auto_mapping_msgs__rosidl_generator_c
[1.064s] [ 12%] Built target ament_cmake_python_symlink_autoware_auto_mapping_msgs
[1.067s] [35m[1mConsolidate compiler generated dependencies of target autoware_auto_mapping_msgs__rosidl_typesupport_cpp[0m
[1.067s] [35m[1mConsolidate compiler generated dependencies of target autoware_auto_mapping_msgs__rosidl_typesupport_fastrtps_cpp[0m
[1.067s] [35m[1mConsolidate compiler generated dependencies of target autoware_auto_mapping_msgs__rosidl_typesupport_introspection_cpp[0m
[1.075s] [35m[1mConsolidate compiler generated dependencies of target autoware_auto_mapping_msgs__rosidl_typesupport_c[0m
[1.075s] [35m[1mConsolidate compiler generated dependencies of target autoware_auto_mapping_msgs__rosidl_typesupport_introspection_c[0m
[1.075s] [35m[1mConsolidate compiler generated dependencies of target autoware_auto_mapping_msgs__rosidl_typesupport_fastrtps_c[0m
[1.092s] [ 38%] Built target autoware_auto_mapping_msgs__rosidl_typesupport_introspection_cpp
[1.092s] [ 38%] Built target autoware_auto_mapping_msgs__rosidl_typesupport_introspection_c
[1.092s] [ 45%] Built target autoware_auto_mapping_msgs__rosidl_typesupport_fastrtps_cpp
[1.094s] [ 58%] Built target autoware_auto_mapping_msgs__rosidl_typesupport_cpp
[1.094s] [ 67%] Built target autoware_auto_mapping_msgs__rosidl_typesupport_c
[1.096s] [ 78%] Built target autoware_auto_mapping_msgs__rosidl_typesupport_fastrtps_c
[1.115s] [ 78%] Built target autoware_auto_mapping_msgs
[1.134s] [ 80%] Built target autoware_auto_mapping_msgs__py
[1.144s] [35m[1mConsolidate compiler generated dependencies of target autoware_auto_mapping_msgs__rosidl_generator_py[0m
[1.159s] [ 89%] Built target autoware_auto_mapping_msgs__rosidl_generator_py
[1.169s] [35m[1mConsolidate compiler generated dependencies of target autoware_auto_mapping_msgs__rosidl_typesupport_fastrtps_c__pyext[0m
[1.169s] [35m[1mConsolidate compiler generated dependencies of target autoware_auto_mapping_msgs__rosidl_typesupport_c__pyext[0m
[1.169s] [35m[1mConsolidate compiler generated dependencies of target autoware_auto_mapping_msgs__rosidl_typesupport_introspection_c__pyext[0m
[1.182s] [ 96%] Built target autoware_auto_mapping_msgs__rosidl_typesupport_c__pyext
[1.183s] [ 96%] Built target autoware_auto_mapping_msgs__rosidl_typesupport_introspection_c__pyext
[1.183s] [100%] Built target autoware_auto_mapping_msgs__rosidl_typesupport_fastrtps_c__pyext
[1.333s] running egg_info
[1.334s] writing autoware_auto_mapping_msgs.egg-info/PKG-INFO
[1.334s] writing dependency_links to autoware_auto_mapping_msgs.egg-info/dependency_links.txt
[1.335s] writing top-level names to autoware_auto_mapping_msgs.egg-info/top_level.txt
[1.337s] reading manifest file 'autoware_auto_mapping_msgs.egg-info/SOURCES.txt'
[1.337s] writing manifest file 'autoware_auto_mapping_msgs.egg-info/SOURCES.txt'
[1.360s] [100%] Built target ament_cmake_python_build_autoware_auto_mapping_msgs_egg
[1.371s] Invoked command in '/home/zyme/ros_ws/Autoware_sim_test/build/autoware_auto_mapping_msgs' returned '0': CMAKE_PREFIX_PATH=/opt/ros/humble /usr/bin/cmake --build /home/zyme/ros_ws/Autoware_sim_test/build/autoware_auto_mapping_msgs -- -j12 -l12
[1.489s] Invoking command in '/home/zyme/ros_ws/Autoware_sim_test/build/autoware_auto_mapping_msgs': CMAKE_PREFIX_PATH=/opt/ros/humble /usr/bin/cmake --install /home/zyme/ros_ws/Autoware_sim_test/build/autoware_auto_mapping_msgs
[1.497s] -- Install configuration: "Release"
[1.498s] -- Execute custom install script
[1.498s] -- Up-to-date symlink: /home/zyme/ros_ws/Autoware_sim_test/install/autoware_auto_mapping_msgs/share/ament_index/resource_index/rosidl_interfaces/autoware_auto_mapping_msgs
[1.499s] -- Up-to-date symlink: /home/zyme/ros_ws/Autoware_sim_test/install/autoware_auto_mapping_msgs/include/autoware_auto_mapping_msgs/autoware_auto_mapping_msgs/msg/detail/had_map_bin__functions.h
[1.499s] -- Up-to-date symlink: /home/zyme/ros_ws/Autoware_sim_test/install/autoware_auto_mapping_msgs/include/autoware_auto_mapping_msgs/autoware_auto_mapping_msgs/msg/detail/had_map_bin__struct.h
[1.499s] -- Up-to-date symlink: /home/zyme/ros_ws/Autoware_sim_test/install/autoware_auto_mapping_msgs/include/autoware_auto_mapping_msgs/autoware_auto_mapping_msgs/msg/detail/had_map_bin__type_support.h
[1.499s] -- Up-to-date symlink: /home/zyme/ros_ws/Autoware_sim_test/install/autoware_auto_mapping_msgs/include/autoware_auto_mapping_msgs/autoware_auto_mapping_msgs/msg/detail/had_map_segment__functions.h
[1.500s] -- Up-to-date symlink: /home/zyme/ros_ws/Autoware_sim_test/install/autoware_auto_mapping_msgs/include/autoware_auto_mapping_msgs/autoware_auto_mapping_msgs/msg/detail/had_map_segment__struct.h
[1.500s] -- Up-to-date symlink: /home/zyme/ros_ws/Autoware_sim_test/install/autoware_auto_mapping_msgs/include/autoware_auto_mapping_msgs/autoware_auto_mapping_msgs/msg/detail/had_map_segment__type_support.h
[1.500s] -- Up-to-date symlink: /home/zyme/ros_ws/Autoware_sim_test/install/autoware_auto_mapping_msgs/include/autoware_auto_mapping_msgs/autoware_auto_mapping_msgs/msg/detail/map_primitive__functions.h
[1.500s] -- Up-to-date symlink: /home/zyme/ros_ws/Autoware_sim_test/install/autoware_auto_mapping_msgs/include/autoware_auto_mapping_msgs/autoware_auto_mapping_msgs/msg/detail/map_primitive__struct.h
[1.500s] -- Up-to-date symlink: /home/zyme/ros_ws/Autoware_sim_test/install/autoware_auto_mapping_msgs/include/autoware_auto_mapping_msgs/autoware_auto_mapping_msgs/msg/detail/map_primitive__type_support.h
[1.500s] -- Up-to-date symlink: /home/zyme/ros_ws/Autoware_sim_test/install/autoware_auto_mapping_msgs/include/autoware_auto_mapping_msgs/autoware_auto_mapping_msgs/msg/had_map_bin.h
[1.500s] -- Up-to-date symlink: /home/zyme/ros_ws/Autoware_sim_test/install/autoware_auto_mapping_msgs/include/autoware_auto_mapping_msgs/autoware_auto_mapping_msgs/msg/had_map_segment.h
[1.500s] -- Up-to-date symlink: /home/zyme/ros_ws/Autoware_sim_test/install/autoware_auto_mapping_msgs/include/autoware_auto_mapping_msgs/autoware_auto_mapping_msgs/msg/map_primitive.h
[1.501s] -- Up-to-date symlink: /home/zyme/ros_ws/Autoware_sim_test/install/autoware_auto_mapping_msgs/include/autoware_auto_mapping_msgs/autoware_auto_mapping_msgs/msg/rosidl_generator_c__visibility_control.h
[1.501s] -- Up-to-date symlink: /home/zyme/ros_ws/Autoware_sim_test/install/autoware_auto_mapping_msgs/include/autoware_auto_mapping_msgs/autoware_auto_mapping_msgs/srv/detail/had_map_service__functions.h
[1.501s] -- Up-to-date symlink: /home/zyme/ros_ws/Autoware_sim_test/install/autoware_auto_mapping_msgs/include/autoware_auto_mapping_msgs/autoware_auto_mapping_msgs/srv/detail/had_map_service__struct.h
[1.501s] -- Up-to-date symlink: /home/zyme/ros_ws/Autoware_sim_test/install/autoware_auto_mapping_msgs/include/autoware_auto_mapping_msgs/autoware_auto_mapping_msgs/srv/detail/had_map_service__type_support.h
[1.501s] -- Up-to-date symlink: /home/zyme/ros_ws/Autoware_sim_test/install/autoware_auto_mapping_msgs/include/autoware_auto_mapping_msgs/autoware_auto_mapping_msgs/srv/had_map_service.h
[1.501s] -- Up-to-date symlink: /home/zyme/ros_ws/Autoware_sim_test/install/autoware_auto_mapping_msgs/share/autoware_auto_mapping_msgs/environment/library_path.sh
[1.501s] -- Up-to-date symlink: /home/zyme/ros_ws/Autoware_sim_test/install/autoware_auto_mapping_msgs/share/autoware_auto_mapping_msgs/environment/library_path.dsv
[1.502s] -- Up-to-date symlink: /home/zyme/ros_ws/Autoware_sim_test/install/autoware_auto_mapping_msgs/include/autoware_auto_mapping_msgs/autoware_auto_mapping_msgs/msg/detail/had_map_bin__rosidl_typesupport_fastrtps_c.h
[1.502s] -- Up-to-date symlink: /home/zyme/ros_ws/Autoware_sim_test/install/autoware_auto_mapping_msgs/include/autoware_auto_mapping_msgs/autoware_auto_mapping_msgs/msg/detail/had_map_segment__rosidl_typesupport_fastrtps_c.h
[1.503s] -- Up-to-date symlink: /home/zyme/ros_ws/Autoware_sim_test/install/autoware_auto_mapping_msgs/include/autoware_auto_mapping_msgs/autoware_auto_mapping_msgs/msg/detail/map_primitive__rosidl_typesupport_fastrtps_c.h
[1.503s] -- Up-to-date symlink: /home/zyme/ros_ws/Autoware_sim_test/install/autoware_auto_mapping_msgs/include/autoware_auto_mapping_msgs/autoware_auto_mapping_msgs/msg/rosidl_typesupport_fastrtps_c__visibility_control.h
[1.503s] -- Up-to-date symlink: /home/zyme/ros_ws/Autoware_sim_test/install/autoware_auto_mapping_msgs/include/autoware_auto_mapping_msgs/autoware_auto_mapping_msgs/srv/detail/had_map_service__rosidl_typesupport_fastrtps_c.h
[1.503s] -- Up-to-date symlink: /home/zyme/ros_ws/Autoware_sim_test/install/autoware_auto_mapping_msgs/include/autoware_auto_mapping_msgs/autoware_auto_mapping_msgs/msg/detail/had_map_bin__rosidl_typesupport_introspection_c.h
[1.504s] -- Up-to-date symlink: /home/zyme/ros_ws/Autoware_sim_test/install/autoware_auto_mapping_msgs/include/autoware_auto_mapping_msgs/autoware_auto_mapping_msgs/msg/detail/had_map_segment__rosidl_typesupport_introspection_c.h
[1.504s] -- Up-to-date symlink: /home/zyme/ros_ws/Autoware_sim_test/install/autoware_auto_mapping_msgs/include/autoware_auto_mapping_msgs/autoware_auto_mapping_msgs/msg/detail/map_primitive__rosidl_typesupport_introspection_c.h
[1.504s] -- Up-to-date symlink: /home/zyme/ros_ws/Autoware_sim_test/install/autoware_auto_mapping_msgs/include/autoware_auto_mapping_msgs/autoware_auto_mapping_msgs/msg/rosidl_typesupport_introspection_c__visibility_control.h
[1.504s] -- Up-to-date symlink: /home/zyme/ros_ws/Autoware_sim_test/install/autoware_auto_mapping_msgs/include/autoware_auto_mapping_msgs/autoware_auto_mapping_msgs/srv/detail/had_map_service__rosidl_typesupport_introspection_c.h
[1.504s] -- Up-to-date symlink: /home/zyme/ros_ws/Autoware_sim_test/install/autoware_auto_mapping_msgs/include/autoware_auto_mapping_msgs/autoware_auto_mapping_msgs/msg/detail/had_map_bin__builder.hpp
[1.505s] -- Up-to-date symlink: /home/zyme/ros_ws/Autoware_sim_test/install/autoware_auto_mapping_msgs/include/autoware_auto_mapping_msgs/autoware_auto_mapping_msgs/msg/detail/had_map_bin__struct.hpp
[1.505s] -- Up-to-date symlink: /home/zyme/ros_ws/Autoware_sim_test/install/autoware_auto_mapping_msgs/include/autoware_auto_mapping_msgs/autoware_auto_mapping_msgs/msg/detail/had_map_bin__traits.hpp
[1.505s] -- Up-to-date symlink: /home/zyme/ros_ws/Autoware_sim_test/install/autoware_auto_mapping_msgs/include/autoware_auto_mapping_msgs/autoware_auto_mapping_msgs/msg/detail/had_map_segment__builder.hpp
[1.505s] -- Up-to-date symlink: /home/zyme/ros_ws/Autoware_sim_test/install/autoware_auto_mapping_msgs/include/autoware_auto_mapping_msgs/autoware_auto_mapping_msgs/msg/detail/had_map_segment__struct.hpp
[1.505s] -- Up-to-date symlink: /home/zyme/ros_ws/Autoware_sim_test/install/autoware_auto_mapping_msgs/include/autoware_auto_mapping_msgs/autoware_auto_mapping_msgs/msg/detail/had_map_segment__traits.hpp
[1.505s] -- Up-to-date symlink: /home/zyme/ros_ws/Autoware_sim_test/install/autoware_auto_mapping_msgs/include/autoware_auto_mapping_msgs/autoware_auto_mapping_msgs/msg/detail/map_primitive__builder.hpp
[1.506s] -- Up-to-date symlink: /home/zyme/ros_ws/Autoware_sim_test/install/autoware_auto_mapping_msgs/include/autoware_auto_mapping_msgs/autoware_auto_mapping_msgs/msg/detail/map_primitive__struct.hpp
[1.506s] -- Up-to-date symlink: /home/zyme/ros_ws/Autoware_sim_test/install/autoware_auto_mapping_msgs/include/autoware_auto_mapping_msgs/autoware_auto_mapping_msgs/msg/detail/map_primitive__traits.hpp
[1.506s] -- Up-to-date symlink: /home/zyme/ros_ws/Autoware_sim_test/install/autoware_auto_mapping_msgs/include/autoware_auto_mapping_msgs/autoware_auto_mapping_msgs/msg/had_map_bin.hpp
[1.506s] -- Up-to-date symlink: /home/zyme/ros_ws/Autoware_sim_test/install/autoware_auto_mapping_msgs/include/autoware_auto_mapping_msgs/autoware_auto_mapping_msgs/msg/had_map_segment.hpp
[1.506s] -- Up-to-date symlink: /home/zyme/ros_ws/Autoware_sim_test/install/autoware_auto_mapping_msgs/include/autoware_auto_mapping_msgs/autoware_auto_mapping_msgs/msg/map_primitive.hpp
[1.506s] -- Up-to-date symlink: /home/zyme/ros_ws/Autoware_sim_test/install/autoware_auto_mapping_msgs/include/autoware_auto_mapping_msgs/autoware_auto_mapping_msgs/srv/detail/had_map_service__builder.hpp
[1.506s] -- Up-to-date symlink: /home/zyme/ros_ws/Autoware_sim_test/install/autoware_auto_mapping_msgs/include/autoware_auto_mapping_msgs/autoware_auto_mapping_msgs/srv/detail/had_map_service__struct.hpp
[1.506s] -- Up-to-date symlink: /home/zyme/ros_ws/Autoware_sim_test/install/autoware_auto_mapping_msgs/include/autoware_auto_mapping_msgs/autoware_auto_mapping_msgs/srv/detail/had_map_service__traits.hpp
[1.507s] -- Up-to-date symlink: /home/zyme/ros_ws/Autoware_sim_test/install/autoware_auto_mapping_msgs/include/autoware_auto_mapping_msgs/autoware_auto_mapping_msgs/srv/had_map_service.hpp
[1.507s] -- Up-to-date symlink: /home/zyme/ros_ws/Autoware_sim_test/install/autoware_auto_mapping_msgs/include/autoware_auto_mapping_msgs/autoware_auto_mapping_msgs/msg/detail/had_map_bin__rosidl_typesupport_fastrtps_cpp.hpp
[1.508s] -- Up-to-date symlink: /home/zyme/ros_ws/Autoware_sim_test/install/autoware_auto_mapping_msgs/include/autoware_auto_mapping_msgs/autoware_auto_mapping_msgs/msg/detail/had_map_segment__rosidl_typesupport_fastrtps_cpp.hpp
[1.508s] -- Up-to-date symlink: /home/zyme/ros_ws/Autoware_sim_test/install/autoware_auto_mapping_msgs/include/autoware_auto_mapping_msgs/autoware_auto_mapping_msgs/msg/detail/map_primitive__rosidl_typesupport_fastrtps_cpp.hpp
[1.508s] -- Up-to-date symlink: /home/zyme/ros_ws/Autoware_sim_test/install/autoware_auto_mapping_msgs/include/autoware_auto_mapping_msgs/autoware_auto_mapping_msgs/msg/rosidl_typesupport_fastrtps_cpp__visibility_control.h
[1.508s] -- Up-to-date symlink: /home/zyme/ros_ws/Autoware_sim_test/install/autoware_auto_mapping_msgs/include/autoware_auto_mapping_msgs/autoware_auto_mapping_msgs/srv/detail/had_map_service__rosidl_typesupport_fastrtps_cpp.hpp
[1.508s] -- Up-to-date symlink: /home/zyme/ros_ws/Autoware_sim_test/install/autoware_auto_mapping_msgs/include/autoware_auto_mapping_msgs/autoware_auto_mapping_msgs/msg/detail/had_map_bin__rosidl_typesupport_introspection_cpp.hpp
[1.509s] -- Up-to-date symlink: /home/zyme/ros_ws/Autoware_sim_test/install/autoware_auto_mapping_msgs/include/autoware_auto_mapping_msgs/autoware_auto_mapping_msgs/msg/detail/had_map_segment__rosidl_typesupport_introspection_cpp.hpp
[1.509s] -- Up-to-date symlink: /home/zyme/ros_ws/Autoware_sim_test/install/autoware_auto_mapping_msgs/include/autoware_auto_mapping_msgs/autoware_auto_mapping_msgs/msg/detail/map_primitive__rosidl_typesupport_introspection_cpp.hpp
[1.509s] -- Up-to-date symlink: /home/zyme/ros_ws/Autoware_sim_test/install/autoware_auto_mapping_msgs/include/autoware_auto_mapping_msgs/autoware_auto_mapping_msgs/srv/detail/had_map_service__rosidl_typesupport_introspection_cpp.hpp
[1.509s] -- Up-to-date symlink: /home/zyme/ros_ws/Autoware_sim_test/install/autoware_auto_mapping_msgs/share/autoware_auto_mapping_msgs/environment/pythonpath.sh
[1.509s] -- Up-to-date symlink: /home/zyme/ros_ws/Autoware_sim_test/install/autoware_auto_mapping_msgs/share/autoware_auto_mapping_msgs/environment/pythonpath.dsv
[1.510s] -- Up-to-date symlink: /home/zyme/ros_ws/Autoware_sim_test/install/autoware_auto_mapping_msgs/local/lib/python3.10/dist-packages/autoware_auto_mapping_msgs-1.0.0-py3.10.egg-info/PKG-INFO
[1.510s] -- Up-to-date symlink: /home/zyme/ros_ws/Autoware_sim_test/install/autoware_auto_mapping_msgs/local/lib/python3.10/dist-packages/autoware_auto_mapping_msgs-1.0.0-py3.10.egg-info/SOURCES.txt
[1.510s] -- Up-to-date symlink: /home/zyme/ros_ws/Autoware_sim_test/install/autoware_auto_mapping_msgs/local/lib/python3.10/dist-packages/autoware_auto_mapping_msgs-1.0.0-py3.10.egg-info/dependency_links.txt
[1.510s] -- Up-to-date symlink: /home/zyme/ros_ws/Autoware_sim_test/install/autoware_auto_mapping_msgs/local/lib/python3.10/dist-packages/autoware_auto_mapping_msgs-1.0.0-py3.10.egg-info/top_level.txt
[1.511s] -- Up-to-date symlink: /home/zyme/ros_ws/Autoware_sim_test/install/autoware_auto_mapping_msgs/local/lib/python3.10/dist-packages/autoware_auto_mapping_msgs/__init__.py
[1.511s] -- Up-to-date symlink: /home/zyme/ros_ws/Autoware_sim_test/install/autoware_auto_mapping_msgs/local/lib/python3.10/dist-packages/autoware_auto_mapping_msgs/_autoware_auto_mapping_msgs_s.ep.rosidl_typesupport_c.c
[1.511s] -- Up-to-date symlink: /home/zyme/ros_ws/Autoware_sim_test/install/autoware_auto_mapping_msgs/local/lib/python3.10/dist-packages/autoware_auto_mapping_msgs/_autoware_auto_mapping_msgs_s.ep.rosidl_typesupport_fastrtps_c.c
[1.511s] -- Up-to-date symlink: /home/zyme/ros_ws/Autoware_sim_test/install/autoware_auto_mapping_msgs/local/lib/python3.10/dist-packages/autoware_auto_mapping_msgs/_autoware_auto_mapping_msgs_s.ep.rosidl_typesupport_introspection_c.c
[1.512s] -- Up-to-date symlink: /home/zyme/ros_ws/Autoware_sim_test/install/autoware_auto_mapping_msgs/local/lib/python3.10/dist-packages/autoware_auto_mapping_msgs/autoware_auto_mapping_msgs_s__rosidl_typesupport_c.cpython-310-x86_64-linux-gnu.so
[1.512s] -- Up-to-date symlink: /home/zyme/ros_ws/Autoware_sim_test/install/autoware_auto_mapping_msgs/local/lib/python3.10/dist-packages/autoware_auto_mapping_msgs/autoware_auto_mapping_msgs_s__rosidl_typesupport_fastrtps_c.cpython-310-x86_64-linux-gnu.so
[1.512s] -- Up-to-date symlink: /home/zyme/ros_ws/Autoware_sim_test/install/autoware_auto_mapping_msgs/local/lib/python3.10/dist-packages/autoware_auto_mapping_msgs/autoware_auto_mapping_msgs_s__rosidl_typesupport_introspection_c.cpython-310-x86_64-linux-gnu.so
[1.512s] -- Up-to-date symlink: /home/zyme/ros_ws/Autoware_sim_test/install/autoware_auto_mapping_msgs/local/lib/python3.10/dist-packages/autoware_auto_mapping_msgs/libautoware_auto_mapping_msgs__rosidl_generator_py.so
[1.512s] -- Up-to-date symlink: /home/zyme/ros_ws/Autoware_sim_test/install/autoware_auto_mapping_msgs/local/lib/python3.10/dist-packages/autoware_auto_mapping_msgs/msg/__init__.py
[1.512s] -- Up-to-date symlink: /home/zyme/ros_ws/Autoware_sim_test/install/autoware_auto_mapping_msgs/local/lib/python3.10/dist-packages/autoware_auto_mapping_msgs/msg/_had_map_bin.py
[1.512s] -- Up-to-date symlink: /home/zyme/ros_ws/Autoware_sim_test/install/autoware_auto_mapping_msgs/local/lib/python3.10/dist-packages/autoware_auto_mapping_msgs/msg/_had_map_bin_s.c
[1.513s] -- Up-to-date symlink: /home/zyme/ros_ws/Autoware_sim_test/install/autoware_auto_mapping_msgs/local/lib/python3.10/dist-packages/autoware_auto_mapping_msgs/msg/_had_map_segment.py
[1.513s] -- Up-to-date symlink: /home/zyme/ros_ws/Autoware_sim_test/install/autoware_auto_mapping_msgs/local/lib/python3.10/dist-packages/autoware_auto_mapping_msgs/msg/_had_map_segment_s.c
[1.513s] -- Up-to-date symlink: /home/zyme/ros_ws/Autoware_sim_test/install/autoware_auto_mapping_msgs/local/lib/python3.10/dist-packages/autoware_auto_mapping_msgs/msg/_map_primitive.py
[1.513s] -- Up-to-date symlink: /home/zyme/ros_ws/Autoware_sim_test/install/autoware_auto_mapping_msgs/local/lib/python3.10/dist-packages/autoware_auto_mapping_msgs/msg/_map_primitive_s.c
[1.513s] -- Up-to-date symlink: /home/zyme/ros_ws/Autoware_sim_test/install/autoware_auto_mapping_msgs/local/lib/python3.10/dist-packages/autoware_auto_mapping_msgs/srv/__init__.py
[1.513s] -- Up-to-date symlink: /home/zyme/ros_ws/Autoware_sim_test/install/autoware_auto_mapping_msgs/local/lib/python3.10/dist-packages/autoware_auto_mapping_msgs/srv/_had_map_service.py
[1.513s] -- Up-to-date symlink: /home/zyme/ros_ws/Autoware_sim_test/install/autoware_auto_mapping_msgs/local/lib/python3.10/dist-packages/autoware_auto_mapping_msgs/srv/_had_map_service_s.c
[1.514s] -- Up-to-date symlink: /home/zyme/ros_ws/Autoware_sim_test/install/autoware_auto_mapping_msgs/local/lib/python3.10/dist-packages/autoware_auto_mapping_msgs/autoware_auto_mapping_msgs_s__rosidl_typesupport_fastrtps_c.cpython-310-x86_64-linux-gnu.so
[1.514s] -- Up-to-date symlink: /home/zyme/ros_ws/Autoware_sim_test/install/autoware_auto_mapping_msgs/local/lib/python3.10/dist-packages/autoware_auto_mapping_msgs/autoware_auto_mapping_msgs_s__rosidl_typesupport_introspection_c.cpython-310-x86_64-linux-gnu.so
[1.514s] -- Up-to-date symlink: /home/zyme/ros_ws/Autoware_sim_test/install/autoware_auto_mapping_msgs/local/lib/python3.10/dist-packages/autoware_auto_mapping_msgs/autoware_auto_mapping_msgs_s__rosidl_typesupport_c.cpython-310-x86_64-linux-gnu.so
[1.515s] -- Up-to-date symlink: /home/zyme/ros_ws/Autoware_sim_test/install/autoware_auto_mapping_msgs/share/autoware_auto_mapping_msgs/msg/HADMapBin.idl
[1.515s] -- Up-to-date symlink: /home/zyme/ros_ws/Autoware_sim_test/install/autoware_auto_mapping_msgs/share/autoware_auto_mapping_msgs/msg/HADMapSegment.idl
[1.515s] -- Up-to-date symlink: /home/zyme/ros_ws/Autoware_sim_test/install/autoware_auto_mapping_msgs/share/autoware_auto_mapping_msgs/msg/MapPrimitive.idl
[1.515s] -- Up-to-date symlink: /home/zyme/ros_ws/Autoware_sim_test/install/autoware_auto_mapping_msgs/share/autoware_auto_mapping_msgs/srv/HADMapService.idl
[1.516s] -- Up-to-date symlink: /home/zyme/ros_ws/Autoware_sim_test/install/autoware_auto_mapping_msgs/share/ament_index/resource_index/package_run_dependencies/autoware_auto_mapping_msgs
[1.516s] -- Up-to-date symlink: /home/zyme/ros_ws/Autoware_sim_test/install/autoware_auto_mapping_msgs/share/ament_index/resource_index/parent_prefix_path/autoware_auto_mapping_msgs
[1.516s] -- Up-to-date symlink: /home/zyme/ros_ws/Autoware_sim_test/install/autoware_auto_mapping_msgs/share/autoware_auto_mapping_msgs/environment/ament_prefix_path.sh
[1.516s] -- Up-to-date symlink: /home/zyme/ros_ws/Autoware_sim_test/install/autoware_auto_mapping_msgs/share/autoware_auto_mapping_msgs/environment/ament_prefix_path.dsv
[1.516s] -- Up-to-date symlink: /home/zyme/ros_ws/Autoware_sim_test/install/autoware_auto_mapping_msgs/share/autoware_auto_mapping_msgs/environment/path.sh
[1.516s] -- Up-to-date symlink: /home/zyme/ros_ws/Autoware_sim_test/install/autoware_auto_mapping_msgs/share/autoware_auto_mapping_msgs/environment/path.dsv
[1.517s] -- Up-to-date symlink: /home/zyme/ros_ws/Autoware_sim_test/install/autoware_auto_mapping_msgs/share/autoware_auto_mapping_msgs/local_setup.bash
[1.517s] -- Up-to-date symlink: /home/zyme/ros_ws/Autoware_sim_test/install/autoware_auto_mapping_msgs/share/autoware_auto_mapping_msgs/local_setup.sh
[1.517s] -- Up-to-date symlink: /home/zyme/ros_ws/Autoware_sim_test/install/autoware_auto_mapping_msgs/share/autoware_auto_mapping_msgs/local_setup.zsh
[1.517s] -- Up-to-date symlink: /home/zyme/ros_ws/Autoware_sim_test/install/autoware_auto_mapping_msgs/share/autoware_auto_mapping_msgs/local_setup.dsv
[1.517s] -- Symlinking: /home/zyme/ros_ws/Autoware_sim_test/install/autoware_auto_mapping_msgs/share/autoware_auto_mapping_msgs/package.dsv
[1.526s] -- Up-to-date symlink: /home/zyme/ros_ws/Autoware_sim_test/install/autoware_auto_mapping_msgs/share/ament_index/resource_index/packages/autoware_auto_mapping_msgs
[1.526s] -- Up-to-date symlink: /home/zyme/ros_ws/Autoware_sim_test/install/autoware_auto_mapping_msgs/share/autoware_auto_mapping_msgs/cmake/rosidl_cmake-extras.cmake
[1.526s] -- Up-to-date symlink: /home/zyme/ros_ws/Autoware_sim_test/install/autoware_auto_mapping_msgs/share/autoware_auto_mapping_msgs/cmake/ament_cmake_export_dependencies-extras.cmake
[1.526s] -- Up-to-date symlink: /home/zyme/ros_ws/Autoware_sim_test/install/autoware_auto_mapping_msgs/share/autoware_auto_mapping_msgs/cmake/ament_cmake_export_include_directories-extras.cmake
[1.526s] -- Up-to-date symlink: /home/zyme/ros_ws/Autoware_sim_test/install/autoware_auto_mapping_msgs/share/autoware_auto_mapping_msgs/cmake/ament_cmake_export_libraries-extras.cmake
[1.526s] -- Up-to-date symlink: /home/zyme/ros_ws/Autoware_sim_test/install/autoware_auto_mapping_msgs/share/autoware_auto_mapping_msgs/cmake/ament_cmake_export_targets-extras.cmake
[1.527s] -- Up-to-date symlink: /home/zyme/ros_ws/Autoware_sim_test/install/autoware_auto_mapping_msgs/share/autoware_auto_mapping_msgs/cmake/rosidl_cmake_export_typesupport_targets-extras.cmake
[1.527s] -- Up-to-date symlink: /home/zyme/ros_ws/Autoware_sim_test/install/autoware_auto_mapping_msgs/share/autoware_auto_mapping_msgs/cmake/rosidl_cmake_export_typesupport_libraries-extras.cmake
[1.527s] -- Up-to-date symlink: /home/zyme/ros_ws/Autoware_sim_test/install/autoware_auto_mapping_msgs/share/autoware_auto_mapping_msgs/cmake/autoware_auto_mapping_msgsConfig.cmake
[1.527s] -- Up-to-date symlink: /home/zyme/ros_ws/Autoware_sim_test/install/autoware_auto_mapping_msgs/share/autoware_auto_mapping_msgs/cmake/autoware_auto_mapping_msgsConfig-version.cmake
[1.527s] -- Up-to-date symlink: /home/zyme/ros_ws/Autoware_sim_test/install/autoware_auto_mapping_msgs/share/autoware_auto_mapping_msgs/package.xml
[1.528s] -- Up-to-date: /home/zyme/ros_ws/Autoware_sim_test/install/autoware_auto_mapping_msgs/lib/libautoware_auto_mapping_msgs__rosidl_generator_c.so
[1.528s] -- Up-to-date: /home/zyme/ros_ws/Autoware_sim_test/install/autoware_auto_mapping_msgs/lib/libautoware_auto_mapping_msgs__rosidl_typesupport_fastrtps_c.so
[1.528s] -- Up-to-date: /home/zyme/ros_ws/Autoware_sim_test/install/autoware_auto_mapping_msgs/lib/libautoware_auto_mapping_msgs__rosidl_typesupport_introspection_c.so
[1.529s] -- Up-to-date: /home/zyme/ros_ws/Autoware_sim_test/install/autoware_auto_mapping_msgs/lib/libautoware_auto_mapping_msgs__rosidl_typesupport_c.so
[1.529s] -- Up-to-date: /home/zyme/ros_ws/Autoware_sim_test/install/autoware_auto_mapping_msgs/lib/libautoware_auto_mapping_msgs__rosidl_typesupport_fastrtps_cpp.so
[1.529s] -- Up-to-date: /home/zyme/ros_ws/Autoware_sim_test/install/autoware_auto_mapping_msgs/lib/libautoware_auto_mapping_msgs__rosidl_typesupport_introspection_cpp.so
[1.530s] -- Up-to-date: /home/zyme/ros_ws/Autoware_sim_test/install/autoware_auto_mapping_msgs/lib/libautoware_auto_mapping_msgs__rosidl_typesupport_cpp.so
[1.558s] Listing '/home/zyme/ros_ws/Autoware_sim_test/install/autoware_auto_mapping_msgs/local/lib/python3.10/dist-packages/autoware_auto_mapping_msgs'...
[1.558s] Compiling '/home/zyme/ros_ws/Autoware_sim_test/install/autoware_auto_mapping_msgs/local/lib/python3.10/dist-packages/autoware_auto_mapping_msgs/__init__.py'...
[1.558s] Listing '/home/zyme/ros_ws/Autoware_sim_test/install/autoware_auto_mapping_msgs/local/lib/python3.10/dist-packages/autoware_auto_mapping_msgs/msg'...
[1.558s] Listing '/home/zyme/ros_ws/Autoware_sim_test/install/autoware_auto_mapping_msgs/local/lib/python3.10/dist-packages/autoware_auto_mapping_msgs/srv'...
[1.562s] -- Up-to-date: /home/zyme/ros_ws/Autoware_sim_test/install/autoware_auto_mapping_msgs/lib/libautoware_auto_mapping_msgs__rosidl_generator_py.so
[1.562s] -- Up-to-date: /home/zyme/ros_ws/Autoware_sim_test/install/autoware_auto_mapping_msgs/share/autoware_auto_mapping_msgs/cmake/export_autoware_auto_mapping_msgs__rosidl_generator_cExport.cmake
[1.562s] -- Up-to-date: /home/zyme/ros_ws/Autoware_sim_test/install/autoware_auto_mapping_msgs/share/autoware_auto_mapping_msgs/cmake/export_autoware_auto_mapping_msgs__rosidl_generator_cExport-release.cmake
[1.562s] -- Up-to-date: /home/zyme/ros_ws/Autoware_sim_test/install/autoware_auto_mapping_msgs/share/autoware_auto_mapping_msgs/cmake/export_autoware_auto_mapping_msgs__rosidl_typesupport_fastrtps_cExport.cmake
[1.563s] -- Up-to-date: /home/zyme/ros_ws/Autoware_sim_test/install/autoware_auto_mapping_msgs/share/autoware_auto_mapping_msgs/cmake/export_autoware_auto_mapping_msgs__rosidl_typesupport_fastrtps_cExport-release.cmake
[1.563s] -- Up-to-date: /home/zyme/ros_ws/Autoware_sim_test/install/autoware_auto_mapping_msgs/share/autoware_auto_mapping_msgs/cmake/autoware_auto_mapping_msgs__rosidl_typesupport_introspection_cExport.cmake
[1.563s] -- Up-to-date: /home/zyme/ros_ws/Autoware_sim_test/install/autoware_auto_mapping_msgs/share/autoware_auto_mapping_msgs/cmake/autoware_auto_mapping_msgs__rosidl_typesupport_introspection_cExport-release.cmake
[1.563s] -- Up-to-date: /home/zyme/ros_ws/Autoware_sim_test/install/autoware_auto_mapping_msgs/share/autoware_auto_mapping_msgs/cmake/autoware_auto_mapping_msgs__rosidl_typesupport_cExport.cmake
[1.563s] -- Up-to-date: /home/zyme/ros_ws/Autoware_sim_test/install/autoware_auto_mapping_msgs/share/autoware_auto_mapping_msgs/cmake/autoware_auto_mapping_msgs__rosidl_typesupport_cExport-release.cmake
[1.563s] -- Up-to-date: /home/zyme/ros_ws/Autoware_sim_test/install/autoware_auto_mapping_msgs/share/autoware_auto_mapping_msgs/cmake/export_autoware_auto_mapping_msgs__rosidl_generator_cppExport.cmake
[1.563s] -- Up-to-date: /home/zyme/ros_ws/Autoware_sim_test/install/autoware_auto_mapping_msgs/share/autoware_auto_mapping_msgs/cmake/export_autoware_auto_mapping_msgs__rosidl_typesupport_fastrtps_cppExport.cmake
[1.563s] -- Up-to-date: /home/zyme/ros_ws/Autoware_sim_test/install/autoware_auto_mapping_msgs/share/autoware_auto_mapping_msgs/cmake/export_autoware_auto_mapping_msgs__rosidl_typesupport_fastrtps_cppExport-release.cmake
[1.563s] -- Up-to-date: /home/zyme/ros_ws/Autoware_sim_test/install/autoware_auto_mapping_msgs/share/autoware_auto_mapping_msgs/cmake/autoware_auto_mapping_msgs__rosidl_typesupport_introspection_cppExport.cmake
[1.563s] -- Up-to-date: /home/zyme/ros_ws/Autoware_sim_test/install/autoware_auto_mapping_msgs/share/autoware_auto_mapping_msgs/cmake/autoware_auto_mapping_msgs__rosidl_typesupport_introspection_cppExport-release.cmake
[1.563s] -- Up-to-date: /home/zyme/ros_ws/Autoware_sim_test/install/autoware_auto_mapping_msgs/share/autoware_auto_mapping_msgs/cmake/autoware_auto_mapping_msgs__rosidl_typesupport_cppExport.cmake
[1.563s] -- Up-to-date: /home/zyme/ros_ws/Autoware_sim_test/install/autoware_auto_mapping_msgs/share/autoware_auto_mapping_msgs/cmake/autoware_auto_mapping_msgs__rosidl_typesupport_cppExport-release.cmake
[1.563s] -- Up-to-date: /home/zyme/ros_ws/Autoware_sim_test/install/autoware_auto_mapping_msgs/share/autoware_auto_mapping_msgs/cmake/export_autoware_auto_mapping_msgs__rosidl_generator_pyExport.cmake
[1.564s] -- Up-to-date: /home/zyme/ros_ws/Autoware_sim_test/install/autoware_auto_mapping_msgs/share/autoware_auto_mapping_msgs/cmake/export_autoware_auto_mapping_msgs__rosidl_generator_pyExport-release.cmake
[1.565s] Invoked command in '/home/zyme/ros_ws/Autoware_sim_test/build/autoware_auto_mapping_msgs' returned '0': CMAKE_PREFIX_PATH=/opt/ros/humble /usr/bin/cmake --install /home/zyme/ros_ws/Autoware_sim_test/build/autoware_auto_mapping_msgs
