[0.148s] Invoking command in '/home/zyme/ros_ws/Autoware_sim_test/build/sample_vehicle_description': CMAKE_PREFIX_PATH=/opt/ros/humble /usr/bin/cmake --build /home/zyme/ros_ws/Autoware_sim_test/build/sample_vehicle_description -- -j12 -l12
[0.225s] Invoked command in '/home/zyme/ros_ws/Autoware_sim_test/build/sample_vehicle_description' returned '0': CMAKE_PREFIX_PATH=/opt/ros/humble /usr/bin/cmake --build /home/zyme/ros_ws/Autoware_sim_test/build/sample_vehicle_description -- -j12 -l12
[0.269s] Invoking command in '/home/zyme/ros_ws/Autoware_sim_test/build/sample_vehicle_description': CMAKE_PREFIX_PATH=/opt/ros/humble /usr/bin/cmake --install /home/zyme/ros_ws/Autoware_sim_test/build/sample_vehicle_description
[0.283s] -- Install configuration: "Release"
[0.285s] -- Execute custom install script
[0.287s] -- Up-to-date symlink: /home/zyme/ros_ws/Autoware_sim_test/install/sample_vehicle_description/share/sample_vehicle_description/mesh/lexus.dae
[0.288s] -- Up-to-date symlink: /home/zyme/ros_ws/Autoware_sim_test/install/sample_vehicle_description/share/sample_vehicle_description/mesh/lexus.jpg
[0.290s] -- Up-to-date symlink: /home/zyme/ros_ws/Autoware_sim_test/install/sample_vehicle_description/share/sample_vehicle_description/urdf/vehicle.xacro
[0.291s] -- Up-to-date symlink: /home/zyme/ros_ws/Autoware_sim_test/install/sample_vehicle_description/share/sample_vehicle_description/config/mirror.param.yaml
[0.292s] -- Up-to-date symlink: /home/zyme/ros_ws/Autoware_sim_test/install/sample_vehicle_description/share/sample_vehicle_description/config/simulator_model.param.yaml
[0.292s] -- Up-to-date symlink: /home/zyme/ros_ws/Autoware_sim_test/install/sample_vehicle_description/share/sample_vehicle_description/config/vehicle_info.param.yaml
[0.294s] -- Up-to-date symlink: /home/zyme/ros_ws/Autoware_sim_test/install/sample_vehicle_description/share/ament_index/resource_index/package_run_dependencies/sample_vehicle_description
[0.294s] -- Up-to-date symlink: /home/zyme/ros_ws/Autoware_sim_test/install/sample_vehicle_description/share/ament_index/resource_index/parent_prefix_path/sample_vehicle_description
[0.296s] -- Up-to-date symlink: /home/zyme/ros_ws/Autoware_sim_test/install/sample_vehicle_description/share/sample_vehicle_description/environment/ament_prefix_path.sh
[0.296s] -- Up-to-date symlink: /home/zyme/ros_ws/Autoware_sim_test/install/sample_vehicle_description/share/sample_vehicle_description/environment/ament_prefix_path.dsv
[0.297s] -- Up-to-date symlink: /home/zyme/ros_ws/Autoware_sim_test/install/sample_vehicle_description/share/sample_vehicle_description/environment/path.sh
[0.298s] -- Up-to-date symlink: /home/zyme/ros_ws/Autoware_sim_test/install/sample_vehicle_description/share/sample_vehicle_description/environment/path.dsv
[0.298s] -- Up-to-date symlink: /home/zyme/ros_ws/Autoware_sim_test/install/sample_vehicle_description/share/sample_vehicle_description/local_setup.bash
[0.300s] -- Up-to-date symlink: /home/zyme/ros_ws/Autoware_sim_test/install/sample_vehicle_description/share/sample_vehicle_description/local_setup.sh
[0.304s] -- Up-to-date symlink: /home/zyme/ros_ws/Autoware_sim_test/install/sample_vehicle_description/share/sample_vehicle_description/local_setup.zsh
[0.304s] -- Up-to-date symlink: /home/zyme/ros_ws/Autoware_sim_test/install/sample_vehicle_description/share/sample_vehicle_description/local_setup.dsv
[0.304s] -- Symlinking: /home/zyme/ros_ws/Autoware_sim_test/install/sample_vehicle_description/share/sample_vehicle_description/package.dsv
[0.321s] -- Up-to-date symlink: /home/zyme/ros_ws/Autoware_sim_test/install/sample_vehicle_description/share/ament_index/resource_index/packages/sample_vehicle_description
[0.321s] -- Up-to-date symlink: /home/zyme/ros_ws/Autoware_sim_test/install/sample_vehicle_description/share/sample_vehicle_description/cmake/sample_vehicle_descriptionConfig.cmake
[0.322s] -- Up-to-date symlink: /home/zyme/ros_ws/Autoware_sim_test/install/sample_vehicle_description/share/sample_vehicle_description/cmake/sample_vehicle_descriptionConfig-version.cmake
[0.322s] -- Up-to-date symlink: /home/zyme/ros_ws/Autoware_sim_test/install/sample_vehicle_description/share/sample_vehicle_description/package.xml
[0.333s] Invoked command in '/home/zyme/ros_ws/Autoware_sim_test/build/sample_vehicle_description' returned '0': CMAKE_PREFIX_PATH=/opt/ros/humble /usr/bin/cmake --install /home/zyme/ros_ws/Autoware_sim_test/build/sample_vehicle_description
