[0.058s] Invoking command in '/home/zyme/ros_ws/Autoware_sim_test/build/robosense_msgs': CMAKE_PREFIX_PATH=/opt/ros/humble /usr/bin/cmake --build /home/zyme/ros_ws/Autoware_sim_test/build/robosense_msgs -- -j12 -l12
[0.114s] [  2%] Built target robosense_msgs__cpp
[0.115s] [ 12%] Built target robosense_msgs__rosidl_generator_c
[0.124s] [ 12%] Built target ament_cmake_python_symlink_robosense_msgs
[0.151s] [ 23%] Built target robosense_msgs__rosidl_typesupport_introspection_cpp
[0.152s] [ 34%] Built target robosense_msgs__rosidl_typesupport_c
[0.154s] [ 44%] Built target robosense_msgs__rosidl_typesupport_cpp
[0.154s] [ 55%] Built target robosense_msgs__rosidl_typesupport_introspection_c
[0.154s] [ 65%] Built target robosense_msgs__rosidl_typesupport_fastrtps_cpp
[0.157s] [ 76%] Built target robosense_msgs__rosidl_typesupport_fastrtps_c
[0.178s] [ 76%] Built target robosense_msgs
[0.200s] [ 78%] Built target robosense_msgs__py
[0.224s] [ 87%] Built target robosense_msgs__rosidl_generator_py
[0.254s] [ 95%] Built target robosense_msgs__rosidl_typesupport_fastrtps_c__pyext
[0.254s] [ 95%] Built target robosense_msgs__rosidl_typesupport_introspection_c__pyext
[0.254s] [100%] Built target robosense_msgs__rosidl_typesupport_c__pyext
[0.404s] running egg_info
[0.404s] writing robosense_msgs.egg-info/PKG-INFO
[0.405s] writing dependency_links to robosense_msgs.egg-info/dependency_links.txt
[0.405s] writing top-level names to robosense_msgs.egg-info/top_level.txt
[0.408s] reading manifest file 'robosense_msgs.egg-info/SOURCES.txt'
[0.408s] writing manifest file 'robosense_msgs.egg-info/SOURCES.txt'
[0.432s] [100%] Built target ament_cmake_python_build_robosense_msgs_egg
[0.443s] Invoked command in '/home/zyme/ros_ws/Autoware_sim_test/build/robosense_msgs' returned '0': CMAKE_PREFIX_PATH=/opt/ros/humble /usr/bin/cmake --build /home/zyme/ros_ws/Autoware_sim_test/build/robosense_msgs -- -j12 -l12
[0.536s] Invoking command in '/home/zyme/ros_ws/Autoware_sim_test/build/robosense_msgs': CMAKE_PREFIX_PATH=/opt/ros/humble /usr/bin/cmake --install /home/zyme/ros_ws/Autoware_sim_test/build/robosense_msgs
[0.543s] -- Install configuration: "Release"
[0.544s] -- Execute custom install script
[0.545s] -- Up-to-date symlink: /home/zyme/ros_ws/Autoware_sim_test/install/robosense_msgs/share/ament_index/resource_index/rosidl_interfaces/robosense_msgs
[0.546s] -- Up-to-date symlink: /home/zyme/ros_ws/Autoware_sim_test/install/robosense_msgs/include/robosense_msgs/robosense_msgs/msg/detail/robosense_info_packet__functions.h
[0.546s] -- Up-to-date symlink: /home/zyme/ros_ws/Autoware_sim_test/install/robosense_msgs/include/robosense_msgs/robosense_msgs/msg/detail/robosense_info_packet__struct.h
[0.546s] -- Up-to-date symlink: /home/zyme/ros_ws/Autoware_sim_test/install/robosense_msgs/include/robosense_msgs/robosense_msgs/msg/detail/robosense_info_packet__type_support.h
[0.547s] -- Up-to-date symlink: /home/zyme/ros_ws/Autoware_sim_test/install/robosense_msgs/include/robosense_msgs/robosense_msgs/msg/detail/robosense_packet__functions.h
[0.547s] -- Up-to-date symlink: /home/zyme/ros_ws/Autoware_sim_test/install/robosense_msgs/include/robosense_msgs/robosense_msgs/msg/detail/robosense_packet__struct.h
[0.547s] -- Up-to-date symlink: /home/zyme/ros_ws/Autoware_sim_test/install/robosense_msgs/include/robosense_msgs/robosense_msgs/msg/detail/robosense_packet__type_support.h
[0.548s] -- Up-to-date symlink: /home/zyme/ros_ws/Autoware_sim_test/install/robosense_msgs/include/robosense_msgs/robosense_msgs/msg/detail/robosense_scan__functions.h
[0.548s] -- Up-to-date symlink: /home/zyme/ros_ws/Autoware_sim_test/install/robosense_msgs/include/robosense_msgs/robosense_msgs/msg/detail/robosense_scan__struct.h
[0.548s] -- Up-to-date symlink: /home/zyme/ros_ws/Autoware_sim_test/install/robosense_msgs/include/robosense_msgs/robosense_msgs/msg/detail/robosense_scan__type_support.h
[0.548s] -- Up-to-date symlink: /home/zyme/ros_ws/Autoware_sim_test/install/robosense_msgs/include/robosense_msgs/robosense_msgs/msg/robosense_info_packet.h
[0.549s] -- Up-to-date symlink: /home/zyme/ros_ws/Autoware_sim_test/install/robosense_msgs/include/robosense_msgs/robosense_msgs/msg/robosense_packet.h
[0.549s] -- Up-to-date symlink: /home/zyme/ros_ws/Autoware_sim_test/install/robosense_msgs/include/robosense_msgs/robosense_msgs/msg/robosense_scan.h
[0.549s] -- Up-to-date symlink: /home/zyme/ros_ws/Autoware_sim_test/install/robosense_msgs/include/robosense_msgs/robosense_msgs/msg/rosidl_generator_c__visibility_control.h
[0.550s] -- Up-to-date symlink: /home/zyme/ros_ws/Autoware_sim_test/install/robosense_msgs/share/robosense_msgs/environment/library_path.sh
[0.550s] -- Up-to-date symlink: /home/zyme/ros_ws/Autoware_sim_test/install/robosense_msgs/share/robosense_msgs/environment/library_path.dsv
[0.550s] -- Up-to-date symlink: /home/zyme/ros_ws/Autoware_sim_test/install/robosense_msgs/include/robosense_msgs/robosense_msgs/msg/detail/robosense_info_packet__rosidl_typesupport_fastrtps_c.h
[0.551s] -- Up-to-date symlink: /home/zyme/ros_ws/Autoware_sim_test/install/robosense_msgs/include/robosense_msgs/robosense_msgs/msg/detail/robosense_packet__rosidl_typesupport_fastrtps_c.h
[0.551s] -- Up-to-date symlink: /home/zyme/ros_ws/Autoware_sim_test/install/robosense_msgs/include/robosense_msgs/robosense_msgs/msg/detail/robosense_scan__rosidl_typesupport_fastrtps_c.h
[0.551s] -- Up-to-date symlink: /home/zyme/ros_ws/Autoware_sim_test/install/robosense_msgs/include/robosense_msgs/robosense_msgs/msg/rosidl_typesupport_fastrtps_c__visibility_control.h
[0.551s] -- Up-to-date symlink: /home/zyme/ros_ws/Autoware_sim_test/install/robosense_msgs/include/robosense_msgs/robosense_msgs/msg/detail/robosense_info_packet__builder.hpp
[0.552s] -- Up-to-date symlink: /home/zyme/ros_ws/Autoware_sim_test/install/robosense_msgs/include/robosense_msgs/robosense_msgs/msg/detail/robosense_info_packet__struct.hpp
[0.552s] -- Up-to-date symlink: /home/zyme/ros_ws/Autoware_sim_test/install/robosense_msgs/include/robosense_msgs/robosense_msgs/msg/detail/robosense_info_packet__traits.hpp
[0.552s] -- Up-to-date symlink: /home/zyme/ros_ws/Autoware_sim_test/install/robosense_msgs/include/robosense_msgs/robosense_msgs/msg/detail/robosense_packet__builder.hpp
[0.552s] -- Up-to-date symlink: /home/zyme/ros_ws/Autoware_sim_test/install/robosense_msgs/include/robosense_msgs/robosense_msgs/msg/detail/robosense_packet__struct.hpp
[0.553s] -- Up-to-date symlink: /home/zyme/ros_ws/Autoware_sim_test/install/robosense_msgs/include/robosense_msgs/robosense_msgs/msg/detail/robosense_packet__traits.hpp
[0.553s] -- Up-to-date symlink: /home/zyme/ros_ws/Autoware_sim_test/install/robosense_msgs/include/robosense_msgs/robosense_msgs/msg/detail/robosense_scan__builder.hpp
[0.553s] -- Up-to-date symlink: /home/zyme/ros_ws/Autoware_sim_test/install/robosense_msgs/include/robosense_msgs/robosense_msgs/msg/detail/robosense_scan__struct.hpp
[0.553s] -- Up-to-date symlink: /home/zyme/ros_ws/Autoware_sim_test/install/robosense_msgs/include/robosense_msgs/robosense_msgs/msg/detail/robosense_scan__traits.hpp
[0.553s] -- Up-to-date symlink: /home/zyme/ros_ws/Autoware_sim_test/install/robosense_msgs/include/robosense_msgs/robosense_msgs/msg/robosense_info_packet.hpp
[0.553s] -- Up-to-date symlink: /home/zyme/ros_ws/Autoware_sim_test/install/robosense_msgs/include/robosense_msgs/robosense_msgs/msg/robosense_packet.hpp
[0.554s] -- Up-to-date symlink: /home/zyme/ros_ws/Autoware_sim_test/install/robosense_msgs/include/robosense_msgs/robosense_msgs/msg/robosense_scan.hpp
[0.554s] -- Up-to-date symlink: /home/zyme/ros_ws/Autoware_sim_test/install/robosense_msgs/include/robosense_msgs/robosense_msgs/msg/detail/robosense_info_packet__rosidl_typesupport_fastrtps_cpp.hpp
[0.555s] -- Up-to-date symlink: /home/zyme/ros_ws/Autoware_sim_test/install/robosense_msgs/include/robosense_msgs/robosense_msgs/msg/detail/robosense_packet__rosidl_typesupport_fastrtps_cpp.hpp
[0.555s] -- Up-to-date symlink: /home/zyme/ros_ws/Autoware_sim_test/install/robosense_msgs/include/robosense_msgs/robosense_msgs/msg/detail/robosense_scan__rosidl_typesupport_fastrtps_cpp.hpp
[0.555s] -- Up-to-date symlink: /home/zyme/ros_ws/Autoware_sim_test/install/robosense_msgs/include/robosense_msgs/robosense_msgs/msg/rosidl_typesupport_fastrtps_cpp__visibility_control.h
[0.555s] -- Up-to-date symlink: /home/zyme/ros_ws/Autoware_sim_test/install/robosense_msgs/include/robosense_msgs/robosense_msgs/msg/detail/robosense_info_packet__rosidl_typesupport_introspection_c.h
[0.556s] -- Up-to-date symlink: /home/zyme/ros_ws/Autoware_sim_test/install/robosense_msgs/include/robosense_msgs/robosense_msgs/msg/detail/robosense_packet__rosidl_typesupport_introspection_c.h
[0.556s] -- Up-to-date symlink: /home/zyme/ros_ws/Autoware_sim_test/install/robosense_msgs/include/robosense_msgs/robosense_msgs/msg/detail/robosense_scan__rosidl_typesupport_introspection_c.h
[0.556s] -- Up-to-date symlink: /home/zyme/ros_ws/Autoware_sim_test/install/robosense_msgs/include/robosense_msgs/robosense_msgs/msg/rosidl_typesupport_introspection_c__visibility_control.h
[0.556s] -- Up-to-date symlink: /home/zyme/ros_ws/Autoware_sim_test/install/robosense_msgs/include/robosense_msgs/robosense_msgs/msg/detail/robosense_info_packet__rosidl_typesupport_introspection_cpp.hpp
[0.557s] -- Up-to-date symlink: /home/zyme/ros_ws/Autoware_sim_test/install/robosense_msgs/include/robosense_msgs/robosense_msgs/msg/detail/robosense_packet__rosidl_typesupport_introspection_cpp.hpp
[0.557s] -- Up-to-date symlink: /home/zyme/ros_ws/Autoware_sim_test/install/robosense_msgs/include/robosense_msgs/robosense_msgs/msg/detail/robosense_scan__rosidl_typesupport_introspection_cpp.hpp
[0.557s] -- Up-to-date symlink: /home/zyme/ros_ws/Autoware_sim_test/install/robosense_msgs/share/robosense_msgs/environment/pythonpath.sh
[0.557s] -- Up-to-date symlink: /home/zyme/ros_ws/Autoware_sim_test/install/robosense_msgs/share/robosense_msgs/environment/pythonpath.dsv
[0.558s] -- Up-to-date symlink: /home/zyme/ros_ws/Autoware_sim_test/install/robosense_msgs/local/lib/python3.10/dist-packages/robosense_msgs-0.0.0-py3.10.egg-info/PKG-INFO
[0.558s] -- Up-to-date symlink: /home/zyme/ros_ws/Autoware_sim_test/install/robosense_msgs/local/lib/python3.10/dist-packages/robosense_msgs-0.0.0-py3.10.egg-info/SOURCES.txt
[0.558s] -- Up-to-date symlink: /home/zyme/ros_ws/Autoware_sim_test/install/robosense_msgs/local/lib/python3.10/dist-packages/robosense_msgs-0.0.0-py3.10.egg-info/dependency_links.txt
[0.559s] -- Up-to-date symlink: /home/zyme/ros_ws/Autoware_sim_test/install/robosense_msgs/local/lib/python3.10/dist-packages/robosense_msgs-0.0.0-py3.10.egg-info/top_level.txt
[0.559s] -- Up-to-date symlink: /home/zyme/ros_ws/Autoware_sim_test/install/robosense_msgs/local/lib/python3.10/dist-packages/robosense_msgs/__init__.py
[0.559s] -- Up-to-date symlink: /home/zyme/ros_ws/Autoware_sim_test/install/robosense_msgs/local/lib/python3.10/dist-packages/robosense_msgs/_robosense_msgs_s.ep.rosidl_typesupport_c.c
[0.560s] -- Up-to-date symlink: /home/zyme/ros_ws/Autoware_sim_test/install/robosense_msgs/local/lib/python3.10/dist-packages/robosense_msgs/_robosense_msgs_s.ep.rosidl_typesupport_fastrtps_c.c
[0.560s] -- Up-to-date symlink: /home/zyme/ros_ws/Autoware_sim_test/install/robosense_msgs/local/lib/python3.10/dist-packages/robosense_msgs/_robosense_msgs_s.ep.rosidl_typesupport_introspection_c.c
[0.560s] -- Up-to-date symlink: /home/zyme/ros_ws/Autoware_sim_test/install/robosense_msgs/local/lib/python3.10/dist-packages/robosense_msgs/librobosense_msgs__rosidl_generator_py.so
[0.560s] -- Up-to-date symlink: /home/zyme/ros_ws/Autoware_sim_test/install/robosense_msgs/local/lib/python3.10/dist-packages/robosense_msgs/msg/__init__.py
[0.561s] -- Up-to-date symlink: /home/zyme/ros_ws/Autoware_sim_test/install/robosense_msgs/local/lib/python3.10/dist-packages/robosense_msgs/msg/_robosense_info_packet.py
[0.561s] -- Up-to-date symlink: /home/zyme/ros_ws/Autoware_sim_test/install/robosense_msgs/local/lib/python3.10/dist-packages/robosense_msgs/msg/_robosense_info_packet_s.c
[0.561s] -- Up-to-date symlink: /home/zyme/ros_ws/Autoware_sim_test/install/robosense_msgs/local/lib/python3.10/dist-packages/robosense_msgs/msg/_robosense_packet.py
[0.561s] -- Up-to-date symlink: /home/zyme/ros_ws/Autoware_sim_test/install/robosense_msgs/local/lib/python3.10/dist-packages/robosense_msgs/msg/_robosense_packet_s.c
[0.561s] -- Up-to-date symlink: /home/zyme/ros_ws/Autoware_sim_test/install/robosense_msgs/local/lib/python3.10/dist-packages/robosense_msgs/msg/_robosense_scan.py
[0.562s] -- Up-to-date symlink: /home/zyme/ros_ws/Autoware_sim_test/install/robosense_msgs/local/lib/python3.10/dist-packages/robosense_msgs/msg/_robosense_scan_s.c
[0.562s] -- Up-to-date symlink: /home/zyme/ros_ws/Autoware_sim_test/install/robosense_msgs/local/lib/python3.10/dist-packages/robosense_msgs/robosense_msgs_s__rosidl_typesupport_c.cpython-310-x86_64-linux-gnu.so
[0.562s] -- Up-to-date symlink: /home/zyme/ros_ws/Autoware_sim_test/install/robosense_msgs/local/lib/python3.10/dist-packages/robosense_msgs/robosense_msgs_s__rosidl_typesupport_fastrtps_c.cpython-310-x86_64-linux-gnu.so
[0.562s] -- Up-to-date symlink: /home/zyme/ros_ws/Autoware_sim_test/install/robosense_msgs/local/lib/python3.10/dist-packages/robosense_msgs/robosense_msgs_s__rosidl_typesupport_introspection_c.cpython-310-x86_64-linux-gnu.so
[0.563s] -- Up-to-date symlink: /home/zyme/ros_ws/Autoware_sim_test/install/robosense_msgs/local/lib/python3.10/dist-packages/robosense_msgs/robosense_msgs_s__rosidl_typesupport_fastrtps_c.cpython-310-x86_64-linux-gnu.so
[0.563s] -- Up-to-date symlink: /home/zyme/ros_ws/Autoware_sim_test/install/robosense_msgs/local/lib/python3.10/dist-packages/robosense_msgs/robosense_msgs_s__rosidl_typesupport_introspection_c.cpython-310-x86_64-linux-gnu.so
[0.564s] -- Up-to-date symlink: /home/zyme/ros_ws/Autoware_sim_test/install/robosense_msgs/local/lib/python3.10/dist-packages/robosense_msgs/robosense_msgs_s__rosidl_typesupport_c.cpython-310-x86_64-linux-gnu.so
[0.564s] -- Up-to-date symlink: /home/zyme/ros_ws/Autoware_sim_test/install/robosense_msgs/share/robosense_msgs/msg/RobosensePacket.idl
[0.564s] -- Up-to-date symlink: /home/zyme/ros_ws/Autoware_sim_test/install/robosense_msgs/share/robosense_msgs/msg/RobosenseInfoPacket.idl
[0.565s] -- Up-to-date symlink: /home/zyme/ros_ws/Autoware_sim_test/install/robosense_msgs/share/robosense_msgs/msg/RobosenseScan.idl
[0.565s] -- Up-to-date symlink: /home/zyme/ros_ws/Autoware_sim_test/install/robosense_msgs/share/robosense_msgs/msg/RobosensePacket.msg
[0.565s] -- Up-to-date symlink: /home/zyme/ros_ws/Autoware_sim_test/install/robosense_msgs/share/robosense_msgs/msg/RobosenseInfoPacket.msg
[0.565s] -- Up-to-date symlink: /home/zyme/ros_ws/Autoware_sim_test/install/robosense_msgs/share/robosense_msgs/msg/RobosenseScan.msg
[0.566s] -- Up-to-date symlink: /home/zyme/ros_ws/Autoware_sim_test/install/robosense_msgs/share/ament_index/resource_index/package_run_dependencies/robosense_msgs
[0.566s] -- Up-to-date symlink: /home/zyme/ros_ws/Autoware_sim_test/install/robosense_msgs/share/ament_index/resource_index/parent_prefix_path/robosense_msgs
[0.566s] -- Up-to-date symlink: /home/zyme/ros_ws/Autoware_sim_test/install/robosense_msgs/share/robosense_msgs/environment/ament_prefix_path.sh
[0.567s] -- Up-to-date symlink: /home/zyme/ros_ws/Autoware_sim_test/install/robosense_msgs/share/robosense_msgs/environment/ament_prefix_path.dsv
[0.567s] -- Up-to-date symlink: /home/zyme/ros_ws/Autoware_sim_test/install/robosense_msgs/share/robosense_msgs/environment/path.sh
[0.567s] -- Up-to-date symlink: /home/zyme/ros_ws/Autoware_sim_test/install/robosense_msgs/share/robosense_msgs/environment/path.dsv
[0.567s] -- Up-to-date symlink: /home/zyme/ros_ws/Autoware_sim_test/install/robosense_msgs/share/robosense_msgs/local_setup.bash
[0.568s] -- Up-to-date symlink: /home/zyme/ros_ws/Autoware_sim_test/install/robosense_msgs/share/robosense_msgs/local_setup.sh
[0.568s] -- Up-to-date symlink: /home/zyme/ros_ws/Autoware_sim_test/install/robosense_msgs/share/robosense_msgs/local_setup.zsh
[0.568s] -- Up-to-date symlink: /home/zyme/ros_ws/Autoware_sim_test/install/robosense_msgs/share/robosense_msgs/local_setup.dsv
[0.568s] -- Symlinking: /home/zyme/ros_ws/Autoware_sim_test/install/robosense_msgs/share/robosense_msgs/package.dsv
[0.577s] -- Up-to-date symlink: /home/zyme/ros_ws/Autoware_sim_test/install/robosense_msgs/share/ament_index/resource_index/packages/robosense_msgs
[0.577s] -- Up-to-date symlink: /home/zyme/ros_ws/Autoware_sim_test/install/robosense_msgs/share/robosense_msgs/cmake/rosidl_cmake-extras.cmake
[0.577s] -- Up-to-date symlink: /home/zyme/ros_ws/Autoware_sim_test/install/robosense_msgs/share/robosense_msgs/cmake/ament_cmake_export_dependencies-extras.cmake
[0.578s] -- Up-to-date symlink: /home/zyme/ros_ws/Autoware_sim_test/install/robosense_msgs/share/robosense_msgs/cmake/ament_cmake_export_include_directories-extras.cmake
[0.578s] -- Up-to-date symlink: /home/zyme/ros_ws/Autoware_sim_test/install/robosense_msgs/share/robosense_msgs/cmake/ament_cmake_export_libraries-extras.cmake
[0.578s] -- Up-to-date symlink: /home/zyme/ros_ws/Autoware_sim_test/install/robosense_msgs/share/robosense_msgs/cmake/ament_cmake_export_targets-extras.cmake
[0.578s] -- Up-to-date symlink: /home/zyme/ros_ws/Autoware_sim_test/install/robosense_msgs/share/robosense_msgs/cmake/rosidl_cmake_export_typesupport_targets-extras.cmake
[0.579s] -- Up-to-date symlink: /home/zyme/ros_ws/Autoware_sim_test/install/robosense_msgs/share/robosense_msgs/cmake/rosidl_cmake_export_typesupport_libraries-extras.cmake
[0.579s] -- Up-to-date symlink: /home/zyme/ros_ws/Autoware_sim_test/install/robosense_msgs/share/robosense_msgs/cmake/robosense_msgsConfig.cmake
[0.579s] -- Up-to-date symlink: /home/zyme/ros_ws/Autoware_sim_test/install/robosense_msgs/share/robosense_msgs/cmake/robosense_msgsConfig-version.cmake
[0.579s] -- Up-to-date symlink: /home/zyme/ros_ws/Autoware_sim_test/install/robosense_msgs/share/robosense_msgs/package.xml
[0.580s] -- Up-to-date: /home/zyme/ros_ws/Autoware_sim_test/install/robosense_msgs/lib/librobosense_msgs__rosidl_generator_c.so
[0.581s] -- Up-to-date: /home/zyme/ros_ws/Autoware_sim_test/install/robosense_msgs/lib/librobosense_msgs__rosidl_typesupport_fastrtps_c.so
[0.581s] -- Up-to-date: /home/zyme/ros_ws/Autoware_sim_test/install/robosense_msgs/lib/librobosense_msgs__rosidl_typesupport_fastrtps_cpp.so
[0.582s] -- Up-to-date: /home/zyme/ros_ws/Autoware_sim_test/install/robosense_msgs/lib/librobosense_msgs__rosidl_typesupport_introspection_c.so
[0.583s] -- Up-to-date: /home/zyme/ros_ws/Autoware_sim_test/install/robosense_msgs/lib/librobosense_msgs__rosidl_typesupport_c.so
[0.583s] -- Up-to-date: /home/zyme/ros_ws/Autoware_sim_test/install/robosense_msgs/lib/librobosense_msgs__rosidl_typesupport_introspection_cpp.so
[0.584s] -- Up-to-date: /home/zyme/ros_ws/Autoware_sim_test/install/robosense_msgs/lib/librobosense_msgs__rosidl_typesupport_cpp.so
[0.612s] Listing '/home/zyme/ros_ws/Autoware_sim_test/install/robosense_msgs/local/lib/python3.10/dist-packages/robosense_msgs'...
[0.612s] Listing '/home/zyme/ros_ws/Autoware_sim_test/install/robosense_msgs/local/lib/python3.10/dist-packages/robosense_msgs/msg'...
[0.616s] -- Up-to-date: /home/zyme/ros_ws/Autoware_sim_test/install/robosense_msgs/lib/librobosense_msgs__rosidl_generator_py.so
[0.617s] -- Up-to-date: /home/zyme/ros_ws/Autoware_sim_test/install/robosense_msgs/share/robosense_msgs/cmake/export_robosense_msgs__rosidl_generator_cExport.cmake
[0.617s] -- Up-to-date: /home/zyme/ros_ws/Autoware_sim_test/install/robosense_msgs/share/robosense_msgs/cmake/export_robosense_msgs__rosidl_generator_cExport-release.cmake
[0.618s] -- Up-to-date: /home/zyme/ros_ws/Autoware_sim_test/install/robosense_msgs/share/robosense_msgs/cmake/export_robosense_msgs__rosidl_typesupport_fastrtps_cExport.cmake
[0.618s] -- Up-to-date: /home/zyme/ros_ws/Autoware_sim_test/install/robosense_msgs/share/robosense_msgs/cmake/export_robosense_msgs__rosidl_typesupport_fastrtps_cExport-release.cmake
[0.618s] -- Up-to-date: /home/zyme/ros_ws/Autoware_sim_test/install/robosense_msgs/share/robosense_msgs/cmake/export_robosense_msgs__rosidl_generator_cppExport.cmake
[0.619s] -- Up-to-date: /home/zyme/ros_ws/Autoware_sim_test/install/robosense_msgs/share/robosense_msgs/cmake/export_robosense_msgs__rosidl_typesupport_fastrtps_cppExport.cmake
[0.619s] -- Up-to-date: /home/zyme/ros_ws/Autoware_sim_test/install/robosense_msgs/share/robosense_msgs/cmake/export_robosense_msgs__rosidl_typesupport_fastrtps_cppExport-release.cmake
[0.619s] -- Up-to-date: /home/zyme/ros_ws/Autoware_sim_test/install/robosense_msgs/share/robosense_msgs/cmake/robosense_msgs__rosidl_typesupport_introspection_cExport.cmake
[0.619s] -- Up-to-date: /home/zyme/ros_ws/Autoware_sim_test/install/robosense_msgs/share/robosense_msgs/cmake/robosense_msgs__rosidl_typesupport_introspection_cExport-release.cmake
[0.619s] -- Up-to-date: /home/zyme/ros_ws/Autoware_sim_test/install/robosense_msgs/share/robosense_msgs/cmake/robosense_msgs__rosidl_typesupport_cExport.cmake
[0.619s] -- Up-to-date: /home/zyme/ros_ws/Autoware_sim_test/install/robosense_msgs/share/robosense_msgs/cmake/robosense_msgs__rosidl_typesupport_cExport-release.cmake
[0.619s] -- Up-to-date: /home/zyme/ros_ws/Autoware_sim_test/install/robosense_msgs/share/robosense_msgs/cmake/robosense_msgs__rosidl_typesupport_introspection_cppExport.cmake
[0.619s] -- Up-to-date: /home/zyme/ros_ws/Autoware_sim_test/install/robosense_msgs/share/robosense_msgs/cmake/robosense_msgs__rosidl_typesupport_introspection_cppExport-release.cmake
[0.620s] -- Up-to-date: /home/zyme/ros_ws/Autoware_sim_test/install/robosense_msgs/share/robosense_msgs/cmake/robosense_msgs__rosidl_typesupport_cppExport.cmake
[0.620s] -- Up-to-date: /home/zyme/ros_ws/Autoware_sim_test/install/robosense_msgs/share/robosense_msgs/cmake/robosense_msgs__rosidl_typesupport_cppExport-release.cmake
[0.620s] -- Up-to-date: /home/zyme/ros_ws/Autoware_sim_test/install/robosense_msgs/share/robosense_msgs/cmake/export_robosense_msgs__rosidl_generator_pyExport.cmake
[0.620s] -- Up-to-date: /home/zyme/ros_ws/Autoware_sim_test/install/robosense_msgs/share/robosense_msgs/cmake/export_robosense_msgs__rosidl_generator_pyExport-release.cmake
[0.622s] Invoked command in '/home/zyme/ros_ws/Autoware_sim_test/build/robosense_msgs' returned '0': CMAKE_PREFIX_PATH=/opt/ros/humble /usr/bin/cmake --install /home/zyme/ros_ws/Autoware_sim_test/build/robosense_msgs
