[0.059s] Invoking command in '/home/zyme/ros_ws/Autoware_sim_test/build/eagleye_msgs': AMENT_PREFIX_PATH=/home/zyme/ros_ws/Autoware_sim_test/install/rtklib_msgs:${AMENT_PREFIX_PATH} CMAKE_PREFIX_PATH=/home/zyme/ros_ws/Autoware_sim_test/install/rtklib_msgs:/opt/ros/humble LD_LIBRARY_PATH=/home/zyme/ros_ws/Autoware_sim_test/install/rtklib_msgs/lib:${LD_LIBRARY_PATH} PYTHONPATH=/home/zyme/ros_ws/Autoware_sim_test/install/rtklib_msgs/local/lib/python3.10/dist-packages:${PYTHONPATH} /usr/bin/cmake --build /home/zyme/ros_ws/Autoware_sim_test/build/eagleye_msgs -- -j12 -l12
[0.112s] [  0%] Built target eagleye_msgs__cpp
[0.116s] [ 12%] Built target eagleye_msgs__rosidl_generator_c
[0.120s] [ 12%] Built target ament_cmake_python_symlink_eagleye_msgs
[0.149s] [ 30%] Built target eagleye_msgs__rosidl_typesupport_introspection_cpp
[0.150s] [ 36%] Built target eagleye_msgs__rosidl_typesupport_fastrtps_cpp
[0.152s] [ 50%] Built target eagleye_msgs__rosidl_typesupport_cpp
[0.152s] [ 60%] Built target eagleye_msgs__rosidl_typesupport_introspection_c
[0.154s] [ 72%] Built target eagleye_msgs__rosidl_typesupport_c
[0.160s] [ 84%] Built target eagleye_msgs__rosidl_typesupport_fastrtps_c
[0.180s] [ 84%] Built target eagleye_msgs
[0.201s] [ 85%] Built target eagleye_msgs__py
[0.230s] [ 96%] Built target eagleye_msgs__rosidl_generator_py
[0.253s] [ 99%] Built target eagleye_msgs__rosidl_typesupport_fastrtps_c__pyext
[0.253s] [ 99%] Built target eagleye_msgs__rosidl_typesupport_c__pyext
[0.253s] [100%] Built target eagleye_msgs__rosidl_typesupport_introspection_c__pyext
[0.392s] running egg_info
[0.393s] writing eagleye_msgs.egg-info/PKG-INFO
[0.393s] writing dependency_links to eagleye_msgs.egg-info/dependency_links.txt
[0.393s] writing top-level names to eagleye_msgs.egg-info/top_level.txt
[0.396s] reading manifest file 'eagleye_msgs.egg-info/SOURCES.txt'
[0.396s] writing manifest file 'eagleye_msgs.egg-info/SOURCES.txt'
[0.419s] [100%] Built target ament_cmake_python_build_eagleye_msgs_egg
[0.430s] Invoked command in '/home/zyme/ros_ws/Autoware_sim_test/build/eagleye_msgs' returned '0': AMENT_PREFIX_PATH=/home/zyme/ros_ws/Autoware_sim_test/install/rtklib_msgs:${AMENT_PREFIX_PATH} CMAKE_PREFIX_PATH=/home/zyme/ros_ws/Autoware_sim_test/install/rtklib_msgs:/opt/ros/humble LD_LIBRARY_PATH=/home/zyme/ros_ws/Autoware_sim_test/install/rtklib_msgs/lib:${LD_LIBRARY_PATH} PYTHONPATH=/home/zyme/ros_ws/Autoware_sim_test/install/rtklib_msgs/local/lib/python3.10/dist-packages:${PYTHONPATH} /usr/bin/cmake --build /home/zyme/ros_ws/Autoware_sim_test/build/eagleye_msgs -- -j12 -l12
[0.732s] Invoking command in '/home/zyme/ros_ws/Autoware_sim_test/build/eagleye_msgs': AMENT_PREFIX_PATH=/home/zyme/ros_ws/Autoware_sim_test/install/rtklib_msgs:${AMENT_PREFIX_PATH} CMAKE_PREFIX_PATH=/home/zyme/ros_ws/Autoware_sim_test/install/rtklib_msgs:/opt/ros/humble LD_LIBRARY_PATH=/home/zyme/ros_ws/Autoware_sim_test/install/rtklib_msgs/lib:${LD_LIBRARY_PATH} PYTHONPATH=/home/zyme/ros_ws/Autoware_sim_test/install/rtklib_msgs/local/lib/python3.10/dist-packages:${PYTHONPATH} /usr/bin/cmake --install /home/zyme/ros_ws/Autoware_sim_test/build/eagleye_msgs
[0.739s] -- Install configuration: "Release"
[0.740s] -- Execute custom install script
[0.740s] -- Up-to-date symlink: /home/zyme/ros_ws/Autoware_sim_test/install/eagleye_msgs/share/ament_index/resource_index/rosidl_interfaces/eagleye_msgs
[0.741s] -- Up-to-date symlink: /home/zyme/ros_ws/Autoware_sim_test/install/eagleye_msgs/include/eagleye_msgs/eagleye_msgs/msg/acc_x_offset.h
[0.741s] -- Up-to-date symlink: /home/zyme/ros_ws/Autoware_sim_test/install/eagleye_msgs/include/eagleye_msgs/eagleye_msgs/msg/acc_x_scale_factor.h
[0.741s] -- Up-to-date symlink: /home/zyme/ros_ws/Autoware_sim_test/install/eagleye_msgs/include/eagleye_msgs/eagleye_msgs/msg/acc_y_offset.h
[0.741s] -- Up-to-date symlink: /home/zyme/ros_ws/Autoware_sim_test/install/eagleye_msgs/include/eagleye_msgs/eagleye_msgs/msg/angular_velocity_offset.h
[0.741s] -- Up-to-date symlink: /home/zyme/ros_ws/Autoware_sim_test/install/eagleye_msgs/include/eagleye_msgs/eagleye_msgs/msg/detail/acc_x_offset__functions.h
[0.741s] -- Up-to-date symlink: /home/zyme/ros_ws/Autoware_sim_test/install/eagleye_msgs/include/eagleye_msgs/eagleye_msgs/msg/detail/acc_x_offset__struct.h
[0.742s] -- Up-to-date symlink: /home/zyme/ros_ws/Autoware_sim_test/install/eagleye_msgs/include/eagleye_msgs/eagleye_msgs/msg/detail/acc_x_offset__type_support.h
[0.742s] -- Up-to-date symlink: /home/zyme/ros_ws/Autoware_sim_test/install/eagleye_msgs/include/eagleye_msgs/eagleye_msgs/msg/detail/acc_x_scale_factor__functions.h
[0.742s] -- Up-to-date symlink: /home/zyme/ros_ws/Autoware_sim_test/install/eagleye_msgs/include/eagleye_msgs/eagleye_msgs/msg/detail/acc_x_scale_factor__struct.h
[0.742s] -- Up-to-date symlink: /home/zyme/ros_ws/Autoware_sim_test/install/eagleye_msgs/include/eagleye_msgs/eagleye_msgs/msg/detail/acc_x_scale_factor__type_support.h
[0.742s] -- Up-to-date symlink: /home/zyme/ros_ws/Autoware_sim_test/install/eagleye_msgs/include/eagleye_msgs/eagleye_msgs/msg/detail/acc_y_offset__functions.h
[0.742s] -- Up-to-date symlink: /home/zyme/ros_ws/Autoware_sim_test/install/eagleye_msgs/include/eagleye_msgs/eagleye_msgs/msg/detail/acc_y_offset__struct.h
[0.742s] -- Up-to-date symlink: /home/zyme/ros_ws/Autoware_sim_test/install/eagleye_msgs/include/eagleye_msgs/eagleye_msgs/msg/detail/acc_y_offset__type_support.h
[0.742s] -- Up-to-date symlink: /home/zyme/ros_ws/Autoware_sim_test/install/eagleye_msgs/include/eagleye_msgs/eagleye_msgs/msg/detail/angular_velocity_offset__functions.h
[0.742s] -- Up-to-date symlink: /home/zyme/ros_ws/Autoware_sim_test/install/eagleye_msgs/include/eagleye_msgs/eagleye_msgs/msg/detail/angular_velocity_offset__struct.h
[0.742s] -- Up-to-date symlink: /home/zyme/ros_ws/Autoware_sim_test/install/eagleye_msgs/include/eagleye_msgs/eagleye_msgs/msg/detail/angular_velocity_offset__type_support.h
[0.742s] -- Up-to-date symlink: /home/zyme/ros_ws/Autoware_sim_test/install/eagleye_msgs/include/eagleye_msgs/eagleye_msgs/msg/detail/distance__functions.h
[0.742s] -- Up-to-date symlink: /home/zyme/ros_ws/Autoware_sim_test/install/eagleye_msgs/include/eagleye_msgs/eagleye_msgs/msg/detail/distance__struct.h
[0.743s] -- Up-to-date symlink: /home/zyme/ros_ws/Autoware_sim_test/install/eagleye_msgs/include/eagleye_msgs/eagleye_msgs/msg/detail/distance__type_support.h
[0.743s] -- Up-to-date symlink: /home/zyme/ros_ws/Autoware_sim_test/install/eagleye_msgs/include/eagleye_msgs/eagleye_msgs/msg/detail/heading__functions.h
[0.743s] -- Up-to-date symlink: /home/zyme/ros_ws/Autoware_sim_test/install/eagleye_msgs/include/eagleye_msgs/eagleye_msgs/msg/detail/heading__struct.h
[0.743s] -- Up-to-date symlink: /home/zyme/ros_ws/Autoware_sim_test/install/eagleye_msgs/include/eagleye_msgs/eagleye_msgs/msg/detail/heading__type_support.h
[0.743s] -- Up-to-date symlink: /home/zyme/ros_ws/Autoware_sim_test/install/eagleye_msgs/include/eagleye_msgs/eagleye_msgs/msg/detail/height__functions.h
[0.743s] -- Up-to-date symlink: /home/zyme/ros_ws/Autoware_sim_test/install/eagleye_msgs/include/eagleye_msgs/eagleye_msgs/msg/detail/height__struct.h
[0.743s] -- Up-to-date symlink: /home/zyme/ros_ws/Autoware_sim_test/install/eagleye_msgs/include/eagleye_msgs/eagleye_msgs/msg/detail/height__type_support.h
[0.744s] -- Up-to-date symlink: /home/zyme/ros_ws/Autoware_sim_test/install/eagleye_msgs/include/eagleye_msgs/eagleye_msgs/msg/detail/pitching__functions.h
[0.744s] -- Up-to-date symlink: /home/zyme/ros_ws/Autoware_sim_test/install/eagleye_msgs/include/eagleye_msgs/eagleye_msgs/msg/detail/pitching__struct.h
[0.744s] -- Up-to-date symlink: /home/zyme/ros_ws/Autoware_sim_test/install/eagleye_msgs/include/eagleye_msgs/eagleye_msgs/msg/detail/pitching__type_support.h
[0.744s] -- Up-to-date symlink: /home/zyme/ros_ws/Autoware_sim_test/install/eagleye_msgs/include/eagleye_msgs/eagleye_msgs/msg/detail/position__functions.h
[0.744s] -- Up-to-date symlink: /home/zyme/ros_ws/Autoware_sim_test/install/eagleye_msgs/include/eagleye_msgs/eagleye_msgs/msg/detail/position__struct.h
[0.744s] -- Up-to-date symlink: /home/zyme/ros_ws/Autoware_sim_test/install/eagleye_msgs/include/eagleye_msgs/eagleye_msgs/msg/detail/position__type_support.h
[0.744s] -- Up-to-date symlink: /home/zyme/ros_ws/Autoware_sim_test/install/eagleye_msgs/include/eagleye_msgs/eagleye_msgs/msg/detail/rolling__functions.h
[0.744s] -- Up-to-date symlink: /home/zyme/ros_ws/Autoware_sim_test/install/eagleye_msgs/include/eagleye_msgs/eagleye_msgs/msg/detail/rolling__struct.h
[0.744s] -- Up-to-date symlink: /home/zyme/ros_ws/Autoware_sim_test/install/eagleye_msgs/include/eagleye_msgs/eagleye_msgs/msg/detail/rolling__type_support.h
[0.745s] -- Up-to-date symlink: /home/zyme/ros_ws/Autoware_sim_test/install/eagleye_msgs/include/eagleye_msgs/eagleye_msgs/msg/detail/slip_angle__functions.h
[0.745s] -- Up-to-date symlink: /home/zyme/ros_ws/Autoware_sim_test/install/eagleye_msgs/include/eagleye_msgs/eagleye_msgs/msg/detail/slip_angle__struct.h
[0.745s] -- Up-to-date symlink: /home/zyme/ros_ws/Autoware_sim_test/install/eagleye_msgs/include/eagleye_msgs/eagleye_msgs/msg/detail/slip_angle__type_support.h
[0.745s] -- Up-to-date symlink: /home/zyme/ros_ws/Autoware_sim_test/install/eagleye_msgs/include/eagleye_msgs/eagleye_msgs/msg/detail/status__functions.h
[0.745s] -- Up-to-date symlink: /home/zyme/ros_ws/Autoware_sim_test/install/eagleye_msgs/include/eagleye_msgs/eagleye_msgs/msg/detail/status__struct.h
[0.745s] -- Up-to-date symlink: /home/zyme/ros_ws/Autoware_sim_test/install/eagleye_msgs/include/eagleye_msgs/eagleye_msgs/msg/detail/status__type_support.h
[0.745s] -- Up-to-date symlink: /home/zyme/ros_ws/Autoware_sim_test/install/eagleye_msgs/include/eagleye_msgs/eagleye_msgs/msg/detail/status_stamped__functions.h
[0.745s] -- Up-to-date symlink: /home/zyme/ros_ws/Autoware_sim_test/install/eagleye_msgs/include/eagleye_msgs/eagleye_msgs/msg/detail/status_stamped__struct.h
[0.745s] -- Up-to-date symlink: /home/zyme/ros_ws/Autoware_sim_test/install/eagleye_msgs/include/eagleye_msgs/eagleye_msgs/msg/detail/status_stamped__type_support.h
[0.745s] -- Up-to-date symlink: /home/zyme/ros_ws/Autoware_sim_test/install/eagleye_msgs/include/eagleye_msgs/eagleye_msgs/msg/detail/velocity_scale_factor__functions.h
[0.746s] -- Up-to-date symlink: /home/zyme/ros_ws/Autoware_sim_test/install/eagleye_msgs/include/eagleye_msgs/eagleye_msgs/msg/detail/velocity_scale_factor__struct.h
[0.746s] -- Up-to-date symlink: /home/zyme/ros_ws/Autoware_sim_test/install/eagleye_msgs/include/eagleye_msgs/eagleye_msgs/msg/detail/velocity_scale_factor__type_support.h
[0.746s] -- Up-to-date symlink: /home/zyme/ros_ws/Autoware_sim_test/install/eagleye_msgs/include/eagleye_msgs/eagleye_msgs/msg/detail/yawrate_offset__functions.h
[0.746s] -- Up-to-date symlink: /home/zyme/ros_ws/Autoware_sim_test/install/eagleye_msgs/include/eagleye_msgs/eagleye_msgs/msg/detail/yawrate_offset__struct.h
[0.746s] -- Up-to-date symlink: /home/zyme/ros_ws/Autoware_sim_test/install/eagleye_msgs/include/eagleye_msgs/eagleye_msgs/msg/detail/yawrate_offset__type_support.h
[0.746s] -- Up-to-date symlink: /home/zyme/ros_ws/Autoware_sim_test/install/eagleye_msgs/include/eagleye_msgs/eagleye_msgs/msg/distance.h
[0.746s] -- Up-to-date symlink: /home/zyme/ros_ws/Autoware_sim_test/install/eagleye_msgs/include/eagleye_msgs/eagleye_msgs/msg/heading.h
[0.746s] -- Up-to-date symlink: /home/zyme/ros_ws/Autoware_sim_test/install/eagleye_msgs/include/eagleye_msgs/eagleye_msgs/msg/height.h
[0.746s] -- Up-to-date symlink: /home/zyme/ros_ws/Autoware_sim_test/install/eagleye_msgs/include/eagleye_msgs/eagleye_msgs/msg/pitching.h
[0.747s] -- Up-to-date symlink: /home/zyme/ros_ws/Autoware_sim_test/install/eagleye_msgs/include/eagleye_msgs/eagleye_msgs/msg/position.h
[0.747s] -- Up-to-date symlink: /home/zyme/ros_ws/Autoware_sim_test/install/eagleye_msgs/include/eagleye_msgs/eagleye_msgs/msg/rolling.h
[0.747s] -- Up-to-date symlink: /home/zyme/ros_ws/Autoware_sim_test/install/eagleye_msgs/include/eagleye_msgs/eagleye_msgs/msg/rosidl_generator_c__visibility_control.h
[0.747s] -- Up-to-date symlink: /home/zyme/ros_ws/Autoware_sim_test/install/eagleye_msgs/include/eagleye_msgs/eagleye_msgs/msg/slip_angle.h
[0.747s] -- Up-to-date symlink: /home/zyme/ros_ws/Autoware_sim_test/install/eagleye_msgs/include/eagleye_msgs/eagleye_msgs/msg/status.h
[0.747s] -- Up-to-date symlink: /home/zyme/ros_ws/Autoware_sim_test/install/eagleye_msgs/include/eagleye_msgs/eagleye_msgs/msg/status_stamped.h
[0.747s] -- Up-to-date symlink: /home/zyme/ros_ws/Autoware_sim_test/install/eagleye_msgs/include/eagleye_msgs/eagleye_msgs/msg/velocity_scale_factor.h
[0.747s] -- Up-to-date symlink: /home/zyme/ros_ws/Autoware_sim_test/install/eagleye_msgs/include/eagleye_msgs/eagleye_msgs/msg/yawrate_offset.h
[0.748s] -- Up-to-date symlink: /home/zyme/ros_ws/Autoware_sim_test/install/eagleye_msgs/share/eagleye_msgs/environment/library_path.sh
[0.748s] -- Up-to-date symlink: /home/zyme/ros_ws/Autoware_sim_test/install/eagleye_msgs/share/eagleye_msgs/environment/library_path.dsv
[0.748s] -- Up-to-date symlink: /home/zyme/ros_ws/Autoware_sim_test/install/eagleye_msgs/include/eagleye_msgs/eagleye_msgs/msg/detail/acc_x_offset__rosidl_typesupport_fastrtps_c.h
[0.749s] -- Up-to-date symlink: /home/zyme/ros_ws/Autoware_sim_test/install/eagleye_msgs/include/eagleye_msgs/eagleye_msgs/msg/detail/acc_x_scale_factor__rosidl_typesupport_fastrtps_c.h
[0.749s] -- Up-to-date symlink: /home/zyme/ros_ws/Autoware_sim_test/install/eagleye_msgs/include/eagleye_msgs/eagleye_msgs/msg/detail/acc_y_offset__rosidl_typesupport_fastrtps_c.h
[0.749s] -- Up-to-date symlink: /home/zyme/ros_ws/Autoware_sim_test/install/eagleye_msgs/include/eagleye_msgs/eagleye_msgs/msg/detail/angular_velocity_offset__rosidl_typesupport_fastrtps_c.h
[0.749s] -- Up-to-date symlink: /home/zyme/ros_ws/Autoware_sim_test/install/eagleye_msgs/include/eagleye_msgs/eagleye_msgs/msg/detail/distance__rosidl_typesupport_fastrtps_c.h
[0.749s] -- Up-to-date symlink: /home/zyme/ros_ws/Autoware_sim_test/install/eagleye_msgs/include/eagleye_msgs/eagleye_msgs/msg/detail/heading__rosidl_typesupport_fastrtps_c.h
[0.749s] -- Up-to-date symlink: /home/zyme/ros_ws/Autoware_sim_test/install/eagleye_msgs/include/eagleye_msgs/eagleye_msgs/msg/detail/height__rosidl_typesupport_fastrtps_c.h
[0.749s] -- Up-to-date symlink: /home/zyme/ros_ws/Autoware_sim_test/install/eagleye_msgs/include/eagleye_msgs/eagleye_msgs/msg/detail/pitching__rosidl_typesupport_fastrtps_c.h
[0.749s] -- Up-to-date symlink: /home/zyme/ros_ws/Autoware_sim_test/install/eagleye_msgs/include/eagleye_msgs/eagleye_msgs/msg/detail/position__rosidl_typesupport_fastrtps_c.h
[0.749s] -- Up-to-date symlink: /home/zyme/ros_ws/Autoware_sim_test/install/eagleye_msgs/include/eagleye_msgs/eagleye_msgs/msg/detail/rolling__rosidl_typesupport_fastrtps_c.h
[0.750s] -- Up-to-date symlink: /home/zyme/ros_ws/Autoware_sim_test/install/eagleye_msgs/include/eagleye_msgs/eagleye_msgs/msg/detail/slip_angle__rosidl_typesupport_fastrtps_c.h
[0.750s] -- Up-to-date symlink: /home/zyme/ros_ws/Autoware_sim_test/install/eagleye_msgs/include/eagleye_msgs/eagleye_msgs/msg/detail/status__rosidl_typesupport_fastrtps_c.h
[0.750s] -- Up-to-date symlink: /home/zyme/ros_ws/Autoware_sim_test/install/eagleye_msgs/include/eagleye_msgs/eagleye_msgs/msg/detail/status_stamped__rosidl_typesupport_fastrtps_c.h
[0.750s] -- Up-to-date symlink: /home/zyme/ros_ws/Autoware_sim_test/install/eagleye_msgs/include/eagleye_msgs/eagleye_msgs/msg/detail/velocity_scale_factor__rosidl_typesupport_fastrtps_c.h
[0.750s] -- Up-to-date symlink: /home/zyme/ros_ws/Autoware_sim_test/install/eagleye_msgs/include/eagleye_msgs/eagleye_msgs/msg/detail/yawrate_offset__rosidl_typesupport_fastrtps_c.h
[0.750s] -- Up-to-date symlink: /home/zyme/ros_ws/Autoware_sim_test/install/eagleye_msgs/include/eagleye_msgs/eagleye_msgs/msg/rosidl_typesupport_fastrtps_c__visibility_control.h
[0.751s] -- Up-to-date symlink: /home/zyme/ros_ws/Autoware_sim_test/install/eagleye_msgs/include/eagleye_msgs/eagleye_msgs/msg/detail/acc_x_offset__rosidl_typesupport_introspection_c.h
[0.751s] -- Up-to-date symlink: /home/zyme/ros_ws/Autoware_sim_test/install/eagleye_msgs/include/eagleye_msgs/eagleye_msgs/msg/detail/acc_x_scale_factor__rosidl_typesupport_introspection_c.h
[0.751s] -- Up-to-date symlink: /home/zyme/ros_ws/Autoware_sim_test/install/eagleye_msgs/include/eagleye_msgs/eagleye_msgs/msg/detail/acc_y_offset__rosidl_typesupport_introspection_c.h
[0.751s] -- Up-to-date symlink: /home/zyme/ros_ws/Autoware_sim_test/install/eagleye_msgs/include/eagleye_msgs/eagleye_msgs/msg/detail/angular_velocity_offset__rosidl_typesupport_introspection_c.h
[0.751s] -- Up-to-date symlink: /home/zyme/ros_ws/Autoware_sim_test/install/eagleye_msgs/include/eagleye_msgs/eagleye_msgs/msg/detail/distance__rosidl_typesupport_introspection_c.h
[0.751s] -- Up-to-date symlink: /home/zyme/ros_ws/Autoware_sim_test/install/eagleye_msgs/include/eagleye_msgs/eagleye_msgs/msg/detail/heading__rosidl_typesupport_introspection_c.h
[0.751s] -- Up-to-date symlink: /home/zyme/ros_ws/Autoware_sim_test/install/eagleye_msgs/include/eagleye_msgs/eagleye_msgs/msg/detail/height__rosidl_typesupport_introspection_c.h
[0.751s] -- Up-to-date symlink: /home/zyme/ros_ws/Autoware_sim_test/install/eagleye_msgs/include/eagleye_msgs/eagleye_msgs/msg/detail/pitching__rosidl_typesupport_introspection_c.h
[0.752s] -- Up-to-date symlink: /home/zyme/ros_ws/Autoware_sim_test/install/eagleye_msgs/include/eagleye_msgs/eagleye_msgs/msg/detail/position__rosidl_typesupport_introspection_c.h
[0.752s] -- Up-to-date symlink: /home/zyme/ros_ws/Autoware_sim_test/install/eagleye_msgs/include/eagleye_msgs/eagleye_msgs/msg/detail/rolling__rosidl_typesupport_introspection_c.h
[0.752s] -- Up-to-date symlink: /home/zyme/ros_ws/Autoware_sim_test/install/eagleye_msgs/include/eagleye_msgs/eagleye_msgs/msg/detail/slip_angle__rosidl_typesupport_introspection_c.h
[0.752s] -- Up-to-date symlink: /home/zyme/ros_ws/Autoware_sim_test/install/eagleye_msgs/include/eagleye_msgs/eagleye_msgs/msg/detail/status__rosidl_typesupport_introspection_c.h
[0.752s] -- Up-to-date symlink: /home/zyme/ros_ws/Autoware_sim_test/install/eagleye_msgs/include/eagleye_msgs/eagleye_msgs/msg/detail/status_stamped__rosidl_typesupport_introspection_c.h
[0.752s] -- Up-to-date symlink: /home/zyme/ros_ws/Autoware_sim_test/install/eagleye_msgs/include/eagleye_msgs/eagleye_msgs/msg/detail/velocity_scale_factor__rosidl_typesupport_introspection_c.h
[0.752s] -- Up-to-date symlink: /home/zyme/ros_ws/Autoware_sim_test/install/eagleye_msgs/include/eagleye_msgs/eagleye_msgs/msg/detail/yawrate_offset__rosidl_typesupport_introspection_c.h
[0.752s] -- Up-to-date symlink: /home/zyme/ros_ws/Autoware_sim_test/install/eagleye_msgs/include/eagleye_msgs/eagleye_msgs/msg/rosidl_typesupport_introspection_c__visibility_control.h
[0.753s] -- Up-to-date symlink: /home/zyme/ros_ws/Autoware_sim_test/install/eagleye_msgs/include/eagleye_msgs/eagleye_msgs/msg/acc_x_offset.hpp
[0.753s] -- Up-to-date symlink: /home/zyme/ros_ws/Autoware_sim_test/install/eagleye_msgs/include/eagleye_msgs/eagleye_msgs/msg/acc_x_scale_factor.hpp
[0.753s] -- Up-to-date symlink: /home/zyme/ros_ws/Autoware_sim_test/install/eagleye_msgs/include/eagleye_msgs/eagleye_msgs/msg/acc_y_offset.hpp
[0.753s] -- Up-to-date symlink: /home/zyme/ros_ws/Autoware_sim_test/install/eagleye_msgs/include/eagleye_msgs/eagleye_msgs/msg/angular_velocity_offset.hpp
[0.754s] -- Up-to-date symlink: /home/zyme/ros_ws/Autoware_sim_test/install/eagleye_msgs/include/eagleye_msgs/eagleye_msgs/msg/detail/acc_x_offset__builder.hpp
[0.754s] -- Up-to-date symlink: /home/zyme/ros_ws/Autoware_sim_test/install/eagleye_msgs/include/eagleye_msgs/eagleye_msgs/msg/detail/acc_x_offset__struct.hpp
[0.754s] -- Up-to-date symlink: /home/zyme/ros_ws/Autoware_sim_test/install/eagleye_msgs/include/eagleye_msgs/eagleye_msgs/msg/detail/acc_x_offset__traits.hpp
[0.754s] -- Up-to-date symlink: /home/zyme/ros_ws/Autoware_sim_test/install/eagleye_msgs/include/eagleye_msgs/eagleye_msgs/msg/detail/acc_x_scale_factor__builder.hpp
[0.754s] -- Up-to-date symlink: /home/zyme/ros_ws/Autoware_sim_test/install/eagleye_msgs/include/eagleye_msgs/eagleye_msgs/msg/detail/acc_x_scale_factor__struct.hpp
[0.754s] -- Up-to-date symlink: /home/zyme/ros_ws/Autoware_sim_test/install/eagleye_msgs/include/eagleye_msgs/eagleye_msgs/msg/detail/acc_x_scale_factor__traits.hpp
[0.754s] -- Up-to-date symlink: /home/zyme/ros_ws/Autoware_sim_test/install/eagleye_msgs/include/eagleye_msgs/eagleye_msgs/msg/detail/acc_y_offset__builder.hpp
[0.754s] -- Up-to-date symlink: /home/zyme/ros_ws/Autoware_sim_test/install/eagleye_msgs/include/eagleye_msgs/eagleye_msgs/msg/detail/acc_y_offset__struct.hpp
[0.754s] -- Up-to-date symlink: /home/zyme/ros_ws/Autoware_sim_test/install/eagleye_msgs/include/eagleye_msgs/eagleye_msgs/msg/detail/acc_y_offset__traits.hpp
[0.755s] -- Up-to-date symlink: /home/zyme/ros_ws/Autoware_sim_test/install/eagleye_msgs/include/eagleye_msgs/eagleye_msgs/msg/detail/angular_velocity_offset__builder.hpp
[0.755s] -- Up-to-date symlink: /home/zyme/ros_ws/Autoware_sim_test/install/eagleye_msgs/include/eagleye_msgs/eagleye_msgs/msg/detail/angular_velocity_offset__struct.hpp
[0.755s] -- Up-to-date symlink: /home/zyme/ros_ws/Autoware_sim_test/install/eagleye_msgs/include/eagleye_msgs/eagleye_msgs/msg/detail/angular_velocity_offset__traits.hpp
[0.755s] -- Up-to-date symlink: /home/zyme/ros_ws/Autoware_sim_test/install/eagleye_msgs/include/eagleye_msgs/eagleye_msgs/msg/detail/distance__builder.hpp
[0.755s] -- Up-to-date symlink: /home/zyme/ros_ws/Autoware_sim_test/install/eagleye_msgs/include/eagleye_msgs/eagleye_msgs/msg/detail/distance__struct.hpp
[0.755s] -- Up-to-date symlink: /home/zyme/ros_ws/Autoware_sim_test/install/eagleye_msgs/include/eagleye_msgs/eagleye_msgs/msg/detail/distance__traits.hpp
[0.755s] -- Up-to-date symlink: /home/zyme/ros_ws/Autoware_sim_test/install/eagleye_msgs/include/eagleye_msgs/eagleye_msgs/msg/detail/heading__builder.hpp
[0.756s] -- Up-to-date symlink: /home/zyme/ros_ws/Autoware_sim_test/install/eagleye_msgs/include/eagleye_msgs/eagleye_msgs/msg/detail/heading__struct.hpp
[0.756s] -- Up-to-date symlink: /home/zyme/ros_ws/Autoware_sim_test/install/eagleye_msgs/include/eagleye_msgs/eagleye_msgs/msg/detail/heading__traits.hpp
[0.756s] -- Up-to-date symlink: /home/zyme/ros_ws/Autoware_sim_test/install/eagleye_msgs/include/eagleye_msgs/eagleye_msgs/msg/detail/height__builder.hpp
[0.756s] -- Up-to-date symlink: /home/zyme/ros_ws/Autoware_sim_test/install/eagleye_msgs/include/eagleye_msgs/eagleye_msgs/msg/detail/height__struct.hpp
[0.756s] -- Up-to-date symlink: /home/zyme/ros_ws/Autoware_sim_test/install/eagleye_msgs/include/eagleye_msgs/eagleye_msgs/msg/detail/height__traits.hpp
[0.756s] -- Up-to-date symlink: /home/zyme/ros_ws/Autoware_sim_test/install/eagleye_msgs/include/eagleye_msgs/eagleye_msgs/msg/detail/pitching__builder.hpp
[0.756s] -- Up-to-date symlink: /home/zyme/ros_ws/Autoware_sim_test/install/eagleye_msgs/include/eagleye_msgs/eagleye_msgs/msg/detail/pitching__struct.hpp
[0.756s] -- Up-to-date symlink: /home/zyme/ros_ws/Autoware_sim_test/install/eagleye_msgs/include/eagleye_msgs/eagleye_msgs/msg/detail/pitching__traits.hpp
[0.756s] -- Up-to-date symlink: /home/zyme/ros_ws/Autoware_sim_test/install/eagleye_msgs/include/eagleye_msgs/eagleye_msgs/msg/detail/position__builder.hpp
[0.757s] -- Up-to-date symlink: /home/zyme/ros_ws/Autoware_sim_test/install/eagleye_msgs/include/eagleye_msgs/eagleye_msgs/msg/detail/position__struct.hpp
[0.757s] -- Up-to-date symlink: /home/zyme/ros_ws/Autoware_sim_test/install/eagleye_msgs/include/eagleye_msgs/eagleye_msgs/msg/detail/position__traits.hpp
[0.757s] -- Up-to-date symlink: /home/zyme/ros_ws/Autoware_sim_test/install/eagleye_msgs/include/eagleye_msgs/eagleye_msgs/msg/detail/rolling__builder.hpp
[0.757s] -- Up-to-date symlink: /home/zyme/ros_ws/Autoware_sim_test/install/eagleye_msgs/include/eagleye_msgs/eagleye_msgs/msg/detail/rolling__struct.hpp
[0.757s] -- Up-to-date symlink: /home/zyme/ros_ws/Autoware_sim_test/install/eagleye_msgs/include/eagleye_msgs/eagleye_msgs/msg/detail/rolling__traits.hpp
[0.757s] -- Up-to-date symlink: /home/zyme/ros_ws/Autoware_sim_test/install/eagleye_msgs/include/eagleye_msgs/eagleye_msgs/msg/detail/slip_angle__builder.hpp
[0.757s] -- Up-to-date symlink: /home/zyme/ros_ws/Autoware_sim_test/install/eagleye_msgs/include/eagleye_msgs/eagleye_msgs/msg/detail/slip_angle__struct.hpp
[0.757s] -- Up-to-date symlink: /home/zyme/ros_ws/Autoware_sim_test/install/eagleye_msgs/include/eagleye_msgs/eagleye_msgs/msg/detail/slip_angle__traits.hpp
[0.757s] -- Up-to-date symlink: /home/zyme/ros_ws/Autoware_sim_test/install/eagleye_msgs/include/eagleye_msgs/eagleye_msgs/msg/detail/status__builder.hpp
[0.757s] -- Up-to-date symlink: /home/zyme/ros_ws/Autoware_sim_test/install/eagleye_msgs/include/eagleye_msgs/eagleye_msgs/msg/detail/status__struct.hpp
[0.758s] -- Up-to-date symlink: /home/zyme/ros_ws/Autoware_sim_test/install/eagleye_msgs/include/eagleye_msgs/eagleye_msgs/msg/detail/status__traits.hpp
[0.758s] -- Up-to-date symlink: /home/zyme/ros_ws/Autoware_sim_test/install/eagleye_msgs/include/eagleye_msgs/eagleye_msgs/msg/detail/status_stamped__builder.hpp
[0.758s] -- Up-to-date symlink: /home/zyme/ros_ws/Autoware_sim_test/install/eagleye_msgs/include/eagleye_msgs/eagleye_msgs/msg/detail/status_stamped__struct.hpp
[0.758s] -- Up-to-date symlink: /home/zyme/ros_ws/Autoware_sim_test/install/eagleye_msgs/include/eagleye_msgs/eagleye_msgs/msg/detail/status_stamped__traits.hpp
[0.758s] -- Up-to-date symlink: /home/zyme/ros_ws/Autoware_sim_test/install/eagleye_msgs/include/eagleye_msgs/eagleye_msgs/msg/detail/velocity_scale_factor__builder.hpp
[0.758s] -- Up-to-date symlink: /home/zyme/ros_ws/Autoware_sim_test/install/eagleye_msgs/include/eagleye_msgs/eagleye_msgs/msg/detail/velocity_scale_factor__struct.hpp
[0.758s] -- Up-to-date symlink: /home/zyme/ros_ws/Autoware_sim_test/install/eagleye_msgs/include/eagleye_msgs/eagleye_msgs/msg/detail/velocity_scale_factor__traits.hpp
[0.758s] -- Up-to-date symlink: /home/zyme/ros_ws/Autoware_sim_test/install/eagleye_msgs/include/eagleye_msgs/eagleye_msgs/msg/detail/yawrate_offset__builder.hpp
[0.758s] -- Up-to-date symlink: /home/zyme/ros_ws/Autoware_sim_test/install/eagleye_msgs/include/eagleye_msgs/eagleye_msgs/msg/detail/yawrate_offset__struct.hpp
[0.759s] -- Up-to-date symlink: /home/zyme/ros_ws/Autoware_sim_test/install/eagleye_msgs/include/eagleye_msgs/eagleye_msgs/msg/detail/yawrate_offset__traits.hpp
[0.759s] -- Up-to-date symlink: /home/zyme/ros_ws/Autoware_sim_test/install/eagleye_msgs/include/eagleye_msgs/eagleye_msgs/msg/distance.hpp
[0.759s] -- Up-to-date symlink: /home/zyme/ros_ws/Autoware_sim_test/install/eagleye_msgs/include/eagleye_msgs/eagleye_msgs/msg/heading.hpp
[0.759s] -- Up-to-date symlink: /home/zyme/ros_ws/Autoware_sim_test/install/eagleye_msgs/include/eagleye_msgs/eagleye_msgs/msg/height.hpp
[0.759s] -- Up-to-date symlink: /home/zyme/ros_ws/Autoware_sim_test/install/eagleye_msgs/include/eagleye_msgs/eagleye_msgs/msg/pitching.hpp
[0.759s] -- Up-to-date symlink: /home/zyme/ros_ws/Autoware_sim_test/install/eagleye_msgs/include/eagleye_msgs/eagleye_msgs/msg/position.hpp
[0.760s] -- Up-to-date symlink: /home/zyme/ros_ws/Autoware_sim_test/install/eagleye_msgs/include/eagleye_msgs/eagleye_msgs/msg/rolling.hpp
[0.760s] -- Up-to-date symlink: /home/zyme/ros_ws/Autoware_sim_test/install/eagleye_msgs/include/eagleye_msgs/eagleye_msgs/msg/slip_angle.hpp
[0.760s] -- Up-to-date symlink: /home/zyme/ros_ws/Autoware_sim_test/install/eagleye_msgs/include/eagleye_msgs/eagleye_msgs/msg/status.hpp
[0.760s] -- Up-to-date symlink: /home/zyme/ros_ws/Autoware_sim_test/install/eagleye_msgs/include/eagleye_msgs/eagleye_msgs/msg/status_stamped.hpp
[0.760s] -- Up-to-date symlink: /home/zyme/ros_ws/Autoware_sim_test/install/eagleye_msgs/include/eagleye_msgs/eagleye_msgs/msg/velocity_scale_factor.hpp
[0.760s] -- Up-to-date symlink: /home/zyme/ros_ws/Autoware_sim_test/install/eagleye_msgs/include/eagleye_msgs/eagleye_msgs/msg/yawrate_offset.hpp
[0.761s] -- Up-to-date symlink: /home/zyme/ros_ws/Autoware_sim_test/install/eagleye_msgs/include/eagleye_msgs/eagleye_msgs/msg/detail/acc_x_offset__rosidl_typesupport_fastrtps_cpp.hpp
[0.761s] -- Up-to-date symlink: /home/zyme/ros_ws/Autoware_sim_test/install/eagleye_msgs/include/eagleye_msgs/eagleye_msgs/msg/detail/acc_x_scale_factor__rosidl_typesupport_fastrtps_cpp.hpp
[0.761s] -- Up-to-date symlink: /home/zyme/ros_ws/Autoware_sim_test/install/eagleye_msgs/include/eagleye_msgs/eagleye_msgs/msg/detail/acc_y_offset__rosidl_typesupport_fastrtps_cpp.hpp
[0.761s] -- Up-to-date symlink: /home/zyme/ros_ws/Autoware_sim_test/install/eagleye_msgs/include/eagleye_msgs/eagleye_msgs/msg/detail/angular_velocity_offset__rosidl_typesupport_fastrtps_cpp.hpp
[0.761s] -- Up-to-date symlink: /home/zyme/ros_ws/Autoware_sim_test/install/eagleye_msgs/include/eagleye_msgs/eagleye_msgs/msg/detail/distance__rosidl_typesupport_fastrtps_cpp.hpp
[0.761s] -- Up-to-date symlink: /home/zyme/ros_ws/Autoware_sim_test/install/eagleye_msgs/include/eagleye_msgs/eagleye_msgs/msg/detail/heading__rosidl_typesupport_fastrtps_cpp.hpp
[0.762s] -- Up-to-date symlink: /home/zyme/ros_ws/Autoware_sim_test/install/eagleye_msgs/include/eagleye_msgs/eagleye_msgs/msg/detail/height__rosidl_typesupport_fastrtps_cpp.hpp
[0.762s] -- Up-to-date symlink: /home/zyme/ros_ws/Autoware_sim_test/install/eagleye_msgs/include/eagleye_msgs/eagleye_msgs/msg/detail/pitching__rosidl_typesupport_fastrtps_cpp.hpp
[0.762s] -- Up-to-date symlink: /home/zyme/ros_ws/Autoware_sim_test/install/eagleye_msgs/include/eagleye_msgs/eagleye_msgs/msg/detail/position__rosidl_typesupport_fastrtps_cpp.hpp
[0.762s] -- Up-to-date symlink: /home/zyme/ros_ws/Autoware_sim_test/install/eagleye_msgs/include/eagleye_msgs/eagleye_msgs/msg/detail/rolling__rosidl_typesupport_fastrtps_cpp.hpp
[0.762s] -- Up-to-date symlink: /home/zyme/ros_ws/Autoware_sim_test/install/eagleye_msgs/include/eagleye_msgs/eagleye_msgs/msg/detail/slip_angle__rosidl_typesupport_fastrtps_cpp.hpp
[0.762s] -- Up-to-date symlink: /home/zyme/ros_ws/Autoware_sim_test/install/eagleye_msgs/include/eagleye_msgs/eagleye_msgs/msg/detail/status__rosidl_typesupport_fastrtps_cpp.hpp
[0.762s] -- Up-to-date symlink: /home/zyme/ros_ws/Autoware_sim_test/install/eagleye_msgs/include/eagleye_msgs/eagleye_msgs/msg/detail/status_stamped__rosidl_typesupport_fastrtps_cpp.hpp
[0.762s] -- Up-to-date symlink: /home/zyme/ros_ws/Autoware_sim_test/install/eagleye_msgs/include/eagleye_msgs/eagleye_msgs/msg/detail/velocity_scale_factor__rosidl_typesupport_fastrtps_cpp.hpp
[0.762s] -- Up-to-date symlink: /home/zyme/ros_ws/Autoware_sim_test/install/eagleye_msgs/include/eagleye_msgs/eagleye_msgs/msg/detail/yawrate_offset__rosidl_typesupport_fastrtps_cpp.hpp
[0.762s] -- Up-to-date symlink: /home/zyme/ros_ws/Autoware_sim_test/install/eagleye_msgs/include/eagleye_msgs/eagleye_msgs/msg/rosidl_typesupport_fastrtps_cpp__visibility_control.h
[0.763s] -- Up-to-date symlink: /home/zyme/ros_ws/Autoware_sim_test/install/eagleye_msgs/include/eagleye_msgs/eagleye_msgs/msg/detail/acc_x_offset__rosidl_typesupport_introspection_cpp.hpp
[0.763s] -- Up-to-date symlink: /home/zyme/ros_ws/Autoware_sim_test/install/eagleye_msgs/include/eagleye_msgs/eagleye_msgs/msg/detail/acc_x_scale_factor__rosidl_typesupport_introspection_cpp.hpp
[0.763s] -- Up-to-date symlink: /home/zyme/ros_ws/Autoware_sim_test/install/eagleye_msgs/include/eagleye_msgs/eagleye_msgs/msg/detail/acc_y_offset__rosidl_typesupport_introspection_cpp.hpp
[0.764s] -- Up-to-date symlink: /home/zyme/ros_ws/Autoware_sim_test/install/eagleye_msgs/include/eagleye_msgs/eagleye_msgs/msg/detail/angular_velocity_offset__rosidl_typesupport_introspection_cpp.hpp
[0.764s] -- Up-to-date symlink: /home/zyme/ros_ws/Autoware_sim_test/install/eagleye_msgs/include/eagleye_msgs/eagleye_msgs/msg/detail/distance__rosidl_typesupport_introspection_cpp.hpp
[0.764s] -- Up-to-date symlink: /home/zyme/ros_ws/Autoware_sim_test/install/eagleye_msgs/include/eagleye_msgs/eagleye_msgs/msg/detail/heading__rosidl_typesupport_introspection_cpp.hpp
[0.764s] -- Up-to-date symlink: /home/zyme/ros_ws/Autoware_sim_test/install/eagleye_msgs/include/eagleye_msgs/eagleye_msgs/msg/detail/height__rosidl_typesupport_introspection_cpp.hpp
[0.764s] -- Up-to-date symlink: /home/zyme/ros_ws/Autoware_sim_test/install/eagleye_msgs/include/eagleye_msgs/eagleye_msgs/msg/detail/pitching__rosidl_typesupport_introspection_cpp.hpp
[0.764s] -- Up-to-date symlink: /home/zyme/ros_ws/Autoware_sim_test/install/eagleye_msgs/include/eagleye_msgs/eagleye_msgs/msg/detail/position__rosidl_typesupport_introspection_cpp.hpp
[0.764s] -- Up-to-date symlink: /home/zyme/ros_ws/Autoware_sim_test/install/eagleye_msgs/include/eagleye_msgs/eagleye_msgs/msg/detail/rolling__rosidl_typesupport_introspection_cpp.hpp
[0.764s] -- Up-to-date symlink: /home/zyme/ros_ws/Autoware_sim_test/install/eagleye_msgs/include/eagleye_msgs/eagleye_msgs/msg/detail/slip_angle__rosidl_typesupport_introspection_cpp.hpp
[0.764s] -- Up-to-date symlink: /home/zyme/ros_ws/Autoware_sim_test/install/eagleye_msgs/include/eagleye_msgs/eagleye_msgs/msg/detail/status__rosidl_typesupport_introspection_cpp.hpp
[0.764s] -- Up-to-date symlink: /home/zyme/ros_ws/Autoware_sim_test/install/eagleye_msgs/include/eagleye_msgs/eagleye_msgs/msg/detail/status_stamped__rosidl_typesupport_introspection_cpp.hpp
[0.765s] -- Up-to-date symlink: /home/zyme/ros_ws/Autoware_sim_test/install/eagleye_msgs/include/eagleye_msgs/eagleye_msgs/msg/detail/velocity_scale_factor__rosidl_typesupport_introspection_cpp.hpp
[0.765s] -- Up-to-date symlink: /home/zyme/ros_ws/Autoware_sim_test/install/eagleye_msgs/include/eagleye_msgs/eagleye_msgs/msg/detail/yawrate_offset__rosidl_typesupport_introspection_cpp.hpp
[0.765s] -- Up-to-date symlink: /home/zyme/ros_ws/Autoware_sim_test/install/eagleye_msgs/share/eagleye_msgs/environment/pythonpath.sh
[0.765s] -- Up-to-date symlink: /home/zyme/ros_ws/Autoware_sim_test/install/eagleye_msgs/share/eagleye_msgs/environment/pythonpath.dsv
[0.765s] -- Up-to-date symlink: /home/zyme/ros_ws/Autoware_sim_test/install/eagleye_msgs/local/lib/python3.10/dist-packages/eagleye_msgs-0.0.0-py3.10.egg-info/PKG-INFO
[0.765s] -- Up-to-date symlink: /home/zyme/ros_ws/Autoware_sim_test/install/eagleye_msgs/local/lib/python3.10/dist-packages/eagleye_msgs-0.0.0-py3.10.egg-info/SOURCES.txt
[0.765s] -- Up-to-date symlink: /home/zyme/ros_ws/Autoware_sim_test/install/eagleye_msgs/local/lib/python3.10/dist-packages/eagleye_msgs-0.0.0-py3.10.egg-info/dependency_links.txt
[0.766s] -- Up-to-date symlink: /home/zyme/ros_ws/Autoware_sim_test/install/eagleye_msgs/local/lib/python3.10/dist-packages/eagleye_msgs-0.0.0-py3.10.egg-info/top_level.txt
[0.767s] -- Up-to-date symlink: /home/zyme/ros_ws/Autoware_sim_test/install/eagleye_msgs/local/lib/python3.10/dist-packages/eagleye_msgs/__init__.py
[0.767s] -- Up-to-date symlink: /home/zyme/ros_ws/Autoware_sim_test/install/eagleye_msgs/local/lib/python3.10/dist-packages/eagleye_msgs/_eagleye_msgs_s.ep.rosidl_typesupport_c.c
[0.767s] -- Up-to-date symlink: /home/zyme/ros_ws/Autoware_sim_test/install/eagleye_msgs/local/lib/python3.10/dist-packages/eagleye_msgs/_eagleye_msgs_s.ep.rosidl_typesupport_fastrtps_c.c
[0.767s] -- Up-to-date symlink: /home/zyme/ros_ws/Autoware_sim_test/install/eagleye_msgs/local/lib/python3.10/dist-packages/eagleye_msgs/_eagleye_msgs_s.ep.rosidl_typesupport_introspection_c.c
[0.767s] -- Up-to-date symlink: /home/zyme/ros_ws/Autoware_sim_test/install/eagleye_msgs/local/lib/python3.10/dist-packages/eagleye_msgs/eagleye_msgs_s__rosidl_typesupport_c.cpython-310-x86_64-linux-gnu.so
[0.767s] -- Up-to-date symlink: /home/zyme/ros_ws/Autoware_sim_test/install/eagleye_msgs/local/lib/python3.10/dist-packages/eagleye_msgs/eagleye_msgs_s__rosidl_typesupport_fastrtps_c.cpython-310-x86_64-linux-gnu.so
[0.767s] -- Up-to-date symlink: /home/zyme/ros_ws/Autoware_sim_test/install/eagleye_msgs/local/lib/python3.10/dist-packages/eagleye_msgs/eagleye_msgs_s__rosidl_typesupport_introspection_c.cpython-310-x86_64-linux-gnu.so
[0.767s] -- Up-to-date symlink: /home/zyme/ros_ws/Autoware_sim_test/install/eagleye_msgs/local/lib/python3.10/dist-packages/eagleye_msgs/libeagleye_msgs__rosidl_generator_py.so
[0.767s] -- Up-to-date symlink: /home/zyme/ros_ws/Autoware_sim_test/install/eagleye_msgs/local/lib/python3.10/dist-packages/eagleye_msgs/msg/__init__.py
[0.768s] -- Up-to-date symlink: /home/zyme/ros_ws/Autoware_sim_test/install/eagleye_msgs/local/lib/python3.10/dist-packages/eagleye_msgs/msg/_acc_x_offset.py
[0.768s] -- Up-to-date symlink: /home/zyme/ros_ws/Autoware_sim_test/install/eagleye_msgs/local/lib/python3.10/dist-packages/eagleye_msgs/msg/_acc_x_offset_s.c
[0.768s] -- Up-to-date symlink: /home/zyme/ros_ws/Autoware_sim_test/install/eagleye_msgs/local/lib/python3.10/dist-packages/eagleye_msgs/msg/_acc_x_scale_factor.py
[0.768s] -- Up-to-date symlink: /home/zyme/ros_ws/Autoware_sim_test/install/eagleye_msgs/local/lib/python3.10/dist-packages/eagleye_msgs/msg/_acc_x_scale_factor_s.c
[0.768s] -- Up-to-date symlink: /home/zyme/ros_ws/Autoware_sim_test/install/eagleye_msgs/local/lib/python3.10/dist-packages/eagleye_msgs/msg/_acc_y_offset.py
[0.768s] -- Up-to-date symlink: /home/zyme/ros_ws/Autoware_sim_test/install/eagleye_msgs/local/lib/python3.10/dist-packages/eagleye_msgs/msg/_acc_y_offset_s.c
[0.768s] -- Up-to-date symlink: /home/zyme/ros_ws/Autoware_sim_test/install/eagleye_msgs/local/lib/python3.10/dist-packages/eagleye_msgs/msg/_angular_velocity_offset.py
[0.768s] -- Up-to-date symlink: /home/zyme/ros_ws/Autoware_sim_test/install/eagleye_msgs/local/lib/python3.10/dist-packages/eagleye_msgs/msg/_angular_velocity_offset_s.c
[0.768s] -- Up-to-date symlink: /home/zyme/ros_ws/Autoware_sim_test/install/eagleye_msgs/local/lib/python3.10/dist-packages/eagleye_msgs/msg/_distance.py
[0.768s] -- Up-to-date symlink: /home/zyme/ros_ws/Autoware_sim_test/install/eagleye_msgs/local/lib/python3.10/dist-packages/eagleye_msgs/msg/_distance_s.c
[0.769s] -- Up-to-date symlink: /home/zyme/ros_ws/Autoware_sim_test/install/eagleye_msgs/local/lib/python3.10/dist-packages/eagleye_msgs/msg/_heading.py
[0.769s] -- Up-to-date symlink: /home/zyme/ros_ws/Autoware_sim_test/install/eagleye_msgs/local/lib/python3.10/dist-packages/eagleye_msgs/msg/_heading_s.c
[0.769s] -- Up-to-date symlink: /home/zyme/ros_ws/Autoware_sim_test/install/eagleye_msgs/local/lib/python3.10/dist-packages/eagleye_msgs/msg/_height.py
[0.769s] -- Up-to-date symlink: /home/zyme/ros_ws/Autoware_sim_test/install/eagleye_msgs/local/lib/python3.10/dist-packages/eagleye_msgs/msg/_height_s.c
[0.769s] -- Up-to-date symlink: /home/zyme/ros_ws/Autoware_sim_test/install/eagleye_msgs/local/lib/python3.10/dist-packages/eagleye_msgs/msg/_pitching.py
[0.769s] -- Up-to-date symlink: /home/zyme/ros_ws/Autoware_sim_test/install/eagleye_msgs/local/lib/python3.10/dist-packages/eagleye_msgs/msg/_pitching_s.c
[0.769s] -- Up-to-date symlink: /home/zyme/ros_ws/Autoware_sim_test/install/eagleye_msgs/local/lib/python3.10/dist-packages/eagleye_msgs/msg/_position.py
[0.769s] -- Up-to-date symlink: /home/zyme/ros_ws/Autoware_sim_test/install/eagleye_msgs/local/lib/python3.10/dist-packages/eagleye_msgs/msg/_position_s.c
[0.770s] -- Up-to-date symlink: /home/zyme/ros_ws/Autoware_sim_test/install/eagleye_msgs/local/lib/python3.10/dist-packages/eagleye_msgs/msg/_rolling.py
[0.770s] -- Up-to-date symlink: /home/zyme/ros_ws/Autoware_sim_test/install/eagleye_msgs/local/lib/python3.10/dist-packages/eagleye_msgs/msg/_rolling_s.c
[0.770s] -- Up-to-date symlink: /home/zyme/ros_ws/Autoware_sim_test/install/eagleye_msgs/local/lib/python3.10/dist-packages/eagleye_msgs/msg/_slip_angle.py
[0.770s] -- Up-to-date symlink: /home/zyme/ros_ws/Autoware_sim_test/install/eagleye_msgs/local/lib/python3.10/dist-packages/eagleye_msgs/msg/_slip_angle_s.c
[0.770s] -- Up-to-date symlink: /home/zyme/ros_ws/Autoware_sim_test/install/eagleye_msgs/local/lib/python3.10/dist-packages/eagleye_msgs/msg/_status.py
[0.770s] -- Up-to-date symlink: /home/zyme/ros_ws/Autoware_sim_test/install/eagleye_msgs/local/lib/python3.10/dist-packages/eagleye_msgs/msg/_status_s.c
[0.770s] -- Up-to-date symlink: /home/zyme/ros_ws/Autoware_sim_test/install/eagleye_msgs/local/lib/python3.10/dist-packages/eagleye_msgs/msg/_status_stamped.py
[0.770s] -- Up-to-date symlink: /home/zyme/ros_ws/Autoware_sim_test/install/eagleye_msgs/local/lib/python3.10/dist-packages/eagleye_msgs/msg/_status_stamped_s.c
[0.770s] -- Up-to-date symlink: /home/zyme/ros_ws/Autoware_sim_test/install/eagleye_msgs/local/lib/python3.10/dist-packages/eagleye_msgs/msg/_velocity_scale_factor.py
[0.770s] -- Up-to-date symlink: /home/zyme/ros_ws/Autoware_sim_test/install/eagleye_msgs/local/lib/python3.10/dist-packages/eagleye_msgs/msg/_velocity_scale_factor_s.c
[0.771s] -- Up-to-date symlink: /home/zyme/ros_ws/Autoware_sim_test/install/eagleye_msgs/local/lib/python3.10/dist-packages/eagleye_msgs/msg/_yawrate_offset.py
[0.771s] -- Up-to-date symlink: /home/zyme/ros_ws/Autoware_sim_test/install/eagleye_msgs/local/lib/python3.10/dist-packages/eagleye_msgs/msg/_yawrate_offset_s.c
[0.771s] -- Up-to-date symlink: /home/zyme/ros_ws/Autoware_sim_test/install/eagleye_msgs/local/lib/python3.10/dist-packages/eagleye_msgs/eagleye_msgs_s__rosidl_typesupport_fastrtps_c.cpython-310-x86_64-linux-gnu.so
[0.771s] -- Up-to-date symlink: /home/zyme/ros_ws/Autoware_sim_test/install/eagleye_msgs/local/lib/python3.10/dist-packages/eagleye_msgs/eagleye_msgs_s__rosidl_typesupport_introspection_c.cpython-310-x86_64-linux-gnu.so
[0.772s] -- Up-to-date symlink: /home/zyme/ros_ws/Autoware_sim_test/install/eagleye_msgs/local/lib/python3.10/dist-packages/eagleye_msgs/eagleye_msgs_s__rosidl_typesupport_c.cpython-310-x86_64-linux-gnu.so
[0.772s] -- Up-to-date symlink: /home/zyme/ros_ws/Autoware_sim_test/install/eagleye_msgs/share/eagleye_msgs/msg/AccXOffset.idl
[0.772s] -- Up-to-date symlink: /home/zyme/ros_ws/Autoware_sim_test/install/eagleye_msgs/share/eagleye_msgs/msg/AccXScaleFactor.idl
[0.772s] -- Up-to-date symlink: /home/zyme/ros_ws/Autoware_sim_test/install/eagleye_msgs/share/eagleye_msgs/msg/AccYOffset.idl
[0.772s] -- Up-to-date symlink: /home/zyme/ros_ws/Autoware_sim_test/install/eagleye_msgs/share/eagleye_msgs/msg/AngularVelocityOffset.idl
[0.772s] -- Up-to-date symlink: /home/zyme/ros_ws/Autoware_sim_test/install/eagleye_msgs/share/eagleye_msgs/msg/Distance.idl
[0.772s] -- Up-to-date symlink: /home/zyme/ros_ws/Autoware_sim_test/install/eagleye_msgs/share/eagleye_msgs/msg/Heading.idl
[0.773s] -- Up-to-date symlink: /home/zyme/ros_ws/Autoware_sim_test/install/eagleye_msgs/share/eagleye_msgs/msg/Height.idl
[0.773s] -- Up-to-date symlink: /home/zyme/ros_ws/Autoware_sim_test/install/eagleye_msgs/share/eagleye_msgs/msg/Pitching.idl
[0.773s] -- Up-to-date symlink: /home/zyme/ros_ws/Autoware_sim_test/install/eagleye_msgs/share/eagleye_msgs/msg/Position.idl
[0.773s] -- Up-to-date symlink: /home/zyme/ros_ws/Autoware_sim_test/install/eagleye_msgs/share/eagleye_msgs/msg/Rolling.idl
[0.773s] -- Up-to-date symlink: /home/zyme/ros_ws/Autoware_sim_test/install/eagleye_msgs/share/eagleye_msgs/msg/SlipAngle.idl
[0.773s] -- Up-to-date symlink: /home/zyme/ros_ws/Autoware_sim_test/install/eagleye_msgs/share/eagleye_msgs/msg/Status.idl
[0.773s] -- Up-to-date symlink: /home/zyme/ros_ws/Autoware_sim_test/install/eagleye_msgs/share/eagleye_msgs/msg/StatusStamped.idl
[0.774s] -- Up-to-date symlink: /home/zyme/ros_ws/Autoware_sim_test/install/eagleye_msgs/share/eagleye_msgs/msg/VelocityScaleFactor.idl
[0.774s] -- Up-to-date symlink: /home/zyme/ros_ws/Autoware_sim_test/install/eagleye_msgs/share/eagleye_msgs/msg/YawrateOffset.idl
[0.774s] -- Up-to-date symlink: /home/zyme/ros_ws/Autoware_sim_test/install/eagleye_msgs/share/eagleye_msgs/msg/AccXOffset.msg
[0.774s] -- Up-to-date symlink: /home/zyme/ros_ws/Autoware_sim_test/install/eagleye_msgs/share/eagleye_msgs/msg/AccXScaleFactor.msg
[0.774s] -- Up-to-date symlink: /home/zyme/ros_ws/Autoware_sim_test/install/eagleye_msgs/share/eagleye_msgs/msg/AccYOffset.msg
[0.774s] -- Up-to-date symlink: /home/zyme/ros_ws/Autoware_sim_test/install/eagleye_msgs/share/eagleye_msgs/msg/AngularVelocityOffset.msg
[0.774s] -- Up-to-date symlink: /home/zyme/ros_ws/Autoware_sim_test/install/eagleye_msgs/share/eagleye_msgs/msg/Distance.msg
[0.775s] -- Up-to-date symlink: /home/zyme/ros_ws/Autoware_sim_test/install/eagleye_msgs/share/eagleye_msgs/msg/Heading.msg
[0.775s] -- Up-to-date symlink: /home/zyme/ros_ws/Autoware_sim_test/install/eagleye_msgs/share/eagleye_msgs/msg/Height.msg
[0.775s] -- Up-to-date symlink: /home/zyme/ros_ws/Autoware_sim_test/install/eagleye_msgs/share/eagleye_msgs/msg/Pitching.msg
[0.775s] -- Up-to-date symlink: /home/zyme/ros_ws/Autoware_sim_test/install/eagleye_msgs/share/eagleye_msgs/msg/Position.msg
[0.775s] -- Up-to-date symlink: /home/zyme/ros_ws/Autoware_sim_test/install/eagleye_msgs/share/eagleye_msgs/msg/Rolling.msg
[0.775s] -- Up-to-date symlink: /home/zyme/ros_ws/Autoware_sim_test/install/eagleye_msgs/share/eagleye_msgs/msg/SlipAngle.msg
[0.776s] -- Up-to-date symlink: /home/zyme/ros_ws/Autoware_sim_test/install/eagleye_msgs/share/eagleye_msgs/msg/Status.msg
[0.776s] -- Up-to-date symlink: /home/zyme/ros_ws/Autoware_sim_test/install/eagleye_msgs/share/eagleye_msgs/msg/StatusStamped.msg
[0.776s] -- Up-to-date symlink: /home/zyme/ros_ws/Autoware_sim_test/install/eagleye_msgs/share/eagleye_msgs/msg/VelocityScaleFactor.msg
[0.776s] -- Up-to-date symlink: /home/zyme/ros_ws/Autoware_sim_test/install/eagleye_msgs/share/eagleye_msgs/msg/YawrateOffset.msg
[0.776s] -- Up-to-date symlink: /home/zyme/ros_ws/Autoware_sim_test/install/eagleye_msgs/share/ament_index/resource_index/package_run_dependencies/eagleye_msgs
[0.776s] -- Up-to-date symlink: /home/zyme/ros_ws/Autoware_sim_test/install/eagleye_msgs/share/ament_index/resource_index/parent_prefix_path/eagleye_msgs
[0.777s] -- Up-to-date symlink: /home/zyme/ros_ws/Autoware_sim_test/install/eagleye_msgs/share/eagleye_msgs/environment/ament_prefix_path.sh
[0.777s] -- Up-to-date symlink: /home/zyme/ros_ws/Autoware_sim_test/install/eagleye_msgs/share/eagleye_msgs/environment/ament_prefix_path.dsv
[0.777s] -- Up-to-date symlink: /home/zyme/ros_ws/Autoware_sim_test/install/eagleye_msgs/share/eagleye_msgs/environment/path.sh
[0.777s] -- Up-to-date symlink: /home/zyme/ros_ws/Autoware_sim_test/install/eagleye_msgs/share/eagleye_msgs/environment/path.dsv
[0.777s] -- Up-to-date symlink: /home/zyme/ros_ws/Autoware_sim_test/install/eagleye_msgs/share/eagleye_msgs/local_setup.bash
[0.777s] -- Up-to-date symlink: /home/zyme/ros_ws/Autoware_sim_test/install/eagleye_msgs/share/eagleye_msgs/local_setup.sh
[0.777s] -- Up-to-date symlink: /home/zyme/ros_ws/Autoware_sim_test/install/eagleye_msgs/share/eagleye_msgs/local_setup.zsh
[0.778s] -- Up-to-date symlink: /home/zyme/ros_ws/Autoware_sim_test/install/eagleye_msgs/share/eagleye_msgs/local_setup.dsv
[0.778s] -- Symlinking: /home/zyme/ros_ws/Autoware_sim_test/install/eagleye_msgs/share/eagleye_msgs/package.dsv
[0.786s] -- Up-to-date symlink: /home/zyme/ros_ws/Autoware_sim_test/install/eagleye_msgs/share/ament_index/resource_index/packages/eagleye_msgs
[0.786s] -- Up-to-date symlink: /home/zyme/ros_ws/Autoware_sim_test/install/eagleye_msgs/share/eagleye_msgs/cmake/rosidl_cmake-extras.cmake
[0.786s] -- Up-to-date symlink: /home/zyme/ros_ws/Autoware_sim_test/install/eagleye_msgs/share/eagleye_msgs/cmake/ament_cmake_export_dependencies-extras.cmake
[0.786s] -- Up-to-date symlink: /home/zyme/ros_ws/Autoware_sim_test/install/eagleye_msgs/share/eagleye_msgs/cmake/ament_cmake_export_include_directories-extras.cmake
[0.787s] -- Up-to-date symlink: /home/zyme/ros_ws/Autoware_sim_test/install/eagleye_msgs/share/eagleye_msgs/cmake/ament_cmake_export_libraries-extras.cmake
[0.787s] -- Up-to-date symlink: /home/zyme/ros_ws/Autoware_sim_test/install/eagleye_msgs/share/eagleye_msgs/cmake/ament_cmake_export_targets-extras.cmake
[0.787s] -- Up-to-date symlink: /home/zyme/ros_ws/Autoware_sim_test/install/eagleye_msgs/share/eagleye_msgs/cmake/rosidl_cmake_export_typesupport_targets-extras.cmake
[0.787s] -- Up-to-date symlink: /home/zyme/ros_ws/Autoware_sim_test/install/eagleye_msgs/share/eagleye_msgs/cmake/rosidl_cmake_export_typesupport_libraries-extras.cmake
[0.787s] -- Up-to-date symlink: /home/zyme/ros_ws/Autoware_sim_test/install/eagleye_msgs/share/eagleye_msgs/cmake/eagleye_msgsConfig.cmake
[0.787s] -- Up-to-date symlink: /home/zyme/ros_ws/Autoware_sim_test/install/eagleye_msgs/share/eagleye_msgs/cmake/eagleye_msgsConfig-version.cmake
[0.787s] -- Up-to-date symlink: /home/zyme/ros_ws/Autoware_sim_test/install/eagleye_msgs/share/eagleye_msgs/package.xml
[0.788s] -- Up-to-date: /home/zyme/ros_ws/Autoware_sim_test/install/eagleye_msgs/lib/libeagleye_msgs__rosidl_generator_c.so
[0.788s] -- Up-to-date: /home/zyme/ros_ws/Autoware_sim_test/install/eagleye_msgs/lib/libeagleye_msgs__rosidl_typesupport_fastrtps_c.so
[0.788s] -- Up-to-date: /home/zyme/ros_ws/Autoware_sim_test/install/eagleye_msgs/lib/libeagleye_msgs__rosidl_typesupport_introspection_c.so
[0.789s] -- Up-to-date: /home/zyme/ros_ws/Autoware_sim_test/install/eagleye_msgs/lib/libeagleye_msgs__rosidl_typesupport_c.so
[0.789s] -- Up-to-date: /home/zyme/ros_ws/Autoware_sim_test/install/eagleye_msgs/lib/libeagleye_msgs__rosidl_typesupport_fastrtps_cpp.so
[0.789s] -- Up-to-date: /home/zyme/ros_ws/Autoware_sim_test/install/eagleye_msgs/lib/libeagleye_msgs__rosidl_typesupport_introspection_cpp.so
[0.790s] -- Up-to-date: /home/zyme/ros_ws/Autoware_sim_test/install/eagleye_msgs/lib/libeagleye_msgs__rosidl_typesupport_cpp.so
[0.818s] Listing '/home/zyme/ros_ws/Autoware_sim_test/install/eagleye_msgs/local/lib/python3.10/dist-packages/eagleye_msgs'...
[0.818s] Listing '/home/zyme/ros_ws/Autoware_sim_test/install/eagleye_msgs/local/lib/python3.10/dist-packages/eagleye_msgs/msg'...
[0.822s] -- Up-to-date: /home/zyme/ros_ws/Autoware_sim_test/install/eagleye_msgs/lib/libeagleye_msgs__rosidl_generator_py.so
[0.822s] -- Up-to-date: /home/zyme/ros_ws/Autoware_sim_test/install/eagleye_msgs/share/eagleye_msgs/cmake/export_eagleye_msgs__rosidl_generator_cExport.cmake
[0.822s] -- Up-to-date: /home/zyme/ros_ws/Autoware_sim_test/install/eagleye_msgs/share/eagleye_msgs/cmake/export_eagleye_msgs__rosidl_generator_cExport-release.cmake
[0.823s] -- Up-to-date: /home/zyme/ros_ws/Autoware_sim_test/install/eagleye_msgs/share/eagleye_msgs/cmake/export_eagleye_msgs__rosidl_typesupport_fastrtps_cExport.cmake
[0.823s] -- Up-to-date: /home/zyme/ros_ws/Autoware_sim_test/install/eagleye_msgs/share/eagleye_msgs/cmake/export_eagleye_msgs__rosidl_typesupport_fastrtps_cExport-release.cmake
[0.823s] -- Up-to-date: /home/zyme/ros_ws/Autoware_sim_test/install/eagleye_msgs/share/eagleye_msgs/cmake/eagleye_msgs__rosidl_typesupport_introspection_cExport.cmake
[0.823s] -- Up-to-date: /home/zyme/ros_ws/Autoware_sim_test/install/eagleye_msgs/share/eagleye_msgs/cmake/eagleye_msgs__rosidl_typesupport_introspection_cExport-release.cmake
[0.823s] -- Up-to-date: /home/zyme/ros_ws/Autoware_sim_test/install/eagleye_msgs/share/eagleye_msgs/cmake/eagleye_msgs__rosidl_typesupport_cExport.cmake
[0.823s] -- Up-to-date: /home/zyme/ros_ws/Autoware_sim_test/install/eagleye_msgs/share/eagleye_msgs/cmake/eagleye_msgs__rosidl_typesupport_cExport-release.cmake
[0.823s] -- Up-to-date: /home/zyme/ros_ws/Autoware_sim_test/install/eagleye_msgs/share/eagleye_msgs/cmake/export_eagleye_msgs__rosidl_generator_cppExport.cmake
[0.823s] -- Up-to-date: /home/zyme/ros_ws/Autoware_sim_test/install/eagleye_msgs/share/eagleye_msgs/cmake/export_eagleye_msgs__rosidl_typesupport_fastrtps_cppExport.cmake
[0.823s] -- Up-to-date: /home/zyme/ros_ws/Autoware_sim_test/install/eagleye_msgs/share/eagleye_msgs/cmake/export_eagleye_msgs__rosidl_typesupport_fastrtps_cppExport-release.cmake
[0.823s] -- Up-to-date: /home/zyme/ros_ws/Autoware_sim_test/install/eagleye_msgs/share/eagleye_msgs/cmake/eagleye_msgs__rosidl_typesupport_introspection_cppExport.cmake
[0.823s] -- Up-to-date: /home/zyme/ros_ws/Autoware_sim_test/install/eagleye_msgs/share/eagleye_msgs/cmake/eagleye_msgs__rosidl_typesupport_introspection_cppExport-release.cmake
[0.823s] -- Up-to-date: /home/zyme/ros_ws/Autoware_sim_test/install/eagleye_msgs/share/eagleye_msgs/cmake/eagleye_msgs__rosidl_typesupport_cppExport.cmake
[0.824s] -- Up-to-date: /home/zyme/ros_ws/Autoware_sim_test/install/eagleye_msgs/share/eagleye_msgs/cmake/eagleye_msgs__rosidl_typesupport_cppExport-release.cmake
[0.824s] -- Up-to-date: /home/zyme/ros_ws/Autoware_sim_test/install/eagleye_msgs/share/eagleye_msgs/cmake/export_eagleye_msgs__rosidl_generator_pyExport.cmake
[0.824s] -- Up-to-date: /home/zyme/ros_ws/Autoware_sim_test/install/eagleye_msgs/share/eagleye_msgs/cmake/export_eagleye_msgs__rosidl_generator_pyExport-release.cmake
[0.825s] Invoked command in '/home/zyme/ros_ws/Autoware_sim_test/build/eagleye_msgs' returned '0': AMENT_PREFIX_PATH=/home/zyme/ros_ws/Autoware_sim_test/install/rtklib_msgs:${AMENT_PREFIX_PATH} CMAKE_PREFIX_PATH=/home/zyme/ros_ws/Autoware_sim_test/install/rtklib_msgs:/opt/ros/humble LD_LIBRARY_PATH=/home/zyme/ros_ws/Autoware_sim_test/install/rtklib_msgs/lib:${LD_LIBRARY_PATH} PYTHONPATH=/home/zyme/ros_ws/Autoware_sim_test/install/rtklib_msgs/local/lib/python3.10/dist-packages:${PYTHONPATH} /usr/bin/cmake --install /home/zyme/ros_ws/Autoware_sim_test/build/eagleye_msgs
