[0.052s] Invoking command in '/home/zyme/ros_ws/Autoware_sim_test/build/velodyne_description': CMAKE_PREFIX_PATH=/opt/ros/humble /usr/bin/cmake /home/zyme/ros_ws/Autoware_sim_test/src/autoware/src/sensor_component/external/sensor_component_description/velodyne_description -DCMAKE_BUILD_TYPE=Release -DCMAKE_CXX_FLAGS=-w -DAMENT_CMAKE_SYMLINK_INSTALL=1 -DCMAKE_INSTALL_PREFIX=/home/zyme/ros_ws/Autoware_sim_test/install/velodyne_description
[0.101s] -- The C compiler identification is GNU 11.4.0
[0.151s] -- The CXX compiler identification is GNU 11.4.0
[0.157s] -- Detecting C compiler ABI info
[0.220s] -- Detecting C compiler ABI info - done
[0.228s] -- Check for working C compiler: /usr/bin/cc - skipped
[0.228s] -- Detecting C compile features
[0.228s] -- Detecting C compile features - done
[0.232s] -- Detecting CXX compiler ABI info
[0.313s] -- Detecting CXX compiler ABI info - done
[0.321s] -- Check for working CXX compiler: /usr/bin/c++ - skipped
[0.321s] -- Detecting CXX compile features
[0.321s] -- Detecting CXX compile features - done
[0.324s] -- Found ament_cmake: 1.3.8 (/opt/ros/humble/share/ament_cmake/cmake)
[0.479s] -- Found Python3: /usr/bin/python3 (found version "3.10.12") found components: Interpreter 
[0.536s] -- Override CMake install command with custom implementation using symlinks instead of copying resources
[0.616s] -- Configuring done
[0.618s] -- Generating done
[0.619s] -- Build files have been written to: /home/zyme/ros_ws/Autoware_sim_test/build/velodyne_description
[0.623s] Invoked command in '/home/zyme/ros_ws/Autoware_sim_test/build/velodyne_description' returned '0': CMAKE_PREFIX_PATH=/opt/ros/humble /usr/bin/cmake /home/zyme/ros_ws/Autoware_sim_test/src/autoware/src/sensor_component/external/sensor_component_description/velodyne_description -DCMAKE_BUILD_TYPE=Release -DCMAKE_CXX_FLAGS=-w -DAMENT_CMAKE_SYMLINK_INSTALL=1 -DCMAKE_INSTALL_PREFIX=/home/zyme/ros_ws/Autoware_sim_test/install/velodyne_description
[0.624s] Invoking command in '/home/zyme/ros_ws/Autoware_sim_test/build/velodyne_description': CMAKE_PREFIX_PATH=/opt/ros/humble /usr/bin/cmake --build /home/zyme/ros_ws/Autoware_sim_test/build/velodyne_description -- -j12 -l12
[0.657s] Invoked command in '/home/zyme/ros_ws/Autoware_sim_test/build/velodyne_description' returned '0': CMAKE_PREFIX_PATH=/opt/ros/humble /usr/bin/cmake --build /home/zyme/ros_ws/Autoware_sim_test/build/velodyne_description -- -j12 -l12
[0.679s] Invoking command in '/home/zyme/ros_ws/Autoware_sim_test/build/velodyne_description': CMAKE_PREFIX_PATH=/opt/ros/humble /usr/bin/cmake --install /home/zyme/ros_ws/Autoware_sim_test/build/velodyne_description
[0.685s] -- Install configuration: "Release"
[0.686s] -- Execute custom install script
[0.686s] -- Symlinking: /home/zyme/ros_ws/Autoware_sim_test/install/velodyne_description/share/velodyne_description/launch/example.launch.py
[0.695s] -- Symlinking: /home/zyme/ros_ws/Autoware_sim_test/install/velodyne_description/share/velodyne_description/meshes/HDL32E_base.dae
[0.704s] -- Symlinking: /home/zyme/ros_ws/Autoware_sim_test/install/velodyne_description/share/velodyne_description/meshes/HDL32E_base.stl
[0.712s] -- Symlinking: /home/zyme/ros_ws/Autoware_sim_test/install/velodyne_description/share/velodyne_description/meshes/HDL32E_scan.dae
[0.720s] -- Symlinking: /home/zyme/ros_ws/Autoware_sim_test/install/velodyne_description/share/velodyne_description/meshes/HDL32E_scan.stl
[0.727s] -- Symlinking: /home/zyme/ros_ws/Autoware_sim_test/install/velodyne_description/share/velodyne_description/meshes/VLP16_base_1.dae
[0.735s] -- Symlinking: /home/zyme/ros_ws/Autoware_sim_test/install/velodyne_description/share/velodyne_description/meshes/VLP16_base_1.stl
[0.743s] -- Symlinking: /home/zyme/ros_ws/Autoware_sim_test/install/velodyne_description/share/velodyne_description/meshes/VLP16_base_2.dae
[0.751s] -- Symlinking: /home/zyme/ros_ws/Autoware_sim_test/install/velodyne_description/share/velodyne_description/meshes/VLP16_base_2.stl
[0.758s] -- Symlinking: /home/zyme/ros_ws/Autoware_sim_test/install/velodyne_description/share/velodyne_description/meshes/VLP16_scan.dae
[0.766s] -- Symlinking: /home/zyme/ros_ws/Autoware_sim_test/install/velodyne_description/share/velodyne_description/meshes/VLP16_scan.stl
[0.774s] -- Symlinking: /home/zyme/ros_ws/Autoware_sim_test/install/velodyne_description/share/velodyne_description/rviz/example.rviz
[0.782s] -- Symlinking: /home/zyme/ros_ws/Autoware_sim_test/install/velodyne_description/share/velodyne_description/urdf/HDL-32E.urdf.xacro
[0.790s] -- Symlinking: /home/zyme/ros_ws/Autoware_sim_test/install/velodyne_description/share/velodyne_description/urdf/VLP-16.urdf.xacro
[0.797s] -- Symlinking: /home/zyme/ros_ws/Autoware_sim_test/install/velodyne_description/share/velodyne_description/urdf/example.urdf.xacro
[0.808s] -- Symlinking: /home/zyme/ros_ws/Autoware_sim_test/install/velodyne_description/share/velodyne_description/world/example.world
[0.816s] -- Symlinking: /home/zyme/ros_ws/Autoware_sim_test/install/velodyne_description/share/velodyne_description/environment/velodyne_description.dsv
[0.824s] -- Symlinking: /home/zyme/ros_ws/Autoware_sim_test/install/velodyne_description/share/ament_index/resource_index/package_run_dependencies/velodyne_description
[0.832s] -- Symlinking: /home/zyme/ros_ws/Autoware_sim_test/install/velodyne_description/share/ament_index/resource_index/parent_prefix_path/velodyne_description
[0.840s] -- Symlinking: /home/zyme/ros_ws/Autoware_sim_test/install/velodyne_description/share/velodyne_description/environment/ament_prefix_path.sh
[0.847s] -- Symlinking: /home/zyme/ros_ws/Autoware_sim_test/install/velodyne_description/share/velodyne_description/environment/ament_prefix_path.dsv
[0.855s] -- Symlinking: /home/zyme/ros_ws/Autoware_sim_test/install/velodyne_description/share/velodyne_description/environment/path.sh
[0.862s] -- Symlinking: /home/zyme/ros_ws/Autoware_sim_test/install/velodyne_description/share/velodyne_description/environment/path.dsv
[0.870s] -- Symlinking: /home/zyme/ros_ws/Autoware_sim_test/install/velodyne_description/share/velodyne_description/local_setup.bash
[0.878s] -- Symlinking: /home/zyme/ros_ws/Autoware_sim_test/install/velodyne_description/share/velodyne_description/local_setup.sh
[0.886s] -- Symlinking: /home/zyme/ros_ws/Autoware_sim_test/install/velodyne_description/share/velodyne_description/local_setup.zsh
[0.893s] -- Symlinking: /home/zyme/ros_ws/Autoware_sim_test/install/velodyne_description/share/velodyne_description/local_setup.dsv
[0.901s] -- Symlinking: /home/zyme/ros_ws/Autoware_sim_test/install/velodyne_description/share/velodyne_description/package.dsv
[0.909s] -- Symlinking: /home/zyme/ros_ws/Autoware_sim_test/install/velodyne_description/share/ament_index/resource_index/packages/velodyne_description
[0.918s] -- Symlinking: /home/zyme/ros_ws/Autoware_sim_test/install/velodyne_description/share/velodyne_description/cmake/velodyne_descriptionConfig.cmake
[0.926s] -- Symlinking: /home/zyme/ros_ws/Autoware_sim_test/install/velodyne_description/share/velodyne_description/cmake/velodyne_descriptionConfig-version.cmake
[0.934s] -- Symlinking: /home/zyme/ros_ws/Autoware_sim_test/install/velodyne_description/share/velodyne_description/package.xml
[0.944s] Invoked command in '/home/zyme/ros_ws/Autoware_sim_test/build/velodyne_description' returned '0': CMAKE_PREFIX_PATH=/opt/ros/humble /usr/bin/cmake --install /home/zyme/ros_ws/Autoware_sim_test/build/velodyne_description
