[0.063s] Invoking command in '/home/zyme/ros_ws/Autoware_sim_test/build/eagleye_navigation': AMENT_PREFIX_PATH=/home/zyme/ros_ws/Autoware_sim_test/install/eagleye_msgs:/home/zyme/ros_ws/Autoware_sim_test/install/rtklib_msgs:/home/zyme/ros_ws/Autoware_sim_test/install/eagleye_coordinate:${AMENT_PREFIX_PATH} CMAKE_PREFIX_PATH=/home/zyme/ros_ws/Autoware_sim_test/install/eagleye_msgs:/home/zyme/ros_ws/Autoware_sim_test/install/rtklib_msgs:/home/zyme/ros_ws/Autoware_sim_test/install/eagleye_coordinate:/opt/ros/humble LD_LIBRARY_PATH=/home/zyme/ros_ws/Autoware_sim_test/install/eagleye_msgs/lib:/home/zyme/ros_ws/Autoware_sim_test/install/rtklib_msgs/lib:/home/zyme/ros_ws/Autoware_sim_test/install/eagleye_coordinate/lib:${LD_LIBRARY_PATH} PYTHONPATH=/home/zyme/ros_ws/Autoware_sim_test/install/eagleye_msgs/local/lib/python3.10/dist-packages:/home/zyme/ros_ws/Autoware_sim_test/install/rtklib_msgs/local/lib/python3.10/dist-packages:${PYTHONPATH} /usr/bin/cmake --build /home/zyme/ros_ws/Autoware_sim_test/build/eagleye_navigation -- -j12 -l12
[0.158s] [100%] Built target eagleye_navigation
[0.168s] Invoked command in '/home/zyme/ros_ws/Autoware_sim_test/build/eagleye_navigation' returned '0': AMENT_PREFIX_PATH=/home/zyme/ros_ws/Autoware_sim_test/install/eagleye_msgs:/home/zyme/ros_ws/Autoware_sim_test/install/rtklib_msgs:/home/zyme/ros_ws/Autoware_sim_test/install/eagleye_coordinate:${AMENT_PREFIX_PATH} CMAKE_PREFIX_PATH=/home/zyme/ros_ws/Autoware_sim_test/install/eagleye_msgs:/home/zyme/ros_ws/Autoware_sim_test/install/rtklib_msgs:/home/zyme/ros_ws/Autoware_sim_test/install/eagleye_coordinate:/opt/ros/humble LD_LIBRARY_PATH=/home/zyme/ros_ws/Autoware_sim_test/install/eagleye_msgs/lib:/home/zyme/ros_ws/Autoware_sim_test/install/rtklib_msgs/lib:/home/zyme/ros_ws/Autoware_sim_test/install/eagleye_coordinate/lib:${LD_LIBRARY_PATH} PYTHONPATH=/home/zyme/ros_ws/Autoware_sim_test/install/eagleye_msgs/local/lib/python3.10/dist-packages:/home/zyme/ros_ws/Autoware_sim_test/install/rtklib_msgs/local/lib/python3.10/dist-packages:${PYTHONPATH} /usr/bin/cmake --build /home/zyme/ros_ws/Autoware_sim_test/build/eagleye_navigation -- -j12 -l12
[0.310s] Invoking command in '/home/zyme/ros_ws/Autoware_sim_test/build/eagleye_navigation': AMENT_PREFIX_PATH=/home/zyme/ros_ws/Autoware_sim_test/install/eagleye_msgs:/home/zyme/ros_ws/Autoware_sim_test/install/rtklib_msgs:/home/zyme/ros_ws/Autoware_sim_test/install/eagleye_coordinate:${AMENT_PREFIX_PATH} CMAKE_PREFIX_PATH=/home/zyme/ros_ws/Autoware_sim_test/install/eagleye_msgs:/home/zyme/ros_ws/Autoware_sim_test/install/rtklib_msgs:/home/zyme/ros_ws/Autoware_sim_test/install/eagleye_coordinate:/opt/ros/humble LD_LIBRARY_PATH=/home/zyme/ros_ws/Autoware_sim_test/install/eagleye_msgs/lib:/home/zyme/ros_ws/Autoware_sim_test/install/rtklib_msgs/lib:/home/zyme/ros_ws/Autoware_sim_test/install/eagleye_coordinate/lib:${LD_LIBRARY_PATH} PYTHONPATH=/home/zyme/ros_ws/Autoware_sim_test/install/eagleye_msgs/local/lib/python3.10/dist-packages:/home/zyme/ros_ws/Autoware_sim_test/install/rtklib_msgs/local/lib/python3.10/dist-packages:${PYTHONPATH} /usr/bin/cmake --install /home/zyme/ros_ws/Autoware_sim_test/build/eagleye_navigation
[0.331s] -- Install configuration: "Release"
[0.332s] -- Execute custom install script
[0.333s] -- Up-to-date symlink: /home/zyme/ros_ws/Autoware_sim_test/install/eagleye_navigation/lib/eagleye_navigation/libeagleye_navigation.so
[0.334s] -- Up-to-date symlink: /home/zyme/ros_ws/Autoware_sim_test/install/eagleye_navigation/share/eagleye_navigation/environment/library_path.sh
[0.334s] -- Up-to-date symlink: /home/zyme/ros_ws/Autoware_sim_test/install/eagleye_navigation/share/eagleye_navigation/environment/library_path.dsv
[0.335s] -- Up-to-date symlink: /home/zyme/ros_ws/Autoware_sim_test/install/eagleye_navigation/include/eagleye_navigation/eagleye_navigation.hpp
[0.335s] -- Up-to-date symlink: /home/zyme/ros_ws/Autoware_sim_test/install/eagleye_navigation/lib/libeagleye_navigation.so
[0.335s] -- Up-to-date symlink: /home/zyme/ros_ws/Autoware_sim_test/install/eagleye_navigation/include/eagleye_navigation/eagleye_navigation.hpp
[0.336s] -- Up-to-date symlink: /home/zyme/ros_ws/Autoware_sim_test/install/eagleye_navigation/lib/libeagleye_navigation.so
[0.337s] -- Up-to-date symlink: /home/zyme/ros_ws/Autoware_sim_test/install/eagleye_navigation/share/ament_index/resource_index/package_run_dependencies/eagleye_navigation
[0.337s] -- Up-to-date symlink: /home/zyme/ros_ws/Autoware_sim_test/install/eagleye_navigation/share/ament_index/resource_index/parent_prefix_path/eagleye_navigation
[0.337s] -- Up-to-date symlink: /home/zyme/ros_ws/Autoware_sim_test/install/eagleye_navigation/share/eagleye_navigation/environment/ament_prefix_path.sh
[0.338s] -- Up-to-date symlink: /home/zyme/ros_ws/Autoware_sim_test/install/eagleye_navigation/share/eagleye_navigation/environment/ament_prefix_path.dsv
[0.338s] -- Up-to-date symlink: /home/zyme/ros_ws/Autoware_sim_test/install/eagleye_navigation/share/eagleye_navigation/environment/path.sh
[0.338s] -- Up-to-date symlink: /home/zyme/ros_ws/Autoware_sim_test/install/eagleye_navigation/share/eagleye_navigation/environment/path.dsv
[0.338s] -- Up-to-date symlink: /home/zyme/ros_ws/Autoware_sim_test/install/eagleye_navigation/share/eagleye_navigation/local_setup.bash
[0.339s] -- Up-to-date symlink: /home/zyme/ros_ws/Autoware_sim_test/install/eagleye_navigation/share/eagleye_navigation/local_setup.sh
[0.339s] -- Up-to-date symlink: /home/zyme/ros_ws/Autoware_sim_test/install/eagleye_navigation/share/eagleye_navigation/local_setup.zsh
[0.339s] -- Up-to-date symlink: /home/zyme/ros_ws/Autoware_sim_test/install/eagleye_navigation/share/eagleye_navigation/local_setup.dsv
[0.339s] -- Symlinking: /home/zyme/ros_ws/Autoware_sim_test/install/eagleye_navigation/share/eagleye_navigation/package.dsv
[0.348s] -- Up-to-date symlink: /home/zyme/ros_ws/Autoware_sim_test/install/eagleye_navigation/share/ament_index/resource_index/packages/eagleye_navigation
[0.348s] -- Up-to-date symlink: /home/zyme/ros_ws/Autoware_sim_test/install/eagleye_navigation/share/eagleye_navigation/cmake/ament_cmake_export_include_directories-extras.cmake
[0.348s] -- Up-to-date symlink: /home/zyme/ros_ws/Autoware_sim_test/install/eagleye_navigation/share/eagleye_navigation/cmake/ament_cmake_export_libraries-extras.cmake
[0.349s] -- Up-to-date symlink: /home/zyme/ros_ws/Autoware_sim_test/install/eagleye_navigation/share/eagleye_navigation/cmake/ament_cmake_export_dependencies-extras.cmake
[0.349s] -- Up-to-date symlink: /home/zyme/ros_ws/Autoware_sim_test/install/eagleye_navigation/share/eagleye_navigation/cmake/eagleye_navigationConfig.cmake
[0.349s] -- Up-to-date symlink: /home/zyme/ros_ws/Autoware_sim_test/install/eagleye_navigation/share/eagleye_navigation/cmake/eagleye_navigationConfig-version.cmake
[0.349s] -- Up-to-date symlink: /home/zyme/ros_ws/Autoware_sim_test/install/eagleye_navigation/share/eagleye_navigation/package.xml
[0.351s] Invoked command in '/home/zyme/ros_ws/Autoware_sim_test/build/eagleye_navigation' returned '0': AMENT_PREFIX_PATH=/home/zyme/ros_ws/Autoware_sim_test/install/eagleye_msgs:/home/zyme/ros_ws/Autoware_sim_test/install/rtklib_msgs:/home/zyme/ros_ws/Autoware_sim_test/install/eagleye_coordinate:${AMENT_PREFIX_PATH} CMAKE_PREFIX_PATH=/home/zyme/ros_ws/Autoware_sim_test/install/eagleye_msgs:/home/zyme/ros_ws/Autoware_sim_test/install/rtklib_msgs:/home/zyme/ros_ws/Autoware_sim_test/install/eagleye_coordinate:/opt/ros/humble LD_LIBRARY_PATH=/home/zyme/ros_ws/Autoware_sim_test/install/eagleye_msgs/lib:/home/zyme/ros_ws/Autoware_sim_test/install/rtklib_msgs/lib:/home/zyme/ros_ws/Autoware_sim_test/install/eagleye_coordinate/lib:${LD_LIBRARY_PATH} PYTHONPATH=/home/zyme/ros_ws/Autoware_sim_test/install/eagleye_msgs/local/lib/python3.10/dist-packages:/home/zyme/ros_ws/Autoware_sim_test/install/rtklib_msgs/local/lib/python3.10/dist-packages:${PYTHONPATH} /usr/bin/cmake --install /home/zyme/ros_ws/Autoware_sim_test/build/eagleye_navigation
