[0.057s] Invoking command in '/home/zyme/ros_ws/Autoware_sim_test/build/autoware_utils': AMENT_PREFIX_PATH=/home/zyme/ros_ws/Autoware_sim_test/install/autoware_cmake:${AMENT_PREFIX_PATH} CMAKE_PREFIX_PATH=/home/zyme/ros_ws/Autoware_sim_test/install/autoware_cmake:/opt/ros/humble /usr/bin/cmake --build /home/zyme/ros_ws/Autoware_sim_test/build/autoware_utils -- -j12 -l12
[0.109s] [ 33%] Built target gtest_main
[0.109s] [ 33%] Built target autoware_utils
[0.110s] [ 50%] Built target gtest
[0.137s] [100%] Built target test_autoware_utils
[0.147s] Invoked command in '/home/zyme/ros_ws/Autoware_sim_test/build/autoware_utils' returned '0': AMENT_PREFIX_PATH=/home/zyme/ros_ws/Autoware_sim_test/install/autoware_cmake:${AMENT_PREFIX_PATH} CMAKE_PREFIX_PATH=/home/zyme/ros_ws/Autoware_sim_test/install/autoware_cmake:/opt/ros/humble /usr/bin/cmake --build /home/zyme/ros_ws/Autoware_sim_test/build/autoware_utils -- -j12 -l12
[0.188s] Invoking command in '/home/zyme/ros_ws/Autoware_sim_test/build/autoware_utils': AMENT_PREFIX_PATH=/home/zyme/ros_ws/Autoware_sim_test/install/autoware_cmake:${AMENT_PREFIX_PATH} CMAKE_PREFIX_PATH=/home/zyme/ros_ws/Autoware_sim_test/install/autoware_cmake:/opt/ros/humble /usr/bin/cmake --install /home/zyme/ros_ws/Autoware_sim_test/build/autoware_utils
[0.198s] -- Install configuration: "Release"
[0.198s] -- Execute custom install script
[0.200s] -- Up-to-date symlink: /home/zyme/ros_ws/Autoware_sim_test/install/autoware_utils/include/autoware_utils/autoware_utils.hpp
[0.200s] -- Up-to-date symlink: /home/zyme/ros_ws/Autoware_sim_test/install/autoware_utils/include/autoware_utils/math/constants.hpp
[0.200s] -- Up-to-date symlink: /home/zyme/ros_ws/Autoware_sim_test/install/autoware_utils/include/autoware_utils/math/normalization.hpp
[0.200s] -- Up-to-date symlink: /home/zyme/ros_ws/Autoware_sim_test/install/autoware_utils/include/autoware_utils/math/range.hpp
[0.201s] -- Up-to-date symlink: /home/zyme/ros_ws/Autoware_sim_test/install/autoware_utils/include/autoware_utils/math/unit_conversion.hpp
[0.201s] -- Up-to-date symlink: /home/zyme/ros_ws/Autoware_sim_test/install/autoware_utils/share/autoware_utils/environment/library_path.sh
[0.202s] -- Up-to-date symlink: /home/zyme/ros_ws/Autoware_sim_test/install/autoware_utils/share/autoware_utils/environment/library_path.dsv
[0.202s] -- Up-to-date symlink: /home/zyme/ros_ws/Autoware_sim_test/install/autoware_utils/lib/libautoware_utils.so
[0.203s] -- Up-to-date symlink: /home/zyme/ros_ws/Autoware_sim_test/install/autoware_utils/share/ament_index/resource_index/package_run_dependencies/autoware_utils
[0.203s] -- Up-to-date symlink: /home/zyme/ros_ws/Autoware_sim_test/install/autoware_utils/share/ament_index/resource_index/parent_prefix_path/autoware_utils
[0.204s] -- Up-to-date symlink: /home/zyme/ros_ws/Autoware_sim_test/install/autoware_utils/share/autoware_utils/environment/ament_prefix_path.sh
[0.204s] -- Up-to-date symlink: /home/zyme/ros_ws/Autoware_sim_test/install/autoware_utils/share/autoware_utils/environment/ament_prefix_path.dsv
[0.204s] -- Up-to-date symlink: /home/zyme/ros_ws/Autoware_sim_test/install/autoware_utils/share/autoware_utils/environment/path.sh
[0.205s] -- Up-to-date symlink: /home/zyme/ros_ws/Autoware_sim_test/install/autoware_utils/share/autoware_utils/environment/path.dsv
[0.205s] -- Up-to-date symlink: /home/zyme/ros_ws/Autoware_sim_test/install/autoware_utils/share/autoware_utils/local_setup.bash
[0.205s] -- Up-to-date symlink: /home/zyme/ros_ws/Autoware_sim_test/install/autoware_utils/share/autoware_utils/local_setup.sh
[0.205s] -- Up-to-date symlink: /home/zyme/ros_ws/Autoware_sim_test/install/autoware_utils/share/autoware_utils/local_setup.zsh
[0.206s] -- Up-to-date symlink: /home/zyme/ros_ws/Autoware_sim_test/install/autoware_utils/share/autoware_utils/local_setup.dsv
[0.206s] -- Symlinking: /home/zyme/ros_ws/Autoware_sim_test/install/autoware_utils/share/autoware_utils/package.dsv
[0.214s] -- Up-to-date symlink: /home/zyme/ros_ws/Autoware_sim_test/install/autoware_utils/share/ament_index/resource_index/packages/autoware_utils
[0.214s] -- Up-to-date symlink: /home/zyme/ros_ws/Autoware_sim_test/install/autoware_utils/share/autoware_utils/cmake/ament_cmake_export_dependencies-extras.cmake
[0.215s] -- Up-to-date symlink: /home/zyme/ros_ws/Autoware_sim_test/install/autoware_utils/share/autoware_utils/cmake/ament_cmake_export_include_directories-extras.cmake
[0.215s] -- Up-to-date symlink: /home/zyme/ros_ws/Autoware_sim_test/install/autoware_utils/share/autoware_utils/cmake/ament_cmake_export_libraries-extras.cmake
[0.215s] -- Up-to-date symlink: /home/zyme/ros_ws/Autoware_sim_test/install/autoware_utils/share/autoware_utils/cmake/autoware_utilsConfig.cmake
[0.216s] -- Up-to-date symlink: /home/zyme/ros_ws/Autoware_sim_test/install/autoware_utils/share/autoware_utils/cmake/autoware_utilsConfig-version.cmake
[0.216s] -- Up-to-date symlink: /home/zyme/ros_ws/Autoware_sim_test/install/autoware_utils/share/autoware_utils/package.xml
[0.218s] Invoked command in '/home/zyme/ros_ws/Autoware_sim_test/build/autoware_utils' returned '0': AMENT_PREFIX_PATH=/home/zyme/ros_ws/Autoware_sim_test/install/autoware_cmake:${AMENT_PREFIX_PATH} CMAKE_PREFIX_PATH=/home/zyme/ros_ws/Autoware_sim_test/install/autoware_cmake:/opt/ros/humble /usr/bin/cmake --install /home/zyme/ros_ws/Autoware_sim_test/build/autoware_utils
