[0.058s] Invoking command in '/home/zyme/ros_ws/Autoware_sim_test/build/autoware_auto_mapping_msgs': CMAKE_PREFIX_PATH=/opt/ros/humble /usr/bin/cmake --build /home/zyme/ros_ws/Autoware_sim_test/build/autoware_auto_mapping_msgs
[0.112s] [  1%] Built target autoware_auto_mapping_msgs__cpp
[0.115s] [ 12%] Built target autoware_auto_mapping_msgs__rosidl_generator_c
[0.119s] [ 12%] Built target ament_cmake_python_symlink_autoware_auto_mapping_msgs
[0.137s] [ 23%] Built target autoware_auto_mapping_msgs__rosidl_typesupport_cpp
[0.142s] [ 34%] Built target autoware_auto_mapping_msgs__rosidl_typesupport_fastrtps_cpp
[0.145s] [ 45%] Built target autoware_auto_mapping_msgs__rosidl_typesupport_introspection_cpp
[0.169s] [ 56%] Built target autoware_auto_mapping_msgs__rosidl_typesupport_fastrtps_c
[0.170s] [ 67%] Built target autoware_auto_mapping_msgs__rosidl_typesupport_introspection_c
[0.192s] [ 78%] Built target autoware_auto_mapping_msgs__rosidl_typesupport_c
[0.212s] [ 78%] Built target autoware_auto_mapping_msgs
[0.234s] [ 80%] Built target autoware_auto_mapping_msgs__py
[0.259s] [ 89%] Built target autoware_auto_mapping_msgs__rosidl_generator_py
[0.283s] [ 96%] Built target autoware_auto_mapping_msgs__rosidl_typesupport_introspection_c__pyext
[0.283s] [ 96%] Built target autoware_auto_mapping_msgs__rosidl_typesupport_fastrtps_c__pyext
[0.306s] [100%] Built target autoware_auto_mapping_msgs__rosidl_typesupport_c__pyext
[0.405s] running egg_info
[0.406s] writing autoware_auto_mapping_msgs.egg-info/PKG-INFO
[0.406s] writing dependency_links to autoware_auto_mapping_msgs.egg-info/dependency_links.txt
[0.407s] writing top-level names to autoware_auto_mapping_msgs.egg-info/top_level.txt
[0.409s] reading manifest file 'autoware_auto_mapping_msgs.egg-info/SOURCES.txt'
[0.410s] writing manifest file 'autoware_auto_mapping_msgs.egg-info/SOURCES.txt'
[0.433s] [100%] Built target ament_cmake_python_build_autoware_auto_mapping_msgs_egg
[0.444s] Invoked command in '/home/zyme/ros_ws/Autoware_sim_test/build/autoware_auto_mapping_msgs' returned '0': CMAKE_PREFIX_PATH=/opt/ros/humble /usr/bin/cmake --build /home/zyme/ros_ws/Autoware_sim_test/build/autoware_auto_mapping_msgs
[0.619s] Invoking command in '/home/zyme/ros_ws/Autoware_sim_test/build/autoware_auto_mapping_msgs': CMAKE_PREFIX_PATH=/opt/ros/humble /usr/bin/cmake --install /home/zyme/ros_ws/Autoware_sim_test/build/autoware_auto_mapping_msgs
[0.629s] -- Install configuration: "Release"
[0.630s] -- Execute custom install script
[0.630s] -- Up-to-date symlink: /home/zyme/ros_ws/Autoware_sim_test/install/autoware_auto_mapping_msgs/share/ament_index/resource_index/rosidl_interfaces/autoware_auto_mapping_msgs
[0.631s] -- Up-to-date symlink: /home/zyme/ros_ws/Autoware_sim_test/install/autoware_auto_mapping_msgs/include/autoware_auto_mapping_msgs/autoware_auto_mapping_msgs/msg/detail/had_map_bin__functions.h
[0.631s] -- Up-to-date symlink: /home/zyme/ros_ws/Autoware_sim_test/install/autoware_auto_mapping_msgs/include/autoware_auto_mapping_msgs/autoware_auto_mapping_msgs/msg/detail/had_map_bin__struct.h
[0.632s] -- Up-to-date symlink: /home/zyme/ros_ws/Autoware_sim_test/install/autoware_auto_mapping_msgs/include/autoware_auto_mapping_msgs/autoware_auto_mapping_msgs/msg/detail/had_map_bin__type_support.h
[0.632s] -- Up-to-date symlink: /home/zyme/ros_ws/Autoware_sim_test/install/autoware_auto_mapping_msgs/include/autoware_auto_mapping_msgs/autoware_auto_mapping_msgs/msg/detail/had_map_segment__functions.h
[0.632s] -- Up-to-date symlink: /home/zyme/ros_ws/Autoware_sim_test/install/autoware_auto_mapping_msgs/include/autoware_auto_mapping_msgs/autoware_auto_mapping_msgs/msg/detail/had_map_segment__struct.h
[0.632s] -- Up-to-date symlink: /home/zyme/ros_ws/Autoware_sim_test/install/autoware_auto_mapping_msgs/include/autoware_auto_mapping_msgs/autoware_auto_mapping_msgs/msg/detail/had_map_segment__type_support.h
[0.632s] -- Up-to-date symlink: /home/zyme/ros_ws/Autoware_sim_test/install/autoware_auto_mapping_msgs/include/autoware_auto_mapping_msgs/autoware_auto_mapping_msgs/msg/detail/map_primitive__functions.h
[0.633s] -- Up-to-date symlink: /home/zyme/ros_ws/Autoware_sim_test/install/autoware_auto_mapping_msgs/include/autoware_auto_mapping_msgs/autoware_auto_mapping_msgs/msg/detail/map_primitive__struct.h
[0.633s] -- Up-to-date symlink: /home/zyme/ros_ws/Autoware_sim_test/install/autoware_auto_mapping_msgs/include/autoware_auto_mapping_msgs/autoware_auto_mapping_msgs/msg/detail/map_primitive__type_support.h
[0.633s] -- Up-to-date symlink: /home/zyme/ros_ws/Autoware_sim_test/install/autoware_auto_mapping_msgs/include/autoware_auto_mapping_msgs/autoware_auto_mapping_msgs/msg/had_map_bin.h
[0.633s] -- Up-to-date symlink: /home/zyme/ros_ws/Autoware_sim_test/install/autoware_auto_mapping_msgs/include/autoware_auto_mapping_msgs/autoware_auto_mapping_msgs/msg/had_map_segment.h
[0.634s] -- Up-to-date symlink: /home/zyme/ros_ws/Autoware_sim_test/install/autoware_auto_mapping_msgs/include/autoware_auto_mapping_msgs/autoware_auto_mapping_msgs/msg/map_primitive.h
[0.634s] -- Up-to-date symlink: /home/zyme/ros_ws/Autoware_sim_test/install/autoware_auto_mapping_msgs/include/autoware_auto_mapping_msgs/autoware_auto_mapping_msgs/msg/rosidl_generator_c__visibility_control.h
[0.634s] -- Up-to-date symlink: /home/zyme/ros_ws/Autoware_sim_test/install/autoware_auto_mapping_msgs/include/autoware_auto_mapping_msgs/autoware_auto_mapping_msgs/srv/detail/had_map_service__functions.h
[0.635s] -- Up-to-date symlink: /home/zyme/ros_ws/Autoware_sim_test/install/autoware_auto_mapping_msgs/include/autoware_auto_mapping_msgs/autoware_auto_mapping_msgs/srv/detail/had_map_service__struct.h
[0.635s] -- Up-to-date symlink: /home/zyme/ros_ws/Autoware_sim_test/install/autoware_auto_mapping_msgs/include/autoware_auto_mapping_msgs/autoware_auto_mapping_msgs/srv/detail/had_map_service__type_support.h
[0.635s] -- Up-to-date symlink: /home/zyme/ros_ws/Autoware_sim_test/install/autoware_auto_mapping_msgs/include/autoware_auto_mapping_msgs/autoware_auto_mapping_msgs/srv/had_map_service.h
[0.635s] -- Up-to-date symlink: /home/zyme/ros_ws/Autoware_sim_test/install/autoware_auto_mapping_msgs/share/autoware_auto_mapping_msgs/environment/library_path.sh
[0.636s] -- Up-to-date symlink: /home/zyme/ros_ws/Autoware_sim_test/install/autoware_auto_mapping_msgs/share/autoware_auto_mapping_msgs/environment/library_path.dsv
[0.637s] -- Up-to-date symlink: /home/zyme/ros_ws/Autoware_sim_test/install/autoware_auto_mapping_msgs/include/autoware_auto_mapping_msgs/autoware_auto_mapping_msgs/msg/detail/had_map_bin__rosidl_typesupport_fastrtps_c.h
[0.637s] -- Up-to-date symlink: /home/zyme/ros_ws/Autoware_sim_test/install/autoware_auto_mapping_msgs/include/autoware_auto_mapping_msgs/autoware_auto_mapping_msgs/msg/detail/had_map_segment__rosidl_typesupport_fastrtps_c.h
[0.637s] -- Up-to-date symlink: /home/zyme/ros_ws/Autoware_sim_test/install/autoware_auto_mapping_msgs/include/autoware_auto_mapping_msgs/autoware_auto_mapping_msgs/msg/detail/map_primitive__rosidl_typesupport_fastrtps_c.h
[0.637s] -- Up-to-date symlink: /home/zyme/ros_ws/Autoware_sim_test/install/autoware_auto_mapping_msgs/include/autoware_auto_mapping_msgs/autoware_auto_mapping_msgs/msg/rosidl_typesupport_fastrtps_c__visibility_control.h
[0.638s] -- Up-to-date symlink: /home/zyme/ros_ws/Autoware_sim_test/install/autoware_auto_mapping_msgs/include/autoware_auto_mapping_msgs/autoware_auto_mapping_msgs/srv/detail/had_map_service__rosidl_typesupport_fastrtps_c.h
[0.638s] -- Up-to-date symlink: /home/zyme/ros_ws/Autoware_sim_test/install/autoware_auto_mapping_msgs/include/autoware_auto_mapping_msgs/autoware_auto_mapping_msgs/msg/detail/had_map_bin__rosidl_typesupport_introspection_c.h
[0.639s] -- Up-to-date symlink: /home/zyme/ros_ws/Autoware_sim_test/install/autoware_auto_mapping_msgs/include/autoware_auto_mapping_msgs/autoware_auto_mapping_msgs/msg/detail/had_map_segment__rosidl_typesupport_introspection_c.h
[0.639s] -- Up-to-date symlink: /home/zyme/ros_ws/Autoware_sim_test/install/autoware_auto_mapping_msgs/include/autoware_auto_mapping_msgs/autoware_auto_mapping_msgs/msg/detail/map_primitive__rosidl_typesupport_introspection_c.h
[0.639s] -- Up-to-date symlink: /home/zyme/ros_ws/Autoware_sim_test/install/autoware_auto_mapping_msgs/include/autoware_auto_mapping_msgs/autoware_auto_mapping_msgs/msg/rosidl_typesupport_introspection_c__visibility_control.h
[0.639s] -- Up-to-date symlink: /home/zyme/ros_ws/Autoware_sim_test/install/autoware_auto_mapping_msgs/include/autoware_auto_mapping_msgs/autoware_auto_mapping_msgs/srv/detail/had_map_service__rosidl_typesupport_introspection_c.h
[0.640s] -- Up-to-date symlink: /home/zyme/ros_ws/Autoware_sim_test/install/autoware_auto_mapping_msgs/include/autoware_auto_mapping_msgs/autoware_auto_mapping_msgs/msg/detail/had_map_bin__builder.hpp
[0.640s] -- Up-to-date symlink: /home/zyme/ros_ws/Autoware_sim_test/install/autoware_auto_mapping_msgs/include/autoware_auto_mapping_msgs/autoware_auto_mapping_msgs/msg/detail/had_map_bin__struct.hpp
[0.640s] -- Up-to-date symlink: /home/zyme/ros_ws/Autoware_sim_test/install/autoware_auto_mapping_msgs/include/autoware_auto_mapping_msgs/autoware_auto_mapping_msgs/msg/detail/had_map_bin__traits.hpp
[0.641s] -- Up-to-date symlink: /home/zyme/ros_ws/Autoware_sim_test/install/autoware_auto_mapping_msgs/include/autoware_auto_mapping_msgs/autoware_auto_mapping_msgs/msg/detail/had_map_segment__builder.hpp
[0.641s] -- Up-to-date symlink: /home/zyme/ros_ws/Autoware_sim_test/install/autoware_auto_mapping_msgs/include/autoware_auto_mapping_msgs/autoware_auto_mapping_msgs/msg/detail/had_map_segment__struct.hpp
[0.641s] -- Up-to-date symlink: /home/zyme/ros_ws/Autoware_sim_test/install/autoware_auto_mapping_msgs/include/autoware_auto_mapping_msgs/autoware_auto_mapping_msgs/msg/detail/had_map_segment__traits.hpp
[0.642s] -- Up-to-date symlink: /home/zyme/ros_ws/Autoware_sim_test/install/autoware_auto_mapping_msgs/include/autoware_auto_mapping_msgs/autoware_auto_mapping_msgs/msg/detail/map_primitive__builder.hpp
[0.642s] -- Up-to-date symlink: /home/zyme/ros_ws/Autoware_sim_test/install/autoware_auto_mapping_msgs/include/autoware_auto_mapping_msgs/autoware_auto_mapping_msgs/msg/detail/map_primitive__struct.hpp
[0.642s] -- Up-to-date symlink: /home/zyme/ros_ws/Autoware_sim_test/install/autoware_auto_mapping_msgs/include/autoware_auto_mapping_msgs/autoware_auto_mapping_msgs/msg/detail/map_primitive__traits.hpp
[0.642s] -- Up-to-date symlink: /home/zyme/ros_ws/Autoware_sim_test/install/autoware_auto_mapping_msgs/include/autoware_auto_mapping_msgs/autoware_auto_mapping_msgs/msg/had_map_bin.hpp
[0.643s] -- Up-to-date symlink: /home/zyme/ros_ws/Autoware_sim_test/install/autoware_auto_mapping_msgs/include/autoware_auto_mapping_msgs/autoware_auto_mapping_msgs/msg/had_map_segment.hpp
[0.643s] -- Up-to-date symlink: /home/zyme/ros_ws/Autoware_sim_test/install/autoware_auto_mapping_msgs/include/autoware_auto_mapping_msgs/autoware_auto_mapping_msgs/msg/map_primitive.hpp
[0.643s] -- Up-to-date symlink: /home/zyme/ros_ws/Autoware_sim_test/install/autoware_auto_mapping_msgs/include/autoware_auto_mapping_msgs/autoware_auto_mapping_msgs/srv/detail/had_map_service__builder.hpp
[0.643s] -- Up-to-date symlink: /home/zyme/ros_ws/Autoware_sim_test/install/autoware_auto_mapping_msgs/include/autoware_auto_mapping_msgs/autoware_auto_mapping_msgs/srv/detail/had_map_service__struct.hpp
[0.644s] -- Up-to-date symlink: /home/zyme/ros_ws/Autoware_sim_test/install/autoware_auto_mapping_msgs/include/autoware_auto_mapping_msgs/autoware_auto_mapping_msgs/srv/detail/had_map_service__traits.hpp
[0.644s] -- Up-to-date symlink: /home/zyme/ros_ws/Autoware_sim_test/install/autoware_auto_mapping_msgs/include/autoware_auto_mapping_msgs/autoware_auto_mapping_msgs/srv/had_map_service.hpp
[0.645s] -- Up-to-date symlink: /home/zyme/ros_ws/Autoware_sim_test/install/autoware_auto_mapping_msgs/include/autoware_auto_mapping_msgs/autoware_auto_mapping_msgs/msg/detail/had_map_bin__rosidl_typesupport_fastrtps_cpp.hpp
[0.645s] -- Up-to-date symlink: /home/zyme/ros_ws/Autoware_sim_test/install/autoware_auto_mapping_msgs/include/autoware_auto_mapping_msgs/autoware_auto_mapping_msgs/msg/detail/had_map_segment__rosidl_typesupport_fastrtps_cpp.hpp
[0.645s] -- Up-to-date symlink: /home/zyme/ros_ws/Autoware_sim_test/install/autoware_auto_mapping_msgs/include/autoware_auto_mapping_msgs/autoware_auto_mapping_msgs/msg/detail/map_primitive__rosidl_typesupport_fastrtps_cpp.hpp
[0.645s] -- Up-to-date symlink: /home/zyme/ros_ws/Autoware_sim_test/install/autoware_auto_mapping_msgs/include/autoware_auto_mapping_msgs/autoware_auto_mapping_msgs/msg/rosidl_typesupport_fastrtps_cpp__visibility_control.h
[0.646s] -- Up-to-date symlink: /home/zyme/ros_ws/Autoware_sim_test/install/autoware_auto_mapping_msgs/include/autoware_auto_mapping_msgs/autoware_auto_mapping_msgs/srv/detail/had_map_service__rosidl_typesupport_fastrtps_cpp.hpp
[0.646s] -- Up-to-date symlink: /home/zyme/ros_ws/Autoware_sim_test/install/autoware_auto_mapping_msgs/include/autoware_auto_mapping_msgs/autoware_auto_mapping_msgs/msg/detail/had_map_bin__rosidl_typesupport_introspection_cpp.hpp
[0.647s] -- Up-to-date symlink: /home/zyme/ros_ws/Autoware_sim_test/install/autoware_auto_mapping_msgs/include/autoware_auto_mapping_msgs/autoware_auto_mapping_msgs/msg/detail/had_map_segment__rosidl_typesupport_introspection_cpp.hpp
[0.647s] -- Up-to-date symlink: /home/zyme/ros_ws/Autoware_sim_test/install/autoware_auto_mapping_msgs/include/autoware_auto_mapping_msgs/autoware_auto_mapping_msgs/msg/detail/map_primitive__rosidl_typesupport_introspection_cpp.hpp
[0.647s] -- Up-to-date symlink: /home/zyme/ros_ws/Autoware_sim_test/install/autoware_auto_mapping_msgs/include/autoware_auto_mapping_msgs/autoware_auto_mapping_msgs/srv/detail/had_map_service__rosidl_typesupport_introspection_cpp.hpp
[0.647s] -- Up-to-date symlink: /home/zyme/ros_ws/Autoware_sim_test/install/autoware_auto_mapping_msgs/share/autoware_auto_mapping_msgs/environment/pythonpath.sh
[0.647s] -- Up-to-date symlink: /home/zyme/ros_ws/Autoware_sim_test/install/autoware_auto_mapping_msgs/share/autoware_auto_mapping_msgs/environment/pythonpath.dsv
[0.648s] -- Up-to-date symlink: /home/zyme/ros_ws/Autoware_sim_test/install/autoware_auto_mapping_msgs/local/lib/python3.10/dist-packages/autoware_auto_mapping_msgs-1.0.0-py3.10.egg-info/PKG-INFO
[0.648s] -- Up-to-date symlink: /home/zyme/ros_ws/Autoware_sim_test/install/autoware_auto_mapping_msgs/local/lib/python3.10/dist-packages/autoware_auto_mapping_msgs-1.0.0-py3.10.egg-info/SOURCES.txt
[0.648s] -- Up-to-date symlink: /home/zyme/ros_ws/Autoware_sim_test/install/autoware_auto_mapping_msgs/local/lib/python3.10/dist-packages/autoware_auto_mapping_msgs-1.0.0-py3.10.egg-info/dependency_links.txt
[0.648s] -- Up-to-date symlink: /home/zyme/ros_ws/Autoware_sim_test/install/autoware_auto_mapping_msgs/local/lib/python3.10/dist-packages/autoware_auto_mapping_msgs-1.0.0-py3.10.egg-info/top_level.txt
[0.650s] -- Up-to-date symlink: /home/zyme/ros_ws/Autoware_sim_test/install/autoware_auto_mapping_msgs/local/lib/python3.10/dist-packages/autoware_auto_mapping_msgs/__init__.py
[0.650s] -- Up-to-date symlink: /home/zyme/ros_ws/Autoware_sim_test/install/autoware_auto_mapping_msgs/local/lib/python3.10/dist-packages/autoware_auto_mapping_msgs/_autoware_auto_mapping_msgs_s.ep.rosidl_typesupport_c.c
[0.650s] -- Up-to-date symlink: /home/zyme/ros_ws/Autoware_sim_test/install/autoware_auto_mapping_msgs/local/lib/python3.10/dist-packages/autoware_auto_mapping_msgs/_autoware_auto_mapping_msgs_s.ep.rosidl_typesupport_fastrtps_c.c
[0.650s] -- Up-to-date symlink: /home/zyme/ros_ws/Autoware_sim_test/install/autoware_auto_mapping_msgs/local/lib/python3.10/dist-packages/autoware_auto_mapping_msgs/_autoware_auto_mapping_msgs_s.ep.rosidl_typesupport_introspection_c.c
[0.651s] -- Up-to-date symlink: /home/zyme/ros_ws/Autoware_sim_test/install/autoware_auto_mapping_msgs/local/lib/python3.10/dist-packages/autoware_auto_mapping_msgs/autoware_auto_mapping_msgs_s__rosidl_typesupport_c.cpython-310-x86_64-linux-gnu.so
[0.651s] -- Up-to-date symlink: /home/zyme/ros_ws/Autoware_sim_test/install/autoware_auto_mapping_msgs/local/lib/python3.10/dist-packages/autoware_auto_mapping_msgs/autoware_auto_mapping_msgs_s__rosidl_typesupport_fastrtps_c.cpython-310-x86_64-linux-gnu.so
[0.651s] -- Up-to-date symlink: /home/zyme/ros_ws/Autoware_sim_test/install/autoware_auto_mapping_msgs/local/lib/python3.10/dist-packages/autoware_auto_mapping_msgs/autoware_auto_mapping_msgs_s__rosidl_typesupport_introspection_c.cpython-310-x86_64-linux-gnu.so
[0.651s] -- Up-to-date symlink: /home/zyme/ros_ws/Autoware_sim_test/install/autoware_auto_mapping_msgs/local/lib/python3.10/dist-packages/autoware_auto_mapping_msgs/libautoware_auto_mapping_msgs__rosidl_generator_py.so
[0.651s] -- Up-to-date symlink: /home/zyme/ros_ws/Autoware_sim_test/install/autoware_auto_mapping_msgs/local/lib/python3.10/dist-packages/autoware_auto_mapping_msgs/msg/__init__.py
[0.652s] -- Up-to-date symlink: /home/zyme/ros_ws/Autoware_sim_test/install/autoware_auto_mapping_msgs/local/lib/python3.10/dist-packages/autoware_auto_mapping_msgs/msg/_had_map_bin.py
[0.652s] -- Up-to-date symlink: /home/zyme/ros_ws/Autoware_sim_test/install/autoware_auto_mapping_msgs/local/lib/python3.10/dist-packages/autoware_auto_mapping_msgs/msg/_had_map_bin_s.c
[0.652s] -- Up-to-date symlink: /home/zyme/ros_ws/Autoware_sim_test/install/autoware_auto_mapping_msgs/local/lib/python3.10/dist-packages/autoware_auto_mapping_msgs/msg/_had_map_segment.py
[0.653s] -- Up-to-date symlink: /home/zyme/ros_ws/Autoware_sim_test/install/autoware_auto_mapping_msgs/local/lib/python3.10/dist-packages/autoware_auto_mapping_msgs/msg/_had_map_segment_s.c
[0.653s] -- Up-to-date symlink: /home/zyme/ros_ws/Autoware_sim_test/install/autoware_auto_mapping_msgs/local/lib/python3.10/dist-packages/autoware_auto_mapping_msgs/msg/_map_primitive.py
[0.653s] -- Up-to-date symlink: /home/zyme/ros_ws/Autoware_sim_test/install/autoware_auto_mapping_msgs/local/lib/python3.10/dist-packages/autoware_auto_mapping_msgs/msg/_map_primitive_s.c
[0.653s] -- Up-to-date symlink: /home/zyme/ros_ws/Autoware_sim_test/install/autoware_auto_mapping_msgs/local/lib/python3.10/dist-packages/autoware_auto_mapping_msgs/srv/__init__.py
[0.654s] -- Up-to-date symlink: /home/zyme/ros_ws/Autoware_sim_test/install/autoware_auto_mapping_msgs/local/lib/python3.10/dist-packages/autoware_auto_mapping_msgs/srv/_had_map_service.py
[0.654s] -- Up-to-date symlink: /home/zyme/ros_ws/Autoware_sim_test/install/autoware_auto_mapping_msgs/local/lib/python3.10/dist-packages/autoware_auto_mapping_msgs/srv/_had_map_service_s.c
[0.655s] -- Up-to-date symlink: /home/zyme/ros_ws/Autoware_sim_test/install/autoware_auto_mapping_msgs/local/lib/python3.10/dist-packages/autoware_auto_mapping_msgs/autoware_auto_mapping_msgs_s__rosidl_typesupport_fastrtps_c.cpython-310-x86_64-linux-gnu.so
[0.655s] -- Up-to-date symlink: /home/zyme/ros_ws/Autoware_sim_test/install/autoware_auto_mapping_msgs/local/lib/python3.10/dist-packages/autoware_auto_mapping_msgs/autoware_auto_mapping_msgs_s__rosidl_typesupport_introspection_c.cpython-310-x86_64-linux-gnu.so
[0.655s] -- Up-to-date symlink: /home/zyme/ros_ws/Autoware_sim_test/install/autoware_auto_mapping_msgs/local/lib/python3.10/dist-packages/autoware_auto_mapping_msgs/autoware_auto_mapping_msgs_s__rosidl_typesupport_c.cpython-310-x86_64-linux-gnu.so
[0.656s] -- Up-to-date symlink: /home/zyme/ros_ws/Autoware_sim_test/install/autoware_auto_mapping_msgs/share/autoware_auto_mapping_msgs/msg/HADMapBin.idl
[0.656s] -- Up-to-date symlink: /home/zyme/ros_ws/Autoware_sim_test/install/autoware_auto_mapping_msgs/share/autoware_auto_mapping_msgs/msg/HADMapSegment.idl
[0.656s] -- Up-to-date symlink: /home/zyme/ros_ws/Autoware_sim_test/install/autoware_auto_mapping_msgs/share/autoware_auto_mapping_msgs/msg/MapPrimitive.idl
[0.657s] -- Up-to-date symlink: /home/zyme/ros_ws/Autoware_sim_test/install/autoware_auto_mapping_msgs/share/autoware_auto_mapping_msgs/srv/HADMapService.idl
[0.657s] -- Up-to-date symlink: /home/zyme/ros_ws/Autoware_sim_test/install/autoware_auto_mapping_msgs/share/ament_index/resource_index/package_run_dependencies/autoware_auto_mapping_msgs
[0.658s] -- Up-to-date symlink: /home/zyme/ros_ws/Autoware_sim_test/install/autoware_auto_mapping_msgs/share/ament_index/resource_index/parent_prefix_path/autoware_auto_mapping_msgs
[0.658s] -- Up-to-date symlink: /home/zyme/ros_ws/Autoware_sim_test/install/autoware_auto_mapping_msgs/share/autoware_auto_mapping_msgs/environment/ament_prefix_path.sh
[0.658s] -- Up-to-date symlink: /home/zyme/ros_ws/Autoware_sim_test/install/autoware_auto_mapping_msgs/share/autoware_auto_mapping_msgs/environment/ament_prefix_path.dsv
[0.659s] -- Up-to-date symlink: /home/zyme/ros_ws/Autoware_sim_test/install/autoware_auto_mapping_msgs/share/autoware_auto_mapping_msgs/environment/path.sh
[0.659s] -- Up-to-date symlink: /home/zyme/ros_ws/Autoware_sim_test/install/autoware_auto_mapping_msgs/share/autoware_auto_mapping_msgs/environment/path.dsv
[0.659s] -- Up-to-date symlink: /home/zyme/ros_ws/Autoware_sim_test/install/autoware_auto_mapping_msgs/share/autoware_auto_mapping_msgs/local_setup.bash
[0.659s] -- Up-to-date symlink: /home/zyme/ros_ws/Autoware_sim_test/install/autoware_auto_mapping_msgs/share/autoware_auto_mapping_msgs/local_setup.sh
[0.659s] -- Up-to-date symlink: /home/zyme/ros_ws/Autoware_sim_test/install/autoware_auto_mapping_msgs/share/autoware_auto_mapping_msgs/local_setup.zsh
[0.660s] -- Up-to-date symlink: /home/zyme/ros_ws/Autoware_sim_test/install/autoware_auto_mapping_msgs/share/autoware_auto_mapping_msgs/local_setup.dsv
[0.660s] -- Symlinking: /home/zyme/ros_ws/Autoware_sim_test/install/autoware_auto_mapping_msgs/share/autoware_auto_mapping_msgs/package.dsv
[0.669s] -- Up-to-date symlink: /home/zyme/ros_ws/Autoware_sim_test/install/autoware_auto_mapping_msgs/share/ament_index/resource_index/packages/autoware_auto_mapping_msgs
[0.669s] -- Up-to-date symlink: /home/zyme/ros_ws/Autoware_sim_test/install/autoware_auto_mapping_msgs/share/autoware_auto_mapping_msgs/cmake/rosidl_cmake-extras.cmake
[0.669s] -- Up-to-date symlink: /home/zyme/ros_ws/Autoware_sim_test/install/autoware_auto_mapping_msgs/share/autoware_auto_mapping_msgs/cmake/ament_cmake_export_dependencies-extras.cmake
[0.669s] -- Up-to-date symlink: /home/zyme/ros_ws/Autoware_sim_test/install/autoware_auto_mapping_msgs/share/autoware_auto_mapping_msgs/cmake/ament_cmake_export_include_directories-extras.cmake
[0.669s] -- Up-to-date symlink: /home/zyme/ros_ws/Autoware_sim_test/install/autoware_auto_mapping_msgs/share/autoware_auto_mapping_msgs/cmake/ament_cmake_export_libraries-extras.cmake
[0.670s] -- Up-to-date symlink: /home/zyme/ros_ws/Autoware_sim_test/install/autoware_auto_mapping_msgs/share/autoware_auto_mapping_msgs/cmake/ament_cmake_export_targets-extras.cmake
[0.670s] -- Up-to-date symlink: /home/zyme/ros_ws/Autoware_sim_test/install/autoware_auto_mapping_msgs/share/autoware_auto_mapping_msgs/cmake/rosidl_cmake_export_typesupport_targets-extras.cmake
[0.670s] -- Up-to-date symlink: /home/zyme/ros_ws/Autoware_sim_test/install/autoware_auto_mapping_msgs/share/autoware_auto_mapping_msgs/cmake/rosidl_cmake_export_typesupport_libraries-extras.cmake
[0.670s] -- Up-to-date symlink: /home/zyme/ros_ws/Autoware_sim_test/install/autoware_auto_mapping_msgs/share/autoware_auto_mapping_msgs/cmake/autoware_auto_mapping_msgsConfig.cmake
[0.671s] -- Up-to-date symlink: /home/zyme/ros_ws/Autoware_sim_test/install/autoware_auto_mapping_msgs/share/autoware_auto_mapping_msgs/cmake/autoware_auto_mapping_msgsConfig-version.cmake
[0.671s] -- Up-to-date symlink: /home/zyme/ros_ws/Autoware_sim_test/install/autoware_auto_mapping_msgs/share/autoware_auto_mapping_msgs/package.xml
[0.671s] -- Up-to-date: /home/zyme/ros_ws/Autoware_sim_test/install/autoware_auto_mapping_msgs/lib/libautoware_auto_mapping_msgs__rosidl_generator_c.so
[0.671s] -- Up-to-date: /home/zyme/ros_ws/Autoware_sim_test/install/autoware_auto_mapping_msgs/lib/libautoware_auto_mapping_msgs__rosidl_typesupport_fastrtps_c.so
[0.672s] -- Up-to-date: /home/zyme/ros_ws/Autoware_sim_test/install/autoware_auto_mapping_msgs/lib/libautoware_auto_mapping_msgs__rosidl_typesupport_introspection_c.so
[0.672s] -- Up-to-date: /home/zyme/ros_ws/Autoware_sim_test/install/autoware_auto_mapping_msgs/lib/libautoware_auto_mapping_msgs__rosidl_typesupport_c.so
[0.673s] -- Up-to-date: /home/zyme/ros_ws/Autoware_sim_test/install/autoware_auto_mapping_msgs/lib/libautoware_auto_mapping_msgs__rosidl_typesupport_fastrtps_cpp.so
[0.673s] -- Up-to-date: /home/zyme/ros_ws/Autoware_sim_test/install/autoware_auto_mapping_msgs/lib/libautoware_auto_mapping_msgs__rosidl_typesupport_introspection_cpp.so
[0.673s] -- Up-to-date: /home/zyme/ros_ws/Autoware_sim_test/install/autoware_auto_mapping_msgs/lib/libautoware_auto_mapping_msgs__rosidl_typesupport_cpp.so
[0.703s] Listing '/home/zyme/ros_ws/Autoware_sim_test/install/autoware_auto_mapping_msgs/local/lib/python3.10/dist-packages/autoware_auto_mapping_msgs'...
[0.703s] Listing '/home/zyme/ros_ws/Autoware_sim_test/install/autoware_auto_mapping_msgs/local/lib/python3.10/dist-packages/autoware_auto_mapping_msgs/msg'...
[0.703s] Listing '/home/zyme/ros_ws/Autoware_sim_test/install/autoware_auto_mapping_msgs/local/lib/python3.10/dist-packages/autoware_auto_mapping_msgs/srv'...
[0.707s] -- Up-to-date: /home/zyme/ros_ws/Autoware_sim_test/install/autoware_auto_mapping_msgs/lib/libautoware_auto_mapping_msgs__rosidl_generator_py.so
[0.708s] -- Up-to-date: /home/zyme/ros_ws/Autoware_sim_test/install/autoware_auto_mapping_msgs/share/autoware_auto_mapping_msgs/cmake/export_autoware_auto_mapping_msgs__rosidl_generator_cExport.cmake
[0.708s] -- Up-to-date: /home/zyme/ros_ws/Autoware_sim_test/install/autoware_auto_mapping_msgs/share/autoware_auto_mapping_msgs/cmake/export_autoware_auto_mapping_msgs__rosidl_generator_cExport-release.cmake
[0.708s] -- Up-to-date: /home/zyme/ros_ws/Autoware_sim_test/install/autoware_auto_mapping_msgs/share/autoware_auto_mapping_msgs/cmake/export_autoware_auto_mapping_msgs__rosidl_typesupport_fastrtps_cExport.cmake
[0.709s] -- Up-to-date: /home/zyme/ros_ws/Autoware_sim_test/install/autoware_auto_mapping_msgs/share/autoware_auto_mapping_msgs/cmake/export_autoware_auto_mapping_msgs__rosidl_typesupport_fastrtps_cExport-release.cmake
[0.709s] -- Up-to-date: /home/zyme/ros_ws/Autoware_sim_test/install/autoware_auto_mapping_msgs/share/autoware_auto_mapping_msgs/cmake/autoware_auto_mapping_msgs__rosidl_typesupport_introspection_cExport.cmake
[0.709s] -- Up-to-date: /home/zyme/ros_ws/Autoware_sim_test/install/autoware_auto_mapping_msgs/share/autoware_auto_mapping_msgs/cmake/autoware_auto_mapping_msgs__rosidl_typesupport_introspection_cExport-release.cmake
[0.709s] -- Up-to-date: /home/zyme/ros_ws/Autoware_sim_test/install/autoware_auto_mapping_msgs/share/autoware_auto_mapping_msgs/cmake/autoware_auto_mapping_msgs__rosidl_typesupport_cExport.cmake
[0.709s] -- Up-to-date: /home/zyme/ros_ws/Autoware_sim_test/install/autoware_auto_mapping_msgs/share/autoware_auto_mapping_msgs/cmake/autoware_auto_mapping_msgs__rosidl_typesupport_cExport-release.cmake
[0.709s] -- Up-to-date: /home/zyme/ros_ws/Autoware_sim_test/install/autoware_auto_mapping_msgs/share/autoware_auto_mapping_msgs/cmake/export_autoware_auto_mapping_msgs__rosidl_generator_cppExport.cmake
[0.709s] -- Up-to-date: /home/zyme/ros_ws/Autoware_sim_test/install/autoware_auto_mapping_msgs/share/autoware_auto_mapping_msgs/cmake/export_autoware_auto_mapping_msgs__rosidl_typesupport_fastrtps_cppExport.cmake
[0.709s] -- Up-to-date: /home/zyme/ros_ws/Autoware_sim_test/install/autoware_auto_mapping_msgs/share/autoware_auto_mapping_msgs/cmake/export_autoware_auto_mapping_msgs__rosidl_typesupport_fastrtps_cppExport-release.cmake
[0.710s] -- Up-to-date: /home/zyme/ros_ws/Autoware_sim_test/install/autoware_auto_mapping_msgs/share/autoware_auto_mapping_msgs/cmake/autoware_auto_mapping_msgs__rosidl_typesupport_introspection_cppExport.cmake
[0.710s] -- Up-to-date: /home/zyme/ros_ws/Autoware_sim_test/install/autoware_auto_mapping_msgs/share/autoware_auto_mapping_msgs/cmake/autoware_auto_mapping_msgs__rosidl_typesupport_introspection_cppExport-release.cmake
[0.710s] -- Up-to-date: /home/zyme/ros_ws/Autoware_sim_test/install/autoware_auto_mapping_msgs/share/autoware_auto_mapping_msgs/cmake/autoware_auto_mapping_msgs__rosidl_typesupport_cppExport.cmake
[0.710s] -- Up-to-date: /home/zyme/ros_ws/Autoware_sim_test/install/autoware_auto_mapping_msgs/share/autoware_auto_mapping_msgs/cmake/autoware_auto_mapping_msgs__rosidl_typesupport_cppExport-release.cmake
[0.710s] -- Up-to-date: /home/zyme/ros_ws/Autoware_sim_test/install/autoware_auto_mapping_msgs/share/autoware_auto_mapping_msgs/cmake/export_autoware_auto_mapping_msgs__rosidl_generator_pyExport.cmake
[0.710s] -- Up-to-date: /home/zyme/ros_ws/Autoware_sim_test/install/autoware_auto_mapping_msgs/share/autoware_auto_mapping_msgs/cmake/export_autoware_auto_mapping_msgs__rosidl_generator_pyExport-release.cmake
[0.712s] Invoked command in '/home/zyme/ros_ws/Autoware_sim_test/build/autoware_auto_mapping_msgs' returned '0': CMAKE_PREFIX_PATH=/opt/ros/humble /usr/bin/cmake --install /home/zyme/ros_ws/Autoware_sim_test/build/autoware_auto_mapping_msgs
