[0.693s] Invoking command in '/home/zyme/ros_ws/Autoware_sim_test/build/ndt_omp': CMAKE_PREFIX_PATH=/opt/ros/humble /usr/bin/cmake /home/zyme/ros_ws/Autoware_sim_test/src/autoware/src/universe/external/ndt_omp -DCMAKE_INSTALL_PREFIX=/home/zyme/ros_ws/Autoware_sim_test/install/ndt_omp
[0.710s] -- Found ament_cmake_auto: 1.3.8 (/opt/ros/humble/share/ament_cmake_auto/cmake)
[0.957s] -- Override CMake install command with custom implementation using symlinks instead of copying resources
[1.162s] -- Eigen found (include: /usr/include/eigen3, version: 3.4.0)
[1.247s] -- FLANN found (include: /usr/include, lib: /usr/lib/x86_64-linux-gnu/libflann_cpp.so)
[1.806s] -- OpenNI found (version: 1.5.4.0, include: /usr/include/ni, lib: /usr/lib/libOpenNI.so;libusb::libusb)
[1.816s] -- OpenNI2 found (version: 2.2.0.33, include: /usr/include/openni2, lib: /usr/lib/x86_64-linux-gnu/libOpenNI2.so;libusb::libusb)
[1.816s] [0m** WARNING ** io features related to pcap will be disabled[0m
[2.143s] -- Eigen found (include: /usr/include/eigen3, version: 3.4.0)
[2.158s] -- OpenNI found (version: 1.5.4.0, include: /usr/include/ni, lib: /usr/lib/libOpenNI.so;libusb::libusb)
[2.168s] -- OpenNI2 found (version: 2.2.0.33, include: /usr/include/openni2, lib: /usr/lib/x86_64-linux-gnu/libOpenNI2.so;libusb::libusb)
[2.481s] -- Found Qhull version 8.0.2
[2.792s] -- OpenNI found (version: 1.5.4.0, include: /usr/include/ni, lib: /usr/lib/libOpenNI.so;libusb::libusb)
[3.051s] -- looking for PCL_COMMON
[3.052s] -- looking for PCL_KDTREE
[3.052s] -- looking for PCL_OCTREE
[3.052s] -- looking for PCL_SEARCH
[3.053s] -- looking for PCL_SAMPLE_CONSENSUS
[3.053s] -- looking for PCL_FILTERS
[3.054s] -- looking for PCL_2D
[3.054s] -- looking for PCL_GEOMETRY
[3.055s] -- looking for PCL_IO
[3.056s] -- looking for PCL_FEATURES
[3.057s] -- looking for PCL_ML
[3.057s] -- looking for PCL_SEGMENTATION
[3.058s] -- looking for PCL_VISUALIZATION
[3.059s] -- looking for PCL_SURFACE
[3.059s] -- looking for PCL_REGISTRATION
[3.060s] -- looking for PCL_KEYPOINTS
[3.060s] -- looking for PCL_TRACKING
[3.061s] -- looking for PCL_RECOGNITION
[3.062s] -- looking for PCL_STEREO
[3.062s] -- looking for PCL_APPS
[3.065s] -- looking for PCL_IN_HAND_SCANNER
[3.065s] -- looking for PCL_MODELER
[3.065s] -- looking for PCL_POINT_CLOUD_EDITOR
[3.065s] -- looking for PCL_OUTOFCORE
[3.066s] -- looking for PCL_PEOPLE
[3.068s] -- PCL_INCLUDE_DIRS:/usr/include/pcl-1.12/usr/include/eigen3/usr/include/usr/include/ni/usr/include/openni2
[3.068s] -- PCL_LIBRARY_DIRS:/usr/lib/x86_64-linux-gnu
[3.069s] -- PCL_DEFINITIONS:-DDISABLE_PCAP
[3.092s] -- Configuring done
[3.161s] -- Generating done
[3.163s] -- Build files have been written to: /home/zyme/ros_ws/Autoware_sim_test/build/ndt_omp
[3.507s] Invoked command in '/home/zyme/ros_ws/Autoware_sim_test/build/ndt_omp' returned '0': CMAKE_PREFIX_PATH=/opt/ros/humble /usr/bin/cmake /home/zyme/ros_ws/Autoware_sim_test/src/autoware/src/universe/external/ndt_omp -DCMAKE_INSTALL_PREFIX=/home/zyme/ros_ws/Autoware_sim_test/install/ndt_omp
[3.510s] Invoking command in '/home/zyme/ros_ws/Autoware_sim_test/build/ndt_omp': CMAKE_PREFIX_PATH=/opt/ros/humble /usr/bin/cmake --build /home/zyme/ros_ws/Autoware_sim_test/build/ndt_omp -- -j12 -l12
[3.649s] [35m[1mConsolidate compiler generated dependencies of target ndt_omp[0m
[3.673s] [ 57%] Built target ndt_omp
[3.697s] [35m[1mConsolidate compiler generated dependencies of target multigrid_ndt_omp[0m
[3.758s] [100%] Built target multigrid_ndt_omp
[4.347s] Invoked command in '/home/zyme/ros_ws/Autoware_sim_test/build/ndt_omp' returned '0': CMAKE_PREFIX_PATH=/opt/ros/humble /usr/bin/cmake --build /home/zyme/ros_ws/Autoware_sim_test/build/ndt_omp -- -j12 -l12
[4.736s] Invoking command in '/home/zyme/ros_ws/Autoware_sim_test/build/ndt_omp': CMAKE_PREFIX_PATH=/opt/ros/humble /usr/bin/cmake --install /home/zyme/ros_ws/Autoware_sim_test/build/ndt_omp
[5.159s] -- Install configuration: "RELEASE"
[5.159s] -- Execute custom install script
[5.159s] -- Up-to-date symlink: /home/zyme/ros_ws/Autoware_sim_test/install/ndt_omp/include/multigrid_pclomp/multi_voxel_grid_covariance_omp.h
[5.159s] -- Up-to-date symlink: /home/zyme/ros_ws/Autoware_sim_test/install/ndt_omp/include/multigrid_pclomp/multi_voxel_grid_covariance_omp_impl.hpp
[5.159s] -- Up-to-date symlink: /home/zyme/ros_ws/Autoware_sim_test/install/ndt_omp/include/multigrid_pclomp/multigrid_ndt_omp.h
[5.160s] -- Up-to-date symlink: /home/zyme/ros_ws/Autoware_sim_test/install/ndt_omp/include/multigrid_pclomp/multigrid_ndt_omp_impl.hpp
[5.160s] -- Up-to-date symlink: /home/zyme/ros_ws/Autoware_sim_test/install/ndt_omp/include/pclomp/gicp_omp.h
[5.160s] -- Up-to-date symlink: /home/zyme/ros_ws/Autoware_sim_test/install/ndt_omp/include/pclomp/gicp_omp_impl.hpp
[5.160s] -- Up-to-date symlink: /home/zyme/ros_ws/Autoware_sim_test/install/ndt_omp/include/pclomp/ndt_omp.h
[5.160s] -- Up-to-date symlink: /home/zyme/ros_ws/Autoware_sim_test/install/ndt_omp/include/pclomp/ndt_omp_impl.hpp
[5.160s] -- Up-to-date symlink: /home/zyme/ros_ws/Autoware_sim_test/install/ndt_omp/include/pclomp/voxel_grid_covariance_omp.h
[5.160s] -- Up-to-date symlink: /home/zyme/ros_ws/Autoware_sim_test/install/ndt_omp/include/pclomp/voxel_grid_covariance_omp_impl.hpp
[5.165s] -- Up-to-date symlink: /home/zyme/ros_ws/Autoware_sim_test/install/ndt_omp/share/ndt_omp/environment/library_path.sh
[5.165s] -- Up-to-date symlink: /home/zyme/ros_ws/Autoware_sim_test/install/ndt_omp/share/ndt_omp/environment/library_path.dsv
[5.165s] -- Up-to-date symlink: /home/zyme/ros_ws/Autoware_sim_test/install/ndt_omp/lib/libndt_omp.so
[5.166s] -- Up-to-date symlink: /home/zyme/ros_ws/Autoware_sim_test/install/ndt_omp/lib/libmultigrid_ndt_omp.so
[5.166s] -- Up-to-date symlink: /home/zyme/ros_ws/Autoware_sim_test/install/ndt_omp/share/ament_index/resource_index/package_run_dependencies/ndt_omp
[5.166s] -- Up-to-date symlink: /home/zyme/ros_ws/Autoware_sim_test/install/ndt_omp/share/ament_index/resource_index/parent_prefix_path/ndt_omp
[5.166s] -- Up-to-date symlink: /home/zyme/ros_ws/Autoware_sim_test/install/ndt_omp/share/ndt_omp/environment/ament_prefix_path.sh
[5.166s] -- Up-to-date symlink: /home/zyme/ros_ws/Autoware_sim_test/install/ndt_omp/share/ndt_omp/environment/ament_prefix_path.dsv
[5.166s] -- Up-to-date symlink: /home/zyme/ros_ws/Autoware_sim_test/install/ndt_omp/share/ndt_omp/environment/path.sh
[5.166s] -- Up-to-date symlink: /home/zyme/ros_ws/Autoware_sim_test/install/ndt_omp/share/ndt_omp/environment/path.dsv
[5.166s] -- Up-to-date symlink: /home/zyme/ros_ws/Autoware_sim_test/install/ndt_omp/share/ndt_omp/local_setup.bash
[5.167s] -- Up-to-date symlink: /home/zyme/ros_ws/Autoware_sim_test/install/ndt_omp/share/ndt_omp/local_setup.sh
[5.167s] -- Up-to-date symlink: /home/zyme/ros_ws/Autoware_sim_test/install/ndt_omp/share/ndt_omp/local_setup.zsh
[5.167s] -- Up-to-date symlink: /home/zyme/ros_ws/Autoware_sim_test/install/ndt_omp/share/ndt_omp/local_setup.dsv
[5.167s] -- Symlinking: /home/zyme/ros_ws/Autoware_sim_test/install/ndt_omp/share/ndt_omp/package.dsv
[5.167s] -- Up-to-date symlink: /home/zyme/ros_ws/Autoware_sim_test/install/ndt_omp/share/ament_index/resource_index/packages/ndt_omp
[5.167s] -- Up-to-date symlink: /home/zyme/ros_ws/Autoware_sim_test/install/ndt_omp/share/ndt_omp/cmake/ament_cmake_export_include_directories-extras.cmake
[5.167s] -- Up-to-date symlink: /home/zyme/ros_ws/Autoware_sim_test/install/ndt_omp/share/ndt_omp/cmake/ament_cmake_export_libraries-extras.cmake
[5.168s] -- Up-to-date symlink: /home/zyme/ros_ws/Autoware_sim_test/install/ndt_omp/share/ndt_omp/cmake/ndt_ompConfig.cmake
[5.168s] -- Up-to-date symlink: /home/zyme/ros_ws/Autoware_sim_test/install/ndt_omp/share/ndt_omp/cmake/ndt_ompConfig-version.cmake
[5.168s] -- Up-to-date symlink: /home/zyme/ros_ws/Autoware_sim_test/install/ndt_omp/share/ndt_omp/package.xml
[5.173s] Invoked command in '/home/zyme/ros_ws/Autoware_sim_test/build/ndt_omp' returned '0': CMAKE_PREFIX_PATH=/opt/ros/humble /usr/bin/cmake --install /home/zyme/ros_ws/Autoware_sim_test/build/ndt_omp
