[0.061s] Invoking command in '/home/zyme/ros_ws/Autoware_sim_test/build/tier4_perception_msgs': AMENT_PREFIX_PATH=/home/zyme/ros_ws/Autoware_sim_test/install/autoware_auto_perception_msgs:/home/zyme/ros_ws/Autoware_sim_test/install/autoware_auto_geometry_msgs:${AMENT_PREFIX_PATH} CMAKE_PREFIX_PATH=/home/zyme/ros_ws/Autoware_sim_test/install/autoware_auto_perception_msgs:/home/zyme/ros_ws/Autoware_sim_test/install/autoware_auto_geometry_msgs:/opt/ros/humble LD_LIBRARY_PATH=/home/zyme/ros_ws/Autoware_sim_test/install/autoware_auto_perception_msgs/lib:/home/zyme/ros_ws/Autoware_sim_test/install/autoware_auto_geometry_msgs/lib:${LD_LIBRARY_PATH} PYTHONPATH=/home/zyme/ros_ws/Autoware_sim_test/install/autoware_auto_perception_msgs/local/lib/python3.10/dist-packages:/home/zyme/ros_ws/Autoware_sim_test/install/autoware_auto_geometry_msgs/local/lib/python3.10/dist-packages:${PYTHONPATH} /usr/bin/cmake --build /home/zyme/ros_ws/Autoware_sim_test/build/tier4_perception_msgs -- -j12 -l12
[0.120s] [  0%] Built target tier4_perception_msgs__cpp
[0.126s] [  0%] Built target ament_cmake_python_symlink_tier4_perception_msgs
[0.128s] [ 12%] Built target tier4_perception_msgs__rosidl_generator_c
[0.164s] [ 31%] Built target tier4_perception_msgs__rosidl_typesupport_cpp
[0.165s] [ 36%] Built target tier4_perception_msgs__rosidl_typesupport_fastrtps_cpp
[0.167s] [ 48%] Built target tier4_perception_msgs__rosidl_typesupport_introspection_cpp
[0.171s] [ 65%] Built target tier4_perception_msgs__rosidl_typesupport_introspection_c
[0.171s] [ 72%] Built target tier4_perception_msgs__rosidl_typesupport_c
[0.180s] [ 84%] Built target tier4_perception_msgs__rosidl_typesupport_fastrtps_c
[0.202s] [ 84%] Built target tier4_perception_msgs
[0.224s] [ 85%] Built target tier4_perception_msgs__py
[0.253s] [ 96%] Built target tier4_perception_msgs__rosidl_generator_py
[0.279s] [ 98%] Built target tier4_perception_msgs__rosidl_typesupport_fastrtps_c__pyext
[0.279s] [100%] Built target tier4_perception_msgs__rosidl_typesupport_c__pyext
[0.279s] [100%] Built target tier4_perception_msgs__rosidl_typesupport_introspection_c__pyext
[0.398s] running egg_info
[0.399s] writing tier4_perception_msgs.egg-info/PKG-INFO
[0.399s] writing dependency_links to tier4_perception_msgs.egg-info/dependency_links.txt
[0.399s] writing top-level names to tier4_perception_msgs.egg-info/top_level.txt
[0.402s] reading manifest file 'tier4_perception_msgs.egg-info/SOURCES.txt'
[0.404s] writing manifest file 'tier4_perception_msgs.egg-info/SOURCES.txt'
[0.425s] [100%] Built target ament_cmake_python_build_tier4_perception_msgs_egg
[0.437s] Invoked command in '/home/zyme/ros_ws/Autoware_sim_test/build/tier4_perception_msgs' returned '0': AMENT_PREFIX_PATH=/home/zyme/ros_ws/Autoware_sim_test/install/autoware_auto_perception_msgs:/home/zyme/ros_ws/Autoware_sim_test/install/autoware_auto_geometry_msgs:${AMENT_PREFIX_PATH} CMAKE_PREFIX_PATH=/home/zyme/ros_ws/Autoware_sim_test/install/autoware_auto_perception_msgs:/home/zyme/ros_ws/Autoware_sim_test/install/autoware_auto_geometry_msgs:/opt/ros/humble LD_LIBRARY_PATH=/home/zyme/ros_ws/Autoware_sim_test/install/autoware_auto_perception_msgs/lib:/home/zyme/ros_ws/Autoware_sim_test/install/autoware_auto_geometry_msgs/lib:${LD_LIBRARY_PATH} PYTHONPATH=/home/zyme/ros_ws/Autoware_sim_test/install/autoware_auto_perception_msgs/local/lib/python3.10/dist-packages:/home/zyme/ros_ws/Autoware_sim_test/install/autoware_auto_geometry_msgs/local/lib/python3.10/dist-packages:${PYTHONPATH} /usr/bin/cmake --build /home/zyme/ros_ws/Autoware_sim_test/build/tier4_perception_msgs -- -j12 -l12
[1.252s] Invoking command in '/home/zyme/ros_ws/Autoware_sim_test/build/tier4_perception_msgs': AMENT_PREFIX_PATH=/home/zyme/ros_ws/Autoware_sim_test/install/autoware_auto_perception_msgs:/home/zyme/ros_ws/Autoware_sim_test/install/autoware_auto_geometry_msgs:${AMENT_PREFIX_PATH} CMAKE_PREFIX_PATH=/home/zyme/ros_ws/Autoware_sim_test/install/autoware_auto_perception_msgs:/home/zyme/ros_ws/Autoware_sim_test/install/autoware_auto_geometry_msgs:/opt/ros/humble LD_LIBRARY_PATH=/home/zyme/ros_ws/Autoware_sim_test/install/autoware_auto_perception_msgs/lib:/home/zyme/ros_ws/Autoware_sim_test/install/autoware_auto_geometry_msgs/lib:${LD_LIBRARY_PATH} PYTHONPATH=/home/zyme/ros_ws/Autoware_sim_test/install/autoware_auto_perception_msgs/local/lib/python3.10/dist-packages:/home/zyme/ros_ws/Autoware_sim_test/install/autoware_auto_geometry_msgs/local/lib/python3.10/dist-packages:${PYTHONPATH} /usr/bin/cmake --install /home/zyme/ros_ws/Autoware_sim_test/build/tier4_perception_msgs
[1.279s] -- Install configuration: "Release"
[1.281s] -- Execute custom install script
[1.282s] -- Up-to-date symlink: /home/zyme/ros_ws/Autoware_sim_test/install/tier4_perception_msgs/share/ament_index/resource_index/rosidl_interfaces/tier4_perception_msgs
[1.284s] -- Up-to-date symlink: /home/zyme/ros_ws/Autoware_sim_test/install/tier4_perception_msgs/include/tier4_perception_msgs/tier4_perception_msgs/msg/detail/detected_object_with_feature__functions.h
[1.284s] -- Up-to-date symlink: /home/zyme/ros_ws/Autoware_sim_test/install/tier4_perception_msgs/include/tier4_perception_msgs/tier4_perception_msgs/msg/detail/detected_object_with_feature__struct.h
[1.284s] -- Up-to-date symlink: /home/zyme/ros_ws/Autoware_sim_test/install/tier4_perception_msgs/include/tier4_perception_msgs/tier4_perception_msgs/msg/detail/detected_object_with_feature__type_support.h
[1.284s] -- Up-to-date symlink: /home/zyme/ros_ws/Autoware_sim_test/install/tier4_perception_msgs/include/tier4_perception_msgs/tier4_perception_msgs/msg/detail/detected_objects_with_feature__functions.h
[1.285s] -- Up-to-date symlink: /home/zyme/ros_ws/Autoware_sim_test/install/tier4_perception_msgs/include/tier4_perception_msgs/tier4_perception_msgs/msg/detail/detected_objects_with_feature__struct.h
[1.285s] -- Up-to-date symlink: /home/zyme/ros_ws/Autoware_sim_test/install/tier4_perception_msgs/include/tier4_perception_msgs/tier4_perception_msgs/msg/detail/detected_objects_with_feature__type_support.h
[1.285s] -- Up-to-date symlink: /home/zyme/ros_ws/Autoware_sim_test/install/tier4_perception_msgs/include/tier4_perception_msgs/tier4_perception_msgs/msg/detail/dynamic_object__functions.h
[1.285s] -- Up-to-date symlink: /home/zyme/ros_ws/Autoware_sim_test/install/tier4_perception_msgs/include/tier4_perception_msgs/tier4_perception_msgs/msg/detail/dynamic_object__struct.h
[1.286s] -- Up-to-date symlink: /home/zyme/ros_ws/Autoware_sim_test/install/tier4_perception_msgs/include/tier4_perception_msgs/tier4_perception_msgs/msg/detail/dynamic_object__type_support.h
[1.286s] -- Up-to-date symlink: /home/zyme/ros_ws/Autoware_sim_test/install/tier4_perception_msgs/include/tier4_perception_msgs/tier4_perception_msgs/msg/detail/dynamic_object_array__functions.h
[1.286s] -- Up-to-date symlink: /home/zyme/ros_ws/Autoware_sim_test/install/tier4_perception_msgs/include/tier4_perception_msgs/tier4_perception_msgs/msg/detail/dynamic_object_array__struct.h
[1.286s] -- Up-to-date symlink: /home/zyme/ros_ws/Autoware_sim_test/install/tier4_perception_msgs/include/tier4_perception_msgs/tier4_perception_msgs/msg/detail/dynamic_object_array__type_support.h
[1.287s] -- Up-to-date symlink: /home/zyme/ros_ws/Autoware_sim_test/install/tier4_perception_msgs/include/tier4_perception_msgs/tier4_perception_msgs/msg/detail/feature__functions.h
[1.287s] -- Up-to-date symlink: /home/zyme/ros_ws/Autoware_sim_test/install/tier4_perception_msgs/include/tier4_perception_msgs/tier4_perception_msgs/msg/detail/feature__struct.h
[1.287s] -- Up-to-date symlink: /home/zyme/ros_ws/Autoware_sim_test/install/tier4_perception_msgs/include/tier4_perception_msgs/tier4_perception_msgs/msg/detail/feature__type_support.h
[1.287s] -- Up-to-date symlink: /home/zyme/ros_ws/Autoware_sim_test/install/tier4_perception_msgs/include/tier4_perception_msgs/tier4_perception_msgs/msg/detail/predicted_path__functions.h
[1.288s] -- Up-to-date symlink: /home/zyme/ros_ws/Autoware_sim_test/install/tier4_perception_msgs/include/tier4_perception_msgs/tier4_perception_msgs/msg/detail/predicted_path__struct.h
[1.288s] -- Up-to-date symlink: /home/zyme/ros_ws/Autoware_sim_test/install/tier4_perception_msgs/include/tier4_perception_msgs/tier4_perception_msgs/msg/detail/predicted_path__type_support.h
[1.289s] -- Up-to-date symlink: /home/zyme/ros_ws/Autoware_sim_test/install/tier4_perception_msgs/include/tier4_perception_msgs/tier4_perception_msgs/msg/detail/semantic__functions.h
[1.289s] -- Up-to-date symlink: /home/zyme/ros_ws/Autoware_sim_test/install/tier4_perception_msgs/include/tier4_perception_msgs/tier4_perception_msgs/msg/detail/semantic__struct.h
[1.289s] -- Up-to-date symlink: /home/zyme/ros_ws/Autoware_sim_test/install/tier4_perception_msgs/include/tier4_perception_msgs/tier4_perception_msgs/msg/detail/semantic__type_support.h
[1.289s] -- Up-to-date symlink: /home/zyme/ros_ws/Autoware_sim_test/install/tier4_perception_msgs/include/tier4_perception_msgs/tier4_perception_msgs/msg/detail/shape__functions.h
[1.289s] -- Up-to-date symlink: /home/zyme/ros_ws/Autoware_sim_test/install/tier4_perception_msgs/include/tier4_perception_msgs/tier4_perception_msgs/msg/detail/shape__struct.h
[1.290s] -- Up-to-date symlink: /home/zyme/ros_ws/Autoware_sim_test/install/tier4_perception_msgs/include/tier4_perception_msgs/tier4_perception_msgs/msg/detail/shape__type_support.h
[1.290s] -- Up-to-date symlink: /home/zyme/ros_ws/Autoware_sim_test/install/tier4_perception_msgs/include/tier4_perception_msgs/tier4_perception_msgs/msg/detail/state__functions.h
[1.290s] -- Up-to-date symlink: /home/zyme/ros_ws/Autoware_sim_test/install/tier4_perception_msgs/include/tier4_perception_msgs/tier4_perception_msgs/msg/detail/state__struct.h
[1.290s] -- Up-to-date symlink: /home/zyme/ros_ws/Autoware_sim_test/install/tier4_perception_msgs/include/tier4_perception_msgs/tier4_perception_msgs/msg/detail/state__type_support.h
[1.290s] -- Up-to-date symlink: /home/zyme/ros_ws/Autoware_sim_test/install/tier4_perception_msgs/include/tier4_perception_msgs/tier4_perception_msgs/msg/detail/traffic_light_element__functions.h
[1.291s] -- Up-to-date symlink: /home/zyme/ros_ws/Autoware_sim_test/install/tier4_perception_msgs/include/tier4_perception_msgs/tier4_perception_msgs/msg/detail/traffic_light_element__struct.h
[1.291s] -- Up-to-date symlink: /home/zyme/ros_ws/Autoware_sim_test/install/tier4_perception_msgs/include/tier4_perception_msgs/tier4_perception_msgs/msg/detail/traffic_light_element__type_support.h
[1.291s] -- Up-to-date symlink: /home/zyme/ros_ws/Autoware_sim_test/install/tier4_perception_msgs/include/tier4_perception_msgs/tier4_perception_msgs/msg/detail/traffic_light_roi__functions.h
[1.291s] -- Up-to-date symlink: /home/zyme/ros_ws/Autoware_sim_test/install/tier4_perception_msgs/include/tier4_perception_msgs/tier4_perception_msgs/msg/detail/traffic_light_roi__struct.h
[1.291s] -- Up-to-date symlink: /home/zyme/ros_ws/Autoware_sim_test/install/tier4_perception_msgs/include/tier4_perception_msgs/tier4_perception_msgs/msg/detail/traffic_light_roi__type_support.h
[1.291s] -- Up-to-date symlink: /home/zyme/ros_ws/Autoware_sim_test/install/tier4_perception_msgs/include/tier4_perception_msgs/tier4_perception_msgs/msg/detail/traffic_light_roi_array__functions.h
[1.292s] -- Up-to-date symlink: /home/zyme/ros_ws/Autoware_sim_test/install/tier4_perception_msgs/include/tier4_perception_msgs/tier4_perception_msgs/msg/detail/traffic_light_roi_array__struct.h
[1.292s] -- Up-to-date symlink: /home/zyme/ros_ws/Autoware_sim_test/install/tier4_perception_msgs/include/tier4_perception_msgs/tier4_perception_msgs/msg/detail/traffic_light_roi_array__type_support.h
[1.292s] -- Up-to-date symlink: /home/zyme/ros_ws/Autoware_sim_test/install/tier4_perception_msgs/include/tier4_perception_msgs/tier4_perception_msgs/msg/detail/traffic_signal__functions.h
[1.292s] -- Up-to-date symlink: /home/zyme/ros_ws/Autoware_sim_test/install/tier4_perception_msgs/include/tier4_perception_msgs/tier4_perception_msgs/msg/detail/traffic_signal__struct.h
[1.292s] -- Up-to-date symlink: /home/zyme/ros_ws/Autoware_sim_test/install/tier4_perception_msgs/include/tier4_perception_msgs/tier4_perception_msgs/msg/detail/traffic_signal__type_support.h
[1.293s] -- Up-to-date symlink: /home/zyme/ros_ws/Autoware_sim_test/install/tier4_perception_msgs/include/tier4_perception_msgs/tier4_perception_msgs/msg/detail/traffic_signal_array__functions.h
[1.293s] -- Up-to-date symlink: /home/zyme/ros_ws/Autoware_sim_test/install/tier4_perception_msgs/include/tier4_perception_msgs/tier4_perception_msgs/msg/detail/traffic_signal_array__struct.h
[1.293s] -- Up-to-date symlink: /home/zyme/ros_ws/Autoware_sim_test/install/tier4_perception_msgs/include/tier4_perception_msgs/tier4_perception_msgs/msg/detail/traffic_signal_array__type_support.h
[1.294s] -- Up-to-date symlink: /home/zyme/ros_ws/Autoware_sim_test/install/tier4_perception_msgs/include/tier4_perception_msgs/tier4_perception_msgs/msg/detected_object_with_feature.h
[1.294s] -- Up-to-date symlink: /home/zyme/ros_ws/Autoware_sim_test/install/tier4_perception_msgs/include/tier4_perception_msgs/tier4_perception_msgs/msg/detected_objects_with_feature.h
[1.294s] -- Up-to-date symlink: /home/zyme/ros_ws/Autoware_sim_test/install/tier4_perception_msgs/include/tier4_perception_msgs/tier4_perception_msgs/msg/dynamic_object.h
[1.295s] -- Up-to-date symlink: /home/zyme/ros_ws/Autoware_sim_test/install/tier4_perception_msgs/include/tier4_perception_msgs/tier4_perception_msgs/msg/dynamic_object_array.h
[1.295s] -- Up-to-date symlink: /home/zyme/ros_ws/Autoware_sim_test/install/tier4_perception_msgs/include/tier4_perception_msgs/tier4_perception_msgs/msg/feature.h
[1.295s] -- Up-to-date symlink: /home/zyme/ros_ws/Autoware_sim_test/install/tier4_perception_msgs/include/tier4_perception_msgs/tier4_perception_msgs/msg/predicted_path.h
[1.295s] -- Up-to-date symlink: /home/zyme/ros_ws/Autoware_sim_test/install/tier4_perception_msgs/include/tier4_perception_msgs/tier4_perception_msgs/msg/rosidl_generator_c__visibility_control.h
[1.296s] -- Up-to-date symlink: /home/zyme/ros_ws/Autoware_sim_test/install/tier4_perception_msgs/include/tier4_perception_msgs/tier4_perception_msgs/msg/semantic.h
[1.296s] -- Up-to-date symlink: /home/zyme/ros_ws/Autoware_sim_test/install/tier4_perception_msgs/include/tier4_perception_msgs/tier4_perception_msgs/msg/shape.h
[1.296s] -- Up-to-date symlink: /home/zyme/ros_ws/Autoware_sim_test/install/tier4_perception_msgs/include/tier4_perception_msgs/tier4_perception_msgs/msg/state.h
[1.296s] -- Up-to-date symlink: /home/zyme/ros_ws/Autoware_sim_test/install/tier4_perception_msgs/include/tier4_perception_msgs/tier4_perception_msgs/msg/traffic_light_element.h
[1.297s] -- Up-to-date symlink: /home/zyme/ros_ws/Autoware_sim_test/install/tier4_perception_msgs/include/tier4_perception_msgs/tier4_perception_msgs/msg/traffic_light_roi.h
[1.297s] -- Up-to-date symlink: /home/zyme/ros_ws/Autoware_sim_test/install/tier4_perception_msgs/include/tier4_perception_msgs/tier4_perception_msgs/msg/traffic_light_roi_array.h
[1.297s] -- Up-to-date symlink: /home/zyme/ros_ws/Autoware_sim_test/install/tier4_perception_msgs/include/tier4_perception_msgs/tier4_perception_msgs/msg/traffic_signal.h
[1.297s] -- Up-to-date symlink: /home/zyme/ros_ws/Autoware_sim_test/install/tier4_perception_msgs/include/tier4_perception_msgs/tier4_perception_msgs/msg/traffic_signal_array.h
[1.298s] -- Up-to-date symlink: /home/zyme/ros_ws/Autoware_sim_test/install/tier4_perception_msgs/share/tier4_perception_msgs/environment/library_path.sh
[1.298s] -- Up-to-date symlink: /home/zyme/ros_ws/Autoware_sim_test/install/tier4_perception_msgs/share/tier4_perception_msgs/environment/library_path.dsv
[1.299s] -- Up-to-date symlink: /home/zyme/ros_ws/Autoware_sim_test/install/tier4_perception_msgs/include/tier4_perception_msgs/tier4_perception_msgs/msg/detail/detected_object_with_feature__rosidl_typesupport_fastrtps_c.h
[1.299s] -- Up-to-date symlink: /home/zyme/ros_ws/Autoware_sim_test/install/tier4_perception_msgs/include/tier4_perception_msgs/tier4_perception_msgs/msg/detail/detected_objects_with_feature__rosidl_typesupport_fastrtps_c.h
[1.300s] -- Up-to-date symlink: /home/zyme/ros_ws/Autoware_sim_test/install/tier4_perception_msgs/include/tier4_perception_msgs/tier4_perception_msgs/msg/detail/dynamic_object__rosidl_typesupport_fastrtps_c.h
[1.300s] -- Up-to-date symlink: /home/zyme/ros_ws/Autoware_sim_test/install/tier4_perception_msgs/include/tier4_perception_msgs/tier4_perception_msgs/msg/detail/dynamic_object_array__rosidl_typesupport_fastrtps_c.h
[1.300s] -- Up-to-date symlink: /home/zyme/ros_ws/Autoware_sim_test/install/tier4_perception_msgs/include/tier4_perception_msgs/tier4_perception_msgs/msg/detail/feature__rosidl_typesupport_fastrtps_c.h
[1.300s] -- Up-to-date symlink: /home/zyme/ros_ws/Autoware_sim_test/install/tier4_perception_msgs/include/tier4_perception_msgs/tier4_perception_msgs/msg/detail/predicted_path__rosidl_typesupport_fastrtps_c.h
[1.300s] -- Up-to-date symlink: /home/zyme/ros_ws/Autoware_sim_test/install/tier4_perception_msgs/include/tier4_perception_msgs/tier4_perception_msgs/msg/detail/semantic__rosidl_typesupport_fastrtps_c.h
[1.301s] -- Up-to-date symlink: /home/zyme/ros_ws/Autoware_sim_test/install/tier4_perception_msgs/include/tier4_perception_msgs/tier4_perception_msgs/msg/detail/shape__rosidl_typesupport_fastrtps_c.h
[1.301s] -- Up-to-date symlink: /home/zyme/ros_ws/Autoware_sim_test/install/tier4_perception_msgs/include/tier4_perception_msgs/tier4_perception_msgs/msg/detail/state__rosidl_typesupport_fastrtps_c.h
[1.301s] -- Up-to-date symlink: /home/zyme/ros_ws/Autoware_sim_test/install/tier4_perception_msgs/include/tier4_perception_msgs/tier4_perception_msgs/msg/detail/traffic_light_element__rosidl_typesupport_fastrtps_c.h
[1.301s] -- Up-to-date symlink: /home/zyme/ros_ws/Autoware_sim_test/install/tier4_perception_msgs/include/tier4_perception_msgs/tier4_perception_msgs/msg/detail/traffic_light_roi__rosidl_typesupport_fastrtps_c.h
[1.302s] -- Up-to-date symlink: /home/zyme/ros_ws/Autoware_sim_test/install/tier4_perception_msgs/include/tier4_perception_msgs/tier4_perception_msgs/msg/detail/traffic_light_roi_array__rosidl_typesupport_fastrtps_c.h
[1.302s] -- Up-to-date symlink: /home/zyme/ros_ws/Autoware_sim_test/install/tier4_perception_msgs/include/tier4_perception_msgs/tier4_perception_msgs/msg/detail/traffic_signal__rosidl_typesupport_fastrtps_c.h
[1.302s] -- Up-to-date symlink: /home/zyme/ros_ws/Autoware_sim_test/install/tier4_perception_msgs/include/tier4_perception_msgs/tier4_perception_msgs/msg/detail/traffic_signal_array__rosidl_typesupport_fastrtps_c.h
[1.303s] -- Up-to-date symlink: /home/zyme/ros_ws/Autoware_sim_test/install/tier4_perception_msgs/include/tier4_perception_msgs/tier4_perception_msgs/msg/rosidl_typesupport_fastrtps_c__visibility_control.h
[1.303s] -- Up-to-date symlink: /home/zyme/ros_ws/Autoware_sim_test/install/tier4_perception_msgs/include/tier4_perception_msgs/tier4_perception_msgs/msg/detail/detected_object_with_feature__rosidl_typesupport_introspection_c.h
[1.303s] -- Up-to-date symlink: /home/zyme/ros_ws/Autoware_sim_test/install/tier4_perception_msgs/include/tier4_perception_msgs/tier4_perception_msgs/msg/detail/detected_objects_with_feature__rosidl_typesupport_introspection_c.h
[1.304s] -- Up-to-date symlink: /home/zyme/ros_ws/Autoware_sim_test/install/tier4_perception_msgs/include/tier4_perception_msgs/tier4_perception_msgs/msg/detail/dynamic_object__rosidl_typesupport_introspection_c.h
[1.304s] -- Up-to-date symlink: /home/zyme/ros_ws/Autoware_sim_test/install/tier4_perception_msgs/include/tier4_perception_msgs/tier4_perception_msgs/msg/detail/dynamic_object_array__rosidl_typesupport_introspection_c.h
[1.304s] -- Up-to-date symlink: /home/zyme/ros_ws/Autoware_sim_test/install/tier4_perception_msgs/include/tier4_perception_msgs/tier4_perception_msgs/msg/detail/feature__rosidl_typesupport_introspection_c.h
[1.304s] -- Up-to-date symlink: /home/zyme/ros_ws/Autoware_sim_test/install/tier4_perception_msgs/include/tier4_perception_msgs/tier4_perception_msgs/msg/detail/predicted_path__rosidl_typesupport_introspection_c.h
[1.305s] -- Up-to-date symlink: /home/zyme/ros_ws/Autoware_sim_test/install/tier4_perception_msgs/include/tier4_perception_msgs/tier4_perception_msgs/msg/detail/semantic__rosidl_typesupport_introspection_c.h
[1.305s] -- Up-to-date symlink: /home/zyme/ros_ws/Autoware_sim_test/install/tier4_perception_msgs/include/tier4_perception_msgs/tier4_perception_msgs/msg/detail/shape__rosidl_typesupport_introspection_c.h
[1.305s] -- Up-to-date symlink: /home/zyme/ros_ws/Autoware_sim_test/install/tier4_perception_msgs/include/tier4_perception_msgs/tier4_perception_msgs/msg/detail/state__rosidl_typesupport_introspection_c.h
[1.305s] -- Up-to-date symlink: /home/zyme/ros_ws/Autoware_sim_test/install/tier4_perception_msgs/include/tier4_perception_msgs/tier4_perception_msgs/msg/detail/traffic_light_element__rosidl_typesupport_introspection_c.h
[1.306s] -- Up-to-date symlink: /home/zyme/ros_ws/Autoware_sim_test/install/tier4_perception_msgs/include/tier4_perception_msgs/tier4_perception_msgs/msg/detail/traffic_light_roi__rosidl_typesupport_introspection_c.h
[1.306s] -- Up-to-date symlink: /home/zyme/ros_ws/Autoware_sim_test/install/tier4_perception_msgs/include/tier4_perception_msgs/tier4_perception_msgs/msg/detail/traffic_light_roi_array__rosidl_typesupport_introspection_c.h
[1.306s] -- Up-to-date symlink: /home/zyme/ros_ws/Autoware_sim_test/install/tier4_perception_msgs/include/tier4_perception_msgs/tier4_perception_msgs/msg/detail/traffic_signal__rosidl_typesupport_introspection_c.h
[1.306s] -- Up-to-date symlink: /home/zyme/ros_ws/Autoware_sim_test/install/tier4_perception_msgs/include/tier4_perception_msgs/tier4_perception_msgs/msg/detail/traffic_signal_array__rosidl_typesupport_introspection_c.h
[1.307s] -- Up-to-date symlink: /home/zyme/ros_ws/Autoware_sim_test/install/tier4_perception_msgs/include/tier4_perception_msgs/tier4_perception_msgs/msg/rosidl_typesupport_introspection_c__visibility_control.h
[1.307s] -- Up-to-date symlink: /home/zyme/ros_ws/Autoware_sim_test/install/tier4_perception_msgs/include/tier4_perception_msgs/tier4_perception_msgs/msg/detail/detected_object_with_feature__builder.hpp
[1.308s] -- Up-to-date symlink: /home/zyme/ros_ws/Autoware_sim_test/install/tier4_perception_msgs/include/tier4_perception_msgs/tier4_perception_msgs/msg/detail/detected_object_with_feature__struct.hpp
[1.308s] -- Up-to-date symlink: /home/zyme/ros_ws/Autoware_sim_test/install/tier4_perception_msgs/include/tier4_perception_msgs/tier4_perception_msgs/msg/detail/detected_object_with_feature__traits.hpp
[1.308s] -- Up-to-date symlink: /home/zyme/ros_ws/Autoware_sim_test/install/tier4_perception_msgs/include/tier4_perception_msgs/tier4_perception_msgs/msg/detail/detected_objects_with_feature__builder.hpp
[1.308s] -- Up-to-date symlink: /home/zyme/ros_ws/Autoware_sim_test/install/tier4_perception_msgs/include/tier4_perception_msgs/tier4_perception_msgs/msg/detail/detected_objects_with_feature__struct.hpp
[1.309s] -- Up-to-date symlink: /home/zyme/ros_ws/Autoware_sim_test/install/tier4_perception_msgs/include/tier4_perception_msgs/tier4_perception_msgs/msg/detail/detected_objects_with_feature__traits.hpp
[1.309s] -- Up-to-date symlink: /home/zyme/ros_ws/Autoware_sim_test/install/tier4_perception_msgs/include/tier4_perception_msgs/tier4_perception_msgs/msg/detail/dynamic_object__builder.hpp
[1.309s] -- Up-to-date symlink: /home/zyme/ros_ws/Autoware_sim_test/install/tier4_perception_msgs/include/tier4_perception_msgs/tier4_perception_msgs/msg/detail/dynamic_object__struct.hpp
[1.309s] -- Up-to-date symlink: /home/zyme/ros_ws/Autoware_sim_test/install/tier4_perception_msgs/include/tier4_perception_msgs/tier4_perception_msgs/msg/detail/dynamic_object__traits.hpp
[1.310s] -- Up-to-date symlink: /home/zyme/ros_ws/Autoware_sim_test/install/tier4_perception_msgs/include/tier4_perception_msgs/tier4_perception_msgs/msg/detail/dynamic_object_array__builder.hpp
[1.310s] -- Up-to-date symlink: /home/zyme/ros_ws/Autoware_sim_test/install/tier4_perception_msgs/include/tier4_perception_msgs/tier4_perception_msgs/msg/detail/dynamic_object_array__struct.hpp
[1.310s] -- Up-to-date symlink: /home/zyme/ros_ws/Autoware_sim_test/install/tier4_perception_msgs/include/tier4_perception_msgs/tier4_perception_msgs/msg/detail/dynamic_object_array__traits.hpp
[1.310s] -- Up-to-date symlink: /home/zyme/ros_ws/Autoware_sim_test/install/tier4_perception_msgs/include/tier4_perception_msgs/tier4_perception_msgs/msg/detail/feature__builder.hpp
[1.310s] -- Up-to-date symlink: /home/zyme/ros_ws/Autoware_sim_test/install/tier4_perception_msgs/include/tier4_perception_msgs/tier4_perception_msgs/msg/detail/feature__struct.hpp
[1.311s] -- Up-to-date symlink: /home/zyme/ros_ws/Autoware_sim_test/install/tier4_perception_msgs/include/tier4_perception_msgs/tier4_perception_msgs/msg/detail/feature__traits.hpp
[1.311s] -- Up-to-date symlink: /home/zyme/ros_ws/Autoware_sim_test/install/tier4_perception_msgs/include/tier4_perception_msgs/tier4_perception_msgs/msg/detail/predicted_path__builder.hpp
[1.311s] -- Up-to-date symlink: /home/zyme/ros_ws/Autoware_sim_test/install/tier4_perception_msgs/include/tier4_perception_msgs/tier4_perception_msgs/msg/detail/predicted_path__struct.hpp
[1.312s] -- Up-to-date symlink: /home/zyme/ros_ws/Autoware_sim_test/install/tier4_perception_msgs/include/tier4_perception_msgs/tier4_perception_msgs/msg/detail/predicted_path__traits.hpp
[1.312s] -- Up-to-date symlink: /home/zyme/ros_ws/Autoware_sim_test/install/tier4_perception_msgs/include/tier4_perception_msgs/tier4_perception_msgs/msg/detail/semantic__builder.hpp
[1.312s] -- Up-to-date symlink: /home/zyme/ros_ws/Autoware_sim_test/install/tier4_perception_msgs/include/tier4_perception_msgs/tier4_perception_msgs/msg/detail/semantic__struct.hpp
[1.312s] -- Up-to-date symlink: /home/zyme/ros_ws/Autoware_sim_test/install/tier4_perception_msgs/include/tier4_perception_msgs/tier4_perception_msgs/msg/detail/semantic__traits.hpp
[1.312s] -- Up-to-date symlink: /home/zyme/ros_ws/Autoware_sim_test/install/tier4_perception_msgs/include/tier4_perception_msgs/tier4_perception_msgs/msg/detail/shape__builder.hpp
[1.313s] -- Up-to-date symlink: /home/zyme/ros_ws/Autoware_sim_test/install/tier4_perception_msgs/include/tier4_perception_msgs/tier4_perception_msgs/msg/detail/shape__struct.hpp
[1.313s] -- Up-to-date symlink: /home/zyme/ros_ws/Autoware_sim_test/install/tier4_perception_msgs/include/tier4_perception_msgs/tier4_perception_msgs/msg/detail/shape__traits.hpp
[1.313s] -- Up-to-date symlink: /home/zyme/ros_ws/Autoware_sim_test/install/tier4_perception_msgs/include/tier4_perception_msgs/tier4_perception_msgs/msg/detail/state__builder.hpp
[1.313s] -- Up-to-date symlink: /home/zyme/ros_ws/Autoware_sim_test/install/tier4_perception_msgs/include/tier4_perception_msgs/tier4_perception_msgs/msg/detail/state__struct.hpp
[1.313s] -- Up-to-date symlink: /home/zyme/ros_ws/Autoware_sim_test/install/tier4_perception_msgs/include/tier4_perception_msgs/tier4_perception_msgs/msg/detail/state__traits.hpp
[1.313s] -- Up-to-date symlink: /home/zyme/ros_ws/Autoware_sim_test/install/tier4_perception_msgs/include/tier4_perception_msgs/tier4_perception_msgs/msg/detail/traffic_light_element__builder.hpp
[1.313s] -- Up-to-date symlink: /home/zyme/ros_ws/Autoware_sim_test/install/tier4_perception_msgs/include/tier4_perception_msgs/tier4_perception_msgs/msg/detail/traffic_light_element__struct.hpp
[1.314s] -- Up-to-date symlink: /home/zyme/ros_ws/Autoware_sim_test/install/tier4_perception_msgs/include/tier4_perception_msgs/tier4_perception_msgs/msg/detail/traffic_light_element__traits.hpp
[1.314s] -- Up-to-date symlink: /home/zyme/ros_ws/Autoware_sim_test/install/tier4_perception_msgs/include/tier4_perception_msgs/tier4_perception_msgs/msg/detail/traffic_light_roi__builder.hpp
[1.314s] -- Up-to-date symlink: /home/zyme/ros_ws/Autoware_sim_test/install/tier4_perception_msgs/include/tier4_perception_msgs/tier4_perception_msgs/msg/detail/traffic_light_roi__struct.hpp
[1.314s] -- Up-to-date symlink: /home/zyme/ros_ws/Autoware_sim_test/install/tier4_perception_msgs/include/tier4_perception_msgs/tier4_perception_msgs/msg/detail/traffic_light_roi__traits.hpp
[1.314s] -- Up-to-date symlink: /home/zyme/ros_ws/Autoware_sim_test/install/tier4_perception_msgs/include/tier4_perception_msgs/tier4_perception_msgs/msg/detail/traffic_light_roi_array__builder.hpp
[1.315s] -- Up-to-date symlink: /home/zyme/ros_ws/Autoware_sim_test/install/tier4_perception_msgs/include/tier4_perception_msgs/tier4_perception_msgs/msg/detail/traffic_light_roi_array__struct.hpp
[1.315s] -- Up-to-date symlink: /home/zyme/ros_ws/Autoware_sim_test/install/tier4_perception_msgs/include/tier4_perception_msgs/tier4_perception_msgs/msg/detail/traffic_light_roi_array__traits.hpp
[1.315s] -- Up-to-date symlink: /home/zyme/ros_ws/Autoware_sim_test/install/tier4_perception_msgs/include/tier4_perception_msgs/tier4_perception_msgs/msg/detail/traffic_signal__builder.hpp
[1.315s] -- Up-to-date symlink: /home/zyme/ros_ws/Autoware_sim_test/install/tier4_perception_msgs/include/tier4_perception_msgs/tier4_perception_msgs/msg/detail/traffic_signal__struct.hpp
[1.315s] -- Up-to-date symlink: /home/zyme/ros_ws/Autoware_sim_test/install/tier4_perception_msgs/include/tier4_perception_msgs/tier4_perception_msgs/msg/detail/traffic_signal__traits.hpp
[1.315s] -- Up-to-date symlink: /home/zyme/ros_ws/Autoware_sim_test/install/tier4_perception_msgs/include/tier4_perception_msgs/tier4_perception_msgs/msg/detail/traffic_signal_array__builder.hpp
[1.316s] -- Up-to-date symlink: /home/zyme/ros_ws/Autoware_sim_test/install/tier4_perception_msgs/include/tier4_perception_msgs/tier4_perception_msgs/msg/detail/traffic_signal_array__struct.hpp
[1.316s] -- Up-to-date symlink: /home/zyme/ros_ws/Autoware_sim_test/install/tier4_perception_msgs/include/tier4_perception_msgs/tier4_perception_msgs/msg/detail/traffic_signal_array__traits.hpp
[1.316s] -- Up-to-date symlink: /home/zyme/ros_ws/Autoware_sim_test/install/tier4_perception_msgs/include/tier4_perception_msgs/tier4_perception_msgs/msg/detected_object_with_feature.hpp
[1.316s] -- Up-to-date symlink: /home/zyme/ros_ws/Autoware_sim_test/install/tier4_perception_msgs/include/tier4_perception_msgs/tier4_perception_msgs/msg/detected_objects_with_feature.hpp
[1.317s] -- Up-to-date symlink: /home/zyme/ros_ws/Autoware_sim_test/install/tier4_perception_msgs/include/tier4_perception_msgs/tier4_perception_msgs/msg/dynamic_object.hpp
[1.317s] -- Up-to-date symlink: /home/zyme/ros_ws/Autoware_sim_test/install/tier4_perception_msgs/include/tier4_perception_msgs/tier4_perception_msgs/msg/dynamic_object_array.hpp
[1.317s] -- Up-to-date symlink: /home/zyme/ros_ws/Autoware_sim_test/install/tier4_perception_msgs/include/tier4_perception_msgs/tier4_perception_msgs/msg/feature.hpp
[1.317s] -- Up-to-date symlink: /home/zyme/ros_ws/Autoware_sim_test/install/tier4_perception_msgs/include/tier4_perception_msgs/tier4_perception_msgs/msg/predicted_path.hpp
[1.317s] -- Up-to-date symlink: /home/zyme/ros_ws/Autoware_sim_test/install/tier4_perception_msgs/include/tier4_perception_msgs/tier4_perception_msgs/msg/semantic.hpp
[1.318s] -- Up-to-date symlink: /home/zyme/ros_ws/Autoware_sim_test/install/tier4_perception_msgs/include/tier4_perception_msgs/tier4_perception_msgs/msg/shape.hpp
[1.318s] -- Up-to-date symlink: /home/zyme/ros_ws/Autoware_sim_test/install/tier4_perception_msgs/include/tier4_perception_msgs/tier4_perception_msgs/msg/state.hpp
[1.318s] -- Up-to-date symlink: /home/zyme/ros_ws/Autoware_sim_test/install/tier4_perception_msgs/include/tier4_perception_msgs/tier4_perception_msgs/msg/traffic_light_element.hpp
[1.319s] -- Up-to-date symlink: /home/zyme/ros_ws/Autoware_sim_test/install/tier4_perception_msgs/include/tier4_perception_msgs/tier4_perception_msgs/msg/traffic_light_roi.hpp
[1.319s] -- Up-to-date symlink: /home/zyme/ros_ws/Autoware_sim_test/install/tier4_perception_msgs/include/tier4_perception_msgs/tier4_perception_msgs/msg/traffic_light_roi_array.hpp
[1.319s] -- Up-to-date symlink: /home/zyme/ros_ws/Autoware_sim_test/install/tier4_perception_msgs/include/tier4_perception_msgs/tier4_perception_msgs/msg/traffic_signal.hpp
[1.319s] -- Up-to-date symlink: /home/zyme/ros_ws/Autoware_sim_test/install/tier4_perception_msgs/include/tier4_perception_msgs/tier4_perception_msgs/msg/traffic_signal_array.hpp
[1.320s] -- Up-to-date symlink: /home/zyme/ros_ws/Autoware_sim_test/install/tier4_perception_msgs/include/tier4_perception_msgs/tier4_perception_msgs/msg/detail/detected_object_with_feature__rosidl_typesupport_fastrtps_cpp.hpp
[1.320s] -- Up-to-date symlink: /home/zyme/ros_ws/Autoware_sim_test/install/tier4_perception_msgs/include/tier4_perception_msgs/tier4_perception_msgs/msg/detail/detected_objects_with_feature__rosidl_typesupport_fastrtps_cpp.hpp
[1.321s] -- Up-to-date symlink: /home/zyme/ros_ws/Autoware_sim_test/install/tier4_perception_msgs/include/tier4_perception_msgs/tier4_perception_msgs/msg/detail/dynamic_object__rosidl_typesupport_fastrtps_cpp.hpp
[1.321s] -- Up-to-date symlink: /home/zyme/ros_ws/Autoware_sim_test/install/tier4_perception_msgs/include/tier4_perception_msgs/tier4_perception_msgs/msg/detail/dynamic_object_array__rosidl_typesupport_fastrtps_cpp.hpp
[1.321s] -- Up-to-date symlink: /home/zyme/ros_ws/Autoware_sim_test/install/tier4_perception_msgs/include/tier4_perception_msgs/tier4_perception_msgs/msg/detail/feature__rosidl_typesupport_fastrtps_cpp.hpp
[1.321s] -- Up-to-date symlink: /home/zyme/ros_ws/Autoware_sim_test/install/tier4_perception_msgs/include/tier4_perception_msgs/tier4_perception_msgs/msg/detail/predicted_path__rosidl_typesupport_fastrtps_cpp.hpp
[1.322s] -- Up-to-date symlink: /home/zyme/ros_ws/Autoware_sim_test/install/tier4_perception_msgs/include/tier4_perception_msgs/tier4_perception_msgs/msg/detail/semantic__rosidl_typesupport_fastrtps_cpp.hpp
[1.322s] -- Up-to-date symlink: /home/zyme/ros_ws/Autoware_sim_test/install/tier4_perception_msgs/include/tier4_perception_msgs/tier4_perception_msgs/msg/detail/shape__rosidl_typesupport_fastrtps_cpp.hpp
[1.322s] -- Up-to-date symlink: /home/zyme/ros_ws/Autoware_sim_test/install/tier4_perception_msgs/include/tier4_perception_msgs/tier4_perception_msgs/msg/detail/state__rosidl_typesupport_fastrtps_cpp.hpp
[1.322s] -- Up-to-date symlink: /home/zyme/ros_ws/Autoware_sim_test/install/tier4_perception_msgs/include/tier4_perception_msgs/tier4_perception_msgs/msg/detail/traffic_light_element__rosidl_typesupport_fastrtps_cpp.hpp
[1.323s] -- Up-to-date symlink: /home/zyme/ros_ws/Autoware_sim_test/install/tier4_perception_msgs/include/tier4_perception_msgs/tier4_perception_msgs/msg/detail/traffic_light_roi__rosidl_typesupport_fastrtps_cpp.hpp
[1.323s] -- Up-to-date symlink: /home/zyme/ros_ws/Autoware_sim_test/install/tier4_perception_msgs/include/tier4_perception_msgs/tier4_perception_msgs/msg/detail/traffic_light_roi_array__rosidl_typesupport_fastrtps_cpp.hpp
[1.323s] -- Up-to-date symlink: /home/zyme/ros_ws/Autoware_sim_test/install/tier4_perception_msgs/include/tier4_perception_msgs/tier4_perception_msgs/msg/detail/traffic_signal__rosidl_typesupport_fastrtps_cpp.hpp
[1.323s] -- Up-to-date symlink: /home/zyme/ros_ws/Autoware_sim_test/install/tier4_perception_msgs/include/tier4_perception_msgs/tier4_perception_msgs/msg/detail/traffic_signal_array__rosidl_typesupport_fastrtps_cpp.hpp
[1.323s] -- Up-to-date symlink: /home/zyme/ros_ws/Autoware_sim_test/install/tier4_perception_msgs/include/tier4_perception_msgs/tier4_perception_msgs/msg/rosidl_typesupport_fastrtps_cpp__visibility_control.h
[1.324s] -- Up-to-date symlink: /home/zyme/ros_ws/Autoware_sim_test/install/tier4_perception_msgs/include/tier4_perception_msgs/tier4_perception_msgs/msg/detail/detected_object_with_feature__rosidl_typesupport_introspection_cpp.hpp
[1.324s] -- Up-to-date symlink: /home/zyme/ros_ws/Autoware_sim_test/install/tier4_perception_msgs/include/tier4_perception_msgs/tier4_perception_msgs/msg/detail/detected_objects_with_feature__rosidl_typesupport_introspection_cpp.hpp
[1.325s] -- Up-to-date symlink: /home/zyme/ros_ws/Autoware_sim_test/install/tier4_perception_msgs/include/tier4_perception_msgs/tier4_perception_msgs/msg/detail/dynamic_object__rosidl_typesupport_introspection_cpp.hpp
[1.325s] -- Up-to-date symlink: /home/zyme/ros_ws/Autoware_sim_test/install/tier4_perception_msgs/include/tier4_perception_msgs/tier4_perception_msgs/msg/detail/dynamic_object_array__rosidl_typesupport_introspection_cpp.hpp
[1.325s] -- Up-to-date symlink: /home/zyme/ros_ws/Autoware_sim_test/install/tier4_perception_msgs/include/tier4_perception_msgs/tier4_perception_msgs/msg/detail/feature__rosidl_typesupport_introspection_cpp.hpp
[1.325s] -- Up-to-date symlink: /home/zyme/ros_ws/Autoware_sim_test/install/tier4_perception_msgs/include/tier4_perception_msgs/tier4_perception_msgs/msg/detail/predicted_path__rosidl_typesupport_introspection_cpp.hpp
[1.325s] -- Up-to-date symlink: /home/zyme/ros_ws/Autoware_sim_test/install/tier4_perception_msgs/include/tier4_perception_msgs/tier4_perception_msgs/msg/detail/semantic__rosidl_typesupport_introspection_cpp.hpp
[1.326s] -- Up-to-date symlink: /home/zyme/ros_ws/Autoware_sim_test/install/tier4_perception_msgs/include/tier4_perception_msgs/tier4_perception_msgs/msg/detail/shape__rosidl_typesupport_introspection_cpp.hpp
[1.326s] -- Up-to-date symlink: /home/zyme/ros_ws/Autoware_sim_test/install/tier4_perception_msgs/include/tier4_perception_msgs/tier4_perception_msgs/msg/detail/state__rosidl_typesupport_introspection_cpp.hpp
[1.326s] -- Up-to-date symlink: /home/zyme/ros_ws/Autoware_sim_test/install/tier4_perception_msgs/include/tier4_perception_msgs/tier4_perception_msgs/msg/detail/traffic_light_element__rosidl_typesupport_introspection_cpp.hpp
[1.326s] -- Up-to-date symlink: /home/zyme/ros_ws/Autoware_sim_test/install/tier4_perception_msgs/include/tier4_perception_msgs/tier4_perception_msgs/msg/detail/traffic_light_roi__rosidl_typesupport_introspection_cpp.hpp
[1.327s] -- Up-to-date symlink: /home/zyme/ros_ws/Autoware_sim_test/install/tier4_perception_msgs/include/tier4_perception_msgs/tier4_perception_msgs/msg/detail/traffic_light_roi_array__rosidl_typesupport_introspection_cpp.hpp
[1.327s] -- Up-to-date symlink: /home/zyme/ros_ws/Autoware_sim_test/install/tier4_perception_msgs/include/tier4_perception_msgs/tier4_perception_msgs/msg/detail/traffic_signal__rosidl_typesupport_introspection_cpp.hpp
[1.327s] -- Up-to-date symlink: /home/zyme/ros_ws/Autoware_sim_test/install/tier4_perception_msgs/include/tier4_perception_msgs/tier4_perception_msgs/msg/detail/traffic_signal_array__rosidl_typesupport_introspection_cpp.hpp
[1.328s] -- Up-to-date symlink: /home/zyme/ros_ws/Autoware_sim_test/install/tier4_perception_msgs/share/tier4_perception_msgs/environment/pythonpath.sh
[1.328s] -- Up-to-date symlink: /home/zyme/ros_ws/Autoware_sim_test/install/tier4_perception_msgs/share/tier4_perception_msgs/environment/pythonpath.dsv
[1.329s] -- Up-to-date symlink: /home/zyme/ros_ws/Autoware_sim_test/install/tier4_perception_msgs/local/lib/python3.10/dist-packages/tier4_perception_msgs-0.1.0-py3.10.egg-info/PKG-INFO
[1.329s] -- Up-to-date symlink: /home/zyme/ros_ws/Autoware_sim_test/install/tier4_perception_msgs/local/lib/python3.10/dist-packages/tier4_perception_msgs-0.1.0-py3.10.egg-info/SOURCES.txt
[1.329s] -- Up-to-date symlink: /home/zyme/ros_ws/Autoware_sim_test/install/tier4_perception_msgs/local/lib/python3.10/dist-packages/tier4_perception_msgs-0.1.0-py3.10.egg-info/dependency_links.txt
[1.330s] -- Up-to-date symlink: /home/zyme/ros_ws/Autoware_sim_test/install/tier4_perception_msgs/local/lib/python3.10/dist-packages/tier4_perception_msgs-0.1.0-py3.10.egg-info/top_level.txt
[1.331s] -- Up-to-date symlink: /home/zyme/ros_ws/Autoware_sim_test/install/tier4_perception_msgs/local/lib/python3.10/dist-packages/tier4_perception_msgs/__init__.py
[1.331s] -- Up-to-date symlink: /home/zyme/ros_ws/Autoware_sim_test/install/tier4_perception_msgs/local/lib/python3.10/dist-packages/tier4_perception_msgs/_tier4_perception_msgs_s.ep.rosidl_typesupport_c.c
[1.331s] -- Up-to-date symlink: /home/zyme/ros_ws/Autoware_sim_test/install/tier4_perception_msgs/local/lib/python3.10/dist-packages/tier4_perception_msgs/_tier4_perception_msgs_s.ep.rosidl_typesupport_fastrtps_c.c
[1.331s] -- Up-to-date symlink: /home/zyme/ros_ws/Autoware_sim_test/install/tier4_perception_msgs/local/lib/python3.10/dist-packages/tier4_perception_msgs/_tier4_perception_msgs_s.ep.rosidl_typesupport_introspection_c.c
[1.332s] -- Up-to-date symlink: /home/zyme/ros_ws/Autoware_sim_test/install/tier4_perception_msgs/local/lib/python3.10/dist-packages/tier4_perception_msgs/libtier4_perception_msgs__rosidl_generator_py.so
[1.332s] -- Up-to-date symlink: /home/zyme/ros_ws/Autoware_sim_test/install/tier4_perception_msgs/local/lib/python3.10/dist-packages/tier4_perception_msgs/msg/__init__.py
[1.332s] -- Up-to-date symlink: /home/zyme/ros_ws/Autoware_sim_test/install/tier4_perception_msgs/local/lib/python3.10/dist-packages/tier4_perception_msgs/msg/_detected_object_with_feature.py
[1.333s] -- Up-to-date symlink: /home/zyme/ros_ws/Autoware_sim_test/install/tier4_perception_msgs/local/lib/python3.10/dist-packages/tier4_perception_msgs/msg/_detected_object_with_feature_s.c
[1.333s] -- Up-to-date symlink: /home/zyme/ros_ws/Autoware_sim_test/install/tier4_perception_msgs/local/lib/python3.10/dist-packages/tier4_perception_msgs/msg/_detected_objects_with_feature.py
[1.333s] -- Up-to-date symlink: /home/zyme/ros_ws/Autoware_sim_test/install/tier4_perception_msgs/local/lib/python3.10/dist-packages/tier4_perception_msgs/msg/_detected_objects_with_feature_s.c
[1.333s] -- Up-to-date symlink: /home/zyme/ros_ws/Autoware_sim_test/install/tier4_perception_msgs/local/lib/python3.10/dist-packages/tier4_perception_msgs/msg/_dynamic_object.py
[1.333s] -- Up-to-date symlink: /home/zyme/ros_ws/Autoware_sim_test/install/tier4_perception_msgs/local/lib/python3.10/dist-packages/tier4_perception_msgs/msg/_dynamic_object_array.py
[1.333s] -- Up-to-date symlink: /home/zyme/ros_ws/Autoware_sim_test/install/tier4_perception_msgs/local/lib/python3.10/dist-packages/tier4_perception_msgs/msg/_dynamic_object_array_s.c
[1.333s] -- Up-to-date symlink: /home/zyme/ros_ws/Autoware_sim_test/install/tier4_perception_msgs/local/lib/python3.10/dist-packages/tier4_perception_msgs/msg/_dynamic_object_s.c
[1.334s] -- Up-to-date symlink: /home/zyme/ros_ws/Autoware_sim_test/install/tier4_perception_msgs/local/lib/python3.10/dist-packages/tier4_perception_msgs/msg/_feature.py
[1.334s] -- Up-to-date symlink: /home/zyme/ros_ws/Autoware_sim_test/install/tier4_perception_msgs/local/lib/python3.10/dist-packages/tier4_perception_msgs/msg/_feature_s.c
[1.334s] -- Up-to-date symlink: /home/zyme/ros_ws/Autoware_sim_test/install/tier4_perception_msgs/local/lib/python3.10/dist-packages/tier4_perception_msgs/msg/_predicted_path.py
[1.334s] -- Up-to-date symlink: /home/zyme/ros_ws/Autoware_sim_test/install/tier4_perception_msgs/local/lib/python3.10/dist-packages/tier4_perception_msgs/msg/_predicted_path_s.c
[1.334s] -- Up-to-date symlink: /home/zyme/ros_ws/Autoware_sim_test/install/tier4_perception_msgs/local/lib/python3.10/dist-packages/tier4_perception_msgs/msg/_semantic.py
[1.335s] -- Up-to-date symlink: /home/zyme/ros_ws/Autoware_sim_test/install/tier4_perception_msgs/local/lib/python3.10/dist-packages/tier4_perception_msgs/msg/_semantic_s.c
[1.335s] -- Up-to-date symlink: /home/zyme/ros_ws/Autoware_sim_test/install/tier4_perception_msgs/local/lib/python3.10/dist-packages/tier4_perception_msgs/msg/_shape.py
[1.335s] -- Up-to-date symlink: /home/zyme/ros_ws/Autoware_sim_test/install/tier4_perception_msgs/local/lib/python3.10/dist-packages/tier4_perception_msgs/msg/_shape_s.c
[1.335s] -- Up-to-date symlink: /home/zyme/ros_ws/Autoware_sim_test/install/tier4_perception_msgs/local/lib/python3.10/dist-packages/tier4_perception_msgs/msg/_state.py
[1.335s] -- Up-to-date symlink: /home/zyme/ros_ws/Autoware_sim_test/install/tier4_perception_msgs/local/lib/python3.10/dist-packages/tier4_perception_msgs/msg/_state_s.c
[1.335s] -- Up-to-date symlink: /home/zyme/ros_ws/Autoware_sim_test/install/tier4_perception_msgs/local/lib/python3.10/dist-packages/tier4_perception_msgs/msg/_traffic_light_element.py
[1.336s] -- Up-to-date symlink: /home/zyme/ros_ws/Autoware_sim_test/install/tier4_perception_msgs/local/lib/python3.10/dist-packages/tier4_perception_msgs/msg/_traffic_light_element_s.c
[1.336s] -- Up-to-date symlink: /home/zyme/ros_ws/Autoware_sim_test/install/tier4_perception_msgs/local/lib/python3.10/dist-packages/tier4_perception_msgs/msg/_traffic_light_roi.py
[1.336s] -- Up-to-date symlink: /home/zyme/ros_ws/Autoware_sim_test/install/tier4_perception_msgs/local/lib/python3.10/dist-packages/tier4_perception_msgs/msg/_traffic_light_roi_array.py
[1.336s] -- Up-to-date symlink: /home/zyme/ros_ws/Autoware_sim_test/install/tier4_perception_msgs/local/lib/python3.10/dist-packages/tier4_perception_msgs/msg/_traffic_light_roi_array_s.c
[1.336s] -- Up-to-date symlink: /home/zyme/ros_ws/Autoware_sim_test/install/tier4_perception_msgs/local/lib/python3.10/dist-packages/tier4_perception_msgs/msg/_traffic_light_roi_s.c
[1.336s] -- Up-to-date symlink: /home/zyme/ros_ws/Autoware_sim_test/install/tier4_perception_msgs/local/lib/python3.10/dist-packages/tier4_perception_msgs/msg/_traffic_signal.py
[1.337s] -- Up-to-date symlink: /home/zyme/ros_ws/Autoware_sim_test/install/tier4_perception_msgs/local/lib/python3.10/dist-packages/tier4_perception_msgs/msg/_traffic_signal_array.py
[1.337s] -- Up-to-date symlink: /home/zyme/ros_ws/Autoware_sim_test/install/tier4_perception_msgs/local/lib/python3.10/dist-packages/tier4_perception_msgs/msg/_traffic_signal_array_s.c
[1.337s] -- Up-to-date symlink: /home/zyme/ros_ws/Autoware_sim_test/install/tier4_perception_msgs/local/lib/python3.10/dist-packages/tier4_perception_msgs/msg/_traffic_signal_s.c
[1.337s] -- Up-to-date symlink: /home/zyme/ros_ws/Autoware_sim_test/install/tier4_perception_msgs/local/lib/python3.10/dist-packages/tier4_perception_msgs/tier4_perception_msgs_s__rosidl_typesupport_c.cpython-310-x86_64-linux-gnu.so
[1.337s] -- Up-to-date symlink: /home/zyme/ros_ws/Autoware_sim_test/install/tier4_perception_msgs/local/lib/python3.10/dist-packages/tier4_perception_msgs/tier4_perception_msgs_s__rosidl_typesupport_fastrtps_c.cpython-310-x86_64-linux-gnu.so
[1.337s] -- Up-to-date symlink: /home/zyme/ros_ws/Autoware_sim_test/install/tier4_perception_msgs/local/lib/python3.10/dist-packages/tier4_perception_msgs/tier4_perception_msgs_s__rosidl_typesupport_introspection_c.cpython-310-x86_64-linux-gnu.so
[1.338s] -- Up-to-date symlink: /home/zyme/ros_ws/Autoware_sim_test/install/tier4_perception_msgs/local/lib/python3.10/dist-packages/tier4_perception_msgs/tier4_perception_msgs_s__rosidl_typesupport_fastrtps_c.cpython-310-x86_64-linux-gnu.so
[1.338s] -- Up-to-date symlink: /home/zyme/ros_ws/Autoware_sim_test/install/tier4_perception_msgs/local/lib/python3.10/dist-packages/tier4_perception_msgs/tier4_perception_msgs_s__rosidl_typesupport_introspection_c.cpython-310-x86_64-linux-gnu.so
[1.339s] -- Up-to-date symlink: /home/zyme/ros_ws/Autoware_sim_test/install/tier4_perception_msgs/local/lib/python3.10/dist-packages/tier4_perception_msgs/tier4_perception_msgs_s__rosidl_typesupport_c.cpython-310-x86_64-linux-gnu.so
[1.339s] -- Up-to-date symlink: /home/zyme/ros_ws/Autoware_sim_test/install/tier4_perception_msgs/share/tier4_perception_msgs/msg/DetectedObjectWithFeature.idl
[1.340s] -- Up-to-date symlink: /home/zyme/ros_ws/Autoware_sim_test/install/tier4_perception_msgs/share/tier4_perception_msgs/msg/DetectedObjectsWithFeature.idl
[1.340s] -- Up-to-date symlink: /home/zyme/ros_ws/Autoware_sim_test/install/tier4_perception_msgs/share/tier4_perception_msgs/msg/DynamicObject.idl
[1.340s] -- Up-to-date symlink: /home/zyme/ros_ws/Autoware_sim_test/install/tier4_perception_msgs/share/tier4_perception_msgs/msg/DynamicObjectArray.idl
[1.340s] -- Up-to-date symlink: /home/zyme/ros_ws/Autoware_sim_test/install/tier4_perception_msgs/share/tier4_perception_msgs/msg/Feature.idl
[1.340s] -- Up-to-date symlink: /home/zyme/ros_ws/Autoware_sim_test/install/tier4_perception_msgs/share/tier4_perception_msgs/msg/PredictedPath.idl
[1.340s] -- Up-to-date symlink: /home/zyme/ros_ws/Autoware_sim_test/install/tier4_perception_msgs/share/tier4_perception_msgs/msg/Semantic.idl
[1.341s] -- Up-to-date symlink: /home/zyme/ros_ws/Autoware_sim_test/install/tier4_perception_msgs/share/tier4_perception_msgs/msg/Shape.idl
[1.341s] -- Up-to-date symlink: /home/zyme/ros_ws/Autoware_sim_test/install/tier4_perception_msgs/share/tier4_perception_msgs/msg/State.idl
[1.341s] -- Up-to-date symlink: /home/zyme/ros_ws/Autoware_sim_test/install/tier4_perception_msgs/share/tier4_perception_msgs/msg/TrafficLightElement.idl
[1.341s] -- Up-to-date symlink: /home/zyme/ros_ws/Autoware_sim_test/install/tier4_perception_msgs/share/tier4_perception_msgs/msg/TrafficLightRoi.idl
[1.341s] -- Up-to-date symlink: /home/zyme/ros_ws/Autoware_sim_test/install/tier4_perception_msgs/share/tier4_perception_msgs/msg/TrafficLightRoiArray.idl
[1.342s] -- Up-to-date symlink: /home/zyme/ros_ws/Autoware_sim_test/install/tier4_perception_msgs/share/tier4_perception_msgs/msg/TrafficSignal.idl
[1.342s] -- Up-to-date symlink: /home/zyme/ros_ws/Autoware_sim_test/install/tier4_perception_msgs/share/tier4_perception_msgs/msg/TrafficSignalArray.idl
[1.342s] -- Up-to-date symlink: /home/zyme/ros_ws/Autoware_sim_test/install/tier4_perception_msgs/share/tier4_perception_msgs/object_recognition/DetectedObjectWithFeature.msg
[1.343s] -- Up-to-date symlink: /home/zyme/ros_ws/Autoware_sim_test/install/tier4_perception_msgs/share/tier4_perception_msgs/object_recognition/DetectedObjectsWithFeature.msg
[1.343s] -- Up-to-date symlink: /home/zyme/ros_ws/Autoware_sim_test/install/tier4_perception_msgs/share/tier4_perception_msgs/object_recognition/DynamicObject.msg
[1.343s] -- Up-to-date symlink: /home/zyme/ros_ws/Autoware_sim_test/install/tier4_perception_msgs/share/tier4_perception_msgs/object_recognition/DynamicObjectArray.msg
[1.343s] -- Up-to-date symlink: /home/zyme/ros_ws/Autoware_sim_test/install/tier4_perception_msgs/share/tier4_perception_msgs/object_recognition/Feature.msg
[1.344s] -- Up-to-date symlink: /home/zyme/ros_ws/Autoware_sim_test/install/tier4_perception_msgs/share/tier4_perception_msgs/object_recognition/PredictedPath.msg
[1.344s] -- Up-to-date symlink: /home/zyme/ros_ws/Autoware_sim_test/install/tier4_perception_msgs/share/tier4_perception_msgs/object_recognition/Semantic.msg
[1.344s] -- Up-to-date symlink: /home/zyme/ros_ws/Autoware_sim_test/install/tier4_perception_msgs/share/tier4_perception_msgs/object_recognition/Shape.msg
[1.344s] -- Up-to-date symlink: /home/zyme/ros_ws/Autoware_sim_test/install/tier4_perception_msgs/share/tier4_perception_msgs/object_recognition/State.msg
[1.345s] -- Up-to-date symlink: /home/zyme/ros_ws/Autoware_sim_test/install/tier4_perception_msgs/share/tier4_perception_msgs/traffic_light/TrafficLightElement.msg
[1.345s] -- Up-to-date symlink: /home/zyme/ros_ws/Autoware_sim_test/install/tier4_perception_msgs/share/tier4_perception_msgs/traffic_light/TrafficLightRoi.msg
[1.345s] -- Up-to-date symlink: /home/zyme/ros_ws/Autoware_sim_test/install/tier4_perception_msgs/share/tier4_perception_msgs/traffic_light/TrafficLightRoiArray.msg
[1.345s] -- Up-to-date symlink: /home/zyme/ros_ws/Autoware_sim_test/install/tier4_perception_msgs/share/tier4_perception_msgs/traffic_light/TrafficSignal.msg
[1.346s] -- Up-to-date symlink: /home/zyme/ros_ws/Autoware_sim_test/install/tier4_perception_msgs/share/tier4_perception_msgs/traffic_light/TrafficSignalArray.msg
[1.347s] -- Up-to-date symlink: /home/zyme/ros_ws/Autoware_sim_test/install/tier4_perception_msgs/share/ament_index/resource_index/package_run_dependencies/tier4_perception_msgs
[1.347s] -- Up-to-date symlink: /home/zyme/ros_ws/Autoware_sim_test/install/tier4_perception_msgs/share/ament_index/resource_index/parent_prefix_path/tier4_perception_msgs
[1.347s] -- Up-to-date symlink: /home/zyme/ros_ws/Autoware_sim_test/install/tier4_perception_msgs/share/tier4_perception_msgs/environment/ament_prefix_path.sh
[1.347s] -- Up-to-date symlink: /home/zyme/ros_ws/Autoware_sim_test/install/tier4_perception_msgs/share/tier4_perception_msgs/environment/ament_prefix_path.dsv
[1.348s] -- Up-to-date symlink: /home/zyme/ros_ws/Autoware_sim_test/install/tier4_perception_msgs/share/tier4_perception_msgs/environment/path.sh
[1.348s] -- Up-to-date symlink: /home/zyme/ros_ws/Autoware_sim_test/install/tier4_perception_msgs/share/tier4_perception_msgs/environment/path.dsv
[1.348s] -- Up-to-date symlink: /home/zyme/ros_ws/Autoware_sim_test/install/tier4_perception_msgs/share/tier4_perception_msgs/local_setup.bash
[1.348s] -- Up-to-date symlink: /home/zyme/ros_ws/Autoware_sim_test/install/tier4_perception_msgs/share/tier4_perception_msgs/local_setup.sh
[1.349s] -- Up-to-date symlink: /home/zyme/ros_ws/Autoware_sim_test/install/tier4_perception_msgs/share/tier4_perception_msgs/local_setup.zsh
[1.349s] -- Up-to-date symlink: /home/zyme/ros_ws/Autoware_sim_test/install/tier4_perception_msgs/share/tier4_perception_msgs/local_setup.dsv
[1.349s] -- Symlinking: /home/zyme/ros_ws/Autoware_sim_test/install/tier4_perception_msgs/share/tier4_perception_msgs/package.dsv
[1.358s] -- Up-to-date symlink: /home/zyme/ros_ws/Autoware_sim_test/install/tier4_perception_msgs/share/ament_index/resource_index/packages/tier4_perception_msgs
[1.358s] -- Up-to-date symlink: /home/zyme/ros_ws/Autoware_sim_test/install/tier4_perception_msgs/share/tier4_perception_msgs/cmake/rosidl_cmake-extras.cmake
[1.358s] -- Up-to-date symlink: /home/zyme/ros_ws/Autoware_sim_test/install/tier4_perception_msgs/share/tier4_perception_msgs/cmake/ament_cmake_export_dependencies-extras.cmake
[1.359s] -- Up-to-date symlink: /home/zyme/ros_ws/Autoware_sim_test/install/tier4_perception_msgs/share/tier4_perception_msgs/cmake/ament_cmake_export_include_directories-extras.cmake
[1.359s] -- Up-to-date symlink: /home/zyme/ros_ws/Autoware_sim_test/install/tier4_perception_msgs/share/tier4_perception_msgs/cmake/ament_cmake_export_libraries-extras.cmake
[1.359s] -- Up-to-date symlink: /home/zyme/ros_ws/Autoware_sim_test/install/tier4_perception_msgs/share/tier4_perception_msgs/cmake/ament_cmake_export_targets-extras.cmake
[1.360s] -- Up-to-date symlink: /home/zyme/ros_ws/Autoware_sim_test/install/tier4_perception_msgs/share/tier4_perception_msgs/cmake/rosidl_cmake_export_typesupport_targets-extras.cmake
[1.360s] -- Up-to-date symlink: /home/zyme/ros_ws/Autoware_sim_test/install/tier4_perception_msgs/share/tier4_perception_msgs/cmake/rosidl_cmake_export_typesupport_libraries-extras.cmake
[1.360s] -- Up-to-date symlink: /home/zyme/ros_ws/Autoware_sim_test/install/tier4_perception_msgs/share/tier4_perception_msgs/cmake/tier4_perception_msgsConfig.cmake
[1.360s] -- Up-to-date symlink: /home/zyme/ros_ws/Autoware_sim_test/install/tier4_perception_msgs/share/tier4_perception_msgs/cmake/tier4_perception_msgsConfig-version.cmake
[1.361s] -- Up-to-date symlink: /home/zyme/ros_ws/Autoware_sim_test/install/tier4_perception_msgs/share/tier4_perception_msgs/package.xml
[1.361s] -- Up-to-date: /home/zyme/ros_ws/Autoware_sim_test/install/tier4_perception_msgs/lib/libtier4_perception_msgs__rosidl_generator_c.so
[1.362s] -- Up-to-date: /home/zyme/ros_ws/Autoware_sim_test/install/tier4_perception_msgs/lib/libtier4_perception_msgs__rosidl_typesupport_fastrtps_c.so
[1.363s] -- Up-to-date: /home/zyme/ros_ws/Autoware_sim_test/install/tier4_perception_msgs/lib/libtier4_perception_msgs__rosidl_typesupport_introspection_c.so
[1.364s] -- Up-to-date: /home/zyme/ros_ws/Autoware_sim_test/install/tier4_perception_msgs/lib/libtier4_perception_msgs__rosidl_typesupport_c.so
[1.364s] -- Up-to-date: /home/zyme/ros_ws/Autoware_sim_test/install/tier4_perception_msgs/lib/libtier4_perception_msgs__rosidl_typesupport_fastrtps_cpp.so
[1.365s] -- Up-to-date: /home/zyme/ros_ws/Autoware_sim_test/install/tier4_perception_msgs/lib/libtier4_perception_msgs__rosidl_typesupport_introspection_cpp.so
[1.366s] -- Up-to-date: /home/zyme/ros_ws/Autoware_sim_test/install/tier4_perception_msgs/lib/libtier4_perception_msgs__rosidl_typesupport_cpp.so
[1.397s] Listing '/home/zyme/ros_ws/Autoware_sim_test/install/tier4_perception_msgs/local/lib/python3.10/dist-packages/tier4_perception_msgs'...
[1.397s] Listing '/home/zyme/ros_ws/Autoware_sim_test/install/tier4_perception_msgs/local/lib/python3.10/dist-packages/tier4_perception_msgs/msg'...
[1.401s] -- Up-to-date: /home/zyme/ros_ws/Autoware_sim_test/install/tier4_perception_msgs/lib/libtier4_perception_msgs__rosidl_generator_py.so
[1.402s] -- Up-to-date: /home/zyme/ros_ws/Autoware_sim_test/install/tier4_perception_msgs/share/tier4_perception_msgs/cmake/export_tier4_perception_msgs__rosidl_generator_cExport.cmake
[1.402s] -- Up-to-date: /home/zyme/ros_ws/Autoware_sim_test/install/tier4_perception_msgs/share/tier4_perception_msgs/cmake/export_tier4_perception_msgs__rosidl_generator_cExport-release.cmake
[1.403s] -- Up-to-date: /home/zyme/ros_ws/Autoware_sim_test/install/tier4_perception_msgs/share/tier4_perception_msgs/cmake/export_tier4_perception_msgs__rosidl_typesupport_fastrtps_cExport.cmake
[1.403s] -- Up-to-date: /home/zyme/ros_ws/Autoware_sim_test/install/tier4_perception_msgs/share/tier4_perception_msgs/cmake/export_tier4_perception_msgs__rosidl_typesupport_fastrtps_cExport-release.cmake
[1.403s] -- Up-to-date: /home/zyme/ros_ws/Autoware_sim_test/install/tier4_perception_msgs/share/tier4_perception_msgs/cmake/tier4_perception_msgs__rosidl_typesupport_introspection_cExport.cmake
[1.403s] -- Up-to-date: /home/zyme/ros_ws/Autoware_sim_test/install/tier4_perception_msgs/share/tier4_perception_msgs/cmake/tier4_perception_msgs__rosidl_typesupport_introspection_cExport-release.cmake
[1.404s] -- Up-to-date: /home/zyme/ros_ws/Autoware_sim_test/install/tier4_perception_msgs/share/tier4_perception_msgs/cmake/tier4_perception_msgs__rosidl_typesupport_cExport.cmake
[1.404s] -- Up-to-date: /home/zyme/ros_ws/Autoware_sim_test/install/tier4_perception_msgs/share/tier4_perception_msgs/cmake/tier4_perception_msgs__rosidl_typesupport_cExport-release.cmake
[1.404s] -- Up-to-date: /home/zyme/ros_ws/Autoware_sim_test/install/tier4_perception_msgs/share/tier4_perception_msgs/cmake/export_tier4_perception_msgs__rosidl_generator_cppExport.cmake
[1.404s] -- Up-to-date: /home/zyme/ros_ws/Autoware_sim_test/install/tier4_perception_msgs/share/tier4_perception_msgs/cmake/export_tier4_perception_msgs__rosidl_typesupport_fastrtps_cppExport.cmake
[1.405s] -- Up-to-date: /home/zyme/ros_ws/Autoware_sim_test/install/tier4_perception_msgs/share/tier4_perception_msgs/cmake/export_tier4_perception_msgs__rosidl_typesupport_fastrtps_cppExport-release.cmake
[1.405s] -- Up-to-date: /home/zyme/ros_ws/Autoware_sim_test/install/tier4_perception_msgs/share/tier4_perception_msgs/cmake/tier4_perception_msgs__rosidl_typesupport_introspection_cppExport.cmake
[1.405s] -- Up-to-date: /home/zyme/ros_ws/Autoware_sim_test/install/tier4_perception_msgs/share/tier4_perception_msgs/cmake/tier4_perception_msgs__rosidl_typesupport_introspection_cppExport-release.cmake
[1.405s] -- Up-to-date: /home/zyme/ros_ws/Autoware_sim_test/install/tier4_perception_msgs/share/tier4_perception_msgs/cmake/tier4_perception_msgs__rosidl_typesupport_cppExport.cmake
[1.405s] -- Up-to-date: /home/zyme/ros_ws/Autoware_sim_test/install/tier4_perception_msgs/share/tier4_perception_msgs/cmake/tier4_perception_msgs__rosidl_typesupport_cppExport-release.cmake
[1.405s] -- Up-to-date: /home/zyme/ros_ws/Autoware_sim_test/install/tier4_perception_msgs/share/tier4_perception_msgs/cmake/export_tier4_perception_msgs__rosidl_generator_pyExport.cmake
[1.405s] -- Up-to-date: /home/zyme/ros_ws/Autoware_sim_test/install/tier4_perception_msgs/share/tier4_perception_msgs/cmake/export_tier4_perception_msgs__rosidl_generator_pyExport-release.cmake
[1.407s] Invoked command in '/home/zyme/ros_ws/Autoware_sim_test/build/tier4_perception_msgs' returned '0': AMENT_PREFIX_PATH=/home/zyme/ros_ws/Autoware_sim_test/install/autoware_auto_perception_msgs:/home/zyme/ros_ws/Autoware_sim_test/install/autoware_auto_geometry_msgs:${AMENT_PREFIX_PATH} CMAKE_PREFIX_PATH=/home/zyme/ros_ws/Autoware_sim_test/install/autoware_auto_perception_msgs:/home/zyme/ros_ws/Autoware_sim_test/install/autoware_auto_geometry_msgs:/opt/ros/humble LD_LIBRARY_PATH=/home/zyme/ros_ws/Autoware_sim_test/install/autoware_auto_perception_msgs/lib:/home/zyme/ros_ws/Autoware_sim_test/install/autoware_auto_geometry_msgs/lib:${LD_LIBRARY_PATH} PYTHONPATH=/home/zyme/ros_ws/Autoware_sim_test/install/autoware_auto_perception_msgs/local/lib/python3.10/dist-packages:/home/zyme/ros_ws/Autoware_sim_test/install/autoware_auto_geometry_msgs/local/lib/python3.10/dist-packages:${PYTHONPATH} /usr/bin/cmake --install /home/zyme/ros_ws/Autoware_sim_test/build/tier4_perception_msgs
