[0.062s] Invoking command in '/home/zyme/ros_ws/Autoware_sim_test/build/autoware_auto_planning_msgs': AMENT_PREFIX_PATH=/home/zyme/ros_ws/Autoware_sim_test/install/autoware_auto_mapping_msgs:/home/zyme/ros_ws/Autoware_sim_test/install/autoware_auto_geometry_msgs:${AMENT_PREFIX_PATH} CMAKE_PREFIX_PATH=/home/zyme/ros_ws/Autoware_sim_test/install/autoware_auto_mapping_msgs:/home/zyme/ros_ws/Autoware_sim_test/install/autoware_auto_geometry_msgs:/opt/ros/humble LD_LIBRARY_PATH=/home/zyme/ros_ws/Autoware_sim_test/install/autoware_auto_mapping_msgs/lib:/home/zyme/ros_ws/Autoware_sim_test/install/autoware_auto_geometry_msgs/lib:${LD_LIBRARY_PATH} PYTHONPATH=/home/zyme/ros_ws/Autoware_sim_test/install/autoware_auto_mapping_msgs/local/lib/python3.10/dist-packages:/home/zyme/ros_ws/Autoware_sim_test/install/autoware_auto_geometry_msgs/local/lib/python3.10/dist-packages:${PYTHONPATH} /usr/bin/cmake --build /home/zyme/ros_ws/Autoware_sim_test/build/autoware_auto_planning_msgs
[0.125s] [  0%] Built target autoware_auto_planning_msgs__cpp
[0.130s] [  0%] Built target ament_cmake_python_symlink_autoware_auto_planning_msgs
[0.131s] [ 12%] Built target autoware_auto_planning_msgs__rosidl_generator_c
[0.157s] [ 24%] Built target autoware_auto_planning_msgs__rosidl_typesupport_cpp
[0.164s] [ 48%] Built target autoware_auto_planning_msgs__rosidl_typesupport_fastrtps_cpp
[0.164s] [ 48%] Built target autoware_auto_planning_msgs__rosidl_typesupport_introspection_cpp
[0.195s] [ 60%] Built target autoware_auto_planning_msgs__rosidl_typesupport_introspection_c
[0.197s] [ 72%] Built target autoware_auto_planning_msgs__rosidl_typesupport_fastrtps_c
[0.222s] [ 84%] Built target autoware_auto_planning_msgs__rosidl_typesupport_c
[0.242s] [ 84%] Built target autoware_auto_planning_msgs
[0.265s] [ 85%] Built target autoware_auto_planning_msgs__py
[0.294s] [ 96%] Built target autoware_auto_planning_msgs__rosidl_generator_py
[0.318s] [ 98%] Built target autoware_auto_planning_msgs__rosidl_typesupport_fastrtps_c__pyext
[0.318s] [ 99%] Built target autoware_auto_planning_msgs__rosidl_typesupport_introspection_c__pyext
[0.341s] [100%] Built target autoware_auto_planning_msgs__rosidl_typesupport_c__pyext
[0.412s] running egg_info
[0.412s] writing autoware_auto_planning_msgs.egg-info/PKG-INFO
[0.412s] writing dependency_links to autoware_auto_planning_msgs.egg-info/dependency_links.txt
[0.413s] writing top-level names to autoware_auto_planning_msgs.egg-info/top_level.txt
[0.415s] reading manifest file 'autoware_auto_planning_msgs.egg-info/SOURCES.txt'
[0.416s] writing manifest file 'autoware_auto_planning_msgs.egg-info/SOURCES.txt'
[0.437s] [100%] Built target ament_cmake_python_build_autoware_auto_planning_msgs_egg
[0.449s] Invoked command in '/home/zyme/ros_ws/Autoware_sim_test/build/autoware_auto_planning_msgs' returned '0': AMENT_PREFIX_PATH=/home/zyme/ros_ws/Autoware_sim_test/install/autoware_auto_mapping_msgs:/home/zyme/ros_ws/Autoware_sim_test/install/autoware_auto_geometry_msgs:${AMENT_PREFIX_PATH} CMAKE_PREFIX_PATH=/home/zyme/ros_ws/Autoware_sim_test/install/autoware_auto_mapping_msgs:/home/zyme/ros_ws/Autoware_sim_test/install/autoware_auto_geometry_msgs:/opt/ros/humble LD_LIBRARY_PATH=/home/zyme/ros_ws/Autoware_sim_test/install/autoware_auto_mapping_msgs/lib:/home/zyme/ros_ws/Autoware_sim_test/install/autoware_auto_geometry_msgs/lib:${LD_LIBRARY_PATH} PYTHONPATH=/home/zyme/ros_ws/Autoware_sim_test/install/autoware_auto_mapping_msgs/local/lib/python3.10/dist-packages:/home/zyme/ros_ws/Autoware_sim_test/install/autoware_auto_geometry_msgs/local/lib/python3.10/dist-packages:${PYTHONPATH} /usr/bin/cmake --build /home/zyme/ros_ws/Autoware_sim_test/build/autoware_auto_planning_msgs
[1.306s] Invoking command in '/home/zyme/ros_ws/Autoware_sim_test/build/autoware_auto_planning_msgs': AMENT_PREFIX_PATH=/home/zyme/ros_ws/Autoware_sim_test/install/autoware_auto_mapping_msgs:/home/zyme/ros_ws/Autoware_sim_test/install/autoware_auto_geometry_msgs:${AMENT_PREFIX_PATH} CMAKE_PREFIX_PATH=/home/zyme/ros_ws/Autoware_sim_test/install/autoware_auto_mapping_msgs:/home/zyme/ros_ws/Autoware_sim_test/install/autoware_auto_geometry_msgs:/opt/ros/humble LD_LIBRARY_PATH=/home/zyme/ros_ws/Autoware_sim_test/install/autoware_auto_mapping_msgs/lib:/home/zyme/ros_ws/Autoware_sim_test/install/autoware_auto_geometry_msgs/lib:${LD_LIBRARY_PATH} PYTHONPATH=/home/zyme/ros_ws/Autoware_sim_test/install/autoware_auto_mapping_msgs/local/lib/python3.10/dist-packages:/home/zyme/ros_ws/Autoware_sim_test/install/autoware_auto_geometry_msgs/local/lib/python3.10/dist-packages:${PYTHONPATH} /usr/bin/cmake --install /home/zyme/ros_ws/Autoware_sim_test/build/autoware_auto_planning_msgs
[1.331s] -- Install configuration: "Release"
[1.333s] -- Execute custom install script
[1.334s] -- Up-to-date symlink: /home/zyme/ros_ws/Autoware_sim_test/install/autoware_auto_planning_msgs/share/ament_index/resource_index/rosidl_interfaces/autoware_auto_planning_msgs
[1.335s] -- Up-to-date symlink: /home/zyme/ros_ws/Autoware_sim_test/install/autoware_auto_planning_msgs/include/autoware_auto_planning_msgs/autoware_auto_planning_msgs/action/detail/plan_trajectory__functions.h
[1.335s] -- Up-to-date symlink: /home/zyme/ros_ws/Autoware_sim_test/install/autoware_auto_planning_msgs/include/autoware_auto_planning_msgs/autoware_auto_planning_msgs/action/detail/plan_trajectory__struct.h
[1.336s] -- Up-to-date symlink: /home/zyme/ros_ws/Autoware_sim_test/install/autoware_auto_planning_msgs/include/autoware_auto_planning_msgs/autoware_auto_planning_msgs/action/detail/plan_trajectory__type_support.h
[1.336s] -- Up-to-date symlink: /home/zyme/ros_ws/Autoware_sim_test/install/autoware_auto_planning_msgs/include/autoware_auto_planning_msgs/autoware_auto_planning_msgs/action/detail/planner_costmap__functions.h
[1.336s] -- Up-to-date symlink: /home/zyme/ros_ws/Autoware_sim_test/install/autoware_auto_planning_msgs/include/autoware_auto_planning_msgs/autoware_auto_planning_msgs/action/detail/planner_costmap__struct.h
[1.336s] -- Up-to-date symlink: /home/zyme/ros_ws/Autoware_sim_test/install/autoware_auto_planning_msgs/include/autoware_auto_planning_msgs/autoware_auto_planning_msgs/action/detail/planner_costmap__type_support.h
[1.337s] -- Up-to-date symlink: /home/zyme/ros_ws/Autoware_sim_test/install/autoware_auto_planning_msgs/include/autoware_auto_planning_msgs/autoware_auto_planning_msgs/action/detail/record_trajectory__functions.h
[1.337s] -- Up-to-date symlink: /home/zyme/ros_ws/Autoware_sim_test/install/autoware_auto_planning_msgs/include/autoware_auto_planning_msgs/autoware_auto_planning_msgs/action/detail/record_trajectory__struct.h
[1.337s] -- Up-to-date symlink: /home/zyme/ros_ws/Autoware_sim_test/install/autoware_auto_planning_msgs/include/autoware_auto_planning_msgs/autoware_auto_planning_msgs/action/detail/record_trajectory__type_support.h
[1.337s] -- Up-to-date symlink: /home/zyme/ros_ws/Autoware_sim_test/install/autoware_auto_planning_msgs/include/autoware_auto_planning_msgs/autoware_auto_planning_msgs/action/detail/replay_trajectory__functions.h
[1.338s] -- Up-to-date symlink: /home/zyme/ros_ws/Autoware_sim_test/install/autoware_auto_planning_msgs/include/autoware_auto_planning_msgs/autoware_auto_planning_msgs/action/detail/replay_trajectory__struct.h
[1.338s] -- Up-to-date symlink: /home/zyme/ros_ws/Autoware_sim_test/install/autoware_auto_planning_msgs/include/autoware_auto_planning_msgs/autoware_auto_planning_msgs/action/detail/replay_trajectory__type_support.h
[1.338s] -- Up-to-date symlink: /home/zyme/ros_ws/Autoware_sim_test/install/autoware_auto_planning_msgs/include/autoware_auto_planning_msgs/autoware_auto_planning_msgs/action/plan_trajectory.h
[1.338s] -- Up-to-date symlink: /home/zyme/ros_ws/Autoware_sim_test/install/autoware_auto_planning_msgs/include/autoware_auto_planning_msgs/autoware_auto_planning_msgs/action/planner_costmap.h
[1.338s] -- Up-to-date symlink: /home/zyme/ros_ws/Autoware_sim_test/install/autoware_auto_planning_msgs/include/autoware_auto_planning_msgs/autoware_auto_planning_msgs/action/record_trajectory.h
[1.338s] -- Up-to-date symlink: /home/zyme/ros_ws/Autoware_sim_test/install/autoware_auto_planning_msgs/include/autoware_auto_planning_msgs/autoware_auto_planning_msgs/action/replay_trajectory.h
[1.338s] -- Up-to-date symlink: /home/zyme/ros_ws/Autoware_sim_test/install/autoware_auto_planning_msgs/include/autoware_auto_planning_msgs/autoware_auto_planning_msgs/msg/detail/had_map_route__functions.h
[1.339s] -- Up-to-date symlink: /home/zyme/ros_ws/Autoware_sim_test/install/autoware_auto_planning_msgs/include/autoware_auto_planning_msgs/autoware_auto_planning_msgs/msg/detail/had_map_route__struct.h
[1.339s] -- Up-to-date symlink: /home/zyme/ros_ws/Autoware_sim_test/install/autoware_auto_planning_msgs/include/autoware_auto_planning_msgs/autoware_auto_planning_msgs/msg/detail/had_map_route__type_support.h
[1.339s] -- Up-to-date symlink: /home/zyme/ros_ws/Autoware_sim_test/install/autoware_auto_planning_msgs/include/autoware_auto_planning_msgs/autoware_auto_planning_msgs/msg/detail/order_movement__functions.h
[1.339s] -- Up-to-date symlink: /home/zyme/ros_ws/Autoware_sim_test/install/autoware_auto_planning_msgs/include/autoware_auto_planning_msgs/autoware_auto_planning_msgs/msg/detail/order_movement__struct.h
[1.339s] -- Up-to-date symlink: /home/zyme/ros_ws/Autoware_sim_test/install/autoware_auto_planning_msgs/include/autoware_auto_planning_msgs/autoware_auto_planning_msgs/msg/detail/order_movement__type_support.h
[1.339s] -- Up-to-date symlink: /home/zyme/ros_ws/Autoware_sim_test/install/autoware_auto_planning_msgs/include/autoware_auto_planning_msgs/autoware_auto_planning_msgs/msg/detail/path__functions.h
[1.340s] -- Up-to-date symlink: /home/zyme/ros_ws/Autoware_sim_test/install/autoware_auto_planning_msgs/include/autoware_auto_planning_msgs/autoware_auto_planning_msgs/msg/detail/path__struct.h
[1.340s] -- Up-to-date symlink: /home/zyme/ros_ws/Autoware_sim_test/install/autoware_auto_planning_msgs/include/autoware_auto_planning_msgs/autoware_auto_planning_msgs/msg/detail/path__type_support.h
[1.340s] -- Up-to-date symlink: /home/zyme/ros_ws/Autoware_sim_test/install/autoware_auto_planning_msgs/include/autoware_auto_planning_msgs/autoware_auto_planning_msgs/msg/detail/path_point__functions.h
[1.340s] -- Up-to-date symlink: /home/zyme/ros_ws/Autoware_sim_test/install/autoware_auto_planning_msgs/include/autoware_auto_planning_msgs/autoware_auto_planning_msgs/msg/detail/path_point__struct.h
[1.340s] -- Up-to-date symlink: /home/zyme/ros_ws/Autoware_sim_test/install/autoware_auto_planning_msgs/include/autoware_auto_planning_msgs/autoware_auto_planning_msgs/msg/detail/path_point__type_support.h
[1.340s] -- Up-to-date symlink: /home/zyme/ros_ws/Autoware_sim_test/install/autoware_auto_planning_msgs/include/autoware_auto_planning_msgs/autoware_auto_planning_msgs/msg/detail/path_point_with_lane_id__functions.h
[1.341s] -- Up-to-date symlink: /home/zyme/ros_ws/Autoware_sim_test/install/autoware_auto_planning_msgs/include/autoware_auto_planning_msgs/autoware_auto_planning_msgs/msg/detail/path_point_with_lane_id__struct.h
[1.341s] -- Up-to-date symlink: /home/zyme/ros_ws/Autoware_sim_test/install/autoware_auto_planning_msgs/include/autoware_auto_planning_msgs/autoware_auto_planning_msgs/msg/detail/path_point_with_lane_id__type_support.h
[1.341s] -- Up-to-date symlink: /home/zyme/ros_ws/Autoware_sim_test/install/autoware_auto_planning_msgs/include/autoware_auto_planning_msgs/autoware_auto_planning_msgs/msg/detail/path_with_lane_id__functions.h
[1.341s] -- Up-to-date symlink: /home/zyme/ros_ws/Autoware_sim_test/install/autoware_auto_planning_msgs/include/autoware_auto_planning_msgs/autoware_auto_planning_msgs/msg/detail/path_with_lane_id__struct.h
[1.341s] -- Up-to-date symlink: /home/zyme/ros_ws/Autoware_sim_test/install/autoware_auto_planning_msgs/include/autoware_auto_planning_msgs/autoware_auto_planning_msgs/msg/detail/path_with_lane_id__type_support.h
[1.341s] -- Up-to-date symlink: /home/zyme/ros_ws/Autoware_sim_test/install/autoware_auto_planning_msgs/include/autoware_auto_planning_msgs/autoware_auto_planning_msgs/msg/detail/route__functions.h
[1.342s] -- Up-to-date symlink: /home/zyme/ros_ws/Autoware_sim_test/install/autoware_auto_planning_msgs/include/autoware_auto_planning_msgs/autoware_auto_planning_msgs/msg/detail/route__struct.h
[1.342s] -- Up-to-date symlink: /home/zyme/ros_ws/Autoware_sim_test/install/autoware_auto_planning_msgs/include/autoware_auto_planning_msgs/autoware_auto_planning_msgs/msg/detail/route__type_support.h
[1.342s] -- Up-to-date symlink: /home/zyme/ros_ws/Autoware_sim_test/install/autoware_auto_planning_msgs/include/autoware_auto_planning_msgs/autoware_auto_planning_msgs/msg/detail/trajectory__functions.h
[1.342s] -- Up-to-date symlink: /home/zyme/ros_ws/Autoware_sim_test/install/autoware_auto_planning_msgs/include/autoware_auto_planning_msgs/autoware_auto_planning_msgs/msg/detail/trajectory__struct.h
[1.342s] -- Up-to-date symlink: /home/zyme/ros_ws/Autoware_sim_test/install/autoware_auto_planning_msgs/include/autoware_auto_planning_msgs/autoware_auto_planning_msgs/msg/detail/trajectory__type_support.h
[1.342s] -- Up-to-date symlink: /home/zyme/ros_ws/Autoware_sim_test/install/autoware_auto_planning_msgs/include/autoware_auto_planning_msgs/autoware_auto_planning_msgs/msg/detail/trajectory_point__functions.h
[1.343s] -- Up-to-date symlink: /home/zyme/ros_ws/Autoware_sim_test/install/autoware_auto_planning_msgs/include/autoware_auto_planning_msgs/autoware_auto_planning_msgs/msg/detail/trajectory_point__struct.h
[1.343s] -- Up-to-date symlink: /home/zyme/ros_ws/Autoware_sim_test/install/autoware_auto_planning_msgs/include/autoware_auto_planning_msgs/autoware_auto_planning_msgs/msg/detail/trajectory_point__type_support.h
[1.343s] -- Up-to-date symlink: /home/zyme/ros_ws/Autoware_sim_test/install/autoware_auto_planning_msgs/include/autoware_auto_planning_msgs/autoware_auto_planning_msgs/msg/had_map_route.h
[1.343s] -- Up-to-date symlink: /home/zyme/ros_ws/Autoware_sim_test/install/autoware_auto_planning_msgs/include/autoware_auto_planning_msgs/autoware_auto_planning_msgs/msg/order_movement.h
[1.343s] -- Up-to-date symlink: /home/zyme/ros_ws/Autoware_sim_test/install/autoware_auto_planning_msgs/include/autoware_auto_planning_msgs/autoware_auto_planning_msgs/msg/path.h
[1.343s] -- Up-to-date symlink: /home/zyme/ros_ws/Autoware_sim_test/install/autoware_auto_planning_msgs/include/autoware_auto_planning_msgs/autoware_auto_planning_msgs/msg/path_point.h
[1.343s] -- Up-to-date symlink: /home/zyme/ros_ws/Autoware_sim_test/install/autoware_auto_planning_msgs/include/autoware_auto_planning_msgs/autoware_auto_planning_msgs/msg/path_point_with_lane_id.h
[1.344s] -- Up-to-date symlink: /home/zyme/ros_ws/Autoware_sim_test/install/autoware_auto_planning_msgs/include/autoware_auto_planning_msgs/autoware_auto_planning_msgs/msg/path_with_lane_id.h
[1.344s] -- Up-to-date symlink: /home/zyme/ros_ws/Autoware_sim_test/install/autoware_auto_planning_msgs/include/autoware_auto_planning_msgs/autoware_auto_planning_msgs/msg/rosidl_generator_c__visibility_control.h
[1.344s] -- Up-to-date symlink: /home/zyme/ros_ws/Autoware_sim_test/install/autoware_auto_planning_msgs/include/autoware_auto_planning_msgs/autoware_auto_planning_msgs/msg/route.h
[1.344s] -- Up-to-date symlink: /home/zyme/ros_ws/Autoware_sim_test/install/autoware_auto_planning_msgs/include/autoware_auto_planning_msgs/autoware_auto_planning_msgs/msg/trajectory.h
[1.344s] -- Up-to-date symlink: /home/zyme/ros_ws/Autoware_sim_test/install/autoware_auto_planning_msgs/include/autoware_auto_planning_msgs/autoware_auto_planning_msgs/msg/trajectory_point.h
[1.344s] -- Up-to-date symlink: /home/zyme/ros_ws/Autoware_sim_test/install/autoware_auto_planning_msgs/include/autoware_auto_planning_msgs/autoware_auto_planning_msgs/srv/detail/modify_trajectory__functions.h
[1.345s] -- Up-to-date symlink: /home/zyme/ros_ws/Autoware_sim_test/install/autoware_auto_planning_msgs/include/autoware_auto_planning_msgs/autoware_auto_planning_msgs/srv/detail/modify_trajectory__struct.h
[1.345s] -- Up-to-date symlink: /home/zyme/ros_ws/Autoware_sim_test/install/autoware_auto_planning_msgs/include/autoware_auto_planning_msgs/autoware_auto_planning_msgs/srv/detail/modify_trajectory__type_support.h
[1.345s] -- Up-to-date symlink: /home/zyme/ros_ws/Autoware_sim_test/install/autoware_auto_planning_msgs/include/autoware_auto_planning_msgs/autoware_auto_planning_msgs/srv/modify_trajectory.h
[1.345s] -- Up-to-date symlink: /home/zyme/ros_ws/Autoware_sim_test/install/autoware_auto_planning_msgs/share/autoware_auto_planning_msgs/environment/library_path.sh
[1.346s] -- Up-to-date symlink: /home/zyme/ros_ws/Autoware_sim_test/install/autoware_auto_planning_msgs/share/autoware_auto_planning_msgs/environment/library_path.dsv
[1.346s] -- Up-to-date symlink: /home/zyme/ros_ws/Autoware_sim_test/install/autoware_auto_planning_msgs/include/autoware_auto_planning_msgs/autoware_auto_planning_msgs/action/detail/plan_trajectory__rosidl_typesupport_fastrtps_c.h
[1.347s] -- Up-to-date symlink: /home/zyme/ros_ws/Autoware_sim_test/install/autoware_auto_planning_msgs/include/autoware_auto_planning_msgs/autoware_auto_planning_msgs/action/detail/planner_costmap__rosidl_typesupport_fastrtps_c.h
[1.347s] -- Up-to-date symlink: /home/zyme/ros_ws/Autoware_sim_test/install/autoware_auto_planning_msgs/include/autoware_auto_planning_msgs/autoware_auto_planning_msgs/action/detail/record_trajectory__rosidl_typesupport_fastrtps_c.h
[1.347s] -- Up-to-date symlink: /home/zyme/ros_ws/Autoware_sim_test/install/autoware_auto_planning_msgs/include/autoware_auto_planning_msgs/autoware_auto_planning_msgs/action/detail/replay_trajectory__rosidl_typesupport_fastrtps_c.h
[1.347s] -- Up-to-date symlink: /home/zyme/ros_ws/Autoware_sim_test/install/autoware_auto_planning_msgs/include/autoware_auto_planning_msgs/autoware_auto_planning_msgs/msg/detail/had_map_route__rosidl_typesupport_fastrtps_c.h
[1.347s] -- Up-to-date symlink: /home/zyme/ros_ws/Autoware_sim_test/install/autoware_auto_planning_msgs/include/autoware_auto_planning_msgs/autoware_auto_planning_msgs/msg/detail/order_movement__rosidl_typesupport_fastrtps_c.h
[1.347s] -- Up-to-date symlink: /home/zyme/ros_ws/Autoware_sim_test/install/autoware_auto_planning_msgs/include/autoware_auto_planning_msgs/autoware_auto_planning_msgs/msg/detail/path__rosidl_typesupport_fastrtps_c.h
[1.347s] -- Up-to-date symlink: /home/zyme/ros_ws/Autoware_sim_test/install/autoware_auto_planning_msgs/include/autoware_auto_planning_msgs/autoware_auto_planning_msgs/msg/detail/path_point__rosidl_typesupport_fastrtps_c.h
[1.348s] -- Up-to-date symlink: /home/zyme/ros_ws/Autoware_sim_test/install/autoware_auto_planning_msgs/include/autoware_auto_planning_msgs/autoware_auto_planning_msgs/msg/detail/path_point_with_lane_id__rosidl_typesupport_fastrtps_c.h
[1.348s] -- Up-to-date symlink: /home/zyme/ros_ws/Autoware_sim_test/install/autoware_auto_planning_msgs/include/autoware_auto_planning_msgs/autoware_auto_planning_msgs/msg/detail/path_with_lane_id__rosidl_typesupport_fastrtps_c.h
[1.348s] -- Up-to-date symlink: /home/zyme/ros_ws/Autoware_sim_test/install/autoware_auto_planning_msgs/include/autoware_auto_planning_msgs/autoware_auto_planning_msgs/msg/detail/route__rosidl_typesupport_fastrtps_c.h
[1.348s] -- Up-to-date symlink: /home/zyme/ros_ws/Autoware_sim_test/install/autoware_auto_planning_msgs/include/autoware_auto_planning_msgs/autoware_auto_planning_msgs/msg/detail/trajectory__rosidl_typesupport_fastrtps_c.h
[1.348s] -- Up-to-date symlink: /home/zyme/ros_ws/Autoware_sim_test/install/autoware_auto_planning_msgs/include/autoware_auto_planning_msgs/autoware_auto_planning_msgs/msg/detail/trajectory_point__rosidl_typesupport_fastrtps_c.h
[1.349s] -- Up-to-date symlink: /home/zyme/ros_ws/Autoware_sim_test/install/autoware_auto_planning_msgs/include/autoware_auto_planning_msgs/autoware_auto_planning_msgs/msg/rosidl_typesupport_fastrtps_c__visibility_control.h
[1.349s] -- Up-to-date symlink: /home/zyme/ros_ws/Autoware_sim_test/install/autoware_auto_planning_msgs/include/autoware_auto_planning_msgs/autoware_auto_planning_msgs/srv/detail/modify_trajectory__rosidl_typesupport_fastrtps_c.h
[1.350s] -- Up-to-date symlink: /home/zyme/ros_ws/Autoware_sim_test/install/autoware_auto_planning_msgs/include/autoware_auto_planning_msgs/autoware_auto_planning_msgs/action/detail/plan_trajectory__rosidl_typesupport_introspection_c.h
[1.350s] -- Up-to-date symlink: /home/zyme/ros_ws/Autoware_sim_test/install/autoware_auto_planning_msgs/include/autoware_auto_planning_msgs/autoware_auto_planning_msgs/action/detail/planner_costmap__rosidl_typesupport_introspection_c.h
[1.350s] -- Up-to-date symlink: /home/zyme/ros_ws/Autoware_sim_test/install/autoware_auto_planning_msgs/include/autoware_auto_planning_msgs/autoware_auto_planning_msgs/action/detail/record_trajectory__rosidl_typesupport_introspection_c.h
[1.350s] -- Up-to-date symlink: /home/zyme/ros_ws/Autoware_sim_test/install/autoware_auto_planning_msgs/include/autoware_auto_planning_msgs/autoware_auto_planning_msgs/action/detail/replay_trajectory__rosidl_typesupport_introspection_c.h
[1.350s] -- Up-to-date symlink: /home/zyme/ros_ws/Autoware_sim_test/install/autoware_auto_planning_msgs/include/autoware_auto_planning_msgs/autoware_auto_planning_msgs/msg/detail/had_map_route__rosidl_typesupport_introspection_c.h
[1.351s] -- Up-to-date symlink: /home/zyme/ros_ws/Autoware_sim_test/install/autoware_auto_planning_msgs/include/autoware_auto_planning_msgs/autoware_auto_planning_msgs/msg/detail/order_movement__rosidl_typesupport_introspection_c.h
[1.351s] -- Up-to-date symlink: /home/zyme/ros_ws/Autoware_sim_test/install/autoware_auto_planning_msgs/include/autoware_auto_planning_msgs/autoware_auto_planning_msgs/msg/detail/path__rosidl_typesupport_introspection_c.h
[1.351s] -- Up-to-date symlink: /home/zyme/ros_ws/Autoware_sim_test/install/autoware_auto_planning_msgs/include/autoware_auto_planning_msgs/autoware_auto_planning_msgs/msg/detail/path_point__rosidl_typesupport_introspection_c.h
[1.351s] -- Up-to-date symlink: /home/zyme/ros_ws/Autoware_sim_test/install/autoware_auto_planning_msgs/include/autoware_auto_planning_msgs/autoware_auto_planning_msgs/msg/detail/path_point_with_lane_id__rosidl_typesupport_introspection_c.h
[1.352s] -- Up-to-date symlink: /home/zyme/ros_ws/Autoware_sim_test/install/autoware_auto_planning_msgs/include/autoware_auto_planning_msgs/autoware_auto_planning_msgs/msg/detail/path_with_lane_id__rosidl_typesupport_introspection_c.h
[1.352s] -- Up-to-date symlink: /home/zyme/ros_ws/Autoware_sim_test/install/autoware_auto_planning_msgs/include/autoware_auto_planning_msgs/autoware_auto_planning_msgs/msg/detail/route__rosidl_typesupport_introspection_c.h
[1.352s] -- Up-to-date symlink: /home/zyme/ros_ws/Autoware_sim_test/install/autoware_auto_planning_msgs/include/autoware_auto_planning_msgs/autoware_auto_planning_msgs/msg/detail/trajectory__rosidl_typesupport_introspection_c.h
[1.352s] -- Up-to-date symlink: /home/zyme/ros_ws/Autoware_sim_test/install/autoware_auto_planning_msgs/include/autoware_auto_planning_msgs/autoware_auto_planning_msgs/msg/detail/trajectory_point__rosidl_typesupport_introspection_c.h
[1.353s] -- Up-to-date symlink: /home/zyme/ros_ws/Autoware_sim_test/install/autoware_auto_planning_msgs/include/autoware_auto_planning_msgs/autoware_auto_planning_msgs/msg/rosidl_typesupport_introspection_c__visibility_control.h
[1.353s] -- Up-to-date symlink: /home/zyme/ros_ws/Autoware_sim_test/install/autoware_auto_planning_msgs/include/autoware_auto_planning_msgs/autoware_auto_planning_msgs/srv/detail/modify_trajectory__rosidl_typesupport_introspection_c.h
[1.354s] -- Up-to-date symlink: /home/zyme/ros_ws/Autoware_sim_test/install/autoware_auto_planning_msgs/include/autoware_auto_planning_msgs/autoware_auto_planning_msgs/action/detail/plan_trajectory__builder.hpp
[1.354s] -- Up-to-date symlink: /home/zyme/ros_ws/Autoware_sim_test/install/autoware_auto_planning_msgs/include/autoware_auto_planning_msgs/autoware_auto_planning_msgs/action/detail/plan_trajectory__struct.hpp
[1.354s] -- Up-to-date symlink: /home/zyme/ros_ws/Autoware_sim_test/install/autoware_auto_planning_msgs/include/autoware_auto_planning_msgs/autoware_auto_planning_msgs/action/detail/plan_trajectory__traits.hpp
[1.355s] -- Up-to-date symlink: /home/zyme/ros_ws/Autoware_sim_test/install/autoware_auto_planning_msgs/include/autoware_auto_planning_msgs/autoware_auto_planning_msgs/action/detail/planner_costmap__builder.hpp
[1.355s] -- Up-to-date symlink: /home/zyme/ros_ws/Autoware_sim_test/install/autoware_auto_planning_msgs/include/autoware_auto_planning_msgs/autoware_auto_planning_msgs/action/detail/planner_costmap__struct.hpp
[1.355s] -- Up-to-date symlink: /home/zyme/ros_ws/Autoware_sim_test/install/autoware_auto_planning_msgs/include/autoware_auto_planning_msgs/autoware_auto_planning_msgs/action/detail/planner_costmap__traits.hpp
[1.355s] -- Up-to-date symlink: /home/zyme/ros_ws/Autoware_sim_test/install/autoware_auto_planning_msgs/include/autoware_auto_planning_msgs/autoware_auto_planning_msgs/action/detail/record_trajectory__builder.hpp
[1.355s] -- Up-to-date symlink: /home/zyme/ros_ws/Autoware_sim_test/install/autoware_auto_planning_msgs/include/autoware_auto_planning_msgs/autoware_auto_planning_msgs/action/detail/record_trajectory__struct.hpp
[1.356s] -- Up-to-date symlink: /home/zyme/ros_ws/Autoware_sim_test/install/autoware_auto_planning_msgs/include/autoware_auto_planning_msgs/autoware_auto_planning_msgs/action/detail/record_trajectory__traits.hpp
[1.356s] -- Up-to-date symlink: /home/zyme/ros_ws/Autoware_sim_test/install/autoware_auto_planning_msgs/include/autoware_auto_planning_msgs/autoware_auto_planning_msgs/action/detail/replay_trajectory__builder.hpp
[1.356s] -- Up-to-date symlink: /home/zyme/ros_ws/Autoware_sim_test/install/autoware_auto_planning_msgs/include/autoware_auto_planning_msgs/autoware_auto_planning_msgs/action/detail/replay_trajectory__struct.hpp
[1.356s] -- Up-to-date symlink: /home/zyme/ros_ws/Autoware_sim_test/install/autoware_auto_planning_msgs/include/autoware_auto_planning_msgs/autoware_auto_planning_msgs/action/detail/replay_trajectory__traits.hpp
[1.356s] -- Up-to-date symlink: /home/zyme/ros_ws/Autoware_sim_test/install/autoware_auto_planning_msgs/include/autoware_auto_planning_msgs/autoware_auto_planning_msgs/action/plan_trajectory.hpp
[1.356s] -- Up-to-date symlink: /home/zyme/ros_ws/Autoware_sim_test/install/autoware_auto_planning_msgs/include/autoware_auto_planning_msgs/autoware_auto_planning_msgs/action/planner_costmap.hpp
[1.357s] -- Up-to-date symlink: /home/zyme/ros_ws/Autoware_sim_test/install/autoware_auto_planning_msgs/include/autoware_auto_planning_msgs/autoware_auto_planning_msgs/action/record_trajectory.hpp
[1.357s] -- Up-to-date symlink: /home/zyme/ros_ws/Autoware_sim_test/install/autoware_auto_planning_msgs/include/autoware_auto_planning_msgs/autoware_auto_planning_msgs/action/replay_trajectory.hpp
[1.357s] -- Up-to-date symlink: /home/zyme/ros_ws/Autoware_sim_test/install/autoware_auto_planning_msgs/include/autoware_auto_planning_msgs/autoware_auto_planning_msgs/msg/detail/had_map_route__builder.hpp
[1.357s] -- Up-to-date symlink: /home/zyme/ros_ws/Autoware_sim_test/install/autoware_auto_planning_msgs/include/autoware_auto_planning_msgs/autoware_auto_planning_msgs/msg/detail/had_map_route__struct.hpp
[1.357s] -- Up-to-date symlink: /home/zyme/ros_ws/Autoware_sim_test/install/autoware_auto_planning_msgs/include/autoware_auto_planning_msgs/autoware_auto_planning_msgs/msg/detail/had_map_route__traits.hpp
[1.357s] -- Up-to-date symlink: /home/zyme/ros_ws/Autoware_sim_test/install/autoware_auto_planning_msgs/include/autoware_auto_planning_msgs/autoware_auto_planning_msgs/msg/detail/order_movement__builder.hpp
[1.358s] -- Up-to-date symlink: /home/zyme/ros_ws/Autoware_sim_test/install/autoware_auto_planning_msgs/include/autoware_auto_planning_msgs/autoware_auto_planning_msgs/msg/detail/order_movement__struct.hpp
[1.358s] -- Up-to-date symlink: /home/zyme/ros_ws/Autoware_sim_test/install/autoware_auto_planning_msgs/include/autoware_auto_planning_msgs/autoware_auto_planning_msgs/msg/detail/order_movement__traits.hpp
[1.358s] -- Up-to-date symlink: /home/zyme/ros_ws/Autoware_sim_test/install/autoware_auto_planning_msgs/include/autoware_auto_planning_msgs/autoware_auto_planning_msgs/msg/detail/path__builder.hpp
[1.358s] -- Up-to-date symlink: /home/zyme/ros_ws/Autoware_sim_test/install/autoware_auto_planning_msgs/include/autoware_auto_planning_msgs/autoware_auto_planning_msgs/msg/detail/path__struct.hpp
[1.358s] -- Up-to-date symlink: /home/zyme/ros_ws/Autoware_sim_test/install/autoware_auto_planning_msgs/include/autoware_auto_planning_msgs/autoware_auto_planning_msgs/msg/detail/path__traits.hpp
[1.358s] -- Up-to-date symlink: /home/zyme/ros_ws/Autoware_sim_test/install/autoware_auto_planning_msgs/include/autoware_auto_planning_msgs/autoware_auto_planning_msgs/msg/detail/path_point__builder.hpp
[1.359s] -- Up-to-date symlink: /home/zyme/ros_ws/Autoware_sim_test/install/autoware_auto_planning_msgs/include/autoware_auto_planning_msgs/autoware_auto_planning_msgs/msg/detail/path_point__struct.hpp
[1.359s] -- Up-to-date symlink: /home/zyme/ros_ws/Autoware_sim_test/install/autoware_auto_planning_msgs/include/autoware_auto_planning_msgs/autoware_auto_planning_msgs/msg/detail/path_point__traits.hpp
[1.359s] -- Up-to-date symlink: /home/zyme/ros_ws/Autoware_sim_test/install/autoware_auto_planning_msgs/include/autoware_auto_planning_msgs/autoware_auto_planning_msgs/msg/detail/path_point_with_lane_id__builder.hpp
[1.359s] -- Up-to-date symlink: /home/zyme/ros_ws/Autoware_sim_test/install/autoware_auto_planning_msgs/include/autoware_auto_planning_msgs/autoware_auto_planning_msgs/msg/detail/path_point_with_lane_id__struct.hpp
[1.359s] -- Up-to-date symlink: /home/zyme/ros_ws/Autoware_sim_test/install/autoware_auto_planning_msgs/include/autoware_auto_planning_msgs/autoware_auto_planning_msgs/msg/detail/path_point_with_lane_id__traits.hpp
[1.359s] -- Up-to-date symlink: /home/zyme/ros_ws/Autoware_sim_test/install/autoware_auto_planning_msgs/include/autoware_auto_planning_msgs/autoware_auto_planning_msgs/msg/detail/path_with_lane_id__builder.hpp
[1.359s] -- Up-to-date symlink: /home/zyme/ros_ws/Autoware_sim_test/install/autoware_auto_planning_msgs/include/autoware_auto_planning_msgs/autoware_auto_planning_msgs/msg/detail/path_with_lane_id__struct.hpp
[1.360s] -- Up-to-date symlink: /home/zyme/ros_ws/Autoware_sim_test/install/autoware_auto_planning_msgs/include/autoware_auto_planning_msgs/autoware_auto_planning_msgs/msg/detail/path_with_lane_id__traits.hpp
[1.360s] -- Up-to-date symlink: /home/zyme/ros_ws/Autoware_sim_test/install/autoware_auto_planning_msgs/include/autoware_auto_planning_msgs/autoware_auto_planning_msgs/msg/detail/route__builder.hpp
[1.360s] -- Up-to-date symlink: /home/zyme/ros_ws/Autoware_sim_test/install/autoware_auto_planning_msgs/include/autoware_auto_planning_msgs/autoware_auto_planning_msgs/msg/detail/route__struct.hpp
[1.360s] -- Up-to-date symlink: /home/zyme/ros_ws/Autoware_sim_test/install/autoware_auto_planning_msgs/include/autoware_auto_planning_msgs/autoware_auto_planning_msgs/msg/detail/route__traits.hpp
[1.360s] -- Up-to-date symlink: /home/zyme/ros_ws/Autoware_sim_test/install/autoware_auto_planning_msgs/include/autoware_auto_planning_msgs/autoware_auto_planning_msgs/msg/detail/trajectory__builder.hpp
[1.360s] -- Up-to-date symlink: /home/zyme/ros_ws/Autoware_sim_test/install/autoware_auto_planning_msgs/include/autoware_auto_planning_msgs/autoware_auto_planning_msgs/msg/detail/trajectory__struct.hpp
[1.361s] -- Up-to-date symlink: /home/zyme/ros_ws/Autoware_sim_test/install/autoware_auto_planning_msgs/include/autoware_auto_planning_msgs/autoware_auto_planning_msgs/msg/detail/trajectory__traits.hpp
[1.361s] -- Up-to-date symlink: /home/zyme/ros_ws/Autoware_sim_test/install/autoware_auto_planning_msgs/include/autoware_auto_planning_msgs/autoware_auto_planning_msgs/msg/detail/trajectory_point__builder.hpp
[1.361s] -- Up-to-date symlink: /home/zyme/ros_ws/Autoware_sim_test/install/autoware_auto_planning_msgs/include/autoware_auto_planning_msgs/autoware_auto_planning_msgs/msg/detail/trajectory_point__struct.hpp
[1.361s] -- Up-to-date symlink: /home/zyme/ros_ws/Autoware_sim_test/install/autoware_auto_planning_msgs/include/autoware_auto_planning_msgs/autoware_auto_planning_msgs/msg/detail/trajectory_point__traits.hpp
[1.361s] -- Up-to-date symlink: /home/zyme/ros_ws/Autoware_sim_test/install/autoware_auto_planning_msgs/include/autoware_auto_planning_msgs/autoware_auto_planning_msgs/msg/had_map_route.hpp
[1.361s] -- Up-to-date symlink: /home/zyme/ros_ws/Autoware_sim_test/install/autoware_auto_planning_msgs/include/autoware_auto_planning_msgs/autoware_auto_planning_msgs/msg/order_movement.hpp
[1.362s] -- Up-to-date symlink: /home/zyme/ros_ws/Autoware_sim_test/install/autoware_auto_planning_msgs/include/autoware_auto_planning_msgs/autoware_auto_planning_msgs/msg/path.hpp
[1.362s] -- Up-to-date symlink: /home/zyme/ros_ws/Autoware_sim_test/install/autoware_auto_planning_msgs/include/autoware_auto_planning_msgs/autoware_auto_planning_msgs/msg/path_point.hpp
[1.362s] -- Up-to-date symlink: /home/zyme/ros_ws/Autoware_sim_test/install/autoware_auto_planning_msgs/include/autoware_auto_planning_msgs/autoware_auto_planning_msgs/msg/path_point_with_lane_id.hpp
[1.362s] -- Up-to-date symlink: /home/zyme/ros_ws/Autoware_sim_test/install/autoware_auto_planning_msgs/include/autoware_auto_planning_msgs/autoware_auto_planning_msgs/msg/path_with_lane_id.hpp
[1.362s] -- Up-to-date symlink: /home/zyme/ros_ws/Autoware_sim_test/install/autoware_auto_planning_msgs/include/autoware_auto_planning_msgs/autoware_auto_planning_msgs/msg/route.hpp
[1.362s] -- Up-to-date symlink: /home/zyme/ros_ws/Autoware_sim_test/install/autoware_auto_planning_msgs/include/autoware_auto_planning_msgs/autoware_auto_planning_msgs/msg/trajectory.hpp
[1.362s] -- Up-to-date symlink: /home/zyme/ros_ws/Autoware_sim_test/install/autoware_auto_planning_msgs/include/autoware_auto_planning_msgs/autoware_auto_planning_msgs/msg/trajectory_point.hpp
[1.363s] -- Up-to-date symlink: /home/zyme/ros_ws/Autoware_sim_test/install/autoware_auto_planning_msgs/include/autoware_auto_planning_msgs/autoware_auto_planning_msgs/srv/detail/modify_trajectory__builder.hpp
[1.363s] -- Up-to-date symlink: /home/zyme/ros_ws/Autoware_sim_test/install/autoware_auto_planning_msgs/include/autoware_auto_planning_msgs/autoware_auto_planning_msgs/srv/detail/modify_trajectory__struct.hpp
[1.363s] -- Up-to-date symlink: /home/zyme/ros_ws/Autoware_sim_test/install/autoware_auto_planning_msgs/include/autoware_auto_planning_msgs/autoware_auto_planning_msgs/srv/detail/modify_trajectory__traits.hpp
[1.363s] -- Up-to-date symlink: /home/zyme/ros_ws/Autoware_sim_test/install/autoware_auto_planning_msgs/include/autoware_auto_planning_msgs/autoware_auto_planning_msgs/srv/modify_trajectory.hpp
[1.364s] -- Up-to-date symlink: /home/zyme/ros_ws/Autoware_sim_test/install/autoware_auto_planning_msgs/include/autoware_auto_planning_msgs/autoware_auto_planning_msgs/action/detail/plan_trajectory__rosidl_typesupport_fastrtps_cpp.hpp
[1.364s] -- Up-to-date symlink: /home/zyme/ros_ws/Autoware_sim_test/install/autoware_auto_planning_msgs/include/autoware_auto_planning_msgs/autoware_auto_planning_msgs/action/detail/planner_costmap__rosidl_typesupport_fastrtps_cpp.hpp
[1.364s] -- Up-to-date symlink: /home/zyme/ros_ws/Autoware_sim_test/install/autoware_auto_planning_msgs/include/autoware_auto_planning_msgs/autoware_auto_planning_msgs/action/detail/record_trajectory__rosidl_typesupport_fastrtps_cpp.hpp
[1.365s] -- Up-to-date symlink: /home/zyme/ros_ws/Autoware_sim_test/install/autoware_auto_planning_msgs/include/autoware_auto_planning_msgs/autoware_auto_planning_msgs/action/detail/replay_trajectory__rosidl_typesupport_fastrtps_cpp.hpp
[1.365s] -- Up-to-date symlink: /home/zyme/ros_ws/Autoware_sim_test/install/autoware_auto_planning_msgs/include/autoware_auto_planning_msgs/autoware_auto_planning_msgs/msg/detail/had_map_route__rosidl_typesupport_fastrtps_cpp.hpp
[1.365s] -- Up-to-date symlink: /home/zyme/ros_ws/Autoware_sim_test/install/autoware_auto_planning_msgs/include/autoware_auto_planning_msgs/autoware_auto_planning_msgs/msg/detail/order_movement__rosidl_typesupport_fastrtps_cpp.hpp
[1.365s] -- Up-to-date symlink: /home/zyme/ros_ws/Autoware_sim_test/install/autoware_auto_planning_msgs/include/autoware_auto_planning_msgs/autoware_auto_planning_msgs/msg/detail/path__rosidl_typesupport_fastrtps_cpp.hpp
[1.365s] -- Up-to-date symlink: /home/zyme/ros_ws/Autoware_sim_test/install/autoware_auto_planning_msgs/include/autoware_auto_planning_msgs/autoware_auto_planning_msgs/msg/detail/path_point__rosidl_typesupport_fastrtps_cpp.hpp
[1.365s] -- Up-to-date symlink: /home/zyme/ros_ws/Autoware_sim_test/install/autoware_auto_planning_msgs/include/autoware_auto_planning_msgs/autoware_auto_planning_msgs/msg/detail/path_point_with_lane_id__rosidl_typesupport_fastrtps_cpp.hpp
[1.366s] -- Up-to-date symlink: /home/zyme/ros_ws/Autoware_sim_test/install/autoware_auto_planning_msgs/include/autoware_auto_planning_msgs/autoware_auto_planning_msgs/msg/detail/path_with_lane_id__rosidl_typesupport_fastrtps_cpp.hpp
[1.366s] -- Up-to-date symlink: /home/zyme/ros_ws/Autoware_sim_test/install/autoware_auto_planning_msgs/include/autoware_auto_planning_msgs/autoware_auto_planning_msgs/msg/detail/route__rosidl_typesupport_fastrtps_cpp.hpp
[1.366s] -- Up-to-date symlink: /home/zyme/ros_ws/Autoware_sim_test/install/autoware_auto_planning_msgs/include/autoware_auto_planning_msgs/autoware_auto_planning_msgs/msg/detail/trajectory__rosidl_typesupport_fastrtps_cpp.hpp
[1.366s] -- Up-to-date symlink: /home/zyme/ros_ws/Autoware_sim_test/install/autoware_auto_planning_msgs/include/autoware_auto_planning_msgs/autoware_auto_planning_msgs/msg/detail/trajectory_point__rosidl_typesupport_fastrtps_cpp.hpp
[1.366s] -- Up-to-date symlink: /home/zyme/ros_ws/Autoware_sim_test/install/autoware_auto_planning_msgs/include/autoware_auto_planning_msgs/autoware_auto_planning_msgs/msg/rosidl_typesupport_fastrtps_cpp__visibility_control.h
[1.367s] -- Up-to-date symlink: /home/zyme/ros_ws/Autoware_sim_test/install/autoware_auto_planning_msgs/include/autoware_auto_planning_msgs/autoware_auto_planning_msgs/srv/detail/modify_trajectory__rosidl_typesupport_fastrtps_cpp.hpp
[1.367s] -- Up-to-date symlink: /home/zyme/ros_ws/Autoware_sim_test/install/autoware_auto_planning_msgs/include/autoware_auto_planning_msgs/autoware_auto_planning_msgs/action/detail/plan_trajectory__rosidl_typesupport_introspection_cpp.hpp
[1.368s] -- Up-to-date symlink: /home/zyme/ros_ws/Autoware_sim_test/install/autoware_auto_planning_msgs/include/autoware_auto_planning_msgs/autoware_auto_planning_msgs/action/detail/planner_costmap__rosidl_typesupport_introspection_cpp.hpp
[1.368s] -- Up-to-date symlink: /home/zyme/ros_ws/Autoware_sim_test/install/autoware_auto_planning_msgs/include/autoware_auto_planning_msgs/autoware_auto_planning_msgs/action/detail/record_trajectory__rosidl_typesupport_introspection_cpp.hpp
[1.368s] -- Up-to-date symlink: /home/zyme/ros_ws/Autoware_sim_test/install/autoware_auto_planning_msgs/include/autoware_auto_planning_msgs/autoware_auto_planning_msgs/action/detail/replay_trajectory__rosidl_typesupport_introspection_cpp.hpp
[1.368s] -- Up-to-date symlink: /home/zyme/ros_ws/Autoware_sim_test/install/autoware_auto_planning_msgs/include/autoware_auto_planning_msgs/autoware_auto_planning_msgs/msg/detail/had_map_route__rosidl_typesupport_introspection_cpp.hpp
[1.368s] -- Up-to-date symlink: /home/zyme/ros_ws/Autoware_sim_test/install/autoware_auto_planning_msgs/include/autoware_auto_planning_msgs/autoware_auto_planning_msgs/msg/detail/order_movement__rosidl_typesupport_introspection_cpp.hpp
[1.368s] -- Up-to-date symlink: /home/zyme/ros_ws/Autoware_sim_test/install/autoware_auto_planning_msgs/include/autoware_auto_planning_msgs/autoware_auto_planning_msgs/msg/detail/path__rosidl_typesupport_introspection_cpp.hpp
[1.369s] -- Up-to-date symlink: /home/zyme/ros_ws/Autoware_sim_test/install/autoware_auto_planning_msgs/include/autoware_auto_planning_msgs/autoware_auto_planning_msgs/msg/detail/path_point__rosidl_typesupport_introspection_cpp.hpp
[1.369s] -- Up-to-date symlink: /home/zyme/ros_ws/Autoware_sim_test/install/autoware_auto_planning_msgs/include/autoware_auto_planning_msgs/autoware_auto_planning_msgs/msg/detail/path_point_with_lane_id__rosidl_typesupport_introspection_cpp.hpp
[1.369s] -- Up-to-date symlink: /home/zyme/ros_ws/Autoware_sim_test/install/autoware_auto_planning_msgs/include/autoware_auto_planning_msgs/autoware_auto_planning_msgs/msg/detail/path_with_lane_id__rosidl_typesupport_introspection_cpp.hpp
[1.369s] -- Up-to-date symlink: /home/zyme/ros_ws/Autoware_sim_test/install/autoware_auto_planning_msgs/include/autoware_auto_planning_msgs/autoware_auto_planning_msgs/msg/detail/route__rosidl_typesupport_introspection_cpp.hpp
[1.369s] -- Up-to-date symlink: /home/zyme/ros_ws/Autoware_sim_test/install/autoware_auto_planning_msgs/include/autoware_auto_planning_msgs/autoware_auto_planning_msgs/msg/detail/trajectory__rosidl_typesupport_introspection_cpp.hpp
[1.370s] -- Up-to-date symlink: /home/zyme/ros_ws/Autoware_sim_test/install/autoware_auto_planning_msgs/include/autoware_auto_planning_msgs/autoware_auto_planning_msgs/msg/detail/trajectory_point__rosidl_typesupport_introspection_cpp.hpp
[1.370s] -- Up-to-date symlink: /home/zyme/ros_ws/Autoware_sim_test/install/autoware_auto_planning_msgs/include/autoware_auto_planning_msgs/autoware_auto_planning_msgs/srv/detail/modify_trajectory__rosidl_typesupport_introspection_cpp.hpp
[1.370s] -- Up-to-date symlink: /home/zyme/ros_ws/Autoware_sim_test/install/autoware_auto_planning_msgs/share/autoware_auto_planning_msgs/environment/pythonpath.sh
[1.370s] -- Up-to-date symlink: /home/zyme/ros_ws/Autoware_sim_test/install/autoware_auto_planning_msgs/share/autoware_auto_planning_msgs/environment/pythonpath.dsv
[1.371s] -- Up-to-date symlink: /home/zyme/ros_ws/Autoware_sim_test/install/autoware_auto_planning_msgs/local/lib/python3.10/dist-packages/autoware_auto_planning_msgs-1.0.0-py3.10.egg-info/PKG-INFO
[1.371s] -- Up-to-date symlink: /home/zyme/ros_ws/Autoware_sim_test/install/autoware_auto_planning_msgs/local/lib/python3.10/dist-packages/autoware_auto_planning_msgs-1.0.0-py3.10.egg-info/SOURCES.txt
[1.371s] -- Up-to-date symlink: /home/zyme/ros_ws/Autoware_sim_test/install/autoware_auto_planning_msgs/local/lib/python3.10/dist-packages/autoware_auto_planning_msgs-1.0.0-py3.10.egg-info/dependency_links.txt
[1.371s] -- Up-to-date symlink: /home/zyme/ros_ws/Autoware_sim_test/install/autoware_auto_planning_msgs/local/lib/python3.10/dist-packages/autoware_auto_planning_msgs-1.0.0-py3.10.egg-info/top_level.txt
[1.372s] -- Up-to-date symlink: /home/zyme/ros_ws/Autoware_sim_test/install/autoware_auto_planning_msgs/local/lib/python3.10/dist-packages/autoware_auto_planning_msgs/__init__.py
[1.372s] -- Up-to-date symlink: /home/zyme/ros_ws/Autoware_sim_test/install/autoware_auto_planning_msgs/local/lib/python3.10/dist-packages/autoware_auto_planning_msgs/_autoware_auto_planning_msgs_s.ep.rosidl_typesupport_c.c
[1.373s] -- Up-to-date symlink: /home/zyme/ros_ws/Autoware_sim_test/install/autoware_auto_planning_msgs/local/lib/python3.10/dist-packages/autoware_auto_planning_msgs/_autoware_auto_planning_msgs_s.ep.rosidl_typesupport_fastrtps_c.c
[1.373s] -- Up-to-date symlink: /home/zyme/ros_ws/Autoware_sim_test/install/autoware_auto_planning_msgs/local/lib/python3.10/dist-packages/autoware_auto_planning_msgs/_autoware_auto_planning_msgs_s.ep.rosidl_typesupport_introspection_c.c
[1.373s] -- Up-to-date symlink: /home/zyme/ros_ws/Autoware_sim_test/install/autoware_auto_planning_msgs/local/lib/python3.10/dist-packages/autoware_auto_planning_msgs/action/__init__.py
[1.373s] -- Up-to-date symlink: /home/zyme/ros_ws/Autoware_sim_test/install/autoware_auto_planning_msgs/local/lib/python3.10/dist-packages/autoware_auto_planning_msgs/action/_plan_trajectory.py
[1.373s] -- Up-to-date symlink: /home/zyme/ros_ws/Autoware_sim_test/install/autoware_auto_planning_msgs/local/lib/python3.10/dist-packages/autoware_auto_planning_msgs/action/_plan_trajectory_s.c
[1.373s] -- Up-to-date symlink: /home/zyme/ros_ws/Autoware_sim_test/install/autoware_auto_planning_msgs/local/lib/python3.10/dist-packages/autoware_auto_planning_msgs/action/_planner_costmap.py
[1.374s] -- Up-to-date symlink: /home/zyme/ros_ws/Autoware_sim_test/install/autoware_auto_planning_msgs/local/lib/python3.10/dist-packages/autoware_auto_planning_msgs/action/_planner_costmap_s.c
[1.374s] -- Up-to-date symlink: /home/zyme/ros_ws/Autoware_sim_test/install/autoware_auto_planning_msgs/local/lib/python3.10/dist-packages/autoware_auto_planning_msgs/action/_record_trajectory.py
[1.374s] -- Up-to-date symlink: /home/zyme/ros_ws/Autoware_sim_test/install/autoware_auto_planning_msgs/local/lib/python3.10/dist-packages/autoware_auto_planning_msgs/action/_record_trajectory_s.c
[1.374s] -- Up-to-date symlink: /home/zyme/ros_ws/Autoware_sim_test/install/autoware_auto_planning_msgs/local/lib/python3.10/dist-packages/autoware_auto_planning_msgs/action/_replay_trajectory.py
[1.374s] -- Up-to-date symlink: /home/zyme/ros_ws/Autoware_sim_test/install/autoware_auto_planning_msgs/local/lib/python3.10/dist-packages/autoware_auto_planning_msgs/action/_replay_trajectory_s.c
[1.374s] -- Up-to-date symlink: /home/zyme/ros_ws/Autoware_sim_test/install/autoware_auto_planning_msgs/local/lib/python3.10/dist-packages/autoware_auto_planning_msgs/autoware_auto_planning_msgs_s__rosidl_typesupport_c.cpython-310-x86_64-linux-gnu.so
[1.375s] -- Up-to-date symlink: /home/zyme/ros_ws/Autoware_sim_test/install/autoware_auto_planning_msgs/local/lib/python3.10/dist-packages/autoware_auto_planning_msgs/autoware_auto_planning_msgs_s__rosidl_typesupport_fastrtps_c.cpython-310-x86_64-linux-gnu.so
[1.375s] -- Up-to-date symlink: /home/zyme/ros_ws/Autoware_sim_test/install/autoware_auto_planning_msgs/local/lib/python3.10/dist-packages/autoware_auto_planning_msgs/autoware_auto_planning_msgs_s__rosidl_typesupport_introspection_c.cpython-310-x86_64-linux-gnu.so
[1.375s] -- Up-to-date symlink: /home/zyme/ros_ws/Autoware_sim_test/install/autoware_auto_planning_msgs/local/lib/python3.10/dist-packages/autoware_auto_planning_msgs/libautoware_auto_planning_msgs__rosidl_generator_py.so
[1.375s] -- Up-to-date symlink: /home/zyme/ros_ws/Autoware_sim_test/install/autoware_auto_planning_msgs/local/lib/python3.10/dist-packages/autoware_auto_planning_msgs/msg/__init__.py
[1.375s] -- Up-to-date symlink: /home/zyme/ros_ws/Autoware_sim_test/install/autoware_auto_planning_msgs/local/lib/python3.10/dist-packages/autoware_auto_planning_msgs/msg/_had_map_route.py
[1.375s] -- Up-to-date symlink: /home/zyme/ros_ws/Autoware_sim_test/install/autoware_auto_planning_msgs/local/lib/python3.10/dist-packages/autoware_auto_planning_msgs/msg/_had_map_route_s.c
[1.375s] -- Up-to-date symlink: /home/zyme/ros_ws/Autoware_sim_test/install/autoware_auto_planning_msgs/local/lib/python3.10/dist-packages/autoware_auto_planning_msgs/msg/_order_movement.py
[1.376s] -- Up-to-date symlink: /home/zyme/ros_ws/Autoware_sim_test/install/autoware_auto_planning_msgs/local/lib/python3.10/dist-packages/autoware_auto_planning_msgs/msg/_order_movement_s.c
[1.376s] -- Up-to-date symlink: /home/zyme/ros_ws/Autoware_sim_test/install/autoware_auto_planning_msgs/local/lib/python3.10/dist-packages/autoware_auto_planning_msgs/msg/_path.py
[1.376s] -- Up-to-date symlink: /home/zyme/ros_ws/Autoware_sim_test/install/autoware_auto_planning_msgs/local/lib/python3.10/dist-packages/autoware_auto_planning_msgs/msg/_path_point.py
[1.376s] -- Up-to-date symlink: /home/zyme/ros_ws/Autoware_sim_test/install/autoware_auto_planning_msgs/local/lib/python3.10/dist-packages/autoware_auto_planning_msgs/msg/_path_point_s.c
[1.376s] -- Up-to-date symlink: /home/zyme/ros_ws/Autoware_sim_test/install/autoware_auto_planning_msgs/local/lib/python3.10/dist-packages/autoware_auto_planning_msgs/msg/_path_point_with_lane_id.py
[1.376s] -- Up-to-date symlink: /home/zyme/ros_ws/Autoware_sim_test/install/autoware_auto_planning_msgs/local/lib/python3.10/dist-packages/autoware_auto_planning_msgs/msg/_path_point_with_lane_id_s.c
[1.377s] -- Up-to-date symlink: /home/zyme/ros_ws/Autoware_sim_test/install/autoware_auto_planning_msgs/local/lib/python3.10/dist-packages/autoware_auto_planning_msgs/msg/_path_s.c
[1.377s] -- Up-to-date symlink: /home/zyme/ros_ws/Autoware_sim_test/install/autoware_auto_planning_msgs/local/lib/python3.10/dist-packages/autoware_auto_planning_msgs/msg/_path_with_lane_id.py
[1.377s] -- Up-to-date symlink: /home/zyme/ros_ws/Autoware_sim_test/install/autoware_auto_planning_msgs/local/lib/python3.10/dist-packages/autoware_auto_planning_msgs/msg/_path_with_lane_id_s.c
[1.377s] -- Up-to-date symlink: /home/zyme/ros_ws/Autoware_sim_test/install/autoware_auto_planning_msgs/local/lib/python3.10/dist-packages/autoware_auto_planning_msgs/msg/_route.py
[1.377s] -- Up-to-date symlink: /home/zyme/ros_ws/Autoware_sim_test/install/autoware_auto_planning_msgs/local/lib/python3.10/dist-packages/autoware_auto_planning_msgs/msg/_route_s.c
[1.377s] -- Up-to-date symlink: /home/zyme/ros_ws/Autoware_sim_test/install/autoware_auto_planning_msgs/local/lib/python3.10/dist-packages/autoware_auto_planning_msgs/msg/_trajectory.py
[1.378s] -- Up-to-date symlink: /home/zyme/ros_ws/Autoware_sim_test/install/autoware_auto_planning_msgs/local/lib/python3.10/dist-packages/autoware_auto_planning_msgs/msg/_trajectory_point.py
[1.378s] -- Up-to-date symlink: /home/zyme/ros_ws/Autoware_sim_test/install/autoware_auto_planning_msgs/local/lib/python3.10/dist-packages/autoware_auto_planning_msgs/msg/_trajectory_point_s.c
[1.378s] -- Up-to-date symlink: /home/zyme/ros_ws/Autoware_sim_test/install/autoware_auto_planning_msgs/local/lib/python3.10/dist-packages/autoware_auto_planning_msgs/msg/_trajectory_s.c
[1.378s] -- Up-to-date symlink: /home/zyme/ros_ws/Autoware_sim_test/install/autoware_auto_planning_msgs/local/lib/python3.10/dist-packages/autoware_auto_planning_msgs/srv/__init__.py
[1.378s] -- Up-to-date symlink: /home/zyme/ros_ws/Autoware_sim_test/install/autoware_auto_planning_msgs/local/lib/python3.10/dist-packages/autoware_auto_planning_msgs/srv/_modify_trajectory.py
[1.378s] -- Up-to-date symlink: /home/zyme/ros_ws/Autoware_sim_test/install/autoware_auto_planning_msgs/local/lib/python3.10/dist-packages/autoware_auto_planning_msgs/srv/_modify_trajectory_s.c
[1.379s] -- Up-to-date symlink: /home/zyme/ros_ws/Autoware_sim_test/install/autoware_auto_planning_msgs/local/lib/python3.10/dist-packages/autoware_auto_planning_msgs/autoware_auto_planning_msgs_s__rosidl_typesupport_fastrtps_c.cpython-310-x86_64-linux-gnu.so
[1.379s] -- Up-to-date symlink: /home/zyme/ros_ws/Autoware_sim_test/install/autoware_auto_planning_msgs/local/lib/python3.10/dist-packages/autoware_auto_planning_msgs/autoware_auto_planning_msgs_s__rosidl_typesupport_introspection_c.cpython-310-x86_64-linux-gnu.so
[1.379s] -- Up-to-date symlink: /home/zyme/ros_ws/Autoware_sim_test/install/autoware_auto_planning_msgs/local/lib/python3.10/dist-packages/autoware_auto_planning_msgs/autoware_auto_planning_msgs_s__rosidl_typesupport_c.cpython-310-x86_64-linux-gnu.so
[1.380s] -- Up-to-date symlink: /home/zyme/ros_ws/Autoware_sim_test/install/autoware_auto_planning_msgs/share/autoware_auto_planning_msgs/action/PlannerCostmap.idl
[1.380s] -- Up-to-date symlink: /home/zyme/ros_ws/Autoware_sim_test/install/autoware_auto_planning_msgs/share/autoware_auto_planning_msgs/action/PlanTrajectory.idl
[1.380s] -- Up-to-date symlink: /home/zyme/ros_ws/Autoware_sim_test/install/autoware_auto_planning_msgs/share/autoware_auto_planning_msgs/action/RecordTrajectory.idl
[1.380s] -- Up-to-date symlink: /home/zyme/ros_ws/Autoware_sim_test/install/autoware_auto_planning_msgs/share/autoware_auto_planning_msgs/action/ReplayTrajectory.idl
[1.381s] -- Up-to-date symlink: /home/zyme/ros_ws/Autoware_sim_test/install/autoware_auto_planning_msgs/share/autoware_auto_planning_msgs/msg/HADMapRoute.idl
[1.381s] -- Up-to-date symlink: /home/zyme/ros_ws/Autoware_sim_test/install/autoware_auto_planning_msgs/share/autoware_auto_planning_msgs/msg/OrderMovement.idl
[1.381s] -- Up-to-date symlink: /home/zyme/ros_ws/Autoware_sim_test/install/autoware_auto_planning_msgs/share/autoware_auto_planning_msgs/msg/Route.idl
[1.381s] -- Up-to-date symlink: /home/zyme/ros_ws/Autoware_sim_test/install/autoware_auto_planning_msgs/share/autoware_auto_planning_msgs/msg/Trajectory.idl
[1.381s] -- Up-to-date symlink: /home/zyme/ros_ws/Autoware_sim_test/install/autoware_auto_planning_msgs/share/autoware_auto_planning_msgs/msg/TrajectoryPoint.idl
[1.382s] -- Up-to-date symlink: /home/zyme/ros_ws/Autoware_sim_test/install/autoware_auto_planning_msgs/share/autoware_auto_planning_msgs/msg/Path.idl
[1.382s] -- Up-to-date symlink: /home/zyme/ros_ws/Autoware_sim_test/install/autoware_auto_planning_msgs/share/autoware_auto_planning_msgs/msg/PathPoint.idl
[1.382s] -- Up-to-date symlink: /home/zyme/ros_ws/Autoware_sim_test/install/autoware_auto_planning_msgs/share/autoware_auto_planning_msgs/msg/PathWithLaneId.idl
[1.382s] -- Up-to-date symlink: /home/zyme/ros_ws/Autoware_sim_test/install/autoware_auto_planning_msgs/share/autoware_auto_planning_msgs/msg/PathPointWithLaneId.idl
[1.383s] -- Up-to-date symlink: /home/zyme/ros_ws/Autoware_sim_test/install/autoware_auto_planning_msgs/share/autoware_auto_planning_msgs/srv/ModifyTrajectory.idl
[1.383s] -- Up-to-date symlink: /home/zyme/ros_ws/Autoware_sim_test/install/autoware_auto_planning_msgs/share/ament_index/resource_index/package_run_dependencies/autoware_auto_planning_msgs
[1.384s] -- Up-to-date symlink: /home/zyme/ros_ws/Autoware_sim_test/install/autoware_auto_planning_msgs/share/ament_index/resource_index/parent_prefix_path/autoware_auto_planning_msgs
[1.384s] -- Up-to-date symlink: /home/zyme/ros_ws/Autoware_sim_test/install/autoware_auto_planning_msgs/share/autoware_auto_planning_msgs/environment/ament_prefix_path.sh
[1.384s] -- Up-to-date symlink: /home/zyme/ros_ws/Autoware_sim_test/install/autoware_auto_planning_msgs/share/autoware_auto_planning_msgs/environment/ament_prefix_path.dsv
[1.384s] -- Up-to-date symlink: /home/zyme/ros_ws/Autoware_sim_test/install/autoware_auto_planning_msgs/share/autoware_auto_planning_msgs/environment/path.sh
[1.384s] -- Up-to-date symlink: /home/zyme/ros_ws/Autoware_sim_test/install/autoware_auto_planning_msgs/share/autoware_auto_planning_msgs/environment/path.dsv
[1.384s] -- Up-to-date symlink: /home/zyme/ros_ws/Autoware_sim_test/install/autoware_auto_planning_msgs/share/autoware_auto_planning_msgs/local_setup.bash
[1.385s] -- Up-to-date symlink: /home/zyme/ros_ws/Autoware_sim_test/install/autoware_auto_planning_msgs/share/autoware_auto_planning_msgs/local_setup.sh
[1.385s] -- Up-to-date symlink: /home/zyme/ros_ws/Autoware_sim_test/install/autoware_auto_planning_msgs/share/autoware_auto_planning_msgs/local_setup.zsh
[1.385s] -- Up-to-date symlink: /home/zyme/ros_ws/Autoware_sim_test/install/autoware_auto_planning_msgs/share/autoware_auto_planning_msgs/local_setup.dsv
[1.385s] -- Symlinking: /home/zyme/ros_ws/Autoware_sim_test/install/autoware_auto_planning_msgs/share/autoware_auto_planning_msgs/package.dsv
[1.394s] -- Up-to-date symlink: /home/zyme/ros_ws/Autoware_sim_test/install/autoware_auto_planning_msgs/share/ament_index/resource_index/packages/autoware_auto_planning_msgs
[1.394s] -- Up-to-date symlink: /home/zyme/ros_ws/Autoware_sim_test/install/autoware_auto_planning_msgs/share/autoware_auto_planning_msgs/cmake/rosidl_cmake-extras.cmake
[1.394s] -- Up-to-date symlink: /home/zyme/ros_ws/Autoware_sim_test/install/autoware_auto_planning_msgs/share/autoware_auto_planning_msgs/cmake/ament_cmake_export_dependencies-extras.cmake
[1.394s] -- Up-to-date symlink: /home/zyme/ros_ws/Autoware_sim_test/install/autoware_auto_planning_msgs/share/autoware_auto_planning_msgs/cmake/ament_cmake_export_include_directories-extras.cmake
[1.395s] -- Up-to-date symlink: /home/zyme/ros_ws/Autoware_sim_test/install/autoware_auto_planning_msgs/share/autoware_auto_planning_msgs/cmake/ament_cmake_export_libraries-extras.cmake
[1.395s] -- Up-to-date symlink: /home/zyme/ros_ws/Autoware_sim_test/install/autoware_auto_planning_msgs/share/autoware_auto_planning_msgs/cmake/ament_cmake_export_targets-extras.cmake
[1.395s] -- Up-to-date symlink: /home/zyme/ros_ws/Autoware_sim_test/install/autoware_auto_planning_msgs/share/autoware_auto_planning_msgs/cmake/rosidl_cmake_export_typesupport_targets-extras.cmake
[1.395s] -- Up-to-date symlink: /home/zyme/ros_ws/Autoware_sim_test/install/autoware_auto_planning_msgs/share/autoware_auto_planning_msgs/cmake/rosidl_cmake_export_typesupport_libraries-extras.cmake
[1.395s] -- Up-to-date symlink: /home/zyme/ros_ws/Autoware_sim_test/install/autoware_auto_planning_msgs/share/autoware_auto_planning_msgs/cmake/autoware_auto_planning_msgsConfig.cmake
[1.395s] -- Up-to-date symlink: /home/zyme/ros_ws/Autoware_sim_test/install/autoware_auto_planning_msgs/share/autoware_auto_planning_msgs/cmake/autoware_auto_planning_msgsConfig-version.cmake
[1.396s] -- Up-to-date symlink: /home/zyme/ros_ws/Autoware_sim_test/install/autoware_auto_planning_msgs/share/autoware_auto_planning_msgs/package.xml
[1.397s] -- Up-to-date: /home/zyme/ros_ws/Autoware_sim_test/install/autoware_auto_planning_msgs/lib/libautoware_auto_planning_msgs__rosidl_generator_c.so
[1.397s] -- Up-to-date: /home/zyme/ros_ws/Autoware_sim_test/install/autoware_auto_planning_msgs/lib/libautoware_auto_planning_msgs__rosidl_typesupport_fastrtps_c.so
[1.398s] -- Up-to-date: /home/zyme/ros_ws/Autoware_sim_test/install/autoware_auto_planning_msgs/lib/libautoware_auto_planning_msgs__rosidl_typesupport_introspection_c.so
[1.399s] -- Up-to-date: /home/zyme/ros_ws/Autoware_sim_test/install/autoware_auto_planning_msgs/lib/libautoware_auto_planning_msgs__rosidl_typesupport_c.so
[1.400s] -- Up-to-date: /home/zyme/ros_ws/Autoware_sim_test/install/autoware_auto_planning_msgs/lib/libautoware_auto_planning_msgs__rosidl_typesupport_fastrtps_cpp.so
[1.401s] -- Up-to-date: /home/zyme/ros_ws/Autoware_sim_test/install/autoware_auto_planning_msgs/lib/libautoware_auto_planning_msgs__rosidl_typesupport_introspection_cpp.so
[1.402s] -- Up-to-date: /home/zyme/ros_ws/Autoware_sim_test/install/autoware_auto_planning_msgs/lib/libautoware_auto_planning_msgs__rosidl_typesupport_cpp.so
[1.433s] Listing '/home/zyme/ros_ws/Autoware_sim_test/install/autoware_auto_planning_msgs/local/lib/python3.10/dist-packages/autoware_auto_planning_msgs'...
[1.433s] Listing '/home/zyme/ros_ws/Autoware_sim_test/install/autoware_auto_planning_msgs/local/lib/python3.10/dist-packages/autoware_auto_planning_msgs/action'...
[1.433s] Listing '/home/zyme/ros_ws/Autoware_sim_test/install/autoware_auto_planning_msgs/local/lib/python3.10/dist-packages/autoware_auto_planning_msgs/msg'...
[1.433s] Listing '/home/zyme/ros_ws/Autoware_sim_test/install/autoware_auto_planning_msgs/local/lib/python3.10/dist-packages/autoware_auto_planning_msgs/srv'...
[1.437s] -- Up-to-date: /home/zyme/ros_ws/Autoware_sim_test/install/autoware_auto_planning_msgs/lib/libautoware_auto_planning_msgs__rosidl_generator_py.so
[1.437s] -- Up-to-date: /home/zyme/ros_ws/Autoware_sim_test/install/autoware_auto_planning_msgs/share/autoware_auto_planning_msgs/cmake/export_autoware_auto_planning_msgs__rosidl_generator_cExport.cmake
[1.438s] -- Up-to-date: /home/zyme/ros_ws/Autoware_sim_test/install/autoware_auto_planning_msgs/share/autoware_auto_planning_msgs/cmake/export_autoware_auto_planning_msgs__rosidl_generator_cExport-release.cmake
[1.438s] -- Up-to-date: /home/zyme/ros_ws/Autoware_sim_test/install/autoware_auto_planning_msgs/share/autoware_auto_planning_msgs/cmake/export_autoware_auto_planning_msgs__rosidl_typesupport_fastrtps_cExport.cmake
[1.438s] -- Up-to-date: /home/zyme/ros_ws/Autoware_sim_test/install/autoware_auto_planning_msgs/share/autoware_auto_planning_msgs/cmake/export_autoware_auto_planning_msgs__rosidl_typesupport_fastrtps_cExport-release.cmake
[1.438s] -- Up-to-date: /home/zyme/ros_ws/Autoware_sim_test/install/autoware_auto_planning_msgs/share/autoware_auto_planning_msgs/cmake/autoware_auto_planning_msgs__rosidl_typesupport_introspection_cExport.cmake
[1.438s] -- Up-to-date: /home/zyme/ros_ws/Autoware_sim_test/install/autoware_auto_planning_msgs/share/autoware_auto_planning_msgs/cmake/autoware_auto_planning_msgs__rosidl_typesupport_introspection_cExport-release.cmake
[1.438s] -- Up-to-date: /home/zyme/ros_ws/Autoware_sim_test/install/autoware_auto_planning_msgs/share/autoware_auto_planning_msgs/cmake/autoware_auto_planning_msgs__rosidl_typesupport_cExport.cmake
[1.438s] -- Up-to-date: /home/zyme/ros_ws/Autoware_sim_test/install/autoware_auto_planning_msgs/share/autoware_auto_planning_msgs/cmake/autoware_auto_planning_msgs__rosidl_typesupport_cExport-release.cmake
[1.439s] -- Up-to-date: /home/zyme/ros_ws/Autoware_sim_test/install/autoware_auto_planning_msgs/share/autoware_auto_planning_msgs/cmake/export_autoware_auto_planning_msgs__rosidl_generator_cppExport.cmake
[1.439s] -- Up-to-date: /home/zyme/ros_ws/Autoware_sim_test/install/autoware_auto_planning_msgs/share/autoware_auto_planning_msgs/cmake/export_autoware_auto_planning_msgs__rosidl_typesupport_fastrtps_cppExport.cmake
[1.439s] -- Up-to-date: /home/zyme/ros_ws/Autoware_sim_test/install/autoware_auto_planning_msgs/share/autoware_auto_planning_msgs/cmake/export_autoware_auto_planning_msgs__rosidl_typesupport_fastrtps_cppExport-release.cmake
[1.439s] -- Up-to-date: /home/zyme/ros_ws/Autoware_sim_test/install/autoware_auto_planning_msgs/share/autoware_auto_planning_msgs/cmake/autoware_auto_planning_msgs__rosidl_typesupport_introspection_cppExport.cmake
[1.439s] -- Up-to-date: /home/zyme/ros_ws/Autoware_sim_test/install/autoware_auto_planning_msgs/share/autoware_auto_planning_msgs/cmake/autoware_auto_planning_msgs__rosidl_typesupport_introspection_cppExport-release.cmake
[1.439s] -- Up-to-date: /home/zyme/ros_ws/Autoware_sim_test/install/autoware_auto_planning_msgs/share/autoware_auto_planning_msgs/cmake/autoware_auto_planning_msgs__rosidl_typesupport_cppExport.cmake
[1.439s] -- Up-to-date: /home/zyme/ros_ws/Autoware_sim_test/install/autoware_auto_planning_msgs/share/autoware_auto_planning_msgs/cmake/autoware_auto_planning_msgs__rosidl_typesupport_cppExport-release.cmake
[1.440s] -- Up-to-date: /home/zyme/ros_ws/Autoware_sim_test/install/autoware_auto_planning_msgs/share/autoware_auto_planning_msgs/cmake/export_autoware_auto_planning_msgs__rosidl_generator_pyExport.cmake
[1.440s] -- Up-to-date: /home/zyme/ros_ws/Autoware_sim_test/install/autoware_auto_planning_msgs/share/autoware_auto_planning_msgs/cmake/export_autoware_auto_planning_msgs__rosidl_generator_pyExport-release.cmake
[1.442s] Invoked command in '/home/zyme/ros_ws/Autoware_sim_test/build/autoware_auto_planning_msgs' returned '0': AMENT_PREFIX_PATH=/home/zyme/ros_ws/Autoware_sim_test/install/autoware_auto_mapping_msgs:/home/zyme/ros_ws/Autoware_sim_test/install/autoware_auto_geometry_msgs:${AMENT_PREFIX_PATH} CMAKE_PREFIX_PATH=/home/zyme/ros_ws/Autoware_sim_test/install/autoware_auto_mapping_msgs:/home/zyme/ros_ws/Autoware_sim_test/install/autoware_auto_geometry_msgs:/opt/ros/humble LD_LIBRARY_PATH=/home/zyme/ros_ws/Autoware_sim_test/install/autoware_auto_mapping_msgs/lib:/home/zyme/ros_ws/Autoware_sim_test/install/autoware_auto_geometry_msgs/lib:${LD_LIBRARY_PATH} PYTHONPATH=/home/zyme/ros_ws/Autoware_sim_test/install/autoware_auto_mapping_msgs/local/lib/python3.10/dist-packages:/home/zyme/ros_ws/Autoware_sim_test/install/autoware_auto_geometry_msgs/local/lib/python3.10/dist-packages:${PYTHONPATH} /usr/bin/cmake --install /home/zyme/ros_ws/Autoware_sim_test/build/autoware_auto_planning_msgs
