[0.071s] Invoking command in '/home/zyme/ros_ws/Autoware_sim_test/build/nebula_decoders': AMENT_PREFIX_PATH=/home/zyme/ros_ws/Autoware_sim_test/install/robosense_msgs:/home/zyme/ros_ws/Autoware_sim_test/install/pandar_msgs:/home/zyme/ros_ws/Autoware_sim_test/install/nebula_common:${AMENT_PREFIX_PATH} CMAKE_PREFIX_PATH=/home/zyme/ros_ws/Autoware_sim_test/install/robosense_msgs:/home/zyme/ros_ws/Autoware_sim_test/install/pandar_msgs:/home/zyme/ros_ws/Autoware_sim_test/install/nebula_common:/opt/ros/humble LD_LIBRARY_PATH=/home/zyme/ros_ws/Autoware_sim_test/install/robosense_msgs/lib:/home/zyme/ros_ws/Autoware_sim_test/install/pandar_msgs/lib:/home/zyme/ros_ws/Autoware_sim_test/install/nebula_common/lib:${LD_LIBRARY_PATH} PYTHONPATH=/home/zyme/ros_ws/Autoware_sim_test/install/robosense_msgs/local/lib/python3.10/dist-packages:/home/zyme/ros_ws/Autoware_sim_test/install/pandar_msgs/local/lib/python3.10/dist-packages:${PYTHONPATH} /usr/bin/cmake /home/zyme/ros_ws/Autoware_sim_test/src/autoware/src/sensor_component/external/nebula/nebula_decoders -DCMAKE_BUILD_TYPE=Release -DCMAKE_CXX_FLAGS=-w -DAMENT_CMAKE_SYMLINK_INSTALL=1 -DCMAKE_INSTALL_PREFIX=/home/zyme/ros_ws/Autoware_sim_test/install/nebula_decoders
[0.083s] -- Found ament_cmake_auto: 1.3.8 (/opt/ros/humble/share/ament_cmake_auto/cmake)
[0.192s] -- Override CMake install command with custom implementation using symlinks instead of copying resources
[0.201s] -- Found velodyne_msgs: 2.4.0 (/opt/ros/humble/share/velodyne_msgs/cmake)
[0.225s] -- Found rosidl_generator_c: 3.1.5 (/opt/ros/humble/share/rosidl_generator_c/cmake)
[0.228s] -- Found rosidl_adapter: 3.1.5 (/opt/ros/humble/share/rosidl_adapter/cmake)
[0.233s] -- Found rosidl_generator_cpp: 3.1.5 (/opt/ros/humble/share/rosidl_generator_cpp/cmake)
[0.244s] -- Using all available rosidl_typesupport_c: rosidl_typesupport_fastrtps_c;rosidl_typesupport_introspection_c
[0.260s] -- Using all available rosidl_typesupport_cpp: rosidl_typesupport_fastrtps_cpp;rosidl_typesupport_introspection_cpp
[0.489s] -- Found rmw_implementation_cmake: 6.1.1 (/opt/ros/humble/share/rmw_implementation_cmake/cmake)
[0.490s] -- Found rmw_cyclonedds_cpp: 1.3.4 (/opt/ros/humble/share/rmw_cyclonedds_cpp/cmake)
[0.518s] -- Using RMW implementation 'rmw_cyclonedds_cpp' as default
[1.153s] -- Eigen found (include: /usr/include/eigen3, version: 3.4.0)
[1.185s] -- FLANN found (include: /usr/include, lib: /usr/lib/x86_64-linux-gnu/libflann_cpp.so)
[1.468s] -- OpenNI found (version: 1.5.4.0, include: /usr/include/ni, lib: /usr/lib/libOpenNI.so;libusb::libusb)
[1.473s] -- OpenNI2 found (version: 2.2.0.33, include: /usr/include/openni2, lib: /usr/lib/x86_64-linux-gnu/libOpenNI2.so;libusb::libusb)
[1.474s] [0m** WARNING ** io features related to pcap will be disabled[0m
[1.623s] -- Eigen found (include: /usr/include/eigen3, version: 3.4.0)
[1.629s] -- OpenNI found (version: 1.5.4.0, include: /usr/include/ni, lib: /usr/lib/libOpenNI.so;libusb::libusb)
[1.635s] -- OpenNI2 found (version: 2.2.0.33, include: /usr/include/openni2, lib: /usr/lib/x86_64-linux-gnu/libOpenNI2.so;libusb::libusb)
[1.771s] -- Found Qhull version 8.0.2
[1.914s] -- OpenNI found (version: 1.5.4.0, include: /usr/include/ni, lib: /usr/lib/libOpenNI.so;libusb::libusb)
[2.049s] -- looking for PCL_COMMON
[2.050s] -- looking for PCL_KDTREE
[2.050s] -- looking for PCL_OCTREE
[2.051s] -- looking for PCL_SEARCH
[2.051s] -- looking for PCL_SAMPLE_CONSENSUS
[2.051s] -- looking for PCL_FILTERS
[2.052s] -- looking for PCL_2D
[2.052s] -- looking for PCL_GEOMETRY
[2.053s] -- looking for PCL_IO
[2.053s] -- looking for PCL_FEATURES
[2.054s] -- looking for PCL_ML
[2.054s] -- looking for PCL_SEGMENTATION
[2.055s] -- looking for PCL_VISUALIZATION
[2.056s] -- looking for PCL_SURFACE
[2.056s] -- looking for PCL_REGISTRATION
[2.057s] -- looking for PCL_KEYPOINTS
[2.058s] -- looking for PCL_TRACKING
[2.058s] -- looking for PCL_RECOGNITION
[2.058s] -- looking for PCL_STEREO
[2.059s] -- looking for PCL_APPS
[2.059s] -- looking for PCL_IN_HAND_SCANNER
[2.060s] -- looking for PCL_MODELER
[2.060s] -- looking for PCL_POINT_CLOUD_EDITOR
[2.060s] -- looking for PCL_OUTOFCORE
[2.061s] -- looking for PCL_PEOPLE
[2.851s] -- Found ament_lint_auto: 0.12.10 (/opt/ros/humble/share/ament_lint_auto/cmake)
[2.862s] -- Configuring done
[2.985s] -- Generating done
[2.988s] -- Build files have been written to: /home/zyme/ros_ws/Autoware_sim_test/build/nebula_decoders
[3.004s] Invoked command in '/home/zyme/ros_ws/Autoware_sim_test/build/nebula_decoders' returned '0': AMENT_PREFIX_PATH=/home/zyme/ros_ws/Autoware_sim_test/install/robosense_msgs:/home/zyme/ros_ws/Autoware_sim_test/install/pandar_msgs:/home/zyme/ros_ws/Autoware_sim_test/install/nebula_common:${AMENT_PREFIX_PATH} CMAKE_PREFIX_PATH=/home/zyme/ros_ws/Autoware_sim_test/install/robosense_msgs:/home/zyme/ros_ws/Autoware_sim_test/install/pandar_msgs:/home/zyme/ros_ws/Autoware_sim_test/install/nebula_common:/opt/ros/humble LD_LIBRARY_PATH=/home/zyme/ros_ws/Autoware_sim_test/install/robosense_msgs/lib:/home/zyme/ros_ws/Autoware_sim_test/install/pandar_msgs/lib:/home/zyme/ros_ws/Autoware_sim_test/install/nebula_common/lib:${LD_LIBRARY_PATH} PYTHONPATH=/home/zyme/ros_ws/Autoware_sim_test/install/robosense_msgs/local/lib/python3.10/dist-packages:/home/zyme/ros_ws/Autoware_sim_test/install/pandar_msgs/local/lib/python3.10/dist-packages:${PYTHONPATH} /usr/bin/cmake /home/zyme/ros_ws/Autoware_sim_test/src/autoware/src/sensor_component/external/nebula/nebula_decoders -DCMAKE_BUILD_TYPE=Release -DCMAKE_CXX_FLAGS=-w -DAMENT_CMAKE_SYMLINK_INSTALL=1 -DCMAKE_INSTALL_PREFIX=/home/zyme/ros_ws/Autoware_sim_test/install/nebula_decoders
[3.004s] Invoking command in '/home/zyme/ros_ws/Autoware_sim_test/build/nebula_decoders': AMENT_PREFIX_PATH=/home/zyme/ros_ws/Autoware_sim_test/install/robosense_msgs:/home/zyme/ros_ws/Autoware_sim_test/install/pandar_msgs:/home/zyme/ros_ws/Autoware_sim_test/install/nebula_common:${AMENT_PREFIX_PATH} CMAKE_PREFIX_PATH=/home/zyme/ros_ws/Autoware_sim_test/install/robosense_msgs:/home/zyme/ros_ws/Autoware_sim_test/install/pandar_msgs:/home/zyme/ros_ws/Autoware_sim_test/install/nebula_common:/opt/ros/humble LD_LIBRARY_PATH=/home/zyme/ros_ws/Autoware_sim_test/install/robosense_msgs/lib:/home/zyme/ros_ws/Autoware_sim_test/install/pandar_msgs/lib:/home/zyme/ros_ws/Autoware_sim_test/install/nebula_common/lib:${LD_LIBRARY_PATH} PYTHONPATH=/home/zyme/ros_ws/Autoware_sim_test/install/robosense_msgs/local/lib/python3.10/dist-packages:/home/zyme/ros_ws/Autoware_sim_test/install/pandar_msgs/local/lib/python3.10/dist-packages:${PYTHONPATH} /usr/bin/cmake --build /home/zyme/ros_ws/Autoware_sim_test/build/nebula_decoders -- -j12 -l12
[3.047s] [35m[1mConsolidate compiler generated dependencies of target nebula_decoders_hesai[0m
[3.076s] [ 18%] Built target nebula_decoders_hesai
[3.093s] [35m[1mConsolidate compiler generated dependencies of target nebula_decoders_velodyne[0m
[3.135s] [ 63%] Built target nebula_decoders_velodyne
[3.147s] [35m[1mConsolidate compiler generated dependencies of target nebula_decoders_robosense[0m
[3.174s] [ 81%] Built target nebula_decoders_robosense
[3.186s] [35m[1mConsolidate compiler generated dependencies of target nebula_decoders_robosense_info[0m
[3.215s] [100%] Built target nebula_decoders_robosense_info
[3.226s] Invoked command in '/home/zyme/ros_ws/Autoware_sim_test/build/nebula_decoders' returned '0': AMENT_PREFIX_PATH=/home/zyme/ros_ws/Autoware_sim_test/install/robosense_msgs:/home/zyme/ros_ws/Autoware_sim_test/install/pandar_msgs:/home/zyme/ros_ws/Autoware_sim_test/install/nebula_common:${AMENT_PREFIX_PATH} CMAKE_PREFIX_PATH=/home/zyme/ros_ws/Autoware_sim_test/install/robosense_msgs:/home/zyme/ros_ws/Autoware_sim_test/install/pandar_msgs:/home/zyme/ros_ws/Autoware_sim_test/install/nebula_common:/opt/ros/humble LD_LIBRARY_PATH=/home/zyme/ros_ws/Autoware_sim_test/install/robosense_msgs/lib:/home/zyme/ros_ws/Autoware_sim_test/install/pandar_msgs/lib:/home/zyme/ros_ws/Autoware_sim_test/install/nebula_common/lib:${LD_LIBRARY_PATH} PYTHONPATH=/home/zyme/ros_ws/Autoware_sim_test/install/robosense_msgs/local/lib/python3.10/dist-packages:/home/zyme/ros_ws/Autoware_sim_test/install/pandar_msgs/local/lib/python3.10/dist-packages:${PYTHONPATH} /usr/bin/cmake --build /home/zyme/ros_ws/Autoware_sim_test/build/nebula_decoders -- -j12 -l12
[3.271s] Invoking command in '/home/zyme/ros_ws/Autoware_sim_test/build/nebula_decoders': AMENT_PREFIX_PATH=/home/zyme/ros_ws/Autoware_sim_test/install/robosense_msgs:/home/zyme/ros_ws/Autoware_sim_test/install/pandar_msgs:/home/zyme/ros_ws/Autoware_sim_test/install/nebula_common:${AMENT_PREFIX_PATH} CMAKE_PREFIX_PATH=/home/zyme/ros_ws/Autoware_sim_test/install/robosense_msgs:/home/zyme/ros_ws/Autoware_sim_test/install/pandar_msgs:/home/zyme/ros_ws/Autoware_sim_test/install/nebula_common:/opt/ros/humble LD_LIBRARY_PATH=/home/zyme/ros_ws/Autoware_sim_test/install/robosense_msgs/lib:/home/zyme/ros_ws/Autoware_sim_test/install/pandar_msgs/lib:/home/zyme/ros_ws/Autoware_sim_test/install/nebula_common/lib:${LD_LIBRARY_PATH} PYTHONPATH=/home/zyme/ros_ws/Autoware_sim_test/install/robosense_msgs/local/lib/python3.10/dist-packages:/home/zyme/ros_ws/Autoware_sim_test/install/pandar_msgs/local/lib/python3.10/dist-packages:${PYTHONPATH} /usr/bin/cmake --install /home/zyme/ros_ws/Autoware_sim_test/build/nebula_decoders
[3.279s] -- Install configuration: "Release"
[3.280s] -- Execute custom install script
[3.281s] -- Up-to-date symlink: /home/zyme/ros_ws/Autoware_sim_test/install/nebula_decoders/include/nebula_decoders/nebula_decoders_common/nebula_driver_base.hpp
[3.281s] -- Up-to-date symlink: /home/zyme/ros_ws/Autoware_sim_test/install/nebula_decoders/include/nebula_decoders/nebula_decoders_hesai/decoders/angle_corrector.hpp
[3.281s] -- Up-to-date symlink: /home/zyme/ros_ws/Autoware_sim_test/install/nebula_decoders/include/nebula_decoders/nebula_decoders_hesai/decoders/angle_corrector_calibration_based.hpp
[3.281s] -- Up-to-date symlink: /home/zyme/ros_ws/Autoware_sim_test/install/nebula_decoders/include/nebula_decoders/nebula_decoders_hesai/decoders/angle_corrector_correction_based.hpp
[3.281s] -- Up-to-date symlink: /home/zyme/ros_ws/Autoware_sim_test/install/nebula_decoders/include/nebula_decoders/nebula_decoders_hesai/decoders/hesai_decoder.hpp
[3.281s] -- Up-to-date symlink: /home/zyme/ros_ws/Autoware_sim_test/install/nebula_decoders/include/nebula_decoders/nebula_decoders_hesai/decoders/hesai_packet.hpp
[3.281s] -- Up-to-date symlink: /home/zyme/ros_ws/Autoware_sim_test/install/nebula_decoders/include/nebula_decoders/nebula_decoders_hesai/decoders/hesai_scan_decoder.hpp
[3.282s] -- Up-to-date symlink: /home/zyme/ros_ws/Autoware_sim_test/install/nebula_decoders/include/nebula_decoders/nebula_decoders_hesai/decoders/hesai_sensor.hpp
[3.282s] -- Up-to-date symlink: /home/zyme/ros_ws/Autoware_sim_test/install/nebula_decoders/include/nebula_decoders/nebula_decoders_hesai/decoders/pandar_128e3x.hpp
[3.282s] -- Up-to-date symlink: /home/zyme/ros_ws/Autoware_sim_test/install/nebula_decoders/include/nebula_decoders/nebula_decoders_hesai/decoders/pandar_128e4x.hpp
[3.282s] -- Up-to-date symlink: /home/zyme/ros_ws/Autoware_sim_test/install/nebula_decoders/include/nebula_decoders/nebula_decoders_hesai/decoders/pandar_40.hpp
[3.282s] -- Up-to-date symlink: /home/zyme/ros_ws/Autoware_sim_test/install/nebula_decoders/include/nebula_decoders/nebula_decoders_hesai/decoders/pandar_64.hpp
[3.282s] -- Up-to-date symlink: /home/zyme/ros_ws/Autoware_sim_test/install/nebula_decoders/include/nebula_decoders/nebula_decoders_hesai/decoders/pandar_at128.hpp
[3.282s] -- Up-to-date symlink: /home/zyme/ros_ws/Autoware_sim_test/install/nebula_decoders/include/nebula_decoders/nebula_decoders_hesai/decoders/pandar_qt128.hpp
[3.282s] -- Up-to-date symlink: /home/zyme/ros_ws/Autoware_sim_test/install/nebula_decoders/include/nebula_decoders/nebula_decoders_hesai/decoders/pandar_qt64.hpp
[3.283s] -- Up-to-date symlink: /home/zyme/ros_ws/Autoware_sim_test/install/nebula_decoders/include/nebula_decoders/nebula_decoders_hesai/decoders/pandar_xt32.hpp
[3.283s] -- Up-to-date symlink: /home/zyme/ros_ws/Autoware_sim_test/install/nebula_decoders/include/nebula_decoders/nebula_decoders_hesai/decoders/pandar_xt32m.hpp
[3.283s] -- Up-to-date symlink: /home/zyme/ros_ws/Autoware_sim_test/install/nebula_decoders/include/nebula_decoders/nebula_decoders_hesai/hesai_driver.hpp
[3.283s] -- Up-to-date symlink: /home/zyme/ros_ws/Autoware_sim_test/install/nebula_decoders/include/nebula_decoders/nebula_decoders_robosense/decoders/angle_corrector.hpp
[3.283s] -- Up-to-date symlink: /home/zyme/ros_ws/Autoware_sim_test/install/nebula_decoders/include/nebula_decoders/nebula_decoders_robosense/decoders/angle_corrector_calibration_based.hpp
[3.283s] -- Up-to-date symlink: /home/zyme/ros_ws/Autoware_sim_test/install/nebula_decoders/include/nebula_decoders/nebula_decoders_robosense/decoders/bpearl_v3.hpp
[3.283s] -- Up-to-date symlink: /home/zyme/ros_ws/Autoware_sim_test/install/nebula_decoders/include/nebula_decoders/nebula_decoders_robosense/decoders/bpearl_v4.hpp
[3.283s] -- Up-to-date symlink: /home/zyme/ros_ws/Autoware_sim_test/install/nebula_decoders/include/nebula_decoders/nebula_decoders_robosense/decoders/helios.hpp
[3.284s] -- Up-to-date symlink: /home/zyme/ros_ws/Autoware_sim_test/install/nebula_decoders/include/nebula_decoders/nebula_decoders_robosense/decoders/robosense_decoder.hpp
[3.284s] -- Up-to-date symlink: /home/zyme/ros_ws/Autoware_sim_test/install/nebula_decoders/include/nebula_decoders/nebula_decoders_robosense/decoders/robosense_info_decoder.hpp
[3.284s] -- Up-to-date symlink: /home/zyme/ros_ws/Autoware_sim_test/install/nebula_decoders/include/nebula_decoders/nebula_decoders_robosense/decoders/robosense_info_decoder_base.hpp
[3.284s] -- Up-to-date symlink: /home/zyme/ros_ws/Autoware_sim_test/install/nebula_decoders/include/nebula_decoders/nebula_decoders_robosense/decoders/robosense_packet.hpp
[3.284s] -- Up-to-date symlink: /home/zyme/ros_ws/Autoware_sim_test/install/nebula_decoders/include/nebula_decoders/nebula_decoders_robosense/decoders/robosense_scan_decoder.hpp
[3.284s] -- Up-to-date symlink: /home/zyme/ros_ws/Autoware_sim_test/install/nebula_decoders/include/nebula_decoders/nebula_decoders_robosense/decoders/robosense_sensor.hpp
[3.284s] -- Up-to-date symlink: /home/zyme/ros_ws/Autoware_sim_test/install/nebula_decoders/include/nebula_decoders/nebula_decoders_robosense/robosense_driver.hpp
[3.285s] -- Up-to-date symlink: /home/zyme/ros_ws/Autoware_sim_test/install/nebula_decoders/include/nebula_decoders/nebula_decoders_robosense/robosense_info_driver.hpp
[3.285s] -- Up-to-date symlink: /home/zyme/ros_ws/Autoware_sim_test/install/nebula_decoders/include/nebula_decoders/nebula_decoders_velodyne/decoders/velodyne_scan_decoder.hpp
[3.285s] -- Up-to-date symlink: /home/zyme/ros_ws/Autoware_sim_test/install/nebula_decoders/include/nebula_decoders/nebula_decoders_velodyne/decoders/vlp16_decoder.hpp
[3.285s] -- Up-to-date symlink: /home/zyme/ros_ws/Autoware_sim_test/install/nebula_decoders/include/nebula_decoders/nebula_decoders_velodyne/decoders/vlp32_decoder.hpp
[3.285s] -- Up-to-date symlink: /home/zyme/ros_ws/Autoware_sim_test/install/nebula_decoders/include/nebula_decoders/nebula_decoders_velodyne/decoders/vls128_decoder.hpp
[3.285s] -- Up-to-date symlink: /home/zyme/ros_ws/Autoware_sim_test/install/nebula_decoders/include/nebula_decoders/nebula_decoders_velodyne/velodyne_driver.hpp
[3.285s] -- Up-to-date symlink: /home/zyme/ros_ws/Autoware_sim_test/install/nebula_decoders/share/nebula_decoders/environment/library_path.sh
[3.286s] -- Up-to-date symlink: /home/zyme/ros_ws/Autoware_sim_test/install/nebula_decoders/share/nebula_decoders/environment/library_path.dsv
[3.286s] -- Up-to-date symlink: /home/zyme/ros_ws/Autoware_sim_test/install/nebula_decoders/lib/libnebula_decoders_hesai.so
[3.286s] -- Up-to-date symlink: /home/zyme/ros_ws/Autoware_sim_test/install/nebula_decoders/lib/libnebula_decoders_velodyne.so
[3.286s] -- Up-to-date symlink: /home/zyme/ros_ws/Autoware_sim_test/install/nebula_decoders/lib/libnebula_decoders_robosense.so
[3.286s] -- Up-to-date symlink: /home/zyme/ros_ws/Autoware_sim_test/install/nebula_decoders/lib/libnebula_decoders_robosense_info.so
[3.287s] -- Up-to-date symlink: /home/zyme/ros_ws/Autoware_sim_test/install/nebula_decoders/share/nebula_decoders/calibration/hesai/Pandar128E4X.csv
[3.287s] -- Up-to-date symlink: /home/zyme/ros_ws/Autoware_sim_test/install/nebula_decoders/share/nebula_decoders/calibration/hesai/Pandar40P.csv
[3.287s] -- Up-to-date symlink: /home/zyme/ros_ws/Autoware_sim_test/install/nebula_decoders/share/nebula_decoders/calibration/hesai/Pandar64.csv
[3.287s] -- Up-to-date symlink: /home/zyme/ros_ws/Autoware_sim_test/install/nebula_decoders/share/nebula_decoders/calibration/hesai/PandarAT128.csv
[3.287s] -- Up-to-date symlink: /home/zyme/ros_ws/Autoware_sim_test/install/nebula_decoders/share/nebula_decoders/calibration/hesai/PandarAT128.dat
[3.287s] -- Up-to-date symlink: /home/zyme/ros_ws/Autoware_sim_test/install/nebula_decoders/share/nebula_decoders/calibration/hesai/PandarAT128.dat.2209
[3.288s] -- Up-to-date symlink: /home/zyme/ros_ws/Autoware_sim_test/install/nebula_decoders/share/nebula_decoders/calibration/hesai/PandarAT128.dat.2303
[3.288s] -- Up-to-date symlink: /home/zyme/ros_ws/Autoware_sim_test/install/nebula_decoders/share/nebula_decoders/calibration/hesai/PandarAT128.dat_or
[3.288s] -- Up-to-date symlink: /home/zyme/ros_ws/Autoware_sim_test/install/nebula_decoders/share/nebula_decoders/calibration/hesai/PandarQT128.csv
[3.288s] -- Up-to-date symlink: /home/zyme/ros_ws/Autoware_sim_test/install/nebula_decoders/share/nebula_decoders/calibration/hesai/PandarQT64.csv
[3.288s] -- Up-to-date symlink: /home/zyme/ros_ws/Autoware_sim_test/install/nebula_decoders/share/nebula_decoders/calibration/hesai/PandarXT32.csv
[3.288s] -- Up-to-date symlink: /home/zyme/ros_ws/Autoware_sim_test/install/nebula_decoders/share/nebula_decoders/calibration/hesai/PandarXT32M.csv
[3.288s] -- Up-to-date symlink: /home/zyme/ros_ws/Autoware_sim_test/install/nebula_decoders/share/nebula_decoders/calibration/velodyne/HDL32.yaml
[3.288s] -- Up-to-date symlink: /home/zyme/ros_ws/Autoware_sim_test/install/nebula_decoders/share/nebula_decoders/calibration/velodyne/HDL64e_s2.yaml
[3.289s] -- Up-to-date symlink: /home/zyme/ros_ws/Autoware_sim_test/install/nebula_decoders/share/nebula_decoders/calibration/velodyne/HDL64e_s3.yaml
[3.289s] -- Up-to-date symlink: /home/zyme/ros_ws/Autoware_sim_test/install/nebula_decoders/share/nebula_decoders/calibration/velodyne/HDL64e_utexas.yaml
[3.289s] -- Up-to-date symlink: /home/zyme/ros_ws/Autoware_sim_test/install/nebula_decoders/share/nebula_decoders/calibration/velodyne/VLP16.yaml
[3.289s] -- Up-to-date symlink: /home/zyme/ros_ws/Autoware_sim_test/install/nebula_decoders/share/nebula_decoders/calibration/velodyne/VLP16_hires.yaml
[3.289s] -- Up-to-date symlink: /home/zyme/ros_ws/Autoware_sim_test/install/nebula_decoders/share/nebula_decoders/calibration/velodyne/VLP32.yaml
[3.289s] -- Up-to-date symlink: /home/zyme/ros_ws/Autoware_sim_test/install/nebula_decoders/share/nebula_decoders/calibration/velodyne/VLP32MR.yaml
[3.289s] -- Up-to-date symlink: /home/zyme/ros_ws/Autoware_sim_test/install/nebula_decoders/share/nebula_decoders/calibration/velodyne/VLS128.yaml
[3.290s] -- Up-to-date symlink: /home/zyme/ros_ws/Autoware_sim_test/install/nebula_decoders/share/ament_index/resource_index/package_run_dependencies/nebula_decoders
[3.290s] -- Up-to-date symlink: /home/zyme/ros_ws/Autoware_sim_test/install/nebula_decoders/share/ament_index/resource_index/parent_prefix_path/nebula_decoders
[3.290s] -- Up-to-date symlink: /home/zyme/ros_ws/Autoware_sim_test/install/nebula_decoders/share/nebula_decoders/environment/ament_prefix_path.sh
[3.290s] -- Up-to-date symlink: /home/zyme/ros_ws/Autoware_sim_test/install/nebula_decoders/share/nebula_decoders/environment/ament_prefix_path.dsv
[3.290s] -- Up-to-date symlink: /home/zyme/ros_ws/Autoware_sim_test/install/nebula_decoders/share/nebula_decoders/environment/path.sh
[3.290s] -- Up-to-date symlink: /home/zyme/ros_ws/Autoware_sim_test/install/nebula_decoders/share/nebula_decoders/environment/path.dsv
[3.291s] -- Up-to-date symlink: /home/zyme/ros_ws/Autoware_sim_test/install/nebula_decoders/share/nebula_decoders/local_setup.bash
[3.291s] -- Up-to-date symlink: /home/zyme/ros_ws/Autoware_sim_test/install/nebula_decoders/share/nebula_decoders/local_setup.sh
[3.291s] -- Up-to-date symlink: /home/zyme/ros_ws/Autoware_sim_test/install/nebula_decoders/share/nebula_decoders/local_setup.zsh
[3.291s] -- Up-to-date symlink: /home/zyme/ros_ws/Autoware_sim_test/install/nebula_decoders/share/nebula_decoders/local_setup.dsv
[3.291s] -- Symlinking: /home/zyme/ros_ws/Autoware_sim_test/install/nebula_decoders/share/nebula_decoders/package.dsv
[3.300s] -- Up-to-date symlink: /home/zyme/ros_ws/Autoware_sim_test/install/nebula_decoders/share/ament_index/resource_index/packages/nebula_decoders
[3.301s] -- Up-to-date symlink: /home/zyme/ros_ws/Autoware_sim_test/install/nebula_decoders/share/nebula_decoders/cmake/ament_cmake_export_dependencies-extras.cmake
[3.301s] -- Up-to-date symlink: /home/zyme/ros_ws/Autoware_sim_test/install/nebula_decoders/share/nebula_decoders/cmake/ament_cmake_export_include_directories-extras.cmake
[3.301s] -- Up-to-date symlink: /home/zyme/ros_ws/Autoware_sim_test/install/nebula_decoders/share/nebula_decoders/cmake/ament_cmake_export_libraries-extras.cmake
[3.301s] -- Up-to-date symlink: /home/zyme/ros_ws/Autoware_sim_test/install/nebula_decoders/share/nebula_decoders/cmake/nebula_decodersConfig.cmake
[3.301s] -- Up-to-date symlink: /home/zyme/ros_ws/Autoware_sim_test/install/nebula_decoders/share/nebula_decoders/cmake/nebula_decodersConfig-version.cmake
[3.301s] -- Up-to-date symlink: /home/zyme/ros_ws/Autoware_sim_test/install/nebula_decoders/share/nebula_decoders/package.xml
[3.303s] Invoked command in '/home/zyme/ros_ws/Autoware_sim_test/build/nebula_decoders' returned '0': AMENT_PREFIX_PATH=/home/zyme/ros_ws/Autoware_sim_test/install/robosense_msgs:/home/zyme/ros_ws/Autoware_sim_test/install/pandar_msgs:/home/zyme/ros_ws/Autoware_sim_test/install/nebula_common:${AMENT_PREFIX_PATH} CMAKE_PREFIX_PATH=/home/zyme/ros_ws/Autoware_sim_test/install/robosense_msgs:/home/zyme/ros_ws/Autoware_sim_test/install/pandar_msgs:/home/zyme/ros_ws/Autoware_sim_test/install/nebula_common:/opt/ros/humble LD_LIBRARY_PATH=/home/zyme/ros_ws/Autoware_sim_test/install/robosense_msgs/lib:/home/zyme/ros_ws/Autoware_sim_test/install/pandar_msgs/lib:/home/zyme/ros_ws/Autoware_sim_test/install/nebula_common/lib:${LD_LIBRARY_PATH} PYTHONPATH=/home/zyme/ros_ws/Autoware_sim_test/install/robosense_msgs/local/lib/python3.10/dist-packages:/home/zyme/ros_ws/Autoware_sim_test/install/pandar_msgs/local/lib/python3.10/dist-packages:${PYTHONPATH} /usr/bin/cmake --install /home/zyme/ros_ws/Autoware_sim_test/build/nebula_decoders
