[0.065s] Invoking command in '/home/zyme/ros_ws/Autoware_sim_test/build/tier4_debug_msgs': CMAKE_PREFIX_PATH=/opt/ros/humble /usr/bin/cmake --build /home/zyme/ros_ws/Autoware_sim_test/build/tier4_debug_msgs -- -j12 -l12
[0.115s] [  0%] Built target tier4_debug_msgs__cpp
[0.121s] [ 12%] Built target tier4_debug_msgs__rosidl_generator_c
[0.124s] [ 12%] Built target ament_cmake_python_symlink_tier4_debug_msgs
[0.151s] [ 24%] Built target tier4_debug_msgs__rosidl_typesupport_cpp
[0.155s] [ 36%] Built target tier4_debug_msgs__rosidl_typesupport_introspection_cpp
[0.157s] [ 49%] Built target tier4_debug_msgs__rosidl_typesupport_introspection_c
[0.158s] [ 59%] Built target tier4_debug_msgs__rosidl_typesupport_fastrtps_cpp
[0.160s] [ 71%] Built target tier4_debug_msgs__rosidl_typesupport_c
[0.164s] [ 83%] Built target tier4_debug_msgs__rosidl_typesupport_fastrtps_c
[0.185s] [ 83%] Built target tier4_debug_msgs
[0.206s] [ 84%] Built target tier4_debug_msgs__py
[0.232s] [ 95%] Built target tier4_debug_msgs__rosidl_generator_py
[0.257s] [100%] Built target tier4_debug_msgs__rosidl_typesupport_fastrtps_c__pyext
[0.257s] [100%] Built target tier4_debug_msgs__rosidl_typesupport_introspection_c__pyext
[0.257s] [100%] Built target tier4_debug_msgs__rosidl_typesupport_c__pyext
[0.389s] running egg_info
[0.389s] writing tier4_debug_msgs.egg-info/PKG-INFO
[0.390s] writing dependency_links to tier4_debug_msgs.egg-info/dependency_links.txt
[0.390s] writing top-level names to tier4_debug_msgs.egg-info/top_level.txt
[0.392s] reading manifest file 'tier4_debug_msgs.egg-info/SOURCES.txt'
[0.392s] writing manifest file 'tier4_debug_msgs.egg-info/SOURCES.txt'
[0.415s] [100%] Built target ament_cmake_python_build_tier4_debug_msgs_egg
[0.427s] Invoked command in '/home/zyme/ros_ws/Autoware_sim_test/build/tier4_debug_msgs' returned '0': CMAKE_PREFIX_PATH=/opt/ros/humble /usr/bin/cmake --build /home/zyme/ros_ws/Autoware_sim_test/build/tier4_debug_msgs -- -j12 -l12
[1.144s] Invoking command in '/home/zyme/ros_ws/Autoware_sim_test/build/tier4_debug_msgs': CMAKE_PREFIX_PATH=/opt/ros/humble /usr/bin/cmake --install /home/zyme/ros_ws/Autoware_sim_test/build/tier4_debug_msgs
[1.167s] -- Install configuration: "Release"
[1.169s] -- Execute custom install script
[1.169s] -- Up-to-date symlink: /home/zyme/ros_ws/Autoware_sim_test/install/tier4_debug_msgs/share/ament_index/resource_index/rosidl_interfaces/tier4_debug_msgs
[1.171s] -- Up-to-date symlink: /home/zyme/ros_ws/Autoware_sim_test/install/tier4_debug_msgs/include/tier4_debug_msgs/tier4_debug_msgs/msg/bool_stamped.h
[1.171s] -- Up-to-date symlink: /home/zyme/ros_ws/Autoware_sim_test/install/tier4_debug_msgs/include/tier4_debug_msgs/tier4_debug_msgs/msg/detail/bool_stamped__functions.h
[1.171s] -- Up-to-date symlink: /home/zyme/ros_ws/Autoware_sim_test/install/tier4_debug_msgs/include/tier4_debug_msgs/tier4_debug_msgs/msg/detail/bool_stamped__struct.h
[1.172s] -- Up-to-date symlink: /home/zyme/ros_ws/Autoware_sim_test/install/tier4_debug_msgs/include/tier4_debug_msgs/tier4_debug_msgs/msg/detail/bool_stamped__type_support.h
[1.172s] -- Up-to-date symlink: /home/zyme/ros_ws/Autoware_sim_test/install/tier4_debug_msgs/include/tier4_debug_msgs/tier4_debug_msgs/msg/detail/float32_multi_array_stamped__functions.h
[1.172s] -- Up-to-date symlink: /home/zyme/ros_ws/Autoware_sim_test/install/tier4_debug_msgs/include/tier4_debug_msgs/tier4_debug_msgs/msg/detail/float32_multi_array_stamped__struct.h
[1.172s] -- Up-to-date symlink: /home/zyme/ros_ws/Autoware_sim_test/install/tier4_debug_msgs/include/tier4_debug_msgs/tier4_debug_msgs/msg/detail/float32_multi_array_stamped__type_support.h
[1.173s] -- Up-to-date symlink: /home/zyme/ros_ws/Autoware_sim_test/install/tier4_debug_msgs/include/tier4_debug_msgs/tier4_debug_msgs/msg/detail/float32_stamped__functions.h
[1.173s] -- Up-to-date symlink: /home/zyme/ros_ws/Autoware_sim_test/install/tier4_debug_msgs/include/tier4_debug_msgs/tier4_debug_msgs/msg/detail/float32_stamped__struct.h
[1.173s] -- Up-to-date symlink: /home/zyme/ros_ws/Autoware_sim_test/install/tier4_debug_msgs/include/tier4_debug_msgs/tier4_debug_msgs/msg/detail/float32_stamped__type_support.h
[1.173s] -- Up-to-date symlink: /home/zyme/ros_ws/Autoware_sim_test/install/tier4_debug_msgs/include/tier4_debug_msgs/tier4_debug_msgs/msg/detail/float64_multi_array_stamped__functions.h
[1.174s] -- Up-to-date symlink: /home/zyme/ros_ws/Autoware_sim_test/install/tier4_debug_msgs/include/tier4_debug_msgs/tier4_debug_msgs/msg/detail/float64_multi_array_stamped__struct.h
[1.174s] -- Up-to-date symlink: /home/zyme/ros_ws/Autoware_sim_test/install/tier4_debug_msgs/include/tier4_debug_msgs/tier4_debug_msgs/msg/detail/float64_multi_array_stamped__type_support.h
[1.174s] -- Up-to-date symlink: /home/zyme/ros_ws/Autoware_sim_test/install/tier4_debug_msgs/include/tier4_debug_msgs/tier4_debug_msgs/msg/detail/float64_stamped__functions.h
[1.174s] -- Up-to-date symlink: /home/zyme/ros_ws/Autoware_sim_test/install/tier4_debug_msgs/include/tier4_debug_msgs/tier4_debug_msgs/msg/detail/float64_stamped__struct.h
[1.175s] -- Up-to-date symlink: /home/zyme/ros_ws/Autoware_sim_test/install/tier4_debug_msgs/include/tier4_debug_msgs/tier4_debug_msgs/msg/detail/float64_stamped__type_support.h
[1.175s] -- Up-to-date symlink: /home/zyme/ros_ws/Autoware_sim_test/install/tier4_debug_msgs/include/tier4_debug_msgs/tier4_debug_msgs/msg/detail/int32_multi_array_stamped__functions.h
[1.175s] -- Up-to-date symlink: /home/zyme/ros_ws/Autoware_sim_test/install/tier4_debug_msgs/include/tier4_debug_msgs/tier4_debug_msgs/msg/detail/int32_multi_array_stamped__struct.h
[1.176s] -- Up-to-date symlink: /home/zyme/ros_ws/Autoware_sim_test/install/tier4_debug_msgs/include/tier4_debug_msgs/tier4_debug_msgs/msg/detail/int32_multi_array_stamped__type_support.h
[1.176s] -- Up-to-date symlink: /home/zyme/ros_ws/Autoware_sim_test/install/tier4_debug_msgs/include/tier4_debug_msgs/tier4_debug_msgs/msg/detail/int32_stamped__functions.h
[1.176s] -- Up-to-date symlink: /home/zyme/ros_ws/Autoware_sim_test/install/tier4_debug_msgs/include/tier4_debug_msgs/tier4_debug_msgs/msg/detail/int32_stamped__struct.h
[1.176s] -- Up-to-date symlink: /home/zyme/ros_ws/Autoware_sim_test/install/tier4_debug_msgs/include/tier4_debug_msgs/tier4_debug_msgs/msg/detail/int32_stamped__type_support.h
[1.176s] -- Up-to-date symlink: /home/zyme/ros_ws/Autoware_sim_test/install/tier4_debug_msgs/include/tier4_debug_msgs/tier4_debug_msgs/msg/detail/int64_multi_array_stamped__functions.h
[1.176s] -- Up-to-date symlink: /home/zyme/ros_ws/Autoware_sim_test/install/tier4_debug_msgs/include/tier4_debug_msgs/tier4_debug_msgs/msg/detail/int64_multi_array_stamped__struct.h
[1.177s] -- Up-to-date symlink: /home/zyme/ros_ws/Autoware_sim_test/install/tier4_debug_msgs/include/tier4_debug_msgs/tier4_debug_msgs/msg/detail/int64_multi_array_stamped__type_support.h
[1.177s] -- Up-to-date symlink: /home/zyme/ros_ws/Autoware_sim_test/install/tier4_debug_msgs/include/tier4_debug_msgs/tier4_debug_msgs/msg/detail/int64_stamped__functions.h
[1.177s] -- Up-to-date symlink: /home/zyme/ros_ws/Autoware_sim_test/install/tier4_debug_msgs/include/tier4_debug_msgs/tier4_debug_msgs/msg/detail/int64_stamped__struct.h
[1.177s] -- Up-to-date symlink: /home/zyme/ros_ws/Autoware_sim_test/install/tier4_debug_msgs/include/tier4_debug_msgs/tier4_debug_msgs/msg/detail/int64_stamped__type_support.h
[1.177s] -- Up-to-date symlink: /home/zyme/ros_ws/Autoware_sim_test/install/tier4_debug_msgs/include/tier4_debug_msgs/tier4_debug_msgs/msg/detail/multi_array_dimension__functions.h
[1.177s] -- Up-to-date symlink: /home/zyme/ros_ws/Autoware_sim_test/install/tier4_debug_msgs/include/tier4_debug_msgs/tier4_debug_msgs/msg/detail/multi_array_dimension__struct.h
[1.178s] -- Up-to-date symlink: /home/zyme/ros_ws/Autoware_sim_test/install/tier4_debug_msgs/include/tier4_debug_msgs/tier4_debug_msgs/msg/detail/multi_array_dimension__type_support.h
[1.178s] -- Up-to-date symlink: /home/zyme/ros_ws/Autoware_sim_test/install/tier4_debug_msgs/include/tier4_debug_msgs/tier4_debug_msgs/msg/detail/multi_array_layout__functions.h
[1.178s] -- Up-to-date symlink: /home/zyme/ros_ws/Autoware_sim_test/install/tier4_debug_msgs/include/tier4_debug_msgs/tier4_debug_msgs/msg/detail/multi_array_layout__struct.h
[1.178s] -- Up-to-date symlink: /home/zyme/ros_ws/Autoware_sim_test/install/tier4_debug_msgs/include/tier4_debug_msgs/tier4_debug_msgs/msg/detail/multi_array_layout__type_support.h
[1.178s] -- Up-to-date symlink: /home/zyme/ros_ws/Autoware_sim_test/install/tier4_debug_msgs/include/tier4_debug_msgs/tier4_debug_msgs/msg/detail/string_stamped__functions.h
[1.179s] -- Up-to-date symlink: /home/zyme/ros_ws/Autoware_sim_test/install/tier4_debug_msgs/include/tier4_debug_msgs/tier4_debug_msgs/msg/detail/string_stamped__struct.h
[1.179s] -- Up-to-date symlink: /home/zyme/ros_ws/Autoware_sim_test/install/tier4_debug_msgs/include/tier4_debug_msgs/tier4_debug_msgs/msg/detail/string_stamped__type_support.h
[1.179s] -- Up-to-date symlink: /home/zyme/ros_ws/Autoware_sim_test/install/tier4_debug_msgs/include/tier4_debug_msgs/tier4_debug_msgs/msg/float32_multi_array_stamped.h
[1.179s] -- Up-to-date symlink: /home/zyme/ros_ws/Autoware_sim_test/install/tier4_debug_msgs/include/tier4_debug_msgs/tier4_debug_msgs/msg/float32_stamped.h
[1.179s] -- Up-to-date symlink: /home/zyme/ros_ws/Autoware_sim_test/install/tier4_debug_msgs/include/tier4_debug_msgs/tier4_debug_msgs/msg/float64_multi_array_stamped.h
[1.180s] -- Up-to-date symlink: /home/zyme/ros_ws/Autoware_sim_test/install/tier4_debug_msgs/include/tier4_debug_msgs/tier4_debug_msgs/msg/float64_stamped.h
[1.180s] -- Up-to-date symlink: /home/zyme/ros_ws/Autoware_sim_test/install/tier4_debug_msgs/include/tier4_debug_msgs/tier4_debug_msgs/msg/int32_multi_array_stamped.h
[1.180s] -- Up-to-date symlink: /home/zyme/ros_ws/Autoware_sim_test/install/tier4_debug_msgs/include/tier4_debug_msgs/tier4_debug_msgs/msg/int32_stamped.h
[1.180s] -- Up-to-date symlink: /home/zyme/ros_ws/Autoware_sim_test/install/tier4_debug_msgs/include/tier4_debug_msgs/tier4_debug_msgs/msg/int64_multi_array_stamped.h
[1.180s] -- Up-to-date symlink: /home/zyme/ros_ws/Autoware_sim_test/install/tier4_debug_msgs/include/tier4_debug_msgs/tier4_debug_msgs/msg/int64_stamped.h
[1.181s] -- Up-to-date symlink: /home/zyme/ros_ws/Autoware_sim_test/install/tier4_debug_msgs/include/tier4_debug_msgs/tier4_debug_msgs/msg/multi_array_dimension.h
[1.181s] -- Up-to-date symlink: /home/zyme/ros_ws/Autoware_sim_test/install/tier4_debug_msgs/include/tier4_debug_msgs/tier4_debug_msgs/msg/multi_array_layout.h
[1.181s] -- Up-to-date symlink: /home/zyme/ros_ws/Autoware_sim_test/install/tier4_debug_msgs/include/tier4_debug_msgs/tier4_debug_msgs/msg/rosidl_generator_c__visibility_control.h
[1.181s] -- Up-to-date symlink: /home/zyme/ros_ws/Autoware_sim_test/install/tier4_debug_msgs/include/tier4_debug_msgs/tier4_debug_msgs/msg/string_stamped.h
[1.182s] -- Up-to-date symlink: /home/zyme/ros_ws/Autoware_sim_test/install/tier4_debug_msgs/share/tier4_debug_msgs/environment/library_path.sh
[1.182s] -- Up-to-date symlink: /home/zyme/ros_ws/Autoware_sim_test/install/tier4_debug_msgs/share/tier4_debug_msgs/environment/library_path.dsv
[1.183s] -- Up-to-date symlink: /home/zyme/ros_ws/Autoware_sim_test/install/tier4_debug_msgs/include/tier4_debug_msgs/tier4_debug_msgs/msg/detail/bool_stamped__rosidl_typesupport_fastrtps_c.h
[1.183s] -- Up-to-date symlink: /home/zyme/ros_ws/Autoware_sim_test/install/tier4_debug_msgs/include/tier4_debug_msgs/tier4_debug_msgs/msg/detail/float32_multi_array_stamped__rosidl_typesupport_fastrtps_c.h
[1.183s] -- Up-to-date symlink: /home/zyme/ros_ws/Autoware_sim_test/install/tier4_debug_msgs/include/tier4_debug_msgs/tier4_debug_msgs/msg/detail/float32_stamped__rosidl_typesupport_fastrtps_c.h
[1.183s] -- Up-to-date symlink: /home/zyme/ros_ws/Autoware_sim_test/install/tier4_debug_msgs/include/tier4_debug_msgs/tier4_debug_msgs/msg/detail/float64_multi_array_stamped__rosidl_typesupport_fastrtps_c.h
[1.183s] -- Up-to-date symlink: /home/zyme/ros_ws/Autoware_sim_test/install/tier4_debug_msgs/include/tier4_debug_msgs/tier4_debug_msgs/msg/detail/float64_stamped__rosidl_typesupport_fastrtps_c.h
[1.183s] -- Up-to-date symlink: /home/zyme/ros_ws/Autoware_sim_test/install/tier4_debug_msgs/include/tier4_debug_msgs/tier4_debug_msgs/msg/detail/int32_multi_array_stamped__rosidl_typesupport_fastrtps_c.h
[1.184s] -- Up-to-date symlink: /home/zyme/ros_ws/Autoware_sim_test/install/tier4_debug_msgs/include/tier4_debug_msgs/tier4_debug_msgs/msg/detail/int32_stamped__rosidl_typesupport_fastrtps_c.h
[1.184s] -- Up-to-date symlink: /home/zyme/ros_ws/Autoware_sim_test/install/tier4_debug_msgs/include/tier4_debug_msgs/tier4_debug_msgs/msg/detail/int64_multi_array_stamped__rosidl_typesupport_fastrtps_c.h
[1.184s] -- Up-to-date symlink: /home/zyme/ros_ws/Autoware_sim_test/install/tier4_debug_msgs/include/tier4_debug_msgs/tier4_debug_msgs/msg/detail/int64_stamped__rosidl_typesupport_fastrtps_c.h
[1.184s] -- Up-to-date symlink: /home/zyme/ros_ws/Autoware_sim_test/install/tier4_debug_msgs/include/tier4_debug_msgs/tier4_debug_msgs/msg/detail/multi_array_dimension__rosidl_typesupport_fastrtps_c.h
[1.184s] -- Up-to-date symlink: /home/zyme/ros_ws/Autoware_sim_test/install/tier4_debug_msgs/include/tier4_debug_msgs/tier4_debug_msgs/msg/detail/multi_array_layout__rosidl_typesupport_fastrtps_c.h
[1.185s] -- Up-to-date symlink: /home/zyme/ros_ws/Autoware_sim_test/install/tier4_debug_msgs/include/tier4_debug_msgs/tier4_debug_msgs/msg/detail/string_stamped__rosidl_typesupport_fastrtps_c.h
[1.185s] -- Up-to-date symlink: /home/zyme/ros_ws/Autoware_sim_test/install/tier4_debug_msgs/include/tier4_debug_msgs/tier4_debug_msgs/msg/rosidl_typesupport_fastrtps_c__visibility_control.h
[1.186s] -- Up-to-date symlink: /home/zyme/ros_ws/Autoware_sim_test/install/tier4_debug_msgs/include/tier4_debug_msgs/tier4_debug_msgs/msg/detail/bool_stamped__rosidl_typesupport_introspection_c.h
[1.186s] -- Up-to-date symlink: /home/zyme/ros_ws/Autoware_sim_test/install/tier4_debug_msgs/include/tier4_debug_msgs/tier4_debug_msgs/msg/detail/float32_multi_array_stamped__rosidl_typesupport_introspection_c.h
[1.186s] -- Up-to-date symlink: /home/zyme/ros_ws/Autoware_sim_test/install/tier4_debug_msgs/include/tier4_debug_msgs/tier4_debug_msgs/msg/detail/float32_stamped__rosidl_typesupport_introspection_c.h
[1.186s] -- Up-to-date symlink: /home/zyme/ros_ws/Autoware_sim_test/install/tier4_debug_msgs/include/tier4_debug_msgs/tier4_debug_msgs/msg/detail/float64_multi_array_stamped__rosidl_typesupport_introspection_c.h
[1.186s] -- Up-to-date symlink: /home/zyme/ros_ws/Autoware_sim_test/install/tier4_debug_msgs/include/tier4_debug_msgs/tier4_debug_msgs/msg/detail/float64_stamped__rosidl_typesupport_introspection_c.h
[1.187s] -- Up-to-date symlink: /home/zyme/ros_ws/Autoware_sim_test/install/tier4_debug_msgs/include/tier4_debug_msgs/tier4_debug_msgs/msg/detail/int32_multi_array_stamped__rosidl_typesupport_introspection_c.h
[1.187s] -- Up-to-date symlink: /home/zyme/ros_ws/Autoware_sim_test/install/tier4_debug_msgs/include/tier4_debug_msgs/tier4_debug_msgs/msg/detail/int32_stamped__rosidl_typesupport_introspection_c.h
[1.187s] -- Up-to-date symlink: /home/zyme/ros_ws/Autoware_sim_test/install/tier4_debug_msgs/include/tier4_debug_msgs/tier4_debug_msgs/msg/detail/int64_multi_array_stamped__rosidl_typesupport_introspection_c.h
[1.187s] -- Up-to-date symlink: /home/zyme/ros_ws/Autoware_sim_test/install/tier4_debug_msgs/include/tier4_debug_msgs/tier4_debug_msgs/msg/detail/int64_stamped__rosidl_typesupport_introspection_c.h
[1.187s] -- Up-to-date symlink: /home/zyme/ros_ws/Autoware_sim_test/install/tier4_debug_msgs/include/tier4_debug_msgs/tier4_debug_msgs/msg/detail/multi_array_dimension__rosidl_typesupport_introspection_c.h
[1.187s] -- Up-to-date symlink: /home/zyme/ros_ws/Autoware_sim_test/install/tier4_debug_msgs/include/tier4_debug_msgs/tier4_debug_msgs/msg/detail/multi_array_layout__rosidl_typesupport_introspection_c.h
[1.188s] -- Up-to-date symlink: /home/zyme/ros_ws/Autoware_sim_test/install/tier4_debug_msgs/include/tier4_debug_msgs/tier4_debug_msgs/msg/detail/string_stamped__rosidl_typesupport_introspection_c.h
[1.188s] -- Up-to-date symlink: /home/zyme/ros_ws/Autoware_sim_test/install/tier4_debug_msgs/include/tier4_debug_msgs/tier4_debug_msgs/msg/rosidl_typesupport_introspection_c__visibility_control.h
[1.189s] -- Up-to-date symlink: /home/zyme/ros_ws/Autoware_sim_test/install/tier4_debug_msgs/include/tier4_debug_msgs/tier4_debug_msgs/msg/bool_stamped.hpp
[1.189s] -- Up-to-date symlink: /home/zyme/ros_ws/Autoware_sim_test/install/tier4_debug_msgs/include/tier4_debug_msgs/tier4_debug_msgs/msg/detail/bool_stamped__builder.hpp
[1.189s] -- Up-to-date symlink: /home/zyme/ros_ws/Autoware_sim_test/install/tier4_debug_msgs/include/tier4_debug_msgs/tier4_debug_msgs/msg/detail/bool_stamped__struct.hpp
[1.190s] -- Up-to-date symlink: /home/zyme/ros_ws/Autoware_sim_test/install/tier4_debug_msgs/include/tier4_debug_msgs/tier4_debug_msgs/msg/detail/bool_stamped__traits.hpp
[1.190s] -- Up-to-date symlink: /home/zyme/ros_ws/Autoware_sim_test/install/tier4_debug_msgs/include/tier4_debug_msgs/tier4_debug_msgs/msg/detail/float32_multi_array_stamped__builder.hpp
[1.190s] -- Up-to-date symlink: /home/zyme/ros_ws/Autoware_sim_test/install/tier4_debug_msgs/include/tier4_debug_msgs/tier4_debug_msgs/msg/detail/float32_multi_array_stamped__struct.hpp
[1.190s] -- Up-to-date symlink: /home/zyme/ros_ws/Autoware_sim_test/install/tier4_debug_msgs/include/tier4_debug_msgs/tier4_debug_msgs/msg/detail/float32_multi_array_stamped__traits.hpp
[1.190s] -- Up-to-date symlink: /home/zyme/ros_ws/Autoware_sim_test/install/tier4_debug_msgs/include/tier4_debug_msgs/tier4_debug_msgs/msg/detail/float32_stamped__builder.hpp
[1.191s] -- Up-to-date symlink: /home/zyme/ros_ws/Autoware_sim_test/install/tier4_debug_msgs/include/tier4_debug_msgs/tier4_debug_msgs/msg/detail/float32_stamped__struct.hpp
[1.191s] -- Up-to-date symlink: /home/zyme/ros_ws/Autoware_sim_test/install/tier4_debug_msgs/include/tier4_debug_msgs/tier4_debug_msgs/msg/detail/float32_stamped__traits.hpp
[1.191s] -- Up-to-date symlink: /home/zyme/ros_ws/Autoware_sim_test/install/tier4_debug_msgs/include/tier4_debug_msgs/tier4_debug_msgs/msg/detail/float64_multi_array_stamped__builder.hpp
[1.191s] -- Up-to-date symlink: /home/zyme/ros_ws/Autoware_sim_test/install/tier4_debug_msgs/include/tier4_debug_msgs/tier4_debug_msgs/msg/detail/float64_multi_array_stamped__struct.hpp
[1.191s] -- Up-to-date symlink: /home/zyme/ros_ws/Autoware_sim_test/install/tier4_debug_msgs/include/tier4_debug_msgs/tier4_debug_msgs/msg/detail/float64_multi_array_stamped__traits.hpp
[1.191s] -- Up-to-date symlink: /home/zyme/ros_ws/Autoware_sim_test/install/tier4_debug_msgs/include/tier4_debug_msgs/tier4_debug_msgs/msg/detail/float64_stamped__builder.hpp
[1.192s] -- Up-to-date symlink: /home/zyme/ros_ws/Autoware_sim_test/install/tier4_debug_msgs/include/tier4_debug_msgs/tier4_debug_msgs/msg/detail/float64_stamped__struct.hpp
[1.192s] -- Up-to-date symlink: /home/zyme/ros_ws/Autoware_sim_test/install/tier4_debug_msgs/include/tier4_debug_msgs/tier4_debug_msgs/msg/detail/float64_stamped__traits.hpp
[1.192s] -- Up-to-date symlink: /home/zyme/ros_ws/Autoware_sim_test/install/tier4_debug_msgs/include/tier4_debug_msgs/tier4_debug_msgs/msg/detail/int32_multi_array_stamped__builder.hpp
[1.192s] -- Up-to-date symlink: /home/zyme/ros_ws/Autoware_sim_test/install/tier4_debug_msgs/include/tier4_debug_msgs/tier4_debug_msgs/msg/detail/int32_multi_array_stamped__struct.hpp
[1.192s] -- Up-to-date symlink: /home/zyme/ros_ws/Autoware_sim_test/install/tier4_debug_msgs/include/tier4_debug_msgs/tier4_debug_msgs/msg/detail/int32_multi_array_stamped__traits.hpp
[1.193s] -- Up-to-date symlink: /home/zyme/ros_ws/Autoware_sim_test/install/tier4_debug_msgs/include/tier4_debug_msgs/tier4_debug_msgs/msg/detail/int32_stamped__builder.hpp
[1.193s] -- Up-to-date symlink: /home/zyme/ros_ws/Autoware_sim_test/install/tier4_debug_msgs/include/tier4_debug_msgs/tier4_debug_msgs/msg/detail/int32_stamped__struct.hpp
[1.193s] -- Up-to-date symlink: /home/zyme/ros_ws/Autoware_sim_test/install/tier4_debug_msgs/include/tier4_debug_msgs/tier4_debug_msgs/msg/detail/int32_stamped__traits.hpp
[1.193s] -- Up-to-date symlink: /home/zyme/ros_ws/Autoware_sim_test/install/tier4_debug_msgs/include/tier4_debug_msgs/tier4_debug_msgs/msg/detail/int64_multi_array_stamped__builder.hpp
[1.193s] -- Up-to-date symlink: /home/zyme/ros_ws/Autoware_sim_test/install/tier4_debug_msgs/include/tier4_debug_msgs/tier4_debug_msgs/msg/detail/int64_multi_array_stamped__struct.hpp
[1.194s] -- Up-to-date symlink: /home/zyme/ros_ws/Autoware_sim_test/install/tier4_debug_msgs/include/tier4_debug_msgs/tier4_debug_msgs/msg/detail/int64_multi_array_stamped__traits.hpp
[1.194s] -- Up-to-date symlink: /home/zyme/ros_ws/Autoware_sim_test/install/tier4_debug_msgs/include/tier4_debug_msgs/tier4_debug_msgs/msg/detail/int64_stamped__builder.hpp
[1.194s] -- Up-to-date symlink: /home/zyme/ros_ws/Autoware_sim_test/install/tier4_debug_msgs/include/tier4_debug_msgs/tier4_debug_msgs/msg/detail/int64_stamped__struct.hpp
[1.194s] -- Up-to-date symlink: /home/zyme/ros_ws/Autoware_sim_test/install/tier4_debug_msgs/include/tier4_debug_msgs/tier4_debug_msgs/msg/detail/int64_stamped__traits.hpp
[1.194s] -- Up-to-date symlink: /home/zyme/ros_ws/Autoware_sim_test/install/tier4_debug_msgs/include/tier4_debug_msgs/tier4_debug_msgs/msg/detail/multi_array_dimension__builder.hpp
[1.195s] -- Up-to-date symlink: /home/zyme/ros_ws/Autoware_sim_test/install/tier4_debug_msgs/include/tier4_debug_msgs/tier4_debug_msgs/msg/detail/multi_array_dimension__struct.hpp
[1.195s] -- Up-to-date symlink: /home/zyme/ros_ws/Autoware_sim_test/install/tier4_debug_msgs/include/tier4_debug_msgs/tier4_debug_msgs/msg/detail/multi_array_dimension__traits.hpp
[1.195s] -- Up-to-date symlink: /home/zyme/ros_ws/Autoware_sim_test/install/tier4_debug_msgs/include/tier4_debug_msgs/tier4_debug_msgs/msg/detail/multi_array_layout__builder.hpp
[1.195s] -- Up-to-date symlink: /home/zyme/ros_ws/Autoware_sim_test/install/tier4_debug_msgs/include/tier4_debug_msgs/tier4_debug_msgs/msg/detail/multi_array_layout__struct.hpp
[1.195s] -- Up-to-date symlink: /home/zyme/ros_ws/Autoware_sim_test/install/tier4_debug_msgs/include/tier4_debug_msgs/tier4_debug_msgs/msg/detail/multi_array_layout__traits.hpp
[1.196s] -- Up-to-date symlink: /home/zyme/ros_ws/Autoware_sim_test/install/tier4_debug_msgs/include/tier4_debug_msgs/tier4_debug_msgs/msg/detail/string_stamped__builder.hpp
[1.196s] -- Up-to-date symlink: /home/zyme/ros_ws/Autoware_sim_test/install/tier4_debug_msgs/include/tier4_debug_msgs/tier4_debug_msgs/msg/detail/string_stamped__struct.hpp
[1.196s] -- Up-to-date symlink: /home/zyme/ros_ws/Autoware_sim_test/install/tier4_debug_msgs/include/tier4_debug_msgs/tier4_debug_msgs/msg/detail/string_stamped__traits.hpp
[1.196s] -- Up-to-date symlink: /home/zyme/ros_ws/Autoware_sim_test/install/tier4_debug_msgs/include/tier4_debug_msgs/tier4_debug_msgs/msg/float32_multi_array_stamped.hpp
[1.197s] -- Up-to-date symlink: /home/zyme/ros_ws/Autoware_sim_test/install/tier4_debug_msgs/include/tier4_debug_msgs/tier4_debug_msgs/msg/float32_stamped.hpp
[1.197s] -- Up-to-date symlink: /home/zyme/ros_ws/Autoware_sim_test/install/tier4_debug_msgs/include/tier4_debug_msgs/tier4_debug_msgs/msg/float64_multi_array_stamped.hpp
[1.197s] -- Up-to-date symlink: /home/zyme/ros_ws/Autoware_sim_test/install/tier4_debug_msgs/include/tier4_debug_msgs/tier4_debug_msgs/msg/float64_stamped.hpp
[1.197s] -- Up-to-date symlink: /home/zyme/ros_ws/Autoware_sim_test/install/tier4_debug_msgs/include/tier4_debug_msgs/tier4_debug_msgs/msg/int32_multi_array_stamped.hpp
[1.197s] -- Up-to-date symlink: /home/zyme/ros_ws/Autoware_sim_test/install/tier4_debug_msgs/include/tier4_debug_msgs/tier4_debug_msgs/msg/int32_stamped.hpp
[1.198s] -- Up-to-date symlink: /home/zyme/ros_ws/Autoware_sim_test/install/tier4_debug_msgs/include/tier4_debug_msgs/tier4_debug_msgs/msg/int64_multi_array_stamped.hpp
[1.198s] -- Up-to-date symlink: /home/zyme/ros_ws/Autoware_sim_test/install/tier4_debug_msgs/include/tier4_debug_msgs/tier4_debug_msgs/msg/int64_stamped.hpp
[1.198s] -- Up-to-date symlink: /home/zyme/ros_ws/Autoware_sim_test/install/tier4_debug_msgs/include/tier4_debug_msgs/tier4_debug_msgs/msg/multi_array_dimension.hpp
[1.198s] -- Up-to-date symlink: /home/zyme/ros_ws/Autoware_sim_test/install/tier4_debug_msgs/include/tier4_debug_msgs/tier4_debug_msgs/msg/multi_array_layout.hpp
[1.198s] -- Up-to-date symlink: /home/zyme/ros_ws/Autoware_sim_test/install/tier4_debug_msgs/include/tier4_debug_msgs/tier4_debug_msgs/msg/string_stamped.hpp
[1.199s] -- Up-to-date symlink: /home/zyme/ros_ws/Autoware_sim_test/install/tier4_debug_msgs/include/tier4_debug_msgs/tier4_debug_msgs/msg/detail/bool_stamped__rosidl_typesupport_fastrtps_cpp.hpp
[1.199s] -- Up-to-date symlink: /home/zyme/ros_ws/Autoware_sim_test/install/tier4_debug_msgs/include/tier4_debug_msgs/tier4_debug_msgs/msg/detail/float32_multi_array_stamped__rosidl_typesupport_fastrtps_cpp.hpp
[1.200s] -- Up-to-date symlink: /home/zyme/ros_ws/Autoware_sim_test/install/tier4_debug_msgs/include/tier4_debug_msgs/tier4_debug_msgs/msg/detail/float32_stamped__rosidl_typesupport_fastrtps_cpp.hpp
[1.200s] -- Up-to-date symlink: /home/zyme/ros_ws/Autoware_sim_test/install/tier4_debug_msgs/include/tier4_debug_msgs/tier4_debug_msgs/msg/detail/float64_multi_array_stamped__rosidl_typesupport_fastrtps_cpp.hpp
[1.200s] -- Up-to-date symlink: /home/zyme/ros_ws/Autoware_sim_test/install/tier4_debug_msgs/include/tier4_debug_msgs/tier4_debug_msgs/msg/detail/float64_stamped__rosidl_typesupport_fastrtps_cpp.hpp
[1.200s] -- Up-to-date symlink: /home/zyme/ros_ws/Autoware_sim_test/install/tier4_debug_msgs/include/tier4_debug_msgs/tier4_debug_msgs/msg/detail/int32_multi_array_stamped__rosidl_typesupport_fastrtps_cpp.hpp
[1.200s] -- Up-to-date symlink: /home/zyme/ros_ws/Autoware_sim_test/install/tier4_debug_msgs/include/tier4_debug_msgs/tier4_debug_msgs/msg/detail/int32_stamped__rosidl_typesupport_fastrtps_cpp.hpp
[1.200s] -- Up-to-date symlink: /home/zyme/ros_ws/Autoware_sim_test/install/tier4_debug_msgs/include/tier4_debug_msgs/tier4_debug_msgs/msg/detail/int64_multi_array_stamped__rosidl_typesupport_fastrtps_cpp.hpp
[1.201s] -- Up-to-date symlink: /home/zyme/ros_ws/Autoware_sim_test/install/tier4_debug_msgs/include/tier4_debug_msgs/tier4_debug_msgs/msg/detail/int64_stamped__rosidl_typesupport_fastrtps_cpp.hpp
[1.201s] -- Up-to-date symlink: /home/zyme/ros_ws/Autoware_sim_test/install/tier4_debug_msgs/include/tier4_debug_msgs/tier4_debug_msgs/msg/detail/multi_array_dimension__rosidl_typesupport_fastrtps_cpp.hpp
[1.201s] -- Up-to-date symlink: /home/zyme/ros_ws/Autoware_sim_test/install/tier4_debug_msgs/include/tier4_debug_msgs/tier4_debug_msgs/msg/detail/multi_array_layout__rosidl_typesupport_fastrtps_cpp.hpp
[1.201s] -- Up-to-date symlink: /home/zyme/ros_ws/Autoware_sim_test/install/tier4_debug_msgs/include/tier4_debug_msgs/tier4_debug_msgs/msg/detail/string_stamped__rosidl_typesupport_fastrtps_cpp.hpp
[1.202s] -- Up-to-date symlink: /home/zyme/ros_ws/Autoware_sim_test/install/tier4_debug_msgs/include/tier4_debug_msgs/tier4_debug_msgs/msg/rosidl_typesupport_fastrtps_cpp__visibility_control.h
[1.202s] -- Up-to-date symlink: /home/zyme/ros_ws/Autoware_sim_test/install/tier4_debug_msgs/include/tier4_debug_msgs/tier4_debug_msgs/msg/detail/bool_stamped__rosidl_typesupport_introspection_cpp.hpp
[1.203s] -- Up-to-date symlink: /home/zyme/ros_ws/Autoware_sim_test/install/tier4_debug_msgs/include/tier4_debug_msgs/tier4_debug_msgs/msg/detail/float32_multi_array_stamped__rosidl_typesupport_introspection_cpp.hpp
[1.203s] -- Up-to-date symlink: /home/zyme/ros_ws/Autoware_sim_test/install/tier4_debug_msgs/include/tier4_debug_msgs/tier4_debug_msgs/msg/detail/float32_stamped__rosidl_typesupport_introspection_cpp.hpp
[1.203s] -- Up-to-date symlink: /home/zyme/ros_ws/Autoware_sim_test/install/tier4_debug_msgs/include/tier4_debug_msgs/tier4_debug_msgs/msg/detail/float64_multi_array_stamped__rosidl_typesupport_introspection_cpp.hpp
[1.203s] -- Up-to-date symlink: /home/zyme/ros_ws/Autoware_sim_test/install/tier4_debug_msgs/include/tier4_debug_msgs/tier4_debug_msgs/msg/detail/float64_stamped__rosidl_typesupport_introspection_cpp.hpp
[1.203s] -- Up-to-date symlink: /home/zyme/ros_ws/Autoware_sim_test/install/tier4_debug_msgs/include/tier4_debug_msgs/tier4_debug_msgs/msg/detail/int32_multi_array_stamped__rosidl_typesupport_introspection_cpp.hpp
[1.203s] -- Up-to-date symlink: /home/zyme/ros_ws/Autoware_sim_test/install/tier4_debug_msgs/include/tier4_debug_msgs/tier4_debug_msgs/msg/detail/int32_stamped__rosidl_typesupport_introspection_cpp.hpp
[1.204s] -- Up-to-date symlink: /home/zyme/ros_ws/Autoware_sim_test/install/tier4_debug_msgs/include/tier4_debug_msgs/tier4_debug_msgs/msg/detail/int64_multi_array_stamped__rosidl_typesupport_introspection_cpp.hpp
[1.204s] -- Up-to-date symlink: /home/zyme/ros_ws/Autoware_sim_test/install/tier4_debug_msgs/include/tier4_debug_msgs/tier4_debug_msgs/msg/detail/int64_stamped__rosidl_typesupport_introspection_cpp.hpp
[1.204s] -- Up-to-date symlink: /home/zyme/ros_ws/Autoware_sim_test/install/tier4_debug_msgs/include/tier4_debug_msgs/tier4_debug_msgs/msg/detail/multi_array_dimension__rosidl_typesupport_introspection_cpp.hpp
[1.204s] -- Up-to-date symlink: /home/zyme/ros_ws/Autoware_sim_test/install/tier4_debug_msgs/include/tier4_debug_msgs/tier4_debug_msgs/msg/detail/multi_array_layout__rosidl_typesupport_introspection_cpp.hpp
[1.204s] -- Up-to-date symlink: /home/zyme/ros_ws/Autoware_sim_test/install/tier4_debug_msgs/include/tier4_debug_msgs/tier4_debug_msgs/msg/detail/string_stamped__rosidl_typesupport_introspection_cpp.hpp
[1.205s] -- Up-to-date symlink: /home/zyme/ros_ws/Autoware_sim_test/install/tier4_debug_msgs/share/tier4_debug_msgs/environment/pythonpath.sh
[1.205s] -- Up-to-date symlink: /home/zyme/ros_ws/Autoware_sim_test/install/tier4_debug_msgs/share/tier4_debug_msgs/environment/pythonpath.dsv
[1.205s] -- Up-to-date symlink: /home/zyme/ros_ws/Autoware_sim_test/install/tier4_debug_msgs/local/lib/python3.10/dist-packages/tier4_debug_msgs-0.1.0-py3.10.egg-info/PKG-INFO
[1.205s] -- Up-to-date symlink: /home/zyme/ros_ws/Autoware_sim_test/install/tier4_debug_msgs/local/lib/python3.10/dist-packages/tier4_debug_msgs-0.1.0-py3.10.egg-info/SOURCES.txt
[1.206s] -- Up-to-date symlink: /home/zyme/ros_ws/Autoware_sim_test/install/tier4_debug_msgs/local/lib/python3.10/dist-packages/tier4_debug_msgs-0.1.0-py3.10.egg-info/dependency_links.txt
[1.206s] -- Up-to-date symlink: /home/zyme/ros_ws/Autoware_sim_test/install/tier4_debug_msgs/local/lib/python3.10/dist-packages/tier4_debug_msgs-0.1.0-py3.10.egg-info/top_level.txt
[1.207s] -- Up-to-date symlink: /home/zyme/ros_ws/Autoware_sim_test/install/tier4_debug_msgs/local/lib/python3.10/dist-packages/tier4_debug_msgs/__init__.py
[1.207s] -- Up-to-date symlink: /home/zyme/ros_ws/Autoware_sim_test/install/tier4_debug_msgs/local/lib/python3.10/dist-packages/tier4_debug_msgs/_tier4_debug_msgs_s.ep.rosidl_typesupport_c.c
[1.208s] -- Up-to-date symlink: /home/zyme/ros_ws/Autoware_sim_test/install/tier4_debug_msgs/local/lib/python3.10/dist-packages/tier4_debug_msgs/_tier4_debug_msgs_s.ep.rosidl_typesupport_fastrtps_c.c
[1.208s] -- Up-to-date symlink: /home/zyme/ros_ws/Autoware_sim_test/install/tier4_debug_msgs/local/lib/python3.10/dist-packages/tier4_debug_msgs/_tier4_debug_msgs_s.ep.rosidl_typesupport_introspection_c.c
[1.208s] -- Up-to-date symlink: /home/zyme/ros_ws/Autoware_sim_test/install/tier4_debug_msgs/local/lib/python3.10/dist-packages/tier4_debug_msgs/libtier4_debug_msgs__rosidl_generator_py.so
[1.208s] -- Up-to-date symlink: /home/zyme/ros_ws/Autoware_sim_test/install/tier4_debug_msgs/local/lib/python3.10/dist-packages/tier4_debug_msgs/msg/__init__.py
[1.208s] -- Up-to-date symlink: /home/zyme/ros_ws/Autoware_sim_test/install/tier4_debug_msgs/local/lib/python3.10/dist-packages/tier4_debug_msgs/msg/_bool_stamped.py
[1.208s] -- Up-to-date symlink: /home/zyme/ros_ws/Autoware_sim_test/install/tier4_debug_msgs/local/lib/python3.10/dist-packages/tier4_debug_msgs/msg/_bool_stamped_s.c
[1.209s] -- Up-to-date symlink: /home/zyme/ros_ws/Autoware_sim_test/install/tier4_debug_msgs/local/lib/python3.10/dist-packages/tier4_debug_msgs/msg/_float32_multi_array_stamped.py
[1.209s] -- Up-to-date symlink: /home/zyme/ros_ws/Autoware_sim_test/install/tier4_debug_msgs/local/lib/python3.10/dist-packages/tier4_debug_msgs/msg/_float32_multi_array_stamped_s.c
[1.209s] -- Up-to-date symlink: /home/zyme/ros_ws/Autoware_sim_test/install/tier4_debug_msgs/local/lib/python3.10/dist-packages/tier4_debug_msgs/msg/_float32_stamped.py
[1.209s] -- Up-to-date symlink: /home/zyme/ros_ws/Autoware_sim_test/install/tier4_debug_msgs/local/lib/python3.10/dist-packages/tier4_debug_msgs/msg/_float32_stamped_s.c
[1.209s] -- Up-to-date symlink: /home/zyme/ros_ws/Autoware_sim_test/install/tier4_debug_msgs/local/lib/python3.10/dist-packages/tier4_debug_msgs/msg/_float64_multi_array_stamped.py
[1.210s] -- Up-to-date symlink: /home/zyme/ros_ws/Autoware_sim_test/install/tier4_debug_msgs/local/lib/python3.10/dist-packages/tier4_debug_msgs/msg/_float64_multi_array_stamped_s.c
[1.210s] -- Up-to-date symlink: /home/zyme/ros_ws/Autoware_sim_test/install/tier4_debug_msgs/local/lib/python3.10/dist-packages/tier4_debug_msgs/msg/_float64_stamped.py
[1.210s] -- Up-to-date symlink: /home/zyme/ros_ws/Autoware_sim_test/install/tier4_debug_msgs/local/lib/python3.10/dist-packages/tier4_debug_msgs/msg/_float64_stamped_s.c
[1.210s] -- Up-to-date symlink: /home/zyme/ros_ws/Autoware_sim_test/install/tier4_debug_msgs/local/lib/python3.10/dist-packages/tier4_debug_msgs/msg/_int32_multi_array_stamped.py
[1.211s] -- Up-to-date symlink: /home/zyme/ros_ws/Autoware_sim_test/install/tier4_debug_msgs/local/lib/python3.10/dist-packages/tier4_debug_msgs/msg/_int32_multi_array_stamped_s.c
[1.211s] -- Up-to-date symlink: /home/zyme/ros_ws/Autoware_sim_test/install/tier4_debug_msgs/local/lib/python3.10/dist-packages/tier4_debug_msgs/msg/_int32_stamped.py
[1.211s] -- Up-to-date symlink: /home/zyme/ros_ws/Autoware_sim_test/install/tier4_debug_msgs/local/lib/python3.10/dist-packages/tier4_debug_msgs/msg/_int32_stamped_s.c
[1.211s] -- Up-to-date symlink: /home/zyme/ros_ws/Autoware_sim_test/install/tier4_debug_msgs/local/lib/python3.10/dist-packages/tier4_debug_msgs/msg/_int64_multi_array_stamped.py
[1.211s] -- Up-to-date symlink: /home/zyme/ros_ws/Autoware_sim_test/install/tier4_debug_msgs/local/lib/python3.10/dist-packages/tier4_debug_msgs/msg/_int64_multi_array_stamped_s.c
[1.212s] -- Up-to-date symlink: /home/zyme/ros_ws/Autoware_sim_test/install/tier4_debug_msgs/local/lib/python3.10/dist-packages/tier4_debug_msgs/msg/_int64_stamped.py
[1.212s] -- Up-to-date symlink: /home/zyme/ros_ws/Autoware_sim_test/install/tier4_debug_msgs/local/lib/python3.10/dist-packages/tier4_debug_msgs/msg/_int64_stamped_s.c
[1.212s] -- Up-to-date symlink: /home/zyme/ros_ws/Autoware_sim_test/install/tier4_debug_msgs/local/lib/python3.10/dist-packages/tier4_debug_msgs/msg/_multi_array_dimension.py
[1.212s] -- Up-to-date symlink: /home/zyme/ros_ws/Autoware_sim_test/install/tier4_debug_msgs/local/lib/python3.10/dist-packages/tier4_debug_msgs/msg/_multi_array_dimension_s.c
[1.212s] -- Up-to-date symlink: /home/zyme/ros_ws/Autoware_sim_test/install/tier4_debug_msgs/local/lib/python3.10/dist-packages/tier4_debug_msgs/msg/_multi_array_layout.py
[1.213s] -- Up-to-date symlink: /home/zyme/ros_ws/Autoware_sim_test/install/tier4_debug_msgs/local/lib/python3.10/dist-packages/tier4_debug_msgs/msg/_multi_array_layout_s.c
[1.213s] -- Up-to-date symlink: /home/zyme/ros_ws/Autoware_sim_test/install/tier4_debug_msgs/local/lib/python3.10/dist-packages/tier4_debug_msgs/msg/_string_stamped.py
[1.213s] -- Up-to-date symlink: /home/zyme/ros_ws/Autoware_sim_test/install/tier4_debug_msgs/local/lib/python3.10/dist-packages/tier4_debug_msgs/msg/_string_stamped_s.c
[1.213s] -- Up-to-date symlink: /home/zyme/ros_ws/Autoware_sim_test/install/tier4_debug_msgs/local/lib/python3.10/dist-packages/tier4_debug_msgs/tier4_debug_msgs_s__rosidl_typesupport_c.cpython-310-x86_64-linux-gnu.so
[1.213s] -- Up-to-date symlink: /home/zyme/ros_ws/Autoware_sim_test/install/tier4_debug_msgs/local/lib/python3.10/dist-packages/tier4_debug_msgs/tier4_debug_msgs_s__rosidl_typesupport_fastrtps_c.cpython-310-x86_64-linux-gnu.so
[1.214s] -- Up-to-date symlink: /home/zyme/ros_ws/Autoware_sim_test/install/tier4_debug_msgs/local/lib/python3.10/dist-packages/tier4_debug_msgs/tier4_debug_msgs_s__rosidl_typesupport_introspection_c.cpython-310-x86_64-linux-gnu.so
[1.214s] -- Up-to-date symlink: /home/zyme/ros_ws/Autoware_sim_test/install/tier4_debug_msgs/local/lib/python3.10/dist-packages/tier4_debug_msgs/tier4_debug_msgs_s__rosidl_typesupport_fastrtps_c.cpython-310-x86_64-linux-gnu.so
[1.215s] -- Up-to-date symlink: /home/zyme/ros_ws/Autoware_sim_test/install/tier4_debug_msgs/local/lib/python3.10/dist-packages/tier4_debug_msgs/tier4_debug_msgs_s__rosidl_typesupport_introspection_c.cpython-310-x86_64-linux-gnu.so
[1.215s] -- Up-to-date symlink: /home/zyme/ros_ws/Autoware_sim_test/install/tier4_debug_msgs/local/lib/python3.10/dist-packages/tier4_debug_msgs/tier4_debug_msgs_s__rosidl_typesupport_c.cpython-310-x86_64-linux-gnu.so
[1.215s] -- Up-to-date symlink: /home/zyme/ros_ws/Autoware_sim_test/install/tier4_debug_msgs/share/tier4_debug_msgs/msg/MultiArrayDimension.idl
[1.216s] -- Up-to-date symlink: /home/zyme/ros_ws/Autoware_sim_test/install/tier4_debug_msgs/share/tier4_debug_msgs/msg/MultiArrayLayout.idl
[1.216s] -- Up-to-date symlink: /home/zyme/ros_ws/Autoware_sim_test/install/tier4_debug_msgs/share/tier4_debug_msgs/msg/BoolStamped.idl
[1.216s] -- Up-to-date symlink: /home/zyme/ros_ws/Autoware_sim_test/install/tier4_debug_msgs/share/tier4_debug_msgs/msg/Float32Stamped.idl
[1.216s] -- Up-to-date symlink: /home/zyme/ros_ws/Autoware_sim_test/install/tier4_debug_msgs/share/tier4_debug_msgs/msg/Float32MultiArrayStamped.idl
[1.217s] -- Up-to-date symlink: /home/zyme/ros_ws/Autoware_sim_test/install/tier4_debug_msgs/share/tier4_debug_msgs/msg/Float64Stamped.idl
[1.217s] -- Up-to-date symlink: /home/zyme/ros_ws/Autoware_sim_test/install/tier4_debug_msgs/share/tier4_debug_msgs/msg/Float64MultiArrayStamped.idl
[1.217s] -- Up-to-date symlink: /home/zyme/ros_ws/Autoware_sim_test/install/tier4_debug_msgs/share/tier4_debug_msgs/msg/Int32Stamped.idl
[1.217s] -- Up-to-date symlink: /home/zyme/ros_ws/Autoware_sim_test/install/tier4_debug_msgs/share/tier4_debug_msgs/msg/Int32MultiArrayStamped.idl
[1.217s] -- Up-to-date symlink: /home/zyme/ros_ws/Autoware_sim_test/install/tier4_debug_msgs/share/tier4_debug_msgs/msg/Int64Stamped.idl
[1.218s] -- Up-to-date symlink: /home/zyme/ros_ws/Autoware_sim_test/install/tier4_debug_msgs/share/tier4_debug_msgs/msg/Int64MultiArrayStamped.idl
[1.218s] -- Up-to-date symlink: /home/zyme/ros_ws/Autoware_sim_test/install/tier4_debug_msgs/share/tier4_debug_msgs/msg/StringStamped.idl
[1.218s] -- Up-to-date symlink: /home/zyme/ros_ws/Autoware_sim_test/install/tier4_debug_msgs/share/tier4_debug_msgs/msg/MultiArrayDimension.msg
[1.219s] -- Up-to-date symlink: /home/zyme/ros_ws/Autoware_sim_test/install/tier4_debug_msgs/share/tier4_debug_msgs/msg/MultiArrayLayout.msg
[1.219s] -- Up-to-date symlink: /home/zyme/ros_ws/Autoware_sim_test/install/tier4_debug_msgs/share/tier4_debug_msgs/msg/BoolStamped.msg
[1.219s] -- Up-to-date symlink: /home/zyme/ros_ws/Autoware_sim_test/install/tier4_debug_msgs/share/tier4_debug_msgs/msg/Float32Stamped.msg
[1.219s] -- Up-to-date symlink: /home/zyme/ros_ws/Autoware_sim_test/install/tier4_debug_msgs/share/tier4_debug_msgs/msg/Float32MultiArrayStamped.msg
[1.220s] -- Up-to-date symlink: /home/zyme/ros_ws/Autoware_sim_test/install/tier4_debug_msgs/share/tier4_debug_msgs/msg/Float64Stamped.msg
[1.220s] -- Up-to-date symlink: /home/zyme/ros_ws/Autoware_sim_test/install/tier4_debug_msgs/share/tier4_debug_msgs/msg/Float64MultiArrayStamped.msg
[1.220s] -- Up-to-date symlink: /home/zyme/ros_ws/Autoware_sim_test/install/tier4_debug_msgs/share/tier4_debug_msgs/msg/Int32Stamped.msg
[1.220s] -- Up-to-date symlink: /home/zyme/ros_ws/Autoware_sim_test/install/tier4_debug_msgs/share/tier4_debug_msgs/msg/Int32MultiArrayStamped.msg
[1.221s] -- Up-to-date symlink: /home/zyme/ros_ws/Autoware_sim_test/install/tier4_debug_msgs/share/tier4_debug_msgs/msg/Int64Stamped.msg
[1.221s] -- Up-to-date symlink: /home/zyme/ros_ws/Autoware_sim_test/install/tier4_debug_msgs/share/tier4_debug_msgs/msg/Int64MultiArrayStamped.msg
[1.221s] -- Up-to-date symlink: /home/zyme/ros_ws/Autoware_sim_test/install/tier4_debug_msgs/share/tier4_debug_msgs/msg/StringStamped.msg
[1.222s] -- Up-to-date symlink: /home/zyme/ros_ws/Autoware_sim_test/install/tier4_debug_msgs/share/ament_index/resource_index/package_run_dependencies/tier4_debug_msgs
[1.222s] -- Up-to-date symlink: /home/zyme/ros_ws/Autoware_sim_test/install/tier4_debug_msgs/share/ament_index/resource_index/parent_prefix_path/tier4_debug_msgs
[1.222s] -- Up-to-date symlink: /home/zyme/ros_ws/Autoware_sim_test/install/tier4_debug_msgs/share/tier4_debug_msgs/environment/ament_prefix_path.sh
[1.222s] -- Up-to-date symlink: /home/zyme/ros_ws/Autoware_sim_test/install/tier4_debug_msgs/share/tier4_debug_msgs/environment/ament_prefix_path.dsv
[1.222s] -- Up-to-date symlink: /home/zyme/ros_ws/Autoware_sim_test/install/tier4_debug_msgs/share/tier4_debug_msgs/environment/path.sh
[1.222s] -- Up-to-date symlink: /home/zyme/ros_ws/Autoware_sim_test/install/tier4_debug_msgs/share/tier4_debug_msgs/environment/path.dsv
[1.223s] -- Up-to-date symlink: /home/zyme/ros_ws/Autoware_sim_test/install/tier4_debug_msgs/share/tier4_debug_msgs/local_setup.bash
[1.223s] -- Up-to-date symlink: /home/zyme/ros_ws/Autoware_sim_test/install/tier4_debug_msgs/share/tier4_debug_msgs/local_setup.sh
[1.223s] -- Up-to-date symlink: /home/zyme/ros_ws/Autoware_sim_test/install/tier4_debug_msgs/share/tier4_debug_msgs/local_setup.zsh
[1.223s] -- Up-to-date symlink: /home/zyme/ros_ws/Autoware_sim_test/install/tier4_debug_msgs/share/tier4_debug_msgs/local_setup.dsv
[1.223s] -- Symlinking: /home/zyme/ros_ws/Autoware_sim_test/install/tier4_debug_msgs/share/tier4_debug_msgs/package.dsv
[1.232s] -- Up-to-date symlink: /home/zyme/ros_ws/Autoware_sim_test/install/tier4_debug_msgs/share/ament_index/resource_index/packages/tier4_debug_msgs
[1.232s] -- Up-to-date symlink: /home/zyme/ros_ws/Autoware_sim_test/install/tier4_debug_msgs/share/tier4_debug_msgs/cmake/rosidl_cmake-extras.cmake
[1.232s] -- Up-to-date symlink: /home/zyme/ros_ws/Autoware_sim_test/install/tier4_debug_msgs/share/tier4_debug_msgs/cmake/ament_cmake_export_dependencies-extras.cmake
[1.232s] -- Up-to-date symlink: /home/zyme/ros_ws/Autoware_sim_test/install/tier4_debug_msgs/share/tier4_debug_msgs/cmake/ament_cmake_export_include_directories-extras.cmake
[1.233s] -- Up-to-date symlink: /home/zyme/ros_ws/Autoware_sim_test/install/tier4_debug_msgs/share/tier4_debug_msgs/cmake/ament_cmake_export_libraries-extras.cmake
[1.233s] -- Up-to-date symlink: /home/zyme/ros_ws/Autoware_sim_test/install/tier4_debug_msgs/share/tier4_debug_msgs/cmake/ament_cmake_export_targets-extras.cmake
[1.233s] -- Up-to-date symlink: /home/zyme/ros_ws/Autoware_sim_test/install/tier4_debug_msgs/share/tier4_debug_msgs/cmake/rosidl_cmake_export_typesupport_targets-extras.cmake
[1.233s] -- Up-to-date symlink: /home/zyme/ros_ws/Autoware_sim_test/install/tier4_debug_msgs/share/tier4_debug_msgs/cmake/rosidl_cmake_export_typesupport_libraries-extras.cmake
[1.233s] -- Up-to-date symlink: /home/zyme/ros_ws/Autoware_sim_test/install/tier4_debug_msgs/share/tier4_debug_msgs/cmake/tier4_debug_msgsConfig.cmake
[1.233s] -- Up-to-date symlink: /home/zyme/ros_ws/Autoware_sim_test/install/tier4_debug_msgs/share/tier4_debug_msgs/cmake/tier4_debug_msgsConfig-version.cmake
[1.233s] -- Up-to-date symlink: /home/zyme/ros_ws/Autoware_sim_test/install/tier4_debug_msgs/share/tier4_debug_msgs/package.xml
[1.234s] -- Up-to-date: /home/zyme/ros_ws/Autoware_sim_test/install/tier4_debug_msgs/lib/libtier4_debug_msgs__rosidl_generator_c.so
[1.235s] -- Up-to-date: /home/zyme/ros_ws/Autoware_sim_test/install/tier4_debug_msgs/lib/libtier4_debug_msgs__rosidl_typesupport_fastrtps_c.so
[1.235s] -- Up-to-date: /home/zyme/ros_ws/Autoware_sim_test/install/tier4_debug_msgs/lib/libtier4_debug_msgs__rosidl_typesupport_introspection_c.so
[1.236s] -- Up-to-date: /home/zyme/ros_ws/Autoware_sim_test/install/tier4_debug_msgs/lib/libtier4_debug_msgs__rosidl_typesupport_c.so
[1.236s] -- Up-to-date: /home/zyme/ros_ws/Autoware_sim_test/install/tier4_debug_msgs/lib/libtier4_debug_msgs__rosidl_typesupport_fastrtps_cpp.so
[1.237s] -- Up-to-date: /home/zyme/ros_ws/Autoware_sim_test/install/tier4_debug_msgs/lib/libtier4_debug_msgs__rosidl_typesupport_introspection_cpp.so
[1.238s] -- Up-to-date: /home/zyme/ros_ws/Autoware_sim_test/install/tier4_debug_msgs/lib/libtier4_debug_msgs__rosidl_typesupport_cpp.so
[1.268s] Listing '/home/zyme/ros_ws/Autoware_sim_test/install/tier4_debug_msgs/local/lib/python3.10/dist-packages/tier4_debug_msgs'...
[1.268s] Listing '/home/zyme/ros_ws/Autoware_sim_test/install/tier4_debug_msgs/local/lib/python3.10/dist-packages/tier4_debug_msgs/msg'...
[1.272s] -- Up-to-date: /home/zyme/ros_ws/Autoware_sim_test/install/tier4_debug_msgs/lib/libtier4_debug_msgs__rosidl_generator_py.so
[1.272s] -- Up-to-date: /home/zyme/ros_ws/Autoware_sim_test/install/tier4_debug_msgs/share/tier4_debug_msgs/cmake/export_tier4_debug_msgs__rosidl_generator_cExport.cmake
[1.272s] -- Up-to-date: /home/zyme/ros_ws/Autoware_sim_test/install/tier4_debug_msgs/share/tier4_debug_msgs/cmake/export_tier4_debug_msgs__rosidl_generator_cExport-release.cmake
[1.273s] -- Up-to-date: /home/zyme/ros_ws/Autoware_sim_test/install/tier4_debug_msgs/share/tier4_debug_msgs/cmake/export_tier4_debug_msgs__rosidl_typesupport_fastrtps_cExport.cmake
[1.273s] -- Up-to-date: /home/zyme/ros_ws/Autoware_sim_test/install/tier4_debug_msgs/share/tier4_debug_msgs/cmake/export_tier4_debug_msgs__rosidl_typesupport_fastrtps_cExport-release.cmake
[1.273s] -- Up-to-date: /home/zyme/ros_ws/Autoware_sim_test/install/tier4_debug_msgs/share/tier4_debug_msgs/cmake/tier4_debug_msgs__rosidl_typesupport_introspection_cExport.cmake
[1.273s] -- Up-to-date: /home/zyme/ros_ws/Autoware_sim_test/install/tier4_debug_msgs/share/tier4_debug_msgs/cmake/tier4_debug_msgs__rosidl_typesupport_introspection_cExport-release.cmake
[1.273s] -- Up-to-date: /home/zyme/ros_ws/Autoware_sim_test/install/tier4_debug_msgs/share/tier4_debug_msgs/cmake/tier4_debug_msgs__rosidl_typesupport_cExport.cmake
[1.273s] -- Up-to-date: /home/zyme/ros_ws/Autoware_sim_test/install/tier4_debug_msgs/share/tier4_debug_msgs/cmake/tier4_debug_msgs__rosidl_typesupport_cExport-release.cmake
[1.273s] -- Up-to-date: /home/zyme/ros_ws/Autoware_sim_test/install/tier4_debug_msgs/share/tier4_debug_msgs/cmake/export_tier4_debug_msgs__rosidl_generator_cppExport.cmake
[1.274s] -- Up-to-date: /home/zyme/ros_ws/Autoware_sim_test/install/tier4_debug_msgs/share/tier4_debug_msgs/cmake/export_tier4_debug_msgs__rosidl_typesupport_fastrtps_cppExport.cmake
[1.274s] -- Up-to-date: /home/zyme/ros_ws/Autoware_sim_test/install/tier4_debug_msgs/share/tier4_debug_msgs/cmake/export_tier4_debug_msgs__rosidl_typesupport_fastrtps_cppExport-release.cmake
[1.274s] -- Up-to-date: /home/zyme/ros_ws/Autoware_sim_test/install/tier4_debug_msgs/share/tier4_debug_msgs/cmake/tier4_debug_msgs__rosidl_typesupport_introspection_cppExport.cmake
[1.274s] -- Up-to-date: /home/zyme/ros_ws/Autoware_sim_test/install/tier4_debug_msgs/share/tier4_debug_msgs/cmake/tier4_debug_msgs__rosidl_typesupport_introspection_cppExport-release.cmake
[1.274s] -- Up-to-date: /home/zyme/ros_ws/Autoware_sim_test/install/tier4_debug_msgs/share/tier4_debug_msgs/cmake/tier4_debug_msgs__rosidl_typesupport_cppExport.cmake
[1.274s] -- Up-to-date: /home/zyme/ros_ws/Autoware_sim_test/install/tier4_debug_msgs/share/tier4_debug_msgs/cmake/tier4_debug_msgs__rosidl_typesupport_cppExport-release.cmake
[1.275s] -- Up-to-date: /home/zyme/ros_ws/Autoware_sim_test/install/tier4_debug_msgs/share/tier4_debug_msgs/cmake/export_tier4_debug_msgs__rosidl_generator_pyExport.cmake
[1.275s] -- Up-to-date: /home/zyme/ros_ws/Autoware_sim_test/install/tier4_debug_msgs/share/tier4_debug_msgs/cmake/export_tier4_debug_msgs__rosidl_generator_pyExport-release.cmake
[1.277s] Invoked command in '/home/zyme/ros_ws/Autoware_sim_test/build/tier4_debug_msgs' returned '0': CMAKE_PREFIX_PATH=/opt/ros/humble /usr/bin/cmake --install /home/zyme/ros_ws/Autoware_sim_test/build/tier4_debug_msgs
