[0.065s] Invoking command in '/home/zyme/ros_ws/Autoware_sim_test/build/autoware_auto_system_msgs': CMAKE_PREFIX_PATH=/opt/ros/humble /usr/bin/cmake --build /home/zyme/ros_ws/Autoware_sim_test/build/autoware_auto_system_msgs -- -j12 -l12
[0.132s] [  1%] Built target autoware_auto_system_msgs__cpp
[0.139s] [ 12%] Built target autoware_auto_system_msgs__rosidl_generator_c
[0.142s] [ 12%] Built target ament_cmake_python_symlink_autoware_auto_system_msgs
[0.176s] [ 24%] Built target autoware_auto_system_msgs__rosidl_typesupport_cpp
[0.179s] [ 46%] Built target autoware_auto_system_msgs__rosidl_typesupport_fastrtps_cpp
[0.179s] [ 46%] Built target autoware_auto_system_msgs__rosidl_typesupport_introspection_cpp
[0.181s] [ 58%] Built target autoware_auto_system_msgs__rosidl_typesupport_c
[0.184s] [ 69%] Built target autoware_auto_system_msgs__rosidl_typesupport_introspection_c
[0.189s] [ 81%] Built target autoware_auto_system_msgs__rosidl_typesupport_fastrtps_c
[0.210s] [ 81%] Built target autoware_auto_system_msgs
[0.232s] [ 82%] Built target autoware_auto_system_msgs__py
[0.258s] [ 92%] Built target autoware_auto_system_msgs__rosidl_generator_py
[0.286s] [100%] Built target autoware_auto_system_msgs__rosidl_typesupport_fastrtps_c__pyext
[0.286s] [100%] Built target autoware_auto_system_msgs__rosidl_typesupport_c__pyext
[0.286s] [100%] Built target autoware_auto_system_msgs__rosidl_typesupport_introspection_c__pyext
[0.425s] running egg_info
[0.426s] writing autoware_auto_system_msgs.egg-info/PKG-INFO
[0.427s] writing dependency_links to autoware_auto_system_msgs.egg-info/dependency_links.txt
[0.427s] writing top-level names to autoware_auto_system_msgs.egg-info/top_level.txt
[0.429s] reading manifest file 'autoware_auto_system_msgs.egg-info/SOURCES.txt'
[0.430s] writing manifest file 'autoware_auto_system_msgs.egg-info/SOURCES.txt'
[0.451s] [100%] Built target ament_cmake_python_build_autoware_auto_system_msgs_egg
[0.462s] Invoked command in '/home/zyme/ros_ws/Autoware_sim_test/build/autoware_auto_system_msgs' returned '0': CMAKE_PREFIX_PATH=/opt/ros/humble /usr/bin/cmake --build /home/zyme/ros_ws/Autoware_sim_test/build/autoware_auto_system_msgs -- -j12 -l12
[0.760s] Invoking command in '/home/zyme/ros_ws/Autoware_sim_test/build/autoware_auto_system_msgs': CMAKE_PREFIX_PATH=/opt/ros/humble /usr/bin/cmake --install /home/zyme/ros_ws/Autoware_sim_test/build/autoware_auto_system_msgs
[0.779s] -- Install configuration: "Release"
[0.781s] -- Execute custom install script
[0.782s] -- Up-to-date symlink: /home/zyme/ros_ws/Autoware_sim_test/install/autoware_auto_system_msgs/share/ament_index/resource_index/rosidl_interfaces/autoware_auto_system_msgs
[0.783s] -- Up-to-date symlink: /home/zyme/ros_ws/Autoware_sim_test/install/autoware_auto_system_msgs/include/autoware_auto_system_msgs/autoware_auto_system_msgs/msg/autoware_state.h
[0.783s] -- Up-to-date symlink: /home/zyme/ros_ws/Autoware_sim_test/install/autoware_auto_system_msgs/include/autoware_auto_system_msgs/autoware_auto_system_msgs/msg/control_diagnostic.h
[0.783s] -- Up-to-date symlink: /home/zyme/ros_ws/Autoware_sim_test/install/autoware_auto_system_msgs/include/autoware_auto_system_msgs/autoware_auto_system_msgs/msg/detail/autoware_state__functions.h
[0.784s] -- Up-to-date symlink: /home/zyme/ros_ws/Autoware_sim_test/install/autoware_auto_system_msgs/include/autoware_auto_system_msgs/autoware_auto_system_msgs/msg/detail/autoware_state__struct.h
[0.784s] -- Up-to-date symlink: /home/zyme/ros_ws/Autoware_sim_test/install/autoware_auto_system_msgs/include/autoware_auto_system_msgs/autoware_auto_system_msgs/msg/detail/autoware_state__type_support.h
[0.784s] -- Up-to-date symlink: /home/zyme/ros_ws/Autoware_sim_test/install/autoware_auto_system_msgs/include/autoware_auto_system_msgs/autoware_auto_system_msgs/msg/detail/control_diagnostic__functions.h
[0.784s] -- Up-to-date symlink: /home/zyme/ros_ws/Autoware_sim_test/install/autoware_auto_system_msgs/include/autoware_auto_system_msgs/autoware_auto_system_msgs/msg/detail/control_diagnostic__struct.h
[0.785s] -- Up-to-date symlink: /home/zyme/ros_ws/Autoware_sim_test/install/autoware_auto_system_msgs/include/autoware_auto_system_msgs/autoware_auto_system_msgs/msg/detail/control_diagnostic__type_support.h
[0.785s] -- Up-to-date symlink: /home/zyme/ros_ws/Autoware_sim_test/install/autoware_auto_system_msgs/include/autoware_auto_system_msgs/autoware_auto_system_msgs/msg/detail/diagnostic_header__functions.h
[0.785s] -- Up-to-date symlink: /home/zyme/ros_ws/Autoware_sim_test/install/autoware_auto_system_msgs/include/autoware_auto_system_msgs/autoware_auto_system_msgs/msg/detail/diagnostic_header__struct.h
[0.785s] -- Up-to-date symlink: /home/zyme/ros_ws/Autoware_sim_test/install/autoware_auto_system_msgs/include/autoware_auto_system_msgs/autoware_auto_system_msgs/msg/detail/diagnostic_header__type_support.h
[0.785s] -- Up-to-date symlink: /home/zyme/ros_ws/Autoware_sim_test/install/autoware_auto_system_msgs/include/autoware_auto_system_msgs/autoware_auto_system_msgs/msg/detail/driving_capability__functions.h
[0.786s] -- Up-to-date symlink: /home/zyme/ros_ws/Autoware_sim_test/install/autoware_auto_system_msgs/include/autoware_auto_system_msgs/autoware_auto_system_msgs/msg/detail/driving_capability__struct.h
[0.786s] -- Up-to-date symlink: /home/zyme/ros_ws/Autoware_sim_test/install/autoware_auto_system_msgs/include/autoware_auto_system_msgs/autoware_auto_system_msgs/msg/detail/driving_capability__type_support.h
[0.786s] -- Up-to-date symlink: /home/zyme/ros_ws/Autoware_sim_test/install/autoware_auto_system_msgs/include/autoware_auto_system_msgs/autoware_auto_system_msgs/msg/detail/emergency_state__functions.h
[0.786s] -- Up-to-date symlink: /home/zyme/ros_ws/Autoware_sim_test/install/autoware_auto_system_msgs/include/autoware_auto_system_msgs/autoware_auto_system_msgs/msg/detail/emergency_state__struct.h
[0.786s] -- Up-to-date symlink: /home/zyme/ros_ws/Autoware_sim_test/install/autoware_auto_system_msgs/include/autoware_auto_system_msgs/autoware_auto_system_msgs/msg/detail/emergency_state__type_support.h
[0.786s] -- Up-to-date symlink: /home/zyme/ros_ws/Autoware_sim_test/install/autoware_auto_system_msgs/include/autoware_auto_system_msgs/autoware_auto_system_msgs/msg/detail/hazard_status__functions.h
[0.786s] -- Up-to-date symlink: /home/zyme/ros_ws/Autoware_sim_test/install/autoware_auto_system_msgs/include/autoware_auto_system_msgs/autoware_auto_system_msgs/msg/detail/hazard_status__struct.h
[0.787s] -- Up-to-date symlink: /home/zyme/ros_ws/Autoware_sim_test/install/autoware_auto_system_msgs/include/autoware_auto_system_msgs/autoware_auto_system_msgs/msg/detail/hazard_status__type_support.h
[0.787s] -- Up-to-date symlink: /home/zyme/ros_ws/Autoware_sim_test/install/autoware_auto_system_msgs/include/autoware_auto_system_msgs/autoware_auto_system_msgs/msg/detail/hazard_status_stamped__functions.h
[0.787s] -- Up-to-date symlink: /home/zyme/ros_ws/Autoware_sim_test/install/autoware_auto_system_msgs/include/autoware_auto_system_msgs/autoware_auto_system_msgs/msg/detail/hazard_status_stamped__struct.h
[0.787s] -- Up-to-date symlink: /home/zyme/ros_ws/Autoware_sim_test/install/autoware_auto_system_msgs/include/autoware_auto_system_msgs/autoware_auto_system_msgs/msg/detail/hazard_status_stamped__type_support.h
[0.787s] -- Up-to-date symlink: /home/zyme/ros_ws/Autoware_sim_test/install/autoware_auto_system_msgs/include/autoware_auto_system_msgs/autoware_auto_system_msgs/msg/diagnostic_header.h
[0.787s] -- Up-to-date symlink: /home/zyme/ros_ws/Autoware_sim_test/install/autoware_auto_system_msgs/include/autoware_auto_system_msgs/autoware_auto_system_msgs/msg/driving_capability.h
[0.788s] -- Up-to-date symlink: /home/zyme/ros_ws/Autoware_sim_test/install/autoware_auto_system_msgs/include/autoware_auto_system_msgs/autoware_auto_system_msgs/msg/emergency_state.h
[0.788s] -- Up-to-date symlink: /home/zyme/ros_ws/Autoware_sim_test/install/autoware_auto_system_msgs/include/autoware_auto_system_msgs/autoware_auto_system_msgs/msg/hazard_status.h
[0.788s] -- Up-to-date symlink: /home/zyme/ros_ws/Autoware_sim_test/install/autoware_auto_system_msgs/include/autoware_auto_system_msgs/autoware_auto_system_msgs/msg/hazard_status_stamped.h
[0.788s] -- Up-to-date symlink: /home/zyme/ros_ws/Autoware_sim_test/install/autoware_auto_system_msgs/include/autoware_auto_system_msgs/autoware_auto_system_msgs/msg/rosidl_generator_c__visibility_control.h
[0.789s] -- Up-to-date symlink: /home/zyme/ros_ws/Autoware_sim_test/install/autoware_auto_system_msgs/share/autoware_auto_system_msgs/environment/library_path.sh
[0.789s] -- Up-to-date symlink: /home/zyme/ros_ws/Autoware_sim_test/install/autoware_auto_system_msgs/share/autoware_auto_system_msgs/environment/library_path.dsv
[0.790s] -- Up-to-date symlink: /home/zyme/ros_ws/Autoware_sim_test/install/autoware_auto_system_msgs/include/autoware_auto_system_msgs/autoware_auto_system_msgs/msg/detail/autoware_state__rosidl_typesupport_fastrtps_c.h
[0.790s] -- Up-to-date symlink: /home/zyme/ros_ws/Autoware_sim_test/install/autoware_auto_system_msgs/include/autoware_auto_system_msgs/autoware_auto_system_msgs/msg/detail/control_diagnostic__rosidl_typesupport_fastrtps_c.h
[0.790s] -- Up-to-date symlink: /home/zyme/ros_ws/Autoware_sim_test/install/autoware_auto_system_msgs/include/autoware_auto_system_msgs/autoware_auto_system_msgs/msg/detail/diagnostic_header__rosidl_typesupport_fastrtps_c.h
[0.790s] -- Up-to-date symlink: /home/zyme/ros_ws/Autoware_sim_test/install/autoware_auto_system_msgs/include/autoware_auto_system_msgs/autoware_auto_system_msgs/msg/detail/driving_capability__rosidl_typesupport_fastrtps_c.h
[0.790s] -- Up-to-date symlink: /home/zyme/ros_ws/Autoware_sim_test/install/autoware_auto_system_msgs/include/autoware_auto_system_msgs/autoware_auto_system_msgs/msg/detail/emergency_state__rosidl_typesupport_fastrtps_c.h
[0.791s] -- Up-to-date symlink: /home/zyme/ros_ws/Autoware_sim_test/install/autoware_auto_system_msgs/include/autoware_auto_system_msgs/autoware_auto_system_msgs/msg/detail/hazard_status__rosidl_typesupport_fastrtps_c.h
[0.791s] -- Up-to-date symlink: /home/zyme/ros_ws/Autoware_sim_test/install/autoware_auto_system_msgs/include/autoware_auto_system_msgs/autoware_auto_system_msgs/msg/detail/hazard_status_stamped__rosidl_typesupport_fastrtps_c.h
[0.791s] -- Up-to-date symlink: /home/zyme/ros_ws/Autoware_sim_test/install/autoware_auto_system_msgs/include/autoware_auto_system_msgs/autoware_auto_system_msgs/msg/rosidl_typesupport_fastrtps_c__visibility_control.h
[0.792s] -- Up-to-date symlink: /home/zyme/ros_ws/Autoware_sim_test/install/autoware_auto_system_msgs/include/autoware_auto_system_msgs/autoware_auto_system_msgs/msg/detail/autoware_state__rosidl_typesupport_introspection_c.h
[0.792s] -- Up-to-date symlink: /home/zyme/ros_ws/Autoware_sim_test/install/autoware_auto_system_msgs/include/autoware_auto_system_msgs/autoware_auto_system_msgs/msg/detail/control_diagnostic__rosidl_typesupport_introspection_c.h
[0.792s] -- Up-to-date symlink: /home/zyme/ros_ws/Autoware_sim_test/install/autoware_auto_system_msgs/include/autoware_auto_system_msgs/autoware_auto_system_msgs/msg/detail/diagnostic_header__rosidl_typesupport_introspection_c.h
[0.792s] -- Up-to-date symlink: /home/zyme/ros_ws/Autoware_sim_test/install/autoware_auto_system_msgs/include/autoware_auto_system_msgs/autoware_auto_system_msgs/msg/detail/driving_capability__rosidl_typesupport_introspection_c.h
[0.793s] -- Up-to-date symlink: /home/zyme/ros_ws/Autoware_sim_test/install/autoware_auto_system_msgs/include/autoware_auto_system_msgs/autoware_auto_system_msgs/msg/detail/emergency_state__rosidl_typesupport_introspection_c.h
[0.793s] -- Up-to-date symlink: /home/zyme/ros_ws/Autoware_sim_test/install/autoware_auto_system_msgs/include/autoware_auto_system_msgs/autoware_auto_system_msgs/msg/detail/hazard_status__rosidl_typesupport_introspection_c.h
[0.793s] -- Up-to-date symlink: /home/zyme/ros_ws/Autoware_sim_test/install/autoware_auto_system_msgs/include/autoware_auto_system_msgs/autoware_auto_system_msgs/msg/detail/hazard_status_stamped__rosidl_typesupport_introspection_c.h
[0.793s] -- Up-to-date symlink: /home/zyme/ros_ws/Autoware_sim_test/install/autoware_auto_system_msgs/include/autoware_auto_system_msgs/autoware_auto_system_msgs/msg/rosidl_typesupport_introspection_c__visibility_control.h
[0.794s] -- Up-to-date symlink: /home/zyme/ros_ws/Autoware_sim_test/install/autoware_auto_system_msgs/include/autoware_auto_system_msgs/autoware_auto_system_msgs/msg/autoware_state.hpp
[0.794s] -- Up-to-date symlink: /home/zyme/ros_ws/Autoware_sim_test/install/autoware_auto_system_msgs/include/autoware_auto_system_msgs/autoware_auto_system_msgs/msg/control_diagnostic.hpp
[0.794s] -- Up-to-date symlink: /home/zyme/ros_ws/Autoware_sim_test/install/autoware_auto_system_msgs/include/autoware_auto_system_msgs/autoware_auto_system_msgs/msg/detail/autoware_state__builder.hpp
[0.795s] -- Up-to-date symlink: /home/zyme/ros_ws/Autoware_sim_test/install/autoware_auto_system_msgs/include/autoware_auto_system_msgs/autoware_auto_system_msgs/msg/detail/autoware_state__struct.hpp
[0.795s] -- Up-to-date symlink: /home/zyme/ros_ws/Autoware_sim_test/install/autoware_auto_system_msgs/include/autoware_auto_system_msgs/autoware_auto_system_msgs/msg/detail/autoware_state__traits.hpp
[0.795s] -- Up-to-date symlink: /home/zyme/ros_ws/Autoware_sim_test/install/autoware_auto_system_msgs/include/autoware_auto_system_msgs/autoware_auto_system_msgs/msg/detail/control_diagnostic__builder.hpp
[0.795s] -- Up-to-date symlink: /home/zyme/ros_ws/Autoware_sim_test/install/autoware_auto_system_msgs/include/autoware_auto_system_msgs/autoware_auto_system_msgs/msg/detail/control_diagnostic__struct.hpp
[0.795s] -- Up-to-date symlink: /home/zyme/ros_ws/Autoware_sim_test/install/autoware_auto_system_msgs/include/autoware_auto_system_msgs/autoware_auto_system_msgs/msg/detail/control_diagnostic__traits.hpp
[0.796s] -- Up-to-date symlink: /home/zyme/ros_ws/Autoware_sim_test/install/autoware_auto_system_msgs/include/autoware_auto_system_msgs/autoware_auto_system_msgs/msg/detail/diagnostic_header__builder.hpp
[0.796s] -- Up-to-date symlink: /home/zyme/ros_ws/Autoware_sim_test/install/autoware_auto_system_msgs/include/autoware_auto_system_msgs/autoware_auto_system_msgs/msg/detail/diagnostic_header__struct.hpp
[0.796s] -- Up-to-date symlink: /home/zyme/ros_ws/Autoware_sim_test/install/autoware_auto_system_msgs/include/autoware_auto_system_msgs/autoware_auto_system_msgs/msg/detail/diagnostic_header__traits.hpp
[0.796s] -- Up-to-date symlink: /home/zyme/ros_ws/Autoware_sim_test/install/autoware_auto_system_msgs/include/autoware_auto_system_msgs/autoware_auto_system_msgs/msg/detail/driving_capability__builder.hpp
[0.797s] -- Up-to-date symlink: /home/zyme/ros_ws/Autoware_sim_test/install/autoware_auto_system_msgs/include/autoware_auto_system_msgs/autoware_auto_system_msgs/msg/detail/driving_capability__struct.hpp
[0.797s] -- Up-to-date symlink: /home/zyme/ros_ws/Autoware_sim_test/install/autoware_auto_system_msgs/include/autoware_auto_system_msgs/autoware_auto_system_msgs/msg/detail/driving_capability__traits.hpp
[0.797s] -- Up-to-date symlink: /home/zyme/ros_ws/Autoware_sim_test/install/autoware_auto_system_msgs/include/autoware_auto_system_msgs/autoware_auto_system_msgs/msg/detail/emergency_state__builder.hpp
[0.797s] -- Up-to-date symlink: /home/zyme/ros_ws/Autoware_sim_test/install/autoware_auto_system_msgs/include/autoware_auto_system_msgs/autoware_auto_system_msgs/msg/detail/emergency_state__struct.hpp
[0.797s] -- Up-to-date symlink: /home/zyme/ros_ws/Autoware_sim_test/install/autoware_auto_system_msgs/include/autoware_auto_system_msgs/autoware_auto_system_msgs/msg/detail/emergency_state__traits.hpp
[0.797s] -- Up-to-date symlink: /home/zyme/ros_ws/Autoware_sim_test/install/autoware_auto_system_msgs/include/autoware_auto_system_msgs/autoware_auto_system_msgs/msg/detail/hazard_status__builder.hpp
[0.798s] -- Up-to-date symlink: /home/zyme/ros_ws/Autoware_sim_test/install/autoware_auto_system_msgs/include/autoware_auto_system_msgs/autoware_auto_system_msgs/msg/detail/hazard_status__struct.hpp
[0.798s] -- Up-to-date symlink: /home/zyme/ros_ws/Autoware_sim_test/install/autoware_auto_system_msgs/include/autoware_auto_system_msgs/autoware_auto_system_msgs/msg/detail/hazard_status__traits.hpp
[0.798s] -- Up-to-date symlink: /home/zyme/ros_ws/Autoware_sim_test/install/autoware_auto_system_msgs/include/autoware_auto_system_msgs/autoware_auto_system_msgs/msg/detail/hazard_status_stamped__builder.hpp
[0.798s] -- Up-to-date symlink: /home/zyme/ros_ws/Autoware_sim_test/install/autoware_auto_system_msgs/include/autoware_auto_system_msgs/autoware_auto_system_msgs/msg/detail/hazard_status_stamped__struct.hpp
[0.798s] -- Up-to-date symlink: /home/zyme/ros_ws/Autoware_sim_test/install/autoware_auto_system_msgs/include/autoware_auto_system_msgs/autoware_auto_system_msgs/msg/detail/hazard_status_stamped__traits.hpp
[0.799s] -- Up-to-date symlink: /home/zyme/ros_ws/Autoware_sim_test/install/autoware_auto_system_msgs/include/autoware_auto_system_msgs/autoware_auto_system_msgs/msg/diagnostic_header.hpp
[0.799s] -- Up-to-date symlink: /home/zyme/ros_ws/Autoware_sim_test/install/autoware_auto_system_msgs/include/autoware_auto_system_msgs/autoware_auto_system_msgs/msg/driving_capability.hpp
[0.799s] -- Up-to-date symlink: /home/zyme/ros_ws/Autoware_sim_test/install/autoware_auto_system_msgs/include/autoware_auto_system_msgs/autoware_auto_system_msgs/msg/emergency_state.hpp
[0.799s] -- Up-to-date symlink: /home/zyme/ros_ws/Autoware_sim_test/install/autoware_auto_system_msgs/include/autoware_auto_system_msgs/autoware_auto_system_msgs/msg/hazard_status.hpp
[0.799s] -- Up-to-date symlink: /home/zyme/ros_ws/Autoware_sim_test/install/autoware_auto_system_msgs/include/autoware_auto_system_msgs/autoware_auto_system_msgs/msg/hazard_status_stamped.hpp
[0.800s] -- Up-to-date symlink: /home/zyme/ros_ws/Autoware_sim_test/install/autoware_auto_system_msgs/include/autoware_auto_system_msgs/autoware_auto_system_msgs/msg/detail/autoware_state__rosidl_typesupport_fastrtps_cpp.hpp
[0.800s] -- Up-to-date symlink: /home/zyme/ros_ws/Autoware_sim_test/install/autoware_auto_system_msgs/include/autoware_auto_system_msgs/autoware_auto_system_msgs/msg/detail/control_diagnostic__rosidl_typesupport_fastrtps_cpp.hpp
[0.801s] -- Up-to-date symlink: /home/zyme/ros_ws/Autoware_sim_test/install/autoware_auto_system_msgs/include/autoware_auto_system_msgs/autoware_auto_system_msgs/msg/detail/diagnostic_header__rosidl_typesupport_fastrtps_cpp.hpp
[0.801s] -- Up-to-date symlink: /home/zyme/ros_ws/Autoware_sim_test/install/autoware_auto_system_msgs/include/autoware_auto_system_msgs/autoware_auto_system_msgs/msg/detail/driving_capability__rosidl_typesupport_fastrtps_cpp.hpp
[0.801s] -- Up-to-date symlink: /home/zyme/ros_ws/Autoware_sim_test/install/autoware_auto_system_msgs/include/autoware_auto_system_msgs/autoware_auto_system_msgs/msg/detail/emergency_state__rosidl_typesupport_fastrtps_cpp.hpp
[0.801s] -- Up-to-date symlink: /home/zyme/ros_ws/Autoware_sim_test/install/autoware_auto_system_msgs/include/autoware_auto_system_msgs/autoware_auto_system_msgs/msg/detail/hazard_status__rosidl_typesupport_fastrtps_cpp.hpp
[0.801s] -- Up-to-date symlink: /home/zyme/ros_ws/Autoware_sim_test/install/autoware_auto_system_msgs/include/autoware_auto_system_msgs/autoware_auto_system_msgs/msg/detail/hazard_status_stamped__rosidl_typesupport_fastrtps_cpp.hpp
[0.802s] -- Up-to-date symlink: /home/zyme/ros_ws/Autoware_sim_test/install/autoware_auto_system_msgs/include/autoware_auto_system_msgs/autoware_auto_system_msgs/msg/rosidl_typesupport_fastrtps_cpp__visibility_control.h
[0.802s] -- Up-to-date symlink: /home/zyme/ros_ws/Autoware_sim_test/install/autoware_auto_system_msgs/include/autoware_auto_system_msgs/autoware_auto_system_msgs/msg/detail/autoware_state__rosidl_typesupport_introspection_cpp.hpp
[0.802s] -- Up-to-date symlink: /home/zyme/ros_ws/Autoware_sim_test/install/autoware_auto_system_msgs/include/autoware_auto_system_msgs/autoware_auto_system_msgs/msg/detail/control_diagnostic__rosidl_typesupport_introspection_cpp.hpp
[0.802s] -- Up-to-date symlink: /home/zyme/ros_ws/Autoware_sim_test/install/autoware_auto_system_msgs/include/autoware_auto_system_msgs/autoware_auto_system_msgs/msg/detail/diagnostic_header__rosidl_typesupport_introspection_cpp.hpp
[0.802s] -- Up-to-date symlink: /home/zyme/ros_ws/Autoware_sim_test/install/autoware_auto_system_msgs/include/autoware_auto_system_msgs/autoware_auto_system_msgs/msg/detail/driving_capability__rosidl_typesupport_introspection_cpp.hpp
[0.803s] -- Up-to-date symlink: /home/zyme/ros_ws/Autoware_sim_test/install/autoware_auto_system_msgs/include/autoware_auto_system_msgs/autoware_auto_system_msgs/msg/detail/emergency_state__rosidl_typesupport_introspection_cpp.hpp
[0.803s] -- Up-to-date symlink: /home/zyme/ros_ws/Autoware_sim_test/install/autoware_auto_system_msgs/include/autoware_auto_system_msgs/autoware_auto_system_msgs/msg/detail/hazard_status__rosidl_typesupport_introspection_cpp.hpp
[0.803s] -- Up-to-date symlink: /home/zyme/ros_ws/Autoware_sim_test/install/autoware_auto_system_msgs/include/autoware_auto_system_msgs/autoware_auto_system_msgs/msg/detail/hazard_status_stamped__rosidl_typesupport_introspection_cpp.hpp
[0.803s] -- Up-to-date symlink: /home/zyme/ros_ws/Autoware_sim_test/install/autoware_auto_system_msgs/share/autoware_auto_system_msgs/environment/pythonpath.sh
[0.803s] -- Up-to-date symlink: /home/zyme/ros_ws/Autoware_sim_test/install/autoware_auto_system_msgs/share/autoware_auto_system_msgs/environment/pythonpath.dsv
[0.804s] -- Up-to-date symlink: /home/zyme/ros_ws/Autoware_sim_test/install/autoware_auto_system_msgs/local/lib/python3.10/dist-packages/autoware_auto_system_msgs-1.0.0-py3.10.egg-info/PKG-INFO
[0.804s] -- Up-to-date symlink: /home/zyme/ros_ws/Autoware_sim_test/install/autoware_auto_system_msgs/local/lib/python3.10/dist-packages/autoware_auto_system_msgs-1.0.0-py3.10.egg-info/SOURCES.txt
[0.804s] -- Up-to-date symlink: /home/zyme/ros_ws/Autoware_sim_test/install/autoware_auto_system_msgs/local/lib/python3.10/dist-packages/autoware_auto_system_msgs-1.0.0-py3.10.egg-info/dependency_links.txt
[0.804s] -- Up-to-date symlink: /home/zyme/ros_ws/Autoware_sim_test/install/autoware_auto_system_msgs/local/lib/python3.10/dist-packages/autoware_auto_system_msgs-1.0.0-py3.10.egg-info/top_level.txt
[0.805s] -- Up-to-date symlink: /home/zyme/ros_ws/Autoware_sim_test/install/autoware_auto_system_msgs/local/lib/python3.10/dist-packages/autoware_auto_system_msgs/__init__.py
[0.805s] -- Up-to-date symlink: /home/zyme/ros_ws/Autoware_sim_test/install/autoware_auto_system_msgs/local/lib/python3.10/dist-packages/autoware_auto_system_msgs/_autoware_auto_system_msgs_s.ep.rosidl_typesupport_c.c
[0.805s] -- Up-to-date symlink: /home/zyme/ros_ws/Autoware_sim_test/install/autoware_auto_system_msgs/local/lib/python3.10/dist-packages/autoware_auto_system_msgs/_autoware_auto_system_msgs_s.ep.rosidl_typesupport_fastrtps_c.c
[0.806s] -- Up-to-date symlink: /home/zyme/ros_ws/Autoware_sim_test/install/autoware_auto_system_msgs/local/lib/python3.10/dist-packages/autoware_auto_system_msgs/_autoware_auto_system_msgs_s.ep.rosidl_typesupport_introspection_c.c
[0.806s] -- Up-to-date symlink: /home/zyme/ros_ws/Autoware_sim_test/install/autoware_auto_system_msgs/local/lib/python3.10/dist-packages/autoware_auto_system_msgs/autoware_auto_system_msgs_s__rosidl_typesupport_c.cpython-310-x86_64-linux-gnu.so
[0.806s] -- Up-to-date symlink: /home/zyme/ros_ws/Autoware_sim_test/install/autoware_auto_system_msgs/local/lib/python3.10/dist-packages/autoware_auto_system_msgs/autoware_auto_system_msgs_s__rosidl_typesupport_fastrtps_c.cpython-310-x86_64-linux-gnu.so
[0.806s] -- Up-to-date symlink: /home/zyme/ros_ws/Autoware_sim_test/install/autoware_auto_system_msgs/local/lib/python3.10/dist-packages/autoware_auto_system_msgs/autoware_auto_system_msgs_s__rosidl_typesupport_introspection_c.cpython-310-x86_64-linux-gnu.so
[0.806s] -- Up-to-date symlink: /home/zyme/ros_ws/Autoware_sim_test/install/autoware_auto_system_msgs/local/lib/python3.10/dist-packages/autoware_auto_system_msgs/libautoware_auto_system_msgs__rosidl_generator_py.so
[0.806s] -- Up-to-date symlink: /home/zyme/ros_ws/Autoware_sim_test/install/autoware_auto_system_msgs/local/lib/python3.10/dist-packages/autoware_auto_system_msgs/msg/__init__.py
[0.806s] -- Up-to-date symlink: /home/zyme/ros_ws/Autoware_sim_test/install/autoware_auto_system_msgs/local/lib/python3.10/dist-packages/autoware_auto_system_msgs/msg/_autoware_state.py
[0.807s] -- Up-to-date symlink: /home/zyme/ros_ws/Autoware_sim_test/install/autoware_auto_system_msgs/local/lib/python3.10/dist-packages/autoware_auto_system_msgs/msg/_autoware_state_s.c
[0.807s] -- Up-to-date symlink: /home/zyme/ros_ws/Autoware_sim_test/install/autoware_auto_system_msgs/local/lib/python3.10/dist-packages/autoware_auto_system_msgs/msg/_control_diagnostic.py
[0.807s] -- Up-to-date symlink: /home/zyme/ros_ws/Autoware_sim_test/install/autoware_auto_system_msgs/local/lib/python3.10/dist-packages/autoware_auto_system_msgs/msg/_control_diagnostic_s.c
[0.807s] -- Up-to-date symlink: /home/zyme/ros_ws/Autoware_sim_test/install/autoware_auto_system_msgs/local/lib/python3.10/dist-packages/autoware_auto_system_msgs/msg/_diagnostic_header.py
[0.807s] -- Up-to-date symlink: /home/zyme/ros_ws/Autoware_sim_test/install/autoware_auto_system_msgs/local/lib/python3.10/dist-packages/autoware_auto_system_msgs/msg/_diagnostic_header_s.c
[0.807s] -- Up-to-date symlink: /home/zyme/ros_ws/Autoware_sim_test/install/autoware_auto_system_msgs/local/lib/python3.10/dist-packages/autoware_auto_system_msgs/msg/_driving_capability.py
[0.808s] -- Up-to-date symlink: /home/zyme/ros_ws/Autoware_sim_test/install/autoware_auto_system_msgs/local/lib/python3.10/dist-packages/autoware_auto_system_msgs/msg/_driving_capability_s.c
[0.808s] -- Up-to-date symlink: /home/zyme/ros_ws/Autoware_sim_test/install/autoware_auto_system_msgs/local/lib/python3.10/dist-packages/autoware_auto_system_msgs/msg/_emergency_state.py
[0.808s] -- Up-to-date symlink: /home/zyme/ros_ws/Autoware_sim_test/install/autoware_auto_system_msgs/local/lib/python3.10/dist-packages/autoware_auto_system_msgs/msg/_emergency_state_s.c
[0.808s] -- Up-to-date symlink: /home/zyme/ros_ws/Autoware_sim_test/install/autoware_auto_system_msgs/local/lib/python3.10/dist-packages/autoware_auto_system_msgs/msg/_hazard_status.py
[0.808s] -- Up-to-date symlink: /home/zyme/ros_ws/Autoware_sim_test/install/autoware_auto_system_msgs/local/lib/python3.10/dist-packages/autoware_auto_system_msgs/msg/_hazard_status_s.c
[0.808s] -- Up-to-date symlink: /home/zyme/ros_ws/Autoware_sim_test/install/autoware_auto_system_msgs/local/lib/python3.10/dist-packages/autoware_auto_system_msgs/msg/_hazard_status_stamped.py
[0.809s] -- Up-to-date symlink: /home/zyme/ros_ws/Autoware_sim_test/install/autoware_auto_system_msgs/local/lib/python3.10/dist-packages/autoware_auto_system_msgs/msg/_hazard_status_stamped_s.c
[0.809s] -- Up-to-date symlink: /home/zyme/ros_ws/Autoware_sim_test/install/autoware_auto_system_msgs/local/lib/python3.10/dist-packages/autoware_auto_system_msgs/autoware_auto_system_msgs_s__rosidl_typesupport_fastrtps_c.cpython-310-x86_64-linux-gnu.so
[0.809s] -- Up-to-date symlink: /home/zyme/ros_ws/Autoware_sim_test/install/autoware_auto_system_msgs/local/lib/python3.10/dist-packages/autoware_auto_system_msgs/autoware_auto_system_msgs_s__rosidl_typesupport_introspection_c.cpython-310-x86_64-linux-gnu.so
[0.810s] -- Up-to-date symlink: /home/zyme/ros_ws/Autoware_sim_test/install/autoware_auto_system_msgs/local/lib/python3.10/dist-packages/autoware_auto_system_msgs/autoware_auto_system_msgs_s__rosidl_typesupport_c.cpython-310-x86_64-linux-gnu.so
[0.810s] -- Up-to-date symlink: /home/zyme/ros_ws/Autoware_sim_test/install/autoware_auto_system_msgs/share/autoware_auto_system_msgs/msg/AutowareState.idl
[0.810s] -- Up-to-date symlink: /home/zyme/ros_ws/Autoware_sim_test/install/autoware_auto_system_msgs/share/autoware_auto_system_msgs/msg/ControlDiagnostic.idl
[0.810s] -- Up-to-date symlink: /home/zyme/ros_ws/Autoware_sim_test/install/autoware_auto_system_msgs/share/autoware_auto_system_msgs/msg/DiagnosticHeader.idl
[0.811s] -- Up-to-date symlink: /home/zyme/ros_ws/Autoware_sim_test/install/autoware_auto_system_msgs/share/autoware_auto_system_msgs/msg/DrivingCapability.idl
[0.811s] -- Up-to-date symlink: /home/zyme/ros_ws/Autoware_sim_test/install/autoware_auto_system_msgs/share/autoware_auto_system_msgs/msg/EmergencyState.idl
[0.811s] -- Up-to-date symlink: /home/zyme/ros_ws/Autoware_sim_test/install/autoware_auto_system_msgs/share/autoware_auto_system_msgs/msg/HazardStatus.idl
[0.811s] -- Up-to-date symlink: /home/zyme/ros_ws/Autoware_sim_test/install/autoware_auto_system_msgs/share/autoware_auto_system_msgs/msg/HazardStatusStamped.idl
[0.812s] -- Up-to-date symlink: /home/zyme/ros_ws/Autoware_sim_test/install/autoware_auto_system_msgs/share/ament_index/resource_index/package_run_dependencies/autoware_auto_system_msgs
[0.812s] -- Up-to-date symlink: /home/zyme/ros_ws/Autoware_sim_test/install/autoware_auto_system_msgs/share/ament_index/resource_index/parent_prefix_path/autoware_auto_system_msgs
[0.813s] -- Up-to-date symlink: /home/zyme/ros_ws/Autoware_sim_test/install/autoware_auto_system_msgs/share/autoware_auto_system_msgs/environment/ament_prefix_path.sh
[0.813s] -- Up-to-date symlink: /home/zyme/ros_ws/Autoware_sim_test/install/autoware_auto_system_msgs/share/autoware_auto_system_msgs/environment/ament_prefix_path.dsv
[0.813s] -- Up-to-date symlink: /home/zyme/ros_ws/Autoware_sim_test/install/autoware_auto_system_msgs/share/autoware_auto_system_msgs/environment/path.sh
[0.813s] -- Up-to-date symlink: /home/zyme/ros_ws/Autoware_sim_test/install/autoware_auto_system_msgs/share/autoware_auto_system_msgs/environment/path.dsv
[0.813s] -- Up-to-date symlink: /home/zyme/ros_ws/Autoware_sim_test/install/autoware_auto_system_msgs/share/autoware_auto_system_msgs/local_setup.bash
[0.813s] -- Up-to-date symlink: /home/zyme/ros_ws/Autoware_sim_test/install/autoware_auto_system_msgs/share/autoware_auto_system_msgs/local_setup.sh
[0.814s] -- Up-to-date symlink: /home/zyme/ros_ws/Autoware_sim_test/install/autoware_auto_system_msgs/share/autoware_auto_system_msgs/local_setup.zsh
[0.814s] -- Up-to-date symlink: /home/zyme/ros_ws/Autoware_sim_test/install/autoware_auto_system_msgs/share/autoware_auto_system_msgs/local_setup.dsv
[0.814s] -- Symlinking: /home/zyme/ros_ws/Autoware_sim_test/install/autoware_auto_system_msgs/share/autoware_auto_system_msgs/package.dsv
[0.822s] -- Up-to-date symlink: /home/zyme/ros_ws/Autoware_sim_test/install/autoware_auto_system_msgs/share/ament_index/resource_index/packages/autoware_auto_system_msgs
[0.823s] -- Up-to-date symlink: /home/zyme/ros_ws/Autoware_sim_test/install/autoware_auto_system_msgs/share/autoware_auto_system_msgs/cmake/rosidl_cmake-extras.cmake
[0.823s] -- Up-to-date symlink: /home/zyme/ros_ws/Autoware_sim_test/install/autoware_auto_system_msgs/share/autoware_auto_system_msgs/cmake/ament_cmake_export_dependencies-extras.cmake
[0.823s] -- Up-to-date symlink: /home/zyme/ros_ws/Autoware_sim_test/install/autoware_auto_system_msgs/share/autoware_auto_system_msgs/cmake/ament_cmake_export_include_directories-extras.cmake
[0.823s] -- Up-to-date symlink: /home/zyme/ros_ws/Autoware_sim_test/install/autoware_auto_system_msgs/share/autoware_auto_system_msgs/cmake/ament_cmake_export_libraries-extras.cmake
[0.824s] -- Up-to-date symlink: /home/zyme/ros_ws/Autoware_sim_test/install/autoware_auto_system_msgs/share/autoware_auto_system_msgs/cmake/ament_cmake_export_targets-extras.cmake
[0.824s] -- Up-to-date symlink: /home/zyme/ros_ws/Autoware_sim_test/install/autoware_auto_system_msgs/share/autoware_auto_system_msgs/cmake/rosidl_cmake_export_typesupport_targets-extras.cmake
[0.824s] -- Up-to-date symlink: /home/zyme/ros_ws/Autoware_sim_test/install/autoware_auto_system_msgs/share/autoware_auto_system_msgs/cmake/rosidl_cmake_export_typesupport_libraries-extras.cmake
[0.824s] -- Up-to-date symlink: /home/zyme/ros_ws/Autoware_sim_test/install/autoware_auto_system_msgs/share/autoware_auto_system_msgs/cmake/autoware_auto_system_msgsConfig.cmake
[0.824s] -- Up-to-date symlink: /home/zyme/ros_ws/Autoware_sim_test/install/autoware_auto_system_msgs/share/autoware_auto_system_msgs/cmake/autoware_auto_system_msgsConfig-version.cmake
[0.824s] -- Up-to-date symlink: /home/zyme/ros_ws/Autoware_sim_test/install/autoware_auto_system_msgs/share/autoware_auto_system_msgs/package.xml
[0.825s] -- Up-to-date: /home/zyme/ros_ws/Autoware_sim_test/install/autoware_auto_system_msgs/lib/libautoware_auto_system_msgs__rosidl_generator_c.so
[0.826s] -- Up-to-date: /home/zyme/ros_ws/Autoware_sim_test/install/autoware_auto_system_msgs/lib/libautoware_auto_system_msgs__rosidl_typesupport_fastrtps_c.so
[0.827s] -- Up-to-date: /home/zyme/ros_ws/Autoware_sim_test/install/autoware_auto_system_msgs/lib/libautoware_auto_system_msgs__rosidl_typesupport_introspection_c.so
[0.827s] -- Up-to-date: /home/zyme/ros_ws/Autoware_sim_test/install/autoware_auto_system_msgs/lib/libautoware_auto_system_msgs__rosidl_typesupport_c.so
[0.828s] -- Up-to-date: /home/zyme/ros_ws/Autoware_sim_test/install/autoware_auto_system_msgs/lib/libautoware_auto_system_msgs__rosidl_typesupport_fastrtps_cpp.so
[0.828s] -- Up-to-date: /home/zyme/ros_ws/Autoware_sim_test/install/autoware_auto_system_msgs/lib/libautoware_auto_system_msgs__rosidl_typesupport_introspection_cpp.so
[0.829s] -- Up-to-date: /home/zyme/ros_ws/Autoware_sim_test/install/autoware_auto_system_msgs/lib/libautoware_auto_system_msgs__rosidl_typesupport_cpp.so
[0.859s] Listing '/home/zyme/ros_ws/Autoware_sim_test/install/autoware_auto_system_msgs/local/lib/python3.10/dist-packages/autoware_auto_system_msgs'...
[0.859s] Listing '/home/zyme/ros_ws/Autoware_sim_test/install/autoware_auto_system_msgs/local/lib/python3.10/dist-packages/autoware_auto_system_msgs/msg'...
[0.863s] -- Up-to-date: /home/zyme/ros_ws/Autoware_sim_test/install/autoware_auto_system_msgs/lib/libautoware_auto_system_msgs__rosidl_generator_py.so
[0.864s] -- Up-to-date: /home/zyme/ros_ws/Autoware_sim_test/install/autoware_auto_system_msgs/share/autoware_auto_system_msgs/cmake/export_autoware_auto_system_msgs__rosidl_generator_cExport.cmake
[0.864s] -- Up-to-date: /home/zyme/ros_ws/Autoware_sim_test/install/autoware_auto_system_msgs/share/autoware_auto_system_msgs/cmake/export_autoware_auto_system_msgs__rosidl_generator_cExport-release.cmake
[0.864s] -- Up-to-date: /home/zyme/ros_ws/Autoware_sim_test/install/autoware_auto_system_msgs/share/autoware_auto_system_msgs/cmake/export_autoware_auto_system_msgs__rosidl_typesupport_fastrtps_cExport.cmake
[0.864s] -- Up-to-date: /home/zyme/ros_ws/Autoware_sim_test/install/autoware_auto_system_msgs/share/autoware_auto_system_msgs/cmake/export_autoware_auto_system_msgs__rosidl_typesupport_fastrtps_cExport-release.cmake
[0.864s] -- Up-to-date: /home/zyme/ros_ws/Autoware_sim_test/install/autoware_auto_system_msgs/share/autoware_auto_system_msgs/cmake/autoware_auto_system_msgs__rosidl_typesupport_introspection_cExport.cmake
[0.864s] -- Up-to-date: /home/zyme/ros_ws/Autoware_sim_test/install/autoware_auto_system_msgs/share/autoware_auto_system_msgs/cmake/autoware_auto_system_msgs__rosidl_typesupport_introspection_cExport-release.cmake
[0.864s] -- Up-to-date: /home/zyme/ros_ws/Autoware_sim_test/install/autoware_auto_system_msgs/share/autoware_auto_system_msgs/cmake/autoware_auto_system_msgs__rosidl_typesupport_cExport.cmake
[0.865s] -- Up-to-date: /home/zyme/ros_ws/Autoware_sim_test/install/autoware_auto_system_msgs/share/autoware_auto_system_msgs/cmake/autoware_auto_system_msgs__rosidl_typesupport_cExport-release.cmake
[0.865s] -- Up-to-date: /home/zyme/ros_ws/Autoware_sim_test/install/autoware_auto_system_msgs/share/autoware_auto_system_msgs/cmake/export_autoware_auto_system_msgs__rosidl_generator_cppExport.cmake
[0.865s] -- Up-to-date: /home/zyme/ros_ws/Autoware_sim_test/install/autoware_auto_system_msgs/share/autoware_auto_system_msgs/cmake/export_autoware_auto_system_msgs__rosidl_typesupport_fastrtps_cppExport.cmake
[0.865s] -- Up-to-date: /home/zyme/ros_ws/Autoware_sim_test/install/autoware_auto_system_msgs/share/autoware_auto_system_msgs/cmake/export_autoware_auto_system_msgs__rosidl_typesupport_fastrtps_cppExport-release.cmake
[0.866s] -- Up-to-date: /home/zyme/ros_ws/Autoware_sim_test/install/autoware_auto_system_msgs/share/autoware_auto_system_msgs/cmake/autoware_auto_system_msgs__rosidl_typesupport_introspection_cppExport.cmake
[0.866s] -- Up-to-date: /home/zyme/ros_ws/Autoware_sim_test/install/autoware_auto_system_msgs/share/autoware_auto_system_msgs/cmake/autoware_auto_system_msgs__rosidl_typesupport_introspection_cppExport-release.cmake
[0.866s] -- Up-to-date: /home/zyme/ros_ws/Autoware_sim_test/install/autoware_auto_system_msgs/share/autoware_auto_system_msgs/cmake/autoware_auto_system_msgs__rosidl_typesupport_cppExport.cmake
[0.866s] -- Up-to-date: /home/zyme/ros_ws/Autoware_sim_test/install/autoware_auto_system_msgs/share/autoware_auto_system_msgs/cmake/autoware_auto_system_msgs__rosidl_typesupport_cppExport-release.cmake
[0.866s] -- Up-to-date: /home/zyme/ros_ws/Autoware_sim_test/install/autoware_auto_system_msgs/share/autoware_auto_system_msgs/cmake/export_autoware_auto_system_msgs__rosidl_generator_pyExport.cmake
[0.866s] -- Up-to-date: /home/zyme/ros_ws/Autoware_sim_test/install/autoware_auto_system_msgs/share/autoware_auto_system_msgs/cmake/export_autoware_auto_system_msgs__rosidl_generator_pyExport-release.cmake
[0.869s] Invoked command in '/home/zyme/ros_ws/Autoware_sim_test/build/autoware_auto_system_msgs' returned '0': CMAKE_PREFIX_PATH=/opt/ros/humble /usr/bin/cmake --install /home/zyme/ros_ws/Autoware_sim_test/build/autoware_auto_system_msgs
