[0.055s] Invoking command in '/home/zyme/ros_ws/Autoware_sim_test/build/tamagawa_imu_driver': CMAKE_PREFIX_PATH=/opt/ros/humble /usr/bin/cmake /home/zyme/ros_ws/Autoware_sim_test/src/autoware/src/sensor_component/external/tamagawa_imu_driver -DCMAKE_BUILD_TYPE=Release -DCMAKE_CXX_FLAGS=-w -DAMENT_CMAKE_SYMLINK_INSTALL=1 -DCMAKE_INSTALL_PREFIX=/home/zyme/ros_ws/Autoware_sim_test/install/tamagawa_imu_driver
[0.065s] -- Found ament_cmake_auto: 1.3.8 (/opt/ros/humble/share/ament_cmake_auto/cmake)
[0.167s] -- Override CMake install command with custom implementation using symlinks instead of copying resources
[0.264s] -- Found rosidl_generator_c: 3.1.5 (/opt/ros/humble/share/rosidl_generator_c/cmake)
[0.267s] -- Found rosidl_adapter: 3.1.5 (/opt/ros/humble/share/rosidl_adapter/cmake)
[0.272s] -- Found rosidl_generator_cpp: 3.1.5 (/opt/ros/humble/share/rosidl_generator_cpp/cmake)
[0.282s] -- Using all available rosidl_typesupport_c: rosidl_typesupport_fastrtps_c;rosidl_typesupport_introspection_c
[0.297s] -- Using all available rosidl_typesupport_cpp: rosidl_typesupport_fastrtps_cpp;rosidl_typesupport_introspection_cpp
[0.350s] -- Found rmw_implementation_cmake: 6.1.1 (/opt/ros/humble/share/rmw_implementation_cmake/cmake)
[0.351s] -- Found rmw_cyclonedds_cpp: 1.3.4 (/opt/ros/humble/share/rmw_cyclonedds_cpp/cmake)
[0.378s] -- Using RMW implementation 'rmw_cyclonedds_cpp' as default
[0.681s] -- Found ament_lint_auto: 0.12.10 (/opt/ros/humble/share/ament_lint_auto/cmake)
[0.690s] -- Added test 'copyright' to check source files copyright and LICENSE
[0.694s] -- Added test 'cppcheck' to perform static code analysis on C / C++ code
[0.694s] -- Configured cppcheck include dirs: 
[0.694s] -- Configured cppcheck exclude dirs and/or files: 
[0.697s] -- Added test 'cpplint' to check C / C++ code against the Google style
[0.697s] -- Configured cpplint exclude dirs and/or files: 
[0.699s] -- Added test 'lint_cmake' to check CMake code style
[0.702s] -- Added test 'uncrustify' to check C / C++ code style
[0.702s] -- Configured uncrustify additional arguments: 
[0.703s] -- Added test 'xmllint' to check XML markup files
[0.704s] -- Configuring done
[0.717s] -- Generating done
[0.719s] -- Build files have been written to: /home/zyme/ros_ws/Autoware_sim_test/build/tamagawa_imu_driver
[0.725s] Invoked command in '/home/zyme/ros_ws/Autoware_sim_test/build/tamagawa_imu_driver' returned '0': CMAKE_PREFIX_PATH=/opt/ros/humble /usr/bin/cmake /home/zyme/ros_ws/Autoware_sim_test/src/autoware/src/sensor_component/external/tamagawa_imu_driver -DCMAKE_BUILD_TYPE=Release -DCMAKE_CXX_FLAGS=-w -DAMENT_CMAKE_SYMLINK_INSTALL=1 -DCMAKE_INSTALL_PREFIX=/home/zyme/ros_ws/Autoware_sim_test/install/tamagawa_imu_driver
[0.725s] Invoking command in '/home/zyme/ros_ws/Autoware_sim_test/build/tamagawa_imu_driver': CMAKE_PREFIX_PATH=/opt/ros/humble /usr/bin/cmake --build /home/zyme/ros_ws/Autoware_sim_test/build/tamagawa_imu_driver -- -j12 -l12
[0.760s] [35m[1mConsolidate compiler generated dependencies of target tag_can_driver[0m
[0.761s] [35m[1mConsolidate compiler generated dependencies of target tag_serial_driver[0m
[0.777s] [ 50%] Built target tag_can_driver
[0.786s] [100%] Built target tag_serial_driver
[0.796s] Invoked command in '/home/zyme/ros_ws/Autoware_sim_test/build/tamagawa_imu_driver' returned '0': CMAKE_PREFIX_PATH=/opt/ros/humble /usr/bin/cmake --build /home/zyme/ros_ws/Autoware_sim_test/build/tamagawa_imu_driver -- -j12 -l12
[0.822s] Invoking command in '/home/zyme/ros_ws/Autoware_sim_test/build/tamagawa_imu_driver': CMAKE_PREFIX_PATH=/opt/ros/humble /usr/bin/cmake --install /home/zyme/ros_ws/Autoware_sim_test/build/tamagawa_imu_driver
[0.829s] -- Install configuration: "Release"
[0.829s] -- Execute custom install script
[0.829s] -- Up-to-date symlink: /home/zyme/ros_ws/Autoware_sim_test/install/tamagawa_imu_driver/lib/tamagawa_imu_driver/tag_serial_driver
[0.830s] -- Up-to-date symlink: /home/zyme/ros_ws/Autoware_sim_test/install/tamagawa_imu_driver/lib/tamagawa_imu_driver/tag_can_driver
[0.830s] -- Up-to-date symlink: /home/zyme/ros_ws/Autoware_sim_test/install/tamagawa_imu_driver/share/tamagawa_imu_driver/launch/can.launch.xml
[0.830s] -- Up-to-date symlink: /home/zyme/ros_ws/Autoware_sim_test/install/tamagawa_imu_driver/share/tamagawa_imu_driver/launch/serial_AU7554N.launch.xml
[0.831s] -- Up-to-date symlink: /home/zyme/ros_ws/Autoware_sim_test/install/tamagawa_imu_driver/share/tamagawa_imu_driver/launch/serial_TAG250_Nxx00.launch.xml
[0.831s] -- Up-to-date symlink: /home/zyme/ros_ws/Autoware_sim_test/install/tamagawa_imu_driver/share/tamagawa_imu_driver/launch/serial_TAG250_Nxx40.launch.xml
[0.831s] -- Up-to-date symlink: /home/zyme/ros_ws/Autoware_sim_test/install/tamagawa_imu_driver/share/tamagawa_imu_driver/launch/serial_TAG264.launch.xml
[0.831s] -- Up-to-date symlink: /home/zyme/ros_ws/Autoware_sim_test/install/tamagawa_imu_driver/share/ament_index/resource_index/package_run_dependencies/tamagawa_imu_driver
[0.831s] -- Up-to-date symlink: /home/zyme/ros_ws/Autoware_sim_test/install/tamagawa_imu_driver/share/ament_index/resource_index/parent_prefix_path/tamagawa_imu_driver
[0.831s] -- Up-to-date symlink: /home/zyme/ros_ws/Autoware_sim_test/install/tamagawa_imu_driver/share/tamagawa_imu_driver/environment/ament_prefix_path.sh
[0.832s] -- Up-to-date symlink: /home/zyme/ros_ws/Autoware_sim_test/install/tamagawa_imu_driver/share/tamagawa_imu_driver/environment/ament_prefix_path.dsv
[0.832s] -- Up-to-date symlink: /home/zyme/ros_ws/Autoware_sim_test/install/tamagawa_imu_driver/share/tamagawa_imu_driver/environment/path.sh
[0.832s] -- Up-to-date symlink: /home/zyme/ros_ws/Autoware_sim_test/install/tamagawa_imu_driver/share/tamagawa_imu_driver/environment/path.dsv
[0.832s] -- Up-to-date symlink: /home/zyme/ros_ws/Autoware_sim_test/install/tamagawa_imu_driver/share/tamagawa_imu_driver/local_setup.bash
[0.832s] -- Up-to-date symlink: /home/zyme/ros_ws/Autoware_sim_test/install/tamagawa_imu_driver/share/tamagawa_imu_driver/local_setup.sh
[0.832s] -- Up-to-date symlink: /home/zyme/ros_ws/Autoware_sim_test/install/tamagawa_imu_driver/share/tamagawa_imu_driver/local_setup.zsh
[0.832s] -- Up-to-date symlink: /home/zyme/ros_ws/Autoware_sim_test/install/tamagawa_imu_driver/share/tamagawa_imu_driver/local_setup.dsv
[0.833s] -- Symlinking: /home/zyme/ros_ws/Autoware_sim_test/install/tamagawa_imu_driver/share/tamagawa_imu_driver/package.dsv
[0.841s] -- Up-to-date symlink: /home/zyme/ros_ws/Autoware_sim_test/install/tamagawa_imu_driver/share/ament_index/resource_index/packages/tamagawa_imu_driver
[0.841s] -- Up-to-date symlink: /home/zyme/ros_ws/Autoware_sim_test/install/tamagawa_imu_driver/share/tamagawa_imu_driver/cmake/ament_cmake_export_dependencies-extras.cmake
[0.841s] -- Up-to-date symlink: /home/zyme/ros_ws/Autoware_sim_test/install/tamagawa_imu_driver/share/tamagawa_imu_driver/cmake/tamagawa_imu_driverConfig.cmake
[0.841s] -- Up-to-date symlink: /home/zyme/ros_ws/Autoware_sim_test/install/tamagawa_imu_driver/share/tamagawa_imu_driver/cmake/tamagawa_imu_driverConfig-version.cmake
[0.841s] -- Up-to-date symlink: /home/zyme/ros_ws/Autoware_sim_test/install/tamagawa_imu_driver/share/tamagawa_imu_driver/package.xml
[0.843s] Invoked command in '/home/zyme/ros_ws/Autoware_sim_test/build/tamagawa_imu_driver' returned '0': CMAKE_PREFIX_PATH=/opt/ros/humble /usr/bin/cmake --install /home/zyme/ros_ws/Autoware_sim_test/build/tamagawa_imu_driver
