[0.078s] Invoking command in '/home/zyme/ros_ws/Autoware_sim_test/build/nebula_ros': AMENT_PREFIX_PATH=/home/zyme/ros_ws/Autoware_sim_test/install/nebula_hw_interfaces:/home/zyme/ros_ws/Autoware_sim_test/install/nebula_decoders:/home/zyme/ros_ws/Autoware_sim_test/install/boost_udp_driver:/home/zyme/ros_ws/Autoware_sim_test/install/robosense_msgs:/home/zyme/ros_ws/Autoware_sim_test/install/pandar_msgs:/home/zyme/ros_ws/Autoware_sim_test/install/nebula_common:/home/zyme/ros_ws/Autoware_sim_test/install/boost_tcp_driver:/home/zyme/ros_ws/Autoware_sim_test/install/boost_io_context:${AMENT_PREFIX_PATH} CMAKE_PREFIX_PATH=/home/zyme/ros_ws/Autoware_sim_test/install/nebula_hw_interfaces:/home/zyme/ros_ws/Autoware_sim_test/install/nebula_decoders:/home/zyme/ros_ws/Autoware_sim_test/install/boost_udp_driver:/home/zyme/ros_ws/Autoware_sim_test/install/robosense_msgs:/home/zyme/ros_ws/Autoware_sim_test/install/pandar_msgs:/home/zyme/ros_ws/Autoware_sim_test/install/nebula_common:/home/zyme/ros_ws/Autoware_sim_test/install/boost_tcp_driver:/home/zyme/ros_ws/Autoware_sim_test/install/boost_io_context:/opt/ros/humble LD_LIBRARY_PATH=/home/zyme/ros_ws/Autoware_sim_test/install/nebula_hw_interfaces/lib:/home/zyme/ros_ws/Autoware_sim_test/install/nebula_decoders/lib:/home/zyme/ros_ws/Autoware_sim_test/install/boost_udp_driver/lib:/home/zyme/ros_ws/Autoware_sim_test/install/robosense_msgs/lib:/home/zyme/ros_ws/Autoware_sim_test/install/pandar_msgs/lib:/home/zyme/ros_ws/Autoware_sim_test/install/nebula_common/lib:/home/zyme/ros_ws/Autoware_sim_test/install/boost_tcp_driver/lib:/home/zyme/ros_ws/Autoware_sim_test/install/boost_io_context/lib:${LD_LIBRARY_PATH} PYTHONPATH=/home/zyme/ros_ws/Autoware_sim_test/install/robosense_msgs/local/lib/python3.10/dist-packages:/home/zyme/ros_ws/Autoware_sim_test/install/pandar_msgs/local/lib/python3.10/dist-packages:${PYTHONPATH} /usr/bin/cmake --build /home/zyme/ros_ws/Autoware_sim_test/build/nebula_ros -- -j12 -l12
[0.132s] [35m[1mConsolidate compiler generated dependencies of target hesai_hw_monitor_ros_wrapper_node[0m
[0.132s] [35m[1mConsolidate compiler generated dependencies of target robosense_hw_interface_ros_wrapper_node[0m
[0.132s] [35m[1mConsolidate compiler generated dependencies of target hesai_driver_ros_wrapper_node[0m
[0.133s] [35m[1mConsolidate compiler generated dependencies of target hesai_hw_interface_ros_wrapper_node[0m
[0.133s] [35m[1mConsolidate compiler generated dependencies of target velodyne_hw_ros_wrapper_node[0m
[0.133s] [35m[1mConsolidate compiler generated dependencies of target velodyne_hw_monitor_ros_wrapper_node[0m
[0.134s] [35m[1mConsolidate compiler generated dependencies of target velodyne_driver_ros_wrapper_node[0m
[0.135s] [35m[1mConsolidate compiler generated dependencies of target robosense_driver_ros_wrapper_node[0m
[0.136s] [35m[1mConsolidate compiler generated dependencies of target robosense_hw_monitor_ros_wrapper_node[0m
[0.136s] [35m[1mConsolidate compiler generated dependencies of target hesai_hw_ros_wrapper[0m
[0.163s] [ 11%] Built target hesai_hw_monitor_ros_wrapper_node
[0.163s] [ 11%] Built target robosense_hw_interface_ros_wrapper_node
[0.166s] [ 16%] Built target velodyne_hw_monitor_ros_wrapper_node
[0.166s] [ 22%] Built target hesai_driver_ros_wrapper_node
[0.166s] [ 27%] Built target velodyne_hw_ros_wrapper_node
[0.169s] [ 38%] Built target robosense_hw_monitor_ros_wrapper_node
[0.169s] [ 38%] Built target robosense_driver_ros_wrapper_node
[0.169s] [ 44%] Built target velodyne_driver_ros_wrapper_node
[0.170s] [ 50%] Built target hesai_hw_interface_ros_wrapper_node
[0.192s] [ 55%] Built target hesai_hw_ros_wrapper
[0.205s] [35m[1mConsolidate compiler generated dependencies of target hesai_hw_monitor_ros_wrapper[0m
[0.241s] [ 61%] Built target hesai_hw_monitor_ros_wrapper
[0.255s] [35m[1mConsolidate compiler generated dependencies of target hesai_driver_ros_wrapper[0m
[0.292s] [ 66%] Built target hesai_driver_ros_wrapper
[0.305s] [35m[1mConsolidate compiler generated dependencies of target velodyne_hw_ros_wrapper[0m
[0.341s] [ 72%] Built target velodyne_hw_ros_wrapper
[0.355s] [35m[1mConsolidate compiler generated dependencies of target velodyne_hw_monitor_ros_wrapper[0m
[0.391s] [ 77%] Built target velodyne_hw_monitor_ros_wrapper
[0.403s] [35m[1mConsolidate compiler generated dependencies of target velodyne_driver_ros_wrapper[0m
[0.429s] [ 83%] Built target velodyne_driver_ros_wrapper
[0.442s] [35m[1mConsolidate compiler generated dependencies of target robosense_hw_ros_wrapper[0m
[0.472s] [ 88%] Built target robosense_hw_ros_wrapper
[0.485s] [35m[1mConsolidate compiler generated dependencies of target robosense_driver_ros_wrapper[0m
[0.516s] [ 94%] Built target robosense_driver_ros_wrapper
[0.529s] [35m[1mConsolidate compiler generated dependencies of target robosense_hw_monitor_ros_wrapper[0m
[0.562s] [100%] Built target robosense_hw_monitor_ros_wrapper
[0.573s] Invoked command in '/home/zyme/ros_ws/Autoware_sim_test/build/nebula_ros' returned '0': AMENT_PREFIX_PATH=/home/zyme/ros_ws/Autoware_sim_test/install/nebula_hw_interfaces:/home/zyme/ros_ws/Autoware_sim_test/install/nebula_decoders:/home/zyme/ros_ws/Autoware_sim_test/install/boost_udp_driver:/home/zyme/ros_ws/Autoware_sim_test/install/robosense_msgs:/home/zyme/ros_ws/Autoware_sim_test/install/pandar_msgs:/home/zyme/ros_ws/Autoware_sim_test/install/nebula_common:/home/zyme/ros_ws/Autoware_sim_test/install/boost_tcp_driver:/home/zyme/ros_ws/Autoware_sim_test/install/boost_io_context:${AMENT_PREFIX_PATH} CMAKE_PREFIX_PATH=/home/zyme/ros_ws/Autoware_sim_test/install/nebula_hw_interfaces:/home/zyme/ros_ws/Autoware_sim_test/install/nebula_decoders:/home/zyme/ros_ws/Autoware_sim_test/install/boost_udp_driver:/home/zyme/ros_ws/Autoware_sim_test/install/robosense_msgs:/home/zyme/ros_ws/Autoware_sim_test/install/pandar_msgs:/home/zyme/ros_ws/Autoware_sim_test/install/nebula_common:/home/zyme/ros_ws/Autoware_sim_test/install/boost_tcp_driver:/home/zyme/ros_ws/Autoware_sim_test/install/boost_io_context:/opt/ros/humble LD_LIBRARY_PATH=/home/zyme/ros_ws/Autoware_sim_test/install/nebula_hw_interfaces/lib:/home/zyme/ros_ws/Autoware_sim_test/install/nebula_decoders/lib:/home/zyme/ros_ws/Autoware_sim_test/install/boost_udp_driver/lib:/home/zyme/ros_ws/Autoware_sim_test/install/robosense_msgs/lib:/home/zyme/ros_ws/Autoware_sim_test/install/pandar_msgs/lib:/home/zyme/ros_ws/Autoware_sim_test/install/nebula_common/lib:/home/zyme/ros_ws/Autoware_sim_test/install/boost_tcp_driver/lib:/home/zyme/ros_ws/Autoware_sim_test/install/boost_io_context/lib:${LD_LIBRARY_PATH} PYTHONPATH=/home/zyme/ros_ws/Autoware_sim_test/install/robosense_msgs/local/lib/python3.10/dist-packages:/home/zyme/ros_ws/Autoware_sim_test/install/pandar_msgs/local/lib/python3.10/dist-packages:${PYTHONPATH} /usr/bin/cmake --build /home/zyme/ros_ws/Autoware_sim_test/build/nebula_ros -- -j12 -l12
[0.646s] Invoking command in '/home/zyme/ros_ws/Autoware_sim_test/build/nebula_ros': AMENT_PREFIX_PATH=/home/zyme/ros_ws/Autoware_sim_test/install/nebula_hw_interfaces:/home/zyme/ros_ws/Autoware_sim_test/install/nebula_decoders:/home/zyme/ros_ws/Autoware_sim_test/install/boost_udp_driver:/home/zyme/ros_ws/Autoware_sim_test/install/robosense_msgs:/home/zyme/ros_ws/Autoware_sim_test/install/pandar_msgs:/home/zyme/ros_ws/Autoware_sim_test/install/nebula_common:/home/zyme/ros_ws/Autoware_sim_test/install/boost_tcp_driver:/home/zyme/ros_ws/Autoware_sim_test/install/boost_io_context:${AMENT_PREFIX_PATH} CMAKE_PREFIX_PATH=/home/zyme/ros_ws/Autoware_sim_test/install/nebula_hw_interfaces:/home/zyme/ros_ws/Autoware_sim_test/install/nebula_decoders:/home/zyme/ros_ws/Autoware_sim_test/install/boost_udp_driver:/home/zyme/ros_ws/Autoware_sim_test/install/robosense_msgs:/home/zyme/ros_ws/Autoware_sim_test/install/pandar_msgs:/home/zyme/ros_ws/Autoware_sim_test/install/nebula_common:/home/zyme/ros_ws/Autoware_sim_test/install/boost_tcp_driver:/home/zyme/ros_ws/Autoware_sim_test/install/boost_io_context:/opt/ros/humble LD_LIBRARY_PATH=/home/zyme/ros_ws/Autoware_sim_test/install/nebula_hw_interfaces/lib:/home/zyme/ros_ws/Autoware_sim_test/install/nebula_decoders/lib:/home/zyme/ros_ws/Autoware_sim_test/install/boost_udp_driver/lib:/home/zyme/ros_ws/Autoware_sim_test/install/robosense_msgs/lib:/home/zyme/ros_ws/Autoware_sim_test/install/pandar_msgs/lib:/home/zyme/ros_ws/Autoware_sim_test/install/nebula_common/lib:/home/zyme/ros_ws/Autoware_sim_test/install/boost_tcp_driver/lib:/home/zyme/ros_ws/Autoware_sim_test/install/boost_io_context/lib:${LD_LIBRARY_PATH} PYTHONPATH=/home/zyme/ros_ws/Autoware_sim_test/install/robosense_msgs/local/lib/python3.10/dist-packages:/home/zyme/ros_ws/Autoware_sim_test/install/pandar_msgs/local/lib/python3.10/dist-packages:${PYTHONPATH} /usr/bin/cmake --install /home/zyme/ros_ws/Autoware_sim_test/build/nebula_ros
[0.653s] -- Install configuration: "Release"
[0.654s] -- Execute custom install script
[0.654s] -- Up-to-date symlink: /home/zyme/ros_ws/Autoware_sim_test/install/nebula_ros/lib/nebula_ros/hesai_hw_interface_ros_wrapper_node
[0.654s] -- Up-to-date symlink: /home/zyme/ros_ws/Autoware_sim_test/install/nebula_ros/lib/nebula_ros/hesai_hw_monitor_ros_wrapper_node
[0.654s] -- Up-to-date symlink: /home/zyme/ros_ws/Autoware_sim_test/install/nebula_ros/lib/nebula_ros/hesai_driver_ros_wrapper_node
[0.655s] -- Up-to-date symlink: /home/zyme/ros_ws/Autoware_sim_test/install/nebula_ros/lib/nebula_ros/velodyne_hw_ros_wrapper_node
[0.655s] -- Up-to-date symlink: /home/zyme/ros_ws/Autoware_sim_test/install/nebula_ros/lib/nebula_ros/velodyne_hw_monitor_ros_wrapper_node
[0.655s] -- Up-to-date symlink: /home/zyme/ros_ws/Autoware_sim_test/install/nebula_ros/lib/nebula_ros/velodyne_driver_ros_wrapper_node
[0.655s] -- Up-to-date symlink: /home/zyme/ros_ws/Autoware_sim_test/install/nebula_ros/lib/nebula_ros/robosense_hw_interface_ros_wrapper_node
[0.655s] -- Up-to-date symlink: /home/zyme/ros_ws/Autoware_sim_test/install/nebula_ros/lib/nebula_ros/robosense_driver_ros_wrapper_node
[0.656s] -- Up-to-date symlink: /home/zyme/ros_ws/Autoware_sim_test/install/nebula_ros/lib/nebula_ros/robosense_hw_monitor_ros_wrapper_node
[0.656s] -- Up-to-date symlink: /home/zyme/ros_ws/Autoware_sim_test/install/nebula_ros/include/nebula_ros/common/nebula_driver_ros_wrapper_base.hpp
[0.656s] -- Up-to-date symlink: /home/zyme/ros_ws/Autoware_sim_test/install/nebula_ros/include/nebula_ros/common/nebula_hw_interface_ros_wrapper_base.hpp
[0.657s] -- Up-to-date symlink: /home/zyme/ros_ws/Autoware_sim_test/install/nebula_ros/include/nebula_ros/common/nebula_hw_monitor_ros_wrapper_base.hpp
[0.657s] -- Up-to-date symlink: /home/zyme/ros_ws/Autoware_sim_test/install/nebula_ros/include/nebula_ros/hesai/hesai_decoder_ros_wrapper.hpp
[0.657s] -- Up-to-date symlink: /home/zyme/ros_ws/Autoware_sim_test/install/nebula_ros/include/nebula_ros/hesai/hesai_hw_interface_ros_wrapper.hpp
[0.657s] -- Up-to-date symlink: /home/zyme/ros_ws/Autoware_sim_test/install/nebula_ros/include/nebula_ros/hesai/hesai_hw_monitor_ros_wrapper.hpp
[0.657s] -- Up-to-date symlink: /home/zyme/ros_ws/Autoware_sim_test/install/nebula_ros/include/nebula_ros/robosense/robosense_decoder_ros_wrapper.hpp
[0.657s] -- Up-to-date symlink: /home/zyme/ros_ws/Autoware_sim_test/install/nebula_ros/include/nebula_ros/robosense/robosense_hw_interface_ros_wrapper.hpp
[0.657s] -- Up-to-date symlink: /home/zyme/ros_ws/Autoware_sim_test/install/nebula_ros/include/nebula_ros/robosense/robosense_hw_monitor_ros_wrapper.hpp
[0.657s] -- Up-to-date symlink: /home/zyme/ros_ws/Autoware_sim_test/install/nebula_ros/include/nebula_ros/velodyne/velodyne_decoder_ros_wrapper.hpp
[0.658s] -- Up-to-date symlink: /home/zyme/ros_ws/Autoware_sim_test/install/nebula_ros/include/nebula_ros/velodyne/velodyne_hw_interface_ros_wrapper.hpp
[0.658s] -- Up-to-date symlink: /home/zyme/ros_ws/Autoware_sim_test/install/nebula_ros/include/nebula_ros/velodyne/velodyne_hw_monitor_ros_wrapper.hpp
[0.658s] -- Up-to-date symlink: /home/zyme/ros_ws/Autoware_sim_test/install/nebula_ros/share/nebula_ros/environment/library_path.sh
[0.658s] -- Up-to-date symlink: /home/zyme/ros_ws/Autoware_sim_test/install/nebula_ros/share/nebula_ros/environment/library_path.dsv
[0.658s] -- Up-to-date symlink: /home/zyme/ros_ws/Autoware_sim_test/install/nebula_ros/lib/libhesai_hw_ros_wrapper.so
[0.658s] -- Up-to-date symlink: /home/zyme/ros_ws/Autoware_sim_test/install/nebula_ros/lib/libhesai_hw_monitor_ros_wrapper.so
[0.658s] -- Up-to-date symlink: /home/zyme/ros_ws/Autoware_sim_test/install/nebula_ros/lib/libhesai_driver_ros_wrapper.so
[0.659s] -- Up-to-date symlink: /home/zyme/ros_ws/Autoware_sim_test/install/nebula_ros/lib/libvelodyne_hw_ros_wrapper.so
[0.659s] -- Up-to-date symlink: /home/zyme/ros_ws/Autoware_sim_test/install/nebula_ros/lib/libvelodyne_hw_monitor_ros_wrapper.so
[0.659s] -- Up-to-date symlink: /home/zyme/ros_ws/Autoware_sim_test/install/nebula_ros/lib/libvelodyne_driver_ros_wrapper.so
[0.659s] -- Up-to-date symlink: /home/zyme/ros_ws/Autoware_sim_test/install/nebula_ros/lib/librobosense_hw_ros_wrapper.so
[0.659s] -- Up-to-date symlink: /home/zyme/ros_ws/Autoware_sim_test/install/nebula_ros/lib/librobosense_driver_ros_wrapper.so
[0.659s] -- Up-to-date symlink: /home/zyme/ros_ws/Autoware_sim_test/install/nebula_ros/lib/librobosense_hw_monitor_ros_wrapper.so
[0.660s] -- Up-to-date symlink: /home/zyme/ros_ws/Autoware_sim_test/install/nebula_ros/share/nebula_ros/config/BaseParams.yaml
[0.660s] -- Up-to-date symlink: /home/zyme/ros_ws/Autoware_sim_test/install/nebula_ros/share/nebula_ros/config/hesai/Pandar128E4X.yaml
[0.660s] -- Up-to-date symlink: /home/zyme/ros_ws/Autoware_sim_test/install/nebula_ros/share/nebula_ros/config/hesai/Pandar40P.yaml
[0.660s] -- Up-to-date symlink: /home/zyme/ros_ws/Autoware_sim_test/install/nebula_ros/share/nebula_ros/config/hesai/Pandar64.yaml
[0.660s] -- Up-to-date symlink: /home/zyme/ros_ws/Autoware_sim_test/install/nebula_ros/share/nebula_ros/config/hesai/PandarAT128.yaml
[0.660s] -- Up-to-date symlink: /home/zyme/ros_ws/Autoware_sim_test/install/nebula_ros/share/nebula_ros/config/hesai/PandarQT128.yaml
[0.660s] -- Up-to-date symlink: /home/zyme/ros_ws/Autoware_sim_test/install/nebula_ros/share/nebula_ros/config/hesai/PandarQT64.yaml
[0.661s] -- Up-to-date symlink: /home/zyme/ros_ws/Autoware_sim_test/install/nebula_ros/share/nebula_ros/config/hesai/PandarXT32.yaml
[0.661s] -- Up-to-date symlink: /home/zyme/ros_ws/Autoware_sim_test/install/nebula_ros/share/nebula_ros/config/hesai/PandarXT32M.yaml
[0.661s] -- Up-to-date symlink: /home/zyme/ros_ws/Autoware_sim_test/install/nebula_ros/share/nebula_ros/config/robosense/Bpearl.yaml
[0.661s] -- Up-to-date symlink: /home/zyme/ros_ws/Autoware_sim_test/install/nebula_ros/share/nebula_ros/config/robosense/Helios.yaml
[0.661s] -- Up-to-date symlink: /home/zyme/ros_ws/Autoware_sim_test/install/nebula_ros/share/nebula_ros/config/velodyne/VLP16.yaml
[0.661s] -- Up-to-date symlink: /home/zyme/ros_ws/Autoware_sim_test/install/nebula_ros/share/nebula_ros/config/velodyne/VLP32.yaml
[0.661s] -- Up-to-date symlink: /home/zyme/ros_ws/Autoware_sim_test/install/nebula_ros/share/nebula_ros/config/velodyne/VLS128.yaml
[0.661s] -- Up-to-date symlink: /home/zyme/ros_ws/Autoware_sim_test/install/nebula_ros/share/nebula_ros/launch/hesai_launch_all_hw.xml
[0.662s] -- Up-to-date symlink: /home/zyme/ros_ws/Autoware_sim_test/install/nebula_ros/share/nebula_ros/launch/nebula_launch.py
[0.662s] -- Up-to-date symlink: /home/zyme/ros_ws/Autoware_sim_test/install/nebula_ros/share/nebula_ros/launch/robosense_launch.all_hw.xml
[0.662s] -- Up-to-date symlink: /home/zyme/ros_ws/Autoware_sim_test/install/nebula_ros/share/nebula_ros/launch/velodyne_launch_all_hw.xml
[0.662s] -- Up-to-date symlink: /home/zyme/ros_ws/Autoware_sim_test/install/nebula_ros/share/ament_index/resource_index/package_run_dependencies/nebula_ros
[0.662s] -- Up-to-date symlink: /home/zyme/ros_ws/Autoware_sim_test/install/nebula_ros/share/ament_index/resource_index/parent_prefix_path/nebula_ros
[0.662s] -- Up-to-date symlink: /home/zyme/ros_ws/Autoware_sim_test/install/nebula_ros/share/nebula_ros/environment/ament_prefix_path.sh
[0.662s] -- Up-to-date symlink: /home/zyme/ros_ws/Autoware_sim_test/install/nebula_ros/share/nebula_ros/environment/ament_prefix_path.dsv
[0.663s] -- Up-to-date symlink: /home/zyme/ros_ws/Autoware_sim_test/install/nebula_ros/share/nebula_ros/environment/path.sh
[0.663s] -- Up-to-date symlink: /home/zyme/ros_ws/Autoware_sim_test/install/nebula_ros/share/nebula_ros/environment/path.dsv
[0.663s] -- Up-to-date symlink: /home/zyme/ros_ws/Autoware_sim_test/install/nebula_ros/share/nebula_ros/local_setup.bash
[0.663s] -- Up-to-date symlink: /home/zyme/ros_ws/Autoware_sim_test/install/nebula_ros/share/nebula_ros/local_setup.sh
[0.663s] -- Up-to-date symlink: /home/zyme/ros_ws/Autoware_sim_test/install/nebula_ros/share/nebula_ros/local_setup.zsh
[0.663s] -- Up-to-date symlink: /home/zyme/ros_ws/Autoware_sim_test/install/nebula_ros/share/nebula_ros/local_setup.dsv
[0.663s] -- Symlinking: /home/zyme/ros_ws/Autoware_sim_test/install/nebula_ros/share/nebula_ros/package.dsv
[0.673s] -- Up-to-date symlink: /home/zyme/ros_ws/Autoware_sim_test/install/nebula_ros/share/ament_index/resource_index/packages/nebula_ros
[0.673s] -- Up-to-date symlink: /home/zyme/ros_ws/Autoware_sim_test/install/nebula_ros/share/ament_index/resource_index/rclcpp_components/nebula_ros
[0.673s] -- Up-to-date symlink: /home/zyme/ros_ws/Autoware_sim_test/install/nebula_ros/share/nebula_ros/cmake/ament_cmake_export_dependencies-extras.cmake
[0.673s] -- Up-to-date symlink: /home/zyme/ros_ws/Autoware_sim_test/install/nebula_ros/share/nebula_ros/cmake/ament_cmake_export_include_directories-extras.cmake
[0.673s] -- Up-to-date symlink: /home/zyme/ros_ws/Autoware_sim_test/install/nebula_ros/share/nebula_ros/cmake/ament_cmake_export_libraries-extras.cmake
[0.674s] -- Up-to-date symlink: /home/zyme/ros_ws/Autoware_sim_test/install/nebula_ros/share/nebula_ros/cmake/nebula_rosConfig.cmake
[0.674s] -- Up-to-date symlink: /home/zyme/ros_ws/Autoware_sim_test/install/nebula_ros/share/nebula_ros/cmake/nebula_rosConfig-version.cmake
[0.674s] -- Up-to-date symlink: /home/zyme/ros_ws/Autoware_sim_test/install/nebula_ros/share/nebula_ros/package.xml
[0.676s] Invoked command in '/home/zyme/ros_ws/Autoware_sim_test/build/nebula_ros' returned '0': AMENT_PREFIX_PATH=/home/zyme/ros_ws/Autoware_sim_test/install/nebula_hw_interfaces:/home/zyme/ros_ws/Autoware_sim_test/install/nebula_decoders:/home/zyme/ros_ws/Autoware_sim_test/install/boost_udp_driver:/home/zyme/ros_ws/Autoware_sim_test/install/robosense_msgs:/home/zyme/ros_ws/Autoware_sim_test/install/pandar_msgs:/home/zyme/ros_ws/Autoware_sim_test/install/nebula_common:/home/zyme/ros_ws/Autoware_sim_test/install/boost_tcp_driver:/home/zyme/ros_ws/Autoware_sim_test/install/boost_io_context:${AMENT_PREFIX_PATH} CMAKE_PREFIX_PATH=/home/zyme/ros_ws/Autoware_sim_test/install/nebula_hw_interfaces:/home/zyme/ros_ws/Autoware_sim_test/install/nebula_decoders:/home/zyme/ros_ws/Autoware_sim_test/install/boost_udp_driver:/home/zyme/ros_ws/Autoware_sim_test/install/robosense_msgs:/home/zyme/ros_ws/Autoware_sim_test/install/pandar_msgs:/home/zyme/ros_ws/Autoware_sim_test/install/nebula_common:/home/zyme/ros_ws/Autoware_sim_test/install/boost_tcp_driver:/home/zyme/ros_ws/Autoware_sim_test/install/boost_io_context:/opt/ros/humble LD_LIBRARY_PATH=/home/zyme/ros_ws/Autoware_sim_test/install/nebula_hw_interfaces/lib:/home/zyme/ros_ws/Autoware_sim_test/install/nebula_decoders/lib:/home/zyme/ros_ws/Autoware_sim_test/install/boost_udp_driver/lib:/home/zyme/ros_ws/Autoware_sim_test/install/robosense_msgs/lib:/home/zyme/ros_ws/Autoware_sim_test/install/pandar_msgs/lib:/home/zyme/ros_ws/Autoware_sim_test/install/nebula_common/lib:/home/zyme/ros_ws/Autoware_sim_test/install/boost_tcp_driver/lib:/home/zyme/ros_ws/Autoware_sim_test/install/boost_io_context/lib:${LD_LIBRARY_PATH} PYTHONPATH=/home/zyme/ros_ws/Autoware_sim_test/install/robosense_msgs/local/lib/python3.10/dist-packages:/home/zyme/ros_ws/Autoware_sim_test/install/pandar_msgs/local/lib/python3.10/dist-packages:${PYTHONPATH} /usr/bin/cmake --install /home/zyme/ros_ws/Autoware_sim_test/build/nebula_ros
