[0.077s] Invoking command in '/home/zyme/ros_ws/Autoware_sim_test/build/rtc_replayer': AMENT_PREFIX_PATH=/home/zyme/ros_ws/Autoware_sim_test/install/autoware_cmake:/home/zyme/ros_ws/Autoware_sim_test/install/tier4_rtc_msgs:/home/zyme/ros_ws/Autoware_sim_test/install/autoware_lint_common:${AMENT_PREFIX_PATH} CMAKE_PREFIX_PATH=/home/zyme/ros_ws/Autoware_sim_test/install/autoware_cmake:/home/zyme/ros_ws/Autoware_sim_test/install/tier4_rtc_msgs:/home/zyme/ros_ws/Autoware_sim_test/install/autoware_lint_common:/opt/ros/humble LD_LIBRARY_PATH=/home/zyme/ros_ws/Autoware_sim_test/install/tier4_rtc_msgs/lib:${LD_LIBRARY_PATH} PYTHONPATH=/home/zyme/ros_ws/Autoware_sim_test/install/tier4_rtc_msgs/local/lib/python3.10/dist-packages:${PYTHONPATH} /usr/bin/cmake --build /home/zyme/ros_ws/Autoware_sim_test/build/rtc_replayer -- -j12 -l12
[0.139s] [ 50%] Built target rtc_replayer
[0.139s] [100%] Built target rtc_replayer_node
[0.152s] Invoked command in '/home/zyme/ros_ws/Autoware_sim_test/build/rtc_replayer' returned '0': AMENT_PREFIX_PATH=/home/zyme/ros_ws/Autoware_sim_test/install/autoware_cmake:/home/zyme/ros_ws/Autoware_sim_test/install/tier4_rtc_msgs:/home/zyme/ros_ws/Autoware_sim_test/install/autoware_lint_common:${AMENT_PREFIX_PATH} CMAKE_PREFIX_PATH=/home/zyme/ros_ws/Autoware_sim_test/install/autoware_cmake:/home/zyme/ros_ws/Autoware_sim_test/install/tier4_rtc_msgs:/home/zyme/ros_ws/Autoware_sim_test/install/autoware_lint_common:/opt/ros/humble LD_LIBRARY_PATH=/home/zyme/ros_ws/Autoware_sim_test/install/tier4_rtc_msgs/lib:${LD_LIBRARY_PATH} PYTHONPATH=/home/zyme/ros_ws/Autoware_sim_test/install/tier4_rtc_msgs/local/lib/python3.10/dist-packages:${PYTHONPATH} /usr/bin/cmake --build /home/zyme/ros_ws/Autoware_sim_test/build/rtc_replayer -- -j12 -l12
[0.185s] Invoking command in '/home/zyme/ros_ws/Autoware_sim_test/build/rtc_replayer': AMENT_PREFIX_PATH=/home/zyme/ros_ws/Autoware_sim_test/install/autoware_cmake:/home/zyme/ros_ws/Autoware_sim_test/install/tier4_rtc_msgs:/home/zyme/ros_ws/Autoware_sim_test/install/autoware_lint_common:${AMENT_PREFIX_PATH} CMAKE_PREFIX_PATH=/home/zyme/ros_ws/Autoware_sim_test/install/autoware_cmake:/home/zyme/ros_ws/Autoware_sim_test/install/tier4_rtc_msgs:/home/zyme/ros_ws/Autoware_sim_test/install/autoware_lint_common:/opt/ros/humble LD_LIBRARY_PATH=/home/zyme/ros_ws/Autoware_sim_test/install/tier4_rtc_msgs/lib:${LD_LIBRARY_PATH} PYTHONPATH=/home/zyme/ros_ws/Autoware_sim_test/install/tier4_rtc_msgs/local/lib/python3.10/dist-packages:${PYTHONPATH} /usr/bin/cmake --install /home/zyme/ros_ws/Autoware_sim_test/build/rtc_replayer
[0.192s] -- Install configuration: "Release"
[0.193s] -- Execute custom install script
[0.194s] -- Up-to-date symlink: /home/zyme/ros_ws/Autoware_sim_test/install/rtc_replayer/lib/rtc_replayer/rtc_replayer_node
[0.195s] -- Up-to-date symlink: /home/zyme/ros_ws/Autoware_sim_test/install/rtc_replayer/include/rtc_replayer/rtc_replayer_node.hpp
[0.195s] -- Up-to-date symlink: /home/zyme/ros_ws/Autoware_sim_test/install/rtc_replayer/share/rtc_replayer/environment/library_path.sh
[0.196s] -- Up-to-date symlink: /home/zyme/ros_ws/Autoware_sim_test/install/rtc_replayer/share/rtc_replayer/environment/library_path.dsv
[0.196s] -- Up-to-date symlink: /home/zyme/ros_ws/Autoware_sim_test/install/rtc_replayer/lib/librtc_replayer.so
[0.197s] -- Up-to-date symlink: /home/zyme/ros_ws/Autoware_sim_test/install/rtc_replayer/share/rtc_replayer/launch/rtc_replayer.launch.xml
[0.198s] -- Up-to-date symlink: /home/zyme/ros_ws/Autoware_sim_test/install/rtc_replayer/share/ament_index/resource_index/package_run_dependencies/rtc_replayer
[0.198s] -- Up-to-date symlink: /home/zyme/ros_ws/Autoware_sim_test/install/rtc_replayer/share/ament_index/resource_index/parent_prefix_path/rtc_replayer
[0.199s] -- Up-to-date symlink: /home/zyme/ros_ws/Autoware_sim_test/install/rtc_replayer/share/rtc_replayer/environment/ament_prefix_path.sh
[0.199s] -- Up-to-date symlink: /home/zyme/ros_ws/Autoware_sim_test/install/rtc_replayer/share/rtc_replayer/environment/ament_prefix_path.dsv
[0.199s] -- Up-to-date symlink: /home/zyme/ros_ws/Autoware_sim_test/install/rtc_replayer/share/rtc_replayer/environment/path.sh
[0.200s] -- Up-to-date symlink: /home/zyme/ros_ws/Autoware_sim_test/install/rtc_replayer/share/rtc_replayer/environment/path.dsv
[0.200s] -- Up-to-date symlink: /home/zyme/ros_ws/Autoware_sim_test/install/rtc_replayer/share/rtc_replayer/local_setup.bash
[0.201s] -- Up-to-date symlink: /home/zyme/ros_ws/Autoware_sim_test/install/rtc_replayer/share/rtc_replayer/local_setup.sh
[0.201s] -- Up-to-date symlink: /home/zyme/ros_ws/Autoware_sim_test/install/rtc_replayer/share/rtc_replayer/local_setup.zsh
[0.201s] -- Up-to-date symlink: /home/zyme/ros_ws/Autoware_sim_test/install/rtc_replayer/share/rtc_replayer/local_setup.dsv
[0.201s] -- Symlinking: /home/zyme/ros_ws/Autoware_sim_test/install/rtc_replayer/share/rtc_replayer/package.dsv
[0.212s] -- Up-to-date symlink: /home/zyme/ros_ws/Autoware_sim_test/install/rtc_replayer/share/ament_index/resource_index/packages/rtc_replayer
[0.213s] -- Up-to-date symlink: /home/zyme/ros_ws/Autoware_sim_test/install/rtc_replayer/share/ament_index/resource_index/rclcpp_components/rtc_replayer
[0.213s] -- Up-to-date symlink: /home/zyme/ros_ws/Autoware_sim_test/install/rtc_replayer/share/rtc_replayer/cmake/ament_cmake_export_dependencies-extras.cmake
[0.213s] -- Up-to-date symlink: /home/zyme/ros_ws/Autoware_sim_test/install/rtc_replayer/share/rtc_replayer/cmake/ament_cmake_export_include_directories-extras.cmake
[0.214s] -- Up-to-date symlink: /home/zyme/ros_ws/Autoware_sim_test/install/rtc_replayer/share/rtc_replayer/cmake/ament_cmake_export_libraries-extras.cmake
[0.214s] -- Up-to-date symlink: /home/zyme/ros_ws/Autoware_sim_test/install/rtc_replayer/share/rtc_replayer/cmake/rtc_replayerConfig.cmake
[0.214s] -- Up-to-date symlink: /home/zyme/ros_ws/Autoware_sim_test/install/rtc_replayer/share/rtc_replayer/cmake/rtc_replayerConfig-version.cmake
[0.215s] -- Up-to-date symlink: /home/zyme/ros_ws/Autoware_sim_test/install/rtc_replayer/share/rtc_replayer/package.xml
[0.217s] Invoked command in '/home/zyme/ros_ws/Autoware_sim_test/build/rtc_replayer' returned '0': AMENT_PREFIX_PATH=/home/zyme/ros_ws/Autoware_sim_test/install/autoware_cmake:/home/zyme/ros_ws/Autoware_sim_test/install/tier4_rtc_msgs:/home/zyme/ros_ws/Autoware_sim_test/install/autoware_lint_common:${AMENT_PREFIX_PATH} CMAKE_PREFIX_PATH=/home/zyme/ros_ws/Autoware_sim_test/install/autoware_cmake:/home/zyme/ros_ws/Autoware_sim_test/install/tier4_rtc_msgs:/home/zyme/ros_ws/Autoware_sim_test/install/autoware_lint_common:/opt/ros/humble LD_LIBRARY_PATH=/home/zyme/ros_ws/Autoware_sim_test/install/tier4_rtc_msgs/lib:${LD_LIBRARY_PATH} PYTHONPATH=/home/zyme/ros_ws/Autoware_sim_test/install/tier4_rtc_msgs/local/lib/python3.10/dist-packages:${PYTHONPATH} /usr/bin/cmake --install /home/zyme/ros_ws/Autoware_sim_test/build/rtc_replayer
