-- The C compiler identification is GNU 11.4.0
-- The CXX compiler identification is GNU 11.4.0
-- Detecting C compiler ABI info
-- Detecting C compiler ABI info - done
-- Check for working C compiler: /usr/bin/cc - skipped
-- Detecting C compile features
-- Detecting C compile features - done
-- Detecting CXX compiler ABI info
-- Detecting CXX compiler ABI info - done
-- Check for working CXX compiler: /usr/bin/c++ - skipped
-- Detecting CXX compile features
-- Detecting CXX compile features - done
-- Found ament_cmake_auto: 1.3.8 (/opt/ros/humble/share/ament_cmake_auto/cmake)
-- Found Python3: /usr/bin/python3 (found version "3.10.12") found components: Interpreter 
-- Override CMake install command with custom implementation using symlinks instead of copying resources
-- Found ament_lint_auto: 0.12.10 (/opt/ros/humble/share/ament_lint_auto/cmake)
-- Added test 'copyright' to check source files copyright and LICENSE
-- Added test 'lint_cmake' to check CMake code style
-- Added test 'xmllint' to check XML markup files
-- Configuring done
-- Generating done
-- Build files have been written to: /home/zyme/ros_ws/Autoware_sim_test/build/common_sensor_launch
-- Install configuration: "Release"
-- Execute custom install script
-- Symlinking: /home/zyme/ros_ws/Autoware_sim_test/install/common_sensor_launch/share/common_sensor_launch/launch/nebula_node_container.launch.py
-- Symlinking: /home/zyme/ros_ws/Autoware_sim_test/install/common_sensor_launch/share/common_sensor_launch/launch/velodyne_VLP16.launch.xml
-- Symlinking: /home/zyme/ros_ws/Autoware_sim_test/install/common_sensor_launch/share/common_sensor_launch/launch/velodyne_VLS128.launch.xml
-- Symlinking: /home/zyme/ros_ws/Autoware_sim_test/install/common_sensor_launch/share/ament_index/resource_index/package_run_dependencies/common_sensor_launch
-- Symlinking: /home/zyme/ros_ws/Autoware_sim_test/install/common_sensor_launch/share/ament_index/resource_index/parent_prefix_path/common_sensor_launch
-- Symlinking: /home/zyme/ros_ws/Autoware_sim_test/install/common_sensor_launch/share/common_sensor_launch/environment/ament_prefix_path.sh
-- Symlinking: /home/zyme/ros_ws/Autoware_sim_test/install/common_sensor_launch/share/common_sensor_launch/environment/ament_prefix_path.dsv
-- Symlinking: /home/zyme/ros_ws/Autoware_sim_test/install/common_sensor_launch/share/common_sensor_launch/environment/path.sh
-- Symlinking: /home/zyme/ros_ws/Autoware_sim_test/install/common_sensor_launch/share/common_sensor_launch/environment/path.dsv
-- Symlinking: /home/zyme/ros_ws/Autoware_sim_test/install/common_sensor_launch/share/common_sensor_launch/local_setup.bash
-- Symlinking: /home/zyme/ros_ws/Autoware_sim_test/install/common_sensor_launch/share/common_sensor_launch/local_setup.sh
-- Symlinking: /home/zyme/ros_ws/Autoware_sim_test/install/common_sensor_launch/share/common_sensor_launch/local_setup.zsh
-- Symlinking: /home/zyme/ros_ws/Autoware_sim_test/install/common_sensor_launch/share/common_sensor_launch/local_setup.dsv
-- Symlinking: /home/zyme/ros_ws/Autoware_sim_test/install/common_sensor_launch/share/common_sensor_launch/package.dsv
-- Symlinking: /home/zyme/ros_ws/Autoware_sim_test/install/common_sensor_launch/share/ament_index/resource_index/packages/common_sensor_launch
-- Symlinking: /home/zyme/ros_ws/Autoware_sim_test/install/common_sensor_launch/share/common_sensor_launch/cmake/common_sensor_launchConfig.cmake
-- Symlinking: /home/zyme/ros_ws/Autoware_sim_test/install/common_sensor_launch/share/common_sensor_launch/cmake/common_sensor_launchConfig-version.cmake
-- Symlinking: /home/zyme/ros_ws/Autoware_sim_test/install/common_sensor_launch/share/common_sensor_launch/package.xml
