[0.078s] Invoking command in '/home/zyme/ros_ws/Autoware_sim_test/build/eagleye_rt': AMENT_PREFIX_PATH=/home/zyme/ros_ws/Autoware_sim_test/install/eagleye_navigation:/home/zyme/ros_ws/Autoware_sim_test/install/eagleye_msgs:/home/zyme/ros_ws/Autoware_sim_test/install/rtklib_msgs:/home/zyme/ros_ws/Autoware_sim_test/install/eagleye_coordinate:${AMENT_PREFIX_PATH} CMAKE_PREFIX_PATH=/home/zyme/ros_ws/Autoware_sim_test/install/eagleye_navigation:/home/zyme/ros_ws/Autoware_sim_test/install/eagleye_msgs:/home/zyme/ros_ws/Autoware_sim_test/install/rtklib_msgs:/home/zyme/ros_ws/Autoware_sim_test/install/eagleye_coordinate:/opt/ros/humble LD_LIBRARY_PATH=/home/zyme/ros_ws/Autoware_sim_test/install/eagleye_navigation/lib:/home/zyme/ros_ws/Autoware_sim_test/install/eagleye_msgs/lib:/home/zyme/ros_ws/Autoware_sim_test/install/rtklib_msgs/lib:/home/zyme/ros_ws/Autoware_sim_test/install/eagleye_coordinate/lib:${LD_LIBRARY_PATH} PYTHONPATH=/home/zyme/ros_ws/Autoware_sim_test/install/eagleye_msgs/local/lib/python3.10/dist-packages:/home/zyme/ros_ws/Autoware_sim_test/install/rtklib_msgs/local/lib/python3.10/dist-packages:${PYTHONPATH} /usr/bin/cmake --build /home/zyme/ros_ws/Autoware_sim_test/build/eagleye_rt -- -j12 -l12
[0.188s] [  6%] Built target tf_converted_imu
[0.188s] [  8%] Built target distance
[0.189s] [ 13%] Built target heading
[0.189s] [ 17%] Built target heading_interpolate
[0.190s] [ 23%] Built target position_interpolate
[0.190s] [ 28%] Built target position
[0.192s] [ 30%] Built target monitor
[0.193s] [ 36%] Built target twist_relay
[0.194s] [ 39%] Built target slip_angle
[0.195s] [ 43%] Built target correction_imu
[0.201s] [ 47%] Built target slip_coefficient
[0.202s] [ 52%] Built target height
[0.269s] [ 56%] Built target rolling
[0.274s] [ 60%] Built target trajectory
[0.277s] [ 65%] Built target enable_additional_rolling
[0.278s] [ 69%] Built target velocity_scale_factor
[0.278s] [ 73%] Built target yaw_rate_offset
[0.280s] [ 78%] Built target smoothing
[0.283s] [ 82%] Built target rtk_heading
[0.284s] [ 86%] Built target rtk_dead_reckoning
[0.284s] [ 91%] Built target angular_velocity_offset_stop
[0.287s] [ 95%] Built target yaw_rate_offset_stop
[0.287s] [100%] Built target velocity_estimator
[0.301s] Invoked command in '/home/zyme/ros_ws/Autoware_sim_test/build/eagleye_rt' returned '0': AMENT_PREFIX_PATH=/home/zyme/ros_ws/Autoware_sim_test/install/eagleye_navigation:/home/zyme/ros_ws/Autoware_sim_test/install/eagleye_msgs:/home/zyme/ros_ws/Autoware_sim_test/install/rtklib_msgs:/home/zyme/ros_ws/Autoware_sim_test/install/eagleye_coordinate:${AMENT_PREFIX_PATH} CMAKE_PREFIX_PATH=/home/zyme/ros_ws/Autoware_sim_test/install/eagleye_navigation:/home/zyme/ros_ws/Autoware_sim_test/install/eagleye_msgs:/home/zyme/ros_ws/Autoware_sim_test/install/rtklib_msgs:/home/zyme/ros_ws/Autoware_sim_test/install/eagleye_coordinate:/opt/ros/humble LD_LIBRARY_PATH=/home/zyme/ros_ws/Autoware_sim_test/install/eagleye_navigation/lib:/home/zyme/ros_ws/Autoware_sim_test/install/eagleye_msgs/lib:/home/zyme/ros_ws/Autoware_sim_test/install/rtklib_msgs/lib:/home/zyme/ros_ws/Autoware_sim_test/install/eagleye_coordinate/lib:${LD_LIBRARY_PATH} PYTHONPATH=/home/zyme/ros_ws/Autoware_sim_test/install/eagleye_msgs/local/lib/python3.10/dist-packages:/home/zyme/ros_ws/Autoware_sim_test/install/rtklib_msgs/local/lib/python3.10/dist-packages:${PYTHONPATH} /usr/bin/cmake --build /home/zyme/ros_ws/Autoware_sim_test/build/eagleye_rt -- -j12 -l12
[0.409s] Invoking command in '/home/zyme/ros_ws/Autoware_sim_test/build/eagleye_rt': AMENT_PREFIX_PATH=/home/zyme/ros_ws/Autoware_sim_test/install/eagleye_navigation:/home/zyme/ros_ws/Autoware_sim_test/install/eagleye_msgs:/home/zyme/ros_ws/Autoware_sim_test/install/rtklib_msgs:/home/zyme/ros_ws/Autoware_sim_test/install/eagleye_coordinate:${AMENT_PREFIX_PATH} CMAKE_PREFIX_PATH=/home/zyme/ros_ws/Autoware_sim_test/install/eagleye_navigation:/home/zyme/ros_ws/Autoware_sim_test/install/eagleye_msgs:/home/zyme/ros_ws/Autoware_sim_test/install/rtklib_msgs:/home/zyme/ros_ws/Autoware_sim_test/install/eagleye_coordinate:/opt/ros/humble LD_LIBRARY_PATH=/home/zyme/ros_ws/Autoware_sim_test/install/eagleye_navigation/lib:/home/zyme/ros_ws/Autoware_sim_test/install/eagleye_msgs/lib:/home/zyme/ros_ws/Autoware_sim_test/install/rtklib_msgs/lib:/home/zyme/ros_ws/Autoware_sim_test/install/eagleye_coordinate/lib:${LD_LIBRARY_PATH} PYTHONPATH=/home/zyme/ros_ws/Autoware_sim_test/install/eagleye_msgs/local/lib/python3.10/dist-packages:/home/zyme/ros_ws/Autoware_sim_test/install/rtklib_msgs/local/lib/python3.10/dist-packages:${PYTHONPATH} /usr/bin/cmake --install /home/zyme/ros_ws/Autoware_sim_test/build/eagleye_rt
[0.417s] -- Install configuration: "Release"
[0.418s] -- Execute custom install script
[0.418s] -- Up-to-date symlink: /home/zyme/ros_ws/Autoware_sim_test/install/eagleye_rt/lib/$(PROJECT_NAME)/tf_converted_imu
[0.418s] -- Up-to-date symlink: /home/zyme/ros_ws/Autoware_sim_test/install/eagleye_rt/lib/$(PROJECT_NAME)/correction_imu
[0.418s] -- Up-to-date symlink: /home/zyme/ros_ws/Autoware_sim_test/install/eagleye_rt/lib/$(PROJECT_NAME)/distance
[0.418s] -- Up-to-date symlink: /home/zyme/ros_ws/Autoware_sim_test/install/eagleye_rt/lib/$(PROJECT_NAME)/heading_interpolate
[0.419s] -- Up-to-date symlink: /home/zyme/ros_ws/Autoware_sim_test/install/eagleye_rt/lib/$(PROJECT_NAME)/heading
[0.419s] -- Up-to-date symlink: /home/zyme/ros_ws/Autoware_sim_test/install/eagleye_rt/lib/$(PROJECT_NAME)/height
[0.419s] -- Up-to-date symlink: /home/zyme/ros_ws/Autoware_sim_test/install/eagleye_rt/lib/$(PROJECT_NAME)/monitor
[0.419s] -- Up-to-date symlink: /home/zyme/ros_ws/Autoware_sim_test/install/eagleye_rt/lib/$(PROJECT_NAME)/position_interpolate
[0.419s] -- Up-to-date symlink: /home/zyme/ros_ws/Autoware_sim_test/install/eagleye_rt/lib/$(PROJECT_NAME)/slip_angle
[0.419s] -- Up-to-date symlink: /home/zyme/ros_ws/Autoware_sim_test/install/eagleye_rt/lib/$(PROJECT_NAME)/slip_coefficient
[0.419s] -- Up-to-date symlink: /home/zyme/ros_ws/Autoware_sim_test/install/eagleye_rt/lib/$(PROJECT_NAME)/smoothing
[0.420s] -- Up-to-date symlink: /home/zyme/ros_ws/Autoware_sim_test/install/eagleye_rt/lib/$(PROJECT_NAME)/trajectory
[0.420s] -- Up-to-date symlink: /home/zyme/ros_ws/Autoware_sim_test/install/eagleye_rt/lib/$(PROJECT_NAME)/velocity_scale_factor
[0.420s] -- Up-to-date symlink: /home/zyme/ros_ws/Autoware_sim_test/install/eagleye_rt/lib/$(PROJECT_NAME)/yaw_rate_offset
[0.420s] -- Up-to-date symlink: /home/zyme/ros_ws/Autoware_sim_test/install/eagleye_rt/lib/$(PROJECT_NAME)/yaw_rate_offset_stop
[0.420s] -- Up-to-date symlink: /home/zyme/ros_ws/Autoware_sim_test/install/eagleye_rt/lib/$(PROJECT_NAME)/angular_velocity_offset_stop
[0.420s] -- Up-to-date symlink: /home/zyme/ros_ws/Autoware_sim_test/install/eagleye_rt/lib/$(PROJECT_NAME)/enable_additional_rolling
[0.420s] -- Up-to-date symlink: /home/zyme/ros_ws/Autoware_sim_test/install/eagleye_rt/lib/$(PROJECT_NAME)/rolling
[0.421s] -- Up-to-date symlink: /home/zyme/ros_ws/Autoware_sim_test/install/eagleye_rt/share/eagleye_rt/config/README.md
[0.421s] -- Up-to-date symlink: /home/zyme/ros_ws/Autoware_sim_test/install/eagleye_rt/share/eagleye_rt/config/eagleye_config.yaml
[0.421s] -- Up-to-date symlink: /home/zyme/ros_ws/Autoware_sim_test/install/eagleye_rt/share/eagleye_rt/launch/eagleye_calibration.launch.xml
[0.421s] -- Up-to-date symlink: /home/zyme/ros_ws/Autoware_sim_test/install/eagleye_rt/share/eagleye_rt/launch/eagleye_rt.launch.xml
[0.421s] -- Up-to-date symlink: /home/zyme/ros_ws/Autoware_sim_test/install/eagleye_rt/share/eagleye_rt/launch/eagleye_rt_canless.launch.xml
[0.422s] -- Up-to-date symlink: /home/zyme/ros_ws/Autoware_sim_test/install/eagleye_rt/share/eagleye_rt/log/.gitignore
[0.422s] -- Up-to-date symlink: /home/zyme/ros_ws/Autoware_sim_test/install/eagleye_rt/lib/eagleye_rt/tf_converted_imu
[0.422s] -- Up-to-date symlink: /home/zyme/ros_ws/Autoware_sim_test/install/eagleye_rt/lib/eagleye_rt/twist_relay
[0.422s] -- Up-to-date symlink: /home/zyme/ros_ws/Autoware_sim_test/install/eagleye_rt/lib/eagleye_rt/correction_imu
[0.423s] -- Up-to-date symlink: /home/zyme/ros_ws/Autoware_sim_test/install/eagleye_rt/lib/eagleye_rt/distance
[0.423s] -- Up-to-date symlink: /home/zyme/ros_ws/Autoware_sim_test/install/eagleye_rt/lib/eagleye_rt/heading_interpolate
[0.423s] -- Up-to-date symlink: /home/zyme/ros_ws/Autoware_sim_test/install/eagleye_rt/lib/eagleye_rt/heading
[0.423s] -- Up-to-date symlink: /home/zyme/ros_ws/Autoware_sim_test/install/eagleye_rt/lib/eagleye_rt/height
[0.423s] -- Up-to-date symlink: /home/zyme/ros_ws/Autoware_sim_test/install/eagleye_rt/lib/eagleye_rt/monitor
[0.423s] -- Up-to-date symlink: /home/zyme/ros_ws/Autoware_sim_test/install/eagleye_rt/lib/eagleye_rt/position_interpolate
[0.423s] -- Up-to-date symlink: /home/zyme/ros_ws/Autoware_sim_test/install/eagleye_rt/lib/eagleye_rt/position
[0.423s] -- Up-to-date symlink: /home/zyme/ros_ws/Autoware_sim_test/install/eagleye_rt/lib/eagleye_rt/slip_angle
[0.424s] -- Up-to-date symlink: /home/zyme/ros_ws/Autoware_sim_test/install/eagleye_rt/lib/eagleye_rt/slip_coefficient
[0.424s] -- Up-to-date symlink: /home/zyme/ros_ws/Autoware_sim_test/install/eagleye_rt/lib/eagleye_rt/enable_additional_rolling
[0.424s] -- Up-to-date symlink: /home/zyme/ros_ws/Autoware_sim_test/install/eagleye_rt/lib/eagleye_rt/rolling
[0.424s] -- Up-to-date symlink: /home/zyme/ros_ws/Autoware_sim_test/install/eagleye_rt/lib/eagleye_rt/smoothing
[0.424s] -- Up-to-date symlink: /home/zyme/ros_ws/Autoware_sim_test/install/eagleye_rt/lib/eagleye_rt/trajectory
[0.424s] -- Up-to-date symlink: /home/zyme/ros_ws/Autoware_sim_test/install/eagleye_rt/lib/eagleye_rt/velocity_scale_factor
[0.425s] -- Up-to-date symlink: /home/zyme/ros_ws/Autoware_sim_test/install/eagleye_rt/lib/eagleye_rt/yaw_rate_offset
[0.425s] -- Up-to-date symlink: /home/zyme/ros_ws/Autoware_sim_test/install/eagleye_rt/lib/eagleye_rt/yaw_rate_offset_stop
[0.425s] -- Up-to-date symlink: /home/zyme/ros_ws/Autoware_sim_test/install/eagleye_rt/lib/eagleye_rt/angular_velocity_offset_stop
[0.425s] -- Up-to-date symlink: /home/zyme/ros_ws/Autoware_sim_test/install/eagleye_rt/lib/eagleye_rt/rtk_dead_reckoning
[0.425s] -- Up-to-date symlink: /home/zyme/ros_ws/Autoware_sim_test/install/eagleye_rt/lib/eagleye_rt/rtk_heading
[0.425s] -- Up-to-date symlink: /home/zyme/ros_ws/Autoware_sim_test/install/eagleye_rt/lib/eagleye_rt/velocity_estimator
[0.426s] -- Up-to-date symlink: /home/zyme/ros_ws/Autoware_sim_test/install/eagleye_rt/share/ament_index/resource_index/package_run_dependencies/eagleye_rt
[0.426s] -- Up-to-date symlink: /home/zyme/ros_ws/Autoware_sim_test/install/eagleye_rt/share/ament_index/resource_index/parent_prefix_path/eagleye_rt
[0.426s] -- Up-to-date symlink: /home/zyme/ros_ws/Autoware_sim_test/install/eagleye_rt/share/eagleye_rt/environment/ament_prefix_path.sh
[0.426s] -- Up-to-date symlink: /home/zyme/ros_ws/Autoware_sim_test/install/eagleye_rt/share/eagleye_rt/environment/ament_prefix_path.dsv
[0.426s] -- Up-to-date symlink: /home/zyme/ros_ws/Autoware_sim_test/install/eagleye_rt/share/eagleye_rt/environment/path.sh
[0.426s] -- Up-to-date symlink: /home/zyme/ros_ws/Autoware_sim_test/install/eagleye_rt/share/eagleye_rt/environment/path.dsv
[0.427s] -- Up-to-date symlink: /home/zyme/ros_ws/Autoware_sim_test/install/eagleye_rt/share/eagleye_rt/local_setup.bash
[0.427s] -- Up-to-date symlink: /home/zyme/ros_ws/Autoware_sim_test/install/eagleye_rt/share/eagleye_rt/local_setup.sh
[0.427s] -- Up-to-date symlink: /home/zyme/ros_ws/Autoware_sim_test/install/eagleye_rt/share/eagleye_rt/local_setup.zsh
[0.427s] -- Up-to-date symlink: /home/zyme/ros_ws/Autoware_sim_test/install/eagleye_rt/share/eagleye_rt/local_setup.dsv
[0.427s] -- Symlinking: /home/zyme/ros_ws/Autoware_sim_test/install/eagleye_rt/share/eagleye_rt/package.dsv
[0.437s] -- Up-to-date symlink: /home/zyme/ros_ws/Autoware_sim_test/install/eagleye_rt/share/ament_index/resource_index/packages/eagleye_rt
[0.438s] -- Up-to-date symlink: /home/zyme/ros_ws/Autoware_sim_test/install/eagleye_rt/share/eagleye_rt/cmake/ament_cmake_export_dependencies-extras.cmake
[0.438s] -- Up-to-date symlink: /home/zyme/ros_ws/Autoware_sim_test/install/eagleye_rt/share/eagleye_rt/cmake/eagleye_rtConfig.cmake
[0.438s] -- Up-to-date symlink: /home/zyme/ros_ws/Autoware_sim_test/install/eagleye_rt/share/eagleye_rt/cmake/eagleye_rtConfig-version.cmake
[0.438s] -- Up-to-date symlink: /home/zyme/ros_ws/Autoware_sim_test/install/eagleye_rt/share/eagleye_rt/package.xml
[0.441s] Invoked command in '/home/zyme/ros_ws/Autoware_sim_test/build/eagleye_rt' returned '0': AMENT_PREFIX_PATH=/home/zyme/ros_ws/Autoware_sim_test/install/eagleye_navigation:/home/zyme/ros_ws/Autoware_sim_test/install/eagleye_msgs:/home/zyme/ros_ws/Autoware_sim_test/install/rtklib_msgs:/home/zyme/ros_ws/Autoware_sim_test/install/eagleye_coordinate:${AMENT_PREFIX_PATH} CMAKE_PREFIX_PATH=/home/zyme/ros_ws/Autoware_sim_test/install/eagleye_navigation:/home/zyme/ros_ws/Autoware_sim_test/install/eagleye_msgs:/home/zyme/ros_ws/Autoware_sim_test/install/rtklib_msgs:/home/zyme/ros_ws/Autoware_sim_test/install/eagleye_coordinate:/opt/ros/humble LD_LIBRARY_PATH=/home/zyme/ros_ws/Autoware_sim_test/install/eagleye_navigation/lib:/home/zyme/ros_ws/Autoware_sim_test/install/eagleye_msgs/lib:/home/zyme/ros_ws/Autoware_sim_test/install/rtklib_msgs/lib:/home/zyme/ros_ws/Autoware_sim_test/install/eagleye_coordinate/lib:${LD_LIBRARY_PATH} PYTHONPATH=/home/zyme/ros_ws/Autoware_sim_test/install/eagleye_msgs/local/lib/python3.10/dist-packages:/home/zyme/ros_ws/Autoware_sim_test/install/rtklib_msgs/local/lib/python3.10/dist-packages:${PYTHONPATH} /usr/bin/cmake --install /home/zyme/ros_ws/Autoware_sim_test/build/eagleye_rt
