[0.093s] Invoking command in '/home/zyme/ros_ws/Autoware_sim_test/build/control_performance_analysis': AMENT_PREFIX_PATH=/home/zyme/ros_ws/Autoware_sim_test/install/motion_utils:/home/zyme/ros_ws/Autoware_sim_test/install/global_parameter_loader:/home/zyme/ros_ws/Autoware_sim_test/install/vehicle_info_util:/home/zyme/ros_ws/Autoware_sim_test/install/interpolation:/home/zyme/ros_ws/Autoware_sim_test/install/tier4_autoware_utils:/home/zyme/ros_ws/Autoware_sim_test/install/signal_processing:/home/zyme/ros_ws/Autoware_sim_test/install/autoware_auto_vehicle_msgs:/home/zyme/ros_ws/Autoware_sim_test/install/autoware_cmake:/home/zyme/ros_ws/Autoware_sim_test/install/autoware_auto_planning_msgs:/home/zyme/ros_ws/Autoware_sim_test/install/autoware_auto_perception_msgs:/home/zyme/ros_ws/Autoware_sim_test/install/tier4_debug_msgs:/home/zyme/ros_ws/Autoware_sim_test/install/autoware_lint_common:/home/zyme/ros_ws/Autoware_sim_test/install/autoware_auto_mapping_msgs:/home/zyme/ros_ws/Autoware_sim_test/install/autoware_auto_geometry_msgs:/home/zyme/ros_ws/Autoware_sim_test/install/autoware_auto_control_msgs:${AMENT_PREFIX_PATH} CMAKE_PREFIX_PATH=/home/zyme/ros_ws/Autoware_sim_test/install/motion_utils:/home/zyme/ros_ws/Autoware_sim_test/install/global_parameter_loader:/home/zyme/ros_ws/Autoware_sim_test/install/vehicle_info_util:/home/zyme/ros_ws/Autoware_sim_test/install/interpolation:/home/zyme/ros_ws/Autoware_sim_test/install/tier4_autoware_utils:/home/zyme/ros_ws/Autoware_sim_test/install/signal_processing:/home/zyme/ros_ws/Autoware_sim_test/install/autoware_auto_vehicle_msgs:/home/zyme/ros_ws/Autoware_sim_test/install/autoware_cmake:/home/zyme/ros_ws/Autoware_sim_test/install/autoware_auto_planning_msgs:/home/zyme/ros_ws/Autoware_sim_test/install/autoware_auto_perception_msgs:/home/zyme/ros_ws/Autoware_sim_test/install/tier4_debug_msgs:/home/zyme/ros_ws/Autoware_sim_test/install/autoware_lint_common:/home/zyme/ros_ws/Autoware_sim_test/install/autoware_auto_mapping_msgs:/home/zyme/ros_ws/Autoware_sim_test/install/autoware_auto_geometry_msgs:/home/zyme/ros_ws/Autoware_sim_test/install/autoware_auto_control_msgs:/opt/ros/humble LD_LIBRARY_PATH=/home/zyme/ros_ws/Autoware_sim_test/install/motion_utils/lib:/home/zyme/ros_ws/Autoware_sim_test/install/vehicle_info_util/lib:/home/zyme/ros_ws/Autoware_sim_test/install/interpolation/lib:/home/zyme/ros_ws/Autoware_sim_test/install/tier4_autoware_utils/lib:/home/zyme/ros_ws/Autoware_sim_test/install/signal_processing/lib:/home/zyme/ros_ws/Autoware_sim_test/install/autoware_auto_vehicle_msgs/lib:/home/zyme/ros_ws/Autoware_sim_test/install/autoware_auto_planning_msgs/lib:/home/zyme/ros_ws/Autoware_sim_test/install/autoware_auto_perception_msgs/lib:/home/zyme/ros_ws/Autoware_sim_test/install/tier4_debug_msgs/lib:/home/zyme/ros_ws/Autoware_sim_test/install/autoware_auto_mapping_msgs/lib:/home/zyme/ros_ws/Autoware_sim_test/install/autoware_auto_geometry_msgs/lib:/home/zyme/ros_ws/Autoware_sim_test/install/autoware_auto_control_msgs/lib:${LD_LIBRARY_PATH} PYTHONPATH=/home/zyme/ros_ws/Autoware_sim_test/install/autoware_auto_vehicle_msgs/local/lib/python3.10/dist-packages:/home/zyme/ros_ws/Autoware_sim_test/install/autoware_auto_planning_msgs/local/lib/python3.10/dist-packages:/home/zyme/ros_ws/Autoware_sim_test/install/autoware_auto_perception_msgs/local/lib/python3.10/dist-packages:/home/zyme/ros_ws/Autoware_sim_test/install/tier4_debug_msgs/local/lib/python3.10/dist-packages:/home/zyme/ros_ws/Autoware_sim_test/install/autoware_auto_mapping_msgs/local/lib/python3.10/dist-packages:/home/zyme/ros_ws/Autoware_sim_test/install/autoware_auto_geometry_msgs/local/lib/python3.10/dist-packages:/home/zyme/ros_ws/Autoware_sim_test/install/autoware_auto_control_msgs/local/lib/python3.10/dist-packages:${PYTHONPATH} /usr/bin/cmake --build /home/zyme/ros_ws/Autoware_sim_test/build/control_performance_analysis -- -j12 -l12
[0.147s] [35m[1mConsolidate compiler generated dependencies of target control_performance_analysis_exe[0m
[0.147s] [35m[1mConsolidate compiler generated dependencies of target control_performance_analysis__rosidl_generator_c[0m
[0.158s] [  1%] Built target control_performance_analysis__cpp
[0.163s] [ 11%] Built target control_performance_analysis__rosidl_generator_c
[0.171s] [ 14%] Built target control_performance_analysis_exe
[0.171s] [ 14%] Built target ament_cmake_python_symlink_control_performance_analysis
[0.178s] [35m[1mConsolidate compiler generated dependencies of target control_performance_analysis__rosidl_typesupport_introspection_cpp[0m
[0.180s] [35m[1mConsolidate compiler generated dependencies of target control_performance_analysis__rosidl_typesupport_fastrtps_cpp[0m
[0.180s] [35m[1mConsolidate compiler generated dependencies of target control_performance_analysis__rosidl_typesupport_cpp[0m
[0.182s] [35m[1mConsolidate compiler generated dependencies of target control_performance_analysis__rosidl_typesupport_c[0m
[0.186s] [35m[1mConsolidate compiler generated dependencies of target control_performance_analysis__rosidl_typesupport_introspection_c[0m
[0.188s] [35m[1mConsolidate compiler generated dependencies of target control_performance_analysis__rosidl_typesupport_fastrtps_c[0m
[0.200s] [ 24%] Built target control_performance_analysis__rosidl_typesupport_c
[0.205s] [ 41%] Built target control_performance_analysis__rosidl_typesupport_introspection_c
[0.206s] [ 43%] Built target control_performance_analysis__rosidl_typesupport_cpp
[0.206s] [ 53%] Built target control_performance_analysis__rosidl_typesupport_introspection_cpp
[0.209s] [ 62%] Built target control_performance_analysis__rosidl_typesupport_fastrtps_cpp
[0.212s] [ 72%] Built target control_performance_analysis__rosidl_typesupport_fastrtps_c
[0.223s] [35m[1mConsolidate compiler generated dependencies of target control_performance_analysis_core[0m
[0.238s] [ 72%] Built target control_performance_analysis
[0.259s] [ 77%] Built target control_performance_analysis_core
[0.263s] [ 79%] Built target control_performance_analysis__py
[0.276s] [35m[1mConsolidate compiler generated dependencies of target control_performance_analysis_node[0m
[0.277s] [35m[1mConsolidate compiler generated dependencies of target control_performance_analysis__rosidl_generator_py[0m
[0.294s] [ 87%] Built target control_performance_analysis__rosidl_generator_py
[0.310s] [35m[1mConsolidate compiler generated dependencies of target control_performance_analysis__rosidl_typesupport_introspection_c__pyext[0m
[0.310s] [35m[1mConsolidate compiler generated dependencies of target control_performance_analysis__rosidl_typesupport_c__pyext[0m
[0.310s] [35m[1mConsolidate compiler generated dependencies of target control_performance_analysis__rosidl_typesupport_fastrtps_c__pyext[0m
[0.311s] [ 90%] Built target control_performance_analysis_node
[0.326s] [ 95%] Built target control_performance_analysis__rosidl_typesupport_introspection_c__pyext
[0.326s] [ 96%] Built target control_performance_analysis__rosidl_typesupport_c__pyext
[0.327s] [100%] Built target control_performance_analysis__rosidl_typesupport_fastrtps_c__pyext
[0.464s] running egg_info
[0.464s] writing control_performance_analysis.egg-info/PKG-INFO
[0.465s] writing dependency_links to control_performance_analysis.egg-info/dependency_links.txt
[0.465s] writing top-level names to control_performance_analysis.egg-info/top_level.txt
[0.467s] reading manifest file 'control_performance_analysis.egg-info/SOURCES.txt'
[0.467s] writing manifest file 'control_performance_analysis.egg-info/SOURCES.txt'
[0.496s] [100%] Built target ament_cmake_python_build_control_performance_analysis_egg
[0.510s] Invoked command in '/home/zyme/ros_ws/Autoware_sim_test/build/control_performance_analysis' returned '0': AMENT_PREFIX_PATH=/home/zyme/ros_ws/Autoware_sim_test/install/motion_utils:/home/zyme/ros_ws/Autoware_sim_test/install/global_parameter_loader:/home/zyme/ros_ws/Autoware_sim_test/install/vehicle_info_util:/home/zyme/ros_ws/Autoware_sim_test/install/interpolation:/home/zyme/ros_ws/Autoware_sim_test/install/tier4_autoware_utils:/home/zyme/ros_ws/Autoware_sim_test/install/signal_processing:/home/zyme/ros_ws/Autoware_sim_test/install/autoware_auto_vehicle_msgs:/home/zyme/ros_ws/Autoware_sim_test/install/autoware_cmake:/home/zyme/ros_ws/Autoware_sim_test/install/autoware_auto_planning_msgs:/home/zyme/ros_ws/Autoware_sim_test/install/autoware_auto_perception_msgs:/home/zyme/ros_ws/Autoware_sim_test/install/tier4_debug_msgs:/home/zyme/ros_ws/Autoware_sim_test/install/autoware_lint_common:/home/zyme/ros_ws/Autoware_sim_test/install/autoware_auto_mapping_msgs:/home/zyme/ros_ws/Autoware_sim_test/install/autoware_auto_geometry_msgs:/home/zyme/ros_ws/Autoware_sim_test/install/autoware_auto_control_msgs:${AMENT_PREFIX_PATH} CMAKE_PREFIX_PATH=/home/zyme/ros_ws/Autoware_sim_test/install/motion_utils:/home/zyme/ros_ws/Autoware_sim_test/install/global_parameter_loader:/home/zyme/ros_ws/Autoware_sim_test/install/vehicle_info_util:/home/zyme/ros_ws/Autoware_sim_test/install/interpolation:/home/zyme/ros_ws/Autoware_sim_test/install/tier4_autoware_utils:/home/zyme/ros_ws/Autoware_sim_test/install/signal_processing:/home/zyme/ros_ws/Autoware_sim_test/install/autoware_auto_vehicle_msgs:/home/zyme/ros_ws/Autoware_sim_test/install/autoware_cmake:/home/zyme/ros_ws/Autoware_sim_test/install/autoware_auto_planning_msgs:/home/zyme/ros_ws/Autoware_sim_test/install/autoware_auto_perception_msgs:/home/zyme/ros_ws/Autoware_sim_test/install/tier4_debug_msgs:/home/zyme/ros_ws/Autoware_sim_test/install/autoware_lint_common:/home/zyme/ros_ws/Autoware_sim_test/install/autoware_auto_mapping_msgs:/home/zyme/ros_ws/Autoware_sim_test/install/autoware_auto_geometry_msgs:/home/zyme/ros_ws/Autoware_sim_test/install/autoware_auto_control_msgs:/opt/ros/humble LD_LIBRARY_PATH=/home/zyme/ros_ws/Autoware_sim_test/install/motion_utils/lib:/home/zyme/ros_ws/Autoware_sim_test/install/vehicle_info_util/lib:/home/zyme/ros_ws/Autoware_sim_test/install/interpolation/lib:/home/zyme/ros_ws/Autoware_sim_test/install/tier4_autoware_utils/lib:/home/zyme/ros_ws/Autoware_sim_test/install/signal_processing/lib:/home/zyme/ros_ws/Autoware_sim_test/install/autoware_auto_vehicle_msgs/lib:/home/zyme/ros_ws/Autoware_sim_test/install/autoware_auto_planning_msgs/lib:/home/zyme/ros_ws/Autoware_sim_test/install/autoware_auto_perception_msgs/lib:/home/zyme/ros_ws/Autoware_sim_test/install/tier4_debug_msgs/lib:/home/zyme/ros_ws/Autoware_sim_test/install/autoware_auto_mapping_msgs/lib:/home/zyme/ros_ws/Autoware_sim_test/install/autoware_auto_geometry_msgs/lib:/home/zyme/ros_ws/Autoware_sim_test/install/autoware_auto_control_msgs/lib:${LD_LIBRARY_PATH} PYTHONPATH=/home/zyme/ros_ws/Autoware_sim_test/install/autoware_auto_vehicle_msgs/local/lib/python3.10/dist-packages:/home/zyme/ros_ws/Autoware_sim_test/install/autoware_auto_planning_msgs/local/lib/python3.10/dist-packages:/home/zyme/ros_ws/Autoware_sim_test/install/autoware_auto_perception_msgs/local/lib/python3.10/dist-packages:/home/zyme/ros_ws/Autoware_sim_test/install/tier4_debug_msgs/local/lib/python3.10/dist-packages:/home/zyme/ros_ws/Autoware_sim_test/install/autoware_auto_mapping_msgs/local/lib/python3.10/dist-packages:/home/zyme/ros_ws/Autoware_sim_test/install/autoware_auto_geometry_msgs/local/lib/python3.10/dist-packages:/home/zyme/ros_ws/Autoware_sim_test/install/autoware_auto_control_msgs/local/lib/python3.10/dist-packages:${PYTHONPATH} /usr/bin/cmake --build /home/zyme/ros_ws/Autoware_sim_test/build/control_performance_analysis -- -j12 -l12
[0.646s] Invoking command in '/home/zyme/ros_ws/Autoware_sim_test/build/control_performance_analysis': AMENT_PREFIX_PATH=/home/zyme/ros_ws/Autoware_sim_test/install/motion_utils:/home/zyme/ros_ws/Autoware_sim_test/install/global_parameter_loader:/home/zyme/ros_ws/Autoware_sim_test/install/vehicle_info_util:/home/zyme/ros_ws/Autoware_sim_test/install/interpolation:/home/zyme/ros_ws/Autoware_sim_test/install/tier4_autoware_utils:/home/zyme/ros_ws/Autoware_sim_test/install/signal_processing:/home/zyme/ros_ws/Autoware_sim_test/install/autoware_auto_vehicle_msgs:/home/zyme/ros_ws/Autoware_sim_test/install/autoware_cmake:/home/zyme/ros_ws/Autoware_sim_test/install/autoware_auto_planning_msgs:/home/zyme/ros_ws/Autoware_sim_test/install/autoware_auto_perception_msgs:/home/zyme/ros_ws/Autoware_sim_test/install/tier4_debug_msgs:/home/zyme/ros_ws/Autoware_sim_test/install/autoware_lint_common:/home/zyme/ros_ws/Autoware_sim_test/install/autoware_auto_mapping_msgs:/home/zyme/ros_ws/Autoware_sim_test/install/autoware_auto_geometry_msgs:/home/zyme/ros_ws/Autoware_sim_test/install/autoware_auto_control_msgs:${AMENT_PREFIX_PATH} CMAKE_PREFIX_PATH=/home/zyme/ros_ws/Autoware_sim_test/install/motion_utils:/home/zyme/ros_ws/Autoware_sim_test/install/global_parameter_loader:/home/zyme/ros_ws/Autoware_sim_test/install/vehicle_info_util:/home/zyme/ros_ws/Autoware_sim_test/install/interpolation:/home/zyme/ros_ws/Autoware_sim_test/install/tier4_autoware_utils:/home/zyme/ros_ws/Autoware_sim_test/install/signal_processing:/home/zyme/ros_ws/Autoware_sim_test/install/autoware_auto_vehicle_msgs:/home/zyme/ros_ws/Autoware_sim_test/install/autoware_cmake:/home/zyme/ros_ws/Autoware_sim_test/install/autoware_auto_planning_msgs:/home/zyme/ros_ws/Autoware_sim_test/install/autoware_auto_perception_msgs:/home/zyme/ros_ws/Autoware_sim_test/install/tier4_debug_msgs:/home/zyme/ros_ws/Autoware_sim_test/install/autoware_lint_common:/home/zyme/ros_ws/Autoware_sim_test/install/autoware_auto_mapping_msgs:/home/zyme/ros_ws/Autoware_sim_test/install/autoware_auto_geometry_msgs:/home/zyme/ros_ws/Autoware_sim_test/install/autoware_auto_control_msgs:/opt/ros/humble LD_LIBRARY_PATH=/home/zyme/ros_ws/Autoware_sim_test/install/motion_utils/lib:/home/zyme/ros_ws/Autoware_sim_test/install/vehicle_info_util/lib:/home/zyme/ros_ws/Autoware_sim_test/install/interpolation/lib:/home/zyme/ros_ws/Autoware_sim_test/install/tier4_autoware_utils/lib:/home/zyme/ros_ws/Autoware_sim_test/install/signal_processing/lib:/home/zyme/ros_ws/Autoware_sim_test/install/autoware_auto_vehicle_msgs/lib:/home/zyme/ros_ws/Autoware_sim_test/install/autoware_auto_planning_msgs/lib:/home/zyme/ros_ws/Autoware_sim_test/install/autoware_auto_perception_msgs/lib:/home/zyme/ros_ws/Autoware_sim_test/install/tier4_debug_msgs/lib:/home/zyme/ros_ws/Autoware_sim_test/install/autoware_auto_mapping_msgs/lib:/home/zyme/ros_ws/Autoware_sim_test/install/autoware_auto_geometry_msgs/lib:/home/zyme/ros_ws/Autoware_sim_test/install/autoware_auto_control_msgs/lib:${LD_LIBRARY_PATH} PYTHONPATH=/home/zyme/ros_ws/Autoware_sim_test/install/autoware_auto_vehicle_msgs/local/lib/python3.10/dist-packages:/home/zyme/ros_ws/Autoware_sim_test/install/autoware_auto_planning_msgs/local/lib/python3.10/dist-packages:/home/zyme/ros_ws/Autoware_sim_test/install/autoware_auto_perception_msgs/local/lib/python3.10/dist-packages:/home/zyme/ros_ws/Autoware_sim_test/install/tier4_debug_msgs/local/lib/python3.10/dist-packages:/home/zyme/ros_ws/Autoware_sim_test/install/autoware_auto_mapping_msgs/local/lib/python3.10/dist-packages:/home/zyme/ros_ws/Autoware_sim_test/install/autoware_auto_geometry_msgs/local/lib/python3.10/dist-packages:/home/zyme/ros_ws/Autoware_sim_test/install/autoware_auto_control_msgs/local/lib/python3.10/dist-packages:${PYTHONPATH} /usr/bin/cmake --install /home/zyme/ros_ws/Autoware_sim_test/build/control_performance_analysis
[0.655s] -- Install configuration: "Release"
[0.655s] -- Execute custom install script
[0.656s] -- Up-to-date symlink: /home/zyme/ros_ws/Autoware_sim_test/install/control_performance_analysis/share/ament_index/resource_index/rosidl_interfaces/control_performance_analysis
[0.656s] -- Up-to-date symlink: /home/zyme/ros_ws/Autoware_sim_test/install/control_performance_analysis/include/control_performance_analysis/control_performance_analysis/msg/detail/driving_monitor_stamped__functions.h
[0.656s] -- Up-to-date symlink: /home/zyme/ros_ws/Autoware_sim_test/install/control_performance_analysis/include/control_performance_analysis/control_performance_analysis/msg/detail/driving_monitor_stamped__struct.h
[0.657s] -- Up-to-date symlink: /home/zyme/ros_ws/Autoware_sim_test/install/control_performance_analysis/include/control_performance_analysis/control_performance_analysis/msg/detail/driving_monitor_stamped__type_support.h
[0.657s] -- Up-to-date symlink: /home/zyme/ros_ws/Autoware_sim_test/install/control_performance_analysis/include/control_performance_analysis/control_performance_analysis/msg/detail/error__functions.h
[0.657s] -- Up-to-date symlink: /home/zyme/ros_ws/Autoware_sim_test/install/control_performance_analysis/include/control_performance_analysis/control_performance_analysis/msg/detail/error__struct.h
[0.657s] -- Up-to-date symlink: /home/zyme/ros_ws/Autoware_sim_test/install/control_performance_analysis/include/control_performance_analysis/control_performance_analysis/msg/detail/error__type_support.h
[0.657s] -- Up-to-date symlink: /home/zyme/ros_ws/Autoware_sim_test/install/control_performance_analysis/include/control_performance_analysis/control_performance_analysis/msg/detail/error_stamped__functions.h
[0.658s] -- Up-to-date symlink: /home/zyme/ros_ws/Autoware_sim_test/install/control_performance_analysis/include/control_performance_analysis/control_performance_analysis/msg/detail/error_stamped__struct.h
[0.658s] -- Up-to-date symlink: /home/zyme/ros_ws/Autoware_sim_test/install/control_performance_analysis/include/control_performance_analysis/control_performance_analysis/msg/detail/error_stamped__type_support.h
[0.658s] -- Up-to-date symlink: /home/zyme/ros_ws/Autoware_sim_test/install/control_performance_analysis/include/control_performance_analysis/control_performance_analysis/msg/detail/float_stamped__functions.h
[0.658s] -- Up-to-date symlink: /home/zyme/ros_ws/Autoware_sim_test/install/control_performance_analysis/include/control_performance_analysis/control_performance_analysis/msg/detail/float_stamped__struct.h
[0.658s] -- Up-to-date symlink: /home/zyme/ros_ws/Autoware_sim_test/install/control_performance_analysis/include/control_performance_analysis/control_performance_analysis/msg/detail/float_stamped__type_support.h
[0.659s] -- Up-to-date symlink: /home/zyme/ros_ws/Autoware_sim_test/install/control_performance_analysis/include/control_performance_analysis/control_performance_analysis/msg/driving_monitor_stamped.h
[0.659s] -- Up-to-date symlink: /home/zyme/ros_ws/Autoware_sim_test/install/control_performance_analysis/include/control_performance_analysis/control_performance_analysis/msg/error.h
[0.659s] -- Up-to-date symlink: /home/zyme/ros_ws/Autoware_sim_test/install/control_performance_analysis/include/control_performance_analysis/control_performance_analysis/msg/error_stamped.h
[0.659s] -- Up-to-date symlink: /home/zyme/ros_ws/Autoware_sim_test/install/control_performance_analysis/include/control_performance_analysis/control_performance_analysis/msg/float_stamped.h
[0.659s] -- Up-to-date symlink: /home/zyme/ros_ws/Autoware_sim_test/install/control_performance_analysis/include/control_performance_analysis/control_performance_analysis/msg/rosidl_generator_c__visibility_control.h
[0.660s] -- Up-to-date symlink: /home/zyme/ros_ws/Autoware_sim_test/install/control_performance_analysis/share/control_performance_analysis/environment/library_path.sh
[0.660s] -- Up-to-date symlink: /home/zyme/ros_ws/Autoware_sim_test/install/control_performance_analysis/share/control_performance_analysis/environment/library_path.dsv
[0.661s] -- Up-to-date symlink: /home/zyme/ros_ws/Autoware_sim_test/install/control_performance_analysis/include/control_performance_analysis/control_performance_analysis/msg/detail/driving_monitor_stamped__rosidl_typesupport_fastrtps_c.h
[0.661s] -- Up-to-date symlink: /home/zyme/ros_ws/Autoware_sim_test/install/control_performance_analysis/include/control_performance_analysis/control_performance_analysis/msg/detail/error__rosidl_typesupport_fastrtps_c.h
[0.661s] -- Up-to-date symlink: /home/zyme/ros_ws/Autoware_sim_test/install/control_performance_analysis/include/control_performance_analysis/control_performance_analysis/msg/detail/error_stamped__rosidl_typesupport_fastrtps_c.h
[0.661s] -- Up-to-date symlink: /home/zyme/ros_ws/Autoware_sim_test/install/control_performance_analysis/include/control_performance_analysis/control_performance_analysis/msg/detail/float_stamped__rosidl_typesupport_fastrtps_c.h
[0.661s] -- Up-to-date symlink: /home/zyme/ros_ws/Autoware_sim_test/install/control_performance_analysis/include/control_performance_analysis/control_performance_analysis/msg/rosidl_typesupport_fastrtps_c__visibility_control.h
[0.662s] -- Up-to-date symlink: /home/zyme/ros_ws/Autoware_sim_test/install/control_performance_analysis/include/control_performance_analysis/control_performance_analysis/msg/detail/driving_monitor_stamped__builder.hpp
[0.662s] -- Up-to-date symlink: /home/zyme/ros_ws/Autoware_sim_test/install/control_performance_analysis/include/control_performance_analysis/control_performance_analysis/msg/detail/driving_monitor_stamped__struct.hpp
[0.663s] -- Up-to-date symlink: /home/zyme/ros_ws/Autoware_sim_test/install/control_performance_analysis/include/control_performance_analysis/control_performance_analysis/msg/detail/driving_monitor_stamped__traits.hpp
[0.663s] -- Up-to-date symlink: /home/zyme/ros_ws/Autoware_sim_test/install/control_performance_analysis/include/control_performance_analysis/control_performance_analysis/msg/detail/error__builder.hpp
[0.663s] -- Up-to-date symlink: /home/zyme/ros_ws/Autoware_sim_test/install/control_performance_analysis/include/control_performance_analysis/control_performance_analysis/msg/detail/error__struct.hpp
[0.663s] -- Up-to-date symlink: /home/zyme/ros_ws/Autoware_sim_test/install/control_performance_analysis/include/control_performance_analysis/control_performance_analysis/msg/detail/error__traits.hpp
[0.663s] -- Up-to-date symlink: /home/zyme/ros_ws/Autoware_sim_test/install/control_performance_analysis/include/control_performance_analysis/control_performance_analysis/msg/detail/error_stamped__builder.hpp
[0.664s] -- Up-to-date symlink: /home/zyme/ros_ws/Autoware_sim_test/install/control_performance_analysis/include/control_performance_analysis/control_performance_analysis/msg/detail/error_stamped__struct.hpp
[0.664s] -- Up-to-date symlink: /home/zyme/ros_ws/Autoware_sim_test/install/control_performance_analysis/include/control_performance_analysis/control_performance_analysis/msg/detail/error_stamped__traits.hpp
[0.664s] -- Up-to-date symlink: /home/zyme/ros_ws/Autoware_sim_test/install/control_performance_analysis/include/control_performance_analysis/control_performance_analysis/msg/detail/float_stamped__builder.hpp
[0.664s] -- Up-to-date symlink: /home/zyme/ros_ws/Autoware_sim_test/install/control_performance_analysis/include/control_performance_analysis/control_performance_analysis/msg/detail/float_stamped__struct.hpp
[0.664s] -- Up-to-date symlink: /home/zyme/ros_ws/Autoware_sim_test/install/control_performance_analysis/include/control_performance_analysis/control_performance_analysis/msg/detail/float_stamped__traits.hpp
[0.665s] -- Up-to-date symlink: /home/zyme/ros_ws/Autoware_sim_test/install/control_performance_analysis/include/control_performance_analysis/control_performance_analysis/msg/driving_monitor_stamped.hpp
[0.665s] -- Up-to-date symlink: /home/zyme/ros_ws/Autoware_sim_test/install/control_performance_analysis/include/control_performance_analysis/control_performance_analysis/msg/error.hpp
[0.665s] -- Up-to-date symlink: /home/zyme/ros_ws/Autoware_sim_test/install/control_performance_analysis/include/control_performance_analysis/control_performance_analysis/msg/error_stamped.hpp
[0.665s] -- Up-to-date symlink: /home/zyme/ros_ws/Autoware_sim_test/install/control_performance_analysis/include/control_performance_analysis/control_performance_analysis/msg/float_stamped.hpp
[0.666s] -- Up-to-date symlink: /home/zyme/ros_ws/Autoware_sim_test/install/control_performance_analysis/include/control_performance_analysis/control_performance_analysis/msg/detail/driving_monitor_stamped__rosidl_typesupport_fastrtps_cpp.hpp
[0.666s] -- Up-to-date symlink: /home/zyme/ros_ws/Autoware_sim_test/install/control_performance_analysis/include/control_performance_analysis/control_performance_analysis/msg/detail/error__rosidl_typesupport_fastrtps_cpp.hpp
[0.666s] -- Up-to-date symlink: /home/zyme/ros_ws/Autoware_sim_test/install/control_performance_analysis/include/control_performance_analysis/control_performance_analysis/msg/detail/error_stamped__rosidl_typesupport_fastrtps_cpp.hpp
[0.666s] -- Up-to-date symlink: /home/zyme/ros_ws/Autoware_sim_test/install/control_performance_analysis/include/control_performance_analysis/control_performance_analysis/msg/detail/float_stamped__rosidl_typesupport_fastrtps_cpp.hpp
[0.667s] -- Up-to-date symlink: /home/zyme/ros_ws/Autoware_sim_test/install/control_performance_analysis/include/control_performance_analysis/control_performance_analysis/msg/rosidl_typesupport_fastrtps_cpp__visibility_control.h
[0.667s] -- Up-to-date symlink: /home/zyme/ros_ws/Autoware_sim_test/install/control_performance_analysis/include/control_performance_analysis/control_performance_analysis/msg/detail/driving_monitor_stamped__rosidl_typesupport_introspection_c.h
[0.667s] -- Up-to-date symlink: /home/zyme/ros_ws/Autoware_sim_test/install/control_performance_analysis/include/control_performance_analysis/control_performance_analysis/msg/detail/error__rosidl_typesupport_introspection_c.h
[0.668s] -- Up-to-date symlink: /home/zyme/ros_ws/Autoware_sim_test/install/control_performance_analysis/include/control_performance_analysis/control_performance_analysis/msg/detail/error_stamped__rosidl_typesupport_introspection_c.h
[0.668s] -- Up-to-date symlink: /home/zyme/ros_ws/Autoware_sim_test/install/control_performance_analysis/include/control_performance_analysis/control_performance_analysis/msg/detail/float_stamped__rosidl_typesupport_introspection_c.h
[0.668s] -- Up-to-date symlink: /home/zyme/ros_ws/Autoware_sim_test/install/control_performance_analysis/include/control_performance_analysis/control_performance_analysis/msg/rosidl_typesupport_introspection_c__visibility_control.h
[0.669s] -- Up-to-date symlink: /home/zyme/ros_ws/Autoware_sim_test/install/control_performance_analysis/include/control_performance_analysis/control_performance_analysis/msg/detail/driving_monitor_stamped__rosidl_typesupport_introspection_cpp.hpp
[0.669s] -- Up-to-date symlink: /home/zyme/ros_ws/Autoware_sim_test/install/control_performance_analysis/include/control_performance_analysis/control_performance_analysis/msg/detail/error__rosidl_typesupport_introspection_cpp.hpp
[0.669s] -- Up-to-date symlink: /home/zyme/ros_ws/Autoware_sim_test/install/control_performance_analysis/include/control_performance_analysis/control_performance_analysis/msg/detail/error_stamped__rosidl_typesupport_introspection_cpp.hpp
[0.669s] -- Up-to-date symlink: /home/zyme/ros_ws/Autoware_sim_test/install/control_performance_analysis/include/control_performance_analysis/control_performance_analysis/msg/detail/float_stamped__rosidl_typesupport_introspection_cpp.hpp
[0.669s] -- Up-to-date symlink: /home/zyme/ros_ws/Autoware_sim_test/install/control_performance_analysis/share/control_performance_analysis/environment/pythonpath.sh
[0.670s] -- Up-to-date symlink: /home/zyme/ros_ws/Autoware_sim_test/install/control_performance_analysis/share/control_performance_analysis/environment/pythonpath.dsv
[0.670s] -- Up-to-date symlink: /home/zyme/ros_ws/Autoware_sim_test/install/control_performance_analysis/local/lib/python3.10/dist-packages/control_performance_analysis-0.1.0-py3.10.egg-info/PKG-INFO
[0.670s] -- Up-to-date symlink: /home/zyme/ros_ws/Autoware_sim_test/install/control_performance_analysis/local/lib/python3.10/dist-packages/control_performance_analysis-0.1.0-py3.10.egg-info/SOURCES.txt
[0.671s] -- Up-to-date symlink: /home/zyme/ros_ws/Autoware_sim_test/install/control_performance_analysis/local/lib/python3.10/dist-packages/control_performance_analysis-0.1.0-py3.10.egg-info/dependency_links.txt
[0.671s] -- Up-to-date symlink: /home/zyme/ros_ws/Autoware_sim_test/install/control_performance_analysis/local/lib/python3.10/dist-packages/control_performance_analysis-0.1.0-py3.10.egg-info/top_level.txt
[0.672s] -- Up-to-date symlink: /home/zyme/ros_ws/Autoware_sim_test/install/control_performance_analysis/local/lib/python3.10/dist-packages/control_performance_analysis/__init__.py
[0.672s] -- Up-to-date symlink: /home/zyme/ros_ws/Autoware_sim_test/install/control_performance_analysis/local/lib/python3.10/dist-packages/control_performance_analysis/_control_performance_analysis_s.ep.rosidl_typesupport_c.c
[0.672s] -- Up-to-date symlink: /home/zyme/ros_ws/Autoware_sim_test/install/control_performance_analysis/local/lib/python3.10/dist-packages/control_performance_analysis/_control_performance_analysis_s.ep.rosidl_typesupport_fastrtps_c.c
[0.672s] -- Up-to-date symlink: /home/zyme/ros_ws/Autoware_sim_test/install/control_performance_analysis/local/lib/python3.10/dist-packages/control_performance_analysis/_control_performance_analysis_s.ep.rosidl_typesupport_introspection_c.c
[0.673s] -- Up-to-date symlink: /home/zyme/ros_ws/Autoware_sim_test/install/control_performance_analysis/local/lib/python3.10/dist-packages/control_performance_analysis/control_performance_analysis_s__rosidl_typesupport_c.cpython-310-x86_64-linux-gnu.so
[0.673s] -- Up-to-date symlink: /home/zyme/ros_ws/Autoware_sim_test/install/control_performance_analysis/local/lib/python3.10/dist-packages/control_performance_analysis/control_performance_analysis_s__rosidl_typesupport_fastrtps_c.cpython-310-x86_64-linux-gnu.so
[0.673s] -- Up-to-date symlink: /home/zyme/ros_ws/Autoware_sim_test/install/control_performance_analysis/local/lib/python3.10/dist-packages/control_performance_analysis/control_performance_analysis_s__rosidl_typesupport_introspection_c.cpython-310-x86_64-linux-gnu.so
[0.673s] -- Up-to-date symlink: /home/zyme/ros_ws/Autoware_sim_test/install/control_performance_analysis/local/lib/python3.10/dist-packages/control_performance_analysis/libcontrol_performance_analysis__rosidl_generator_py.so
[0.673s] -- Up-to-date symlink: /home/zyme/ros_ws/Autoware_sim_test/install/control_performance_analysis/local/lib/python3.10/dist-packages/control_performance_analysis/msg/__init__.py
[0.673s] -- Up-to-date symlink: /home/zyme/ros_ws/Autoware_sim_test/install/control_performance_analysis/local/lib/python3.10/dist-packages/control_performance_analysis/msg/_driving_monitor_stamped.py
[0.674s] -- Up-to-date symlink: /home/zyme/ros_ws/Autoware_sim_test/install/control_performance_analysis/local/lib/python3.10/dist-packages/control_performance_analysis/msg/_driving_monitor_stamped_s.c
[0.674s] -- Up-to-date symlink: /home/zyme/ros_ws/Autoware_sim_test/install/control_performance_analysis/local/lib/python3.10/dist-packages/control_performance_analysis/msg/_error.py
[0.674s] -- Up-to-date symlink: /home/zyme/ros_ws/Autoware_sim_test/install/control_performance_analysis/local/lib/python3.10/dist-packages/control_performance_analysis/msg/_error_s.c
[0.674s] -- Up-to-date symlink: /home/zyme/ros_ws/Autoware_sim_test/install/control_performance_analysis/local/lib/python3.10/dist-packages/control_performance_analysis/msg/_error_stamped.py
[0.674s] -- Up-to-date symlink: /home/zyme/ros_ws/Autoware_sim_test/install/control_performance_analysis/local/lib/python3.10/dist-packages/control_performance_analysis/msg/_error_stamped_s.c
[0.675s] -- Up-to-date symlink: /home/zyme/ros_ws/Autoware_sim_test/install/control_performance_analysis/local/lib/python3.10/dist-packages/control_performance_analysis/msg/_float_stamped.py
[0.675s] -- Up-to-date symlink: /home/zyme/ros_ws/Autoware_sim_test/install/control_performance_analysis/local/lib/python3.10/dist-packages/control_performance_analysis/msg/_float_stamped_s.c
[0.675s] -- Up-to-date symlink: /home/zyme/ros_ws/Autoware_sim_test/install/control_performance_analysis/local/lib/python3.10/dist-packages/control_performance_analysis/control_performance_analysis_s__rosidl_typesupport_fastrtps_c.cpython-310-x86_64-linux-gnu.so
[0.676s] -- Up-to-date symlink: /home/zyme/ros_ws/Autoware_sim_test/install/control_performance_analysis/local/lib/python3.10/dist-packages/control_performance_analysis/control_performance_analysis_s__rosidl_typesupport_introspection_c.cpython-310-x86_64-linux-gnu.so
[0.677s] -- Up-to-date symlink: /home/zyme/ros_ws/Autoware_sim_test/install/control_performance_analysis/local/lib/python3.10/dist-packages/control_performance_analysis/control_performance_analysis_s__rosidl_typesupport_c.cpython-310-x86_64-linux-gnu.so
[0.677s] -- Up-to-date symlink: /home/zyme/ros_ws/Autoware_sim_test/install/control_performance_analysis/share/control_performance_analysis/msg/Error.idl
[0.677s] -- Up-to-date symlink: /home/zyme/ros_ws/Autoware_sim_test/install/control_performance_analysis/share/control_performance_analysis/msg/ErrorStamped.idl
[0.677s] -- Up-to-date symlink: /home/zyme/ros_ws/Autoware_sim_test/install/control_performance_analysis/share/control_performance_analysis/msg/DrivingMonitorStamped.idl
[0.677s] -- Up-to-date symlink: /home/zyme/ros_ws/Autoware_sim_test/install/control_performance_analysis/share/control_performance_analysis/msg/FloatStamped.idl
[0.678s] -- Up-to-date symlink: /home/zyme/ros_ws/Autoware_sim_test/install/control_performance_analysis/share/control_performance_analysis/msg/Error.msg
[0.678s] -- Up-to-date symlink: /home/zyme/ros_ws/Autoware_sim_test/install/control_performance_analysis/share/control_performance_analysis/msg/ErrorStamped.msg
[0.678s] -- Up-to-date symlink: /home/zyme/ros_ws/Autoware_sim_test/install/control_performance_analysis/share/control_performance_analysis/msg/DrivingMonitorStamped.msg
[0.678s] -- Up-to-date symlink: /home/zyme/ros_ws/Autoware_sim_test/install/control_performance_analysis/share/control_performance_analysis/msg/FloatStamped.msg
[0.678s] -- Up-to-date symlink: /home/zyme/ros_ws/Autoware_sim_test/install/control_performance_analysis/lib/control_performance_analysis/control_performance_analysis_exe
[0.679s] -- Up-to-date symlink: /home/zyme/ros_ws/Autoware_sim_test/install/control_performance_analysis/include/control_performance_analysis/control_performance_analysis_core.hpp
[0.679s] -- Up-to-date symlink: /home/zyme/ros_ws/Autoware_sim_test/install/control_performance_analysis/include/control_performance_analysis/control_performance_analysis_node.hpp
[0.679s] -- Up-to-date symlink: /home/zyme/ros_ws/Autoware_sim_test/install/control_performance_analysis/include/control_performance_analysis/control_performance_analysis_utils.hpp
[0.679s] -- Up-to-date symlink: /home/zyme/ros_ws/Autoware_sim_test/install/control_performance_analysis/lib/libcontrol_performance_analysis_core.so
[0.680s] -- Up-to-date symlink: /home/zyme/ros_ws/Autoware_sim_test/install/control_performance_analysis/lib/libcontrol_performance_analysis_node.so
[0.680s] -- Up-to-date symlink: /home/zyme/ros_ws/Autoware_sim_test/install/control_performance_analysis/share/control_performance_analysis/launch/control_performance_analysis.launch.xml
[0.680s] -- Up-to-date symlink: /home/zyme/ros_ws/Autoware_sim_test/install/control_performance_analysis/share/control_performance_analysis/config/control_performance_analysis.param.yaml
[0.681s] -- Up-to-date symlink: /home/zyme/ros_ws/Autoware_sim_test/install/control_performance_analysis/share/control_performance_analysis/config/controller_monitor.xml
[0.681s] -- Up-to-date symlink: /home/zyme/ros_ws/Autoware_sim_test/install/control_performance_analysis/share/control_performance_analysis/config/error_rqt_multiplot.xml
[0.681s] -- Up-to-date symlink: /home/zyme/ros_ws/Autoware_sim_test/install/control_performance_analysis/share/ament_index/resource_index/package_run_dependencies/control_performance_analysis
[0.681s] -- Up-to-date symlink: /home/zyme/ros_ws/Autoware_sim_test/install/control_performance_analysis/share/ament_index/resource_index/parent_prefix_path/control_performance_analysis
[0.681s] -- Up-to-date symlink: /home/zyme/ros_ws/Autoware_sim_test/install/control_performance_analysis/share/control_performance_analysis/environment/ament_prefix_path.sh
[0.681s] -- Up-to-date symlink: /home/zyme/ros_ws/Autoware_sim_test/install/control_performance_analysis/share/control_performance_analysis/environment/ament_prefix_path.dsv
[0.682s] -- Up-to-date symlink: /home/zyme/ros_ws/Autoware_sim_test/install/control_performance_analysis/share/control_performance_analysis/environment/path.sh
[0.682s] -- Up-to-date symlink: /home/zyme/ros_ws/Autoware_sim_test/install/control_performance_analysis/share/control_performance_analysis/environment/path.dsv
[0.682s] -- Up-to-date symlink: /home/zyme/ros_ws/Autoware_sim_test/install/control_performance_analysis/share/control_performance_analysis/local_setup.bash
[0.682s] -- Up-to-date symlink: /home/zyme/ros_ws/Autoware_sim_test/install/control_performance_analysis/share/control_performance_analysis/local_setup.sh
[0.682s] -- Up-to-date symlink: /home/zyme/ros_ws/Autoware_sim_test/install/control_performance_analysis/share/control_performance_analysis/local_setup.zsh
[0.682s] -- Up-to-date symlink: /home/zyme/ros_ws/Autoware_sim_test/install/control_performance_analysis/share/control_performance_analysis/local_setup.dsv
[0.682s] -- Symlinking: /home/zyme/ros_ws/Autoware_sim_test/install/control_performance_analysis/share/control_performance_analysis/package.dsv
[0.693s] -- Up-to-date symlink: /home/zyme/ros_ws/Autoware_sim_test/install/control_performance_analysis/share/ament_index/resource_index/packages/control_performance_analysis
[0.693s] -- Up-to-date symlink: /home/zyme/ros_ws/Autoware_sim_test/install/control_performance_analysis/share/ament_index/resource_index/rclcpp_components/control_performance_analysis
[0.693s] -- Up-to-date symlink: /home/zyme/ros_ws/Autoware_sim_test/install/control_performance_analysis/share/control_performance_analysis/cmake/rosidl_cmake-extras.cmake
[0.693s] -- Up-to-date symlink: /home/zyme/ros_ws/Autoware_sim_test/install/control_performance_analysis/share/control_performance_analysis/cmake/ament_cmake_export_dependencies-extras.cmake
[0.693s] -- Up-to-date symlink: /home/zyme/ros_ws/Autoware_sim_test/install/control_performance_analysis/share/control_performance_analysis/cmake/ament_cmake_export_include_directories-extras.cmake
[0.693s] -- Up-to-date symlink: /home/zyme/ros_ws/Autoware_sim_test/install/control_performance_analysis/share/control_performance_analysis/cmake/ament_cmake_export_libraries-extras.cmake
[0.694s] -- Up-to-date symlink: /home/zyme/ros_ws/Autoware_sim_test/install/control_performance_analysis/share/control_performance_analysis/cmake/ament_cmake_export_targets-extras.cmake
[0.694s] -- Up-to-date symlink: /home/zyme/ros_ws/Autoware_sim_test/install/control_performance_analysis/share/control_performance_analysis/cmake/rosidl_cmake_export_typesupport_targets-extras.cmake
[0.694s] -- Up-to-date symlink: /home/zyme/ros_ws/Autoware_sim_test/install/control_performance_analysis/share/control_performance_analysis/cmake/rosidl_cmake_export_typesupport_libraries-extras.cmake
[0.694s] -- Up-to-date symlink: /home/zyme/ros_ws/Autoware_sim_test/install/control_performance_analysis/share/control_performance_analysis/cmake/control_performance_analysisConfig.cmake
[0.694s] -- Up-to-date symlink: /home/zyme/ros_ws/Autoware_sim_test/install/control_performance_analysis/share/control_performance_analysis/cmake/control_performance_analysisConfig-version.cmake
[0.694s] -- Up-to-date symlink: /home/zyme/ros_ws/Autoware_sim_test/install/control_performance_analysis/share/control_performance_analysis/package.xml
[0.695s] -- Up-to-date: /home/zyme/ros_ws/Autoware_sim_test/install/control_performance_analysis/lib/libcontrol_performance_analysis__rosidl_generator_c.so
[0.696s] -- Up-to-date: /home/zyme/ros_ws/Autoware_sim_test/install/control_performance_analysis/lib/libcontrol_performance_analysis__rosidl_typesupport_fastrtps_c.so
[0.696s] -- Up-to-date: /home/zyme/ros_ws/Autoware_sim_test/install/control_performance_analysis/lib/libcontrol_performance_analysis__rosidl_typesupport_fastrtps_cpp.so
[0.697s] -- Up-to-date: /home/zyme/ros_ws/Autoware_sim_test/install/control_performance_analysis/lib/libcontrol_performance_analysis__rosidl_typesupport_introspection_c.so
[0.698s] -- Up-to-date: /home/zyme/ros_ws/Autoware_sim_test/install/control_performance_analysis/lib/libcontrol_performance_analysis__rosidl_typesupport_c.so
[0.698s] -- Up-to-date: /home/zyme/ros_ws/Autoware_sim_test/install/control_performance_analysis/lib/libcontrol_performance_analysis__rosidl_typesupport_introspection_cpp.so
[0.699s] -- Up-to-date: /home/zyme/ros_ws/Autoware_sim_test/install/control_performance_analysis/lib/libcontrol_performance_analysis__rosidl_typesupport_cpp.so
[0.733s] Listing '/home/zyme/ros_ws/Autoware_sim_test/install/control_performance_analysis/local/lib/python3.10/dist-packages/control_performance_analysis'...
[0.733s] Listing '/home/zyme/ros_ws/Autoware_sim_test/install/control_performance_analysis/local/lib/python3.10/dist-packages/control_performance_analysis/msg'...
[0.738s] -- Up-to-date: /home/zyme/ros_ws/Autoware_sim_test/install/control_performance_analysis/lib/libcontrol_performance_analysis__rosidl_generator_py.so
[0.738s] -- Up-to-date: /home/zyme/ros_ws/Autoware_sim_test/install/control_performance_analysis/share/control_performance_analysis/cmake/export_control_performance_analysis__rosidl_generator_cExport.cmake
[0.738s] -- Up-to-date: /home/zyme/ros_ws/Autoware_sim_test/install/control_performance_analysis/share/control_performance_analysis/cmake/export_control_performance_analysis__rosidl_generator_cExport-release.cmake
[0.739s] -- Up-to-date: /home/zyme/ros_ws/Autoware_sim_test/install/control_performance_analysis/share/control_performance_analysis/cmake/export_control_performance_analysis__rosidl_typesupport_fastrtps_cExport.cmake
[0.739s] -- Up-to-date: /home/zyme/ros_ws/Autoware_sim_test/install/control_performance_analysis/share/control_performance_analysis/cmake/export_control_performance_analysis__rosidl_typesupport_fastrtps_cExport-release.cmake
[0.739s] -- Up-to-date: /home/zyme/ros_ws/Autoware_sim_test/install/control_performance_analysis/share/control_performance_analysis/cmake/export_control_performance_analysis__rosidl_generator_cppExport.cmake
[0.739s] -- Up-to-date: /home/zyme/ros_ws/Autoware_sim_test/install/control_performance_analysis/share/control_performance_analysis/cmake/export_control_performance_analysis__rosidl_typesupport_fastrtps_cppExport.cmake
[0.739s] -- Up-to-date: /home/zyme/ros_ws/Autoware_sim_test/install/control_performance_analysis/share/control_performance_analysis/cmake/export_control_performance_analysis__rosidl_typesupport_fastrtps_cppExport-release.cmake
[0.740s] -- Up-to-date: /home/zyme/ros_ws/Autoware_sim_test/install/control_performance_analysis/share/control_performance_analysis/cmake/control_performance_analysis__rosidl_typesupport_introspection_cExport.cmake
[0.740s] -- Up-to-date: /home/zyme/ros_ws/Autoware_sim_test/install/control_performance_analysis/share/control_performance_analysis/cmake/control_performance_analysis__rosidl_typesupport_introspection_cExport-release.cmake
[0.740s] -- Up-to-date: /home/zyme/ros_ws/Autoware_sim_test/install/control_performance_analysis/share/control_performance_analysis/cmake/control_performance_analysis__rosidl_typesupport_cExport.cmake
[0.740s] -- Up-to-date: /home/zyme/ros_ws/Autoware_sim_test/install/control_performance_analysis/share/control_performance_analysis/cmake/control_performance_analysis__rosidl_typesupport_cExport-release.cmake
[0.741s] -- Up-to-date: /home/zyme/ros_ws/Autoware_sim_test/install/control_performance_analysis/share/control_performance_analysis/cmake/control_performance_analysis__rosidl_typesupport_introspection_cppExport.cmake
[0.741s] -- Up-to-date: /home/zyme/ros_ws/Autoware_sim_test/install/control_performance_analysis/share/control_performance_analysis/cmake/control_performance_analysis__rosidl_typesupport_introspection_cppExport-release.cmake
[0.741s] -- Up-to-date: /home/zyme/ros_ws/Autoware_sim_test/install/control_performance_analysis/share/control_performance_analysis/cmake/control_performance_analysis__rosidl_typesupport_cppExport.cmake
[0.741s] -- Up-to-date: /home/zyme/ros_ws/Autoware_sim_test/install/control_performance_analysis/share/control_performance_analysis/cmake/control_performance_analysis__rosidl_typesupport_cppExport-release.cmake
[0.741s] -- Up-to-date: /home/zyme/ros_ws/Autoware_sim_test/install/control_performance_analysis/share/control_performance_analysis/cmake/export_control_performance_analysis__rosidl_generator_pyExport.cmake
[0.741s] -- Up-to-date: /home/zyme/ros_ws/Autoware_sim_test/install/control_performance_analysis/share/control_performance_analysis/cmake/export_control_performance_analysis__rosidl_generator_pyExport-release.cmake
[0.743s] Invoked command in '/home/zyme/ros_ws/Autoware_sim_test/build/control_performance_analysis' returned '0': AMENT_PREFIX_PATH=/home/zyme/ros_ws/Autoware_sim_test/install/motion_utils:/home/zyme/ros_ws/Autoware_sim_test/install/global_parameter_loader:/home/zyme/ros_ws/Autoware_sim_test/install/vehicle_info_util:/home/zyme/ros_ws/Autoware_sim_test/install/interpolation:/home/zyme/ros_ws/Autoware_sim_test/install/tier4_autoware_utils:/home/zyme/ros_ws/Autoware_sim_test/install/signal_processing:/home/zyme/ros_ws/Autoware_sim_test/install/autoware_auto_vehicle_msgs:/home/zyme/ros_ws/Autoware_sim_test/install/autoware_cmake:/home/zyme/ros_ws/Autoware_sim_test/install/autoware_auto_planning_msgs:/home/zyme/ros_ws/Autoware_sim_test/install/autoware_auto_perception_msgs:/home/zyme/ros_ws/Autoware_sim_test/install/tier4_debug_msgs:/home/zyme/ros_ws/Autoware_sim_test/install/autoware_lint_common:/home/zyme/ros_ws/Autoware_sim_test/install/autoware_auto_mapping_msgs:/home/zyme/ros_ws/Autoware_sim_test/install/autoware_auto_geometry_msgs:/home/zyme/ros_ws/Autoware_sim_test/install/autoware_auto_control_msgs:${AMENT_PREFIX_PATH} CMAKE_PREFIX_PATH=/home/zyme/ros_ws/Autoware_sim_test/install/motion_utils:/home/zyme/ros_ws/Autoware_sim_test/install/global_parameter_loader:/home/zyme/ros_ws/Autoware_sim_test/install/vehicle_info_util:/home/zyme/ros_ws/Autoware_sim_test/install/interpolation:/home/zyme/ros_ws/Autoware_sim_test/install/tier4_autoware_utils:/home/zyme/ros_ws/Autoware_sim_test/install/signal_processing:/home/zyme/ros_ws/Autoware_sim_test/install/autoware_auto_vehicle_msgs:/home/zyme/ros_ws/Autoware_sim_test/install/autoware_cmake:/home/zyme/ros_ws/Autoware_sim_test/install/autoware_auto_planning_msgs:/home/zyme/ros_ws/Autoware_sim_test/install/autoware_auto_perception_msgs:/home/zyme/ros_ws/Autoware_sim_test/install/tier4_debug_msgs:/home/zyme/ros_ws/Autoware_sim_test/install/autoware_lint_common:/home/zyme/ros_ws/Autoware_sim_test/install/autoware_auto_mapping_msgs:/home/zyme/ros_ws/Autoware_sim_test/install/autoware_auto_geometry_msgs:/home/zyme/ros_ws/Autoware_sim_test/install/autoware_auto_control_msgs:/opt/ros/humble LD_LIBRARY_PATH=/home/zyme/ros_ws/Autoware_sim_test/install/motion_utils/lib:/home/zyme/ros_ws/Autoware_sim_test/install/vehicle_info_util/lib:/home/zyme/ros_ws/Autoware_sim_test/install/interpolation/lib:/home/zyme/ros_ws/Autoware_sim_test/install/tier4_autoware_utils/lib:/home/zyme/ros_ws/Autoware_sim_test/install/signal_processing/lib:/home/zyme/ros_ws/Autoware_sim_test/install/autoware_auto_vehicle_msgs/lib:/home/zyme/ros_ws/Autoware_sim_test/install/autoware_auto_planning_msgs/lib:/home/zyme/ros_ws/Autoware_sim_test/install/autoware_auto_perception_msgs/lib:/home/zyme/ros_ws/Autoware_sim_test/install/tier4_debug_msgs/lib:/home/zyme/ros_ws/Autoware_sim_test/install/autoware_auto_mapping_msgs/lib:/home/zyme/ros_ws/Autoware_sim_test/install/autoware_auto_geometry_msgs/lib:/home/zyme/ros_ws/Autoware_sim_test/install/autoware_auto_control_msgs/lib:${LD_LIBRARY_PATH} PYTHONPATH=/home/zyme/ros_ws/Autoware_sim_test/install/autoware_auto_vehicle_msgs/local/lib/python3.10/dist-packages:/home/zyme/ros_ws/Autoware_sim_test/install/autoware_auto_planning_msgs/local/lib/python3.10/dist-packages:/home/zyme/ros_ws/Autoware_sim_test/install/autoware_auto_perception_msgs/local/lib/python3.10/dist-packages:/home/zyme/ros_ws/Autoware_sim_test/install/tier4_debug_msgs/local/lib/python3.10/dist-packages:/home/zyme/ros_ws/Autoware_sim_test/install/autoware_auto_mapping_msgs/local/lib/python3.10/dist-packages:/home/zyme/ros_ws/Autoware_sim_test/install/autoware_auto_geometry_msgs/local/lib/python3.10/dist-packages:/home/zyme/ros_ws/Autoware_sim_test/install/autoware_auto_control_msgs/local/lib/python3.10/dist-packages:${PYTHONPATH} /usr/bin/cmake --install /home/zyme/ros_ws/Autoware_sim_test/build/control_performance_analysis
