[0.060s] Invoking command in '/home/zyme/ros_ws/Autoware_sim_test/build/velodyne_monitor': AMENT_PREFIX_PATH=/home/zyme/ros_ws/Autoware_sim_test/install/autoware_cmake:/home/zyme/ros_ws/Autoware_sim_test/install/autoware_lint_common:${AMENT_PREFIX_PATH} CMAKE_PREFIX_PATH=/home/zyme/ros_ws/Autoware_sim_test/install/autoware_cmake:/home/zyme/ros_ws/Autoware_sim_test/install/autoware_lint_common:/opt/ros/humble /usr/bin/cmake --build /home/zyme/ros_ws/Autoware_sim_test/build/velodyne_monitor -- -j12 -l12
[0.120s] [100%] Built target velodyne_monitor
[0.135s] Invoked command in '/home/zyme/ros_ws/Autoware_sim_test/build/velodyne_monitor' returned '0': AMENT_PREFIX_PATH=/home/zyme/ros_ws/Autoware_sim_test/install/autoware_cmake:/home/zyme/ros_ws/Autoware_sim_test/install/autoware_lint_common:${AMENT_PREFIX_PATH} CMAKE_PREFIX_PATH=/home/zyme/ros_ws/Autoware_sim_test/install/autoware_cmake:/home/zyme/ros_ws/Autoware_sim_test/install/autoware_lint_common:/opt/ros/humble /usr/bin/cmake --build /home/zyme/ros_ws/Autoware_sim_test/build/velodyne_monitor -- -j12 -l12
[0.180s] Invoking command in '/home/zyme/ros_ws/Autoware_sim_test/build/velodyne_monitor': AMENT_PREFIX_PATH=/home/zyme/ros_ws/Autoware_sim_test/install/autoware_cmake:/home/zyme/ros_ws/Autoware_sim_test/install/autoware_lint_common:${AMENT_PREFIX_PATH} CMAKE_PREFIX_PATH=/home/zyme/ros_ws/Autoware_sim_test/install/autoware_cmake:/home/zyme/ros_ws/Autoware_sim_test/install/autoware_lint_common:/opt/ros/humble /usr/bin/cmake --install /home/zyme/ros_ws/Autoware_sim_test/build/velodyne_monitor
[0.199s] -- Install configuration: "Release"
[0.200s] -- Execute custom install script
[0.201s] -- Up-to-date symlink: /home/zyme/ros_ws/Autoware_sim_test/install/velodyne_monitor/include/velodyne_monitor/velodyne_monitor.hpp
[0.202s] -- Up-to-date symlink: /home/zyme/ros_ws/Autoware_sim_test/install/velodyne_monitor/lib/velodyne_monitor/velodyne_monitor
[0.202s] -- Up-to-date symlink: /home/zyme/ros_ws/Autoware_sim_test/install/velodyne_monitor/share/velodyne_monitor/launch/velodyne_monitor.launch.xml
[0.202s] -- Up-to-date symlink: /home/zyme/ros_ws/Autoware_sim_test/install/velodyne_monitor/share/velodyne_monitor/config/HDL-32E.param.yaml
[0.202s] -- Up-to-date symlink: /home/zyme/ros_ws/Autoware_sim_test/install/velodyne_monitor/share/velodyne_monitor/config/VLP-16.param.yaml
[0.203s] -- Up-to-date symlink: /home/zyme/ros_ws/Autoware_sim_test/install/velodyne_monitor/share/velodyne_monitor/config/VLP-32C.param.yaml
[0.203s] -- Up-to-date symlink: /home/zyme/ros_ws/Autoware_sim_test/install/velodyne_monitor/share/velodyne_monitor/config/VLS-128.param.yaml
[0.203s] -- Up-to-date symlink: /home/zyme/ros_ws/Autoware_sim_test/install/velodyne_monitor/share/velodyne_monitor/config/Velarray_M1600.param.yaml
[0.203s] -- Up-to-date symlink: /home/zyme/ros_ws/Autoware_sim_test/install/velodyne_monitor/share/ament_index/resource_index/package_run_dependencies/velodyne_monitor
[0.203s] -- Up-to-date symlink: /home/zyme/ros_ws/Autoware_sim_test/install/velodyne_monitor/share/ament_index/resource_index/parent_prefix_path/velodyne_monitor
[0.203s] -- Up-to-date symlink: /home/zyme/ros_ws/Autoware_sim_test/install/velodyne_monitor/share/velodyne_monitor/environment/ament_prefix_path.sh
[0.204s] -- Up-to-date symlink: /home/zyme/ros_ws/Autoware_sim_test/install/velodyne_monitor/share/velodyne_monitor/environment/ament_prefix_path.dsv
[0.204s] -- Up-to-date symlink: /home/zyme/ros_ws/Autoware_sim_test/install/velodyne_monitor/share/velodyne_monitor/environment/path.sh
[0.204s] -- Up-to-date symlink: /home/zyme/ros_ws/Autoware_sim_test/install/velodyne_monitor/share/velodyne_monitor/environment/path.dsv
[0.204s] -- Up-to-date symlink: /home/zyme/ros_ws/Autoware_sim_test/install/velodyne_monitor/share/velodyne_monitor/local_setup.bash
[0.204s] -- Up-to-date symlink: /home/zyme/ros_ws/Autoware_sim_test/install/velodyne_monitor/share/velodyne_monitor/local_setup.sh
[0.205s] -- Up-to-date symlink: /home/zyme/ros_ws/Autoware_sim_test/install/velodyne_monitor/share/velodyne_monitor/local_setup.zsh
[0.205s] -- Up-to-date symlink: /home/zyme/ros_ws/Autoware_sim_test/install/velodyne_monitor/share/velodyne_monitor/local_setup.dsv
[0.205s] -- Symlinking: /home/zyme/ros_ws/Autoware_sim_test/install/velodyne_monitor/share/velodyne_monitor/package.dsv
[0.213s] -- Up-to-date symlink: /home/zyme/ros_ws/Autoware_sim_test/install/velodyne_monitor/share/ament_index/resource_index/packages/velodyne_monitor
[0.213s] -- Up-to-date symlink: /home/zyme/ros_ws/Autoware_sim_test/install/velodyne_monitor/share/velodyne_monitor/cmake/ament_cmake_export_dependencies-extras.cmake
[0.214s] -- Up-to-date symlink: /home/zyme/ros_ws/Autoware_sim_test/install/velodyne_monitor/share/velodyne_monitor/cmake/ament_cmake_export_include_directories-extras.cmake
[0.214s] -- Up-to-date symlink: /home/zyme/ros_ws/Autoware_sim_test/install/velodyne_monitor/share/velodyne_monitor/cmake/velodyne_monitorConfig.cmake
[0.214s] -- Up-to-date symlink: /home/zyme/ros_ws/Autoware_sim_test/install/velodyne_monitor/share/velodyne_monitor/cmake/velodyne_monitorConfig-version.cmake
[0.214s] -- Up-to-date symlink: /home/zyme/ros_ws/Autoware_sim_test/install/velodyne_monitor/share/velodyne_monitor/package.xml
[0.216s] Invoked command in '/home/zyme/ros_ws/Autoware_sim_test/build/velodyne_monitor' returned '0': AMENT_PREFIX_PATH=/home/zyme/ros_ws/Autoware_sim_test/install/autoware_cmake:/home/zyme/ros_ws/Autoware_sim_test/install/autoware_lint_common:${AMENT_PREFIX_PATH} CMAKE_PREFIX_PATH=/home/zyme/ros_ws/Autoware_sim_test/install/autoware_cmake:/home/zyme/ros_ws/Autoware_sim_test/install/autoware_lint_common:/opt/ros/humble /usr/bin/cmake --install /home/zyme/ros_ws/Autoware_sim_test/build/velodyne_monitor
