[0.059s] Invoking command in '/home/zyme/ros_ws/Autoware_sim_test/build/diagnostic_graph_aggregator': AMENT_PREFIX_PATH=/home/zyme/ros_ws/Autoware_sim_test/install/tier4_system_msgs:/home/zyme/ros_ws/Autoware_sim_test/install/autoware_cmake:/home/zyme/ros_ws/Autoware_sim_test/install/autoware_lint_common:/home/zyme/ros_ws/Autoware_sim_test/install/autoware_common_msgs:${AMENT_PREFIX_PATH} CMAKE_PREFIX_PATH=/home/zyme/ros_ws/Autoware_sim_test/install/tier4_system_msgs:/home/zyme/ros_ws/Autoware_sim_test/install/autoware_cmake:/home/zyme/ros_ws/Autoware_sim_test/install/autoware_lint_common:/home/zyme/ros_ws/Autoware_sim_test/install/autoware_common_msgs:/opt/ros/humble LD_LIBRARY_PATH=/home/zyme/ros_ws/Autoware_sim_test/install/tier4_system_msgs/lib:/home/zyme/ros_ws/Autoware_sim_test/install/autoware_common_msgs/lib:${LD_LIBRARY_PATH} PYTHONPATH=/home/zyme/ros_ws/Autoware_sim_test/install/tier4_system_msgs/local/lib/python3.10/dist-packages:/home/zyme/ros_ws/Autoware_sim_test/install/autoware_common_msgs/local/lib/python3.10/dist-packages:${PYTHONPATH} /usr/bin/cmake --build /home/zyme/ros_ws/Autoware_sim_test/build/diagnostic_graph_aggregator -- -j12 -l12
[0.100s] [35m[1mConsolidate compiler generated dependencies of target gtest_main[0m
[0.100s] [35m[1mConsolidate compiler generated dependencies of target gtest[0m
[0.102s] [35m[1mConsolidate compiler generated dependencies of target diagnostic_graph_aggregator[0m
[0.113s] [ 20%] Built target gtest_main
[0.113s] [ 20%] Built target gtest
[0.124s] [ 45%] Built target diagnostic_graph_aggregator
[0.137s] [35m[1mConsolidate compiler generated dependencies of target converter[0m
[0.137s] [35m[1mConsolidate compiler generated dependencies of target tool[0m
[0.138s] [35m[1mConsolidate compiler generated dependencies of target aggregator[0m
[0.138s] [35m[1mConsolidate compiler generated dependencies of target gtest_diagnostic_graph_aggregator[0m
[0.155s] [ 65%] Built target converter
[0.155s] [ 65%] Built target tool
[0.158s] [ 80%] Built target aggregator
[0.158s] [100%] Built target gtest_diagnostic_graph_aggregator
[0.169s] Invoked command in '/home/zyme/ros_ws/Autoware_sim_test/build/diagnostic_graph_aggregator' returned '0': AMENT_PREFIX_PATH=/home/zyme/ros_ws/Autoware_sim_test/install/tier4_system_msgs:/home/zyme/ros_ws/Autoware_sim_test/install/autoware_cmake:/home/zyme/ros_ws/Autoware_sim_test/install/autoware_lint_common:/home/zyme/ros_ws/Autoware_sim_test/install/autoware_common_msgs:${AMENT_PREFIX_PATH} CMAKE_PREFIX_PATH=/home/zyme/ros_ws/Autoware_sim_test/install/tier4_system_msgs:/home/zyme/ros_ws/Autoware_sim_test/install/autoware_cmake:/home/zyme/ros_ws/Autoware_sim_test/install/autoware_lint_common:/home/zyme/ros_ws/Autoware_sim_test/install/autoware_common_msgs:/opt/ros/humble LD_LIBRARY_PATH=/home/zyme/ros_ws/Autoware_sim_test/install/tier4_system_msgs/lib:/home/zyme/ros_ws/Autoware_sim_test/install/autoware_common_msgs/lib:${LD_LIBRARY_PATH} PYTHONPATH=/home/zyme/ros_ws/Autoware_sim_test/install/tier4_system_msgs/local/lib/python3.10/dist-packages:/home/zyme/ros_ws/Autoware_sim_test/install/autoware_common_msgs/local/lib/python3.10/dist-packages:${PYTHONPATH} /usr/bin/cmake --build /home/zyme/ros_ws/Autoware_sim_test/build/diagnostic_graph_aggregator -- -j12 -l12
[0.222s] Invoking command in '/home/zyme/ros_ws/Autoware_sim_test/build/diagnostic_graph_aggregator': AMENT_PREFIX_PATH=/home/zyme/ros_ws/Autoware_sim_test/install/tier4_system_msgs:/home/zyme/ros_ws/Autoware_sim_test/install/autoware_cmake:/home/zyme/ros_ws/Autoware_sim_test/install/autoware_lint_common:/home/zyme/ros_ws/Autoware_sim_test/install/autoware_common_msgs:${AMENT_PREFIX_PATH} CMAKE_PREFIX_PATH=/home/zyme/ros_ws/Autoware_sim_test/install/tier4_system_msgs:/home/zyme/ros_ws/Autoware_sim_test/install/autoware_cmake:/home/zyme/ros_ws/Autoware_sim_test/install/autoware_lint_common:/home/zyme/ros_ws/Autoware_sim_test/install/autoware_common_msgs:/opt/ros/humble LD_LIBRARY_PATH=/home/zyme/ros_ws/Autoware_sim_test/install/tier4_system_msgs/lib:/home/zyme/ros_ws/Autoware_sim_test/install/autoware_common_msgs/lib:${LD_LIBRARY_PATH} PYTHONPATH=/home/zyme/ros_ws/Autoware_sim_test/install/tier4_system_msgs/local/lib/python3.10/dist-packages:/home/zyme/ros_ws/Autoware_sim_test/install/autoware_common_msgs/local/lib/python3.10/dist-packages:${PYTHONPATH} /usr/bin/cmake --install /home/zyme/ros_ws/Autoware_sim_test/build/diagnostic_graph_aggregator
[0.232s] -- Install configuration: "Release"
[0.232s] -- Execute custom install script
[0.233s] -- Up-to-date symlink: /home/zyme/ros_ws/Autoware_sim_test/install/diagnostic_graph_aggregator/share/diagnostic_graph_aggregator/environment/library_path.sh
[0.234s] -- Up-to-date symlink: /home/zyme/ros_ws/Autoware_sim_test/install/diagnostic_graph_aggregator/share/diagnostic_graph_aggregator/environment/library_path.dsv
[0.234s] -- Up-to-date symlink: /home/zyme/ros_ws/Autoware_sim_test/install/diagnostic_graph_aggregator/lib/libdiagnostic_graph_aggregator.so
[0.235s] -- Up-to-date symlink: /home/zyme/ros_ws/Autoware_sim_test/install/diagnostic_graph_aggregator/lib/diagnostic_graph_aggregator/aggregator
[0.235s] -- Up-to-date symlink: /home/zyme/ros_ws/Autoware_sim_test/install/diagnostic_graph_aggregator/lib/diagnostic_graph_aggregator/converter
[0.235s] -- Up-to-date symlink: /home/zyme/ros_ws/Autoware_sim_test/install/diagnostic_graph_aggregator/lib/diagnostic_graph_aggregator/tool
[0.236s] -- Up-to-date symlink: /home/zyme/ros_ws/Autoware_sim_test/install/diagnostic_graph_aggregator/share/diagnostic_graph_aggregator/config/default.param.yaml
[0.237s] -- Up-to-date symlink: /home/zyme/ros_ws/Autoware_sim_test/install/diagnostic_graph_aggregator/share/diagnostic_graph_aggregator/example/example.launch.xml
[0.237s] -- Up-to-date symlink: /home/zyme/ros_ws/Autoware_sim_test/install/diagnostic_graph_aggregator/share/diagnostic_graph_aggregator/example/example_0.yaml
[0.237s] -- Up-to-date symlink: /home/zyme/ros_ws/Autoware_sim_test/install/diagnostic_graph_aggregator/share/diagnostic_graph_aggregator/example/example_1.yaml
[0.237s] -- Up-to-date symlink: /home/zyme/ros_ws/Autoware_sim_test/install/diagnostic_graph_aggregator/share/diagnostic_graph_aggregator/example/example_2.yaml
[0.238s] -- Up-to-date symlink: /home/zyme/ros_ws/Autoware_sim_test/install/diagnostic_graph_aggregator/share/diagnostic_graph_aggregator/example/example_diags.py
[0.238s] -- Up-to-date symlink: /home/zyme/ros_ws/Autoware_sim_test/install/diagnostic_graph_aggregator/share/diagnostic_graph_aggregator/launch/diagnostic_graph_aggregator.launch.xml
[0.239s] -- Up-to-date symlink: /home/zyme/ros_ws/Autoware_sim_test/install/diagnostic_graph_aggregator/share/ament_index/resource_index/package_run_dependencies/diagnostic_graph_aggregator
[0.239s] -- Up-to-date symlink: /home/zyme/ros_ws/Autoware_sim_test/install/diagnostic_graph_aggregator/share/ament_index/resource_index/parent_prefix_path/diagnostic_graph_aggregator
[0.240s] -- Up-to-date symlink: /home/zyme/ros_ws/Autoware_sim_test/install/diagnostic_graph_aggregator/share/diagnostic_graph_aggregator/environment/ament_prefix_path.sh
[0.240s] -- Up-to-date symlink: /home/zyme/ros_ws/Autoware_sim_test/install/diagnostic_graph_aggregator/share/diagnostic_graph_aggregator/environment/ament_prefix_path.dsv
[0.240s] -- Up-to-date symlink: /home/zyme/ros_ws/Autoware_sim_test/install/diagnostic_graph_aggregator/share/diagnostic_graph_aggregator/environment/path.sh
[0.240s] -- Up-to-date symlink: /home/zyme/ros_ws/Autoware_sim_test/install/diagnostic_graph_aggregator/share/diagnostic_graph_aggregator/environment/path.dsv
[0.241s] -- Up-to-date symlink: /home/zyme/ros_ws/Autoware_sim_test/install/diagnostic_graph_aggregator/share/diagnostic_graph_aggregator/local_setup.bash
[0.241s] -- Up-to-date symlink: /home/zyme/ros_ws/Autoware_sim_test/install/diagnostic_graph_aggregator/share/diagnostic_graph_aggregator/local_setup.sh
[0.241s] -- Up-to-date symlink: /home/zyme/ros_ws/Autoware_sim_test/install/diagnostic_graph_aggregator/share/diagnostic_graph_aggregator/local_setup.zsh
[0.241s] -- Up-to-date symlink: /home/zyme/ros_ws/Autoware_sim_test/install/diagnostic_graph_aggregator/share/diagnostic_graph_aggregator/local_setup.dsv
[0.242s] -- Symlinking: /home/zyme/ros_ws/Autoware_sim_test/install/diagnostic_graph_aggregator/share/diagnostic_graph_aggregator/package.dsv
[0.250s] -- Up-to-date symlink: /home/zyme/ros_ws/Autoware_sim_test/install/diagnostic_graph_aggregator/share/ament_index/resource_index/packages/diagnostic_graph_aggregator
[0.251s] -- Up-to-date symlink: /home/zyme/ros_ws/Autoware_sim_test/install/diagnostic_graph_aggregator/share/diagnostic_graph_aggregator/cmake/ament_cmake_export_dependencies-extras.cmake
[0.251s] -- Up-to-date symlink: /home/zyme/ros_ws/Autoware_sim_test/install/diagnostic_graph_aggregator/share/diagnostic_graph_aggregator/cmake/ament_cmake_export_libraries-extras.cmake
[0.251s] -- Up-to-date symlink: /home/zyme/ros_ws/Autoware_sim_test/install/diagnostic_graph_aggregator/share/diagnostic_graph_aggregator/cmake/diagnostic_graph_aggregatorConfig.cmake
[0.252s] -- Up-to-date symlink: /home/zyme/ros_ws/Autoware_sim_test/install/diagnostic_graph_aggregator/share/diagnostic_graph_aggregator/cmake/diagnostic_graph_aggregatorConfig-version.cmake
[0.252s] -- Up-to-date symlink: /home/zyme/ros_ws/Autoware_sim_test/install/diagnostic_graph_aggregator/share/diagnostic_graph_aggregator/package.xml
[0.254s] Invoked command in '/home/zyme/ros_ws/Autoware_sim_test/build/diagnostic_graph_aggregator' returned '0': AMENT_PREFIX_PATH=/home/zyme/ros_ws/Autoware_sim_test/install/tier4_system_msgs:/home/zyme/ros_ws/Autoware_sim_test/install/autoware_cmake:/home/zyme/ros_ws/Autoware_sim_test/install/autoware_lint_common:/home/zyme/ros_ws/Autoware_sim_test/install/autoware_common_msgs:${AMENT_PREFIX_PATH} CMAKE_PREFIX_PATH=/home/zyme/ros_ws/Autoware_sim_test/install/tier4_system_msgs:/home/zyme/ros_ws/Autoware_sim_test/install/autoware_cmake:/home/zyme/ros_ws/Autoware_sim_test/install/autoware_lint_common:/home/zyme/ros_ws/Autoware_sim_test/install/autoware_common_msgs:/opt/ros/humble LD_LIBRARY_PATH=/home/zyme/ros_ws/Autoware_sim_test/install/tier4_system_msgs/lib:/home/zyme/ros_ws/Autoware_sim_test/install/autoware_common_msgs/lib:${LD_LIBRARY_PATH} PYTHONPATH=/home/zyme/ros_ws/Autoware_sim_test/install/tier4_system_msgs/local/lib/python3.10/dist-packages:/home/zyme/ros_ws/Autoware_sim_test/install/autoware_common_msgs/local/lib/python3.10/dist-packages:${PYTHONPATH} /usr/bin/cmake --install /home/zyme/ros_ws/Autoware_sim_test/build/diagnostic_graph_aggregator
