[0.052s] Invoking command in '/home/zyme/ros_ws/Autoware_sim_test/build/pandar_description': CMAKE_PREFIX_PATH=/opt/ros/humble /usr/bin/cmake /home/zyme/ros_ws/Autoware_sim_test/src/autoware/src/sensor_component/external/sensor_component_description/pandar_description -DCMAKE_BUILD_TYPE=Release -DCMAKE_CXX_FLAGS=-w -DAMENT_CMAKE_SYMLINK_INSTALL=1 -DCMAKE_INSTALL_PREFIX=/home/zyme/ros_ws/Autoware_sim_test/install/pandar_description
[0.100s] -- The C compiler identification is GNU 11.4.0
[0.153s] -- The CXX compiler identification is GNU 11.4.0
[0.160s] -- Detecting C compiler ABI info
[0.220s] -- Detecting C compiler ABI info - done
[0.227s] -- Check for working C compiler: /usr/bin/cc - skipped
[0.227s] -- Detecting C compile features
[0.227s] -- Detecting C compile features - done
[0.230s] -- Detecting CXX compiler ABI info
[0.301s] -- Detecting CXX compiler ABI info - done
[0.308s] -- Check for working CXX compiler: /usr/bin/c++ - skipped
[0.308s] -- Detecting CXX compile features
[0.308s] -- Detecting CXX compile features - done
[0.310s] -- Found ament_cmake_auto: 1.3.8 (/opt/ros/humble/share/ament_cmake_auto/cmake)
[0.448s] -- Found Python3: /usr/bin/python3 (found version "3.10.12") found components: Interpreter 
[0.504s] -- Override CMake install command with custom implementation using symlinks instead of copying resources
[0.582s] -- Configuring done
[0.585s] -- Generating done
[0.586s] -- Build files have been written to: /home/zyme/ros_ws/Autoware_sim_test/build/pandar_description
[0.591s] Invoked command in '/home/zyme/ros_ws/Autoware_sim_test/build/pandar_description' returned '0': CMAKE_PREFIX_PATH=/opt/ros/humble /usr/bin/cmake /home/zyme/ros_ws/Autoware_sim_test/src/autoware/src/sensor_component/external/sensor_component_description/pandar_description -DCMAKE_BUILD_TYPE=Release -DCMAKE_CXX_FLAGS=-w -DAMENT_CMAKE_SYMLINK_INSTALL=1 -DCMAKE_INSTALL_PREFIX=/home/zyme/ros_ws/Autoware_sim_test/install/pandar_description
[0.591s] Invoking command in '/home/zyme/ros_ws/Autoware_sim_test/build/pandar_description': CMAKE_PREFIX_PATH=/opt/ros/humble /usr/bin/cmake --build /home/zyme/ros_ws/Autoware_sim_test/build/pandar_description -- -j12 -l12
[0.624s] Invoked command in '/home/zyme/ros_ws/Autoware_sim_test/build/pandar_description' returned '0': CMAKE_PREFIX_PATH=/opt/ros/humble /usr/bin/cmake --build /home/zyme/ros_ws/Autoware_sim_test/build/pandar_description -- -j12 -l12
[0.646s] Invoking command in '/home/zyme/ros_ws/Autoware_sim_test/build/pandar_description': CMAKE_PREFIX_PATH=/opt/ros/humble /usr/bin/cmake --install /home/zyme/ros_ws/Autoware_sim_test/build/pandar_description
[0.652s] -- Install configuration: "Release"
[0.653s] -- Execute custom install script
[0.654s] -- Symlinking: /home/zyme/ros_ws/Autoware_sim_test/install/pandar_description/share/pandar_description/urdf/pandar_40p.xacro
[0.662s] -- Symlinking: /home/zyme/ros_ws/Autoware_sim_test/install/pandar_description/share/pandar_description/urdf/pandar_qt.xacro
[0.671s] -- Symlinking: /home/zyme/ros_ws/Autoware_sim_test/install/pandar_description/share/pandar_description/urdf/pandar_xt32.xacro
[0.679s] -- Symlinking: /home/zyme/ros_ws/Autoware_sim_test/install/pandar_description/share/ament_index/resource_index/package_run_dependencies/pandar_description
[0.688s] -- Symlinking: /home/zyme/ros_ws/Autoware_sim_test/install/pandar_description/share/ament_index/resource_index/parent_prefix_path/pandar_description
[0.696s] -- Symlinking: /home/zyme/ros_ws/Autoware_sim_test/install/pandar_description/share/pandar_description/environment/ament_prefix_path.sh
[0.704s] -- Symlinking: /home/zyme/ros_ws/Autoware_sim_test/install/pandar_description/share/pandar_description/environment/ament_prefix_path.dsv
[0.712s] -- Symlinking: /home/zyme/ros_ws/Autoware_sim_test/install/pandar_description/share/pandar_description/environment/path.sh
[0.721s] -- Symlinking: /home/zyme/ros_ws/Autoware_sim_test/install/pandar_description/share/pandar_description/environment/path.dsv
[0.729s] -- Symlinking: /home/zyme/ros_ws/Autoware_sim_test/install/pandar_description/share/pandar_description/local_setup.bash
[0.737s] -- Symlinking: /home/zyme/ros_ws/Autoware_sim_test/install/pandar_description/share/pandar_description/local_setup.sh
[0.746s] -- Symlinking: /home/zyme/ros_ws/Autoware_sim_test/install/pandar_description/share/pandar_description/local_setup.zsh
[0.754s] -- Symlinking: /home/zyme/ros_ws/Autoware_sim_test/install/pandar_description/share/pandar_description/local_setup.dsv
[0.762s] -- Symlinking: /home/zyme/ros_ws/Autoware_sim_test/install/pandar_description/share/pandar_description/package.dsv
[0.771s] -- Symlinking: /home/zyme/ros_ws/Autoware_sim_test/install/pandar_description/share/ament_index/resource_index/packages/pandar_description
[0.778s] -- Symlinking: /home/zyme/ros_ws/Autoware_sim_test/install/pandar_description/share/pandar_description/cmake/pandar_descriptionConfig.cmake
[0.786s] -- Symlinking: /home/zyme/ros_ws/Autoware_sim_test/install/pandar_description/share/pandar_description/cmake/pandar_descriptionConfig-version.cmake
[0.794s] -- Symlinking: /home/zyme/ros_ws/Autoware_sim_test/install/pandar_description/share/pandar_description/package.xml
[0.803s] Invoked command in '/home/zyme/ros_ws/Autoware_sim_test/build/pandar_description' returned '0': CMAKE_PREFIX_PATH=/opt/ros/humble /usr/bin/cmake --install /home/zyme/ros_ws/Autoware_sim_test/build/pandar_description
