[0.078s] Invoking command in '/home/zyme/ros_ws/Autoware_sim_test/build/dummy_perception_publisher': AMENT_PREFIX_PATH=/home/zyme/ros_ws/Autoware_sim_test/install/tier4_autoware_utils:/home/zyme/ros_ws/Autoware_sim_test/install/tier4_perception_msgs:/home/zyme/ros_ws/Autoware_sim_test/install/autoware_auto_vehicle_msgs:/home/zyme/ros_ws/Autoware_sim_test/install/autoware_cmake:/home/zyme/ros_ws/Autoware_sim_test/install/autoware_auto_planning_msgs:/home/zyme/ros_ws/Autoware_sim_test/install/autoware_auto_perception_msgs:/home/zyme/ros_ws/Autoware_sim_test/install/tier4_debug_msgs:/home/zyme/ros_ws/Autoware_sim_test/install/autoware_lint_common:/home/zyme/ros_ws/Autoware_sim_test/install/autoware_auto_mapping_msgs:/home/zyme/ros_ws/Autoware_sim_test/install/autoware_auto_geometry_msgs:${AMENT_PREFIX_PATH} CMAKE_PREFIX_PATH=/home/zyme/ros_ws/Autoware_sim_test/install/tier4_autoware_utils:/home/zyme/ros_ws/Autoware_sim_test/install/tier4_perception_msgs:/home/zyme/ros_ws/Autoware_sim_test/install/autoware_auto_vehicle_msgs:/home/zyme/ros_ws/Autoware_sim_test/install/autoware_cmake:/home/zyme/ros_ws/Autoware_sim_test/install/autoware_auto_planning_msgs:/home/zyme/ros_ws/Autoware_sim_test/install/autoware_auto_perception_msgs:/home/zyme/ros_ws/Autoware_sim_test/install/tier4_debug_msgs:/home/zyme/ros_ws/Autoware_sim_test/install/autoware_lint_common:/home/zyme/ros_ws/Autoware_sim_test/install/autoware_auto_mapping_msgs:/home/zyme/ros_ws/Autoware_sim_test/install/autoware_auto_geometry_msgs:/opt/ros/humble LD_LIBRARY_PATH=/home/zyme/ros_ws/Autoware_sim_test/install/tier4_autoware_utils/lib:/home/zyme/ros_ws/Autoware_sim_test/install/tier4_perception_msgs/lib:/home/zyme/ros_ws/Autoware_sim_test/install/autoware_auto_vehicle_msgs/lib:/home/zyme/ros_ws/Autoware_sim_test/install/autoware_auto_planning_msgs/lib:/home/zyme/ros_ws/Autoware_sim_test/install/autoware_auto_perception_msgs/lib:/home/zyme/ros_ws/Autoware_sim_test/install/tier4_debug_msgs/lib:/home/zyme/ros_ws/Autoware_sim_test/install/autoware_auto_mapping_msgs/lib:/home/zyme/ros_ws/Autoware_sim_test/install/autoware_auto_geometry_msgs/lib:${LD_LIBRARY_PATH} PYTHONPATH=/home/zyme/ros_ws/Autoware_sim_test/install/tier4_perception_msgs/local/lib/python3.10/dist-packages:/home/zyme/ros_ws/Autoware_sim_test/install/autoware_auto_vehicle_msgs/local/lib/python3.10/dist-packages:/home/zyme/ros_ws/Autoware_sim_test/install/autoware_auto_planning_msgs/local/lib/python3.10/dist-packages:/home/zyme/ros_ws/Autoware_sim_test/install/autoware_auto_perception_msgs/local/lib/python3.10/dist-packages:/home/zyme/ros_ws/Autoware_sim_test/install/tier4_debug_msgs/local/lib/python3.10/dist-packages:/home/zyme/ros_ws/Autoware_sim_test/install/autoware_auto_mapping_msgs/local/lib/python3.10/dist-packages:/home/zyme/ros_ws/Autoware_sim_test/install/autoware_auto_geometry_msgs/local/lib/python3.10/dist-packages:${PYTHONPATH} /usr/bin/cmake /home/zyme/ros_ws/Autoware_sim_test/src/autoware/src/universe/autoware.universe/simulator/dummy_perception_publisher -DCMAKE_BUILD_TYPE=Release -DCMAKE_CXX_FLAGS=-w -DAMENT_CMAKE_SYMLINK_INSTALL=1 -DCMAKE_INSTALL_PREFIX=/home/zyme/ros_ws/Autoware_sim_test/install/dummy_perception_publisher
[0.090s] -- Found autoware_cmake: 0.1.0 (/home/zyme/ros_ws/Autoware_sim_test/install/autoware_cmake/share/autoware_cmake/cmake)
[0.211s] -- Override CMake install command with custom implementation using symlinks instead of copying resources
[0.284s] -- Using all available rosidl_typesupport_c: rosidl_typesupport_fastrtps_c;rosidl_typesupport_introspection_c
[0.286s] -- Found rosidl_adapter: 3.1.5 (/opt/ros/humble/share/rosidl_adapter/cmake)
[0.317s] -- Using all available rosidl_typesupport_cpp: rosidl_typesupport_fastrtps_cpp;rosidl_typesupport_introspection_cpp
[0.815s] -- Found rmw_implementation_cmake: 6.1.1 (/opt/ros/humble/share/rmw_implementation_cmake/cmake)
[0.817s] -- Found rmw_cyclonedds_cpp: 1.3.4 (/opt/ros/humble/share/rmw_cyclonedds_cpp/cmake)
[0.845s] -- Using RMW implementation 'rmw_cyclonedds_cpp' as default
[1.115s] -- Found eigen3_cmake_module: 0.1.1 (/opt/ros/humble/share/eigen3_cmake_module/cmake)
[1.116s] -- Ensuring Eigen3 include directory is part of orocos-kdl CMake target
[2.442s] -- Eigen found (include: /usr/include/eigen3, version: 3.4.0)
[2.478s] -- FLANN found (include: /usr/include, lib: /usr/lib/x86_64-linux-gnu/libflann_cpp.so)
[2.805s] -- OpenNI found (version: 1.5.4.0, include: /usr/include/ni, lib: /usr/lib/libOpenNI.so;libusb::libusb)
[2.809s] -- OpenNI2 found (version: 2.2.0.33, include: /usr/include/openni2, lib: /usr/lib/x86_64-linux-gnu/libOpenNI2.so;libusb::libusb)
[2.964s] -- Eigen found (include: /usr/include/eigen3, version: 3.4.0)
[2.972s] -- OpenNI found (version: 1.5.4.0, include: /usr/include/ni, lib: /usr/lib/libOpenNI.so;libusb::libusb)
[2.977s] -- OpenNI2 found (version: 2.2.0.33, include: /usr/include/openni2, lib: /usr/lib/x86_64-linux-gnu/libOpenNI2.so;libusb::libusb)
[3.125s] -- Found Qhull version 8.0.2
[3.276s] -- OpenNI found (version: 1.5.4.0, include: /usr/include/ni, lib: /usr/lib/libOpenNI.so;libusb::libusb)
[4.090s] -- Found ament_lint_auto: 0.12.10 (/opt/ros/humble/share/ament_lint_auto/cmake)
[4.734s] -- Using all available rosidl_typesupport_c: rosidl_typesupport_fastrtps_c;rosidl_typesupport_introspection_c
[5.200s] -- Using all available rosidl_typesupport_cpp: rosidl_typesupport_fastrtps_cpp;rosidl_typesupport_introspection_cpp
[5.224s] -- Found python_cmake_module: 0.10.0 (/opt/ros/humble/share/python_cmake_module/cmake)
[5.248s] -- Using PYTHON_EXECUTABLE: /usr/bin/python3
[5.248s] -- Using PYTHON_INCLUDE_DIRS: /usr/include/python3.10
[5.248s] -- Using PYTHON_LIBRARIES: /usr/lib/x86_64-linux-gnu/libpython3.10.so
[9.661s] -- Found gtest sources under '/opt/ros/humble/src/gtest_vendor': C++ tests using 'Google Test' will be built
[9.673s] -- Added test 'copyright' to check source files copyright and LICENSE
[9.673s] -- Added test 'cppcheck' to perform static code analysis on C / C++ code
[9.675s] -- Configured cppcheck include dirs: /home/zyme/ros_ws/Autoware_sim_test/src/autoware/src/universe/autoware.universe/simulator/dummy_perception_publisher/include;$<BUILD_INTERFACE:/home/zyme/ros_ws/Autoware_sim_test/src/autoware/src/universe/autoware.universe/simulator/dummy_perception_publisher/include>
[9.675s] -- Configured cppcheck exclude dirs and/or files: 
[9.676s] -- Added test 'lint_cmake' to check CMake code style
[9.676s] -- Added test 'xmllint' to check XML markup files
[9.681s] -- Configuring done
[10.103s] -- Generating done
[10.109s] -- Build files have been written to: /home/zyme/ros_ws/Autoware_sim_test/build/dummy_perception_publisher
[10.128s] Invoked command in '/home/zyme/ros_ws/Autoware_sim_test/build/dummy_perception_publisher' returned '0': AMENT_PREFIX_PATH=/home/zyme/ros_ws/Autoware_sim_test/install/tier4_autoware_utils:/home/zyme/ros_ws/Autoware_sim_test/install/tier4_perception_msgs:/home/zyme/ros_ws/Autoware_sim_test/install/autoware_auto_vehicle_msgs:/home/zyme/ros_ws/Autoware_sim_test/install/autoware_cmake:/home/zyme/ros_ws/Autoware_sim_test/install/autoware_auto_planning_msgs:/home/zyme/ros_ws/Autoware_sim_test/install/autoware_auto_perception_msgs:/home/zyme/ros_ws/Autoware_sim_test/install/tier4_debug_msgs:/home/zyme/ros_ws/Autoware_sim_test/install/autoware_lint_common:/home/zyme/ros_ws/Autoware_sim_test/install/autoware_auto_mapping_msgs:/home/zyme/ros_ws/Autoware_sim_test/install/autoware_auto_geometry_msgs:${AMENT_PREFIX_PATH} CMAKE_PREFIX_PATH=/home/zyme/ros_ws/Autoware_sim_test/install/tier4_autoware_utils:/home/zyme/ros_ws/Autoware_sim_test/install/tier4_perception_msgs:/home/zyme/ros_ws/Autoware_sim_test/install/autoware_auto_vehicle_msgs:/home/zyme/ros_ws/Autoware_sim_test/install/autoware_cmake:/home/zyme/ros_ws/Autoware_sim_test/install/autoware_auto_planning_msgs:/home/zyme/ros_ws/Autoware_sim_test/install/autoware_auto_perception_msgs:/home/zyme/ros_ws/Autoware_sim_test/install/tier4_debug_msgs:/home/zyme/ros_ws/Autoware_sim_test/install/autoware_lint_common:/home/zyme/ros_ws/Autoware_sim_test/install/autoware_auto_mapping_msgs:/home/zyme/ros_ws/Autoware_sim_test/install/autoware_auto_geometry_msgs:/opt/ros/humble LD_LIBRARY_PATH=/home/zyme/ros_ws/Autoware_sim_test/install/tier4_autoware_utils/lib:/home/zyme/ros_ws/Autoware_sim_test/install/tier4_perception_msgs/lib:/home/zyme/ros_ws/Autoware_sim_test/install/autoware_auto_vehicle_msgs/lib:/home/zyme/ros_ws/Autoware_sim_test/install/autoware_auto_planning_msgs/lib:/home/zyme/ros_ws/Autoware_sim_test/install/autoware_auto_perception_msgs/lib:/home/zyme/ros_ws/Autoware_sim_test/install/tier4_debug_msgs/lib:/home/zyme/ros_ws/Autoware_sim_test/install/autoware_auto_mapping_msgs/lib:/home/zyme/ros_ws/Autoware_sim_test/install/autoware_auto_geometry_msgs/lib:${LD_LIBRARY_PATH} PYTHONPATH=/home/zyme/ros_ws/Autoware_sim_test/install/tier4_perception_msgs/local/lib/python3.10/dist-packages:/home/zyme/ros_ws/Autoware_sim_test/install/autoware_auto_vehicle_msgs/local/lib/python3.10/dist-packages:/home/zyme/ros_ws/Autoware_sim_test/install/autoware_auto_planning_msgs/local/lib/python3.10/dist-packages:/home/zyme/ros_ws/Autoware_sim_test/install/autoware_auto_perception_msgs/local/lib/python3.10/dist-packages:/home/zyme/ros_ws/Autoware_sim_test/install/tier4_debug_msgs/local/lib/python3.10/dist-packages:/home/zyme/ros_ws/Autoware_sim_test/install/autoware_auto_mapping_msgs/local/lib/python3.10/dist-packages:/home/zyme/ros_ws/Autoware_sim_test/install/autoware_auto_geometry_msgs/local/lib/python3.10/dist-packages:${PYTHONPATH} /usr/bin/cmake /home/zyme/ros_ws/Autoware_sim_test/src/autoware/src/universe/autoware.universe/simulator/dummy_perception_publisher -DCMAKE_BUILD_TYPE=Release -DCMAKE_CXX_FLAGS=-w -DAMENT_CMAKE_SYMLINK_INSTALL=1 -DCMAKE_INSTALL_PREFIX=/home/zyme/ros_ws/Autoware_sim_test/install/dummy_perception_publisher
[10.130s] Invoking command in '/home/zyme/ros_ws/Autoware_sim_test/build/dummy_perception_publisher': AMENT_PREFIX_PATH=/home/zyme/ros_ws/Autoware_sim_test/install/tier4_autoware_utils:/home/zyme/ros_ws/Autoware_sim_test/install/tier4_perception_msgs:/home/zyme/ros_ws/Autoware_sim_test/install/autoware_auto_vehicle_msgs:/home/zyme/ros_ws/Autoware_sim_test/install/autoware_cmake:/home/zyme/ros_ws/Autoware_sim_test/install/autoware_auto_planning_msgs:/home/zyme/ros_ws/Autoware_sim_test/install/autoware_auto_perception_msgs:/home/zyme/ros_ws/Autoware_sim_test/install/tier4_debug_msgs:/home/zyme/ros_ws/Autoware_sim_test/install/autoware_lint_common:/home/zyme/ros_ws/Autoware_sim_test/install/autoware_auto_mapping_msgs:/home/zyme/ros_ws/Autoware_sim_test/install/autoware_auto_geometry_msgs:${AMENT_PREFIX_PATH} CMAKE_PREFIX_PATH=/home/zyme/ros_ws/Autoware_sim_test/install/tier4_autoware_utils:/home/zyme/ros_ws/Autoware_sim_test/install/tier4_perception_msgs:/home/zyme/ros_ws/Autoware_sim_test/install/autoware_auto_vehicle_msgs:/home/zyme/ros_ws/Autoware_sim_test/install/autoware_cmake:/home/zyme/ros_ws/Autoware_sim_test/install/autoware_auto_planning_msgs:/home/zyme/ros_ws/Autoware_sim_test/install/autoware_auto_perception_msgs:/home/zyme/ros_ws/Autoware_sim_test/install/tier4_debug_msgs:/home/zyme/ros_ws/Autoware_sim_test/install/autoware_lint_common:/home/zyme/ros_ws/Autoware_sim_test/install/autoware_auto_mapping_msgs:/home/zyme/ros_ws/Autoware_sim_test/install/autoware_auto_geometry_msgs:/opt/ros/humble LD_LIBRARY_PATH=/home/zyme/ros_ws/Autoware_sim_test/install/tier4_autoware_utils/lib:/home/zyme/ros_ws/Autoware_sim_test/install/tier4_perception_msgs/lib:/home/zyme/ros_ws/Autoware_sim_test/install/autoware_auto_vehicle_msgs/lib:/home/zyme/ros_ws/Autoware_sim_test/install/autoware_auto_planning_msgs/lib:/home/zyme/ros_ws/Autoware_sim_test/install/autoware_auto_perception_msgs/lib:/home/zyme/ros_ws/Autoware_sim_test/install/tier4_debug_msgs/lib:/home/zyme/ros_ws/Autoware_sim_test/install/autoware_auto_mapping_msgs/lib:/home/zyme/ros_ws/Autoware_sim_test/install/autoware_auto_geometry_msgs/lib:${LD_LIBRARY_PATH} PYTHONPATH=/home/zyme/ros_ws/Autoware_sim_test/install/tier4_perception_msgs/local/lib/python3.10/dist-packages:/home/zyme/ros_ws/Autoware_sim_test/install/autoware_auto_vehicle_msgs/local/lib/python3.10/dist-packages:/home/zyme/ros_ws/Autoware_sim_test/install/autoware_auto_planning_msgs/local/lib/python3.10/dist-packages:/home/zyme/ros_ws/Autoware_sim_test/install/autoware_auto_perception_msgs/local/lib/python3.10/dist-packages:/home/zyme/ros_ws/Autoware_sim_test/install/tier4_debug_msgs/local/lib/python3.10/dist-packages:/home/zyme/ros_ws/Autoware_sim_test/install/autoware_auto_mapping_msgs/local/lib/python3.10/dist-packages:/home/zyme/ros_ws/Autoware_sim_test/install/autoware_auto_geometry_msgs/local/lib/python3.10/dist-packages:${PYTHONPATH} /usr/bin/cmake --build /home/zyme/ros_ws/Autoware_sim_test/build/dummy_perception_publisher -- -j12 -l12
[10.180s] [35m[1mConsolidate compiler generated dependencies of target gtest_main[0m
[10.181s] [35m[1mConsolidate compiler generated dependencies of target gtest[0m
[10.181s] [35m[1mConsolidate compiler generated dependencies of target dummy_perception_publisher__rosidl_generator_c[0m
[10.182s] [35m[1mConsolidate compiler generated dependencies of target signed_distance_function[0m
[10.194s] [  1%] Built target dummy_perception_publisher__cpp
[10.199s] [  5%] Built target gtest_main
[10.201s] [ 13%] Built target dummy_perception_publisher__rosidl_generator_c
[10.202s] [ 16%] Built target gtest
[10.203s] [ 20%] Built target signed_distance_function
[10.209s] [ 20%] Built target ament_cmake_python_symlink_dummy_perception_publisher
[10.215s] [35m[1mConsolidate compiler generated dependencies of target dummy_perception_publisher__rosidl_typesupport_fastrtps_cpp[0m
[10.215s] [35m[1mConsolidate compiler generated dependencies of target dummy_perception_publisher__rosidl_typesupport_cpp[0m
[10.216s] [35m[1mConsolidate compiler generated dependencies of target dummy_perception_publisher__rosidl_typesupport_introspection_cpp[0m
[10.222s] [35m[1mConsolidate compiler generated dependencies of target dummy_perception_publisher__rosidl_typesupport_introspection_c[0m
[10.223s] [35m[1mConsolidate compiler generated dependencies of target dummy_perception_publisher__rosidl_typesupport_fastrtps_c[0m
[10.224s] [35m[1mConsolidate compiler generated dependencies of target dummy_perception_publisher__rosidl_typesupport_c[0m
[10.226s] [35m[1mConsolidate compiler generated dependencies of target signed_distance_function-test[0m
[10.230s] [35m[1mConsolidate compiler generated dependencies of target empty_objects_publisher[0m
[10.242s] [ 28%] Built target dummy_perception_publisher__rosidl_typesupport_cpp
[10.244s] [ 39%] Built target dummy_perception_publisher__rosidl_typesupport_introspection_c
[10.245s] [ 43%] Built target dummy_perception_publisher__rosidl_typesupport_fastrtps_cpp
[10.245s] [ 50%] Built target dummy_perception_publisher__rosidl_typesupport_introspection_cpp
[10.249s] [ 58%] Built target dummy_perception_publisher__rosidl_typesupport_c
[10.256s] [ 66%] Built target dummy_perception_publisher__rosidl_typesupport_fastrtps_c
[10.257s] [ 69%] Built target signed_distance_function-test
[10.267s] [ 73%] Built target empty_objects_publisher
[10.269s] [35m[1mConsolidate compiler generated dependencies of target dummy_perception_publisher_node[0m
[10.282s] [ 73%] Built target dummy_perception_publisher
[10.306s] [ 75%] Built target dummy_perception_publisher__py
[10.318s] [35m[1mConsolidate compiler generated dependencies of target dummy_perception_publisher__rosidl_generator_py[0m
[10.323s] [ 83%] Built target dummy_perception_publisher_node
[10.333s] [ 88%] Built target dummy_perception_publisher__rosidl_generator_py
[10.345s] [35m[1mConsolidate compiler generated dependencies of target dummy_perception_publisher__rosidl_typesupport_c__pyext[0m
[10.345s] [35m[1mConsolidate compiler generated dependencies of target dummy_perception_publisher__rosidl_typesupport_fastrtps_c__pyext[0m
[10.345s] [35m[1mConsolidate compiler generated dependencies of target dummy_perception_publisher__rosidl_typesupport_introspection_c__pyext[0m
[10.360s] [ 92%] Built target dummy_perception_publisher__rosidl_typesupport_c__pyext
[10.360s] [ 98%] Built target dummy_perception_publisher__rosidl_typesupport_introspection_c__pyext
[10.360s] [100%] Built target dummy_perception_publisher__rosidl_typesupport_fastrtps_c__pyext
[10.513s] running egg_info
[10.514s] writing dummy_perception_publisher.egg-info/PKG-INFO
[10.514s] writing dependency_links to dummy_perception_publisher.egg-info/dependency_links.txt
[10.514s] writing top-level names to dummy_perception_publisher.egg-info/top_level.txt
[10.516s] reading manifest file 'dummy_perception_publisher.egg-info/SOURCES.txt'
[10.517s] writing manifest file 'dummy_perception_publisher.egg-info/SOURCES.txt'
[10.540s] [100%] Built target ament_cmake_python_build_dummy_perception_publisher_egg
[10.553s] Invoked command in '/home/zyme/ros_ws/Autoware_sim_test/build/dummy_perception_publisher' returned '0': AMENT_PREFIX_PATH=/home/zyme/ros_ws/Autoware_sim_test/install/tier4_autoware_utils:/home/zyme/ros_ws/Autoware_sim_test/install/tier4_perception_msgs:/home/zyme/ros_ws/Autoware_sim_test/install/autoware_auto_vehicle_msgs:/home/zyme/ros_ws/Autoware_sim_test/install/autoware_cmake:/home/zyme/ros_ws/Autoware_sim_test/install/autoware_auto_planning_msgs:/home/zyme/ros_ws/Autoware_sim_test/install/autoware_auto_perception_msgs:/home/zyme/ros_ws/Autoware_sim_test/install/tier4_debug_msgs:/home/zyme/ros_ws/Autoware_sim_test/install/autoware_lint_common:/home/zyme/ros_ws/Autoware_sim_test/install/autoware_auto_mapping_msgs:/home/zyme/ros_ws/Autoware_sim_test/install/autoware_auto_geometry_msgs:${AMENT_PREFIX_PATH} CMAKE_PREFIX_PATH=/home/zyme/ros_ws/Autoware_sim_test/install/tier4_autoware_utils:/home/zyme/ros_ws/Autoware_sim_test/install/tier4_perception_msgs:/home/zyme/ros_ws/Autoware_sim_test/install/autoware_auto_vehicle_msgs:/home/zyme/ros_ws/Autoware_sim_test/install/autoware_cmake:/home/zyme/ros_ws/Autoware_sim_test/install/autoware_auto_planning_msgs:/home/zyme/ros_ws/Autoware_sim_test/install/autoware_auto_perception_msgs:/home/zyme/ros_ws/Autoware_sim_test/install/tier4_debug_msgs:/home/zyme/ros_ws/Autoware_sim_test/install/autoware_lint_common:/home/zyme/ros_ws/Autoware_sim_test/install/autoware_auto_mapping_msgs:/home/zyme/ros_ws/Autoware_sim_test/install/autoware_auto_geometry_msgs:/opt/ros/humble LD_LIBRARY_PATH=/home/zyme/ros_ws/Autoware_sim_test/install/tier4_autoware_utils/lib:/home/zyme/ros_ws/Autoware_sim_test/install/tier4_perception_msgs/lib:/home/zyme/ros_ws/Autoware_sim_test/install/autoware_auto_vehicle_msgs/lib:/home/zyme/ros_ws/Autoware_sim_test/install/autoware_auto_planning_msgs/lib:/home/zyme/ros_ws/Autoware_sim_test/install/autoware_auto_perception_msgs/lib:/home/zyme/ros_ws/Autoware_sim_test/install/tier4_debug_msgs/lib:/home/zyme/ros_ws/Autoware_sim_test/install/autoware_auto_mapping_msgs/lib:/home/zyme/ros_ws/Autoware_sim_test/install/autoware_auto_geometry_msgs/lib:${LD_LIBRARY_PATH} PYTHONPATH=/home/zyme/ros_ws/Autoware_sim_test/install/tier4_perception_msgs/local/lib/python3.10/dist-packages:/home/zyme/ros_ws/Autoware_sim_test/install/autoware_auto_vehicle_msgs/local/lib/python3.10/dist-packages:/home/zyme/ros_ws/Autoware_sim_test/install/autoware_auto_planning_msgs/local/lib/python3.10/dist-packages:/home/zyme/ros_ws/Autoware_sim_test/install/autoware_auto_perception_msgs/local/lib/python3.10/dist-packages:/home/zyme/ros_ws/Autoware_sim_test/install/tier4_debug_msgs/local/lib/python3.10/dist-packages:/home/zyme/ros_ws/Autoware_sim_test/install/autoware_auto_mapping_msgs/local/lib/python3.10/dist-packages:/home/zyme/ros_ws/Autoware_sim_test/install/autoware_auto_geometry_msgs/local/lib/python3.10/dist-packages:${PYTHONPATH} /usr/bin/cmake --build /home/zyme/ros_ws/Autoware_sim_test/build/dummy_perception_publisher -- -j12 -l12
[10.671s] Invoking command in '/home/zyme/ros_ws/Autoware_sim_test/build/dummy_perception_publisher': AMENT_PREFIX_PATH=/home/zyme/ros_ws/Autoware_sim_test/install/tier4_autoware_utils:/home/zyme/ros_ws/Autoware_sim_test/install/tier4_perception_msgs:/home/zyme/ros_ws/Autoware_sim_test/install/autoware_auto_vehicle_msgs:/home/zyme/ros_ws/Autoware_sim_test/install/autoware_cmake:/home/zyme/ros_ws/Autoware_sim_test/install/autoware_auto_planning_msgs:/home/zyme/ros_ws/Autoware_sim_test/install/autoware_auto_perception_msgs:/home/zyme/ros_ws/Autoware_sim_test/install/tier4_debug_msgs:/home/zyme/ros_ws/Autoware_sim_test/install/autoware_lint_common:/home/zyme/ros_ws/Autoware_sim_test/install/autoware_auto_mapping_msgs:/home/zyme/ros_ws/Autoware_sim_test/install/autoware_auto_geometry_msgs:${AMENT_PREFIX_PATH} CMAKE_PREFIX_PATH=/home/zyme/ros_ws/Autoware_sim_test/install/tier4_autoware_utils:/home/zyme/ros_ws/Autoware_sim_test/install/tier4_perception_msgs:/home/zyme/ros_ws/Autoware_sim_test/install/autoware_auto_vehicle_msgs:/home/zyme/ros_ws/Autoware_sim_test/install/autoware_cmake:/home/zyme/ros_ws/Autoware_sim_test/install/autoware_auto_planning_msgs:/home/zyme/ros_ws/Autoware_sim_test/install/autoware_auto_perception_msgs:/home/zyme/ros_ws/Autoware_sim_test/install/tier4_debug_msgs:/home/zyme/ros_ws/Autoware_sim_test/install/autoware_lint_common:/home/zyme/ros_ws/Autoware_sim_test/install/autoware_auto_mapping_msgs:/home/zyme/ros_ws/Autoware_sim_test/install/autoware_auto_geometry_msgs:/opt/ros/humble LD_LIBRARY_PATH=/home/zyme/ros_ws/Autoware_sim_test/install/tier4_autoware_utils/lib:/home/zyme/ros_ws/Autoware_sim_test/install/tier4_perception_msgs/lib:/home/zyme/ros_ws/Autoware_sim_test/install/autoware_auto_vehicle_msgs/lib:/home/zyme/ros_ws/Autoware_sim_test/install/autoware_auto_planning_msgs/lib:/home/zyme/ros_ws/Autoware_sim_test/install/autoware_auto_perception_msgs/lib:/home/zyme/ros_ws/Autoware_sim_test/install/tier4_debug_msgs/lib:/home/zyme/ros_ws/Autoware_sim_test/install/autoware_auto_mapping_msgs/lib:/home/zyme/ros_ws/Autoware_sim_test/install/autoware_auto_geometry_msgs/lib:${LD_LIBRARY_PATH} PYTHONPATH=/home/zyme/ros_ws/Autoware_sim_test/install/tier4_perception_msgs/local/lib/python3.10/dist-packages:/home/zyme/ros_ws/Autoware_sim_test/install/autoware_auto_vehicle_msgs/local/lib/python3.10/dist-packages:/home/zyme/ros_ws/Autoware_sim_test/install/autoware_auto_planning_msgs/local/lib/python3.10/dist-packages:/home/zyme/ros_ws/Autoware_sim_test/install/autoware_auto_perception_msgs/local/lib/python3.10/dist-packages:/home/zyme/ros_ws/Autoware_sim_test/install/tier4_debug_msgs/local/lib/python3.10/dist-packages:/home/zyme/ros_ws/Autoware_sim_test/install/autoware_auto_mapping_msgs/local/lib/python3.10/dist-packages:/home/zyme/ros_ws/Autoware_sim_test/install/autoware_auto_geometry_msgs/local/lib/python3.10/dist-packages:${PYTHONPATH} /usr/bin/cmake --install /home/zyme/ros_ws/Autoware_sim_test/build/dummy_perception_publisher
[10.689s] -- Install configuration: "Release"
[10.690s] -- Execute custom install script
[10.690s] -- Up-to-date symlink: /home/zyme/ros_ws/Autoware_sim_test/install/dummy_perception_publisher/share/ament_index/resource_index/rosidl_interfaces/dummy_perception_publisher
[10.691s] -- Up-to-date symlink: /home/zyme/ros_ws/Autoware_sim_test/install/dummy_perception_publisher/include/dummy_perception_publisher/dummy_perception_publisher/msg/detail/initial_state__functions.h
[10.692s] -- Up-to-date symlink: /home/zyme/ros_ws/Autoware_sim_test/install/dummy_perception_publisher/include/dummy_perception_publisher/dummy_perception_publisher/msg/detail/initial_state__struct.h
[10.692s] -- Up-to-date symlink: /home/zyme/ros_ws/Autoware_sim_test/install/dummy_perception_publisher/include/dummy_perception_publisher/dummy_perception_publisher/msg/detail/initial_state__type_support.h
[10.692s] -- Up-to-date symlink: /home/zyme/ros_ws/Autoware_sim_test/install/dummy_perception_publisher/include/dummy_perception_publisher/dummy_perception_publisher/msg/detail/object__functions.h
[10.692s] -- Up-to-date symlink: /home/zyme/ros_ws/Autoware_sim_test/install/dummy_perception_publisher/include/dummy_perception_publisher/dummy_perception_publisher/msg/detail/object__struct.h
[10.693s] -- Up-to-date symlink: /home/zyme/ros_ws/Autoware_sim_test/install/dummy_perception_publisher/include/dummy_perception_publisher/dummy_perception_publisher/msg/detail/object__type_support.h
[10.693s] -- Up-to-date symlink: /home/zyme/ros_ws/Autoware_sim_test/install/dummy_perception_publisher/include/dummy_perception_publisher/dummy_perception_publisher/msg/initial_state.h
[10.693s] -- Up-to-date symlink: /home/zyme/ros_ws/Autoware_sim_test/install/dummy_perception_publisher/include/dummy_perception_publisher/dummy_perception_publisher/msg/object.h
[10.693s] -- Up-to-date symlink: /home/zyme/ros_ws/Autoware_sim_test/install/dummy_perception_publisher/include/dummy_perception_publisher/dummy_perception_publisher/msg/rosidl_generator_c__visibility_control.h
[10.694s] -- Up-to-date symlink: /home/zyme/ros_ws/Autoware_sim_test/install/dummy_perception_publisher/share/dummy_perception_publisher/environment/library_path.sh
[10.694s] -- Up-to-date symlink: /home/zyme/ros_ws/Autoware_sim_test/install/dummy_perception_publisher/share/dummy_perception_publisher/environment/library_path.dsv
[10.695s] -- Up-to-date symlink: /home/zyme/ros_ws/Autoware_sim_test/install/dummy_perception_publisher/include/dummy_perception_publisher/dummy_perception_publisher/msg/detail/initial_state__rosidl_typesupport_fastrtps_c.h
[10.695s] -- Up-to-date symlink: /home/zyme/ros_ws/Autoware_sim_test/install/dummy_perception_publisher/include/dummy_perception_publisher/dummy_perception_publisher/msg/detail/object__rosidl_typesupport_fastrtps_c.h
[10.696s] -- Up-to-date symlink: /home/zyme/ros_ws/Autoware_sim_test/install/dummy_perception_publisher/include/dummy_perception_publisher/dummy_perception_publisher/msg/rosidl_typesupport_fastrtps_c__visibility_control.h
[10.696s] -- Up-to-date symlink: /home/zyme/ros_ws/Autoware_sim_test/install/dummy_perception_publisher/include/dummy_perception_publisher/dummy_perception_publisher/msg/detail/initial_state__rosidl_typesupport_introspection_c.h
[10.696s] -- Up-to-date symlink: /home/zyme/ros_ws/Autoware_sim_test/install/dummy_perception_publisher/include/dummy_perception_publisher/dummy_perception_publisher/msg/detail/object__rosidl_typesupport_introspection_c.h
[10.697s] -- Up-to-date symlink: /home/zyme/ros_ws/Autoware_sim_test/install/dummy_perception_publisher/include/dummy_perception_publisher/dummy_perception_publisher/msg/rosidl_typesupport_introspection_c__visibility_control.h
[10.697s] -- Up-to-date symlink: /home/zyme/ros_ws/Autoware_sim_test/install/dummy_perception_publisher/include/dummy_perception_publisher/dummy_perception_publisher/msg/detail/initial_state__builder.hpp
[10.698s] -- Up-to-date symlink: /home/zyme/ros_ws/Autoware_sim_test/install/dummy_perception_publisher/include/dummy_perception_publisher/dummy_perception_publisher/msg/detail/initial_state__struct.hpp
[10.698s] -- Up-to-date symlink: /home/zyme/ros_ws/Autoware_sim_test/install/dummy_perception_publisher/include/dummy_perception_publisher/dummy_perception_publisher/msg/detail/initial_state__traits.hpp
[10.698s] -- Up-to-date symlink: /home/zyme/ros_ws/Autoware_sim_test/install/dummy_perception_publisher/include/dummy_perception_publisher/dummy_perception_publisher/msg/detail/object__builder.hpp
[10.698s] -- Up-to-date symlink: /home/zyme/ros_ws/Autoware_sim_test/install/dummy_perception_publisher/include/dummy_perception_publisher/dummy_perception_publisher/msg/detail/object__struct.hpp
[10.699s] -- Up-to-date symlink: /home/zyme/ros_ws/Autoware_sim_test/install/dummy_perception_publisher/include/dummy_perception_publisher/dummy_perception_publisher/msg/detail/object__traits.hpp
[10.699s] -- Up-to-date symlink: /home/zyme/ros_ws/Autoware_sim_test/install/dummy_perception_publisher/include/dummy_perception_publisher/dummy_perception_publisher/msg/initial_state.hpp
[10.699s] -- Up-to-date symlink: /home/zyme/ros_ws/Autoware_sim_test/install/dummy_perception_publisher/include/dummy_perception_publisher/dummy_perception_publisher/msg/object.hpp
[10.700s] -- Up-to-date symlink: /home/zyme/ros_ws/Autoware_sim_test/install/dummy_perception_publisher/include/dummy_perception_publisher/dummy_perception_publisher/msg/detail/initial_state__rosidl_typesupport_fastrtps_cpp.hpp
[10.700s] -- Up-to-date symlink: /home/zyme/ros_ws/Autoware_sim_test/install/dummy_perception_publisher/include/dummy_perception_publisher/dummy_perception_publisher/msg/detail/object__rosidl_typesupport_fastrtps_cpp.hpp
[10.700s] -- Up-to-date symlink: /home/zyme/ros_ws/Autoware_sim_test/install/dummy_perception_publisher/include/dummy_perception_publisher/dummy_perception_publisher/msg/rosidl_typesupport_fastrtps_cpp__visibility_control.h
[10.701s] -- Up-to-date symlink: /home/zyme/ros_ws/Autoware_sim_test/install/dummy_perception_publisher/include/dummy_perception_publisher/dummy_perception_publisher/msg/detail/initial_state__rosidl_typesupport_introspection_cpp.hpp
[10.701s] -- Up-to-date symlink: /home/zyme/ros_ws/Autoware_sim_test/install/dummy_perception_publisher/include/dummy_perception_publisher/dummy_perception_publisher/msg/detail/object__rosidl_typesupport_introspection_cpp.hpp
[10.701s] -- Up-to-date symlink: /home/zyme/ros_ws/Autoware_sim_test/install/dummy_perception_publisher/share/dummy_perception_publisher/environment/pythonpath.sh
[10.701s] -- Up-to-date symlink: /home/zyme/ros_ws/Autoware_sim_test/install/dummy_perception_publisher/share/dummy_perception_publisher/environment/pythonpath.dsv
[10.702s] -- Up-to-date symlink: /home/zyme/ros_ws/Autoware_sim_test/install/dummy_perception_publisher/local/lib/python3.10/dist-packages/dummy_perception_publisher-0.1.0-py3.10.egg-info/PKG-INFO
[10.702s] -- Up-to-date symlink: /home/zyme/ros_ws/Autoware_sim_test/install/dummy_perception_publisher/local/lib/python3.10/dist-packages/dummy_perception_publisher-0.1.0-py3.10.egg-info/SOURCES.txt
[10.702s] -- Up-to-date symlink: /home/zyme/ros_ws/Autoware_sim_test/install/dummy_perception_publisher/local/lib/python3.10/dist-packages/dummy_perception_publisher-0.1.0-py3.10.egg-info/dependency_links.txt
[10.702s] -- Up-to-date symlink: /home/zyme/ros_ws/Autoware_sim_test/install/dummy_perception_publisher/local/lib/python3.10/dist-packages/dummy_perception_publisher-0.1.0-py3.10.egg-info/top_level.txt
[10.703s] -- Up-to-date symlink: /home/zyme/ros_ws/Autoware_sim_test/install/dummy_perception_publisher/local/lib/python3.10/dist-packages/dummy_perception_publisher/__init__.py
[10.703s] -- Up-to-date symlink: /home/zyme/ros_ws/Autoware_sim_test/install/dummy_perception_publisher/local/lib/python3.10/dist-packages/dummy_perception_publisher/_dummy_perception_publisher_s.ep.rosidl_typesupport_c.c
[10.703s] -- Up-to-date symlink: /home/zyme/ros_ws/Autoware_sim_test/install/dummy_perception_publisher/local/lib/python3.10/dist-packages/dummy_perception_publisher/_dummy_perception_publisher_s.ep.rosidl_typesupport_fastrtps_c.c
[10.704s] -- Up-to-date symlink: /home/zyme/ros_ws/Autoware_sim_test/install/dummy_perception_publisher/local/lib/python3.10/dist-packages/dummy_perception_publisher/_dummy_perception_publisher_s.ep.rosidl_typesupport_introspection_c.c
[10.704s] -- Up-to-date symlink: /home/zyme/ros_ws/Autoware_sim_test/install/dummy_perception_publisher/local/lib/python3.10/dist-packages/dummy_perception_publisher/dummy_perception_publisher_s__rosidl_typesupport_c.cpython-310-x86_64-linux-gnu.so
[10.704s] -- Up-to-date symlink: /home/zyme/ros_ws/Autoware_sim_test/install/dummy_perception_publisher/local/lib/python3.10/dist-packages/dummy_perception_publisher/dummy_perception_publisher_s__rosidl_typesupport_fastrtps_c.cpython-310-x86_64-linux-gnu.so
[10.704s] -- Up-to-date symlink: /home/zyme/ros_ws/Autoware_sim_test/install/dummy_perception_publisher/local/lib/python3.10/dist-packages/dummy_perception_publisher/dummy_perception_publisher_s__rosidl_typesupport_introspection_c.cpython-310-x86_64-linux-gnu.so
[10.704s] -- Up-to-date symlink: /home/zyme/ros_ws/Autoware_sim_test/install/dummy_perception_publisher/local/lib/python3.10/dist-packages/dummy_perception_publisher/libdummy_perception_publisher__rosidl_generator_py.so
[10.705s] -- Up-to-date symlink: /home/zyme/ros_ws/Autoware_sim_test/install/dummy_perception_publisher/local/lib/python3.10/dist-packages/dummy_perception_publisher/msg/__init__.py
[10.705s] -- Up-to-date symlink: /home/zyme/ros_ws/Autoware_sim_test/install/dummy_perception_publisher/local/lib/python3.10/dist-packages/dummy_perception_publisher/msg/_initial_state.py
[10.705s] -- Up-to-date symlink: /home/zyme/ros_ws/Autoware_sim_test/install/dummy_perception_publisher/local/lib/python3.10/dist-packages/dummy_perception_publisher/msg/_initial_state_s.c
[10.705s] -- Up-to-date symlink: /home/zyme/ros_ws/Autoware_sim_test/install/dummy_perception_publisher/local/lib/python3.10/dist-packages/dummy_perception_publisher/msg/_object.py
[10.705s] -- Up-to-date symlink: /home/zyme/ros_ws/Autoware_sim_test/install/dummy_perception_publisher/local/lib/python3.10/dist-packages/dummy_perception_publisher/msg/_object_s.c
[10.706s] -- Up-to-date symlink: /home/zyme/ros_ws/Autoware_sim_test/install/dummy_perception_publisher/local/lib/python3.10/dist-packages/dummy_perception_publisher/dummy_perception_publisher_s__rosidl_typesupport_fastrtps_c.cpython-310-x86_64-linux-gnu.so
[10.706s] -- Up-to-date symlink: /home/zyme/ros_ws/Autoware_sim_test/install/dummy_perception_publisher/local/lib/python3.10/dist-packages/dummy_perception_publisher/dummy_perception_publisher_s__rosidl_typesupport_introspection_c.cpython-310-x86_64-linux-gnu.so
[10.706s] -- Up-to-date symlink: /home/zyme/ros_ws/Autoware_sim_test/install/dummy_perception_publisher/local/lib/python3.10/dist-packages/dummy_perception_publisher/dummy_perception_publisher_s__rosidl_typesupport_c.cpython-310-x86_64-linux-gnu.so
[10.706s] -- Up-to-date symlink: /home/zyme/ros_ws/Autoware_sim_test/install/dummy_perception_publisher/share/dummy_perception_publisher/msg/InitialState.idl
[10.707s] -- Up-to-date symlink: /home/zyme/ros_ws/Autoware_sim_test/install/dummy_perception_publisher/share/dummy_perception_publisher/msg/Object.idl
[10.707s] -- Up-to-date symlink: /home/zyme/ros_ws/Autoware_sim_test/install/dummy_perception_publisher/share/dummy_perception_publisher/msg/InitialState.msg
[10.707s] -- Up-to-date symlink: /home/zyme/ros_ws/Autoware_sim_test/install/dummy_perception_publisher/share/dummy_perception_publisher/msg/Object.msg
[10.708s] -- Up-to-date symlink: /home/zyme/ros_ws/Autoware_sim_test/install/dummy_perception_publisher/include/dummy_perception_publisher/node.hpp
[10.708s] -- Up-to-date symlink: /home/zyme/ros_ws/Autoware_sim_test/install/dummy_perception_publisher/include/dummy_perception_publisher/signed_distance_function.hpp
[10.708s] -- Up-to-date symlink: /home/zyme/ros_ws/Autoware_sim_test/install/dummy_perception_publisher/lib/libsigned_distance_function.so
[10.708s] -- Up-to-date symlink: /home/zyme/ros_ws/Autoware_sim_test/install/dummy_perception_publisher/lib/dummy_perception_publisher/dummy_perception_publisher_node
[10.708s] -- Up-to-date symlink: /home/zyme/ros_ws/Autoware_sim_test/install/dummy_perception_publisher/lib/dummy_perception_publisher/empty_objects_publisher
[10.709s] -- Up-to-date symlink: /home/zyme/ros_ws/Autoware_sim_test/install/dummy_perception_publisher/share/dummy_perception_publisher/launch/dummy_perception_publisher.launch.xml
[10.709s] -- Up-to-date symlink: /home/zyme/ros_ws/Autoware_sim_test/install/dummy_perception_publisher/share/ament_index/resource_index/package_run_dependencies/dummy_perception_publisher
[10.709s] -- Up-to-date symlink: /home/zyme/ros_ws/Autoware_sim_test/install/dummy_perception_publisher/share/ament_index/resource_index/parent_prefix_path/dummy_perception_publisher
[10.710s] -- Up-to-date symlink: /home/zyme/ros_ws/Autoware_sim_test/install/dummy_perception_publisher/share/dummy_perception_publisher/environment/ament_prefix_path.sh
[10.710s] -- Up-to-date symlink: /home/zyme/ros_ws/Autoware_sim_test/install/dummy_perception_publisher/share/dummy_perception_publisher/environment/ament_prefix_path.dsv
[10.710s] -- Up-to-date symlink: /home/zyme/ros_ws/Autoware_sim_test/install/dummy_perception_publisher/share/dummy_perception_publisher/environment/path.sh
[10.710s] -- Up-to-date symlink: /home/zyme/ros_ws/Autoware_sim_test/install/dummy_perception_publisher/share/dummy_perception_publisher/environment/path.dsv
[10.710s] -- Up-to-date symlink: /home/zyme/ros_ws/Autoware_sim_test/install/dummy_perception_publisher/share/dummy_perception_publisher/local_setup.bash
[10.711s] -- Up-to-date symlink: /home/zyme/ros_ws/Autoware_sim_test/install/dummy_perception_publisher/share/dummy_perception_publisher/local_setup.sh
[10.711s] -- Up-to-date symlink: /home/zyme/ros_ws/Autoware_sim_test/install/dummy_perception_publisher/share/dummy_perception_publisher/local_setup.zsh
[10.711s] -- Up-to-date symlink: /home/zyme/ros_ws/Autoware_sim_test/install/dummy_perception_publisher/share/dummy_perception_publisher/local_setup.dsv
[10.711s] -- Symlinking: /home/zyme/ros_ws/Autoware_sim_test/install/dummy_perception_publisher/share/dummy_perception_publisher/package.dsv
[10.721s] -- Up-to-date symlink: /home/zyme/ros_ws/Autoware_sim_test/install/dummy_perception_publisher/share/ament_index/resource_index/packages/dummy_perception_publisher
[10.721s] -- Up-to-date symlink: /home/zyme/ros_ws/Autoware_sim_test/install/dummy_perception_publisher/share/dummy_perception_publisher/cmake/rosidl_cmake-extras.cmake
[10.722s] -- Up-to-date symlink: /home/zyme/ros_ws/Autoware_sim_test/install/dummy_perception_publisher/share/dummy_perception_publisher/cmake/ament_cmake_export_dependencies-extras.cmake
[10.722s] -- Up-to-date symlink: /home/zyme/ros_ws/Autoware_sim_test/install/dummy_perception_publisher/share/dummy_perception_publisher/cmake/ament_cmake_export_include_directories-extras.cmake
[10.722s] -- Up-to-date symlink: /home/zyme/ros_ws/Autoware_sim_test/install/dummy_perception_publisher/share/dummy_perception_publisher/cmake/ament_cmake_export_libraries-extras.cmake
[10.722s] -- Up-to-date symlink: /home/zyme/ros_ws/Autoware_sim_test/install/dummy_perception_publisher/share/dummy_perception_publisher/cmake/ament_cmake_export_targets-extras.cmake
[10.722s] -- Up-to-date symlink: /home/zyme/ros_ws/Autoware_sim_test/install/dummy_perception_publisher/share/dummy_perception_publisher/cmake/rosidl_cmake_export_typesupport_targets-extras.cmake
[10.722s] -- Up-to-date symlink: /home/zyme/ros_ws/Autoware_sim_test/install/dummy_perception_publisher/share/dummy_perception_publisher/cmake/rosidl_cmake_export_typesupport_libraries-extras.cmake
[10.722s] -- Up-to-date symlink: /home/zyme/ros_ws/Autoware_sim_test/install/dummy_perception_publisher/share/dummy_perception_publisher/cmake/dummy_perception_publisherConfig.cmake
[10.723s] -- Up-to-date symlink: /home/zyme/ros_ws/Autoware_sim_test/install/dummy_perception_publisher/share/dummy_perception_publisher/cmake/dummy_perception_publisherConfig-version.cmake
[10.723s] -- Up-to-date symlink: /home/zyme/ros_ws/Autoware_sim_test/install/dummy_perception_publisher/share/dummy_perception_publisher/package.xml
[10.723s] -- Up-to-date: /home/zyme/ros_ws/Autoware_sim_test/install/dummy_perception_publisher/lib/libdummy_perception_publisher__rosidl_generator_c.so
[10.723s] -- Up-to-date: /home/zyme/ros_ws/Autoware_sim_test/install/dummy_perception_publisher/lib/libdummy_perception_publisher__rosidl_typesupport_fastrtps_c.so
[10.723s] -- Up-to-date: /home/zyme/ros_ws/Autoware_sim_test/install/dummy_perception_publisher/lib/libdummy_perception_publisher__rosidl_typesupport_introspection_c.so
[10.724s] -- Up-to-date: /home/zyme/ros_ws/Autoware_sim_test/install/dummy_perception_publisher/lib/libdummy_perception_publisher__rosidl_typesupport_c.so
[10.724s] -- Up-to-date: /home/zyme/ros_ws/Autoware_sim_test/install/dummy_perception_publisher/lib/libdummy_perception_publisher__rosidl_typesupport_fastrtps_cpp.so
[10.724s] -- Up-to-date: /home/zyme/ros_ws/Autoware_sim_test/install/dummy_perception_publisher/lib/libdummy_perception_publisher__rosidl_typesupport_introspection_cpp.so
[10.725s] -- Up-to-date: /home/zyme/ros_ws/Autoware_sim_test/install/dummy_perception_publisher/lib/libdummy_perception_publisher__rosidl_typesupport_cpp.so
[10.760s] Listing '/home/zyme/ros_ws/Autoware_sim_test/install/dummy_perception_publisher/local/lib/python3.10/dist-packages/dummy_perception_publisher'...
[10.760s] Compiling '/home/zyme/ros_ws/Autoware_sim_test/install/dummy_perception_publisher/local/lib/python3.10/dist-packages/dummy_perception_publisher/__init__.py'...
[10.760s] Listing '/home/zyme/ros_ws/Autoware_sim_test/install/dummy_perception_publisher/local/lib/python3.10/dist-packages/dummy_perception_publisher/msg'...
[10.764s] -- Up-to-date: /home/zyme/ros_ws/Autoware_sim_test/install/dummy_perception_publisher/lib/libdummy_perception_publisher__rosidl_generator_py.so
[10.764s] -- Up-to-date: /home/zyme/ros_ws/Autoware_sim_test/install/dummy_perception_publisher/share/dummy_perception_publisher/cmake/export_dummy_perception_publisher__rosidl_generator_cExport.cmake
[10.765s] -- Up-to-date: /home/zyme/ros_ws/Autoware_sim_test/install/dummy_perception_publisher/share/dummy_perception_publisher/cmake/export_dummy_perception_publisher__rosidl_generator_cExport-release.cmake
[10.765s] -- Up-to-date: /home/zyme/ros_ws/Autoware_sim_test/install/dummy_perception_publisher/share/dummy_perception_publisher/cmake/export_dummy_perception_publisher__rosidl_typesupport_fastrtps_cExport.cmake
[10.765s] -- Up-to-date: /home/zyme/ros_ws/Autoware_sim_test/install/dummy_perception_publisher/share/dummy_perception_publisher/cmake/export_dummy_perception_publisher__rosidl_typesupport_fastrtps_cExport-release.cmake
[10.765s] -- Up-to-date: /home/zyme/ros_ws/Autoware_sim_test/install/dummy_perception_publisher/share/dummy_perception_publisher/cmake/dummy_perception_publisher__rosidl_typesupport_introspection_cExport.cmake
[10.765s] -- Up-to-date: /home/zyme/ros_ws/Autoware_sim_test/install/dummy_perception_publisher/share/dummy_perception_publisher/cmake/dummy_perception_publisher__rosidl_typesupport_introspection_cExport-release.cmake
[10.765s] -- Up-to-date: /home/zyme/ros_ws/Autoware_sim_test/install/dummy_perception_publisher/share/dummy_perception_publisher/cmake/dummy_perception_publisher__rosidl_typesupport_cExport.cmake
[10.766s] -- Up-to-date: /home/zyme/ros_ws/Autoware_sim_test/install/dummy_perception_publisher/share/dummy_perception_publisher/cmake/dummy_perception_publisher__rosidl_typesupport_cExport-release.cmake
[10.766s] -- Up-to-date: /home/zyme/ros_ws/Autoware_sim_test/install/dummy_perception_publisher/share/dummy_perception_publisher/cmake/export_dummy_perception_publisher__rosidl_generator_cppExport.cmake
[10.766s] -- Up-to-date: /home/zyme/ros_ws/Autoware_sim_test/install/dummy_perception_publisher/share/dummy_perception_publisher/cmake/export_dummy_perception_publisher__rosidl_typesupport_fastrtps_cppExport.cmake
[10.766s] -- Up-to-date: /home/zyme/ros_ws/Autoware_sim_test/install/dummy_perception_publisher/share/dummy_perception_publisher/cmake/export_dummy_perception_publisher__rosidl_typesupport_fastrtps_cppExport-release.cmake
[10.766s] -- Up-to-date: /home/zyme/ros_ws/Autoware_sim_test/install/dummy_perception_publisher/share/dummy_perception_publisher/cmake/dummy_perception_publisher__rosidl_typesupport_introspection_cppExport.cmake
[10.766s] -- Up-to-date: /home/zyme/ros_ws/Autoware_sim_test/install/dummy_perception_publisher/share/dummy_perception_publisher/cmake/dummy_perception_publisher__rosidl_typesupport_introspection_cppExport-release.cmake
[10.766s] -- Up-to-date: /home/zyme/ros_ws/Autoware_sim_test/install/dummy_perception_publisher/share/dummy_perception_publisher/cmake/dummy_perception_publisher__rosidl_typesupport_cppExport.cmake
[10.766s] -- Up-to-date: /home/zyme/ros_ws/Autoware_sim_test/install/dummy_perception_publisher/share/dummy_perception_publisher/cmake/dummy_perception_publisher__rosidl_typesupport_cppExport-release.cmake
[10.766s] -- Up-to-date: /home/zyme/ros_ws/Autoware_sim_test/install/dummy_perception_publisher/share/dummy_perception_publisher/cmake/export_dummy_perception_publisher__rosidl_generator_pyExport.cmake
[10.767s] -- Up-to-date: /home/zyme/ros_ws/Autoware_sim_test/install/dummy_perception_publisher/share/dummy_perception_publisher/cmake/export_dummy_perception_publisher__rosidl_generator_pyExport-release.cmake
[10.767s] Invoked command in '/home/zyme/ros_ws/Autoware_sim_test/build/dummy_perception_publisher' returned '0': AMENT_PREFIX_PATH=/home/zyme/ros_ws/Autoware_sim_test/install/tier4_autoware_utils:/home/zyme/ros_ws/Autoware_sim_test/install/tier4_perception_msgs:/home/zyme/ros_ws/Autoware_sim_test/install/autoware_auto_vehicle_msgs:/home/zyme/ros_ws/Autoware_sim_test/install/autoware_cmake:/home/zyme/ros_ws/Autoware_sim_test/install/autoware_auto_planning_msgs:/home/zyme/ros_ws/Autoware_sim_test/install/autoware_auto_perception_msgs:/home/zyme/ros_ws/Autoware_sim_test/install/tier4_debug_msgs:/home/zyme/ros_ws/Autoware_sim_test/install/autoware_lint_common:/home/zyme/ros_ws/Autoware_sim_test/install/autoware_auto_mapping_msgs:/home/zyme/ros_ws/Autoware_sim_test/install/autoware_auto_geometry_msgs:${AMENT_PREFIX_PATH} CMAKE_PREFIX_PATH=/home/zyme/ros_ws/Autoware_sim_test/install/tier4_autoware_utils:/home/zyme/ros_ws/Autoware_sim_test/install/tier4_perception_msgs:/home/zyme/ros_ws/Autoware_sim_test/install/autoware_auto_vehicle_msgs:/home/zyme/ros_ws/Autoware_sim_test/install/autoware_cmake:/home/zyme/ros_ws/Autoware_sim_test/install/autoware_auto_planning_msgs:/home/zyme/ros_ws/Autoware_sim_test/install/autoware_auto_perception_msgs:/home/zyme/ros_ws/Autoware_sim_test/install/tier4_debug_msgs:/home/zyme/ros_ws/Autoware_sim_test/install/autoware_lint_common:/home/zyme/ros_ws/Autoware_sim_test/install/autoware_auto_mapping_msgs:/home/zyme/ros_ws/Autoware_sim_test/install/autoware_auto_geometry_msgs:/opt/ros/humble LD_LIBRARY_PATH=/home/zyme/ros_ws/Autoware_sim_test/install/tier4_autoware_utils/lib:/home/zyme/ros_ws/Autoware_sim_test/install/tier4_perception_msgs/lib:/home/zyme/ros_ws/Autoware_sim_test/install/autoware_auto_vehicle_msgs/lib:/home/zyme/ros_ws/Autoware_sim_test/install/autoware_auto_planning_msgs/lib:/home/zyme/ros_ws/Autoware_sim_test/install/autoware_auto_perception_msgs/lib:/home/zyme/ros_ws/Autoware_sim_test/install/tier4_debug_msgs/lib:/home/zyme/ros_ws/Autoware_sim_test/install/autoware_auto_mapping_msgs/lib:/home/zyme/ros_ws/Autoware_sim_test/install/autoware_auto_geometry_msgs/lib:${LD_LIBRARY_PATH} PYTHONPATH=/home/zyme/ros_ws/Autoware_sim_test/install/tier4_perception_msgs/local/lib/python3.10/dist-packages:/home/zyme/ros_ws/Autoware_sim_test/install/autoware_auto_vehicle_msgs/local/lib/python3.10/dist-packages:/home/zyme/ros_ws/Autoware_sim_test/install/autoware_auto_planning_msgs/local/lib/python3.10/dist-packages:/home/zyme/ros_ws/Autoware_sim_test/install/autoware_auto_perception_msgs/local/lib/python3.10/dist-packages:/home/zyme/ros_ws/Autoware_sim_test/install/tier4_debug_msgs/local/lib/python3.10/dist-packages:/home/zyme/ros_ws/Autoware_sim_test/install/autoware_auto_mapping_msgs/local/lib/python3.10/dist-packages:/home/zyme/ros_ws/Autoware_sim_test/install/autoware_auto_geometry_msgs/local/lib/python3.10/dist-packages:${PYTHONPATH} /usr/bin/cmake --install /home/zyme/ros_ws/Autoware_sim_test/build/dummy_perception_publisher
