[0.053s] Invoking command in '/home/zyme/ros_ws/Autoware_sim_test/build/tier4_map_msgs': CMAKE_PREFIX_PATH=/opt/ros/humble /usr/bin/cmake /home/zyme/ros_ws/Autoware_sim_test/src/autoware/src/universe/external/tier4_autoware_msgs/tier4_map_msgs -DCMAKE_BUILD_TYPE=Release -DCMAKE_CXX_FLAGS=-w -DAMENT_CMAKE_SYMLINK_INSTALL=1 -DCMAKE_INSTALL_PREFIX=/home/zyme/ros_ws/Autoware_sim_test/install/tier4_map_msgs
[0.100s] -- The C compiler identification is GNU 11.4.0
[0.155s] -- The CXX compiler identification is GNU 11.4.0
[0.163s] -- Detecting C compiler ABI info
[0.240s] -- Detecting C compiler ABI info - done
[0.249s] -- Check for working C compiler: /usr/bin/cc - skipped
[0.249s] -- Detecting C compile features
[0.250s] -- Detecting C compile features - done
[0.254s] -- Detecting CXX compiler ABI info
[0.331s] -- Detecting CXX compiler ABI info - done
[0.339s] -- Check for working CXX compiler: /usr/bin/c++ - skipped
[0.339s] -- Detecting CXX compile features
[0.339s] -- Detecting CXX compile features - done
[0.341s] -- Found ament_cmake_auto: 1.3.8 (/opt/ros/humble/share/ament_cmake_auto/cmake)
[0.475s] -- Found Python3: /usr/bin/python3 (found version "3.10.12") found components: Interpreter 
[0.529s] -- Override CMake install command with custom implementation using symlinks instead of copying resources
[0.606s] -- Using all available rosidl_typesupport_c: rosidl_typesupport_fastrtps_c;rosidl_typesupport_introspection_c
[0.612s] -- Found rosidl_adapter: 3.1.5 (/opt/ros/humble/share/rosidl_adapter/cmake)
[0.648s] -- Using all available rosidl_typesupport_cpp: rosidl_typesupport_fastrtps_cpp;rosidl_typesupport_introspection_cpp
[1.113s] -- Found ament_cmake_ros: 0.10.0 (/opt/ros/humble/share/ament_cmake_ros/cmake)
[1.363s] -- Using all available rosidl_typesupport_c: rosidl_typesupport_fastrtps_c;rosidl_typesupport_introspection_c
[1.692s] -- Using all available rosidl_typesupport_cpp: rosidl_typesupport_fastrtps_cpp;rosidl_typesupport_introspection_cpp
[1.712s] -- Found PythonInterp: /usr/bin/python3 (found suitable version "3.10.12", minimum required is "3.6") 
[1.713s] -- Found python_cmake_module: 0.10.0 (/opt/ros/humble/share/python_cmake_module/cmake)
[1.736s] -- Found PythonLibs: /usr/lib/x86_64-linux-gnu/libpython3.10.so (found suitable version "3.10.12", minimum required is "3.5") 
[1.736s] -- Using PYTHON_EXECUTABLE: /usr/bin/python3
[1.736s] -- Using PYTHON_INCLUDE_DIRS: /usr/include/python3.10
[1.736s] -- Using PYTHON_LIBRARIES: /usr/lib/x86_64-linux-gnu/libpython3.10.so
[1.755s] -- Found PythonExtra: .so  
[1.822s] -- Found ament_lint_auto: 0.12.10 (/opt/ros/humble/share/ament_lint_auto/cmake)
[1.842s] -- Added test 'copyright' to check source files copyright and LICENSE
[1.844s] -- Added test 'lint_cmake' to check CMake code style
[1.844s] -- Added test 'xmllint' to check XML markup files
[1.848s] -- Configuring done
[1.884s] -- Generating done
[1.887s] -- Build files have been written to: /home/zyme/ros_ws/Autoware_sim_test/build/tier4_map_msgs
[1.896s] Invoked command in '/home/zyme/ros_ws/Autoware_sim_test/build/tier4_map_msgs' returned '0': CMAKE_PREFIX_PATH=/opt/ros/humble /usr/bin/cmake /home/zyme/ros_ws/Autoware_sim_test/src/autoware/src/universe/external/tier4_autoware_msgs/tier4_map_msgs -DCMAKE_BUILD_TYPE=Release -DCMAKE_CXX_FLAGS=-w -DAMENT_CMAKE_SYMLINK_INSTALL=1 -DCMAKE_INSTALL_PREFIX=/home/zyme/ros_ws/Autoware_sim_test/install/tier4_map_msgs
[1.896s] Invoking command in '/home/zyme/ros_ws/Autoware_sim_test/build/tier4_map_msgs': CMAKE_PREFIX_PATH=/opt/ros/humble /usr/bin/cmake --build /home/zyme/ros_ws/Autoware_sim_test/build/tier4_map_msgs -- -j12 -l12
[1.932s] [  3%] [34m[1mGenerating C code for ROS interfaces[0m
[1.942s] [  6%] [34m[1mGenerating C++ code for ROS interfaces[0m
[1.950s] [  6%] Built target ament_cmake_python_symlink_tier4_map_msgs
[2.203s] running egg_info
[2.204s] creating tier4_map_msgs.egg-info
[2.204s] writing tier4_map_msgs.egg-info/PKG-INFO
[2.205s] writing dependency_links to tier4_map_msgs.egg-info/dependency_links.txt
[2.205s] writing top-level names to tier4_map_msgs.egg-info/top_level.txt
[2.205s] writing manifest file 'tier4_map_msgs.egg-info/SOURCES.txt'
[2.208s] reading manifest file 'tier4_map_msgs.egg-info/SOURCES.txt'
[2.208s] writing manifest file 'tier4_map_msgs.egg-info/SOURCES.txt'
[2.240s] [  9%] [32mBuilding C object CMakeFiles/tier4_map_msgs__rosidl_generator_c.dir/rosidl_generator_c/tier4_map_msgs/msg/detail/map_projector_info__functions.c.o[0m
[2.242s] [  9%] Built target tier4_map_msgs__cpp
[2.243s] [  9%] Built target ament_cmake_python_build_tier4_map_msgs_egg
[2.253s] [ 19%] [34m[1mGenerating C++ type support dispatch for ROS interfaces[0m
[2.253s] [ 19%] [34m[1mGenerating C++ type support for eProsima Fast-RTPS[0m
[2.253s] [ 19%] [34m[1mGenerating C++ introspection for ROS interfaces[0m
[2.341s] [ 22%] [32m[1mLinking C shared library libtier4_map_msgs__rosidl_generator_c.so[0m
[2.380s] [ 22%] Built target tier4_map_msgs__rosidl_generator_c
[2.393s] [ 32%] [34m[1mGenerating C type support for eProsima Fast-RTPS[0m
[2.393s] [ 32%] [34m[1mGenerating C type support dispatch for ROS interfaces[0m
[2.393s] [ 32%] [34m[1mGenerating C introspection for ROS interfaces[0m
[2.573s] [ 35%] [32mBuilding CXX object CMakeFiles/tier4_map_msgs__rosidl_typesupport_cpp.dir/rosidl_typesupport_cpp/tier4_map_msgs/msg/map_projector_info__type_support.cpp.o[0m
[2.594s] [ 38%] [32mBuilding CXX object CMakeFiles/tier4_map_msgs__rosidl_typesupport_introspection_cpp.dir/rosidl_typesupport_introspection_cpp/tier4_map_msgs/msg/detail/map_projector_info__type_support.cpp.o[0m
[2.604s] [ 41%] [32mBuilding CXX object CMakeFiles/tier4_map_msgs__rosidl_typesupport_fastrtps_cpp.dir/rosidl_typesupport_fastrtps_cpp/tier4_map_msgs/msg/detail/dds_fastrtps/map_projector_info__type_support.cpp.o[0m
[2.743s] [ 45%] [32mBuilding CXX object CMakeFiles/tier4_map_msgs__rosidl_typesupport_c.dir/rosidl_typesupport_c/tier4_map_msgs/msg/map_projector_info__type_support.cpp.o[0m
[2.767s] [ 51%] [32mBuilding CXX object CMakeFiles/tier4_map_msgs__rosidl_typesupport_fastrtps_c.dir/rosidl_typesupport_fastrtps_c/tier4_map_msgs/msg/detail/map_projector_info__type_support_c.cpp.o[0m
[2.768s] [ 51%] [32mBuilding C object CMakeFiles/tier4_map_msgs__rosidl_typesupport_introspection_c.dir/rosidl_typesupport_introspection_c/tier4_map_msgs/msg/detail/map_projector_info__type_support.c.o[0m
[2.786s] [ 54%] [32m[1mLinking CXX shared library libtier4_map_msgs__rosidl_typesupport_c.so[0m
[2.823s] [ 58%] [32m[1mLinking C shared library libtier4_map_msgs__rosidl_typesupport_introspection_c.so[0m
[2.840s] [ 58%] Built target tier4_map_msgs__rosidl_typesupport_c
[2.861s] [ 58%] Built target tier4_map_msgs__rosidl_typesupport_introspection_c
[2.920s] [ 61%] [32m[1mLinking CXX shared library libtier4_map_msgs__rosidl_typesupport_cpp.so[0m
[2.965s] [ 61%] Built target tier4_map_msgs__rosidl_typesupport_cpp
[3.061s] [ 64%] [32m[1mLinking CXX shared library libtier4_map_msgs__rosidl_typesupport_introspection_cpp.so[0m
[3.127s] [ 67%] [32m[1mLinking CXX shared library libtier4_map_msgs__rosidl_typesupport_fastrtps_cpp.so[0m
[3.130s] [ 67%] Built target tier4_map_msgs__rosidl_typesupport_introspection_cpp
[3.209s] [ 67%] Built target tier4_map_msgs__rosidl_typesupport_fastrtps_cpp
[3.217s] [ 70%] [32m[1mLinking CXX shared library libtier4_map_msgs__rosidl_typesupport_fastrtps_c.so[0m
[3.285s] [ 70%] Built target tier4_map_msgs__rosidl_typesupport_fastrtps_c
[3.303s] [ 70%] Built target tier4_map_msgs
[3.322s] [ 74%] [34m[1mGenerating Python code for ROS interfaces[0m
[3.710s] [ 74%] Built target tier4_map_msgs__py
[3.727s] [ 77%] [32mBuilding C object CMakeFiles/tier4_map_msgs__rosidl_generator_py.dir/rosidl_generator_py/tier4_map_msgs/msg/_map_projector_info_s.c.o[0m
[3.854s] [ 80%] [32m[1mLinking C shared library rosidl_generator_py/tier4_map_msgs/libtier4_map_msgs__rosidl_generator_py.so[0m
[3.893s] [ 80%] Built target tier4_map_msgs__rosidl_generator_py
[3.913s] [ 90%] [32mBuilding C object CMakeFiles/tier4_map_msgs__rosidl_typesupport_fastrtps_c__pyext.dir/rosidl_generator_py/tier4_map_msgs/_tier4_map_msgs_s.ep.rosidl_typesupport_fastrtps_c.c.o[0m
[3.913s] [ 90%] [32mBuilding C object CMakeFiles/tier4_map_msgs__rosidl_typesupport_c__pyext.dir/rosidl_generator_py/tier4_map_msgs/_tier4_map_msgs_s.ep.rosidl_typesupport_c.c.o[0m
[3.913s] [ 90%] [32mBuilding C object CMakeFiles/tier4_map_msgs__rosidl_typesupport_introspection_c__pyext.dir/rosidl_generator_py/tier4_map_msgs/_tier4_map_msgs_s.ep.rosidl_typesupport_introspection_c.c.o[0m
[4.039s] [ 93%] [32m[1mLinking C shared library rosidl_generator_py/tier4_map_msgs/tier4_map_msgs_s__rosidl_typesupport_fastrtps_c.cpython-310-x86_64-linux-gnu.so[0m
[4.048s] [ 96%] [32m[1mLinking C shared library rosidl_generator_py/tier4_map_msgs/tier4_map_msgs_s__rosidl_typesupport_introspection_c.cpython-310-x86_64-linux-gnu.so[0m
[4.048s] [100%] [32m[1mLinking C shared library rosidl_generator_py/tier4_map_msgs/tier4_map_msgs_s__rosidl_typesupport_c.cpython-310-x86_64-linux-gnu.so[0m
[4.084s] [100%] Built target tier4_map_msgs__rosidl_typesupport_fastrtps_c__pyext
[4.092s] [100%] Built target tier4_map_msgs__rosidl_typesupport_introspection_c__pyext
[4.092s] [100%] Built target tier4_map_msgs__rosidl_typesupport_c__pyext
[4.102s] Invoked command in '/home/zyme/ros_ws/Autoware_sim_test/build/tier4_map_msgs' returned '0': CMAKE_PREFIX_PATH=/opt/ros/humble /usr/bin/cmake --build /home/zyme/ros_ws/Autoware_sim_test/build/tier4_map_msgs -- -j12 -l12
[4.161s] Invoking command in '/home/zyme/ros_ws/Autoware_sim_test/build/tier4_map_msgs': CMAKE_PREFIX_PATH=/opt/ros/humble /usr/bin/cmake --install /home/zyme/ros_ws/Autoware_sim_test/build/tier4_map_msgs
[4.170s] -- Install configuration: "Release"
[4.171s] -- Execute custom install script
[4.172s] -- Symlinking: /home/zyme/ros_ws/Autoware_sim_test/install/tier4_map_msgs/share/ament_index/resource_index/rosidl_interfaces/tier4_map_msgs
[4.183s] -- Symlinking: /home/zyme/ros_ws/Autoware_sim_test/install/tier4_map_msgs/include/tier4_map_msgs/tier4_map_msgs/msg/detail/map_projector_info__functions.h
[4.194s] -- Symlinking: /home/zyme/ros_ws/Autoware_sim_test/install/tier4_map_msgs/include/tier4_map_msgs/tier4_map_msgs/msg/detail/map_projector_info__struct.h
[4.205s] -- Symlinking: /home/zyme/ros_ws/Autoware_sim_test/install/tier4_map_msgs/include/tier4_map_msgs/tier4_map_msgs/msg/detail/map_projector_info__type_support.h
[4.214s] -- Symlinking: /home/zyme/ros_ws/Autoware_sim_test/install/tier4_map_msgs/include/tier4_map_msgs/tier4_map_msgs/msg/map_projector_info.h
[4.223s] -- Symlinking: /home/zyme/ros_ws/Autoware_sim_test/install/tier4_map_msgs/include/tier4_map_msgs/tier4_map_msgs/msg/rosidl_generator_c__visibility_control.h
[4.232s] -- Symlinking: /home/zyme/ros_ws/Autoware_sim_test/install/tier4_map_msgs/share/tier4_map_msgs/environment/library_path.sh
[4.241s] -- Symlinking: /home/zyme/ros_ws/Autoware_sim_test/install/tier4_map_msgs/share/tier4_map_msgs/environment/library_path.dsv
[4.249s] -- Symlinking: /home/zyme/ros_ws/Autoware_sim_test/install/tier4_map_msgs/include/tier4_map_msgs/tier4_map_msgs/msg/detail/map_projector_info__rosidl_typesupport_fastrtps_c.h
[4.258s] -- Symlinking: /home/zyme/ros_ws/Autoware_sim_test/install/tier4_map_msgs/include/tier4_map_msgs/tier4_map_msgs/msg/rosidl_typesupport_fastrtps_c__visibility_control.h
[4.267s] -- Symlinking: /home/zyme/ros_ws/Autoware_sim_test/install/tier4_map_msgs/include/tier4_map_msgs/tier4_map_msgs/msg/detail/map_projector_info__rosidl_typesupport_introspection_c.h
[4.276s] -- Symlinking: /home/zyme/ros_ws/Autoware_sim_test/install/tier4_map_msgs/include/tier4_map_msgs/tier4_map_msgs/msg/rosidl_typesupport_introspection_c__visibility_control.h
[4.284s] -- Symlinking: /home/zyme/ros_ws/Autoware_sim_test/install/tier4_map_msgs/include/tier4_map_msgs/tier4_map_msgs/msg/detail/map_projector_info__builder.hpp
[4.292s] -- Symlinking: /home/zyme/ros_ws/Autoware_sim_test/install/tier4_map_msgs/include/tier4_map_msgs/tier4_map_msgs/msg/detail/map_projector_info__struct.hpp
[4.299s] -- Symlinking: /home/zyme/ros_ws/Autoware_sim_test/install/tier4_map_msgs/include/tier4_map_msgs/tier4_map_msgs/msg/detail/map_projector_info__traits.hpp
[4.307s] -- Symlinking: /home/zyme/ros_ws/Autoware_sim_test/install/tier4_map_msgs/include/tier4_map_msgs/tier4_map_msgs/msg/map_projector_info.hpp
[4.315s] -- Symlinking: /home/zyme/ros_ws/Autoware_sim_test/install/tier4_map_msgs/include/tier4_map_msgs/tier4_map_msgs/msg/detail/map_projector_info__rosidl_typesupport_fastrtps_cpp.hpp
[4.323s] -- Symlinking: /home/zyme/ros_ws/Autoware_sim_test/install/tier4_map_msgs/include/tier4_map_msgs/tier4_map_msgs/msg/rosidl_typesupport_fastrtps_cpp__visibility_control.h
[4.331s] -- Symlinking: /home/zyme/ros_ws/Autoware_sim_test/install/tier4_map_msgs/include/tier4_map_msgs/tier4_map_msgs/msg/detail/map_projector_info__rosidl_typesupport_introspection_cpp.hpp
[4.338s] -- Symlinking: /home/zyme/ros_ws/Autoware_sim_test/install/tier4_map_msgs/share/tier4_map_msgs/environment/pythonpath.sh
[4.346s] -- Symlinking: /home/zyme/ros_ws/Autoware_sim_test/install/tier4_map_msgs/share/tier4_map_msgs/environment/pythonpath.dsv
[4.354s] -- Symlinking: /home/zyme/ros_ws/Autoware_sim_test/install/tier4_map_msgs/local/lib/python3.10/dist-packages/tier4_map_msgs-0.1.0-py3.10.egg-info/PKG-INFO
[4.362s] -- Symlinking: /home/zyme/ros_ws/Autoware_sim_test/install/tier4_map_msgs/local/lib/python3.10/dist-packages/tier4_map_msgs-0.1.0-py3.10.egg-info/SOURCES.txt
[4.370s] -- Symlinking: /home/zyme/ros_ws/Autoware_sim_test/install/tier4_map_msgs/local/lib/python3.10/dist-packages/tier4_map_msgs-0.1.0-py3.10.egg-info/dependency_links.txt
[4.378s] -- Symlinking: /home/zyme/ros_ws/Autoware_sim_test/install/tier4_map_msgs/local/lib/python3.10/dist-packages/tier4_map_msgs-0.1.0-py3.10.egg-info/top_level.txt
[4.386s] -- Symlinking: /home/zyme/ros_ws/Autoware_sim_test/install/tier4_map_msgs/local/lib/python3.10/dist-packages/tier4_map_msgs/__init__.py
[4.394s] -- Symlinking: /home/zyme/ros_ws/Autoware_sim_test/install/tier4_map_msgs/local/lib/python3.10/dist-packages/tier4_map_msgs/_tier4_map_msgs_s.ep.rosidl_typesupport_c.c
[4.401s] -- Symlinking: /home/zyme/ros_ws/Autoware_sim_test/install/tier4_map_msgs/local/lib/python3.10/dist-packages/tier4_map_msgs/_tier4_map_msgs_s.ep.rosidl_typesupport_fastrtps_c.c
[4.409s] -- Symlinking: /home/zyme/ros_ws/Autoware_sim_test/install/tier4_map_msgs/local/lib/python3.10/dist-packages/tier4_map_msgs/_tier4_map_msgs_s.ep.rosidl_typesupport_introspection_c.c
[4.416s] -- Symlinking: /home/zyme/ros_ws/Autoware_sim_test/install/tier4_map_msgs/local/lib/python3.10/dist-packages/tier4_map_msgs/libtier4_map_msgs__rosidl_generator_py.so
[4.424s] -- Symlinking: /home/zyme/ros_ws/Autoware_sim_test/install/tier4_map_msgs/local/lib/python3.10/dist-packages/tier4_map_msgs/msg/__init__.py
[4.432s] -- Symlinking: /home/zyme/ros_ws/Autoware_sim_test/install/tier4_map_msgs/local/lib/python3.10/dist-packages/tier4_map_msgs/msg/_map_projector_info.py
[4.439s] -- Symlinking: /home/zyme/ros_ws/Autoware_sim_test/install/tier4_map_msgs/local/lib/python3.10/dist-packages/tier4_map_msgs/msg/_map_projector_info_s.c
[4.447s] -- Symlinking: /home/zyme/ros_ws/Autoware_sim_test/install/tier4_map_msgs/local/lib/python3.10/dist-packages/tier4_map_msgs/tier4_map_msgs_s__rosidl_typesupport_c.cpython-310-x86_64-linux-gnu.so
[4.454s] -- Symlinking: /home/zyme/ros_ws/Autoware_sim_test/install/tier4_map_msgs/local/lib/python3.10/dist-packages/tier4_map_msgs/tier4_map_msgs_s__rosidl_typesupport_fastrtps_c.cpython-310-x86_64-linux-gnu.so
[4.462s] -- Symlinking: /home/zyme/ros_ws/Autoware_sim_test/install/tier4_map_msgs/local/lib/python3.10/dist-packages/tier4_map_msgs/tier4_map_msgs_s__rosidl_typesupport_introspection_c.cpython-310-x86_64-linux-gnu.so
[4.470s] -- Up-to-date symlink: /home/zyme/ros_ws/Autoware_sim_test/install/tier4_map_msgs/local/lib/python3.10/dist-packages/tier4_map_msgs/tier4_map_msgs_s__rosidl_typesupport_fastrtps_c.cpython-310-x86_64-linux-gnu.so
[4.470s] -- Up-to-date symlink: /home/zyme/ros_ws/Autoware_sim_test/install/tier4_map_msgs/local/lib/python3.10/dist-packages/tier4_map_msgs/tier4_map_msgs_s__rosidl_typesupport_introspection_c.cpython-310-x86_64-linux-gnu.so
[4.470s] -- Up-to-date symlink: /home/zyme/ros_ws/Autoware_sim_test/install/tier4_map_msgs/local/lib/python3.10/dist-packages/tier4_map_msgs/tier4_map_msgs_s__rosidl_typesupport_c.cpython-310-x86_64-linux-gnu.so
[4.471s] -- Symlinking: /home/zyme/ros_ws/Autoware_sim_test/install/tier4_map_msgs/share/tier4_map_msgs/msg/MapProjectorInfo.idl
[4.479s] -- Symlinking: /home/zyme/ros_ws/Autoware_sim_test/install/tier4_map_msgs/share/tier4_map_msgs/msg/MapProjectorInfo.msg
[4.487s] -- Symlinking: /home/zyme/ros_ws/Autoware_sim_test/install/tier4_map_msgs/share/ament_index/resource_index/package_run_dependencies/tier4_map_msgs
[4.495s] -- Symlinking: /home/zyme/ros_ws/Autoware_sim_test/install/tier4_map_msgs/share/ament_index/resource_index/parent_prefix_path/tier4_map_msgs
[4.503s] -- Symlinking: /home/zyme/ros_ws/Autoware_sim_test/install/tier4_map_msgs/share/tier4_map_msgs/environment/ament_prefix_path.sh
[4.511s] -- Symlinking: /home/zyme/ros_ws/Autoware_sim_test/install/tier4_map_msgs/share/tier4_map_msgs/environment/ament_prefix_path.dsv
[4.518s] -- Symlinking: /home/zyme/ros_ws/Autoware_sim_test/install/tier4_map_msgs/share/tier4_map_msgs/environment/path.sh
[4.526s] -- Symlinking: /home/zyme/ros_ws/Autoware_sim_test/install/tier4_map_msgs/share/tier4_map_msgs/environment/path.dsv
[4.534s] -- Symlinking: /home/zyme/ros_ws/Autoware_sim_test/install/tier4_map_msgs/share/tier4_map_msgs/local_setup.bash
[4.542s] -- Symlinking: /home/zyme/ros_ws/Autoware_sim_test/install/tier4_map_msgs/share/tier4_map_msgs/local_setup.sh
[4.549s] -- Symlinking: /home/zyme/ros_ws/Autoware_sim_test/install/tier4_map_msgs/share/tier4_map_msgs/local_setup.zsh
[4.557s] -- Symlinking: /home/zyme/ros_ws/Autoware_sim_test/install/tier4_map_msgs/share/tier4_map_msgs/local_setup.dsv
[4.565s] -- Symlinking: /home/zyme/ros_ws/Autoware_sim_test/install/tier4_map_msgs/share/tier4_map_msgs/package.dsv
[4.573s] -- Symlinking: /home/zyme/ros_ws/Autoware_sim_test/install/tier4_map_msgs/share/ament_index/resource_index/packages/tier4_map_msgs
[4.581s] -- Symlinking: /home/zyme/ros_ws/Autoware_sim_test/install/tier4_map_msgs/share/tier4_map_msgs/cmake/rosidl_cmake-extras.cmake
[4.589s] -- Symlinking: /home/zyme/ros_ws/Autoware_sim_test/install/tier4_map_msgs/share/tier4_map_msgs/cmake/ament_cmake_export_dependencies-extras.cmake
[4.597s] -- Symlinking: /home/zyme/ros_ws/Autoware_sim_test/install/tier4_map_msgs/share/tier4_map_msgs/cmake/ament_cmake_export_include_directories-extras.cmake
[4.604s] -- Symlinking: /home/zyme/ros_ws/Autoware_sim_test/install/tier4_map_msgs/share/tier4_map_msgs/cmake/ament_cmake_export_libraries-extras.cmake
[4.612s] -- Symlinking: /home/zyme/ros_ws/Autoware_sim_test/install/tier4_map_msgs/share/tier4_map_msgs/cmake/ament_cmake_export_targets-extras.cmake
[4.620s] -- Symlinking: /home/zyme/ros_ws/Autoware_sim_test/install/tier4_map_msgs/share/tier4_map_msgs/cmake/rosidl_cmake_export_typesupport_targets-extras.cmake
[4.627s] -- Symlinking: /home/zyme/ros_ws/Autoware_sim_test/install/tier4_map_msgs/share/tier4_map_msgs/cmake/rosidl_cmake_export_typesupport_libraries-extras.cmake
[4.635s] -- Symlinking: /home/zyme/ros_ws/Autoware_sim_test/install/tier4_map_msgs/share/tier4_map_msgs/cmake/tier4_map_msgsConfig.cmake
[4.643s] -- Symlinking: /home/zyme/ros_ws/Autoware_sim_test/install/tier4_map_msgs/share/tier4_map_msgs/cmake/tier4_map_msgsConfig-version.cmake
[4.651s] -- Symlinking: /home/zyme/ros_ws/Autoware_sim_test/install/tier4_map_msgs/share/tier4_map_msgs/package.xml
[4.659s] -- Installing: /home/zyme/ros_ws/Autoware_sim_test/install/tier4_map_msgs/lib/libtier4_map_msgs__rosidl_generator_c.so
[4.659s] -- Set runtime path of "/home/zyme/ros_ws/Autoware_sim_test/install/tier4_map_msgs/lib/libtier4_map_msgs__rosidl_generator_c.so" to ""
[4.659s] -- Installing: /home/zyme/ros_ws/Autoware_sim_test/install/tier4_map_msgs/lib/libtier4_map_msgs__rosidl_typesupport_fastrtps_c.so
[4.660s] -- Set runtime path of "/home/zyme/ros_ws/Autoware_sim_test/install/tier4_map_msgs/lib/libtier4_map_msgs__rosidl_typesupport_fastrtps_c.so" to ""
[4.660s] -- Installing: /home/zyme/ros_ws/Autoware_sim_test/install/tier4_map_msgs/lib/libtier4_map_msgs__rosidl_typesupport_introspection_c.so
[4.660s] -- Set runtime path of "/home/zyme/ros_ws/Autoware_sim_test/install/tier4_map_msgs/lib/libtier4_map_msgs__rosidl_typesupport_introspection_c.so" to ""
[4.661s] -- Installing: /home/zyme/ros_ws/Autoware_sim_test/install/tier4_map_msgs/lib/libtier4_map_msgs__rosidl_typesupport_c.so
[4.661s] -- Set runtime path of "/home/zyme/ros_ws/Autoware_sim_test/install/tier4_map_msgs/lib/libtier4_map_msgs__rosidl_typesupport_c.so" to ""
[4.661s] -- Installing: /home/zyme/ros_ws/Autoware_sim_test/install/tier4_map_msgs/lib/libtier4_map_msgs__rosidl_typesupport_fastrtps_cpp.so
[4.661s] -- Set runtime path of "/home/zyme/ros_ws/Autoware_sim_test/install/tier4_map_msgs/lib/libtier4_map_msgs__rosidl_typesupport_fastrtps_cpp.so" to ""
[4.661s] -- Installing: /home/zyme/ros_ws/Autoware_sim_test/install/tier4_map_msgs/lib/libtier4_map_msgs__rosidl_typesupport_introspection_cpp.so
[4.662s] -- Set runtime path of "/home/zyme/ros_ws/Autoware_sim_test/install/tier4_map_msgs/lib/libtier4_map_msgs__rosidl_typesupport_introspection_cpp.so" to ""
[4.662s] -- Installing: /home/zyme/ros_ws/Autoware_sim_test/install/tier4_map_msgs/lib/libtier4_map_msgs__rosidl_typesupport_cpp.so
[4.662s] -- Set runtime path of "/home/zyme/ros_ws/Autoware_sim_test/install/tier4_map_msgs/lib/libtier4_map_msgs__rosidl_typesupport_cpp.so" to ""
[4.692s] Listing '/home/zyme/ros_ws/Autoware_sim_test/install/tier4_map_msgs/local/lib/python3.10/dist-packages/tier4_map_msgs'...
[4.692s] Compiling '/home/zyme/ros_ws/Autoware_sim_test/install/tier4_map_msgs/local/lib/python3.10/dist-packages/tier4_map_msgs/__init__.py'...
[4.692s] Listing '/home/zyme/ros_ws/Autoware_sim_test/install/tier4_map_msgs/local/lib/python3.10/dist-packages/tier4_map_msgs/msg'...
[4.692s] Compiling '/home/zyme/ros_ws/Autoware_sim_test/install/tier4_map_msgs/local/lib/python3.10/dist-packages/tier4_map_msgs/msg/__init__.py'...
[4.692s] Compiling '/home/zyme/ros_ws/Autoware_sim_test/install/tier4_map_msgs/local/lib/python3.10/dist-packages/tier4_map_msgs/msg/_map_projector_info.py'...
[4.695s] -- Installing: /home/zyme/ros_ws/Autoware_sim_test/install/tier4_map_msgs/lib/libtier4_map_msgs__rosidl_generator_py.so
[4.696s] -- Set runtime path of "/home/zyme/ros_ws/Autoware_sim_test/install/tier4_map_msgs/lib/libtier4_map_msgs__rosidl_generator_py.so" to ""
[4.696s] -- Installing: /home/zyme/ros_ws/Autoware_sim_test/install/tier4_map_msgs/share/tier4_map_msgs/cmake/export_tier4_map_msgs__rosidl_generator_cExport.cmake
[4.696s] -- Installing: /home/zyme/ros_ws/Autoware_sim_test/install/tier4_map_msgs/share/tier4_map_msgs/cmake/export_tier4_map_msgs__rosidl_generator_cExport-release.cmake
[4.696s] -- Installing: /home/zyme/ros_ws/Autoware_sim_test/install/tier4_map_msgs/share/tier4_map_msgs/cmake/export_tier4_map_msgs__rosidl_typesupport_fastrtps_cExport.cmake
[4.696s] -- Installing: /home/zyme/ros_ws/Autoware_sim_test/install/tier4_map_msgs/share/tier4_map_msgs/cmake/export_tier4_map_msgs__rosidl_typesupport_fastrtps_cExport-release.cmake
[4.697s] -- Installing: /home/zyme/ros_ws/Autoware_sim_test/install/tier4_map_msgs/share/tier4_map_msgs/cmake/tier4_map_msgs__rosidl_typesupport_introspection_cExport.cmake
[4.697s] -- Installing: /home/zyme/ros_ws/Autoware_sim_test/install/tier4_map_msgs/share/tier4_map_msgs/cmake/tier4_map_msgs__rosidl_typesupport_introspection_cExport-release.cmake
[4.697s] -- Installing: /home/zyme/ros_ws/Autoware_sim_test/install/tier4_map_msgs/share/tier4_map_msgs/cmake/tier4_map_msgs__rosidl_typesupport_cExport.cmake
[4.697s] -- Installing: /home/zyme/ros_ws/Autoware_sim_test/install/tier4_map_msgs/share/tier4_map_msgs/cmake/tier4_map_msgs__rosidl_typesupport_cExport-release.cmake
[4.697s] -- Installing: /home/zyme/ros_ws/Autoware_sim_test/install/tier4_map_msgs/share/tier4_map_msgs/cmake/export_tier4_map_msgs__rosidl_generator_cppExport.cmake
[4.697s] -- Installing: /home/zyme/ros_ws/Autoware_sim_test/install/tier4_map_msgs/share/tier4_map_msgs/cmake/export_tier4_map_msgs__rosidl_typesupport_fastrtps_cppExport.cmake
[4.697s] -- Installing: /home/zyme/ros_ws/Autoware_sim_test/install/tier4_map_msgs/share/tier4_map_msgs/cmake/export_tier4_map_msgs__rosidl_typesupport_fastrtps_cppExport-release.cmake
[4.697s] -- Installing: /home/zyme/ros_ws/Autoware_sim_test/install/tier4_map_msgs/share/tier4_map_msgs/cmake/tier4_map_msgs__rosidl_typesupport_introspection_cppExport.cmake
[4.698s] -- Installing: /home/zyme/ros_ws/Autoware_sim_test/install/tier4_map_msgs/share/tier4_map_msgs/cmake/tier4_map_msgs__rosidl_typesupport_introspection_cppExport-release.cmake
[4.698s] -- Installing: /home/zyme/ros_ws/Autoware_sim_test/install/tier4_map_msgs/share/tier4_map_msgs/cmake/tier4_map_msgs__rosidl_typesupport_cppExport.cmake
[4.698s] -- Installing: /home/zyme/ros_ws/Autoware_sim_test/install/tier4_map_msgs/share/tier4_map_msgs/cmake/tier4_map_msgs__rosidl_typesupport_cppExport-release.cmake
[4.698s] -- Installing: /home/zyme/ros_ws/Autoware_sim_test/install/tier4_map_msgs/share/tier4_map_msgs/cmake/export_tier4_map_msgs__rosidl_generator_pyExport.cmake
[4.698s] -- Installing: /home/zyme/ros_ws/Autoware_sim_test/install/tier4_map_msgs/share/tier4_map_msgs/cmake/export_tier4_map_msgs__rosidl_generator_pyExport-release.cmake
[4.700s] Invoked command in '/home/zyme/ros_ws/Autoware_sim_test/build/tier4_map_msgs' returned '0': CMAKE_PREFIX_PATH=/opt/ros/humble /usr/bin/cmake --install /home/zyme/ros_ws/Autoware_sim_test/build/tier4_map_msgs
