[0.075s] Invoking command in '/home/zyme/ros_ws/Autoware_sim_test/build/tier4_debug_msgs': CMAKE_PREFIX_PATH=/opt/ros/humble /usr/bin/cmake --build /home/zyme/ros_ws/Autoware_sim_test/build/tier4_debug_msgs -- -j12 -l12
[0.140s] [  0%] Built target tier4_debug_msgs__cpp
[0.148s] [ 12%] Built target tier4_debug_msgs__rosidl_generator_c
[0.151s] [ 12%] Built target ament_cmake_python_symlink_tier4_debug_msgs
[0.191s] [ 24%] Built target tier4_debug_msgs__rosidl_typesupport_cpp
[0.195s] [ 36%] Built target tier4_debug_msgs__rosidl_typesupport_c
[0.197s] [ 47%] Built target tier4_debug_msgs__rosidl_typesupport_fastrtps_cpp
[0.197s] [ 59%] Built target tier4_debug_msgs__rosidl_typesupport_introspection_c
[0.198s] [ 71%] Built target tier4_debug_msgs__rosidl_typesupport_introspection_cpp
[0.206s] [ 83%] Built target tier4_debug_msgs__rosidl_typesupport_fastrtps_c
[0.231s] [ 83%] Built target tier4_debug_msgs
[0.256s] [ 84%] Built target tier4_debug_msgs__py
[0.286s] [ 95%] Built target tier4_debug_msgs__rosidl_generator_py
[0.317s] [ 97%] Built target tier4_debug_msgs__rosidl_typesupport_fastrtps_c__pyext
[0.317s] [ 98%] Built target tier4_debug_msgs__rosidl_typesupport_c__pyext
[0.317s] [100%] Built target tier4_debug_msgs__rosidl_typesupport_introspection_c__pyext
[0.454s] running egg_info
[0.455s] writing tier4_debug_msgs.egg-info/PKG-INFO
[0.455s] writing dependency_links to tier4_debug_msgs.egg-info/dependency_links.txt
[0.456s] writing top-level names to tier4_debug_msgs.egg-info/top_level.txt
[0.458s] reading manifest file 'tier4_debug_msgs.egg-info/SOURCES.txt'
[0.459s] writing manifest file 'tier4_debug_msgs.egg-info/SOURCES.txt'
[0.487s] [100%] Built target ament_cmake_python_build_tier4_debug_msgs_egg
[0.502s] Invoked command in '/home/zyme/ros_ws/Autoware_sim_test/build/tier4_debug_msgs' returned '0': CMAKE_PREFIX_PATH=/opt/ros/humble /usr/bin/cmake --build /home/zyme/ros_ws/Autoware_sim_test/build/tier4_debug_msgs -- -j12 -l12
[0.794s] Invoking command in '/home/zyme/ros_ws/Autoware_sim_test/build/tier4_debug_msgs': CMAKE_PREFIX_PATH=/opt/ros/humble /usr/bin/cmake --install /home/zyme/ros_ws/Autoware_sim_test/build/tier4_debug_msgs
[0.802s] -- Install configuration: "Release"
[0.803s] -- Execute custom install script
[0.804s] -- Up-to-date symlink: /home/zyme/ros_ws/Autoware_sim_test/install/tier4_debug_msgs/share/ament_index/resource_index/rosidl_interfaces/tier4_debug_msgs
[0.806s] -- Up-to-date symlink: /home/zyme/ros_ws/Autoware_sim_test/install/tier4_debug_msgs/include/tier4_debug_msgs/tier4_debug_msgs/msg/bool_stamped.h
[0.807s] -- Up-to-date symlink: /home/zyme/ros_ws/Autoware_sim_test/install/tier4_debug_msgs/include/tier4_debug_msgs/tier4_debug_msgs/msg/detail/bool_stamped__functions.h
[0.807s] -- Up-to-date symlink: /home/zyme/ros_ws/Autoware_sim_test/install/tier4_debug_msgs/include/tier4_debug_msgs/tier4_debug_msgs/msg/detail/bool_stamped__struct.h
[0.807s] -- Up-to-date symlink: /home/zyme/ros_ws/Autoware_sim_test/install/tier4_debug_msgs/include/tier4_debug_msgs/tier4_debug_msgs/msg/detail/bool_stamped__type_support.h
[0.808s] -- Up-to-date symlink: /home/zyme/ros_ws/Autoware_sim_test/install/tier4_debug_msgs/include/tier4_debug_msgs/tier4_debug_msgs/msg/detail/float32_multi_array_stamped__functions.h
[0.808s] -- Up-to-date symlink: /home/zyme/ros_ws/Autoware_sim_test/install/tier4_debug_msgs/include/tier4_debug_msgs/tier4_debug_msgs/msg/detail/float32_multi_array_stamped__struct.h
[0.808s] -- Up-to-date symlink: /home/zyme/ros_ws/Autoware_sim_test/install/tier4_debug_msgs/include/tier4_debug_msgs/tier4_debug_msgs/msg/detail/float32_multi_array_stamped__type_support.h
[0.808s] -- Up-to-date symlink: /home/zyme/ros_ws/Autoware_sim_test/install/tier4_debug_msgs/include/tier4_debug_msgs/tier4_debug_msgs/msg/detail/float32_stamped__functions.h
[0.809s] -- Up-to-date symlink: /home/zyme/ros_ws/Autoware_sim_test/install/tier4_debug_msgs/include/tier4_debug_msgs/tier4_debug_msgs/msg/detail/float32_stamped__struct.h
[0.809s] -- Up-to-date symlink: /home/zyme/ros_ws/Autoware_sim_test/install/tier4_debug_msgs/include/tier4_debug_msgs/tier4_debug_msgs/msg/detail/float32_stamped__type_support.h
[0.809s] -- Up-to-date symlink: /home/zyme/ros_ws/Autoware_sim_test/install/tier4_debug_msgs/include/tier4_debug_msgs/tier4_debug_msgs/msg/detail/float64_multi_array_stamped__functions.h
[0.809s] -- Up-to-date symlink: /home/zyme/ros_ws/Autoware_sim_test/install/tier4_debug_msgs/include/tier4_debug_msgs/tier4_debug_msgs/msg/detail/float64_multi_array_stamped__struct.h
[0.809s] -- Up-to-date symlink: /home/zyme/ros_ws/Autoware_sim_test/install/tier4_debug_msgs/include/tier4_debug_msgs/tier4_debug_msgs/msg/detail/float64_multi_array_stamped__type_support.h
[0.810s] -- Up-to-date symlink: /home/zyme/ros_ws/Autoware_sim_test/install/tier4_debug_msgs/include/tier4_debug_msgs/tier4_debug_msgs/msg/detail/float64_stamped__functions.h
[0.810s] -- Up-to-date symlink: /home/zyme/ros_ws/Autoware_sim_test/install/tier4_debug_msgs/include/tier4_debug_msgs/tier4_debug_msgs/msg/detail/float64_stamped__struct.h
[0.810s] -- Up-to-date symlink: /home/zyme/ros_ws/Autoware_sim_test/install/tier4_debug_msgs/include/tier4_debug_msgs/tier4_debug_msgs/msg/detail/float64_stamped__type_support.h
[0.811s] -- Up-to-date symlink: /home/zyme/ros_ws/Autoware_sim_test/install/tier4_debug_msgs/include/tier4_debug_msgs/tier4_debug_msgs/msg/detail/int32_multi_array_stamped__functions.h
[0.811s] -- Up-to-date symlink: /home/zyme/ros_ws/Autoware_sim_test/install/tier4_debug_msgs/include/tier4_debug_msgs/tier4_debug_msgs/msg/detail/int32_multi_array_stamped__struct.h
[0.811s] -- Up-to-date symlink: /home/zyme/ros_ws/Autoware_sim_test/install/tier4_debug_msgs/include/tier4_debug_msgs/tier4_debug_msgs/msg/detail/int32_multi_array_stamped__type_support.h
[0.811s] -- Up-to-date symlink: /home/zyme/ros_ws/Autoware_sim_test/install/tier4_debug_msgs/include/tier4_debug_msgs/tier4_debug_msgs/msg/detail/int32_stamped__functions.h
[0.812s] -- Up-to-date symlink: /home/zyme/ros_ws/Autoware_sim_test/install/tier4_debug_msgs/include/tier4_debug_msgs/tier4_debug_msgs/msg/detail/int32_stamped__struct.h
[0.812s] -- Up-to-date symlink: /home/zyme/ros_ws/Autoware_sim_test/install/tier4_debug_msgs/include/tier4_debug_msgs/tier4_debug_msgs/msg/detail/int32_stamped__type_support.h
[0.812s] -- Up-to-date symlink: /home/zyme/ros_ws/Autoware_sim_test/install/tier4_debug_msgs/include/tier4_debug_msgs/tier4_debug_msgs/msg/detail/int64_multi_array_stamped__functions.h
[0.813s] -- Up-to-date symlink: /home/zyme/ros_ws/Autoware_sim_test/install/tier4_debug_msgs/include/tier4_debug_msgs/tier4_debug_msgs/msg/detail/int64_multi_array_stamped__struct.h
[0.813s] -- Up-to-date symlink: /home/zyme/ros_ws/Autoware_sim_test/install/tier4_debug_msgs/include/tier4_debug_msgs/tier4_debug_msgs/msg/detail/int64_multi_array_stamped__type_support.h
[0.813s] -- Up-to-date symlink: /home/zyme/ros_ws/Autoware_sim_test/install/tier4_debug_msgs/include/tier4_debug_msgs/tier4_debug_msgs/msg/detail/int64_stamped__functions.h
[0.813s] -- Up-to-date symlink: /home/zyme/ros_ws/Autoware_sim_test/install/tier4_debug_msgs/include/tier4_debug_msgs/tier4_debug_msgs/msg/detail/int64_stamped__struct.h
[0.813s] -- Up-to-date symlink: /home/zyme/ros_ws/Autoware_sim_test/install/tier4_debug_msgs/include/tier4_debug_msgs/tier4_debug_msgs/msg/detail/int64_stamped__type_support.h
[0.813s] -- Up-to-date symlink: /home/zyme/ros_ws/Autoware_sim_test/install/tier4_debug_msgs/include/tier4_debug_msgs/tier4_debug_msgs/msg/detail/multi_array_dimension__functions.h
[0.814s] -- Up-to-date symlink: /home/zyme/ros_ws/Autoware_sim_test/install/tier4_debug_msgs/include/tier4_debug_msgs/tier4_debug_msgs/msg/detail/multi_array_dimension__struct.h
[0.814s] -- Up-to-date symlink: /home/zyme/ros_ws/Autoware_sim_test/install/tier4_debug_msgs/include/tier4_debug_msgs/tier4_debug_msgs/msg/detail/multi_array_dimension__type_support.h
[0.814s] -- Up-to-date symlink: /home/zyme/ros_ws/Autoware_sim_test/install/tier4_debug_msgs/include/tier4_debug_msgs/tier4_debug_msgs/msg/detail/multi_array_layout__functions.h
[0.814s] -- Up-to-date symlink: /home/zyme/ros_ws/Autoware_sim_test/install/tier4_debug_msgs/include/tier4_debug_msgs/tier4_debug_msgs/msg/detail/multi_array_layout__struct.h
[0.815s] -- Up-to-date symlink: /home/zyme/ros_ws/Autoware_sim_test/install/tier4_debug_msgs/include/tier4_debug_msgs/tier4_debug_msgs/msg/detail/multi_array_layout__type_support.h
[0.815s] -- Up-to-date symlink: /home/zyme/ros_ws/Autoware_sim_test/install/tier4_debug_msgs/include/tier4_debug_msgs/tier4_debug_msgs/msg/detail/string_stamped__functions.h
[0.815s] -- Up-to-date symlink: /home/zyme/ros_ws/Autoware_sim_test/install/tier4_debug_msgs/include/tier4_debug_msgs/tier4_debug_msgs/msg/detail/string_stamped__struct.h
[0.815s] -- Up-to-date symlink: /home/zyme/ros_ws/Autoware_sim_test/install/tier4_debug_msgs/include/tier4_debug_msgs/tier4_debug_msgs/msg/detail/string_stamped__type_support.h
[0.815s] -- Up-to-date symlink: /home/zyme/ros_ws/Autoware_sim_test/install/tier4_debug_msgs/include/tier4_debug_msgs/tier4_debug_msgs/msg/float32_multi_array_stamped.h
[0.815s] -- Up-to-date symlink: /home/zyme/ros_ws/Autoware_sim_test/install/tier4_debug_msgs/include/tier4_debug_msgs/tier4_debug_msgs/msg/float32_stamped.h
[0.816s] -- Up-to-date symlink: /home/zyme/ros_ws/Autoware_sim_test/install/tier4_debug_msgs/include/tier4_debug_msgs/tier4_debug_msgs/msg/float64_multi_array_stamped.h
[0.816s] -- Up-to-date symlink: /home/zyme/ros_ws/Autoware_sim_test/install/tier4_debug_msgs/include/tier4_debug_msgs/tier4_debug_msgs/msg/float64_stamped.h
[0.816s] -- Up-to-date symlink: /home/zyme/ros_ws/Autoware_sim_test/install/tier4_debug_msgs/include/tier4_debug_msgs/tier4_debug_msgs/msg/int32_multi_array_stamped.h
[0.816s] -- Up-to-date symlink: /home/zyme/ros_ws/Autoware_sim_test/install/tier4_debug_msgs/include/tier4_debug_msgs/tier4_debug_msgs/msg/int32_stamped.h
[0.816s] -- Up-to-date symlink: /home/zyme/ros_ws/Autoware_sim_test/install/tier4_debug_msgs/include/tier4_debug_msgs/tier4_debug_msgs/msg/int64_multi_array_stamped.h
[0.816s] -- Up-to-date symlink: /home/zyme/ros_ws/Autoware_sim_test/install/tier4_debug_msgs/include/tier4_debug_msgs/tier4_debug_msgs/msg/int64_stamped.h
[0.817s] -- Up-to-date symlink: /home/zyme/ros_ws/Autoware_sim_test/install/tier4_debug_msgs/include/tier4_debug_msgs/tier4_debug_msgs/msg/multi_array_dimension.h
[0.817s] -- Up-to-date symlink: /home/zyme/ros_ws/Autoware_sim_test/install/tier4_debug_msgs/include/tier4_debug_msgs/tier4_debug_msgs/msg/multi_array_layout.h
[0.817s] -- Up-to-date symlink: /home/zyme/ros_ws/Autoware_sim_test/install/tier4_debug_msgs/include/tier4_debug_msgs/tier4_debug_msgs/msg/rosidl_generator_c__visibility_control.h
[0.817s] -- Up-to-date symlink: /home/zyme/ros_ws/Autoware_sim_test/install/tier4_debug_msgs/include/tier4_debug_msgs/tier4_debug_msgs/msg/string_stamped.h
[0.818s] -- Up-to-date symlink: /home/zyme/ros_ws/Autoware_sim_test/install/tier4_debug_msgs/share/tier4_debug_msgs/environment/library_path.sh
[0.818s] -- Up-to-date symlink: /home/zyme/ros_ws/Autoware_sim_test/install/tier4_debug_msgs/share/tier4_debug_msgs/environment/library_path.dsv
[0.819s] -- Up-to-date symlink: /home/zyme/ros_ws/Autoware_sim_test/install/tier4_debug_msgs/include/tier4_debug_msgs/tier4_debug_msgs/msg/detail/bool_stamped__rosidl_typesupport_fastrtps_c.h
[0.819s] -- Up-to-date symlink: /home/zyme/ros_ws/Autoware_sim_test/install/tier4_debug_msgs/include/tier4_debug_msgs/tier4_debug_msgs/msg/detail/float32_multi_array_stamped__rosidl_typesupport_fastrtps_c.h
[0.820s] -- Up-to-date symlink: /home/zyme/ros_ws/Autoware_sim_test/install/tier4_debug_msgs/include/tier4_debug_msgs/tier4_debug_msgs/msg/detail/float32_stamped__rosidl_typesupport_fastrtps_c.h
[0.820s] -- Up-to-date symlink: /home/zyme/ros_ws/Autoware_sim_test/install/tier4_debug_msgs/include/tier4_debug_msgs/tier4_debug_msgs/msg/detail/float64_multi_array_stamped__rosidl_typesupport_fastrtps_c.h
[0.820s] -- Up-to-date symlink: /home/zyme/ros_ws/Autoware_sim_test/install/tier4_debug_msgs/include/tier4_debug_msgs/tier4_debug_msgs/msg/detail/float64_stamped__rosidl_typesupport_fastrtps_c.h
[0.820s] -- Up-to-date symlink: /home/zyme/ros_ws/Autoware_sim_test/install/tier4_debug_msgs/include/tier4_debug_msgs/tier4_debug_msgs/msg/detail/int32_multi_array_stamped__rosidl_typesupport_fastrtps_c.h
[0.821s] -- Up-to-date symlink: /home/zyme/ros_ws/Autoware_sim_test/install/tier4_debug_msgs/include/tier4_debug_msgs/tier4_debug_msgs/msg/detail/int32_stamped__rosidl_typesupport_fastrtps_c.h
[0.821s] -- Up-to-date symlink: /home/zyme/ros_ws/Autoware_sim_test/install/tier4_debug_msgs/include/tier4_debug_msgs/tier4_debug_msgs/msg/detail/int64_multi_array_stamped__rosidl_typesupport_fastrtps_c.h
[0.821s] -- Up-to-date symlink: /home/zyme/ros_ws/Autoware_sim_test/install/tier4_debug_msgs/include/tier4_debug_msgs/tier4_debug_msgs/msg/detail/int64_stamped__rosidl_typesupport_fastrtps_c.h
[0.821s] -- Up-to-date symlink: /home/zyme/ros_ws/Autoware_sim_test/install/tier4_debug_msgs/include/tier4_debug_msgs/tier4_debug_msgs/msg/detail/multi_array_dimension__rosidl_typesupport_fastrtps_c.h
[0.822s] -- Up-to-date symlink: /home/zyme/ros_ws/Autoware_sim_test/install/tier4_debug_msgs/include/tier4_debug_msgs/tier4_debug_msgs/msg/detail/multi_array_layout__rosidl_typesupport_fastrtps_c.h
[0.822s] -- Up-to-date symlink: /home/zyme/ros_ws/Autoware_sim_test/install/tier4_debug_msgs/include/tier4_debug_msgs/tier4_debug_msgs/msg/detail/string_stamped__rosidl_typesupport_fastrtps_c.h
[0.822s] -- Up-to-date symlink: /home/zyme/ros_ws/Autoware_sim_test/install/tier4_debug_msgs/include/tier4_debug_msgs/tier4_debug_msgs/msg/rosidl_typesupport_fastrtps_c__visibility_control.h
[0.823s] -- Up-to-date symlink: /home/zyme/ros_ws/Autoware_sim_test/install/tier4_debug_msgs/include/tier4_debug_msgs/tier4_debug_msgs/msg/detail/bool_stamped__rosidl_typesupport_introspection_c.h
[0.823s] -- Up-to-date symlink: /home/zyme/ros_ws/Autoware_sim_test/install/tier4_debug_msgs/include/tier4_debug_msgs/tier4_debug_msgs/msg/detail/float32_multi_array_stamped__rosidl_typesupport_introspection_c.h
[0.823s] -- Up-to-date symlink: /home/zyme/ros_ws/Autoware_sim_test/install/tier4_debug_msgs/include/tier4_debug_msgs/tier4_debug_msgs/msg/detail/float32_stamped__rosidl_typesupport_introspection_c.h
[0.824s] -- Up-to-date symlink: /home/zyme/ros_ws/Autoware_sim_test/install/tier4_debug_msgs/include/tier4_debug_msgs/tier4_debug_msgs/msg/detail/float64_multi_array_stamped__rosidl_typesupport_introspection_c.h
[0.824s] -- Up-to-date symlink: /home/zyme/ros_ws/Autoware_sim_test/install/tier4_debug_msgs/include/tier4_debug_msgs/tier4_debug_msgs/msg/detail/float64_stamped__rosidl_typesupport_introspection_c.h
[0.824s] -- Up-to-date symlink: /home/zyme/ros_ws/Autoware_sim_test/install/tier4_debug_msgs/include/tier4_debug_msgs/tier4_debug_msgs/msg/detail/int32_multi_array_stamped__rosidl_typesupport_introspection_c.h
[0.824s] -- Up-to-date symlink: /home/zyme/ros_ws/Autoware_sim_test/install/tier4_debug_msgs/include/tier4_debug_msgs/tier4_debug_msgs/msg/detail/int32_stamped__rosidl_typesupport_introspection_c.h
[0.824s] -- Up-to-date symlink: /home/zyme/ros_ws/Autoware_sim_test/install/tier4_debug_msgs/include/tier4_debug_msgs/tier4_debug_msgs/msg/detail/int64_multi_array_stamped__rosidl_typesupport_introspection_c.h
[0.825s] -- Up-to-date symlink: /home/zyme/ros_ws/Autoware_sim_test/install/tier4_debug_msgs/include/tier4_debug_msgs/tier4_debug_msgs/msg/detail/int64_stamped__rosidl_typesupport_introspection_c.h
[0.825s] -- Up-to-date symlink: /home/zyme/ros_ws/Autoware_sim_test/install/tier4_debug_msgs/include/tier4_debug_msgs/tier4_debug_msgs/msg/detail/multi_array_dimension__rosidl_typesupport_introspection_c.h
[0.825s] -- Up-to-date symlink: /home/zyme/ros_ws/Autoware_sim_test/install/tier4_debug_msgs/include/tier4_debug_msgs/tier4_debug_msgs/msg/detail/multi_array_layout__rosidl_typesupport_introspection_c.h
[0.825s] -- Up-to-date symlink: /home/zyme/ros_ws/Autoware_sim_test/install/tier4_debug_msgs/include/tier4_debug_msgs/tier4_debug_msgs/msg/detail/string_stamped__rosidl_typesupport_introspection_c.h
[0.825s] -- Up-to-date symlink: /home/zyme/ros_ws/Autoware_sim_test/install/tier4_debug_msgs/include/tier4_debug_msgs/tier4_debug_msgs/msg/rosidl_typesupport_introspection_c__visibility_control.h
[0.826s] -- Up-to-date symlink: /home/zyme/ros_ws/Autoware_sim_test/install/tier4_debug_msgs/include/tier4_debug_msgs/tier4_debug_msgs/msg/bool_stamped.hpp
[0.827s] -- Up-to-date symlink: /home/zyme/ros_ws/Autoware_sim_test/install/tier4_debug_msgs/include/tier4_debug_msgs/tier4_debug_msgs/msg/detail/bool_stamped__builder.hpp
[0.827s] -- Up-to-date symlink: /home/zyme/ros_ws/Autoware_sim_test/install/tier4_debug_msgs/include/tier4_debug_msgs/tier4_debug_msgs/msg/detail/bool_stamped__struct.hpp
[0.827s] -- Up-to-date symlink: /home/zyme/ros_ws/Autoware_sim_test/install/tier4_debug_msgs/include/tier4_debug_msgs/tier4_debug_msgs/msg/detail/bool_stamped__traits.hpp
[0.827s] -- Up-to-date symlink: /home/zyme/ros_ws/Autoware_sim_test/install/tier4_debug_msgs/include/tier4_debug_msgs/tier4_debug_msgs/msg/detail/float32_multi_array_stamped__builder.hpp
[0.827s] -- Up-to-date symlink: /home/zyme/ros_ws/Autoware_sim_test/install/tier4_debug_msgs/include/tier4_debug_msgs/tier4_debug_msgs/msg/detail/float32_multi_array_stamped__struct.hpp
[0.828s] -- Up-to-date symlink: /home/zyme/ros_ws/Autoware_sim_test/install/tier4_debug_msgs/include/tier4_debug_msgs/tier4_debug_msgs/msg/detail/float32_multi_array_stamped__traits.hpp
[0.828s] -- Up-to-date symlink: /home/zyme/ros_ws/Autoware_sim_test/install/tier4_debug_msgs/include/tier4_debug_msgs/tier4_debug_msgs/msg/detail/float32_stamped__builder.hpp
[0.828s] -- Up-to-date symlink: /home/zyme/ros_ws/Autoware_sim_test/install/tier4_debug_msgs/include/tier4_debug_msgs/tier4_debug_msgs/msg/detail/float32_stamped__struct.hpp
[0.828s] -- Up-to-date symlink: /home/zyme/ros_ws/Autoware_sim_test/install/tier4_debug_msgs/include/tier4_debug_msgs/tier4_debug_msgs/msg/detail/float32_stamped__traits.hpp
[0.828s] -- Up-to-date symlink: /home/zyme/ros_ws/Autoware_sim_test/install/tier4_debug_msgs/include/tier4_debug_msgs/tier4_debug_msgs/msg/detail/float64_multi_array_stamped__builder.hpp
[0.828s] -- Up-to-date symlink: /home/zyme/ros_ws/Autoware_sim_test/install/tier4_debug_msgs/include/tier4_debug_msgs/tier4_debug_msgs/msg/detail/float64_multi_array_stamped__struct.hpp
[0.829s] -- Up-to-date symlink: /home/zyme/ros_ws/Autoware_sim_test/install/tier4_debug_msgs/include/tier4_debug_msgs/tier4_debug_msgs/msg/detail/float64_multi_array_stamped__traits.hpp
[0.829s] -- Up-to-date symlink: /home/zyme/ros_ws/Autoware_sim_test/install/tier4_debug_msgs/include/tier4_debug_msgs/tier4_debug_msgs/msg/detail/float64_stamped__builder.hpp
[0.829s] -- Up-to-date symlink: /home/zyme/ros_ws/Autoware_sim_test/install/tier4_debug_msgs/include/tier4_debug_msgs/tier4_debug_msgs/msg/detail/float64_stamped__struct.hpp
[0.829s] -- Up-to-date symlink: /home/zyme/ros_ws/Autoware_sim_test/install/tier4_debug_msgs/include/tier4_debug_msgs/tier4_debug_msgs/msg/detail/float64_stamped__traits.hpp
[0.829s] -- Up-to-date symlink: /home/zyme/ros_ws/Autoware_sim_test/install/tier4_debug_msgs/include/tier4_debug_msgs/tier4_debug_msgs/msg/detail/int32_multi_array_stamped__builder.hpp
[0.830s] -- Up-to-date symlink: /home/zyme/ros_ws/Autoware_sim_test/install/tier4_debug_msgs/include/tier4_debug_msgs/tier4_debug_msgs/msg/detail/int32_multi_array_stamped__struct.hpp
[0.830s] -- Up-to-date symlink: /home/zyme/ros_ws/Autoware_sim_test/install/tier4_debug_msgs/include/tier4_debug_msgs/tier4_debug_msgs/msg/detail/int32_multi_array_stamped__traits.hpp
[0.830s] -- Up-to-date symlink: /home/zyme/ros_ws/Autoware_sim_test/install/tier4_debug_msgs/include/tier4_debug_msgs/tier4_debug_msgs/msg/detail/int32_stamped__builder.hpp
[0.830s] -- Up-to-date symlink: /home/zyme/ros_ws/Autoware_sim_test/install/tier4_debug_msgs/include/tier4_debug_msgs/tier4_debug_msgs/msg/detail/int32_stamped__struct.hpp
[0.831s] -- Up-to-date symlink: /home/zyme/ros_ws/Autoware_sim_test/install/tier4_debug_msgs/include/tier4_debug_msgs/tier4_debug_msgs/msg/detail/int32_stamped__traits.hpp
[0.831s] -- Up-to-date symlink: /home/zyme/ros_ws/Autoware_sim_test/install/tier4_debug_msgs/include/tier4_debug_msgs/tier4_debug_msgs/msg/detail/int64_multi_array_stamped__builder.hpp
[0.831s] -- Up-to-date symlink: /home/zyme/ros_ws/Autoware_sim_test/install/tier4_debug_msgs/include/tier4_debug_msgs/tier4_debug_msgs/msg/detail/int64_multi_array_stamped__struct.hpp
[0.831s] -- Up-to-date symlink: /home/zyme/ros_ws/Autoware_sim_test/install/tier4_debug_msgs/include/tier4_debug_msgs/tier4_debug_msgs/msg/detail/int64_multi_array_stamped__traits.hpp
[0.831s] -- Up-to-date symlink: /home/zyme/ros_ws/Autoware_sim_test/install/tier4_debug_msgs/include/tier4_debug_msgs/tier4_debug_msgs/msg/detail/int64_stamped__builder.hpp
[0.832s] -- Up-to-date symlink: /home/zyme/ros_ws/Autoware_sim_test/install/tier4_debug_msgs/include/tier4_debug_msgs/tier4_debug_msgs/msg/detail/int64_stamped__struct.hpp
[0.832s] -- Up-to-date symlink: /home/zyme/ros_ws/Autoware_sim_test/install/tier4_debug_msgs/include/tier4_debug_msgs/tier4_debug_msgs/msg/detail/int64_stamped__traits.hpp
[0.832s] -- Up-to-date symlink: /home/zyme/ros_ws/Autoware_sim_test/install/tier4_debug_msgs/include/tier4_debug_msgs/tier4_debug_msgs/msg/detail/multi_array_dimension__builder.hpp
[0.832s] -- Up-to-date symlink: /home/zyme/ros_ws/Autoware_sim_test/install/tier4_debug_msgs/include/tier4_debug_msgs/tier4_debug_msgs/msg/detail/multi_array_dimension__struct.hpp
[0.832s] -- Up-to-date symlink: /home/zyme/ros_ws/Autoware_sim_test/install/tier4_debug_msgs/include/tier4_debug_msgs/tier4_debug_msgs/msg/detail/multi_array_dimension__traits.hpp
[0.832s] -- Up-to-date symlink: /home/zyme/ros_ws/Autoware_sim_test/install/tier4_debug_msgs/include/tier4_debug_msgs/tier4_debug_msgs/msg/detail/multi_array_layout__builder.hpp
[0.833s] -- Up-to-date symlink: /home/zyme/ros_ws/Autoware_sim_test/install/tier4_debug_msgs/include/tier4_debug_msgs/tier4_debug_msgs/msg/detail/multi_array_layout__struct.hpp
[0.833s] -- Up-to-date symlink: /home/zyme/ros_ws/Autoware_sim_test/install/tier4_debug_msgs/include/tier4_debug_msgs/tier4_debug_msgs/msg/detail/multi_array_layout__traits.hpp
[0.833s] -- Up-to-date symlink: /home/zyme/ros_ws/Autoware_sim_test/install/tier4_debug_msgs/include/tier4_debug_msgs/tier4_debug_msgs/msg/detail/string_stamped__builder.hpp
[0.833s] -- Up-to-date symlink: /home/zyme/ros_ws/Autoware_sim_test/install/tier4_debug_msgs/include/tier4_debug_msgs/tier4_debug_msgs/msg/detail/string_stamped__struct.hpp
[0.834s] -- Up-to-date symlink: /home/zyme/ros_ws/Autoware_sim_test/install/tier4_debug_msgs/include/tier4_debug_msgs/tier4_debug_msgs/msg/detail/string_stamped__traits.hpp
[0.834s] -- Up-to-date symlink: /home/zyme/ros_ws/Autoware_sim_test/install/tier4_debug_msgs/include/tier4_debug_msgs/tier4_debug_msgs/msg/float32_multi_array_stamped.hpp
[0.834s] -- Up-to-date symlink: /home/zyme/ros_ws/Autoware_sim_test/install/tier4_debug_msgs/include/tier4_debug_msgs/tier4_debug_msgs/msg/float32_stamped.hpp
[0.834s] -- Up-to-date symlink: /home/zyme/ros_ws/Autoware_sim_test/install/tier4_debug_msgs/include/tier4_debug_msgs/tier4_debug_msgs/msg/float64_multi_array_stamped.hpp
[0.834s] -- Up-to-date symlink: /home/zyme/ros_ws/Autoware_sim_test/install/tier4_debug_msgs/include/tier4_debug_msgs/tier4_debug_msgs/msg/float64_stamped.hpp
[0.835s] -- Up-to-date symlink: /home/zyme/ros_ws/Autoware_sim_test/install/tier4_debug_msgs/include/tier4_debug_msgs/tier4_debug_msgs/msg/int32_multi_array_stamped.hpp
[0.835s] -- Up-to-date symlink: /home/zyme/ros_ws/Autoware_sim_test/install/tier4_debug_msgs/include/tier4_debug_msgs/tier4_debug_msgs/msg/int32_stamped.hpp
[0.835s] -- Up-to-date symlink: /home/zyme/ros_ws/Autoware_sim_test/install/tier4_debug_msgs/include/tier4_debug_msgs/tier4_debug_msgs/msg/int64_multi_array_stamped.hpp
[0.835s] -- Up-to-date symlink: /home/zyme/ros_ws/Autoware_sim_test/install/tier4_debug_msgs/include/tier4_debug_msgs/tier4_debug_msgs/msg/int64_stamped.hpp
[0.835s] -- Up-to-date symlink: /home/zyme/ros_ws/Autoware_sim_test/install/tier4_debug_msgs/include/tier4_debug_msgs/tier4_debug_msgs/msg/multi_array_dimension.hpp
[0.835s] -- Up-to-date symlink: /home/zyme/ros_ws/Autoware_sim_test/install/tier4_debug_msgs/include/tier4_debug_msgs/tier4_debug_msgs/msg/multi_array_layout.hpp
[0.836s] -- Up-to-date symlink: /home/zyme/ros_ws/Autoware_sim_test/install/tier4_debug_msgs/include/tier4_debug_msgs/tier4_debug_msgs/msg/string_stamped.hpp
[0.837s] -- Up-to-date symlink: /home/zyme/ros_ws/Autoware_sim_test/install/tier4_debug_msgs/include/tier4_debug_msgs/tier4_debug_msgs/msg/detail/bool_stamped__rosidl_typesupport_fastrtps_cpp.hpp
[0.838s] -- Up-to-date symlink: /home/zyme/ros_ws/Autoware_sim_test/install/tier4_debug_msgs/include/tier4_debug_msgs/tier4_debug_msgs/msg/detail/float32_multi_array_stamped__rosidl_typesupport_fastrtps_cpp.hpp
[0.838s] -- Up-to-date symlink: /home/zyme/ros_ws/Autoware_sim_test/install/tier4_debug_msgs/include/tier4_debug_msgs/tier4_debug_msgs/msg/detail/float32_stamped__rosidl_typesupport_fastrtps_cpp.hpp
[0.838s] -- Up-to-date symlink: /home/zyme/ros_ws/Autoware_sim_test/install/tier4_debug_msgs/include/tier4_debug_msgs/tier4_debug_msgs/msg/detail/float64_multi_array_stamped__rosidl_typesupport_fastrtps_cpp.hpp
[0.838s] -- Up-to-date symlink: /home/zyme/ros_ws/Autoware_sim_test/install/tier4_debug_msgs/include/tier4_debug_msgs/tier4_debug_msgs/msg/detail/float64_stamped__rosidl_typesupport_fastrtps_cpp.hpp
[0.838s] -- Up-to-date symlink: /home/zyme/ros_ws/Autoware_sim_test/install/tier4_debug_msgs/include/tier4_debug_msgs/tier4_debug_msgs/msg/detail/int32_multi_array_stamped__rosidl_typesupport_fastrtps_cpp.hpp
[0.839s] -- Up-to-date symlink: /home/zyme/ros_ws/Autoware_sim_test/install/tier4_debug_msgs/include/tier4_debug_msgs/tier4_debug_msgs/msg/detail/int32_stamped__rosidl_typesupport_fastrtps_cpp.hpp
[0.839s] -- Up-to-date symlink: /home/zyme/ros_ws/Autoware_sim_test/install/tier4_debug_msgs/include/tier4_debug_msgs/tier4_debug_msgs/msg/detail/int64_multi_array_stamped__rosidl_typesupport_fastrtps_cpp.hpp
[0.839s] -- Up-to-date symlink: /home/zyme/ros_ws/Autoware_sim_test/install/tier4_debug_msgs/include/tier4_debug_msgs/tier4_debug_msgs/msg/detail/int64_stamped__rosidl_typesupport_fastrtps_cpp.hpp
[0.839s] -- Up-to-date symlink: /home/zyme/ros_ws/Autoware_sim_test/install/tier4_debug_msgs/include/tier4_debug_msgs/tier4_debug_msgs/msg/detail/multi_array_dimension__rosidl_typesupport_fastrtps_cpp.hpp
[0.840s] -- Up-to-date symlink: /home/zyme/ros_ws/Autoware_sim_test/install/tier4_debug_msgs/include/tier4_debug_msgs/tier4_debug_msgs/msg/detail/multi_array_layout__rosidl_typesupport_fastrtps_cpp.hpp
[0.840s] -- Up-to-date symlink: /home/zyme/ros_ws/Autoware_sim_test/install/tier4_debug_msgs/include/tier4_debug_msgs/tier4_debug_msgs/msg/detail/string_stamped__rosidl_typesupport_fastrtps_cpp.hpp
[0.840s] -- Up-to-date symlink: /home/zyme/ros_ws/Autoware_sim_test/install/tier4_debug_msgs/include/tier4_debug_msgs/tier4_debug_msgs/msg/rosidl_typesupport_fastrtps_cpp__visibility_control.h
[0.841s] -- Up-to-date symlink: /home/zyme/ros_ws/Autoware_sim_test/install/tier4_debug_msgs/include/tier4_debug_msgs/tier4_debug_msgs/msg/detail/bool_stamped__rosidl_typesupport_introspection_cpp.hpp
[0.841s] -- Up-to-date symlink: /home/zyme/ros_ws/Autoware_sim_test/install/tier4_debug_msgs/include/tier4_debug_msgs/tier4_debug_msgs/msg/detail/float32_multi_array_stamped__rosidl_typesupport_introspection_cpp.hpp
[0.841s] -- Up-to-date symlink: /home/zyme/ros_ws/Autoware_sim_test/install/tier4_debug_msgs/include/tier4_debug_msgs/tier4_debug_msgs/msg/detail/float32_stamped__rosidl_typesupport_introspection_cpp.hpp
[0.842s] -- Up-to-date symlink: /home/zyme/ros_ws/Autoware_sim_test/install/tier4_debug_msgs/include/tier4_debug_msgs/tier4_debug_msgs/msg/detail/float64_multi_array_stamped__rosidl_typesupport_introspection_cpp.hpp
[0.842s] -- Up-to-date symlink: /home/zyme/ros_ws/Autoware_sim_test/install/tier4_debug_msgs/include/tier4_debug_msgs/tier4_debug_msgs/msg/detail/float64_stamped__rosidl_typesupport_introspection_cpp.hpp
[0.842s] -- Up-to-date symlink: /home/zyme/ros_ws/Autoware_sim_test/install/tier4_debug_msgs/include/tier4_debug_msgs/tier4_debug_msgs/msg/detail/int32_multi_array_stamped__rosidl_typesupport_introspection_cpp.hpp
[0.842s] -- Up-to-date symlink: /home/zyme/ros_ws/Autoware_sim_test/install/tier4_debug_msgs/include/tier4_debug_msgs/tier4_debug_msgs/msg/detail/int32_stamped__rosidl_typesupport_introspection_cpp.hpp
[0.842s] -- Up-to-date symlink: /home/zyme/ros_ws/Autoware_sim_test/install/tier4_debug_msgs/include/tier4_debug_msgs/tier4_debug_msgs/msg/detail/int64_multi_array_stamped__rosidl_typesupport_introspection_cpp.hpp
[0.843s] -- Up-to-date symlink: /home/zyme/ros_ws/Autoware_sim_test/install/tier4_debug_msgs/include/tier4_debug_msgs/tier4_debug_msgs/msg/detail/int64_stamped__rosidl_typesupport_introspection_cpp.hpp
[0.843s] -- Up-to-date symlink: /home/zyme/ros_ws/Autoware_sim_test/install/tier4_debug_msgs/include/tier4_debug_msgs/tier4_debug_msgs/msg/detail/multi_array_dimension__rosidl_typesupport_introspection_cpp.hpp
[0.843s] -- Up-to-date symlink: /home/zyme/ros_ws/Autoware_sim_test/install/tier4_debug_msgs/include/tier4_debug_msgs/tier4_debug_msgs/msg/detail/multi_array_layout__rosidl_typesupport_introspection_cpp.hpp
[0.843s] -- Up-to-date symlink: /home/zyme/ros_ws/Autoware_sim_test/install/tier4_debug_msgs/include/tier4_debug_msgs/tier4_debug_msgs/msg/detail/string_stamped__rosidl_typesupport_introspection_cpp.hpp
[0.844s] -- Up-to-date symlink: /home/zyme/ros_ws/Autoware_sim_test/install/tier4_debug_msgs/share/tier4_debug_msgs/environment/pythonpath.sh
[0.844s] -- Up-to-date symlink: /home/zyme/ros_ws/Autoware_sim_test/install/tier4_debug_msgs/share/tier4_debug_msgs/environment/pythonpath.dsv
[0.845s] -- Up-to-date symlink: /home/zyme/ros_ws/Autoware_sim_test/install/tier4_debug_msgs/local/lib/python3.10/dist-packages/tier4_debug_msgs-0.1.0-py3.10.egg-info/PKG-INFO
[0.845s] -- Up-to-date symlink: /home/zyme/ros_ws/Autoware_sim_test/install/tier4_debug_msgs/local/lib/python3.10/dist-packages/tier4_debug_msgs-0.1.0-py3.10.egg-info/SOURCES.txt
[0.845s] -- Up-to-date symlink: /home/zyme/ros_ws/Autoware_sim_test/install/tier4_debug_msgs/local/lib/python3.10/dist-packages/tier4_debug_msgs-0.1.0-py3.10.egg-info/dependency_links.txt
[0.845s] -- Up-to-date symlink: /home/zyme/ros_ws/Autoware_sim_test/install/tier4_debug_msgs/local/lib/python3.10/dist-packages/tier4_debug_msgs-0.1.0-py3.10.egg-info/top_level.txt
[0.846s] -- Up-to-date symlink: /home/zyme/ros_ws/Autoware_sim_test/install/tier4_debug_msgs/local/lib/python3.10/dist-packages/tier4_debug_msgs/__init__.py
[0.846s] -- Up-to-date symlink: /home/zyme/ros_ws/Autoware_sim_test/install/tier4_debug_msgs/local/lib/python3.10/dist-packages/tier4_debug_msgs/_tier4_debug_msgs_s.ep.rosidl_typesupport_c.c
[0.846s] -- Up-to-date symlink: /home/zyme/ros_ws/Autoware_sim_test/install/tier4_debug_msgs/local/lib/python3.10/dist-packages/tier4_debug_msgs/_tier4_debug_msgs_s.ep.rosidl_typesupport_fastrtps_c.c
[0.847s] -- Up-to-date symlink: /home/zyme/ros_ws/Autoware_sim_test/install/tier4_debug_msgs/local/lib/python3.10/dist-packages/tier4_debug_msgs/_tier4_debug_msgs_s.ep.rosidl_typesupport_introspection_c.c
[0.847s] -- Up-to-date symlink: /home/zyme/ros_ws/Autoware_sim_test/install/tier4_debug_msgs/local/lib/python3.10/dist-packages/tier4_debug_msgs/libtier4_debug_msgs__rosidl_generator_py.so
[0.847s] -- Up-to-date symlink: /home/zyme/ros_ws/Autoware_sim_test/install/tier4_debug_msgs/local/lib/python3.10/dist-packages/tier4_debug_msgs/msg/__init__.py
[0.847s] -- Up-to-date symlink: /home/zyme/ros_ws/Autoware_sim_test/install/tier4_debug_msgs/local/lib/python3.10/dist-packages/tier4_debug_msgs/msg/_bool_stamped.py
[0.847s] -- Up-to-date symlink: /home/zyme/ros_ws/Autoware_sim_test/install/tier4_debug_msgs/local/lib/python3.10/dist-packages/tier4_debug_msgs/msg/_bool_stamped_s.c
[0.847s] -- Up-to-date symlink: /home/zyme/ros_ws/Autoware_sim_test/install/tier4_debug_msgs/local/lib/python3.10/dist-packages/tier4_debug_msgs/msg/_float32_multi_array_stamped.py
[0.848s] -- Up-to-date symlink: /home/zyme/ros_ws/Autoware_sim_test/install/tier4_debug_msgs/local/lib/python3.10/dist-packages/tier4_debug_msgs/msg/_float32_multi_array_stamped_s.c
[0.848s] -- Up-to-date symlink: /home/zyme/ros_ws/Autoware_sim_test/install/tier4_debug_msgs/local/lib/python3.10/dist-packages/tier4_debug_msgs/msg/_float32_stamped.py
[0.848s] -- Up-to-date symlink: /home/zyme/ros_ws/Autoware_sim_test/install/tier4_debug_msgs/local/lib/python3.10/dist-packages/tier4_debug_msgs/msg/_float32_stamped_s.c
[0.848s] -- Up-to-date symlink: /home/zyme/ros_ws/Autoware_sim_test/install/tier4_debug_msgs/local/lib/python3.10/dist-packages/tier4_debug_msgs/msg/_float64_multi_array_stamped.py
[0.848s] -- Up-to-date symlink: /home/zyme/ros_ws/Autoware_sim_test/install/tier4_debug_msgs/local/lib/python3.10/dist-packages/tier4_debug_msgs/msg/_float64_multi_array_stamped_s.c
[0.848s] -- Up-to-date symlink: /home/zyme/ros_ws/Autoware_sim_test/install/tier4_debug_msgs/local/lib/python3.10/dist-packages/tier4_debug_msgs/msg/_float64_stamped.py
[0.849s] -- Up-to-date symlink: /home/zyme/ros_ws/Autoware_sim_test/install/tier4_debug_msgs/local/lib/python3.10/dist-packages/tier4_debug_msgs/msg/_float64_stamped_s.c
[0.849s] -- Up-to-date symlink: /home/zyme/ros_ws/Autoware_sim_test/install/tier4_debug_msgs/local/lib/python3.10/dist-packages/tier4_debug_msgs/msg/_int32_multi_array_stamped.py
[0.849s] -- Up-to-date symlink: /home/zyme/ros_ws/Autoware_sim_test/install/tier4_debug_msgs/local/lib/python3.10/dist-packages/tier4_debug_msgs/msg/_int32_multi_array_stamped_s.c
[0.849s] -- Up-to-date symlink: /home/zyme/ros_ws/Autoware_sim_test/install/tier4_debug_msgs/local/lib/python3.10/dist-packages/tier4_debug_msgs/msg/_int32_stamped.py
[0.849s] -- Up-to-date symlink: /home/zyme/ros_ws/Autoware_sim_test/install/tier4_debug_msgs/local/lib/python3.10/dist-packages/tier4_debug_msgs/msg/_int32_stamped_s.c
[0.849s] -- Up-to-date symlink: /home/zyme/ros_ws/Autoware_sim_test/install/tier4_debug_msgs/local/lib/python3.10/dist-packages/tier4_debug_msgs/msg/_int64_multi_array_stamped.py
[0.850s] -- Up-to-date symlink: /home/zyme/ros_ws/Autoware_sim_test/install/tier4_debug_msgs/local/lib/python3.10/dist-packages/tier4_debug_msgs/msg/_int64_multi_array_stamped_s.c
[0.850s] -- Up-to-date symlink: /home/zyme/ros_ws/Autoware_sim_test/install/tier4_debug_msgs/local/lib/python3.10/dist-packages/tier4_debug_msgs/msg/_int64_stamped.py
[0.850s] -- Up-to-date symlink: /home/zyme/ros_ws/Autoware_sim_test/install/tier4_debug_msgs/local/lib/python3.10/dist-packages/tier4_debug_msgs/msg/_int64_stamped_s.c
[0.850s] -- Up-to-date symlink: /home/zyme/ros_ws/Autoware_sim_test/install/tier4_debug_msgs/local/lib/python3.10/dist-packages/tier4_debug_msgs/msg/_multi_array_dimension.py
[0.850s] -- Up-to-date symlink: /home/zyme/ros_ws/Autoware_sim_test/install/tier4_debug_msgs/local/lib/python3.10/dist-packages/tier4_debug_msgs/msg/_multi_array_dimension_s.c
[0.851s] -- Up-to-date symlink: /home/zyme/ros_ws/Autoware_sim_test/install/tier4_debug_msgs/local/lib/python3.10/dist-packages/tier4_debug_msgs/msg/_multi_array_layout.py
[0.851s] -- Up-to-date symlink: /home/zyme/ros_ws/Autoware_sim_test/install/tier4_debug_msgs/local/lib/python3.10/dist-packages/tier4_debug_msgs/msg/_multi_array_layout_s.c
[0.851s] -- Up-to-date symlink: /home/zyme/ros_ws/Autoware_sim_test/install/tier4_debug_msgs/local/lib/python3.10/dist-packages/tier4_debug_msgs/msg/_string_stamped.py
[0.851s] -- Up-to-date symlink: /home/zyme/ros_ws/Autoware_sim_test/install/tier4_debug_msgs/local/lib/python3.10/dist-packages/tier4_debug_msgs/msg/_string_stamped_s.c
[0.851s] -- Up-to-date symlink: /home/zyme/ros_ws/Autoware_sim_test/install/tier4_debug_msgs/local/lib/python3.10/dist-packages/tier4_debug_msgs/tier4_debug_msgs_s__rosidl_typesupport_c.cpython-310-x86_64-linux-gnu.so
[0.851s] -- Up-to-date symlink: /home/zyme/ros_ws/Autoware_sim_test/install/tier4_debug_msgs/local/lib/python3.10/dist-packages/tier4_debug_msgs/tier4_debug_msgs_s__rosidl_typesupport_fastrtps_c.cpython-310-x86_64-linux-gnu.so
[0.852s] -- Up-to-date symlink: /home/zyme/ros_ws/Autoware_sim_test/install/tier4_debug_msgs/local/lib/python3.10/dist-packages/tier4_debug_msgs/tier4_debug_msgs_s__rosidl_typesupport_introspection_c.cpython-310-x86_64-linux-gnu.so
[0.852s] -- Up-to-date symlink: /home/zyme/ros_ws/Autoware_sim_test/install/tier4_debug_msgs/local/lib/python3.10/dist-packages/tier4_debug_msgs/tier4_debug_msgs_s__rosidl_typesupport_fastrtps_c.cpython-310-x86_64-linux-gnu.so
[0.852s] -- Up-to-date symlink: /home/zyme/ros_ws/Autoware_sim_test/install/tier4_debug_msgs/local/lib/python3.10/dist-packages/tier4_debug_msgs/tier4_debug_msgs_s__rosidl_typesupport_introspection_c.cpython-310-x86_64-linux-gnu.so
[0.853s] -- Up-to-date symlink: /home/zyme/ros_ws/Autoware_sim_test/install/tier4_debug_msgs/local/lib/python3.10/dist-packages/tier4_debug_msgs/tier4_debug_msgs_s__rosidl_typesupport_c.cpython-310-x86_64-linux-gnu.so
[0.853s] -- Up-to-date symlink: /home/zyme/ros_ws/Autoware_sim_test/install/tier4_debug_msgs/share/tier4_debug_msgs/msg/MultiArrayDimension.idl
[0.853s] -- Up-to-date symlink: /home/zyme/ros_ws/Autoware_sim_test/install/tier4_debug_msgs/share/tier4_debug_msgs/msg/MultiArrayLayout.idl
[0.854s] -- Up-to-date symlink: /home/zyme/ros_ws/Autoware_sim_test/install/tier4_debug_msgs/share/tier4_debug_msgs/msg/BoolStamped.idl
[0.854s] -- Up-to-date symlink: /home/zyme/ros_ws/Autoware_sim_test/install/tier4_debug_msgs/share/tier4_debug_msgs/msg/Float32Stamped.idl
[0.854s] -- Up-to-date symlink: /home/zyme/ros_ws/Autoware_sim_test/install/tier4_debug_msgs/share/tier4_debug_msgs/msg/Float32MultiArrayStamped.idl
[0.855s] -- Up-to-date symlink: /home/zyme/ros_ws/Autoware_sim_test/install/tier4_debug_msgs/share/tier4_debug_msgs/msg/Float64Stamped.idl
[0.855s] -- Up-to-date symlink: /home/zyme/ros_ws/Autoware_sim_test/install/tier4_debug_msgs/share/tier4_debug_msgs/msg/Float64MultiArrayStamped.idl
[0.855s] -- Up-to-date symlink: /home/zyme/ros_ws/Autoware_sim_test/install/tier4_debug_msgs/share/tier4_debug_msgs/msg/Int32Stamped.idl
[0.855s] -- Up-to-date symlink: /home/zyme/ros_ws/Autoware_sim_test/install/tier4_debug_msgs/share/tier4_debug_msgs/msg/Int32MultiArrayStamped.idl
[0.856s] -- Up-to-date symlink: /home/zyme/ros_ws/Autoware_sim_test/install/tier4_debug_msgs/share/tier4_debug_msgs/msg/Int64Stamped.idl
[0.856s] -- Up-to-date symlink: /home/zyme/ros_ws/Autoware_sim_test/install/tier4_debug_msgs/share/tier4_debug_msgs/msg/Int64MultiArrayStamped.idl
[0.856s] -- Up-to-date symlink: /home/zyme/ros_ws/Autoware_sim_test/install/tier4_debug_msgs/share/tier4_debug_msgs/msg/StringStamped.idl
[0.857s] -- Up-to-date symlink: /home/zyme/ros_ws/Autoware_sim_test/install/tier4_debug_msgs/share/tier4_debug_msgs/msg/MultiArrayDimension.msg
[0.857s] -- Up-to-date symlink: /home/zyme/ros_ws/Autoware_sim_test/install/tier4_debug_msgs/share/tier4_debug_msgs/msg/MultiArrayLayout.msg
[0.857s] -- Up-to-date symlink: /home/zyme/ros_ws/Autoware_sim_test/install/tier4_debug_msgs/share/tier4_debug_msgs/msg/BoolStamped.msg
[0.858s] -- Up-to-date symlink: /home/zyme/ros_ws/Autoware_sim_test/install/tier4_debug_msgs/share/tier4_debug_msgs/msg/Float32Stamped.msg
[0.858s] -- Up-to-date symlink: /home/zyme/ros_ws/Autoware_sim_test/install/tier4_debug_msgs/share/tier4_debug_msgs/msg/Float32MultiArrayStamped.msg
[0.858s] -- Up-to-date symlink: /home/zyme/ros_ws/Autoware_sim_test/install/tier4_debug_msgs/share/tier4_debug_msgs/msg/Float64Stamped.msg
[0.858s] -- Up-to-date symlink: /home/zyme/ros_ws/Autoware_sim_test/install/tier4_debug_msgs/share/tier4_debug_msgs/msg/Float64MultiArrayStamped.msg
[0.862s] -- Up-to-date symlink: /home/zyme/ros_ws/Autoware_sim_test/install/tier4_debug_msgs/share/tier4_debug_msgs/msg/Int32Stamped.msg
[0.862s] -- Up-to-date symlink: /home/zyme/ros_ws/Autoware_sim_test/install/tier4_debug_msgs/share/tier4_debug_msgs/msg/Int32MultiArrayStamped.msg
[0.862s] -- Up-to-date symlink: /home/zyme/ros_ws/Autoware_sim_test/install/tier4_debug_msgs/share/tier4_debug_msgs/msg/Int64Stamped.msg
[0.862s] -- Up-to-date symlink: /home/zyme/ros_ws/Autoware_sim_test/install/tier4_debug_msgs/share/tier4_debug_msgs/msg/Int64MultiArrayStamped.msg
[0.863s] -- Up-to-date symlink: /home/zyme/ros_ws/Autoware_sim_test/install/tier4_debug_msgs/share/tier4_debug_msgs/msg/StringStamped.msg
[0.863s] -- Up-to-date symlink: /home/zyme/ros_ws/Autoware_sim_test/install/tier4_debug_msgs/share/ament_index/resource_index/package_run_dependencies/tier4_debug_msgs
[0.864s] -- Up-to-date symlink: /home/zyme/ros_ws/Autoware_sim_test/install/tier4_debug_msgs/share/ament_index/resource_index/parent_prefix_path/tier4_debug_msgs
[0.864s] -- Up-to-date symlink: /home/zyme/ros_ws/Autoware_sim_test/install/tier4_debug_msgs/share/tier4_debug_msgs/environment/ament_prefix_path.sh
[0.865s] -- Up-to-date symlink: /home/zyme/ros_ws/Autoware_sim_test/install/tier4_debug_msgs/share/tier4_debug_msgs/environment/ament_prefix_path.dsv
[0.865s] -- Up-to-date symlink: /home/zyme/ros_ws/Autoware_sim_test/install/tier4_debug_msgs/share/tier4_debug_msgs/environment/path.sh
[0.865s] -- Up-to-date symlink: /home/zyme/ros_ws/Autoware_sim_test/install/tier4_debug_msgs/share/tier4_debug_msgs/environment/path.dsv
[0.865s] -- Up-to-date symlink: /home/zyme/ros_ws/Autoware_sim_test/install/tier4_debug_msgs/share/tier4_debug_msgs/local_setup.bash
[0.866s] -- Up-to-date symlink: /home/zyme/ros_ws/Autoware_sim_test/install/tier4_debug_msgs/share/tier4_debug_msgs/local_setup.sh
[0.866s] -- Up-to-date symlink: /home/zyme/ros_ws/Autoware_sim_test/install/tier4_debug_msgs/share/tier4_debug_msgs/local_setup.zsh
[0.866s] -- Up-to-date symlink: /home/zyme/ros_ws/Autoware_sim_test/install/tier4_debug_msgs/share/tier4_debug_msgs/local_setup.dsv
[0.866s] -- Symlinking: /home/zyme/ros_ws/Autoware_sim_test/install/tier4_debug_msgs/share/tier4_debug_msgs/package.dsv
[0.876s] -- Up-to-date symlink: /home/zyme/ros_ws/Autoware_sim_test/install/tier4_debug_msgs/share/ament_index/resource_index/packages/tier4_debug_msgs
[0.877s] -- Up-to-date symlink: /home/zyme/ros_ws/Autoware_sim_test/install/tier4_debug_msgs/share/tier4_debug_msgs/cmake/rosidl_cmake-extras.cmake
[0.877s] -- Up-to-date symlink: /home/zyme/ros_ws/Autoware_sim_test/install/tier4_debug_msgs/share/tier4_debug_msgs/cmake/ament_cmake_export_dependencies-extras.cmake
[0.877s] -- Up-to-date symlink: /home/zyme/ros_ws/Autoware_sim_test/install/tier4_debug_msgs/share/tier4_debug_msgs/cmake/ament_cmake_export_include_directories-extras.cmake
[0.878s] -- Up-to-date symlink: /home/zyme/ros_ws/Autoware_sim_test/install/tier4_debug_msgs/share/tier4_debug_msgs/cmake/ament_cmake_export_libraries-extras.cmake
[0.878s] -- Up-to-date symlink: /home/zyme/ros_ws/Autoware_sim_test/install/tier4_debug_msgs/share/tier4_debug_msgs/cmake/ament_cmake_export_targets-extras.cmake
[0.878s] -- Up-to-date symlink: /home/zyme/ros_ws/Autoware_sim_test/install/tier4_debug_msgs/share/tier4_debug_msgs/cmake/rosidl_cmake_export_typesupport_targets-extras.cmake
[0.878s] -- Up-to-date symlink: /home/zyme/ros_ws/Autoware_sim_test/install/tier4_debug_msgs/share/tier4_debug_msgs/cmake/rosidl_cmake_export_typesupport_libraries-extras.cmake
[0.879s] -- Up-to-date symlink: /home/zyme/ros_ws/Autoware_sim_test/install/tier4_debug_msgs/share/tier4_debug_msgs/cmake/tier4_debug_msgsConfig.cmake
[0.879s] -- Up-to-date symlink: /home/zyme/ros_ws/Autoware_sim_test/install/tier4_debug_msgs/share/tier4_debug_msgs/cmake/tier4_debug_msgsConfig-version.cmake
[0.879s] -- Up-to-date symlink: /home/zyme/ros_ws/Autoware_sim_test/install/tier4_debug_msgs/share/tier4_debug_msgs/package.xml
[0.880s] -- Up-to-date: /home/zyme/ros_ws/Autoware_sim_test/install/tier4_debug_msgs/lib/libtier4_debug_msgs__rosidl_generator_c.so
[0.880s] -- Up-to-date: /home/zyme/ros_ws/Autoware_sim_test/install/tier4_debug_msgs/lib/libtier4_debug_msgs__rosidl_typesupport_fastrtps_c.so
[0.881s] -- Up-to-date: /home/zyme/ros_ws/Autoware_sim_test/install/tier4_debug_msgs/lib/libtier4_debug_msgs__rosidl_typesupport_introspection_c.so
[0.882s] -- Up-to-date: /home/zyme/ros_ws/Autoware_sim_test/install/tier4_debug_msgs/lib/libtier4_debug_msgs__rosidl_typesupport_c.so
[0.882s] -- Up-to-date: /home/zyme/ros_ws/Autoware_sim_test/install/tier4_debug_msgs/lib/libtier4_debug_msgs__rosidl_typesupport_fastrtps_cpp.so
[0.883s] -- Up-to-date: /home/zyme/ros_ws/Autoware_sim_test/install/tier4_debug_msgs/lib/libtier4_debug_msgs__rosidl_typesupport_introspection_cpp.so
[0.884s] -- Up-to-date: /home/zyme/ros_ws/Autoware_sim_test/install/tier4_debug_msgs/lib/libtier4_debug_msgs__rosidl_typesupport_cpp.so
[0.916s] Listing '/home/zyme/ros_ws/Autoware_sim_test/install/tier4_debug_msgs/local/lib/python3.10/dist-packages/tier4_debug_msgs'...
[0.916s] Listing '/home/zyme/ros_ws/Autoware_sim_test/install/tier4_debug_msgs/local/lib/python3.10/dist-packages/tier4_debug_msgs/msg'...
[0.920s] -- Up-to-date: /home/zyme/ros_ws/Autoware_sim_test/install/tier4_debug_msgs/lib/libtier4_debug_msgs__rosidl_generator_py.so
[0.921s] -- Up-to-date: /home/zyme/ros_ws/Autoware_sim_test/install/tier4_debug_msgs/share/tier4_debug_msgs/cmake/export_tier4_debug_msgs__rosidl_generator_cExport.cmake
[0.922s] -- Up-to-date: /home/zyme/ros_ws/Autoware_sim_test/install/tier4_debug_msgs/share/tier4_debug_msgs/cmake/export_tier4_debug_msgs__rosidl_generator_cExport-release.cmake
[0.922s] -- Up-to-date: /home/zyme/ros_ws/Autoware_sim_test/install/tier4_debug_msgs/share/tier4_debug_msgs/cmake/export_tier4_debug_msgs__rosidl_typesupport_fastrtps_cExport.cmake
[0.922s] -- Up-to-date: /home/zyme/ros_ws/Autoware_sim_test/install/tier4_debug_msgs/share/tier4_debug_msgs/cmake/export_tier4_debug_msgs__rosidl_typesupport_fastrtps_cExport-release.cmake
[0.922s] -- Up-to-date: /home/zyme/ros_ws/Autoware_sim_test/install/tier4_debug_msgs/share/tier4_debug_msgs/cmake/tier4_debug_msgs__rosidl_typesupport_introspection_cExport.cmake
[0.922s] -- Up-to-date: /home/zyme/ros_ws/Autoware_sim_test/install/tier4_debug_msgs/share/tier4_debug_msgs/cmake/tier4_debug_msgs__rosidl_typesupport_introspection_cExport-release.cmake
[0.923s] -- Up-to-date: /home/zyme/ros_ws/Autoware_sim_test/install/tier4_debug_msgs/share/tier4_debug_msgs/cmake/tier4_debug_msgs__rosidl_typesupport_cExport.cmake
[0.923s] -- Up-to-date: /home/zyme/ros_ws/Autoware_sim_test/install/tier4_debug_msgs/share/tier4_debug_msgs/cmake/tier4_debug_msgs__rosidl_typesupport_cExport-release.cmake
[0.923s] -- Up-to-date: /home/zyme/ros_ws/Autoware_sim_test/install/tier4_debug_msgs/share/tier4_debug_msgs/cmake/export_tier4_debug_msgs__rosidl_generator_cppExport.cmake
[0.924s] -- Up-to-date: /home/zyme/ros_ws/Autoware_sim_test/install/tier4_debug_msgs/share/tier4_debug_msgs/cmake/export_tier4_debug_msgs__rosidl_typesupport_fastrtps_cppExport.cmake
[0.924s] -- Up-to-date: /home/zyme/ros_ws/Autoware_sim_test/install/tier4_debug_msgs/share/tier4_debug_msgs/cmake/export_tier4_debug_msgs__rosidl_typesupport_fastrtps_cppExport-release.cmake
[0.924s] -- Up-to-date: /home/zyme/ros_ws/Autoware_sim_test/install/tier4_debug_msgs/share/tier4_debug_msgs/cmake/tier4_debug_msgs__rosidl_typesupport_introspection_cppExport.cmake
[0.924s] -- Up-to-date: /home/zyme/ros_ws/Autoware_sim_test/install/tier4_debug_msgs/share/tier4_debug_msgs/cmake/tier4_debug_msgs__rosidl_typesupport_introspection_cppExport-release.cmake
[0.924s] -- Up-to-date: /home/zyme/ros_ws/Autoware_sim_test/install/tier4_debug_msgs/share/tier4_debug_msgs/cmake/tier4_debug_msgs__rosidl_typesupport_cppExport.cmake
[0.924s] -- Up-to-date: /home/zyme/ros_ws/Autoware_sim_test/install/tier4_debug_msgs/share/tier4_debug_msgs/cmake/tier4_debug_msgs__rosidl_typesupport_cppExport-release.cmake
[0.925s] -- Up-to-date: /home/zyme/ros_ws/Autoware_sim_test/install/tier4_debug_msgs/share/tier4_debug_msgs/cmake/export_tier4_debug_msgs__rosidl_generator_pyExport.cmake
[0.925s] -- Up-to-date: /home/zyme/ros_ws/Autoware_sim_test/install/tier4_debug_msgs/share/tier4_debug_msgs/cmake/export_tier4_debug_msgs__rosidl_generator_pyExport-release.cmake
[0.927s] Invoked command in '/home/zyme/ros_ws/Autoware_sim_test/build/tier4_debug_msgs' returned '0': CMAKE_PREFIX_PATH=/opt/ros/humble /usr/bin/cmake --install /home/zyme/ros_ws/Autoware_sim_test/build/tier4_debug_msgs
