[0.153s] Invoking command in '/home/zyme/ros_ws/Autoware_sim_test/build/eagleye_tf': CMAKE_PREFIX_PATH=/opt/ros/humble /usr/bin/cmake --build /home/zyme/ros_ws/Autoware_sim_test/build/eagleye_tf -- -j12 -l12
[0.264s] Invoked command in '/home/zyme/ros_ws/Autoware_sim_test/build/eagleye_tf' returned '0': CMAKE_PREFIX_PATH=/opt/ros/humble /usr/bin/cmake --build /home/zyme/ros_ws/Autoware_sim_test/build/eagleye_tf -- -j12 -l12
[0.355s] Invoking command in '/home/zyme/ros_ws/Autoware_sim_test/build/eagleye_tf': CMAKE_PREFIX_PATH=/opt/ros/humble /usr/bin/cmake --install /home/zyme/ros_ws/Autoware_sim_test/build/eagleye_tf
[0.369s] -- Install configuration: "Release"
[0.370s] -- Execute custom install script
[0.372s] -- Up-to-date symlink: /home/zyme/ros_ws/Autoware_sim_test/install/eagleye_tf/share/eagleye_tf/launch/tf.xml
[0.373s] -- Up-to-date symlink: /home/zyme/ros_ws/Autoware_sim_test/install/eagleye_tf/share/eagleye_tf/config/sensors_tf.yaml
[0.384s] -- Up-to-date symlink: /home/zyme/ros_ws/Autoware_sim_test/install/eagleye_tf/share/eagleye_tf/urdf/sensors.xacro
[0.388s] -- Up-to-date symlink: /home/zyme/ros_ws/Autoware_sim_test/install/eagleye_tf/share/ament_index/resource_index/package_run_dependencies/eagleye_tf
[0.389s] -- Up-to-date symlink: /home/zyme/ros_ws/Autoware_sim_test/install/eagleye_tf/share/ament_index/resource_index/parent_prefix_path/eagleye_tf
[0.390s] -- Up-to-date symlink: /home/zyme/ros_ws/Autoware_sim_test/install/eagleye_tf/share/eagleye_tf/environment/ament_prefix_path.sh
[0.390s] -- Up-to-date symlink: /home/zyme/ros_ws/Autoware_sim_test/install/eagleye_tf/share/eagleye_tf/environment/ament_prefix_path.dsv
[0.392s] -- Up-to-date symlink: /home/zyme/ros_ws/Autoware_sim_test/install/eagleye_tf/share/eagleye_tf/environment/path.sh
[0.393s] -- Up-to-date symlink: /home/zyme/ros_ws/Autoware_sim_test/install/eagleye_tf/share/eagleye_tf/environment/path.dsv
[0.394s] -- Up-to-date symlink: /home/zyme/ros_ws/Autoware_sim_test/install/eagleye_tf/share/eagleye_tf/local_setup.bash
[0.395s] -- Up-to-date symlink: /home/zyme/ros_ws/Autoware_sim_test/install/eagleye_tf/share/eagleye_tf/local_setup.sh
[0.395s] -- Up-to-date symlink: /home/zyme/ros_ws/Autoware_sim_test/install/eagleye_tf/share/eagleye_tf/local_setup.zsh
[0.400s] -- Up-to-date symlink: /home/zyme/ros_ws/Autoware_sim_test/install/eagleye_tf/share/eagleye_tf/local_setup.dsv
[0.400s] -- Symlinking: /home/zyme/ros_ws/Autoware_sim_test/install/eagleye_tf/share/eagleye_tf/package.dsv
[0.418s] -- Up-to-date symlink: /home/zyme/ros_ws/Autoware_sim_test/install/eagleye_tf/share/ament_index/resource_index/packages/eagleye_tf
[0.419s] -- Up-to-date symlink: /home/zyme/ros_ws/Autoware_sim_test/install/eagleye_tf/share/eagleye_tf/cmake/eagleye_tfConfig.cmake
[0.419s] -- Up-to-date symlink: /home/zyme/ros_ws/Autoware_sim_test/install/eagleye_tf/share/eagleye_tf/cmake/eagleye_tfConfig-version.cmake
[0.420s] -- Up-to-date symlink: /home/zyme/ros_ws/Autoware_sim_test/install/eagleye_tf/share/eagleye_tf/package.xml
[0.424s] Invoked command in '/home/zyme/ros_ws/Autoware_sim_test/build/eagleye_tf' returned '0': CMAKE_PREFIX_PATH=/opt/ros/humble /usr/bin/cmake --install /home/zyme/ros_ws/Autoware_sim_test/build/eagleye_tf
