[0.403s] Invoking command in '/home/zyme/ros_ws/Autoware_sim_test/build/nebula_ros': AMENT_PREFIX_PATH=/home/zyme/ros_ws/Autoware_sim_test/install/nebula_hw_interfaces:/home/zyme/ros_ws/Autoware_sim_test/install/nebula_decoders:/home/zyme/ros_ws/Autoware_sim_test/install/boost_udp_driver:/home/zyme/ros_ws/Autoware_sim_test/install/robosense_msgs:/home/zyme/ros_ws/Autoware_sim_test/install/pandar_msgs:/home/zyme/ros_ws/Autoware_sim_test/install/nebula_common:/home/zyme/ros_ws/Autoware_sim_test/install/boost_tcp_driver:/home/zyme/ros_ws/Autoware_sim_test/install/boost_io_context:${AMENT_PREFIX_PATH} CMAKE_PREFIX_PATH=/home/zyme/ros_ws/Autoware_sim_test/install/nebula_hw_interfaces:/home/zyme/ros_ws/Autoware_sim_test/install/nebula_decoders:/home/zyme/ros_ws/Autoware_sim_test/install/boost_udp_driver:/home/zyme/ros_ws/Autoware_sim_test/install/robosense_msgs:/home/zyme/ros_ws/Autoware_sim_test/install/pandar_msgs:/home/zyme/ros_ws/Autoware_sim_test/install/nebula_common:/home/zyme/ros_ws/Autoware_sim_test/install/boost_tcp_driver:/home/zyme/ros_ws/Autoware_sim_test/install/boost_io_context:/opt/ros/humble LD_LIBRARY_PATH=/home/zyme/ros_ws/Autoware_sim_test/install/nebula_hw_interfaces/lib:/home/zyme/ros_ws/Autoware_sim_test/install/nebula_decoders/lib:/home/zyme/ros_ws/Autoware_sim_test/install/boost_udp_driver/lib:/home/zyme/ros_ws/Autoware_sim_test/install/robosense_msgs/lib:/home/zyme/ros_ws/Autoware_sim_test/install/pandar_msgs/lib:/home/zyme/ros_ws/Autoware_sim_test/install/nebula_common/lib:/home/zyme/ros_ws/Autoware_sim_test/install/boost_tcp_driver/lib:/home/zyme/ros_ws/Autoware_sim_test/install/boost_io_context/lib:${LD_LIBRARY_PATH} PYTHONPATH=/home/zyme/ros_ws/Autoware_sim_test/install/robosense_msgs/local/lib/python3.10/dist-packages:/home/zyme/ros_ws/Autoware_sim_test/install/pandar_msgs/local/lib/python3.10/dist-packages:${PYTHONPATH} /usr/bin/cmake /home/zyme/ros_ws/Autoware_sim_test/src/autoware/src/sensor_component/external/nebula/nebula_ros -DCMAKE_INSTALL_PREFIX=/home/zyme/ros_ws/Autoware_sim_test/install/nebula_ros
[0.815s] -- Found ament_cmake_auto: 1.3.8 (/opt/ros/humble/share/ament_cmake_auto/cmake)
[0.815s] -- Override CMake install command with custom implementation using symlinks instead of copying resources
[0.993s] -- Found rosidl_generator_c: 3.1.5 (/opt/ros/humble/share/rosidl_generator_c/cmake)
[1.004s] -- Found rosidl_adapter: 3.1.5 (/opt/ros/humble/share/rosidl_adapter/cmake)
[1.016s] -- Found rosidl_generator_cpp: 3.1.5 (/opt/ros/humble/share/rosidl_generator_cpp/cmake)
[1.053s] -- Using all available rosidl_typesupport_c: rosidl_typesupport_fastrtps_c;rosidl_typesupport_introspection_c
[1.117s] -- Using all available rosidl_typesupport_cpp: rosidl_typesupport_fastrtps_cpp;rosidl_typesupport_introspection_cpp
[1.575s] -- Found rmw_implementation_cmake: 6.1.1 (/opt/ros/humble/share/rmw_implementation_cmake/cmake)
[1.581s] -- Found rmw_cyclonedds_cpp: 1.3.4 (/opt/ros/humble/share/rmw_cyclonedds_cpp/cmake)
[1.658s] -- Using RMW implementation 'rmw_cyclonedds_cpp' as default
[5.346s] -- Eigen found (include: /usr/include/eigen3, version: 3.4.0)
[5.429s] -- FLANN found (include: /usr/include, lib: /usr/lib/x86_64-linux-gnu/libflann_cpp.so)
[6.115s] -- OpenNI found (version: 1.5.4.0, include: /usr/include/ni, lib: /usr/lib/libOpenNI.so;libusb::libusb)
[6.128s] -- OpenNI2 found (version: 2.2.0.33, include: /usr/include/openni2, lib: /usr/lib/x86_64-linux-gnu/libOpenNI2.so;libusb::libusb)
[6.128s] [0m** WARNING ** io features related to pcap will be disabled[0m
[6.471s] -- Eigen found (include: /usr/include/eigen3, version: 3.4.0)
[6.480s] -- OpenNI found (version: 1.5.4.0, include: /usr/include/ni, lib: /usr/lib/libOpenNI.so;libusb::libusb)
[6.489s] -- OpenNI2 found (version: 2.2.0.33, include: /usr/include/openni2, lib: /usr/lib/x86_64-linux-gnu/libOpenNI2.so;libusb::libusb)
[6.807s] -- Found Qhull version 8.0.2
[7.135s] -- OpenNI found (version: 1.5.4.0, include: /usr/include/ni, lib: /usr/lib/libOpenNI.so;libusb::libusb)
[7.473s] -- looking for PCL_COMMON
[7.473s] -- looking for PCL_KDTREE
[7.473s] -- looking for PCL_OCTREE
[7.474s] -- looking for PCL_SEARCH
[7.474s] -- looking for PCL_SAMPLE_CONSENSUS
[7.475s] -- looking for PCL_FILTERS
[7.475s] -- looking for PCL_2D
[7.475s] -- looking for PCL_GEOMETRY
[7.475s] -- looking for PCL_IO
[7.478s] -- looking for PCL_FEATURES
[7.478s] -- looking for PCL_ML
[7.479s] -- looking for PCL_SEGMENTATION
[7.479s] -- looking for PCL_VISUALIZATION
[7.483s] -- looking for PCL_SURFACE
[7.483s] -- looking for PCL_REGISTRATION
[7.483s] -- looking for PCL_KEYPOINTS
[7.483s] -- looking for PCL_TRACKING
[7.484s] -- looking for PCL_RECOGNITION
[7.484s] -- looking for PCL_STEREO
[7.484s] -- looking for PCL_APPS
[7.486s] -- looking for PCL_IN_HAND_SCANNER
[7.486s] -- looking for PCL_MODELER
[7.487s] -- looking for PCL_POINT_CLOUD_EDITOR
[7.488s] -- looking for PCL_OUTOFCORE
[7.488s] -- looking for PCL_PEOPLE
[37.048s] -- Found ament_lint_auto: 0.12.10 (/opt/ros/humble/share/ament_lint_auto/cmake)
[37.108s] -- Configuring done
[39.838s] -- Generating done
[39.848s] -- Build files have been written to: /home/zyme/ros_ws/Autoware_sim_test/build/nebula_ros
[39.897s] Invoked command in '/home/zyme/ros_ws/Autoware_sim_test/build/nebula_ros' returned '0': AMENT_PREFIX_PATH=/home/zyme/ros_ws/Autoware_sim_test/install/nebula_hw_interfaces:/home/zyme/ros_ws/Autoware_sim_test/install/nebula_decoders:/home/zyme/ros_ws/Autoware_sim_test/install/boost_udp_driver:/home/zyme/ros_ws/Autoware_sim_test/install/robosense_msgs:/home/zyme/ros_ws/Autoware_sim_test/install/pandar_msgs:/home/zyme/ros_ws/Autoware_sim_test/install/nebula_common:/home/zyme/ros_ws/Autoware_sim_test/install/boost_tcp_driver:/home/zyme/ros_ws/Autoware_sim_test/install/boost_io_context:${AMENT_PREFIX_PATH} CMAKE_PREFIX_PATH=/home/zyme/ros_ws/Autoware_sim_test/install/nebula_hw_interfaces:/home/zyme/ros_ws/Autoware_sim_test/install/nebula_decoders:/home/zyme/ros_ws/Autoware_sim_test/install/boost_udp_driver:/home/zyme/ros_ws/Autoware_sim_test/install/robosense_msgs:/home/zyme/ros_ws/Autoware_sim_test/install/pandar_msgs:/home/zyme/ros_ws/Autoware_sim_test/install/nebula_common:/home/zyme/ros_ws/Autoware_sim_test/install/boost_tcp_driver:/home/zyme/ros_ws/Autoware_sim_test/install/boost_io_context:/opt/ros/humble LD_LIBRARY_PATH=/home/zyme/ros_ws/Autoware_sim_test/install/nebula_hw_interfaces/lib:/home/zyme/ros_ws/Autoware_sim_test/install/nebula_decoders/lib:/home/zyme/ros_ws/Autoware_sim_test/install/boost_udp_driver/lib:/home/zyme/ros_ws/Autoware_sim_test/install/robosense_msgs/lib:/home/zyme/ros_ws/Autoware_sim_test/install/pandar_msgs/lib:/home/zyme/ros_ws/Autoware_sim_test/install/nebula_common/lib:/home/zyme/ros_ws/Autoware_sim_test/install/boost_tcp_driver/lib:/home/zyme/ros_ws/Autoware_sim_test/install/boost_io_context/lib:${LD_LIBRARY_PATH} PYTHONPATH=/home/zyme/ros_ws/Autoware_sim_test/install/robosense_msgs/local/lib/python3.10/dist-packages:/home/zyme/ros_ws/Autoware_sim_test/install/pandar_msgs/local/lib/python3.10/dist-packages:${PYTHONPATH} /usr/bin/cmake /home/zyme/ros_ws/Autoware_sim_test/src/autoware/src/sensor_component/external/nebula/nebula_ros -DCMAKE_INSTALL_PREFIX=/home/zyme/ros_ws/Autoware_sim_test/install/nebula_ros
[39.901s] Invoking command in '/home/zyme/ros_ws/Autoware_sim_test/build/nebula_ros': AMENT_PREFIX_PATH=/home/zyme/ros_ws/Autoware_sim_test/install/nebula_hw_interfaces:/home/zyme/ros_ws/Autoware_sim_test/install/nebula_decoders:/home/zyme/ros_ws/Autoware_sim_test/install/boost_udp_driver:/home/zyme/ros_ws/Autoware_sim_test/install/robosense_msgs:/home/zyme/ros_ws/Autoware_sim_test/install/pandar_msgs:/home/zyme/ros_ws/Autoware_sim_test/install/nebula_common:/home/zyme/ros_ws/Autoware_sim_test/install/boost_tcp_driver:/home/zyme/ros_ws/Autoware_sim_test/install/boost_io_context:${AMENT_PREFIX_PATH} CMAKE_PREFIX_PATH=/home/zyme/ros_ws/Autoware_sim_test/install/nebula_hw_interfaces:/home/zyme/ros_ws/Autoware_sim_test/install/nebula_decoders:/home/zyme/ros_ws/Autoware_sim_test/install/boost_udp_driver:/home/zyme/ros_ws/Autoware_sim_test/install/robosense_msgs:/home/zyme/ros_ws/Autoware_sim_test/install/pandar_msgs:/home/zyme/ros_ws/Autoware_sim_test/install/nebula_common:/home/zyme/ros_ws/Autoware_sim_test/install/boost_tcp_driver:/home/zyme/ros_ws/Autoware_sim_test/install/boost_io_context:/opt/ros/humble LD_LIBRARY_PATH=/home/zyme/ros_ws/Autoware_sim_test/install/nebula_hw_interfaces/lib:/home/zyme/ros_ws/Autoware_sim_test/install/nebula_decoders/lib:/home/zyme/ros_ws/Autoware_sim_test/install/boost_udp_driver/lib:/home/zyme/ros_ws/Autoware_sim_test/install/robosense_msgs/lib:/home/zyme/ros_ws/Autoware_sim_test/install/pandar_msgs/lib:/home/zyme/ros_ws/Autoware_sim_test/install/nebula_common/lib:/home/zyme/ros_ws/Autoware_sim_test/install/boost_tcp_driver/lib:/home/zyme/ros_ws/Autoware_sim_test/install/boost_io_context/lib:${LD_LIBRARY_PATH} PYTHONPATH=/home/zyme/ros_ws/Autoware_sim_test/install/robosense_msgs/local/lib/python3.10/dist-packages:/home/zyme/ros_ws/Autoware_sim_test/install/pandar_msgs/local/lib/python3.10/dist-packages:${PYTHONPATH} /usr/bin/cmake --build /home/zyme/ros_ws/Autoware_sim_test/build/nebula_ros -- -j12 -l12
[41.237s] [35m[1mConsolidate compiler generated dependencies of target hesai_hw_monitor_ros_wrapper_node[0m
[41.237s] [35m[1mConsolidate compiler generated dependencies of target hesai_hw_interface_ros_wrapper_node[0m
[41.237s] [35m[1mConsolidate compiler generated dependencies of target hesai_driver_ros_wrapper_node[0m
[41.237s] [35m[1mConsolidate compiler generated dependencies of target velodyne_hw_ros_wrapper_node[0m
[41.237s] [35m[1mConsolidate compiler generated dependencies of target hesai_hw_ros_wrapper[0m
[41.237s] [  5%] Built target velodyne_hw_ros_wrapper_node
[41.238s] [ 11%] Built target hesai_hw_monitor_ros_wrapper_node
[41.238s] [ 16%] Built target hesai_hw_interface_ros_wrapper_node
[41.238s] [ 22%] Built target hesai_driver_ros_wrapper_node
[41.238s] [35m[1mConsolidate compiler generated dependencies of target robosense_hw_monitor_ros_wrapper_node[0m
[41.238s] [35m[1mConsolidate compiler generated dependencies of target robosense_driver_ros_wrapper_node[0m
[41.239s] [ 27%] Built target hesai_hw_ros_wrapper
[41.239s] [35m[1mConsolidate compiler generated dependencies of target robosense_hw_interface_ros_wrapper_node[0m
[41.239s] [35m[1mConsolidate compiler generated dependencies of target velodyne_driver_ros_wrapper_node[0m
[41.239s] [ 33%] Built target robosense_hw_monitor_ros_wrapper_node
[41.239s] [35m[1mConsolidate compiler generated dependencies of target velodyne_hw_monitor_ros_wrapper_node[0m
[41.239s] [ 38%] Built target robosense_driver_ros_wrapper_node
[41.239s] [ 44%] Built target robosense_hw_interface_ros_wrapper_node
[41.241s] [ 50%] Built target velodyne_driver_ros_wrapper_node
[41.241s] [ 55%] Built target velodyne_hw_monitor_ros_wrapper_node
[41.242s] [35m[1mConsolidate compiler generated dependencies of target hesai_hw_monitor_ros_wrapper[0m
[41.242s] [ 61%] Built target hesai_hw_monitor_ros_wrapper
[41.242s] [35m[1mConsolidate compiler generated dependencies of target hesai_driver_ros_wrapper[0m
[41.242s] [ 66%] Built target hesai_driver_ros_wrapper
[41.242s] [35m[1mConsolidate compiler generated dependencies of target velodyne_hw_ros_wrapper[0m
[41.242s] [ 72%] Built target velodyne_hw_ros_wrapper
[41.242s] [35m[1mConsolidate compiler generated dependencies of target velodyne_hw_monitor_ros_wrapper[0m
[41.243s] [ 77%] Built target velodyne_hw_monitor_ros_wrapper
[41.243s] [35m[1mConsolidate compiler generated dependencies of target velodyne_driver_ros_wrapper[0m
[41.243s] [ 83%] Built target velodyne_driver_ros_wrapper
[41.243s] [35m[1mConsolidate compiler generated dependencies of target robosense_hw_ros_wrapper[0m
[41.243s] [ 88%] Built target robosense_hw_ros_wrapper
[41.243s] [35m[1mConsolidate compiler generated dependencies of target robosense_driver_ros_wrapper[0m
[41.243s] [ 94%] Built target robosense_driver_ros_wrapper
[41.244s] [35m[1mConsolidate compiler generated dependencies of target robosense_hw_monitor_ros_wrapper[0m
[41.244s] [100%] Built target robosense_hw_monitor_ros_wrapper
[41.252s] Invoked command in '/home/zyme/ros_ws/Autoware_sim_test/build/nebula_ros' returned '0': AMENT_PREFIX_PATH=/home/zyme/ros_ws/Autoware_sim_test/install/nebula_hw_interfaces:/home/zyme/ros_ws/Autoware_sim_test/install/nebula_decoders:/home/zyme/ros_ws/Autoware_sim_test/install/boost_udp_driver:/home/zyme/ros_ws/Autoware_sim_test/install/robosense_msgs:/home/zyme/ros_ws/Autoware_sim_test/install/pandar_msgs:/home/zyme/ros_ws/Autoware_sim_test/install/nebula_common:/home/zyme/ros_ws/Autoware_sim_test/install/boost_tcp_driver:/home/zyme/ros_ws/Autoware_sim_test/install/boost_io_context:${AMENT_PREFIX_PATH} CMAKE_PREFIX_PATH=/home/zyme/ros_ws/Autoware_sim_test/install/nebula_hw_interfaces:/home/zyme/ros_ws/Autoware_sim_test/install/nebula_decoders:/home/zyme/ros_ws/Autoware_sim_test/install/boost_udp_driver:/home/zyme/ros_ws/Autoware_sim_test/install/robosense_msgs:/home/zyme/ros_ws/Autoware_sim_test/install/pandar_msgs:/home/zyme/ros_ws/Autoware_sim_test/install/nebula_common:/home/zyme/ros_ws/Autoware_sim_test/install/boost_tcp_driver:/home/zyme/ros_ws/Autoware_sim_test/install/boost_io_context:/opt/ros/humble LD_LIBRARY_PATH=/home/zyme/ros_ws/Autoware_sim_test/install/nebula_hw_interfaces/lib:/home/zyme/ros_ws/Autoware_sim_test/install/nebula_decoders/lib:/home/zyme/ros_ws/Autoware_sim_test/install/boost_udp_driver/lib:/home/zyme/ros_ws/Autoware_sim_test/install/robosense_msgs/lib:/home/zyme/ros_ws/Autoware_sim_test/install/pandar_msgs/lib:/home/zyme/ros_ws/Autoware_sim_test/install/nebula_common/lib:/home/zyme/ros_ws/Autoware_sim_test/install/boost_tcp_driver/lib:/home/zyme/ros_ws/Autoware_sim_test/install/boost_io_context/lib:${LD_LIBRARY_PATH} PYTHONPATH=/home/zyme/ros_ws/Autoware_sim_test/install/robosense_msgs/local/lib/python3.10/dist-packages:/home/zyme/ros_ws/Autoware_sim_test/install/pandar_msgs/local/lib/python3.10/dist-packages:${PYTHONPATH} /usr/bin/cmake --build /home/zyme/ros_ws/Autoware_sim_test/build/nebula_ros -- -j12 -l12
[41.496s] Invoking command in '/home/zyme/ros_ws/Autoware_sim_test/build/nebula_ros': AMENT_PREFIX_PATH=/home/zyme/ros_ws/Autoware_sim_test/install/nebula_hw_interfaces:/home/zyme/ros_ws/Autoware_sim_test/install/nebula_decoders:/home/zyme/ros_ws/Autoware_sim_test/install/boost_udp_driver:/home/zyme/ros_ws/Autoware_sim_test/install/robosense_msgs:/home/zyme/ros_ws/Autoware_sim_test/install/pandar_msgs:/home/zyme/ros_ws/Autoware_sim_test/install/nebula_common:/home/zyme/ros_ws/Autoware_sim_test/install/boost_tcp_driver:/home/zyme/ros_ws/Autoware_sim_test/install/boost_io_context:${AMENT_PREFIX_PATH} CMAKE_PREFIX_PATH=/home/zyme/ros_ws/Autoware_sim_test/install/nebula_hw_interfaces:/home/zyme/ros_ws/Autoware_sim_test/install/nebula_decoders:/home/zyme/ros_ws/Autoware_sim_test/install/boost_udp_driver:/home/zyme/ros_ws/Autoware_sim_test/install/robosense_msgs:/home/zyme/ros_ws/Autoware_sim_test/install/pandar_msgs:/home/zyme/ros_ws/Autoware_sim_test/install/nebula_common:/home/zyme/ros_ws/Autoware_sim_test/install/boost_tcp_driver:/home/zyme/ros_ws/Autoware_sim_test/install/boost_io_context:/opt/ros/humble LD_LIBRARY_PATH=/home/zyme/ros_ws/Autoware_sim_test/install/nebula_hw_interfaces/lib:/home/zyme/ros_ws/Autoware_sim_test/install/nebula_decoders/lib:/home/zyme/ros_ws/Autoware_sim_test/install/boost_udp_driver/lib:/home/zyme/ros_ws/Autoware_sim_test/install/robosense_msgs/lib:/home/zyme/ros_ws/Autoware_sim_test/install/pandar_msgs/lib:/home/zyme/ros_ws/Autoware_sim_test/install/nebula_common/lib:/home/zyme/ros_ws/Autoware_sim_test/install/boost_tcp_driver/lib:/home/zyme/ros_ws/Autoware_sim_test/install/boost_io_context/lib:${LD_LIBRARY_PATH} PYTHONPATH=/home/zyme/ros_ws/Autoware_sim_test/install/robosense_msgs/local/lib/python3.10/dist-packages:/home/zyme/ros_ws/Autoware_sim_test/install/pandar_msgs/local/lib/python3.10/dist-packages:${PYTHONPATH} /usr/bin/cmake --install /home/zyme/ros_ws/Autoware_sim_test/build/nebula_ros
[41.626s] -- Install configuration: "Release"
[41.626s] -- Execute custom install script
[41.626s] -- Up-to-date symlink: /home/zyme/ros_ws/Autoware_sim_test/install/nebula_ros/lib/nebula_ros/hesai_hw_interface_ros_wrapper_node
[41.626s] -- Up-to-date symlink: /home/zyme/ros_ws/Autoware_sim_test/install/nebula_ros/lib/nebula_ros/hesai_hw_monitor_ros_wrapper_node
[41.626s] -- Up-to-date symlink: /home/zyme/ros_ws/Autoware_sim_test/install/nebula_ros/lib/nebula_ros/hesai_driver_ros_wrapper_node
[41.626s] -- Up-to-date symlink: /home/zyme/ros_ws/Autoware_sim_test/install/nebula_ros/lib/nebula_ros/velodyne_hw_ros_wrapper_node
[41.626s] -- Up-to-date symlink: /home/zyme/ros_ws/Autoware_sim_test/install/nebula_ros/lib/nebula_ros/velodyne_hw_monitor_ros_wrapper_node
[41.627s] -- Up-to-date symlink: /home/zyme/ros_ws/Autoware_sim_test/install/nebula_ros/lib/nebula_ros/velodyne_driver_ros_wrapper_node
[41.627s] -- Up-to-date symlink: /home/zyme/ros_ws/Autoware_sim_test/install/nebula_ros/lib/nebula_ros/robosense_hw_interface_ros_wrapper_node
[41.627s] -- Up-to-date symlink: /home/zyme/ros_ws/Autoware_sim_test/install/nebula_ros/lib/nebula_ros/robosense_driver_ros_wrapper_node
[41.627s] -- Up-to-date symlink: /home/zyme/ros_ws/Autoware_sim_test/install/nebula_ros/lib/nebula_ros/robosense_hw_monitor_ros_wrapper_node
[41.627s] -- Up-to-date symlink: /home/zyme/ros_ws/Autoware_sim_test/install/nebula_ros/include/nebula_ros/common/nebula_driver_ros_wrapper_base.hpp
[41.627s] -- Up-to-date symlink: /home/zyme/ros_ws/Autoware_sim_test/install/nebula_ros/include/nebula_ros/common/nebula_hw_interface_ros_wrapper_base.hpp
[41.627s] -- Up-to-date symlink: /home/zyme/ros_ws/Autoware_sim_test/install/nebula_ros/include/nebula_ros/common/nebula_hw_monitor_ros_wrapper_base.hpp
[41.627s] -- Up-to-date symlink: /home/zyme/ros_ws/Autoware_sim_test/install/nebula_ros/include/nebula_ros/hesai/hesai_decoder_ros_wrapper.hpp
[41.627s] -- Up-to-date symlink: /home/zyme/ros_ws/Autoware_sim_test/install/nebula_ros/include/nebula_ros/hesai/hesai_hw_interface_ros_wrapper.hpp
[41.627s] -- Up-to-date symlink: /home/zyme/ros_ws/Autoware_sim_test/install/nebula_ros/include/nebula_ros/hesai/hesai_hw_monitor_ros_wrapper.hpp
[41.627s] -- Up-to-date symlink: /home/zyme/ros_ws/Autoware_sim_test/install/nebula_ros/include/nebula_ros/robosense/robosense_decoder_ros_wrapper.hpp
[41.627s] -- Up-to-date symlink: /home/zyme/ros_ws/Autoware_sim_test/install/nebula_ros/include/nebula_ros/robosense/robosense_hw_interface_ros_wrapper.hpp
[41.628s] -- Up-to-date symlink: /home/zyme/ros_ws/Autoware_sim_test/install/nebula_ros/include/nebula_ros/robosense/robosense_hw_monitor_ros_wrapper.hpp
[41.628s] -- Up-to-date symlink: /home/zyme/ros_ws/Autoware_sim_test/install/nebula_ros/include/nebula_ros/velodyne/velodyne_decoder_ros_wrapper.hpp
[41.628s] -- Up-to-date symlink: /home/zyme/ros_ws/Autoware_sim_test/install/nebula_ros/include/nebula_ros/velodyne/velodyne_hw_interface_ros_wrapper.hpp
[41.629s] -- Up-to-date symlink: /home/zyme/ros_ws/Autoware_sim_test/install/nebula_ros/include/nebula_ros/velodyne/velodyne_hw_monitor_ros_wrapper.hpp
[41.629s] -- Up-to-date symlink: /home/zyme/ros_ws/Autoware_sim_test/install/nebula_ros/share/nebula_ros/environment/library_path.sh
[41.629s] -- Up-to-date symlink: /home/zyme/ros_ws/Autoware_sim_test/install/nebula_ros/share/nebula_ros/environment/library_path.dsv
[41.629s] -- Up-to-date symlink: /home/zyme/ros_ws/Autoware_sim_test/install/nebula_ros/lib/libhesai_hw_ros_wrapper.so
[41.630s] -- Up-to-date symlink: /home/zyme/ros_ws/Autoware_sim_test/install/nebula_ros/lib/libhesai_hw_monitor_ros_wrapper.so
[41.630s] -- Up-to-date symlink: /home/zyme/ros_ws/Autoware_sim_test/install/nebula_ros/lib/libhesai_driver_ros_wrapper.so
[41.630s] -- Up-to-date symlink: /home/zyme/ros_ws/Autoware_sim_test/install/nebula_ros/lib/libvelodyne_hw_ros_wrapper.so
[41.630s] -- Up-to-date symlink: /home/zyme/ros_ws/Autoware_sim_test/install/nebula_ros/lib/libvelodyne_hw_monitor_ros_wrapper.so
[41.630s] -- Up-to-date symlink: /home/zyme/ros_ws/Autoware_sim_test/install/nebula_ros/lib/libvelodyne_driver_ros_wrapper.so
[41.631s] -- Up-to-date symlink: /home/zyme/ros_ws/Autoware_sim_test/install/nebula_ros/lib/librobosense_hw_ros_wrapper.so
[41.631s] -- Up-to-date symlink: /home/zyme/ros_ws/Autoware_sim_test/install/nebula_ros/lib/librobosense_driver_ros_wrapper.so
[41.631s] -- Up-to-date symlink: /home/zyme/ros_ws/Autoware_sim_test/install/nebula_ros/lib/librobosense_hw_monitor_ros_wrapper.so
[41.631s] -- Up-to-date symlink: /home/zyme/ros_ws/Autoware_sim_test/install/nebula_ros/share/nebula_ros/config/BaseParams.yaml
[41.631s] -- Up-to-date symlink: /home/zyme/ros_ws/Autoware_sim_test/install/nebula_ros/share/nebula_ros/config/hesai/Pandar128E4X.yaml
[41.632s] -- Up-to-date symlink: /home/zyme/ros_ws/Autoware_sim_test/install/nebula_ros/share/nebula_ros/config/hesai/Pandar40P.yaml
[41.632s] -- Up-to-date symlink: /home/zyme/ros_ws/Autoware_sim_test/install/nebula_ros/share/nebula_ros/config/hesai/Pandar64.yaml
[41.632s] -- Up-to-date symlink: /home/zyme/ros_ws/Autoware_sim_test/install/nebula_ros/share/nebula_ros/config/hesai/PandarAT128.yaml
[41.632s] -- Up-to-date symlink: /home/zyme/ros_ws/Autoware_sim_test/install/nebula_ros/share/nebula_ros/config/hesai/PandarQT128.yaml
[41.632s] -- Up-to-date symlink: /home/zyme/ros_ws/Autoware_sim_test/install/nebula_ros/share/nebula_ros/config/hesai/PandarQT64.yaml
[41.632s] -- Up-to-date symlink: /home/zyme/ros_ws/Autoware_sim_test/install/nebula_ros/share/nebula_ros/config/hesai/PandarXT32.yaml
[41.632s] -- Up-to-date symlink: /home/zyme/ros_ws/Autoware_sim_test/install/nebula_ros/share/nebula_ros/config/hesai/PandarXT32M.yaml
[41.633s] -- Up-to-date symlink: /home/zyme/ros_ws/Autoware_sim_test/install/nebula_ros/share/nebula_ros/config/robosense/Bpearl.yaml
[41.633s] -- Up-to-date symlink: /home/zyme/ros_ws/Autoware_sim_test/install/nebula_ros/share/nebula_ros/config/robosense/Helios.yaml
[41.633s] -- Up-to-date symlink: /home/zyme/ros_ws/Autoware_sim_test/install/nebula_ros/share/nebula_ros/config/velodyne/VLP16.yaml
[41.633s] -- Up-to-date symlink: /home/zyme/ros_ws/Autoware_sim_test/install/nebula_ros/share/nebula_ros/config/velodyne/VLP32.yaml
[41.633s] -- Up-to-date symlink: /home/zyme/ros_ws/Autoware_sim_test/install/nebula_ros/share/nebula_ros/config/velodyne/VLS128.yaml
[41.633s] -- Up-to-date symlink: /home/zyme/ros_ws/Autoware_sim_test/install/nebula_ros/share/nebula_ros/launch/hesai_launch_all_hw.xml
[41.633s] -- Up-to-date symlink: /home/zyme/ros_ws/Autoware_sim_test/install/nebula_ros/share/nebula_ros/launch/nebula_launch.py
[41.633s] -- Up-to-date symlink: /home/zyme/ros_ws/Autoware_sim_test/install/nebula_ros/share/nebula_ros/launch/robosense_launch.all_hw.xml
[41.634s] -- Up-to-date symlink: /home/zyme/ros_ws/Autoware_sim_test/install/nebula_ros/share/nebula_ros/launch/velodyne_launch_all_hw.xml
[41.634s] -- Up-to-date symlink: /home/zyme/ros_ws/Autoware_sim_test/install/nebula_ros/share/ament_index/resource_index/package_run_dependencies/nebula_ros
[41.634s] -- Up-to-date symlink: /home/zyme/ros_ws/Autoware_sim_test/install/nebula_ros/share/ament_index/resource_index/parent_prefix_path/nebula_ros
[41.634s] -- Up-to-date symlink: /home/zyme/ros_ws/Autoware_sim_test/install/nebula_ros/share/nebula_ros/environment/ament_prefix_path.sh
[41.634s] -- Up-to-date symlink: /home/zyme/ros_ws/Autoware_sim_test/install/nebula_ros/share/nebula_ros/environment/ament_prefix_path.dsv
[41.635s] -- Up-to-date symlink: /home/zyme/ros_ws/Autoware_sim_test/install/nebula_ros/share/nebula_ros/environment/path.sh
[41.635s] -- Up-to-date symlink: /home/zyme/ros_ws/Autoware_sim_test/install/nebula_ros/share/nebula_ros/environment/path.dsv
[41.635s] -- Up-to-date symlink: /home/zyme/ros_ws/Autoware_sim_test/install/nebula_ros/share/nebula_ros/local_setup.bash
[41.635s] -- Up-to-date symlink: /home/zyme/ros_ws/Autoware_sim_test/install/nebula_ros/share/nebula_ros/local_setup.sh
[41.635s] -- Up-to-date symlink: /home/zyme/ros_ws/Autoware_sim_test/install/nebula_ros/share/nebula_ros/local_setup.zsh
[41.635s] -- Up-to-date symlink: /home/zyme/ros_ws/Autoware_sim_test/install/nebula_ros/share/nebula_ros/local_setup.dsv
[41.635s] -- Symlinking: /home/zyme/ros_ws/Autoware_sim_test/install/nebula_ros/share/nebula_ros/package.dsv
[41.635s] -- Up-to-date symlink: /home/zyme/ros_ws/Autoware_sim_test/install/nebula_ros/share/ament_index/resource_index/packages/nebula_ros
[41.636s] -- Up-to-date symlink: /home/zyme/ros_ws/Autoware_sim_test/install/nebula_ros/share/ament_index/resource_index/rclcpp_components/nebula_ros
[41.636s] -- Up-to-date symlink: /home/zyme/ros_ws/Autoware_sim_test/install/nebula_ros/share/nebula_ros/cmake/ament_cmake_export_dependencies-extras.cmake
[41.636s] -- Up-to-date symlink: /home/zyme/ros_ws/Autoware_sim_test/install/nebula_ros/share/nebula_ros/cmake/ament_cmake_export_include_directories-extras.cmake
[41.636s] -- Up-to-date symlink: /home/zyme/ros_ws/Autoware_sim_test/install/nebula_ros/share/nebula_ros/cmake/ament_cmake_export_libraries-extras.cmake
[41.636s] -- Up-to-date symlink: /home/zyme/ros_ws/Autoware_sim_test/install/nebula_ros/share/nebula_ros/cmake/nebula_rosConfig.cmake
[41.637s] -- Up-to-date symlink: /home/zyme/ros_ws/Autoware_sim_test/install/nebula_ros/share/nebula_ros/cmake/nebula_rosConfig-version.cmake
[41.637s] -- Up-to-date symlink: /home/zyme/ros_ws/Autoware_sim_test/install/nebula_ros/share/nebula_ros/package.xml
[42.250s] Invoked command in '/home/zyme/ros_ws/Autoware_sim_test/build/nebula_ros' returned '0': AMENT_PREFIX_PATH=/home/zyme/ros_ws/Autoware_sim_test/install/nebula_hw_interfaces:/home/zyme/ros_ws/Autoware_sim_test/install/nebula_decoders:/home/zyme/ros_ws/Autoware_sim_test/install/boost_udp_driver:/home/zyme/ros_ws/Autoware_sim_test/install/robosense_msgs:/home/zyme/ros_ws/Autoware_sim_test/install/pandar_msgs:/home/zyme/ros_ws/Autoware_sim_test/install/nebula_common:/home/zyme/ros_ws/Autoware_sim_test/install/boost_tcp_driver:/home/zyme/ros_ws/Autoware_sim_test/install/boost_io_context:${AMENT_PREFIX_PATH} CMAKE_PREFIX_PATH=/home/zyme/ros_ws/Autoware_sim_test/install/nebula_hw_interfaces:/home/zyme/ros_ws/Autoware_sim_test/install/nebula_decoders:/home/zyme/ros_ws/Autoware_sim_test/install/boost_udp_driver:/home/zyme/ros_ws/Autoware_sim_test/install/robosense_msgs:/home/zyme/ros_ws/Autoware_sim_test/install/pandar_msgs:/home/zyme/ros_ws/Autoware_sim_test/install/nebula_common:/home/zyme/ros_ws/Autoware_sim_test/install/boost_tcp_driver:/home/zyme/ros_ws/Autoware_sim_test/install/boost_io_context:/opt/ros/humble LD_LIBRARY_PATH=/home/zyme/ros_ws/Autoware_sim_test/install/nebula_hw_interfaces/lib:/home/zyme/ros_ws/Autoware_sim_test/install/nebula_decoders/lib:/home/zyme/ros_ws/Autoware_sim_test/install/boost_udp_driver/lib:/home/zyme/ros_ws/Autoware_sim_test/install/robosense_msgs/lib:/home/zyme/ros_ws/Autoware_sim_test/install/pandar_msgs/lib:/home/zyme/ros_ws/Autoware_sim_test/install/nebula_common/lib:/home/zyme/ros_ws/Autoware_sim_test/install/boost_tcp_driver/lib:/home/zyme/ros_ws/Autoware_sim_test/install/boost_io_context/lib:${LD_LIBRARY_PATH} PYTHONPATH=/home/zyme/ros_ws/Autoware_sim_test/install/robosense_msgs/local/lib/python3.10/dist-packages:/home/zyme/ros_ws/Autoware_sim_test/install/pandar_msgs/local/lib/python3.10/dist-packages:${PYTHONPATH} /usr/bin/cmake --install /home/zyme/ros_ws/Autoware_sim_test/build/nebula_ros
