-- The C compiler identification is GNU 11.4.0
-- The CXX compiler identification is GNU 11.4.0
-- Detecting C compiler ABI info
-- Detecting C compiler ABI info - done
-- Check for working C compiler: /usr/bin/cc - skipped
-- Detecting C compile features
-- Detecting C compile features - done
-- Detecting CXX compiler ABI info
-- Detecting CXX compiler ABI info - done
-- Check for working CXX compiler: /usr/bin/c++ - skipped
-- Detecting CXX compile features
-- Detecting CXX compile features - done
-- Found autoware_cmake: 0.1.0 (/home/zyme/ros_ws/Autoware_sim_test/install/autoware_cmake/share/autoware_cmake/cmake)
-- Found Python3: /usr/bin/python3 (found version "3.10.12") found components: Interpreter 
-- Override CMake install command with custom implementation using symlinks instead of copying resources
-- Using all available rosidl_typesupport_c: rosidl_typesupport_fastrtps_c;rosidl_typesupport_introspection_c
-- Found rosidl_adapter: 3.1.5 (/opt/ros/humble/share/rosidl_adapter/cmake)
-- Using all available rosidl_typesupport_cpp: rosidl_typesupport_fastrtps_cpp;rosidl_typesupport_introspection_cpp
-- Found rmw_implementation_cmake: 6.1.1 (/opt/ros/humble/share/rmw_implementation_cmake/cmake)
-- Found rmw_cyclonedds_cpp: 1.3.4 (/opt/ros/humble/share/rmw_cyclonedds_cpp/cmake)
-- Using RMW implementation 'rmw_cyclonedds_cpp' as default
-- Looking for pthread.h
-- Looking for pthread.h - found
-- Performing Test CMAKE_HAVE_LIBC_PTHREAD
-- Performing Test CMAKE_HAVE_LIBC_PTHREAD - Success
-- Found Threads: TRUE  
-- Found eigen3_cmake_module: 0.1.1 (/opt/ros/humble/share/eigen3_cmake_module/cmake)
-- Found Eigen3: TRUE (found version "3.4.0") 
-- Ensuring Eigen3 include directory is part of orocos-kdl CMake target
-- Checking for module 'eigen3'
--   Found eigen3, version 3.4.0
-- Found Eigen: /usr/include/eigen3 (Required is at least version "3.1") 
-- Eigen found (include: /usr/include/eigen3, version: 3.4.0)
-- Checking for module 'flann'
--   Found flann, version 1.9.1
-- Found FLANN: /usr/lib/x86_64-linux-gnu/libflann_cpp.so  
-- FLANN found (include: /usr/include, lib: /usr/lib/x86_64-linux-gnu/libflann_cpp.so)
-- Checking for module 'libusb-1.0'
--   Found libusb-1.0, version 1.0.25
-- Found libusb: /usr/lib/x86_64-linux-gnu/libusb-1.0.so  
-- OpenNI found (version: 1.5.4.0, include: /usr/include/ni, lib: /usr/lib/libOpenNI.so;libusb::libusb)
-- OpenNI2 found (version: 2.2.0.33, include: /usr/include/openni2, lib: /usr/lib/x86_64-linux-gnu/libOpenNI2.so;libusb::libusb)
-- Eigen found (include: /usr/include/eigen3, version: 3.4.0)
-- OpenNI found (version: 1.5.4.0, include: /usr/include/ni, lib: /usr/lib/libOpenNI.so;libusb::libusb)
-- OpenNI2 found (version: 2.2.0.33, include: /usr/include/openni2, lib: /usr/lib/x86_64-linux-gnu/libOpenNI2.so;libusb::libusb)
-- Found Qhull version 8.0.2
-- OpenNI found (version: 1.5.4.0, include: /usr/include/ni, lib: /usr/lib/libOpenNI.so;libusb::libusb)
-- Found PCL_COMMON: /usr/lib/x86_64-linux-gnu/libpcl_common.so  
-- Found PCL_KDTREE: /usr/lib/x86_64-linux-gnu/libpcl_kdtree.so  
-- Found PCL_OCTREE: /usr/lib/x86_64-linux-gnu/libpcl_octree.so  
-- Found PCL_SEARCH: /usr/lib/x86_64-linux-gnu/libpcl_search.so  
-- Found PCL_SAMPLE_CONSENSUS: /usr/lib/x86_64-linux-gnu/libpcl_sample_consensus.so  
-- Found PCL_FILTERS: /usr/lib/x86_64-linux-gnu/libpcl_filters.so  
-- Found PCL_2D: /usr/include/pcl-1.12  
-- Found PCL_GEOMETRY: /usr/include/pcl-1.12  
-- Found PCL_IO: /usr/lib/x86_64-linux-gnu/libpcl_io.so  
-- Found PCL_FEATURES: /usr/lib/x86_64-linux-gnu/libpcl_features.so  
-- Found PCL_ML: /usr/lib/x86_64-linux-gnu/libpcl_ml.so  
-- Found PCL_SEGMENTATION: /usr/lib/x86_64-linux-gnu/libpcl_segmentation.so  
-- Found PCL_VISUALIZATION: /usr/lib/x86_64-linux-gnu/libpcl_visualization.so  
-- Found PCL_SURFACE: /usr/lib/x86_64-linux-gnu/libpcl_surface.so  
-- Found PCL_REGISTRATION: /usr/lib/x86_64-linux-gnu/libpcl_registration.so  
-- Found PCL_KEYPOINTS: /usr/lib/x86_64-linux-gnu/libpcl_keypoints.so  
-- Found PCL_TRACKING: /usr/lib/x86_64-linux-gnu/libpcl_tracking.so  
-- Found PCL_RECOGNITION: /usr/lib/x86_64-linux-gnu/libpcl_recognition.so  
-- Found PCL_STEREO: /usr/lib/x86_64-linux-gnu/libpcl_stereo.so  
-- Found PCL_APPS: /usr/lib/x86_64-linux-gnu/libpcl_apps.so  
-- Found PCL_IN_HAND_SCANNER: /usr/include/pcl-1.12  
-- Found PCL_MODELER: /usr/include/pcl-1.12  
-- Found PCL_POINT_CLOUD_EDITOR: /usr/include/pcl-1.12  
-- Found PCL_OUTOFCORE: /usr/lib/x86_64-linux-gnu/libpcl_outofcore.so  
-- Found PCL_PEOPLE: /usr/lib/x86_64-linux-gnu/libpcl_people.so  
-- Found ament_lint_auto: 0.12.10 (/opt/ros/humble/share/ament_lint_auto/cmake)
-- Using all available rosidl_typesupport_c: rosidl_typesupport_fastrtps_c;rosidl_typesupport_introspection_c
-- Using all available rosidl_typesupport_cpp: rosidl_typesupport_fastrtps_cpp;rosidl_typesupport_introspection_cpp
-- Found PythonInterp: /usr/bin/python3 (found suitable version "3.10.12", minimum required is "3.6") 
-- Found python_cmake_module: 0.10.0 (/opt/ros/humble/share/python_cmake_module/cmake)
-- Found PythonLibs: /usr/lib/x86_64-linux-gnu/libpython3.10.so (found suitable version "3.10.12", minimum required is "3.5") 
-- Using PYTHON_EXECUTABLE: /usr/bin/python3
-- Using PYTHON_INCLUDE_DIRS: /usr/include/python3.10
-- Using PYTHON_LIBRARIES: /usr/lib/x86_64-linux-gnu/libpython3.10.so
-- Found PythonExtra: .so  
-- Found gtest sources under '/opt/ros/humble/src/gtest_vendor': C++ tests using 'Google Test' will be built
-- Added test 'copyright' to check source files copyright and LICENSE
-- Added test 'cppcheck' to perform static code analysis on C / C++ code
-- Configured cppcheck include dirs: /home/zyme/ros_ws/Autoware_sim_test/src/autoware/src/universe/autoware.universe/simulator/dummy_perception_publisher/include;$<BUILD_INTERFACE:/home/zyme/ros_ws/Autoware_sim_test/src/autoware/src/universe/autoware.universe/simulator/dummy_perception_publisher/include>
-- Configured cppcheck exclude dirs and/or files: 
-- Added test 'lint_cmake' to check CMake code style
-- Added test 'xmllint' to check XML markup files
-- Configuring done
-- Generating done
-- Build files have been written to: /home/zyme/ros_ws/Autoware_sim_test/build/dummy_perception_publisher
[  1%] [34m[1mGenerating C code for ROS interfaces[0m
[  3%] [32mBuilding CXX object gtest/CMakeFiles/gtest.dir/src/gtest-all.cc.o[0m
[  5%] [32mBuilding CXX object gtest/CMakeFiles/gtest_main.dir/src/gtest_main.cc.o[0m
[  7%] [32mBuilding CXX object CMakeFiles/signed_distance_function.dir/src/signed_distance_function.cpp.o[0m
[  9%] [34m[1mGenerating C++ code for ROS interfaces[0m
[  9%] Built target ament_cmake_python_symlink_dummy_perception_publisher
running egg_info
creating dummy_perception_publisher.egg-info
writing dummy_perception_publisher.egg-info/PKG-INFO
writing dependency_links to dummy_perception_publisher.egg-info/dependency_links.txt
writing top-level names to dummy_perception_publisher.egg-info/top_level.txt
writing manifest file 'dummy_perception_publisher.egg-info/SOURCES.txt'
reading manifest file 'dummy_perception_publisher.egg-info/SOURCES.txt'
writing manifest file 'dummy_perception_publisher.egg-info/SOURCES.txt'
[  9%] Built target dummy_perception_publisher__cpp
[  9%] Built target ament_cmake_python_build_dummy_perception_publisher_egg
[ 13%] [34m[1mGenerating C++ type support dispatch for ROS interfaces[0m
[ 15%] [34m[1mGenerating C++ introspection for ROS interfaces[0m
[ 15%] [34m[1mGenerating C++ type support for eProsima Fast-RTPS[0m
[ 18%] [32mBuilding C object CMakeFiles/dummy_perception_publisher__rosidl_generator_c.dir/rosidl_generator_c/dummy_perception_publisher/msg/detail/object__functions.c.o[0m
[ 18%] [32mBuilding C object CMakeFiles/dummy_perception_publisher__rosidl_generator_c.dir/rosidl_generator_c/dummy_perception_publisher/msg/detail/initial_state__functions.c.o[0m
[ 20%] [32m[1mLinking C shared library libdummy_perception_publisher__rosidl_generator_c.so[0m
[ 20%] Built target dummy_perception_publisher__rosidl_generator_c
[ 22%] [34m[1mGenerating C type support dispatch for ROS interfaces[0m
[ 26%] [34m[1mGenerating C type support for eProsima Fast-RTPS[0m
[ 26%] [34m[1mGenerating C introspection for ROS interfaces[0m
[ 28%] [32mBuilding CXX object CMakeFiles/dummy_perception_publisher__rosidl_typesupport_cpp.dir/rosidl_typesupport_cpp/dummy_perception_publisher/msg/initial_state__type_support.cpp.o[0m
[ 30%] [32mBuilding CXX object CMakeFiles/dummy_perception_publisher__rosidl_typesupport_cpp.dir/rosidl_typesupport_cpp/dummy_perception_publisher/msg/object__type_support.cpp.o[0m
[ 32%] [32m[1mLinking CXX shared library libsigned_distance_function.so[0m
[ 33%] [32mBuilding CXX object CMakeFiles/dummy_perception_publisher__rosidl_typesupport_fastrtps_cpp.dir/rosidl_typesupport_fastrtps_cpp/dummy_perception_publisher/msg/detail/dds_fastrtps/initial_state__type_support.cpp.o[0m
[ 35%] [32mBuilding CXX object CMakeFiles/dummy_perception_publisher__rosidl_typesupport_fastrtps_cpp.dir/rosidl_typesupport_fastrtps_cpp/dummy_perception_publisher/msg/detail/dds_fastrtps/object__type_support.cpp.o[0m
[ 39%] [32mBuilding CXX object CMakeFiles/dummy_perception_publisher__rosidl_typesupport_introspection_cpp.dir/rosidl_typesupport_introspection_cpp/dummy_perception_publisher/msg/detail/initial_state__type_support.cpp.o[0m
[ 39%] [32mBuilding CXX object CMakeFiles/dummy_perception_publisher__rosidl_typesupport_introspection_cpp.dir/rosidl_typesupport_introspection_cpp/dummy_perception_publisher/msg/detail/object__type_support.cpp.o[0m
[ 41%] [32mBuilding CXX object CMakeFiles/dummy_perception_publisher__rosidl_typesupport_c.dir/rosidl_typesupport_c/dummy_perception_publisher/msg/initial_state__type_support.cpp.o[0m
[ 43%] [32mBuilding CXX object CMakeFiles/dummy_perception_publisher__rosidl_typesupport_c.dir/rosidl_typesupport_c/dummy_perception_publisher/msg/object__type_support.cpp.o[0m
[ 45%] [32m[1mLinking CXX shared library libdummy_perception_publisher__rosidl_typesupport_cpp.so[0m
[ 47%] [32mBuilding CXX object CMakeFiles/dummy_perception_publisher__rosidl_typesupport_fastrtps_c.dir/rosidl_typesupport_fastrtps_c/dummy_perception_publisher/msg/detail/initial_state__type_support_c.cpp.o[0m
[ 49%] [32mBuilding CXX object CMakeFiles/dummy_perception_publisher__rosidl_typesupport_fastrtps_c.dir/rosidl_typesupport_fastrtps_c/dummy_perception_publisher/msg/detail/object__type_support_c.cpp.o[0m
[ 50%] [32mBuilding C object CMakeFiles/dummy_perception_publisher__rosidl_typesupport_introspection_c.dir/rosidl_typesupport_introspection_c/dummy_perception_publisher/msg/detail/initial_state__type_support.c.o[0m
[ 52%] [32m[1mLinking CXX shared library libdummy_perception_publisher__rosidl_typesupport_c.so[0m
[ 52%] Built target dummy_perception_publisher__rosidl_typesupport_cpp
[ 54%] [32mBuilding C object CMakeFiles/dummy_perception_publisher__rosidl_typesupport_introspection_c.dir/rosidl_typesupport_introspection_c/dummy_perception_publisher/msg/detail/object__type_support.c.o[0m
[ 54%] Built target dummy_perception_publisher__rosidl_typesupport_c
[ 56%] [32m[1mLinking C shared library libdummy_perception_publisher__rosidl_typesupport_introspection_c.so[0m
[ 56%] Built target dummy_perception_publisher__rosidl_typesupport_introspection_c
[ 58%] [32m[1mLinking CXX static library libgtest_main.a[0m
[ 58%] Built target gtest_main
[ 60%] [32m[1mLinking CXX shared library libdummy_perception_publisher__rosidl_typesupport_introspection_cpp.so[0m
[ 62%] [32m[1mLinking CXX shared library libdummy_perception_publisher__rosidl_typesupport_fastrtps_cpp.so[0m
[ 62%] Built target dummy_perception_publisher__rosidl_typesupport_introspection_cpp
[ 62%] Built target dummy_perception_publisher__rosidl_typesupport_fastrtps_cpp
[ 64%] [32m[1mLinking CXX shared library libdummy_perception_publisher__rosidl_typesupport_fastrtps_c.so[0m
[ 64%] Built target dummy_perception_publisher__rosidl_typesupport_fastrtps_c
[ 64%] Built target dummy_perception_publisher
[ 66%] [34m[1mGenerating Python code for ROS interfaces[0m
[ 66%] Built target dummy_perception_publisher__py
[ 69%] [32mBuilding C object CMakeFiles/dummy_perception_publisher__rosidl_generator_py.dir/rosidl_generator_py/dummy_perception_publisher/msg/_object_s.c.o[0m
[ 69%] [32mBuilding C object CMakeFiles/dummy_perception_publisher__rosidl_generator_py.dir/rosidl_generator_py/dummy_perception_publisher/msg/_initial_state_s.c.o[0m
[ 71%] [32m[1mLinking C shared library rosidl_generator_py/dummy_perception_publisher/libdummy_perception_publisher__rosidl_generator_py.so[0m
[ 71%] Built target dummy_perception_publisher__rosidl_generator_py
[ 77%] [32mBuilding C object CMakeFiles/dummy_perception_publisher__rosidl_typesupport_c__pyext.dir/rosidl_generator_py/dummy_perception_publisher/_dummy_perception_publisher_s.ep.rosidl_typesupport_c.c.o[0m
[ 77%] [32mBuilding C object CMakeFiles/dummy_perception_publisher__rosidl_typesupport_introspection_c__pyext.dir/rosidl_generator_py/dummy_perception_publisher/_dummy_perception_publisher_s.ep.rosidl_typesupport_introspection_c.c.o[0m
[ 77%] [32mBuilding C object CMakeFiles/dummy_perception_publisher__rosidl_typesupport_fastrtps_c__pyext.dir/rosidl_generator_py/dummy_perception_publisher/_dummy_perception_publisher_s.ep.rosidl_typesupport_fastrtps_c.c.o[0m
[ 79%] [32m[1mLinking C shared library rosidl_generator_py/dummy_perception_publisher/dummy_perception_publisher_s__rosidl_typesupport_c.cpython-310-x86_64-linux-gnu.so[0m
[ 83%] [32m[1mLinking C shared library rosidl_generator_py/dummy_perception_publisher/dummy_perception_publisher_s__rosidl_typesupport_introspection_c.cpython-310-x86_64-linux-gnu.so[0m
[ 83%] [32m[1mLinking C shared library rosidl_generator_py/dummy_perception_publisher/dummy_perception_publisher_s__rosidl_typesupport_fastrtps_c.cpython-310-x86_64-linux-gnu.so[0m
[ 83%] Built target dummy_perception_publisher__rosidl_typesupport_c__pyext
[ 83%] Built target dummy_perception_publisher__rosidl_typesupport_fastrtps_c__pyext
[ 83%] Built target dummy_perception_publisher__rosidl_typesupport_introspection_c__pyext
[ 84%] [32m[1mLinking CXX static library libgtest.a[0m
[ 84%] Built target gtest
[ 84%] Built target signed_distance_function
[ 88%] [32mBuilding CXX object CMakeFiles/signed_distance_function-test.dir/test/src/test_signed_distance_function.cpp.o[0m
[ 88%] [32mBuilding CXX object CMakeFiles/empty_objects_publisher.dir/src/empty_objects_publisher.cpp.o[0m
[ 90%] [32mBuilding CXX object CMakeFiles/dummy_perception_publisher_node.dir/src/main.cpp.o[0m
[ 92%] [32mBuilding CXX object CMakeFiles/dummy_perception_publisher_node.dir/src/node.cpp.o[0m
[ 94%] [32mBuilding CXX object CMakeFiles/dummy_perception_publisher_node.dir/src/pointcloud_creator.cpp.o[0m
[ 96%] [32m[1mLinking CXX executable signed_distance_function-test[0m
[ 98%] [32m[1mLinking CXX executable empty_objects_publisher[0m
[ 98%] Built target empty_objects_publisher
[ 98%] Built target signed_distance_function-test
[100%] [32m[1mLinking CXX executable dummy_perception_publisher_node[0m
[100%] Built target dummy_perception_publisher_node
-- Install configuration: "Release"
-- Execute custom install script
-- Symlinking: /home/zyme/ros_ws/Autoware_sim_test/install/dummy_perception_publisher/share/ament_index/resource_index/rosidl_interfaces/dummy_perception_publisher
-- Symlinking: /home/zyme/ros_ws/Autoware_sim_test/install/dummy_perception_publisher/include/dummy_perception_publisher/dummy_perception_publisher/msg/detail/initial_state__functions.h
-- Symlinking: /home/zyme/ros_ws/Autoware_sim_test/install/dummy_perception_publisher/include/dummy_perception_publisher/dummy_perception_publisher/msg/detail/initial_state__struct.h
-- Symlinking: /home/zyme/ros_ws/Autoware_sim_test/install/dummy_perception_publisher/include/dummy_perception_publisher/dummy_perception_publisher/msg/detail/initial_state__type_support.h
-- Symlinking: /home/zyme/ros_ws/Autoware_sim_test/install/dummy_perception_publisher/include/dummy_perception_publisher/dummy_perception_publisher/msg/detail/object__functions.h
-- Symlinking: /home/zyme/ros_ws/Autoware_sim_test/install/dummy_perception_publisher/include/dummy_perception_publisher/dummy_perception_publisher/msg/detail/object__struct.h
-- Symlinking: /home/zyme/ros_ws/Autoware_sim_test/install/dummy_perception_publisher/include/dummy_perception_publisher/dummy_perception_publisher/msg/detail/object__type_support.h
-- Symlinking: /home/zyme/ros_ws/Autoware_sim_test/install/dummy_perception_publisher/include/dummy_perception_publisher/dummy_perception_publisher/msg/initial_state.h
-- Symlinking: /home/zyme/ros_ws/Autoware_sim_test/install/dummy_perception_publisher/include/dummy_perception_publisher/dummy_perception_publisher/msg/object.h
-- Symlinking: /home/zyme/ros_ws/Autoware_sim_test/install/dummy_perception_publisher/include/dummy_perception_publisher/dummy_perception_publisher/msg/rosidl_generator_c__visibility_control.h
-- Symlinking: /home/zyme/ros_ws/Autoware_sim_test/install/dummy_perception_publisher/share/dummy_perception_publisher/environment/library_path.sh
-- Symlinking: /home/zyme/ros_ws/Autoware_sim_test/install/dummy_perception_publisher/share/dummy_perception_publisher/environment/library_path.dsv
-- Symlinking: /home/zyme/ros_ws/Autoware_sim_test/install/dummy_perception_publisher/include/dummy_perception_publisher/dummy_perception_publisher/msg/detail/initial_state__rosidl_typesupport_fastrtps_c.h
-- Symlinking: /home/zyme/ros_ws/Autoware_sim_test/install/dummy_perception_publisher/include/dummy_perception_publisher/dummy_perception_publisher/msg/detail/object__rosidl_typesupport_fastrtps_c.h
-- Symlinking: /home/zyme/ros_ws/Autoware_sim_test/install/dummy_perception_publisher/include/dummy_perception_publisher/dummy_perception_publisher/msg/rosidl_typesupport_fastrtps_c__visibility_control.h
-- Symlinking: /home/zyme/ros_ws/Autoware_sim_test/install/dummy_perception_publisher/include/dummy_perception_publisher/dummy_perception_publisher/msg/detail/initial_state__rosidl_typesupport_introspection_c.h
-- Symlinking: /home/zyme/ros_ws/Autoware_sim_test/install/dummy_perception_publisher/include/dummy_perception_publisher/dummy_perception_publisher/msg/detail/object__rosidl_typesupport_introspection_c.h
-- Symlinking: /home/zyme/ros_ws/Autoware_sim_test/install/dummy_perception_publisher/include/dummy_perception_publisher/dummy_perception_publisher/msg/rosidl_typesupport_introspection_c__visibility_control.h
-- Symlinking: /home/zyme/ros_ws/Autoware_sim_test/install/dummy_perception_publisher/include/dummy_perception_publisher/dummy_perception_publisher/msg/detail/initial_state__builder.hpp
-- Symlinking: /home/zyme/ros_ws/Autoware_sim_test/install/dummy_perception_publisher/include/dummy_perception_publisher/dummy_perception_publisher/msg/detail/initial_state__struct.hpp
-- Symlinking: /home/zyme/ros_ws/Autoware_sim_test/install/dummy_perception_publisher/include/dummy_perception_publisher/dummy_perception_publisher/msg/detail/initial_state__traits.hpp
-- Symlinking: /home/zyme/ros_ws/Autoware_sim_test/install/dummy_perception_publisher/include/dummy_perception_publisher/dummy_perception_publisher/msg/detail/object__builder.hpp
-- Symlinking: /home/zyme/ros_ws/Autoware_sim_test/install/dummy_perception_publisher/include/dummy_perception_publisher/dummy_perception_publisher/msg/detail/object__struct.hpp
-- Symlinking: /home/zyme/ros_ws/Autoware_sim_test/install/dummy_perception_publisher/include/dummy_perception_publisher/dummy_perception_publisher/msg/detail/object__traits.hpp
-- Symlinking: /home/zyme/ros_ws/Autoware_sim_test/install/dummy_perception_publisher/include/dummy_perception_publisher/dummy_perception_publisher/msg/initial_state.hpp
-- Symlinking: /home/zyme/ros_ws/Autoware_sim_test/install/dummy_perception_publisher/include/dummy_perception_publisher/dummy_perception_publisher/msg/object.hpp
-- Symlinking: /home/zyme/ros_ws/Autoware_sim_test/install/dummy_perception_publisher/include/dummy_perception_publisher/dummy_perception_publisher/msg/detail/initial_state__rosidl_typesupport_fastrtps_cpp.hpp
-- Symlinking: /home/zyme/ros_ws/Autoware_sim_test/install/dummy_perception_publisher/include/dummy_perception_publisher/dummy_perception_publisher/msg/detail/object__rosidl_typesupport_fastrtps_cpp.hpp
-- Symlinking: /home/zyme/ros_ws/Autoware_sim_test/install/dummy_perception_publisher/include/dummy_perception_publisher/dummy_perception_publisher/msg/rosidl_typesupport_fastrtps_cpp__visibility_control.h
-- Symlinking: /home/zyme/ros_ws/Autoware_sim_test/install/dummy_perception_publisher/include/dummy_perception_publisher/dummy_perception_publisher/msg/detail/initial_state__rosidl_typesupport_introspection_cpp.hpp
-- Symlinking: /home/zyme/ros_ws/Autoware_sim_test/install/dummy_perception_publisher/include/dummy_perception_publisher/dummy_perception_publisher/msg/detail/object__rosidl_typesupport_introspection_cpp.hpp
-- Symlinking: /home/zyme/ros_ws/Autoware_sim_test/install/dummy_perception_publisher/share/dummy_perception_publisher/environment/pythonpath.sh
-- Symlinking: /home/zyme/ros_ws/Autoware_sim_test/install/dummy_perception_publisher/share/dummy_perception_publisher/environment/pythonpath.dsv
-- Symlinking: /home/zyme/ros_ws/Autoware_sim_test/install/dummy_perception_publisher/local/lib/python3.10/dist-packages/dummy_perception_publisher-0.1.0-py3.10.egg-info/PKG-INFO
-- Symlinking: /home/zyme/ros_ws/Autoware_sim_test/install/dummy_perception_publisher/local/lib/python3.10/dist-packages/dummy_perception_publisher-0.1.0-py3.10.egg-info/SOURCES.txt
-- Symlinking: /home/zyme/ros_ws/Autoware_sim_test/install/dummy_perception_publisher/local/lib/python3.10/dist-packages/dummy_perception_publisher-0.1.0-py3.10.egg-info/dependency_links.txt
-- Symlinking: /home/zyme/ros_ws/Autoware_sim_test/install/dummy_perception_publisher/local/lib/python3.10/dist-packages/dummy_perception_publisher-0.1.0-py3.10.egg-info/top_level.txt
-- Symlinking: /home/zyme/ros_ws/Autoware_sim_test/install/dummy_perception_publisher/local/lib/python3.10/dist-packages/dummy_perception_publisher/__init__.py
-- Symlinking: /home/zyme/ros_ws/Autoware_sim_test/install/dummy_perception_publisher/local/lib/python3.10/dist-packages/dummy_perception_publisher/_dummy_perception_publisher_s.ep.rosidl_typesupport_c.c
-- Symlinking: /home/zyme/ros_ws/Autoware_sim_test/install/dummy_perception_publisher/local/lib/python3.10/dist-packages/dummy_perception_publisher/_dummy_perception_publisher_s.ep.rosidl_typesupport_fastrtps_c.c
-- Symlinking: /home/zyme/ros_ws/Autoware_sim_test/install/dummy_perception_publisher/local/lib/python3.10/dist-packages/dummy_perception_publisher/_dummy_perception_publisher_s.ep.rosidl_typesupport_introspection_c.c
-- Symlinking: /home/zyme/ros_ws/Autoware_sim_test/install/dummy_perception_publisher/local/lib/python3.10/dist-packages/dummy_perception_publisher/dummy_perception_publisher_s__rosidl_typesupport_c.cpython-310-x86_64-linux-gnu.so
-- Symlinking: /home/zyme/ros_ws/Autoware_sim_test/install/dummy_perception_publisher/local/lib/python3.10/dist-packages/dummy_perception_publisher/dummy_perception_publisher_s__rosidl_typesupport_fastrtps_c.cpython-310-x86_64-linux-gnu.so
-- Symlinking: /home/zyme/ros_ws/Autoware_sim_test/install/dummy_perception_publisher/local/lib/python3.10/dist-packages/dummy_perception_publisher/dummy_perception_publisher_s__rosidl_typesupport_introspection_c.cpython-310-x86_64-linux-gnu.so
-- Symlinking: /home/zyme/ros_ws/Autoware_sim_test/install/dummy_perception_publisher/local/lib/python3.10/dist-packages/dummy_perception_publisher/libdummy_perception_publisher__rosidl_generator_py.so
-- Symlinking: /home/zyme/ros_ws/Autoware_sim_test/install/dummy_perception_publisher/local/lib/python3.10/dist-packages/dummy_perception_publisher/msg/__init__.py
-- Symlinking: /home/zyme/ros_ws/Autoware_sim_test/install/dummy_perception_publisher/local/lib/python3.10/dist-packages/dummy_perception_publisher/msg/_initial_state.py
-- Symlinking: /home/zyme/ros_ws/Autoware_sim_test/install/dummy_perception_publisher/local/lib/python3.10/dist-packages/dummy_perception_publisher/msg/_initial_state_s.c
-- Symlinking: /home/zyme/ros_ws/Autoware_sim_test/install/dummy_perception_publisher/local/lib/python3.10/dist-packages/dummy_perception_publisher/msg/_object.py
-- Symlinking: /home/zyme/ros_ws/Autoware_sim_test/install/dummy_perception_publisher/local/lib/python3.10/dist-packages/dummy_perception_publisher/msg/_object_s.c
-- Up-to-date symlink: /home/zyme/ros_ws/Autoware_sim_test/install/dummy_perception_publisher/local/lib/python3.10/dist-packages/dummy_perception_publisher/dummy_perception_publisher_s__rosidl_typesupport_fastrtps_c.cpython-310-x86_64-linux-gnu.so
-- Up-to-date symlink: /home/zyme/ros_ws/Autoware_sim_test/install/dummy_perception_publisher/local/lib/python3.10/dist-packages/dummy_perception_publisher/dummy_perception_publisher_s__rosidl_typesupport_introspection_c.cpython-310-x86_64-linux-gnu.so
-- Up-to-date symlink: /home/zyme/ros_ws/Autoware_sim_test/install/dummy_perception_publisher/local/lib/python3.10/dist-packages/dummy_perception_publisher/dummy_perception_publisher_s__rosidl_typesupport_c.cpython-310-x86_64-linux-gnu.so
-- Symlinking: /home/zyme/ros_ws/Autoware_sim_test/install/dummy_perception_publisher/share/dummy_perception_publisher/msg/InitialState.idl
-- Symlinking: /home/zyme/ros_ws/Autoware_sim_test/install/dummy_perception_publisher/share/dummy_perception_publisher/msg/Object.idl
-- Symlinking: /home/zyme/ros_ws/Autoware_sim_test/install/dummy_perception_publisher/share/dummy_perception_publisher/msg/InitialState.msg
-- Symlinking: /home/zyme/ros_ws/Autoware_sim_test/install/dummy_perception_publisher/share/dummy_perception_publisher/msg/Object.msg
-- Symlinking: /home/zyme/ros_ws/Autoware_sim_test/install/dummy_perception_publisher/include/dummy_perception_publisher/node.hpp
-- Symlinking: /home/zyme/ros_ws/Autoware_sim_test/install/dummy_perception_publisher/include/dummy_perception_publisher/signed_distance_function.hpp
-- Symlinking: /home/zyme/ros_ws/Autoware_sim_test/install/dummy_perception_publisher/lib/libsigned_distance_function.so
-- Symlinking: /home/zyme/ros_ws/Autoware_sim_test/install/dummy_perception_publisher/lib/dummy_perception_publisher/dummy_perception_publisher_node
-- Symlinking: /home/zyme/ros_ws/Autoware_sim_test/install/dummy_perception_publisher/lib/dummy_perception_publisher/empty_objects_publisher
-- Symlinking: /home/zyme/ros_ws/Autoware_sim_test/install/dummy_perception_publisher/share/dummy_perception_publisher/launch/dummy_perception_publisher.launch.xml
-- Symlinking: /home/zyme/ros_ws/Autoware_sim_test/install/dummy_perception_publisher/share/ament_index/resource_index/package_run_dependencies/dummy_perception_publisher
-- Symlinking: /home/zyme/ros_ws/Autoware_sim_test/install/dummy_perception_publisher/share/ament_index/resource_index/parent_prefix_path/dummy_perception_publisher
-- Symlinking: /home/zyme/ros_ws/Autoware_sim_test/install/dummy_perception_publisher/share/dummy_perception_publisher/environment/ament_prefix_path.sh
-- Symlinking: /home/zyme/ros_ws/Autoware_sim_test/install/dummy_perception_publisher/share/dummy_perception_publisher/environment/ament_prefix_path.dsv
-- Symlinking: /home/zyme/ros_ws/Autoware_sim_test/install/dummy_perception_publisher/share/dummy_perception_publisher/environment/path.sh
-- Symlinking: /home/zyme/ros_ws/Autoware_sim_test/install/dummy_perception_publisher/share/dummy_perception_publisher/environment/path.dsv
-- Symlinking: /home/zyme/ros_ws/Autoware_sim_test/install/dummy_perception_publisher/share/dummy_perception_publisher/local_setup.bash
-- Symlinking: /home/zyme/ros_ws/Autoware_sim_test/install/dummy_perception_publisher/share/dummy_perception_publisher/local_setup.sh
-- Symlinking: /home/zyme/ros_ws/Autoware_sim_test/install/dummy_perception_publisher/share/dummy_perception_publisher/local_setup.zsh
-- Symlinking: /home/zyme/ros_ws/Autoware_sim_test/install/dummy_perception_publisher/share/dummy_perception_publisher/local_setup.dsv
-- Symlinking: /home/zyme/ros_ws/Autoware_sim_test/install/dummy_perception_publisher/share/dummy_perception_publisher/package.dsv
-- Symlinking: /home/zyme/ros_ws/Autoware_sim_test/install/dummy_perception_publisher/share/ament_index/resource_index/packages/dummy_perception_publisher
-- Symlinking: /home/zyme/ros_ws/Autoware_sim_test/install/dummy_perception_publisher/share/dummy_perception_publisher/cmake/rosidl_cmake-extras.cmake
-- Symlinking: /home/zyme/ros_ws/Autoware_sim_test/install/dummy_perception_publisher/share/dummy_perception_publisher/cmake/ament_cmake_export_dependencies-extras.cmake
-- Symlinking: /home/zyme/ros_ws/Autoware_sim_test/install/dummy_perception_publisher/share/dummy_perception_publisher/cmake/ament_cmake_export_include_directories-extras.cmake
-- Symlinking: /home/zyme/ros_ws/Autoware_sim_test/install/dummy_perception_publisher/share/dummy_perception_publisher/cmake/ament_cmake_export_libraries-extras.cmake
-- Symlinking: /home/zyme/ros_ws/Autoware_sim_test/install/dummy_perception_publisher/share/dummy_perception_publisher/cmake/ament_cmake_export_targets-extras.cmake
-- Symlinking: /home/zyme/ros_ws/Autoware_sim_test/install/dummy_perception_publisher/share/dummy_perception_publisher/cmake/rosidl_cmake_export_typesupport_targets-extras.cmake
-- Symlinking: /home/zyme/ros_ws/Autoware_sim_test/install/dummy_perception_publisher/share/dummy_perception_publisher/cmake/rosidl_cmake_export_typesupport_libraries-extras.cmake
-- Symlinking: /home/zyme/ros_ws/Autoware_sim_test/install/dummy_perception_publisher/share/dummy_perception_publisher/cmake/dummy_perception_publisherConfig.cmake
-- Symlinking: /home/zyme/ros_ws/Autoware_sim_test/install/dummy_perception_publisher/share/dummy_perception_publisher/cmake/dummy_perception_publisherConfig-version.cmake
-- Symlinking: /home/zyme/ros_ws/Autoware_sim_test/install/dummy_perception_publisher/share/dummy_perception_publisher/package.xml
-- Installing: /home/zyme/ros_ws/Autoware_sim_test/install/dummy_perception_publisher/lib/libdummy_perception_publisher__rosidl_generator_c.so
-- Set runtime path of "/home/zyme/ros_ws/Autoware_sim_test/install/dummy_perception_publisher/lib/libdummy_perception_publisher__rosidl_generator_c.so" to ""
-- Installing: /home/zyme/ros_ws/Autoware_sim_test/install/dummy_perception_publisher/lib/libdummy_perception_publisher__rosidl_typesupport_fastrtps_c.so
-- Set runtime path of "/home/zyme/ros_ws/Autoware_sim_test/install/dummy_perception_publisher/lib/libdummy_perception_publisher__rosidl_typesupport_fastrtps_c.so" to ""
-- Installing: /home/zyme/ros_ws/Autoware_sim_test/install/dummy_perception_publisher/lib/libdummy_perception_publisher__rosidl_typesupport_introspection_c.so
-- Set runtime path of "/home/zyme/ros_ws/Autoware_sim_test/install/dummy_perception_publisher/lib/libdummy_perception_publisher__rosidl_typesupport_introspection_c.so" to ""
-- Installing: /home/zyme/ros_ws/Autoware_sim_test/install/dummy_perception_publisher/lib/libdummy_perception_publisher__rosidl_typesupport_c.so
-- Set runtime path of "/home/zyme/ros_ws/Autoware_sim_test/install/dummy_perception_publisher/lib/libdummy_perception_publisher__rosidl_typesupport_c.so" to ""
-- Installing: /home/zyme/ros_ws/Autoware_sim_test/install/dummy_perception_publisher/lib/libdummy_perception_publisher__rosidl_typesupport_fastrtps_cpp.so
-- Set runtime path of "/home/zyme/ros_ws/Autoware_sim_test/install/dummy_perception_publisher/lib/libdummy_perception_publisher__rosidl_typesupport_fastrtps_cpp.so" to ""
-- Installing: /home/zyme/ros_ws/Autoware_sim_test/install/dummy_perception_publisher/lib/libdummy_perception_publisher__rosidl_typesupport_introspection_cpp.so
-- Set runtime path of "/home/zyme/ros_ws/Autoware_sim_test/install/dummy_perception_publisher/lib/libdummy_perception_publisher__rosidl_typesupport_introspection_cpp.so" to ""
-- Installing: /home/zyme/ros_ws/Autoware_sim_test/install/dummy_perception_publisher/lib/libdummy_perception_publisher__rosidl_typesupport_cpp.so
-- Set runtime path of "/home/zyme/ros_ws/Autoware_sim_test/install/dummy_perception_publisher/lib/libdummy_perception_publisher__rosidl_typesupport_cpp.so" to ""
Listing '/home/zyme/ros_ws/Autoware_sim_test/install/dummy_perception_publisher/local/lib/python3.10/dist-packages/dummy_perception_publisher'...
Compiling '/home/zyme/ros_ws/Autoware_sim_test/install/dummy_perception_publisher/local/lib/python3.10/dist-packages/dummy_perception_publisher/__init__.py'...
Listing '/home/zyme/ros_ws/Autoware_sim_test/install/dummy_perception_publisher/local/lib/python3.10/dist-packages/dummy_perception_publisher/msg'...
Compiling '/home/zyme/ros_ws/Autoware_sim_test/install/dummy_perception_publisher/local/lib/python3.10/dist-packages/dummy_perception_publisher/msg/__init__.py'...
Compiling '/home/zyme/ros_ws/Autoware_sim_test/install/dummy_perception_publisher/local/lib/python3.10/dist-packages/dummy_perception_publisher/msg/_initial_state.py'...
Compiling '/home/zyme/ros_ws/Autoware_sim_test/install/dummy_perception_publisher/local/lib/python3.10/dist-packages/dummy_perception_publisher/msg/_object.py'...
-- Installing: /home/zyme/ros_ws/Autoware_sim_test/install/dummy_perception_publisher/lib/libdummy_perception_publisher__rosidl_generator_py.so
-- Set runtime path of "/home/zyme/ros_ws/Autoware_sim_test/install/dummy_perception_publisher/lib/libdummy_perception_publisher__rosidl_generator_py.so" to ""
-- Installing: /home/zyme/ros_ws/Autoware_sim_test/install/dummy_perception_publisher/share/dummy_perception_publisher/cmake/export_dummy_perception_publisher__rosidl_generator_cExport.cmake
-- Installing: /home/zyme/ros_ws/Autoware_sim_test/install/dummy_perception_publisher/share/dummy_perception_publisher/cmake/export_dummy_perception_publisher__rosidl_generator_cExport-release.cmake
-- Installing: /home/zyme/ros_ws/Autoware_sim_test/install/dummy_perception_publisher/share/dummy_perception_publisher/cmake/export_dummy_perception_publisher__rosidl_typesupport_fastrtps_cExport.cmake
-- Installing: /home/zyme/ros_ws/Autoware_sim_test/install/dummy_perception_publisher/share/dummy_perception_publisher/cmake/export_dummy_perception_publisher__rosidl_typesupport_fastrtps_cExport-release.cmake
-- Installing: /home/zyme/ros_ws/Autoware_sim_test/install/dummy_perception_publisher/share/dummy_perception_publisher/cmake/dummy_perception_publisher__rosidl_typesupport_introspection_cExport.cmake
-- Installing: /home/zyme/ros_ws/Autoware_sim_test/install/dummy_perception_publisher/share/dummy_perception_publisher/cmake/dummy_perception_publisher__rosidl_typesupport_introspection_cExport-release.cmake
-- Installing: /home/zyme/ros_ws/Autoware_sim_test/install/dummy_perception_publisher/share/dummy_perception_publisher/cmake/dummy_perception_publisher__rosidl_typesupport_cExport.cmake
-- Installing: /home/zyme/ros_ws/Autoware_sim_test/install/dummy_perception_publisher/share/dummy_perception_publisher/cmake/dummy_perception_publisher__rosidl_typesupport_cExport-release.cmake
-- Installing: /home/zyme/ros_ws/Autoware_sim_test/install/dummy_perception_publisher/share/dummy_perception_publisher/cmake/export_dummy_perception_publisher__rosidl_generator_cppExport.cmake
-- Installing: /home/zyme/ros_ws/Autoware_sim_test/install/dummy_perception_publisher/share/dummy_perception_publisher/cmake/export_dummy_perception_publisher__rosidl_typesupport_fastrtps_cppExport.cmake
-- Installing: /home/zyme/ros_ws/Autoware_sim_test/install/dummy_perception_publisher/share/dummy_perception_publisher/cmake/export_dummy_perception_publisher__rosidl_typesupport_fastrtps_cppExport-release.cmake
-- Installing: /home/zyme/ros_ws/Autoware_sim_test/install/dummy_perception_publisher/share/dummy_perception_publisher/cmake/dummy_perception_publisher__rosidl_typesupport_introspection_cppExport.cmake
-- Installing: /home/zyme/ros_ws/Autoware_sim_test/install/dummy_perception_publisher/share/dummy_perception_publisher/cmake/dummy_perception_publisher__rosidl_typesupport_introspection_cppExport-release.cmake
-- Installing: /home/zyme/ros_ws/Autoware_sim_test/install/dummy_perception_publisher/share/dummy_perception_publisher/cmake/dummy_perception_publisher__rosidl_typesupport_cppExport.cmake
-- Installing: /home/zyme/ros_ws/Autoware_sim_test/install/dummy_perception_publisher/share/dummy_perception_publisher/cmake/dummy_perception_publisher__rosidl_typesupport_cppExport-release.cmake
-- Installing: /home/zyme/ros_ws/Autoware_sim_test/install/dummy_perception_publisher/share/dummy_perception_publisher/cmake/export_dummy_perception_publisher__rosidl_generator_pyExport.cmake
-- Installing: /home/zyme/ros_ws/Autoware_sim_test/install/dummy_perception_publisher/share/dummy_perception_publisher/cmake/export_dummy_perception_publisher__rosidl_generator_pyExport-release.cmake
