[0.060s] Invoking command in '/home/zyme/ros_ws/Autoware_sim_test/build/autoware_system_msgs': CMAKE_PREFIX_PATH=/opt/ros/humble /usr/bin/cmake --build /home/zyme/ros_ws/Autoware_sim_test/build/autoware_system_msgs -- -j12 -l12
[0.112s] [  2%] Built target autoware_system_msgs__cpp
[0.113s] [ 12%] Built target autoware_system_msgs__rosidl_generator_c
[0.126s] [ 12%] Built target ament_cmake_python_symlink_autoware_system_msgs
[0.152s] [ 23%] Built target autoware_system_msgs__rosidl_typesupport_cpp
[0.152s] [ 40%] Built target autoware_system_msgs__rosidl_typesupport_introspection_c
[0.152s] [ 44%] Built target autoware_system_msgs__rosidl_typesupport_fastrtps_c
[0.154s] [ 55%] Built target autoware_system_msgs__rosidl_typesupport_introspection_cpp
[0.155s] [ 65%] Built target autoware_system_msgs__rosidl_typesupport_c
[0.155s] [ 76%] Built target autoware_system_msgs__rosidl_typesupport_fastrtps_cpp
[0.176s] [ 76%] Built target autoware_system_msgs
[0.199s] [ 78%] Built target autoware_system_msgs__py
[0.222s] [ 87%] Built target autoware_system_msgs__rosidl_generator_py
[0.253s] [100%] Built target autoware_system_msgs__rosidl_typesupport_fastrtps_c__pyext
[0.254s] [100%] Built target autoware_system_msgs__rosidl_typesupport_introspection_c__pyext
[0.254s] [100%] Built target autoware_system_msgs__rosidl_typesupport_c__pyext
[0.447s] running egg_info
[0.448s] writing autoware_system_msgs.egg-info/PKG-INFO
[0.448s] writing dependency_links to autoware_system_msgs.egg-info/dependency_links.txt
[0.448s] writing top-level names to autoware_system_msgs.egg-info/top_level.txt
[0.452s] reading manifest file 'autoware_system_msgs.egg-info/SOURCES.txt'
[0.453s] writing manifest file 'autoware_system_msgs.egg-info/SOURCES.txt'
[0.486s] [100%] Built target ament_cmake_python_build_autoware_system_msgs_egg
[0.499s] Invoked command in '/home/zyme/ros_ws/Autoware_sim_test/build/autoware_system_msgs' returned '0': CMAKE_PREFIX_PATH=/opt/ros/humble /usr/bin/cmake --build /home/zyme/ros_ws/Autoware_sim_test/build/autoware_system_msgs -- -j12 -l12
[0.630s] Invoking command in '/home/zyme/ros_ws/Autoware_sim_test/build/autoware_system_msgs': CMAKE_PREFIX_PATH=/opt/ros/humble /usr/bin/cmake --install /home/zyme/ros_ws/Autoware_sim_test/build/autoware_system_msgs
[0.638s] -- Install configuration: "Release"
[0.639s] -- Execute custom install script
[0.639s] -- Up-to-date symlink: /home/zyme/ros_ws/Autoware_sim_test/install/autoware_system_msgs/share/ament_index/resource_index/rosidl_interfaces/autoware_system_msgs
[0.640s] -- Up-to-date symlink: /home/zyme/ros_ws/Autoware_sim_test/install/autoware_system_msgs/include/autoware_system_msgs/autoware_system_msgs/msg/autoware_state.h
[0.640s] -- Up-to-date symlink: /home/zyme/ros_ws/Autoware_sim_test/install/autoware_system_msgs/include/autoware_system_msgs/autoware_system_msgs/msg/detail/autoware_state__functions.h
[0.640s] -- Up-to-date symlink: /home/zyme/ros_ws/Autoware_sim_test/install/autoware_system_msgs/include/autoware_system_msgs/autoware_system_msgs/msg/detail/autoware_state__struct.h
[0.640s] -- Up-to-date symlink: /home/zyme/ros_ws/Autoware_sim_test/install/autoware_system_msgs/include/autoware_system_msgs/autoware_system_msgs/msg/detail/autoware_state__type_support.h
[0.640s] -- Up-to-date symlink: /home/zyme/ros_ws/Autoware_sim_test/install/autoware_system_msgs/include/autoware_system_msgs/autoware_system_msgs/msg/detail/hazard_status__functions.h
[0.640s] -- Up-to-date symlink: /home/zyme/ros_ws/Autoware_sim_test/install/autoware_system_msgs/include/autoware_system_msgs/autoware_system_msgs/msg/detail/hazard_status__struct.h
[0.640s] -- Up-to-date symlink: /home/zyme/ros_ws/Autoware_sim_test/install/autoware_system_msgs/include/autoware_system_msgs/autoware_system_msgs/msg/detail/hazard_status__type_support.h
[0.641s] -- Up-to-date symlink: /home/zyme/ros_ws/Autoware_sim_test/install/autoware_system_msgs/include/autoware_system_msgs/autoware_system_msgs/msg/detail/hazard_status_stamped__functions.h
[0.641s] -- Up-to-date symlink: /home/zyme/ros_ws/Autoware_sim_test/install/autoware_system_msgs/include/autoware_system_msgs/autoware_system_msgs/msg/detail/hazard_status_stamped__struct.h
[0.641s] -- Up-to-date symlink: /home/zyme/ros_ws/Autoware_sim_test/install/autoware_system_msgs/include/autoware_system_msgs/autoware_system_msgs/msg/detail/hazard_status_stamped__type_support.h
[0.642s] -- Up-to-date symlink: /home/zyme/ros_ws/Autoware_sim_test/install/autoware_system_msgs/include/autoware_system_msgs/autoware_system_msgs/msg/hazard_status.h
[0.642s] -- Up-to-date symlink: /home/zyme/ros_ws/Autoware_sim_test/install/autoware_system_msgs/include/autoware_system_msgs/autoware_system_msgs/msg/hazard_status_stamped.h
[0.642s] -- Up-to-date symlink: /home/zyme/ros_ws/Autoware_sim_test/install/autoware_system_msgs/include/autoware_system_msgs/autoware_system_msgs/msg/rosidl_generator_c__visibility_control.h
[0.642s] -- Up-to-date symlink: /home/zyme/ros_ws/Autoware_sim_test/install/autoware_system_msgs/share/autoware_system_msgs/environment/library_path.sh
[0.642s] -- Up-to-date symlink: /home/zyme/ros_ws/Autoware_sim_test/install/autoware_system_msgs/share/autoware_system_msgs/environment/library_path.dsv
[0.643s] -- Up-to-date symlink: /home/zyme/ros_ws/Autoware_sim_test/install/autoware_system_msgs/include/autoware_system_msgs/autoware_system_msgs/msg/detail/autoware_state__rosidl_typesupport_fastrtps_c.h
[0.643s] -- Up-to-date symlink: /home/zyme/ros_ws/Autoware_sim_test/install/autoware_system_msgs/include/autoware_system_msgs/autoware_system_msgs/msg/detail/hazard_status__rosidl_typesupport_fastrtps_c.h
[0.643s] -- Up-to-date symlink: /home/zyme/ros_ws/Autoware_sim_test/install/autoware_system_msgs/include/autoware_system_msgs/autoware_system_msgs/msg/detail/hazard_status_stamped__rosidl_typesupport_fastrtps_c.h
[0.644s] -- Up-to-date symlink: /home/zyme/ros_ws/Autoware_sim_test/install/autoware_system_msgs/include/autoware_system_msgs/autoware_system_msgs/msg/rosidl_typesupport_fastrtps_c__visibility_control.h
[0.644s] -- Up-to-date symlink: /home/zyme/ros_ws/Autoware_sim_test/install/autoware_system_msgs/include/autoware_system_msgs/autoware_system_msgs/msg/detail/autoware_state__rosidl_typesupport_introspection_c.h
[0.644s] -- Up-to-date symlink: /home/zyme/ros_ws/Autoware_sim_test/install/autoware_system_msgs/include/autoware_system_msgs/autoware_system_msgs/msg/detail/hazard_status__rosidl_typesupport_introspection_c.h
[0.644s] -- Up-to-date symlink: /home/zyme/ros_ws/Autoware_sim_test/install/autoware_system_msgs/include/autoware_system_msgs/autoware_system_msgs/msg/detail/hazard_status_stamped__rosidl_typesupport_introspection_c.h
[0.645s] -- Up-to-date symlink: /home/zyme/ros_ws/Autoware_sim_test/install/autoware_system_msgs/include/autoware_system_msgs/autoware_system_msgs/msg/rosidl_typesupport_introspection_c__visibility_control.h
[0.645s] -- Up-to-date symlink: /home/zyme/ros_ws/Autoware_sim_test/install/autoware_system_msgs/include/autoware_system_msgs/autoware_system_msgs/msg/autoware_state.hpp
[0.645s] -- Up-to-date symlink: /home/zyme/ros_ws/Autoware_sim_test/install/autoware_system_msgs/include/autoware_system_msgs/autoware_system_msgs/msg/detail/autoware_state__builder.hpp
[0.645s] -- Up-to-date symlink: /home/zyme/ros_ws/Autoware_sim_test/install/autoware_system_msgs/include/autoware_system_msgs/autoware_system_msgs/msg/detail/autoware_state__struct.hpp
[0.645s] -- Up-to-date symlink: /home/zyme/ros_ws/Autoware_sim_test/install/autoware_system_msgs/include/autoware_system_msgs/autoware_system_msgs/msg/detail/autoware_state__traits.hpp
[0.646s] -- Up-to-date symlink: /home/zyme/ros_ws/Autoware_sim_test/install/autoware_system_msgs/include/autoware_system_msgs/autoware_system_msgs/msg/detail/hazard_status__builder.hpp
[0.646s] -- Up-to-date symlink: /home/zyme/ros_ws/Autoware_sim_test/install/autoware_system_msgs/include/autoware_system_msgs/autoware_system_msgs/msg/detail/hazard_status__struct.hpp
[0.646s] -- Up-to-date symlink: /home/zyme/ros_ws/Autoware_sim_test/install/autoware_system_msgs/include/autoware_system_msgs/autoware_system_msgs/msg/detail/hazard_status__traits.hpp
[0.646s] -- Up-to-date symlink: /home/zyme/ros_ws/Autoware_sim_test/install/autoware_system_msgs/include/autoware_system_msgs/autoware_system_msgs/msg/detail/hazard_status_stamped__builder.hpp
[0.646s] -- Up-to-date symlink: /home/zyme/ros_ws/Autoware_sim_test/install/autoware_system_msgs/include/autoware_system_msgs/autoware_system_msgs/msg/detail/hazard_status_stamped__struct.hpp
[0.647s] -- Up-to-date symlink: /home/zyme/ros_ws/Autoware_sim_test/install/autoware_system_msgs/include/autoware_system_msgs/autoware_system_msgs/msg/detail/hazard_status_stamped__traits.hpp
[0.647s] -- Up-to-date symlink: /home/zyme/ros_ws/Autoware_sim_test/install/autoware_system_msgs/include/autoware_system_msgs/autoware_system_msgs/msg/hazard_status.hpp
[0.647s] -- Up-to-date symlink: /home/zyme/ros_ws/Autoware_sim_test/install/autoware_system_msgs/include/autoware_system_msgs/autoware_system_msgs/msg/hazard_status_stamped.hpp
[0.648s] -- Up-to-date symlink: /home/zyme/ros_ws/Autoware_sim_test/install/autoware_system_msgs/include/autoware_system_msgs/autoware_system_msgs/msg/detail/autoware_state__rosidl_typesupport_fastrtps_cpp.hpp
[0.648s] -- Up-to-date symlink: /home/zyme/ros_ws/Autoware_sim_test/install/autoware_system_msgs/include/autoware_system_msgs/autoware_system_msgs/msg/detail/hazard_status__rosidl_typesupport_fastrtps_cpp.hpp
[0.648s] -- Up-to-date symlink: /home/zyme/ros_ws/Autoware_sim_test/install/autoware_system_msgs/include/autoware_system_msgs/autoware_system_msgs/msg/detail/hazard_status_stamped__rosidl_typesupport_fastrtps_cpp.hpp
[0.648s] -- Up-to-date symlink: /home/zyme/ros_ws/Autoware_sim_test/install/autoware_system_msgs/include/autoware_system_msgs/autoware_system_msgs/msg/rosidl_typesupport_fastrtps_cpp__visibility_control.h
[0.649s] -- Up-to-date symlink: /home/zyme/ros_ws/Autoware_sim_test/install/autoware_system_msgs/include/autoware_system_msgs/autoware_system_msgs/msg/detail/autoware_state__rosidl_typesupport_introspection_cpp.hpp
[0.649s] -- Up-to-date symlink: /home/zyme/ros_ws/Autoware_sim_test/install/autoware_system_msgs/include/autoware_system_msgs/autoware_system_msgs/msg/detail/hazard_status__rosidl_typesupport_introspection_cpp.hpp
[0.649s] -- Up-to-date symlink: /home/zyme/ros_ws/Autoware_sim_test/install/autoware_system_msgs/include/autoware_system_msgs/autoware_system_msgs/msg/detail/hazard_status_stamped__rosidl_typesupport_introspection_cpp.hpp
[0.650s] -- Up-to-date symlink: /home/zyme/ros_ws/Autoware_sim_test/install/autoware_system_msgs/share/autoware_system_msgs/environment/pythonpath.sh
[0.650s] -- Up-to-date symlink: /home/zyme/ros_ws/Autoware_sim_test/install/autoware_system_msgs/share/autoware_system_msgs/environment/pythonpath.dsv
[0.651s] -- Up-to-date symlink: /home/zyme/ros_ws/Autoware_sim_test/install/autoware_system_msgs/local/lib/python3.10/dist-packages/autoware_system_msgs-0.0.0-py3.10.egg-info/PKG-INFO
[0.651s] -- Up-to-date symlink: /home/zyme/ros_ws/Autoware_sim_test/install/autoware_system_msgs/local/lib/python3.10/dist-packages/autoware_system_msgs-0.0.0-py3.10.egg-info/SOURCES.txt
[0.652s] -- Up-to-date symlink: /home/zyme/ros_ws/Autoware_sim_test/install/autoware_system_msgs/local/lib/python3.10/dist-packages/autoware_system_msgs-0.0.0-py3.10.egg-info/dependency_links.txt
[0.652s] -- Up-to-date symlink: /home/zyme/ros_ws/Autoware_sim_test/install/autoware_system_msgs/local/lib/python3.10/dist-packages/autoware_system_msgs-0.0.0-py3.10.egg-info/top_level.txt
[0.652s] -- Up-to-date symlink: /home/zyme/ros_ws/Autoware_sim_test/install/autoware_system_msgs/local/lib/python3.10/dist-packages/autoware_system_msgs/__init__.py
[0.652s] -- Up-to-date symlink: /home/zyme/ros_ws/Autoware_sim_test/install/autoware_system_msgs/local/lib/python3.10/dist-packages/autoware_system_msgs/_autoware_system_msgs_s.ep.rosidl_typesupport_c.c
[0.653s] -- Up-to-date symlink: /home/zyme/ros_ws/Autoware_sim_test/install/autoware_system_msgs/local/lib/python3.10/dist-packages/autoware_system_msgs/_autoware_system_msgs_s.ep.rosidl_typesupport_fastrtps_c.c
[0.653s] -- Up-to-date symlink: /home/zyme/ros_ws/Autoware_sim_test/install/autoware_system_msgs/local/lib/python3.10/dist-packages/autoware_system_msgs/_autoware_system_msgs_s.ep.rosidl_typesupport_introspection_c.c
[0.653s] -- Up-to-date symlink: /home/zyme/ros_ws/Autoware_sim_test/install/autoware_system_msgs/local/lib/python3.10/dist-packages/autoware_system_msgs/autoware_system_msgs_s__rosidl_typesupport_c.cpython-310-x86_64-linux-gnu.so
[0.653s] -- Up-to-date symlink: /home/zyme/ros_ws/Autoware_sim_test/install/autoware_system_msgs/local/lib/python3.10/dist-packages/autoware_system_msgs/autoware_system_msgs_s__rosidl_typesupport_fastrtps_c.cpython-310-x86_64-linux-gnu.so
[0.653s] -- Up-to-date symlink: /home/zyme/ros_ws/Autoware_sim_test/install/autoware_system_msgs/local/lib/python3.10/dist-packages/autoware_system_msgs/autoware_system_msgs_s__rosidl_typesupport_introspection_c.cpython-310-x86_64-linux-gnu.so
[0.654s] -- Up-to-date symlink: /home/zyme/ros_ws/Autoware_sim_test/install/autoware_system_msgs/local/lib/python3.10/dist-packages/autoware_system_msgs/libautoware_system_msgs__rosidl_generator_py.so
[0.654s] -- Up-to-date symlink: /home/zyme/ros_ws/Autoware_sim_test/install/autoware_system_msgs/local/lib/python3.10/dist-packages/autoware_system_msgs/msg/__init__.py
[0.654s] -- Up-to-date symlink: /home/zyme/ros_ws/Autoware_sim_test/install/autoware_system_msgs/local/lib/python3.10/dist-packages/autoware_system_msgs/msg/_autoware_state.py
[0.654s] -- Up-to-date symlink: /home/zyme/ros_ws/Autoware_sim_test/install/autoware_system_msgs/local/lib/python3.10/dist-packages/autoware_system_msgs/msg/_autoware_state_s.c
[0.654s] -- Up-to-date symlink: /home/zyme/ros_ws/Autoware_sim_test/install/autoware_system_msgs/local/lib/python3.10/dist-packages/autoware_system_msgs/msg/_hazard_status.py
[0.654s] -- Up-to-date symlink: /home/zyme/ros_ws/Autoware_sim_test/install/autoware_system_msgs/local/lib/python3.10/dist-packages/autoware_system_msgs/msg/_hazard_status_s.c
[0.655s] -- Up-to-date symlink: /home/zyme/ros_ws/Autoware_sim_test/install/autoware_system_msgs/local/lib/python3.10/dist-packages/autoware_system_msgs/msg/_hazard_status_stamped.py
[0.655s] -- Up-to-date symlink: /home/zyme/ros_ws/Autoware_sim_test/install/autoware_system_msgs/local/lib/python3.10/dist-packages/autoware_system_msgs/msg/_hazard_status_stamped_s.c
[0.655s] -- Up-to-date symlink: /home/zyme/ros_ws/Autoware_sim_test/install/autoware_system_msgs/local/lib/python3.10/dist-packages/autoware_system_msgs/autoware_system_msgs_s__rosidl_typesupport_fastrtps_c.cpython-310-x86_64-linux-gnu.so
[0.656s] -- Up-to-date symlink: /home/zyme/ros_ws/Autoware_sim_test/install/autoware_system_msgs/local/lib/python3.10/dist-packages/autoware_system_msgs/autoware_system_msgs_s__rosidl_typesupport_introspection_c.cpython-310-x86_64-linux-gnu.so
[0.656s] -- Up-to-date symlink: /home/zyme/ros_ws/Autoware_sim_test/install/autoware_system_msgs/local/lib/python3.10/dist-packages/autoware_system_msgs/autoware_system_msgs_s__rosidl_typesupport_c.cpython-310-x86_64-linux-gnu.so
[0.656s] -- Up-to-date symlink: /home/zyme/ros_ws/Autoware_sim_test/install/autoware_system_msgs/share/autoware_system_msgs/msg/AutowareState.idl
[0.656s] -- Up-to-date symlink: /home/zyme/ros_ws/Autoware_sim_test/install/autoware_system_msgs/share/autoware_system_msgs/msg/HazardStatus.idl
[0.656s] -- Up-to-date symlink: /home/zyme/ros_ws/Autoware_sim_test/install/autoware_system_msgs/share/autoware_system_msgs/msg/HazardStatusStamped.idl
[0.657s] -- Up-to-date symlink: /home/zyme/ros_ws/Autoware_sim_test/install/autoware_system_msgs/share/autoware_system_msgs/msg/AutowareState.msg
[0.657s] -- Up-to-date symlink: /home/zyme/ros_ws/Autoware_sim_test/install/autoware_system_msgs/share/autoware_system_msgs/msg/HazardStatus.msg
[0.657s] -- Up-to-date symlink: /home/zyme/ros_ws/Autoware_sim_test/install/autoware_system_msgs/share/autoware_system_msgs/msg/HazardStatusStamped.msg
[0.658s] -- Up-to-date symlink: /home/zyme/ros_ws/Autoware_sim_test/install/autoware_system_msgs/share/ament_index/resource_index/package_run_dependencies/autoware_system_msgs
[0.658s] -- Up-to-date symlink: /home/zyme/ros_ws/Autoware_sim_test/install/autoware_system_msgs/share/ament_index/resource_index/parent_prefix_path/autoware_system_msgs
[0.658s] -- Up-to-date symlink: /home/zyme/ros_ws/Autoware_sim_test/install/autoware_system_msgs/share/autoware_system_msgs/environment/ament_prefix_path.sh
[0.659s] -- Up-to-date symlink: /home/zyme/ros_ws/Autoware_sim_test/install/autoware_system_msgs/share/autoware_system_msgs/environment/ament_prefix_path.dsv
[0.659s] -- Up-to-date symlink: /home/zyme/ros_ws/Autoware_sim_test/install/autoware_system_msgs/share/autoware_system_msgs/environment/path.sh
[0.659s] -- Up-to-date symlink: /home/zyme/ros_ws/Autoware_sim_test/install/autoware_system_msgs/share/autoware_system_msgs/environment/path.dsv
[0.659s] -- Up-to-date symlink: /home/zyme/ros_ws/Autoware_sim_test/install/autoware_system_msgs/share/autoware_system_msgs/local_setup.bash
[0.660s] -- Up-to-date symlink: /home/zyme/ros_ws/Autoware_sim_test/install/autoware_system_msgs/share/autoware_system_msgs/local_setup.sh
[0.660s] -- Up-to-date symlink: /home/zyme/ros_ws/Autoware_sim_test/install/autoware_system_msgs/share/autoware_system_msgs/local_setup.zsh
[0.660s] -- Up-to-date symlink: /home/zyme/ros_ws/Autoware_sim_test/install/autoware_system_msgs/share/autoware_system_msgs/local_setup.dsv
[0.660s] -- Symlinking: /home/zyme/ros_ws/Autoware_sim_test/install/autoware_system_msgs/share/autoware_system_msgs/package.dsv
[0.670s] -- Up-to-date symlink: /home/zyme/ros_ws/Autoware_sim_test/install/autoware_system_msgs/share/ament_index/resource_index/packages/autoware_system_msgs
[0.670s] -- Up-to-date symlink: /home/zyme/ros_ws/Autoware_sim_test/install/autoware_system_msgs/share/autoware_system_msgs/cmake/rosidl_cmake-extras.cmake
[0.670s] -- Up-to-date symlink: /home/zyme/ros_ws/Autoware_sim_test/install/autoware_system_msgs/share/autoware_system_msgs/cmake/ament_cmake_export_dependencies-extras.cmake
[0.670s] -- Up-to-date symlink: /home/zyme/ros_ws/Autoware_sim_test/install/autoware_system_msgs/share/autoware_system_msgs/cmake/ament_cmake_export_include_directories-extras.cmake
[0.670s] -- Up-to-date symlink: /home/zyme/ros_ws/Autoware_sim_test/install/autoware_system_msgs/share/autoware_system_msgs/cmake/ament_cmake_export_libraries-extras.cmake
[0.670s] -- Up-to-date symlink: /home/zyme/ros_ws/Autoware_sim_test/install/autoware_system_msgs/share/autoware_system_msgs/cmake/ament_cmake_export_targets-extras.cmake
[0.671s] -- Up-to-date symlink: /home/zyme/ros_ws/Autoware_sim_test/install/autoware_system_msgs/share/autoware_system_msgs/cmake/rosidl_cmake_export_typesupport_targets-extras.cmake
[0.671s] -- Up-to-date symlink: /home/zyme/ros_ws/Autoware_sim_test/install/autoware_system_msgs/share/autoware_system_msgs/cmake/rosidl_cmake_export_typesupport_libraries-extras.cmake
[0.671s] -- Up-to-date symlink: /home/zyme/ros_ws/Autoware_sim_test/install/autoware_system_msgs/share/autoware_system_msgs/cmake/autoware_system_msgsConfig.cmake
[0.671s] -- Up-to-date symlink: /home/zyme/ros_ws/Autoware_sim_test/install/autoware_system_msgs/share/autoware_system_msgs/cmake/autoware_system_msgsConfig-version.cmake
[0.672s] -- Up-to-date symlink: /home/zyme/ros_ws/Autoware_sim_test/install/autoware_system_msgs/share/autoware_system_msgs/package.xml
[0.672s] -- Up-to-date: /home/zyme/ros_ws/Autoware_sim_test/install/autoware_system_msgs/lib/libautoware_system_msgs__rosidl_generator_c.so
[0.672s] -- Up-to-date: /home/zyme/ros_ws/Autoware_sim_test/install/autoware_system_msgs/lib/libautoware_system_msgs__rosidl_typesupport_fastrtps_c.so
[0.672s] -- Up-to-date: /home/zyme/ros_ws/Autoware_sim_test/install/autoware_system_msgs/lib/libautoware_system_msgs__rosidl_typesupport_introspection_c.so
[0.673s] -- Up-to-date: /home/zyme/ros_ws/Autoware_sim_test/install/autoware_system_msgs/lib/libautoware_system_msgs__rosidl_typesupport_c.so
[0.673s] -- Up-to-date: /home/zyme/ros_ws/Autoware_sim_test/install/autoware_system_msgs/lib/libautoware_system_msgs__rosidl_typesupport_fastrtps_cpp.so
[0.673s] -- Up-to-date: /home/zyme/ros_ws/Autoware_sim_test/install/autoware_system_msgs/lib/libautoware_system_msgs__rosidl_typesupport_introspection_cpp.so
[0.674s] -- Up-to-date: /home/zyme/ros_ws/Autoware_sim_test/install/autoware_system_msgs/lib/libautoware_system_msgs__rosidl_typesupport_cpp.so
[0.706s] Listing '/home/zyme/ros_ws/Autoware_sim_test/install/autoware_system_msgs/local/lib/python3.10/dist-packages/autoware_system_msgs'...
[0.706s] Listing '/home/zyme/ros_ws/Autoware_sim_test/install/autoware_system_msgs/local/lib/python3.10/dist-packages/autoware_system_msgs/msg'...
[0.712s] -- Up-to-date: /home/zyme/ros_ws/Autoware_sim_test/install/autoware_system_msgs/lib/libautoware_system_msgs__rosidl_generator_py.so
[0.712s] -- Up-to-date: /home/zyme/ros_ws/Autoware_sim_test/install/autoware_system_msgs/share/autoware_system_msgs/cmake/export_autoware_system_msgs__rosidl_generator_cExport.cmake
[0.712s] -- Up-to-date: /home/zyme/ros_ws/Autoware_sim_test/install/autoware_system_msgs/share/autoware_system_msgs/cmake/export_autoware_system_msgs__rosidl_generator_cExport-release.cmake
[0.712s] -- Up-to-date: /home/zyme/ros_ws/Autoware_sim_test/install/autoware_system_msgs/share/autoware_system_msgs/cmake/export_autoware_system_msgs__rosidl_typesupport_fastrtps_cExport.cmake
[0.712s] -- Up-to-date: /home/zyme/ros_ws/Autoware_sim_test/install/autoware_system_msgs/share/autoware_system_msgs/cmake/export_autoware_system_msgs__rosidl_typesupport_fastrtps_cExport-release.cmake
[0.713s] -- Up-to-date: /home/zyme/ros_ws/Autoware_sim_test/install/autoware_system_msgs/share/autoware_system_msgs/cmake/autoware_system_msgs__rosidl_typesupport_introspection_cExport.cmake
[0.713s] -- Up-to-date: /home/zyme/ros_ws/Autoware_sim_test/install/autoware_system_msgs/share/autoware_system_msgs/cmake/autoware_system_msgs__rosidl_typesupport_introspection_cExport-release.cmake
[0.713s] -- Up-to-date: /home/zyme/ros_ws/Autoware_sim_test/install/autoware_system_msgs/share/autoware_system_msgs/cmake/autoware_system_msgs__rosidl_typesupport_cExport.cmake
[0.713s] -- Up-to-date: /home/zyme/ros_ws/Autoware_sim_test/install/autoware_system_msgs/share/autoware_system_msgs/cmake/autoware_system_msgs__rosidl_typesupport_cExport-release.cmake
[0.713s] -- Up-to-date: /home/zyme/ros_ws/Autoware_sim_test/install/autoware_system_msgs/share/autoware_system_msgs/cmake/export_autoware_system_msgs__rosidl_generator_cppExport.cmake
[0.713s] -- Up-to-date: /home/zyme/ros_ws/Autoware_sim_test/install/autoware_system_msgs/share/autoware_system_msgs/cmake/export_autoware_system_msgs__rosidl_typesupport_fastrtps_cppExport.cmake
[0.713s] -- Up-to-date: /home/zyme/ros_ws/Autoware_sim_test/install/autoware_system_msgs/share/autoware_system_msgs/cmake/export_autoware_system_msgs__rosidl_typesupport_fastrtps_cppExport-release.cmake
[0.713s] -- Up-to-date: /home/zyme/ros_ws/Autoware_sim_test/install/autoware_system_msgs/share/autoware_system_msgs/cmake/autoware_system_msgs__rosidl_typesupport_introspection_cppExport.cmake
[0.714s] -- Up-to-date: /home/zyme/ros_ws/Autoware_sim_test/install/autoware_system_msgs/share/autoware_system_msgs/cmake/autoware_system_msgs__rosidl_typesupport_introspection_cppExport-release.cmake
[0.714s] -- Up-to-date: /home/zyme/ros_ws/Autoware_sim_test/install/autoware_system_msgs/share/autoware_system_msgs/cmake/autoware_system_msgs__rosidl_typesupport_cppExport.cmake
[0.714s] -- Up-to-date: /home/zyme/ros_ws/Autoware_sim_test/install/autoware_system_msgs/share/autoware_system_msgs/cmake/autoware_system_msgs__rosidl_typesupport_cppExport-release.cmake
[0.714s] -- Up-to-date: /home/zyme/ros_ws/Autoware_sim_test/install/autoware_system_msgs/share/autoware_system_msgs/cmake/export_autoware_system_msgs__rosidl_generator_pyExport.cmake
[0.714s] -- Up-to-date: /home/zyme/ros_ws/Autoware_sim_test/install/autoware_system_msgs/share/autoware_system_msgs/cmake/export_autoware_system_msgs__rosidl_generator_pyExport-release.cmake
[0.716s] Invoked command in '/home/zyme/ros_ws/Autoware_sim_test/build/autoware_system_msgs' returned '0': CMAKE_PREFIX_PATH=/opt/ros/humble /usr/bin/cmake --install /home/zyme/ros_ws/Autoware_sim_test/build/autoware_system_msgs
