[0.065s] Invoking command in '/home/zyme/ros_ws/Autoware_sim_test/build/map_height_fitter': AMENT_PREFIX_PATH=/home/zyme/ros_ws/Autoware_sim_test/install/autoware_cmake:/home/zyme/ros_ws/Autoware_sim_test/install/tier4_localization_msgs:/home/zyme/ros_ws/Autoware_sim_test/install/autoware_map_msgs:/home/zyme/ros_ws/Autoware_sim_test/install/autoware_lint_common:${AMENT_PREFIX_PATH} CMAKE_PREFIX_PATH=/home/zyme/ros_ws/Autoware_sim_test/install/autoware_cmake:/home/zyme/ros_ws/Autoware_sim_test/install/tier4_localization_msgs:/home/zyme/ros_ws/Autoware_sim_test/install/autoware_map_msgs:/home/zyme/ros_ws/Autoware_sim_test/install/autoware_lint_common:/opt/ros/humble LD_LIBRARY_PATH=/home/zyme/ros_ws/Autoware_sim_test/install/tier4_localization_msgs/lib:/home/zyme/ros_ws/Autoware_sim_test/install/autoware_map_msgs/lib:${LD_LIBRARY_PATH} PYTHONPATH=/home/zyme/ros_ws/Autoware_sim_test/install/tier4_localization_msgs/local/lib/python3.10/dist-packages:/home/zyme/ros_ws/Autoware_sim_test/install/autoware_map_msgs/local/lib/python3.10/dist-packages:${PYTHONPATH} /usr/bin/cmake --build /home/zyme/ros_ws/Autoware_sim_test/build/map_height_fitter -- -j12 -l12
[0.125s] [ 50%] Built target map_height_fitter
[0.155s] [100%] Built target node
[0.168s] Invoked command in '/home/zyme/ros_ws/Autoware_sim_test/build/map_height_fitter' returned '0': AMENT_PREFIX_PATH=/home/zyme/ros_ws/Autoware_sim_test/install/autoware_cmake:/home/zyme/ros_ws/Autoware_sim_test/install/tier4_localization_msgs:/home/zyme/ros_ws/Autoware_sim_test/install/autoware_map_msgs:/home/zyme/ros_ws/Autoware_sim_test/install/autoware_lint_common:${AMENT_PREFIX_PATH} CMAKE_PREFIX_PATH=/home/zyme/ros_ws/Autoware_sim_test/install/autoware_cmake:/home/zyme/ros_ws/Autoware_sim_test/install/tier4_localization_msgs:/home/zyme/ros_ws/Autoware_sim_test/install/autoware_map_msgs:/home/zyme/ros_ws/Autoware_sim_test/install/autoware_lint_common:/opt/ros/humble LD_LIBRARY_PATH=/home/zyme/ros_ws/Autoware_sim_test/install/tier4_localization_msgs/lib:/home/zyme/ros_ws/Autoware_sim_test/install/autoware_map_msgs/lib:${LD_LIBRARY_PATH} PYTHONPATH=/home/zyme/ros_ws/Autoware_sim_test/install/tier4_localization_msgs/local/lib/python3.10/dist-packages:/home/zyme/ros_ws/Autoware_sim_test/install/autoware_map_msgs/local/lib/python3.10/dist-packages:${PYTHONPATH} /usr/bin/cmake --build /home/zyme/ros_ws/Autoware_sim_test/build/map_height_fitter -- -j12 -l12
[0.203s] Invoking command in '/home/zyme/ros_ws/Autoware_sim_test/build/map_height_fitter': AMENT_PREFIX_PATH=/home/zyme/ros_ws/Autoware_sim_test/install/autoware_cmake:/home/zyme/ros_ws/Autoware_sim_test/install/tier4_localization_msgs:/home/zyme/ros_ws/Autoware_sim_test/install/autoware_map_msgs:/home/zyme/ros_ws/Autoware_sim_test/install/autoware_lint_common:${AMENT_PREFIX_PATH} CMAKE_PREFIX_PATH=/home/zyme/ros_ws/Autoware_sim_test/install/autoware_cmake:/home/zyme/ros_ws/Autoware_sim_test/install/tier4_localization_msgs:/home/zyme/ros_ws/Autoware_sim_test/install/autoware_map_msgs:/home/zyme/ros_ws/Autoware_sim_test/install/autoware_lint_common:/opt/ros/humble LD_LIBRARY_PATH=/home/zyme/ros_ws/Autoware_sim_test/install/tier4_localization_msgs/lib:/home/zyme/ros_ws/Autoware_sim_test/install/autoware_map_msgs/lib:${LD_LIBRARY_PATH} PYTHONPATH=/home/zyme/ros_ws/Autoware_sim_test/install/tier4_localization_msgs/local/lib/python3.10/dist-packages:/home/zyme/ros_ws/Autoware_sim_test/install/autoware_map_msgs/local/lib/python3.10/dist-packages:${PYTHONPATH} /usr/bin/cmake --install /home/zyme/ros_ws/Autoware_sim_test/build/map_height_fitter
[0.212s] -- Install configuration: "Release"
[0.213s] -- Execute custom install script
[0.214s] -- Up-to-date symlink: /home/zyme/ros_ws/Autoware_sim_test/install/map_height_fitter/include/map_height_fitter/map_height_fitter.hpp
[0.214s] -- Up-to-date symlink: /home/zyme/ros_ws/Autoware_sim_test/install/map_height_fitter/share/map_height_fitter/environment/library_path.sh
[0.214s] -- Up-to-date symlink: /home/zyme/ros_ws/Autoware_sim_test/install/map_height_fitter/share/map_height_fitter/environment/library_path.dsv
[0.215s] -- Up-to-date symlink: /home/zyme/ros_ws/Autoware_sim_test/install/map_height_fitter/lib/libmap_height_fitter.so
[0.215s] -- Up-to-date symlink: /home/zyme/ros_ws/Autoware_sim_test/install/map_height_fitter/lib/map_height_fitter/node
[0.216s] -- Up-to-date symlink: /home/zyme/ros_ws/Autoware_sim_test/install/map_height_fitter/share/map_height_fitter/launch/map_height_fitter.launch.xml
[0.216s] -- Up-to-date symlink: /home/zyme/ros_ws/Autoware_sim_test/install/map_height_fitter/share/ament_index/resource_index/package_run_dependencies/map_height_fitter
[0.216s] -- Up-to-date symlink: /home/zyme/ros_ws/Autoware_sim_test/install/map_height_fitter/share/ament_index/resource_index/parent_prefix_path/map_height_fitter
[0.216s] -- Up-to-date symlink: /home/zyme/ros_ws/Autoware_sim_test/install/map_height_fitter/share/map_height_fitter/environment/ament_prefix_path.sh
[0.217s] -- Up-to-date symlink: /home/zyme/ros_ws/Autoware_sim_test/install/map_height_fitter/share/map_height_fitter/environment/ament_prefix_path.dsv
[0.217s] -- Up-to-date symlink: /home/zyme/ros_ws/Autoware_sim_test/install/map_height_fitter/share/map_height_fitter/environment/path.sh
[0.217s] -- Up-to-date symlink: /home/zyme/ros_ws/Autoware_sim_test/install/map_height_fitter/share/map_height_fitter/environment/path.dsv
[0.217s] -- Up-to-date symlink: /home/zyme/ros_ws/Autoware_sim_test/install/map_height_fitter/share/map_height_fitter/local_setup.bash
[0.218s] -- Up-to-date symlink: /home/zyme/ros_ws/Autoware_sim_test/install/map_height_fitter/share/map_height_fitter/local_setup.sh
[0.218s] -- Up-to-date symlink: /home/zyme/ros_ws/Autoware_sim_test/install/map_height_fitter/share/map_height_fitter/local_setup.zsh
[0.218s] -- Up-to-date symlink: /home/zyme/ros_ws/Autoware_sim_test/install/map_height_fitter/share/map_height_fitter/local_setup.dsv
[0.218s] -- Symlinking: /home/zyme/ros_ws/Autoware_sim_test/install/map_height_fitter/share/map_height_fitter/package.dsv
[0.227s] -- Up-to-date symlink: /home/zyme/ros_ws/Autoware_sim_test/install/map_height_fitter/share/ament_index/resource_index/packages/map_height_fitter
[0.227s] -- Up-to-date symlink: /home/zyme/ros_ws/Autoware_sim_test/install/map_height_fitter/share/map_height_fitter/cmake/ament_cmake_export_dependencies-extras.cmake
[0.227s] -- Up-to-date symlink: /home/zyme/ros_ws/Autoware_sim_test/install/map_height_fitter/share/map_height_fitter/cmake/ament_cmake_export_include_directories-extras.cmake
[0.227s] -- Up-to-date symlink: /home/zyme/ros_ws/Autoware_sim_test/install/map_height_fitter/share/map_height_fitter/cmake/ament_cmake_export_libraries-extras.cmake
[0.228s] -- Up-to-date symlink: /home/zyme/ros_ws/Autoware_sim_test/install/map_height_fitter/share/map_height_fitter/cmake/map_height_fitterConfig.cmake
[0.228s] -- Up-to-date symlink: /home/zyme/ros_ws/Autoware_sim_test/install/map_height_fitter/share/map_height_fitter/cmake/map_height_fitterConfig-version.cmake
[0.228s] -- Up-to-date symlink: /home/zyme/ros_ws/Autoware_sim_test/install/map_height_fitter/share/map_height_fitter/package.xml
[0.230s] Invoked command in '/home/zyme/ros_ws/Autoware_sim_test/build/map_height_fitter' returned '0': AMENT_PREFIX_PATH=/home/zyme/ros_ws/Autoware_sim_test/install/autoware_cmake:/home/zyme/ros_ws/Autoware_sim_test/install/tier4_localization_msgs:/home/zyme/ros_ws/Autoware_sim_test/install/autoware_map_msgs:/home/zyme/ros_ws/Autoware_sim_test/install/autoware_lint_common:${AMENT_PREFIX_PATH} CMAKE_PREFIX_PATH=/home/zyme/ros_ws/Autoware_sim_test/install/autoware_cmake:/home/zyme/ros_ws/Autoware_sim_test/install/tier4_localization_msgs:/home/zyme/ros_ws/Autoware_sim_test/install/autoware_map_msgs:/home/zyme/ros_ws/Autoware_sim_test/install/autoware_lint_common:/opt/ros/humble LD_LIBRARY_PATH=/home/zyme/ros_ws/Autoware_sim_test/install/tier4_localization_msgs/lib:/home/zyme/ros_ws/Autoware_sim_test/install/autoware_map_msgs/lib:${LD_LIBRARY_PATH} PYTHONPATH=/home/zyme/ros_ws/Autoware_sim_test/install/tier4_localization_msgs/local/lib/python3.10/dist-packages:/home/zyme/ros_ws/Autoware_sim_test/install/autoware_map_msgs/local/lib/python3.10/dist-packages:${PYTHONPATH} /usr/bin/cmake --install /home/zyme/ros_ws/Autoware_sim_test/build/map_height_fitter
