[0.067s] Invoking command in '/home/zyme/ros_ws/Autoware_sim_test/build/image_transport_decompressor': AMENT_PREFIX_PATH=/home/zyme/ros_ws/Autoware_sim_test/install/autoware_cmake:/home/zyme/ros_ws/Autoware_sim_test/install/autoware_lint_common:${AMENT_PREFIX_PATH} CMAKE_PREFIX_PATH=/home/zyme/ros_ws/Autoware_sim_test/install/autoware_cmake:/home/zyme/ros_ws/Autoware_sim_test/install/autoware_lint_common:/opt/ros/humble /usr/bin/cmake --build /home/zyme/ros_ws/Autoware_sim_test/build/image_transport_decompressor -- -j12 -l12
[0.128s] [ 50%] Built target image_transport_decompressor_node
[0.129s] [100%] Built target image_transport_decompressor
[0.141s] Invoked command in '/home/zyme/ros_ws/Autoware_sim_test/build/image_transport_decompressor' returned '0': AMENT_PREFIX_PATH=/home/zyme/ros_ws/Autoware_sim_test/install/autoware_cmake:/home/zyme/ros_ws/Autoware_sim_test/install/autoware_lint_common:${AMENT_PREFIX_PATH} CMAKE_PREFIX_PATH=/home/zyme/ros_ws/Autoware_sim_test/install/autoware_cmake:/home/zyme/ros_ws/Autoware_sim_test/install/autoware_lint_common:/opt/ros/humble /usr/bin/cmake --build /home/zyme/ros_ws/Autoware_sim_test/build/image_transport_decompressor -- -j12 -l12
[0.173s] Invoking command in '/home/zyme/ros_ws/Autoware_sim_test/build/image_transport_decompressor': AMENT_PREFIX_PATH=/home/zyme/ros_ws/Autoware_sim_test/install/autoware_cmake:/home/zyme/ros_ws/Autoware_sim_test/install/autoware_lint_common:${AMENT_PREFIX_PATH} CMAKE_PREFIX_PATH=/home/zyme/ros_ws/Autoware_sim_test/install/autoware_cmake:/home/zyme/ros_ws/Autoware_sim_test/install/autoware_lint_common:/opt/ros/humble /usr/bin/cmake --install /home/zyme/ros_ws/Autoware_sim_test/build/image_transport_decompressor
[0.180s] -- Install configuration: "Release"
[0.181s] -- Execute custom install script
[0.182s] -- Up-to-date symlink: /home/zyme/ros_ws/Autoware_sim_test/install/image_transport_decompressor/lib/image_transport_decompressor/image_transport_decompressor_node
[0.182s] -- Up-to-date symlink: /home/zyme/ros_ws/Autoware_sim_test/install/image_transport_decompressor/include/image_transport_decompressor/image_transport_decompressor.hpp
[0.183s] -- Up-to-date symlink: /home/zyme/ros_ws/Autoware_sim_test/install/image_transport_decompressor/share/image_transport_decompressor/environment/library_path.sh
[0.183s] -- Up-to-date symlink: /home/zyme/ros_ws/Autoware_sim_test/install/image_transport_decompressor/share/image_transport_decompressor/environment/library_path.dsv
[0.184s] -- Up-to-date symlink: /home/zyme/ros_ws/Autoware_sim_test/install/image_transport_decompressor/lib/libimage_transport_decompressor.so
[0.185s] -- Up-to-date symlink: /home/zyme/ros_ws/Autoware_sim_test/install/image_transport_decompressor/share/image_transport_decompressor/launch/image_transport_decompressor.launch.xml
[0.186s] -- Up-to-date symlink: /home/zyme/ros_ws/Autoware_sim_test/install/image_transport_decompressor/share/ament_index/resource_index/package_run_dependencies/image_transport_decompressor
[0.186s] -- Up-to-date symlink: /home/zyme/ros_ws/Autoware_sim_test/install/image_transport_decompressor/share/ament_index/resource_index/parent_prefix_path/image_transport_decompressor
[0.186s] -- Up-to-date symlink: /home/zyme/ros_ws/Autoware_sim_test/install/image_transport_decompressor/share/image_transport_decompressor/environment/ament_prefix_path.sh
[0.187s] -- Up-to-date symlink: /home/zyme/ros_ws/Autoware_sim_test/install/image_transport_decompressor/share/image_transport_decompressor/environment/ament_prefix_path.dsv
[0.187s] -- Up-to-date symlink: /home/zyme/ros_ws/Autoware_sim_test/install/image_transport_decompressor/share/image_transport_decompressor/environment/path.sh
[0.187s] -- Up-to-date symlink: /home/zyme/ros_ws/Autoware_sim_test/install/image_transport_decompressor/share/image_transport_decompressor/environment/path.dsv
[0.188s] -- Up-to-date symlink: /home/zyme/ros_ws/Autoware_sim_test/install/image_transport_decompressor/share/image_transport_decompressor/local_setup.bash
[0.188s] -- Up-to-date symlink: /home/zyme/ros_ws/Autoware_sim_test/install/image_transport_decompressor/share/image_transport_decompressor/local_setup.sh
[0.188s] -- Up-to-date symlink: /home/zyme/ros_ws/Autoware_sim_test/install/image_transport_decompressor/share/image_transport_decompressor/local_setup.zsh
[0.189s] -- Up-to-date symlink: /home/zyme/ros_ws/Autoware_sim_test/install/image_transport_decompressor/share/image_transport_decompressor/local_setup.dsv
[0.189s] -- Symlinking: /home/zyme/ros_ws/Autoware_sim_test/install/image_transport_decompressor/share/image_transport_decompressor/package.dsv
[0.200s] -- Up-to-date symlink: /home/zyme/ros_ws/Autoware_sim_test/install/image_transport_decompressor/share/ament_index/resource_index/packages/image_transport_decompressor
[0.200s] -- Up-to-date symlink: /home/zyme/ros_ws/Autoware_sim_test/install/image_transport_decompressor/share/ament_index/resource_index/rclcpp_components/image_transport_decompressor
[0.200s] -- Up-to-date symlink: /home/zyme/ros_ws/Autoware_sim_test/install/image_transport_decompressor/share/image_transport_decompressor/cmake/ament_cmake_export_dependencies-extras.cmake
[0.201s] -- Up-to-date symlink: /home/zyme/ros_ws/Autoware_sim_test/install/image_transport_decompressor/share/image_transport_decompressor/cmake/ament_cmake_export_include_directories-extras.cmake
[0.201s] -- Up-to-date symlink: /home/zyme/ros_ws/Autoware_sim_test/install/image_transport_decompressor/share/image_transport_decompressor/cmake/ament_cmake_export_libraries-extras.cmake
[0.201s] -- Up-to-date symlink: /home/zyme/ros_ws/Autoware_sim_test/install/image_transport_decompressor/share/image_transport_decompressor/cmake/image_transport_decompressorConfig.cmake
[0.201s] -- Up-to-date symlink: /home/zyme/ros_ws/Autoware_sim_test/install/image_transport_decompressor/share/image_transport_decompressor/cmake/image_transport_decompressorConfig-version.cmake
[0.202s] -- Up-to-date symlink: /home/zyme/ros_ws/Autoware_sim_test/install/image_transport_decompressor/share/image_transport_decompressor/package.xml
[0.204s] Invoked command in '/home/zyme/ros_ws/Autoware_sim_test/build/image_transport_decompressor' returned '0': AMENT_PREFIX_PATH=/home/zyme/ros_ws/Autoware_sim_test/install/autoware_cmake:/home/zyme/ros_ws/Autoware_sim_test/install/autoware_lint_common:${AMENT_PREFIX_PATH} CMAKE_PREFIX_PATH=/home/zyme/ros_ws/Autoware_sim_test/install/autoware_cmake:/home/zyme/ros_ws/Autoware_sim_test/install/autoware_lint_common:/opt/ros/humble /usr/bin/cmake --install /home/zyme/ros_ws/Autoware_sim_test/build/image_transport_decompressor
