[0.060s] Invoking command in '/home/zyme/ros_ws/Autoware_sim_test/build/eagleye_coordinate': CMAKE_PREFIX_PATH=/opt/ros/humble /usr/bin/cmake --build /home/zyme/ros_ws/Autoware_sim_test/build/eagleye_coordinate
[0.119s] [100%] Built target eagleye_coordinate
[0.130s] Invoked command in '/home/zyme/ros_ws/Autoware_sim_test/build/eagleye_coordinate' returned '0': CMAKE_PREFIX_PATH=/opt/ros/humble /usr/bin/cmake --build /home/zyme/ros_ws/Autoware_sim_test/build/eagleye_coordinate
[0.175s] Invoking command in '/home/zyme/ros_ws/Autoware_sim_test/build/eagleye_coordinate': CMAKE_PREFIX_PATH=/opt/ros/humble /usr/bin/cmake --install /home/zyme/ros_ws/Autoware_sim_test/build/eagleye_coordinate
[0.183s] -- Install configuration: "Release"
[0.183s] -- Execute custom install script
[0.184s] -- Up-to-date symlink: /home/zyme/ros_ws/Autoware_sim_test/install/eagleye_coordinate/include/eagleye_coordinate/eagleye_coordinate.hpp
[0.185s] -- Up-to-date symlink: /home/zyme/ros_ws/Autoware_sim_test/install/eagleye_coordinate/share/eagleye_coordinate/environment/library_path.sh
[0.185s] -- Up-to-date symlink: /home/zyme/ros_ws/Autoware_sim_test/install/eagleye_coordinate/share/eagleye_coordinate/environment/library_path.dsv
[0.186s] -- Up-to-date symlink: /home/zyme/ros_ws/Autoware_sim_test/install/eagleye_coordinate//libeagleye_coordinate.so
[0.186s] -- Up-to-date symlink: /home/zyme/ros_ws/Autoware_sim_test/install/eagleye_coordinate/include/eagleye_coordinate/eagleye_coordinate.hpp
[0.187s] -- Up-to-date symlink: /home/zyme/ros_ws/Autoware_sim_test/install/eagleye_coordinate/lib/libeagleye_coordinate.so
[0.188s] -- Up-to-date symlink: /home/zyme/ros_ws/Autoware_sim_test/install/eagleye_coordinate/share/ament_index/resource_index/package_run_dependencies/eagleye_coordinate
[0.188s] -- Up-to-date symlink: /home/zyme/ros_ws/Autoware_sim_test/install/eagleye_coordinate/share/ament_index/resource_index/parent_prefix_path/eagleye_coordinate
[0.189s] -- Up-to-date symlink: /home/zyme/ros_ws/Autoware_sim_test/install/eagleye_coordinate/share/eagleye_coordinate/environment/ament_prefix_path.sh
[0.189s] -- Up-to-date symlink: /home/zyme/ros_ws/Autoware_sim_test/install/eagleye_coordinate/share/eagleye_coordinate/environment/ament_prefix_path.dsv
[0.189s] -- Up-to-date symlink: /home/zyme/ros_ws/Autoware_sim_test/install/eagleye_coordinate/share/eagleye_coordinate/environment/path.sh
[0.190s] -- Up-to-date symlink: /home/zyme/ros_ws/Autoware_sim_test/install/eagleye_coordinate/share/eagleye_coordinate/environment/path.dsv
[0.190s] -- Up-to-date symlink: /home/zyme/ros_ws/Autoware_sim_test/install/eagleye_coordinate/share/eagleye_coordinate/local_setup.bash
[0.190s] -- Up-to-date symlink: /home/zyme/ros_ws/Autoware_sim_test/install/eagleye_coordinate/share/eagleye_coordinate/local_setup.sh
[0.191s] -- Up-to-date symlink: /home/zyme/ros_ws/Autoware_sim_test/install/eagleye_coordinate/share/eagleye_coordinate/local_setup.zsh
[0.191s] -- Up-to-date symlink: /home/zyme/ros_ws/Autoware_sim_test/install/eagleye_coordinate/share/eagleye_coordinate/local_setup.dsv
[0.191s] -- Symlinking: /home/zyme/ros_ws/Autoware_sim_test/install/eagleye_coordinate/share/eagleye_coordinate/package.dsv
[0.200s] -- Up-to-date symlink: /home/zyme/ros_ws/Autoware_sim_test/install/eagleye_coordinate/share/ament_index/resource_index/packages/eagleye_coordinate
[0.200s] -- Up-to-date symlink: /home/zyme/ros_ws/Autoware_sim_test/install/eagleye_coordinate/share/eagleye_coordinate/cmake/ament_cmake_export_include_directories-extras.cmake
[0.201s] -- Up-to-date symlink: /home/zyme/ros_ws/Autoware_sim_test/install/eagleye_coordinate/share/eagleye_coordinate/cmake/ament_cmake_export_libraries-extras.cmake
[0.201s] -- Up-to-date symlink: /home/zyme/ros_ws/Autoware_sim_test/install/eagleye_coordinate/share/eagleye_coordinate/cmake/ament_cmake_export_dependencies-extras.cmake
[0.201s] -- Up-to-date symlink: /home/zyme/ros_ws/Autoware_sim_test/install/eagleye_coordinate/share/eagleye_coordinate/cmake/eagleye_coordinateConfig.cmake
[0.202s] -- Up-to-date symlink: /home/zyme/ros_ws/Autoware_sim_test/install/eagleye_coordinate/share/eagleye_coordinate/cmake/eagleye_coordinateConfig-version.cmake
[0.202s] -- Up-to-date symlink: /home/zyme/ros_ws/Autoware_sim_test/install/eagleye_coordinate/share/eagleye_coordinate/package.xml
[0.205s] Invoked command in '/home/zyme/ros_ws/Autoware_sim_test/build/eagleye_coordinate' returned '0': CMAKE_PREFIX_PATH=/opt/ros/humble /usr/bin/cmake --install /home/zyme/ros_ws/Autoware_sim_test/build/eagleye_coordinate
