[0.070s] Invoking command in '/home/zyme/ros_ws/Autoware_sim_test/build/llh_converter': CMAKE_PREFIX_PATH=/opt/ros/humble /usr/bin/cmake --build /home/zyme/ros_ws/Autoware_sim_test/build/llh_converter -- -j12 -l12
[0.125s] [ 55%] Built target llh_converter
[0.147s] [100%] Built target mcac_test
[0.147s] [100%] Built target llh_test
[0.159s] Invoked command in '/home/zyme/ros_ws/Autoware_sim_test/build/llh_converter' returned '0': CMAKE_PREFIX_PATH=/opt/ros/humble /usr/bin/cmake --build /home/zyme/ros_ws/Autoware_sim_test/build/llh_converter -- -j12 -l12
[0.198s] Invoking command in '/home/zyme/ros_ws/Autoware_sim_test/build/llh_converter': CMAKE_PREFIX_PATH=/opt/ros/humble /usr/bin/cmake --install /home/zyme/ros_ws/Autoware_sim_test/build/llh_converter
[0.206s] -- Install configuration: "Release"
[0.207s] -- Execute custom install script
[0.207s] -- Up-to-date symlink: /home/zyme/ros_ws/Autoware_sim_test/install/llh_converter/lib/llh_converter/libllh_converter.so
[0.208s] -- Up-to-date symlink: /home/zyme/ros_ws/Autoware_sim_test/install/llh_converter/share/llh_converter/environment/library_path.sh
[0.208s] -- Up-to-date symlink: /home/zyme/ros_ws/Autoware_sim_test/install/llh_converter/share/llh_converter/environment/library_path.dsv
[0.209s] -- Up-to-date symlink: /home/zyme/ros_ws/Autoware_sim_test/install/llh_converter/include/llh_converter/gsigeo.hpp
[0.209s] -- Up-to-date symlink: /home/zyme/ros_ws/Autoware_sim_test/install/llh_converter/include/llh_converter/height_converter.hpp
[0.209s] -- Up-to-date symlink: /home/zyme/ros_ws/Autoware_sim_test/install/llh_converter/include/llh_converter/llh_converter.hpp
[0.210s] -- Up-to-date symlink: /home/zyme/ros_ws/Autoware_sim_test/install/llh_converter/include/llh_converter/meridian_convergence_angle_correction.hpp
[0.210s] -- Up-to-date symlink: /home/zyme/ros_ws/Autoware_sim_test/install/llh_converter/share/llh_converter/data/gsigeo2011_ver2_1.asc
[0.211s] -- Up-to-date symlink: /home/zyme/ros_ws/Autoware_sim_test/install/llh_converter/lib/libllh_converter.so
[0.211s] -- Up-to-date symlink: /home/zyme/ros_ws/Autoware_sim_test/install/llh_converter/lib/llh_converter/llh_test
[0.212s] -- Up-to-date symlink: /home/zyme/ros_ws/Autoware_sim_test/install/llh_converter/lib/llh_converter/mcac_test
[0.212s] -- Up-to-date symlink: /home/zyme/ros_ws/Autoware_sim_test/install/llh_converter/include/llh_converter/gsigeo.hpp
[0.212s] -- Up-to-date symlink: /home/zyme/ros_ws/Autoware_sim_test/install/llh_converter/include/llh_converter/height_converter.hpp
[0.212s] -- Up-to-date symlink: /home/zyme/ros_ws/Autoware_sim_test/install/llh_converter/include/llh_converter/llh_converter.hpp
[0.212s] -- Up-to-date symlink: /home/zyme/ros_ws/Autoware_sim_test/install/llh_converter/include/llh_converter/meridian_convergence_angle_correction.hpp
[0.213s] -- Up-to-date symlink: /home/zyme/ros_ws/Autoware_sim_test/install/llh_converter/lib/libllh_converter.so
[0.213s] -- Up-to-date symlink: /home/zyme/ros_ws/Autoware_sim_test/install/llh_converter/lib/llh_converter/llh_test
[0.213s] -- Up-to-date symlink: /home/zyme/ros_ws/Autoware_sim_test/install/llh_converter/lib/llh_converter/mcac_test
[0.214s] -- Up-to-date symlink: /home/zyme/ros_ws/Autoware_sim_test/install/llh_converter/share/ament_index/resource_index/package_run_dependencies/llh_converter
[0.214s] -- Up-to-date symlink: /home/zyme/ros_ws/Autoware_sim_test/install/llh_converter/share/ament_index/resource_index/parent_prefix_path/llh_converter
[0.215s] -- Up-to-date symlink: /home/zyme/ros_ws/Autoware_sim_test/install/llh_converter/share/llh_converter/environment/ament_prefix_path.sh
[0.215s] -- Up-to-date symlink: /home/zyme/ros_ws/Autoware_sim_test/install/llh_converter/share/llh_converter/environment/ament_prefix_path.dsv
[0.215s] -- Up-to-date symlink: /home/zyme/ros_ws/Autoware_sim_test/install/llh_converter/share/llh_converter/environment/path.sh
[0.215s] -- Up-to-date symlink: /home/zyme/ros_ws/Autoware_sim_test/install/llh_converter/share/llh_converter/environment/path.dsv
[0.216s] -- Up-to-date symlink: /home/zyme/ros_ws/Autoware_sim_test/install/llh_converter/share/llh_converter/local_setup.bash
[0.216s] -- Up-to-date symlink: /home/zyme/ros_ws/Autoware_sim_test/install/llh_converter/share/llh_converter/local_setup.sh
[0.216s] -- Up-to-date symlink: /home/zyme/ros_ws/Autoware_sim_test/install/llh_converter/share/llh_converter/local_setup.zsh
[0.216s] -- Up-to-date symlink: /home/zyme/ros_ws/Autoware_sim_test/install/llh_converter/share/llh_converter/local_setup.dsv
[0.216s] -- Symlinking: /home/zyme/ros_ws/Autoware_sim_test/install/llh_converter/share/llh_converter/package.dsv
[0.225s] -- Up-to-date symlink: /home/zyme/ros_ws/Autoware_sim_test/install/llh_converter/share/ament_index/resource_index/packages/llh_converter
[0.226s] -- Up-to-date symlink: /home/zyme/ros_ws/Autoware_sim_test/install/llh_converter/share/llh_converter/cmake/ament_cmake_export_include_directories-extras.cmake
[0.226s] -- Up-to-date symlink: /home/zyme/ros_ws/Autoware_sim_test/install/llh_converter/share/llh_converter/cmake/ament_cmake_export_libraries-extras.cmake
[0.227s] -- Up-to-date symlink: /home/zyme/ros_ws/Autoware_sim_test/install/llh_converter/share/llh_converter/cmake/llh_converterConfig.cmake
[0.227s] -- Up-to-date symlink: /home/zyme/ros_ws/Autoware_sim_test/install/llh_converter/share/llh_converter/cmake/llh_converterConfig-version.cmake
[0.227s] -- Up-to-date symlink: /home/zyme/ros_ws/Autoware_sim_test/install/llh_converter/share/llh_converter/package.xml
[0.229s] Invoked command in '/home/zyme/ros_ws/Autoware_sim_test/build/llh_converter' returned '0': CMAKE_PREFIX_PATH=/opt/ros/humble /usr/bin/cmake --install /home/zyme/ros_ws/Autoware_sim_test/build/llh_converter
