[0.060s] Invoking command in '/home/zyme/ros_ws/Autoware_sim_test/build/boost_serial_driver': AMENT_PREFIX_PATH=/home/zyme/ros_ws/Autoware_sim_test/install/boost_io_context:${AMENT_PREFIX_PATH} CMAKE_PREFIX_PATH=/home/zyme/ros_ws/Autoware_sim_test/install/boost_io_context:/opt/ros/humble LD_LIBRARY_PATH=/home/zyme/ros_ws/Autoware_sim_test/install/boost_io_context/lib:${LD_LIBRARY_PATH} /usr/bin/cmake --build /home/zyme/ros_ws/Autoware_sim_test/build/boost_serial_driver
[0.115s] [ 13%] Built target gtest_main
[0.118s] [ 26%] Built target serial_bridge
[0.123s] [ 46%] Built target boost_serial_driver
[0.139s] [ 60%] Built target gtest
[0.158s] [ 73%] Built target boost_serial_driver_nodes
[0.170s] [100%] Built target test_serial_driver
[0.170s] [100%] Built target test_serial_port
[0.181s] Invoked command in '/home/zyme/ros_ws/Autoware_sim_test/build/boost_serial_driver' returned '0': AMENT_PREFIX_PATH=/home/zyme/ros_ws/Autoware_sim_test/install/boost_io_context:${AMENT_PREFIX_PATH} CMAKE_PREFIX_PATH=/home/zyme/ros_ws/Autoware_sim_test/install/boost_io_context:/opt/ros/humble LD_LIBRARY_PATH=/home/zyme/ros_ws/Autoware_sim_test/install/boost_io_context/lib:${LD_LIBRARY_PATH} /usr/bin/cmake --build /home/zyme/ros_ws/Autoware_sim_test/build/boost_serial_driver
[0.223s] Invoking command in '/home/zyme/ros_ws/Autoware_sim_test/build/boost_serial_driver': AMENT_PREFIX_PATH=/home/zyme/ros_ws/Autoware_sim_test/install/boost_io_context:${AMENT_PREFIX_PATH} CMAKE_PREFIX_PATH=/home/zyme/ros_ws/Autoware_sim_test/install/boost_io_context:/opt/ros/humble LD_LIBRARY_PATH=/home/zyme/ros_ws/Autoware_sim_test/install/boost_io_context/lib:${LD_LIBRARY_PATH} /usr/bin/cmake --install /home/zyme/ros_ws/Autoware_sim_test/build/boost_serial_driver
[0.230s] -- Install configuration: "Release"
[0.231s] -- Execute custom install script
[0.231s] -- Up-to-date symlink: /home/zyme/ros_ws/Autoware_sim_test/install/boost_serial_driver/lib/boost_serial_driver/serial_bridge
[0.232s] -- Up-to-date symlink: /home/zyme/ros_ws/Autoware_sim_test/install/boost_serial_driver/include/boost_serial_driver/serial_bridge_node.hpp
[0.232s] -- Up-to-date symlink: /home/zyme/ros_ws/Autoware_sim_test/install/boost_serial_driver/include/boost_serial_driver/serial_driver.hpp
[0.232s] -- Up-to-date symlink: /home/zyme/ros_ws/Autoware_sim_test/install/boost_serial_driver/include/boost_serial_driver/serial_port.hpp
[0.233s] -- Up-to-date symlink: /home/zyme/ros_ws/Autoware_sim_test/install/boost_serial_driver/include/boost_serial_driver/visibility_control.hpp
[0.233s] -- Up-to-date symlink: /home/zyme/ros_ws/Autoware_sim_test/install/boost_serial_driver/share/boost_serial_driver/environment/library_path.sh
[0.233s] -- Up-to-date symlink: /home/zyme/ros_ws/Autoware_sim_test/install/boost_serial_driver/share/boost_serial_driver/environment/library_path.dsv
[0.234s] -- Up-to-date symlink: /home/zyme/ros_ws/Autoware_sim_test/install/boost_serial_driver/lib/libboost_serial_driver.so
[0.234s] -- Up-to-date symlink: /home/zyme/ros_ws/Autoware_sim_test/install/boost_serial_driver/lib/libboost_serial_driver_nodes.so
[0.235s] -- Up-to-date symlink: /home/zyme/ros_ws/Autoware_sim_test/install/boost_serial_driver/share/boost_serial_driver/launch/serial_driver_bridge_node.launch.py
[0.235s] -- Up-to-date symlink: /home/zyme/ros_ws/Autoware_sim_test/install/boost_serial_driver/share/boost_serial_driver/params/example.params.yaml
[0.236s] -- Up-to-date symlink: /home/zyme/ros_ws/Autoware_sim_test/install/boost_serial_driver/share/ament_index/resource_index/package_run_dependencies/boost_serial_driver
[0.236s] -- Up-to-date symlink: /home/zyme/ros_ws/Autoware_sim_test/install/boost_serial_driver/share/ament_index/resource_index/parent_prefix_path/boost_serial_driver
[0.236s] -- Up-to-date symlink: /home/zyme/ros_ws/Autoware_sim_test/install/boost_serial_driver/share/boost_serial_driver/environment/ament_prefix_path.sh
[0.236s] -- Up-to-date symlink: /home/zyme/ros_ws/Autoware_sim_test/install/boost_serial_driver/share/boost_serial_driver/environment/ament_prefix_path.dsv
[0.237s] -- Up-to-date symlink: /home/zyme/ros_ws/Autoware_sim_test/install/boost_serial_driver/share/boost_serial_driver/environment/path.sh
[0.237s] -- Up-to-date symlink: /home/zyme/ros_ws/Autoware_sim_test/install/boost_serial_driver/share/boost_serial_driver/environment/path.dsv
[0.237s] -- Up-to-date symlink: /home/zyme/ros_ws/Autoware_sim_test/install/boost_serial_driver/share/boost_serial_driver/local_setup.bash
[0.238s] -- Up-to-date symlink: /home/zyme/ros_ws/Autoware_sim_test/install/boost_serial_driver/share/boost_serial_driver/local_setup.sh
[0.238s] -- Up-to-date symlink: /home/zyme/ros_ws/Autoware_sim_test/install/boost_serial_driver/share/boost_serial_driver/local_setup.zsh
[0.238s] -- Up-to-date symlink: /home/zyme/ros_ws/Autoware_sim_test/install/boost_serial_driver/share/boost_serial_driver/local_setup.dsv
[0.238s] -- Symlinking: /home/zyme/ros_ws/Autoware_sim_test/install/boost_serial_driver/share/boost_serial_driver/package.dsv
[0.247s] -- Up-to-date symlink: /home/zyme/ros_ws/Autoware_sim_test/install/boost_serial_driver/share/ament_index/resource_index/packages/boost_serial_driver
[0.248s] -- Up-to-date symlink: /home/zyme/ros_ws/Autoware_sim_test/install/boost_serial_driver/share/ament_index/resource_index/rclcpp_components/boost_serial_driver
[0.248s] -- Up-to-date symlink: /home/zyme/ros_ws/Autoware_sim_test/install/boost_serial_driver/share/boost_serial_driver/cmake/ament_cmake_export_dependencies-extras.cmake
[0.248s] -- Up-to-date symlink: /home/zyme/ros_ws/Autoware_sim_test/install/boost_serial_driver/share/boost_serial_driver/cmake/ament_cmake_export_include_directories-extras.cmake
[0.249s] -- Up-to-date symlink: /home/zyme/ros_ws/Autoware_sim_test/install/boost_serial_driver/share/boost_serial_driver/cmake/ament_cmake_export_libraries-extras.cmake
[0.249s] -- Up-to-date symlink: /home/zyme/ros_ws/Autoware_sim_test/install/boost_serial_driver/share/boost_serial_driver/cmake/boost_serial_driverConfig.cmake
[0.249s] -- Up-to-date symlink: /home/zyme/ros_ws/Autoware_sim_test/install/boost_serial_driver/share/boost_serial_driver/cmake/boost_serial_driverConfig-version.cmake
[0.249s] -- Up-to-date symlink: /home/zyme/ros_ws/Autoware_sim_test/install/boost_serial_driver/share/boost_serial_driver/package.xml
[0.252s] Invoked command in '/home/zyme/ros_ws/Autoware_sim_test/build/boost_serial_driver' returned '0': AMENT_PREFIX_PATH=/home/zyme/ros_ws/Autoware_sim_test/install/boost_io_context:${AMENT_PREFIX_PATH} CMAKE_PREFIX_PATH=/home/zyme/ros_ws/Autoware_sim_test/install/boost_io_context:/opt/ros/humble LD_LIBRARY_PATH=/home/zyme/ros_ws/Autoware_sim_test/install/boost_io_context/lib:${LD_LIBRARY_PATH} /usr/bin/cmake --install /home/zyme/ros_ws/Autoware_sim_test/build/boost_serial_driver
