[0.056s] Invoking command in '/home/zyme/ros_ws/Autoware_sim_test/build/autoware_localization_msgs': CMAKE_PREFIX_PATH=/opt/ros/humble /usr/bin/cmake --build /home/zyme/ros_ws/Autoware_sim_test/build/autoware_localization_msgs -- -j12 -l12
[0.104s] [  3%] Built target autoware_localization_msgs__cpp
[0.105s] [ 12%] Built target autoware_localization_msgs__rosidl_generator_c
[0.119s] [ 12%] Built target ament_cmake_python_symlink_autoware_localization_msgs
[0.136s] [ 32%] Built target autoware_localization_msgs__rosidl_typesupport_cpp
[0.136s] [ 32%] Built target autoware_localization_msgs__rosidl_typesupport_fastrtps_c
[0.136s] [ 41%] Built target autoware_localization_msgs__rosidl_typesupport_introspection_cpp
[0.137s] [ 61%] Built target autoware_localization_msgs__rosidl_typesupport_c
[0.137s] [ 61%] Built target autoware_localization_msgs__rosidl_typesupport_fastrtps_cpp
[0.142s] [ 70%] Built target autoware_localization_msgs__rosidl_typesupport_introspection_c
[0.161s] [ 70%] Built target autoware_localization_msgs
[0.182s] [ 74%] Built target autoware_localization_msgs__py
[0.203s] [ 80%] Built target autoware_localization_msgs__rosidl_generator_py
[0.229s] [ 93%] Built target autoware_localization_msgs__rosidl_typesupport_c__pyext
[0.229s] [ 93%] Built target autoware_localization_msgs__rosidl_typesupport_introspection_c__pyext
[0.229s] [100%] Built target autoware_localization_msgs__rosidl_typesupport_fastrtps_c__pyext
[0.394s] running egg_info
[0.394s] writing autoware_localization_msgs.egg-info/PKG-INFO
[0.394s] writing dependency_links to autoware_localization_msgs.egg-info/dependency_links.txt
[0.395s] writing top-level names to autoware_localization_msgs.egg-info/top_level.txt
[0.396s] reading manifest file 'autoware_localization_msgs.egg-info/SOURCES.txt'
[0.397s] writing manifest file 'autoware_localization_msgs.egg-info/SOURCES.txt'
[0.419s] [100%] Built target ament_cmake_python_build_autoware_localization_msgs_egg
[0.430s] Invoked command in '/home/zyme/ros_ws/Autoware_sim_test/build/autoware_localization_msgs' returned '0': CMAKE_PREFIX_PATH=/opt/ros/humble /usr/bin/cmake --build /home/zyme/ros_ws/Autoware_sim_test/build/autoware_localization_msgs -- -j12 -l12
[0.489s] Invoking command in '/home/zyme/ros_ws/Autoware_sim_test/build/autoware_localization_msgs': CMAKE_PREFIX_PATH=/opt/ros/humble /usr/bin/cmake --install /home/zyme/ros_ws/Autoware_sim_test/build/autoware_localization_msgs
[0.496s] -- Install configuration: "Release"
[0.496s] -- Execute custom install script
[0.496s] -- Up-to-date symlink: /home/zyme/ros_ws/Autoware_sim_test/install/autoware_localization_msgs/share/ament_index/resource_index/rosidl_interfaces/autoware_localization_msgs
[0.497s] -- Up-to-date symlink: /home/zyme/ros_ws/Autoware_sim_test/install/autoware_localization_msgs/include/autoware_localization_msgs/autoware_localization_msgs/msg/detail/kinematic_state__functions.h
[0.497s] -- Up-to-date symlink: /home/zyme/ros_ws/Autoware_sim_test/install/autoware_localization_msgs/include/autoware_localization_msgs/autoware_localization_msgs/msg/detail/kinematic_state__struct.h
[0.497s] -- Up-to-date symlink: /home/zyme/ros_ws/Autoware_sim_test/install/autoware_localization_msgs/include/autoware_localization_msgs/autoware_localization_msgs/msg/detail/kinematic_state__type_support.h
[0.497s] -- Up-to-date symlink: /home/zyme/ros_ws/Autoware_sim_test/install/autoware_localization_msgs/include/autoware_localization_msgs/autoware_localization_msgs/msg/kinematic_state.h
[0.497s] -- Up-to-date symlink: /home/zyme/ros_ws/Autoware_sim_test/install/autoware_localization_msgs/include/autoware_localization_msgs/autoware_localization_msgs/msg/rosidl_generator_c__visibility_control.h
[0.497s] -- Up-to-date symlink: /home/zyme/ros_ws/Autoware_sim_test/install/autoware_localization_msgs/share/autoware_localization_msgs/environment/library_path.sh
[0.497s] -- Up-to-date symlink: /home/zyme/ros_ws/Autoware_sim_test/install/autoware_localization_msgs/share/autoware_localization_msgs/environment/library_path.dsv
[0.498s] -- Up-to-date symlink: /home/zyme/ros_ws/Autoware_sim_test/install/autoware_localization_msgs/include/autoware_localization_msgs/autoware_localization_msgs/msg/detail/kinematic_state__rosidl_typesupport_fastrtps_c.h
[0.498s] -- Up-to-date symlink: /home/zyme/ros_ws/Autoware_sim_test/install/autoware_localization_msgs/include/autoware_localization_msgs/autoware_localization_msgs/msg/rosidl_typesupport_fastrtps_c__visibility_control.h
[0.498s] -- Up-to-date symlink: /home/zyme/ros_ws/Autoware_sim_test/install/autoware_localization_msgs/include/autoware_localization_msgs/autoware_localization_msgs/msg/detail/kinematic_state__builder.hpp
[0.499s] -- Up-to-date symlink: /home/zyme/ros_ws/Autoware_sim_test/install/autoware_localization_msgs/include/autoware_localization_msgs/autoware_localization_msgs/msg/detail/kinematic_state__struct.hpp
[0.499s] -- Up-to-date symlink: /home/zyme/ros_ws/Autoware_sim_test/install/autoware_localization_msgs/include/autoware_localization_msgs/autoware_localization_msgs/msg/detail/kinematic_state__traits.hpp
[0.499s] -- Up-to-date symlink: /home/zyme/ros_ws/Autoware_sim_test/install/autoware_localization_msgs/include/autoware_localization_msgs/autoware_localization_msgs/msg/kinematic_state.hpp
[0.499s] -- Up-to-date symlink: /home/zyme/ros_ws/Autoware_sim_test/install/autoware_localization_msgs/include/autoware_localization_msgs/autoware_localization_msgs/msg/detail/kinematic_state__rosidl_typesupport_fastrtps_cpp.hpp
[0.499s] -- Up-to-date symlink: /home/zyme/ros_ws/Autoware_sim_test/install/autoware_localization_msgs/include/autoware_localization_msgs/autoware_localization_msgs/msg/rosidl_typesupport_fastrtps_cpp__visibility_control.h
[0.500s] -- Up-to-date symlink: /home/zyme/ros_ws/Autoware_sim_test/install/autoware_localization_msgs/include/autoware_localization_msgs/autoware_localization_msgs/msg/detail/kinematic_state__rosidl_typesupport_introspection_c.h
[0.500s] -- Up-to-date symlink: /home/zyme/ros_ws/Autoware_sim_test/install/autoware_localization_msgs/include/autoware_localization_msgs/autoware_localization_msgs/msg/rosidl_typesupport_introspection_c__visibility_control.h
[0.500s] -- Up-to-date symlink: /home/zyme/ros_ws/Autoware_sim_test/install/autoware_localization_msgs/include/autoware_localization_msgs/autoware_localization_msgs/msg/detail/kinematic_state__rosidl_typesupport_introspection_cpp.hpp
[0.500s] -- Up-to-date symlink: /home/zyme/ros_ws/Autoware_sim_test/install/autoware_localization_msgs/share/autoware_localization_msgs/environment/pythonpath.sh
[0.501s] -- Up-to-date symlink: /home/zyme/ros_ws/Autoware_sim_test/install/autoware_localization_msgs/share/autoware_localization_msgs/environment/pythonpath.dsv
[0.501s] -- Up-to-date symlink: /home/zyme/ros_ws/Autoware_sim_test/install/autoware_localization_msgs/local/lib/python3.10/dist-packages/autoware_localization_msgs-1.0.0-py3.10.egg-info/PKG-INFO
[0.501s] -- Up-to-date symlink: /home/zyme/ros_ws/Autoware_sim_test/install/autoware_localization_msgs/local/lib/python3.10/dist-packages/autoware_localization_msgs-1.0.0-py3.10.egg-info/SOURCES.txt
[0.501s] -- Up-to-date symlink: /home/zyme/ros_ws/Autoware_sim_test/install/autoware_localization_msgs/local/lib/python3.10/dist-packages/autoware_localization_msgs-1.0.0-py3.10.egg-info/dependency_links.txt
[0.501s] -- Up-to-date symlink: /home/zyme/ros_ws/Autoware_sim_test/install/autoware_localization_msgs/local/lib/python3.10/dist-packages/autoware_localization_msgs-1.0.0-py3.10.egg-info/top_level.txt
[0.502s] -- Up-to-date symlink: /home/zyme/ros_ws/Autoware_sim_test/install/autoware_localization_msgs/local/lib/python3.10/dist-packages/autoware_localization_msgs/__init__.py
[0.502s] -- Up-to-date symlink: /home/zyme/ros_ws/Autoware_sim_test/install/autoware_localization_msgs/local/lib/python3.10/dist-packages/autoware_localization_msgs/_autoware_localization_msgs_s.ep.rosidl_typesupport_c.c
[0.502s] -- Up-to-date symlink: /home/zyme/ros_ws/Autoware_sim_test/install/autoware_localization_msgs/local/lib/python3.10/dist-packages/autoware_localization_msgs/_autoware_localization_msgs_s.ep.rosidl_typesupport_fastrtps_c.c
[0.502s] -- Up-to-date symlink: /home/zyme/ros_ws/Autoware_sim_test/install/autoware_localization_msgs/local/lib/python3.10/dist-packages/autoware_localization_msgs/_autoware_localization_msgs_s.ep.rosidl_typesupport_introspection_c.c
[0.502s] -- Up-to-date symlink: /home/zyme/ros_ws/Autoware_sim_test/install/autoware_localization_msgs/local/lib/python3.10/dist-packages/autoware_localization_msgs/autoware_localization_msgs_s__rosidl_typesupport_c.cpython-310-x86_64-linux-gnu.so
[0.502s] -- Up-to-date symlink: /home/zyme/ros_ws/Autoware_sim_test/install/autoware_localization_msgs/local/lib/python3.10/dist-packages/autoware_localization_msgs/autoware_localization_msgs_s__rosidl_typesupport_fastrtps_c.cpython-310-x86_64-linux-gnu.so
[0.503s] -- Up-to-date symlink: /home/zyme/ros_ws/Autoware_sim_test/install/autoware_localization_msgs/local/lib/python3.10/dist-packages/autoware_localization_msgs/autoware_localization_msgs_s__rosidl_typesupport_introspection_c.cpython-310-x86_64-linux-gnu.so
[0.503s] -- Up-to-date symlink: /home/zyme/ros_ws/Autoware_sim_test/install/autoware_localization_msgs/local/lib/python3.10/dist-packages/autoware_localization_msgs/libautoware_localization_msgs__rosidl_generator_py.so
[0.503s] -- Up-to-date symlink: /home/zyme/ros_ws/Autoware_sim_test/install/autoware_localization_msgs/local/lib/python3.10/dist-packages/autoware_localization_msgs/msg/__init__.py
[0.503s] -- Up-to-date symlink: /home/zyme/ros_ws/Autoware_sim_test/install/autoware_localization_msgs/local/lib/python3.10/dist-packages/autoware_localization_msgs/msg/_kinematic_state.py
[0.503s] -- Up-to-date symlink: /home/zyme/ros_ws/Autoware_sim_test/install/autoware_localization_msgs/local/lib/python3.10/dist-packages/autoware_localization_msgs/msg/_kinematic_state_s.c
[0.503s] -- Up-to-date symlink: /home/zyme/ros_ws/Autoware_sim_test/install/autoware_localization_msgs/local/lib/python3.10/dist-packages/autoware_localization_msgs/autoware_localization_msgs_s__rosidl_typesupport_fastrtps_c.cpython-310-x86_64-linux-gnu.so
[0.503s] -- Up-to-date symlink: /home/zyme/ros_ws/Autoware_sim_test/install/autoware_localization_msgs/local/lib/python3.10/dist-packages/autoware_localization_msgs/autoware_localization_msgs_s__rosidl_typesupport_introspection_c.cpython-310-x86_64-linux-gnu.so
[0.504s] -- Up-to-date symlink: /home/zyme/ros_ws/Autoware_sim_test/install/autoware_localization_msgs/local/lib/python3.10/dist-packages/autoware_localization_msgs/autoware_localization_msgs_s__rosidl_typesupport_c.cpython-310-x86_64-linux-gnu.so
[0.504s] -- Up-to-date symlink: /home/zyme/ros_ws/Autoware_sim_test/install/autoware_localization_msgs/share/autoware_localization_msgs/msg/KinematicState.idl
[0.504s] -- Up-to-date symlink: /home/zyme/ros_ws/Autoware_sim_test/install/autoware_localization_msgs/share/autoware_localization_msgs/msg/KinematicState.msg
[0.504s] -- Up-to-date symlink: /home/zyme/ros_ws/Autoware_sim_test/install/autoware_localization_msgs/share/ament_index/resource_index/package_run_dependencies/autoware_localization_msgs
[0.505s] -- Up-to-date symlink: /home/zyme/ros_ws/Autoware_sim_test/install/autoware_localization_msgs/share/ament_index/resource_index/parent_prefix_path/autoware_localization_msgs
[0.505s] -- Up-to-date symlink: /home/zyme/ros_ws/Autoware_sim_test/install/autoware_localization_msgs/share/autoware_localization_msgs/environment/ament_prefix_path.sh
[0.505s] -- Up-to-date symlink: /home/zyme/ros_ws/Autoware_sim_test/install/autoware_localization_msgs/share/autoware_localization_msgs/environment/ament_prefix_path.dsv
[0.505s] -- Up-to-date symlink: /home/zyme/ros_ws/Autoware_sim_test/install/autoware_localization_msgs/share/autoware_localization_msgs/environment/path.sh
[0.505s] -- Up-to-date symlink: /home/zyme/ros_ws/Autoware_sim_test/install/autoware_localization_msgs/share/autoware_localization_msgs/environment/path.dsv
[0.506s] -- Up-to-date symlink: /home/zyme/ros_ws/Autoware_sim_test/install/autoware_localization_msgs/share/autoware_localization_msgs/local_setup.bash
[0.506s] -- Up-to-date symlink: /home/zyme/ros_ws/Autoware_sim_test/install/autoware_localization_msgs/share/autoware_localization_msgs/local_setup.sh
[0.506s] -- Up-to-date symlink: /home/zyme/ros_ws/Autoware_sim_test/install/autoware_localization_msgs/share/autoware_localization_msgs/local_setup.zsh
[0.506s] -- Up-to-date symlink: /home/zyme/ros_ws/Autoware_sim_test/install/autoware_localization_msgs/share/autoware_localization_msgs/local_setup.dsv
[0.506s] -- Symlinking: /home/zyme/ros_ws/Autoware_sim_test/install/autoware_localization_msgs/share/autoware_localization_msgs/package.dsv
[0.515s] -- Up-to-date symlink: /home/zyme/ros_ws/Autoware_sim_test/install/autoware_localization_msgs/share/ament_index/resource_index/packages/autoware_localization_msgs
[0.515s] -- Up-to-date symlink: /home/zyme/ros_ws/Autoware_sim_test/install/autoware_localization_msgs/share/autoware_localization_msgs/cmake/rosidl_cmake-extras.cmake
[0.515s] -- Up-to-date symlink: /home/zyme/ros_ws/Autoware_sim_test/install/autoware_localization_msgs/share/autoware_localization_msgs/cmake/ament_cmake_export_dependencies-extras.cmake
[0.516s] -- Up-to-date symlink: /home/zyme/ros_ws/Autoware_sim_test/install/autoware_localization_msgs/share/autoware_localization_msgs/cmake/ament_cmake_export_include_directories-extras.cmake
[0.516s] -- Up-to-date symlink: /home/zyme/ros_ws/Autoware_sim_test/install/autoware_localization_msgs/share/autoware_localization_msgs/cmake/ament_cmake_export_libraries-extras.cmake
[0.516s] -- Up-to-date symlink: /home/zyme/ros_ws/Autoware_sim_test/install/autoware_localization_msgs/share/autoware_localization_msgs/cmake/ament_cmake_export_targets-extras.cmake
[0.516s] -- Up-to-date symlink: /home/zyme/ros_ws/Autoware_sim_test/install/autoware_localization_msgs/share/autoware_localization_msgs/cmake/rosidl_cmake_export_typesupport_targets-extras.cmake
[0.516s] -- Up-to-date symlink: /home/zyme/ros_ws/Autoware_sim_test/install/autoware_localization_msgs/share/autoware_localization_msgs/cmake/rosidl_cmake_export_typesupport_libraries-extras.cmake
[0.516s] -- Up-to-date symlink: /home/zyme/ros_ws/Autoware_sim_test/install/autoware_localization_msgs/share/autoware_localization_msgs/cmake/autoware_localization_msgsConfig.cmake
[0.516s] -- Up-to-date symlink: /home/zyme/ros_ws/Autoware_sim_test/install/autoware_localization_msgs/share/autoware_localization_msgs/cmake/autoware_localization_msgsConfig-version.cmake
[0.517s] -- Up-to-date symlink: /home/zyme/ros_ws/Autoware_sim_test/install/autoware_localization_msgs/share/autoware_localization_msgs/package.xml
[0.517s] -- Up-to-date: /home/zyme/ros_ws/Autoware_sim_test/install/autoware_localization_msgs/lib/libautoware_localization_msgs__rosidl_generator_c.so
[0.517s] -- Up-to-date: /home/zyme/ros_ws/Autoware_sim_test/install/autoware_localization_msgs/lib/libautoware_localization_msgs__rosidl_typesupport_fastrtps_c.so
[0.518s] -- Up-to-date: /home/zyme/ros_ws/Autoware_sim_test/install/autoware_localization_msgs/lib/libautoware_localization_msgs__rosidl_typesupport_fastrtps_cpp.so
[0.518s] -- Up-to-date: /home/zyme/ros_ws/Autoware_sim_test/install/autoware_localization_msgs/lib/libautoware_localization_msgs__rosidl_typesupport_introspection_c.so
[0.518s] -- Up-to-date: /home/zyme/ros_ws/Autoware_sim_test/install/autoware_localization_msgs/lib/libautoware_localization_msgs__rosidl_typesupport_c.so
[0.519s] -- Up-to-date: /home/zyme/ros_ws/Autoware_sim_test/install/autoware_localization_msgs/lib/libautoware_localization_msgs__rosidl_typesupport_introspection_cpp.so
[0.519s] -- Up-to-date: /home/zyme/ros_ws/Autoware_sim_test/install/autoware_localization_msgs/lib/libautoware_localization_msgs__rosidl_typesupport_cpp.so
[0.551s] Listing '/home/zyme/ros_ws/Autoware_sim_test/install/autoware_localization_msgs/local/lib/python3.10/dist-packages/autoware_localization_msgs'...
[0.551s] Listing '/home/zyme/ros_ws/Autoware_sim_test/install/autoware_localization_msgs/local/lib/python3.10/dist-packages/autoware_localization_msgs/msg'...
[0.555s] -- Up-to-date: /home/zyme/ros_ws/Autoware_sim_test/install/autoware_localization_msgs/lib/libautoware_localization_msgs__rosidl_generator_py.so
[0.555s] -- Up-to-date: /home/zyme/ros_ws/Autoware_sim_test/install/autoware_localization_msgs/share/autoware_localization_msgs/cmake/export_autoware_localization_msgs__rosidl_generator_cExport.cmake
[0.555s] -- Up-to-date: /home/zyme/ros_ws/Autoware_sim_test/install/autoware_localization_msgs/share/autoware_localization_msgs/cmake/export_autoware_localization_msgs__rosidl_generator_cExport-release.cmake
[0.555s] -- Up-to-date: /home/zyme/ros_ws/Autoware_sim_test/install/autoware_localization_msgs/share/autoware_localization_msgs/cmake/export_autoware_localization_msgs__rosidl_typesupport_fastrtps_cExport.cmake
[0.556s] -- Up-to-date: /home/zyme/ros_ws/Autoware_sim_test/install/autoware_localization_msgs/share/autoware_localization_msgs/cmake/export_autoware_localization_msgs__rosidl_typesupport_fastrtps_cExport-release.cmake
[0.556s] -- Up-to-date: /home/zyme/ros_ws/Autoware_sim_test/install/autoware_localization_msgs/share/autoware_localization_msgs/cmake/export_autoware_localization_msgs__rosidl_generator_cppExport.cmake
[0.556s] -- Up-to-date: /home/zyme/ros_ws/Autoware_sim_test/install/autoware_localization_msgs/share/autoware_localization_msgs/cmake/export_autoware_localization_msgs__rosidl_typesupport_fastrtps_cppExport.cmake
[0.556s] -- Up-to-date: /home/zyme/ros_ws/Autoware_sim_test/install/autoware_localization_msgs/share/autoware_localization_msgs/cmake/export_autoware_localization_msgs__rosidl_typesupport_fastrtps_cppExport-release.cmake
[0.556s] -- Up-to-date: /home/zyme/ros_ws/Autoware_sim_test/install/autoware_localization_msgs/share/autoware_localization_msgs/cmake/autoware_localization_msgs__rosidl_typesupport_introspection_cExport.cmake
[0.556s] -- Up-to-date: /home/zyme/ros_ws/Autoware_sim_test/install/autoware_localization_msgs/share/autoware_localization_msgs/cmake/autoware_localization_msgs__rosidl_typesupport_introspection_cExport-release.cmake
[0.556s] -- Up-to-date: /home/zyme/ros_ws/Autoware_sim_test/install/autoware_localization_msgs/share/autoware_localization_msgs/cmake/autoware_localization_msgs__rosidl_typesupport_cExport.cmake
[0.556s] -- Up-to-date: /home/zyme/ros_ws/Autoware_sim_test/install/autoware_localization_msgs/share/autoware_localization_msgs/cmake/autoware_localization_msgs__rosidl_typesupport_cExport-release.cmake
[0.556s] -- Up-to-date: /home/zyme/ros_ws/Autoware_sim_test/install/autoware_localization_msgs/share/autoware_localization_msgs/cmake/autoware_localization_msgs__rosidl_typesupport_introspection_cppExport.cmake
[0.556s] -- Up-to-date: /home/zyme/ros_ws/Autoware_sim_test/install/autoware_localization_msgs/share/autoware_localization_msgs/cmake/autoware_localization_msgs__rosidl_typesupport_introspection_cppExport-release.cmake
[0.557s] -- Up-to-date: /home/zyme/ros_ws/Autoware_sim_test/install/autoware_localization_msgs/share/autoware_localization_msgs/cmake/autoware_localization_msgs__rosidl_typesupport_cppExport.cmake
[0.557s] -- Up-to-date: /home/zyme/ros_ws/Autoware_sim_test/install/autoware_localization_msgs/share/autoware_localization_msgs/cmake/autoware_localization_msgs__rosidl_typesupport_cppExport-release.cmake
[0.557s] -- Up-to-date: /home/zyme/ros_ws/Autoware_sim_test/install/autoware_localization_msgs/share/autoware_localization_msgs/cmake/export_autoware_localization_msgs__rosidl_generator_pyExport.cmake
[0.557s] -- Up-to-date: /home/zyme/ros_ws/Autoware_sim_test/install/autoware_localization_msgs/share/autoware_localization_msgs/cmake/export_autoware_localization_msgs__rosidl_generator_pyExport-release.cmake
[0.558s] Invoked command in '/home/zyme/ros_ws/Autoware_sim_test/build/autoware_localization_msgs' returned '0': CMAKE_PREFIX_PATH=/opt/ros/humble /usr/bin/cmake --install /home/zyme/ros_ws/Autoware_sim_test/build/autoware_localization_msgs
