[0.134s] Invoking command in '/home/zyme/ros_ws/Autoware_sim_test/build/llh_converter': CMAKE_PREFIX_PATH=/opt/ros/humble /usr/bin/cmake --build /home/zyme/ros_ws/Autoware_sim_test/build/llh_converter -- -j12 -l12
[0.255s] [ 55%] Built target llh_converter
[0.305s] [ 77%] Built target llh_test
[0.305s] [100%] Built target mcac_test
[0.324s] Invoked command in '/home/zyme/ros_ws/Autoware_sim_test/build/llh_converter' returned '0': CMAKE_PREFIX_PATH=/opt/ros/humble /usr/bin/cmake --build /home/zyme/ros_ws/Autoware_sim_test/build/llh_converter -- -j12 -l12
[0.402s] Invoking command in '/home/zyme/ros_ws/Autoware_sim_test/build/llh_converter': CMAKE_PREFIX_PATH=/opt/ros/humble /usr/bin/cmake --install /home/zyme/ros_ws/Autoware_sim_test/build/llh_converter
[0.419s] -- Install configuration: "Release"
[0.420s] -- Execute custom install script
[0.427s] -- Up-to-date symlink: /home/zyme/ros_ws/Autoware_sim_test/install/llh_converter/lib/llh_converter/libllh_converter.so
[0.427s] -- Up-to-date symlink: /home/zyme/ros_ws/Autoware_sim_test/install/llh_converter/share/llh_converter/environment/library_path.sh
[0.429s] -- Up-to-date symlink: /home/zyme/ros_ws/Autoware_sim_test/install/llh_converter/share/llh_converter/environment/library_path.dsv
[0.430s] -- Up-to-date symlink: /home/zyme/ros_ws/Autoware_sim_test/install/llh_converter/include/llh_converter/gsigeo.hpp
[0.432s] -- Up-to-date symlink: /home/zyme/ros_ws/Autoware_sim_test/install/llh_converter/include/llh_converter/height_converter.hpp
[0.432s] -- Up-to-date symlink: /home/zyme/ros_ws/Autoware_sim_test/install/llh_converter/include/llh_converter/llh_converter.hpp
[0.433s] -- Up-to-date symlink: /home/zyme/ros_ws/Autoware_sim_test/install/llh_converter/include/llh_converter/meridian_convergence_angle_correction.hpp
[0.433s] -- Up-to-date symlink: /home/zyme/ros_ws/Autoware_sim_test/install/llh_converter/share/llh_converter/data/gsigeo2011_ver2_1.asc
[0.434s] -- Up-to-date symlink: /home/zyme/ros_ws/Autoware_sim_test/install/llh_converter/lib/libllh_converter.so
[0.435s] -- Up-to-date symlink: /home/zyme/ros_ws/Autoware_sim_test/install/llh_converter/lib/llh_converter/llh_test
[0.436s] -- Up-to-date symlink: /home/zyme/ros_ws/Autoware_sim_test/install/llh_converter/lib/llh_converter/mcac_test
[0.436s] -- Up-to-date symlink: /home/zyme/ros_ws/Autoware_sim_test/install/llh_converter/include/llh_converter/gsigeo.hpp
[0.436s] -- Up-to-date symlink: /home/zyme/ros_ws/Autoware_sim_test/install/llh_converter/include/llh_converter/height_converter.hpp
[0.437s] -- Up-to-date symlink: /home/zyme/ros_ws/Autoware_sim_test/install/llh_converter/include/llh_converter/llh_converter.hpp
[0.437s] -- Up-to-date symlink: /home/zyme/ros_ws/Autoware_sim_test/install/llh_converter/include/llh_converter/meridian_convergence_angle_correction.hpp
[0.438s] -- Up-to-date symlink: /home/zyme/ros_ws/Autoware_sim_test/install/llh_converter/lib/libllh_converter.so
[0.438s] -- Up-to-date symlink: /home/zyme/ros_ws/Autoware_sim_test/install/llh_converter/lib/llh_converter/llh_test
[0.439s] -- Up-to-date symlink: /home/zyme/ros_ws/Autoware_sim_test/install/llh_converter/lib/llh_converter/mcac_test
[0.440s] -- Up-to-date symlink: /home/zyme/ros_ws/Autoware_sim_test/install/llh_converter/share/ament_index/resource_index/package_run_dependencies/llh_converter
[0.441s] -- Up-to-date symlink: /home/zyme/ros_ws/Autoware_sim_test/install/llh_converter/share/ament_index/resource_index/parent_prefix_path/llh_converter
[0.441s] -- Up-to-date symlink: /home/zyme/ros_ws/Autoware_sim_test/install/llh_converter/share/llh_converter/environment/ament_prefix_path.sh
[0.442s] -- Up-to-date symlink: /home/zyme/ros_ws/Autoware_sim_test/install/llh_converter/share/llh_converter/environment/ament_prefix_path.dsv
[0.443s] -- Up-to-date symlink: /home/zyme/ros_ws/Autoware_sim_test/install/llh_converter/share/llh_converter/environment/path.sh
[0.447s] -- Up-to-date symlink: /home/zyme/ros_ws/Autoware_sim_test/install/llh_converter/share/llh_converter/environment/path.dsv
[0.459s] -- Up-to-date symlink: /home/zyme/ros_ws/Autoware_sim_test/install/llh_converter/share/llh_converter/local_setup.bash
[0.459s] -- Up-to-date symlink: /home/zyme/ros_ws/Autoware_sim_test/install/llh_converter/share/llh_converter/local_setup.sh
[0.459s] -- Up-to-date symlink: /home/zyme/ros_ws/Autoware_sim_test/install/llh_converter/share/llh_converter/local_setup.zsh
[0.459s] -- Up-to-date symlink: /home/zyme/ros_ws/Autoware_sim_test/install/llh_converter/share/llh_converter/local_setup.dsv
[0.459s] -- Symlinking: /home/zyme/ros_ws/Autoware_sim_test/install/llh_converter/share/llh_converter/package.dsv
[0.484s] -- Up-to-date symlink: /home/zyme/ros_ws/Autoware_sim_test/install/llh_converter/share/ament_index/resource_index/packages/llh_converter
[0.487s] -- Up-to-date symlink: /home/zyme/ros_ws/Autoware_sim_test/install/llh_converter/share/llh_converter/cmake/ament_cmake_export_include_directories-extras.cmake
[0.487s] -- Up-to-date symlink: /home/zyme/ros_ws/Autoware_sim_test/install/llh_converter/share/llh_converter/cmake/ament_cmake_export_libraries-extras.cmake
[0.487s] -- Up-to-date symlink: /home/zyme/ros_ws/Autoware_sim_test/install/llh_converter/share/llh_converter/cmake/llh_converterConfig.cmake
[0.487s] -- Up-to-date symlink: /home/zyme/ros_ws/Autoware_sim_test/install/llh_converter/share/llh_converter/cmake/llh_converterConfig-version.cmake
[0.487s] -- Up-to-date symlink: /home/zyme/ros_ws/Autoware_sim_test/install/llh_converter/share/llh_converter/package.xml
[0.496s] Invoked command in '/home/zyme/ros_ws/Autoware_sim_test/build/llh_converter' returned '0': CMAKE_PREFIX_PATH=/opt/ros/humble /usr/bin/cmake --install /home/zyme/ros_ws/Autoware_sim_test/build/llh_converter
