-- The C compiler identification is GNU 11.4.0
-- The CXX compiler identification is GNU 11.4.0
-- Detecting C compiler ABI info
-- Detecting C compiler ABI info - done
-- Check for working C compiler: /usr/bin/cc - skipped
-- Detecting C compile features
-- Detecting C compile features - done
-- Detecting CXX compiler ABI info
-- Detecting CXX compiler ABI info - done
-- Check for working CXX compiler: /usr/bin/c++ - skipped
-- Detecting CXX compile features
-- Detecting CXX compile features - done
-- Found autoware_cmake: 0.1.0 (/home/zyme/ros_ws/Autoware_sim_test/install/autoware_cmake/share/autoware_cmake/cmake)
-- Found Python3: /usr/bin/python3 (found version "3.10.12") found components: Interpreter 
-- Override CMake install command with custom implementation using symlinks instead of copying resources
-- Found rosidl_generator_c: 3.1.5 (/opt/ros/humble/share/rosidl_generator_c/cmake)
-- Found rosidl_adapter: 3.1.5 (/opt/ros/humble/share/rosidl_adapter/cmake)
-- Found rosidl_generator_cpp: 3.1.5 (/opt/ros/humble/share/rosidl_generator_cpp/cmake)
-- Using all available rosidl_typesupport_c: rosidl_typesupport_fastrtps_c;rosidl_typesupport_introspection_c
-- Using all available rosidl_typesupport_cpp: rosidl_typesupport_fastrtps_cpp;rosidl_typesupport_introspection_cpp
-- Looking for pthread.h
-- Looking for pthread.h - found
-- Performing Test CMAKE_HAVE_LIBC_PTHREAD
-- Performing Test CMAKE_HAVE_LIBC_PTHREAD - Success
-- Found Threads: TRUE  
-- Found rmw_implementation_cmake: 6.1.1 (/opt/ros/humble/share/rmw_implementation_cmake/cmake)
-- Found rmw_cyclonedds_cpp: 1.3.4 (/opt/ros/humble/share/rmw_cyclonedds_cpp/cmake)
-- Using RMW implementation 'rmw_cyclonedds_cpp' as default
-- Found TensorRT headers at /usr/include/x86_64-linux-gnu
-- Found TensorRT libs at /usr/lib/x86_64-linux-gnu/libnvinfer.so;/usr/lib/x86_64-linux-gnu/libnvinfer_plugin.so;/usr/lib/x86_64-linux-gnu/libnvparsers.so;/usr/lib/x86_64-linux-gnu/libnvonnxparser.so
-- Found ament_lint_auto: 0.12.10 (/opt/ros/humble/share/ament_lint_auto/cmake)
-- Found OpenCV: /usr (found version "4.5.4") 
-- Found OpenMP_C: -fopenmp (found version "4.5") 
-- Found OpenMP_CXX: -fopenmp (found version "4.5") 
-- Found OpenMP: TRUE (found version "4.5")  
-- Found Boost: /usr/lib/x86_64-linux-gnu/cmake/Boost-1.74.0/BoostConfig.cmake (found version "1.74.0")  
-- Added test 'copyright' to check source files copyright and LICENSE
-- Added test 'cppcheck' to perform static code analysis on C / C++ code
-- Configured cppcheck include dirs: /home/zyme/ros_ws/Autoware_sim_test/src/autoware/src/universe/autoware.universe/perception/bytetrack/include;$<BUILD_INTERFACE:/home/zyme/ros_ws/Autoware_sim_test/src/autoware/src/universe/autoware.universe/perception/bytetrack/lib/include>
-- Configured cppcheck exclude dirs and/or files: 
-- Added test 'lint_cmake' to check CMake code style
-- Added test 'xmllint' to check XML markup files
-- Configuring done
-- Generating done
-- Build files have been written to: /home/zyme/ros_ws/Autoware_sim_test/build/bytetrack
[ 20%] [32mBuilding CXX object CMakeFiles/bytetrack_visualizer_node_exe.dir/rclcpp_components/node_main_bytetrack_visualizer_node_exe.cpp.o[0m
[ 20%] [32mBuilding CXX object CMakeFiles/bytetrack_lib.dir/lib/src/strack.cpp.o[0m
[ 20%] [32mBuilding CXX object CMakeFiles/bytetrack_node_exe.dir/rclcpp_components/node_main_bytetrack_node_exe.cpp.o[0m
[ 26%] [32mBuilding CXX object CMakeFiles/bytetrack_lib.dir/lib/src/utils.cpp.o[0m
[ 33%] [32mBuilding CXX object CMakeFiles/bytetrack_lib.dir/lib/src/byte_tracker.cpp.o[0m
[ 40%] [32mBuilding CXX object CMakeFiles/bytetrack_lib.dir/lib/src/lapjv.cpp.o[0m
[ 46%] [32m[1mLinking CXX executable bytetrack_node_exe[0m
[ 53%] [32m[1mLinking CXX executable bytetrack_visualizer_node_exe[0m
[ 53%] Built target bytetrack_visualizer_node_exe
[ 53%] Built target bytetrack_node_exe
[ 60%] [32m[1mLinking CXX shared library libbytetrack_lib.so[0m
[ 60%] Built target bytetrack_lib
[ 66%] [32mBuilding CXX object CMakeFiles/bytetrack.dir/src/bytetrack.cpp.o[0m
[ 73%] [32m[1mLinking CXX shared library libbytetrack.so[0m
[ 73%] Built target bytetrack
[ 80%] [32mBuilding CXX object CMakeFiles/bytetrack_node.dir/src/bytetrack_node.cpp.o[0m
[ 86%] [32m[1mLinking CXX shared library libbytetrack_node.so[0m
[ 86%] Built target bytetrack_node
[ 93%] [32mBuilding CXX object CMakeFiles/bytetrack_visualizer.dir/src/bytetrack_visualizer_node.cpp.o[0m
[100%] [32m[1mLinking CXX shared library libbytetrack_visualizer.so[0m
[100%] Built target bytetrack_visualizer
-- Install configuration: "Release"
-- Execute custom install script
-- Symlinking: /home/zyme/ros_ws/Autoware_sim_test/install/bytetrack/lib/bytetrack/bytetrack_node_exe
-- Symlinking: /home/zyme/ros_ws/Autoware_sim_test/install/bytetrack/lib/bytetrack/bytetrack_visualizer_node_exe
-- Symlinking: /home/zyme/ros_ws/Autoware_sim_test/install/bytetrack/include/bytetrack/bytetrack.hpp
-- Symlinking: /home/zyme/ros_ws/Autoware_sim_test/install/bytetrack/include/bytetrack/bytetrack_node.hpp
-- Symlinking: /home/zyme/ros_ws/Autoware_sim_test/install/bytetrack/include/bytetrack/bytetrack_visualizer_node.hpp
-- Symlinking: /home/zyme/ros_ws/Autoware_sim_test/install/bytetrack/share/bytetrack/environment/library_path.sh
-- Symlinking: /home/zyme/ros_ws/Autoware_sim_test/install/bytetrack/share/bytetrack/environment/library_path.dsv
-- Symlinking: /home/zyme/ros_ws/Autoware_sim_test/install/bytetrack/lib/libbytetrack_lib.so
-- Symlinking: /home/zyme/ros_ws/Autoware_sim_test/install/bytetrack/lib/libbytetrack.so
-- Symlinking: /home/zyme/ros_ws/Autoware_sim_test/install/bytetrack/lib/libbytetrack_node.so
-- Symlinking: /home/zyme/ros_ws/Autoware_sim_test/install/bytetrack/lib/libbytetrack_visualizer.so
-- Symlinking: /home/zyme/ros_ws/Autoware_sim_test/install/bytetrack/share/bytetrack/launch/bytetrack.launch.xml
-- Symlinking: /home/zyme/ros_ws/Autoware_sim_test/install/bytetrack/share/bytetrack/config/bytetracker.param.yaml
-- Symlinking: /home/zyme/ros_ws/Autoware_sim_test/install/bytetrack/share/ament_index/resource_index/package_run_dependencies/bytetrack
-- Symlinking: /home/zyme/ros_ws/Autoware_sim_test/install/bytetrack/share/ament_index/resource_index/parent_prefix_path/bytetrack
-- Symlinking: /home/zyme/ros_ws/Autoware_sim_test/install/bytetrack/share/bytetrack/environment/ament_prefix_path.sh
-- Symlinking: /home/zyme/ros_ws/Autoware_sim_test/install/bytetrack/share/bytetrack/environment/ament_prefix_path.dsv
-- Symlinking: /home/zyme/ros_ws/Autoware_sim_test/install/bytetrack/share/bytetrack/environment/path.sh
-- Symlinking: /home/zyme/ros_ws/Autoware_sim_test/install/bytetrack/share/bytetrack/environment/path.dsv
-- Symlinking: /home/zyme/ros_ws/Autoware_sim_test/install/bytetrack/share/bytetrack/local_setup.bash
-- Symlinking: /home/zyme/ros_ws/Autoware_sim_test/install/bytetrack/share/bytetrack/local_setup.sh
-- Symlinking: /home/zyme/ros_ws/Autoware_sim_test/install/bytetrack/share/bytetrack/local_setup.zsh
-- Symlinking: /home/zyme/ros_ws/Autoware_sim_test/install/bytetrack/share/bytetrack/local_setup.dsv
-- Symlinking: /home/zyme/ros_ws/Autoware_sim_test/install/bytetrack/share/bytetrack/package.dsv
-- Symlinking: /home/zyme/ros_ws/Autoware_sim_test/install/bytetrack/share/ament_index/resource_index/packages/bytetrack
-- Symlinking: /home/zyme/ros_ws/Autoware_sim_test/install/bytetrack/share/ament_index/resource_index/rclcpp_components/bytetrack
-- Symlinking: /home/zyme/ros_ws/Autoware_sim_test/install/bytetrack/share/bytetrack/cmake/ament_cmake_export_dependencies-extras.cmake
-- Symlinking: /home/zyme/ros_ws/Autoware_sim_test/install/bytetrack/share/bytetrack/cmake/ament_cmake_export_include_directories-extras.cmake
-- Symlinking: /home/zyme/ros_ws/Autoware_sim_test/install/bytetrack/share/bytetrack/cmake/ament_cmake_export_libraries-extras.cmake
-- Symlinking: /home/zyme/ros_ws/Autoware_sim_test/install/bytetrack/share/bytetrack/cmake/bytetrackConfig.cmake
-- Symlinking: /home/zyme/ros_ws/Autoware_sim_test/install/bytetrack/share/bytetrack/cmake/bytetrackConfig-version.cmake
-- Symlinking: /home/zyme/ros_ws/Autoware_sim_test/install/bytetrack/share/bytetrack/package.xml
