-- The C compiler identification is GNU 11.4.0
-- The CXX compiler identification is GNU 11.4.0
-- Detecting C compiler ABI info
-- Detecting C compiler ABI info - done
-- Check for working C compiler: /usr/bin/cc - skipped
-- Detecting C compile features
-- Detecting C compile features - done
-- Detecting CXX compiler ABI info
-- Detecting CXX compiler ABI info - done
-- Check for working CXX compiler: /usr/bin/c++ - skipped
-- Detecting CXX compile features
-- Detecting CXX compile features - done
-- Found ament_cmake_auto: 1.3.8 (/opt/ros/humble/share/ament_cmake_auto/cmake)
-- Found Python3: /usr/bin/python3 (found version "3.10.12") found components: Interpreter 
-- Override CMake install command with custom implementation using symlinks instead of copying resources
-- Found rosidl_generator_c: 3.1.5 (/opt/ros/humble/share/rosidl_generator_c/cmake)
-- Found rosidl_adapter: 3.1.5 (/opt/ros/humble/share/rosidl_adapter/cmake)
-- Found rosidl_generator_cpp: 3.1.5 (/opt/ros/humble/share/rosidl_generator_cpp/cmake)
-- Using all available rosidl_typesupport_c: rosidl_typesupport_fastrtps_c;rosidl_typesupport_introspection_c
-- Using all available rosidl_typesupport_cpp: rosidl_typesupport_fastrtps_cpp;rosidl_typesupport_introspection_cpp
-- Found rmw_implementation_cmake: 6.1.1 (/opt/ros/humble/share/rmw_implementation_cmake/cmake)
-- Found rmw_cyclonedds_cpp: 1.3.4 (/opt/ros/humble/share/rmw_cyclonedds_cpp/cmake)
-- Using RMW implementation 'rmw_cyclonedds_cpp' as default
-- Looking for pthread.h
-- Looking for pthread.h - found
-- Performing Test CMAKE_HAVE_LIBC_PTHREAD
-- Performing Test CMAKE_HAVE_LIBC_PTHREAD - Success
-- Found Threads: TRUE  
-- Found ament_lint_auto: 0.12.10 (/opt/ros/humble/share/ament_lint_auto/cmake)
-- Found gtest sources under '/opt/ros/humble/src/gtest_vendor': C++ tests using 'Google Test' will be built
-- Added test 'copyright' to check source files copyright and LICENSE
-- Added test 'cppcheck' to perform static code analysis on C / C++ code
-- Configured cppcheck include dirs: /home/zyme/ros_ws/Autoware_sim_test/src/autoware/src/sensor_component/external/transport_drivers/io_context/include
-- Configured cppcheck exclude dirs and/or files: 
-- Added test 'cpplint' to check C / C++ code against the Google style
-- Configured cpplint exclude dirs and/or files: 
-- Added test 'lint_cmake' to check CMake code style
-- Added test 'uncrustify' to check C / C++ code style
-- Configured uncrustify additional arguments: 
-- Added test 'xmllint' to check XML markup files
-- Configuring done
-- Generating done
-- Build files have been written to: /home/zyme/ros_ws/Autoware_sim_test/build/boost_io_context
[ 44%] [32mBuilding CXX object CMakeFiles/boost_io_context.dir/src/io_context.cpp.o[0m
[ 44%] [32mBuilding CXX object CMakeFiles/boost_io_context.dir/src/boost_msg_converters/std_msgs.cpp.o[0m
[ 44%] [32mBuilding CXX object gtest/CMakeFiles/gtest_main.dir/src/gtest_main.cc.o[0m
[ 44%] [32mBuilding CXX object gtest/CMakeFiles/gtest.dir/src/gtest-all.cc.o[0m
[ 55%] [32m[1mLinking CXX static library libgtest_main.a[0m
[ 55%] Built target gtest_main
[ 66%] [32m[1mLinking CXX shared library libboost_io_context.so[0m
[ 66%] Built target boost_io_context
[ 77%] [32m[1mLinking CXX static library libgtest.a[0m
[ 77%] Built target gtest
[ 88%] [32mBuilding CXX object CMakeFiles/test_io_context.dir/test/test_io_context.cpp.o[0m
[100%] [32m[1mLinking CXX executable test_io_context[0m
[100%] Built target test_io_context
-- Install configuration: "Release"
-- Execute custom install script
-- Symlinking: /home/zyme/ros_ws/Autoware_sim_test/install/boost_io_context/include/boost_io_context/common.hpp
-- Symlinking: /home/zyme/ros_ws/Autoware_sim_test/install/boost_io_context/include/boost_io_context/io_context.hpp
-- Symlinking: /home/zyme/ros_ws/Autoware_sim_test/install/boost_io_context/include/boost_msg_converters/converters.hpp
-- Symlinking: /home/zyme/ros_ws/Autoware_sim_test/install/boost_io_context/include/boost_msg_converters/std_msgs.hpp
-- Symlinking: /home/zyme/ros_ws/Autoware_sim_test/install/boost_io_context/include/boost_msg_converters/udp_msgs.hpp
-- Symlinking: /home/zyme/ros_ws/Autoware_sim_test/install/boost_io_context/share/boost_io_context/environment/library_path.sh
-- Symlinking: /home/zyme/ros_ws/Autoware_sim_test/install/boost_io_context/share/boost_io_context/environment/library_path.dsv
-- Symlinking: /home/zyme/ros_ws/Autoware_sim_test/install/boost_io_context/lib/libboost_io_context.so
-- Symlinking: /home/zyme/ros_ws/Autoware_sim_test/install/boost_io_context/share/ament_index/resource_index/package_run_dependencies/boost_io_context
-- Symlinking: /home/zyme/ros_ws/Autoware_sim_test/install/boost_io_context/share/ament_index/resource_index/parent_prefix_path/boost_io_context
-- Symlinking: /home/zyme/ros_ws/Autoware_sim_test/install/boost_io_context/share/boost_io_context/environment/ament_prefix_path.sh
-- Symlinking: /home/zyme/ros_ws/Autoware_sim_test/install/boost_io_context/share/boost_io_context/environment/ament_prefix_path.dsv
-- Symlinking: /home/zyme/ros_ws/Autoware_sim_test/install/boost_io_context/share/boost_io_context/environment/path.sh
-- Symlinking: /home/zyme/ros_ws/Autoware_sim_test/install/boost_io_context/share/boost_io_context/environment/path.dsv
-- Symlinking: /home/zyme/ros_ws/Autoware_sim_test/install/boost_io_context/share/boost_io_context/local_setup.bash
-- Symlinking: /home/zyme/ros_ws/Autoware_sim_test/install/boost_io_context/share/boost_io_context/local_setup.sh
-- Symlinking: /home/zyme/ros_ws/Autoware_sim_test/install/boost_io_context/share/boost_io_context/local_setup.zsh
-- Symlinking: /home/zyme/ros_ws/Autoware_sim_test/install/boost_io_context/share/boost_io_context/local_setup.dsv
-- Symlinking: /home/zyme/ros_ws/Autoware_sim_test/install/boost_io_context/share/boost_io_context/package.dsv
-- Symlinking: /home/zyme/ros_ws/Autoware_sim_test/install/boost_io_context/share/ament_index/resource_index/packages/boost_io_context
-- Symlinking: /home/zyme/ros_ws/Autoware_sim_test/install/boost_io_context/share/boost_io_context/cmake/ament_cmake_export_dependencies-extras.cmake
-- Symlinking: /home/zyme/ros_ws/Autoware_sim_test/install/boost_io_context/share/boost_io_context/cmake/ament_cmake_export_include_directories-extras.cmake
-- Symlinking: /home/zyme/ros_ws/Autoware_sim_test/install/boost_io_context/share/boost_io_context/cmake/ament_cmake_export_libraries-extras.cmake
-- Symlinking: /home/zyme/ros_ws/Autoware_sim_test/install/boost_io_context/share/boost_io_context/cmake/boost_io_contextConfig.cmake
-- Symlinking: /home/zyme/ros_ws/Autoware_sim_test/install/boost_io_context/share/boost_io_context/cmake/boost_io_contextConfig-version.cmake
-- Symlinking: /home/zyme/ros_ws/Autoware_sim_test/install/boost_io_context/share/boost_io_context/package.xml
