[0.134s] Invoking command in '/home/zyme/ros_ws/Autoware_sim_test/build/lidar_apollo_instance_segmentation': AMENT_PREFIX_PATH=/home/zyme/ros_ws/Autoware_sim_test/install/tier4_autoware_utils:/home/zyme/ros_ws/Autoware_sim_test/install/tier4_perception_msgs:/home/zyme/ros_ws/Autoware_sim_test/install/cuda_utils:/home/zyme/ros_ws/Autoware_sim_test/install/autoware_auto_vehicle_msgs:/home/zyme/ros_ws/Autoware_sim_test/install/autoware_auto_planning_msgs:/home/zyme/ros_ws/Autoware_sim_test/install/autoware_auto_perception_msgs:/home/zyme/ros_ws/Autoware_sim_test/install/tier4_debug_msgs:/home/zyme/ros_ws/Autoware_sim_test/install/tensorrt_common:/home/zyme/ros_ws/Autoware_sim_test/install/autoware_auto_mapping_msgs:/home/zyme/ros_ws/Autoware_sim_test/install/autoware_auto_geometry_msgs:${AMENT_PREFIX_PATH} CMAKE_PREFIX_PATH=/home/zyme/ros_ws/Autoware_sim_test/install/tier4_autoware_utils:/home/zyme/ros_ws/Autoware_sim_test/install/tier4_perception_msgs:/home/zyme/ros_ws/Autoware_sim_test/install/cuda_utils:/home/zyme/ros_ws/Autoware_sim_test/install/autoware_auto_vehicle_msgs:/home/zyme/ros_ws/Autoware_sim_test/install/autoware_auto_planning_msgs:/home/zyme/ros_ws/Autoware_sim_test/install/autoware_auto_perception_msgs:/home/zyme/ros_ws/Autoware_sim_test/install/tier4_debug_msgs:/home/zyme/ros_ws/Autoware_sim_test/install/tensorrt_common:/home/zyme/ros_ws/Autoware_sim_test/install/autoware_auto_mapping_msgs:/home/zyme/ros_ws/Autoware_sim_test/install/autoware_auto_geometry_msgs:/opt/ros/humble LD_LIBRARY_PATH=/home/zyme/ros_ws/Autoware_sim_test/install/tier4_autoware_utils/lib:/home/zyme/ros_ws/Autoware_sim_test/install/tier4_perception_msgs/lib:/home/zyme/ros_ws/Autoware_sim_test/install/autoware_auto_vehicle_msgs/lib:/home/zyme/ros_ws/Autoware_sim_test/install/autoware_auto_planning_msgs/lib:/home/zyme/ros_ws/Autoware_sim_test/install/autoware_auto_perception_msgs/lib:/home/zyme/ros_ws/Autoware_sim_test/install/tier4_debug_msgs/lib:/home/zyme/ros_ws/Autoware_sim_test/install/tensorrt_common/lib:/home/zyme/ros_ws/Autoware_sim_test/install/autoware_auto_mapping_msgs/lib:/home/zyme/ros_ws/Autoware_sim_test/install/autoware_auto_geometry_msgs/lib:${LD_LIBRARY_PATH} PYTHONPATH=/home/zyme/ros_ws/Autoware_sim_test/install/tier4_perception_msgs/local/lib/python3.10/dist-packages:/home/zyme/ros_ws/Autoware_sim_test/install/autoware_auto_vehicle_msgs/local/lib/python3.10/dist-packages:/home/zyme/ros_ws/Autoware_sim_test/install/autoware_auto_planning_msgs/local/lib/python3.10/dist-packages:/home/zyme/ros_ws/Autoware_sim_test/install/autoware_auto_perception_msgs/local/lib/python3.10/dist-packages:/home/zyme/ros_ws/Autoware_sim_test/install/tier4_debug_msgs/local/lib/python3.10/dist-packages:/home/zyme/ros_ws/Autoware_sim_test/install/autoware_auto_mapping_msgs/local/lib/python3.10/dist-packages:/home/zyme/ros_ws/Autoware_sim_test/install/autoware_auto_geometry_msgs/local/lib/python3.10/dist-packages:${PYTHONPATH} /usr/bin/cmake /home/zyme/ros_ws/Autoware_sim_test/src/autoware/src/universe/autoware.universe/perception/lidar_apollo_instance_segmentation -DCMAKE_BUILD_TYPE=Release -DCMAKE_CXX_FLAGS=-w -DAMENT_CMAKE_SYMLINK_INSTALL=1 -DCMAKE_INSTALL_PREFIX=/home/zyme/ros_ws/Autoware_sim_test/install/lidar_apollo_instance_segmentation
[0.244s] -- The C compiler identification is GNU 11.4.0
[0.321s] -- The CXX compiler identification is GNU 11.4.0
[0.334s] -- Detecting C compiler ABI info
[0.417s] -- Detecting C compiler ABI info - done
[0.424s] -- Check for working C compiler: /usr/bin/cc - skipped
[0.425s] -- Detecting C compile features
[0.425s] -- Detecting C compile features - done
[0.429s] -- Detecting CXX compiler ABI info
[0.515s] -- Detecting CXX compiler ABI info - done
[0.523s] -- Check for working CXX compiler: /usr/bin/c++ - skipped
[0.523s] -- Detecting CXX compile features
[0.524s] -- Detecting CXX compile features - done
[0.535s] -- Found ament_cmake: 1.3.8 (/opt/ros/humble/share/ament_cmake/cmake)
[0.730s] -- Found Python3: /usr/bin/python3 (found version "3.10.12") found components: Interpreter 
[0.806s] -- Override CMake install command with custom implementation using symlinks instead of copying resources
[0.877s] -- Checking for module 'eigen3'
[0.898s] --   Found eigen3, version 3.4.0
[0.937s] -- Found Eigen: /usr/include/eigen3 (Required is at least version "3.1") 
[0.937s] -- Eigen found (include: /usr/include/eigen3, version: 3.4.0)
[0.972s] -- Found Boost: /usr/lib/x86_64-linux-gnu/cmake/Boost-1.74.0/BoostConfig.cmake (found suitable version "1.74.0", minimum required is "1.65.0") found components: system filesystem date_time iostreams serialization 
[0.973s] -- looking for PCL_COMMON
[0.978s] -- Found PCL_COMMON: /usr/lib/x86_64-linux-gnu/libpcl_common.so  
[0.978s] -- Found PCL: pcl_common;Boost::system;Boost::filesystem;Boost::date_time;Boost::iostreams;Boost::serialization  
[0.982s] -- Found pcl_conversions: 2.4.0 (/opt/ros/humble/share/pcl_conversions/cmake)
[1.063s] -- Found rosidl_generator_c: 3.1.5 (/opt/ros/humble/share/rosidl_generator_c/cmake)
[1.072s] -- Found rosidl_adapter: 3.1.5 (/opt/ros/humble/share/rosidl_adapter/cmake)
[1.086s] -- Found rosidl_generator_cpp: 3.1.5 (/opt/ros/humble/share/rosidl_generator_cpp/cmake)
[1.112s] -- Using all available rosidl_typesupport_c: rosidl_typesupport_fastrtps_c;rosidl_typesupport_introspection_c
[1.144s] -- Using all available rosidl_typesupport_cpp: rosidl_typesupport_fastrtps_cpp;rosidl_typesupport_introspection_cpp
[1.253s] -- Found rmw_implementation_cmake: 6.1.1 (/opt/ros/humble/share/rmw_implementation_cmake/cmake)
[1.259s] -- Found rmw_cyclonedds_cpp: 1.3.4 (/opt/ros/humble/share/rmw_cyclonedds_cpp/cmake)
[1.320s] -- Using RMW implementation 'rmw_cyclonedds_cpp' as default
[1.339s] -- Looking for pthread.h
[1.431s] -- Looking for pthread.h - found
[1.431s] -- Performing Test CMAKE_HAVE_LIBC_PTHREAD
[1.523s] -- Performing Test CMAKE_HAVE_LIBC_PTHREAD - Success
[1.524s] -- Found Threads: TRUE  
[2.135s] -- Found rclcpp_components: 16.0.8 (/opt/ros/humble/share/rclcpp_components/cmake)
[2.228s] -- Found tf2_eigen: 0.25.6 (/opt/ros/humble/share/tf2_eigen/cmake)
[2.619s] -- Found tier4_autoware_utils: 0.1.0 (/home/zyme/ros_ws/Autoware_sim_test/install/tier4_autoware_utils/share/tier4_autoware_utils/cmake)
[4.160s] -- Found eigen3_cmake_module: 0.1.1 (/opt/ros/humble/share/eigen3_cmake_module/cmake)
[4.161s] -- Found Eigen3: TRUE (found version "3.4.0") 
[4.161s] -- Ensuring Eigen3 include directory is part of orocos-kdl CMake target
[4.490s] -- Found tier4_perception_msgs: 0.1.0 (/home/zyme/ros_ws/Autoware_sim_test/install/tier4_perception_msgs/share/tier4_perception_msgs/cmake)
[4.853s] -- Found tensorrt_common: 0.0.1 (/home/zyme/ros_ws/Autoware_sim_test/install/tensorrt_common/share/tensorrt_common/cmake)
[4.980s] -- Found TensorRT headers at /usr/include/x86_64-linux-gnu
[4.984s] -- Found TensorRT libs at /usr/lib/x86_64-linux-gnu/libnvinfer.so;/usr/lib/x86_64-linux-gnu/libnvinfer_plugin.so;/usr/lib/x86_64-linux-gnu/libnvparsers.so;/usr/lib/x86_64-linux-gnu/libnvonnxparser.so
[4.989s] -- Found cuda_utils: 0.0.1 (/home/zyme/ros_ws/Autoware_sim_test/install/cuda_utils/share/cuda_utils/cmake)
[4.996s] -- Found ament_lint_auto: 0.12.10 (/opt/ros/humble/share/ament_lint_auto/cmake)
[5.101s] -- Added test 'cppcheck' to perform static code analysis on C / C++ code
[5.102s] -- Configured cppcheck include dirs: $<BUILD_INTERFACE:/home/zyme/ros_ws/Autoware_sim_test/src/autoware/src/universe/autoware.universe/perception/lidar_apollo_instance_segmentation/include>
[5.102s] -- Configured cppcheck exclude dirs and/or files: 
[5.104s] -- Added test 'cpplint' to check C / C++ code against the Google style
[5.104s] -- Configured cpplint exclude dirs and/or files: 
[5.105s] -- Added test 'lint_cmake' to check CMake code style
[5.106s] -- Added test 'xmllint' to check XML markup files
[5.109s] -- Configuring done
[5.147s] -- Generating done
[5.149s] -- Build files have been written to: /home/zyme/ros_ws/Autoware_sim_test/build/lidar_apollo_instance_segmentation
[5.164s] Invoked command in '/home/zyme/ros_ws/Autoware_sim_test/build/lidar_apollo_instance_segmentation' returned '0': AMENT_PREFIX_PATH=/home/zyme/ros_ws/Autoware_sim_test/install/tier4_autoware_utils:/home/zyme/ros_ws/Autoware_sim_test/install/tier4_perception_msgs:/home/zyme/ros_ws/Autoware_sim_test/install/cuda_utils:/home/zyme/ros_ws/Autoware_sim_test/install/autoware_auto_vehicle_msgs:/home/zyme/ros_ws/Autoware_sim_test/install/autoware_auto_planning_msgs:/home/zyme/ros_ws/Autoware_sim_test/install/autoware_auto_perception_msgs:/home/zyme/ros_ws/Autoware_sim_test/install/tier4_debug_msgs:/home/zyme/ros_ws/Autoware_sim_test/install/tensorrt_common:/home/zyme/ros_ws/Autoware_sim_test/install/autoware_auto_mapping_msgs:/home/zyme/ros_ws/Autoware_sim_test/install/autoware_auto_geometry_msgs:${AMENT_PREFIX_PATH} CMAKE_PREFIX_PATH=/home/zyme/ros_ws/Autoware_sim_test/install/tier4_autoware_utils:/home/zyme/ros_ws/Autoware_sim_test/install/tier4_perception_msgs:/home/zyme/ros_ws/Autoware_sim_test/install/cuda_utils:/home/zyme/ros_ws/Autoware_sim_test/install/autoware_auto_vehicle_msgs:/home/zyme/ros_ws/Autoware_sim_test/install/autoware_auto_planning_msgs:/home/zyme/ros_ws/Autoware_sim_test/install/autoware_auto_perception_msgs:/home/zyme/ros_ws/Autoware_sim_test/install/tier4_debug_msgs:/home/zyme/ros_ws/Autoware_sim_test/install/tensorrt_common:/home/zyme/ros_ws/Autoware_sim_test/install/autoware_auto_mapping_msgs:/home/zyme/ros_ws/Autoware_sim_test/install/autoware_auto_geometry_msgs:/opt/ros/humble LD_LIBRARY_PATH=/home/zyme/ros_ws/Autoware_sim_test/install/tier4_autoware_utils/lib:/home/zyme/ros_ws/Autoware_sim_test/install/tier4_perception_msgs/lib:/home/zyme/ros_ws/Autoware_sim_test/install/autoware_auto_vehicle_msgs/lib:/home/zyme/ros_ws/Autoware_sim_test/install/autoware_auto_planning_msgs/lib:/home/zyme/ros_ws/Autoware_sim_test/install/autoware_auto_perception_msgs/lib:/home/zyme/ros_ws/Autoware_sim_test/install/tier4_debug_msgs/lib:/home/zyme/ros_ws/Autoware_sim_test/install/tensorrt_common/lib:/home/zyme/ros_ws/Autoware_sim_test/install/autoware_auto_mapping_msgs/lib:/home/zyme/ros_ws/Autoware_sim_test/install/autoware_auto_geometry_msgs/lib:${LD_LIBRARY_PATH} PYTHONPATH=/home/zyme/ros_ws/Autoware_sim_test/install/tier4_perception_msgs/local/lib/python3.10/dist-packages:/home/zyme/ros_ws/Autoware_sim_test/install/autoware_auto_vehicle_msgs/local/lib/python3.10/dist-packages:/home/zyme/ros_ws/Autoware_sim_test/install/autoware_auto_planning_msgs/local/lib/python3.10/dist-packages:/home/zyme/ros_ws/Autoware_sim_test/install/autoware_auto_perception_msgs/local/lib/python3.10/dist-packages:/home/zyme/ros_ws/Autoware_sim_test/install/tier4_debug_msgs/local/lib/python3.10/dist-packages:/home/zyme/ros_ws/Autoware_sim_test/install/autoware_auto_mapping_msgs/local/lib/python3.10/dist-packages:/home/zyme/ros_ws/Autoware_sim_test/install/autoware_auto_geometry_msgs/local/lib/python3.10/dist-packages:${PYTHONPATH} /usr/bin/cmake /home/zyme/ros_ws/Autoware_sim_test/src/autoware/src/universe/autoware.universe/perception/lidar_apollo_instance_segmentation -DCMAKE_BUILD_TYPE=Release -DCMAKE_CXX_FLAGS=-w -DAMENT_CMAKE_SYMLINK_INSTALL=1 -DCMAKE_INSTALL_PREFIX=/home/zyme/ros_ws/Autoware_sim_test/install/lidar_apollo_instance_segmentation
[5.167s] Invoking command in '/home/zyme/ros_ws/Autoware_sim_test/build/lidar_apollo_instance_segmentation': AMENT_PREFIX_PATH=/home/zyme/ros_ws/Autoware_sim_test/install/tier4_autoware_utils:/home/zyme/ros_ws/Autoware_sim_test/install/tier4_perception_msgs:/home/zyme/ros_ws/Autoware_sim_test/install/cuda_utils:/home/zyme/ros_ws/Autoware_sim_test/install/autoware_auto_vehicle_msgs:/home/zyme/ros_ws/Autoware_sim_test/install/autoware_auto_planning_msgs:/home/zyme/ros_ws/Autoware_sim_test/install/autoware_auto_perception_msgs:/home/zyme/ros_ws/Autoware_sim_test/install/tier4_debug_msgs:/home/zyme/ros_ws/Autoware_sim_test/install/tensorrt_common:/home/zyme/ros_ws/Autoware_sim_test/install/autoware_auto_mapping_msgs:/home/zyme/ros_ws/Autoware_sim_test/install/autoware_auto_geometry_msgs:${AMENT_PREFIX_PATH} CMAKE_PREFIX_PATH=/home/zyme/ros_ws/Autoware_sim_test/install/tier4_autoware_utils:/home/zyme/ros_ws/Autoware_sim_test/install/tier4_perception_msgs:/home/zyme/ros_ws/Autoware_sim_test/install/cuda_utils:/home/zyme/ros_ws/Autoware_sim_test/install/autoware_auto_vehicle_msgs:/home/zyme/ros_ws/Autoware_sim_test/install/autoware_auto_planning_msgs:/home/zyme/ros_ws/Autoware_sim_test/install/autoware_auto_perception_msgs:/home/zyme/ros_ws/Autoware_sim_test/install/tier4_debug_msgs:/home/zyme/ros_ws/Autoware_sim_test/install/tensorrt_common:/home/zyme/ros_ws/Autoware_sim_test/install/autoware_auto_mapping_msgs:/home/zyme/ros_ws/Autoware_sim_test/install/autoware_auto_geometry_msgs:/opt/ros/humble LD_LIBRARY_PATH=/home/zyme/ros_ws/Autoware_sim_test/install/tier4_autoware_utils/lib:/home/zyme/ros_ws/Autoware_sim_test/install/tier4_perception_msgs/lib:/home/zyme/ros_ws/Autoware_sim_test/install/autoware_auto_vehicle_msgs/lib:/home/zyme/ros_ws/Autoware_sim_test/install/autoware_auto_planning_msgs/lib:/home/zyme/ros_ws/Autoware_sim_test/install/autoware_auto_perception_msgs/lib:/home/zyme/ros_ws/Autoware_sim_test/install/tier4_debug_msgs/lib:/home/zyme/ros_ws/Autoware_sim_test/install/tensorrt_common/lib:/home/zyme/ros_ws/Autoware_sim_test/install/autoware_auto_mapping_msgs/lib:/home/zyme/ros_ws/Autoware_sim_test/install/autoware_auto_geometry_msgs/lib:${LD_LIBRARY_PATH} PYTHONPATH=/home/zyme/ros_ws/Autoware_sim_test/install/tier4_perception_msgs/local/lib/python3.10/dist-packages:/home/zyme/ros_ws/Autoware_sim_test/install/autoware_auto_vehicle_msgs/local/lib/python3.10/dist-packages:/home/zyme/ros_ws/Autoware_sim_test/install/autoware_auto_planning_msgs/local/lib/python3.10/dist-packages:/home/zyme/ros_ws/Autoware_sim_test/install/autoware_auto_perception_msgs/local/lib/python3.10/dist-packages:/home/zyme/ros_ws/Autoware_sim_test/install/tier4_debug_msgs/local/lib/python3.10/dist-packages:/home/zyme/ros_ws/Autoware_sim_test/install/autoware_auto_mapping_msgs/local/lib/python3.10/dist-packages:/home/zyme/ros_ws/Autoware_sim_test/install/autoware_auto_geometry_msgs/local/lib/python3.10/dist-packages:${PYTHONPATH} /usr/bin/cmake --build /home/zyme/ros_ws/Autoware_sim_test/build/lidar_apollo_instance_segmentation -- -j12 -l12
[5.230s] [ 30%] [32mBuilding CXX object CMakeFiles/lidar_apollo_instance_segmentation.dir/src/detector.cpp.o[0m
[5.230s] [ 30%] [32mBuilding CXX object CMakeFiles/lidar_apollo_instance_segmentation.dir/src/log_table.cpp.o[0m
[5.231s] [ 30%] [32mBuilding CXX object CMakeFiles/lidar_apollo_instance_segmentation.dir/src/node.cpp.o[0m
[5.232s] [ 50%] [32mBuilding CXX object CMakeFiles/lidar_apollo_instance_segmentation.dir/src/feature_map.cpp.o[0m
[5.232s] [ 50%] [32mBuilding CXX object CMakeFiles/lidar_apollo_instance_segmentation_node.dir/rclcpp_components/node_main_lidar_apollo_instance_segmentation_node.cpp.o[0m
[5.236s] [ 60%] [32mBuilding CXX object CMakeFiles/lidar_apollo_instance_segmentation.dir/src/feature_generator.cpp.o[0m
[5.236s] [ 70%] [32mBuilding CXX object CMakeFiles/lidar_apollo_instance_segmentation.dir/src/debugger.cpp.o[0m
[5.237s] [ 80%] [32mBuilding CXX object CMakeFiles/lidar_apollo_instance_segmentation.dir/src/cluster2d.cpp.o[0m
[11.951s] [ 90%] [32m[1mLinking CXX executable lidar_apollo_instance_segmentation_node[0m
[12.188s] [ 90%] Built target lidar_apollo_instance_segmentation_node
[28.165s] [100%] [32m[1mLinking CXX shared library liblidar_apollo_instance_segmentation.so[0m
[28.474s] [100%] Built target lidar_apollo_instance_segmentation
[28.487s] Invoked command in '/home/zyme/ros_ws/Autoware_sim_test/build/lidar_apollo_instance_segmentation' returned '0': AMENT_PREFIX_PATH=/home/zyme/ros_ws/Autoware_sim_test/install/tier4_autoware_utils:/home/zyme/ros_ws/Autoware_sim_test/install/tier4_perception_msgs:/home/zyme/ros_ws/Autoware_sim_test/install/cuda_utils:/home/zyme/ros_ws/Autoware_sim_test/install/autoware_auto_vehicle_msgs:/home/zyme/ros_ws/Autoware_sim_test/install/autoware_auto_planning_msgs:/home/zyme/ros_ws/Autoware_sim_test/install/autoware_auto_perception_msgs:/home/zyme/ros_ws/Autoware_sim_test/install/tier4_debug_msgs:/home/zyme/ros_ws/Autoware_sim_test/install/tensorrt_common:/home/zyme/ros_ws/Autoware_sim_test/install/autoware_auto_mapping_msgs:/home/zyme/ros_ws/Autoware_sim_test/install/autoware_auto_geometry_msgs:${AMENT_PREFIX_PATH} CMAKE_PREFIX_PATH=/home/zyme/ros_ws/Autoware_sim_test/install/tier4_autoware_utils:/home/zyme/ros_ws/Autoware_sim_test/install/tier4_perception_msgs:/home/zyme/ros_ws/Autoware_sim_test/install/cuda_utils:/home/zyme/ros_ws/Autoware_sim_test/install/autoware_auto_vehicle_msgs:/home/zyme/ros_ws/Autoware_sim_test/install/autoware_auto_planning_msgs:/home/zyme/ros_ws/Autoware_sim_test/install/autoware_auto_perception_msgs:/home/zyme/ros_ws/Autoware_sim_test/install/tier4_debug_msgs:/home/zyme/ros_ws/Autoware_sim_test/install/tensorrt_common:/home/zyme/ros_ws/Autoware_sim_test/install/autoware_auto_mapping_msgs:/home/zyme/ros_ws/Autoware_sim_test/install/autoware_auto_geometry_msgs:/opt/ros/humble LD_LIBRARY_PATH=/home/zyme/ros_ws/Autoware_sim_test/install/tier4_autoware_utils/lib:/home/zyme/ros_ws/Autoware_sim_test/install/tier4_perception_msgs/lib:/home/zyme/ros_ws/Autoware_sim_test/install/autoware_auto_vehicle_msgs/lib:/home/zyme/ros_ws/Autoware_sim_test/install/autoware_auto_planning_msgs/lib:/home/zyme/ros_ws/Autoware_sim_test/install/autoware_auto_perception_msgs/lib:/home/zyme/ros_ws/Autoware_sim_test/install/tier4_debug_msgs/lib:/home/zyme/ros_ws/Autoware_sim_test/install/tensorrt_common/lib:/home/zyme/ros_ws/Autoware_sim_test/install/autoware_auto_mapping_msgs/lib:/home/zyme/ros_ws/Autoware_sim_test/install/autoware_auto_geometry_msgs/lib:${LD_LIBRARY_PATH} PYTHONPATH=/home/zyme/ros_ws/Autoware_sim_test/install/tier4_perception_msgs/local/lib/python3.10/dist-packages:/home/zyme/ros_ws/Autoware_sim_test/install/autoware_auto_vehicle_msgs/local/lib/python3.10/dist-packages:/home/zyme/ros_ws/Autoware_sim_test/install/autoware_auto_planning_msgs/local/lib/python3.10/dist-packages:/home/zyme/ros_ws/Autoware_sim_test/install/autoware_auto_perception_msgs/local/lib/python3.10/dist-packages:/home/zyme/ros_ws/Autoware_sim_test/install/tier4_debug_msgs/local/lib/python3.10/dist-packages:/home/zyme/ros_ws/Autoware_sim_test/install/autoware_auto_mapping_msgs/local/lib/python3.10/dist-packages:/home/zyme/ros_ws/Autoware_sim_test/install/autoware_auto_geometry_msgs/local/lib/python3.10/dist-packages:${PYTHONPATH} /usr/bin/cmake --build /home/zyme/ros_ws/Autoware_sim_test/build/lidar_apollo_instance_segmentation -- -j12 -l12
[28.533s] Invoking command in '/home/zyme/ros_ws/Autoware_sim_test/build/lidar_apollo_instance_segmentation': AMENT_PREFIX_PATH=/home/zyme/ros_ws/Autoware_sim_test/install/tier4_autoware_utils:/home/zyme/ros_ws/Autoware_sim_test/install/tier4_perception_msgs:/home/zyme/ros_ws/Autoware_sim_test/install/cuda_utils:/home/zyme/ros_ws/Autoware_sim_test/install/autoware_auto_vehicle_msgs:/home/zyme/ros_ws/Autoware_sim_test/install/autoware_auto_planning_msgs:/home/zyme/ros_ws/Autoware_sim_test/install/autoware_auto_perception_msgs:/home/zyme/ros_ws/Autoware_sim_test/install/tier4_debug_msgs:/home/zyme/ros_ws/Autoware_sim_test/install/tensorrt_common:/home/zyme/ros_ws/Autoware_sim_test/install/autoware_auto_mapping_msgs:/home/zyme/ros_ws/Autoware_sim_test/install/autoware_auto_geometry_msgs:${AMENT_PREFIX_PATH} CMAKE_PREFIX_PATH=/home/zyme/ros_ws/Autoware_sim_test/install/tier4_autoware_utils:/home/zyme/ros_ws/Autoware_sim_test/install/tier4_perception_msgs:/home/zyme/ros_ws/Autoware_sim_test/install/cuda_utils:/home/zyme/ros_ws/Autoware_sim_test/install/autoware_auto_vehicle_msgs:/home/zyme/ros_ws/Autoware_sim_test/install/autoware_auto_planning_msgs:/home/zyme/ros_ws/Autoware_sim_test/install/autoware_auto_perception_msgs:/home/zyme/ros_ws/Autoware_sim_test/install/tier4_debug_msgs:/home/zyme/ros_ws/Autoware_sim_test/install/tensorrt_common:/home/zyme/ros_ws/Autoware_sim_test/install/autoware_auto_mapping_msgs:/home/zyme/ros_ws/Autoware_sim_test/install/autoware_auto_geometry_msgs:/opt/ros/humble LD_LIBRARY_PATH=/home/zyme/ros_ws/Autoware_sim_test/install/tier4_autoware_utils/lib:/home/zyme/ros_ws/Autoware_sim_test/install/tier4_perception_msgs/lib:/home/zyme/ros_ws/Autoware_sim_test/install/autoware_auto_vehicle_msgs/lib:/home/zyme/ros_ws/Autoware_sim_test/install/autoware_auto_planning_msgs/lib:/home/zyme/ros_ws/Autoware_sim_test/install/autoware_auto_perception_msgs/lib:/home/zyme/ros_ws/Autoware_sim_test/install/tier4_debug_msgs/lib:/home/zyme/ros_ws/Autoware_sim_test/install/tensorrt_common/lib:/home/zyme/ros_ws/Autoware_sim_test/install/autoware_auto_mapping_msgs/lib:/home/zyme/ros_ws/Autoware_sim_test/install/autoware_auto_geometry_msgs/lib:${LD_LIBRARY_PATH} PYTHONPATH=/home/zyme/ros_ws/Autoware_sim_test/install/tier4_perception_msgs/local/lib/python3.10/dist-packages:/home/zyme/ros_ws/Autoware_sim_test/install/autoware_auto_vehicle_msgs/local/lib/python3.10/dist-packages:/home/zyme/ros_ws/Autoware_sim_test/install/autoware_auto_planning_msgs/local/lib/python3.10/dist-packages:/home/zyme/ros_ws/Autoware_sim_test/install/autoware_auto_perception_msgs/local/lib/python3.10/dist-packages:/home/zyme/ros_ws/Autoware_sim_test/install/tier4_debug_msgs/local/lib/python3.10/dist-packages:/home/zyme/ros_ws/Autoware_sim_test/install/autoware_auto_mapping_msgs/local/lib/python3.10/dist-packages:/home/zyme/ros_ws/Autoware_sim_test/install/autoware_auto_geometry_msgs/local/lib/python3.10/dist-packages:${PYTHONPATH} /usr/bin/cmake --install /home/zyme/ros_ws/Autoware_sim_test/build/lidar_apollo_instance_segmentation
[28.542s] -- Install configuration: "Release"
[28.543s] -- Execute custom install script
[28.543s] -- Symlinking: /home/zyme/ros_ws/Autoware_sim_test/install/lidar_apollo_instance_segmentation/lib/lidar_apollo_instance_segmentation/lidar_apollo_instance_segmentation_node
[28.555s] -- Symlinking: /home/zyme/ros_ws/Autoware_sim_test/install/lidar_apollo_instance_segmentation/share/ament_index/resource_index/package_run_dependencies/lidar_apollo_instance_segmentation
[28.566s] -- Symlinking: /home/zyme/ros_ws/Autoware_sim_test/install/lidar_apollo_instance_segmentation/share/ament_index/resource_index/parent_prefix_path/lidar_apollo_instance_segmentation
[28.576s] -- Symlinking: /home/zyme/ros_ws/Autoware_sim_test/install/lidar_apollo_instance_segmentation/share/lidar_apollo_instance_segmentation/environment/ament_prefix_path.sh
[28.586s] -- Symlinking: /home/zyme/ros_ws/Autoware_sim_test/install/lidar_apollo_instance_segmentation/share/lidar_apollo_instance_segmentation/environment/ament_prefix_path.dsv
[28.596s] -- Symlinking: /home/zyme/ros_ws/Autoware_sim_test/install/lidar_apollo_instance_segmentation/share/lidar_apollo_instance_segmentation/environment/path.sh
[28.606s] -- Symlinking: /home/zyme/ros_ws/Autoware_sim_test/install/lidar_apollo_instance_segmentation/share/lidar_apollo_instance_segmentation/environment/path.dsv
[28.616s] -- Symlinking: /home/zyme/ros_ws/Autoware_sim_test/install/lidar_apollo_instance_segmentation/share/lidar_apollo_instance_segmentation/local_setup.bash
[28.627s] -- Symlinking: /home/zyme/ros_ws/Autoware_sim_test/install/lidar_apollo_instance_segmentation/share/lidar_apollo_instance_segmentation/local_setup.sh
[28.639s] -- Symlinking: /home/zyme/ros_ws/Autoware_sim_test/install/lidar_apollo_instance_segmentation/share/lidar_apollo_instance_segmentation/local_setup.zsh
[28.649s] -- Symlinking: /home/zyme/ros_ws/Autoware_sim_test/install/lidar_apollo_instance_segmentation/share/lidar_apollo_instance_segmentation/local_setup.dsv
[28.659s] -- Symlinking: /home/zyme/ros_ws/Autoware_sim_test/install/lidar_apollo_instance_segmentation/share/lidar_apollo_instance_segmentation/package.dsv
[28.669s] -- Symlinking: /home/zyme/ros_ws/Autoware_sim_test/install/lidar_apollo_instance_segmentation/share/ament_index/resource_index/packages/lidar_apollo_instance_segmentation
[28.680s] -- Symlinking: /home/zyme/ros_ws/Autoware_sim_test/install/lidar_apollo_instance_segmentation/share/ament_index/resource_index/rclcpp_components/lidar_apollo_instance_segmentation
[28.690s] -- Symlinking: /home/zyme/ros_ws/Autoware_sim_test/install/lidar_apollo_instance_segmentation/share/lidar_apollo_instance_segmentation/cmake/lidar_apollo_instance_segmentationConfig.cmake
[28.701s] -- Symlinking: /home/zyme/ros_ws/Autoware_sim_test/install/lidar_apollo_instance_segmentation/share/lidar_apollo_instance_segmentation/cmake/lidar_apollo_instance_segmentationConfig-version.cmake
[28.711s] -- Symlinking: /home/zyme/ros_ws/Autoware_sim_test/install/lidar_apollo_instance_segmentation/share/lidar_apollo_instance_segmentation/package.xml
[28.722s] -- Symlinking: /home/zyme/ros_ws/Autoware_sim_test/install/lidar_apollo_instance_segmentation/share/lidar_apollo_instance_segmentation/config/hdl-64.param.yaml
[28.733s] -- Symlinking: /home/zyme/ros_ws/Autoware_sim_test/install/lidar_apollo_instance_segmentation/share/lidar_apollo_instance_segmentation/config/vlp-16.param.yaml
[28.743s] -- Symlinking: /home/zyme/ros_ws/Autoware_sim_test/install/lidar_apollo_instance_segmentation/share/lidar_apollo_instance_segmentation/config/vls-128.param.yaml
[28.753s] -- Symlinking: /home/zyme/ros_ws/Autoware_sim_test/install/lidar_apollo_instance_segmentation/share/lidar_apollo_instance_segmentation/launch/lidar_apollo_instance_segmentation.launch.xml
[28.764s] -- Installing: /home/zyme/ros_ws/Autoware_sim_test/install/lidar_apollo_instance_segmentation/lib/liblidar_apollo_instance_segmentation.so
[28.766s] -- Set runtime path of "/home/zyme/ros_ws/Autoware_sim_test/install/lidar_apollo_instance_segmentation/lib/liblidar_apollo_instance_segmentation.so" to ""
[28.769s] Invoked command in '/home/zyme/ros_ws/Autoware_sim_test/build/lidar_apollo_instance_segmentation' returned '0': AMENT_PREFIX_PATH=/home/zyme/ros_ws/Autoware_sim_test/install/tier4_autoware_utils:/home/zyme/ros_ws/Autoware_sim_test/install/tier4_perception_msgs:/home/zyme/ros_ws/Autoware_sim_test/install/cuda_utils:/home/zyme/ros_ws/Autoware_sim_test/install/autoware_auto_vehicle_msgs:/home/zyme/ros_ws/Autoware_sim_test/install/autoware_auto_planning_msgs:/home/zyme/ros_ws/Autoware_sim_test/install/autoware_auto_perception_msgs:/home/zyme/ros_ws/Autoware_sim_test/install/tier4_debug_msgs:/home/zyme/ros_ws/Autoware_sim_test/install/tensorrt_common:/home/zyme/ros_ws/Autoware_sim_test/install/autoware_auto_mapping_msgs:/home/zyme/ros_ws/Autoware_sim_test/install/autoware_auto_geometry_msgs:${AMENT_PREFIX_PATH} CMAKE_PREFIX_PATH=/home/zyme/ros_ws/Autoware_sim_test/install/tier4_autoware_utils:/home/zyme/ros_ws/Autoware_sim_test/install/tier4_perception_msgs:/home/zyme/ros_ws/Autoware_sim_test/install/cuda_utils:/home/zyme/ros_ws/Autoware_sim_test/install/autoware_auto_vehicle_msgs:/home/zyme/ros_ws/Autoware_sim_test/install/autoware_auto_planning_msgs:/home/zyme/ros_ws/Autoware_sim_test/install/autoware_auto_perception_msgs:/home/zyme/ros_ws/Autoware_sim_test/install/tier4_debug_msgs:/home/zyme/ros_ws/Autoware_sim_test/install/tensorrt_common:/home/zyme/ros_ws/Autoware_sim_test/install/autoware_auto_mapping_msgs:/home/zyme/ros_ws/Autoware_sim_test/install/autoware_auto_geometry_msgs:/opt/ros/humble LD_LIBRARY_PATH=/home/zyme/ros_ws/Autoware_sim_test/install/tier4_autoware_utils/lib:/home/zyme/ros_ws/Autoware_sim_test/install/tier4_perception_msgs/lib:/home/zyme/ros_ws/Autoware_sim_test/install/autoware_auto_vehicle_msgs/lib:/home/zyme/ros_ws/Autoware_sim_test/install/autoware_auto_planning_msgs/lib:/home/zyme/ros_ws/Autoware_sim_test/install/autoware_auto_perception_msgs/lib:/home/zyme/ros_ws/Autoware_sim_test/install/tier4_debug_msgs/lib:/home/zyme/ros_ws/Autoware_sim_test/install/tensorrt_common/lib:/home/zyme/ros_ws/Autoware_sim_test/install/autoware_auto_mapping_msgs/lib:/home/zyme/ros_ws/Autoware_sim_test/install/autoware_auto_geometry_msgs/lib:${LD_LIBRARY_PATH} PYTHONPATH=/home/zyme/ros_ws/Autoware_sim_test/install/tier4_perception_msgs/local/lib/python3.10/dist-packages:/home/zyme/ros_ws/Autoware_sim_test/install/autoware_auto_vehicle_msgs/local/lib/python3.10/dist-packages:/home/zyme/ros_ws/Autoware_sim_test/install/autoware_auto_planning_msgs/local/lib/python3.10/dist-packages:/home/zyme/ros_ws/Autoware_sim_test/install/autoware_auto_perception_msgs/local/lib/python3.10/dist-packages:/home/zyme/ros_ws/Autoware_sim_test/install/tier4_debug_msgs/local/lib/python3.10/dist-packages:/home/zyme/ros_ws/Autoware_sim_test/install/autoware_auto_mapping_msgs/local/lib/python3.10/dist-packages:/home/zyme/ros_ws/Autoware_sim_test/install/autoware_auto_geometry_msgs/local/lib/python3.10/dist-packages:${PYTHONPATH} /usr/bin/cmake --install /home/zyme/ros_ws/Autoware_sim_test/build/lidar_apollo_instance_segmentation
