[0.062s] Invoking command in '/home/zyme/ros_ws/Autoware_sim_test/build/osqp_interface': AMENT_PREFIX_PATH=/home/zyme/ros_ws/Autoware_sim_test/install/autoware_cmake:/home/zyme/ros_ws/Autoware_sim_test/install/autoware_lint_common:${AMENT_PREFIX_PATH} CMAKE_PREFIX_PATH=/home/zyme/ros_ws/Autoware_sim_test/install/autoware_cmake:/home/zyme/ros_ws/Autoware_sim_test/install/autoware_lint_common:/opt/ros/humble /usr/bin/cmake /home/zyme/ros_ws/Autoware_sim_test/src/autoware/src/universe/autoware.universe/common/osqp_interface -DCMAKE_BUILD_TYPE=Release -DCMAKE_CXX_FLAGS=-w -DAMENT_CMAKE_SYMLINK_INSTALL=1 -DCMAKE_INSTALL_PREFIX=/home/zyme/ros_ws/Autoware_sim_test/install/osqp_interface
[0.072s] -- Found autoware_cmake: 0.1.0 (/home/zyme/ros_ws/Autoware_sim_test/install/autoware_cmake/share/autoware_cmake/cmake)
[0.184s] -- Override CMake install command with custom implementation using symlinks instead of copying resources
[0.292s] -- Found rosidl_generator_c: 3.1.5 (/opt/ros/humble/share/rosidl_generator_c/cmake)
[0.294s] -- Found rosidl_adapter: 3.1.5 (/opt/ros/humble/share/rosidl_adapter/cmake)
[0.300s] -- Found rosidl_generator_cpp: 3.1.5 (/opt/ros/humble/share/rosidl_generator_cpp/cmake)
[0.310s] -- Using all available rosidl_typesupport_c: rosidl_typesupport_fastrtps_c;rosidl_typesupport_introspection_c
[0.325s] -- Using all available rosidl_typesupport_cpp: rosidl_typesupport_fastrtps_cpp;rosidl_typesupport_introspection_cpp
[0.381s] -- Found rmw_implementation_cmake: 6.1.1 (/opt/ros/humble/share/rmw_implementation_cmake/cmake)
[0.382s] -- Found rmw_cyclonedds_cpp: 1.3.4 (/opt/ros/humble/share/rmw_cyclonedds_cpp/cmake)
[0.410s] -- Using RMW implementation 'rmw_cyclonedds_cpp' as default
[0.615s] -- Found ament_lint_auto: 0.12.10 (/opt/ros/humble/share/ament_lint_auto/cmake)
[0.635s] -- Found gtest sources under '/opt/ros/humble/src/gtest_vendor': C++ tests using 'Google Test' will be built
[0.642s] -- Added test 'copyright' to check source files copyright and LICENSE
[0.643s] -- Added test 'cppcheck' to perform static code analysis on C / C++ code
[0.643s] -- Configured cppcheck include dirs: /home/zyme/ros_ws/Autoware_sim_test/src/autoware/src/universe/autoware.universe/common/osqp_interface/include
[0.643s] -- Configured cppcheck exclude dirs and/or files: 
[0.644s] -- Added test 'lint_cmake' to check CMake code style
[0.644s] -- Added test 'xmllint' to check XML markup files
[0.648s] -- Configuring done
[0.670s] -- Generating done
[0.673s] -- Build files have been written to: /home/zyme/ros_ws/Autoware_sim_test/build/osqp_interface
[0.680s] Invoked command in '/home/zyme/ros_ws/Autoware_sim_test/build/osqp_interface' returned '0': AMENT_PREFIX_PATH=/home/zyme/ros_ws/Autoware_sim_test/install/autoware_cmake:/home/zyme/ros_ws/Autoware_sim_test/install/autoware_lint_common:${AMENT_PREFIX_PATH} CMAKE_PREFIX_PATH=/home/zyme/ros_ws/Autoware_sim_test/install/autoware_cmake:/home/zyme/ros_ws/Autoware_sim_test/install/autoware_lint_common:/opt/ros/humble /usr/bin/cmake /home/zyme/ros_ws/Autoware_sim_test/src/autoware/src/universe/autoware.universe/common/osqp_interface -DCMAKE_BUILD_TYPE=Release -DCMAKE_CXX_FLAGS=-w -DAMENT_CMAKE_SYMLINK_INSTALL=1 -DCMAKE_INSTALL_PREFIX=/home/zyme/ros_ws/Autoware_sim_test/install/osqp_interface
[0.682s] Invoking command in '/home/zyme/ros_ws/Autoware_sim_test/build/osqp_interface': AMENT_PREFIX_PATH=/home/zyme/ros_ws/Autoware_sim_test/install/autoware_cmake:/home/zyme/ros_ws/Autoware_sim_test/install/autoware_lint_common:${AMENT_PREFIX_PATH} CMAKE_PREFIX_PATH=/home/zyme/ros_ws/Autoware_sim_test/install/autoware_cmake:/home/zyme/ros_ws/Autoware_sim_test/install/autoware_lint_common:/opt/ros/humble /usr/bin/cmake --build /home/zyme/ros_ws/Autoware_sim_test/build/osqp_interface -- -j12 -l12
[0.718s] [35m[1mConsolidate compiler generated dependencies of target gtest_main[0m
[0.718s] [35m[1mConsolidate compiler generated dependencies of target gtest[0m
[0.718s] [35m[1mConsolidate compiler generated dependencies of target osqp_interface[0m
[0.732s] [ 20%] Built target gtest_main
[0.732s] [ 40%] Built target gtest
[0.738s] [ 70%] Built target osqp_interface
[0.749s] [35m[1mConsolidate compiler generated dependencies of target test_osqp_interface[0m
[0.769s] [100%] Built target test_osqp_interface
[0.780s] Invoked command in '/home/zyme/ros_ws/Autoware_sim_test/build/osqp_interface' returned '0': AMENT_PREFIX_PATH=/home/zyme/ros_ws/Autoware_sim_test/install/autoware_cmake:/home/zyme/ros_ws/Autoware_sim_test/install/autoware_lint_common:${AMENT_PREFIX_PATH} CMAKE_PREFIX_PATH=/home/zyme/ros_ws/Autoware_sim_test/install/autoware_cmake:/home/zyme/ros_ws/Autoware_sim_test/install/autoware_lint_common:/opt/ros/humble /usr/bin/cmake --build /home/zyme/ros_ws/Autoware_sim_test/build/osqp_interface -- -j12 -l12
[0.814s] Invoking command in '/home/zyme/ros_ws/Autoware_sim_test/build/osqp_interface': AMENT_PREFIX_PATH=/home/zyme/ros_ws/Autoware_sim_test/install/autoware_cmake:/home/zyme/ros_ws/Autoware_sim_test/install/autoware_lint_common:${AMENT_PREFIX_PATH} CMAKE_PREFIX_PATH=/home/zyme/ros_ws/Autoware_sim_test/install/autoware_cmake:/home/zyme/ros_ws/Autoware_sim_test/install/autoware_lint_common:/opt/ros/humble /usr/bin/cmake --install /home/zyme/ros_ws/Autoware_sim_test/build/osqp_interface
[0.820s] -- Install configuration: "Release"
[0.821s] -- Execute custom install script
[0.821s] -- Up-to-date symlink: /home/zyme/ros_ws/Autoware_sim_test/install/osqp_interface/share/osqp_interface/environment/library_path.sh
[0.821s] -- Up-to-date symlink: /home/zyme/ros_ws/Autoware_sim_test/install/osqp_interface/share/osqp_interface/environment/library_path.dsv
[0.822s] -- Up-to-date symlink: /home/zyme/ros_ws/Autoware_sim_test/install/osqp_interface/include/osqp_interface/csc_matrix_conv.hpp
[0.822s] -- Up-to-date symlink: /home/zyme/ros_ws/Autoware_sim_test/install/osqp_interface/include/osqp_interface/osqp_interface.hpp
[0.822s] -- Up-to-date symlink: /home/zyme/ros_ws/Autoware_sim_test/install/osqp_interface/include/osqp_interface/visibility_control.hpp
[0.822s] -- Up-to-date symlink: /home/zyme/ros_ws/Autoware_sim_test/install/osqp_interface/lib/libosqp_interface.so
[0.822s] -- Up-to-date symlink: /home/zyme/ros_ws/Autoware_sim_test/install/osqp_interface/share/ament_index/resource_index/package_run_dependencies/osqp_interface
[0.822s] -- Up-to-date symlink: /home/zyme/ros_ws/Autoware_sim_test/install/osqp_interface/share/ament_index/resource_index/parent_prefix_path/osqp_interface
[0.823s] -- Up-to-date symlink: /home/zyme/ros_ws/Autoware_sim_test/install/osqp_interface/share/osqp_interface/environment/ament_prefix_path.sh
[0.823s] -- Up-to-date symlink: /home/zyme/ros_ws/Autoware_sim_test/install/osqp_interface/share/osqp_interface/environment/ament_prefix_path.dsv
[0.823s] -- Up-to-date symlink: /home/zyme/ros_ws/Autoware_sim_test/install/osqp_interface/share/osqp_interface/environment/path.sh
[0.823s] -- Up-to-date symlink: /home/zyme/ros_ws/Autoware_sim_test/install/osqp_interface/share/osqp_interface/environment/path.dsv
[0.823s] -- Up-to-date symlink: /home/zyme/ros_ws/Autoware_sim_test/install/osqp_interface/share/osqp_interface/local_setup.bash
[0.824s] -- Up-to-date symlink: /home/zyme/ros_ws/Autoware_sim_test/install/osqp_interface/share/osqp_interface/local_setup.sh
[0.824s] -- Up-to-date symlink: /home/zyme/ros_ws/Autoware_sim_test/install/osqp_interface/share/osqp_interface/local_setup.zsh
[0.824s] -- Up-to-date symlink: /home/zyme/ros_ws/Autoware_sim_test/install/osqp_interface/share/osqp_interface/local_setup.dsv
[0.824s] -- Symlinking: /home/zyme/ros_ws/Autoware_sim_test/install/osqp_interface/share/osqp_interface/package.dsv
[0.832s] -- Up-to-date symlink: /home/zyme/ros_ws/Autoware_sim_test/install/osqp_interface/share/ament_index/resource_index/packages/osqp_interface
[0.832s] -- Up-to-date symlink: /home/zyme/ros_ws/Autoware_sim_test/install/osqp_interface/share/osqp_interface/cmake/ament_cmake_export_include_directories-extras.cmake
[0.832s] -- Up-to-date symlink: /home/zyme/ros_ws/Autoware_sim_test/install/osqp_interface/share/osqp_interface/cmake/ament_cmake_export_libraries-extras.cmake
[0.833s] -- Up-to-date symlink: /home/zyme/ros_ws/Autoware_sim_test/install/osqp_interface/share/osqp_interface/cmake/ament_cmake_export_dependencies-extras.cmake
[0.833s] -- Up-to-date symlink: /home/zyme/ros_ws/Autoware_sim_test/install/osqp_interface/share/osqp_interface/cmake/osqp_interfaceConfig.cmake
[0.833s] -- Up-to-date symlink: /home/zyme/ros_ws/Autoware_sim_test/install/osqp_interface/share/osqp_interface/cmake/osqp_interfaceConfig-version.cmake
[0.833s] -- Up-to-date symlink: /home/zyme/ros_ws/Autoware_sim_test/install/osqp_interface/share/osqp_interface/package.xml
[0.835s] Invoked command in '/home/zyme/ros_ws/Autoware_sim_test/build/osqp_interface' returned '0': AMENT_PREFIX_PATH=/home/zyme/ros_ws/Autoware_sim_test/install/autoware_cmake:/home/zyme/ros_ws/Autoware_sim_test/install/autoware_lint_common:${AMENT_PREFIX_PATH} CMAKE_PREFIX_PATH=/home/zyme/ros_ws/Autoware_sim_test/install/autoware_cmake:/home/zyme/ros_ws/Autoware_sim_test/install/autoware_lint_common:/opt/ros/humble /usr/bin/cmake --install /home/zyme/ros_ws/Autoware_sim_test/build/osqp_interface
