[0.145s] Invoking command in '/home/zyme/ros_ws/Autoware_sim_test/build/autoware_localization_msgs': CMAKE_PREFIX_PATH=/opt/ros/humble /usr/bin/cmake --build /home/zyme/ros_ws/Autoware_sim_test/build/autoware_localization_msgs -- -j12 -l12
[0.237s] [  3%] Built target autoware_localization_msgs__cpp
[0.243s] [ 12%] Built target autoware_localization_msgs__rosidl_generator_c
[0.246s] [ 12%] Built target ament_cmake_python_symlink_autoware_localization_msgs
[0.292s] [ 22%] Built target autoware_localization_msgs__rosidl_typesupport_fastrtps_cpp
[0.293s] [ 32%] Built target autoware_localization_msgs__rosidl_typesupport_c
[0.294s] [ 51%] Built target autoware_localization_msgs__rosidl_typesupport_cpp
[0.294s] [ 51%] Built target autoware_localization_msgs__rosidl_typesupport_introspection_c
[0.295s] [ 61%] Built target autoware_localization_msgs__rosidl_typesupport_fastrtps_c
[0.296s] [ 70%] Built target autoware_localization_msgs__rosidl_typesupport_introspection_cpp
[0.325s] [ 70%] Built target autoware_localization_msgs
[0.355s] [ 74%] Built target autoware_localization_msgs__py
[0.387s] [ 80%] Built target autoware_localization_msgs__rosidl_generator_py
[0.423s] [ 87%] Built target autoware_localization_msgs__rosidl_typesupport_c__pyext
[0.425s] [ 93%] Built target autoware_localization_msgs__rosidl_typesupport_introspection_c__pyext
[0.428s] [100%] Built target autoware_localization_msgs__rosidl_typesupport_fastrtps_c__pyext
[0.684s] running egg_info
[0.687s] writing autoware_localization_msgs.egg-info/PKG-INFO
[0.688s] writing dependency_links to autoware_localization_msgs.egg-info/dependency_links.txt
[0.688s] writing top-level names to autoware_localization_msgs.egg-info/top_level.txt
[0.693s] reading manifest file 'autoware_localization_msgs.egg-info/SOURCES.txt'
[0.694s] writing manifest file 'autoware_localization_msgs.egg-info/SOURCES.txt'
[0.785s] [100%] Built target ament_cmake_python_build_autoware_localization_msgs_egg
[0.823s] Invoked command in '/home/zyme/ros_ws/Autoware_sim_test/build/autoware_localization_msgs' returned '0': CMAKE_PREFIX_PATH=/opt/ros/humble /usr/bin/cmake --build /home/zyme/ros_ws/Autoware_sim_test/build/autoware_localization_msgs -- -j12 -l12
[0.941s] Invoking command in '/home/zyme/ros_ws/Autoware_sim_test/build/autoware_localization_msgs': CMAKE_PREFIX_PATH=/opt/ros/humble /usr/bin/cmake --install /home/zyme/ros_ws/Autoware_sim_test/build/autoware_localization_msgs
[0.955s] -- Install configuration: "Release"
[0.956s] -- Execute custom install script
[0.957s] -- Up-to-date symlink: /home/zyme/ros_ws/Autoware_sim_test/install/autoware_localization_msgs/share/ament_index/resource_index/rosidl_interfaces/autoware_localization_msgs
[0.959s] -- Up-to-date symlink: /home/zyme/ros_ws/Autoware_sim_test/install/autoware_localization_msgs/include/autoware_localization_msgs/autoware_localization_msgs/msg/detail/kinematic_state__functions.h
[0.960s] -- Up-to-date symlink: /home/zyme/ros_ws/Autoware_sim_test/install/autoware_localization_msgs/include/autoware_localization_msgs/autoware_localization_msgs/msg/detail/kinematic_state__struct.h
[0.960s] -- Up-to-date symlink: /home/zyme/ros_ws/Autoware_sim_test/install/autoware_localization_msgs/include/autoware_localization_msgs/autoware_localization_msgs/msg/detail/kinematic_state__type_support.h
[0.962s] -- Up-to-date symlink: /home/zyme/ros_ws/Autoware_sim_test/install/autoware_localization_msgs/include/autoware_localization_msgs/autoware_localization_msgs/msg/kinematic_state.h
[0.962s] -- Up-to-date symlink: /home/zyme/ros_ws/Autoware_sim_test/install/autoware_localization_msgs/include/autoware_localization_msgs/autoware_localization_msgs/msg/rosidl_generator_c__visibility_control.h
[0.962s] -- Up-to-date symlink: /home/zyme/ros_ws/Autoware_sim_test/install/autoware_localization_msgs/share/autoware_localization_msgs/environment/library_path.sh
[0.962s] -- Up-to-date symlink: /home/zyme/ros_ws/Autoware_sim_test/install/autoware_localization_msgs/share/autoware_localization_msgs/environment/library_path.dsv
[0.963s] -- Up-to-date symlink: /home/zyme/ros_ws/Autoware_sim_test/install/autoware_localization_msgs/include/autoware_localization_msgs/autoware_localization_msgs/msg/detail/kinematic_state__rosidl_typesupport_fastrtps_c.h
[0.964s] -- Up-to-date symlink: /home/zyme/ros_ws/Autoware_sim_test/install/autoware_localization_msgs/include/autoware_localization_msgs/autoware_localization_msgs/msg/rosidl_typesupport_fastrtps_c__visibility_control.h
[0.966s] -- Up-to-date symlink: /home/zyme/ros_ws/Autoware_sim_test/install/autoware_localization_msgs/include/autoware_localization_msgs/autoware_localization_msgs/msg/detail/kinematic_state__builder.hpp
[0.966s] -- Up-to-date symlink: /home/zyme/ros_ws/Autoware_sim_test/install/autoware_localization_msgs/include/autoware_localization_msgs/autoware_localization_msgs/msg/detail/kinematic_state__struct.hpp
[0.966s] -- Up-to-date symlink: /home/zyme/ros_ws/Autoware_sim_test/install/autoware_localization_msgs/include/autoware_localization_msgs/autoware_localization_msgs/msg/detail/kinematic_state__traits.hpp
[0.967s] -- Up-to-date symlink: /home/zyme/ros_ws/Autoware_sim_test/install/autoware_localization_msgs/include/autoware_localization_msgs/autoware_localization_msgs/msg/kinematic_state.hpp
[0.968s] -- Up-to-date symlink: /home/zyme/ros_ws/Autoware_sim_test/install/autoware_localization_msgs/include/autoware_localization_msgs/autoware_localization_msgs/msg/detail/kinematic_state__rosidl_typesupport_fastrtps_cpp.hpp
[0.968s] -- Up-to-date symlink: /home/zyme/ros_ws/Autoware_sim_test/install/autoware_localization_msgs/include/autoware_localization_msgs/autoware_localization_msgs/msg/rosidl_typesupport_fastrtps_cpp__visibility_control.h
[0.970s] -- Up-to-date symlink: /home/zyme/ros_ws/Autoware_sim_test/install/autoware_localization_msgs/include/autoware_localization_msgs/autoware_localization_msgs/msg/detail/kinematic_state__rosidl_typesupport_introspection_c.h
[0.971s] -- Up-to-date symlink: /home/zyme/ros_ws/Autoware_sim_test/install/autoware_localization_msgs/include/autoware_localization_msgs/autoware_localization_msgs/msg/rosidl_typesupport_introspection_c__visibility_control.h
[0.971s] -- Up-to-date symlink: /home/zyme/ros_ws/Autoware_sim_test/install/autoware_localization_msgs/include/autoware_localization_msgs/autoware_localization_msgs/msg/detail/kinematic_state__rosidl_typesupport_introspection_cpp.hpp
[0.972s] -- Up-to-date symlink: /home/zyme/ros_ws/Autoware_sim_test/install/autoware_localization_msgs/share/autoware_localization_msgs/environment/pythonpath.sh
[0.973s] -- Up-to-date symlink: /home/zyme/ros_ws/Autoware_sim_test/install/autoware_localization_msgs/share/autoware_localization_msgs/environment/pythonpath.dsv
[0.974s] -- Up-to-date symlink: /home/zyme/ros_ws/Autoware_sim_test/install/autoware_localization_msgs/local/lib/python3.10/dist-packages/autoware_localization_msgs-1.0.0-py3.10.egg-info/PKG-INFO
[0.978s] -- Up-to-date symlink: /home/zyme/ros_ws/Autoware_sim_test/install/autoware_localization_msgs/local/lib/python3.10/dist-packages/autoware_localization_msgs-1.0.0-py3.10.egg-info/SOURCES.txt
[0.978s] -- Up-to-date symlink: /home/zyme/ros_ws/Autoware_sim_test/install/autoware_localization_msgs/local/lib/python3.10/dist-packages/autoware_localization_msgs-1.0.0-py3.10.egg-info/dependency_links.txt
[0.978s] -- Up-to-date symlink: /home/zyme/ros_ws/Autoware_sim_test/install/autoware_localization_msgs/local/lib/python3.10/dist-packages/autoware_localization_msgs-1.0.0-py3.10.egg-info/top_level.txt
[0.978s] -- Up-to-date symlink: /home/zyme/ros_ws/Autoware_sim_test/install/autoware_localization_msgs/local/lib/python3.10/dist-packages/autoware_localization_msgs/__init__.py
[0.978s] -- Up-to-date symlink: /home/zyme/ros_ws/Autoware_sim_test/install/autoware_localization_msgs/local/lib/python3.10/dist-packages/autoware_localization_msgs/_autoware_localization_msgs_s.ep.rosidl_typesupport_c.c
[0.979s] -- Up-to-date symlink: /home/zyme/ros_ws/Autoware_sim_test/install/autoware_localization_msgs/local/lib/python3.10/dist-packages/autoware_localization_msgs/_autoware_localization_msgs_s.ep.rosidl_typesupport_fastrtps_c.c
[0.979s] -- Up-to-date symlink: /home/zyme/ros_ws/Autoware_sim_test/install/autoware_localization_msgs/local/lib/python3.10/dist-packages/autoware_localization_msgs/_autoware_localization_msgs_s.ep.rosidl_typesupport_introspection_c.c
[0.979s] -- Up-to-date symlink: /home/zyme/ros_ws/Autoware_sim_test/install/autoware_localization_msgs/local/lib/python3.10/dist-packages/autoware_localization_msgs/autoware_localization_msgs_s__rosidl_typesupport_c.cpython-310-x86_64-linux-gnu.so
[0.980s] -- Up-to-date symlink: /home/zyme/ros_ws/Autoware_sim_test/install/autoware_localization_msgs/local/lib/python3.10/dist-packages/autoware_localization_msgs/autoware_localization_msgs_s__rosidl_typesupport_fastrtps_c.cpython-310-x86_64-linux-gnu.so
[0.981s] -- Up-to-date symlink: /home/zyme/ros_ws/Autoware_sim_test/install/autoware_localization_msgs/local/lib/python3.10/dist-packages/autoware_localization_msgs/autoware_localization_msgs_s__rosidl_typesupport_introspection_c.cpython-310-x86_64-linux-gnu.so
[0.981s] -- Up-to-date symlink: /home/zyme/ros_ws/Autoware_sim_test/install/autoware_localization_msgs/local/lib/python3.10/dist-packages/autoware_localization_msgs/libautoware_localization_msgs__rosidl_generator_py.so
[0.982s] -- Up-to-date symlink: /home/zyme/ros_ws/Autoware_sim_test/install/autoware_localization_msgs/local/lib/python3.10/dist-packages/autoware_localization_msgs/msg/__init__.py
[0.982s] -- Up-to-date symlink: /home/zyme/ros_ws/Autoware_sim_test/install/autoware_localization_msgs/local/lib/python3.10/dist-packages/autoware_localization_msgs/msg/_kinematic_state.py
[0.982s] -- Up-to-date symlink: /home/zyme/ros_ws/Autoware_sim_test/install/autoware_localization_msgs/local/lib/python3.10/dist-packages/autoware_localization_msgs/msg/_kinematic_state_s.c
[0.983s] -- Up-to-date symlink: /home/zyme/ros_ws/Autoware_sim_test/install/autoware_localization_msgs/local/lib/python3.10/dist-packages/autoware_localization_msgs/autoware_localization_msgs_s__rosidl_typesupport_fastrtps_c.cpython-310-x86_64-linux-gnu.so
[0.984s] -- Up-to-date symlink: /home/zyme/ros_ws/Autoware_sim_test/install/autoware_localization_msgs/local/lib/python3.10/dist-packages/autoware_localization_msgs/autoware_localization_msgs_s__rosidl_typesupport_introspection_c.cpython-310-x86_64-linux-gnu.so
[0.985s] -- Up-to-date symlink: /home/zyme/ros_ws/Autoware_sim_test/install/autoware_localization_msgs/local/lib/python3.10/dist-packages/autoware_localization_msgs/autoware_localization_msgs_s__rosidl_typesupport_c.cpython-310-x86_64-linux-gnu.so
[0.985s] -- Up-to-date symlink: /home/zyme/ros_ws/Autoware_sim_test/install/autoware_localization_msgs/share/autoware_localization_msgs/msg/KinematicState.idl
[0.986s] -- Up-to-date symlink: /home/zyme/ros_ws/Autoware_sim_test/install/autoware_localization_msgs/share/autoware_localization_msgs/msg/KinematicState.msg
[0.988s] -- Up-to-date symlink: /home/zyme/ros_ws/Autoware_sim_test/install/autoware_localization_msgs/share/ament_index/resource_index/package_run_dependencies/autoware_localization_msgs
[0.988s] -- Up-to-date symlink: /home/zyme/ros_ws/Autoware_sim_test/install/autoware_localization_msgs/share/ament_index/resource_index/parent_prefix_path/autoware_localization_msgs
[0.989s] -- Up-to-date symlink: /home/zyme/ros_ws/Autoware_sim_test/install/autoware_localization_msgs/share/autoware_localization_msgs/environment/ament_prefix_path.sh
[0.991s] -- Up-to-date symlink: /home/zyme/ros_ws/Autoware_sim_test/install/autoware_localization_msgs/share/autoware_localization_msgs/environment/ament_prefix_path.dsv
[0.991s] -- Up-to-date symlink: /home/zyme/ros_ws/Autoware_sim_test/install/autoware_localization_msgs/share/autoware_localization_msgs/environment/path.sh
[0.991s] -- Up-to-date symlink: /home/zyme/ros_ws/Autoware_sim_test/install/autoware_localization_msgs/share/autoware_localization_msgs/environment/path.dsv
[0.992s] -- Up-to-date symlink: /home/zyme/ros_ws/Autoware_sim_test/install/autoware_localization_msgs/share/autoware_localization_msgs/local_setup.bash
[0.992s] -- Up-to-date symlink: /home/zyme/ros_ws/Autoware_sim_test/install/autoware_localization_msgs/share/autoware_localization_msgs/local_setup.sh
[0.992s] -- Up-to-date symlink: /home/zyme/ros_ws/Autoware_sim_test/install/autoware_localization_msgs/share/autoware_localization_msgs/local_setup.zsh
[0.993s] -- Up-to-date symlink: /home/zyme/ros_ws/Autoware_sim_test/install/autoware_localization_msgs/share/autoware_localization_msgs/local_setup.dsv
[0.993s] -- Symlinking: /home/zyme/ros_ws/Autoware_sim_test/install/autoware_localization_msgs/share/autoware_localization_msgs/package.dsv
[1.013s] -- Up-to-date symlink: /home/zyme/ros_ws/Autoware_sim_test/install/autoware_localization_msgs/share/ament_index/resource_index/packages/autoware_localization_msgs
[1.014s] -- Up-to-date symlink: /home/zyme/ros_ws/Autoware_sim_test/install/autoware_localization_msgs/share/autoware_localization_msgs/cmake/rosidl_cmake-extras.cmake
[1.014s] -- Up-to-date symlink: /home/zyme/ros_ws/Autoware_sim_test/install/autoware_localization_msgs/share/autoware_localization_msgs/cmake/ament_cmake_export_dependencies-extras.cmake
[1.015s] -- Up-to-date symlink: /home/zyme/ros_ws/Autoware_sim_test/install/autoware_localization_msgs/share/autoware_localization_msgs/cmake/ament_cmake_export_include_directories-extras.cmake
[1.016s] -- Up-to-date symlink: /home/zyme/ros_ws/Autoware_sim_test/install/autoware_localization_msgs/share/autoware_localization_msgs/cmake/ament_cmake_export_libraries-extras.cmake
[1.016s] -- Up-to-date symlink: /home/zyme/ros_ws/Autoware_sim_test/install/autoware_localization_msgs/share/autoware_localization_msgs/cmake/ament_cmake_export_targets-extras.cmake
[1.017s] -- Up-to-date symlink: /home/zyme/ros_ws/Autoware_sim_test/install/autoware_localization_msgs/share/autoware_localization_msgs/cmake/rosidl_cmake_export_typesupport_targets-extras.cmake
[1.021s] -- Up-to-date symlink: /home/zyme/ros_ws/Autoware_sim_test/install/autoware_localization_msgs/share/autoware_localization_msgs/cmake/rosidl_cmake_export_typesupport_libraries-extras.cmake
[1.021s] -- Up-to-date symlink: /home/zyme/ros_ws/Autoware_sim_test/install/autoware_localization_msgs/share/autoware_localization_msgs/cmake/autoware_localization_msgsConfig.cmake
[1.021s] -- Up-to-date symlink: /home/zyme/ros_ws/Autoware_sim_test/install/autoware_localization_msgs/share/autoware_localization_msgs/cmake/autoware_localization_msgsConfig-version.cmake
[1.021s] -- Up-to-date symlink: /home/zyme/ros_ws/Autoware_sim_test/install/autoware_localization_msgs/share/autoware_localization_msgs/package.xml
[1.021s] -- Up-to-date: /home/zyme/ros_ws/Autoware_sim_test/install/autoware_localization_msgs/lib/libautoware_localization_msgs__rosidl_generator_c.so
[1.022s] -- Up-to-date: /home/zyme/ros_ws/Autoware_sim_test/install/autoware_localization_msgs/lib/libautoware_localization_msgs__rosidl_typesupport_fastrtps_c.so
[1.024s] -- Up-to-date: /home/zyme/ros_ws/Autoware_sim_test/install/autoware_localization_msgs/lib/libautoware_localization_msgs__rosidl_typesupport_fastrtps_cpp.so
[1.026s] -- Up-to-date: /home/zyme/ros_ws/Autoware_sim_test/install/autoware_localization_msgs/lib/libautoware_localization_msgs__rosidl_typesupport_introspection_c.so
[1.026s] -- Up-to-date: /home/zyme/ros_ws/Autoware_sim_test/install/autoware_localization_msgs/lib/libautoware_localization_msgs__rosidl_typesupport_c.so
[1.028s] -- Up-to-date: /home/zyme/ros_ws/Autoware_sim_test/install/autoware_localization_msgs/lib/libautoware_localization_msgs__rosidl_typesupport_introspection_cpp.so
[1.029s] -- Up-to-date: /home/zyme/ros_ws/Autoware_sim_test/install/autoware_localization_msgs/lib/libautoware_localization_msgs__rosidl_typesupport_cpp.so
[1.099s] Listing '/home/zyme/ros_ws/Autoware_sim_test/install/autoware_localization_msgs/local/lib/python3.10/dist-packages/autoware_localization_msgs'...
[1.099s] Listing '/home/zyme/ros_ws/Autoware_sim_test/install/autoware_localization_msgs/local/lib/python3.10/dist-packages/autoware_localization_msgs/msg'...
[1.109s] -- Up-to-date: /home/zyme/ros_ws/Autoware_sim_test/install/autoware_localization_msgs/lib/libautoware_localization_msgs__rosidl_generator_py.so
[1.110s] -- Up-to-date: /home/zyme/ros_ws/Autoware_sim_test/install/autoware_localization_msgs/share/autoware_localization_msgs/cmake/export_autoware_localization_msgs__rosidl_generator_cExport.cmake
[1.111s] -- Up-to-date: /home/zyme/ros_ws/Autoware_sim_test/install/autoware_localization_msgs/share/autoware_localization_msgs/cmake/export_autoware_localization_msgs__rosidl_generator_cExport-release.cmake
[1.111s] -- Up-to-date: /home/zyme/ros_ws/Autoware_sim_test/install/autoware_localization_msgs/share/autoware_localization_msgs/cmake/export_autoware_localization_msgs__rosidl_typesupport_fastrtps_cExport.cmake
[1.111s] -- Up-to-date: /home/zyme/ros_ws/Autoware_sim_test/install/autoware_localization_msgs/share/autoware_localization_msgs/cmake/export_autoware_localization_msgs__rosidl_typesupport_fastrtps_cExport-release.cmake
[1.112s] -- Up-to-date: /home/zyme/ros_ws/Autoware_sim_test/install/autoware_localization_msgs/share/autoware_localization_msgs/cmake/export_autoware_localization_msgs__rosidl_generator_cppExport.cmake
[1.112s] -- Up-to-date: /home/zyme/ros_ws/Autoware_sim_test/install/autoware_localization_msgs/share/autoware_localization_msgs/cmake/export_autoware_localization_msgs__rosidl_typesupport_fastrtps_cppExport.cmake
[1.113s] -- Up-to-date: /home/zyme/ros_ws/Autoware_sim_test/install/autoware_localization_msgs/share/autoware_localization_msgs/cmake/export_autoware_localization_msgs__rosidl_typesupport_fastrtps_cppExport-release.cmake
[1.113s] -- Up-to-date: /home/zyme/ros_ws/Autoware_sim_test/install/autoware_localization_msgs/share/autoware_localization_msgs/cmake/autoware_localization_msgs__rosidl_typesupport_introspection_cExport.cmake
[1.113s] -- Up-to-date: /home/zyme/ros_ws/Autoware_sim_test/install/autoware_localization_msgs/share/autoware_localization_msgs/cmake/autoware_localization_msgs__rosidl_typesupport_introspection_cExport-release.cmake
[1.114s] -- Up-to-date: /home/zyme/ros_ws/Autoware_sim_test/install/autoware_localization_msgs/share/autoware_localization_msgs/cmake/autoware_localization_msgs__rosidl_typesupport_cExport.cmake
[1.114s] -- Up-to-date: /home/zyme/ros_ws/Autoware_sim_test/install/autoware_localization_msgs/share/autoware_localization_msgs/cmake/autoware_localization_msgs__rosidl_typesupport_cExport-release.cmake
[1.114s] -- Up-to-date: /home/zyme/ros_ws/Autoware_sim_test/install/autoware_localization_msgs/share/autoware_localization_msgs/cmake/autoware_localization_msgs__rosidl_typesupport_introspection_cppExport.cmake
[1.114s] -- Up-to-date: /home/zyme/ros_ws/Autoware_sim_test/install/autoware_localization_msgs/share/autoware_localization_msgs/cmake/autoware_localization_msgs__rosidl_typesupport_introspection_cppExport-release.cmake
[1.114s] -- Up-to-date: /home/zyme/ros_ws/Autoware_sim_test/install/autoware_localization_msgs/share/autoware_localization_msgs/cmake/autoware_localization_msgs__rosidl_typesupport_cppExport.cmake
[1.115s] -- Up-to-date: /home/zyme/ros_ws/Autoware_sim_test/install/autoware_localization_msgs/share/autoware_localization_msgs/cmake/autoware_localization_msgs__rosidl_typesupport_cppExport-release.cmake
[1.115s] -- Up-to-date: /home/zyme/ros_ws/Autoware_sim_test/install/autoware_localization_msgs/share/autoware_localization_msgs/cmake/export_autoware_localization_msgs__rosidl_generator_pyExport.cmake
[1.115s] -- Up-to-date: /home/zyme/ros_ws/Autoware_sim_test/install/autoware_localization_msgs/share/autoware_localization_msgs/cmake/export_autoware_localization_msgs__rosidl_generator_pyExport-release.cmake
[1.119s] Invoked command in '/home/zyme/ros_ws/Autoware_sim_test/build/autoware_localization_msgs' returned '0': CMAKE_PREFIX_PATH=/opt/ros/humble /usr/bin/cmake --install /home/zyme/ros_ws/Autoware_sim_test/build/autoware_localization_msgs
