[0.064s] Invoking command in '/home/zyme/ros_ws/Autoware_sim_test/build/tree_structured_parzen_estimator': AMENT_PREFIX_PATH=/home/zyme/ros_ws/Autoware_sim_test/install/autoware_cmake:${AMENT_PREFIX_PATH} CMAKE_PREFIX_PATH=/home/zyme/ros_ws/Autoware_sim_test/install/autoware_cmake:/opt/ros/humble /usr/bin/cmake --build /home/zyme/ros_ws/Autoware_sim_test/build/tree_structured_parzen_estimator -- -j12 -l12
[0.108s] [ 22%] Built target tree_structured_parzen_estimator
[0.108s] [ 44%] Built target gtest_main
[0.108s] [ 66%] Built target gtest
[0.129s] [100%] Built target test_tpe
[0.139s] Invoked command in '/home/zyme/ros_ws/Autoware_sim_test/build/tree_structured_parzen_estimator' returned '0': AMENT_PREFIX_PATH=/home/zyme/ros_ws/Autoware_sim_test/install/autoware_cmake:${AMENT_PREFIX_PATH} CMAKE_PREFIX_PATH=/home/zyme/ros_ws/Autoware_sim_test/install/autoware_cmake:/opt/ros/humble /usr/bin/cmake --build /home/zyme/ros_ws/Autoware_sim_test/build/tree_structured_parzen_estimator -- -j12 -l12
[0.169s] Invoking command in '/home/zyme/ros_ws/Autoware_sim_test/build/tree_structured_parzen_estimator': AMENT_PREFIX_PATH=/home/zyme/ros_ws/Autoware_sim_test/install/autoware_cmake:${AMENT_PREFIX_PATH} CMAKE_PREFIX_PATH=/home/zyme/ros_ws/Autoware_sim_test/install/autoware_cmake:/opt/ros/humble /usr/bin/cmake --install /home/zyme/ros_ws/Autoware_sim_test/build/tree_structured_parzen_estimator
[0.176s] -- Install configuration: "Release"
[0.176s] -- Execute custom install script
[0.176s] -- Up-to-date symlink: /home/zyme/ros_ws/Autoware_sim_test/install/tree_structured_parzen_estimator/include/tree_structured_parzen_estimator/tree_structured_parzen_estimator.hpp
[0.176s] -- Up-to-date symlink: /home/zyme/ros_ws/Autoware_sim_test/install/tree_structured_parzen_estimator/share/tree_structured_parzen_estimator/environment/library_path.sh
[0.177s] -- Up-to-date symlink: /home/zyme/ros_ws/Autoware_sim_test/install/tree_structured_parzen_estimator/share/tree_structured_parzen_estimator/environment/library_path.dsv
[0.177s] -- Up-to-date symlink: /home/zyme/ros_ws/Autoware_sim_test/install/tree_structured_parzen_estimator/lib/libtree_structured_parzen_estimator.so
[0.177s] -- Up-to-date symlink: /home/zyme/ros_ws/Autoware_sim_test/install/tree_structured_parzen_estimator/share/ament_index/resource_index/package_run_dependencies/tree_structured_parzen_estimator
[0.177s] -- Up-to-date symlink: /home/zyme/ros_ws/Autoware_sim_test/install/tree_structured_parzen_estimator/share/ament_index/resource_index/parent_prefix_path/tree_structured_parzen_estimator
[0.177s] -- Up-to-date symlink: /home/zyme/ros_ws/Autoware_sim_test/install/tree_structured_parzen_estimator/share/tree_structured_parzen_estimator/environment/ament_prefix_path.sh
[0.178s] -- Up-to-date symlink: /home/zyme/ros_ws/Autoware_sim_test/install/tree_structured_parzen_estimator/share/tree_structured_parzen_estimator/environment/ament_prefix_path.dsv
[0.178s] -- Up-to-date symlink: /home/zyme/ros_ws/Autoware_sim_test/install/tree_structured_parzen_estimator/share/tree_structured_parzen_estimator/environment/path.sh
[0.178s] -- Up-to-date symlink: /home/zyme/ros_ws/Autoware_sim_test/install/tree_structured_parzen_estimator/share/tree_structured_parzen_estimator/environment/path.dsv
[0.178s] -- Up-to-date symlink: /home/zyme/ros_ws/Autoware_sim_test/install/tree_structured_parzen_estimator/share/tree_structured_parzen_estimator/local_setup.bash
[0.178s] -- Up-to-date symlink: /home/zyme/ros_ws/Autoware_sim_test/install/tree_structured_parzen_estimator/share/tree_structured_parzen_estimator/local_setup.sh
[0.179s] -- Up-to-date symlink: /home/zyme/ros_ws/Autoware_sim_test/install/tree_structured_parzen_estimator/share/tree_structured_parzen_estimator/local_setup.zsh
[0.179s] -- Up-to-date symlink: /home/zyme/ros_ws/Autoware_sim_test/install/tree_structured_parzen_estimator/share/tree_structured_parzen_estimator/local_setup.dsv
[0.179s] -- Symlinking: /home/zyme/ros_ws/Autoware_sim_test/install/tree_structured_parzen_estimator/share/tree_structured_parzen_estimator/package.dsv
[0.187s] -- Up-to-date symlink: /home/zyme/ros_ws/Autoware_sim_test/install/tree_structured_parzen_estimator/share/ament_index/resource_index/packages/tree_structured_parzen_estimator
[0.187s] -- Up-to-date symlink: /home/zyme/ros_ws/Autoware_sim_test/install/tree_structured_parzen_estimator/share/tree_structured_parzen_estimator/cmake/ament_cmake_export_include_directories-extras.cmake
[0.188s] -- Up-to-date symlink: /home/zyme/ros_ws/Autoware_sim_test/install/tree_structured_parzen_estimator/share/tree_structured_parzen_estimator/cmake/ament_cmake_export_libraries-extras.cmake
[0.188s] -- Up-to-date symlink: /home/zyme/ros_ws/Autoware_sim_test/install/tree_structured_parzen_estimator/share/tree_structured_parzen_estimator/cmake/tree_structured_parzen_estimatorConfig.cmake
[0.188s] -- Up-to-date symlink: /home/zyme/ros_ws/Autoware_sim_test/install/tree_structured_parzen_estimator/share/tree_structured_parzen_estimator/cmake/tree_structured_parzen_estimatorConfig-version.cmake
[0.188s] -- Up-to-date symlink: /home/zyme/ros_ws/Autoware_sim_test/install/tree_structured_parzen_estimator/share/tree_structured_parzen_estimator/package.xml
[0.190s] Invoked command in '/home/zyme/ros_ws/Autoware_sim_test/build/tree_structured_parzen_estimator' returned '0': AMENT_PREFIX_PATH=/home/zyme/ros_ws/Autoware_sim_test/install/autoware_cmake:${AMENT_PREFIX_PATH} CMAKE_PREFIX_PATH=/home/zyme/ros_ws/Autoware_sim_test/install/autoware_cmake:/opt/ros/humble /usr/bin/cmake --install /home/zyme/ros_ws/Autoware_sim_test/build/tree_structured_parzen_estimator
