[0.056s] Invoking command in '/home/zyme/ros_ws/Autoware_sim_test/build/tier4_screen_capture_rviz_plugin': AMENT_PREFIX_PATH=/home/zyme/ros_ws/Autoware_sim_test/install/autoware_cmake:/home/zyme/ros_ws/Autoware_sim_test/install/autoware_lint_common:${AMENT_PREFIX_PATH} CMAKE_PREFIX_PATH=/home/zyme/ros_ws/Autoware_sim_test/install/autoware_cmake:/home/zyme/ros_ws/Autoware_sim_test/install/autoware_lint_common:/opt/ros/humble /usr/bin/cmake /home/zyme/ros_ws/Autoware_sim_test/src/autoware/src/universe/autoware.universe/common/tier4_screen_capture_rviz_plugin -DCMAKE_BUILD_TYPE=Release -DCMAKE_CXX_FLAGS=-w -DAMENT_CMAKE_SYMLINK_INSTALL=1 -DCMAKE_INSTALL_PREFIX=/home/zyme/ros_ws/Autoware_sim_test/install/tier4_screen_capture_rviz_plugin
[0.110s] -- The C compiler identification is GNU 11.4.0
[0.163s] -- The CXX compiler identification is GNU 11.4.0
[0.174s] -- Detecting C compiler ABI info
[0.248s] -- Detecting C compiler ABI info - done
[0.263s] -- Check for working C compiler: /usr/bin/cc - skipped
[0.264s] -- Detecting C compile features
[0.264s] -- Detecting C compile features - done
[0.268s] -- Detecting CXX compiler ABI info
[0.344s] -- Detecting CXX compiler ABI info - done
[0.351s] -- Check for working CXX compiler: /usr/bin/c++ - skipped
[0.352s] -- Detecting CXX compile features
[0.352s] -- Detecting CXX compile features - done
[0.353s] -- Found autoware_cmake: 0.1.0 (/home/zyme/ros_ws/Autoware_sim_test/install/autoware_cmake/share/autoware_cmake/cmake)
[0.490s] -- Found Python3: /usr/bin/python3 (found version "3.10.12") found components: Interpreter 
[0.555s] -- Override CMake install command with custom implementation using symlinks instead of copying resources
[0.743s] -- Found rosidl_generator_c: 3.1.5 (/opt/ros/humble/share/rosidl_generator_c/cmake)
[0.748s] -- Found rosidl_adapter: 3.1.5 (/opt/ros/humble/share/rosidl_adapter/cmake)
[0.756s] -- Found rosidl_generator_cpp: 3.1.5 (/opt/ros/humble/share/rosidl_generator_cpp/cmake)
[0.770s] -- Using all available rosidl_typesupport_c: rosidl_typesupport_fastrtps_c;rosidl_typesupport_introspection_c
[0.790s] -- Using all available rosidl_typesupport_cpp: rosidl_typesupport_fastrtps_cpp;rosidl_typesupport_introspection_cpp
[0.865s] -- Found rmw_implementation_cmake: 6.1.1 (/opt/ros/humble/share/rmw_implementation_cmake/cmake)
[0.868s] -- Found rmw_cyclonedds_cpp: 1.3.4 (/opt/ros/humble/share/rmw_cyclonedds_cpp/cmake)
[0.905s] -- Using RMW implementation 'rmw_cyclonedds_cpp' as default
[0.915s] -- Looking for pthread.h
[1.000s] -- Looking for pthread.h - found
[1.001s] -- Performing Test CMAKE_HAVE_LIBC_PTHREAD
[1.074s] -- Performing Test CMAKE_HAVE_LIBC_PTHREAD - Success
[1.075s] -- Found Threads: TRUE  
[1.282s] -- Setting OGRE_DIR to: '/opt/ros/humble/share/rviz_ogre_vendor/cmake/../../../opt/rviz_ogre_vendor/lib/OGRE/cmake'
[1.283s] -- Found OGRE
[1.283s] --   static     : OFF
[1.284s] --   components : HLMS;MeshLodGenerator;Overlay;Paging;Property;RTShaderSystem;Terrain;Volume
[1.284s] --   plugins    : Plugin_BSPSceneManager;Plugin_OctreeSceneManager;Plugin_PCZSceneManager;Plugin_ParticleFX;RenderSystem_GL;RenderSystem_GL3Plus;Codec_STBI
[1.284s] --   media      : /opt/ros/humble/opt/rviz_ogre_vendor/share/OGRE/Media
[1.284s] -- OGRE_LIBRARIES: OgreHLMS;OgreMeshLodGenerator;OgreOverlay;OgrePaging;OgreProperty;OgreRTShaderSystem;OgreTerrain;OgreVolume;OgreMain
[1.284s] -- OGRE_LIBRARY_DIRS: /opt/ros/humble/opt/rviz_ogre_vendor/lib
[1.284s] -- OGRE_PLUGINS: Plugin_BSPSceneManager;Plugin_OctreeSceneManager;Plugin_PCZSceneManager;Plugin_ParticleFX;RenderSystem_GL;RenderSystem_GL3Plus;Codec_STBI
[1.284s] -- OGRE_PLUGIN_DIR: /opt/ros/humble/opt/rviz_ogre_vendor/lib/OGRE
[1.284s] -- rviz_ogre_vendor::OgreOverlay for IMPORTED_LOCATION_RELEASE: /opt/ros/humble/opt/rviz_ogre_vendor/lib/libOgreOverlay.so
[1.284s] -- rviz_ogre_vendor::OgreOverlay for IMPORTED_LOCATION_DEBUG: /opt/ros/humble/opt/rviz_ogre_vendor/lib/libOgreOverlay.so
[1.284s] -- rviz_ogre_vendor::OgreMain for IMPORTED_LOCATION_RELEASE: /opt/ros/humble/opt/rviz_ogre_vendor/lib/libOgreMain.so
[1.285s] -- rviz_ogre_vendor::OgreMain for IMPORTED_LOCATION_DEBUG: /opt/ros/humble/opt/rviz_ogre_vendor/lib/libOgreMain.so
[1.288s] -- Could not find freeimage library
[1.305s] -- Found ZLIB: /usr/lib/x86_64-linux-gnu/libz.so (found version "1.2.11") 
[1.310s] -- Found OpenGL: /usr/lib/x86_64-linux-gnu/libOpenGL.so   
[1.397s] -- Found X11: /usr/include   
[1.397s] -- Looking for XOpenDisplay in /usr/lib/x86_64-linux-gnu/libX11.so;/usr/lib/x86_64-linux-gnu/libXext.so
[1.467s] -- Looking for XOpenDisplay in /usr/lib/x86_64-linux-gnu/libX11.so;/usr/lib/x86_64-linux-gnu/libXext.so - found
[1.467s] -- Looking for gethostbyname
[1.541s] -- Looking for gethostbyname - found
[1.541s] -- Looking for connect
[1.618s] -- Looking for connect - found
[1.618s] -- Looking for remove
[1.683s] -- Looking for remove - found
[1.683s] -- Looking for shmat
[1.758s] -- Looking for shmat - found
[1.758s] -- Looking for IceConnectionNumber in ICE
[1.842s] -- Looking for IceConnectionNumber in ICE - found
[1.845s] -- rviz_ogre_vendor::RenderSystem_GL for IMPORTED_LOCATION_RELEASE: _render_system_gl_static_library_abs-NOTFOUND
[1.846s] -- rviz_ogre_vendor::RenderSystem_GL for IMPORTED_LOCATION_DEBUG: _render_system_gl_static_library_abs-NOTFOUND
[1.932s] -- library: /usr/lib/x86_64-linux-gnu/libcurl.so
[2.142s] -- Found Eigen3: TRUE (found version "3.4.0") 
[2.142s] -- Ensuring Eigen3 include directory is part of orocos-kdl CMake target
[2.577s] -- Found ament_lint_auto: 0.12.10 (/opt/ros/humble/share/ament_lint_auto/cmake)
[2.597s] -- Found OpenCV: /usr (found version "4.5.4") 
[2.615s] -- Added test 'copyright' to check source files copyright and LICENSE
[2.618s] -- Added test 'cppcheck' to perform static code analysis on C / C++ code
[2.618s] -- Configured cppcheck include dirs: 
[2.618s] -- Configured cppcheck exclude dirs and/or files: 
[2.619s] -- Added test 'lint_cmake' to check CMake code style
[2.619s] -- Added test 'xmllint' to check XML markup files
[2.623s] -- Configuring done
[2.669s] -- Generating done
[2.672s] -- Build files have been written to: /home/zyme/ros_ws/Autoware_sim_test/build/tier4_screen_capture_rviz_plugin
[2.689s] Invoked command in '/home/zyme/ros_ws/Autoware_sim_test/build/tier4_screen_capture_rviz_plugin' returned '0': AMENT_PREFIX_PATH=/home/zyme/ros_ws/Autoware_sim_test/install/autoware_cmake:/home/zyme/ros_ws/Autoware_sim_test/install/autoware_lint_common:${AMENT_PREFIX_PATH} CMAKE_PREFIX_PATH=/home/zyme/ros_ws/Autoware_sim_test/install/autoware_cmake:/home/zyme/ros_ws/Autoware_sim_test/install/autoware_lint_common:/opt/ros/humble /usr/bin/cmake /home/zyme/ros_ws/Autoware_sim_test/src/autoware/src/universe/autoware.universe/common/tier4_screen_capture_rviz_plugin -DCMAKE_BUILD_TYPE=Release -DCMAKE_CXX_FLAGS=-w -DAMENT_CMAKE_SYMLINK_INSTALL=1 -DCMAKE_INSTALL_PREFIX=/home/zyme/ros_ws/Autoware_sim_test/install/tier4_screen_capture_rviz_plugin
[2.691s] Invoking command in '/home/zyme/ros_ws/Autoware_sim_test/build/tier4_screen_capture_rviz_plugin': AMENT_PREFIX_PATH=/home/zyme/ros_ws/Autoware_sim_test/install/autoware_cmake:/home/zyme/ros_ws/Autoware_sim_test/install/autoware_lint_common:${AMENT_PREFIX_PATH} CMAKE_PREFIX_PATH=/home/zyme/ros_ws/Autoware_sim_test/install/autoware_cmake:/home/zyme/ros_ws/Autoware_sim_test/install/autoware_lint_common:/opt/ros/humble /usr/bin/cmake --build /home/zyme/ros_ws/Autoware_sim_test/build/tier4_screen_capture_rviz_plugin -- -j12 -l12
[2.744s] [ 25%] [34m[1mAutomatic MOC for target tier4_screen_capture_rviz_plugin[0m
[3.309s] [ 25%] Built target tier4_screen_capture_rviz_plugin_autogen
[3.341s] [ 50%] [32mBuilding CXX object CMakeFiles/tier4_screen_capture_rviz_plugin.dir/src/screen_capture_panel.cpp.o[0m
[3.341s] [ 75%] [32mBuilding CXX object CMakeFiles/tier4_screen_capture_rviz_plugin.dir/tier4_screen_capture_rviz_plugin_autogen/mocs_compilation.cpp.o[0m
[11.216s] [100%] [32m[1mLinking CXX shared library libtier4_screen_capture_rviz_plugin.so[0m
[14.392s] [100%] Built target tier4_screen_capture_rviz_plugin
[14.405s] Invoked command in '/home/zyme/ros_ws/Autoware_sim_test/build/tier4_screen_capture_rviz_plugin' returned '0': AMENT_PREFIX_PATH=/home/zyme/ros_ws/Autoware_sim_test/install/autoware_cmake:/home/zyme/ros_ws/Autoware_sim_test/install/autoware_lint_common:${AMENT_PREFIX_PATH} CMAKE_PREFIX_PATH=/home/zyme/ros_ws/Autoware_sim_test/install/autoware_cmake:/home/zyme/ros_ws/Autoware_sim_test/install/autoware_lint_common:/opt/ros/humble /usr/bin/cmake --build /home/zyme/ros_ws/Autoware_sim_test/build/tier4_screen_capture_rviz_plugin -- -j12 -l12
[14.439s] Invoking command in '/home/zyme/ros_ws/Autoware_sim_test/build/tier4_screen_capture_rviz_plugin': AMENT_PREFIX_PATH=/home/zyme/ros_ws/Autoware_sim_test/install/autoware_cmake:/home/zyme/ros_ws/Autoware_sim_test/install/autoware_lint_common:${AMENT_PREFIX_PATH} CMAKE_PREFIX_PATH=/home/zyme/ros_ws/Autoware_sim_test/install/autoware_cmake:/home/zyme/ros_ws/Autoware_sim_test/install/autoware_lint_common:/opt/ros/humble /usr/bin/cmake --install /home/zyme/ros_ws/Autoware_sim_test/build/tier4_screen_capture_rviz_plugin
[14.448s] -- Install configuration: "Release"
[14.448s] -- Execute custom install script
[14.449s] -- Symlinking: /home/zyme/ros_ws/Autoware_sim_test/install/tier4_screen_capture_rviz_plugin/share/tier4_screen_capture_rviz_plugin/plugins/plugin_description.xml
[14.461s] -- Symlinking: /home/zyme/ros_ws/Autoware_sim_test/install/tier4_screen_capture_rviz_plugin/share/tier4_screen_capture_rviz_plugin/environment/library_path.sh
[14.472s] -- Symlinking: /home/zyme/ros_ws/Autoware_sim_test/install/tier4_screen_capture_rviz_plugin/share/tier4_screen_capture_rviz_plugin/environment/library_path.dsv
[14.484s] -- Symlinking: /home/zyme/ros_ws/Autoware_sim_test/install/tier4_screen_capture_rviz_plugin/lib/libtier4_screen_capture_rviz_plugin.so
[14.493s] -- Up-to-date symlink: /home/zyme/ros_ws/Autoware_sim_test/install/tier4_screen_capture_rviz_plugin/share/tier4_screen_capture_rviz_plugin/plugins/plugin_description.xml
[14.493s] -- Symlinking: /home/zyme/ros_ws/Autoware_sim_test/install/tier4_screen_capture_rviz_plugin/share/ament_index/resource_index/package_run_dependencies/tier4_screen_capture_rviz_plugin
[14.502s] -- Symlinking: /home/zyme/ros_ws/Autoware_sim_test/install/tier4_screen_capture_rviz_plugin/share/ament_index/resource_index/parent_prefix_path/tier4_screen_capture_rviz_plugin
[14.512s] -- Symlinking: /home/zyme/ros_ws/Autoware_sim_test/install/tier4_screen_capture_rviz_plugin/share/tier4_screen_capture_rviz_plugin/environment/ament_prefix_path.sh
[14.523s] -- Symlinking: /home/zyme/ros_ws/Autoware_sim_test/install/tier4_screen_capture_rviz_plugin/share/tier4_screen_capture_rviz_plugin/environment/ament_prefix_path.dsv
[14.532s] -- Symlinking: /home/zyme/ros_ws/Autoware_sim_test/install/tier4_screen_capture_rviz_plugin/share/tier4_screen_capture_rviz_plugin/environment/path.sh
[14.541s] -- Symlinking: /home/zyme/ros_ws/Autoware_sim_test/install/tier4_screen_capture_rviz_plugin/share/tier4_screen_capture_rviz_plugin/environment/path.dsv
[14.551s] -- Symlinking: /home/zyme/ros_ws/Autoware_sim_test/install/tier4_screen_capture_rviz_plugin/share/tier4_screen_capture_rviz_plugin/local_setup.bash
[14.559s] -- Symlinking: /home/zyme/ros_ws/Autoware_sim_test/install/tier4_screen_capture_rviz_plugin/share/tier4_screen_capture_rviz_plugin/local_setup.sh
[14.570s] -- Symlinking: /home/zyme/ros_ws/Autoware_sim_test/install/tier4_screen_capture_rviz_plugin/share/tier4_screen_capture_rviz_plugin/local_setup.zsh
[14.578s] -- Symlinking: /home/zyme/ros_ws/Autoware_sim_test/install/tier4_screen_capture_rviz_plugin/share/tier4_screen_capture_rviz_plugin/local_setup.dsv
[14.588s] -- Symlinking: /home/zyme/ros_ws/Autoware_sim_test/install/tier4_screen_capture_rviz_plugin/share/tier4_screen_capture_rviz_plugin/package.dsv
[14.599s] -- Symlinking: /home/zyme/ros_ws/Autoware_sim_test/install/tier4_screen_capture_rviz_plugin/share/ament_index/resource_index/packages/tier4_screen_capture_rviz_plugin
[14.613s] -- Symlinking: /home/zyme/ros_ws/Autoware_sim_test/install/tier4_screen_capture_rviz_plugin/share/ament_index/resource_index/rviz_common__pluginlib__plugin/tier4_screen_capture_rviz_plugin
[14.625s] -- Symlinking: /home/zyme/ros_ws/Autoware_sim_test/install/tier4_screen_capture_rviz_plugin/share/tier4_screen_capture_rviz_plugin/cmake/ament_cmake_export_dependencies-extras.cmake
[14.635s] -- Symlinking: /home/zyme/ros_ws/Autoware_sim_test/install/tier4_screen_capture_rviz_plugin/share/tier4_screen_capture_rviz_plugin/cmake/ament_cmake_export_libraries-extras.cmake
[14.644s] -- Symlinking: /home/zyme/ros_ws/Autoware_sim_test/install/tier4_screen_capture_rviz_plugin/share/tier4_screen_capture_rviz_plugin/cmake/tier4_screen_capture_rviz_pluginConfig.cmake
[14.655s] -- Symlinking: /home/zyme/ros_ws/Autoware_sim_test/install/tier4_screen_capture_rviz_plugin/share/tier4_screen_capture_rviz_plugin/cmake/tier4_screen_capture_rviz_pluginConfig-version.cmake
[14.664s] -- Symlinking: /home/zyme/ros_ws/Autoware_sim_test/install/tier4_screen_capture_rviz_plugin/share/tier4_screen_capture_rviz_plugin/package.xml
[14.675s] Invoked command in '/home/zyme/ros_ws/Autoware_sim_test/build/tier4_screen_capture_rviz_plugin' returned '0': AMENT_PREFIX_PATH=/home/zyme/ros_ws/Autoware_sim_test/install/autoware_cmake:/home/zyme/ros_ws/Autoware_sim_test/install/autoware_lint_common:${AMENT_PREFIX_PATH} CMAKE_PREFIX_PATH=/home/zyme/ros_ws/Autoware_sim_test/install/autoware_cmake:/home/zyme/ros_ws/Autoware_sim_test/install/autoware_lint_common:/opt/ros/humble /usr/bin/cmake --install /home/zyme/ros_ws/Autoware_sim_test/build/tier4_screen_capture_rviz_plugin
