[0.055s] Invoking command in '/home/zyme/ros_ws/Autoware_sim_test/build/autoware_localization_msgs': CMAKE_PREFIX_PATH=/opt/ros/humble /usr/bin/cmake --build /home/zyme/ros_ws/Autoware_sim_test/build/autoware_localization_msgs
[0.107s] [  3%] Built target autoware_localization_msgs__cpp
[0.109s] [ 12%] Built target autoware_localization_msgs__rosidl_generator_c
[0.115s] [ 12%] Built target ament_cmake_python_symlink_autoware_localization_msgs
[0.131s] [ 22%] Built target autoware_localization_msgs__rosidl_typesupport_cpp
[0.132s] [ 32%] Built target autoware_localization_msgs__rosidl_typesupport_fastrtps_cpp
[0.138s] [ 41%] Built target autoware_localization_msgs__rosidl_typesupport_introspection_c
[0.153s] [ 51%] Built target autoware_localization_msgs__rosidl_typesupport_c
[0.155s] [ 61%] Built target autoware_localization_msgs__rosidl_typesupport_introspection_cpp
[0.176s] [ 70%] Built target autoware_localization_msgs__rosidl_typesupport_fastrtps_c
[0.196s] [ 70%] Built target autoware_localization_msgs
[0.216s] [ 74%] Built target autoware_localization_msgs__py
[0.238s] [ 80%] Built target autoware_localization_msgs__rosidl_generator_py
[0.261s] [ 93%] Built target autoware_localization_msgs__rosidl_typesupport_fastrtps_c__pyext
[0.261s] [ 93%] Built target autoware_localization_msgs__rosidl_typesupport_introspection_c__pyext
[0.283s] [100%] Built target autoware_localization_msgs__rosidl_typesupport_c__pyext
[0.390s] running egg_info
[0.391s] writing autoware_localization_msgs.egg-info/PKG-INFO
[0.391s] writing dependency_links to autoware_localization_msgs.egg-info/dependency_links.txt
[0.391s] writing top-level names to autoware_localization_msgs.egg-info/top_level.txt
[0.393s] reading manifest file 'autoware_localization_msgs.egg-info/SOURCES.txt'
[0.393s] writing manifest file 'autoware_localization_msgs.egg-info/SOURCES.txt'
[0.416s] [100%] Built target ament_cmake_python_build_autoware_localization_msgs_egg
[0.427s] Invoked command in '/home/zyme/ros_ws/Autoware_sim_test/build/autoware_localization_msgs' returned '0': CMAKE_PREFIX_PATH=/opt/ros/humble /usr/bin/cmake --build /home/zyme/ros_ws/Autoware_sim_test/build/autoware_localization_msgs
[0.504s] Invoking command in '/home/zyme/ros_ws/Autoware_sim_test/build/autoware_localization_msgs': CMAKE_PREFIX_PATH=/opt/ros/humble /usr/bin/cmake --install /home/zyme/ros_ws/Autoware_sim_test/build/autoware_localization_msgs
[0.521s] -- Install configuration: "Release"
[0.523s] -- Execute custom install script
[0.524s] -- Up-to-date symlink: /home/zyme/ros_ws/Autoware_sim_test/install/autoware_localization_msgs/share/ament_index/resource_index/rosidl_interfaces/autoware_localization_msgs
[0.525s] -- Up-to-date symlink: /home/zyme/ros_ws/Autoware_sim_test/install/autoware_localization_msgs/include/autoware_localization_msgs/autoware_localization_msgs/msg/detail/kinematic_state__functions.h
[0.525s] -- Up-to-date symlink: /home/zyme/ros_ws/Autoware_sim_test/install/autoware_localization_msgs/include/autoware_localization_msgs/autoware_localization_msgs/msg/detail/kinematic_state__struct.h
[0.525s] -- Up-to-date symlink: /home/zyme/ros_ws/Autoware_sim_test/install/autoware_localization_msgs/include/autoware_localization_msgs/autoware_localization_msgs/msg/detail/kinematic_state__type_support.h
[0.525s] -- Up-to-date symlink: /home/zyme/ros_ws/Autoware_sim_test/install/autoware_localization_msgs/include/autoware_localization_msgs/autoware_localization_msgs/msg/kinematic_state.h
[0.526s] -- Up-to-date symlink: /home/zyme/ros_ws/Autoware_sim_test/install/autoware_localization_msgs/include/autoware_localization_msgs/autoware_localization_msgs/msg/rosidl_generator_c__visibility_control.h
[0.526s] -- Up-to-date symlink: /home/zyme/ros_ws/Autoware_sim_test/install/autoware_localization_msgs/share/autoware_localization_msgs/environment/library_path.sh
[0.527s] -- Up-to-date symlink: /home/zyme/ros_ws/Autoware_sim_test/install/autoware_localization_msgs/share/autoware_localization_msgs/environment/library_path.dsv
[0.527s] -- Up-to-date symlink: /home/zyme/ros_ws/Autoware_sim_test/install/autoware_localization_msgs/include/autoware_localization_msgs/autoware_localization_msgs/msg/detail/kinematic_state__rosidl_typesupport_fastrtps_c.h
[0.527s] -- Up-to-date symlink: /home/zyme/ros_ws/Autoware_sim_test/install/autoware_localization_msgs/include/autoware_localization_msgs/autoware_localization_msgs/msg/rosidl_typesupport_fastrtps_c__visibility_control.h
[0.528s] -- Up-to-date symlink: /home/zyme/ros_ws/Autoware_sim_test/install/autoware_localization_msgs/include/autoware_localization_msgs/autoware_localization_msgs/msg/detail/kinematic_state__builder.hpp
[0.528s] -- Up-to-date symlink: /home/zyme/ros_ws/Autoware_sim_test/install/autoware_localization_msgs/include/autoware_localization_msgs/autoware_localization_msgs/msg/detail/kinematic_state__struct.hpp
[0.528s] -- Up-to-date symlink: /home/zyme/ros_ws/Autoware_sim_test/install/autoware_localization_msgs/include/autoware_localization_msgs/autoware_localization_msgs/msg/detail/kinematic_state__traits.hpp
[0.529s] -- Up-to-date symlink: /home/zyme/ros_ws/Autoware_sim_test/install/autoware_localization_msgs/include/autoware_localization_msgs/autoware_localization_msgs/msg/kinematic_state.hpp
[0.529s] -- Up-to-date symlink: /home/zyme/ros_ws/Autoware_sim_test/install/autoware_localization_msgs/include/autoware_localization_msgs/autoware_localization_msgs/msg/detail/kinematic_state__rosidl_typesupport_fastrtps_cpp.hpp
[0.530s] -- Up-to-date symlink: /home/zyme/ros_ws/Autoware_sim_test/install/autoware_localization_msgs/include/autoware_localization_msgs/autoware_localization_msgs/msg/rosidl_typesupport_fastrtps_cpp__visibility_control.h
[0.530s] -- Up-to-date symlink: /home/zyme/ros_ws/Autoware_sim_test/install/autoware_localization_msgs/include/autoware_localization_msgs/autoware_localization_msgs/msg/detail/kinematic_state__rosidl_typesupport_introspection_c.h
[0.530s] -- Up-to-date symlink: /home/zyme/ros_ws/Autoware_sim_test/install/autoware_localization_msgs/include/autoware_localization_msgs/autoware_localization_msgs/msg/rosidl_typesupport_introspection_c__visibility_control.h
[0.531s] -- Up-to-date symlink: /home/zyme/ros_ws/Autoware_sim_test/install/autoware_localization_msgs/include/autoware_localization_msgs/autoware_localization_msgs/msg/detail/kinematic_state__rosidl_typesupport_introspection_cpp.hpp
[0.531s] -- Up-to-date symlink: /home/zyme/ros_ws/Autoware_sim_test/install/autoware_localization_msgs/share/autoware_localization_msgs/environment/pythonpath.sh
[0.532s] -- Up-to-date symlink: /home/zyme/ros_ws/Autoware_sim_test/install/autoware_localization_msgs/share/autoware_localization_msgs/environment/pythonpath.dsv
[0.533s] -- Up-to-date symlink: /home/zyme/ros_ws/Autoware_sim_test/install/autoware_localization_msgs/local/lib/python3.10/dist-packages/autoware_localization_msgs-1.0.0-py3.10.egg-info/PKG-INFO
[0.533s] -- Up-to-date symlink: /home/zyme/ros_ws/Autoware_sim_test/install/autoware_localization_msgs/local/lib/python3.10/dist-packages/autoware_localization_msgs-1.0.0-py3.10.egg-info/SOURCES.txt
[0.533s] -- Up-to-date symlink: /home/zyme/ros_ws/Autoware_sim_test/install/autoware_localization_msgs/local/lib/python3.10/dist-packages/autoware_localization_msgs-1.0.0-py3.10.egg-info/dependency_links.txt
[0.534s] -- Up-to-date symlink: /home/zyme/ros_ws/Autoware_sim_test/install/autoware_localization_msgs/local/lib/python3.10/dist-packages/autoware_localization_msgs-1.0.0-py3.10.egg-info/top_level.txt
[0.534s] -- Up-to-date symlink: /home/zyme/ros_ws/Autoware_sim_test/install/autoware_localization_msgs/local/lib/python3.10/dist-packages/autoware_localization_msgs/__init__.py
[0.535s] -- Up-to-date symlink: /home/zyme/ros_ws/Autoware_sim_test/install/autoware_localization_msgs/local/lib/python3.10/dist-packages/autoware_localization_msgs/_autoware_localization_msgs_s.ep.rosidl_typesupport_c.c
[0.535s] -- Up-to-date symlink: /home/zyme/ros_ws/Autoware_sim_test/install/autoware_localization_msgs/local/lib/python3.10/dist-packages/autoware_localization_msgs/_autoware_localization_msgs_s.ep.rosidl_typesupport_fastrtps_c.c
[0.535s] -- Up-to-date symlink: /home/zyme/ros_ws/Autoware_sim_test/install/autoware_localization_msgs/local/lib/python3.10/dist-packages/autoware_localization_msgs/_autoware_localization_msgs_s.ep.rosidl_typesupport_introspection_c.c
[0.536s] -- Up-to-date symlink: /home/zyme/ros_ws/Autoware_sim_test/install/autoware_localization_msgs/local/lib/python3.10/dist-packages/autoware_localization_msgs/autoware_localization_msgs_s__rosidl_typesupport_c.cpython-310-x86_64-linux-gnu.so
[0.536s] -- Up-to-date symlink: /home/zyme/ros_ws/Autoware_sim_test/install/autoware_localization_msgs/local/lib/python3.10/dist-packages/autoware_localization_msgs/autoware_localization_msgs_s__rosidl_typesupport_fastrtps_c.cpython-310-x86_64-linux-gnu.so
[0.536s] -- Up-to-date symlink: /home/zyme/ros_ws/Autoware_sim_test/install/autoware_localization_msgs/local/lib/python3.10/dist-packages/autoware_localization_msgs/autoware_localization_msgs_s__rosidl_typesupport_introspection_c.cpython-310-x86_64-linux-gnu.so
[0.536s] -- Up-to-date symlink: /home/zyme/ros_ws/Autoware_sim_test/install/autoware_localization_msgs/local/lib/python3.10/dist-packages/autoware_localization_msgs/libautoware_localization_msgs__rosidl_generator_py.so
[0.536s] -- Up-to-date symlink: /home/zyme/ros_ws/Autoware_sim_test/install/autoware_localization_msgs/local/lib/python3.10/dist-packages/autoware_localization_msgs/msg/__init__.py
[0.537s] -- Up-to-date symlink: /home/zyme/ros_ws/Autoware_sim_test/install/autoware_localization_msgs/local/lib/python3.10/dist-packages/autoware_localization_msgs/msg/_kinematic_state.py
[0.537s] -- Up-to-date symlink: /home/zyme/ros_ws/Autoware_sim_test/install/autoware_localization_msgs/local/lib/python3.10/dist-packages/autoware_localization_msgs/msg/_kinematic_state_s.c
[0.537s] -- Up-to-date symlink: /home/zyme/ros_ws/Autoware_sim_test/install/autoware_localization_msgs/local/lib/python3.10/dist-packages/autoware_localization_msgs/autoware_localization_msgs_s__rosidl_typesupport_fastrtps_c.cpython-310-x86_64-linux-gnu.so
[0.538s] -- Up-to-date symlink: /home/zyme/ros_ws/Autoware_sim_test/install/autoware_localization_msgs/local/lib/python3.10/dist-packages/autoware_localization_msgs/autoware_localization_msgs_s__rosidl_typesupport_introspection_c.cpython-310-x86_64-linux-gnu.so
[0.538s] -- Up-to-date symlink: /home/zyme/ros_ws/Autoware_sim_test/install/autoware_localization_msgs/local/lib/python3.10/dist-packages/autoware_localization_msgs/autoware_localization_msgs_s__rosidl_typesupport_c.cpython-310-x86_64-linux-gnu.so
[0.538s] -- Up-to-date symlink: /home/zyme/ros_ws/Autoware_sim_test/install/autoware_localization_msgs/share/autoware_localization_msgs/msg/KinematicState.idl
[0.539s] -- Up-to-date symlink: /home/zyme/ros_ws/Autoware_sim_test/install/autoware_localization_msgs/share/autoware_localization_msgs/msg/KinematicState.msg
[0.540s] -- Up-to-date symlink: /home/zyme/ros_ws/Autoware_sim_test/install/autoware_localization_msgs/share/ament_index/resource_index/package_run_dependencies/autoware_localization_msgs
[0.540s] -- Up-to-date symlink: /home/zyme/ros_ws/Autoware_sim_test/install/autoware_localization_msgs/share/ament_index/resource_index/parent_prefix_path/autoware_localization_msgs
[0.540s] -- Up-to-date symlink: /home/zyme/ros_ws/Autoware_sim_test/install/autoware_localization_msgs/share/autoware_localization_msgs/environment/ament_prefix_path.sh
[0.541s] -- Up-to-date symlink: /home/zyme/ros_ws/Autoware_sim_test/install/autoware_localization_msgs/share/autoware_localization_msgs/environment/ament_prefix_path.dsv
[0.541s] -- Up-to-date symlink: /home/zyme/ros_ws/Autoware_sim_test/install/autoware_localization_msgs/share/autoware_localization_msgs/environment/path.sh
[0.541s] -- Up-to-date symlink: /home/zyme/ros_ws/Autoware_sim_test/install/autoware_localization_msgs/share/autoware_localization_msgs/environment/path.dsv
[0.541s] -- Up-to-date symlink: /home/zyme/ros_ws/Autoware_sim_test/install/autoware_localization_msgs/share/autoware_localization_msgs/local_setup.bash
[0.542s] -- Up-to-date symlink: /home/zyme/ros_ws/Autoware_sim_test/install/autoware_localization_msgs/share/autoware_localization_msgs/local_setup.sh
[0.542s] -- Up-to-date symlink: /home/zyme/ros_ws/Autoware_sim_test/install/autoware_localization_msgs/share/autoware_localization_msgs/local_setup.zsh
[0.542s] -- Up-to-date symlink: /home/zyme/ros_ws/Autoware_sim_test/install/autoware_localization_msgs/share/autoware_localization_msgs/local_setup.dsv
[0.542s] -- Symlinking: /home/zyme/ros_ws/Autoware_sim_test/install/autoware_localization_msgs/share/autoware_localization_msgs/package.dsv
[0.550s] -- Up-to-date symlink: /home/zyme/ros_ws/Autoware_sim_test/install/autoware_localization_msgs/share/ament_index/resource_index/packages/autoware_localization_msgs
[0.551s] -- Up-to-date symlink: /home/zyme/ros_ws/Autoware_sim_test/install/autoware_localization_msgs/share/autoware_localization_msgs/cmake/rosidl_cmake-extras.cmake
[0.551s] -- Up-to-date symlink: /home/zyme/ros_ws/Autoware_sim_test/install/autoware_localization_msgs/share/autoware_localization_msgs/cmake/ament_cmake_export_dependencies-extras.cmake
[0.551s] -- Up-to-date symlink: /home/zyme/ros_ws/Autoware_sim_test/install/autoware_localization_msgs/share/autoware_localization_msgs/cmake/ament_cmake_export_include_directories-extras.cmake
[0.551s] -- Up-to-date symlink: /home/zyme/ros_ws/Autoware_sim_test/install/autoware_localization_msgs/share/autoware_localization_msgs/cmake/ament_cmake_export_libraries-extras.cmake
[0.551s] -- Up-to-date symlink: /home/zyme/ros_ws/Autoware_sim_test/install/autoware_localization_msgs/share/autoware_localization_msgs/cmake/ament_cmake_export_targets-extras.cmake
[0.552s] -- Up-to-date symlink: /home/zyme/ros_ws/Autoware_sim_test/install/autoware_localization_msgs/share/autoware_localization_msgs/cmake/rosidl_cmake_export_typesupport_targets-extras.cmake
[0.552s] -- Up-to-date symlink: /home/zyme/ros_ws/Autoware_sim_test/install/autoware_localization_msgs/share/autoware_localization_msgs/cmake/rosidl_cmake_export_typesupport_libraries-extras.cmake
[0.552s] -- Up-to-date symlink: /home/zyme/ros_ws/Autoware_sim_test/install/autoware_localization_msgs/share/autoware_localization_msgs/cmake/autoware_localization_msgsConfig.cmake
[0.552s] -- Up-to-date symlink: /home/zyme/ros_ws/Autoware_sim_test/install/autoware_localization_msgs/share/autoware_localization_msgs/cmake/autoware_localization_msgsConfig-version.cmake
[0.552s] -- Up-to-date symlink: /home/zyme/ros_ws/Autoware_sim_test/install/autoware_localization_msgs/share/autoware_localization_msgs/package.xml
[0.553s] -- Up-to-date: /home/zyme/ros_ws/Autoware_sim_test/install/autoware_localization_msgs/lib/libautoware_localization_msgs__rosidl_generator_c.so
[0.554s] -- Up-to-date: /home/zyme/ros_ws/Autoware_sim_test/install/autoware_localization_msgs/lib/libautoware_localization_msgs__rosidl_typesupport_fastrtps_c.so
[0.554s] -- Up-to-date: /home/zyme/ros_ws/Autoware_sim_test/install/autoware_localization_msgs/lib/libautoware_localization_msgs__rosidl_typesupport_fastrtps_cpp.so
[0.555s] -- Up-to-date: /home/zyme/ros_ws/Autoware_sim_test/install/autoware_localization_msgs/lib/libautoware_localization_msgs__rosidl_typesupport_introspection_c.so
[0.556s] -- Up-to-date: /home/zyme/ros_ws/Autoware_sim_test/install/autoware_localization_msgs/lib/libautoware_localization_msgs__rosidl_typesupport_c.so
[0.556s] -- Up-to-date: /home/zyme/ros_ws/Autoware_sim_test/install/autoware_localization_msgs/lib/libautoware_localization_msgs__rosidl_typesupport_introspection_cpp.so
[0.557s] -- Up-to-date: /home/zyme/ros_ws/Autoware_sim_test/install/autoware_localization_msgs/lib/libautoware_localization_msgs__rosidl_typesupport_cpp.so
[0.584s] Listing '/home/zyme/ros_ws/Autoware_sim_test/install/autoware_localization_msgs/local/lib/python3.10/dist-packages/autoware_localization_msgs'...
[0.584s] Listing '/home/zyme/ros_ws/Autoware_sim_test/install/autoware_localization_msgs/local/lib/python3.10/dist-packages/autoware_localization_msgs/msg'...
[0.588s] -- Up-to-date: /home/zyme/ros_ws/Autoware_sim_test/install/autoware_localization_msgs/lib/libautoware_localization_msgs__rosidl_generator_py.so
[0.589s] -- Up-to-date: /home/zyme/ros_ws/Autoware_sim_test/install/autoware_localization_msgs/share/autoware_localization_msgs/cmake/export_autoware_localization_msgs__rosidl_generator_cExport.cmake
[0.589s] -- Up-to-date: /home/zyme/ros_ws/Autoware_sim_test/install/autoware_localization_msgs/share/autoware_localization_msgs/cmake/export_autoware_localization_msgs__rosidl_generator_cExport-release.cmake
[0.590s] -- Up-to-date: /home/zyme/ros_ws/Autoware_sim_test/install/autoware_localization_msgs/share/autoware_localization_msgs/cmake/export_autoware_localization_msgs__rosidl_typesupport_fastrtps_cExport.cmake
[0.590s] -- Up-to-date: /home/zyme/ros_ws/Autoware_sim_test/install/autoware_localization_msgs/share/autoware_localization_msgs/cmake/export_autoware_localization_msgs__rosidl_typesupport_fastrtps_cExport-release.cmake
[0.590s] -- Up-to-date: /home/zyme/ros_ws/Autoware_sim_test/install/autoware_localization_msgs/share/autoware_localization_msgs/cmake/export_autoware_localization_msgs__rosidl_generator_cppExport.cmake
[0.590s] -- Up-to-date: /home/zyme/ros_ws/Autoware_sim_test/install/autoware_localization_msgs/share/autoware_localization_msgs/cmake/export_autoware_localization_msgs__rosidl_typesupport_fastrtps_cppExport.cmake
[0.590s] -- Up-to-date: /home/zyme/ros_ws/Autoware_sim_test/install/autoware_localization_msgs/share/autoware_localization_msgs/cmake/export_autoware_localization_msgs__rosidl_typesupport_fastrtps_cppExport-release.cmake
[0.591s] -- Up-to-date: /home/zyme/ros_ws/Autoware_sim_test/install/autoware_localization_msgs/share/autoware_localization_msgs/cmake/autoware_localization_msgs__rosidl_typesupport_introspection_cExport.cmake
[0.591s] -- Up-to-date: /home/zyme/ros_ws/Autoware_sim_test/install/autoware_localization_msgs/share/autoware_localization_msgs/cmake/autoware_localization_msgs__rosidl_typesupport_introspection_cExport-release.cmake
[0.591s] -- Up-to-date: /home/zyme/ros_ws/Autoware_sim_test/install/autoware_localization_msgs/share/autoware_localization_msgs/cmake/autoware_localization_msgs__rosidl_typesupport_cExport.cmake
[0.591s] -- Up-to-date: /home/zyme/ros_ws/Autoware_sim_test/install/autoware_localization_msgs/share/autoware_localization_msgs/cmake/autoware_localization_msgs__rosidl_typesupport_cExport-release.cmake
[0.591s] -- Up-to-date: /home/zyme/ros_ws/Autoware_sim_test/install/autoware_localization_msgs/share/autoware_localization_msgs/cmake/autoware_localization_msgs__rosidl_typesupport_introspection_cppExport.cmake
[0.591s] -- Up-to-date: /home/zyme/ros_ws/Autoware_sim_test/install/autoware_localization_msgs/share/autoware_localization_msgs/cmake/autoware_localization_msgs__rosidl_typesupport_introspection_cppExport-release.cmake
[0.592s] -- Up-to-date: /home/zyme/ros_ws/Autoware_sim_test/install/autoware_localization_msgs/share/autoware_localization_msgs/cmake/autoware_localization_msgs__rosidl_typesupport_cppExport.cmake
[0.592s] -- Up-to-date: /home/zyme/ros_ws/Autoware_sim_test/install/autoware_localization_msgs/share/autoware_localization_msgs/cmake/autoware_localization_msgs__rosidl_typesupport_cppExport-release.cmake
[0.592s] -- Up-to-date: /home/zyme/ros_ws/Autoware_sim_test/install/autoware_localization_msgs/share/autoware_localization_msgs/cmake/export_autoware_localization_msgs__rosidl_generator_pyExport.cmake
[0.592s] -- Up-to-date: /home/zyme/ros_ws/Autoware_sim_test/install/autoware_localization_msgs/share/autoware_localization_msgs/cmake/export_autoware_localization_msgs__rosidl_generator_pyExport-release.cmake
[0.594s] Invoked command in '/home/zyme/ros_ws/Autoware_sim_test/build/autoware_localization_msgs' returned '0': CMAKE_PREFIX_PATH=/opt/ros/humble /usr/bin/cmake --install /home/zyme/ros_ws/Autoware_sim_test/build/autoware_localization_msgs
