[0.076s] Invoking command in '/home/zyme/ros_ws/Autoware_sim_test/build/pandar_msgs': CMAKE_PREFIX_PATH=/opt/ros/humble /usr/bin/cmake --build /home/zyme/ros_ws/Autoware_sim_test/build/pandar_msgs -- -j12 -l12
[0.138s] [ 10%] Built target pandar_msgs__cpp
[0.138s] [ 12%] Built target pandar_msgs__rosidl_generator_c
[0.148s] [ 12%] Built target ament_cmake_python_symlink_pandar_msgs
[0.188s] [ 23%] Built target pandar_msgs__rosidl_typesupport_introspection_c
[0.190s] [ 44%] Built target pandar_msgs__rosidl_typesupport_c
[0.190s] [ 44%] Built target pandar_msgs__rosidl_typesupport_fastrtps_c
[0.194s] [ 55%] Built target pandar_msgs__rosidl_typesupport_introspection_cpp
[0.201s] [ 76%] Built target pandar_msgs__rosidl_typesupport_fastrtps_cpp
[0.202s] [ 76%] Built target pandar_msgs__rosidl_typesupport_cpp
[0.228s] [ 76%] Built target pandar_msgs
[0.255s] [ 78%] Built target pandar_msgs__py
[0.284s] [ 87%] Built target pandar_msgs__rosidl_generator_py
[0.312s] [ 91%] Built target pandar_msgs__rosidl_typesupport_introspection_c__pyext
[0.312s] [100%] Built target pandar_msgs__rosidl_typesupport_fastrtps_c__pyext
[0.313s] [100%] Built target pandar_msgs__rosidl_typesupport_c__pyext
[0.505s] running egg_info
[0.507s] writing pandar_msgs.egg-info/PKG-INFO
[0.507s] writing dependency_links to pandar_msgs.egg-info/dependency_links.txt
[0.507s] writing top-level names to pandar_msgs.egg-info/top_level.txt
[0.510s] reading manifest file 'pandar_msgs.egg-info/SOURCES.txt'
[0.510s] writing manifest file 'pandar_msgs.egg-info/SOURCES.txt'
[0.541s] [100%] Built target ament_cmake_python_build_pandar_msgs_egg
[0.556s] Invoked command in '/home/zyme/ros_ws/Autoware_sim_test/build/pandar_msgs' returned '0': CMAKE_PREFIX_PATH=/opt/ros/humble /usr/bin/cmake --build /home/zyme/ros_ws/Autoware_sim_test/build/pandar_msgs -- -j12 -l12
[0.667s] Invoking command in '/home/zyme/ros_ws/Autoware_sim_test/build/pandar_msgs': CMAKE_PREFIX_PATH=/opt/ros/humble /usr/bin/cmake --install /home/zyme/ros_ws/Autoware_sim_test/build/pandar_msgs
[0.675s] -- Install configuration: "Release"
[0.676s] -- Execute custom install script
[0.677s] -- Up-to-date symlink: /home/zyme/ros_ws/Autoware_sim_test/install/pandar_msgs/share/ament_index/resource_index/rosidl_interfaces/pandar_msgs
[0.678s] -- Up-to-date symlink: /home/zyme/ros_ws/Autoware_sim_test/install/pandar_msgs/include/pandar_msgs/pandar_msgs/msg/detail/pandar_jumbo_packet__functions.h
[0.679s] -- Up-to-date symlink: /home/zyme/ros_ws/Autoware_sim_test/install/pandar_msgs/include/pandar_msgs/pandar_msgs/msg/detail/pandar_jumbo_packet__struct.h
[0.679s] -- Up-to-date symlink: /home/zyme/ros_ws/Autoware_sim_test/install/pandar_msgs/include/pandar_msgs/pandar_msgs/msg/detail/pandar_jumbo_packet__type_support.h
[0.679s] -- Up-to-date symlink: /home/zyme/ros_ws/Autoware_sim_test/install/pandar_msgs/include/pandar_msgs/pandar_msgs/msg/detail/pandar_packet__functions.h
[0.679s] -- Up-to-date symlink: /home/zyme/ros_ws/Autoware_sim_test/install/pandar_msgs/include/pandar_msgs/pandar_msgs/msg/detail/pandar_packet__struct.h
[0.680s] -- Up-to-date symlink: /home/zyme/ros_ws/Autoware_sim_test/install/pandar_msgs/include/pandar_msgs/pandar_msgs/msg/detail/pandar_packet__type_support.h
[0.680s] -- Up-to-date symlink: /home/zyme/ros_ws/Autoware_sim_test/install/pandar_msgs/include/pandar_msgs/pandar_msgs/msg/detail/pandar_scan__functions.h
[0.681s] -- Up-to-date symlink: /home/zyme/ros_ws/Autoware_sim_test/install/pandar_msgs/include/pandar_msgs/pandar_msgs/msg/detail/pandar_scan__struct.h
[0.681s] -- Up-to-date symlink: /home/zyme/ros_ws/Autoware_sim_test/install/pandar_msgs/include/pandar_msgs/pandar_msgs/msg/detail/pandar_scan__type_support.h
[0.681s] -- Up-to-date symlink: /home/zyme/ros_ws/Autoware_sim_test/install/pandar_msgs/include/pandar_msgs/pandar_msgs/msg/pandar_jumbo_packet.h
[0.681s] -- Up-to-date symlink: /home/zyme/ros_ws/Autoware_sim_test/install/pandar_msgs/include/pandar_msgs/pandar_msgs/msg/pandar_packet.h
[0.682s] -- Up-to-date symlink: /home/zyme/ros_ws/Autoware_sim_test/install/pandar_msgs/include/pandar_msgs/pandar_msgs/msg/pandar_scan.h
[0.682s] -- Up-to-date symlink: /home/zyme/ros_ws/Autoware_sim_test/install/pandar_msgs/include/pandar_msgs/pandar_msgs/msg/rosidl_generator_c__visibility_control.h
[0.683s] -- Up-to-date symlink: /home/zyme/ros_ws/Autoware_sim_test/install/pandar_msgs/share/pandar_msgs/environment/library_path.sh
[0.683s] -- Up-to-date symlink: /home/zyme/ros_ws/Autoware_sim_test/install/pandar_msgs/share/pandar_msgs/environment/library_path.dsv
[0.684s] -- Up-to-date symlink: /home/zyme/ros_ws/Autoware_sim_test/install/pandar_msgs/include/pandar_msgs/pandar_msgs/msg/detail/pandar_jumbo_packet__rosidl_typesupport_fastrtps_c.h
[0.684s] -- Up-to-date symlink: /home/zyme/ros_ws/Autoware_sim_test/install/pandar_msgs/include/pandar_msgs/pandar_msgs/msg/detail/pandar_packet__rosidl_typesupport_fastrtps_c.h
[0.685s] -- Up-to-date symlink: /home/zyme/ros_ws/Autoware_sim_test/install/pandar_msgs/include/pandar_msgs/pandar_msgs/msg/detail/pandar_scan__rosidl_typesupport_fastrtps_c.h
[0.685s] -- Up-to-date symlink: /home/zyme/ros_ws/Autoware_sim_test/install/pandar_msgs/include/pandar_msgs/pandar_msgs/msg/rosidl_typesupport_fastrtps_c__visibility_control.h
[0.686s] -- Up-to-date symlink: /home/zyme/ros_ws/Autoware_sim_test/install/pandar_msgs/include/pandar_msgs/pandar_msgs/msg/detail/pandar_jumbo_packet__builder.hpp
[0.686s] -- Up-to-date symlink: /home/zyme/ros_ws/Autoware_sim_test/install/pandar_msgs/include/pandar_msgs/pandar_msgs/msg/detail/pandar_jumbo_packet__struct.hpp
[0.686s] -- Up-to-date symlink: /home/zyme/ros_ws/Autoware_sim_test/install/pandar_msgs/include/pandar_msgs/pandar_msgs/msg/detail/pandar_jumbo_packet__traits.hpp
[0.686s] -- Up-to-date symlink: /home/zyme/ros_ws/Autoware_sim_test/install/pandar_msgs/include/pandar_msgs/pandar_msgs/msg/detail/pandar_packet__builder.hpp
[0.687s] -- Up-to-date symlink: /home/zyme/ros_ws/Autoware_sim_test/install/pandar_msgs/include/pandar_msgs/pandar_msgs/msg/detail/pandar_packet__struct.hpp
[0.687s] -- Up-to-date symlink: /home/zyme/ros_ws/Autoware_sim_test/install/pandar_msgs/include/pandar_msgs/pandar_msgs/msg/detail/pandar_packet__traits.hpp
[0.687s] -- Up-to-date symlink: /home/zyme/ros_ws/Autoware_sim_test/install/pandar_msgs/include/pandar_msgs/pandar_msgs/msg/detail/pandar_scan__builder.hpp
[0.687s] -- Up-to-date symlink: /home/zyme/ros_ws/Autoware_sim_test/install/pandar_msgs/include/pandar_msgs/pandar_msgs/msg/detail/pandar_scan__struct.hpp
[0.688s] -- Up-to-date symlink: /home/zyme/ros_ws/Autoware_sim_test/install/pandar_msgs/include/pandar_msgs/pandar_msgs/msg/detail/pandar_scan__traits.hpp
[0.688s] -- Up-to-date symlink: /home/zyme/ros_ws/Autoware_sim_test/install/pandar_msgs/include/pandar_msgs/pandar_msgs/msg/pandar_jumbo_packet.hpp
[0.688s] -- Up-to-date symlink: /home/zyme/ros_ws/Autoware_sim_test/install/pandar_msgs/include/pandar_msgs/pandar_msgs/msg/pandar_packet.hpp
[0.688s] -- Up-to-date symlink: /home/zyme/ros_ws/Autoware_sim_test/install/pandar_msgs/include/pandar_msgs/pandar_msgs/msg/pandar_scan.hpp
[0.689s] -- Up-to-date symlink: /home/zyme/ros_ws/Autoware_sim_test/install/pandar_msgs/include/pandar_msgs/pandar_msgs/msg/detail/pandar_jumbo_packet__rosidl_typesupport_fastrtps_cpp.hpp
[0.690s] -- Up-to-date symlink: /home/zyme/ros_ws/Autoware_sim_test/install/pandar_msgs/include/pandar_msgs/pandar_msgs/msg/detail/pandar_packet__rosidl_typesupport_fastrtps_cpp.hpp
[0.690s] -- Up-to-date symlink: /home/zyme/ros_ws/Autoware_sim_test/install/pandar_msgs/include/pandar_msgs/pandar_msgs/msg/detail/pandar_scan__rosidl_typesupport_fastrtps_cpp.hpp
[0.690s] -- Up-to-date symlink: /home/zyme/ros_ws/Autoware_sim_test/install/pandar_msgs/include/pandar_msgs/pandar_msgs/msg/rosidl_typesupport_fastrtps_cpp__visibility_control.h
[0.691s] -- Up-to-date symlink: /home/zyme/ros_ws/Autoware_sim_test/install/pandar_msgs/include/pandar_msgs/pandar_msgs/msg/detail/pandar_jumbo_packet__rosidl_typesupport_introspection_c.h
[0.691s] -- Up-to-date symlink: /home/zyme/ros_ws/Autoware_sim_test/install/pandar_msgs/include/pandar_msgs/pandar_msgs/msg/detail/pandar_packet__rosidl_typesupport_introspection_c.h
[0.692s] -- Up-to-date symlink: /home/zyme/ros_ws/Autoware_sim_test/install/pandar_msgs/include/pandar_msgs/pandar_msgs/msg/detail/pandar_scan__rosidl_typesupport_introspection_c.h
[0.692s] -- Up-to-date symlink: /home/zyme/ros_ws/Autoware_sim_test/install/pandar_msgs/include/pandar_msgs/pandar_msgs/msg/rosidl_typesupport_introspection_c__visibility_control.h
[0.692s] -- Up-to-date symlink: /home/zyme/ros_ws/Autoware_sim_test/install/pandar_msgs/include/pandar_msgs/pandar_msgs/msg/detail/pandar_jumbo_packet__rosidl_typesupport_introspection_cpp.hpp
[0.693s] -- Up-to-date symlink: /home/zyme/ros_ws/Autoware_sim_test/install/pandar_msgs/include/pandar_msgs/pandar_msgs/msg/detail/pandar_packet__rosidl_typesupport_introspection_cpp.hpp
[0.693s] -- Up-to-date symlink: /home/zyme/ros_ws/Autoware_sim_test/install/pandar_msgs/include/pandar_msgs/pandar_msgs/msg/detail/pandar_scan__rosidl_typesupport_introspection_cpp.hpp
[0.693s] -- Up-to-date symlink: /home/zyme/ros_ws/Autoware_sim_test/install/pandar_msgs/share/pandar_msgs/environment/pythonpath.sh
[0.694s] -- Up-to-date symlink: /home/zyme/ros_ws/Autoware_sim_test/install/pandar_msgs/share/pandar_msgs/environment/pythonpath.dsv
[0.694s] -- Up-to-date symlink: /home/zyme/ros_ws/Autoware_sim_test/install/pandar_msgs/local/lib/python3.10/dist-packages/pandar_msgs-0.0.0-py3.10.egg-info/PKG-INFO
[0.694s] -- Up-to-date symlink: /home/zyme/ros_ws/Autoware_sim_test/install/pandar_msgs/local/lib/python3.10/dist-packages/pandar_msgs-0.0.0-py3.10.egg-info/SOURCES.txt
[0.695s] -- Up-to-date symlink: /home/zyme/ros_ws/Autoware_sim_test/install/pandar_msgs/local/lib/python3.10/dist-packages/pandar_msgs-0.0.0-py3.10.egg-info/dependency_links.txt
[0.695s] -- Up-to-date symlink: /home/zyme/ros_ws/Autoware_sim_test/install/pandar_msgs/local/lib/python3.10/dist-packages/pandar_msgs-0.0.0-py3.10.egg-info/top_level.txt
[0.696s] -- Up-to-date symlink: /home/zyme/ros_ws/Autoware_sim_test/install/pandar_msgs/local/lib/python3.10/dist-packages/pandar_msgs/__init__.py
[0.696s] -- Up-to-date symlink: /home/zyme/ros_ws/Autoware_sim_test/install/pandar_msgs/local/lib/python3.10/dist-packages/pandar_msgs/_pandar_msgs_s.ep.rosidl_typesupport_c.c
[0.697s] -- Up-to-date symlink: /home/zyme/ros_ws/Autoware_sim_test/install/pandar_msgs/local/lib/python3.10/dist-packages/pandar_msgs/_pandar_msgs_s.ep.rosidl_typesupport_fastrtps_c.c
[0.697s] -- Up-to-date symlink: /home/zyme/ros_ws/Autoware_sim_test/install/pandar_msgs/local/lib/python3.10/dist-packages/pandar_msgs/_pandar_msgs_s.ep.rosidl_typesupport_introspection_c.c
[0.697s] -- Up-to-date symlink: /home/zyme/ros_ws/Autoware_sim_test/install/pandar_msgs/local/lib/python3.10/dist-packages/pandar_msgs/libpandar_msgs__rosidl_generator_py.so
[0.697s] -- Up-to-date symlink: /home/zyme/ros_ws/Autoware_sim_test/install/pandar_msgs/local/lib/python3.10/dist-packages/pandar_msgs/msg/__init__.py
[0.697s] -- Up-to-date symlink: /home/zyme/ros_ws/Autoware_sim_test/install/pandar_msgs/local/lib/python3.10/dist-packages/pandar_msgs/msg/_pandar_jumbo_packet.py
[0.697s] -- Up-to-date symlink: /home/zyme/ros_ws/Autoware_sim_test/install/pandar_msgs/local/lib/python3.10/dist-packages/pandar_msgs/msg/_pandar_jumbo_packet_s.c
[0.698s] -- Up-to-date symlink: /home/zyme/ros_ws/Autoware_sim_test/install/pandar_msgs/local/lib/python3.10/dist-packages/pandar_msgs/msg/_pandar_packet.py
[0.698s] -- Up-to-date symlink: /home/zyme/ros_ws/Autoware_sim_test/install/pandar_msgs/local/lib/python3.10/dist-packages/pandar_msgs/msg/_pandar_packet_s.c
[0.698s] -- Up-to-date symlink: /home/zyme/ros_ws/Autoware_sim_test/install/pandar_msgs/local/lib/python3.10/dist-packages/pandar_msgs/msg/_pandar_scan.py
[0.698s] -- Up-to-date symlink: /home/zyme/ros_ws/Autoware_sim_test/install/pandar_msgs/local/lib/python3.10/dist-packages/pandar_msgs/msg/_pandar_scan_s.c
[0.699s] -- Up-to-date symlink: /home/zyme/ros_ws/Autoware_sim_test/install/pandar_msgs/local/lib/python3.10/dist-packages/pandar_msgs/pandar_msgs_s__rosidl_typesupport_c.cpython-310-x86_64-linux-gnu.so
[0.699s] -- Up-to-date symlink: /home/zyme/ros_ws/Autoware_sim_test/install/pandar_msgs/local/lib/python3.10/dist-packages/pandar_msgs/pandar_msgs_s__rosidl_typesupport_fastrtps_c.cpython-310-x86_64-linux-gnu.so
[0.699s] -- Up-to-date symlink: /home/zyme/ros_ws/Autoware_sim_test/install/pandar_msgs/local/lib/python3.10/dist-packages/pandar_msgs/pandar_msgs_s__rosidl_typesupport_introspection_c.cpython-310-x86_64-linux-gnu.so
[0.700s] -- Up-to-date symlink: /home/zyme/ros_ws/Autoware_sim_test/install/pandar_msgs/local/lib/python3.10/dist-packages/pandar_msgs/pandar_msgs_s__rosidl_typesupport_fastrtps_c.cpython-310-x86_64-linux-gnu.so
[0.700s] -- Up-to-date symlink: /home/zyme/ros_ws/Autoware_sim_test/install/pandar_msgs/local/lib/python3.10/dist-packages/pandar_msgs/pandar_msgs_s__rosidl_typesupport_introspection_c.cpython-310-x86_64-linux-gnu.so
[0.701s] -- Up-to-date symlink: /home/zyme/ros_ws/Autoware_sim_test/install/pandar_msgs/local/lib/python3.10/dist-packages/pandar_msgs/pandar_msgs_s__rosidl_typesupport_c.cpython-310-x86_64-linux-gnu.so
[0.701s] -- Up-to-date symlink: /home/zyme/ros_ws/Autoware_sim_test/install/pandar_msgs/share/pandar_msgs/msg/PandarPacket.idl
[0.701s] -- Up-to-date symlink: /home/zyme/ros_ws/Autoware_sim_test/install/pandar_msgs/share/pandar_msgs/msg/PandarScan.idl
[0.702s] -- Up-to-date symlink: /home/zyme/ros_ws/Autoware_sim_test/install/pandar_msgs/share/pandar_msgs/msg/PandarJumboPacket.idl
[0.702s] -- Up-to-date symlink: /home/zyme/ros_ws/Autoware_sim_test/install/pandar_msgs/share/pandar_msgs/msg/PandarPacket.msg
[0.702s] -- Up-to-date symlink: /home/zyme/ros_ws/Autoware_sim_test/install/pandar_msgs/share/pandar_msgs/msg/PandarScan.msg
[0.702s] -- Up-to-date symlink: /home/zyme/ros_ws/Autoware_sim_test/install/pandar_msgs/share/pandar_msgs/msg/PandarJumboPacket.msg
[0.703s] -- Up-to-date symlink: /home/zyme/ros_ws/Autoware_sim_test/install/pandar_msgs/share/ament_index/resource_index/package_run_dependencies/pandar_msgs
[0.703s] -- Up-to-date symlink: /home/zyme/ros_ws/Autoware_sim_test/install/pandar_msgs/share/ament_index/resource_index/parent_prefix_path/pandar_msgs
[0.703s] -- Up-to-date symlink: /home/zyme/ros_ws/Autoware_sim_test/install/pandar_msgs/share/pandar_msgs/environment/ament_prefix_path.sh
[0.703s] -- Up-to-date symlink: /home/zyme/ros_ws/Autoware_sim_test/install/pandar_msgs/share/pandar_msgs/environment/ament_prefix_path.dsv
[0.703s] -- Up-to-date symlink: /home/zyme/ros_ws/Autoware_sim_test/install/pandar_msgs/share/pandar_msgs/environment/path.sh
[0.704s] -- Up-to-date symlink: /home/zyme/ros_ws/Autoware_sim_test/install/pandar_msgs/share/pandar_msgs/environment/path.dsv
[0.704s] -- Up-to-date symlink: /home/zyme/ros_ws/Autoware_sim_test/install/pandar_msgs/share/pandar_msgs/local_setup.bash
[0.704s] -- Up-to-date symlink: /home/zyme/ros_ws/Autoware_sim_test/install/pandar_msgs/share/pandar_msgs/local_setup.sh
[0.705s] -- Up-to-date symlink: /home/zyme/ros_ws/Autoware_sim_test/install/pandar_msgs/share/pandar_msgs/local_setup.zsh
[0.705s] -- Up-to-date symlink: /home/zyme/ros_ws/Autoware_sim_test/install/pandar_msgs/share/pandar_msgs/local_setup.dsv
[0.705s] -- Symlinking: /home/zyme/ros_ws/Autoware_sim_test/install/pandar_msgs/share/pandar_msgs/package.dsv
[0.716s] -- Up-to-date symlink: /home/zyme/ros_ws/Autoware_sim_test/install/pandar_msgs/share/ament_index/resource_index/packages/pandar_msgs
[0.716s] -- Up-to-date symlink: /home/zyme/ros_ws/Autoware_sim_test/install/pandar_msgs/share/pandar_msgs/cmake/rosidl_cmake-extras.cmake
[0.716s] -- Up-to-date symlink: /home/zyme/ros_ws/Autoware_sim_test/install/pandar_msgs/share/pandar_msgs/cmake/ament_cmake_export_dependencies-extras.cmake
[0.717s] -- Up-to-date symlink: /home/zyme/ros_ws/Autoware_sim_test/install/pandar_msgs/share/pandar_msgs/cmake/ament_cmake_export_include_directories-extras.cmake
[0.717s] -- Up-to-date symlink: /home/zyme/ros_ws/Autoware_sim_test/install/pandar_msgs/share/pandar_msgs/cmake/ament_cmake_export_libraries-extras.cmake
[0.717s] -- Up-to-date symlink: /home/zyme/ros_ws/Autoware_sim_test/install/pandar_msgs/share/pandar_msgs/cmake/ament_cmake_export_targets-extras.cmake
[0.717s] -- Up-to-date symlink: /home/zyme/ros_ws/Autoware_sim_test/install/pandar_msgs/share/pandar_msgs/cmake/rosidl_cmake_export_typesupport_targets-extras.cmake
[0.717s] -- Up-to-date symlink: /home/zyme/ros_ws/Autoware_sim_test/install/pandar_msgs/share/pandar_msgs/cmake/rosidl_cmake_export_typesupport_libraries-extras.cmake
[0.718s] -- Up-to-date symlink: /home/zyme/ros_ws/Autoware_sim_test/install/pandar_msgs/share/pandar_msgs/cmake/pandar_msgsConfig.cmake
[0.718s] -- Up-to-date symlink: /home/zyme/ros_ws/Autoware_sim_test/install/pandar_msgs/share/pandar_msgs/cmake/pandar_msgsConfig-version.cmake
[0.718s] -- Up-to-date symlink: /home/zyme/ros_ws/Autoware_sim_test/install/pandar_msgs/share/pandar_msgs/package.xml
[0.719s] -- Up-to-date: /home/zyme/ros_ws/Autoware_sim_test/install/pandar_msgs/lib/libpandar_msgs__rosidl_generator_c.so
[0.720s] -- Up-to-date: /home/zyme/ros_ws/Autoware_sim_test/install/pandar_msgs/lib/libpandar_msgs__rosidl_typesupport_fastrtps_c.so
[0.721s] -- Up-to-date: /home/zyme/ros_ws/Autoware_sim_test/install/pandar_msgs/lib/libpandar_msgs__rosidl_typesupport_fastrtps_cpp.so
[0.721s] -- Up-to-date: /home/zyme/ros_ws/Autoware_sim_test/install/pandar_msgs/lib/libpandar_msgs__rosidl_typesupport_introspection_c.so
[0.722s] -- Up-to-date: /home/zyme/ros_ws/Autoware_sim_test/install/pandar_msgs/lib/libpandar_msgs__rosidl_typesupport_c.so
[0.723s] -- Up-to-date: /home/zyme/ros_ws/Autoware_sim_test/install/pandar_msgs/lib/libpandar_msgs__rosidl_typesupport_introspection_cpp.so
[0.724s] -- Up-to-date: /home/zyme/ros_ws/Autoware_sim_test/install/pandar_msgs/lib/libpandar_msgs__rosidl_typesupport_cpp.so
[0.759s] Listing '/home/zyme/ros_ws/Autoware_sim_test/install/pandar_msgs/local/lib/python3.10/dist-packages/pandar_msgs'...
[0.759s] Listing '/home/zyme/ros_ws/Autoware_sim_test/install/pandar_msgs/local/lib/python3.10/dist-packages/pandar_msgs/msg'...
[0.764s] -- Up-to-date: /home/zyme/ros_ws/Autoware_sim_test/install/pandar_msgs/lib/libpandar_msgs__rosidl_generator_py.so
[0.764s] -- Up-to-date: /home/zyme/ros_ws/Autoware_sim_test/install/pandar_msgs/share/pandar_msgs/cmake/export_pandar_msgs__rosidl_generator_cExport.cmake
[0.764s] -- Up-to-date: /home/zyme/ros_ws/Autoware_sim_test/install/pandar_msgs/share/pandar_msgs/cmake/export_pandar_msgs__rosidl_generator_cExport-release.cmake
[0.765s] -- Up-to-date: /home/zyme/ros_ws/Autoware_sim_test/install/pandar_msgs/share/pandar_msgs/cmake/export_pandar_msgs__rosidl_typesupport_fastrtps_cExport.cmake
[0.765s] -- Up-to-date: /home/zyme/ros_ws/Autoware_sim_test/install/pandar_msgs/share/pandar_msgs/cmake/export_pandar_msgs__rosidl_typesupport_fastrtps_cExport-release.cmake
[0.765s] -- Up-to-date: /home/zyme/ros_ws/Autoware_sim_test/install/pandar_msgs/share/pandar_msgs/cmake/export_pandar_msgs__rosidl_generator_cppExport.cmake
[0.765s] -- Up-to-date: /home/zyme/ros_ws/Autoware_sim_test/install/pandar_msgs/share/pandar_msgs/cmake/export_pandar_msgs__rosidl_typesupport_fastrtps_cppExport.cmake
[0.765s] -- Up-to-date: /home/zyme/ros_ws/Autoware_sim_test/install/pandar_msgs/share/pandar_msgs/cmake/export_pandar_msgs__rosidl_typesupport_fastrtps_cppExport-release.cmake
[0.766s] -- Up-to-date: /home/zyme/ros_ws/Autoware_sim_test/install/pandar_msgs/share/pandar_msgs/cmake/pandar_msgs__rosidl_typesupport_introspection_cExport.cmake
[0.766s] -- Up-to-date: /home/zyme/ros_ws/Autoware_sim_test/install/pandar_msgs/share/pandar_msgs/cmake/pandar_msgs__rosidl_typesupport_introspection_cExport-release.cmake
[0.766s] -- Up-to-date: /home/zyme/ros_ws/Autoware_sim_test/install/pandar_msgs/share/pandar_msgs/cmake/pandar_msgs__rosidl_typesupport_cExport.cmake
[0.766s] -- Up-to-date: /home/zyme/ros_ws/Autoware_sim_test/install/pandar_msgs/share/pandar_msgs/cmake/pandar_msgs__rosidl_typesupport_cExport-release.cmake
[0.766s] -- Up-to-date: /home/zyme/ros_ws/Autoware_sim_test/install/pandar_msgs/share/pandar_msgs/cmake/pandar_msgs__rosidl_typesupport_introspection_cppExport.cmake
[0.766s] -- Up-to-date: /home/zyme/ros_ws/Autoware_sim_test/install/pandar_msgs/share/pandar_msgs/cmake/pandar_msgs__rosidl_typesupport_introspection_cppExport-release.cmake
[0.766s] -- Up-to-date: /home/zyme/ros_ws/Autoware_sim_test/install/pandar_msgs/share/pandar_msgs/cmake/pandar_msgs__rosidl_typesupport_cppExport.cmake
[0.766s] -- Up-to-date: /home/zyme/ros_ws/Autoware_sim_test/install/pandar_msgs/share/pandar_msgs/cmake/pandar_msgs__rosidl_typesupport_cppExport-release.cmake
[0.767s] -- Up-to-date: /home/zyme/ros_ws/Autoware_sim_test/install/pandar_msgs/share/pandar_msgs/cmake/export_pandar_msgs__rosidl_generator_pyExport.cmake
[0.767s] -- Up-to-date: /home/zyme/ros_ws/Autoware_sim_test/install/pandar_msgs/share/pandar_msgs/cmake/export_pandar_msgs__rosidl_generator_pyExport-release.cmake
[0.769s] Invoked command in '/home/zyme/ros_ws/Autoware_sim_test/build/pandar_msgs' returned '0': CMAKE_PREFIX_PATH=/opt/ros/humble /usr/bin/cmake --install /home/zyme/ros_ws/Autoware_sim_test/build/pandar_msgs
