[0.062s] Invoking command in '/home/zyme/ros_ws/Autoware_sim_test/build/tier4_localization_msgs': CMAKE_PREFIX_PATH=/opt/ros/humble /usr/bin/cmake --build /home/zyme/ros_ws/Autoware_sim_test/build/tier4_localization_msgs -- -j12 -l12
[0.113s] [  3%] Built target tier4_localization_msgs__cpp
[0.114s] [ 12%] Built target tier4_localization_msgs__rosidl_generator_c
[0.121s] [ 12%] Built target ament_cmake_python_symlink_tier4_localization_msgs
[0.143s] [ 22%] Built target tier4_localization_msgs__rosidl_typesupport_cpp
[0.144s] [ 32%] Built target tier4_localization_msgs__rosidl_typesupport_c
[0.144s] [ 41%] Built target tier4_localization_msgs__rosidl_typesupport_fastrtps_c
[0.145s] [ 51%] Built target tier4_localization_msgs__rosidl_typesupport_fastrtps_cpp
[0.146s] [ 61%] Built target tier4_localization_msgs__rosidl_typesupport_introspection_cpp
[0.147s] [ 70%] Built target tier4_localization_msgs__rosidl_typesupport_introspection_c
[0.167s] [ 70%] Built target tier4_localization_msgs
[0.189s] [ 74%] Built target tier4_localization_msgs__py
[0.213s] [ 80%] Built target tier4_localization_msgs__rosidl_generator_py
[0.238s] [ 96%] Built target tier4_localization_msgs__rosidl_typesupport_c__pyext
[0.238s] [ 96%] Built target tier4_localization_msgs__rosidl_typesupport_fastrtps_c__pyext
[0.239s] [100%] Built target tier4_localization_msgs__rosidl_typesupport_introspection_c__pyext
[0.397s] running egg_info
[0.398s] writing tier4_localization_msgs.egg-info/PKG-INFO
[0.398s] writing dependency_links to tier4_localization_msgs.egg-info/dependency_links.txt
[0.398s] writing top-level names to tier4_localization_msgs.egg-info/top_level.txt
[0.400s] reading manifest file 'tier4_localization_msgs.egg-info/SOURCES.txt'
[0.401s] writing manifest file 'tier4_localization_msgs.egg-info/SOURCES.txt'
[0.423s] [100%] Built target ament_cmake_python_build_tier4_localization_msgs_egg
[0.433s] Invoked command in '/home/zyme/ros_ws/Autoware_sim_test/build/tier4_localization_msgs' returned '0': CMAKE_PREFIX_PATH=/opt/ros/humble /usr/bin/cmake --build /home/zyme/ros_ws/Autoware_sim_test/build/tier4_localization_msgs -- -j12 -l12
[0.489s] Invoking command in '/home/zyme/ros_ws/Autoware_sim_test/build/tier4_localization_msgs': CMAKE_PREFIX_PATH=/opt/ros/humble /usr/bin/cmake --install /home/zyme/ros_ws/Autoware_sim_test/build/tier4_localization_msgs
[0.496s] -- Install configuration: "Release"
[0.497s] -- Execute custom install script
[0.498s] -- Up-to-date symlink: /home/zyme/ros_ws/Autoware_sim_test/install/tier4_localization_msgs/share/ament_index/resource_index/rosidl_interfaces/tier4_localization_msgs
[0.499s] -- Up-to-date symlink: /home/zyme/ros_ws/Autoware_sim_test/install/tier4_localization_msgs/include/tier4_localization_msgs/tier4_localization_msgs/msg/rosidl_generator_c__visibility_control.h
[0.499s] -- Up-to-date symlink: /home/zyme/ros_ws/Autoware_sim_test/install/tier4_localization_msgs/include/tier4_localization_msgs/tier4_localization_msgs/srv/detail/pose_with_covariance_stamped__functions.h
[0.500s] -- Up-to-date symlink: /home/zyme/ros_ws/Autoware_sim_test/install/tier4_localization_msgs/include/tier4_localization_msgs/tier4_localization_msgs/srv/detail/pose_with_covariance_stamped__struct.h
[0.500s] -- Up-to-date symlink: /home/zyme/ros_ws/Autoware_sim_test/install/tier4_localization_msgs/include/tier4_localization_msgs/tier4_localization_msgs/srv/detail/pose_with_covariance_stamped__type_support.h
[0.500s] -- Up-to-date symlink: /home/zyme/ros_ws/Autoware_sim_test/install/tier4_localization_msgs/include/tier4_localization_msgs/tier4_localization_msgs/srv/pose_with_covariance_stamped.h
[0.501s] -- Up-to-date symlink: /home/zyme/ros_ws/Autoware_sim_test/install/tier4_localization_msgs/share/tier4_localization_msgs/environment/library_path.sh
[0.501s] -- Up-to-date symlink: /home/zyme/ros_ws/Autoware_sim_test/install/tier4_localization_msgs/share/tier4_localization_msgs/environment/library_path.dsv
[0.502s] -- Up-to-date symlink: /home/zyme/ros_ws/Autoware_sim_test/install/tier4_localization_msgs/include/tier4_localization_msgs/tier4_localization_msgs/msg/rosidl_typesupport_fastrtps_c__visibility_control.h
[0.502s] -- Up-to-date symlink: /home/zyme/ros_ws/Autoware_sim_test/install/tier4_localization_msgs/include/tier4_localization_msgs/tier4_localization_msgs/srv/detail/pose_with_covariance_stamped__rosidl_typesupport_fastrtps_c.h
[0.502s] -- Up-to-date symlink: /home/zyme/ros_ws/Autoware_sim_test/install/tier4_localization_msgs/include/tier4_localization_msgs/tier4_localization_msgs/msg/rosidl_typesupport_introspection_c__visibility_control.h
[0.502s] -- Up-to-date symlink: /home/zyme/ros_ws/Autoware_sim_test/install/tier4_localization_msgs/include/tier4_localization_msgs/tier4_localization_msgs/srv/detail/pose_with_covariance_stamped__rosidl_typesupport_introspection_c.h
[0.503s] -- Up-to-date symlink: /home/zyme/ros_ws/Autoware_sim_test/install/tier4_localization_msgs/include/tier4_localization_msgs/tier4_localization_msgs/srv/detail/pose_with_covariance_stamped__builder.hpp
[0.503s] -- Up-to-date symlink: /home/zyme/ros_ws/Autoware_sim_test/install/tier4_localization_msgs/include/tier4_localization_msgs/tier4_localization_msgs/srv/detail/pose_with_covariance_stamped__struct.hpp
[0.503s] -- Up-to-date symlink: /home/zyme/ros_ws/Autoware_sim_test/install/tier4_localization_msgs/include/tier4_localization_msgs/tier4_localization_msgs/srv/detail/pose_with_covariance_stamped__traits.hpp
[0.503s] -- Up-to-date symlink: /home/zyme/ros_ws/Autoware_sim_test/install/tier4_localization_msgs/include/tier4_localization_msgs/tier4_localization_msgs/srv/pose_with_covariance_stamped.hpp
[0.504s] -- Up-to-date symlink: /home/zyme/ros_ws/Autoware_sim_test/install/tier4_localization_msgs/include/tier4_localization_msgs/tier4_localization_msgs/msg/rosidl_typesupport_fastrtps_cpp__visibility_control.h
[0.504s] -- Up-to-date symlink: /home/zyme/ros_ws/Autoware_sim_test/install/tier4_localization_msgs/include/tier4_localization_msgs/tier4_localization_msgs/srv/detail/pose_with_covariance_stamped__rosidl_typesupport_fastrtps_cpp.hpp
[0.504s] -- Up-to-date symlink: /home/zyme/ros_ws/Autoware_sim_test/install/tier4_localization_msgs/include/tier4_localization_msgs/tier4_localization_msgs/srv/detail/pose_with_covariance_stamped__rosidl_typesupport_introspection_cpp.hpp
[0.504s] -- Up-to-date symlink: /home/zyme/ros_ws/Autoware_sim_test/install/tier4_localization_msgs/share/tier4_localization_msgs/environment/pythonpath.sh
[0.504s] -- Up-to-date symlink: /home/zyme/ros_ws/Autoware_sim_test/install/tier4_localization_msgs/share/tier4_localization_msgs/environment/pythonpath.dsv
[0.505s] -- Up-to-date symlink: /home/zyme/ros_ws/Autoware_sim_test/install/tier4_localization_msgs/local/lib/python3.10/dist-packages/tier4_localization_msgs-0.1.0-py3.10.egg-info/PKG-INFO
[0.505s] -- Up-to-date symlink: /home/zyme/ros_ws/Autoware_sim_test/install/tier4_localization_msgs/local/lib/python3.10/dist-packages/tier4_localization_msgs-0.1.0-py3.10.egg-info/SOURCES.txt
[0.505s] -- Up-to-date symlink: /home/zyme/ros_ws/Autoware_sim_test/install/tier4_localization_msgs/local/lib/python3.10/dist-packages/tier4_localization_msgs-0.1.0-py3.10.egg-info/dependency_links.txt
[0.505s] -- Up-to-date symlink: /home/zyme/ros_ws/Autoware_sim_test/install/tier4_localization_msgs/local/lib/python3.10/dist-packages/tier4_localization_msgs-0.1.0-py3.10.egg-info/top_level.txt
[0.506s] -- Up-to-date symlink: /home/zyme/ros_ws/Autoware_sim_test/install/tier4_localization_msgs/local/lib/python3.10/dist-packages/tier4_localization_msgs/__init__.py
[0.506s] -- Up-to-date symlink: /home/zyme/ros_ws/Autoware_sim_test/install/tier4_localization_msgs/local/lib/python3.10/dist-packages/tier4_localization_msgs/_tier4_localization_msgs_s.ep.rosidl_typesupport_c.c
[0.506s] -- Up-to-date symlink: /home/zyme/ros_ws/Autoware_sim_test/install/tier4_localization_msgs/local/lib/python3.10/dist-packages/tier4_localization_msgs/_tier4_localization_msgs_s.ep.rosidl_typesupport_fastrtps_c.c
[0.506s] -- Up-to-date symlink: /home/zyme/ros_ws/Autoware_sim_test/install/tier4_localization_msgs/local/lib/python3.10/dist-packages/tier4_localization_msgs/_tier4_localization_msgs_s.ep.rosidl_typesupport_introspection_c.c
[0.507s] -- Up-to-date symlink: /home/zyme/ros_ws/Autoware_sim_test/install/tier4_localization_msgs/local/lib/python3.10/dist-packages/tier4_localization_msgs/libtier4_localization_msgs__rosidl_generator_py.so
[0.507s] -- Up-to-date symlink: /home/zyme/ros_ws/Autoware_sim_test/install/tier4_localization_msgs/local/lib/python3.10/dist-packages/tier4_localization_msgs/srv/__init__.py
[0.507s] -- Up-to-date symlink: /home/zyme/ros_ws/Autoware_sim_test/install/tier4_localization_msgs/local/lib/python3.10/dist-packages/tier4_localization_msgs/srv/_pose_with_covariance_stamped.py
[0.507s] -- Up-to-date symlink: /home/zyme/ros_ws/Autoware_sim_test/install/tier4_localization_msgs/local/lib/python3.10/dist-packages/tier4_localization_msgs/srv/_pose_with_covariance_stamped_s.c
[0.507s] -- Up-to-date symlink: /home/zyme/ros_ws/Autoware_sim_test/install/tier4_localization_msgs/local/lib/python3.10/dist-packages/tier4_localization_msgs/tier4_localization_msgs_s__rosidl_typesupport_c.cpython-310-x86_64-linux-gnu.so
[0.507s] -- Up-to-date symlink: /home/zyme/ros_ws/Autoware_sim_test/install/tier4_localization_msgs/local/lib/python3.10/dist-packages/tier4_localization_msgs/tier4_localization_msgs_s__rosidl_typesupport_fastrtps_c.cpython-310-x86_64-linux-gnu.so
[0.508s] -- Up-to-date symlink: /home/zyme/ros_ws/Autoware_sim_test/install/tier4_localization_msgs/local/lib/python3.10/dist-packages/tier4_localization_msgs/tier4_localization_msgs_s__rosidl_typesupport_introspection_c.cpython-310-x86_64-linux-gnu.so
[0.508s] -- Up-to-date symlink: /home/zyme/ros_ws/Autoware_sim_test/install/tier4_localization_msgs/local/lib/python3.10/dist-packages/tier4_localization_msgs/tier4_localization_msgs_s__rosidl_typesupport_fastrtps_c.cpython-310-x86_64-linux-gnu.so
[0.508s] -- Up-to-date symlink: /home/zyme/ros_ws/Autoware_sim_test/install/tier4_localization_msgs/local/lib/python3.10/dist-packages/tier4_localization_msgs/tier4_localization_msgs_s__rosidl_typesupport_introspection_c.cpython-310-x86_64-linux-gnu.so
[0.509s] -- Up-to-date symlink: /home/zyme/ros_ws/Autoware_sim_test/install/tier4_localization_msgs/local/lib/python3.10/dist-packages/tier4_localization_msgs/tier4_localization_msgs_s__rosidl_typesupport_c.cpython-310-x86_64-linux-gnu.so
[0.509s] -- Up-to-date symlink: /home/zyme/ros_ws/Autoware_sim_test/install/tier4_localization_msgs/share/tier4_localization_msgs/srv/PoseWithCovarianceStamped.idl
[0.509s] -- Up-to-date symlink: /home/zyme/ros_ws/Autoware_sim_test/install/tier4_localization_msgs/share/tier4_localization_msgs/srv/PoseWithCovarianceStamped.srv
[0.510s] -- Up-to-date symlink: /home/zyme/ros_ws/Autoware_sim_test/install/tier4_localization_msgs/share/tier4_localization_msgs/srv/PoseWithCovarianceStamped_Request.msg
[0.510s] -- Up-to-date symlink: /home/zyme/ros_ws/Autoware_sim_test/install/tier4_localization_msgs/share/tier4_localization_msgs/srv/PoseWithCovarianceStamped_Response.msg
[0.510s] -- Up-to-date symlink: /home/zyme/ros_ws/Autoware_sim_test/install/tier4_localization_msgs/share/ament_index/resource_index/package_run_dependencies/tier4_localization_msgs
[0.511s] -- Up-to-date symlink: /home/zyme/ros_ws/Autoware_sim_test/install/tier4_localization_msgs/share/ament_index/resource_index/parent_prefix_path/tier4_localization_msgs
[0.511s] -- Up-to-date symlink: /home/zyme/ros_ws/Autoware_sim_test/install/tier4_localization_msgs/share/tier4_localization_msgs/environment/ament_prefix_path.sh
[0.511s] -- Up-to-date symlink: /home/zyme/ros_ws/Autoware_sim_test/install/tier4_localization_msgs/share/tier4_localization_msgs/environment/ament_prefix_path.dsv
[0.511s] -- Up-to-date symlink: /home/zyme/ros_ws/Autoware_sim_test/install/tier4_localization_msgs/share/tier4_localization_msgs/environment/path.sh
[0.511s] -- Up-to-date symlink: /home/zyme/ros_ws/Autoware_sim_test/install/tier4_localization_msgs/share/tier4_localization_msgs/environment/path.dsv
[0.512s] -- Up-to-date symlink: /home/zyme/ros_ws/Autoware_sim_test/install/tier4_localization_msgs/share/tier4_localization_msgs/local_setup.bash
[0.512s] -- Up-to-date symlink: /home/zyme/ros_ws/Autoware_sim_test/install/tier4_localization_msgs/share/tier4_localization_msgs/local_setup.sh
[0.512s] -- Up-to-date symlink: /home/zyme/ros_ws/Autoware_sim_test/install/tier4_localization_msgs/share/tier4_localization_msgs/local_setup.zsh
[0.512s] -- Up-to-date symlink: /home/zyme/ros_ws/Autoware_sim_test/install/tier4_localization_msgs/share/tier4_localization_msgs/local_setup.dsv
[0.512s] -- Symlinking: /home/zyme/ros_ws/Autoware_sim_test/install/tier4_localization_msgs/share/tier4_localization_msgs/package.dsv
[0.521s] -- Up-to-date symlink: /home/zyme/ros_ws/Autoware_sim_test/install/tier4_localization_msgs/share/ament_index/resource_index/packages/tier4_localization_msgs
[0.521s] -- Up-to-date symlink: /home/zyme/ros_ws/Autoware_sim_test/install/tier4_localization_msgs/share/tier4_localization_msgs/cmake/rosidl_cmake-extras.cmake
[0.521s] -- Up-to-date symlink: /home/zyme/ros_ws/Autoware_sim_test/install/tier4_localization_msgs/share/tier4_localization_msgs/cmake/ament_cmake_export_dependencies-extras.cmake
[0.521s] -- Up-to-date symlink: /home/zyme/ros_ws/Autoware_sim_test/install/tier4_localization_msgs/share/tier4_localization_msgs/cmake/ament_cmake_export_include_directories-extras.cmake
[0.521s] -- Up-to-date symlink: /home/zyme/ros_ws/Autoware_sim_test/install/tier4_localization_msgs/share/tier4_localization_msgs/cmake/ament_cmake_export_libraries-extras.cmake
[0.522s] -- Up-to-date symlink: /home/zyme/ros_ws/Autoware_sim_test/install/tier4_localization_msgs/share/tier4_localization_msgs/cmake/ament_cmake_export_targets-extras.cmake
[0.522s] -- Up-to-date symlink: /home/zyme/ros_ws/Autoware_sim_test/install/tier4_localization_msgs/share/tier4_localization_msgs/cmake/rosidl_cmake_export_typesupport_targets-extras.cmake
[0.522s] -- Up-to-date symlink: /home/zyme/ros_ws/Autoware_sim_test/install/tier4_localization_msgs/share/tier4_localization_msgs/cmake/rosidl_cmake_export_typesupport_libraries-extras.cmake
[0.522s] -- Up-to-date symlink: /home/zyme/ros_ws/Autoware_sim_test/install/tier4_localization_msgs/share/tier4_localization_msgs/cmake/tier4_localization_msgsConfig.cmake
[0.522s] -- Up-to-date symlink: /home/zyme/ros_ws/Autoware_sim_test/install/tier4_localization_msgs/share/tier4_localization_msgs/cmake/tier4_localization_msgsConfig-version.cmake
[0.522s] -- Up-to-date symlink: /home/zyme/ros_ws/Autoware_sim_test/install/tier4_localization_msgs/share/tier4_localization_msgs/package.xml
[0.523s] -- Up-to-date: /home/zyme/ros_ws/Autoware_sim_test/install/tier4_localization_msgs/lib/libtier4_localization_msgs__rosidl_generator_c.so
[0.524s] -- Up-to-date: /home/zyme/ros_ws/Autoware_sim_test/install/tier4_localization_msgs/lib/libtier4_localization_msgs__rosidl_typesupport_fastrtps_c.so
[0.525s] -- Up-to-date: /home/zyme/ros_ws/Autoware_sim_test/install/tier4_localization_msgs/lib/libtier4_localization_msgs__rosidl_typesupport_introspection_c.so
[0.525s] -- Up-to-date: /home/zyme/ros_ws/Autoware_sim_test/install/tier4_localization_msgs/lib/libtier4_localization_msgs__rosidl_typesupport_c.so
[0.526s] -- Up-to-date: /home/zyme/ros_ws/Autoware_sim_test/install/tier4_localization_msgs/lib/libtier4_localization_msgs__rosidl_typesupport_fastrtps_cpp.so
[0.526s] -- Up-to-date: /home/zyme/ros_ws/Autoware_sim_test/install/tier4_localization_msgs/lib/libtier4_localization_msgs__rosidl_typesupport_introspection_cpp.so
[0.527s] -- Up-to-date: /home/zyme/ros_ws/Autoware_sim_test/install/tier4_localization_msgs/lib/libtier4_localization_msgs__rosidl_typesupport_cpp.so
[0.555s] Listing '/home/zyme/ros_ws/Autoware_sim_test/install/tier4_localization_msgs/local/lib/python3.10/dist-packages/tier4_localization_msgs'...
[0.555s] Listing '/home/zyme/ros_ws/Autoware_sim_test/install/tier4_localization_msgs/local/lib/python3.10/dist-packages/tier4_localization_msgs/srv'...
[0.558s] -- Up-to-date: /home/zyme/ros_ws/Autoware_sim_test/install/tier4_localization_msgs/lib/libtier4_localization_msgs__rosidl_generator_py.so
[0.559s] -- Up-to-date: /home/zyme/ros_ws/Autoware_sim_test/install/tier4_localization_msgs/share/tier4_localization_msgs/cmake/export_tier4_localization_msgs__rosidl_generator_cExport.cmake
[0.560s] -- Up-to-date: /home/zyme/ros_ws/Autoware_sim_test/install/tier4_localization_msgs/share/tier4_localization_msgs/cmake/export_tier4_localization_msgs__rosidl_generator_cExport-release.cmake
[0.560s] -- Up-to-date: /home/zyme/ros_ws/Autoware_sim_test/install/tier4_localization_msgs/share/tier4_localization_msgs/cmake/export_tier4_localization_msgs__rosidl_typesupport_fastrtps_cExport.cmake
[0.560s] -- Up-to-date: /home/zyme/ros_ws/Autoware_sim_test/install/tier4_localization_msgs/share/tier4_localization_msgs/cmake/export_tier4_localization_msgs__rosidl_typesupport_fastrtps_cExport-release.cmake
[0.560s] -- Up-to-date: /home/zyme/ros_ws/Autoware_sim_test/install/tier4_localization_msgs/share/tier4_localization_msgs/cmake/tier4_localization_msgs__rosidl_typesupport_introspection_cExport.cmake
[0.560s] -- Up-to-date: /home/zyme/ros_ws/Autoware_sim_test/install/tier4_localization_msgs/share/tier4_localization_msgs/cmake/tier4_localization_msgs__rosidl_typesupport_introspection_cExport-release.cmake
[0.561s] -- Up-to-date: /home/zyme/ros_ws/Autoware_sim_test/install/tier4_localization_msgs/share/tier4_localization_msgs/cmake/tier4_localization_msgs__rosidl_typesupport_cExport.cmake
[0.561s] -- Up-to-date: /home/zyme/ros_ws/Autoware_sim_test/install/tier4_localization_msgs/share/tier4_localization_msgs/cmake/tier4_localization_msgs__rosidl_typesupport_cExport-release.cmake
[0.561s] -- Up-to-date: /home/zyme/ros_ws/Autoware_sim_test/install/tier4_localization_msgs/share/tier4_localization_msgs/cmake/export_tier4_localization_msgs__rosidl_generator_cppExport.cmake
[0.561s] -- Up-to-date: /home/zyme/ros_ws/Autoware_sim_test/install/tier4_localization_msgs/share/tier4_localization_msgs/cmake/export_tier4_localization_msgs__rosidl_typesupport_fastrtps_cppExport.cmake
[0.561s] -- Up-to-date: /home/zyme/ros_ws/Autoware_sim_test/install/tier4_localization_msgs/share/tier4_localization_msgs/cmake/export_tier4_localization_msgs__rosidl_typesupport_fastrtps_cppExport-release.cmake
[0.562s] -- Up-to-date: /home/zyme/ros_ws/Autoware_sim_test/install/tier4_localization_msgs/share/tier4_localization_msgs/cmake/tier4_localization_msgs__rosidl_typesupport_introspection_cppExport.cmake
[0.562s] -- Up-to-date: /home/zyme/ros_ws/Autoware_sim_test/install/tier4_localization_msgs/share/tier4_localization_msgs/cmake/tier4_localization_msgs__rosidl_typesupport_introspection_cppExport-release.cmake
[0.562s] -- Up-to-date: /home/zyme/ros_ws/Autoware_sim_test/install/tier4_localization_msgs/share/tier4_localization_msgs/cmake/tier4_localization_msgs__rosidl_typesupport_cppExport.cmake
[0.562s] -- Up-to-date: /home/zyme/ros_ws/Autoware_sim_test/install/tier4_localization_msgs/share/tier4_localization_msgs/cmake/tier4_localization_msgs__rosidl_typesupport_cppExport-release.cmake
[0.562s] -- Up-to-date: /home/zyme/ros_ws/Autoware_sim_test/install/tier4_localization_msgs/share/tier4_localization_msgs/cmake/export_tier4_localization_msgs__rosidl_generator_pyExport.cmake
[0.562s] -- Up-to-date: /home/zyme/ros_ws/Autoware_sim_test/install/tier4_localization_msgs/share/tier4_localization_msgs/cmake/export_tier4_localization_msgs__rosidl_generator_pyExport-release.cmake
[0.565s] Invoked command in '/home/zyme/ros_ws/Autoware_sim_test/build/tier4_localization_msgs' returned '0': CMAKE_PREFIX_PATH=/opt/ros/humble /usr/bin/cmake --install /home/zyme/ros_ws/Autoware_sim_test/build/tier4_localization_msgs
