[0.074s] Invoking command in '/home/zyme/ros_ws/Autoware_sim_test/build/rtklib_msgs': CMAKE_PREFIX_PATH=/opt/ros/humble /usr/bin/cmake --build /home/zyme/ros_ws/Autoware_sim_test/build/rtklib_msgs -- -j12 -l12
[0.129s] [  3%] Built target rtklib_msgs__cpp
[0.131s] [ 12%] Built target rtklib_msgs__rosidl_generator_c
[0.146s] [ 12%] Built target ament_cmake_python_symlink_rtklib_msgs
[0.168s] [ 29%] Built target rtklib_msgs__rosidl_typesupport_fastrtps_c
[0.168s] [ 32%] Built target rtklib_msgs__rosidl_typesupport_fastrtps_cpp
[0.169s] [ 41%] Built target rtklib_msgs__rosidl_typesupport_cpp
[0.171s] [ 51%] Built target rtklib_msgs__rosidl_typesupport_c
[0.172s] [ 61%] Built target rtklib_msgs__rosidl_typesupport_introspection_c
[0.174s] [ 70%] Built target rtklib_msgs__rosidl_typesupport_introspection_cpp
[0.199s] [ 70%] Built target rtklib_msgs
[0.224s] [ 74%] Built target rtklib_msgs__py
[0.249s] [ 80%] Built target rtklib_msgs__rosidl_generator_py
[0.280s] [ 93%] Built target rtklib_msgs__rosidl_typesupport_introspection_c__pyext
[0.280s] [ 93%] Built target rtklib_msgs__rosidl_typesupport_c__pyext
[0.281s] [100%] Built target rtklib_msgs__rosidl_typesupport_fastrtps_c__pyext
[0.497s] running egg_info
[0.498s] writing rtklib_msgs.egg-info/PKG-INFO
[0.498s] writing dependency_links to rtklib_msgs.egg-info/dependency_links.txt
[0.498s] writing top-level names to rtklib_msgs.egg-info/top_level.txt
[0.501s] reading manifest file 'rtklib_msgs.egg-info/SOURCES.txt'
[0.501s] writing manifest file 'rtklib_msgs.egg-info/SOURCES.txt'
[0.530s] [100%] Built target ament_cmake_python_build_rtklib_msgs_egg
[0.543s] Invoked command in '/home/zyme/ros_ws/Autoware_sim_test/build/rtklib_msgs' returned '0': CMAKE_PREFIX_PATH=/opt/ros/humble /usr/bin/cmake --build /home/zyme/ros_ws/Autoware_sim_test/build/rtklib_msgs -- -j12 -l12
[0.609s] Invoking command in '/home/zyme/ros_ws/Autoware_sim_test/build/rtklib_msgs': CMAKE_PREFIX_PATH=/opt/ros/humble /usr/bin/cmake --install /home/zyme/ros_ws/Autoware_sim_test/build/rtklib_msgs
[0.616s] -- Install configuration: "Release"
[0.617s] -- Execute custom install script
[0.617s] -- Up-to-date symlink: /home/zyme/ros_ws/Autoware_sim_test/install/rtklib_msgs/share/ament_index/resource_index/rosidl_interfaces/rtklib_msgs
[0.617s] -- Up-to-date symlink: /home/zyme/ros_ws/Autoware_sim_test/install/rtklib_msgs/include/rtklib_msgs/rtklib_msgs/msg/detail/rtklib_nav__functions.h
[0.617s] -- Up-to-date symlink: /home/zyme/ros_ws/Autoware_sim_test/install/rtklib_msgs/include/rtklib_msgs/rtklib_msgs/msg/detail/rtklib_nav__struct.h
[0.617s] -- Up-to-date symlink: /home/zyme/ros_ws/Autoware_sim_test/install/rtklib_msgs/include/rtklib_msgs/rtklib_msgs/msg/detail/rtklib_nav__type_support.h
[0.618s] -- Up-to-date symlink: /home/zyme/ros_ws/Autoware_sim_test/install/rtklib_msgs/include/rtklib_msgs/rtklib_msgs/msg/rosidl_generator_c__visibility_control.h
[0.618s] -- Up-to-date symlink: /home/zyme/ros_ws/Autoware_sim_test/install/rtklib_msgs/include/rtklib_msgs/rtklib_msgs/msg/rtklib_nav.h
[0.618s] -- Up-to-date symlink: /home/zyme/ros_ws/Autoware_sim_test/install/rtklib_msgs/share/rtklib_msgs/environment/library_path.sh
[0.618s] -- Up-to-date symlink: /home/zyme/ros_ws/Autoware_sim_test/install/rtklib_msgs/share/rtklib_msgs/environment/library_path.dsv
[0.618s] -- Up-to-date symlink: /home/zyme/ros_ws/Autoware_sim_test/install/rtklib_msgs/include/rtklib_msgs/rtklib_msgs/msg/detail/rtklib_nav__rosidl_typesupport_fastrtps_c.h
[0.618s] -- Up-to-date symlink: /home/zyme/ros_ws/Autoware_sim_test/install/rtklib_msgs/include/rtklib_msgs/rtklib_msgs/msg/rosidl_typesupport_fastrtps_c__visibility_control.h
[0.619s] -- Up-to-date symlink: /home/zyme/ros_ws/Autoware_sim_test/install/rtklib_msgs/include/rtklib_msgs/rtklib_msgs/msg/detail/rtklib_nav__rosidl_typesupport_introspection_c.h
[0.619s] -- Up-to-date symlink: /home/zyme/ros_ws/Autoware_sim_test/install/rtklib_msgs/include/rtklib_msgs/rtklib_msgs/msg/rosidl_typesupport_introspection_c__visibility_control.h
[0.619s] -- Up-to-date symlink: /home/zyme/ros_ws/Autoware_sim_test/install/rtklib_msgs/include/rtklib_msgs/rtklib_msgs/msg/detail/rtklib_nav__builder.hpp
[0.619s] -- Up-to-date symlink: /home/zyme/ros_ws/Autoware_sim_test/install/rtklib_msgs/include/rtklib_msgs/rtklib_msgs/msg/detail/rtklib_nav__struct.hpp
[0.620s] -- Up-to-date symlink: /home/zyme/ros_ws/Autoware_sim_test/install/rtklib_msgs/include/rtklib_msgs/rtklib_msgs/msg/detail/rtklib_nav__traits.hpp
[0.620s] -- Up-to-date symlink: /home/zyme/ros_ws/Autoware_sim_test/install/rtklib_msgs/include/rtklib_msgs/rtklib_msgs/msg/rtklib_nav.hpp
[0.620s] -- Up-to-date symlink: /home/zyme/ros_ws/Autoware_sim_test/install/rtklib_msgs/include/rtklib_msgs/rtklib_msgs/msg/detail/rtklib_nav__rosidl_typesupport_fastrtps_cpp.hpp
[0.620s] -- Up-to-date symlink: /home/zyme/ros_ws/Autoware_sim_test/install/rtklib_msgs/include/rtklib_msgs/rtklib_msgs/msg/rosidl_typesupport_fastrtps_cpp__visibility_control.h
[0.620s] -- Up-to-date symlink: /home/zyme/ros_ws/Autoware_sim_test/install/rtklib_msgs/include/rtklib_msgs/rtklib_msgs/msg/detail/rtklib_nav__rosidl_typesupport_introspection_cpp.hpp
[0.621s] -- Up-to-date symlink: /home/zyme/ros_ws/Autoware_sim_test/install/rtklib_msgs/share/rtklib_msgs/environment/pythonpath.sh
[0.621s] -- Up-to-date symlink: /home/zyme/ros_ws/Autoware_sim_test/install/rtklib_msgs/share/rtklib_msgs/environment/pythonpath.dsv
[0.621s] -- Up-to-date symlink: /home/zyme/ros_ws/Autoware_sim_test/install/rtklib_msgs/local/lib/python3.10/dist-packages/rtklib_msgs-0.0.0-py3.10.egg-info/PKG-INFO
[0.622s] -- Up-to-date symlink: /home/zyme/ros_ws/Autoware_sim_test/install/rtklib_msgs/local/lib/python3.10/dist-packages/rtklib_msgs-0.0.0-py3.10.egg-info/SOURCES.txt
[0.622s] -- Up-to-date symlink: /home/zyme/ros_ws/Autoware_sim_test/install/rtklib_msgs/local/lib/python3.10/dist-packages/rtklib_msgs-0.0.0-py3.10.egg-info/dependency_links.txt
[0.622s] -- Up-to-date symlink: /home/zyme/ros_ws/Autoware_sim_test/install/rtklib_msgs/local/lib/python3.10/dist-packages/rtklib_msgs-0.0.0-py3.10.egg-info/top_level.txt
[0.623s] -- Up-to-date symlink: /home/zyme/ros_ws/Autoware_sim_test/install/rtklib_msgs/local/lib/python3.10/dist-packages/rtklib_msgs/__init__.py
[0.623s] -- Up-to-date symlink: /home/zyme/ros_ws/Autoware_sim_test/install/rtklib_msgs/local/lib/python3.10/dist-packages/rtklib_msgs/_rtklib_msgs_s.ep.rosidl_typesupport_c.c
[0.623s] -- Up-to-date symlink: /home/zyme/ros_ws/Autoware_sim_test/install/rtklib_msgs/local/lib/python3.10/dist-packages/rtklib_msgs/_rtklib_msgs_s.ep.rosidl_typesupport_fastrtps_c.c
[0.623s] -- Up-to-date symlink: /home/zyme/ros_ws/Autoware_sim_test/install/rtklib_msgs/local/lib/python3.10/dist-packages/rtklib_msgs/_rtklib_msgs_s.ep.rosidl_typesupport_introspection_c.c
[0.623s] -- Up-to-date symlink: /home/zyme/ros_ws/Autoware_sim_test/install/rtklib_msgs/local/lib/python3.10/dist-packages/rtklib_msgs/librtklib_msgs__rosidl_generator_py.so
[0.623s] -- Up-to-date symlink: /home/zyme/ros_ws/Autoware_sim_test/install/rtklib_msgs/local/lib/python3.10/dist-packages/rtklib_msgs/msg/__init__.py
[0.623s] -- Up-to-date symlink: /home/zyme/ros_ws/Autoware_sim_test/install/rtklib_msgs/local/lib/python3.10/dist-packages/rtklib_msgs/msg/_rtklib_nav.py
[0.624s] -- Up-to-date symlink: /home/zyme/ros_ws/Autoware_sim_test/install/rtklib_msgs/local/lib/python3.10/dist-packages/rtklib_msgs/msg/_rtklib_nav_s.c
[0.624s] -- Up-to-date symlink: /home/zyme/ros_ws/Autoware_sim_test/install/rtklib_msgs/local/lib/python3.10/dist-packages/rtklib_msgs/rtklib_msgs_s__rosidl_typesupport_c.cpython-310-x86_64-linux-gnu.so
[0.624s] -- Up-to-date symlink: /home/zyme/ros_ws/Autoware_sim_test/install/rtklib_msgs/local/lib/python3.10/dist-packages/rtklib_msgs/rtklib_msgs_s__rosidl_typesupport_fastrtps_c.cpython-310-x86_64-linux-gnu.so
[0.624s] -- Up-to-date symlink: /home/zyme/ros_ws/Autoware_sim_test/install/rtklib_msgs/local/lib/python3.10/dist-packages/rtklib_msgs/rtklib_msgs_s__rosidl_typesupport_introspection_c.cpython-310-x86_64-linux-gnu.so
[0.624s] -- Up-to-date symlink: /home/zyme/ros_ws/Autoware_sim_test/install/rtklib_msgs/local/lib/python3.10/dist-packages/rtklib_msgs/rtklib_msgs_s__rosidl_typesupport_fastrtps_c.cpython-310-x86_64-linux-gnu.so
[0.625s] -- Up-to-date symlink: /home/zyme/ros_ws/Autoware_sim_test/install/rtklib_msgs/local/lib/python3.10/dist-packages/rtklib_msgs/rtklib_msgs_s__rosidl_typesupport_introspection_c.cpython-310-x86_64-linux-gnu.so
[0.625s] -- Up-to-date symlink: /home/zyme/ros_ws/Autoware_sim_test/install/rtklib_msgs/local/lib/python3.10/dist-packages/rtklib_msgs/rtklib_msgs_s__rosidl_typesupport_c.cpython-310-x86_64-linux-gnu.so
[0.625s] -- Up-to-date symlink: /home/zyme/ros_ws/Autoware_sim_test/install/rtklib_msgs/share/rtklib_msgs/msg/RtklibNav.idl
[0.625s] -- Up-to-date symlink: /home/zyme/ros_ws/Autoware_sim_test/install/rtklib_msgs/share/rtklib_msgs/msg/RtklibNav.msg
[0.626s] -- Up-to-date symlink: /home/zyme/ros_ws/Autoware_sim_test/install/rtklib_msgs/share/ament_index/resource_index/package_run_dependencies/rtklib_msgs
[0.626s] -- Up-to-date symlink: /home/zyme/ros_ws/Autoware_sim_test/install/rtklib_msgs/share/ament_index/resource_index/parent_prefix_path/rtklib_msgs
[0.626s] -- Up-to-date symlink: /home/zyme/ros_ws/Autoware_sim_test/install/rtklib_msgs/share/rtklib_msgs/environment/ament_prefix_path.sh
[0.626s] -- Up-to-date symlink: /home/zyme/ros_ws/Autoware_sim_test/install/rtklib_msgs/share/rtklib_msgs/environment/ament_prefix_path.dsv
[0.626s] -- Up-to-date symlink: /home/zyme/ros_ws/Autoware_sim_test/install/rtklib_msgs/share/rtklib_msgs/environment/path.sh
[0.627s] -- Up-to-date symlink: /home/zyme/ros_ws/Autoware_sim_test/install/rtklib_msgs/share/rtklib_msgs/environment/path.dsv
[0.627s] -- Up-to-date symlink: /home/zyme/ros_ws/Autoware_sim_test/install/rtklib_msgs/share/rtklib_msgs/local_setup.bash
[0.627s] -- Up-to-date symlink: /home/zyme/ros_ws/Autoware_sim_test/install/rtklib_msgs/share/rtklib_msgs/local_setup.sh
[0.627s] -- Up-to-date symlink: /home/zyme/ros_ws/Autoware_sim_test/install/rtklib_msgs/share/rtklib_msgs/local_setup.zsh
[0.627s] -- Up-to-date symlink: /home/zyme/ros_ws/Autoware_sim_test/install/rtklib_msgs/share/rtklib_msgs/local_setup.dsv
[0.628s] -- Symlinking: /home/zyme/ros_ws/Autoware_sim_test/install/rtklib_msgs/share/rtklib_msgs/package.dsv
[0.638s] -- Up-to-date symlink: /home/zyme/ros_ws/Autoware_sim_test/install/rtklib_msgs/share/ament_index/resource_index/packages/rtklib_msgs
[0.638s] -- Up-to-date symlink: /home/zyme/ros_ws/Autoware_sim_test/install/rtklib_msgs/share/rtklib_msgs/cmake/rosidl_cmake-extras.cmake
[0.639s] -- Up-to-date symlink: /home/zyme/ros_ws/Autoware_sim_test/install/rtklib_msgs/share/rtklib_msgs/cmake/ament_cmake_export_dependencies-extras.cmake
[0.639s] -- Up-to-date symlink: /home/zyme/ros_ws/Autoware_sim_test/install/rtklib_msgs/share/rtklib_msgs/cmake/ament_cmake_export_include_directories-extras.cmake
[0.639s] -- Up-to-date symlink: /home/zyme/ros_ws/Autoware_sim_test/install/rtklib_msgs/share/rtklib_msgs/cmake/ament_cmake_export_libraries-extras.cmake
[0.639s] -- Up-to-date symlink: /home/zyme/ros_ws/Autoware_sim_test/install/rtklib_msgs/share/rtklib_msgs/cmake/ament_cmake_export_targets-extras.cmake
[0.639s] -- Up-to-date symlink: /home/zyme/ros_ws/Autoware_sim_test/install/rtklib_msgs/share/rtklib_msgs/cmake/rosidl_cmake_export_typesupport_targets-extras.cmake
[0.639s] -- Up-to-date symlink: /home/zyme/ros_ws/Autoware_sim_test/install/rtklib_msgs/share/rtklib_msgs/cmake/rosidl_cmake_export_typesupport_libraries-extras.cmake
[0.639s] -- Up-to-date symlink: /home/zyme/ros_ws/Autoware_sim_test/install/rtklib_msgs/share/rtklib_msgs/cmake/rtklib_msgsConfig.cmake
[0.640s] -- Up-to-date symlink: /home/zyme/ros_ws/Autoware_sim_test/install/rtklib_msgs/share/rtklib_msgs/cmake/rtklib_msgsConfig-version.cmake
[0.640s] -- Up-to-date symlink: /home/zyme/ros_ws/Autoware_sim_test/install/rtklib_msgs/share/rtklib_msgs/package.xml
[0.640s] -- Up-to-date: /home/zyme/ros_ws/Autoware_sim_test/install/rtklib_msgs/lib/librtklib_msgs__rosidl_generator_c.so
[0.641s] -- Up-to-date: /home/zyme/ros_ws/Autoware_sim_test/install/rtklib_msgs/lib/librtklib_msgs__rosidl_typesupport_fastrtps_c.so
[0.641s] -- Up-to-date: /home/zyme/ros_ws/Autoware_sim_test/install/rtklib_msgs/lib/librtklib_msgs__rosidl_typesupport_introspection_c.so
[0.641s] -- Up-to-date: /home/zyme/ros_ws/Autoware_sim_test/install/rtklib_msgs/lib/librtklib_msgs__rosidl_typesupport_c.so
[0.642s] -- Up-to-date: /home/zyme/ros_ws/Autoware_sim_test/install/rtklib_msgs/lib/librtklib_msgs__rosidl_typesupport_fastrtps_cpp.so
[0.642s] -- Up-to-date: /home/zyme/ros_ws/Autoware_sim_test/install/rtklib_msgs/lib/librtklib_msgs__rosidl_typesupport_introspection_cpp.so
[0.643s] -- Up-to-date: /home/zyme/ros_ws/Autoware_sim_test/install/rtklib_msgs/lib/librtklib_msgs__rosidl_typesupport_cpp.so
[0.675s] Listing '/home/zyme/ros_ws/Autoware_sim_test/install/rtklib_msgs/local/lib/python3.10/dist-packages/rtklib_msgs'...
[0.675s] Listing '/home/zyme/ros_ws/Autoware_sim_test/install/rtklib_msgs/local/lib/python3.10/dist-packages/rtklib_msgs/msg'...
[0.680s] -- Up-to-date: /home/zyme/ros_ws/Autoware_sim_test/install/rtklib_msgs/lib/librtklib_msgs__rosidl_generator_py.so
[0.680s] -- Up-to-date: /home/zyme/ros_ws/Autoware_sim_test/install/rtklib_msgs/share/rtklib_msgs/cmake/export_rtklib_msgs__rosidl_generator_cExport.cmake
[0.680s] -- Up-to-date: /home/zyme/ros_ws/Autoware_sim_test/install/rtklib_msgs/share/rtklib_msgs/cmake/export_rtklib_msgs__rosidl_generator_cExport-release.cmake
[0.680s] -- Up-to-date: /home/zyme/ros_ws/Autoware_sim_test/install/rtklib_msgs/share/rtklib_msgs/cmake/export_rtklib_msgs__rosidl_typesupport_fastrtps_cExport.cmake
[0.680s] -- Up-to-date: /home/zyme/ros_ws/Autoware_sim_test/install/rtklib_msgs/share/rtklib_msgs/cmake/export_rtklib_msgs__rosidl_typesupport_fastrtps_cExport-release.cmake
[0.681s] -- Up-to-date: /home/zyme/ros_ws/Autoware_sim_test/install/rtklib_msgs/share/rtklib_msgs/cmake/rtklib_msgs__rosidl_typesupport_introspection_cExport.cmake
[0.681s] -- Up-to-date: /home/zyme/ros_ws/Autoware_sim_test/install/rtklib_msgs/share/rtklib_msgs/cmake/rtklib_msgs__rosidl_typesupport_introspection_cExport-release.cmake
[0.681s] -- Up-to-date: /home/zyme/ros_ws/Autoware_sim_test/install/rtklib_msgs/share/rtklib_msgs/cmake/rtklib_msgs__rosidl_typesupport_cExport.cmake
[0.681s] -- Up-to-date: /home/zyme/ros_ws/Autoware_sim_test/install/rtklib_msgs/share/rtklib_msgs/cmake/rtklib_msgs__rosidl_typesupport_cExport-release.cmake
[0.681s] -- Up-to-date: /home/zyme/ros_ws/Autoware_sim_test/install/rtklib_msgs/share/rtklib_msgs/cmake/export_rtklib_msgs__rosidl_generator_cppExport.cmake
[0.681s] -- Up-to-date: /home/zyme/ros_ws/Autoware_sim_test/install/rtklib_msgs/share/rtklib_msgs/cmake/export_rtklib_msgs__rosidl_typesupport_fastrtps_cppExport.cmake
[0.681s] -- Up-to-date: /home/zyme/ros_ws/Autoware_sim_test/install/rtklib_msgs/share/rtklib_msgs/cmake/export_rtklib_msgs__rosidl_typesupport_fastrtps_cppExport-release.cmake
[0.681s] -- Up-to-date: /home/zyme/ros_ws/Autoware_sim_test/install/rtklib_msgs/share/rtklib_msgs/cmake/rtklib_msgs__rosidl_typesupport_introspection_cppExport.cmake
[0.681s] -- Up-to-date: /home/zyme/ros_ws/Autoware_sim_test/install/rtklib_msgs/share/rtklib_msgs/cmake/rtklib_msgs__rosidl_typesupport_introspection_cppExport-release.cmake
[0.681s] -- Up-to-date: /home/zyme/ros_ws/Autoware_sim_test/install/rtklib_msgs/share/rtklib_msgs/cmake/rtklib_msgs__rosidl_typesupport_cppExport.cmake
[0.682s] -- Up-to-date: /home/zyme/ros_ws/Autoware_sim_test/install/rtklib_msgs/share/rtklib_msgs/cmake/rtklib_msgs__rosidl_typesupport_cppExport-release.cmake
[0.682s] -- Up-to-date: /home/zyme/ros_ws/Autoware_sim_test/install/rtklib_msgs/share/rtklib_msgs/cmake/export_rtklib_msgs__rosidl_generator_pyExport.cmake
[0.682s] -- Up-to-date: /home/zyme/ros_ws/Autoware_sim_test/install/rtklib_msgs/share/rtklib_msgs/cmake/export_rtklib_msgs__rosidl_generator_pyExport-release.cmake
[0.684s] Invoked command in '/home/zyme/ros_ws/Autoware_sim_test/build/rtklib_msgs' returned '0': CMAKE_PREFIX_PATH=/opt/ros/humble /usr/bin/cmake --install /home/zyme/ros_ws/Autoware_sim_test/build/rtklib_msgs
